3.117645978927612305e+00
3.079513072967529297e+00
3.364390929539998520e+00
3.406008839607238770e+00
3.503711557388305753e+00
3.556042472521463882e+00
3.682251283100673067e+00
3.711756527423858643e+00
3.761057376861572266e+00
3.802691984176635565e+00
3.814098401503129399e+00
3.854594111442565918e+00
3.863867026108962044e+00
3.866801500320434570e+00
3.937938117980956942e+00
3.925043106079101562e+00
3.925502524656407921e+00
3.924761414527893066e+00
3.926589752498426122e+00
3.920937144756317050e+00
3.923053889047531939e+00
3.913365494121204602e+00
3.897406391475511711e+00
3.873291671276092529e+00
3.845412921905517756e+00
3.807704888857327941e+00
3.807234887723569550e+00
3.785074234008789062e+00
3.753566445975468291e+00
3.733960111935933579e+00
3.712002261992423779e+00
3.706228896975517273e+00
3.676979397282456041e+00
3.665040605208452984e+00
3.647583307538713626e+00
3.631421221627129547e+00
3.604593676489752596e+00
3.579780296275490326e+00
3.565088962897276392e+00
3.548309254646301092e+00
3.527358084190182375e+00
3.513272529556637824e+00
3.494496206904566638e+00
3.481195650317452372e+00
3.472583097881741132e+00
3.452685407970262688e+00
3.444185591758565756e+00
3.427203719814618577e+00
3.411553757531302189e+00
3.404399418830871493e+00
3.397985388250912120e+00
3.386633254014528749e+00
3.375034957561852789e+00
3.363317193808379013e+00
3.352013670314442084e+00
3.344696500471660006e+00
3.337734753625434703e+00
3.325629707040457905e+00
3.316457930257764808e+00
3.307562704881032101e+00
3.297373587967919573e+00
3.286181565253965431e+00
3.280271533935789297e+00
3.272064574062824249e+00
3.260766733609713253e+00
3.256134557001518548e+00
3.248127681105884346e+00
3.242032349109649658e+00
3.233393264853436033e+00
3.222723933628627080e+00
3.213652630926857601e+00
3.207664234770668976e+00
3.198701149796786325e+00
3.188592733563603510e+00
3.179610414505004812e+00
3.173663321294282635e+00
3.165135073971438562e+00
3.160293646347828389e+00
3.155702418918850949e+00
3.151882633566856384e+00
3.146972088166225312e+00
3.141771709046712768e+00
3.136935914855405461e+00
3.131433921200888371e+00
3.127892642862656558e+00
3.122487342634866270e+00
3.120534789973291812e+00
3.116881297393278683e+00
3.111771307634503714e+00
3.106248349613613513e+00
3.102110110796414855e+00
3.098691709663556892e+00
3.094463599625454364e+00
3.093485116958618164e+00
3.091666334553768714e+00
3.085786201059818268e+00
3.082667653093632776e+00
3.077699975091583884e+00
3.076110230551825531e+00
3.073030447959899991e+00
3.069543229471338730e+00
3.067629276537427785e+00
3.066750915305128444e+00
3.064190360215993891e+00
3.060822945549374730e+00
3.058409798820063585e+00
3.055518299619728317e+00
3.052396502759721741e+00
3.050469954079444435e+00
3.049419871243563396e+00
3.049074890377285296e+00
3.045765382902962948e+00
3.042608324405366549e+00
3.039945752997147199e+00
3.036468277806821270e+00
3.030266268499966387e+00
3.027834276867727770e+00
3.024591696464409285e+00
3.023661926013081036e+00
3.021463187535603723e+00
3.019194772420835893e+00
3.018309608834688795e+00
3.016120414423748564e+00
3.013113437160368946e+00
3.010169284820556790e+00
3.010345194074842468e+00
3.010145476483923055e+00
3.009687492623925209e+00
3.007683729940606732e+00
3.008282688947824468e+00
3.008065818830300664e+00
3.006913454243631101e+00
3.006329950533415118e+00
3.003208462871722162e+00
3.003456596091941488e+00
3.003239698269787983e+00
3.003422075814574210e+00
3.001175248104593241e+00
3.003263394609629877e+00
3.002490748677935084e+00
3.001254869691023508e+00
2.998710746496496160e+00
2.996630531924588059e+00
2.994173386030726913e+00
2.993546454659823830e+00
2.992740129771298108e+00
2.990771733173707592e+00
2.989443851483834624e+00
2.988380036898107495e+00
2.991824601491292146e+00
2.991464862760329080e+00
2.991048378379721484e+00
2.990083131914824222e+00
2.989443303702713717e+00
2.988295608951199611e+00
2.987969497839609634e+00
2.986802257549990625e+00
2.986360762692704895e+00
2.986488928584932534e+00
2.984210586547851651e+00
2.982638213945471684e+00
2.981025489760033675e+00
2.980739006966901083e+00
2.979369851147256387e+00
2.978896732041329987e+00
2.979632993778550620e+00
2.979068559086965440e+00
2.978614695015407765e+00
2.977457584008662561e+00
2.977596198811250705e+00
2.976494793306317277e+00
2.978564790515012550e+00
2.977963544040746147e+00
2.977078088398637412e+00
2.976841483797346033e+00
2.975609251044013082e+00
2.975167250229140414e+00
2.974013320515664915e+00
2.974919405729410826e+00
2.973676914638943014e+00
2.973196906938078588e+00
2.972467472265055033e+00
2.971236356620579944e+00
2.969192901383275629e+00
2.968922669178730711e+00
2.969727723829207910e+00
2.968476310770779225e+00
2.967764347157579863e+00
2.966147422790527344e+00
2.965635859338860758e+00
2.965499416071707195e+00
2.963780496269464493e+00
2.915709018707275391e+00
2.816796422004699707e+00
2.821340243021646987e+00
2.820954442024230957e+00
2.812396240234375178e+00
2.806040604909261216e+00
2.813041210174560547e+00
2.811275541782379150e+00
2.776234149932861328e+00
2.750731587409973145e+00
2.763246384533968758e+00
2.763242820898691665e+00
2.749251640759981630e+00
2.732653856277465820e+00
2.736319096883137902e+00
2.725527971982955933e+00
2.738094974966610362e+00
2.724792467223273285e+00
2.726406160153840741e+00
2.719066548347472967e+00
2.725381419772193503e+00
2.735222307118502449e+00
2.736039897669916510e+00
2.732882728179296006e+00
2.731030263900756871e+00
2.739428070875314702e+00
2.743917986198707748e+00
2.742556137698037411e+00
2.738856751343299756e+00
2.748511934280395419e+00
2.743130360880205565e+00
2.747813522815704346e+00
2.751653382272431170e+00
2.758240293054019521e+00
2.753049237387521053e+00
2.752991437911987305e+00
2.754675356117454843e+00
2.754760196334437250e+00
2.752798062104445442e+00
2.753907090425491422e+00
2.759448993496778524e+00
2.761059988112676500e+00
2.763007624204768753e+00
2.756916658444838131e+00
2.754716502295599945e+00
2.749388715495233892e+00
2.753342826315697156e+00
2.749717300136884202e+00
2.762270299755797076e+00
2.762478489875793475e+00
2.762073100781908153e+00
2.766035827306600581e+00
2.762668317218996528e+00
2.764801895176922653e+00
2.760797275196422262e+00
2.762727090290614473e+00
2.760264170797247729e+00
2.756525027340856138e+00
2.762183985467684622e+00
2.758978132406870731e+00
2.761588022357127858e+00
2.760768909608164012e+00
2.759829994231935313e+00
2.757676061242818832e+00
2.753676649240347274e+00
2.750920349901372575e+00
2.751695006640989316e+00
2.748791273902444487e+00
2.748133769933728043e+00
2.746680559430803470e+00
2.749734431924954148e+00
2.748254703150855072e+00
2.752508287560449851e+00
2.750102919501227206e+00
2.748835900624593265e+00
2.745928993350581049e+00
2.744569936355987227e+00
2.744611367201193808e+00
2.741815772237656823e+00
2.739684289693832486e+00
2.739141302344239914e+00
2.736572163860972129e+00
2.736313696367195014e+00
2.736912048998333180e+00
2.739223396076875705e+00
2.738695446835007985e+00
2.737157018705346001e+00
2.737964556975798214e+00
2.735846039954196396e+00
2.733717359436882877e+00
2.732900297248756605e+00
2.730827637340711433e+00
2.727818084019486555e+00
2.726812413398255863e+00
2.725073804353412843e+00
2.723645865917205811e+00
2.723734442720707971e+00
2.723778617625333798e+00
2.723043894526934405e+00
2.721280832290649432e+00
2.721225398601871959e+00
2.720014125693078100e+00
2.717685062908431703e+00
2.717081196033037660e+00
2.716201689129784214e+00
2.713037965432652854e+00
2.712196584059813453e+00
2.713241204067512680e+00
2.712439696723167870e+00
2.711036326668479379e+00
2.711385984678526206e+00
2.711403806294713892e+00
2.710185409647173582e+00
2.710799484922175040e+00
2.708938725098319455e+00
2.707433197005041592e+00
2.705324649810791016e+00
2.705266536292383339e+00
2.702842872683741682e+00
2.702065408229827881e+00
2.700808471884609041e+00
2.699559104247171160e+00
2.700273445951260065e+00
2.700098226147313429e+00
2.698742012023925607e+00
2.697985335001869878e+00
2.696733189380075224e+00
2.695840535685420036e+00
2.693823930829070346e+00
2.691602950829726115e+00
2.691246731590678731e+00
2.690708089958537830e+00
2.688703312909692666e+00
2.689651864678112236e+00
2.687556551120899417e+00
2.687126557616626332e+00
2.685253775032767631e+00
2.685820100963979495e+00
2.686036929809789697e+00
2.686923503875732422e+00
2.684544578511664170e+00
2.682087611144697181e+00
2.681665238800582163e+00
2.679203280144267563e+00
2.678356509373105876e+00
2.676363915613253042e+00
2.676091482850158965e+00
2.676432082781920574e+00
2.676473828770170371e+00
2.675770177841186648e+00
2.673337955348539019e+00
2.671844974944466156e+00
2.671434051850262836e+00
2.671259299501196338e+00
2.670312966069867677e+00
2.668187479178110610e+00
2.667767347044246229e+00
2.667665632465217485e+00
2.666247651262103169e+00
2.664686562120914370e+00
2.663011010389150446e+00
2.662805337964752717e+00
2.661000921682346032e+00
2.658041001819982707e+00
2.656973505020141513e+00
2.657863629869667843e+00
2.656013009077060616e+00
2.655176755927858068e+00
2.653640711801291907e+00
2.652094474960775994e+00
2.650725716038754065e+00
2.649199269538701884e+00
2.648270669011022260e+00
2.647152970577108633e+00
2.646477013996669125e+00
2.645115519111806535e+00
2.644383338885118562e+00
2.642597799890496812e+00
2.640529306241254037e+00
2.638224143452114312e+00
2.637837417876522927e+00
2.636835672043182033e+00
2.636328293326122729e+00
2.635234034579732931e+00
2.634606992876207698e+00
2.633210907700241243e+00
2.631568982639414855e+00
2.630761270827435272e+00
2.628870649943276128e+00
2.628180786183005768e+00
2.627181713493706550e+00
2.624995948125918854e+00
2.582833766937255859e+00
2.531553506851196289e+00
2.516403992970784653e+00
2.457251667976379395e+00
2.469345760345459162e+00
2.464505354563395034e+00
2.453318425587245333e+00
2.448261648416519165e+00
2.443557659784952651e+00
2.453108692169189364e+00
2.459003491835160649e+00
2.451186458269754898e+00
2.441672416833730708e+00
2.439788324492318417e+00
2.441166289647420218e+00
2.438207671046257019e+00
2.440577268600463867e+00
2.445420410897996888e+00
2.438722698312056902e+00
2.447395098209381281e+00
2.445017167500087130e+00
2.445244843309575700e+00
2.442566394805908203e+00
2.438198894262313843e+00
2.435366315841674734e+00
2.433947388942425238e+00
2.425585322909884933e+00
2.423868043082101131e+00
2.417668655000884126e+00
2.413261818885803045e+00
2.418146387223274463e+00
2.415772594511508942e+00
2.418182488643761729e+00
2.423723417169907357e+00
2.419949545179094663e+00
2.418646640247768875e+00
2.416020232277947599e+00
2.409519716313010651e+00
2.410359327609722602e+00
2.407732385396957220e+00
2.411136260846765911e+00
2.408284374645778048e+00
2.407950185066045634e+00
2.407687539404088639e+00
2.407936885621812628e+00
2.405245951984239738e+00
2.405421104836971136e+00
2.406283468008041382e+00
2.405087850531753446e+00
2.401874742507934535e+00
2.400293668111165513e+00
2.401758514917813780e+00
2.398749810344768196e+00
2.401740118309303451e+00
2.401968756589022647e+00
2.401164727551596378e+00
2.395080616599635004e+00
2.392765221924617158e+00
2.389991683475041651e+00
2.387852982680002789e+00
2.387155466392392178e+00
2.384435446031631933e+00
2.382264265938410563e+00
2.389191728085279465e+00
2.387755779119638433e+00
2.385474201404687022e+00
2.382851952937111939e+00
2.383903601590324772e+00
2.380602504896081051e+00
2.381377788952418584e+00
2.382597208023071289e+00
2.382098545630773057e+00
2.383423201025348881e+00
2.380160995431848558e+00
2.381757008234659967e+00
2.380497016404804267e+00
2.380609360608187508e+00
2.380243668189415462e+00
2.380178825764716510e+00
2.375884583592414945e+00
2.373647318945990570e+00
2.373591562596763183e+00
2.372311393898653531e+00
2.371090625013624109e+00
2.370836283178890280e+00
2.370593326036320114e+00
2.369652846763873999e+00
2.368819171732122086e+00
2.368591335382354224e+00
2.365420354737175934e+00
2.364114832092117258e+00
2.362073201200236561e+00
2.363544848657423536e+00
2.363863843552609811e+00
2.363602879172877369e+00
2.361147987345854293e+00
2.359433729624010656e+00
2.357211925545517062e+00
2.354773401009916167e+00
2.352729339599609393e+00
2.351166153898333722e+00
2.349751516884448499e+00
2.349645394723392400e+00
2.349333504071602352e+00
2.349995447340465837e+00
2.351519694868123622e+00
2.350822941165104041e+00
2.350466750286243744e+00
2.351759676539569632e+00
2.350379456173290027e+00
2.348875151024208296e+00
2.347389133913176273e+00
2.346285322071176793e+00
2.345008724614193518e+00
2.343325046871019612e+00
2.341848151437167402e+00
2.340654230525351043e+00
2.338330147630077516e+00
2.337767520872484628e+00
2.337350910902023404e+00
2.336610863031434615e+00
2.336461790272446937e+00
2.334973160813494264e+00
2.334044598763989065e+00
2.333037069320678558e+00
2.331494844149029522e+00
2.332099972747442074e+00
2.332195522263646126e+00
2.330955649531164742e+00
2.330069949076726044e+00
2.329106092453002930e+00
2.328022337321079327e+00
2.326366429938409475e+00
2.325724809917051328e+00
2.324661927753024493e+00
2.323556119904798489e+00
2.324571438949473379e+00
2.324638829715010235e+00
2.322490438282918568e+00
2.321491059235164300e+00
2.320824858144665548e+00
2.320201452349273108e+00
2.318150585347956039e+00
2.318717334005567565e+00
2.318848218588993593e+00
2.319207932851085729e+00
2.317954468889301456e+00
2.318452219705323891e+00
2.316985992777267356e+00
2.316759311358133733e+00
2.317117897879998445e+00
2.315994126232046924e+00
2.315525170245201547e+00
2.314011976316377783e+00
2.313532266309184404e+00
2.313623677461575046e+00
2.313451551328039368e+00
2.312102370624300907e+00
2.312305451938941214e+00
2.312089030444622217e+00
2.310865314850896191e+00
2.310111705167793961e+00
2.310833581386168234e+00
2.311885576422621380e+00
2.311910444317442082e+00
2.312292360397706581e+00
2.312246161306689807e+00
2.312015959194728243e+00
2.310255730645896399e+00
2.309839196766124036e+00
2.309017608040257574e+00
2.308633057183997472e+00
2.307175304159263529e+00
2.307052013517796318e+00
2.305800499234880618e+00
2.303661213679747188e+00
2.303510391106039723e+00
2.302561524209011612e+00
2.301318858588873972e+00
2.300432478057013785e+00
2.300342364864454758e+00
2.299425884917542184e+00
2.298850976704248428e+00
2.299109811368195810e+00
2.298282223778802091e+00
2.298185163928616603e+00
2.297506037880392427e+00
2.296413864227051516e+00
2.295724012233592681e+00
2.295823683236774659e+00
2.295448501696761401e+00
2.295585037519534577e+00
2.265136241912841797e+00
2.263416051864624023e+00
2.221126238505045425e+00
2.192015051841735840e+00
2.150939607620239169e+00
2.163946509361267090e+00
2.189417634691511072e+00
2.166735827922821045e+00
2.191496822569105163e+00
2.170877003669738681e+00
2.162940653887662101e+00
2.156839370727539062e+00
2.143945703139671810e+00
2.136170259543827665e+00
2.140570139884948819e+00
2.126876607537269592e+00
2.129656889859367741e+00
2.135767406887478348e+00
2.131162442659076728e+00
2.135174310207367032e+00
2.139658916564214586e+00
2.128704818812283683e+00
2.133020597955455067e+00
2.137991259495417129e+00
2.135429821014404261e+00
2.135718409831707465e+00
2.138124863306681167e+00
2.144007589135850989e+00
2.135640950038515395e+00
2.130826667944590191e+00
2.137424549748820457e+00
2.142596680670976639e+00
2.143016558704954111e+00
2.146932703607222770e+00
2.146800780296325595e+00
2.146271073155932907e+00
2.145088894947154934e+00
2.148262817608682873e+00
2.147795276764111527e+00
2.143589225411415278e+00
2.145559790657787680e+00
2.141113970960889734e+00
2.141681912333466276e+00
2.143847376108169556e+00
2.141030202971564211e+00
2.139417246631953873e+00
2.138907049564604979e+00
2.135946854948997498e+00
2.130875604493277287e+00
2.130382668972015558e+00
2.128699099316316623e+00
2.126359345821233759e+00
2.126710938957502073e+00
2.126955339202174500e+00
2.127512392130765040e+00
2.122596236211912846e+00
2.120446805368390031e+00
2.122421788758245054e+00
2.125007736480842180e+00
2.122803250948587905e+00
2.120075552189936374e+00
2.118432243024149120e+00
2.116870401397584089e+00
2.118430068716406822e+00
2.116086932329031001e+00
2.113037759607488297e+00
2.115273475646972656e+00
2.115957175984102268e+00
2.117030755333278336e+00
2.118476033210754395e+00
2.119517094652417555e+00
2.115948037968741424e+00
2.114441943495240839e+00
2.112590482106079914e+00
2.111824323336283449e+00
2.108274750019374810e+00
2.108287224521884884e+00
2.108146705688574318e+00
2.107825425606739689e+00
2.107230295240879236e+00
2.105943587091234193e+00
2.104223944791933310e+00
2.106025455945945701e+00
2.106764107942581177e+00
2.106470729322994284e+00
2.108172908771869913e+00
2.108394276136639434e+00
2.106135898015715657e+00
2.105941390723324869e+00
2.106725103325314041e+00
2.105328364686651632e+00
2.106224437122759419e+00
2.105191332037730678e+00
2.104406198288531815e+00
2.103047685874135819e+00
2.101496342569589615e+00
2.100858485575803680e+00
2.103641537987456012e+00
2.100947104319177416e+00
2.101919323205947876e+00
2.100200020440734061e+00
2.096505527402840574e+00
2.096539182570374305e+00
2.094721608437024596e+00
2.094574258441016745e+00
2.094120920829053212e+00
2.092713460743984122e+00
2.092691911591423981e+00
2.090536382220207212e+00
2.090752148628234774e+00
2.090179806357031378e+00
2.088780204100268101e+00
2.089537452807468831e+00
2.090843406685611860e+00
2.089730491845504190e+00
2.088278117878683560e+00
2.086428783897660733e+00
2.086122693651813353e+00
2.086237702049126952e+00
2.084360744555791012e+00
2.084530402806179517e+00
2.084789174502013065e+00
2.084275606201916098e+00
2.084454532592527443e+00
2.084054468154907358e+00
2.086209325563340045e+00
2.085846268285916683e+00
2.085022812709212303e+00
2.086574770683466085e+00
2.085268103159390929e+00
2.086239157742216577e+00
2.084592911330136467e+00
2.083269583551507154e+00
2.081794450532144403e+00
2.080556662877400598e+00
2.079376839539583965e+00
2.078921469458698379e+00
2.080721642660058102e+00
2.080021739863663122e+00
2.077676251956394715e+00
2.078102732381076567e+00
2.078528545272182448e+00
2.078536006954166293e+00
2.077902740902370926e+00
2.076513920981308381e+00
2.077677178872774810e+00
2.075974376023220991e+00
2.075143226900616256e+00
2.075336343490037372e+00
2.074377028147379676e+00
2.072846771865491267e+00
2.073509127685898346e+00
2.072185063673779748e+00
2.072505798432734192e+00
2.072078814814167558e+00
2.070740859477947726e+00
2.071056163235075243e+00
2.070162601863281715e+00
2.069642006226305675e+00
2.070549780875444501e+00
2.069964729480862076e+00
2.069626045079878907e+00
2.068863957206164450e+00
2.067585858629970907e+00
2.066862841808434492e+00
2.067287885999105068e+00
2.066353458130431253e+00
2.065418777011689855e+00
2.063577877699270591e+00
2.063059054402744064e+00
2.062339210370828013e+00
2.061534327129984856e+00
2.060058880403551562e+00
2.058896204520916040e+00
2.059066506794520635e+00
2.058076631616462482e+00
2.057877977689107407e+00
2.057354296861070075e+00
2.057122099332969078e+00
2.056480918327967533e+00
2.056027851710661825e+00
2.055483222662747522e+00
2.055164729311166560e+00
2.055585647406785288e+00
2.055320988474665267e+00
2.055679899390025600e+00
2.054930374584095887e+00
2.053807672668010564e+00
2.053412533941723073e+00
2.052544999122619451e+00
2.051418001115009826e+00
2.051006809497872840e+00
2.114387035369873047e+00
2.004673123359680176e+00
1.970872998237609863e+00
2.017962425947189331e+00
1.995214009284973056e+00
1.978823204835255867e+00
1.974132486752101290e+00
1.969367280602455139e+00
1.964159011840820312e+00
1.966693329811096236e+00
1.953630577434193105e+00
1.944122115770975823e+00
1.943381557097801693e+00
1.941872213568006211e+00
1.944727563858032138e+00
1.943694800138473511e+00
1.936359615886912522e+00
1.927752362357245453e+00
1.939935972816065668e+00
1.935600864887237593e+00
1.943245467685517758e+00
1.949938654899597168e+00
1.948826437411101065e+00
1.951644738515218025e+00
1.954083738327026420e+00
1.953010339003342866e+00
1.951304232632672386e+00
1.950276208775383990e+00
1.946195339334422236e+00
1.948401220639546683e+00
1.948222667940201269e+00
1.945868499577045441e+00
1.937484004280783934e+00
1.938614985522101986e+00
1.943835980551583464e+00
1.938896596431732178e+00
1.937506946357520743e+00
1.944089318576611936e+00
1.939766504825689797e+00
1.942672657966613814e+00
1.939355262895909648e+00
1.938876461415063757e+00
1.941831491714300029e+00
1.942335895516655642e+00
1.946663016743130248e+00
1.945358543292335929e+00
1.942790066942255534e+00
1.941604966918627495e+00
1.939163271261721277e+00
1.937037613391876301e+00
1.939280951724333013e+00
1.941135179537993194e+00
1.942927506734740017e+00
1.942516382093782745e+00
1.939953485402194033e+00
1.937569645898682635e+00
1.936272784283286752e+00
1.934911405218058711e+00
1.932922553207914618e+00
1.933788148562113340e+00
1.935115395999345678e+00
1.934190850104055004e+00
1.935362830994621142e+00
1.934344325214624405e+00
1.933937296500572778e+00
1.933417013197234136e+00
1.933877211898120452e+00
1.936459134606754118e+00
1.933568626210309560e+00
1.936585116386413619e+00
1.934370707458173744e+00
1.937777123517460343e+00
1.937964983182410617e+00
1.934223323254971927e+00
1.936433108647664492e+00
1.934596616970865268e+00
1.934300557359472483e+00
1.934014629095028637e+00
1.932069871999040345e+00
1.931886398792266757e+00
1.935048621377827294e+00
1.935421498810372620e+00
1.935755769890475042e+00
1.936030282860710550e+00
1.934784921477822772e+00
1.932424286077188968e+00
1.932632335301103232e+00
1.934299131686037176e+00
1.934218069140830831e+00
1.931935999128553627e+00
1.932175583891816206e+00
1.932217533173768320e+00
1.929962363294375871e+00
1.929380771961618057e+00
1.928981813631559739e+00
1.927621545890967125e+00
1.928028442196010328e+00
1.929241578189694106e+00
1.929881663033456540e+00
1.931433433294296176e+00
1.931009985432766474e+00
1.932140996643141095e+00
1.932048475858077152e+00
1.931744535381977323e+00
1.931919364702133990e+00
1.930617796924879004e+00
1.931452758958406513e+00
1.931763479003199890e+00
1.930383960041431202e+00
1.928892963582819142e+00
1.929698402817184855e+00
1.929590876613344497e+00
1.932530491752961987e+00
1.931961862664473673e+00
1.931445441038712296e+00
1.930702633898833787e+00
1.930323840206504826e+00
1.929472398959984236e+00
1.929122601236615830e+00
1.927562988797823618e+00
1.927432624761723279e+00
1.926235399285300742e+00
1.924878809510207844e+00
1.923921039027552515e+00
1.922798089981079039e+00
1.920840573689294173e+00
1.918809406400665551e+00
1.918659108690917492e+00
1.917147835095723396e+00
1.917049451974722096e+00
1.915969113357194553e+00
1.915373388564947987e+00
1.917182009919245367e+00
1.915525177521492095e+00
1.913494312321698310e+00
1.912345815230818369e+00
1.911445721222536420e+00
1.911600290001302493e+00
1.911716728759326633e+00
1.911038027490888247e+00
1.909572941191652884e+00
1.908459723835260080e+00
1.909173898763590005e+00
1.909817056523428924e+00
1.910926226911873638e+00
1.911905332787396050e+00
1.912451242914005256e+00
1.910923308617359817e+00
1.910648520360856972e+00
1.910515445868174345e+00
1.909848259774264978e+00
1.909138892826281131e+00
1.908107389811596777e+00
1.908331730923095382e+00
1.908092693359621173e+00
1.908821961054435246e+00
1.908390980617255872e+00
1.909052874468549987e+00
1.909076914847271933e+00
1.908179027587175280e+00
1.907940968963670381e+00
1.906848497596787873e+00
1.905281480104645375e+00
1.904864379545537334e+00
1.905481711300936576e+00
1.905010546546384465e+00
1.904371165943716804e+00
1.902802876063755644e+00
1.902352437465148594e+00
1.901970495897180813e+00
1.902581702896029014e+00
1.902438277421995672e+00
1.901716571322755289e+00
1.900758418543585515e+00
1.900546879768371555e+00
1.900803635066205866e+00
1.899346825766698110e+00
1.898857864101281434e+00
1.898721136194367665e+00
1.897416714827219630e+00
1.897578637244293098e+00
1.896687586883922139e+00
1.896150177293787875e+00
1.895223944731380561e+00
1.895093353374584400e+00
1.894414364650685245e+00
1.893927256053781871e+00
1.892513889581599162e+00
1.892073194185892815e+00
1.892200327546972982e+00
1.891483534693093826e+00
1.891343220447500473e+00
1.725349664688110352e+00
1.788142740726470947e+00
1.764743924140930176e+00
1.739173799753189087e+00
1.762094664573669478e+00
1.792191286881764656e+00
1.806060739925929415e+00
1.816571503877639771e+00
1.828774982028537277e+00
1.831601536273956388e+00
1.824392026120966070e+00
1.828378230333328247e+00
1.816143430196321962e+00
1.831487579005105060e+00
1.845788979530334384e+00
1.823583543300628662e+00
1.824701175970189659e+00
1.830196029610104080e+00
1.832823916485435189e+00
1.827968448400497437e+00
1.828915368942987341e+00
1.827734410762786865e+00
1.830212727836940667e+00
1.839577744404474968e+00
1.837521157264709437e+00
1.834920878593738314e+00
1.823817253112792969e+00
1.823581120797566069e+00
1.821222408064480547e+00
1.822741107145945172e+00
1.825275909516119288e+00
1.823410149663686752e+00
1.827772386146314210e+00
1.823493270313038650e+00
1.826232566152300230e+00
1.826805959145228142e+00
1.825447765556541757e+00
1.821760572885212204e+00
1.820602572881258485e+00
1.821153590083122165e+00
1.818193749683659322e+00
1.814657813026791633e+00
1.814308804134989961e+00
1.810223704034631842e+00
1.810011257065667012e+00
1.807989576588506342e+00
1.804782362694435927e+00
1.804857932031154633e+00
1.809489919214832598e+00
1.810072348117828467e+00
1.808574667163923566e+00
1.810185803816868777e+00
1.804862800634132292e+00
1.803155854896262733e+00
1.802777138623324227e+00
1.801183364221027983e+00
1.801206776970311285e+00
1.800338798555834563e+00
1.799240787150496068e+00
1.803110082944234138e+00
1.800385893368330104e+00
1.805069988773715162e+00
1.805573656445457864e+00
1.803889907896518707e+00
1.805496217654301461e+00
1.802659486279343026e+00
1.802407173968073151e+00
1.802743012414259161e+00
1.800263914509095953e+00
1.801104268005915943e+00
1.801309531843158451e+00
1.803968158033159019e+00
1.804893472423292122e+00
1.803039281754880374e+00
1.803459318478902285e+00
1.801340998787628989e+00
1.804255657381825584e+00
1.803060192328233002e+00
1.801514165310920124e+00
1.802332641184329898e+00
1.801643225881788490e+00
1.801046096697086263e+00
1.803518397262297457e+00
1.803382781289872616e+00
1.800890873460208708e+00
1.801012073838433647e+00
1.799643350743699299e+00
1.801183317195285349e+00
1.801336517494716016e+00
1.801774700482686287e+00
1.800058100249741111e+00
1.800288280715113043e+00
1.800949378680157364e+00
1.799798574853450628e+00
1.798188806834973841e+00
1.797058473030726189e+00
1.796968233954046257e+00
1.796571612358093262e+00
1.796955313345398597e+00
1.797273736000061017e+00
1.795032719574352287e+00
1.794358376194449045e+00
1.795513050070086658e+00
1.795162727053348783e+00
1.792774882770719946e+00
1.792780011330010748e+00
1.792579146189110295e+00
1.792798729958357651e+00
1.791216361413308311e+00
1.790978122841228037e+00
1.791387488176156895e+00
1.789845789117472608e+00
1.788956679074110268e+00
1.790056001721767043e+00
1.790523099899292037e+00
1.788455284875014817e+00
1.788930335615435130e+00
1.788356272851006512e+00
1.788706267581266607e+00
1.787403294444084079e+00
1.788912685449458362e+00
1.790271276333293082e+00
1.790069341659545898e+00
1.788237665930102027e+00
1.787671628952026470e+00
1.787898911370171540e+00
1.788796896070945941e+00
1.788528507575392723e+00
1.786873336910277388e+00
1.787565009410564620e+00
1.786916162221486415e+00
1.786057513771635019e+00
1.786693132909616955e+00
1.785585753953278898e+00
1.784597803045202102e+00
1.784125738284167095e+00
1.784225061862138029e+00
1.783469694248144277e+00
1.783460301460979558e+00
1.782057491370609759e+00
1.781078416404994647e+00
1.780531842943648302e+00
1.780197586212958427e+00
1.779057110349337334e+00
1.778405670461983501e+00
1.778772299420343650e+00
1.778031778173381872e+00
1.778205104776330980e+00
1.777216783305942682e+00
1.776589210033416855e+00
1.776644236994105563e+00
1.777410813852360327e+00
1.776807834120357699e+00
1.777037752139103866e+00
1.776902804836150152e+00
1.778139021152105093e+00
1.776903306602672483e+00
1.777337142938300030e+00
1.776361302759662308e+00
1.776058917492628009e+00
1.776651405399630512e+00
1.775173681017793159e+00
1.775061613942947814e+00
1.774687253847354818e+00
1.773602700955940081e+00
1.773293086563248133e+00
1.773588922923196476e+00
1.773603953775905406e+00
1.773849926756683848e+00
1.772975741414462902e+00
1.773177878201356306e+00
1.772643205731414096e+00
1.772858353708520740e+00
1.773108180912061682e+00
1.772760620117187491e+00
1.772309152240102881e+00
1.771158233874261745e+00
1.770747401741113558e+00
1.770554952781293601e+00
1.772314153777228452e+00
1.772433234841784166e+00
1.773982746260506671e+00
1.775155818527513585e+00
1.776921392134998223e+00
1.777094025869627281e+00
1.776990073342477050e+00
1.775614143692873403e+00
1.775225922782370347e+00
1.776312829956175898e+00
1.775777717013108159e+00
1.775756286076850321e+00
1.776078019291162491e+00
1.621612787246704102e+00
1.700836062431335449e+00
1.652332186698913574e+00
1.671526581048965454e+00
1.716749668121337891e+00
1.732185304164886475e+00
1.737662468637738877e+00
1.730994507670402527e+00
1.729847378200954910e+00
1.728011465072631925e+00
1.717157017100941152e+00
1.715732097625732422e+00
1.708593863707322358e+00
1.702611701829092938e+00
1.696351106961568211e+00
1.700111262500286102e+00
1.689070862882277479e+00
1.689169042640262131e+00
1.683629067320572714e+00
1.682653194665908902e+00
1.679462183089483363e+00
1.681029514832930172e+00
1.690567431242569585e+00
1.687909305095672607e+00
1.690035486221313388e+00
1.685581166010636567e+00
1.685598912062468369e+00
1.687798585210527724e+00
1.691000453357038857e+00
1.698966228961944491e+00
1.692222856706188550e+00
1.698728263378143311e+00
1.702360832329952389e+00
1.702981857692494216e+00
1.698066653524126224e+00
1.698737571636835808e+00
1.701408917839462687e+00
1.700053669904407760e+00
1.694433747193752282e+00
1.688514128327369690e+00
1.690014871155343323e+00
1.692707155432019883e+00
1.693477583485980320e+00
1.693441932851617926e+00
1.693601059913635298e+00
1.695940608563630381e+00
1.694140444410608071e+00
1.690625295042991638e+00
1.689266890895609885e+00
1.691138343811035227e+00
1.696311298538656809e+00
1.696449607610702515e+00
1.693730572484574148e+00
1.692390682520689804e+00
1.691788983345031694e+00
1.690594236765589065e+00
1.692045471124481670e+00
1.693121638791314387e+00
1.693521950204493587e+00
1.692279082536697343e+00
1.694956888918016880e+00
1.696675896644592285e+00
1.699155281460474454e+00
1.699892066419124603e+00
1.698640566605787994e+00
1.700122735717079836e+00
1.700306979577932864e+00
1.700275023193920321e+00
1.699370855870454111e+00
1.699309882095881852e+00
1.701999095124258066e+00
1.700918205910258774e+00
1.702603271562759257e+00
1.702407923904625253e+00
1.702091391881306981e+00
1.703189341645491739e+00
1.702827244609981472e+00
1.702161331971486335e+00
1.704079508781433105e+00
1.705220894515514285e+00
1.703822097660582680e+00
1.702980951565068013e+00
1.704160882765988205e+00
1.704799083017167538e+00
1.706902554455925536e+00
1.707834557045337709e+00
1.707931825484352517e+00
1.707228976217183281e+00
1.705989212132571708e+00
1.705133799711863185e+00
1.702839522571354181e+00
1.701878580062285762e+00
1.703055616348020385e+00
1.703343122563463652e+00
1.705014179882250236e+00
1.704713344573974609e+00
1.703701171678366100e+00
1.702591677101291001e+00
1.701147175798512379e+00
1.700819442272186288e+00
1.699402659246237013e+00
1.699386555774539120e+00
1.699371160812748194e+00
1.700736017181323056e+00
1.700812680380684894e+00
1.699193518116788981e+00
1.699979692976051338e+00
1.700628192336471001e+00
1.701404125318614735e+00
1.702289204163984770e+00
1.702639523927155896e+00
1.702746590333325427e+00
1.701794474525789136e+00
1.702447425900844191e+00
1.701651760806208058e+00
1.700854164773020205e+00
1.702029065189198498e+00
1.702171768172312527e+00
1.700755270589299650e+00
1.701095202565193087e+00
1.701297891041464005e+00
1.701031402486269606e+00
1.700557469352474094e+00
1.699356681877566944e+00
1.699804411888122591e+00
1.698617262499672931e+00
1.698069819315211948e+00
1.698503248393535614e+00
1.698385257129521264e+00
1.700131386976975634e+00
1.699618858235482977e+00
1.698821923949501711e+00
1.697316976418172585e+00
1.698339698029987854e+00
1.696791100502014205e+00
1.696877126308048434e+00
1.696730054207961969e+00
1.695422990598540292e+00
1.696762786494742103e+00
1.697623266492571226e+00
1.697055338122320567e+00
1.696958936436075538e+00
1.696934702513101190e+00
1.697428620523876663e+00
1.695639653041445039e+00
1.696058016933806867e+00
1.695231925062581801e+00
1.693714817633499958e+00
1.695041255662905311e+00
1.694179159005482882e+00
1.693726050932675697e+00
1.693180271669437964e+00
1.692594851543700818e+00
1.691637533051627118e+00
1.692301957837996973e+00
1.691732382163023241e+00
1.693526586909203102e+00
1.694157482702520756e+00
1.694732896936764543e+00
1.695273901522159621e+00
1.694375434277220593e+00
1.694817749070532509e+00
1.693880101654427150e+00
1.693973275219521790e+00
1.695064481099446629e+00
1.696060113878135267e+00
1.695677329680163048e+00
1.694972386672383369e+00
1.696003968193686262e+00
1.696834276002996189e+00
1.697462489033302990e+00
1.696263495572777780e+00
1.695778480844001512e+00
1.695430796036775156e+00
1.695558059556143693e+00
1.694914212281053656e+00
1.694616019389050265e+00
1.694482037190640833e+00
1.694358082456961734e+00
1.693876973787943552e+00
1.692990372852725800e+00
1.692810458141368768e+00
1.692093529987856337e+00
1.691958492864733099e+00
1.691360518094655596e+00
1.691925882652241642e+00
1.692625881516359732e+00
1.693279817383340102e+00
1.692750597126269518e+00
1.693059408664703280e+00
1.693000183679670645e+00
1.691669436171650887e+00
1.519388675689697266e+00
1.617739677429199219e+00
1.646784941355387444e+00
1.587995767593383789e+00
1.593152976036071866e+00
1.604591766993204827e+00
1.591147218431745225e+00
1.579098716378211975e+00
1.588163733482360840e+00
1.597510826587676958e+00
1.587601661682128906e+00
1.613547494014104133e+00
1.608394182645357606e+00
1.597885199955531466e+00
1.607058620452880948e+00
1.613150887191295624e+00
1.614902818904203619e+00
1.619097537464565750e+00
1.622655165822882495e+00
1.631707388162612959e+00
1.635194931711469346e+00
1.634416238828138912e+00
1.630895428035570305e+00
1.628501584132512336e+00
1.626777215003967214e+00
1.624613032891200071e+00
1.626494023534986733e+00
1.620898182903017348e+00
1.625095659288866790e+00
1.625915944576263428e+00
1.631450803049149023e+00
1.625275459140539169e+00
1.625778758164608151e+00
1.625014042153077876e+00
1.622713324001857194e+00
1.630231231451034546e+00
1.629650496147774463e+00
1.629368650285821118e+00
1.625906057846851827e+00
1.627128309011459439e+00
1.627004960688149149e+00
1.625789358502342630e+00
1.624063647070596472e+00
1.622421169822866327e+00
1.621113626162210997e+00
1.621322113534678477e+00
1.619199179588480142e+00
1.623321061333020454e+00
1.628961570408879567e+00
1.630051541328430220e+00
1.628854242025637111e+00
1.634520374811612609e+00
1.634781023241439035e+00
1.631359769238366120e+00
1.630979561805725009e+00
1.631895659225327533e+00
1.629245576105619708e+00
1.629788195264750605e+00
1.634354773214307777e+00
1.633837546904881810e+00
1.634458836961965034e+00
1.635492826661755883e+00
1.636583521252586770e+00
1.635678019374608994e+00
1.635108692829425614e+00
1.635101742816693848e+00
1.633890137743594151e+00
1.634301408248789222e+00
1.633855548457822993e+00
1.634866908618382020e+00
1.635897208267534264e+00
1.634047365850872513e+00
1.635709620501897055e+00
1.636110252625233352e+00
1.634201242129007969e+00
1.632603148096486212e+00
1.631665650900308240e+00
1.632575701444576977e+00
1.632833692091929745e+00
1.635500949621200517e+00
1.634330390412130463e+00
1.634845272796910054e+00
1.635097348546407314e+00
1.635295724584942878e+00
1.635371540574466431e+00
1.635656146116034826e+00
1.634195503147169104e+00
1.635357508605176813e+00
1.636269945776864354e+00
1.634694311353895424e+00
1.633306385396601002e+00
1.633908593136331300e+00
1.632968078377426302e+00
1.630935410235790473e+00
1.631882868315044144e+00
1.631645736594994789e+00
1.631135877874708706e+00
1.631679759950053876e+00
1.632065232353981044e+00
1.633339523077011135e+00
1.634661728792851543e+00
1.633546597817364887e+00
1.633484902891140456e+00
1.633482390871414669e+00
1.633588586534772569e+00
1.634804462486842969e+00
1.634518808293565328e+00
1.633361092320194885e+00
1.633058514070073297e+00
1.634033990990031882e+00
1.634493956694731853e+00
1.634842187166213989e+00
1.634312310050019201e+00
1.633557222391429642e+00
1.633788905973019734e+00
1.635747402906417847e+00
1.636738843388027664e+00
1.635665807683589046e+00
1.636351633472602929e+00
1.634859520196914717e+00
1.634709098122336668e+00
1.635000179048444302e+00
1.634430405570239664e+00
1.634267381122035401e+00
1.634372011184692441e+00
1.633735718235137080e+00
1.634499913125526227e+00
1.634118509478867054e+00
1.632819829985152849e+00
1.633648208471444985e+00
1.633029588306223134e+00
1.632365711710669798e+00
1.632192390305655438e+00
1.632392244552498539e+00
1.632292014581185891e+00
1.631943292477551655e+00
1.632376488977975271e+00
1.631733749223791996e+00
1.631963729000777574e+00
1.631677923883710690e+00
1.631565422031050927e+00
1.632359016109520278e+00
1.632387265458807191e+00
1.632094985081089966e+00
1.632161313911964173e+00
1.633382205277273069e+00
1.632664470445542193e+00
1.632093767862062172e+00
1.630292221203746506e+00
1.628917105197906556e+00
1.629110757088819028e+00
1.630162857865032455e+00
1.629733444818484145e+00
1.630177266411967141e+00
1.628810967168500268e+00
1.627825400004020207e+00
1.627440088873456148e+00
1.627712464030784956e+00
1.627910062202117647e+00
1.627496031671762378e+00
1.627817902505767966e+00
1.626738916944574509e+00
1.625314025791144701e+00
1.625135467546742207e+00
1.625062989466118157e+00
1.624618734221860539e+00
1.625199384318140483e+00
1.625545397400856018e+00
1.624980140719893384e+00
1.625059551351210718e+00
1.624827248311182304e+00
1.623456510000450770e+00
1.622523704705210790e+00
1.622525391222416680e+00
1.622464434078761508e+00
1.622307047925212187e+00
1.622049679863924343e+00
1.621431467908152069e+00
1.620667395645013720e+00
1.620368676053153045e+00
1.619453066620378801e+00
1.618643648021823811e+00
1.618793809348768153e+00
1.618034856474917849e+00
1.618936379535778070e+00
1.618347672365044954e+00
1.617880082385425355e+00
1.617319904109264961e+00
1.617389873852805415e+00
1.617340528964996249e+00
1.616600090296480774e+00
1.616730342308680290e+00
1.690935969352722168e+00
1.676553547382354736e+00
1.640306512514750237e+00
1.596240907907485962e+00
1.531051659584045321e+00
1.510775427023569817e+00
1.523093342781066895e+00
1.498487025499343872e+00
1.506805923249986412e+00
1.492124688625335649e+00
1.491623531688343496e+00
1.511469582716624016e+00
1.514168042403001069e+00
1.514774518353598554e+00
1.506129288673400790e+00
1.515789635479450226e+00
1.519323243814356239e+00
1.527262396282619950e+00
1.518861155760915738e+00
1.522822922468185514e+00
1.523579989160810166e+00
1.528743500059301264e+00
1.524746868921362797e+00
1.526815171043078179e+00
1.531971039772033638e+00
1.534483253955841064e+00
1.532471237359223526e+00
1.536104406629289931e+00
1.540615764157525325e+00
1.541992537180582712e+00
1.545172783636277636e+00
1.544439908117055893e+00
1.545651013200933344e+00
1.544287330964032368e+00
1.547310965401785809e+00
1.547807243135240318e+00
1.547960416690723262e+00
1.545476286034835001e+00
1.548156359256842141e+00
1.547864642739295915e+00
1.555288905050696391e+00
1.555978244259244025e+00
1.558314370554547024e+00
1.558325921947305792e+00
1.561683657434251637e+00
1.558858402397321541e+00
1.561202330792203830e+00
1.560771507521470314e+00
1.562696376625372530e+00
1.567171878814697328e+00
1.569457044788435285e+00
1.565901914468178280e+00
1.566199628811962175e+00
1.565554490795841858e+00
1.568077022379094965e+00
1.566198887569563825e+00
1.563106794106332798e+00
1.562490485865494216e+00
1.563733234243877890e+00
1.564652955532074063e+00
1.563698870236756466e+00
1.563623770590751416e+00
1.565291417969597809e+00
1.565337738022208214e+00
1.564734691839951841e+00
1.564935458428931891e+00
1.565292950886399082e+00
1.561916850945528790e+00
1.558275773905325678e+00
1.554233198506491442e+00
1.555530351652226084e+00
1.553337824013498070e+00
1.554089217969816028e+00
1.556270182132720947e+00
1.556521124839782777e+00
1.556817283755854486e+00
1.555190272145457131e+00
1.555033268072666175e+00
1.554644884942453009e+00
1.555677884817123324e+00
1.554971527170251999e+00
1.554447338348481811e+00
1.555876793631588040e+00
1.557021284387225091e+00
1.562977615524740793e+00
1.564255765704221535e+00
1.565304031317261479e+00
1.567246056415817934e+00
1.565308842766151010e+00
1.567000750700632716e+00
1.566858864092564918e+00
1.565944868585337657e+00
1.564929282793434684e+00
1.565026320041494223e+00
1.565346106730009401e+00
1.565959258625904793e+00
1.568604524602595029e+00
1.567088966466942512e+00
1.568121978730866450e+00
1.567269775867462078e+00
1.567191815612339667e+00
1.567267714762220265e+00
1.565227302532751663e+00
1.564857620459336518e+00
1.564964624813624861e+00
1.566063455815585259e+00
1.564810747298124749e+00
1.564266231324937584e+00
1.565317547649418550e+00
1.565458606589924306e+00
1.564426900030256418e+00
1.564861463648932416e+00
1.563611376602037861e+00
1.561130295720016825e+00
1.560412719975347029e+00
1.559795171022415161e+00
1.560854700895456082e+00
1.559570580215777325e+00
1.559114875913668152e+00
1.558461375037829111e+00
1.560382069634997260e+00
1.559146237177926997e+00
1.560612388742648404e+00
1.561773447259779957e+00
1.562387064933776770e+00
1.562018494757394960e+00
1.562445877105232306e+00
1.563014535233378410e+00
1.564105917316998662e+00
1.564022271449749368e+00
1.566020878216692447e+00
1.565393292542659909e+00
1.566438329847235522e+00
1.565291547953192808e+00
1.565117079240304410e+00
1.565784370197969233e+00
1.566415429115295410e+00
1.567122763481692882e+00
1.566048208758127780e+00
1.565251817022051073e+00
1.564509447584760959e+00
1.564684235713851290e+00
1.564692844044078379e+00
1.564546160399913788e+00
1.564477211031420456e+00
1.566011726856231689e+00
1.566140407607668816e+00
1.566455957857338266e+00
1.566075023388702636e+00
1.565598862171173167e+00
1.566494358296425915e+00
1.566312581300735474e+00
1.566107934596491891e+00
1.566141408759278209e+00
1.565832635664170747e+00
1.565294261162097689e+00
1.565353393554687500e+00
1.564636637892904192e+00
1.564567797588852116e+00
1.565692240744829267e+00
1.565165184299397882e+00
1.565189937014638710e+00
1.566130635197177323e+00
1.565831275247945964e+00
1.567259946013941807e+00
1.566551965403269575e+00
1.566838237339865048e+00
1.570012758175532097e+00
1.570277683128266544e+00
1.570477907096638370e+00
1.570738673210144043e+00
1.570479957863341935e+00
1.570140957832336426e+00
1.570095835746019741e+00
1.570364440509251169e+00
1.571122870526530546e+00
1.571256558773881373e+00
1.570893688818042255e+00
1.570760643016026581e+00
1.569218536880281345e+00
1.568025994037396398e+00
1.568395450874999320e+00
1.568291812646584349e+00
1.567668152892071287e+00
1.568525851095044832e+00
1.568340663627911580e+00
1.567954146925778280e+00
1.567881729374540623e+00
1.568055752093199029e+00
1.568337463077746019e+00
1.568013129434036257e+00
1.567788021638989449e+00
1.611346721649169922e+00
1.582444548606872559e+00
1.570064465204874748e+00
1.547169625759124756e+00
1.525435352325439364e+00
1.530812899271647209e+00
1.545661142894199980e+00
1.537271678447723389e+00
1.541355874803331139e+00
1.558518481254577592e+00
1.560038783333518309e+00
1.547035217285156250e+00
1.552072314115670926e+00
1.541069992950984346e+00
1.533862455685933490e+00
1.542654044926166534e+00
1.546038823969223985e+00
1.546713312466939216e+00
1.544178642724689743e+00
1.552162593603134244e+00
1.553155836604890316e+00
1.550528797236355949e+00
1.553553938865661621e+00
1.552438581983248467e+00
1.548821363449096600e+00
1.554123053183922298e+00
1.560869742322851028e+00
1.558950939348765719e+00
1.556533069446169204e+00
1.548398729165395116e+00
1.545529057902674586e+00
1.545805212110280991e+00
1.544740824988394046e+00
1.545468691517325022e+00
1.544383822168622800e+00
1.543687810500462776e+00
1.544002584508947340e+00
1.544731086806247156e+00
1.545198419155218605e+00
1.542779937386512756e+00
1.543584524131402791e+00
1.547212830611637724e+00
1.548818821130796941e+00
1.550427821549502205e+00
1.550133866733974797e+00
1.548900720865830083e+00
1.547468718062055881e+00
1.545474559068679810e+00
1.548684645672233628e+00
1.552510128021240332e+00
1.554472853155697054e+00
1.557716816663742065e+00
1.553236923127804259e+00
1.554190116899984764e+00
1.555777751315723823e+00
1.556487447449139250e+00
1.555961891224509897e+00
1.557017675761518838e+00
1.556506427667908810e+00
1.556545305252075240e+00
1.557599892381761997e+00
1.558817544291096313e+00
1.561311080342247415e+00
1.559991173446178436e+00
1.558094142033503715e+00
1.557390512842120600e+00
1.555913519503465237e+00
1.554902858593884662e+00
1.555888880854067624e+00
1.556630074977874756e+00
1.555538600599261967e+00
1.556515004899766685e+00
1.555779994350590112e+00
1.555972774286527915e+00
1.553453493118286177e+00
1.553849672016344607e+00
1.555689997487254006e+00
1.551839755131648069e+00
1.554554305499113109e+00
1.555449055135250003e+00
1.556096499348864182e+00
1.556704998016357422e+00
1.555586231760231808e+00
1.555717133340381420e+00
1.553867103071773670e+00
1.556191761826359876e+00
1.555597013440625398e+00
1.555519939823584163e+00
1.555753677078847153e+00
1.555782420105404240e+00
1.556822188607938973e+00
1.553921067196389894e+00
1.553414234551050432e+00
1.552607349892880073e+00
1.551643428049589435e+00
1.550674426058928246e+00
1.550089973764321227e+00
1.549390016769876199e+00
1.548898677633266274e+00
1.548148064613342312e+00
1.548125942154686019e+00
1.549312528441934012e+00
1.549009163402816691e+00
1.547783716366841311e+00
1.546109553745814713e+00
1.547265663461865115e+00
1.549547564203494154e+00
1.551728624988485183e+00
1.552011423154708414e+00
1.553099839253859082e+00
1.553065962619609719e+00
1.552341809230191272e+00
1.551332204742769116e+00
1.549081484476725334e+00
1.548378368045972842e+00
1.547845252628984092e+00
1.548547188440958733e+00
1.547421292733337950e+00
1.547126322233376428e+00
1.547041948636372899e+00
1.547004592320150529e+00
1.546086415892741650e+00
1.544002994289243036e+00
1.544858563330865575e+00
1.544567703247070378e+00
1.544786339714413703e+00
1.545351927674661452e+00
1.544271025806665421e+00
1.544046435245247872e+00
1.543417573892153172e+00
1.544380582925927614e+00
1.543065392609798581e+00
1.542931755682579453e+00
1.542187929153442383e+00
1.542412406426888927e+00
1.542291408076005732e+00
1.542270072185210061e+00
1.542264214460400629e+00
1.542136498492398644e+00
1.543341777154377592e+00
1.544160556285939290e+00
1.544949299852613089e+00
1.544491837908338105e+00
1.543933120866616493e+00
1.543637245276878511e+00
1.543539595114041596e+00
1.543069822447640460e+00
1.543837875127792358e+00
1.544554251152397084e+00
1.545192745526631661e+00
1.545173046604686906e+00
1.544836139992663782e+00
1.544917581907284898e+00
1.544664531559139187e+00
1.544541654279155019e+00
1.544733975178156138e+00
1.544657335159884903e+00
1.543594591225249779e+00
1.542610043999534053e+00
1.542579013109207198e+00
1.543214935693681511e+00
1.541997468765871071e+00
1.542294419616278001e+00
1.543111424620558614e+00
1.542806165868585655e+00
1.542787110231008896e+00
1.543609265795724772e+00
1.543535458190100629e+00
1.543173659482651283e+00
1.542536210312562828e+00
1.543456033656471549e+00
1.543931796800258605e+00
1.543443674986073155e+00
1.543334353244167678e+00
1.543095685413905516e+00
1.542885579168796539e+00
1.543518859114350494e+00
1.543495172195220366e+00
1.543267007646613953e+00
1.542773743470509773e+00
1.542662604737677023e+00
1.542443420860793557e+00
1.542055143684637253e+00
1.541248712202776927e+00
1.540740163261826057e+00
1.540564378102620369e+00
1.541148916285305814e+00
1.541415049040571139e+00
1.541064013249028974e+00
1.541247893007178016e+00
1.540600083261260078e+00
1.539961430554588562e+00
1.371516942977905273e+00
1.614960193634033203e+00
1.557781537373860603e+00
1.504154264926910400e+00
1.522936844825744540e+00
1.496730109055836921e+00
1.500588536262512207e+00
1.513557747006416321e+00
1.509067734082539802e+00
1.509975659847259566e+00
1.498728676275773442e+00
1.494558235009511238e+00
1.494397255090566867e+00
1.497877086911882705e+00
1.499575281143188388e+00
1.504813626408576965e+00
1.490388842190013108e+00
1.484775887595282562e+00
1.487800648337916254e+00
1.481399905681610063e+00
1.479447245597839355e+00
1.495029790834947026e+00
1.500458722529204092e+00
1.506206726034482246e+00
1.508953385353088317e+00
1.515726506710052490e+00
1.519488665792677162e+00
1.519952552659171063e+00
1.515442613897652446e+00
1.513012981414795011e+00
1.513655358745205737e+00
1.513121746480464935e+00
1.511978770747329337e+00
1.517532755346859163e+00
1.513814231327601734e+00
1.513600216971503265e+00
1.515587629498662103e+00
1.517610302096918939e+00
1.515899572616968394e+00
1.515472558140754655e+00
1.512760851441360188e+00
1.510653773943583245e+00
1.511175599209097831e+00
1.514049161564219981e+00
1.513258838653564364e+00
1.509889892909837883e+00
1.510092532381098307e+00
1.509163816769917732e+00
1.508702000793145537e+00
1.509292969703674325e+00
1.509429307544932541e+00
1.510904866915482758e+00
1.508415354872649550e+00
1.508345601735291641e+00
1.506412686001170842e+00
1.505981809326580656e+00
1.503572892724422072e+00
1.504659095714832251e+00
1.505199820308362080e+00
1.506076463063557913e+00
1.506922487352715168e+00
1.507338318132585009e+00
1.505743656839643174e+00
1.507892914116382599e+00
1.512567278055044317e+00
1.513632445624380374e+00
1.514630378182254544e+00
1.514362910214592350e+00
1.512629177259362301e+00
1.512953312056405153e+00
1.511545790752894414e+00
1.509919751021597145e+00
1.508585761671196845e+00
1.507976871889990633e+00
1.506419288317362382e+00
1.506019650321257730e+00
1.503266761829326725e+00
1.500312860195453402e+00
1.502255990535398045e+00
1.500845591723918959e+00
1.500190874676645469e+00
1.499702988601312459e+00
1.502272085971142923e+00
1.501571172759646355e+00
1.500264800296110312e+00
1.498594223066817888e+00
1.496678997730386707e+00
1.499236399477178461e+00
1.498459744989202314e+00
1.497307467460632369e+00
1.498388389964680156e+00
1.498886789964593014e+00
1.498353314656083235e+00
1.497844054343852482e+00
1.498990937283164682e+00
1.500331137329339981e+00
1.499821553525236384e+00
1.499515655089397770e+00
1.498925736456206304e+00
1.499295165538787833e+00
1.498120010489284448e+00
1.498433114266862987e+00
1.498473302831927478e+00
1.499119484653839596e+00
1.499398137274242648e+00
1.497333660440624881e+00
1.496164028889664932e+00
1.495282229450013878e+00
1.494625636197011387e+00
1.494465524500066644e+00
1.493967309728398973e+00
1.493424275091716158e+00
1.494344166949787001e+00
1.494049731053804120e+00
1.494004020483597373e+00
1.494494625206651328e+00
1.494646997533292776e+00
1.495273847701185765e+00
1.494262163378611286e+00
1.493338065346082155e+00
1.492936445661812828e+00
1.494226774231332211e+00
1.496352816015724230e+00
1.496213720690819482e+00
1.495091312408447282e+00
1.495196314085097455e+00
1.494082221834678315e+00
1.493827072903513908e+00
1.493544375249581835e+00
1.493793812164893486e+00
1.493242433962931104e+00
1.494414427966782588e+00
1.494731340193210745e+00
1.495065366154286313e+00
1.495194398032294369e+00
1.494904267437317857e+00
1.494392175744049700e+00
1.494134035663328364e+00
1.494015342040027727e+00
1.494396820238658385e+00
1.495103412486137318e+00
1.495692551136016846e+00
1.494372887211246059e+00
1.494590440558062561e+00
1.494169680003462064e+00
1.493216747290467605e+00
1.493915980365000618e+00
1.494580305105930984e+00
1.494315606635688853e+00
1.495072685082753594e+00
1.494481336202053035e+00
1.494816547945926111e+00
1.495664117383021852e+00
1.496001139089658594e+00
1.495716315700161836e+00
1.495300264694751746e+00
1.495412345145158639e+00
1.495708861682988333e+00
1.493776682037977199e+00
1.493894602358341261e+00
1.494343018679885393e+00
1.493800266289416756e+00
1.491992392422962777e+00
1.491830942834295959e+00
1.490984359654513369e+00
1.490872029080448469e+00
1.491731216093737267e+00
1.492163729100000280e+00
1.492169761798791017e+00
1.492006726124707416e+00
1.493017628178959111e+00
1.493373369754746882e+00
1.493174404767207308e+00
1.492095905473862505e+00
1.491737103462219327e+00
1.491458905691450232e+00
1.491730502769772038e+00
1.491180883364731091e+00
1.491610519046890015e+00
1.492939188083012958e+00
1.492491375016902655e+00
1.491841936504447963e+00
1.491413965251276341e+00
1.491705041864644032e+00
1.491568529283678224e+00
1.491781735292045052e+00
1.491579277630158185e+00
1.491893453800931857e+00
1.491062248194659157e+00
1.490623300326497924e+00
1.490781970673206613e+00
1.490735597287615066e+00
1.459041357040405273e+00
1.522413909435272217e+00
1.525421182314554924e+00
1.464500337839126587e+00
1.465949702262878462e+00
1.492618620395660400e+00
1.487768854413713759e+00
1.491839557886123657e+00
1.498244100146823410e+00
1.503748178482055664e+00
1.505514708432284188e+00
1.497123221556345696e+00
1.499534643613375184e+00
1.498750107628958661e+00
1.512025705973307321e+00
1.500806555151939392e+00
1.490296216572032151e+00
1.486521409617529876e+00
1.480286064900850018e+00
1.475934964418411210e+00
1.474588763146173376e+00
1.469747667962854498e+00
1.465660110763881585e+00
1.461224243044853210e+00
1.459572296142578107e+00
1.456176079236544130e+00
1.454181044190018257e+00
1.450837569577353436e+00
1.450544899907605378e+00
1.448733448982238770e+00
1.455455726192843580e+00
1.458145041018724442e+00
1.457784569624698490e+00
1.456884314032161898e+00
1.452922289712088366e+00
1.451012949148813957e+00
1.446828094688621835e+00
1.448834714136625568e+00
1.447759496860015149e+00
1.447594282031059221e+00
1.446947754883184611e+00
1.447345012710207879e+00
1.447868824005126953e+00
1.451271393082358641e+00
1.452105259895324796e+00
1.455073208912559091e+00
1.459793149156773273e+00
1.458494963745276207e+00
1.456689501295284295e+00
1.457132503986358740e+00
1.457604814978206820e+00
1.455809556520902159e+00
1.456090031929735851e+00
1.458090594521275207e+00
1.456864532557400782e+00
1.459988530193056411e+00
1.459462565288209168e+00
1.461650063251626941e+00
1.464676422587895877e+00
1.461045430103937726e+00
1.461448100746655099e+00
1.461788963886999415e+00
1.461356303048512384e+00
1.463912149891257286e+00
1.464544584200932364e+00
1.463952763514085209e+00
1.462031426714427429e+00
1.461292857632917608e+00
1.461386316064475333e+00
1.460093329633985304e+00
1.458201708927960416e+00
1.459726954499880547e+00
1.459765795159013280e+00
1.461269417324581710e+00
1.459191419283548896e+00
1.458253706756390988e+00
1.457582572837928581e+00
1.454363339986556536e+00
1.455798262282262945e+00
1.456039032340049832e+00
1.457441933361100617e+00
1.456549007718155986e+00
1.455036913055971493e+00
1.454268395900726318e+00
1.454569515059976004e+00
1.455648964227632014e+00
1.454628024978199319e+00
1.455810120159929388e+00
1.454107441259234079e+00
1.451876327726576044e+00
1.452809150402362581e+00
1.453396602817203620e+00
1.451435832567112394e+00
1.453705739467701985e+00
1.452968470673811963e+00
1.453222400198380226e+00
1.453761374827512665e+00
1.451388552480814331e+00
1.451303377295985353e+00
1.450520753860473633e+00
1.451936535315938581e+00
1.451668788405025667e+00
1.451267006327805031e+00
1.451149609226446868e+00
1.450003193673633284e+00
1.449410318203692150e+00
1.448648877232988408e+00
1.450930861411271255e+00
1.451871280276447296e+00
1.451477436585859815e+00
1.449988979477066176e+00
1.448842808604240417e+00
1.448740992925863447e+00
1.450695153913999835e+00
1.449966336333233352e+00
1.448931670394437043e+00
1.450420097408131603e+00
1.450024698750447483e+00
1.450621195200110680e+00
1.451455844442049559e+00
1.451565763181891233e+00
1.450665929278389443e+00
1.450805118413475370e+00
1.452167329288298170e+00
1.453155126571655353e+00
1.453035084028092561e+00
1.452748666598102201e+00
1.452826373279094696e+00
1.453045710112697453e+00
1.452962553501129239e+00
1.452652710084696652e+00
1.452635346940069461e+00
1.452731699871837590e+00
1.453377018223947603e+00
1.453277077498259295e+00
1.452004516825956548e+00
1.451637509965548523e+00
1.450589135937068841e+00
1.451605370576433129e+00
1.449645336185182876e+00
1.449327056289564597e+00
1.449200489151645677e+00
1.450793328818741346e+00
1.450696191026104920e+00
1.450210810529774630e+00
1.450595779778206085e+00
1.450750983491235768e+00
1.450981721684739378e+00
1.450343124818481932e+00
1.450123066107432024e+00
1.450217295166672526e+00
1.450809724236789444e+00
1.451220475770289564e+00
1.450314982370896733e+00
1.450377457372603818e+00
1.449849854677151439e+00
1.448836010732468482e+00
1.449416633648208386e+00
1.448468298282263422e+00
1.448733747750520662e+00
1.448541954437398083e+00
1.448294298148449455e+00
1.448189840726325839e+00
1.447286518608651429e+00
1.446778269970055764e+00
1.446579543940992307e+00
1.446706697612465398e+00
1.446450525806063592e+00
1.446650419009507749e+00
1.447392458074233001e+00
1.446767162858394240e+00
1.447049831235131645e+00
1.446897104296380965e+00
1.446867039833945823e+00
1.446196962084089099e+00
1.448207889090884715e+00
1.448460178860163206e+00
1.449481849590044336e+00
1.448171597619296369e+00
1.446986494461695250e+00
1.446019973544126147e+00
1.445811303762289279e+00
1.445944760666519002e+00
1.445686164757479686e+00
1.446029201069393588e+00
1.445528750137616170e+00
1.444680451071836069e+00
1.444824717780377021e+00
1.445387915328696815e+00
1.446067702142815881e+00
1.446146425152324166e+00
1.445478413874904389e+00
1.497645378112792969e+00
1.491832911968231201e+00
1.501293698946635002e+00
1.473057836294174194e+00
1.469625830650329590e+00
1.439466178417205811e+00
1.431096843310764921e+00
1.431961044669151306e+00
1.425210449430677651e+00
1.420602643489837558e+00
1.429298368367281746e+00
1.445874770482381111e+00
1.452764254349928619e+00
1.451453064169202500e+00
1.448236362139383893e+00
1.452964968979358673e+00
1.467520987286287104e+00
1.465761469470129974e+00
1.464053135169179898e+00
1.460913044214248613e+00
1.453618986265999835e+00
1.445583663203499514e+00
1.449810292409813961e+00
1.451658462484677559e+00
1.453306665420532218e+00
1.453671950560349702e+00
1.450401262000754921e+00
1.455740353890827787e+00
1.452106578596707109e+00
1.450733009974161769e+00
1.448385477066040039e+00
1.443384405225515366e+00
1.441981109705838371e+00
1.445877404773936448e+00
1.449033607755388475e+00
1.447585735056135414e+00
1.442985405793061116e+00
1.438133195826881705e+00
1.435945021800505872e+00
1.431047919392585799e+00
1.429692248018776590e+00
1.423522268022809678e+00
1.427106264025665983e+00
1.427421171556819468e+00
1.427236149046156033e+00
1.422692070836606204e+00
1.421123083601606663e+00
1.420638330280780792e+00
1.419082541855014146e+00
1.420508482456207311e+00
1.417335865544337770e+00
1.417739414251767638e+00
1.420153833785147146e+00
1.420324590471055748e+00
1.422505521774291903e+00
1.422359926359993976e+00
1.421985103372942039e+00
1.424013277579998071e+00
1.426239306643857896e+00
1.426223983367284065e+00
1.426045185229817269e+00
1.428528331941173901e+00
1.426972101605127774e+00
1.427277814596891403e+00
1.428275056985708336e+00
1.426617481491782469e+00
1.428815457358289187e+00
1.428736742805032156e+00
1.428557753562927246e+00
1.427164719785962710e+00
1.428020079370955431e+00
1.426120539506276375e+00
1.424296931044696235e+00
1.423803477673917239e+00
1.423087860743204702e+00
1.425951778888702393e+00
1.423911212326644193e+00
1.425696324079464672e+00
1.427099736430976984e+00
1.429296492040157407e+00
1.427156729462706108e+00
1.424384045891645467e+00
1.424428283450115185e+00
1.424169686578568905e+00
1.424930949772105437e+00
1.426083520401355775e+00
1.424963049504948787e+00
1.426520377397537231e+00
1.426570396744803126e+00
1.425242569711473228e+00
1.426663563801692014e+00
1.426902672518854498e+00
1.425967119073355160e+00
1.425264315402254178e+00
1.425642895698547408e+00
1.426217657824357277e+00
1.426864412642016910e+00
1.427030301823907887e+00
1.426685934114937826e+00
1.428255385160446256e+00
1.427309770395259969e+00
1.424650409642387761e+00
1.423861936458106214e+00
1.425389006733894348e+00
