1.105229020118713379e+01
1.060793542861938477e+01
1.065332746505737305e+01
9.706351518630981445e+00
7.368093252182006836e+00
8.543812513351440430e+00
7.218130350112915039e+00
1.188353943824768066e+01
1.033708786964416504e+01
9.221462011337280273e+00
1.016620588302612305e+01
1.004407858848571777e+01
1.055401396751403809e+01
9.491824388504028320e+00
8.830482006072998047e+00
9.240642309188842773e+00
8.950201988220214844e+00
8.584801673889160156e+00
8.363520622253417969e+00
8.332487821578979492e+00
1.080006980895996094e+01
9.977616548538208008e+00
1.033046913146972656e+01
9.506406068801879883e+00
6.075175523757934570e+00
9.410682439804077148e+00
8.623744726181030273e+00
1.014230012893676758e+01
8.289372682571411133e+00
8.947602987289428711e+00
1.032060146331787109e+01
8.403726816177368164e+00
8.853950738906860352e+00
7.584978580474853516e+00
8.404279947280883789e+00
7.491420030593872070e+00
8.850232124328613281e+00
8.578866243362426758e+00
6.341765642166137695e+00
1.102615022659301758e+01
1.046003317832946777e+01
8.836791038513183594e+00
1.013178300857543945e+01
1.000539660453796387e+01
8.551255226135253906e+00
9.537307024002075195e+00
8.574580907821655273e+00
5.986764669418334961e+00
9.386990070343017578e+00
9.694572925567626953e+00
8.146903276443481445e+00
7.563891172409057617e+00
8.162651300430297852e+00
6.837561607360839844e+00
8.370686054229736328e+00
1.002562642097473145e+01
9.452868938446044922e+00
8.021055936813354492e+00
1.009315729141235352e+01
7.774199724197387695e+00
9.407462835311889648e+00
7.404404401779174805e+00
7.454077005386352539e+00
8.896195173263549805e+00
9.646464586257934570e+00
7.872414588928222656e+00
7.939837694168090820e+00
7.813069343566894531e+00
1.050506114959716797e+01
7.942310810089111328e+00
7.873159408569335938e+00
9.391266107559204102e+00
8.534122705459594727e+00
8.816305398941040039e+00
8.213523864746093750e+00
7.195632934570312500e+00
9.200060606002807617e+00
9.490855693817138672e+00
9.130887985229492188e+00
9.020684719085693359e+00
8.416293621063232422e+00
8.670798301696777344e+00
8.847115278244018555e+00
8.558039188385009766e+00
7.928566455841064453e+00
9.534697532653808594e+00
6.799839258193969727e+00
7.208107471466064453e+00
9.102755069732666016e+00
8.879400730133056641e+00
9.867425918579101562e+00
8.744841098785400391e+00
8.754291057586669922e+00
9.880521535873413086e+00
9.212810039520263672e+00
7.127090215682983398e+00
9.470026493072509766e+00
1.003978276252746582e+01
1.001612329483032227e+01
1.056704020500183105e+01
9.523950338363647461e+00
7.375275850296020508e+00
1.017398357391357422e+01
8.801776647567749023e+00
7.151821374893188477e+00
8.858672857284545898e+00
8.615095853805541992e+00
9.445978879928588867e+00
9.525027751922607422e+00
9.195271492004394531e+00
1.002170848846435547e+01
1.040501236915588379e+01
9.731354236602783203e+00
1.002512097358703613e+01
1.057031011581420898e+01
8.531109333038330078e+00
8.572732448577880859e+00
9.903841257095336914e+00
9.961097955703735352e+00
7.701855897903442383e+00
9.504788875579833984e+00
9.187928915023803711e+00
1.039348649978637695e+01
9.632335424423217773e+00
9.347217798233032227e+00
1.017841792106628418e+01
9.413244485855102539e+00
6.249816179275512695e+00
9.397049903869628906e+00
7.330530166625976562e+00
9.197487592697143555e+00
9.705205202102661133e+00
8.348458766937255859e+00
8.513284206390380859e+00
8.877644777297973633e+00
8.418936491012573242e+00
9.573781967163085938e+00
1.038950967788696289e+01
1.009182310104370117e+01
7.479036569595336914e+00
9.577761888504028320e+00
8.936044216156005859e+00
8.704228878021240234e+00
1.000615262985229492e+01
1.038202404975891113e+01
9.669864892959594727e+00
8.949325799942016602e+00
9.007844686508178711e+00
1.018031930923461914e+01
8.908096075057983398e+00
9.454798936843872070e+00
8.751086950302124023e+00
9.343499660491943359e+00
8.832161426544189453e+00
7.903323173522949219e+00
8.064656257629394531e+00
9.487637758255004883e+00
9.772170543670654297e+00
9.202682018280029297e+00
9.131201744079589844e+00
9.569372653961181641e+00
9.655324697494506836e+00
8.733577966690063477e+00
8.602397203445434570e+00
7.500411510467529297e+00
9.075723886489868164e+00
8.968279600143432617e+00
8.078388452529907227e+00
9.194308996200561523e+00
9.091536760330200195e+00
9.746614694595336914e+00
9.799266576766967773e+00
1.006201648712158203e+01
6.929545164108276367e+00
1.029622793197631836e+01
8.520981311798095703e+00
9.260946512222290039e+00
8.915634393692016602e+00
1.049643397331237793e+01
8.011255979537963867e+00
5.993937969207763672e+00
6.471143960952758789e+00
7.173647880554199219e+00
8.800871133804321289e+00
1.043448758125305176e+01
9.191313028335571289e+00
1.017157912254333496e+01
9.933213233947753906e+00
8.285740852355957031e+00
1.029157209396362305e+01
9.463471889495849609e+00
9.746172428131103516e+00
1.075844478607177734e+01
1.014550995826721191e+01
7.844472646713256836e+00
6.985672473907470703e+00
1.047452497482299805e+01
9.033624410629272461e+00
9.352528095245361328e+00
8.923030376434326172e+00
9.883558273315429688e+00
1.105347442626953125e+01
9.187761068344116211e+00
9.609814643859863281e+00
6.908474206924438477e+00
8.356892585754394531e+00
7.362561702728271484e+00
1.024066805839538574e+01
1.080165815353393555e+01
9.574089288711547852e+00
1.081949782371520996e+01
1.015478253364562988e+01
9.690976619720458984e+00
8.535861253738403320e+00
8.112631082534790039e+00
9.156822443008422852e+00
8.706864118576049805e+00
8.457247734069824219e+00
8.218555927276611328e+00
7.764228820800781250e+00
7.296204805374145508e+00
1.021882224082946777e+01
9.607095003128051758e+00
8.818710327148437500e+00
6.755503177642822266e+00
9.302451372146606445e+00
1.027387261390686035e+01
9.166911602020263672e+00
8.973467111587524414e+00
8.544551134109497070e+00
8.701835870742797852e+00
8.364448547363281250e+00
7.161323785781860352e+00
9.721184492111206055e+00
9.922498703002929688e+00
9.362182855606079102e+00
9.311824798583984375e+00
8.896413803100585938e+00
6.833556175231933594e+00
7.904212713241577148e+00
8.627284765243530273e+00
8.087732553482055664e+00
8.080870628356933594e+00
6.793743371963500977e+00
8.778697490692138672e+00
7.581764459609985352e+00
8.128860473632812500e+00
9.227940320968627930e+00
8.174178838729858398e+00
8.460580110549926758e+00
8.362825870513916016e+00
8.123089790344238281e+00
8.099577188491821289e+00
8.685803890228271484e+00
1.034132719039916992e+01
7.913872241973876953e+00
8.899326562881469727e+00
9.813326358795166016e+00
5.361807107925415039e+00
9.818430900573730469e+00
6.132647991180419922e+00
7.885369777679443359e+00
9.249002933502197266e+00
9.215969324111938477e+00
9.476042747497558594e+00
8.652127504348754883e+00
9.308668851852416992e+00
9.866727113723754883e+00
8.393185853958129883e+00
8.266966104507446289e+00
7.940405845642089844e+00
6.591224908828735352e+00
7.613362789154052734e+00
9.357077598571777344e+00
8.483412742614746094e+00
7.778406381607055664e+00
8.195670127868652344e+00
9.928714275360107422e+00
8.179800271987915039e+00
7.796464204788208008e+00
6.860819339752197266e+00
7.381161451339721680e+00
8.703360080718994141e+00
9.193151950836181641e+00
8.542474746704101562e+00
9.054686069488525391e+00
6.606620550155639648e+00
9.312082529067993164e+00
8.657738208770751953e+00
8.031879425048828125e+00
7.140605926513671875e+00
8.371699810028076172e+00
7.803706884384155273e+00
7.238314390182495117e+00
8.448010206222534180e+00
8.522103548049926758e+00
8.766664266586303711e+00
8.576862096786499023e+00
1.053489899635314941e+01
7.531433105468750000e+00
6.706901788711547852e+00
6.788895845413208008e+00
7.456452131271362305e+00
8.892436742782592773e+00
7.801856517791748047e+00
9.380385160446166992e+00
1.050754523277282715e+01
1.002052164077758789e+01
8.413855314254760742e+00
9.429351568222045898e+00
9.677719354629516602e+00
8.623197317123413086e+00
8.900476694107055664e+00
7.495873689651489258e+00
7.892227649688720703e+00
7.554644823074340820e+00
8.077714204788208008e+00
8.518116712570190430e+00
9.629506587982177734e+00
8.153886079788208008e+00
8.496914863586425781e+00
7.769919633865356445e+00
8.045980453491210938e+00
7.671516418457031250e+00
9.836121320724487305e+00
8.287754297256469727e+00
8.394648790359497070e+00
8.858866453170776367e+00
6.932917356491088867e+00
9.080740928649902344e+00
8.236104011535644531e+00
8.419939517974853516e+00
8.431750535964965820e+00
8.408940792083740234e+00
7.096178293228149414e+00
8.416352510452270508e+00
8.207675933837890625e+00
1.052603077888488770e+01
8.873446464538574219e+00
8.357494831085205078e+00
7.507609844207763672e+00
9.128644943237304688e+00
7.669875383377075195e+00
1.068586921691894531e+01
9.959941864013671875e+00
8.461202621459960938e+00
1.124249196052551270e+01
8.463373899459838867e+00
8.520854949951171875e+00
9.045055150985717773e+00
9.316661834716796875e+00
1.069702291488647461e+01
8.283375263214111328e+00
8.369757175445556641e+00
6.875709533691406250e+00
1.054463648796081543e+01
1.010901403427124023e+01
9.825544118881225586e+00
9.300366401672363281e+00
1.031565976142883301e+01
9.622388362884521484e+00
8.284596681594848633e+00
7.680204629898071289e+00
9.181731224060058594e+00
8.129133462905883789e+00
8.002515316009521484e+00
8.312551975250244141e+00
7.840747594833374023e+00
9.301808834075927734e+00
1.003048086166381836e+01
8.379532337188720703e+00
7.705954313278198242e+00
9.618812322616577148e+00
9.042746067047119141e+00
7.823558092117309570e+00
8.668126583099365234e+00
8.191032648086547852e+00
9.302191257476806641e+00
8.916972160339355469e+00
7.494756460189819336e+00
9.178466796875000000e+00
8.702207326889038086e+00
8.871343612670898438e+00
9.704771518707275391e+00
7.775469303131103516e+00
9.109166145324707031e+00
8.813666820526123047e+00
7.716302156448364258e+00
7.647924184799194336e+00
9.675251722335815430e+00
1.052575707435607910e+01
8.215693473815917969e+00
1.022245049476623535e+01
6.631269931793212891e+00
8.083178997039794922e+00
9.554229021072387695e+00
7.781051874160766602e+00
8.230860710144042969e+00
9.784097194671630859e+00
8.806609630584716797e+00
9.372712135314941406e+00
1.100520205497741699e+01
9.420109033584594727e+00
6.474998474121093750e+00
7.380075454711914062e+00
8.052286386489868164e+00
7.137790203094482422e+00
9.665889263153076172e+00
1.012858605384826660e+01
8.427989721298217773e+00
8.150578737258911133e+00
9.168598413467407227e+00
1.053387522697448730e+01
9.667953252792358398e+00
8.239961862564086914e+00
6.797087192535400391e+00
9.585765361785888672e+00
9.445291042327880859e+00
8.792429924011230469e+00
8.900096416473388672e+00
9.092890501022338867e+00
8.809954404830932617e+00
8.789852857589721680e+00
9.689779520034790039e+00
9.391960144042968750e+00
7.634446859359741211e+00
9.136144161224365234e+00
9.177544116973876953e+00
9.565038919448852539e+00
7.045485258102416992e+00
9.384685993194580078e+00
7.695013761520385742e+00
6.185604095458984375e+00
7.837762832641601562e+00
9.025851011276245117e+00
8.822769403457641602e+00
5.671737909317016602e+00
9.163912296295166016e+00
8.577797412872314453e+00
8.532538414001464844e+00
7.244092702865600586e+00
1.003061318397521973e+01
9.799310922622680664e+00
9.322577953338623047e+00
7.037937164306640625e+00
8.893845796585083008e+00
9.599838018417358398e+00
1.063908481597900391e+01
9.048326253890991211e+00
8.679426431655883789e+00
7.522887229919433594e+00
7.920281648635864258e+00
9.687087059020996094e+00
8.364548444747924805e+00
8.522130489349365234e+00
8.865318298339843750e+00
9.121658802032470703e+00
9.029149293899536133e+00
8.373684167861938477e+00
8.765732526779174805e+00
8.455767631530761719e+00
7.698296308517456055e+00
7.658016920089721680e+00
7.152804374694824219e+00
8.991070032119750977e+00
9.329434156417846680e+00
8.002084732055664062e+00
8.590401172637939453e+00
7.158242702484130859e+00
8.721514701843261719e+00
7.609915256500244141e+00
6.553991079330444336e+00
7.676301240921020508e+00
8.058474779129028320e+00
8.019166707992553711e+00
9.031935691833496094e+00
8.752622365951538086e+00
8.562297105789184570e+00
9.854513168334960938e+00
7.756593227386474609e+00
9.224522113800048828e+00
7.286646604537963867e+00
9.401203870773315430e+00
8.446682214736938477e+00
8.442186594009399414e+00
1.011475658416748047e+01
1.000519418716430664e+01
9.882479190826416016e+00
1.064405274391174316e+01
8.804250717163085938e+00
1.033533406257629395e+01
9.923074722290039062e+00
9.875558614730834961e+00
1.005284523963928223e+01
1.051121926307678223e+01
7.520470619201660156e+00
8.865692615509033203e+00
7.856464862823486328e+00
9.404835462570190430e+00
8.212656974792480469e+00
6.947322368621826172e+00
8.500362157821655273e+00
8.304359912872314453e+00
1.068444633483886719e+01
7.982246875762939453e+00
9.244464397430419922e+00
8.475703477859497070e+00
1.092894840240478516e+01
9.816392898559570312e+00
9.638019084930419922e+00
9.216306686401367188e+00
8.633743762969970703e+00
6.475282669067382812e+00
7.696476697921752930e+00
7.531146287918090820e+00
6.813886404037475586e+00
8.700212717056274414e+00
8.545113325119018555e+00
9.089095354080200195e+00
7.639964580535888672e+00
8.020356416702270508e+00
8.696498632431030273e+00
9.509398698806762695e+00
8.100283145904541016e+00
6.734789371490478516e+00
7.548627853393554688e+00
8.858916282653808594e+00
7.583075523376464844e+00
9.174666881561279297e+00
6.927314758300781250e+00
5.849104642868041992e+00
7.414701461791992188e+00
9.317700147628784180e+00
6.951776981353759766e+00
7.740988731384277344e+00
9.963869333267211914e+00
8.982925176620483398e+00
6.641587734222412109e+00
9.361370563507080078e+00
7.569055557250976562e+00
7.969525098800659180e+00
8.112783908843994141e+00
7.346132755279541016e+00
8.146046876907348633e+00
9.803308248519897461e+00
7.708780527114868164e+00
8.335530757904052734e+00
7.827524900436401367e+00
8.503139734268188477e+00
7.722140550613403320e+00
9.734673738479614258e+00
9.193437576293945312e+00
9.149159908294677734e+00
9.263144969940185547e+00
7.393705844879150391e+00
8.321098804473876953e+00
7.799630165100097656e+00
8.627571105957031250e+00
8.028648853302001953e+00
6.866060495376586914e+00
7.672454118728637695e+00
8.929529666900634766e+00
7.546892642974853516e+00
8.390894889831542969e+00
6.698779821395874023e+00
8.674309253692626953e+00
6.142361402511596680e+00
9.877248764038085938e+00
7.825051307678222656e+00
9.495149612426757812e+00
6.773736000061035156e+00
8.994979143142700195e+00
8.785547733306884766e+00
9.693482160568237305e+00
9.095528841018676758e+00
8.380110979080200195e+00
8.269049644470214844e+00
1.017409253120422363e+01
7.996756553649902344e+00
8.319154262542724609e+00
7.696244001388549805e+00
8.671554327011108398e+00
7.650756597518920898e+00
7.943832159042358398e+00
8.684686422348022461e+00
9.730912923812866211e+00
7.932965517044067383e+00
8.362142086029052734e+00
9.381179571151733398e+00
8.441431045532226562e+00
8.957472324371337891e+00
8.883084058761596680e+00
9.300821304321289062e+00
7.197808265686035156e+00
6.324429750442504883e+00
9.624903202056884766e+00
9.018829822540283203e+00
7.775518417358398438e+00
8.300942659378051758e+00
8.686875104904174805e+00
1.035238480567932129e+01
7.918536424636840820e+00
9.303005456924438477e+00
1.013548731803894043e+01
8.679220676422119141e+00
9.619240522384643555e+00
8.895759582519531250e+00
7.880659341812133789e+00
8.634814023971557617e+00
9.234929084777832031e+00
1.126121020317077637e+01
1.124207282066345215e+01
1.002254772186279297e+01
8.692093849182128906e+00
1.005995965003967285e+01
9.886922121047973633e+00
9.165651559829711914e+00
9.148426771163940430e+00
7.815731525421142578e+00
7.902467489242553711e+00
9.043545961380004883e+00
9.722578525543212891e+00
9.421410083770751953e+00
8.998775243759155273e+00
8.688905715942382812e+00
7.812935590744018555e+00
9.071710348129272461e+00
1.004100990295410156e+01
9.821978330612182617e+00
8.693959951400756836e+00
8.386326313018798828e+00
8.262825012207031250e+00
8.662766933441162109e+00
1.035873365402221680e+01
9.901779890060424805e+00
8.261665821075439453e+00
9.848985433578491211e+00
8.219917058944702148e+00
1.022504210472106934e+01
8.931187391281127930e+00
9.748867511749267578e+00
8.903619527816772461e+00
8.391935586929321289e+00
9.957324266433715820e+00
8.894261598587036133e+00
8.045007228851318359e+00
1.030224013328552246e+01
8.331255197525024414e+00
1.014357042312622070e+01
9.141807317733764648e+00
9.667773008346557617e+00
9.773920774459838867e+00
9.551891326904296875e+00
9.062115669250488281e+00
7.074216127395629883e+00
9.407403469085693359e+00
8.031830072402954102e+00
1.009077668190002441e+01
1.047162532806396484e+01
6.103034973144531250e+00
7.948803186416625977e+00
8.430895805358886719e+00
8.888119459152221680e+00
8.464456081390380859e+00
1.004569578170776367e+01
1.033554577827453613e+01
1.043548440933227539e+01
1.005357837677001953e+01
8.824545621871948242e+00
9.982625722885131836e+00
9.039392709732055664e+00
8.686336994171142578e+00
9.096822738647460938e+00
8.399244070053100586e+00
7.222587108612060547e+00
9.196054458618164062e+00
9.392593860626220703e+00
9.602669954299926758e+00
7.720187664031982422e+00
8.228291511535644531e+00
9.900792598724365234e+00
1.007791662216186523e+01
7.221612453460693359e+00
6.656978368759155273e+00
9.917304992675781250e+00
8.691150665283203125e+00
8.965260267257690430e+00
8.362095594406127930e+00
7.645376205444335938e+00
9.068946599960327148e+00
1.073512005805969238e+01
7.656200647354125977e+00
9.800670862197875977e+00
1.073108649253845215e+01
9.149471044540405273e+00
6.114158868789672852e+00
8.843676567077636719e+00
7.660729646682739258e+00
9.905539512634277344e+00
9.287866592407226562e+00
1.014894986152648926e+01
8.331227540969848633e+00
7.828526973724365234e+00
7.686585664749145508e+00
9.747699975967407227e+00
8.948554992675781250e+00
9.115899562835693359e+00
9.437227964401245117e+00
9.183716535568237305e+00
9.129415512084960938e+00
6.244040966033935547e+00
9.430041074752807617e+00
8.832151651382446289e+00
9.275801658630371094e+00
9.507756710052490234e+00
9.348469734191894531e+00
8.787313699722290039e+00
1.031611537933349609e+01
1.005556058883666992e+01
9.526397466659545898e+00
8.420676946640014648e+00
9.584181308746337891e+00
8.878128051757812500e+00
5.760257959365844727e+00
8.297614336013793945e+00
8.341623783111572266e+00
9.879904031753540039e+00
8.828386545181274414e+00
7.947205781936645508e+00
1.136903858184814453e+01
9.204343318939208984e+00
6.107057571411132812e+00
9.137947082519531250e+00
9.519807577133178711e+00
9.866457223892211914e+00
8.999666213989257812e+00
8.781494855880737305e+00
7.812992572784423828e+00
9.394111394882202148e+00
9.127027273178100586e+00
7.075051784515380859e+00
1.053207993507385254e+01
7.746449947357177734e+00
6.974920988082885742e+00
8.591210842132568359e+00
9.460867881774902344e+00
7.976948261260986328e+00
9.542946577072143555e+00
9.504250526428222656e+00
9.815684318542480469e+00
9.002749681472778320e+00
7.158312320709228516e+00
9.929860830307006836e+00
9.146878004074096680e+00
7.075508832931518555e+00
9.751718521118164062e+00
7.711849689483642578e+00
9.070166826248168945e+00
6.429902791976928711e+00
6.411760807037353516e+00
9.675779581069946289e+00
9.404767036437988281e+00
8.387556791305541992e+00
8.857466220855712891e+00
8.405054807662963867e+00
5.570564031600952148e+00
8.980999469757080078e+00
9.795698404312133789e+00
8.466950416564941406e+00
8.074637651443481445e+00
8.992880105972290039e+00
1.015335822105407715e+01
8.709033727645874023e+00
8.405540227890014648e+00
8.056372165679931641e+00
9.656947374343872070e+00
6.757968187332153320e+00
8.454990148544311523e+00
7.842048883438110352e+00
9.647359609603881836e+00
1.006875538825988770e+01
8.769895553588867188e+00
6.904659986495971680e+00
9.420182943344116211e+00
9.173285245895385742e+00
1.025687193870544434e+01
8.971345663070678711e+00
8.449257612228393555e+00
1.028323912620544434e+01
9.474807024002075195e+00
9.380358457565307617e+00
7.728210210800170898e+00
8.876909017562866211e+00
6.949360847473144531e+00
8.354949712753295898e+00
9.055251598358154297e+00
7.416843414306640625e+00
7.855484724044799805e+00
8.083545684814453125e+00
8.672921180725097656e+00
8.591218471527099609e+00
9.554347991943359375e+00
7.820430517196655273e+00
7.618587255477905273e+00
8.503531932830810547e+00
9.002942323684692383e+00
8.074655294418334961e+00
6.975669384002685547e+00
6.639664888381958008e+00
7.982165575027465820e+00
7.627601623535156250e+00
9.723740816116333008e+00
1.128878235816955566e+01
8.574800014495849609e+00
9.337877988815307617e+00
8.650785446166992188e+00
7.107186079025268555e+00
9.318576812744140625e+00
8.873491287231445312e+00
8.883512258529663086e+00
9.647858619689941406e+00
9.417675971984863281e+00
9.070709466934204102e+00
9.079670429229736328e+00
8.986977815628051758e+00
9.601601362228393555e+00
9.710672140121459961e+00
9.670201063156127930e+00
9.826411008834838867e+00
9.794969797134399414e+00
7.015559196472167969e+00
8.907433986663818359e+00
9.751461267471313477e+00
9.902306556701660156e+00
8.957926034927368164e+00
7.973195791244506836e+00
9.554677009582519531e+00
6.742859125137329102e+00
9.722215414047241211e+00
9.681500911712646484e+00
1.073187470436096191e+01
9.744891643524169922e+00
1.010108923912048340e+01
9.131353855133056641e+00
9.126925230026245117e+00
9.350818157196044922e+00
8.854479074478149414e+00
8.887794017791748047e+00
9.495031118392944336e+00
8.223857879638671875e+00
8.508348464965820312e+00
9.324866533279418945e+00
9.131907463073730469e+00
1.072072696685791016e+01
7.490536689758300781e+00
1.033431601524353027e+01
1.001519131660461426e+01
7.696362018585205078e+00
1.023062491416931152e+01
9.951754093170166016e+00
8.544338464736938477e+00
6.747487068176269531e+00
9.099350214004516602e+00
6.983187913894653320e+00
1.006810545921325684e+01
9.488922595977783203e+00
8.606186151504516602e+00
7.099566698074340820e+00
8.189592361450195312e+00
9.457333087921142578e+00
7.002027988433837891e+00
9.160086631774902344e+00
8.501674890518188477e+00
1.019597530364990234e+01
8.316943645477294922e+00
7.216310024261474609e+00
8.243775367736816406e+00
9.103361845016479492e+00
8.218014001846313477e+00
9.346267461776733398e+00
9.437492370605468750e+00
9.297984361648559570e+00
6.220541954040527344e+00
6.391807556152343750e+00
8.716615200042724609e+00
8.822199106216430664e+00
9.907023906707763672e+00
9.451636791229248047e+00
9.940385341644287109e+00
1.056930422782897949e+01
8.819375991821289062e+00
1.000531601905822754e+01
7.791570425033569336e+00
8.478170394897460938e+00
8.943847894668579102e+00
1.064698386192321777e+01
9.646389484405517578e+00
9.506933212280273438e+00
9.244590520858764648e+00
8.576263427734375000e+00
7.878113031387329102e+00
7.932621955871582031e+00
9.274358749389648438e+00
9.707454681396484375e+00
8.891873836517333984e+00
1.057399177551269531e+01
7.427240848541259766e+00
9.464184045791625977e+00
8.628214836120605469e+00
1.030135345458984375e+01
8.765727281570434570e+00
8.512125730514526367e+00
8.836057901382446289e+00
8.507930278778076172e+00
9.134159326553344727e+00
8.412966489791870117e+00
7.888485908508300781e+00
8.938048124313354492e+00
6.609994173049926758e+00
9.971982717514038086e+00
8.738723516464233398e+00
9.557356357574462891e+00
8.737009763717651367e+00
6.350533723831176758e+00
9.057357072830200195e+00
1.006265044212341309e+01
8.064003467559814453e+00
7.643763542175292969e+00
1.025909185409545898e+01
8.590222358703613281e+00
7.310506343841552734e+00
8.613381862640380859e+00
9.022058010101318359e+00
1.054307198524475098e+01
8.195496082305908203e+00
7.897871494293212891e+00
8.329363822937011719e+00
8.637307882308959961e+00
9.655004978179931641e+00
9.816761255264282227e+00
8.008009910583496094e+00
7.690046310424804688e+00
8.290956258773803711e+00
9.172123908996582031e+00
8.552688121795654297e+00
1.041677784919738770e+01
1.005498409271240234e+01
8.218731641769409180e+00
8.194425821304321289e+00
8.357846498489379883e+00
9.378781080245971680e+00
9.581933736801147461e+00
1.004546093940734863e+01
7.868175983428955078e+00
8.404353857040405273e+00
7.714997768402099609e+00
9.646738290786743164e+00
6.420856475830078125e+00
9.252985954284667969e+00
9.940840482711791992e+00
1.042546486854553223e+01
8.528967380523681641e+00
4.750727176666259766e+00
9.653782129287719727e+00
7.819094419479370117e+00
7.788599252700805664e+00
9.158776521682739258e+00
8.169224262237548828e+00
9.976560354232788086e+00
9.240161180496215820e+00
8.140336275100708008e+00
7.190410375595092773e+00
7.580925464630126953e+00
9.929991245269775391e+00
9.883755445480346680e+00
8.620495557785034180e+00
8.322798728942871094e+00
8.089360713958740234e+00
8.524907588958740234e+00
8.898118257522583008e+00
9.424905538558959961e+00
9.950476646423339844e+00
9.469707250595092773e+00
9.615182399749755859e+00
9.841186523437500000e+00
1.057296776771545410e+01
1.038143014907836914e+01
1.004965353012084961e+01
1.036450719833374023e+01
1.023827648162841797e+01
1.038136148452758789e+01
7.222197055816650391e+00
1.002704191207885742e+01
9.049972534179687500e+00
9.104383707046508789e+00
9.093214035034179688e+00
9.743036508560180664e+00
9.587839841842651367e+00
9.068944931030273438e+00
6.365721464157104492e+00
8.771336078643798828e+00
1.123884510993957520e+01
8.151917219161987305e+00
7.971102237701416016e+00
7.068769216537475586e+00
7.990477085113525391e+00
1.012299346923828125e+01
7.924340724945068359e+00
9.627444982528686523e+00
9.774975061416625977e+00
9.260996818542480469e+00
8.490101099014282227e+00
6.628864049911499023e+00
6.692883968353271484e+00
8.144089698791503906e+00
8.824313402175903320e+00
1.098787307739257812e+01
1.004535984992980957e+01
8.921782255172729492e+00
8.501329898834228516e+00
9.708642244338989258e+00
1.034859943389892578e+01
1.074663448333740234e+01
1.059366512298583984e+01
7.619313716888427734e+00
8.775319814682006836e+00
7.940073728561401367e+00
9.242274284362792969e+00
7.860280990600585938e+00
9.601617097854614258e+00
8.481363058090209961e+00
1.028944993019104004e+01
8.084711313247680664e+00
7.807028293609619141e+00
7.401100397109985352e+00
8.882550001144409180e+00
1.006536483764648438e+01
8.376540899276733398e+00
8.426330804824829102e+00
5.139253377914428711e+00
8.814835309982299805e+00
8.573884725570678711e+00
7.351986408233642578e+00
7.987040042877197266e+00
8.960529804229736328e+00
1.055350017547607422e+01
8.600737094879150391e+00
8.637582778930664062e+00
9.142518758773803711e+00
7.816173315048217773e+00
8.645009756088256836e+00
9.743261575698852539e+00
8.988775253295898438e+00
7.504089355468750000e+00
8.185232639312744141e+00
7.938323020935058594e+00
7.679721355438232422e+00
7.707838773727416992e+00
1.012174201011657715e+01
9.438656806945800781e+00
1.019520473480224609e+01
7.981907606124877930e+00
1.066576528549194336e+01
1.103550004959106445e+01
7.764078617095947266e+00
7.853059291839599609e+00
8.337498188018798828e+00
7.018055438995361328e+00
1.032714605331420898e+01
9.686848640441894531e+00
7.875472784042358398e+00
7.027507305145263672e+00
7.064408540725708008e+00
8.350079536437988281e+00
9.041464090347290039e+00
9.772866249084472656e+00
1.003241181373596191e+01
1.011654520034790039e+01
9.839469194412231445e+00
8.098780393600463867e+00
9.625543117523193359e+00
9.324129819869995117e+00
8.811409950256347656e+00
8.404354333877563477e+00
6.683335065841674805e+00
9.255385637283325195e+00
9.665947675704956055e+00
8.350212335586547852e+00
9.948075532913208008e+00
9.426690340042114258e+00
7.781880855560302734e+00
1.080303335189819336e+01
9.549131870269775391e+00
1.053347301483154297e+01
7.677002429962158203e+00
1.005074143409729004e+01
7.947920560836791992e+00
9.281087160110473633e+00
8.139518022537231445e+00
1.023699045181274414e+01
8.635052442550659180e+00
8.958688020706176758e+00
8.651789426803588867e+00
8.956782817840576172e+00
9.319102048873901367e+00
8.061685323715209961e+00
1.037195110321044922e+01
1.000222611427307129e+01
9.030239820480346680e+00
8.294760704040527344e+00
9.763180494308471680e+00
6.959515571594238281e+00
6.654337406158447266e+00
9.234992027282714844e+00
8.110669612884521484e+00
6.177048206329345703e+00
8.866494655609130859e+00
8.649589776992797852e+00
9.295909166336059570e+00
1.081889081001281738e+01
9.634287118911743164e+00
8.357180833816528320e+00
9.599982261657714844e+00
9.321798563003540039e+00
7.712557315826416016e+00
5.795582294464111328e+00
1.014001369476318359e+01
9.584431648254394531e+00
1.016132450103759766e+01
8.089529991149902344e+00
7.584865093231201172e+00
8.870659112930297852e+00
1.025152707099914551e+01
9.126692771911621094e+00
1.021504950523376465e+01
8.907212257385253906e+00
8.444652557373046875e+00
1.092240643501281738e+01
1.005075168609619141e+01
9.426225185394287109e+00
8.378434181213378906e+00
8.966611385345458984e+00
9.675806999206542969e+00
8.313415765762329102e+00
8.643343448638916016e+00
9.244875907897949219e+00
8.879013061523437500e+00
8.306115627288818359e+00
1.008106398582458496e+01
1.111677098274230957e+01
7.194321632385253906e+00
9.880853414535522461e+00
7.987861633300781250e+00
8.349008083343505859e+00
9.094997882843017578e+00
1.006974768638610840e+01
9.463939666748046875e+00
8.355928659439086914e+00
9.590218305587768555e+00
9.597173690795898438e+00
8.254805803298950195e+00
9.648685455322265625e+00
9.114916086196899414e+00
8.919173955917358398e+00
1.036243033409118652e+01
9.036198854446411133e+00
7.966439723968505859e+00
8.954453229904174805e+00
9.742085933685302734e+00
9.758422851562500000e+00
9.549351215362548828e+00
8.316169977188110352e+00
8.147975921630859375e+00
1.032249116897583008e+01
8.567540884017944336e+00
8.436668157577514648e+00
9.182658910751342773e+00
1.092991304397583008e+01
8.448480367660522461e+00
8.651631355285644531e+00
9.617864847183227539e+00
1.080561518669128418e+01
8.403198957443237305e+00
8.930600881576538086e+00
9.886437177658081055e+00
1.004947543144226074e+01
1.015733718872070312e+01
1.030894827842712402e+01
8.660676002502441406e+00
1.006666064262390137e+01
8.850772619247436523e+00
8.471598148345947266e+00
8.837617397308349609e+00
1.008381199836730957e+01
8.675095796585083008e+00
8.693916797637939453e+00
6.212823390960693359e+00
7.026721477508544922e+00
8.242569923400878906e+00
9.655986785888671875e+00
1.011622500419616699e+01
8.900405168533325195e+00
6.979626893997192383e+00
8.437685012817382812e+00
7.868114471435546875e+00
8.184088468551635742e+00
9.524882078170776367e+00
9.552779197692871094e+00
1.011734271049499512e+01
1.005956363677978516e+01
1.007217001914978027e+01
6.624826431274414062e+00
8.159590482711791992e+00
8.638315677642822266e+00
1.028864860534667969e+01
9.878734827041625977e+00
8.165814638137817383e+00
7.858060836791992188e+00
9.900179624557495117e+00
7.882208347320556641e+00
9.099864721298217773e+00
9.043356895446777344e+00
8.535627126693725586e+00
9.770669937133789062e+00
8.979437112808227539e+00
9.443250656127929688e+00
8.325910806655883789e+00
6.285574913024902344e+00
7.653123378753662109e+00
8.800541877746582031e+00
8.831645011901855469e+00
7.758444070816040039e+00
9.038899898529052734e+00
9.032970428466796875e+00
7.220851898193359375e+00
1.099960327148437500e+01
9.884212017059326172e+00
9.432744741439819336e+00
9.710025787353515625e+00
1.027910614013671875e+01
9.088800430297851562e+00
6.606150388717651367e+00
9.947064638137817383e+00
8.733061552047729492e+00
8.914244651794433594e+00
1.042949867248535156e+01
1.074171757698059082e+01
8.965746879577636719e+00
8.773273706436157227e+00
1.037217187881469727e+01
9.940551519393920898e+00
9.184774398803710938e+00
9.700541734695434570e+00
8.914620161056518555e+00
9.944083929061889648e+00
1.048486590385437012e+01
9.374887943267822266e+00
7.973170042037963867e+00
9.331777095794677734e+00
1.034015059471130371e+01
9.874367237091064453e+00
1.022772717475891113e+01
8.460349798202514648e+00
9.105723142623901367e+00
7.459234714508056641e+00
8.233671903610229492e+00
7.209741830825805664e+00
9.156209230422973633e+00
8.134979486465454102e+00
8.438908338546752930e+00
1.011730337142944336e+01
9.186315536499023438e+00
9.895746469497680664e+00
1.030065631866455078e+01
7.608422517776489258e+00
9.218332529067993164e+00
9.620060443878173828e+00
8.665218114852905273e+00
7.343281030654907227e+00
1.021770000457763672e+01
8.422387838363647461e+00
7.280447006225585938e+00
8.393835544586181641e+00
7.799829244613647461e+00
7.813788890838623047e+00
8.668828964233398438e+00
9.530199766159057617e+00
9.132455348968505859e+00
8.220450401306152344e+00
8.658009290695190430e+00
8.690835475921630859e+00
6.337910652160644531e+00
8.319308757781982422e+00
8.219720840454101562e+00
9.377047538757324219e+00
9.050870895385742188e+00
9.885261058807373047e+00
9.039106130599975586e+00
6.907053232192993164e+00
8.908873558044433594e+00
1.008300065994262695e+01
6.527475595474243164e+00
9.434331655502319336e+00
8.770522356033325195e+00
9.778945446014404297e+00
9.741373062133789062e+00
9.048426389694213867e+00
8.303142786026000977e+00
9.807593822479248047e+00
1.014387559890747070e+01
9.640804290771484375e+00
9.348025798797607422e+00
7.624854087829589844e+00
7.955716848373413086e+00
6.742882490158081055e+00
8.363291501998901367e+00
8.869880437850952148e+00
9.859557867050170898e+00
8.893073558807373047e+00
6.624762773513793945e+00
9.664917230606079102e+00
7.735495328903198242e+00
1.036251425743103027e+01
1.022376894950866699e+01
7.552952527999877930e+00
1.076733326911926270e+01
9.820141315460205078e+00
8.723821640014648438e+00
9.350771188735961914e+00
7.536848783493041992e+00
8.423342227935791016e+00
8.137328863143920898e+00
8.832108974456787109e+00
8.085340261459350586e+00
1.037113857269287109e+01
1.004858922958374023e+01
1.044747519493103027e+01
8.640974760055541992e+00
9.100872993469238281e+00
1.031382083892822266e+01
1.085898160934448242e+01
9.173353672027587891e+00
9.134296178817749023e+00
8.746333360671997070e+00
1.055269742012023926e+01
1.003279685974121094e+01
9.116916894912719727e+00
1.059888148307800293e+01
9.721171140670776367e+00
9.716158866882324219e+00
8.502736091613769531e+00
9.104644775390625000e+00
8.173696517944335938e+00
7.728075742721557617e+00
7.873219966888427734e+00
9.668325185775756836e+00
7.002320766448974609e+00
9.220889091491699219e+00
1.003899693489074707e+01
9.924907207489013672e+00
9.714012622833251953e+00
9.033140182495117188e+00
9.611399173736572266e+00
1.029446864128112793e+01
8.799299716949462891e+00
8.868304014205932617e+00
1.041443443298339844e+01
1.106470537185668945e+01
9.102728128433227539e+00
6.589900970458984375e+00
5.849424839019775391e+00
6.987323284149169922e+00
9.078003168106079102e+00
9.399332523345947266e+00
7.799752712249755859e+00
8.744208574295043945e+00
7.342026472091674805e+00
7.544048070907592773e+00
8.685237884521484375e+00
9.248145580291748047e+00
9.590096950531005859e+00
9.666020154953002930e+00
9.481842756271362305e+00
8.864748001098632812e+00
7.972729921340942383e+00
9.046912908554077148e+00
9.928462028503417969e+00
9.390999317169189453e+00
9.707088708877563477e+00
7.447794914245605469e+00
9.696489334106445312e+00
1.000466561317443848e+01
9.401422500610351562e+00
9.706890106201171875e+00
8.701337575912475586e+00
8.527064085006713867e+00
1.042057633399963379e+01
1.032561969757080078e+01
8.994394540786743164e+00
9.351981163024902344e+00
8.626565217971801758e+00
7.694194555282592773e+00
8.521131038665771484e+00
9.955655097961425781e+00
9.606045246124267578e+00
9.360965728759765625e+00
7.502295732498168945e+00
8.639621734619140625e+00
9.715878486633300781e+00
8.391005516052246094e+00
8.409479379653930664e+00
8.543600082397460938e+00
9.171773672103881836e+00
8.614627599716186523e+00
1.029055476188659668e+01
9.587396621704101562e+00
6.776930570602416992e+00
8.680406570434570312e+00
9.508810997009277344e+00
1.048497676849365234e+01
9.650908946990966797e+00
9.960573911666870117e+00
9.140295028686523438e+00
7.013501405715942383e+00
9.236629962921142578e+00
9.477132797241210938e+00
8.403077125549316406e+00
9.464965581893920898e+00
9.781312942504882812e+00
9.468998432159423828e+00
9.868143320083618164e+00
9.537058830261230469e+00
8.475100994110107422e+00
8.763873577117919922e+00
4.950215578079223633e+00
7.854213237762451172e+00
9.494832277297973633e+00
9.425583839416503906e+00
7.771367549896240234e+00
9.672667503356933594e+00
9.621198415756225586e+00
9.955655097961425781e+00
9.167557477951049805e+00
8.957153558731079102e+00
8.085669040679931641e+00
8.979868173599243164e+00
1.008283638954162598e+01
9.739923477172851562e+00
7.382370710372924805e+00
8.210745811462402344e+00
1.007764935493469238e+01
8.641628742218017578e+00
9.927485942840576172e+00
8.277211666107177734e+00
7.652749061584472656e+00
8.414533376693725586e+00
1.004202556610107422e+01
8.479722976684570312e+00
9.338895082473754883e+00
8.916171312332153320e+00
8.422155141830444336e+00
9.591743230819702148e+00
1.021598243713378906e+01
1.003357124328613281e+01
9.678906440734863281e+00
9.335210561752319336e+00
1.011660671234130859e+01
8.527259111404418945e+00
7.846127748489379883e+00
8.995990037918090820e+00
7.704875469207763672e+00
1.018777227401733398e+01
9.973398923873901367e+00
9.524144411087036133e+00
8.027013540267944336e+00
1.028002119064331055e+01
9.516529560089111328e+00
8.235208034515380859e+00
7.849958181381225586e+00
7.731780052185058594e+00
9.166358470916748047e+00
9.771780014038085938e+00
9.948749542236328125e+00
9.702229976654052734e+00
8.127548217773437500e+00
8.597123146057128906e+00
8.654746532440185547e+00
8.210361242294311523e+00
8.046305179595947266e+00
9.475484609603881836e+00
8.809508800506591797e+00
1.034068822860717773e+01
9.719103813171386719e+00
8.756954669952392578e+00
8.815859794616699219e+00
9.955483675003051758e+00
9.014263629913330078e+00
6.780347585678100586e+00
9.294291496276855469e+00
9.435853958129882812e+00
1.009242463111877441e+01
1.034785389900207520e+01
8.470661878585815430e+00
9.907892227172851562e+00
9.607240915298461914e+00
9.566964864730834961e+00
8.704596757888793945e+00
9.253811597824096680e+00
1.040786337852478027e+01
1.001115083694458008e+01
9.926795005798339844e+00
8.515721321105957031e+00
9.633803129196166992e+00
8.359979391098022461e+00
8.120090723037719727e+00
8.866007566452026367e+00
1.076508140563964844e+01
8.333216905593872070e+00
7.855759382247924805e+00
8.890800476074218750e+00
9.502316474914550781e+00
9.281764268875122070e+00
7.200574398040771484e+00
9.103222370147705078e+00
1.048993062973022461e+01
9.392584800720214844e+00
8.942680597305297852e+00
8.713925361633300781e+00
9.539028167724609375e+00
9.322945594787597656e+00
8.417920351028442383e+00
9.165479898452758789e+00
8.683723688125610352e+00
8.058106660842895508e+00
5.832419633865356445e+00
9.487184762954711914e+00
8.793344259262084961e+00
7.870123147964477539e+00
1.043230247497558594e+01
9.884342193603515625e+00
1.021841263771057129e+01
8.844279289245605469e+00
9.408622264862060547e+00
8.198471307754516602e+00
8.473062276840209961e+00
8.641565561294555664e+00
1.002374720573425293e+01
1.000337481498718262e+01
1.052419471740722656e+01
8.711003541946411133e+00
7.349544525146484375e+00
7.979667901992797852e+00
7.846739053726196289e+00
1.092403125762939453e+01
8.338947296142578125e+00
8.025660991668701172e+00
8.769442558288574219e+00
8.562848329544067383e+00
8.694299936294555664e+00
9.575304985046386719e+00
9.998129844665527344e+00
1.011914896965026855e+01
9.540107011795043945e+00
9.743371486663818359e+00
6.965108633041381836e+00
8.774204730987548828e+00
8.660421371459960938e+00
8.383796453475952148e+00
1.019189810752868652e+01
9.585903167724609375e+00
8.872537851333618164e+00
9.462627649307250977e+00
9.977126598358154297e+00
9.693847417831420898e+00
1.030484890937805176e+01
8.928066015243530273e+00
9.882199048995971680e+00
9.252348899841308594e+00
8.410386085510253906e+00
6.747671365737915039e+00
9.644098043441772461e+00
7.836791753768920898e+00
8.663954019546508789e+00
1.032366847991943359e+01
1.002510190010070801e+01
6.800387859344482422e+00
6.381150245666503906e+00
8.044033288955688477e+00
7.889024972915649414e+00
6.418936014175415039e+00
8.628751754760742188e+00
9.079660177230834961e+00
9.456347227096557617e+00
8.470568656921386719e+00
1.062444281578063965e+01
1.043803048133850098e+01
8.349000692367553711e+00
9.966346025466918945e+00
1.028876304626464844e+01
8.021607875823974609e+00
9.030134201049804688e+00
8.880043029785156250e+00
1.012945652008056641e+01
1.025803899765014648e+01
1.001969122886657715e+01
7.947066068649291992e+00
7.932671070098876953e+00
9.562746763229370117e+00
9.776314496994018555e+00
1.001157140731811523e+01
9.729747295379638672e+00
9.830818176269531250e+00
1.059690570831298828e+01
1.008101916313171387e+01
1.029844021797180176e+01
9.618507862091064453e+00
9.137278318405151367e+00
6.912473201751708984e+00
8.417353868484497070e+00
7.862606287002563477e+00
8.000019550323486328e+00
7.240443229675292969e+00
1.028994584083557129e+01
9.630740404129028320e+00
8.514939785003662109e+00
9.969426155090332031e+00
7.889335632324218750e+00
1.062092590332031250e+01
9.199347257614135742e+00
7.260471582412719727e+00
1.025818490982055664e+01
8.343513488769531250e+00
8.652066230773925781e+00
8.289153099060058594e+00
8.444241046905517578e+00
9.052398443222045898e+00
9.993899345397949219e+00
8.941680192947387695e+00
1.025964927673339844e+01
8.569192409515380859e+00
9.527389526367187500e+00
9.403270721435546875e+00
8.623476028442382812e+00
9.279691219329833984e+00
8.843675613403320312e+00
7.124696254730224609e+00
1.022566652297973633e+01
5.332200527191162109e+00
8.284316301345825195e+00
8.570641279220581055e+00
1.073515892028808594e+01
9.540493965148925781e+00
9.325490236282348633e+00
1.042314338684082031e+01
8.695616960525512695e+00
9.936006546020507812e+00
8.306174039840698242e+00
1.015854358673095703e+01
7.898576259613037109e+00
8.688946247100830078e+00
8.243726730346679688e+00
8.614278078079223633e+00
8.997835397720336914e+00
1.038727951049804688e+01
7.880159616470336914e+00
8.038347244262695312e+00
9.222716569900512695e+00
9.240864038467407227e+00
9.773076295852661133e+00
9.793568849563598633e+00
1.041551303863525391e+01
1.021387124061584473e+01
7.974236965179443359e+00
8.579221725463867188e+00
9.489670276641845703e+00
9.838974237442016602e+00
8.203920602798461914e+00
6.841421127319335938e+00
8.833486557006835938e+00
1.028533339500427246e+01
6.847163438796997070e+00
9.159205436706542969e+00
7.807976961135864258e+00
9.411851882934570312e+00
9.746390819549560547e+00
1.013380503654479980e+01
8.400259017944335938e+00
7.626479864120483398e+00
8.957602024078369141e+00
1.014412832260131836e+01
9.764054775238037109e+00
1.015607023239135742e+01
8.356848716735839844e+00
7.353286981582641602e+00
7.199689865112304688e+00
9.811430215835571289e+00
1.050839281082153320e+01
9.160849809646606445e+00
9.308892011642456055e+00
9.269188642501831055e+00
9.958256483078002930e+00
8.416785001754760742e+00
1.090199708938598633e+01
1.048017764091491699e+01
1.008246994018554688e+01
8.432089328765869141e+00
9.080864191055297852e+00
9.297766923904418945e+00
1.048078703880310059e+01
8.891567945480346680e+00
8.259906530380249023e+00
8.506037473678588867e+00
8.757586956024169922e+00
9.514166355133056641e+00
1.032874441146850586e+01
9.197521924972534180e+00
1.006971359252929688e+01
1.004790782928466797e+01
9.788901805877685547e+00
8.959243297576904297e+00
9.103454828262329102e+00
9.923705816268920898e+00
8.786641359329223633e+00
9.105105876922607422e+00
7.088397979736328125e+00
7.008471012115478516e+00
9.389150381088256836e+00
1.048140740394592285e+01
7.993985891342163086e+00
8.725812673568725586e+00
1.013092994689941406e+01
8.958396434783935547e+00
9.626883745193481445e+00
1.060656070709228516e+01
8.918576240539550781e+00
9.425611495971679688e+00
1.023475980758666992e+01
9.779891729354858398e+00
8.346946239471435547e+00
9.465716361999511719e+00
8.485632896423339844e+00
8.476488590240478516e+00
8.974731683731079102e+00
8.891006946563720703e+00
6.453219652175903320e+00
9.494096755981445312e+00
1.000793886184692383e+01
1.059850358963012695e+01
1.082782506942749023e+01
1.067350888252258301e+01
9.922858238220214844e+00
9.674241781234741211e+00
8.925088644027709961e+00
8.949040174484252930e+00
1.059139394760131836e+01
9.614759206771850586e+00
1.042944192886352539e+01
8.702640295028686523e+00
7.689576625823974609e+00
9.664868116378784180e+00
8.211338996887207031e+00
7.606930971145629883e+00
8.960047721862792969e+00
9.403185606002807617e+00
8.576160669326782227e+00
9.686202526092529297e+00
9.364576339721679688e+00
7.227725744247436523e+00
8.213244199752807617e+00
1.117240095138549805e+01
9.259552717208862305e+00
9.497812032699584961e+00
9.591087341308593750e+00
7.617228269577026367e+00
9.733954906463623047e+00
1.000355291366577148e+01
6.432127475738525391e+00
9.502730846405029297e+00
9.561410903930664062e+00
8.162935018539428711e+00
7.543826580047607422e+00
1.000039029121398926e+01
1.027446103096008301e+01
1.085297727584838867e+01
8.422666072845458984e+00
8.056134939193725586e+00
6.515950918197631836e+00
9.415596485137939453e+00
1.010306763648986816e+01
8.947254657745361328e+00
7.523497343063354492e+00
9.675433874130249023e+00
9.025177955627441406e+00
9.442816257476806641e+00
8.242525815963745117e+00
9.017918109893798828e+00
9.959042549133300781e+00
1.050487136840820312e+01
9.780451297760009766e+00
8.658976316452026367e+00
8.266361951828002930e+00
9.753328561782836914e+00
7.982477664947509766e+00
8.377250909805297852e+00
8.018968105316162109e+00
9.245218038558959961e+00
1.010484457015991211e+01
8.786321163177490234e+00
9.800599098205566406e+00
9.892633438110351562e+00
8.983722209930419922e+00
8.050093650817871094e+00
8.305072307586669922e+00
8.423693418502807617e+00
8.070586919784545898e+00
1.001751613616943359e+01
7.353695869445800781e+00
9.668600320816040039e+00
1.040789103507995605e+01
1.044359302520751953e+01
1.055872464179992676e+01
8.346768379211425781e+00
9.363638162612915039e+00
9.359594345092773438e+00
9.124819278717041016e+00
8.517534971237182617e+00
9.262665987014770508e+00
1.049965691566467285e+01
8.238494634628295898e+00
9.627711057662963867e+00
9.062550067901611328e+00
9.111859083175659180e+00
9.955715656280517578e+00
7.794922828674316406e+00
1.038871479034423828e+01
1.017524814605712891e+01
9.870734214782714844e+00
1.008598160743713379e+01
9.479509353637695312e+00
1.028385996818542480e+01
9.996218681335449219e+00
8.853345632553100586e+00
9.167570829391479492e+00
6.194160461425781250e+00
9.316634893417358398e+00
9.735288381576538086e+00
8.959630012512207031e+00
9.404592275619506836e+00
7.949867248535156250e+00
9.182009458541870117e+00
9.244828939437866211e+00
9.875675201416015625e+00
9.680411815643310547e+00
7.187549829483032227e+00
6.019481897354125977e+00
9.466646671295166016e+00
8.563135862350463867e+00
9.526885032653808594e+00
8.592125654220581055e+00
9.751224994659423828e+00
9.553158044815063477e+00
1.055945491790771484e+01
8.728462696075439453e+00
9.472671508789062500e+00
8.558058977127075195e+00
8.873589277267456055e+00
9.516079664230346680e+00
1.021183681488037109e+01
5.783149242401123047e+00
9.080076217651367188e+00
9.608359098434448242e+00
1.081342697143554688e+01
9.531330347061157227e+00
9.418231487274169922e+00
1.022973370552062988e+01
9.363811254501342773e+00
1.019564318656921387e+01
8.932248353958129883e+00
8.783413887023925781e+00
6.598161220550537109e+00
9.872526884078979492e+00
9.301939487457275391e+00
8.915049076080322266e+00
8.999529600143432617e+00
8.636815309524536133e+00
1.005972599983215332e+01
9.296103954315185547e+00
1.098096442222595215e+01
9.804749250411987305e+00
9.425191879272460938e+00
8.622984170913696289e+00
8.723911285400390625e+00
8.408845424652099609e+00
9.635922431945800781e+00
9.161883592605590820e+00
9.527762889862060547e+00
8.608526945114135742e+00
1.002975225448608398e+01
9.620491027832031250e+00
9.375210523605346680e+00
8.844878196716308594e+00
8.975587368011474609e+00
8.500808238983154297e+00
1.020472764968872070e+01
8.601013660430908203e+00
8.926078081130981445e+00
1.058688950538635254e+01
1.027052593231201172e+01
9.524629592895507812e+00
1.039414000511169434e+01
9.793307065963745117e+00
9.883386850357055664e+00
9.326138257980346680e+00
9.127645969390869141e+00
7.470872879028320312e+00
9.378379344940185547e+00
9.648455619812011719e+00
1.005382657051086426e+01
9.283452272415161133e+00
1.014311718940734863e+01
9.337129116058349609e+00
1.051726508140563965e+01
9.401670694351196289e+00
8.491239547729492188e+00
9.276503086090087891e+00
9.223511457443237305e+00
1.034524559974670410e+01
8.669922351837158203e+00
7.749513626098632812e+00
9.545718431472778320e+00
9.568642377853393555e+00
8.137567520141601562e+00
1.007866501808166504e+01
7.429800987243652344e+00
9.329566240310668945e+00
9.599835872650146484e+00
8.959669351577758789e+00
7.868382215499877930e+00
9.491534233093261719e+00
9.010449409484863281e+00
1.077974939346313477e+01
1.056578373908996582e+01
8.331506013870239258e+00
9.596368074417114258e+00
9.681713104248046875e+00
8.000342369079589844e+00
9.818139076232910156e+00
9.804425477981567383e+00
8.314447402954101562e+00
9.587759017944335938e+00
9.253494262695312500e+00
9.778808593750000000e+00
8.997090101242065430e+00
7.305773735046386719e+00
9.514966726303100586e+00
9.081058740615844727e+00
8.749805688858032227e+00
9.774741172790527344e+00
8.006005764007568359e+00
8.364779710769653320e+00
9.221851587295532227e+00
8.763359069824218750e+00
9.518094062805175781e+00
1.087854886054992676e+01
1.029013395309448242e+01
9.749032735824584961e+00
8.731373071670532227e+00
1.063920187950134277e+01
1.039329981803894043e+01
1.056495070457458496e+01
1.002645874023437500e+01
7.651140213012695312e+00
7.547563314437866211e+00
9.214111328125000000e+00
1.088602924346923828e+01
9.094200849533081055e+00
8.272309064865112305e+00
7.928914308547973633e+00
8.166479110717773438e+00
8.939354658126831055e+00
9.459087133407592773e+00
9.801773548126220703e+00
1.033549761772155762e+01
8.255966663360595703e+00
8.739782810211181641e+00
9.462193250656127930e+00
9.224800109863281250e+00
8.597191572189331055e+00
8.273081302642822266e+00
1.003653550148010254e+01
1.010068798065185547e+01
9.108526468276977539e+00
1.014203023910522461e+01
1.058847451210021973e+01
1.091768693923950195e+01
1.016356611251831055e+01
9.131069421768188477e+00
9.568539857864379883e+00
7.405234336853027344e+00
1.081300449371337891e+01
9.801259040832519531e+00
9.447855234146118164e+00
8.722871541976928711e+00
8.304445505142211914e+00
8.783188819885253906e+00
8.444043397903442383e+00
5.904755115509033203e+00
4.498834133148193359e+00
1.020948457717895508e+01
1.046225047111511230e+01
9.906008481979370117e+00
1.000790309906005859e+01
9.450810670852661133e+00
8.012414455413818359e+00
9.562536716461181641e+00
7.641196489334106445e+00
8.507958889007568359e+00
9.695258378982543945e+00
1.003213620185852051e+01
8.997873544692993164e+00
1.068494772911071777e+01
1.109078621864318848e+01
9.322074890136718750e+00
8.139400720596313477e+00
8.462401390075683594e+00
1.059730386734008789e+01
1.016577172279357910e+01
9.725245475769042969e+00
1.050121188163757324e+01
1.080472087860107422e+01
8.680462837219238281e+00
6.599590539932250977e+00
9.001403331756591797e+00
8.942689657211303711e+00
1.114394021034240723e+01
9.782339811325073242e+00
7.926876544952392578e+00
8.886599779129028320e+00
1.079941344261169434e+01
9.668159961700439453e+00
9.450443506240844727e+00
9.880901813507080078e+00
9.253947973251342773e+00
9.965869903564453125e+00
8.165724515914916992e+00
8.386471509933471680e+00
6.836709260940551758e+00
8.775867938995361328e+00
8.598751783370971680e+00
9.856032371520996094e+00
9.759302854537963867e+00
9.935962915420532227e+00
9.352595806121826172e+00
7.415259838104248047e+00
8.230128765106201172e+00
9.720035314559936523e+00
7.361547231674194336e+00
9.365990638732910156e+00
9.069133758544921875e+00
9.833886623382568359e+00
9.984208822250366211e+00
1.017466187477111816e+01
9.155658006668090820e+00
5.855950593948364258e+00
8.781146526336669922e+00
8.723412752151489258e+00
9.491707324981689453e+00
8.572182893753051758e+00
1.075917339324951172e+01
8.988653182983398438e+00
8.901334524154663086e+00
8.459235906600952148e+00
8.702647209167480469e+00
9.132999658584594727e+00
9.309596061706542969e+00
1.021720862388610840e+01
9.121042728424072266e+00
9.184619426727294922e+00
7.095414876937866211e+00
9.332665205001831055e+00
7.664363622665405273e+00
9.374922990798950195e+00
8.346786975860595703e+00
8.188492059707641602e+00
9.040776968002319336e+00
8.750936985015869141e+00
8.583798170089721680e+00
8.422693967819213867e+00
8.837831258773803711e+00
9.181482791900634766e+00
9.741518974304199219e+00
9.895663499832153320e+00
8.648191928863525391e+00
8.477774858474731445e+00
7.737460374832153320e+00
1.069188237190246582e+01
9.843372106552124023e+00
1.057885074615478516e+01
9.502484560012817383e+00
9.255421876907348633e+00
5.834888219833374023e+00
9.003108978271484375e+00
8.833149671554565430e+00
1.065989780426025391e+01
7.811875581741333008e+00
8.945862293243408203e+00
9.601663112640380859e+00
1.032888936996459961e+01
8.501022100448608398e+00
1.005497837066650391e+01
8.638547420501708984e+00
7.082736968994140625e+00
9.454348325729370117e+00
7.930541992187500000e+00
9.980238437652587891e+00
9.739501237869262695e+00
9.943088054656982422e+00
8.248700857162475586e+00
8.978527069091796875e+00
8.035941839218139648e+00
9.827510118484497070e+00
8.300831317901611328e+00
9.788815021514892578e+00
1.004791235923767090e+01
9.002516269683837891e+00
7.594637870788574219e+00
7.980777263641357422e+00
9.200753211975097656e+00
1.047432947158813477e+01
8.873885393142700195e+00
9.730215549468994141e+00
9.505276203155517578e+00
7.576213598251342773e+00
8.524701595306396484e+00
9.037115097045898438e+00
7.645946025848388672e+00
8.245221853256225586e+00
6.690519094467163086e+00
6.311015129089355469e+00
9.989329099655151367e+00
8.356509447097778320e+00
9.662552118301391602e+00
1.024741840362548828e+01
9.326436042785644531e+00
9.471322774887084961e+00
9.721717119216918945e+00
8.913739681243896484e+00
9.644193649291992188e+00
9.974977970123291016e+00
9.123113632202148438e+00
8.969181060791015625e+00
9.197854757308959961e+00
9.420228242874145508e+00
9.192515850067138672e+00
9.811127424240112305e+00
1.006590962409973145e+01
9.516004800796508789e+00
9.458517789840698242e+00
9.000185251235961914e+00
8.963255167007446289e+00
8.464745759963989258e+00
8.759967088699340820e+00
8.007406949996948242e+00
9.418147325515747070e+00
1.094655013084411621e+01
7.975242376327514648e+00
9.213474273681640625e+00
9.298051357269287109e+00
9.642999410629272461e+00
6.953886508941650391e+00
8.822426319122314453e+00
1.032401061058044434e+01
1.018276643753051758e+01
9.827988386154174805e+00
7.034531354904174805e+00
1.077184891700744629e+01
1.036807370185852051e+01
8.235648632049560547e+00
7.745687246322631836e+00
1.069188332557678223e+01
1.049507260322570801e+01
1.024816799163818359e+01
9.946735858917236328e+00
9.250319480895996094e+00
1.036446166038513184e+01
9.235070943832397461e+00
9.271686077117919922e+00
9.787567377090454102e+00
9.394446134567260742e+00
9.382601976394653320e+00
7.499288558959960938e+00
8.320531606674194336e+00
8.323306798934936523e+00
6.685806274414062500e+00
9.175903558731079102e+00
9.464292526245117188e+00
9.436108827590942383e+00
9.298130035400390625e+00
1.004600691795349121e+01
8.605816364288330078e+00
9.929302692413330078e+00
9.697552680969238281e+00
8.829166650772094727e+00
9.701202869415283203e+00
1.026235032081604004e+01
8.302849769592285156e+00
8.963803052902221680e+00
9.208785057067871094e+00
1.095356607437133789e+01
9.748008728027343750e+00
8.428527593612670898e+00
8.261516094207763672e+00
8.582337856292724609e+00
9.024740695953369141e+00
1.059547758102416992e+01
9.934126615524291992e+00
1.010508537292480469e+01
6.258475065231323242e+00
9.321627140045166016e+00
9.955113649368286133e+00
8.398993968963623047e+00
8.559942722320556641e+00
9.129339218139648438e+00
8.154212713241577148e+00
8.864453792572021484e+00
8.530319929122924805e+00
7.380696535110473633e+00
7.963319540023803711e+00
9.243965864181518555e+00
9.476414918899536133e+00
1.001429438591003418e+01
7.682351350784301758e+00
8.704123497009277344e+00
8.270797967910766602e+00
1.085479879379272461e+01
8.429256200790405273e+00
9.577270030975341797e+00
6.218282938003540039e+00
9.565379858016967773e+00
9.190131902694702148e+00
8.404059171676635742e+00
9.260784864425659180e+00
9.722850561141967773e+00
1.036434078216552734e+01
7.640201330184936523e+00
7.533680677413940430e+00
9.089266777038574219e+00
1.047108030319213867e+01
4.633347272872924805e+00
9.730410099029541016e+00
8.803307771682739258e+00
9.570396900177001953e+00
1.043160843849182129e+01
9.128697872161865234e+00
9.571449995040893555e+00
9.610934019088745117e+00
1.060470700263977051e+01
7.566027641296386719e+00
9.484780550003051758e+00
1.017911243438720703e+01
7.644887208938598633e+00
5.873639583587646484e+00
7.566815137863159180e+00
9.403859138488769531e+00
8.770546674728393555e+00
9.887990713119506836e+00
9.758996963500976562e+00
9.445056676864624023e+00
9.501657724380493164e+00
7.677979946136474609e+00
7.997545719146728516e+00
9.156852483749389648e+00
9.337241411209106445e+00
9.038162469863891602e+00
7.824906349182128906e+00
9.429382085800170898e+00
9.959102153778076172e+00
7.899269342422485352e+00
9.048955678939819336e+00
9.530449151992797852e+00
8.251472234725952148e+00
6.409753799438476562e+00
8.771546125411987305e+00
7.905711412429809570e+00
9.169144153594970703e+00
9.316209793090820312e+00
9.890017986297607422e+00
8.949496984481811523e+00
9.554954290390014648e+00
9.521528959274291992e+00
9.128288745880126953e+00
1.075151920318603516e+01
8.538372516632080078e+00
8.749534606933593750e+00
7.609174966812133789e+00
9.907461881637573242e+00
8.647287845611572266e+00
8.386746883392333984e+00
9.944551467895507812e+00
9.723315954208374023e+00
1.002718091011047363e+01
9.747644186019897461e+00
9.784940481185913086e+00
9.981169939041137695e+00
8.317587614059448242e+00
8.988392353057861328e+00
7.689560651779174805e+00
1.024994826316833496e+01
1.096190428733825684e+01
9.424382209777832031e+00
9.687852144241333008e+00
9.218352079391479492e+00
1.005558300018310547e+01
8.519855499267578125e+00
9.547894477844238281e+00
9.708543300628662109e+00
8.830862760543823242e+00
8.569306612014770508e+00
1.022563982009887695e+01
9.679044246673583984e+00
8.264397382736206055e+00
9.339099645614624023e+00
7.592830657958984375e+00
9.284109592437744141e+00
9.231789350509643555e+00
9.507312536239624023e+00
1.156472134590148926e+01
9.274724483489990234e+00
8.115743398666381836e+00
9.315146446228027344e+00
1.008242344856262207e+01
9.956124067306518555e+00
1.018333840370178223e+01
1.029617142677307129e+01
9.451768636703491211e+00
8.388014078140258789e+00
8.668293714523315430e+00
1.003175687789916992e+01
9.753875970840454102e+00
9.454923152923583984e+00
9.908290863037109375e+00
8.917899370193481445e+00
9.588645458221435547e+00
9.771484375000000000e+00
9.456875562667846680e+00
8.930984735488891602e+00
9.612643480300903320e+00
9.599575757980346680e+00
9.276467323303222656e+00
8.421797752380371094e+00
7.179714202880859375e+00
1.025110244750976562e+01
1.012890648841857910e+01
7.949906110763549805e+00
9.778919458389282227e+00
9.338331699371337891e+00
9.398460626602172852e+00
8.539334297180175781e+00
8.434577703475952148e+00
9.436555862426757812e+00
9.708297729492187500e+00
8.796796560287475586e+00
1.004781746864318848e+01
8.953131198883056641e+00
8.897858381271362305e+00
9.856808423995971680e+00
8.118802070617675781e+00
9.017641067504882812e+00
9.773876905441284180e+00
1.042974233627319336e+01
1.066419792175292969e+01
1.023480391502380371e+01
6.675582408905029297e+00
1.007387423515319824e+01
9.131627798080444336e+00
9.294596910476684570e+00
8.605335950851440430e+00
8.661089420318603516e+00
9.741697311401367188e+00
8.744435310363769531e+00
6.883654356002807617e+00
8.676558017730712891e+00
9.506237506866455078e+00
8.397741794586181641e+00
9.343035697937011719e+00
8.578907728195190430e+00
9.874157667160034180e+00
7.974890232086181641e+00
8.575180530548095703e+00
8.246974229812622070e+00
8.954647064208984375e+00
7.489001750946044922e+00
1.060056424140930176e+01
1.040855479240417480e+01
9.696791648864746094e+00
9.117684841156005859e+00
7.766377925872802734e+00
9.996145963668823242e+00
8.656464576721191406e+00
9.989041566848754883e+00
9.333351612091064453e+00
8.687164068222045898e+00
9.536445856094360352e+00
9.530602931976318359e+00
9.938087463378906250e+00
8.903564214706420898e+00
9.844294548034667969e+00
9.923899888992309570e+00
