1.612230000000000000e+05
1.704670000000000000e+05
1.652150000000000000e+05
1.591160000000000000e+05
1.607580000000000000e+05
1.500960000000000000e+05
1.463100000000000000e+05
1.564800000000000000e+05
1.406550000000000000e+05
1.409130000000000000e+05
1.225360000000000000e+05
9.504200000000000000e+04
7.437800000000000000e+04
1.033780000000000000e+05
8.687800000000000000e+04
7.006400000000000000e+04
6.681600000000000000e+04
5.595300000000000000e+04
4.998600000000000000e+04
4.320200000000000000e+04
3.039300000000000000e+04
2.531200000000000000e+04
1.859800000000000000e+04
2.632600000000000000e+04
9.144000000000000000e+03
8.122000000000000000e+03
1.315100000000000000e+04
8.906000000000000000e+03
5.333000000000000000e+03
6.637000000000000000e+03
5.818000000000000000e+03
9.214000000000000000e+03
2.867000000000000000e+03
4.214000000000000000e+03
7.520000000000000000e+03
9.187000000000000000e+03
2.812000000000000000e+03
7.199000000000000000e+03
2.486000000000000000e+03
3.927000000000000000e+03
1.829000000000000000e+03
7.443000000000000000e+03
3.035000000000000000e+03
2.854000000000000000e+03
4.503000000000000000e+03
1.496000000000000000e+03
1.929000000000000000e+03
1.493000000000000000e+03
1.222000000000000000e+03
3.618000000000000000e+03
7.331000000000000000e+03
9.880000000000000000e+02
2.028000000000000000e+03
1.137000000000000000e+03
6.466000000000000000e+03
4.963000000000000000e+03
1.960000000000000000e+03
1.338000000000000000e+03
5.157000000000000000e+03
1.944000000000000000e+03
1.078000000000000000e+03
1.888000000000000000e+03
1.897000000000000000e+03
2.446000000000000000e+03
2.348000000000000000e+03
1.392000000000000000e+03
2.730000000000000000e+03
1.760000000000000000e+03
1.483000000000000000e+03
9.420000000000000000e+02
1.134000000000000000e+03
1.496000000000000000e+03
4.640000000000000000e+03
6.450000000000000000e+02
2.311000000000000000e+03
3.762000000000000000e+03
9.060000000000000000e+02
9.750000000000000000e+02
1.324000000000000000e+03
2.309000000000000000e+03
1.254000000000000000e+03
1.632000000000000000e+03
1.856000000000000000e+03
1.270000000000000000e+03
5.793000000000000000e+03
1.311000000000000000e+03
5.146000000000000000e+03
1.008000000000000000e+03
1.730000000000000000e+03
1.357000000000000000e+03
7.060000000000000000e+02
6.610000000000000000e+02
2.250000000000000000e+03
5.817000000000000000e+03
3.278000000000000000e+03
1.925000000000000000e+03
2.910000000000000000e+03
7.400000000000000000e+02
1.256000000000000000e+03
1.460000000000000000e+03
1.409000000000000000e+03
1.574000000000000000e+03
1.054000000000000000e+03
7.000000000000000000e+02
9.200000000000000000e+02
7.500000000000000000e+02
2.741000000000000000e+03
8.630000000000000000e+02
1.039000000000000000e+03
2.329000000000000000e+03
1.125000000000000000e+03
1.402000000000000000e+03
1.043000000000000000e+03
1.805000000000000000e+03
1.608000000000000000e+03
4.502000000000000000e+03
2.802000000000000000e+03
2.732000000000000000e+03
3.042000000000000000e+03
9.960000000000000000e+02
8.940000000000000000e+02
1.511000000000000000e+03
3.123000000000000000e+03
1.149000000000000000e+03
7.150000000000000000e+02
2.324000000000000000e+03
1.978000000000000000e+03
4.850000000000000000e+03
1.066000000000000000e+03
8.310000000000000000e+02
1.542000000000000000e+03
1.564000000000000000e+03
9.880000000000000000e+02
8.410000000000000000e+02
2.990000000000000000e+03
2.005000000000000000e+03
2.251000000000000000e+03
1.882000000000000000e+03
9.250000000000000000e+02
9.610000000000000000e+02
7.070000000000000000e+02
1.282000000000000000e+03
4.856000000000000000e+03
1.392000000000000000e+03
4.571000000000000000e+03
2.374000000000000000e+03
2.825000000000000000e+03
7.160000000000000000e+02
1.283000000000000000e+03
2.016000000000000000e+03
4.233000000000000000e+03
1.108000000000000000e+03
1.784000000000000000e+03
6.830000000000000000e+02
1.600000000000000000e+03
3.819000000000000000e+03
6.670000000000000000e+02
2.363000000000000000e+03
6.280000000000000000e+02
7.510000000000000000e+02
2.583000000000000000e+03
2.181000000000000000e+03
2.805000000000000000e+03
6.780000000000000000e+02
8.440000000000000000e+02
8.010000000000000000e+02
6.970000000000000000e+02
8.230000000000000000e+02
1.484600000000000000e+04
6.409000000000000000e+03
7.900000000000000000e+02
7.810000000000000000e+02
1.178000000000000000e+03
6.790000000000000000e+02
9.550000000000000000e+02
1.331000000000000000e+03
7.340000000000000000e+02
1.049000000000000000e+03
1.439000000000000000e+03
7.410000000000000000e+02
1.194000000000000000e+03
5.870000000000000000e+02
1.962000000000000000e+03
7.490000000000000000e+02
9.773000000000000000e+03
3.170000000000000000e+03
7.330000000000000000e+02
1.526000000000000000e+03
7.860000000000000000e+02
1.138000000000000000e+03
2.232000000000000000e+03
1.110000000000000000e+03
5.656000000000000000e+03
8.220000000000000000e+02
9.900000000000000000e+02
7.340000000000000000e+02
9.910000000000000000e+02
1.359000000000000000e+03
1.260000000000000000e+03
2.014000000000000000e+03
1.363000000000000000e+03
6.090000000000000000e+02
1.120000000000000000e+03
7.180000000000000000e+02
6.290000000000000000e+02
8.030000000000000000e+02
4.365000000000000000e+03
1.097000000000000000e+03
8.950000000000000000e+02
7.860000000000000000e+02
1.400000000000000000e+03
1.208000000000000000e+03
6.120000000000000000e+02
1.581000000000000000e+03
2.037000000000000000e+03
8.080000000000000000e+02
1.393000000000000000e+03
9.170000000000000000e+02
8.320000000000000000e+02
5.830000000000000000e+02
8.740000000000000000e+02
6.573000000000000000e+03
8.610000000000000000e+02
7.760000000000000000e+02
6.170000000000000000e+02
1.105000000000000000e+03
1.001000000000000000e+03
7.480000000000000000e+02
5.970000000000000000e+02
1.014000000000000000e+03
6.840000000000000000e+02
1.177000000000000000e+03
1.027000000000000000e+03
1.391000000000000000e+03
4.258000000000000000e+03
7.480000000000000000e+02
6.740000000000000000e+02
6.360000000000000000e+02
1.431000000000000000e+03
1.820000000000000000e+03
1.767000000000000000e+03
5.920000000000000000e+02
5.870000000000000000e+02
6.170000000000000000e+02
1.103000000000000000e+03
9.790000000000000000e+02
9.960000000000000000e+02
2.280000000000000000e+03
8.900000000000000000e+02
3.732000000000000000e+03
1.415000000000000000e+03
4.282000000000000000e+03
6.470000000000000000e+02
3.304000000000000000e+03
1.607600000000000000e+04
1.142000000000000000e+03
9.830000000000000000e+02
6.370000000000000000e+02
5.940000000000000000e+02
8.020000000000000000e+02
1.047000000000000000e+03
8.560000000000000000e+02
8.660000000000000000e+02
7.390000000000000000e+02
7.733000000000000000e+03
9.300000000000000000e+02
5.870000000000000000e+02
8.620000000000000000e+02
9.220000000000000000e+02
8.820000000000000000e+02
6.770000000000000000e+02
9.330000000000000000e+02
2.036000000000000000e+03
6.910000000000000000e+02
1.609000000000000000e+03
8.550000000000000000e+02
2.807000000000000000e+03
7.470000000000000000e+02
7.270000000000000000e+02
5.830000000000000000e+02
8.050000000000000000e+02
5.520000000000000000e+02
7.290000000000000000e+02
5.850000000000000000e+02
4.736000000000000000e+03
2.862500000000000000e+04
7.460000000000000000e+02
7.490000000000000000e+02
2.489000000000000000e+03
5.520000000000000000e+02
5.770000000000000000e+02
9.360000000000000000e+02
3.779000000000000000e+03
5.760000000000000000e+02
4.316000000000000000e+03
3.995000000000000000e+03
1.072300000000000000e+04
5.800000000000000000e+02
5.710000000000000000e+02
4.561000000000000000e+04
1.237000000000000000e+03
7.530000000000000000e+02
5.166000000000000000e+03
7.490000000000000000e+02
6.940000000000000000e+02
8.130000000000000000e+02
7.480000000000000000e+02
6.004000000000000000e+03
5.920000000000000000e+02
1.242000000000000000e+03
1.653900000000000000e+04
5.297000000000000000e+03
8.040000000000000000e+02
5.360000000000000000e+02
3.044000000000000000e+03
5.870000000000000000e+02
1.826000000000000000e+03
6.760000000000000000e+02
5.970000000000000000e+02
2.139000000000000000e+03
8.390000000000000000e+02
5.900000000000000000e+02
1.545000000000000000e+03
7.160000000000000000e+02
6.550000000000000000e+02
1.420000000000000000e+03
6.240000000000000000e+02
1.369000000000000000e+03
5.920000000000000000e+02
1.987000000000000000e+03
5.570000000000000000e+02
7.030000000000000000e+02
5.560000000000000000e+02
1.477000000000000000e+03
7.940000000000000000e+02
6.530000000000000000e+02
5.610000000000000000e+02
3.205000000000000000e+03
5.790000000000000000e+02
6.760000000000000000e+02
5.500000000000000000e+02
7.890000000000000000e+02
7.470000000000000000e+02
7.440000000000000000e+02
5.720000000000000000e+02
6.320000000000000000e+02
5.790000000000000000e+02
1.130000000000000000e+03
7.840000000000000000e+02
6.480000000000000000e+02
5.470000000000000000e+02
9.920000000000000000e+02
6.960000000000000000e+02
4.261000000000000000e+03
1.142000000000000000e+03
9.290000000000000000e+02
5.560000000000000000e+02
1.233000000000000000e+03
5.100000000000000000e+02
1.984000000000000000e+03
6.260000000000000000e+02
1.204000000000000000e+03
6.480000000000000000e+02
1.578000000000000000e+03
8.271000000000000000e+03
2.639000000000000000e+03
1.681000000000000000e+03
6.010000000000000000e+02
1.283000000000000000e+03
8.360000000000000000e+02
4.970000000000000000e+02
6.410000000000000000e+02
3.127000000000000000e+03
4.960000000000000000e+02
7.410000000000000000e+02
1.090000000000000000e+03
7.290000000000000000e+02
2.379000000000000000e+03
2.621000000000000000e+03
1.422000000000000000e+03
5.480000000000000000e+02
1.619000000000000000e+03
5.680000000000000000e+02
8.870000000000000000e+02
1.115000000000000000e+03
6.780000000000000000e+02
5.050000000000000000e+02
6.190000000000000000e+02
9.430000000000000000e+02
5.090000000000000000e+02
5.040000000000000000e+02
7.430000000000000000e+02
3.231000000000000000e+03
1.220000000000000000e+03
7.010000000000000000e+02
7.870000000000000000e+02
9.340000000000000000e+02
1.205000000000000000e+03
5.700000000000000000e+02
1.161000000000000000e+03
1.359000000000000000e+03
3.336000000000000000e+03
1.926000000000000000e+03
5.100000000000000000e+02
9.090000000000000000e+02
6.590000000000000000e+02
5.070000000000000000e+02
5.250000000000000000e+02
5.510000000000000000e+02
5.609000000000000000e+03
5.380000000000000000e+02
5.380000000000000000e+02
5.230000000000000000e+02
4.800000000000000000e+02
9.970000000000000000e+03
9.240000000000000000e+02
5.090000000000000000e+02
1.237000000000000000e+03
2.267000000000000000e+03
3.835000000000000000e+03
5.530000000000000000e+02
9.890000000000000000e+02
3.449000000000000000e+03
1.169000000000000000e+03
2.792000000000000000e+03
1.005000000000000000e+03
1.591000000000000000e+03
5.050000000000000000e+02
6.480000000000000000e+02
5.380000000000000000e+02
2.038000000000000000e+03
1.161000000000000000e+03
1.089000000000000000e+03
5.860000000000000000e+02
6.350000000000000000e+02
5.690000000000000000e+02
1.411000000000000000e+03
5.750000000000000000e+02
8.407000000000000000e+03
6.030000000000000000e+02
5.540000000000000000e+02
1.539000000000000000e+03
4.980000000000000000e+02
7.170000000000000000e+02
1.217000000000000000e+03
5.120000000000000000e+02
7.490000000000000000e+02
5.820000000000000000e+02
5.120000000000000000e+02
7.580000000000000000e+02
3.894000000000000000e+03
5.610000000000000000e+02
4.610000000000000000e+02
4.870000000000000000e+02
5.550000000000000000e+02
5.710000000000000000e+02
5.530000000000000000e+02
5.740000000000000000e+02
4.470000000000000000e+02
5.560000000000000000e+02
8.750000000000000000e+02
5.270000000000000000e+02
1.839000000000000000e+03
5.500000000000000000e+02
5.350000000000000000e+02
7.050000000000000000e+02
5.790000000000000000e+02
8.870000000000000000e+02
4.860000000000000000e+02
5.170000000000000000e+02
7.020000000000000000e+02
1.622000000000000000e+03
1.120000000000000000e+03
9.410000000000000000e+02
5.240000000000000000e+02
2.092000000000000000e+03
4.800000000000000000e+02
4.640000000000000000e+02
7.330000000000000000e+02
1.870000000000000000e+03
5.600000000000000000e+02
5.640000000000000000e+02
1.910800000000000000e+04
4.680000000000000000e+02
5.690000000000000000e+02
1.217000000000000000e+03
1.683000000000000000e+03
5.290000000000000000e+02
9.820000000000000000e+02
7.120000000000000000e+02
4.740000000000000000e+02
4.610000000000000000e+02
2.800000000000000000e+03
4.450000000000000000e+02
2.144000000000000000e+03
4.440000000000000000e+02
5.660000000000000000e+02
5.600000000000000000e+02
5.460000000000000000e+02
2.849000000000000000e+03
1.986000000000000000e+03
4.300000000000000000e+02
4.830000000000000000e+02
4.730000000000000000e+02
1.138000000000000000e+03
5.290000000000000000e+02
8.750000000000000000e+02
4.930000000000000000e+02
1.323000000000000000e+03
5.910000000000000000e+02
5.510000000000000000e+02
1.173000000000000000e+03
6.160000000000000000e+02
5.450000000000000000e+02
3.053000000000000000e+03
4.450000000000000000e+02
1.633000000000000000e+03
5.060000000000000000e+02
4.810000000000000000e+02
4.930000000000000000e+02
6.000000000000000000e+02
1.428000000000000000e+03
5.080000000000000000e+02
4.590000000000000000e+02
9.290000000000000000e+02
4.930000000000000000e+02
4.410000000000000000e+02
5.250000000000000000e+02
4.770000000000000000e+02
5.580000000000000000e+03
7.300000000000000000e+02
2.246000000000000000e+03
1.199000000000000000e+03
5.610000000000000000e+02
4.770000000000000000e+02
1.555000000000000000e+03
6.020000000000000000e+02
6.920000000000000000e+02
5.000000000000000000e+02
4.750000000000000000e+02
1.598000000000000000e+03
4.290000000000000000e+02
6.570000000000000000e+02
6.030000000000000000e+02
5.204000000000000000e+03
5.000000000000000000e+02
1.232000000000000000e+03
1.143500000000000000e+04
4.640000000000000000e+02
4.400000000000000000e+02
8.610000000000000000e+02
6.340000000000000000e+02
5.220000000000000000e+02
7.170000000000000000e+02
5.480000000000000000e+02
5.620000000000000000e+02
5.190000000000000000e+02
6.450000000000000000e+02
1.757000000000000000e+03
1.184000000000000000e+03
7.070000000000000000e+02
7.690000000000000000e+02
4.450000000000000000e+02
4.500000000000000000e+02
8.990000000000000000e+02
1.696000000000000000e+03
7.360000000000000000e+02
1.132000000000000000e+03
4.390000000000000000e+02
4.350000000000000000e+02
4.570000000000000000e+02
4.967000000000000000e+03
4.690000000000000000e+02
4.310000000000000000e+02
5.840000000000000000e+02
1.247000000000000000e+03
5.150000000000000000e+02
7.700000000000000000e+02
3.841000000000000000e+03
4.140000000000000000e+02
5.050000000000000000e+02
1.093000000000000000e+03
1.298000000000000000e+03
4.200000000000000000e+02
8.610000000000000000e+02
3.980000000000000000e+02
4.710000000000000000e+02
6.490000000000000000e+02
6.420000000000000000e+02
5.130000000000000000e+02
6.630000000000000000e+02
4.670000000000000000e+02
4.520000000000000000e+02
5.260000000000000000e+02
4.530000000000000000e+02
5.200000000000000000e+02
4.655000000000000000e+03
4.560000000000000000e+02
5.070000000000000000e+02
4.570000000000000000e+02
5.320000000000000000e+02
4.430000000000000000e+02
6.060000000000000000e+02
5.440000000000000000e+02
2.073200000000000000e+04
5.280000000000000000e+02
4.550000000000000000e+02
4.190000000000000000e+02
8.840000000000000000e+02
4.365000000000000000e+03
4.370000000000000000e+02
4.390000000000000000e+02
4.740000000000000000e+02
9.800000000000000000e+02
3.850000000000000000e+02
1.160000000000000000e+03
6.484700000000000000e+04
3.432000000000000000e+03
4.570000000000000000e+02
4.450000000000000000e+02
4.790000000000000000e+03
4.470000000000000000e+02
1.286000000000000000e+03
2.335000000000000000e+03
3.849000000000000000e+03
4.410000000000000000e+02
4.600000000000000000e+02
1.859000000000000000e+03
4.120000000000000000e+02
1.306000000000000000e+03
4.780000000000000000e+02
4.300000000000000000e+02
4.780000000000000000e+02
4.510000000000000000e+02
4.300000000000000000e+02
3.333000000000000000e+03
6.746000000000000000e+03
1.933000000000000000e+03
4.620000000000000000e+02
1.486000000000000000e+03
4.040000000000000000e+02
3.720000000000000000e+02
4.500000000000000000e+02
6.432000000000000000e+03
7.580000000000000000e+02
4.520000000000000000e+02
6.400000000000000000e+02
5.660000000000000000e+02
5.030000000000000000e+02
5.160000000000000000e+02
4.480000000000000000e+02
1.302000000000000000e+03
7.801000000000000000e+03
4.450000000000000000e+03
4.910000000000000000e+02
4.500000000000000000e+02
5.299000000000000000e+03
4.640000000000000000e+02
5.980000000000000000e+02
8.760000000000000000e+02
4.430000000000000000e+02
8.490000000000000000e+02
4.710000000000000000e+02
4.060000000000000000e+02
4.260000000000000000e+02
4.060000000000000000e+02
3.900000000000000000e+02
4.250000000000000000e+02
3.650000000000000000e+02
4.021000000000000000e+03
5.140000000000000000e+02
7.530000000000000000e+02
4.850000000000000000e+02
1.304000000000000000e+03
5.550000000000000000e+02
4.850000000000000000e+02
4.680000000000000000e+02
5.640000000000000000e+02
4.330000000000000000e+02
6.850000000000000000e+02
6.760000000000000000e+02
1.095000000000000000e+03
6.870000000000000000e+02
4.260000000000000000e+02
5.530000000000000000e+02
1.602000000000000000e+03
3.840000000000000000e+02
3.860000000000000000e+02
4.240000000000000000e+02
5.376000000000000000e+03
5.840000000000000000e+02
4.340000000000000000e+02
3.980000000000000000e+02
5.420000000000000000e+02
4.000000000000000000e+02
4.940000000000000000e+02
4.430000000000000000e+02
4.150000000000000000e+02
4.420000000000000000e+02
1.527000000000000000e+03
4.220000000000000000e+02
8.540000000000000000e+02
4.820000000000000000e+02
1.726000000000000000e+03
5.090000000000000000e+02
5.800000000000000000e+02
4.030000000000000000e+02
4.700000000000000000e+02
3.660000000000000000e+02
4.390000000000000000e+02
3.560000000000000000e+02
4.610000000000000000e+02
3.790000000000000000e+02
5.610000000000000000e+02
1.728000000000000000e+03
4.150000000000000000e+02
3.870000000000000000e+02
1.527000000000000000e+03
3.970000000000000000e+02
9.100000000000000000e+02
4.460000000000000000e+02
4.560000000000000000e+02
4.500000000000000000e+02
7.580000000000000000e+02
4.790000000000000000e+02
7.600000000000000000e+02
3.810000000000000000e+02
4.229000000000000000e+03
5.890000000000000000e+02
4.300000000000000000e+02
4.150000000000000000e+02
3.870000000000000000e+02
4.190000000000000000e+02
5.560000000000000000e+02
4.210000000000000000e+02
7.530000000000000000e+02
3.680000000000000000e+02
3.890000000000000000e+02
1.667000000000000000e+03
5.170000000000000000e+02
4.370000000000000000e+02
7.970000000000000000e+02
1.457000000000000000e+03
4.300000000000000000e+02
3.810000000000000000e+02
4.950000000000000000e+02
4.370000000000000000e+02
1.612000000000000000e+03
1.825000000000000000e+03
4.510000000000000000e+02
4.360000000000000000e+02
4.320000000000000000e+02
4.680000000000000000e+02
3.730000000000000000e+02
4.690000000000000000e+02
4.150000000000000000e+02
4.040000000000000000e+02
8.280000000000000000e+02
4.320000000000000000e+02
4.150000000000000000e+02
1.521000000000000000e+03
5.330000000000000000e+02
4.246000000000000000e+03
4.280000000000000000e+02
4.750000000000000000e+02
6.270000000000000000e+02
3.400000000000000000e+02
4.620000000000000000e+02
4.470000000000000000e+02
3.690000000000000000e+02
5.640000000000000000e+02
4.430000000000000000e+02
5.060000000000000000e+02
4.530000000000000000e+02
6.248000000000000000e+03
6.200000000000000000e+02
4.300000000000000000e+02
4.310000000000000000e+02
4.380000000000000000e+02
4.320000000000000000e+02
3.570000000000000000e+02
3.850000000000000000e+02
4.740000000000000000e+02
3.780000000000000000e+02
1.424000000000000000e+03
3.710000000000000000e+02
3.850000000000000000e+02
7.990000000000000000e+02
9.840000000000000000e+02
4.330000000000000000e+02
3.800000000000000000e+02
5.480000000000000000e+02
3.680000000000000000e+02
1.761000000000000000e+03
1.373000000000000000e+03
5.160000000000000000e+02
4.360000000000000000e+02
5.050000000000000000e+02
6.620000000000000000e+02
4.460000000000000000e+02
3.094000000000000000e+03
2.236000000000000000e+03
5.630000000000000000e+02
3.830000000000000000e+02
2.077000000000000000e+03
6.470000000000000000e+02
7.049000000000000000e+03
7.550000000000000000e+02
4.580000000000000000e+02
4.830000000000000000e+02
1.749000000000000000e+03
3.920000000000000000e+02
4.150000000000000000e+02
4.340000000000000000e+02
3.390000000000000000e+02
6.440000000000000000e+02
4.990000000000000000e+02
3.470000000000000000e+02
6.800000000000000000e+02
1.109300000000000000e+04
4.460000000000000000e+02
1.404000000000000000e+03
3.900000000000000000e+02
3.980000000000000000e+02
3.610000000000000000e+02
3.910000000000000000e+02
5.770000000000000000e+02
4.380000000000000000e+02
4.220000000000000000e+02
3.760000000000000000e+02
2.628000000000000000e+03
3.620000000000000000e+02
4.420000000000000000e+02
3.770000000000000000e+02
4.100000000000000000e+02
4.530000000000000000e+02
8.120000000000000000e+02
4.880000000000000000e+02
4.200000000000000000e+02
4.440000000000000000e+02
3.950000000000000000e+02
4.730000000000000000e+02
3.570000000000000000e+02
3.640000000000000000e+02
5.080000000000000000e+02
3.940000000000000000e+02
4.040000000000000000e+02
3.780000000000000000e+02
1.653000000000000000e+03
3.860000000000000000e+02
3.390000000000000000e+02
4.475000000000000000e+03
5.980000000000000000e+02
3.850000000000000000e+02
3.750000000000000000e+02
3.374000000000000000e+03
5.130000000000000000e+02
4.890000000000000000e+02
4.710000000000000000e+02
3.830000000000000000e+02
3.730000000000000000e+02
3.940000000000000000e+02
4.840000000000000000e+02
3.530000000000000000e+02
5.270000000000000000e+02
5.620000000000000000e+02
8.440000000000000000e+02
6.790000000000000000e+02
8.020000000000000000e+02
6.000000000000000000e+02
5.650000000000000000e+02
3.730000000000000000e+02
3.660000000000000000e+02
4.210000000000000000e+02
1.150000000000000000e+03
4.500000000000000000e+02
1.181000000000000000e+03
4.240000000000000000e+02
3.620000000000000000e+02
1.183000000000000000e+03
3.940000000000000000e+02
4.840000000000000000e+02
3.640000000000000000e+02
7.260000000000000000e+02
1.163000000000000000e+03
3.490000000000000000e+02
3.430000000000000000e+02
4.630000000000000000e+02
4.050000000000000000e+02
3.840000000000000000e+02
1.368000000000000000e+03
5.390000000000000000e+02
5.407000000000000000e+03
3.560000000000000000e+02
1.777000000000000000e+03
5.950000000000000000e+02
3.130000000000000000e+02
3.450000000000000000e+02
3.650000000000000000e+02
3.250000000000000000e+02
4.900000000000000000e+02
3.510000000000000000e+02
4.930000000000000000e+02
3.310000000000000000e+02
3.620000000000000000e+02
4.670000000000000000e+02
4.060000000000000000e+02
4.480000000000000000e+02
4.260000000000000000e+02
3.810000000000000000e+02
4.580000000000000000e+02
4.630000000000000000e+02
5.790000000000000000e+02
3.640000000000000000e+02
3.860000000000000000e+02
4.210000000000000000e+02
3.520000000000000000e+02
6.530000000000000000e+02
4.020000000000000000e+02
4.050000000000000000e+02
3.430000000000000000e+02
4.410000000000000000e+02
4.040000000000000000e+02
8.830000000000000000e+02
3.460000000000000000e+02
5.120000000000000000e+03
3.470000000000000000e+02
6.239000000000000000e+03
5.540000000000000000e+02
4.170000000000000000e+02
4.590000000000000000e+02
3.360000000000000000e+02
1.051000000000000000e+03
3.720000000000000000e+02
3.900000000000000000e+02
4.530000000000000000e+02
4.300000000000000000e+02
3.670000000000000000e+02
3.070000000000000000e+02
3.110000000000000000e+02
4.870000000000000000e+02
3.580000000000000000e+02
1.168000000000000000e+03
3.520000000000000000e+02
1.574000000000000000e+03
3.630000000000000000e+02
4.700000000000000000e+02
3.550000000000000000e+02
2.275000000000000000e+03
4.730000000000000000e+02
4.633000000000000000e+03
5.600000000000000000e+02
5.690000000000000000e+02
4.210000000000000000e+02
3.720000000000000000e+02
4.210000000000000000e+02
3.680000000000000000e+02
4.230000000000000000e+02
3.640000000000000000e+02
1.264000000000000000e+03
4.930000000000000000e+02
3.260000000000000000e+02
3.440000000000000000e+02
3.300000000000000000e+02
3.500000000000000000e+02
4.340000000000000000e+02
3.460000000000000000e+02
3.440000000000000000e+02
4.120000000000000000e+02
4.370000000000000000e+02
3.590000000000000000e+02
9.920000000000000000e+02
3.800000000000000000e+02
3.820000000000000000e+02
3.520000000000000000e+02
4.980000000000000000e+02
4.050000000000000000e+02
3.620000000000000000e+02
6.950000000000000000e+02
1.034000000000000000e+03
3.459000000000000000e+03
4.850000000000000000e+02
4.370000000000000000e+02
4.100000000000000000e+02
3.860000000000000000e+02
4.280000000000000000e+02
3.620000000000000000e+02
3.870000000000000000e+02
3.650000000000000000e+02
3.970000000000000000e+02
4.760000000000000000e+02
4.330000000000000000e+02
2.933000000000000000e+03
9.820000000000000000e+02
3.590000000000000000e+02
3.420000000000000000e+02
7.110000000000000000e+02
3.530000000000000000e+02
3.280000000000000000e+02
5.130000000000000000e+02
3.630000000000000000e+02
3.590000000000000000e+02
3.600000000000000000e+02
4.330000000000000000e+02
3.780000000000000000e+02
3.510000000000000000e+02
3.350000000000000000e+02
3.810000000000000000e+02
4.340000000000000000e+02
2.762000000000000000e+03
9.010000000000000000e+02
4.050000000000000000e+02
3.780000000000000000e+02
4.950000000000000000e+02
3.630000000000000000e+02
3.700000000000000000e+02
7.220000000000000000e+02
5.010000000000000000e+02
6.940000000000000000e+02
4.749000000000000000e+03
3.790000000000000000e+02
4.500000000000000000e+02
3.550000000000000000e+02
6.822000000000000000e+03
4.320000000000000000e+02
3.630000000000000000e+02
9.950000000000000000e+02
3.720000000000000000e+02
3.200000000000000000e+02
3.610000000000000000e+02
3.295000000000000000e+03
3.032000000000000000e+03
5.460000000000000000e+02
4.430000000000000000e+02
3.430000000000000000e+02
3.020000000000000000e+02
3.410000000000000000e+02
4.060000000000000000e+02
1.642000000000000000e+03
5.440000000000000000e+02
3.900000000000000000e+02
3.320000000000000000e+02
3.680000000000000000e+02
3.490000000000000000e+02
6.570000000000000000e+02
7.030000000000000000e+02
2.395000000000000000e+03
7.840000000000000000e+02
3.300000000000000000e+02
7.610000000000000000e+02
3.530000000000000000e+02
7.300000000000000000e+02
5.310000000000000000e+02
7.070000000000000000e+02
3.520000000000000000e+02
3.890000000000000000e+02
5.720000000000000000e+02
3.220000000000000000e+02
3.640000000000000000e+02
3.190000000000000000e+02
1.830000000000000000e+03
3.440000000000000000e+02
3.560000000000000000e+02
4.450000000000000000e+02
3.220000000000000000e+02
3.230000000000000000e+02
4.920000000000000000e+02
4.100000000000000000e+02
3.110000000000000000e+02
2.436000000000000000e+03
5.640000000000000000e+02
3.500000000000000000e+02
3.230000000000000000e+02
7.060000000000000000e+02
1.547000000000000000e+03
1.542000000000000000e+03
3.620000000000000000e+02
3.170000000000000000e+02
4.140000000000000000e+02
4.070000000000000000e+02
3.940000000000000000e+02
2.907000000000000000e+03
4.760000000000000000e+02
7.377400000000000000e+04
6.230000000000000000e+02
3.580000000000000000e+02
4.330000000000000000e+02
8.380000000000000000e+02
4.910000000000000000e+02
3.460000000000000000e+02
3.370000000000000000e+02
3.640000000000000000e+02
3.010000000000000000e+02
2.554500000000000000e+04
6.500000000000000000e+02
6.460000000000000000e+02
6.510000000000000000e+02
3.550000000000000000e+02
1.040000000000000000e+03
4.210000000000000000e+02
6.960000000000000000e+02
3.050000000000000000e+02
1.436000000000000000e+03
3.590000000000000000e+02
3.780000000000000000e+02
4.170000000000000000e+02
3.470000000000000000e+02
5.750000000000000000e+02
4.830000000000000000e+02
2.980000000000000000e+02
3.600000000000000000e+02
6.810000000000000000e+02
4.490000000000000000e+02
4.030000000000000000e+02
3.210000000000000000e+02
4.410000000000000000e+02
5.350000000000000000e+02
4.370000000000000000e+02
3.220000000000000000e+02
8.930000000000000000e+02
2.009000000000000000e+03
3.520000000000000000e+02
4.170000000000000000e+02
4.640000000000000000e+02
3.500000000000000000e+02
3.300000000000000000e+02
3.930000000000000000e+02
5.040000000000000000e+02
1.670900000000000000e+04
4.060000000000000000e+02
3.150000000000000000e+02
5.240000000000000000e+02
3.580000000000000000e+02
5.760000000000000000e+02
3.190000000000000000e+02
8.080000000000000000e+02
3.260000000000000000e+02
8.192000000000000000e+03
3.720000000000000000e+02
3.520000000000000000e+02
3.590000000000000000e+02
5.230000000000000000e+02
8.520000000000000000e+02
4.470000000000000000e+02
4.020000000000000000e+02
1.092000000000000000e+03
3.200000000000000000e+02
4.440000000000000000e+02
3.530000000000000000e+02
2.840000000000000000e+02
3.180000000000000000e+02
3.680000000000000000e+02
3.900000000000000000e+02
3.640000000000000000e+02
4.300000000000000000e+02
3.420000000000000000e+02
6.380000000000000000e+02
1.541000000000000000e+03
3.500000000000000000e+02
3.330000000000000000e+02
3.620000000000000000e+02
3.430000000000000000e+02
2.970000000000000000e+02
3.110000000000000000e+02
3.460000000000000000e+02
2.930000000000000000e+02
3.920000000000000000e+02
4.436000000000000000e+03
3.430000000000000000e+02
3.180000000000000000e+02
4.290000000000000000e+02
6.040000000000000000e+02
4.560000000000000000e+02
4.050000000000000000e+02
3.300000000000000000e+02
5.810000000000000000e+02
2.830000000000000000e+02
6.030000000000000000e+02
3.740000000000000000e+02
4.010000000000000000e+02
3.040000000000000000e+02
3.590000000000000000e+02
3.180000000000000000e+02
3.190000000000000000e+02
3.830000000000000000e+02
3.630000000000000000e+02
5.140000000000000000e+02
4.540000000000000000e+02
3.550000000000000000e+02
2.950000000000000000e+02
4.370000000000000000e+02
6.770000000000000000e+02
1.014000000000000000e+03
5.210000000000000000e+02
3.600000000000000000e+02
3.220000000000000000e+02
3.290000000000000000e+02
3.210000000000000000e+02
5.440000000000000000e+02
4.800000000000000000e+02
3.150000000000000000e+02
3.400000000000000000e+02
3.700000000000000000e+02
4.790000000000000000e+02
8.870000000000000000e+02
3.250000000000000000e+02
3.720000000000000000e+02
3.060000000000000000e+02
3.930000000000000000e+02
6.790000000000000000e+02
3.190000000000000000e+02
4.530000000000000000e+02
4.050000000000000000e+02
4.720000000000000000e+02
1.405000000000000000e+03
3.650000000000000000e+02
1.670000000000000000e+03
3.640000000000000000e+02
4.030000000000000000e+02
3.430000000000000000e+02
3.080000000000000000e+02
2.950000000000000000e+02
1.070200000000000000e+04
9.710000000000000000e+02
3.780000000000000000e+02
3.420000000000000000e+02
3.070000000000000000e+02
3.950000000000000000e+02
5.340000000000000000e+02
3.380000000000000000e+02
3.990000000000000000e+02
3.310000000000000000e+02
7.020000000000000000e+02
5.750000000000000000e+02
4.060000000000000000e+02
3.160000000000000000e+02
3.440000000000000000e+02
4.370000000000000000e+02
3.480000000000000000e+02
3.080000000000000000e+02
2.930000000000000000e+02
3.390000000000000000e+02
4.030000000000000000e+02
3.580000000000000000e+02
4.690000000000000000e+02
4.830000000000000000e+02
2.970000000000000000e+02
1.547000000000000000e+04
3.730000000000000000e+02
3.390000000000000000e+02
3.270000000000000000e+02
3.270000000000000000e+02
3.680000000000000000e+02
4.910000000000000000e+02
3.190000000000000000e+02
3.860000000000000000e+02
3.750000000000000000e+02
2.990000000000000000e+02
3.230000000000000000e+02
3.110000000000000000e+02
3.200000000000000000e+02
4.620000000000000000e+02
3.760000000000000000e+02
3.110000000000000000e+02
2.728000000000000000e+03
4.020000000000000000e+02
9.410000000000000000e+02
4.640000000000000000e+02
2.671000000000000000e+03
3.540000000000000000e+02
3.070000000000000000e+02
3.560000000000000000e+02
3.390000000000000000e+02
3.720000000000000000e+02
7.380000000000000000e+02
3.180000000000000000e+02
3.060000000000000000e+02
3.180000000000000000e+02
3.780000000000000000e+02
3.200000000000000000e+02
4.460000000000000000e+02
4.190000000000000000e+02
2.910000000000000000e+02
3.390000000000000000e+02
3.350000000000000000e+02
3.760000000000000000e+02
9.050000000000000000e+02
3.190000000000000000e+02
3.780000000000000000e+02
3.550000000000000000e+02
3.830000000000000000e+02
4.810000000000000000e+02
3.080000000000000000e+02
3.590000000000000000e+02
3.830000000000000000e+02
3.400000000000000000e+02
2.690000000000000000e+02
3.290000000000000000e+02
3.590000000000000000e+02
3.280000000000000000e+02
3.210000000000000000e+02
3.560000000000000000e+02
5.050000000000000000e+02
3.100000000000000000e+02
3.180000000000000000e+02
1.506000000000000000e+03
3.290000000000000000e+02
3.960000000000000000e+02
3.170000000000000000e+02
3.460000000000000000e+02
3.610000000000000000e+02
3.050000000000000000e+02
3.250000000000000000e+02
2.670000000000000000e+02
3.600000000000000000e+02
3.400000000000000000e+02
1.144000000000000000e+03
3.280000000000000000e+02
3.110000000000000000e+02
3.560000000000000000e+02
3.740000000000000000e+02
5.180000000000000000e+02
3.950000000000000000e+02
2.840000000000000000e+02
2.790000000000000000e+02
3.400000000000000000e+02
6.370000000000000000e+02
3.580000000000000000e+02
4.095000000000000000e+03
3.900000000000000000e+02
5.800000000000000000e+02
3.690000000000000000e+02
3.750000000000000000e+02
3.470000000000000000e+02
1.242000000000000000e+03
4.160000000000000000e+02
2.830000000000000000e+02
3.470000000000000000e+02
3.360000000000000000e+02
3.350000000000000000e+02
5.340000000000000000e+02
3.010000000000000000e+02
3.650000000000000000e+02
4.820000000000000000e+02
2.950000000000000000e+02
3.670000000000000000e+02
1.416000000000000000e+03
2.730000000000000000e+02
3.480000000000000000e+02
3.170000000000000000e+02
4.906000000000000000e+03
2.810000000000000000e+02
4.000000000000000000e+02
3.200000000000000000e+02
4.200000000000000000e+02
4.400000000000000000e+02
2.960000000000000000e+02
2.780000000000000000e+02
3.370000000000000000e+02
3.280000000000000000e+02
3.120000000000000000e+02
3.690000000000000000e+02
3.130000000000000000e+02
3.110000000000000000e+02
2.710000000000000000e+02
3.720000000000000000e+02
2.870000000000000000e+02
1.768000000000000000e+03
3.310000000000000000e+02
1.258000000000000000e+03
4.165000000000000000e+03
3.260000000000000000e+02
5.250000000000000000e+02
7.320000000000000000e+02
3.310000000000000000e+02
3.320000000000000000e+02
3.350000000000000000e+02
3.240000000000000000e+02
3.410000000000000000e+02
1.970000000000000000e+03
2.820000000000000000e+02
2.930000000000000000e+02
3.100000000000000000e+02
9.561000000000000000e+03
3.590000000000000000e+02
3.080000000000000000e+02
3.550000000000000000e+02
3.260000000000000000e+02
3.450000000000000000e+02
3.260000000000000000e+02
3.210000000000000000e+02
1.899000000000000000e+03
3.990000000000000000e+02
6.140000000000000000e+02
7.590000000000000000e+02
4.340000000000000000e+02
3.430000000000000000e+02
3.540000000000000000e+02
3.200000000000000000e+02
4.580000000000000000e+02
3.550000000000000000e+02
3.480000000000000000e+02
2.814000000000000000e+03
3.590000000000000000e+02
3.140000000000000000e+02
4.160000000000000000e+02
3.500000000000000000e+02
2.880000000000000000e+02
3.120000000000000000e+02
3.010000000000000000e+02
3.250000000000000000e+02
5.940000000000000000e+02
2.670000000000000000e+02
3.890000000000000000e+02
2.840000000000000000e+02
3.280000000000000000e+02
3.470000000000000000e+02
3.790000000000000000e+02
3.190000000000000000e+02
3.390000000000000000e+02
6.410000000000000000e+02
3.290000000000000000e+02
3.520000000000000000e+02
3.740000000000000000e+02
3.080000000000000000e+02
4.570000000000000000e+02
3.370000000000000000e+02
3.440000000000000000e+02
3.940000000000000000e+02
5.930000000000000000e+02
1.324000000000000000e+03
3.640000000000000000e+02
3.110000000000000000e+02
3.310000000000000000e+02
3.400000000000000000e+02
3.210000000000000000e+02
3.330000000000000000e+02
3.710000000000000000e+02
3.780000000000000000e+02
3.280000000000000000e+02
3.350000000000000000e+02
2.930000000000000000e+02
3.550000000000000000e+02
4.040000000000000000e+02
3.190000000000000000e+02
6.741000000000000000e+03
3.410000000000000000e+02
3.160000000000000000e+02
3.230000000000000000e+02
3.910000000000000000e+02
3.090000000000000000e+02
3.650000000000000000e+02
3.190000000000000000e+02
2.670000000000000000e+02
3.440000000000000000e+02
3.330000000000000000e+02
3.510000000000000000e+02
2.850000000000000000e+02
2.198000000000000000e+03
3.330000000000000000e+02
3.640000000000000000e+02
3.250000000000000000e+02
4.110000000000000000e+02
3.270000000000000000e+02
1.005000000000000000e+03
3.960000000000000000e+02
1.108000000000000000e+03
2.820000000000000000e+02
3.310000000000000000e+02
2.830000000000000000e+02
3.440000000000000000e+02
3.150000000000000000e+02
2.840000000000000000e+02
4.330000000000000000e+02
3.340000000000000000e+02
2.090000000000000000e+03
9.360000000000000000e+02
5.480000000000000000e+02
4.280000000000000000e+02
3.900000000000000000e+02
3.450000000000000000e+02
3.290000000000000000e+02
2.990000000000000000e+02
3.470000000000000000e+02
3.310000000000000000e+02
1.705000000000000000e+03
4.100000000000000000e+02
3.190000000000000000e+02
2.840000000000000000e+02
3.540000000000000000e+02
6.620000000000000000e+02
3.470000000000000000e+02
3.480000000000000000e+02
3.550000000000000000e+02
2.760000000000000000e+02
3.950000000000000000e+02
3.870000000000000000e+02
3.110000000000000000e+02
2.880000000000000000e+02
5.023000000000000000e+03
3.280000000000000000e+02
6.290000000000000000e+02
3.030000000000000000e+02
2.840000000000000000e+02
3.650000000000000000e+02
2.930000000000000000e+02
1.370800000000000000e+04
3.410000000000000000e+02
2.980000000000000000e+02
2.236000000000000000e+04
3.530000000000000000e+02
3.570000000000000000e+02
2.414000000000000000e+03
3.720000000000000000e+02
3.170000000000000000e+02
3.060000000000000000e+02
2.920000000000000000e+02
2.920000000000000000e+02
3.320000000000000000e+02
5.780000000000000000e+02
4.060000000000000000e+02
3.890000000000000000e+02
3.050000000000000000e+02
2.920000000000000000e+02
1.005000000000000000e+03
2.990000000000000000e+02
3.760000000000000000e+02
2.337000000000000000e+03
4.510000000000000000e+02
2.690000000000000000e+02
4.380000000000000000e+03
3.350000000000000000e+02
6.033000000000000000e+03
3.790000000000000000e+02
4.020000000000000000e+02
2.957800000000000000e+04
7.070000000000000000e+02
5.560000000000000000e+02
4.460000000000000000e+02
1.686000000000000000e+03
3.750000000000000000e+02
2.810000000000000000e+02
1.019000000000000000e+03
2.740000000000000000e+02
3.010000000000000000e+02
2.280000000000000000e+02
3.440000000000000000e+02
3.180000000000000000e+02
3.350000000000000000e+02
2.745500000000000000e+04
2.940000000000000000e+02
2.930000000000000000e+02
3.740000000000000000e+02
5.410000000000000000e+02
3.180000000000000000e+02
3.550000000000000000e+02
3.120000000000000000e+02
3.030000000000000000e+02
3.010000000000000000e+02
4.480000000000000000e+02
3.030000000000000000e+02
3.460000000000000000e+02
3.150000000000000000e+02
4.960000000000000000e+02
3.560000000000000000e+02
3.080000000000000000e+02
3.310000000000000000e+02
3.200000000000000000e+02
4.120000000000000000e+02
2.980000000000000000e+02
7.624000000000000000e+03
3.140000000000000000e+02
2.940000000000000000e+02
3.100000000000000000e+02
1.701000000000000000e+03
6.430000000000000000e+02
3.890000000000000000e+02
1.788000000000000000e+03
3.220000000000000000e+02
3.700000000000000000e+02
3.750000000000000000e+02
6.560000000000000000e+02
3.720000000000000000e+02
3.620000000000000000e+02
3.280000000000000000e+02
3.120000000000000000e+02
3.220000000000000000e+02
3.440000000000000000e+02
4.966000000000000000e+03
3.920000000000000000e+02
3.130000000000000000e+02
1.244000000000000000e+03
2.750000000000000000e+02
3.130000000000000000e+02
3.230000000000000000e+02
2.920000000000000000e+02
3.110000000000000000e+02
3.140000000000000000e+02
3.440000000000000000e+02
7.930000000000000000e+02
2.530000000000000000e+02
3.490000000000000000e+02
2.890000000000000000e+02
2.740000000000000000e+02
6.880000000000000000e+02
2.540000000000000000e+02
3.040000000000000000e+02
3.050000000000000000e+02
7.180000000000000000e+02
3.070000000000000000e+02
3.220000000000000000e+02
4.810000000000000000e+02
2.830000000000000000e+02
4.140000000000000000e+02
2.640000000000000000e+02
2.028000000000000000e+03
3.040000000000000000e+02
3.380000000000000000e+02
3.410000000000000000e+02
2.760000000000000000e+02
2.039700000000000000e+04
3.030000000000000000e+02
2.892000000000000000e+03
3.420000000000000000e+02
3.340000000000000000e+02
3.630000000000000000e+02
3.060000000000000000e+02
3.390000000000000000e+02
2.860000000000000000e+02
2.870000000000000000e+02
4.580000000000000000e+02
2.890000000000000000e+02
5.740000000000000000e+02
3.160000000000000000e+02
5.270000000000000000e+02
3.310000000000000000e+02
2.860000000000000000e+02
3.270000000000000000e+02
2.500000000000000000e+02
2.880000000000000000e+02
3.300000000000000000e+02
5.000000000000000000e+02
5.620000000000000000e+02
3.270000000000000000e+02
3.800000000000000000e+02
2.800000000000000000e+02
3.100000000000000000e+02
2.920000000000000000e+02
2.890000000000000000e+02
2.940000000000000000e+02
3.460000000000000000e+02
3.330000000000000000e+02
7.300000000000000000e+02
3.170000000000000000e+02
4.660000000000000000e+02
3.850000000000000000e+02
3.240000000000000000e+02
4.500000000000000000e+02
4.430000000000000000e+02
5.160000000000000000e+02
6.920000000000000000e+02
3.470000000000000000e+02
2.990000000000000000e+02
3.450000000000000000e+02
4.130000000000000000e+02
8.580000000000000000e+02
4.100000000000000000e+02
2.830000000000000000e+02
3.090000000000000000e+02
2.840000000000000000e+02
3.170000000000000000e+02
3.500000000000000000e+02
3.050000000000000000e+02
5.000000000000000000e+02
7.270000000000000000e+02
2.840000000000000000e+02
3.520000000000000000e+02
2.510000000000000000e+02
3.190000000000000000e+02
3.580000000000000000e+02
2.840000000000000000e+02
3.550000000000000000e+02
2.770000000000000000e+02
9.550000000000000000e+02
2.930000000000000000e+02
2.630000000000000000e+02
3.770000000000000000e+02
3.260000000000000000e+02
3.340000000000000000e+02
2.600000000000000000e+02
3.680000000000000000e+02
1.150000000000000000e+03
2.880000000000000000e+02
2.770000000000000000e+02
3.310000000000000000e+02
4.190000000000000000e+02
2.960000000000000000e+02
2.790000000000000000e+02
2.890000000000000000e+02
3.320000000000000000e+02
3.450000000000000000e+02
5.190000000000000000e+02
3.560000000000000000e+02
3.750000000000000000e+02
3.410000000000000000e+02
3.000000000000000000e+02
3.110000000000000000e+02
2.760000000000000000e+02
1.320600000000000000e+04
3.220000000000000000e+02
3.000000000000000000e+02
3.430000000000000000e+02
3.320000000000000000e+02
2.700000000000000000e+02
2.920000000000000000e+02
2.790000000000000000e+02
2.500000000000000000e+02
3.090000000000000000e+02
3.590000000000000000e+02
2.860000000000000000e+02
2.930000000000000000e+02
3.470000000000000000e+02
3.030000000000000000e+02
3.660000000000000000e+02
3.150000000000000000e+02
4.010000000000000000e+02
3.020000000000000000e+02
2.840000000000000000e+02
6.896000000000000000e+03
4.250000000000000000e+02
2.860000000000000000e+02
2.890000000000000000e+02
3.030000000000000000e+02
3.070000000000000000e+02
4.370000000000000000e+02
1.182100000000000000e+04
3.140000000000000000e+02
2.920000000000000000e+02
3.530000000000000000e+02
2.860000000000000000e+02
3.209000000000000000e+03
3.410000000000000000e+02
2.770000000000000000e+02
3.690000000000000000e+02
1.779000000000000000e+03
3.210000000000000000e+02
1.043000000000000000e+03
3.820000000000000000e+02
2.970000000000000000e+02
3.290000000000000000e+02
5.580000000000000000e+02
2.760000000000000000e+02
3.610000000000000000e+02
3.340000000000000000e+02
3.570000000000000000e+02
2.870000000000000000e+02
3.960000000000000000e+02
2.930000000000000000e+02
3.070000000000000000e+02
3.130000000000000000e+02
9.320000000000000000e+02
2.770000000000000000e+02
3.140000000000000000e+02
2.720000000000000000e+02
2.910000000000000000e+02
3.420000000000000000e+02
3.260000000000000000e+02
3.150000000000000000e+02
3.700000000000000000e+02
3.730000000000000000e+02
2.700000000000000000e+02
2.590000000000000000e+02
6.440000000000000000e+02
4.880000000000000000e+02
2.687000000000000000e+03
5.570000000000000000e+02
5.823000000000000000e+03
3.160000000000000000e+02
3.820000000000000000e+02
3.170000000000000000e+02
2.840000000000000000e+02
3.230000000000000000e+02
3.420000000000000000e+02
3.100000000000000000e+02
2.550000000000000000e+02
3.840000000000000000e+02
3.430000000000000000e+02
3.200000000000000000e+02
3.680000000000000000e+02
2.910000000000000000e+02
3.740000000000000000e+02
2.920000000000000000e+02
3.340000000000000000e+02
7.850000000000000000e+02
3.440000000000000000e+02
3.310000000000000000e+02
3.370000000000000000e+02
3.880000000000000000e+02
2.860000000000000000e+02
2.870000000000000000e+02
3.430000000000000000e+02
2.850000000000000000e+02
3.270000000000000000e+02
3.380000000000000000e+02
3.050000000000000000e+02
2.910000000000000000e+02
3.470000000000000000e+02
2.940000000000000000e+02
4.600000000000000000e+02
3.470000000000000000e+02
3.370000000000000000e+02
2.910000000000000000e+02
3.440000000000000000e+02
4.390000000000000000e+02
2.640000000000000000e+02
2.830000000000000000e+02
2.700000000000000000e+02
3.160000000000000000e+02
3.690000000000000000e+02
3.290000000000000000e+02
3.950000000000000000e+02
2.540000000000000000e+02
3.110000000000000000e+02
3.660000000000000000e+02
2.800000000000000000e+02
2.450000000000000000e+02
3.060000000000000000e+02
2.650000000000000000e+02
5.310000000000000000e+02
3.010000000000000000e+02
1.253000000000000000e+03
3.190000000000000000e+02
2.880000000000000000e+02
3.310000000000000000e+02
3.830000000000000000e+02
3.190000000000000000e+02
2.810000000000000000e+02
6.310000000000000000e+02
3.620000000000000000e+02
2.870000000000000000e+02
9.620000000000000000e+02
3.270000000000000000e+02
3.470000000000000000e+02
4.240000000000000000e+02
2.870000000000000000e+02
3.180000000000000000e+02
2.880000000000000000e+02
2.750000000000000000e+02
3.650000000000000000e+02
4.100000000000000000e+02
4.180000000000000000e+02
2.700000000000000000e+02
2.101200000000000000e+04
2.560000000000000000e+02
3.020000000000000000e+02
2.870000000000000000e+02
2.930000000000000000e+02
3.130000000000000000e+02
3.720000000000000000e+02
3.260000000000000000e+02
3.400000000000000000e+02
4.840000000000000000e+02
3.550000000000000000e+02
3.580000000000000000e+02
5.240000000000000000e+02
3.610000000000000000e+02
3.360000000000000000e+02
3.490000000000000000e+02
3.378000000000000000e+03
3.160000000000000000e+02
3.120000000000000000e+02
2.610000000000000000e+02
2.750000000000000000e+02
4.110000000000000000e+02
3.030000000000000000e+02
3.190000000000000000e+02
3.150000000000000000e+02
3.860000000000000000e+02
2.470000000000000000e+02
3.930000000000000000e+02
3.570000000000000000e+02
3.010000000000000000e+02
3.050000000000000000e+02
3.440000000000000000e+02
2.550000000000000000e+02
5.440000000000000000e+02
3.030000000000000000e+02
2.890000000000000000e+02
3.140000000000000000e+02
2.930000000000000000e+02
7.180000000000000000e+02
5.080000000000000000e+02
2.800000000000000000e+02
3.180000000000000000e+02
3.690000000000000000e+02
3.410000000000000000e+02
3.720000000000000000e+02
2.820000000000000000e+02
4.160000000000000000e+02
3.000000000000000000e+02
1.951000000000000000e+03
3.130000000000000000e+02
3.600000000000000000e+02
3.310000000000000000e+02
2.940000000000000000e+02
4.510000000000000000e+02
2.750000000000000000e+02
3.140000000000000000e+02
7.860000000000000000e+03
2.810000000000000000e+02
3.940000000000000000e+02
2.610000000000000000e+02
2.850000000000000000e+02
3.561000000000000000e+03
2.990000000000000000e+02
3.150000000000000000e+02
2.790000000000000000e+02
3.490000000000000000e+02
3.380000000000000000e+02
8.600000000000000000e+02
2.490000000000000000e+02
3.330000000000000000e+02
4.315000000000000000e+03
3.250000000000000000e+02
1.312000000000000000e+03
8.500000000000000000e+02
2.910000000000000000e+02
1.050000000000000000e+03
3.790000000000000000e+02
4.780000000000000000e+02
3.280000000000000000e+02
3.730000000000000000e+02
3.330000000000000000e+02
2.620000000000000000e+02
2.880000000000000000e+02
3.210000000000000000e+02
2.820000000000000000e+02
2.570000000000000000e+02
3.220000000000000000e+02
2.870000000000000000e+02
3.160000000000000000e+02
3.670000000000000000e+02
2.840000000000000000e+02
3.530000000000000000e+02
3.360000000000000000e+02
3.000000000000000000e+02
3.600000000000000000e+02
2.970000000000000000e+02
3.220000000000000000e+02
2.870000000000000000e+02
1.287300000000000000e+04
2.830000000000000000e+02
6.430000000000000000e+02
3.480000000000000000e+02
4.520000000000000000e+02
2.870000000000000000e+02
3.380000000000000000e+02
2.710000000000000000e+02
2.530000000000000000e+02
2.910000000000000000e+02
2.920000000000000000e+02
3.157000000000000000e+03
3.480000000000000000e+02
3.300000000000000000e+02
5.470000000000000000e+02
2.430000000000000000e+02
3.070000000000000000e+02
2.760000000000000000e+02
3.930000000000000000e+02
4.880000000000000000e+02
8.950000000000000000e+02
3.300000000000000000e+02
2.450000000000000000e+02
2.700000000000000000e+02
2.520000000000000000e+02
3.190000000000000000e+02
8.000000000000000000e+02
2.960000000000000000e+02
3.160000000000000000e+02
3.230000000000000000e+02
4.030000000000000000e+02
3.070000000000000000e+02
8.620000000000000000e+02
3.050000000000000000e+02
3.190000000000000000e+02
2.540000000000000000e+02
4.030000000000000000e+02
6.000000000000000000e+02
3.040000000000000000e+02
2.510000000000000000e+02
2.840000000000000000e+02
3.000000000000000000e+02
2.990000000000000000e+02
2.660000000000000000e+02
2.740000000000000000e+02
3.190000000000000000e+02
2.458000000000000000e+03
2.130000000000000000e+02
3.410000000000000000e+02
9.850000000000000000e+02
2.690000000000000000e+02
5.110000000000000000e+02
3.810000000000000000e+02
2.860000000000000000e+02
2.690000000000000000e+02
3.020000000000000000e+02
2.920000000000000000e+02
6.680000000000000000e+02
3.460000000000000000e+02
3.140000000000000000e+02
3.630000000000000000e+02
2.730000000000000000e+02
3.140000000000000000e+02
2.680000000000000000e+02
3.070000000000000000e+02
2.740000000000000000e+02
2.750000000000000000e+02
2.970000000000000000e+02
3.760000000000000000e+02
6.278000000000000000e+03
2.960000000000000000e+02
3.670000000000000000e+02
3.000000000000000000e+02
3.070000000000000000e+02
2.740000000000000000e+02
3.010000000000000000e+02
2.610000000000000000e+02
2.630000000000000000e+02
2.960000000000000000e+02
3.410000000000000000e+02
3.910000000000000000e+02
3.430000000000000000e+02
3.420000000000000000e+02
3.260000000000000000e+02
2.730000000000000000e+02
2.650000000000000000e+02
3.060000000000000000e+02
3.930000000000000000e+02
2.920000000000000000e+02
3.430000000000000000e+02
2.920000000000000000e+02
4.510000000000000000e+02
2.610000000000000000e+02
2.900000000000000000e+02
3.130000000000000000e+02
3.340000000000000000e+02
3.885000000000000000e+03
2.600000000000000000e+02
3.580000000000000000e+02
3.110000000000000000e+02
2.890000000000000000e+02
2.001000000000000000e+03
2.880000000000000000e+02
3.450000000000000000e+02
1.860000000000000000e+03
4.350000000000000000e+02
3.420000000000000000e+02
2.620000000000000000e+02
3.300000000000000000e+02
2.740000000000000000e+02
3.020000000000000000e+02
3.300000000000000000e+02
2.570000000000000000e+02
2.730000000000000000e+02
2.960000000000000000e+02
1.069100000000000000e+04
2.910000000000000000e+02
8.256000000000000000e+03
2.910000000000000000e+02
2.560000000000000000e+02
2.520000000000000000e+02
5.766000000000000000e+03
3.360000000000000000e+02
1.090000000000000000e+03
3.200000000000000000e+02
3.070000000000000000e+02
2.700000000000000000e+02
8.020000000000000000e+02
2.800000000000000000e+02
3.560000000000000000e+02
1.006000000000000000e+03
3.540000000000000000e+02
2.680000000000000000e+02
3.580000000000000000e+02
2.850000000000000000e+02
3.910000000000000000e+02
2.760000000000000000e+02
2.810000000000000000e+02
3.320000000000000000e+02
3.900000000000000000e+02
2.740000000000000000e+02
2.570000000000000000e+02
3.260000000000000000e+02
2.770000000000000000e+02
2.440000000000000000e+02
3.050000000000000000e+02
2.521000000000000000e+03
2.730000000000000000e+02
2.560000000000000000e+02
7.580000000000000000e+02
3.030000000000000000e+02
3.100000000000000000e+02
2.890000000000000000e+02
3.070000000000000000e+02
2.970000000000000000e+02
2.640000000000000000e+02
2.970000000000000000e+02
4.060000000000000000e+02
2.450000000000000000e+02
3.080000000000000000e+02
3.090000000000000000e+02
2.910000000000000000e+02
3.360000000000000000e+02
2.800000000000000000e+02
2.750000000000000000e+02
2.940000000000000000e+02
2.740000000000000000e+02
5.040000000000000000e+02
3.020000000000000000e+02
3.630000000000000000e+02
2.890000000000000000e+02
2.900000000000000000e+02
3.490000000000000000e+02
2.640000000000000000e+02
3.730000000000000000e+02
2.860000000000000000e+02
5.370000000000000000e+02
2.690000000000000000e+02
4.650000000000000000e+02
3.200000000000000000e+02
3.690000000000000000e+02
2.510000000000000000e+02
2.790000000000000000e+02
2.680000000000000000e+02
3.150000000000000000e+02
3.380000000000000000e+02
3.170000000000000000e+02
4.470000000000000000e+02
3.010000000000000000e+02
2.590000000000000000e+02
3.382000000000000000e+03
3.360000000000000000e+02
3.390000000000000000e+02
3.650000000000000000e+02
2.780000000000000000e+02
2.800000000000000000e+02
6.990000000000000000e+02
2.820000000000000000e+02
2.830000000000000000e+02
2.630000000000000000e+02
3.300000000000000000e+02
2.690000000000000000e+02
2.280000000000000000e+02
4.080000000000000000e+02
2.940000000000000000e+02
3.690000000000000000e+02
2.990000000000000000e+02
3.610000000000000000e+02
3.770000000000000000e+02
2.730000000000000000e+02
2.580000000000000000e+02
4.130000000000000000e+02
2.700000000000000000e+02
2.900000000000000000e+02
6.108000000000000000e+03
2.325000000000000000e+03
2.800000000000000000e+02
2.850000000000000000e+02
3.230000000000000000e+02
2.550000000000000000e+02
2.830000000000000000e+02
2.460000000000000000e+02
5.020000000000000000e+02
2.630000000000000000e+02
4.810000000000000000e+02
3.760000000000000000e+02
3.630000000000000000e+02
2.680000000000000000e+02
3.581800000000000000e+04
3.450000000000000000e+02
3.140000000000000000e+02
3.240000000000000000e+02
3.050000000000000000e+02
3.300000000000000000e+02
3.080000000000000000e+02
2.930000000000000000e+02
3.090000000000000000e+02
2.950000000000000000e+02
3.280000000000000000e+02
2.730000000000000000e+02
2.560000000000000000e+02
5.389000000000000000e+03
5.160000000000000000e+02
2.580000000000000000e+02
3.150000000000000000e+02
2.890000000000000000e+02
7.590000000000000000e+03
3.340000000000000000e+02
7.352000000000000000e+03
3.260000000000000000e+02
1.174000000000000000e+03
2.760000000000000000e+02
2.830000000000000000e+02
3.390000000000000000e+02
2.500000000000000000e+02
2.440000000000000000e+02
3.100000000000000000e+02
2.890000000000000000e+02
2.690000000000000000e+02
2.490000000000000000e+02
2.910000000000000000e+02
2.670000000000000000e+02
3.710000000000000000e+02
3.160000000000000000e+02
2.470000000000000000e+02
2.940000000000000000e+02
4.130000000000000000e+02
3.080000000000000000e+02
2.720000000000000000e+02
2.960000000000000000e+02
3.000000000000000000e+02
2.870000000000000000e+02
3.310000000000000000e+02
2.470000000000000000e+02
2.490000000000000000e+02
1.073000000000000000e+03
2.980000000000000000e+02
3.240000000000000000e+02
2.730000000000000000e+02
3.040000000000000000e+02
3.430000000000000000e+02
1.892000000000000000e+03
3.140000000000000000e+02
2.620000000000000000e+02
3.030000000000000000e+02
3.370000000000000000e+02
3.870000000000000000e+02
2.640000000000000000e+02
2.730000000000000000e+02
2.820000000000000000e+02
3.100000000000000000e+02
3.060000000000000000e+02
3.130000000000000000e+02
3.080000000000000000e+02
3.220000000000000000e+02
2.820000000000000000e+02
3.310000000000000000e+02
2.240000000000000000e+02
3.060000000000000000e+02
5.020000000000000000e+02
2.530000000000000000e+02
2.460000000000000000e+02
2.330000000000000000e+02
2.480000000000000000e+02
3.030000000000000000e+02
2.720000000000000000e+02
2.760000000000000000e+02
2.810000000000000000e+02
3.220000000000000000e+02
3.280000000000000000e+02
2.970000000000000000e+02
3.180000000000000000e+02
2.750000000000000000e+02
2.950000000000000000e+02
3.330000000000000000e+02
2.580000000000000000e+02
3.130000000000000000e+02
2.890000000000000000e+02
3.000000000000000000e+02
3.580000000000000000e+02
3.580000000000000000e+02
2.900000000000000000e+02
3.450000000000000000e+02
2.780000000000000000e+02
3.480000000000000000e+02
2.430000000000000000e+02
2.230000000000000000e+02
3.000000000000000000e+02
2.940000000000000000e+02
2.850000000000000000e+02
3.730000000000000000e+02
3.630000000000000000e+02
6.010000000000000000e+02
2.870000000000000000e+02
2.910000000000000000e+02
2.920000000000000000e+02
3.300000000000000000e+02
3.440300000000000000e+04
9.650000000000000000e+02
1.650000000000000000e+03
3.370000000000000000e+02
3.000000000000000000e+02
3.440000000000000000e+02
3.150000000000000000e+02
2.950000000000000000e+02
2.760000000000000000e+02
3.070000000000000000e+02
2.700000000000000000e+02
2.850000000000000000e+02
3.960000000000000000e+02
3.560000000000000000e+02
3.573000000000000000e+03
1.282000000000000000e+03
2.710000000000000000e+02
1.436100000000000000e+04
3.930000000000000000e+02
5.200000000000000000e+02
3.180000000000000000e+02
3.000000000000000000e+02
4.727000000000000000e+03
3.300000000000000000e+02
3.210000000000000000e+02
2.610000000000000000e+02
2.370000000000000000e+02
3.000000000000000000e+02
2.670000000000000000e+02
3.330000000000000000e+02
2.420000000000000000e+02
2.820000000000000000e+02
3.620000000000000000e+02
4.110000000000000000e+02
3.800000000000000000e+02
3.600000000000000000e+02
3.550000000000000000e+02
3.450000000000000000e+02
3.690000000000000000e+02
3.190000000000000000e+02
3.350000000000000000e+02
3.170000000000000000e+02
3.220000000000000000e+02
2.600000000000000000e+02
3.360000000000000000e+02
7.190000000000000000e+02
2.250000000000000000e+02
2.600000000000000000e+02
2.610000000000000000e+02
3.030000000000000000e+02
3.260000000000000000e+02
2.860000000000000000e+02
2.630000000000000000e+02
7.470000000000000000e+02
2.490000000000000000e+02
2.670000000000000000e+02
3.340000000000000000e+02
3.060000000000000000e+02
3.690000000000000000e+02
3.560000000000000000e+02
3.270000000000000000e+02
2.570000000000000000e+02
2.440000000000000000e+02
4.120000000000000000e+02
4.530000000000000000e+02
2.500000000000000000e+02
6.640000000000000000e+02
4.070000000000000000e+02
2.540000000000000000e+02
3.920000000000000000e+02
2.500000000000000000e+03
2.980000000000000000e+02
2.590000000000000000e+02
2.540000000000000000e+02
3.040000000000000000e+02
4.950000000000000000e+02
3.850000000000000000e+02
2.430000000000000000e+02
4.140000000000000000e+02
3.580000000000000000e+02
3.640000000000000000e+02
2.770000000000000000e+02
3.100000000000000000e+02
3.320000000000000000e+02
3.020000000000000000e+02
3.010000000000000000e+02
2.780000000000000000e+02
2.650000000000000000e+02
3.190000000000000000e+02
4.190000000000000000e+02
2.540000000000000000e+02
2.650000000000000000e+02
2.690000000000000000e+02
4.600000000000000000e+02
6.850000000000000000e+02
2.610000000000000000e+02
2.567000000000000000e+03
3.110000000000000000e+02
3.640000000000000000e+02
3.110000000000000000e+02
2.920000000000000000e+02
2.980000000000000000e+02
3.350000000000000000e+02
3.220000000000000000e+02
3.330000000000000000e+02
1.396000000000000000e+03
7.500000000000000000e+02
3.580000000000000000e+02
3.360000000000000000e+02
2.580000000000000000e+02
2.480000000000000000e+02
3.670000000000000000e+02
2.740000000000000000e+02
3.050000000000000000e+02
2.810000000000000000e+02
3.040000000000000000e+02
3.130000000000000000e+02
3.260000000000000000e+02
2.350000000000000000e+02
3.040000000000000000e+02
5.200000000000000000e+02
