2.431074547767639160e+01
2.408171749114990234e+01
2.417920422554016113e+01
2.446457600593566895e+01
2.362653923034667969e+01
2.293149900436401367e+01
2.448877668380737305e+01
2.192390799522399902e+01
2.290032124519348145e+01
2.369843244552612305e+01
2.372862458229064941e+01
2.228424525260925293e+01
2.328815054893493652e+01
2.355008578300476074e+01
2.171472120285034180e+01
2.308921742439270020e+01
2.150926995277404785e+01
2.226418519020080566e+01
2.299791312217712402e+01
2.235259795188903809e+01
2.228870463371276855e+01
2.123457217216491699e+01
2.297553133964538574e+01
2.261321210861206055e+01
2.300953364372253418e+01
2.239690971374511719e+01
2.021718335151672363e+01
2.241141796112060547e+01
2.111750245094299316e+01
2.238653969764709473e+01
2.206059408187866211e+01
2.188143253326416016e+01
1.949968481063842773e+01
2.207452917098999023e+01
2.184668159484863281e+01
2.175102210044860840e+01
2.077904224395751953e+01
2.100520181655883789e+01
2.032418036460876465e+01
2.169145369529724121e+01
2.157758831977844238e+01
2.175775218009948730e+01
2.216330885887145996e+01
2.191529130935668945e+01
2.072995328903198242e+01
2.090521669387817383e+01
2.135393977165222168e+01
2.165779614448547363e+01
2.166684412956237793e+01
2.185424304008483887e+01
2.155058288574218750e+01
2.192412066459655762e+01
2.071463203430175781e+01
2.140433526039123535e+01
2.003296470642089844e+01
2.122373294830322266e+01
2.083232855796813965e+01
2.144309639930725098e+01
2.217109179496765137e+01
2.076134729385375977e+01
2.063431310653686523e+01
2.072876906394958496e+01
2.079576992988586426e+01
2.078991699218750000e+01
2.046038126945495605e+01
2.171727967262268066e+01
2.029816889762878418e+01
2.083169555664062500e+01
2.174438619613647461e+01
2.239824557304382324e+01
2.027339696884155273e+01
2.117826342582702637e+01
2.016251230239868164e+01
2.109382963180541992e+01
2.070710897445678711e+01
2.104000186920166016e+01
2.109673786163330078e+01
2.089903712272644043e+01
2.138508558273315430e+01
2.039371562004089355e+01
2.182589983940124512e+01
1.998027920722961426e+01
2.172116065025329590e+01
2.104243707656860352e+01
2.039775300025939941e+01
2.075055146217346191e+01
2.180344247817993164e+01
2.129029726982116699e+01
2.048271012306213379e+01
2.101015686988830566e+01
2.054803657531738281e+01
2.183624291419982910e+01
2.136873698234558105e+01
2.112790369987487793e+01
2.176390695571899414e+01
2.133159089088439941e+01
2.167820501327514648e+01
2.103228330612182617e+01
1.986352276802062988e+01
2.049704313278198242e+01
2.131494045257568359e+01
2.193754673004150391e+01
2.076227164268493652e+01
2.072959756851196289e+01
2.198088383674621582e+01
2.091708898544311523e+01
2.051176691055297852e+01
2.187050509452819824e+01
2.118470573425292969e+01
2.161096096038818359e+01
2.130965137481689453e+01
2.100905704498291016e+01
2.105254507064819336e+01
2.108415341377258301e+01
2.138741207122802734e+01
1.962545609474182129e+01
2.042706847190856934e+01
2.072875285148620605e+01
2.135706901550292969e+01
2.115263938903808594e+01
2.099644446372985840e+01
2.084582519531250000e+01
2.125166034698486328e+01
2.086638927459716797e+01
2.129579305648803711e+01
1.960263991355895996e+01
2.136898970603942871e+01
2.146643257141113281e+01
2.118644857406616211e+01
2.181635022163391113e+01
2.100359916687011719e+01
2.174689555168151855e+01
2.185039091110229492e+01
1.948945617675781250e+01
1.969217586517333984e+01
2.123869037628173828e+01
2.161084794998168945e+01
2.051694083213806152e+01
2.105513381958007812e+01
2.087050008773803711e+01
2.120759153366088867e+01
1.991193175315856934e+01
2.143190622329711914e+01
2.142926526069641113e+01
2.176947999000549316e+01
2.167785501480102539e+01
2.084951090812683105e+01
2.109260678291320801e+01
2.078748631477355957e+01
2.146823549270629883e+01
2.126421070098876953e+01
2.015627956390380859e+01
2.149376416206359863e+01
2.026206135749816895e+01
2.076145982742309570e+01
2.097961115837097168e+01
2.102454900741577148e+01
2.128656101226806641e+01
2.162116122245788574e+01
2.139822292327880859e+01
2.090679073333740234e+01
2.180438041687011719e+01
2.077489900588989258e+01
2.073129773139953613e+01
2.127094244956970215e+01
2.100544166564941406e+01
2.046316719055175781e+01
2.095141267776489258e+01
1.895160245895385742e+01
2.167734742164611816e+01
2.051175427436828613e+01
2.187054538726806641e+01
2.106000685691833496e+01
2.147004151344299316e+01
1.937967824935913086e+01
2.101959156990051270e+01
2.083250856399536133e+01
2.052953505516052246e+01
2.157576274871826172e+01
2.086995506286621094e+01
2.162212681770324707e+01
2.050040006637573242e+01
2.152457690238952637e+01
2.090588021278381348e+01
2.085671901702880859e+01
2.160121607780456543e+01
2.149143457412719727e+01
2.037736153602600098e+01
2.113728976249694824e+01
2.059078526496887207e+01
2.125781822204589844e+01
2.083555507659912109e+01
2.156463432312011719e+01
1.965874195098876953e+01
1.981905364990234375e+01
2.203759407997131348e+01
2.129567289352416992e+01
2.116113042831420898e+01
2.030842471122741699e+01
2.185527729988098145e+01
1.933145022392272949e+01
2.139784312248229980e+01
2.016351985931396484e+01
2.092271852493286133e+01
2.226849579811096191e+01
1.998099565505981445e+01
2.191035771369934082e+01
2.207149314880371094e+01
2.048604893684387207e+01
2.173392200469970703e+01
2.150633883476257324e+01
2.177001667022705078e+01
2.089311385154724121e+01
1.999283957481384277e+01
2.139588141441345215e+01
2.216675233840942383e+01
2.108940696716308594e+01
2.043439435958862305e+01
2.080284380912780762e+01
2.112723159790039062e+01
2.077350854873657227e+01
2.073354005813598633e+01
2.156564307212829590e+01
2.156950139999389648e+01
2.073530602455139160e+01
2.011887407302856445e+01
1.962910509109497070e+01
2.055219936370849609e+01
2.174724626541137695e+01
1.923593163490295410e+01
2.159263443946838379e+01
2.227739357948303223e+01
2.126540708541870117e+01
1.940475416183471680e+01
2.167790961265563965e+01
2.221529030799865723e+01
2.183297586441040039e+01
1.914989399909973145e+01
2.071299695968627930e+01
2.042828297615051270e+01
2.168104219436645508e+01
2.080149936676025391e+01
2.140768122673034668e+01
2.152070975303649902e+01
2.170196127891540527e+01
1.902015280723571777e+01
2.111291289329528809e+01
2.105983710289001465e+01
2.122160744667053223e+01
2.037570166587829590e+01
2.015041041374206543e+01
2.103642749786376953e+01
2.145120668411254883e+01
2.107368206977844238e+01
2.070644068717956543e+01
2.134259152412414551e+01
2.111570644378662109e+01
2.173126554489135742e+01
1.961668205261230469e+01
2.008342146873474121e+01
2.063140797615051270e+01
2.087145709991455078e+01
2.050367951393127441e+01
1.985780739784240723e+01
2.121155190467834473e+01
2.141843819618225098e+01
2.099681472778320312e+01
2.148322796821594238e+01
2.144060945510864258e+01
2.054178762435913086e+01
2.123647356033325195e+01
2.136661243438720703e+01
2.083291673660278320e+01
1.977574992179870605e+01
2.128329157829284668e+01
2.050126481056213379e+01
2.085709953308105469e+01
1.944072937965393066e+01
2.190005350112915039e+01
2.123999810218811035e+01
2.111190271377563477e+01
1.995729923248291016e+01
1.938430070877075195e+01
1.975274705886840820e+01
2.167638540267944336e+01
1.869501519203186035e+01
2.066655802726745605e+01
2.163201260566711426e+01
2.118682146072387695e+01
2.095592880249023438e+01
1.930026578903198242e+01
2.046361255645751953e+01
2.122453618049621582e+01
2.062206721305847168e+01
2.185085439682006836e+01
2.128423070907592773e+01
1.860657548904418945e+01
2.048189353942871094e+01
1.849744987487792969e+01
2.147551202774047852e+01
2.028324365615844727e+01
2.095113992691040039e+01
2.069788908958435059e+01
2.043398857116699219e+01
2.059462809562683105e+01
2.051232218742370605e+01
2.114070773124694824e+01
1.994652199745178223e+01
2.126493477821350098e+01
2.102232480049133301e+01
2.012015199661254883e+01
2.035605692863464355e+01
1.900775814056396484e+01
2.085192918777465820e+01
2.062244963645935059e+01
2.166885566711425781e+01
2.172028398513793945e+01
2.009596252441406250e+01
2.092020583152770996e+01
2.123332715034484863e+01
1.930828857421875000e+01
2.024217748641967773e+01
2.100226330757141113e+01
2.052241134643554688e+01
2.113353514671325684e+01
1.975390458106994629e+01
2.110820174217224121e+01
1.931353640556335449e+01
2.211457371711730957e+01
2.124983406066894531e+01
2.115928268432617188e+01
2.186267447471618652e+01
2.111861371994018555e+01
1.955946636199951172e+01
1.851295065879821777e+01
2.066798424720764160e+01
2.061036944389343262e+01
2.033771800994873047e+01
2.174926733970642090e+01
2.078759622573852539e+01
2.059830021858215332e+01
2.054745459556579590e+01
2.136160683631896973e+01
2.027185916900634766e+01
2.102603912353515625e+01
2.030391001701354980e+01
2.110310935974121094e+01
2.054734301567077637e+01
2.136172842979431152e+01
2.109757328033447266e+01
2.154338192939758301e+01
2.090153312683105469e+01
1.964260578155517578e+01
2.091242265701293945e+01
2.147286534309387207e+01
2.057711935043334961e+01
2.028145146369934082e+01
2.088564372062683105e+01
2.048582243919372559e+01
2.052830362319946289e+01
2.162063336372375488e+01
1.967777037620544434e+01
2.116405344009399414e+01
2.094942402839660645e+01
1.910632324218750000e+01
1.910313892364501953e+01
2.119286179542541504e+01
2.157488989830017090e+01
2.009824776649475098e+01
2.117983269691467285e+01
2.127228498458862305e+01
2.028943467140197754e+01
2.030053567886352539e+01
2.220696282386779785e+01
2.065032577514648438e+01
2.109757065773010254e+01
2.174733901023864746e+01
2.125133013725280762e+01
2.046256446838378906e+01
2.127918577194213867e+01
1.981618714332580566e+01
2.110856533050537109e+01
2.060439443588256836e+01
2.126746487617492676e+01
2.023322033882141113e+01
2.023503684997558594e+01
2.054038238525390625e+01
2.040083360671997070e+01
2.019453430175781250e+01
2.110497832298278809e+01
2.113468265533447266e+01
2.088800883293151855e+01
2.073256731033325195e+01
2.065527153015136719e+01
2.218044638633728027e+01
2.178110337257385254e+01
2.147139215469360352e+01
2.106797528266906738e+01
2.115169501304626465e+01
2.111457037925720215e+01
2.145027756690979004e+01
1.963291740417480469e+01
2.115331506729125977e+01
2.143090701103210449e+01
2.038855791091918945e+01
2.071866011619567871e+01
2.114891862869262695e+01
2.002090930938720703e+01
1.929818654060363770e+01
1.924243021011352539e+01
2.074917817115783691e+01
2.131430101394653320e+01
2.092001605033874512e+01
2.078948831558227539e+01
2.120655703544616699e+01
1.987061476707458496e+01
2.123808217048645020e+01
2.025807547569274902e+01
2.052319884300231934e+01
2.132997989654541016e+01
2.165011382102966309e+01
2.119900751113891602e+01
2.177797722816467285e+01
2.083425831794738770e+01
1.949231576919555664e+01
1.885109138488769531e+01
2.159893035888671875e+01
2.062074470520019531e+01
2.145910978317260742e+01
2.025681066513061523e+01
2.055141901969909668e+01
2.124512147903442383e+01
2.035850143432617188e+01
2.119768071174621582e+01
2.060735917091369629e+01
2.097067403793334961e+01
2.117392683029174805e+01
2.121643590927124023e+01
2.132282137870788574e+01
2.069852805137634277e+01
2.072603440284729004e+01
2.147921895980834961e+01
2.179530096054077148e+01
1.996271634101867676e+01
1.937609148025512695e+01
2.064928913116455078e+01
2.015687108039855957e+01
2.072486829757690430e+01
2.143197679519653320e+01
2.129937839508056641e+01
2.089869260787963867e+01
2.016578078269958496e+01
2.065823507308959961e+01
2.121108841896057129e+01
1.979944419860839844e+01
1.954258203506469727e+01
2.079152679443359375e+01
2.166314768791198730e+01
2.106052470207214355e+01
1.971769928932189941e+01
2.000229620933532715e+01
2.043298506736755371e+01
1.958284020423889160e+01
1.894152069091796875e+01
2.066620969772338867e+01
2.064466738700866699e+01
2.166709780693054199e+01
2.165173125267028809e+01
2.055244255065917969e+01
2.041917467117309570e+01
2.120791220664978027e+01
2.059226107597351074e+01
2.063579273223876953e+01
2.120413589477539062e+01
2.086370611190795898e+01
2.156693315505981445e+01
2.024536299705505371e+01
2.006640768051147461e+01
2.107539820671081543e+01
2.131235766410827637e+01
2.114820694923400879e+01
2.007860827445983887e+01
2.102514624595642090e+01
2.123573970794677734e+01
2.046882772445678711e+01
1.979228210449218750e+01
2.125438213348388672e+01
2.120858287811279297e+01
2.090703201293945312e+01
2.184264206886291504e+01
1.904202723503112793e+01
2.076851344108581543e+01
2.045140099525451660e+01
1.908883070945739746e+01
2.147078728675842285e+01
2.025035929679870605e+01
2.175486969947814941e+01
1.988349127769470215e+01
2.042903900146484375e+01
1.923793196678161621e+01
2.098815059661865234e+01
1.978900933265686035e+01
2.113373613357543945e+01
2.095755553245544434e+01
2.101525545120239258e+01
2.047526907920837402e+01
2.139066767692565918e+01
2.116073036193847656e+01
2.024873590469360352e+01
2.051230001449584961e+01
2.113370132446289062e+01
1.948407912254333496e+01
2.056915378570556641e+01
2.147468209266662598e+01
1.961420059204101562e+01
2.085278749465942383e+01
2.007562756538391113e+01
2.147589802742004395e+01
2.019499683380126953e+01
2.088422226905822754e+01
2.148572063446044922e+01
2.054937624931335449e+01
2.082283043861389160e+01
2.104208970069885254e+01
2.114527869224548340e+01
2.041339230537414551e+01
2.139998888969421387e+01
1.868449568748474121e+01
2.077392506599426270e+01
2.216343760490417480e+01
2.116215133666992188e+01
2.080143594741821289e+01
2.139706802368164062e+01
2.098895144462585449e+01
1.968180537223815918e+01
2.025269722938537598e+01
1.884710621833801270e+01
1.932114791870117188e+01
2.140717005729675293e+01
2.138859915733337402e+01
1.862035846710205078e+01
2.011357259750366211e+01
1.979647946357727051e+01
2.025101590156555176e+01
2.088038182258605957e+01
2.022456908226013184e+01
2.070309615135192871e+01
2.054723787307739258e+01
1.992675852775573730e+01
2.039105081558227539e+01
2.116918158531188965e+01
2.073350691795349121e+01
2.032644677162170410e+01
2.038626170158386230e+01
2.179045772552490234e+01
2.063860511779785156e+01
2.033385562896728516e+01
2.128169608116149902e+01
2.143075847625732422e+01
1.974043631553649902e+01
2.112854743003845215e+01
2.067850756645202637e+01
2.126833939552307129e+01
2.133193850517272949e+01
2.126893663406372070e+01
2.043713712692260742e+01
2.120949959754943848e+01
2.037437391281127930e+01
2.195616054534912109e+01
2.110399746894836426e+01
2.192799997329711914e+01
2.072782969474792480e+01
2.093829965591430664e+01
2.052081799507141113e+01
2.095604252815246582e+01
2.135755801200866699e+01
2.109620046615600586e+01
2.108048009872436523e+01
2.023854398727416992e+01
2.055639815330505371e+01
2.033038425445556641e+01
2.067480158805847168e+01
2.101326394081115723e+01
1.986249709129333496e+01
2.092280101776123047e+01
1.991376233100891113e+01
2.004225039482116699e+01
2.024965190887451172e+01
2.098405098915100098e+01
2.125922751426696777e+01
2.102714157104492188e+01
2.127321600914001465e+01
2.100558757781982422e+01
2.032252240180969238e+01
2.107558274269104004e+01
2.052030038833618164e+01
2.098296093940734863e+01
2.130136251449584961e+01
1.939884853363037109e+01
2.144058513641357422e+01
2.081900835037231445e+01
2.150922155380249023e+01
2.157287025451660156e+01
2.121275973320007324e+01
2.079145932197570801e+01
1.982035851478576660e+01
1.928669047355651855e+01
2.064959478378295898e+01
1.975458741188049316e+01
2.060321688652038574e+01
2.010507464408874512e+01
2.027823376655578613e+01
2.072242760658264160e+01
2.037130546569824219e+01
2.027573990821838379e+01
2.114982676506042480e+01
2.158269619941711426e+01
1.932577896118164062e+01
2.098725414276123047e+01
2.104577684402465820e+01
2.094814777374267578e+01
2.037125897407531738e+01
2.083557438850402832e+01
2.108538436889648438e+01
2.012612271308898926e+01
2.140632653236389160e+01
2.077892398834228516e+01
2.074718976020812988e+01
1.949193906784057617e+01
2.113485789299011230e+01
2.188818693161010742e+01
1.992812585830688477e+01
2.180240416526794434e+01
2.064388942718505859e+01
2.017801880836486816e+01
2.066196894645690918e+01
2.104294347763061523e+01
2.139359664916992188e+01
2.009886932373046875e+01
2.100276350975036621e+01
2.044278001785278320e+01
2.065341973304748535e+01
2.066681385040283203e+01
2.027920341491699219e+01
2.115741896629333496e+01
2.010171747207641602e+01
2.018196058273315430e+01
2.030370855331420898e+01
2.094532465934753418e+01
2.176206016540527344e+01
2.058802270889282227e+01
1.986144042015075684e+01
2.118676662445068359e+01
2.029778003692626953e+01
2.211753916740417480e+01
2.080132246017456055e+01
2.152129411697387695e+01
2.125639414787292480e+01
1.981497383117675781e+01
1.985893177986145020e+01
2.208265900611877441e+01
2.068113899230957031e+01
2.140487027168273926e+01
2.001535606384277344e+01
2.042012786865234375e+01
2.065467691421508789e+01
1.974925851821899414e+01
1.952932167053222656e+01
2.156296181678771973e+01
1.988406085968017578e+01
2.127630162239074707e+01
2.093328404426574707e+01
2.014297938346862793e+01
1.975897574424743652e+01
2.219961857795715332e+01
1.990269851684570312e+01
2.038859176635742188e+01
2.127477717399597168e+01
2.125146484375000000e+01
2.006590127944946289e+01
1.981986498832702637e+01
2.036269807815551758e+01
2.072459626197814941e+01
2.173461198806762695e+01
2.062712001800537109e+01
2.108962535858154297e+01
2.001855206489562988e+01
1.951008057594299316e+01
2.080486202239990234e+01
2.168549561500549316e+01
1.989789390563964844e+01
2.102717661857604980e+01
2.016399431228637695e+01
2.126091313362121582e+01
1.977554702758789062e+01
2.075746631622314453e+01
1.926749706268310547e+01
1.994567298889160156e+01
1.950636935234069824e+01
2.185205793380737305e+01
2.111671805381774902e+01
2.075477671623229980e+01
2.045876550674438477e+01
1.972256636619567871e+01
2.168523716926574707e+01
2.058668208122253418e+01
1.969965696334838867e+01
2.035209393501281738e+01
2.076642823219299316e+01
2.159789252281188965e+01
2.052219104766845703e+01
2.056916308403015137e+01
2.134843468666076660e+01
2.012259268760681152e+01
2.149254989624023438e+01
2.005635595321655273e+01
2.117001008987426758e+01
2.084289503097534180e+01
2.114317345619201660e+01
2.054061508178710938e+01
2.088027667999267578e+01
2.133635640144348145e+01
2.013224792480468750e+01
2.170114183425903320e+01
2.053424692153930664e+01
2.143245244026184082e+01
2.114405202865600586e+01
2.057245492935180664e+01
2.147420787811279297e+01
1.928090000152587891e+01
2.046477508544921875e+01
2.117631816864013672e+01
2.007465696334838867e+01
2.061242938041687012e+01
2.083461499214172363e+01
2.158680486679077148e+01
2.120605015754699707e+01
2.073194003105163574e+01
2.092161417007446289e+01
2.190270662307739258e+01
2.154513883590698242e+01
2.091649937629699707e+01
2.187385749816894531e+01
2.159443569183349609e+01
2.068176507949829102e+01
1.974608469009399414e+01
2.105530309677124023e+01
2.127157807350158691e+01
2.127950668334960938e+01
2.112946105003356934e+01
2.072384786605834961e+01
2.066300439834594727e+01
1.968457627296447754e+01
2.021632289886474609e+01
1.951923370361328125e+01
1.992563772201538086e+01
2.114872598648071289e+01
2.055158615112304688e+01
2.144640922546386719e+01
2.007866740226745605e+01
2.111546921730041504e+01
2.099846696853637695e+01
2.107157945632934570e+01
2.040318322181701660e+01
1.955243778228759766e+01
1.967719960212707520e+01
2.036873745918273926e+01
1.935154628753662109e+01
2.085819864273071289e+01
2.014374256134033203e+01
2.039319658279418945e+01
2.140958452224731445e+01
2.113051438331604004e+01
2.094749903678894043e+01
2.133343219757080078e+01
2.010078144073486328e+01
1.988551974296569824e+01
2.123571324348449707e+01
2.134529495239257812e+01
2.076671767234802246e+01
2.015092539787292480e+01
1.936461400985717773e+01
2.076319241523742676e+01
2.073012518882751465e+01
2.035441398620605469e+01
2.081389617919921875e+01
2.005707550048828125e+01
2.158732008934020996e+01
2.019209551811218262e+01
1.922712206840515137e+01
2.137002062797546387e+01
2.033714389801025391e+01
2.015404057502746582e+01
2.085805249214172363e+01
2.109502100944519043e+01
2.104253792762756348e+01
2.109761071205139160e+01
2.100743293762207031e+01
2.006981611251831055e+01
2.037530207633972168e+01
2.228699660301208496e+01
2.128002858161926270e+01
2.063365626335144043e+01
2.082863283157348633e+01
2.100134921073913574e+01
2.022305607795715332e+01
2.161761856079101562e+01
2.053154683113098145e+01
2.085682010650634766e+01
2.110869121551513672e+01
2.156914687156677246e+01
2.097115111351013184e+01
2.089067006111145020e+01
1.979220104217529297e+01
2.096522521972656250e+01
2.108102369308471680e+01
2.130529761314392090e+01
2.137648272514343262e+01
2.225242161750793457e+01
2.031286382675170898e+01
2.077317428588867188e+01
2.088409376144409180e+01
2.159735012054443359e+01
2.180132341384887695e+01
2.073328566551208496e+01
1.979647636413574219e+01
2.056202888488769531e+01
2.012553763389587402e+01
2.052546739578247070e+01
2.108462810516357422e+01
2.134361219406127930e+01
1.987539649009704590e+01
2.117227125167846680e+01
2.107473444938659668e+01
2.100921177864074707e+01
2.024161386489868164e+01
1.961967611312866211e+01
2.155035996437072754e+01
2.083580517768859863e+01
2.088029217720031738e+01
1.976824307441711426e+01
1.950325393676757812e+01
2.051991868019104004e+01
1.991681623458862305e+01
2.025076007843017578e+01
2.127512931823730469e+01
2.020193052291870117e+01
1.972790813446044922e+01
2.140950894355773926e+01
2.004214930534362793e+01
2.127907180786132812e+01
2.104973578453063965e+01
2.136662507057189941e+01
2.037120389938354492e+01
2.154056072235107422e+01
2.043471908569335938e+01
2.106312155723571777e+01
2.103803801536560059e+01
1.987493014335632324e+01
1.917603325843811035e+01
2.009562230110168457e+01
2.180764985084533691e+01
2.102920150756835938e+01
1.846809220314025879e+01
2.014000082015991211e+01
2.078719902038574219e+01
2.239433264732360840e+01
1.996524024009704590e+01
2.086163568496704102e+01
2.061758017539978027e+01
2.129096722602844238e+01
2.076554942131042480e+01
1.982896637916564941e+01
2.104460668563842773e+01
2.113332271575927734e+01
2.090489006042480469e+01
2.038561677932739258e+01
1.992191553115844727e+01
2.072334527969360352e+01
1.888635969161987305e+01
2.040898585319519043e+01
2.097977185249328613e+01
2.093766927719116211e+01
2.161839413642883301e+01
2.014272713661193848e+01
2.208797287940979004e+01
1.999857378005981445e+01
1.995943236351013184e+01
2.097987866401672363e+01
2.030890011787414551e+01
2.101235961914062500e+01
2.040821456909179688e+01
2.005140876770019531e+01
1.956773805618286133e+01
2.021817517280578613e+01
2.130355501174926758e+01
1.966658258438110352e+01
1.934292483329772949e+01
2.070942735671997070e+01
2.095831274986267090e+01
2.122306799888610840e+01
1.915410137176513672e+01
2.032500815391540527e+01
2.078534150123596191e+01
2.118803572654724121e+01
2.090752363204956055e+01
2.141914534568786621e+01
2.045750427246093750e+01
2.045925521850585938e+01
1.919917464256286621e+01
1.943024063110351562e+01
1.931971049308776855e+01
1.924017095565795898e+01
2.074592852592468262e+01
2.039135313034057617e+01
1.937975907325744629e+01
2.088627815246582031e+01
2.122291135787963867e+01
2.044219827651977539e+01
2.086889719963073730e+01
2.064222455024719238e+01
2.062285161018371582e+01
2.126495552062988281e+01
2.068722248077392578e+01
2.029449677467346191e+01
2.012843418121337891e+01
1.949206423759460449e+01
2.094398570060729980e+01
2.164125990867614746e+01
2.036825418472290039e+01
2.092346024513244629e+01
2.079752516746520996e+01
2.025759792327880859e+01
2.055171918869018555e+01
2.098347091674804688e+01
1.961833214759826660e+01
2.081568312644958496e+01
2.134795260429382324e+01
1.870501589775085449e+01
2.112178969383239746e+01
2.078324866294860840e+01
2.104246020317077637e+01
2.150413632392883301e+01
2.062591552734375000e+01
2.205380845069885254e+01
2.030004167556762695e+01
2.040996408462524414e+01
1.883657026290893555e+01
1.956758260726928711e+01
2.120195555686950684e+01
2.082513356208801270e+01
2.095842504501342773e+01
2.010108256340026855e+01
1.933349847793579102e+01
2.073744440078735352e+01
2.026567244529724121e+01
2.200940966606140137e+01
2.098579955101013184e+01
2.017926859855651855e+01
2.188448286056518555e+01
1.979392385482788086e+01
1.979434108734130859e+01
2.127822065353393555e+01
2.043984365463256836e+01
2.204155302047729492e+01
2.136471223831176758e+01
2.144870924949645996e+01
1.995731043815612793e+01
2.018496966361999512e+01
2.007248568534851074e+01
1.991254615783691406e+01
1.992025876045227051e+01
1.961563062667846680e+01
1.935325002670288086e+01
2.067811703681945801e+01
1.988426303863525391e+01
2.063290882110595703e+01
2.069119811058044434e+01
1.914420008659362793e+01
2.008480548858642578e+01
2.088091754913330078e+01
2.056127595901489258e+01
2.080588436126708984e+01
2.035562825202941895e+01
1.832123970985412598e+01
2.018064141273498535e+01
2.119118499755859375e+01
2.102435612678527832e+01
2.021385264396667480e+01
2.077011370658874512e+01
1.990338683128356934e+01
2.123403072357177734e+01
2.140226221084594727e+01
2.045546150207519531e+01
2.141609573364257812e+01
2.176846671104431152e+01
2.000688195228576660e+01
2.042596197128295898e+01
2.178630232810974121e+01
2.111911511421203613e+01
2.046933650970458984e+01
2.090456199645996094e+01
2.132633876800537109e+01
2.006541037559509277e+01
1.978920626640319824e+01
2.046582412719726562e+01
2.023483347892761230e+01
2.137495303153991699e+01
2.105246162414550781e+01
2.070877599716186523e+01
2.196683406829833984e+01
2.050777745246887207e+01
2.047146511077880859e+01
2.133713483810424805e+01
1.994008398056030273e+01
2.134873104095458984e+01
1.962619733810424805e+01
2.121142196655273438e+01
2.112503695487976074e+01
2.106172275543212891e+01
1.953804469108581543e+01
1.993852114677429199e+01
1.994913268089294434e+01
2.007424855232238770e+01
2.135343456268310547e+01
2.078743147850036621e+01
1.927100992202758789e+01
2.073120999336242676e+01
2.147497487068176270e+01
1.899186182022094727e+01
2.116627073287963867e+01
2.075013947486877441e+01
1.999882674217224121e+01
1.945213389396667480e+01
2.079701614379882812e+01
2.044502091407775879e+01
2.057679152488708496e+01
2.021053886413574219e+01
2.001121187210083008e+01
2.152094435691833496e+01
1.899602484703063965e+01
2.129209470748901367e+01
2.034599661827087402e+01
2.104555702209472656e+01
2.031551766395568848e+01
2.114742350578308105e+01
2.019455361366271973e+01
2.129454445838928223e+01
2.157825684547424316e+01
2.149248385429382324e+01
2.040595602989196777e+01
2.082486820220947266e+01
2.085195207595825195e+01
2.024691820144653320e+01
2.138918113708496094e+01
2.050853276252746582e+01
2.105903315544128418e+01
1.923615097999572754e+01
2.021706676483154297e+01
2.065247774124145508e+01
1.986947464942932129e+01
1.866847515106201172e+01
2.075330853462219238e+01
1.914626073837280273e+01
2.051393675804138184e+01
2.001227164268493652e+01
1.996032238006591797e+01
2.093673586845397949e+01
2.031389856338500977e+01
2.049512982368469238e+01
1.968111824989318848e+01
2.070897817611694336e+01
1.992662501335144043e+01
2.008337640762329102e+01
2.049121499061584473e+01
1.990904855728149414e+01
2.072934865951538086e+01
2.045442867279052734e+01
1.972461414337158203e+01
1.972038912773132324e+01
1.993759346008300781e+01
2.094030380249023438e+01
2.089930796623229980e+01
2.119689249992370605e+01
2.066507029533386230e+01
2.154008817672729492e+01
2.027788114547729492e+01
2.175891685485839844e+01
2.082888126373291016e+01
2.093794751167297363e+01
2.119063520431518555e+01
2.089967155456542969e+01
2.092319083213806152e+01
1.982527899742126465e+01
1.979065608978271484e+01
2.007279610633850098e+01
2.183539032936096191e+01
2.076925992965698242e+01
2.070335936546325684e+01
2.093361830711364746e+01
2.020468354225158691e+01
2.127525591850280762e+01
2.080591201782226562e+01
1.977130413055419922e+01
2.106904006004333496e+01
1.876654767990112305e+01
2.087756109237670898e+01
2.083003497123718262e+01
2.097922348976135254e+01
2.230056548118591309e+01
2.009375143051147461e+01
2.049629688262939453e+01
2.017409300804138184e+01
2.049564838409423828e+01
1.957511734962463379e+01
2.083504962921142578e+01
2.150017213821411133e+01
2.111250686645507812e+01
2.049523687362670898e+01
2.076506066322326660e+01
2.022041749954223633e+01
2.116206479072570801e+01
2.088453459739685059e+01
2.032680749893188477e+01
2.025027203559875488e+01
2.083906459808349609e+01
2.115404677391052246e+01
1.993457245826721191e+01
2.047632122039794922e+01
1.898998069763183594e+01
2.049537396430969238e+01
2.119265198707580566e+01
2.091839241981506348e+01
1.853712964057922363e+01
2.118982505798339844e+01
2.144053483009338379e+01
1.931716966629028320e+01
2.068697977066040039e+01
1.910708284378051758e+01
2.035532021522521973e+01
2.098210978507995605e+01
2.004944324493408203e+01
1.951301980018615723e+01
2.104886007308959961e+01
2.095962190628051758e+01
2.068852829933166504e+01
2.024701046943664551e+01
2.096018600463867188e+01
2.072108793258666992e+01
2.047086906433105469e+01
2.009413623809814453e+01
2.064987707138061523e+01
2.052476572990417480e+01
1.975231480598449707e+01
2.003457903861999512e+01
2.047579813003540039e+01
2.003240180015563965e+01
2.096163535118103027e+01
2.118120503425598145e+01
2.029799413681030273e+01
2.099383068084716797e+01
2.050969409942626953e+01
2.131448960304260254e+01
2.019254350662231445e+01
1.999117708206176758e+01
2.131725668907165527e+01
2.137031888961791992e+01
2.104624223709106445e+01
2.108606362342834473e+01
2.130795168876647949e+01
1.998220753669738770e+01
1.999801635742187500e+01
2.172245573997497559e+01
1.869844460487365723e+01
1.990609812736511230e+01
2.054149699211120605e+01
2.060882019996643066e+01
2.084740710258483887e+01
1.871013903617858887e+01
2.106174278259277344e+01
1.994490647315979004e+01
2.009571552276611328e+01
2.023625278472900391e+01
2.068129944801330566e+01
2.137188482284545898e+01
2.097654080390930176e+01
2.117077708244323730e+01
2.137041568756103516e+01
2.096301484107971191e+01
2.100400638580322266e+01
2.086362481117248535e+01
2.142859959602355957e+01
2.031348919868469238e+01
2.119527983665466309e+01
2.032535672187805176e+01
2.043018913269042969e+01
1.945881700515747070e+01
1.944210815429687500e+01
1.888108491897583008e+01
2.033973574638366699e+01
2.011157703399658203e+01
2.059910655021667480e+01
1.948574423789978027e+01
2.082211971282958984e+01
2.047414994239807129e+01
2.015507555007934570e+01
2.131638026237487793e+01
2.053297972679138184e+01
2.012282538414001465e+01
2.104640936851501465e+01
1.968491148948669434e+01
2.001033782958984375e+01
1.920553445816040039e+01
1.962632346153259277e+01
2.033894681930541992e+01
2.104550695419311523e+01
2.061276149749755859e+01
1.920302748680114746e+01
2.087849330902099609e+01
2.004541730880737305e+01
2.133296847343444824e+01
2.099335694313049316e+01
1.995746231079101562e+01
2.089711046218872070e+01
1.966116833686828613e+01
2.072787284851074219e+01
2.039762568473815918e+01
2.029586505889892578e+01
2.147752904891967773e+01
2.089862370491027832e+01
2.051530027389526367e+01
2.085396599769592285e+01
2.026296710968017578e+01
2.024211454391479492e+01
2.124441385269165039e+01
2.083057975769042969e+01
2.033022284507751465e+01
2.093564844131469727e+01
2.167693233489990234e+01
2.064203429222106934e+01
2.155093669891357422e+01
2.035626387596130371e+01
2.109895324707031250e+01
2.082102370262145996e+01
2.057383370399475098e+01
2.094754862785339355e+01
1.967408585548400879e+01
1.983492136001586914e+01
1.971566152572631836e+01
1.988188791275024414e+01
2.133873915672302246e+01
2.044477105140686035e+01
2.141557979583740234e+01
2.099531650543212891e+01
2.122720003128051758e+01
1.987053465843200684e+01
2.152647137641906738e+01
2.136905527114868164e+01
2.079853892326354980e+01
1.954242134094238281e+01
2.115093779563903809e+01
1.974017214775085449e+01
1.941477727890014648e+01
2.087218689918518066e+01
1.909379959106445312e+01
2.097913980484008789e+01
2.058752560615539551e+01
2.012018585205078125e+01
2.116967964172363281e+01
2.042114090919494629e+01
1.970742082595825195e+01
2.011977577209472656e+01
2.063586235046386719e+01
2.077809715270996094e+01
2.083106279373168945e+01
1.916105341911315918e+01
2.035162854194641113e+01
2.136816048622131348e+01
2.071072888374328613e+01
1.972349333763122559e+01
2.096494102478027344e+01
2.127950167655944824e+01
2.106417870521545410e+01
2.072588253021240234e+01
2.133316349983215332e+01
2.041703534126281738e+01
2.080837583541870117e+01
2.082916545867919922e+01
2.116194033622741699e+01
2.106746745109558105e+01
2.150553727149963379e+01
2.031269192695617676e+01
2.096882605552673340e+01
2.205667281150817871e+01
1.940169930458068848e+01
1.970695209503173828e+01
2.083515143394470215e+01
2.095993518829345703e+01
1.998980069160461426e+01
1.976768088340759277e+01
1.975784611701965332e+01
2.111060953140258789e+01
2.015958404541015625e+01
2.084632563591003418e+01
2.109946107864379883e+01
2.089946389198303223e+01
2.078384661674499512e+01
1.931424570083618164e+01
2.111053419113159180e+01
2.151896309852600098e+01
2.080647063255310059e+01
2.058269643783569336e+01
1.977379465103149414e+01
2.124261975288391113e+01
2.129130530357360840e+01
2.053685569763183594e+01
2.043233728408813477e+01
1.906481242179870605e+01
2.009608626365661621e+01
1.987415742874145508e+01
2.079850125312805176e+01
1.980897903442382812e+01
2.035042119026184082e+01
2.114147877693176270e+01
2.067443561553955078e+01
1.986539483070373535e+01
2.100195360183715820e+01
1.952985262870788574e+01
2.055431270599365234e+01
2.036599802970886230e+01
2.225978827476501465e+01
1.941278219223022461e+01
2.055924940109252930e+01
1.888655686378479004e+01
2.073227596282958984e+01
1.893441057205200195e+01
2.053775525093078613e+01
2.050362491607666016e+01
2.049869775772094727e+01
2.012790322303771973e+01
2.037806701660156250e+01
2.089731097221374512e+01
2.058653450012207031e+01
2.130920457839965820e+01
2.088216948509216309e+01
1.866055727005004883e+01
2.034338092803955078e+01
1.913475275039672852e+01
2.019314217567443848e+01
2.088348603248596191e+01
2.172038459777832031e+01
1.962953233718872070e+01
2.044080400466918945e+01
2.149859642982482910e+01
2.120652604103088379e+01
1.950867795944213867e+01
2.114051818847656250e+01
2.000504350662231445e+01
2.080826973915100098e+01
2.054840826988220215e+01
2.037872886657714844e+01
2.043723678588867188e+01
2.046555614471435547e+01
1.977744960784912109e+01
2.025585198402404785e+01
2.157762694358825684e+01
2.008223700523376465e+01
2.010840058326721191e+01
2.061158490180969238e+01
2.077804708480834961e+01
2.101779580116271973e+01
2.025234222412109375e+01
2.103900003433227539e+01
1.973483347892761230e+01
2.096743106842041016e+01
2.061410188674926758e+01
2.130429744720458984e+01
2.077966475486755371e+01
2.026439309120178223e+01
2.108363676071166992e+01
2.086947059631347656e+01
2.027538275718688965e+01
2.073172736167907715e+01
2.128922510147094727e+01
2.152976012229919434e+01
1.997071456909179688e+01
2.066630434989929199e+01
2.007136869430541992e+01
2.060453581809997559e+01
2.213117337226867676e+01
2.083601951599121094e+01
2.074069643020629883e+01
1.902729105949401855e+01
2.094740271568298340e+01
2.149631452560424805e+01
2.130466938018798828e+01
2.116139578819274902e+01
1.991749024391174316e+01
2.136889886856079102e+01
2.146857976913452148e+01
2.057946014404296875e+01
2.039816069602966309e+01
1.966101980209350586e+01
2.094375491142272949e+01
2.061159110069274902e+01
2.074476432800292969e+01
2.105331683158874512e+01
1.973558735847473145e+01
2.125634789466857910e+01
2.063428449630737305e+01
2.069830131530761719e+01
2.120411372184753418e+01
2.005582499504089355e+01
2.133049988746643066e+01
2.007471323013305664e+01
2.067803978919982910e+01
2.076758456230163574e+01
1.950836801528930664e+01
2.039885163307189941e+01
2.100013947486877441e+01
2.139746165275573730e+01
2.209889984130859375e+01
2.092589545249938965e+01
2.077993988990783691e+01
2.001459860801696777e+01
2.051584315299987793e+01
2.071621823310852051e+01
2.009098172187805176e+01
2.001170587539672852e+01
1.931603765487670898e+01
2.140130186080932617e+01
1.946118259429931641e+01
1.990936255455017090e+01
2.133785557746887207e+01
2.094739794731140137e+01
2.090199160575866699e+01
2.102747774124145508e+01
2.106066942214965820e+01
2.134349179267883301e+01
2.045704174041748047e+01
1.913202714920043945e+01
2.122660207748413086e+01
2.074879217147827148e+01
1.952613759040832520e+01
2.084313130378723145e+01
2.095939183235168457e+01
1.975560474395751953e+01
1.990575766563415527e+01
2.141182732582092285e+01
2.078504824638366699e+01
1.959631824493408203e+01
2.228765630722045898e+01
1.995130777359008789e+01
2.095998549461364746e+01
2.028583955764770508e+01
1.943043184280395508e+01
2.086750245094299316e+01
2.053083848953247070e+01
1.966229534149169922e+01
2.059667277336120605e+01
2.007355570793151855e+01
1.998749518394470215e+01
1.929998278617858887e+01
2.077399826049804688e+01
2.125173902511596680e+01
2.005644321441650391e+01
2.116359043121337891e+01
2.125928521156311035e+01
2.120296263694763184e+01
2.092480111122131348e+01
2.036134982109069824e+01
1.942424917221069336e+01
1.871730160713195801e+01
2.086902141571044922e+01
1.983300900459289551e+01
1.983858513832092285e+01
2.008329153060913086e+01
2.054637408256530762e+01
1.996524333953857422e+01
1.896861219406127930e+01
2.078971672058105469e+01
1.989818239212036133e+01
2.055914640426635742e+01
1.986680054664611816e+01
2.132393312454223633e+01
2.083123469352722168e+01
2.082010865211486816e+01
2.241037988662719727e+01
2.081593942642211914e+01
2.036915159225463867e+01
1.967840838432312012e+01
1.902420639991760254e+01
1.981782817840576172e+01
2.010393166542053223e+01
1.941231918334960938e+01
2.001935648918151855e+01
1.987015986442565918e+01
1.873117208480834961e+01
1.935993742942810059e+01
2.045286750793457031e+01
2.013974666595458984e+01
2.049529743194580078e+01
2.005340170860290527e+01
2.045863366127014160e+01
1.968990063667297363e+01
2.042377519607543945e+01
2.117909979820251465e+01
2.057467555999755859e+01
2.062170886993408203e+01
1.996113467216491699e+01
2.025976014137268066e+01
2.064994454383850098e+01
1.983135342597961426e+01
2.015257120132446289e+01
2.093764209747314453e+01
2.073812222480773926e+01
2.098695898056030273e+01
2.119337344169616699e+01
2.112456107139587402e+01
2.037998819351196289e+01
2.116448235511779785e+01
1.929061675071716309e+01
1.936313605308532715e+01
2.117113327980041504e+01
2.084774446487426758e+01
2.038728427886962891e+01
2.118248915672302246e+01
2.041805386543273926e+01
2.122361397743225098e+01
2.087586688995361328e+01
2.060453176498413086e+01
2.013829374313354492e+01
2.105411505699157715e+01
1.992943120002746582e+01
2.142695403099060059e+01
2.053260731697082520e+01
2.113569045066833496e+01
2.054001355171203613e+01
2.070782923698425293e+01
2.008321785926818848e+01
2.084142017364501953e+01
1.982389831542968750e+01
2.015357089042663574e+01
2.122693061828613281e+01
2.141632151603698730e+01
2.105506038665771484e+01
2.123969817161560059e+01
1.967325687408447266e+01
2.101886057853698730e+01
1.980520319938659668e+01
2.172129917144775391e+01
2.107320594787597656e+01
2.002591133117675781e+01
2.101600313186645508e+01
1.982702589035034180e+01
1.994426417350769043e+01
2.095281767845153809e+01
2.050565934181213379e+01
1.851722550392150879e+01
1.958283567428588867e+01
2.066872978210449219e+01
2.031894087791442871e+01
2.014497852325439453e+01
2.079827570915222168e+01
2.074237823486328125e+01
2.204009294509887695e+01
2.122252511978149414e+01
1.998838639259338379e+01
2.016556406021118164e+01
2.080528736114501953e+01
1.877667880058288574e+01
1.994870615005493164e+01
2.066785192489624023e+01
2.055924582481384277e+01
2.027017712593078613e+01
2.113771128654479980e+01
2.140322470664978027e+01
2.061115026473999023e+01
2.063646841049194336e+01
2.025081968307495117e+01
1.930942773818969727e+01
2.124387049674987793e+01
2.037301015853881836e+01
2.038949227333068848e+01
2.034595799446105957e+01
1.993969798088073730e+01
2.125146794319152832e+01
2.027346467971801758e+01
2.085022711753845215e+01
2.054473972320556641e+01
2.027183389663696289e+01
2.006650304794311523e+01
2.073848223686218262e+01
2.035706615447998047e+01
2.036933827400207520e+01
2.061986470222473145e+01
1.993491649627685547e+01
1.976206469535827637e+01
2.069065165519714355e+01
2.068301796913146973e+01
2.035858798027038574e+01
1.998821210861206055e+01
2.088900423049926758e+01
1.918466711044311523e+01
2.070413970947265625e+01
2.014356136322021484e+01
2.085630488395690918e+01
1.919668602943420410e+01
2.008789849281311035e+01
1.953812336921691895e+01
2.079276609420776367e+01
2.111637473106384277e+01
2.078345727920532227e+01
2.005273032188415527e+01
2.118437623977661133e+01
2.002783966064453125e+01
2.101507091522216797e+01
2.158277368545532227e+01
2.071211314201354980e+01
2.030856871604919434e+01
1.990428447723388672e+01
2.178608465194702148e+01
1.984230637550354004e+01
2.111013793945312500e+01
2.082850384712219238e+01
2.167924475669860840e+01
1.980682373046875000e+01
2.070442962646484375e+01
2.201877212524414062e+01
2.082102394104003906e+01
2.047236752510070801e+01
2.066525554656982422e+01
2.058473300933837891e+01
2.080726528167724609e+01
2.141465139389038086e+01
2.155717873573303223e+01
2.159423446655273438e+01
1.993174123764038086e+01
2.032958483695983887e+01
1.954552435874938965e+01
1.991494894027709961e+01
2.151645827293395996e+01
2.031312012672424316e+01
1.973446917533874512e+01
2.163344120979309082e+01
2.032729125022888184e+01
1.939114928245544434e+01
2.137129878997802734e+01
2.031157708168029785e+01
1.980631232261657715e+01
2.030675148963928223e+01
1.949238371849060059e+01
2.082316279411315918e+01
2.035128617286682129e+01
2.107844829559326172e+01
1.995062565803527832e+01
2.047711992263793945e+01
2.039065074920654297e+01
2.081230878829956055e+01
2.098485970497131348e+01
2.069305896759033203e+01
2.090938735008239746e+01
2.030055284500122070e+01
2.042099356651306152e+01
1.958204007148742676e+01
2.056505608558654785e+01
2.028895139694213867e+01
1.990725612640380859e+01
2.097737050056457520e+01
2.100572729110717773e+01
2.084434676170349121e+01
2.136453270912170410e+01
1.971385502815246582e+01
2.126471662521362305e+01
2.006358551979064941e+01
1.977114367485046387e+01
2.053140783309936523e+01
2.121673536300659180e+01
2.026048302650451660e+01
2.116952562332153320e+01
2.022925353050231934e+01
2.079197120666503906e+01
2.108921909332275391e+01
2.028578925132751465e+01
1.896655201911926270e+01
2.045508408546447754e+01
2.009591698646545410e+01
2.081950688362121582e+01
1.980673813819885254e+01
2.090963840484619141e+01
2.133037900924682617e+01
2.100119495391845703e+01
2.010117578506469727e+01
2.042359876632690430e+01
2.005764889717102051e+01
2.084289646148681641e+01
1.979575490951538086e+01
2.069870257377624512e+01
2.039939045906066895e+01
2.091896104812622070e+01
1.946749687194824219e+01
2.024800419807434082e+01
2.091522693634033203e+01
2.107987904548645020e+01
2.041192388534545898e+01
2.098401618003845215e+01
2.004500126838684082e+01
2.136204886436462402e+01
2.184915900230407715e+01
2.040898370742797852e+01
2.158745169639587402e+01
2.188679027557373047e+01
2.019969987869262695e+01
2.122346687316894531e+01
1.951883864402770996e+01
2.029894232749938965e+01
2.123907828330993652e+01
2.087336730957031250e+01
1.932875514030456543e+01
2.074300360679626465e+01
2.198847627639770508e+01
2.073233222961425781e+01
1.994316148757934570e+01
2.057741713523864746e+01
2.008938264846801758e+01
1.983863973617553711e+01
1.986247515678405762e+01
1.922710847854614258e+01
2.092425704002380371e+01
2.154652976989746094e+01
2.114930081367492676e+01
2.085328841209411621e+01
2.095374011993408203e+01
2.102273178100585938e+01
2.048230481147766113e+01
1.989619660377502441e+01
2.126974868774414062e+01
2.070450568199157715e+01
2.037493038177490234e+01
2.033856821060180664e+01
2.081184911727905273e+01
2.070861196517944336e+01
1.985139322280883789e+01
1.999377131462097168e+01
2.120429062843322754e+01
2.048388624191284180e+01
1.960189461708068848e+01
2.038480997085571289e+01
2.145542931556701660e+01
2.063247346878051758e+01
1.998586750030517578e+01
2.114347410202026367e+01
2.027637720108032227e+01
2.032271337509155273e+01
2.016472744941711426e+01
2.124934506416320801e+01
1.805282092094421387e+01
2.020119237899780273e+01
2.055447411537170410e+01
1.986351633071899414e+01
1.986055874824523926e+01
2.029940152168273926e+01
2.055593919754028320e+01
2.077256488800048828e+01
2.141447615623474121e+01
2.060269331932067871e+01
2.083526873588562012e+01
2.022667312622070312e+01
2.090822243690490723e+01
1.998462653160095215e+01
2.092601227760314941e+01
2.025233697891235352e+01
1.994686436653137207e+01
2.082484889030456543e+01
2.023189258575439453e+01
2.099952864646911621e+01
2.203780055046081543e+01
1.968238282203674316e+01
2.064408326148986816e+01
2.084888315200805664e+01
2.116033506393432617e+01
2.061249923706054688e+01
2.051636600494384766e+01
2.006662845611572266e+01
2.140183115005493164e+01
1.991079211235046387e+01
2.092962074279785156e+01
2.096872568130493164e+01
2.043864250183105469e+01
1.953422355651855469e+01
2.197654271125793457e+01
2.094745421409606934e+01
2.038763213157653809e+01
2.117966389656066895e+01
2.045149683952331543e+01
2.085985279083251953e+01
2.116580438613891602e+01
2.079238629341125488e+01
2.005800366401672363e+01
1.873353815078735352e+01
1.996803760528564453e+01
2.119766783714294434e+01
2.098192429542541504e+01
1.999981546401977539e+01
2.115357327461242676e+01
2.041356110572814941e+01
1.912361240386962891e+01
2.034021997451782227e+01
1.998169422149658203e+01
2.035081338882446289e+01
2.074076128005981445e+01
2.206346797943115234e+01
2.080920982360839844e+01
2.108052682876586914e+01
2.075824570655822754e+01
1.985865616798400879e+01
2.108681058883666992e+01
2.041522669792175293e+01
2.031565833091735840e+01
1.956124687194824219e+01
2.086145782470703125e+01
1.914203238487243652e+01
2.135865068435668945e+01
1.994047069549560547e+01
2.077882027626037598e+01
2.056387066841125488e+01
2.179349207878112793e+01
1.990647029876708984e+01
1.966879034042358398e+01
2.129343008995056152e+01
2.097276115417480469e+01
1.962722063064575195e+01
2.140566897392272949e+01
1.937533760070800781e+01
2.071326518058776855e+01
2.013011479377746582e+01
2.059729313850402832e+01
2.094570851325988770e+01
2.163435864448547363e+01
2.139744997024536133e+01
2.089754724502563477e+01
2.049354481697082520e+01
2.055671548843383789e+01
2.147380828857421875e+01
1.957928323745727539e+01
2.058056807518005371e+01
2.121063780784606934e+01
2.038160371780395508e+01
1.975327420234680176e+01
1.910482907295227051e+01
2.062877678871154785e+01
2.081679177284240723e+01
2.102059793472290039e+01
1.980205583572387695e+01
2.076910352706909180e+01
1.949312567710876465e+01
2.067859220504760742e+01
2.084504580497741699e+01
2.115701532363891602e+01
2.059460759162902832e+01
2.069381332397460938e+01
2.094132232666015625e+01
2.071830916404724121e+01
2.088514685630798340e+01
2.058153080940246582e+01
1.844994330406188965e+01
2.100720453262329102e+01
1.959779262542724609e+01
2.121875000000000000e+01
1.902686381340026855e+01
2.071280598640441895e+01
2.006353998184204102e+01
2.105701160430908203e+01
1.926822280883789062e+01
2.035113072395324707e+01
2.097772002220153809e+01
2.088143301010131836e+01
2.077926039695739746e+01
2.065235710144042969e+01
2.047568392753601074e+01
2.081127381324768066e+01
2.080179953575134277e+01
1.856633162498474121e+01
2.079951667785644531e+01
2.070109343528747559e+01
2.087027549743652344e+01
1.933788108825683594e+01
1.977609133720397949e+01
2.123175287246704102e+01
2.055875110626220703e+01
2.169937682151794434e+01
2.094341158866882324e+01
1.895798349380493164e+01
2.149112582206726074e+01
2.100675630569458008e+01
2.021053361892700195e+01
2.067676353454589844e+01
2.016253185272216797e+01
2.068923687934875488e+01
2.023231101036071777e+01
2.040076112747192383e+01
2.018982481956481934e+01
2.191354537010192871e+01
2.046866917610168457e+01
1.983767294883728027e+01
2.051382660865783691e+01
2.064918947219848633e+01
1.997966074943542480e+01
1.990831995010375977e+01
2.064034438133239746e+01
2.144529294967651367e+01
2.023744273185729980e+01
2.003994417190551758e+01
2.084338665008544922e+01
2.028378558158874512e+01
1.891517639160156250e+01
2.184028625488281250e+01
2.031918191909790039e+01
2.021669244766235352e+01
2.040923094749450684e+01
2.182379007339477539e+01
1.974954295158386230e+01
2.085752749443054199e+01
2.075868630409240723e+01
2.127452206611633301e+01
2.033340501785278320e+01
2.134919810295104980e+01
1.983164453506469727e+01
2.024018955230712891e+01
2.133850646018981934e+01
2.024604797363281250e+01
2.037174391746520996e+01
2.019120407104492188e+01
2.112114572525024414e+01
2.128182268142700195e+01
2.015890145301818848e+01
2.138393449783325195e+01
2.129704380035400391e+01
2.073130345344543457e+01
2.050431084632873535e+01
2.087631011009216309e+01
2.132621192932128906e+01
2.034767079353332520e+01
2.115808081626892090e+01
2.008145976066589355e+01
2.062912082672119141e+01
2.000009059906005859e+01
2.143319463729858398e+01
2.125887012481689453e+01
2.052004265785217285e+01
2.054937124252319336e+01
2.151057171821594238e+01
2.138524770736694336e+01
2.132153582572937012e+01
1.932146406173706055e+01
1.943296837806701660e+01
2.037200903892517090e+01
2.109195113182067871e+01
1.858043217658996582e+01
2.040391850471496582e+01
2.157513451576232910e+01
2.027170801162719727e+01
1.999128341674804688e+01
2.051443552970886230e+01
1.983168768882751465e+01
2.190591478347778320e+01
2.121502423286437988e+01
2.029713749885559082e+01
1.933769440650939941e+01
2.052599358558654785e+01
2.049458956718444824e+01
1.986246490478515625e+01
2.000397491455078125e+01
2.090440273284912109e+01
1.928522634506225586e+01
2.062683939933776855e+01
2.023400592803955078e+01
2.101794505119323730e+01
1.982496857643127441e+01
1.933089017868041992e+01
2.036709284782409668e+01
2.030982804298400879e+01
2.106077480316162109e+01
2.050440907478332520e+01
2.111466336250305176e+01
2.067192006111145020e+01
2.037977695465087891e+01
1.893787407875061035e+01
2.126706647872924805e+01
2.023724865913391113e+01
2.036799716949462891e+01
2.027298927307128906e+01
2.064551281929016113e+01
1.927109336853027344e+01
2.156267976760864258e+01
1.954578328132629395e+01
2.049991369247436523e+01
2.004909968376159668e+01
1.974653387069702148e+01
2.215657019615173340e+01
2.169713139533996582e+01
2.115446805953979492e+01
2.066920423507690430e+01
2.055713653564453125e+01
2.059277009963989258e+01
2.048502063751220703e+01
2.072258663177490234e+01
1.952827453613281250e+01
1.981610059738159180e+01
1.985417246818542480e+01
1.959329342842102051e+01
2.109929347038269043e+01
2.087825536727905273e+01
2.182184791564941406e+01
2.045688652992248535e+01
2.030431842803955078e+01
2.055728316307067871e+01
2.029609274864196777e+01
2.044720888137817383e+01
2.136681294441223145e+01
2.091048169136047363e+01
2.118345642089843750e+01
2.117117762565612793e+01
2.007637715339660645e+01
1.994282197952270508e+01
2.081897854804992676e+01
2.057312774658203125e+01
2.096157693862915039e+01
2.027352094650268555e+01
2.039452409744262695e+01
2.035799074172973633e+01
2.060442781448364258e+01
2.069991350173950195e+01
2.015155220031738281e+01
2.007018852233886719e+01
2.117724871635437012e+01
1.952121424674987793e+01
2.038091754913330078e+01
1.902083706855773926e+01
2.069987559318542480e+01
2.090440750122070312e+01
2.004175758361816406e+01
2.093404459953308105e+01
1.946633076667785645e+01
2.091792178153991699e+01
2.117698621749877930e+01
2.041239166259765625e+01
2.120208787918090820e+01
2.070627570152282715e+01
2.141917800903320312e+01
2.097198748588562012e+01
2.057769799232482910e+01
2.045941901206970215e+01
2.011091470718383789e+01
2.064249396324157715e+01
2.008447384834289551e+01
2.048960542678833008e+01
1.986407160758972168e+01
2.018610525131225586e+01
2.006964945793151855e+01
2.071627044677734375e+01
1.971749806404113770e+01
2.036609196662902832e+01
2.014205145835876465e+01
2.037780141830444336e+01
2.179440355300903320e+01
1.928847384452819824e+01
2.054355859756469727e+01
2.023780608177185059e+01
2.048146677017211914e+01
2.036505103111267090e+01
1.981387472152709961e+01
2.027029490470886230e+01
2.014262413978576660e+01
2.095901298522949219e+01
2.101996302604675293e+01
2.019242334365844727e+01
1.930717229843139648e+01
2.117677330970764160e+01
1.967402362823486328e+01
2.000194168090820312e+01
2.057125234603881836e+01
2.112478637695312500e+01
1.983623909950256348e+01
2.016590499877929688e+01
2.114502835273742676e+01
2.099896502494812012e+01
1.840760421752929688e+01
1.695663428306579590e+01
2.136416268348693848e+01
2.132435584068298340e+01
2.097250485420227051e+01
2.035959100723266602e+01
2.092474007606506348e+01
1.981118631362915039e+01
2.090726590156555176e+01
2.043601894378662109e+01
1.971034717559814453e+01
2.136158132553100586e+01
2.121384096145629883e+01
2.132893323898315430e+01
2.049756741523742676e+01
2.154127311706542969e+01
2.183566403388977051e+01
1.978133869171142578e+01
2.085954260826110840e+01
2.170558714866638184e+01
2.070868396759033203e+01
2.155832719802856445e+01
2.122281932830810547e+01
2.004024481773376465e+01
2.226520943641662598e+01
2.089650940895080566e+01
1.982475829124450684e+01
2.131634306907653809e+01
2.050017046928405762e+01
2.095467019081115723e+01
2.101810169219970703e+01
2.103107953071594238e+01
2.047217583656311035e+01
1.961261892318725586e+01
1.928592586517333984e+01
2.083509135246276855e+01
2.098256564140319824e+01
2.000086808204650879e+01
1.975590205192565918e+01
2.144889020919799805e+01
1.935087060928344727e+01
1.950936841964721680e+01
2.051401162147521973e+01
1.997037339210510254e+01
1.931979036331176758e+01
1.915784811973571777e+01
1.997559547424316406e+01
2.152900981903076172e+01
2.066991806030273438e+01
1.907123708724975586e+01
2.168392610549926758e+01
1.979039263725280762e+01
2.063600850105285645e+01
1.958803749084472656e+01
2.089510273933410645e+01
2.120866632461547852e+01
2.045686650276184082e+01
2.077520632743835449e+01
2.080061244964599609e+01
1.996937823295593262e+01
2.074939846992492676e+01
2.150459623336791992e+01
2.075679087638854980e+01
1.979361009597778320e+01
2.026414585113525391e+01
1.926351451873779297e+01
1.967981219291687012e+01
2.073261332511901855e+01
1.991887927055358887e+01
2.075638484954833984e+01
1.873062205314636230e+01
1.982642650604248047e+01
2.161804223060607910e+01
2.058976054191589355e+01
2.071069908142089844e+01
2.135439085960388184e+01
2.103675889968872070e+01
2.028861474990844727e+01
1.981671524047851562e+01
2.016078472137451172e+01
2.095979547500610352e+01
2.064350152015686035e+01
2.173978590965270996e+01
1.970473599433898926e+01
2.029000782966613770e+01
2.104142856597900391e+01
2.102588844299316406e+01
2.183658766746520996e+01
1.968678569793701172e+01
1.996565580368041992e+01
2.085953092575073242e+01
2.042447233200073242e+01
1.794443273544311523e+01
2.000180387496948242e+01
2.099057340621948242e+01
2.022495412826538086e+01
2.177568483352661133e+01
2.062918448448181152e+01
2.132045412063598633e+01
1.991934323310852051e+01
2.066882681846618652e+01
2.070546555519104004e+01
2.056043457984924316e+01
2.065918207168579102e+01
2.073901700973510742e+01
2.200218796730041504e+01
1.957487797737121582e+01
2.037191104888916016e+01
2.001491117477416992e+01
2.133814859390258789e+01
2.086352229118347168e+01
2.161442160606384277e+01
1.997870993614196777e+01
2.030175638198852539e+01
2.163691496849060059e+01
2.137830162048339844e+01
2.040692234039306641e+01
2.084646010398864746e+01
1.949050235748291016e+01
2.092368912696838379e+01
2.102236175537109375e+01
2.111483502388000488e+01
2.079026603698730469e+01
2.049288225173950195e+01
2.162893867492675781e+01
2.015708947181701660e+01
1.988794541358947754e+01
2.063569426536560059e+01
2.116759538650512695e+01
1.893606400489807129e+01
2.143159914016723633e+01
1.996677541732788086e+01
2.026385092735290527e+01
2.012714385986328125e+01
2.076332616806030273e+01
2.041076326370239258e+01
2.072199964523315430e+01
2.058994650840759277e+01
1.974091053009033203e+01
1.963684058189392090e+01
2.052185964584350586e+01
1.977961492538452148e+01
2.001061534881591797e+01
2.086594343185424805e+01
2.082344627380371094e+01
1.964923453330993652e+01
2.117390370368957520e+01
2.048009061813354492e+01
2.084246158599853516e+01
2.072755312919616699e+01
2.140972113609313965e+01
2.128286194801330566e+01
1.961137247085571289e+01
2.139087772369384766e+01
1.999153184890747070e+01
2.108313989639282227e+01
2.127714943885803223e+01
2.042472839355468750e+01
2.008622145652770996e+01
1.975786924362182617e+01
2.054091501235961914e+01
2.163140082359313965e+01
2.137092018127441406e+01
2.018635201454162598e+01
2.116897034645080566e+01
1.937186050415039062e+01
2.030518460273742676e+01
2.024143767356872559e+01
2.062588620185852051e+01
1.934578132629394531e+01
2.117261219024658203e+01
1.944492578506469727e+01
2.174886870384216309e+01
2.057491946220397949e+01
2.137221217155456543e+01
2.060195446014404297e+01
2.053656601905822754e+01
2.135192894935607910e+01
2.109681272506713867e+01
2.079950475692749023e+01
2.037938261032104492e+01
1.993234896659851074e+01
2.097489356994628906e+01
2.029543924331665039e+01
2.152434611320495605e+01
2.104923295974731445e+01
2.009940242767333984e+01
2.118704676628112793e+01
2.019533658027648926e+01
1.967861700057983398e+01
2.128923630714416504e+01
2.018394255638122559e+01
2.127845740318298340e+01
2.059261465072631836e+01
2.089474868774414062e+01
2.022362613677978516e+01
2.045934581756591797e+01
1.884560704231262207e+01
2.030814576148986816e+01
2.054878568649291992e+01
2.131967711448669434e+01
2.082379841804504395e+01
1.979256439208984375e+01
2.096697711944580078e+01
2.022801232337951660e+01
2.012068080902099609e+01
2.076788902282714844e+01
2.025800728797912598e+01
2.089471173286437988e+01
2.103728508949279785e+01
2.020679593086242676e+01
2.094254255294799805e+01
2.029908299446105957e+01
2.016499686241149902e+01
1.839540076255798340e+01
2.102334523200988770e+01
2.104855418205261230e+01
2.052910828590393066e+01
2.075717997550964355e+01
2.085823678970336914e+01
2.018778800964355469e+01
2.008235621452331543e+01
2.126368308067321777e+01
2.086837553977966309e+01
2.122750973701477051e+01
2.114577722549438477e+01
2.128959608078002930e+01
2.015982127189636230e+01
2.045659303665161133e+01
2.030803942680358887e+01
2.023465752601623535e+01
2.026913237571716309e+01
2.074441027641296387e+01
2.160219144821166992e+01
1.881358098983764648e+01
2.023205947875976562e+01
2.006022858619689941e+01
2.149784278869628906e+01
2.044167590141296387e+01
2.088261747360229492e+01
2.053153014183044434e+01
2.128750014305114746e+01
1.959967160224914551e+01
2.033171892166137695e+01
2.142238593101501465e+01
2.122169041633605957e+01
2.119517374038696289e+01
2.192303442955017090e+01
2.131201934814453125e+01
2.118132543563842773e+01
2.033371138572692871e+01
2.035998487472534180e+01
2.069207477569580078e+01
1.997289371490478516e+01
1.964465117454528809e+01
2.035708713531494141e+01
2.013016533851623535e+01
1.948321127891540527e+01
2.059377026557922363e+01
2.076771116256713867e+01
2.038130497932434082e+01
2.092993235588073730e+01
2.008198761940002441e+01
2.092320728302001953e+01
2.025792169570922852e+01
1.969255137443542480e+01
1.941809463500976562e+01
2.106151962280273438e+01
2.083957314491271973e+01
2.019714069366455078e+01
2.179258728027343750e+01
2.081450343132019043e+01
2.042063617706298828e+01
2.097647237777709961e+01
2.039312028884887695e+01
1.905450224876403809e+01
2.108692216873168945e+01
2.016124415397644043e+01
2.020654129981994629e+01
2.069342160224914551e+01
2.009778738021850586e+01
2.153217983245849609e+01
2.066867399215698242e+01
1.922743535041809082e+01
1.955961751937866211e+01
1.925568938255310059e+01
2.146586918830871582e+01
2.181607556343078613e+01
2.068510532379150391e+01
2.129640221595764160e+01
1.955970287322998047e+01
2.057278680801391602e+01
2.074274826049804688e+01
2.104817795753479004e+01
2.022872257232666016e+01
1.975808835029602051e+01
2.095530605316162109e+01
2.030851244926452637e+01
2.038155579566955566e+01
2.123028540611267090e+01
2.068949627876281738e+01
1.989887046813964844e+01
2.041249322891235352e+01
2.084562730789184570e+01
2.076873421669006348e+01
2.064415669441223145e+01
2.035875535011291504e+01
1.989777874946594238e+01
2.152648639678955078e+01
2.059749031066894531e+01
2.009972286224365234e+01
1.926861953735351562e+01
2.088994765281677246e+01
2.002067637443542480e+01
2.048425579071044922e+01
1.985575699806213379e+01
2.021035718917846680e+01
1.924259328842163086e+01
2.105513978004455566e+01
2.063275265693664551e+01
2.105233764648437500e+01
