1.635600000000000000e+05
1.727890000000000000e+05
1.688050000000000000e+05
1.628880000000000000e+05
1.630010000000000000e+05
1.551830000000000000e+05
1.484420000000000000e+05
1.598910000000000000e+05
1.353920000000000000e+05
1.478180000000000000e+05
1.181650000000000000e+05
9.503100000000000000e+04
6.656300000000000000e+04
1.033780000000000000e+05
8.256100000000000000e+04
7.269100000000000000e+04
6.850000000000000000e+04
5.045900000000000000e+04
4.462300000000000000e+04
3.541400000000000000e+04
2.695000000000000000e+04
2.670400000000000000e+04
2.127600000000000000e+04
2.299100000000000000e+04
1.086400000000000000e+04
8.004000000000000000e+03
1.253800000000000000e+04
7.939000000000000000e+03
3.556000000000000000e+03
6.482000000000000000e+03
7.807000000000000000e+03
5.861000000000000000e+03
2.305000000000000000e+03
4.389000000000000000e+03
9.239000000000000000e+03
1.003600000000000000e+04
1.744000000000000000e+03
5.298000000000000000e+03
3.269000000000000000e+03
1.876000000000000000e+03
2.143000000000000000e+03
1.249300000000000000e+04
3.082000000000000000e+03
2.983000000000000000e+03
5.829000000000000000e+03
1.007000000000000000e+03
2.907000000000000000e+03
2.497000000000000000e+03
2.045000000000000000e+03
3.661000000000000000e+03
5.257000000000000000e+03
1.022000000000000000e+03
2.667000000000000000e+03
1.114000000000000000e+03
6.661000000000000000e+03
1.509000000000000000e+03
2.062000000000000000e+03
1.467000000000000000e+03
3.027000000000000000e+03
1.890000000000000000e+03
1.539000000000000000e+03
2.285000000000000000e+03
1.778000000000000000e+03
3.565000000000000000e+03
2.168000000000000000e+03
1.239000000000000000e+03
3.426000000000000000e+03
1.882000000000000000e+03
1.776000000000000000e+03
9.100000000000000000e+02
1.156000000000000000e+03
2.007000000000000000e+03
1.873000000000000000e+03
9.370000000000000000e+02
2.362000000000000000e+03
4.016000000000000000e+03
7.370000000000000000e+02
1.334000000000000000e+03
1.718000000000000000e+03
2.222000000000000000e+03
1.321000000000000000e+03
2.032000000000000000e+03
3.224000000000000000e+03
1.337000000000000000e+03
5.413000000000000000e+03
1.242000000000000000e+03
2.145000000000000000e+03
1.054000000000000000e+03
1.801000000000000000e+03
1.923000000000000000e+03
8.560000000000000000e+02
6.770000000000000000e+02
2.340000000000000000e+03
1.361800000000000000e+04
2.344000000000000000e+03
1.419000000000000000e+03
2.995000000000000000e+03
6.970000000000000000e+02
9.020000000000000000e+02
1.175000000000000000e+03
8.370000000000000000e+02
1.475000000000000000e+03
1.551000000000000000e+03
7.890000000000000000e+02
8.990000000000000000e+02
7.300000000000000000e+02
3.658000000000000000e+03
6.990000000000000000e+02
1.037000000000000000e+03
1.368000000000000000e+03
1.310000000000000000e+03
2.434000000000000000e+03
1.041000000000000000e+03
1.611000000000000000e+03
1.089000000000000000e+03
5.281000000000000000e+03
5.051000000000000000e+03
2.302000000000000000e+03
3.989000000000000000e+03
1.005000000000000000e+03
9.740000000000000000e+02
2.048000000000000000e+03
4.563000000000000000e+03
1.345000000000000000e+03
6.600000000000000000e+02
4.121000000000000000e+03
2.267000000000000000e+03
4.321000000000000000e+03
1.132000000000000000e+03
9.320000000000000000e+02
1.410000000000000000e+03
1.188000000000000000e+03
9.700000000000000000e+02
7.870000000000000000e+02
3.114000000000000000e+03
7.630000000000000000e+02
3.157000000000000000e+03
8.020000000000000000e+02
1.435000000000000000e+03
9.950000000000000000e+02
8.360000000000000000e+02
1.011000000000000000e+03
1.036000000000000000e+03
2.805000000000000000e+03
1.191000000000000000e+03
1.812000000000000000e+03
7.677000000000000000e+03
8.920000000000000000e+02
1.926000000000000000e+03
2.065000000000000000e+03
1.638000000000000000e+03
1.216000000000000000e+03
1.051000000000000000e+03
1.101000000000000000e+03
1.603000000000000000e+03
1.536000000000000000e+03
2.243000000000000000e+03
2.298000000000000000e+03
6.500000000000000000e+02
7.540000000000000000e+02
2.171000000000000000e+03
2.554000000000000000e+03
2.458000000000000000e+03
7.690000000000000000e+02
1.019000000000000000e+03
8.896000000000000000e+03
1.209000000000000000e+03
1.528000000000000000e+03
1.795000000000000000e+03
1.258000000000000000e+03
7.850000000000000000e+02
6.940000000000000000e+02
9.710000000000000000e+02
7.070000000000000000e+02
3.338000000000000000e+03
1.023000000000000000e+03
9.470000000000000000e+02
1.051000000000000000e+03
2.010000000000000000e+03
9.200000000000000000e+02
8.180000000000000000e+02
5.820000000000000000e+02
1.970000000000000000e+03
8.680000000000000000e+02
9.133000000000000000e+03
6.362000000000000000e+03
7.070000000000000000e+02
8.880000000000000000e+02
6.840000000000000000e+02
1.138000000000000000e+03
2.155000000000000000e+03
9.370000000000000000e+02
1.460000000000000000e+03
8.240000000000000000e+02
1.754100000000000000e+04
2.311000000000000000e+03
8.530000000000000000e+02
2.308000000000000000e+03
9.960000000000000000e+02
1.166000000000000000e+03
9.100000000000000000e+02
1.527000000000000000e+03
6.940000000000000000e+02
1.157000000000000000e+03
6.340000000000000000e+02
8.980000000000000000e+02
3.550000000000000000e+03
2.180000000000000000e+03
7.970000000000000000e+02
2.177000000000000000e+03
1.062000000000000000e+03
1.061000000000000000e+03
6.340000000000000000e+02
1.149000000000000000e+03
5.970000000000000000e+02
1.186000000000000000e+03
1.335000000000000000e+03
9.250000000000000000e+02
6.480000000000000000e+02
5.870000000000000000e+02
7.770000000000000000e+02
1.314600000000000000e+04
1.026000000000000000e+03
8.920000000000000000e+02
6.070000000000000000e+02
4.752000000000000000e+03
6.120000000000000000e+02
6.740000000000000000e+02
6.030000000000000000e+02
6.710000000000000000e+02
7.320000000000000000e+02
1.113000000000000000e+03
1.029000000000000000e+03
1.432000000000000000e+03
4.384000000000000000e+03
1.009000000000000000e+03
6.850000000000000000e+02
5.900000000000000000e+02
1.494000000000000000e+03
1.795000000000000000e+03
6.240000000000000000e+02
5.970000000000000000e+02
8.170000000000000000e+02
8.440000000000000000e+02
2.431000000000000000e+03
2.016000000000000000e+03
2.331000000000000000e+03
1.101000000000000000e+03
7.890000000000000000e+02
2.681000000000000000e+03
1.405000000000000000e+03
2.628000000000000000e+03
5.276000000000000000e+03
6.580000000000000000e+02
2.084000000000000000e+03
1.172000000000000000e+03
1.073000000000000000e+03
5.800000000000000000e+02
5.920000000000000000e+02
6.480000000000000000e+02
1.004000000000000000e+03
1.216000000000000000e+03
8.870000000000000000e+02
7.760000000000000000e+02
2.079000000000000000e+03
4.891000000000000000e+03
5.930000000000000000e+02
1.070000000000000000e+03
8.900000000000000000e+02
6.270000000000000000e+02
1.435000000000000000e+03
8.870000000000000000e+02
5.630000000000000000e+02
6.480000000000000000e+02
1.588000000000000000e+03
1.095000000000000000e+03
2.774000000000000000e+03
8.610000000000000000e+02
8.220000000000000000e+02
5.850000000000000000e+02
7.300000000000000000e+02
5.550000000000000000e+02
7.270000000000000000e+02
5.780000000000000000e+02
9.300000000000000000e+02
1.238000000000000000e+03
3.410000000000000000e+03
3.355000000000000000e+03
3.007000000000000000e+03
4.434000000000000000e+03
7.770000000000000000e+02
1.571000000000000000e+03
6.040000000000000000e+02
8.840000000000000000e+02
6.190000000000000000e+02
4.278000000000000000e+03
7.530000000000000000e+02
6.490000000000000000e+02
2.788000000000000000e+03
3.168000000000000000e+03
6.550000000000000000e+02
2.439000000000000000e+03
8.990000000000000000e+02
6.310000000000000000e+02
6.480000000000000000e+02
6.390000000000000000e+02
6.200000000000000000e+02
8.520000000000000000e+02
6.000000000000000000e+02
1.195000000000000000e+03
7.100000000000000000e+02
5.499000000000000000e+03
1.051000000000000000e+03
1.373000000000000000e+03
2.468000000000000000e+03
5.940000000000000000e+02
2.358000000000000000e+03
7.170000000000000000e+02
7.350000000000000000e+02
3.066000000000000000e+03
6.100000000000000000e+02
2.290000000000000000e+03
1.703000000000000000e+03
7.310000000000000000e+02
6.290000000000000000e+02
1.305000000000000000e+03
5.860000000000000000e+02
1.567000000000000000e+03
5.990000000000000000e+02
1.991000000000000000e+03
5.480000000000000000e+02
6.650000000000000000e+02
5.380000000000000000e+02
2.067000000000000000e+03
8.070000000000000000e+02
6.470000000000000000e+02
5.570000000000000000e+02
6.271000000000000000e+03
2.193000000000000000e+03
6.330000000000000000e+02
5.270000000000000000e+02
8.800000000000000000e+02
6.570000000000000000e+02
1.368000000000000000e+03
6.100000000000000000e+02
6.430000000000000000e+02
5.970000000000000000e+02
7.750000000000000000e+02
7.540000000000000000e+02
1.659000000000000000e+03
5.090000000000000000e+02
3.307600000000000000e+04
5.590000000000000000e+02
4.813000000000000000e+03
7.289000000000000000e+03
8.850000000000000000e+02
5.490000000000000000e+02
1.339000000000000000e+03
5.280000000000000000e+02
1.959000000000000000e+03
6.070000000000000000e+02
5.850000000000000000e+02
5.920000000000000000e+02
3.597000000000000000e+03
8.537000000000000000e+03
2.738000000000000000e+03
8.250000000000000000e+02
5.900000000000000000e+02
8.400000000000000000e+02
1.417000000000000000e+03
4.840000000000000000e+02
5.300000000000000000e+02
3.891000000000000000e+03
5.110000000000000000e+02
3.701000000000000000e+03
5.470000000000000000e+02
7.510000000000000000e+02
1.048000000000000000e+03
5.150000000000000000e+02
1.495000000000000000e+03
7.860000000000000000e+02
8.240000000000000000e+02
2.604000000000000000e+03
6.790000000000000000e+02
1.206000000000000000e+03
5.150000000000000000e+02
4.800000000000000000e+02
6.320000000000000000e+02
1.560000000000000000e+03
5.040000000000000000e+02
5.500000000000000000e+02
7.860000000000000000e+02
2.607000000000000000e+03
1.566000000000000000e+03
8.450000000000000000e+02
1.859000000000000000e+03
9.310000000000000000e+02
8.040000000000000000e+02
5.530000000000000000e+02
8.260000000000000000e+02
6.150000000000000000e+02
7.730000000000000000e+02
8.550000000000000000e+02
4.890000000000000000e+02
8.570000000000000000e+02
2.291000000000000000e+03
6.280000000000000000e+02
5.100000000000000000e+02
5.590000000000000000e+02
8.460000000000000000e+02
6.070000000000000000e+02
7.920000000000000000e+02
5.600000000000000000e+02
5.140000000000000000e+02
3.871000000000000000e+03
8.960000000000000000e+02
5.040000000000000000e+02
2.744000000000000000e+03
9.090000000000000000e+02
4.249000000000000000e+03
4.960000000000000000e+02
1.098000000000000000e+03
1.708000000000000000e+03
7.420000000000000000e+02
6.620000000000000000e+02
9.700000000000000000e+02
8.040000000000000000e+02
3.120000000000000000e+03
6.700000000000000000e+02
3.722000000000000000e+03
2.281000000000000000e+03
6.100000000000000000e+02
5.460000000000000000e+02
1.061000000000000000e+03
7.130000000000000000e+02
5.670000000000000000e+02
7.740000000000000000e+02
5.510000000000000000e+02
5.730000000000000000e+02
5.860000000000000000e+02
5.120000000000000000e+02
1.431000000000000000e+03
4.640000000000000000e+02
5.650000000000000000e+02
1.316000000000000000e+03
5.040000000000000000e+02
5.490000000000000000e+02
5.960000000000000000e+02
7.493000000000000000e+03
8.500000000000000000e+02
9.890000000000000000e+02
2.233000000000000000e+03
4.630000000000000000e+02
5.040000000000000000e+02
6.900000000000000000e+02
6.360000000000000000e+02
5.430000000000000000e+02
1.865000000000000000e+03
5.830000000000000000e+02
1.122000000000000000e+03
8.980000000000000000e+02
4.970000000000000000e+02
1.792000000000000000e+03
4.420000000000000000e+02
5.330000000000000000e+02
6.900000000000000000e+02
5.550000000000000000e+02
1.591000000000000000e+03
1.456000000000000000e+03
5.950000000000000000e+02
6.900000000000000000e+02
1.021000000000000000e+03
1.693000000000000000e+03
8.270000000000000000e+02
4.460000000000000000e+02
2.445000000000000000e+03
4.720000000000000000e+02
5.301000000000000000e+03
5.290000000000000000e+02
4.990000000000000000e+02
5.160000000000000000e+02
5.070000000000000000e+02
7.610000000000000000e+02
6.810000000000000000e+02
6.570000000000000000e+02
5.770000000000000000e+02
2.239000000000000000e+03
7.680000000000000000e+02
5.050000000000000000e+02
7.020000000000000000e+02
2.637000000000000000e+03
4.710000000000000000e+02
1.979000000000000000e+03
7.360000000000000000e+02
8.170000000000000000e+02
5.520000000000000000e+02
5.720000000000000000e+02
7.780000000000000000e+02
5.500000000000000000e+02
2.772000000000000000e+03
1.621000000000000000e+03
2.655000000000000000e+03
4.700000000000000000e+02
7.200000000000000000e+02
8.440000000000000000e+02
5.160000000000000000e+02
9.670000000000000000e+02
7.330000000000000000e+02
7.860000000000000000e+02
5.620000000000000000e+02
5.640000000000000000e+02
1.178000000000000000e+03
6.000000000000000000e+02
5.300000000000000000e+02
1.905000000000000000e+03
4.530000000000000000e+02
1.793000000000000000e+03
4.840000000000000000e+02
4.740000000000000000e+02
4.820000000000000000e+02
6.070000000000000000e+02
1.263000000000000000e+03
4.580000000000000000e+02
4.710000000000000000e+02
4.790000000000000000e+02
4.860000000000000000e+02
4.470000000000000000e+02
4.770000000000000000e+02
4.730000000000000000e+02
6.020000000000000000e+02
7.680000000000000000e+02
2.184000000000000000e+03
4.550000000000000000e+02
5.520000000000000000e+02
4.520000000000000000e+02
2.780000000000000000e+03
5.980000000000000000e+02
5.770000000000000000e+02
4.450000000000000000e+02
4.750000000000000000e+02
7.260000000000000000e+02
4.340000000000000000e+02
5.190000000000000000e+02
7.088000000000000000e+03
6.850000000000000000e+02
4.830000000000000000e+02
1.260000000000000000e+04
6.356000000000000000e+03
1.746000000000000000e+03
4.180000000000000000e+02
5.040000000000000000e+02
7.750000000000000000e+02
5.420000000000000000e+02
7.450000000000000000e+02
5.530000000000000000e+02
4.890000000000000000e+02
4.960000000000000000e+02
6.890000000000000000e+02
1.828000000000000000e+03
5.520000000000000000e+02
2.214000000000000000e+03
6.880000000000000000e+02
4.200000000000000000e+02
9.160000000000000000e+02
8.880000000000000000e+02
7.870000000000000000e+02
7.430000000000000000e+02
1.318000000000000000e+03
4.370000000000000000e+02
4.679000000000000000e+03
7.340000000000000000e+02
4.760000000000000000e+02
4.870000000000000000e+02
4.490000000000000000e+02
8.090000000000000000e+02
1.177000000000000000e+03
5.950000000000000000e+02
7.770000000000000000e+02
2.608000000000000000e+03
4.250000000000000000e+02
5.210000000000000000e+02
5.850000000000000000e+02
2.395000000000000000e+03
4.520000000000000000e+02
4.870000000000000000e+02
4.230000000000000000e+02
5.600000000000000000e+02
6.150000000000000000e+02
1.156000000000000000e+03
8.110000000000000000e+02
1.236000000000000000e+03
4.420000000000000000e+02
4.250000000000000000e+02
5.300000000000000000e+02
3.910000000000000000e+03
5.470000000000000000e+02
1.038000000000000000e+03
4.510000000000000000e+02
4.380000000000000000e+02
4.690000000000000000e+02
8.170000000000000000e+02
4.320000000000000000e+02
5.870000000000000000e+02
3.970000000000000000e+02
3.920000000000000000e+02
7.130000000000000000e+02
4.910000000000000000e+02
4.260000000000000000e+02
5.210000000000000000e+02
6.280000000000000000e+02
4.260000000000000000e+02
4.330000000000000000e+02
5.440000000000000000e+02
6.240000000000000000e+02
3.880000000000000000e+02
4.400000000000000000e+02
6.140000000000000000e+02
4.470000000000000000e+02
4.060000000000000000e+02
4.580000000000000000e+02
7.140000000000000000e+02
4.560000000000000000e+02
4.160000000000000000e+02
5.890000000000000000e+02
4.400000000000000000e+02
4.930000000000000000e+02
4.080000000000000000e+02
1.614000000000000000e+03
4.130000000000000000e+02
1.364000000000000000e+03
4.670000000000000000e+02
9.690000000000000000e+02
5.200000000000000000e+02
4.050000000000000000e+02
4.546000000000000000e+03
5.680000000000000000e+02
9.330000000000000000e+02
7.990000000000000000e+02
3.870000000000000000e+02
1.135000000000000000e+03
4.040000000000000000e+02
4.050000000000000000e+02
7.560000000000000000e+02
2.353500000000000000e+04
6.680000000000000000e+02
4.570000000000000000e+02
6.390000000000000000e+02
4.065000000000000000e+03
4.060000000000000000e+02
4.960000000000000000e+02
4.720000000000000000e+02
7.970000000000000000e+02
8.896000000000000000e+03
6.330000000000000000e+02
5.170000000000000000e+02
4.690000000000000000e+02
2.019000000000000000e+03
4.620000000000000000e+02
6.620000000000000000e+02
9.160000000000000000e+02
4.830000000000000000e+02
8.660000000000000000e+02
4.590000000000000000e+02
3.880000000000000000e+02
4.280000000000000000e+02
5.990000000000000000e+02
4.010000000000000000e+02
8.240000000000000000e+02
3.660000000000000000e+02
8.310000000000000000e+02
6.020000000000000000e+02
3.287000000000000000e+03
6.250000000000000000e+02
1.319000000000000000e+03
5.960000000000000000e+02
7.350000000000000000e+03
2.643000000000000000e+03
3.862000000000000000e+03
4.250000000000000000e+02
3.149000000000000000e+03
7.310000000000000000e+02
4.200000000000000000e+02
7.030000000000000000e+02
4.200000000000000000e+02
5.170000000000000000e+02
4.303000000000000000e+03
3.550000000000000000e+02
4.180000000000000000e+02
4.470000000000000000e+02
4.480000000000000000e+02
6.133000000000000000e+03
3.950000000000000000e+02
4.410000000000000000e+02
5.550000000000000000e+02
3.970000000000000000e+02
5.520000000000000000e+02
4.300000000000000000e+02
3.920000000000000000e+02
4.360000000000000000e+02
1.313000000000000000e+03
3.144000000000000000e+03
8.100000000000000000e+02
4.670000000000000000e+02
1.603000000000000000e+03
5.590000000000000000e+02
5.770000000000000000e+02
3.980000000000000000e+02
4.310000000000000000e+02
3.550000000000000000e+02
4.080000000000000000e+02
3.630000000000000000e+02
5.110000000000000000e+02
3.800000000000000000e+02
7.790000000000000000e+02
4.680000000000000000e+02
4.320000000000000000e+02
4.110000000000000000e+02
2.233000000000000000e+03
4.090000000000000000e+02
5.680000000000000000e+02
5.100000000000000000e+02
4.520000000000000000e+02
4.490000000000000000e+02
7.960000000000000000e+02
4.560000000000000000e+02
7.930000000000000000e+02
3.720000000000000000e+02
4.530000000000000000e+02
7.020000000000000000e+02
4.390000000000000000e+02
4.630000000000000000e+02
3.300000000000000000e+02
4.520000000000000000e+02
3.870000000000000000e+02
4.200000000000000000e+02
5.550000000000000000e+02
4.380000000000000000e+02
4.120000000000000000e+02
9.280000000000000000e+02
4.260000000000000000e+02
1.846000000000000000e+03
5.860000000000000000e+02
4.330000000000000000e+02
5.933000000000000000e+03
3.870000000000000000e+02
5.020000000000000000e+02
6.586000000000000000e+03
8.450000000000000000e+02
3.700000000000000000e+02
4.530000000000000000e+02
4.220000000000000000e+02
6.910000000000000000e+03
4.790000000000000000e+02
4.070000000000000000e+02
8.852000000000000000e+03
4.090000000000000000e+02
4.010000000000000000e+02
4.200000000000000000e+02
3.910000000000000000e+02
4.160000000000000000e+02
1.189000000000000000e+03
6.027000000000000000e+03
1.026000000000000000e+03
2.646700000000000000e+04
5.110000000000000000e+02
1.441000000000000000e+03
5.600000000000000000e+02
5.250000000000000000e+02
2.961000000000000000e+03
3.750000000000000000e+02
1.228000000000000000e+03
4.460000000000000000e+02
7.100000000000000000e+02
8.110000000000000000e+02
4.080000000000000000e+02
6.060000000000000000e+02
1.054000000000000000e+03
4.670000000000000000e+02
5.930000000000000000e+02
4.290000000000000000e+02
1.008000000000000000e+03
4.000000000000000000e+02
3.880000000000000000e+02
3.610000000000000000e+02
2.998000000000000000e+03
3.680000000000000000e+02
3.790000000000000000e+02
7.380000000000000000e+02
8.010000000000000000e+02
4.480000000000000000e+02
4.200000000000000000e+02
8.160000000000000000e+02
3.980000000000000000e+02
4.240000000000000000e+02
1.239800000000000000e+04
4.440000000000000000e+02
5.250000000000000000e+02
4.480000000000000000e+02
4.610000000000000000e+02
1.089100000000000000e+04
1.116000000000000000e+03
1.827000000000000000e+03
5.020000000000000000e+02
4.740000000000000000e+02
1.783000000000000000e+03
4.200000000000000000e+02
3.680000000000000000e+02
8.090000000000000000e+02
5.320000000000000000e+02
5.050000000000000000e+02
1.591000000000000000e+03
2.054500000000000000e+04
4.300000000000000000e+02
5.370000000000000000e+02
3.530000000000000000e+02
6.600000000000000000e+02
7.470000000000000000e+02
1.772000000000000000e+03
7.860000000000000000e+02
1.053700000000000000e+04
7.089000000000000000e+03
1.386000000000000000e+03
3.860000000000000000e+02
4.240000000000000000e+02
3.410000000000000000e+02
3.980000000000000000e+02
4.890000000000000000e+02
4.600000000000000000e+02
1.308000000000000000e+03
3.960000000000000000e+02
2.538000000000000000e+03
4.340000000000000000e+02
3.810000000000000000e+02
3.540000000000000000e+02
3.860000000000000000e+02
4.320000000000000000e+02
3.860000000000000000e+02
4.820000000000000000e+02
4.360000000000000000e+02
3.920000000000000000e+02
3.740000000000000000e+02
3.980000000000000000e+02
3.570000000000000000e+02
3.770000000000000000e+02
1.380000000000000000e+03
3.680000000000000000e+02
6.300000000000000000e+02
4.900000000000000000e+02
2.044000000000000000e+03
5.030000000000000000e+02
3.460000000000000000e+02
1.507000000000000000e+03
6.670000000000000000e+02
3.440000000000000000e+02
4.400000000000000000e+02
6.690000000000000000e+02
4.840000000000000000e+02
1.108000000000000000e+03
4.270000000000000000e+02
3.820000000000000000e+02
3.530000000000000000e+02
3.590000000000000000e+02
4.210000000000000000e+02
3.710000000000000000e+02
5.340000000000000000e+02
8.130000000000000000e+02
7.607000000000000000e+03
2.282000000000000000e+03
8.380000000000000000e+02
6.090000000000000000e+02
3.220000000000000000e+02
3.500000000000000000e+02
3.900000000000000000e+02
3.910000000000000000e+02
5.710000000000000000e+02
8.160000000000000000e+02
3.920000000000000000e+02
4.280000000000000000e+02
3.560000000000000000e+02
1.499000000000000000e+03
4.180000000000000000e+02
4.470000000000000000e+02
6.880000000000000000e+02
5.450000000000000000e+02
1.768000000000000000e+03
3.420000000000000000e+02
3.500000000000000000e+02
3.630000000000000000e+02
3.800000000000000000e+02
3.470000000000000000e+02
1.893000000000000000e+03
3.940000000000000000e+02
6.970000000000000000e+02
3.600000000000000000e+02
3.570000000000000000e+02
3.810000000000000000e+02
3.060000000000000000e+02
3.670000000000000000e+02
3.560000000000000000e+02
3.460000000000000000e+02
4.730000000000000000e+02
3.780000000000000000e+02
4.520000000000000000e+02
3.340000000000000000e+02
3.530000000000000000e+02
4.050000000000000000e+02
4.050000000000000000e+02
3.900000000000000000e+02
4.450000000000000000e+02
3.730000000000000000e+02
4.410000000000000000e+02
4.360000000000000000e+02
4.310000000000000000e+02
3.660000000000000000e+02
4.330000000000000000e+02
4.120000000000000000e+02
5.000000000000000000e+02
6.490000000000000000e+02
5.500000000000000000e+02
3.920000000000000000e+02
1.011000000000000000e+03
5.220000000000000000e+02
3.930000000000000000e+02
4.280000000000000000e+02
3.760000000000000000e+02
3.790000000000000000e+02
3.530000000000000000e+02
3.690000000000000000e+02
4.190000000000000000e+02
5.230000000000000000e+02
4.660000000000000000e+02
3.500000000000000000e+02
3.440000000000000000e+02
3.560000000000000000e+02
3.710000000000000000e+02
4.090000000000000000e+02
3.760000000000000000e+02
4.510000000000000000e+02
5.700000000000000000e+02
3.180000000000000000e+02
5.730000000000000000e+02
5.940000000000000000e+02
3.510000000000000000e+02
3.453000000000000000e+03
1.735000000000000000e+03
6.420000000000000000e+02
5.690000000000000000e+02
3.740000000000000000e+02
1.892000000000000000e+03
3.720000000000000000e+02
3.480000000000000000e+02
1.002000000000000000e+03
5.740000000000000000e+02
1.599000000000000000e+03
3.480000000000000000e+02
4.630000000000000000e+02
3.540000000000000000e+02
4.310000000000000000e+02
4.710000000000000000e+02
1.086000000000000000e+03
3.660000000000000000e+02
1.517000000000000000e+03
4.050000000000000000e+02
3.300000000000000000e+02
3.540000000000000000e+02
4.240000000000000000e+02
3.580000000000000000e+02
3.440000000000000000e+02
3.900000000000000000e+02
5.280000000000000000e+02
5.010000000000000000e+02
9.680000000000000000e+02
4.580000000000000000e+02
4.100000000000000000e+02
3.570000000000000000e+02
7.610000000000000000e+02
4.240000000000000000e+02
3.610000000000000000e+02
5.140000000000000000e+02
1.101000000000000000e+03
3.211000000000000000e+03
5.320000000000000000e+02
6.720000000000000000e+02
4.530000000000000000e+02
3.740000000000000000e+02
4.400000000000000000e+02
3.560000000000000000e+02
2.678000000000000000e+03
3.450000000000000000e+02
3.940000000000000000e+02
4.300000000000000000e+02
1.799000000000000000e+03
2.815000000000000000e+03
5.990000000000000000e+02
4.080000000000000000e+02
3.390000000000000000e+02
3.760000000000000000e+02
3.230000000000000000e+02
1.011000000000000000e+03
4.880000000000000000e+02
3.520000000000000000e+02
3.530000000000000000e+02
3.200000000000000000e+02
2.755000000000000000e+03
4.790000000000000000e+02
3.440000000000000000e+02
2.930000000000000000e+02
4.320000000000000000e+02
4.210000000000000000e+02
3.250000000000000000e+02
6.470000000000000000e+02
4.280000000000000000e+02
3.610000000000000000e+02
3.250000000000000000e+02
1.849000000000000000e+03
4.480000000000000000e+02
7.110000000000000000e+02
4.320000000000000000e+02
4.030000000000000000e+02
1.128800000000000000e+04
3.360000000000000000e+02
1.097000000000000000e+03
3.440000000000000000e+02
3.540000000000000000e+02
3.940000000000000000e+02
3.610000000000000000e+02
9.470000000000000000e+02
3.640000000000000000e+02
2.790000000000000000e+02
4.460000000000000000e+02
5.110000000000000000e+02
3.830000000000000000e+02
6.240000000000000000e+02
4.400000000000000000e+02
1.804000000000000000e+03
3.090000000000000000e+02
3.390000000000000000e+02
5.235000000000000000e+03
4.130000000000000000e+02
3.610000000000000000e+02
3.890000000000000000e+02
3.810000000000000000e+02
3.930000000000000000e+02
3.850000000000000000e+02
2.378000000000000000e+03
2.142200000000000000e+04
3.300000000000000000e+02
8.440000000000000000e+02
3.460000000000000000e+02
4.740000000000000000e+02
3.370000000000000000e+02
3.600000000000000000e+02
5.730000000000000000e+02
3.180000000000000000e+02
3.270000000000000000e+02
3.620000000000000000e+02
7.520000000000000000e+02
3.120000000000000000e+02
3.680000000000000000e+02
3.270000000000000000e+02
3.090000000000000000e+02
3.610000000000000000e+02
3.610000000000000000e+02
4.100000000000000000e+02
3.500000000000000000e+02
3.250000000000000000e+02
3.400000000000000000e+02
6.690000000000000000e+02
3.060000000000000000e+02
3.099000000000000000e+03
6.490000000000000000e+02
3.470000000000000000e+02
3.260000000000000000e+02
7.530000000000000000e+02
1.229000000000000000e+03
3.230000000000000000e+02
3.670000000000000000e+02
3.410000000000000000e+02
4.250000000000000000e+02
5.750000000000000000e+02
3.670000000000000000e+02
3.740000000000000000e+02
6.660000000000000000e+02
3.940000000000000000e+02
5.920000000000000000e+02
3.420000000000000000e+02
1.971000000000000000e+03
3.500000000000000000e+02
4.520000000000000000e+02
3.690000000000000000e+02
3.480000000000000000e+02
3.480000000000000000e+02
3.250000000000000000e+02
3.160000000000000000e+02
5.120000000000000000e+02
1.852200000000000000e+04
4.570000000000000000e+02
3.560000000000000000e+02
1.260000000000000000e+03
1.499900000000000000e+04
3.960000000000000000e+02
3.120000000000000000e+02
7.280000000000000000e+02
3.820000000000000000e+02
3.870000000000000000e+02
1.829000000000000000e+03
8.550000000000000000e+02
3.800000000000000000e+02
4.230000000000000000e+02
4.610000000000000000e+02
3.290000000000000000e+02
7.030000000000000000e+02
9.417000000000000000e+03
3.610000000000000000e+02
1.169000000000000000e+03
4.000000000000000000e+02
3.950000000000000000e+02
7.145000000000000000e+03
4.010000000000000000e+02
8.660000000000000000e+02
3.650000000000000000e+02
3.270000000000000000e+02
3.210000000000000000e+02
4.230000000000000000e+02
3.480000000000000000e+02
3.160000000000000000e+02
3.890000000000000000e+02
3.300000000000000000e+02
3.510000000000000000e+02
4.750000000000000000e+02
3.180000000000000000e+02
4.000000000000000000e+02
2.149000000000000000e+03
2.179700000000000000e+04
4.100000000000000000e+02
5.860000000000000000e+02
3.110000000000000000e+02
5.590000000000000000e+03
9.620000000000000000e+02
3.530000000000000000e+02
3.620000000000000000e+02
4.650000000000000000e+02
7.420000000000000000e+02
4.030000000000000000e+02
3.630000000000000000e+02
1.122000000000000000e+03
3.520000000000000000e+02
3.680000000000000000e+02
3.520000000000000000e+02
3.420000000000000000e+02
3.110000000000000000e+02
3.560000000000000000e+02
4.410000000000000000e+02
3.450000000000000000e+02
4.270000000000000000e+02
3.280000000000000000e+02
1.219000000000000000e+03
3.440000000000000000e+02
4.960000000000000000e+02
3.210000000000000000e+02
3.230000000000000000e+02
3.410000000000000000e+02
3.110000000000000000e+02
5.010000000000000000e+02
3.680000000000000000e+02
3.760000000000000000e+02
3.830000000000000000e+02
6.700000000000000000e+02
3.520000000000000000e+02
3.150000000000000000e+02
3.970000000000000000e+02
3.300000000000000000e+02
4.390000000000000000e+02
3.950000000000000000e+02
2.990000000000000000e+02
6.570000000000000000e+02
3.230000000000000000e+02
6.080000000000000000e+02
3.750000000000000000e+02
7.750000000000000000e+02
3.070000000000000000e+02
3.870000000000000000e+02
3.310000000000000000e+02
3.340000000000000000e+02
3.880000000000000000e+02
3.540000000000000000e+02
3.990000000000000000e+02
3.380000000000000000e+02
3.390000000000000000e+02
3.450000000000000000e+02
3.910000000000000000e+02
3.220000000000000000e+02
3.560000000000000000e+02
4.900000000000000000e+02
3.670000000000000000e+02
3.020000000000000000e+02
3.210000000000000000e+02
3.250000000000000000e+02
4.730000000000000000e+02
4.820000000000000000e+02
3.050000000000000000e+02
3.390000000000000000e+02
3.660000000000000000e+02
5.180000000000000000e+02
9.220000000000000000e+02
3.240000000000000000e+02
3.340000000000000000e+02
3.000000000000000000e+02
3.760000000000000000e+02
4.010000000000000000e+02
1.097000000000000000e+03
3.610000000000000000e+02
3.960000000000000000e+02
7.240000000000000000e+02
1.476000000000000000e+03
3.700000000000000000e+02
5.150000000000000000e+02
4.580000000000000000e+02
4.620000000000000000e+02
3.440000000000000000e+02
3.130000000000000000e+02
4.410000000000000000e+02
4.625000000000000000e+03
3.550000000000000000e+02
4.660000000000000000e+02
3.660000000000000000e+02
2.900000000000000000e+02
3.020000000000000000e+02
8.480000000000000000e+02
3.110000000000000000e+02
3.950000000000000000e+02
1.501000000000000000e+03
9.820000000000000000e+02
5.750000000000000000e+02
3.770000000000000000e+02
3.350000000000000000e+02
3.330000000000000000e+02
1.609000000000000000e+04
1.544000000000000000e+03
3.080000000000000000e+02
3.060000000000000000e+02
4.820000000000000000e+02
3.200000000000000000e+02
3.560000000000000000e+02
4.220000000000000000e+02
4.950000000000000000e+02
2.930000000000000000e+02
3.460000000000000000e+02
3.480000000000000000e+02
5.380000000000000000e+02
3.660000000000000000e+02
3.284000000000000000e+03
3.740000000000000000e+02
4.940000000000000000e+02
3.160000000000000000e+02
3.920000000000000000e+02
3.680000000000000000e+02
2.780000000000000000e+02
3.240000000000000000e+02
2.800000000000000000e+02
3.280000000000000000e+02
4.120000000000000000e+02
3.510000000000000000e+02
3.310000000000000000e+02
4.190000000000000000e+02
3.160000000000000000e+02
1.909000000000000000e+03
3.460000000000000000e+02
4.300000000000000000e+02
6.150000000000000000e+02
3.180000000000000000e+02
3.990000000000000000e+02
4.290000000000000000e+02
1.479000000000000000e+03
4.810000000000000000e+02
3.000000000000000000e+02
3.160000000000000000e+02
5.770000000000000000e+02
3.910000000000000000e+02
3.140000000000000000e+02
2.880000000000000000e+03
4.260000000000000000e+02
2.960000000000000000e+02
3.280000000000000000e+02
3.170000000000000000e+02
6.430000000000000000e+02
7.440000000000000000e+02
2.990000000000000000e+02
3.160000000000000000e+02
3.530000000000000000e+02
3.940000000000000000e+02
4.290000000000000000e+02
2.950000000000000000e+02
3.720000000000000000e+02
3.770000000000000000e+02
3.180000000000000000e+02
3.240000000000000000e+02
3.210000000000000000e+02
3.470000000000000000e+02
3.150000000000000000e+02
3.220000000000000000e+02
7.680000000000000000e+02
5.910000000000000000e+02
3.110000000000000000e+02
2.800000000000000000e+02
3.240000000000000000e+02
3.300000000000000000e+02
3.240000000000000000e+02
3.590000000000000000e+02
3.300000000000000000e+02
3.440000000000000000e+02
3.150000000000000000e+02
3.810000000000000000e+02
2.830000000000000000e+02
3.690000000000000000e+02
5.000000000000000000e+02
1.151000000000000000e+03
3.820000000000000000e+02
3.110000000000000000e+02
3.430000000000000000e+02
3.690000000000000000e+02
5.490000000000000000e+02
4.510000000000000000e+02
2.860000000000000000e+02
3.530000000000000000e+02
3.360000000000000000e+02
3.000000000000000000e+02
3.540000000000000000e+02
3.500000000000000000e+02
3.950000000000000000e+02
3.720000000000000000e+02
3.750000000000000000e+02
3.060000000000000000e+02
3.370000000000000000e+02
1.621000000000000000e+03
4.310000000000000000e+02
2.820000000000000000e+02
3.770000000000000000e+02
2.910000000000000000e+02
3.390000000000000000e+02
1.058000000000000000e+03
3.040000000000000000e+02
3.080000000000000000e+02
2.885000000000000000e+03
2.850000000000000000e+02
3.070000000000000000e+02
4.260000000000000000e+02
2.770000000000000000e+02
3.110000000000000000e+02
3.190000000000000000e+02
3.270000000000000000e+02
3.020000000000000000e+02
9.660000000000000000e+02
3.240000000000000000e+02
3.580000000000000000e+02
8.950000000000000000e+02
3.010000000000000000e+02
6.730000000000000000e+02
3.450000000000000000e+02
3.250000000000000000e+02
6.420000000000000000e+02
5.239000000000000000e+03
3.150000000000000000e+02
3.070000000000000000e+02
3.390000000000000000e+02
3.700000000000000000e+02
3.740000000000000000e+02
4.159000000000000000e+03
3.360000000000000000e+02
3.710000000000000000e+02
1.356000000000000000e+03
3.150000000000000000e+02
5.150000000000000000e+02
7.150000000000000000e+02
3.280000000000000000e+02
3.630000000000000000e+02
3.320000000000000000e+02
3.460000000000000000e+02
3.060000000000000000e+02
7.540000000000000000e+02
5.732000000000000000e+03
2.920000000000000000e+02
2.860000000000000000e+02
3.700000000000000000e+02
2.930000000000000000e+02
3.060000000000000000e+02
3.930000000000000000e+02
3.480000000000000000e+02
4.990000000000000000e+02
3.320000000000000000e+02
3.130000000000000000e+02
1.993000000000000000e+03
3.990000000000000000e+02
3.520000000000000000e+02
4.060000000000000000e+02
5.730000000000000000e+02
3.060000000000000000e+02
3.210000000000000000e+02
3.250000000000000000e+02
3.970000000000000000e+02
3.840000000000000000e+02
3.180000000000000000e+02
6.520000000000000000e+02
3.530000000000000000e+02
3.160000000000000000e+02
3.170000000000000000e+02
1.206000000000000000e+03
3.180000000000000000e+02
5.000000000000000000e+02
3.330000000000000000e+02
3.440000000000000000e+02
5.200000000000000000e+02
2.630000000000000000e+02
4.090000000000000000e+02
2.880000000000000000e+02
3.120000000000000000e+02
3.200000000000000000e+02
3.890000000000000000e+02
3.500000000000000000e+02
3.350000000000000000e+02
4.380000000000000000e+02
3.410000000000000000e+02
3.590000000000000000e+02
4.080000000000000000e+02
3.150000000000000000e+02
3.270000000000000000e+02
3.800000000000000000e+02
3.760000000000000000e+02
4.110000000000000000e+02
3.640000000000000000e+02
3.030000000000000000e+02
3.480000000000000000e+02
1.177000000000000000e+03
3.590000000000000000e+02
3.150000000000000000e+02
3.240000000000000000e+02
3.720000000000000000e+02
3.630000000000000000e+02
4.770000000000000000e+02
3.280000000000000000e+02
3.290000000000000000e+02
2.700000000000000000e+02
3.480000000000000000e+02
4.290000000000000000e+02
3.180000000000000000e+02
3.070000000000000000e+02
3.610000000000000000e+02
2.710000000000000000e+02
3.270000000000000000e+02
3.940000000000000000e+02
3.160000000000000000e+02
3.402000000000000000e+03
3.110000000000000000e+02
2.720000000000000000e+02
4.590000000000000000e+02
5.020000000000000000e+02
5.110000000000000000e+02
2.810000000000000000e+02
1.282000000000000000e+03
3.690000000000000000e+02
6.160000000000000000e+02
3.090000000000000000e+02
4.420000000000000000e+02
3.150000000000000000e+02
1.078000000000000000e+03
4.390000000000000000e+02
8.230000000000000000e+02
2.880000000000000000e+02
3.390000000000000000e+02
3.160000000000000000e+02
3.280000000000000000e+02
3.770000000000000000e+02
2.760000000000000000e+02
4.370000000000000000e+02
4.000000000000000000e+02
3.510000000000000000e+02
1.677000000000000000e+03
3.910000000000000000e+02
3.190000000000000000e+02
3.510000000000000000e+02
3.230000000000000000e+02
2.480000000000000000e+03
3.220000000000000000e+02
3.270000000000000000e+02
3.340000000000000000e+02
8.360000000000000000e+02
3.740000000000000000e+02
3.200000000000000000e+02
2.860000000000000000e+02
3.390000000000000000e+02
6.120000000000000000e+02
3.410000000000000000e+02
2.990000000000000000e+02
3.380000000000000000e+02
3.370000000000000000e+02
2.570000000000000000e+02
2.960000000000000000e+02
3.030000000000000000e+02
3.010000000000000000e+02
3.390000000000000000e+02
4.045000000000000000e+03
4.300000000000000000e+02
3.850000000000000000e+02
2.950000000000000000e+02
3.740000000000000000e+02
3.030000000000000000e+02
3.460000000000000000e+02
3.588000000000000000e+03
2.970000000000000000e+02
3.190000000000000000e+02
3.330000000000000000e+02
1.526000000000000000e+03
1.930000000000000000e+03
3.690000000000000000e+02
3.080000000000000000e+02
2.980000000000000000e+02
2.870000000000000000e+02
2.890000000000000000e+02
3.270000000000000000e+02
3.660000000000000000e+02
5.810000000000000000e+02
3.350000000000000000e+02
2.820000000000000000e+02
4.120000000000000000e+02
1.014000000000000000e+03
3.010000000000000000e+02
6.898000000000000000e+03
3.410000000000000000e+02
2.640000000000000000e+02
2.580000000000000000e+02
4.312000000000000000e+03
9.851000000000000000e+03
3.240000000000000000e+02
3.620000000000000000e+02
3.580000000000000000e+02
2.921400000000000000e+04
3.370000000000000000e+02
5.820000000000000000e+02
2.940000000000000000e+02
3.358000000000000000e+03
4.903000000000000000e+03
1.265000000000000000e+03
9.930000000000000000e+02
3.020000000000000000e+02
2.970000000000000000e+02
2.560000000000000000e+02
3.230000000000000000e+02
3.480000000000000000e+02
3.050000000000000000e+02
3.450000000000000000e+02
2.930000000000000000e+02
4.690000000000000000e+02
2.568000000000000000e+03
5.800000000000000000e+02
3.080000000000000000e+02
3.460000000000000000e+02
2.980000000000000000e+02
3.060000000000000000e+02
2.810000000000000000e+02
3.180000000000000000e+02
3.150000000000000000e+02
3.720000000000000000e+02
3.410000000000000000e+02
3.500000000000000000e+02
3.570000000000000000e+02
3.060000000000000000e+02
3.110000000000000000e+02
2.920000000000000000e+02
4.960000000000000000e+02
2.940000000000000000e+02
2.840000000000000000e+02
3.410000000000000000e+02
2.910000000000000000e+02
3.080000000000000000e+02
3.280000000000000000e+02
4.760000000000000000e+02
3.620000000000000000e+02
4.250000000000000000e+02
3.140000000000000000e+02
5.920000000000000000e+02
9.830000000000000000e+02
2.660000000000000000e+02
5.610000000000000000e+02
3.090000000000000000e+02
2.150000000000000000e+03
3.050000000000000000e+02
3.060000000000000000e+02
4.300000000000000000e+02
5.270000000000000000e+02
1.065400000000000000e+04
3.310000000000000000e+02
3.250000000000000000e+02
4.470000000000000000e+02
3.210000000000000000e+02
3.010000000000000000e+02
3.090000000000000000e+02
3.170000000000000000e+02
3.540000000000000000e+02
3.230000000000000000e+02
7.710000000000000000e+02
2.450000000000000000e+02
3.230000000000000000e+02
2.810000000000000000e+02
2.820000000000000000e+02
4.420000000000000000e+02
2.470000000000000000e+02
2.990000000000000000e+02
3.430000000000000000e+02
3.130000000000000000e+02
3.000000000000000000e+02
3.150000000000000000e+02
2.500000000000000000e+02
3.320000000000000000e+02
3.450000000000000000e+02
4.210000000000000000e+02
4.030000000000000000e+02
3.260000000000000000e+02
1.350000000000000000e+03
3.390000000000000000e+02
2.660000000000000000e+02
1.339100000000000000e+04
9.760000000000000000e+02
1.605000000000000000e+03
3.070000000000000000e+02
2.730000000000000000e+02
3.620000000000000000e+02
8.360000000000000000e+02
3.300000000000000000e+02
3.130000000000000000e+02
2.670000000000000000e+02
1.609700000000000000e+04
5.540000000000000000e+02
5.620000000000000000e+02
3.160000000000000000e+02
8.770000000000000000e+02
3.270000000000000000e+02
4.770000000000000000e+02
2.740000000000000000e+02
2.480000000000000000e+02
2.780000000000000000e+02
3.170000000000000000e+02
4.650000000000000000e+02
4.450000000000000000e+02
3.890000000000000000e+02
2.850000000000000000e+02
2.670000000000000000e+02
3.110000000000000000e+02
7.530000000000000000e+02
3.440000000000000000e+02
2.610000000000000000e+02
3.440000000000000000e+02
3.330000000000000000e+02
4.900000000000000000e+02
3.260000000000000000e+02
4.560000000000000000e+02
3.800000000000000000e+02
3.180000000000000000e+02
3.310000000000000000e+02
3.948000000000000000e+03
3.490000000000000000e+02
6.940000000000000000e+02
3.480000000000000000e+02
2.960000000000000000e+02
1.984200000000000000e+04
4.320000000000000000e+02
8.810000000000000000e+02
3.180000000000000000e+02
2.790000000000000000e+02
2.920000000000000000e+02
2.760000000000000000e+02
3.040000000000000000e+02
3.430000000000000000e+02
3.080000000000000000e+02
4.810000000000000000e+02
5.670000000000000000e+02
2.580000000000000000e+02
3.160000000000000000e+02
2.800000000000000000e+02
3.140000000000000000e+02
2.930000000000000000e+02
2.600000000000000000e+02
4.210000000000000000e+02
2.810000000000000000e+02
4.900000000000000000e+02
3.050000000000000000e+02
3.040000000000000000e+02
3.800000000000000000e+02
2.670000000000000000e+02
3.300000000000000000e+02
2.540000000000000000e+02
3.010000000000000000e+02
7.990000000000000000e+02
2.820000000000000000e+02
2.770000000000000000e+02
3.290000000000000000e+02
4.440000000000000000e+02
2.980000000000000000e+02
5.230000000000000000e+02
4.260000000000000000e+02
3.290000000000000000e+02
3.480000000000000000e+02
2.880000000000000000e+02
3.280000000000000000e+02
3.730000000000000000e+02
3.630000000000000000e+02
2.850000000000000000e+02
3.840000000000000000e+02
2.720000000000000000e+02
4.760000000000000000e+02
3.320000000000000000e+02
3.190000000000000000e+02
3.060000000000000000e+02
3.410000000000000000e+02
2.850000000000000000e+02
2.820000000000000000e+02
2.860000000000000000e+02
2.870000000000000000e+02
4.200000000000000000e+02
3.910000000000000000e+02
2.810000000000000000e+02
2.810000000000000000e+02
3.550000000000000000e+02
1.149000000000000000e+03
3.510000000000000000e+02
2.571000000000000000e+03
3.930000000000000000e+02
4.290000000000000000e+02
2.920000000000000000e+02
2.950000000000000000e+02
3.700000000000000000e+02
2.840000000000000000e+02
3.430000000000000000e+02
2.970000000000000000e+02
2.890000000000000000e+02
3.530000000000000000e+02
6.120000000000000000e+02
3.040000000000000000e+02
2.980000000000000000e+02
3.490000000000000000e+02
3.010000000000000000e+02
2.913000000000000000e+03
3.370000000000000000e+02
2.890000000000000000e+02
3.300000000000000000e+02
1.760000000000000000e+03
2.913000000000000000e+03
1.485900000000000000e+04
3.850000000000000000e+02
3.530000000000000000e+02
3.390000000000000000e+02
6.900000000000000000e+02
3.720000000000000000e+02
3.890000000000000000e+02
3.410000000000000000e+02
3.870000000000000000e+02
3.190000000000000000e+02
1.058000000000000000e+03
2.950000000000000000e+02
2.760000000000000000e+02
5.620000000000000000e+02
3.800000000000000000e+02
2.710000000000000000e+02
3.220000000000000000e+02
2.780000000000000000e+02
3.220000000000000000e+02
3.580000000000000000e+02
3.320000000000000000e+02
3.290000000000000000e+02
6.820000000000000000e+02
3.570000000000000000e+02
3.100000000000000000e+02
2.600000000000000000e+02
2.980000000000000000e+02
3.300000000000000000e+02
3.530000000000000000e+02
6.259400000000000000e+04
5.034000000000000000e+03
4.560000000000000000e+02
3.670000000000000000e+02
3.320000000000000000e+02
3.020000000000000000e+02
1.569000000000000000e+03
3.380000000000000000e+02
6.200000000000000000e+02
2.590000000000000000e+02
3.770000000000000000e+02
2.110000000000000000e+03
3.110000000000000000e+02
3.230000000000000000e+02
2.950000000000000000e+02
3.700000000000000000e+02
3.010000000000000000e+02
3.290000000000000000e+02
3.740000000000000000e+02
4.753000000000000000e+04
3.470000000000000000e+02
3.280000000000000000e+02
8.133000000000000000e+03
2.750000000000000000e+02
3.020000000000000000e+02
3.530000000000000000e+02
2.760000000000000000e+02
3.090000000000000000e+02
3.290000000000000000e+02
5.930000000000000000e+02
3.100000000000000000e+02
3.440000000000000000e+02
3.130000000000000000e+02
3.360000000000000000e+02
9.810000000000000000e+02
3.990000000000000000e+02
2.770000000000000000e+02
1.145000000000000000e+03
3.980000000000000000e+02
2.790000000000000000e+02
2.920000000000000000e+02
2.710000000000000000e+02
3.110000000000000000e+02
3.750000000000000000e+02
2.490000000000000000e+02
3.350000000000000000e+02
2.610000000000000000e+02
3.410000000000000000e+02
4.650000000000000000e+02
2.970000000000000000e+02
2.530000000000000000e+02
3.080000000000000000e+02
2.680000000000000000e+02
1.418000000000000000e+03
3.910000000000000000e+02
3.070000000000000000e+02
2.850000000000000000e+02
4.343000000000000000e+03
3.130000000000000000e+02
3.860000000000000000e+02
3.160000000000000000e+02
2.990000000000000000e+02
6.410000000000000000e+02
3.290000000000000000e+02
2.730000000000000000e+02
2.350000000000000000e+02
3.250000000000000000e+02
3.280000000000000000e+02
2.410000000000000000e+02
2.850000000000000000e+02
3.410000000000000000e+02
4.320000000000000000e+02
2.710000000000000000e+02
3.600000000000000000e+02
4.680000000000000000e+02
4.260000000000000000e+02
9.480000000000000000e+02
4.930000000000000000e+02
2.720000000000000000e+02
3.000000000000000000e+02
3.905000000000000000e+03
3.390000000000000000e+02
3.250000000000000000e+02
3.490000000000000000e+02
3.290000000000000000e+02
3.140000000000000000e+02
3.790000000000000000e+02
3.950000000000000000e+02
4.210000000000000000e+02
3.038000000000000000e+03
3.450000000000000000e+02
3.310000000000000000e+02
3.320000000000000000e+02
2.880000000000000000e+02
3.330000000000000000e+02
2.960000000000000000e+02
3.410000000000000000e+02
6.730000000000000000e+02
4.040000000000000000e+02
2.730000000000000000e+02
2.750000000000000000e+02
3.680000000000000000e+02
3.370000000000000000e+02
2.510000000000000000e+02
3.410000000000000000e+02
3.450000000000000000e+02
3.190000000000000000e+02
3.170000000000000000e+02
3.500000000000000000e+02
8.810000000000000000e+02
2.530000000000000000e+02
3.050000000000000000e+02
1.004000000000000000e+03
3.060000000000000000e+02
2.760000000000000000e+02
2.870000000000000000e+02
4.890000000000000000e+02
2.870000000000000000e+02
3.100000000000000000e+02
3.700000000000000000e+02
3.160000000000000000e+02
2.860000000000000000e+02
2.830000000000000000e+02
3.010000000000000000e+02
3.230000000000000000e+02
2.099000000000000000e+03
3.330000000000000000e+02
3.470000000000000000e+02
5.115000000000000000e+03
2.820000000000000000e+02
2.500000000000000000e+02
3.050000000000000000e+02
2.760000000000000000e+02
2.094000000000000000e+03
3.310000000000000000e+02
6.750000000000000000e+02
3.120000000000000000e+02
2.690000000000000000e+02
3.840000000000000000e+02
2.990000000000000000e+02
3.030000000000000000e+02
2.730000000000000000e+02
4.110000000000000000e+02
3.190000000000000000e+02
3.140000000000000000e+02
2.550000000000000000e+02
3.480000000000000000e+02
2.840000000000000000e+02
3.020000000000000000e+02
6.020000000000000000e+02
7.770000000000000000e+02
2.980000000000000000e+02
6.820000000000000000e+02
3.590000000000000000e+02
5.290000000000000000e+02
3.150000000000000000e+02
3.760000000000000000e+02
2.790000000000000000e+02
2.810000000000000000e+02
2.570000000000000000e+02
3.220000000000000000e+02
2.860000000000000000e+02
2.550000000000000000e+02
2.870000000000000000e+02
2.820000000000000000e+02
4.200000000000000000e+02
3.470000000000000000e+02
3.190000000000000000e+02
3.120000000000000000e+02
3.070000000000000000e+02
3.040000000000000000e+02
3.620000000000000000e+02
2.660000000000000000e+02
4.767100000000000000e+04
2.720000000000000000e+02
3.220000000000000000e+02
2.920000000000000000e+02
1.497700000000000000e+04
3.690000000000000000e+02
4.400000000000000000e+02
3.170000000000000000e+02
3.380000000000000000e+02
8.280000000000000000e+02
2.940000000000000000e+02
3.080000000000000000e+02
2.630000000000000000e+02
5.980000000000000000e+02
2.860000000000000000e+02
3.220000000000000000e+02
5.580000000000000000e+02
1.673000000000000000e+03
2.980000000000000000e+02
2.690000000000000000e+02
7.184000000000000000e+03
3.342000000000000000e+03
3.270000000000000000e+02
8.605000000000000000e+03
2.750000000000000000e+02
2.840000000000000000e+02
2.660000000000000000e+02
3.140000000000000000e+02
2.490000000000000000e+02
3.130000000000000000e+02
3.270000000000000000e+02
3.150000000000000000e+02
2.990000000000000000e+02
2.890000000000000000e+02
3.650000000000000000e+02
3.070000000000000000e+02
3.360000000000000000e+02
2.890000000000000000e+02
4.860000000000000000e+02
4.670000000000000000e+02
3.190000000000000000e+02
3.300000000000000000e+02
2.920000000000000000e+02
3.280000000000000000e+02
2.920000000000000000e+02
2.670000000000000000e+02
2.910000000000000000e+02
5.680000000000000000e+02
4.170000000000000000e+02
2.200000000000000000e+02
2.980000000000000000e+02
1.441000000000000000e+03
2.690000000000000000e+02
5.320000000000000000e+02
1.960000000000000000e+03
2.720000000000000000e+02
2.660000000000000000e+02
2.540000000000000000e+02
7.082000000000000000e+03
6.440000000000000000e+02
3.610000000000000000e+02
2.640000000000000000e+02
3.150000000000000000e+02
2.700000000000000000e+02
3.140000000000000000e+02
3.030000000000000000e+02
3.050000000000000000e+02
2.880000000000000000e+02
3.250000000000000000e+02
2.750000000000000000e+02
3.470000000000000000e+02
3.470000000000000000e+02
3.090000000000000000e+02
2.990000000000000000e+02
3.050000000000000000e+02
3.020000000000000000e+02
2.770000000000000000e+02
3.300000000000000000e+02
7.370000000000000000e+02
2.680000000000000000e+02
5.400000000000000000e+02
5.530000000000000000e+02
4.180000000000000000e+02
3.620000000000000000e+02
2.850000000000000000e+02
3.550000000000000000e+02
2.750000000000000000e+02
2.900000000000000000e+02
2.980000000000000000e+02
3.720000000000000000e+02
2.720000000000000000e+02
2.960000000000000000e+02
2.830000000000000000e+02
3.380000000000000000e+02
2.760000000000000000e+02
2.950000000000000000e+02
3.100000000000000000e+02
4.020000000000000000e+02
2.810000000000000000e+02
3.200000000000000000e+02
3.220000000000000000e+02
3.080000000000000000e+02
3.940000000000000000e+02
3.170000000000000000e+02
2.920000000000000000e+02
9.050000000000000000e+02
4.130000000000000000e+02
4.870000000000000000e+02
3.390000000000000000e+02
4.666000000000000000e+03
1.839000000000000000e+03
3.250000000000000000e+02
3.080000000000000000e+02
3.420000000000000000e+02
2.354000000000000000e+03
2.870000000000000000e+02
2.690000000000000000e+02
2.850000000000000000e+02
3.150000000000000000e+02
7.540000000000000000e+02
2.920000000000000000e+02
2.660000000000000000e+02
2.500000000000000000e+02
2.590000000000000000e+02
4.110000000000000000e+02
2.650000000000000000e+02
2.960000000000000000e+02
2.920000000000000000e+02
3.040000000000000000e+02
9.360000000000000000e+02
2.780000000000000000e+02
1.481000000000000000e+03
1.121000000000000000e+03
3.440000000000000000e+02
3.200000000000000000e+02
3.590000000000000000e+02
2.750000000000000000e+02
3.410000000000000000e+02
2.740000000000000000e+02
2.900000000000000000e+02
3.510000000000000000e+02
3.350000000000000000e+02
2.720000000000000000e+02
2.830000000000000000e+02
3.490000000000000000e+02
2.800000000000000000e+02
3.050000000000000000e+02
3.710000000000000000e+02
4.885000000000000000e+03
3.580000000000000000e+02
2.420000000000000000e+02
4.080000000000000000e+02
3.460000000000000000e+02
3.010000000000000000e+02
4.090000000000000000e+02
2.940000000000000000e+02
3.940000000000000000e+02
2.560000000000000000e+02
2.980000000000000000e+02
1.139000000000000000e+03
2.600000000000000000e+02
2.900000000000000000e+02
3.060000000000000000e+02
2.980000000000000000e+02
1.787000000000000000e+03
4.610000000000000000e+02
2.740000000000000000e+02
2.870000000000000000e+02
2.850000000000000000e+02
5.260000000000000000e+02
3.360000000000000000e+02
3.280000000000000000e+02
3.060000000000000000e+02
3.310000000000000000e+02
3.047000000000000000e+03
2.420000000000000000e+02
3.500000000000000000e+02
2.720000000000000000e+02
4.240000000000000000e+02
3.050000000000000000e+02
3.740000000000000000e+02
3.090000000000000000e+02
2.710000000000000000e+02
2.500000000000000000e+02
3.160000000000000000e+02
2.250000000000000000e+02
3.070000000000000000e+02
3.110000000000000000e+02
7.069700000000000000e+04
4.130000000000000000e+02
3.020000000000000000e+02
2.640000000000000000e+02
3.670000000000000000e+02
5.640000000000000000e+02
1.983100000000000000e+04
3.610000000000000000e+02
2.650000000000000000e+02
3.460000000000000000e+02
2.410000000000000000e+02
2.960000000000000000e+02
2.670000000000000000e+02
2.900000000000000000e+02
3.600000000000000000e+02
2.840000000000000000e+02
2.620000000000000000e+02
3.860000000000000000e+02
2.990000000000000000e+02
1.497000000000000000e+03
2.870000000000000000e+02
3.530000000000000000e+02
2.320000000000000000e+03
3.707700000000000000e+04
4.700000000000000000e+02
4.510000000000000000e+02
2.860000000000000000e+02
5.490000000000000000e+02
3.270000000000000000e+02
2.990000000000000000e+02
2.610000000000000000e+02
2.890000000000000000e+02
4.980000000000000000e+02
2.480000000000000000e+02
2.860000000000000000e+02
4.360000000000000000e+02
5.260000000000000000e+02
2.740000000000000000e+02
3.240000000000000000e+02
3.870000000000000000e+02
3.160000000000000000e+02
2.570000000000000000e+02
3.100000000000000000e+02
2.940000000000000000e+02
3.000000000000000000e+02
3.500000000000000000e+02
2.770000000000000000e+02
3.220000000000000000e+02
3.130000000000000000e+02
5.760000000000000000e+02
2.840000000000000000e+02
2.840000000000000000e+02
1.452390000000000000e+05
6.330000000000000000e+02
2.430000000000000000e+02
2.630000000000000000e+02
2.012000000000000000e+03
2.580000000000000000e+02
2.690000000000000000e+02
2.540000000000000000e+02
3.290000000000000000e+02
3.190000000000000000e+02
2.470000000000000000e+02
3.120000000000000000e+02
5.850000000000000000e+02
2.440000000000000000e+02
2.600000000000000000e+02
3.010000000000000000e+02
5.470000000000000000e+02
2.600000000000000000e+02
2.790000000000000000e+02
3.250000000000000000e+02
3.030000000000000000e+02
3.620000000000000000e+02
3.040000000000000000e+02
2.890000000000000000e+02
4.110000000000000000e+02
2.710000000000000000e+02
2.410000000000000000e+02
3.070000000000000000e+02
3.180000000000000000e+02
3.320000000000000000e+02
2.880000000000000000e+02
3.160000000000000000e+02
3.140000000000000000e+02
3.140000000000000000e+02
2.700000000000000000e+02
3.490000000000000000e+02
2.470000000000000000e+02
3.230000000000000000e+02
3.050000000000000000e+02
3.230000000000000000e+02
2.700000000000000000e+02
2.820000000000000000e+02
3.420000000000000000e+02
7.050000000000000000e+03
5.039000000000000000e+03
4.919000000000000000e+03
3.150000000000000000e+02
3.280000000000000000e+02
3.220000000000000000e+02
2.580000000000000000e+02
2.590000000000000000e+02
2.970000000000000000e+02
3.020000000000000000e+02
2.920000000000000000e+02
3.470000000000000000e+02
3.120000000000000000e+02
2.024000000000000000e+03
2.650000000000000000e+02
2.940000000000000000e+02
2.120000000000000000e+02
3.040000000000000000e+02
3.707000000000000000e+03
3.280000000000000000e+02
2.530000000000000000e+02
2.650000000000000000e+02
5.580000000000000000e+02
3.250000000000000000e+02
3.940000000000000000e+02
2.710000000000000000e+02
2.780000000000000000e+02
2.760000000000000000e+02
3.300000000000000000e+02
2.870000000000000000e+02
2.580000000000000000e+02
2.860000000000000000e+02
2.830000000000000000e+02
3.270000000000000000e+02
2.750000000000000000e+02
3.230000000000000000e+02
3.070000000000000000e+02
2.960000000000000000e+02
3.860000000000000000e+02
2.720000000000000000e+02
3.190000000000000000e+02
6.050000000000000000e+03
2.710000000000000000e+02
4.160000000000000000e+02
2.880000000000000000e+02
2.260000000000000000e+02
2.910000000000000000e+02
2.750000000000000000e+02
2.980000000000000000e+02
3.630000000000000000e+02
3.380000000000000000e+02
2.790000000000000000e+02
3.020000000000000000e+02
3.000000000000000000e+02
3.230000000000000000e+02
3.050000000000000000e+02
3.575000000000000000e+03
3.420000000000000000e+02
4.910000000000000000e+02
5.660000000000000000e+02
2.740000000000000000e+02
3.400000000000000000e+02
4.250000000000000000e+02
3.820000000000000000e+02
1.310000000000000000e+03
3.070000000000000000e+02
2.530000000000000000e+02
2.640000000000000000e+02
2.230000000000000000e+02
1.177000000000000000e+03
5.252000000000000000e+03
3.400000000000000000e+02
3.130000000000000000e+02
3.600000000000000000e+02
3.230000000000000000e+02
3.220000000000000000e+02
3.490000000000000000e+02
2.750000000000000000e+02
2.960000000000000000e+02
3.400000000000000000e+02
3.150000000000000000e+02
2.710000000000000000e+02
2.520000000000000000e+02
2.890000000000000000e+02
6.290000000000000000e+02
3.100000000000000000e+02
2.420000000000000000e+02
2.820000000000000000e+02
3.350000000000000000e+02
4.040000000000000000e+02
4.640000000000000000e+02
2.660000000000000000e+02
2.550000000000000000e+02
4.400000000000000000e+02
3.570000000000000000e+02
3.380000000000000000e+02
3.420000000000000000e+02
3.200000000000000000e+02
3.060000000000000000e+02
2.930000000000000000e+02
3.080000000000000000e+02
6.010000000000000000e+02
2.220000000000000000e+02
3.250000000000000000e+02
2.610000000000000000e+02
2.770000000000000000e+02
3.100000000000000000e+02
3.070000000000000000e+02
3.230000000000000000e+02
2.720000000000000000e+02
2.470000000000000000e+02
2.390000000000000000e+02
3.630000000000000000e+02
3.570000000000000000e+02
3.800000000000000000e+02
3.670000000000000000e+02
3.040000000000000000e+02
2.800000000000000000e+02
2.510000000000000000e+02
4.980000000000000000e+02
4.230000000000000000e+02
6.080000000000000000e+02
5.080000000000000000e+02
6.120000000000000000e+02
2.590000000000000000e+02
4.000000000000000000e+02
1.537000000000000000e+03
3.030000000000000000e+02
2.760000000000000000e+02
3.970000000000000000e+02
6.000000000000000000e+02
5.180000000000000000e+02
3.590000000000000000e+02
2.370000000000000000e+02
4.672000000000000000e+03
3.850000000000000000e+02
3.580000000000000000e+02
2.780000000000000000e+02
1.754100000000000000e+04
3.400000000000000000e+02
3.070000000000000000e+02
2.470000000000000000e+02
2.610000000000000000e+02
2.760000000000000000e+02
3.370000000000000000e+02
2.560000000000000000e+02
2.860000000000000000e+02
2.670000000000000000e+02
2.660000000000000000e+02
5.490000000000000000e+02
2.506000000000000000e+03
2.570000000000000000e+02
2.310000000000000000e+02
3.090000000000000000e+02
3.220000000000000000e+02
3.290000000000000000e+02
2.950000000000000000e+02
1.611000000000000000e+03
2.990000000000000000e+02
3.270000000000000000e+02
3.310000000000000000e+02
4.260000000000000000e+02
3.250000000000000000e+02
3.780000000000000000e+02
3.290000000000000000e+02
2.740000000000000000e+02
4.440000000000000000e+02
3.260000000000000000e+02
2.680000000000000000e+02
3.070000000000000000e+02
2.720000000000000000e+02
8.910000000000000000e+02
3.070000000000000000e+02
2.710000000000000000e+02
5.410000000000000000e+02
2.830000000000000000e+02
4.250000000000000000e+02
