6.325089843750000000e+04
5.748691406250000000e+04
6.626132812500000000e+04
5.328274218750000000e+04
5.428252343750000000e+04
4.332660937500000000e+04
4.950244531250000000e+04
3.663324218750000000e+04
3.497871093750000000e+04
3.437064843750000000e+04
2.224507031250000000e+04
2.227655468750000000e+04
1.586485156250000000e+04
1.470485937500000000e+04
2.451538281250000000e+04
9.001492187500000000e+03
8.767796875000000000e+03
7.569515625000000000e+03
7.881484375000000000e+03
5.338304687500000000e+03
5.484812500000000000e+03
5.588132812500000000e+03
4.110695312500000000e+03
2.653273437500000000e+03
1.882406250000000000e+03
1.092179687500000000e+03
3.202945312500000000e+03
1.979937500000000000e+03
1.057914062500000000e+03
1.921351562500000000e+03
1.478851562500000000e+03
2.149406250000000000e+03
8.521640625000000000e+02
2.173781250000000000e+03
1.900398437500000000e+03
1.769898437500000000e+03
5.965312500000000000e+02
1.354812500000000000e+03
8.609375000000000000e+02
8.190156250000000000e+02
7.999531250000000000e+02
1.114867187500000000e+03
9.751640625000000000e+02
9.642265625000000000e+02
9.802656250000000000e+02
6.386171875000000000e+02
1.085929687500000000e+03
6.181718750000000000e+02
7.756171875000000000e+02
1.116359375000000000e+03
1.250031250000000000e+03
7.049296875000000000e+02
9.645937500000000000e+02
7.792500000000000000e+02
6.562578125000000000e+02
9.666640625000000000e+02
8.664375000000000000e+02
6.323125000000000000e+02
9.861953125000000000e+02
8.650625000000000000e+02
7.103359375000000000e+02
7.274687500000000000e+02
6.582578125000000000e+02
6.997968750000000000e+02
6.424531250000000000e+02
1.028789062500000000e+03
8.787343750000000000e+02
8.090390625000000000e+02
6.269921875000000000e+02
6.050468750000000000e+02
6.232031250000000000e+02
6.618984375000000000e+02
6.900625000000000000e+02
4.952578125000000000e+02
7.853203125000000000e+02
1.152906250000000000e+03
5.355156250000000000e+02
6.316328125000000000e+02
7.149140625000000000e+02
1.322507812500000000e+03
6.230234375000000000e+02
7.364921875000000000e+02
1.109625000000000000e+03
5.500781250000000000e+02
8.728593750000000000e+02
7.116953125000000000e+02
6.879140625000000000e+02
7.012031250000000000e+02
8.296953125000000000e+02
6.596640625000000000e+02
5.389687500000000000e+02
5.616796875000000000e+02
9.441562500000000000e+02
8.993515625000000000e+02
1.124273437500000000e+03
6.830937500000000000e+02
7.489296875000000000e+02
5.462421875000000000e+02
6.457187500000000000e+02
8.450859375000000000e+02
6.111562500000000000e+02
6.543046875000000000e+02
7.861250000000000000e+02
5.726562500000000000e+02
5.968828125000000000e+02
5.487343750000000000e+02
7.419453125000000000e+02
5.666562500000000000e+02
6.877734375000000000e+02
6.526093750000000000e+02
8.805468750000000000e+02
6.835859375000000000e+02
6.917109375000000000e+02
9.796953125000000000e+02
8.148984375000000000e+02
5.456171875000000000e+02
1.065484375000000000e+03
8.385234375000000000e+02
6.347187500000000000e+02
5.963046875000000000e+02
5.992968750000000000e+02
1.076343750000000000e+03
7.279843750000000000e+02
6.228281250000000000e+02
5.426093750000000000e+02
1.206320312500000000e+03
9.058125000000000000e+02
9.193125000000000000e+02
7.297812500000000000e+02
6.423671875000000000e+02
8.181796875000000000e+02
8.066093750000000000e+02
8.942265625000000000e+02
5.627968750000000000e+02
1.119515625000000000e+03
6.099375000000000000e+02
6.101796875000000000e+02
7.308750000000000000e+02
6.669296875000000000e+02
7.243671875000000000e+02
5.568281250000000000e+02
7.222031250000000000e+02
6.418828125000000000e+02
7.625000000000000000e+02
7.328984375000000000e+02
7.344453125000000000e+02
7.718515625000000000e+02
6.103281250000000000e+02
1.050210937500000000e+03
6.353203125000000000e+02
9.028671875000000000e+02
8.167343750000000000e+02
7.642187500000000000e+02
6.120156250000000000e+02
6.716484375000000000e+02
7.635234375000000000e+02
5.674453125000000000e+02
8.661718750000000000e+02
5.832500000000000000e+02
5.742890625000000000e+02
7.498046875000000000e+02
8.356875000000000000e+02
1.071250000000000000e+03
5.797812500000000000e+02
6.008281250000000000e+02
6.368515625000000000e+02
6.126328125000000000e+02
6.910703125000000000e+02
7.231953125000000000e+02
6.543046875000000000e+02
6.481015625000000000e+02
5.702343750000000000e+02
6.415390625000000000e+02
5.750390625000000000e+02
5.946093750000000000e+02
6.579531250000000000e+02
5.936640625000000000e+02
5.920468750000000000e+02
9.281328125000000000e+02
5.813359375000000000e+02
6.441250000000000000e+02
5.389609375000000000e+02
8.113437500000000000e+02
6.050468750000000000e+02
7.468437500000000000e+02
1.118273437500000000e+03
5.644140625000000000e+02
5.482734375000000000e+02
6.340781250000000000e+02
6.922031250000000000e+02
7.774218750000000000e+02
6.238593750000000000e+02
6.797890625000000000e+02
6.212578125000000000e+02
7.519296875000000000e+02
6.379140625000000000e+02
6.540625000000000000e+02
7.645859375000000000e+02
6.416562500000000000e+02
6.567500000000000000e+02
5.953203125000000000e+02
5.546796875000000000e+02
5.442031250000000000e+02
5.818906250000000000e+02
5.936328125000000000e+02
5.476562500000000000e+02
8.358437500000000000e+02
7.924375000000000000e+02
5.973281250000000000e+02
5.894765625000000000e+02
6.624609375000000000e+02
5.225312500000000000e+02
5.541171875000000000e+02
6.757343750000000000e+02
5.394687500000000000e+02
6.424453125000000000e+02
7.108906250000000000e+02
5.941015625000000000e+02
5.523671875000000000e+02
5.111640625000000000e+02
5.917421875000000000e+02
1.762796875000000000e+03
5.915234375000000000e+02
5.819296875000000000e+02
5.435468750000000000e+02
9.347343750000000000e+02
5.092578125000000000e+02
5.565468750000000000e+02
4.911562500000000000e+02
5.424453125000000000e+02
5.485859375000000000e+02
6.231250000000000000e+02
7.273281250000000000e+02
6.372265625000000000e+02
9.289921875000000000e+02
5.769218750000000000e+02
5.709687500000000000e+02
5.356953125000000000e+02
8.637265625000000000e+02
6.129062500000000000e+02
5.404218750000000000e+02
5.115156250000000000e+02
5.141718750000000000e+02
5.506406250000000000e+02
5.826093750000000000e+02
6.191093750000000000e+02
6.236875000000000000e+02
7.022812500000000000e+02
5.179843750000000000e+02
5.051718750000000000e+02
8.967031250000000000e+02
5.363750000000000000e+02
5.381718750000000000e+02
5.489140625000000000e+02
5.406484375000000000e+02
6.091953125000000000e+02
5.194062500000000000e+02
5.017187500000000000e+02
5.203906250000000000e+02
5.424140625000000000e+02
6.552421875000000000e+02
6.524062500000000000e+02
6.780859375000000000e+02
5.162968750000000000e+02
1.185296875000000000e+03
5.984375000000000000e+02
5.263359375000000000e+02
5.839765625000000000e+02
6.440234375000000000e+02
5.016484375000000000e+02
5.580937500000000000e+02
9.757578125000000000e+02
4.930390625000000000e+02
5.203593750000000000e+02
5.417109375000000000e+02
5.157500000000000000e+02
1.507671875000000000e+03
5.489375000000000000e+02
5.588984375000000000e+02
5.008750000000000000e+02
5.300625000000000000e+02
4.883750000000000000e+02
5.154296875000000000e+02
5.151796875000000000e+02
6.285937500000000000e+02
6.461875000000000000e+02
5.466562500000000000e+02
5.469375000000000000e+02
5.658984375000000000e+02
4.948046875000000000e+02
5.165546875000000000e+02
5.077031250000000000e+02
4.672500000000000000e+02
5.202031250000000000e+02
4.687968750000000000e+02
5.906484375000000000e+02
4.936796875000000000e+02
4.840234375000000000e+02
5.140390625000000000e+02
8.620703125000000000e+02
5.395859375000000000e+02
5.366328125000000000e+02
7.050000000000000000e+02
5.072421875000000000e+02
5.039687500000000000e+02
5.587734375000000000e+02
4.682031250000000000e+02
5.128593750000000000e+02
4.745781250000000000e+02
5.569296875000000000e+02
5.013515625000000000e+02
1.042218750000000000e+03
5.062031250000000000e+02
4.862578125000000000e+02
9.920000000000000000e+02
4.843359375000000000e+02
5.598593750000000000e+02
4.934531250000000000e+02
5.024140625000000000e+02
7.082421875000000000e+02
4.731328125000000000e+02
4.652421875000000000e+02
4.815312500000000000e+02
5.480937500000000000e+02
4.743515625000000000e+02
7.538359375000000000e+02
4.782265625000000000e+02
5.700468750000000000e+02
5.035234375000000000e+02
6.450156250000000000e+02
5.055703125000000000e+02
4.521015625000000000e+02
4.542734375000000000e+02
5.422578125000000000e+02
5.217890625000000000e+02
4.550312500000000000e+02
4.535781250000000000e+02
5.305000000000000000e+02
4.793515625000000000e+02
4.928750000000000000e+02
4.573906250000000000e+02
4.602578125000000000e+02
4.565625000000000000e+02
4.642421875000000000e+02
4.387500000000000000e+02
4.667578125000000000e+02
4.906875000000000000e+02
4.768046875000000000e+02
5.367734375000000000e+02
4.732343750000000000e+02
4.376015625000000000e+02
5.572656250000000000e+02
4.521093750000000000e+02
1.026976562500000000e+03
4.844218750000000000e+02
4.888984375000000000e+02
4.554609375000000000e+02
5.700312500000000000e+02
4.582968750000000000e+02
4.842968750000000000e+02
5.288203125000000000e+02
4.733203125000000000e+02
4.683593750000000000e+02
5.779765625000000000e+02
5.435234375000000000e+02
5.803750000000000000e+02
4.797343750000000000e+02
4.505937500000000000e+02
6.175703125000000000e+02
4.596796875000000000e+02
4.163046875000000000e+02
4.222343750000000000e+02
7.556562500000000000e+02
4.430156250000000000e+02
4.604843750000000000e+02
4.499062500000000000e+02
4.453359375000000000e+02
4.595468750000000000e+02
4.458671875000000000e+02
7.469687500000000000e+02
4.515546875000000000e+02
5.404062500000000000e+02
4.530312500000000000e+02
4.246406250000000000e+02
5.837343750000000000e+02
4.407421875000000000e+02
4.128828125000000000e+02
4.642187500000000000e+02
4.832578125000000000e+02
4.126171875000000000e+02
4.201562500000000000e+02
4.390078125000000000e+02
6.682031250000000000e+02
5.912031250000000000e+02
4.281640625000000000e+02
4.499375000000000000e+02
4.672734375000000000e+02
4.448750000000000000e+02
4.481015625000000000e+02
4.821796875000000000e+02
4.528437500000000000e+02
5.170625000000000000e+02
4.195078125000000000e+02
4.336406250000000000e+02
4.405859375000000000e+02
4.838203125000000000e+02
4.207265625000000000e+02
4.197734375000000000e+02
4.328828125000000000e+02
4.939531250000000000e+02
3.974140625000000000e+02
4.304062500000000000e+02
3.873906250000000000e+02
3.882890625000000000e+02
4.420390625000000000e+02
4.649765625000000000e+02
4.223828125000000000e+02
5.698359375000000000e+02
5.112812500000000000e+02
6.425703125000000000e+02
3.998281250000000000e+02
4.717265625000000000e+02
6.837109375000000000e+02
4.199843750000000000e+02
4.068281250000000000e+02
4.302109375000000000e+02
5.548046875000000000e+02
3.983593750000000000e+02
4.509453125000000000e+02
4.207265625000000000e+02
5.907578125000000000e+02
4.276406250000000000e+02
4.276484375000000000e+02
4.112968750000000000e+02
4.210859375000000000e+02
4.177421875000000000e+02
3.847109375000000000e+02
4.585625000000000000e+02
3.804453125000000000e+02
4.635312500000000000e+02
4.041718750000000000e+02
5.956796875000000000e+02
4.498593750000000000e+02
4.353671875000000000e+02
4.402031250000000000e+02
3.829921875000000000e+02
4.240937500000000000e+02
4.730859375000000000e+02
3.857343750000000000e+02
4.445546875000000000e+02
4.787187500000000000e+02
4.319375000000000000e+02
4.051640625000000000e+02
3.936875000000000000e+02
4.079687500000000000e+02
4.526171875000000000e+02
4.133671875000000000e+02
4.107968750000000000e+02
3.858593750000000000e+02
4.587109375000000000e+02
5.441953125000000000e+02
4.218828125000000000e+02
4.602656250000000000e+02
3.758203125000000000e+02
3.962187500000000000e+02
4.490937500000000000e+02
3.563984375000000000e+02
4.188593750000000000e+02
3.990312500000000000e+02
4.699296875000000000e+02
4.324921875000000000e+02
3.718515625000000000e+02
4.459140625000000000e+02
3.744296875000000000e+02
3.589687500000000000e+02
4.462031250000000000e+02
3.810625000000000000e+02
3.715078125000000000e+02
3.750078125000000000e+02
3.903203125000000000e+02
3.551796875000000000e+02
3.765781250000000000e+02
3.642500000000000000e+02
4.004453125000000000e+02
4.772031250000000000e+02
3.695156250000000000e+02
4.104140625000000000e+02
3.872421875000000000e+02
3.989843750000000000e+02
4.085156250000000000e+02
3.963515625000000000e+02
3.732734375000000000e+02
6.084218750000000000e+02
3.717343750000000000e+02
3.808515625000000000e+02
3.602812500000000000e+02
6.340156250000000000e+02
3.875546875000000000e+02
3.649296875000000000e+02
3.788906250000000000e+02
4.175703125000000000e+02
3.442031250000000000e+02
3.903281250000000000e+02
3.707578125000000000e+02
3.947734375000000000e+02
3.868281250000000000e+02
3.803984375000000000e+02
3.664296875000000000e+02
4.991171875000000000e+02
3.613125000000000000e+02
4.395546875000000000e+02
6.505546875000000000e+02
4.437031250000000000e+02
4.033281250000000000e+02
4.771562500000000000e+02
3.638828125000000000e+02
4.906640625000000000e+02
3.779531250000000000e+02
3.583203125000000000e+02
3.680703125000000000e+02
4.011953125000000000e+02
5.320390625000000000e+02
3.516093750000000000e+02
3.558750000000000000e+02
3.599375000000000000e+02
3.938984375000000000e+02
3.456796875000000000e+02
4.327265625000000000e+02
3.625234375000000000e+02
3.795312500000000000e+02
4.094375000000000000e+02
7.747031250000000000e+02
3.497109375000000000e+02
3.576171875000000000e+02
3.891484375000000000e+02
3.880312500000000000e+02
4.015468750000000000e+02
3.347187500000000000e+02
3.640156250000000000e+02
3.746250000000000000e+02
3.696562500000000000e+02
3.284375000000000000e+02
3.449140625000000000e+02
3.461796875000000000e+02
4.351640625000000000e+02
3.585625000000000000e+02
4.408593750000000000e+02
5.053984375000000000e+02
4.090468750000000000e+02
3.373671875000000000e+02
3.833437500000000000e+02
4.218984375000000000e+02
3.881328125000000000e+02
3.241953125000000000e+02
3.247421875000000000e+02
3.550937500000000000e+02
3.475000000000000000e+02
4.460468750000000000e+02
4.265859375000000000e+02
3.299453125000000000e+02
3.986015625000000000e+02
3.770781250000000000e+02
3.628125000000000000e+02
3.483281250000000000e+02
4.277890625000000000e+02
3.795000000000000000e+02
4.317500000000000000e+02
4.934062500000000000e+02
3.464453125000000000e+02
3.553984375000000000e+02
3.219296875000000000e+02
3.541953125000000000e+02
3.518046875000000000e+02
4.665468750000000000e+02
3.667031250000000000e+02
4.792109375000000000e+02
3.945312500000000000e+02
3.634843750000000000e+02
4.734375000000000000e+02
3.228906250000000000e+02
3.529921875000000000e+02
4.197031250000000000e+02
4.866875000000000000e+02
3.611796875000000000e+02
3.870000000000000000e+02
3.208125000000000000e+02
3.456406250000000000e+02
3.344765625000000000e+02
3.825859375000000000e+02
3.497578125000000000e+02
3.867968750000000000e+02
2.954921875000000000e+02
3.476250000000000000e+02
3.964843750000000000e+02
3.312812500000000000e+02
3.735781250000000000e+02
3.799375000000000000e+02
3.020781250000000000e+02
3.272968750000000000e+02
3.423984375000000000e+02
3.577500000000000000e+02
3.209218750000000000e+02
3.395000000000000000e+02
3.036015625000000000e+02
3.267500000000000000e+02
3.324921875000000000e+02
3.268359375000000000e+02
3.411718750000000000e+02
3.204453125000000000e+02
4.066562500000000000e+02
3.376250000000000000e+02
3.165703125000000000e+02
3.480390625000000000e+02
3.705625000000000000e+02
3.133203125000000000e+02
3.238750000000000000e+02
3.972187500000000000e+02
3.220078125000000000e+02
3.126718750000000000e+02
3.637890625000000000e+02
3.333437500000000000e+02
3.169453125000000000e+02
3.385312500000000000e+02
3.173750000000000000e+02
3.089296875000000000e+02
3.232968750000000000e+02
3.366328125000000000e+02
4.404296875000000000e+02
2.931015625000000000e+02
3.410234375000000000e+02
3.596562500000000000e+02
3.072031250000000000e+02
3.121328125000000000e+02
3.142578125000000000e+02
3.280234375000000000e+02
3.102421875000000000e+02
4.115078125000000000e+02
2.869687500000000000e+02
3.181328125000000000e+02
3.798046875000000000e+02
2.970781250000000000e+02
3.245937500000000000e+02
3.387187500000000000e+02
3.136953125000000000e+02
3.767031250000000000e+02
3.449062500000000000e+02
4.393515625000000000e+02
3.478437500000000000e+02
3.261640625000000000e+02
3.090078125000000000e+02
3.140000000000000000e+02
3.561015625000000000e+02
3.841953125000000000e+02
3.616875000000000000e+02
3.402187500000000000e+02
3.501406250000000000e+02
3.435312500000000000e+02
3.127968750000000000e+02
4.343593750000000000e+02
6.561640625000000000e+02
3.167187500000000000e+02
4.001250000000000000e+02
3.026171875000000000e+02
2.984609375000000000e+02
3.330390625000000000e+02
3.289375000000000000e+02
3.018203125000000000e+02
3.210000000000000000e+02
2.875859375000000000e+02
3.479531250000000000e+02
3.092890625000000000e+02
3.272343750000000000e+02
3.473906250000000000e+02
3.432500000000000000e+02
3.007343750000000000e+02
3.272265625000000000e+02
3.088359375000000000e+02
4.804453125000000000e+02
3.398281250000000000e+02
3.765078125000000000e+02
3.496953125000000000e+02
3.011640625000000000e+02
3.020156250000000000e+02
3.150000000000000000e+02
3.148906250000000000e+02
4.226171875000000000e+02
2.909140625000000000e+02
3.360000000000000000e+02
2.979921875000000000e+02
3.049296875000000000e+02
3.051015625000000000e+02
2.975468750000000000e+02
3.010625000000000000e+02
3.118593750000000000e+02
3.017734375000000000e+02
3.456328125000000000e+02
3.263125000000000000e+02
3.008750000000000000e+02
2.774921875000000000e+02
4.550312500000000000e+02
2.979921875000000000e+02
4.348906250000000000e+02
2.698984375000000000e+02
2.762421875000000000e+02
3.699687500000000000e+02
3.644531250000000000e+02
2.814062500000000000e+02
3.018984375000000000e+02
2.907578125000000000e+02
3.093125000000000000e+02
2.842109375000000000e+02
3.186796875000000000e+02
2.927187500000000000e+02
3.295468750000000000e+02
3.163203125000000000e+02
3.053125000000000000e+02
2.923515625000000000e+02
3.700312500000000000e+02
3.229531250000000000e+02
3.135781250000000000e+02
3.040546875000000000e+02
3.460234375000000000e+02
3.155078125000000000e+02
3.119531250000000000e+02
3.263515625000000000e+02
3.549062500000000000e+02
3.418671875000000000e+02
3.535781250000000000e+02
3.141875000000000000e+02
2.943125000000000000e+02
3.361015625000000000e+02
2.541796875000000000e+02
3.243359375000000000e+02
2.979375000000000000e+02
2.994218750000000000e+02
3.443906250000000000e+02
2.798828125000000000e+02
2.913906250000000000e+02
3.603828125000000000e+02
2.761875000000000000e+02
3.048750000000000000e+02
3.660859375000000000e+02
2.994453125000000000e+02
2.973984375000000000e+02
2.784843750000000000e+02
3.824765625000000000e+02
3.110000000000000000e+02
2.984296875000000000e+02
2.686875000000000000e+02
2.876875000000000000e+02
3.279765625000000000e+02
3.163593750000000000e+02
3.041250000000000000e+02
2.772187500000000000e+02
2.770468750000000000e+02
2.957187500000000000e+02
3.344062500000000000e+02
2.906875000000000000e+02
3.154375000000000000e+02
3.220625000000000000e+02
2.954375000000000000e+02
2.883281250000000000e+02
3.038359375000000000e+02
2.869531250000000000e+02
3.008750000000000000e+02
3.082968750000000000e+02
2.597421875000000000e+02
2.601562500000000000e+02
3.058203125000000000e+02
2.918359375000000000e+02
2.982187500000000000e+02
3.136562500000000000e+02
2.955781250000000000e+02
3.226250000000000000e+02
2.823750000000000000e+02
3.373203125000000000e+02
2.619609375000000000e+02
2.935625000000000000e+02
3.180234375000000000e+02
2.802109375000000000e+02
2.772734375000000000e+02
2.687578125000000000e+02
2.897968750000000000e+02
2.997890625000000000e+02
2.736796875000000000e+02
2.810156250000000000e+02
3.026015625000000000e+02
3.583203125000000000e+02
4.089921875000000000e+02
2.912578125000000000e+02
2.875234375000000000e+02
2.945781250000000000e+02
2.959453125000000000e+02
2.889687500000000000e+02
3.913593750000000000e+02
2.963046875000000000e+02
2.819453125000000000e+02
3.189609375000000000e+02
2.884453125000000000e+02
2.950390625000000000e+02
2.872343750000000000e+02
3.974843750000000000e+02
3.122578125000000000e+02
2.702656250000000000e+02
4.157343750000000000e+02
2.726718750000000000e+02
2.671718750000000000e+02
3.194375000000000000e+02
3.149843750000000000e+02
2.727812500000000000e+02
5.670625000000000000e+02
5.636093750000000000e+02
3.098437500000000000e+02
2.591250000000000000e+02
2.653593750000000000e+02
3.187109375000000000e+02
2.788125000000000000e+02
2.502109375000000000e+02
3.332343750000000000e+02
2.922500000000000000e+02
3.011718750000000000e+02
3.461015625000000000e+02
2.567265625000000000e+02
3.085703125000000000e+02
2.722421875000000000e+02
2.829218750000000000e+02
2.776953125000000000e+02
2.988359375000000000e+02
2.867656250000000000e+02
2.804765625000000000e+02
3.618281250000000000e+02
2.747578125000000000e+02
2.872812500000000000e+02
2.889765625000000000e+02
2.792578125000000000e+02
3.128046875000000000e+02
2.705000000000000000e+02
3.411328125000000000e+02
2.761484375000000000e+02
2.991484375000000000e+02
2.962656250000000000e+02
2.481640625000000000e+02
2.916328125000000000e+02
2.680859375000000000e+02
2.830546875000000000e+02
2.749765625000000000e+02
2.746875000000000000e+02
2.736953125000000000e+02
3.365546875000000000e+02
2.786718750000000000e+02
2.669140625000000000e+02
4.960781250000000000e+02
2.926328125000000000e+02
2.559218750000000000e+02
2.654453125000000000e+02
2.952187500000000000e+02
2.894687500000000000e+02
2.638515625000000000e+02
2.642734375000000000e+02
2.726796875000000000e+02
2.478593750000000000e+02
2.757265625000000000e+02
2.782812500000000000e+02
3.330703125000000000e+02
2.898906250000000000e+02
3.049531250000000000e+02
3.350000000000000000e+02
3.129062500000000000e+02
2.914296875000000000e+02
2.935312500000000000e+02
2.560781250000000000e+02
2.641171875000000000e+02
2.867265625000000000e+02
2.785625000000000000e+02
2.750859375000000000e+02
2.727265625000000000e+02
3.100000000000000000e+02
2.880781250000000000e+02
2.589453125000000000e+02
2.947500000000000000e+02
2.845859375000000000e+02
2.715703125000000000e+02
2.686640625000000000e+02
3.043906250000000000e+02
3.308515625000000000e+02
2.605703125000000000e+02
2.713984375000000000e+02
2.508359375000000000e+02
2.713828125000000000e+02
3.134375000000000000e+02
2.564765625000000000e+02
2.806718750000000000e+02
2.561406250000000000e+02
2.630078125000000000e+02
2.599765625000000000e+02
2.770625000000000000e+02
2.316953125000000000e+02
2.656796875000000000e+02
2.657343750000000000e+02
2.555781250000000000e+02
3.124375000000000000e+02
2.559453125000000000e+02
2.749453125000000000e+02
2.748750000000000000e+02
2.553125000000000000e+02
2.721250000000000000e+02
2.772187500000000000e+02
2.717578125000000000e+02
2.635156250000000000e+02
2.491093750000000000e+02
2.488906250000000000e+02
3.299296875000000000e+02
3.078437500000000000e+02
2.478281250000000000e+02
2.811015625000000000e+02
2.782734375000000000e+02
2.622656250000000000e+02
3.034296875000000000e+02
2.653125000000000000e+02
2.695078125000000000e+02
2.432656250000000000e+02
2.608593750000000000e+02
2.499296875000000000e+02
2.603125000000000000e+02
2.477421875000000000e+02
2.473203125000000000e+02
2.443281250000000000e+02
2.532578125000000000e+02
2.608906250000000000e+02
2.468125000000000000e+02
2.609453125000000000e+02
2.676093750000000000e+02
2.705468750000000000e+02
2.755781250000000000e+02
2.603750000000000000e+02
2.661640625000000000e+02
2.664296875000000000e+02
2.677968750000000000e+02
2.465078125000000000e+02
2.450234375000000000e+02
2.766406250000000000e+02
2.444453125000000000e+02
2.619296875000000000e+02
2.689843750000000000e+02
3.479218750000000000e+02
2.539375000000000000e+02
2.913828125000000000e+02
2.390078125000000000e+02
6.848437500000000000e+02
2.458281250000000000e+02
2.725234375000000000e+02
2.568281250000000000e+02
2.742890625000000000e+02
2.646328125000000000e+02
2.658515625000000000e+02
2.427265625000000000e+02
2.771875000000000000e+02
2.978671875000000000e+02
2.624296875000000000e+02
3.099609375000000000e+02
2.709687500000000000e+02
2.574843750000000000e+02
2.693750000000000000e+02
2.293984375000000000e+02
2.785859375000000000e+02
2.692656250000000000e+02
2.552187500000000000e+02
2.514218750000000000e+02
2.712109375000000000e+02
2.490000000000000000e+02
2.735546875000000000e+02
2.827265625000000000e+02
2.477500000000000000e+02
3.061640625000000000e+02
3.039453125000000000e+02
2.497500000000000000e+02
2.659375000000000000e+02
2.917109375000000000e+02
2.624375000000000000e+02
2.746718750000000000e+02
6.651171875000000000e+02
2.776250000000000000e+02
2.616093750000000000e+02
2.630234375000000000e+02
2.462968750000000000e+02
2.690625000000000000e+02
2.185546875000000000e+02
2.873359375000000000e+02
2.554687500000000000e+02
2.838125000000000000e+02
2.596875000000000000e+02
2.530078125000000000e+02
3.194375000000000000e+02
2.825234375000000000e+02
2.654140625000000000e+02
2.817968750000000000e+02
2.511328125000000000e+02
2.373046875000000000e+02
2.564765625000000000e+02
2.764296875000000000e+02
2.552656250000000000e+02
2.360625000000000000e+02
2.496562500000000000e+02
2.564375000000000000e+02
2.570781250000000000e+02
2.450468750000000000e+02
2.216796875000000000e+02
2.845000000000000000e+02
2.816328125000000000e+02
2.477421875000000000e+02
2.502500000000000000e+02
2.523437500000000000e+02
2.304296875000000000e+02
2.283359375000000000e+02
2.564140625000000000e+02
2.424843750000000000e+02
3.074531250000000000e+02
2.629453125000000000e+02
3.564843750000000000e+02
5.172656250000000000e+02
2.289375000000000000e+02
2.650937500000000000e+02
2.549531250000000000e+02
2.554062500000000000e+02
2.635625000000000000e+02
2.391875000000000000e+02
2.804296875000000000e+02
3.399531250000000000e+02
2.254453125000000000e+02
2.755390625000000000e+02
2.457031250000000000e+02
2.679843750000000000e+02
2.588046875000000000e+02
2.490781250000000000e+02
2.538046875000000000e+02
2.361484375000000000e+02
2.488203125000000000e+02
2.558671875000000000e+02
2.428359375000000000e+02
2.527187500000000000e+02
2.213593750000000000e+02
2.460312500000000000e+02
2.597812500000000000e+02
2.328671875000000000e+02
2.627421875000000000e+02
2.604687500000000000e+02
2.293359375000000000e+02
2.646875000000000000e+02
2.614453125000000000e+02
2.717343750000000000e+02
2.327421875000000000e+02
2.494375000000000000e+02
2.733671875000000000e+02
2.518671875000000000e+02
2.471718750000000000e+02
2.380859375000000000e+02
3.577031250000000000e+02
2.213984375000000000e+02
2.293671875000000000e+02
2.315859375000000000e+02
2.312031250000000000e+02
2.408125000000000000e+02
2.772187500000000000e+02
2.654765625000000000e+02
2.426718750000000000e+02
2.456484375000000000e+02
2.572812500000000000e+02
2.484531250000000000e+02
2.230937500000000000e+02
2.909609375000000000e+02
2.800781250000000000e+02
2.207578125000000000e+02
2.299218750000000000e+02
3.283281250000000000e+02
4.057890625000000000e+02
2.266953125000000000e+02
2.541796875000000000e+02
2.262265625000000000e+02
2.211250000000000000e+02
2.424453125000000000e+02
2.357031250000000000e+02
2.469921875000000000e+02
2.477656250000000000e+02
2.825781250000000000e+02
2.270625000000000000e+02
2.841406250000000000e+02
2.859765625000000000e+02
2.389921875000000000e+02
2.410625000000000000e+02
2.533750000000000000e+02
2.261250000000000000e+02
2.214218750000000000e+02
2.265390625000000000e+02
2.258437500000000000e+02
2.441015625000000000e+02
2.687968750000000000e+02
2.746406250000000000e+02
2.734062500000000000e+02
2.632031250000000000e+02
2.370468750000000000e+02
2.514687500000000000e+02
2.330546875000000000e+02
2.357031250000000000e+02
2.199140625000000000e+02
2.495078125000000000e+02
2.628593750000000000e+02
2.643125000000000000e+02
2.339609375000000000e+02
2.565156250000000000e+02
2.257890625000000000e+02
2.433515625000000000e+02
2.362265625000000000e+02
2.336875000000000000e+02
2.568984375000000000e+02
2.122109375000000000e+02
2.572578125000000000e+02
2.604843750000000000e+02
2.572656250000000000e+02
2.200078125000000000e+02
2.742734375000000000e+02
2.386796875000000000e+02
2.272031250000000000e+02
2.386953125000000000e+02
2.288281250000000000e+02
2.337812500000000000e+02
2.748515625000000000e+02
2.487968750000000000e+02
2.549296875000000000e+02
2.286015625000000000e+02
2.215859375000000000e+02
2.365000000000000000e+02
2.358750000000000000e+02
2.536328125000000000e+02
2.253046875000000000e+02
2.216562500000000000e+02
2.773437500000000000e+02
2.409062500000000000e+02
2.391328125000000000e+02
2.430859375000000000e+02
2.281562500000000000e+02
2.298281250000000000e+02
3.254062500000000000e+02
2.838593750000000000e+02
2.591484375000000000e+02
2.098671875000000000e+02
4.844218750000000000e+02
2.224921875000000000e+02
2.621328125000000000e+02
2.777578125000000000e+02
2.170703125000000000e+02
2.371953125000000000e+02
2.465781250000000000e+02
2.708203125000000000e+02
2.758125000000000000e+02
2.302187500000000000e+02
2.463515625000000000e+02
2.337578125000000000e+02
2.348515625000000000e+02
2.295781250000000000e+02
2.441015625000000000e+02
2.311093750000000000e+02
2.497187500000000000e+02
2.408515625000000000e+02
2.094218750000000000e+02
2.124687500000000000e+02
2.230937500000000000e+02
2.370390625000000000e+02
2.537109375000000000e+02
2.017968750000000000e+02
2.341718750000000000e+02
2.697265625000000000e+02
2.231484375000000000e+02
2.808593750000000000e+02
2.336796875000000000e+02
2.229453125000000000e+02
2.520625000000000000e+02
2.074453125000000000e+02
2.452656250000000000e+02
2.392890625000000000e+02
2.677343750000000000e+02
2.214609375000000000e+02
2.902265625000000000e+02
2.138984375000000000e+02
2.432734375000000000e+02
2.690312500000000000e+02
2.558593750000000000e+02
2.477421875000000000e+02
2.365781250000000000e+02
2.554218750000000000e+02
2.371250000000000000e+02
2.399921875000000000e+02
2.058906250000000000e+02
2.230156250000000000e+02
2.417500000000000000e+02
2.665000000000000000e+02
2.436015625000000000e+02
2.103515625000000000e+02
2.172734375000000000e+02
2.113593750000000000e+02
2.234765625000000000e+02
2.339453125000000000e+02
2.289140625000000000e+02
2.591562500000000000e+02
2.672187500000000000e+02
2.192812500000000000e+02
2.248125000000000000e+02
2.503203125000000000e+02
2.142812500000000000e+02
2.591250000000000000e+02
2.563359375000000000e+02
2.167656250000000000e+02
2.363125000000000000e+02
2.420625000000000000e+02
2.418750000000000000e+02
2.907812500000000000e+02
2.395156250000000000e+02
2.697578125000000000e+02
2.351640625000000000e+02
2.190078125000000000e+02
2.248125000000000000e+02
2.380625000000000000e+02
2.253203125000000000e+02
9.106171875000000000e+02
2.097968750000000000e+02
2.506171875000000000e+02
2.318203125000000000e+02
2.120234375000000000e+02
2.302500000000000000e+02
2.384218750000000000e+02
2.289687500000000000e+02
2.485312500000000000e+02
2.464375000000000000e+02
2.294765625000000000e+02
2.726406250000000000e+02
2.452031250000000000e+02
2.453671875000000000e+02
2.258906250000000000e+02
2.708203125000000000e+02
2.238046875000000000e+02
2.194609375000000000e+02
2.198437500000000000e+02
2.220234375000000000e+02
2.052265625000000000e+02
2.193750000000000000e+02
2.771015625000000000e+02
2.407031250000000000e+02
2.203515625000000000e+02
2.146718750000000000e+02
2.155078125000000000e+02
2.220937500000000000e+02
2.261250000000000000e+02
2.147343750000000000e+02
2.064296875000000000e+02
2.717734375000000000e+02
2.144687500000000000e+02
2.730390625000000000e+02
2.466796875000000000e+02
2.026796875000000000e+02
2.206328125000000000e+02
2.235078125000000000e+02
2.266171875000000000e+02
2.427187500000000000e+02
2.116406250000000000e+02
2.230234375000000000e+02
2.164296875000000000e+02
2.145312500000000000e+02
2.285625000000000000e+02
2.080156250000000000e+02
2.512578125000000000e+02
2.762656250000000000e+02
2.065781250000000000e+02
2.397187500000000000e+02
2.231093750000000000e+02
2.265000000000000000e+02
2.343515625000000000e+02
2.157656250000000000e+02
2.285859375000000000e+02
2.006328125000000000e+02
2.339140625000000000e+02
2.362187500000000000e+02
2.444843750000000000e+02
2.537109375000000000e+02
2.245000000000000000e+02
2.179375000000000000e+02
2.180312500000000000e+02
2.427812500000000000e+02
2.052031250000000000e+02
2.391562500000000000e+02
2.096796875000000000e+02
2.395468750000000000e+02
2.603046875000000000e+02
2.540468750000000000e+02
2.071796875000000000e+02
2.937500000000000000e+02
2.366796875000000000e+02
2.372265625000000000e+02
2.039062500000000000e+02
2.355625000000000000e+02
2.227890625000000000e+02
2.032031250000000000e+02
2.301562500000000000e+02
2.172656250000000000e+02
2.337421875000000000e+02
2.124921875000000000e+02
2.070781250000000000e+02
2.096093750000000000e+02
2.527968750000000000e+02
2.086718750000000000e+02
2.311484375000000000e+02
2.432734375000000000e+02
2.373046875000000000e+02
2.285156250000000000e+02
2.185156250000000000e+02
2.120937500000000000e+02
2.231640625000000000e+02
2.363750000000000000e+02
4.698671875000000000e+02
2.341875000000000000e+02
2.288359375000000000e+02
2.326328125000000000e+02
2.417421875000000000e+02
2.612578125000000000e+02
2.514843750000000000e+02
2.480468750000000000e+02
2.044140625000000000e+02
2.200390625000000000e+02
2.322968750000000000e+02
2.362734375000000000e+02
2.242343750000000000e+02
2.261250000000000000e+02
2.257109375000000000e+02
2.233906250000000000e+02
2.033203125000000000e+02
2.590859375000000000e+02
2.325390625000000000e+02
2.420234375000000000e+02
2.067031250000000000e+02
2.498750000000000000e+02
2.312968750000000000e+02
2.423671875000000000e+02
2.152109375000000000e+02
2.070078125000000000e+02
1.985546875000000000e+02
2.211406250000000000e+02
2.064531250000000000e+02
2.070546875000000000e+02
2.095312500000000000e+02
1.959062500000000000e+02
2.118750000000000000e+02
2.302343750000000000e+02
4.993437500000000000e+02
2.062500000000000000e+02
2.312812500000000000e+02
2.332187500000000000e+02
2.420703125000000000e+02
2.225000000000000000e+02
2.159843750000000000e+02
1.861328125000000000e+02
2.367734375000000000e+02
2.319453125000000000e+02
2.179843750000000000e+02
2.415000000000000000e+02
2.453203125000000000e+02
2.307265625000000000e+02
1.957343750000000000e+02
2.567187500000000000e+02
2.112031250000000000e+02
2.158437500000000000e+02
2.159062500000000000e+02
2.163281250000000000e+02
3.002109375000000000e+02
2.230937500000000000e+02
2.471015625000000000e+02
2.651718750000000000e+02
2.369531250000000000e+02
1.936484375000000000e+02
2.149140625000000000e+02
2.088593750000000000e+02
2.120390625000000000e+02
3.193515625000000000e+02
2.070000000000000000e+02
2.039375000000000000e+02
2.132578125000000000e+02
2.324453125000000000e+02
2.002968750000000000e+02
2.019609375000000000e+02
2.038203125000000000e+02
1.946718750000000000e+02
2.062968750000000000e+02
2.095546875000000000e+02
1.960234375000000000e+02
2.548359375000000000e+02
2.727031250000000000e+02
2.251484375000000000e+02
2.195703125000000000e+02
2.776875000000000000e+02
2.074296875000000000e+02
1.926250000000000000e+02
2.060390625000000000e+02
2.175703125000000000e+02
2.274687500000000000e+02
2.024609375000000000e+02
2.488984375000000000e+02
2.128203125000000000e+02
2.159453125000000000e+02
2.291015625000000000e+02
2.074140625000000000e+02
2.305625000000000000e+02
2.158281250000000000e+02
2.170312500000000000e+02
1.968984375000000000e+02
2.512187500000000000e+02
2.021640625000000000e+02
2.518671875000000000e+02
1.939296875000000000e+02
2.519531250000000000e+02
2.225703125000000000e+02
2.330390625000000000e+02
1.984375000000000000e+02
2.131250000000000000e+02
1.957578125000000000e+02
2.325781250000000000e+02
2.112500000000000000e+02
2.587187500000000000e+02
1.972421875000000000e+02
2.245078125000000000e+02
2.127343750000000000e+02
2.378750000000000000e+02
2.131093750000000000e+02
1.993906250000000000e+02
1.904140625000000000e+02
2.516640625000000000e+02
2.068515625000000000e+02
2.390546875000000000e+02
1.922656250000000000e+02
2.203046875000000000e+02
2.210468750000000000e+02
2.079296875000000000e+02
2.266953125000000000e+02
2.143046875000000000e+02
2.140468750000000000e+02
2.057343750000000000e+02
2.036562500000000000e+02
2.276328125000000000e+02
2.340546875000000000e+02
1.878671875000000000e+02
2.259687500000000000e+02
2.081796875000000000e+02
2.230312500000000000e+02
2.375703125000000000e+02
2.084921875000000000e+02
2.466796875000000000e+02
2.223828125000000000e+02
1.955937500000000000e+02
2.241406250000000000e+02
2.370468750000000000e+02
2.540234375000000000e+02
2.004453125000000000e+02
2.277656250000000000e+02
2.688593750000000000e+02
2.298046875000000000e+02
2.520546875000000000e+02
2.081250000000000000e+02
1.962109375000000000e+02
2.252421875000000000e+02
2.123515625000000000e+02
2.057578125000000000e+02
1.962031250000000000e+02
2.095625000000000000e+02
2.006484375000000000e+02
2.308515625000000000e+02
2.123906250000000000e+02
2.005234375000000000e+02
2.109218750000000000e+02
2.158046875000000000e+02
2.070937500000000000e+02
2.767109375000000000e+02
2.146015625000000000e+02
2.102734375000000000e+02
2.142656250000000000e+02
2.156796875000000000e+02
2.185234375000000000e+02
2.066484375000000000e+02
2.035234375000000000e+02
2.337343750000000000e+02
2.310781250000000000e+02
2.089921875000000000e+02
1.976328125000000000e+02
2.087578125000000000e+02
2.437890625000000000e+02
2.140937500000000000e+02
2.021875000000000000e+02
2.103437500000000000e+02
2.016718750000000000e+02
2.080781250000000000e+02
2.145078125000000000e+02
3.382500000000000000e+02
2.170390625000000000e+02
1.900078125000000000e+02
2.007109375000000000e+02
2.004687500000000000e+02
2.000859375000000000e+02
1.993203125000000000e+02
2.064218750000000000e+02
2.291250000000000000e+02
2.163515625000000000e+02
2.028046875000000000e+02
2.250312500000000000e+02
1.911328125000000000e+02
1.988906250000000000e+02
2.428281250000000000e+02
2.319921875000000000e+02
2.340078125000000000e+02
1.998203125000000000e+02
2.030703125000000000e+02
1.872500000000000000e+02
1.966406250000000000e+02
2.028906250000000000e+02
2.126484375000000000e+02
2.298593750000000000e+02
2.093906250000000000e+02
2.001484375000000000e+02
1.964765625000000000e+02
2.063906250000000000e+02
2.282656250000000000e+02
2.005703125000000000e+02
2.272734375000000000e+02
1.936562500000000000e+02
2.969687500000000000e+02
1.977265625000000000e+02
2.060625000000000000e+02
2.216484375000000000e+02
2.320312500000000000e+02
2.543515625000000000e+02
1.924218750000000000e+02
4.429843750000000000e+02
2.330937500000000000e+02
2.825781250000000000e+02
1.995937500000000000e+02
2.033281250000000000e+02
1.863906250000000000e+02
1.791406250000000000e+02
3.589140625000000000e+02
1.859531250000000000e+02
2.032890625000000000e+02
1.762890625000000000e+02
2.138671875000000000e+02
2.348828125000000000e+02
2.096718750000000000e+02
1.862031250000000000e+02
1.936328125000000000e+02
2.231328125000000000e+02
2.255468750000000000e+02
2.405625000000000000e+02
1.997578125000000000e+02
2.054921875000000000e+02
2.029687500000000000e+02
2.220859375000000000e+02
1.943437500000000000e+02
2.850937500000000000e+02
2.159843750000000000e+02
2.241406250000000000e+02
2.034687500000000000e+02
2.111796875000000000e+02
2.395468750000000000e+02
1.948203125000000000e+02
2.248125000000000000e+02
2.199687500000000000e+02
2.185703125000000000e+02
1.967109375000000000e+02
1.965781250000000000e+02
2.080625000000000000e+02
1.929921875000000000e+02
2.012968750000000000e+02
2.139375000000000000e+02
2.032968750000000000e+02
2.253359375000000000e+02
2.161328125000000000e+02
2.309140625000000000e+02
2.172578125000000000e+02
2.238671875000000000e+02
1.898906250000000000e+02
2.278046875000000000e+02
1.977968750000000000e+02
1.987890625000000000e+02
2.499531250000000000e+02
2.215859375000000000e+02
2.025546875000000000e+02
2.713515625000000000e+02
2.029140625000000000e+02
2.341796875000000000e+02
1.887109375000000000e+02
1.948984375000000000e+02
1.960703125000000000e+02
2.263984375000000000e+02
2.053593750000000000e+02
1.858203125000000000e+02
2.134765625000000000e+02
2.470078125000000000e+02
2.217031250000000000e+02
1.885390625000000000e+02
2.070781250000000000e+02
1.963750000000000000e+02
2.075156250000000000e+02
2.007421875000000000e+02
1.744765625000000000e+02
2.001484375000000000e+02
1.890546875000000000e+02
2.008984375000000000e+02
2.430078125000000000e+02
2.083515625000000000e+02
1.903984375000000000e+02
1.997734375000000000e+02
2.281484375000000000e+02
1.930078125000000000e+02
2.208515625000000000e+02
2.141562500000000000e+02
1.826406250000000000e+02
2.372421875000000000e+02
1.823046875000000000e+02
8.739218750000000000e+02
2.014609375000000000e+02
2.514921875000000000e+02
2.236640625000000000e+02
1.845000000000000000e+02
2.485468750000000000e+02
2.199453125000000000e+02
2.190234375000000000e+02
1.973828125000000000e+02
1.820312500000000000e+02
2.012109375000000000e+02
2.059453125000000000e+02
3.242968750000000000e+02
2.024921875000000000e+02
2.518828125000000000e+02
1.961250000000000000e+02
1.892656250000000000e+02
2.057734375000000000e+02
2.247734375000000000e+02
1.784531250000000000e+02
2.173437500000000000e+02
2.381406250000000000e+02
1.865390625000000000e+02
2.086718750000000000e+02
2.061171875000000000e+02
1.856796875000000000e+02
1.833125000000000000e+02
1.952656250000000000e+02
1.933906250000000000e+02
1.741250000000000000e+02
2.206015625000000000e+02
2.034843750000000000e+02
2.333359375000000000e+02
1.956406250000000000e+02
2.261328125000000000e+02
2.338359375000000000e+02
2.122265625000000000e+02
1.874453125000000000e+02
2.159218750000000000e+02
2.147187500000000000e+02
2.529921875000000000e+02
1.903359375000000000e+02
2.033281250000000000e+02
1.943437500000000000e+02
2.088125000000000000e+02
2.085234375000000000e+02
2.556562500000000000e+02
1.867421875000000000e+02
2.370781250000000000e+02
1.958437500000000000e+02
1.919531250000000000e+02
2.271875000000000000e+02
2.091640625000000000e+02
2.486250000000000000e+02
1.989921875000000000e+02
1.925312500000000000e+02
2.007187500000000000e+02
1.943046875000000000e+02
2.037031250000000000e+02
1.961484375000000000e+02
1.940859375000000000e+02
2.150625000000000000e+02
1.985156250000000000e+02
2.298593750000000000e+02
2.026562500000000000e+02
1.881796875000000000e+02
2.334843750000000000e+02
1.814140625000000000e+02
2.223125000000000000e+02
1.770312500000000000e+02
2.173515625000000000e+02
2.225000000000000000e+02
1.903437500000000000e+02
1.902343750000000000e+02
2.130859375000000000e+02
2.527812500000000000e+02
2.123203125000000000e+02
1.878281250000000000e+02
1.809609375000000000e+02
2.032656250000000000e+02
2.369453125000000000e+02
2.028828125000000000e+02
2.127656250000000000e+02
2.390312500000000000e+02
2.110000000000000000e+02
1.856093750000000000e+02
2.297265625000000000e+02
1.802890625000000000e+02
2.062187500000000000e+02
2.189921875000000000e+02
2.164062500000000000e+02
2.222578125000000000e+02
2.126171875000000000e+02
1.995937500000000000e+02
1.995703125000000000e+02
1.718593750000000000e+02
1.835781250000000000e+02
2.189218750000000000e+02
2.290312500000000000e+02
1.924296875000000000e+02
1.828750000000000000e+02
2.044140625000000000e+02
2.023125000000000000e+02
2.068281250000000000e+02
2.071250000000000000e+02
2.206250000000000000e+02
1.926718750000000000e+02
1.964921875000000000e+02
2.131406250000000000e+02
2.172890625000000000e+02
2.056640625000000000e+02
1.992812500000000000e+02
1.873593750000000000e+02
1.781093750000000000e+02
2.181562500000000000e+02
2.105468750000000000e+02
1.995859375000000000e+02
2.108984375000000000e+02
2.257500000000000000e+02
1.847031250000000000e+02
7.637890625000000000e+02
1.956093750000000000e+02
1.758359375000000000e+02
2.281328125000000000e+02
2.919843750000000000e+02
2.437500000000000000e+02
2.140937500000000000e+02
2.359609375000000000e+02
2.128984375000000000e+02
2.129921875000000000e+02
2.134062500000000000e+02
1.997812500000000000e+02
2.106015625000000000e+02
2.268281250000000000e+02
2.156953125000000000e+02
1.973437500000000000e+02
2.074843750000000000e+02
1.922265625000000000e+02
1.996875000000000000e+02
1.955937500000000000e+02
2.051093750000000000e+02
1.984296875000000000e+02
2.001562500000000000e+02
1.949843750000000000e+02
2.276875000000000000e+02
2.254062500000000000e+02
2.012656250000000000e+02
2.048906250000000000e+02
2.305156250000000000e+02
2.168671875000000000e+02
2.355781250000000000e+02
1.894765625000000000e+02
1.918515625000000000e+02
2.150703125000000000e+02
1.999531250000000000e+02
1.964140625000000000e+02
3.706718750000000000e+02
2.269921875000000000e+02
2.246875000000000000e+02
2.350703125000000000e+02
1.913906250000000000e+02
1.951796875000000000e+02
2.168281250000000000e+02
2.173515625000000000e+02
1.862109375000000000e+02
2.093437500000000000e+02
2.015546875000000000e+02
1.949609375000000000e+02
2.380312500000000000e+02
1.938906250000000000e+02
2.339296875000000000e+02
2.002109375000000000e+02
1.939296875000000000e+02
1.959296875000000000e+02
1.972890625000000000e+02
2.038515625000000000e+02
2.200781250000000000e+02
2.336875000000000000e+02
1.761484375000000000e+02
2.172343750000000000e+02
2.188906250000000000e+02
1.911953125000000000e+02
2.007734375000000000e+02
2.260312500000000000e+02
2.318984375000000000e+02
1.800078125000000000e+02
2.435703125000000000e+02
2.269843750000000000e+02
1.956796875000000000e+02
1.795312500000000000e+02
1.825937500000000000e+02
1.899687500000000000e+02
1.892187500000000000e+02
2.283593750000000000e+02
1.936640625000000000e+02
1.956796875000000000e+02
1.924453125000000000e+02
1.973281250000000000e+02
1.942187500000000000e+02
1.731406250000000000e+02
2.130000000000000000e+02
1.997109375000000000e+02
2.118281250000000000e+02
1.967812500000000000e+02
1.872343750000000000e+02
1.871484375000000000e+02
1.919218750000000000e+02
1.760390625000000000e+02
2.070781250000000000e+02
2.017890625000000000e+02
1.855859375000000000e+02
2.035312500000000000e+02
1.766093750000000000e+02
1.921171875000000000e+02
2.375468750000000000e+02
1.923671875000000000e+02
2.130078125000000000e+02
2.239843750000000000e+02
1.824453125000000000e+02
1.947500000000000000e+02
1.838828125000000000e+02
1.844453125000000000e+02
2.056718750000000000e+02
1.767812500000000000e+02
2.052578125000000000e+02
2.248281250000000000e+02
2.071718750000000000e+02
1.955703125000000000e+02
1.907890625000000000e+02
2.096484375000000000e+02
1.887812500000000000e+02
2.011640625000000000e+02
2.049765625000000000e+02
1.881796875000000000e+02
2.301015625000000000e+02
1.997343750000000000e+02
2.009843750000000000e+02
1.966796875000000000e+02
2.222265625000000000e+02
1.803046875000000000e+02
2.239609375000000000e+02
1.957656250000000000e+02
2.120937500000000000e+02
2.194765625000000000e+02
2.231484375000000000e+02
2.028437500000000000e+02
2.045781250000000000e+02
2.134921875000000000e+02
2.444453125000000000e+02
2.260546875000000000e+02
1.903437500000000000e+02
1.744375000000000000e+02
1.814296875000000000e+02
5.363906250000000000e+02
1.940156250000000000e+02
1.902812500000000000e+02
2.057890625000000000e+02
2.260546875000000000e+02
1.938906250000000000e+02
2.196250000000000000e+02
2.034218750000000000e+02
1.988750000000000000e+02
1.974453125000000000e+02
3.635312500000000000e+02
2.003828125000000000e+02
1.670859375000000000e+02
1.899921875000000000e+02
1.932500000000000000e+02
2.203515625000000000e+02
1.750234375000000000e+02
2.165390625000000000e+02
1.994453125000000000e+02
1.816093750000000000e+02
1.812109375000000000e+02
2.024062500000000000e+02
1.982031250000000000e+02
1.954531250000000000e+02
1.918203125000000000e+02
2.271406250000000000e+02
2.066875000000000000e+02
2.857968750000000000e+02
2.097109375000000000e+02
2.012968750000000000e+02
1.874453125000000000e+02
1.952890625000000000e+02
1.884453125000000000e+02
1.881562500000000000e+02
1.881796875000000000e+02
3.264531250000000000e+02
1.910859375000000000e+02
1.950234375000000000e+02
1.890078125000000000e+02
2.002656250000000000e+02
2.080234375000000000e+02
2.212187500000000000e+02
2.099531250000000000e+02
1.974218750000000000e+02
2.202343750000000000e+02
2.126015625000000000e+02
1.794609375000000000e+02
1.762187500000000000e+02
4.821406250000000000e+02
1.911171875000000000e+02
1.891406250000000000e+02
1.896484375000000000e+02
1.957968750000000000e+02
1.806640625000000000e+02
2.074843750000000000e+02
1.884921875000000000e+02
2.128750000000000000e+02
2.042812500000000000e+02
1.939062500000000000e+02
1.813515625000000000e+02
1.924453125000000000e+02
1.814375000000000000e+02
2.264375000000000000e+02
1.781015625000000000e+02
1.724062500000000000e+02
1.742890625000000000e+02
1.667500000000000000e+02
1.907734375000000000e+02
2.209531250000000000e+02
1.928437500000000000e+02
2.077265625000000000e+02
1.968125000000000000e+02
1.941015625000000000e+02
2.151328125000000000e+02
1.855937500000000000e+02
2.097265625000000000e+02
1.924453125000000000e+02
2.044140625000000000e+02
1.908906250000000000e+02
2.237812500000000000e+02
2.065312500000000000e+02
2.009921875000000000e+02
2.276093750000000000e+02
1.902656250000000000e+02
2.040000000000000000e+02
1.880703125000000000e+02
1.898437500000000000e+02
1.791093750000000000e+02
1.800937500000000000e+02
2.216406250000000000e+02
1.983828125000000000e+02
1.838828125000000000e+02
1.763281250000000000e+02
1.972500000000000000e+02
1.975859375000000000e+02
1.994765625000000000e+02
2.071171875000000000e+02
2.498750000000000000e+02
2.142656250000000000e+02
1.798437500000000000e+02
1.903125000000000000e+02
1.683203125000000000e+02
2.048281250000000000e+02
1.875312500000000000e+02
2.069687500000000000e+02
1.989062500000000000e+02
2.072968750000000000e+02
2.188593750000000000e+02
2.014140625000000000e+02
2.008984375000000000e+02
2.013593750000000000e+02
2.207734375000000000e+02
1.787578125000000000e+02
2.078125000000000000e+02
2.117421875000000000e+02
2.108593750000000000e+02
1.801562500000000000e+02
1.875625000000000000e+02
2.138046875000000000e+02
1.909687500000000000e+02
1.928359375000000000e+02
1.902890625000000000e+02
2.038281250000000000e+02
1.841484375000000000e+02
1.555312500000000000e+02
1.905468750000000000e+02
1.787265625000000000e+02
1.712812500000000000e+02
1.852656250000000000e+02
2.094609375000000000e+02
1.904921875000000000e+02
2.383281250000000000e+02
1.842265625000000000e+02
1.974218750000000000e+02
3.100390625000000000e+02
1.993515625000000000e+02
1.862734375000000000e+02
1.959531250000000000e+02
1.935390625000000000e+02
1.877421875000000000e+02
1.878984375000000000e+02
2.083359375000000000e+02
2.012109375000000000e+02
1.964062500000000000e+02
2.029375000000000000e+02
1.950625000000000000e+02
1.931015625000000000e+02
1.829296875000000000e+02
1.978359375000000000e+02
1.989765625000000000e+02
1.940312500000000000e+02
1.979531250000000000e+02
1.701406250000000000e+02
1.631562500000000000e+02
1.703203125000000000e+02
1.807109375000000000e+02
1.931171875000000000e+02
1.961328125000000000e+02
1.910781250000000000e+02
1.994296875000000000e+02
1.961015625000000000e+02
1.823046875000000000e+02
1.960937500000000000e+02
1.960390625000000000e+02
1.986953125000000000e+02
1.959296875000000000e+02
1.897265625000000000e+02
2.011484375000000000e+02
1.987890625000000000e+02
1.999062500000000000e+02
3.191796875000000000e+02
1.996250000000000000e+02
2.070781250000000000e+02
1.761796875000000000e+02
1.839843750000000000e+02
5.096640625000000000e+02
1.968828125000000000e+02
1.828750000000000000e+02
1.952265625000000000e+02
1.986171875000000000e+02
2.140312500000000000e+02
2.467656250000000000e+02
1.889218750000000000e+02
1.974531250000000000e+02
1.814218750000000000e+02
1.803593750000000000e+02
8.777578125000000000e+02
2.069609375000000000e+02
1.997890625000000000e+02
1.737187500000000000e+02
1.944609375000000000e+02
1.820156250000000000e+02
1.824921875000000000e+02
2.050546875000000000e+02
2.125781250000000000e+02
2.412656250000000000e+02
1.919687500000000000e+02
1.849843750000000000e+02
1.898437500000000000e+02
2.192968750000000000e+02
1.979062500000000000e+02
1.909375000000000000e+02
1.619296875000000000e+02
2.002109375000000000e+02
2.531875000000000000e+02
1.616171875000000000e+02
2.219921875000000000e+02
2.054687500000000000e+02
2.026015625000000000e+02
1.680625000000000000e+02
2.114921875000000000e+02
1.716328125000000000e+02
1.818359375000000000e+02
1.958281250000000000e+02
1.885390625000000000e+02
1.881953125000000000e+02
2.060312500000000000e+02
1.927343750000000000e+02
1.741406250000000000e+02
1.961640625000000000e+02
1.596093750000000000e+02
1.637812500000000000e+02
1.968671875000000000e+02
2.433281250000000000e+02
1.819375000000000000e+02
1.761093750000000000e+02
2.329843750000000000e+02
1.818750000000000000e+02
1.768281250000000000e+02
1.882265625000000000e+02
1.845234375000000000e+02
2.091718750000000000e+02
1.823437500000000000e+02
1.731406250000000000e+02
2.214921875000000000e+02
1.705078125000000000e+02
1.937968750000000000e+02
2.320468750000000000e+02
1.877031250000000000e+02
1.876953125000000000e+02
1.994687500000000000e+02
1.985781250000000000e+02
1.932578125000000000e+02
1.781250000000000000e+02
2.125781250000000000e+02
2.071093750000000000e+02
1.852968750000000000e+02
1.965312500000000000e+02
2.041953125000000000e+02
1.861875000000000000e+02
1.890390625000000000e+02
1.839609375000000000e+02
1.914375000000000000e+02
2.321328125000000000e+02
1.803671875000000000e+02
1.770468750000000000e+02
1.945000000000000000e+02
1.720781250000000000e+02
1.777734375000000000e+02
1.760312500000000000e+02
1.805859375000000000e+02
1.762734375000000000e+02
1.913281250000000000e+02
1.915078125000000000e+02
1.761015625000000000e+02
1.893125000000000000e+02
1.828671875000000000e+02
2.106093750000000000e+02
1.731015625000000000e+02
2.445703125000000000e+02
2.426093750000000000e+02
1.816562500000000000e+02
1.716406250000000000e+02
1.742500000000000000e+02
1.823437500000000000e+02
1.839921875000000000e+02
1.829687500000000000e+02
2.099062500000000000e+02
1.807500000000000000e+02
1.710078125000000000e+02
1.856250000000000000e+02
1.900078125000000000e+02
2.161328125000000000e+02
1.984453125000000000e+02
1.916250000000000000e+02
1.939218750000000000e+02
1.646640625000000000e+02
1.612343750000000000e+02
1.872031250000000000e+02
1.875312500000000000e+02
1.685546875000000000e+02
1.951640625000000000e+02
2.013593750000000000e+02
1.666796875000000000e+02
1.957031250000000000e+02
2.128671875000000000e+02
1.754609375000000000e+02
1.959609375000000000e+02
1.683437500000000000e+02
2.070390625000000000e+02
1.917656250000000000e+02
1.945546875000000000e+02
1.911406250000000000e+02
1.978125000000000000e+02
1.803125000000000000e+02
1.662109375000000000e+02
1.783281250000000000e+02
1.996875000000000000e+02
1.631953125000000000e+02
1.863203125000000000e+02
1.845234375000000000e+02
2.810000000000000000e+02
1.834921875000000000e+02
1.721796875000000000e+02
1.820312500000000000e+02
1.903593750000000000e+02
1.777109375000000000e+02
1.717421875000000000e+02
1.803125000000000000e+02
2.029843750000000000e+02
4.197031250000000000e+02
5.345937500000000000e+02
1.673593750000000000e+02
2.058593750000000000e+02
2.121406250000000000e+02
6.702734375000000000e+02
2.377812500000000000e+02
1.838750000000000000e+02
1.507968750000000000e+02
1.771171875000000000e+02
2.082656250000000000e+02
1.704140625000000000e+02
1.826406250000000000e+02
1.715312500000000000e+02
1.906953125000000000e+02
2.829843750000000000e+02
1.540703125000000000e+02
1.993828125000000000e+02
1.744375000000000000e+02
2.241796875000000000e+02
1.652656250000000000e+02
1.800625000000000000e+02
2.061562500000000000e+02
1.763671875000000000e+02
2.032812500000000000e+02
2.226562500000000000e+02
2.387031250000000000e+02
2.419218750000000000e+02
3.115703125000000000e+02
1.640312500000000000e+02
1.787968750000000000e+02
1.737109375000000000e+02
1.812031250000000000e+02
1.837500000000000000e+02
1.562343750000000000e+02
1.849140625000000000e+02
1.972343750000000000e+02
2.447968750000000000e+02
2.878281250000000000e+02
1.838828125000000000e+02
1.868593750000000000e+02
1.767656250000000000e+02
2.208671875000000000e+02
1.933593750000000000e+02
2.443593750000000000e+02
1.744687500000000000e+02
1.876328125000000000e+02
1.716640625000000000e+02
1.801562500000000000e+02
5.666406250000000000e+02
1.875625000000000000e+02
1.971328125000000000e+02
1.731250000000000000e+02
1.937187500000000000e+02
1.514921875000000000e+02
1.612656250000000000e+02
1.869531250000000000e+02
1.811015625000000000e+02
1.509453125000000000e+02
1.647421875000000000e+02
1.696562500000000000e+02
1.960937500000000000e+02
1.769765625000000000e+02
1.660000000000000000e+02
1.939140625000000000e+02
1.942109375000000000e+02
2.223125000000000000e+02
1.737968750000000000e+02
1.777343750000000000e+02
1.826875000000000000e+02
1.765937500000000000e+02
1.767343750000000000e+02
1.773359375000000000e+02
1.970312500000000000e+02
1.775312500000000000e+02
1.784765625000000000e+02
1.957265625000000000e+02
1.686093750000000000e+02
1.774453125000000000e+02
1.761796875000000000e+02
1.679531250000000000e+02
1.949062500000000000e+02
1.622187500000000000e+02
1.588515625000000000e+02
1.685156250000000000e+02
1.821328125000000000e+02
2.035234375000000000e+02
1.841093750000000000e+02
1.854296875000000000e+02
1.720000000000000000e+02
1.888125000000000000e+02
1.765781250000000000e+02
1.932343750000000000e+02
1.956875000000000000e+02
4.965156250000000000e+02
1.952187500000000000e+02
1.978593750000000000e+02
1.645000000000000000e+02
1.530156250000000000e+02
1.951171875000000000e+02
1.898437500000000000e+02
1.955000000000000000e+02
1.745703125000000000e+02
1.836562500000000000e+02
1.639453125000000000e+02
1.742500000000000000e+02
1.810234375000000000e+02
2.014218750000000000e+02
2.079218750000000000e+02
1.721640625000000000e+02
1.733125000000000000e+02
1.799453125000000000e+02
1.918359375000000000e+02
2.124062500000000000e+02
1.832734375000000000e+02
3.439609375000000000e+02
1.714375000000000000e+02
2.150546875000000000e+02
1.932265625000000000e+02
1.977421875000000000e+02
1.583515625000000000e+02
1.930546875000000000e+02
1.873750000000000000e+02
2.024140625000000000e+02
1.849062500000000000e+02
1.649531250000000000e+02
2.304765625000000000e+02
2.401562500000000000e+02
1.893906250000000000e+02
1.821484375000000000e+02
1.880546875000000000e+02
1.812265625000000000e+02
1.702421875000000000e+02
2.127265625000000000e+02
1.949921875000000000e+02
1.676640625000000000e+02
1.879296875000000000e+02
1.760234375000000000e+02
2.179062500000000000e+02
1.853593750000000000e+02
1.682031250000000000e+02
1.621484375000000000e+02
1.803046875000000000e+02
2.084062500000000000e+02
2.009062500000000000e+02
1.912578125000000000e+02
1.753046875000000000e+02
1.645234375000000000e+02
1.730781250000000000e+02
1.769531250000000000e+02
1.687343750000000000e+02
1.851406250000000000e+02
1.860781250000000000e+02
2.499609375000000000e+02
1.896718750000000000e+02
1.702187500000000000e+02
1.620625000000000000e+02
1.813984375000000000e+02
2.241015625000000000e+02
1.741250000000000000e+02
2.153671875000000000e+02
1.947265625000000000e+02
1.661484375000000000e+02
2.110234375000000000e+02
2.415625000000000000e+02
1.907812500000000000e+02
1.766796875000000000e+02
1.629140625000000000e+02
1.988984375000000000e+02
2.240625000000000000e+02
1.855546875000000000e+02
1.640312500000000000e+02
1.995859375000000000e+02
1.744687500000000000e+02
1.882109375000000000e+02
1.704843750000000000e+02
1.722734375000000000e+02
1.889140625000000000e+02
1.937968750000000000e+02
1.778906250000000000e+02
1.802187500000000000e+02
1.690859375000000000e+02
1.992890625000000000e+02
1.791953125000000000e+02
1.775859375000000000e+02
1.699687500000000000e+02
1.873125000000000000e+02
1.800312500000000000e+02
2.249921875000000000e+02
1.521796875000000000e+02
1.760625000000000000e+02
1.735703125000000000e+02
1.865625000000000000e+02
2.036562500000000000e+02
1.889921875000000000e+02
1.863359375000000000e+02
1.850468750000000000e+02
1.820625000000000000e+02
2.165625000000000000e+02
1.869453125000000000e+02
1.821484375000000000e+02
1.964687500000000000e+02
1.993203125000000000e+02
1.784687500000000000e+02
1.637421875000000000e+02
1.921484375000000000e+02
1.694843750000000000e+02
2.033906250000000000e+02
1.853437500000000000e+02
1.834453125000000000e+02
1.973984375000000000e+02
1.695078125000000000e+02
1.549843750000000000e+02
1.675937500000000000e+02
2.329140625000000000e+02
