0.000000000000000000e+00
0.000000000000000000e+00
0.000000000000000000e+00
0.000000000000000000e+00
0.000000000000000000e+00
0.000000000000000000e+00
0.000000000000000000e+00
0.000000000000000000e+00
0.000000000000000000e+00
0.000000000000000000e+00
0.000000000000000000e+00
0.000000000000000000e+00
0.000000000000000000e+00
0.000000000000000000e+00
0.000000000000000000e+00
0.000000000000000000e+00
0.000000000000000000e+00
0.000000000000000000e+00
0.000000000000000000e+00
0.000000000000000000e+00
0.000000000000000000e+00
0.000000000000000000e+00
0.000000000000000000e+00
0.000000000000000000e+00
0.000000000000000000e+00
3.004807692307692474e-04
2.893518518518518358e-04
2.790178571428571274e-04
2.693965517241379273e-04
2.604166666666666631e-04
2.520161290322580575e-04
2.441406250000000000e-04
2.367424242424242490e-04
2.297794117647058792e-04
2.232142857142857073e-04
4.340277777777777537e-04
4.222972972972973207e-04
6.167763157894736500e-04
8.012820512820512543e-04
9.765625000000000000e-04
1.143292682926829200e-03
1.488095238095238013e-03
1.816860465116279045e-03
2.130681818181818024e-03
2.430555555555555594e-03
3.057065217391304480e-03
4.321808510638298038e-03
5.371093750000000000e-03
6.377551020408163407e-03
6.718749999999999896e-03
8.425245098039215244e-03
8.263221153846153980e-03
9.139150943396226121e-03
1.041666666666666609e-02
1.150568181818181768e-02
1.395089285714285789e-02
1.548793859649122764e-02
1.575969827586206837e-02
1.655190677966101795e-02
1.679687499999999931e-02
1.908299180327868716e-02
2.242943548387096864e-02
2.517361111111111188e-02
2.685546875000000000e-02
3.004807692307692388e-02
3.148674242424242403e-02
3.369869402985074813e-02
3.538602941176470507e-02
3.713768115942028825e-02
3.828125000000000278e-02
4.005281690140845285e-02
4.166666666666666435e-02
4.430650684931506517e-02
4.645270270270270008e-02
4.854166666666666352e-02
5.119243421052631360e-02
5.275974025974025650e-02
5.498798076923076816e-02
5.547863924050632639e-02
5.683593750000000278e-02
5.835262345679012586e-02
6.126143292682927066e-02
6.278237951807229267e-02
6.519717261904761640e-02
6.709558823529411520e-02
6.785973837209302584e-02
6.995330459770114639e-02
7.137784090909091161e-02
7.285814606741572441e-02
7.430555555555555525e-02
7.572115384615384082e-02
7.702105978260868901e-02
7.846102150537634379e-02
7.878989361702128102e-02
7.960526315789473450e-02
8.219401041666667129e-02
8.376288659793813818e-02
8.585778061224490221e-02
8.814709595959595301e-02
8.953125000000000666e-02
9.003712871287128383e-02
9.191176470588235947e-02
9.314320388349514590e-02
9.510216346153846367e-02
9.627976190476190965e-02
9.669811320754717610e-02
9.834988317757009657e-02
9.960937500000000000e-02
1.007740825688073355e-01
1.022017045454545470e-01
1.036036036036036001e-01
1.051897321428571369e-01
1.072317477876106179e-01
1.088267543859649106e-01
1.103940217391304324e-01
1.122036637931034531e-01
1.135817307692307682e-01
1.143405720338983023e-01
1.157431722689075682e-01
1.170572916666666602e-01
1.185433884297520668e-01
1.193647540983606564e-01
1.208714430894308883e-01
1.221648185483870941e-01
1.233749999999999986e-01
1.245659722222222238e-01
1.255536417322834775e-01
1.267089843750000000e-01
1.277252906976744096e-01
1.287259615384615252e-01
1.299499045801526809e-01
1.302083333333333426e-01
1.315789473684210453e-01
1.325209888059701580e-01
1.334490740740740811e-01
1.347081801470588203e-01
1.357778284671532776e-01
1.367187500000000000e-01
1.371964928057553823e-01
1.380022321428571452e-01
1.393506205673758769e-01
1.408450704225352179e-01
1.423732517482517446e-01
1.432834201388888951e-01
1.442349137931034364e-01
1.453874143835616473e-01
1.465773809523809590e-01
1.472233952702702575e-01
1.477034395973154390e-01
1.484895833333333415e-01
1.491100993377483530e-01
1.499794407894736725e-01
1.502757352941176405e-01
1.507711038961039030e-01
1.519153225806451624e-01
1.529947916666666574e-01
1.538117038216560428e-01
1.545193829113924167e-01
1.551198899371069306e-01
1.559082031250000056e-01
1.566381987577639689e-01
1.575038580246913567e-01
1.583588957055214741e-01
1.589653201219512202e-01
1.598958333333333204e-01
1.611445783132530174e-01
1.616766467065868240e-01
1.624813988095238082e-01
1.633690828402366846e-01
1.642003676470588369e-01
1.647021198830409261e-01
1.653343023255813837e-01
1.663656069364161938e-01
1.672503591954022928e-01
1.679464285714285798e-01
1.684570312500000000e-01
1.690942796610169496e-01
1.701193820224718989e-01
1.708275139664804376e-01
1.718750000000000000e-01
1.729972375690607689e-01
1.732486263736263687e-01
1.736253415300546554e-01
1.742951766304347838e-01
1.749577702702702631e-01
1.758232526881720326e-01
1.764288101604278014e-01
1.770279255319149037e-01
1.779513888888888951e-01
1.787006578947368529e-01
1.795647905759162333e-01
1.801757812500000000e-01
3.593750000000000000e-01
3.164062500000000000e-01
3.255208333333333148e-01
3.164062500000000000e-01
3.015625000000000111e-01
3.164062500000000000e-01
3.158482142857143016e-01
3.134765625000000000e-01
3.116319444444444198e-01
3.117187499999999889e-01
3.153409090909091161e-01
3.131510416666666852e-01
3.082932692307692180e-01
3.013392857142856984e-01
3.046875000000000000e-01
3.076171875000000000e-01
3.083639705882352811e-01
3.081597222222222099e-01
3.059210526315789269e-01
3.082031250000000222e-01
3.076636904761904656e-01
3.082386363636363535e-01
3.114809782608695676e-01
3.121744791666666852e-01
3.096875000000000044e-01
3.109975961538461453e-01
3.104745370370370350e-01
3.094308035714285476e-01
3.103448275862069061e-01
3.104166666666666741e-01
3.145161290322580627e-01
3.159179687500000000e-01
3.151041666666666852e-01
3.134191176470588203e-01
3.147321428571428492e-01
3.125000000000000000e-01
3.139780405405405150e-01
3.122944078947368363e-01
3.116987179487179516e-01
3.117187499999999889e-01
3.105945121951219634e-01
3.102678571428571508e-01
3.108648255813953321e-01
3.109019886363636465e-01
3.105902777777777568e-01
3.108016304347825942e-01
3.093417553191489255e-01
3.089192708333333148e-01
3.083545918367346927e-01
3.078124999999999889e-01
3.069852941176470784e-01
3.076923076923077094e-01
3.079304245283018826e-01
3.080150462962962798e-01
3.079545454545454808e-01
3.083147321428571508e-01
3.075657894736842368e-01
3.084590517241379559e-01
3.087923728813559143e-01
3.087239583333333259e-01
3.086577868852459217e-01
3.096018145161290591e-01
3.108878968253968034e-01
3.111572265625000000e-01
3.111778846153845923e-01
3.110795454545454697e-01
3.119169776119403159e-01
3.116957720588235392e-01
3.123867753623188470e-01
3.135044642857142683e-01
3.138204225352112520e-01
3.142361111111111049e-01
3.139982876712328896e-01
3.136613175675675436e-01
3.132291666666666696e-01
3.129111842105263275e-01
3.134131493506493449e-01
3.134014423076922906e-01
3.129944620253164445e-01
3.130859375000000222e-01
3.143325617283950768e-01
3.149771341463414864e-01
3.145707831325301185e-01
3.150111607142856984e-01
3.159007352941176627e-01
3.151344476744186163e-01
3.155531609195402210e-01
3.152521306818181768e-01
3.153089887640449507e-01
3.151041666666666852e-01
3.158482142857143016e-01
3.163213315217391353e-01
3.161122311827956888e-01
3.153257978723404409e-01
3.154605263157894690e-01
3.154296875000000000e-01
3.156411082474226970e-01
3.156090561224489943e-01
3.160511363636363535e-01
3.164062500000000000e-01
3.165222772277227481e-01
3.170189950980392135e-01
3.167475728155340065e-01
3.170072115384615641e-01
3.169642857142856984e-01
3.177329009433962348e-01
3.173189252336448551e-01
3.171296296296296502e-01
3.165137614678898981e-01
3.159090909090909172e-01
3.158783783783783994e-01
3.163364955357143016e-01
3.167173672566371834e-01
3.177768640350877027e-01
3.177989130434782372e-01
3.180899784482758563e-01
3.181089743589743390e-01
3.185248940677966045e-01
3.188025210084033390e-01
3.188151041666666408e-01
3.189566115702479610e-01
3.193519467213114527e-01
3.196773373983740063e-01
3.193044354838709409e-01
3.190000000000000058e-01
3.187624007936508130e-01
3.182824803149606474e-01
3.179931640625000000e-01
3.186167635658914699e-01
3.183293269230769162e-01
3.183444656488549351e-01
3.185369318181818232e-01
3.191376879699248104e-01
3.189132462686566916e-01
3.187499999999999778e-01
3.187614889705882582e-01
3.191719890510948954e-01
3.191236413043478382e-01
3.187387589928057374e-01
3.186941964285714413e-01
3.188164893617021489e-01
3.191571302816901268e-01
3.194930069930069783e-01
3.194986979166666852e-01
3.196120689655172487e-01
3.199914383561643927e-01
3.205782312925170019e-01
3.201013513513513709e-01
3.198930369127516715e-01
3.205208333333333104e-01
3.203125000000000000e-01
3.200555098684210731e-01
3.200061274509803932e-01
3.195515422077921941e-01
3.198084677419354982e-01
3.198116987179487336e-01
3.194167993630573354e-01
3.190763449367088334e-01
3.187401729559748431e-01
3.188964843750000111e-01
3.185170807453416297e-01
3.190586419753086433e-01
3.188266871165644223e-01
3.185499237804877981e-01
3.188920454545454697e-01
3.193241716867469826e-01
3.193300898203592642e-01
3.193359375000000000e-01
3.195728550295858228e-01
3.196231617647058987e-01
3.200383771929824483e-01
3.200399709302325646e-01
3.204028179190751557e-01
3.205369971264367956e-01
3.209821428571428825e-01
3.208451704545454697e-01
3.206214689265536877e-01
3.207952949438201973e-01
3.209235335195530503e-01
3.208333333333333592e-01
3.209599447513812320e-01
3.208705357142856984e-01
3.208674863387978027e-01
3.206097146739130266e-01
3.206503378378378621e-01
3.213625672043010639e-01
3.214822860962566753e-01
3.215591755319148759e-01
3.219659391534391291e-01
3.222861842105262942e-01
3.224394633507853269e-01
3.222249348958333148e-01
3.046875000000000000e-01
2.851562500000000000e-01
3.046875000000000000e-01
3.203125000000000000e-01
3.234374999999999889e-01
3.242187500000000000e-01
3.214285714285714524e-01
3.281250000000000000e-01
3.220486111111111049e-01
3.210937500000000111e-01
3.210227272727272929e-01
3.203125000000000000e-01
3.215144230769230727e-01
3.152901785714285476e-01
3.213541666666666630e-01
3.242187500000000000e-01
3.272058823529411797e-01
3.242187500000000000e-01
3.194901315789473450e-01
3.234374999999999889e-01
3.199404761904761640e-01
3.224431818181818232e-01
3.260869565217391353e-01
3.264973958333333148e-01
3.250000000000000111e-01
3.251201923076922906e-01
3.249421296296296502e-01
3.236607142857143016e-01
3.251616379310344751e-01
3.244791666666666519e-01
3.288810483870967527e-01
3.300781250000000000e-01
3.300189393939393923e-01
3.288143382352941013e-01
3.294642857142857095e-01
3.279079861111111049e-01
3.283361486486486291e-01
3.285361842105263275e-01
3.283253205128205399e-01
3.308593750000000111e-01
3.311737804878048808e-01
3.301711309523809312e-01
3.312136627906976938e-01
3.304332386363636465e-01
3.302083333333333259e-01
3.291440217391304324e-01
3.279587765957446832e-01
3.274739583333333148e-01
3.274872448979591621e-01
3.273437499999999889e-01
3.262867647058823595e-01
3.273737980769230727e-01
3.282724056603773533e-01
3.279803240740740700e-01
3.278409090909090717e-01
3.271484375000000000e-01
3.273026315789473450e-01
3.279903017241379559e-01
3.298463983050847204e-01
3.296875000000000222e-01
3.310706967213114527e-01
3.315272177419354982e-01
3.314732142857143016e-01
3.315429687500000000e-01
3.312499999999999889e-01
3.315577651515151381e-01
3.322061567164178997e-01
3.322610294117647189e-01
3.331068840579710089e-01
3.343749999999999778e-01
3.345070422535211252e-01
3.350694444444444198e-01
3.346532534246575152e-01
3.354096283783783994e-01
3.350000000000000200e-01
3.351151315789473450e-01
3.355316558441558406e-01
3.358373397435897578e-01
3.348496835443037778e-01
3.349609375000000000e-01
3.352623456790123635e-01
3.361280487804877981e-01
3.360316265060240837e-01
3.363095238095238360e-01
3.369485294117647300e-01
3.359375000000000000e-01
3.362966954022988397e-01
3.369140625000000000e-01
3.376931179775281011e-01
3.376736111111111049e-01
3.380837912087912289e-01
3.384850543478261087e-01
3.381216397849462485e-01
3.378490691489361430e-01
3.382401315789473895e-01
3.378906250000000000e-01
3.377094072164948391e-01
3.384885204081632404e-01
3.379892676767676796e-01
3.389843750000000044e-01
3.391862623762376128e-01
3.392310049019607865e-01
3.388197815533980362e-01
3.391676682692307820e-01
3.392857142857143016e-01
3.397700471698112956e-01
3.395882009345794206e-01
3.396990740740740700e-01
3.395928899082568675e-01
3.397017045454545636e-01
3.397381756756756577e-01
3.394949776785714524e-01
3.392560840707964376e-01
3.402549342105263275e-01
3.402173913043478048e-01
3.403825431034482873e-01
3.404113247863247982e-01
3.407044491525423879e-01
3.411239495798319421e-01
3.412109374999999778e-01
3.413610537190082672e-01
3.417648565573770392e-01
3.422891260162601590e-01
3.424899193548386900e-01
3.426874999999999782e-01
3.430059523809523836e-01
3.423966535433070613e-01
3.425292968750000000e-01
3.432049418604651292e-01
3.432692307692307709e-01
3.433921755725191094e-01
3.433948863636363535e-01
3.437500000000000000e-01
3.432252798507462455e-01
3.426504629629629761e-01
3.426011029411764608e-01
3.429516423357664157e-01
3.432404891304347561e-01
3.431879496402877594e-01
3.431919642857143016e-01
3.431405141843971718e-01
3.434749119718309984e-01
3.438046328671328644e-01
3.435329861111111049e-01
3.434267241379310165e-01
3.438035102739726012e-01
3.444409013605442271e-01
3.441195101351351426e-01
3.444316275167785268e-01
3.448437500000000044e-01
3.447330298013245309e-01
3.442125822368420907e-01
3.441074346405229023e-01
3.433948863636363535e-01
3.430443548387096531e-01
3.430488782051281937e-01
3.429040605095541316e-01
3.430577531645569445e-01
3.427181603773584717e-01
3.427734375000000000e-01
3.426339285714285476e-01
3.429783950617283916e-01
3.431269171779141036e-01
3.433689024390244038e-01
3.437500000000000000e-01
3.443147590361445576e-01
3.442645958083832558e-01
3.440290178571428492e-01
3.440273668639053373e-01
3.438878676470588092e-01
3.435215643274853736e-01
3.433866279069767713e-01
3.433887283236994326e-01
3.436153017241379559e-01
3.440178571428571530e-01
3.441051136363636465e-01
3.441031073446327859e-01
3.444083567415730518e-01
3.445792597765363063e-01
3.445312500000000111e-01
3.451743784530386661e-01
3.446085164835164805e-01
3.443049863387978027e-01
3.442170516304347561e-01
3.443834459459459429e-01
3.446320564516128782e-01
3.446691176470588203e-01
3.443317819148936088e-01
3.443287037037037202e-01
3.444901315789473673e-01
3.450589005235601969e-01
3.450520833333333148e-01
3.515625000000000000e-01
3.554687500000000000e-01
3.489583333333333148e-01
3.554687500000000000e-01
3.468749999999999889e-01
3.437500000000000000e-01
3.437500000000000000e-01
3.427734375000000000e-01
3.402777777777777901e-01
3.421874999999999778e-01
3.465909090909091161e-01
3.483072916666666852e-01
3.491586538461538547e-01
3.482142857142856984e-01
3.515625000000000000e-01
3.505859375000000000e-01
3.538602941176470784e-01
3.515625000000000000e-01
3.486842105263157632e-01
3.531250000000000222e-01
3.519345238095238360e-01
3.529829545454545303e-01
3.549592391304347561e-01
3.554687500000000000e-01
3.528124999999999734e-01
3.542668269230769273e-01
3.535879629629629650e-01
3.510044642857143016e-01
3.507543103448275690e-01
3.481770833333333592e-01
3.505544354838709409e-01
3.503417968750000000e-01
3.522727272727272929e-01
3.504136029411764608e-01
3.488839285714285809e-01
3.478732638888888951e-01
3.479729729729729715e-01
3.476562500000000000e-01
3.477564102564102422e-01
3.468749999999999889e-01
3.466082317073170826e-01
3.463541666666666852e-01
3.461119186046511809e-01
3.458806818181818232e-01
3.467013888888889062e-01
3.478260869565217295e-01
3.464095744680851241e-01
3.453776041666666852e-01
3.456632653061224580e-01
3.465624999999999956e-01
3.463541666666666852e-01
3.473557692307692180e-01
3.477299528301887044e-01
3.483796296296296502e-01
3.481534090909090828e-01
3.476562500000000000e-01
3.464912280701754610e-01
3.473868534482758563e-01
3.474576271186440857e-01
3.484375000000000111e-01
3.488729508196721230e-01
3.491683467741935609e-01
3.493303571428571508e-01
3.496093750000000000e-01
3.481971153846153966e-01
3.474195075757575690e-01
3.471315298507462455e-01
3.468520220588235392e-01
3.478260869565217295e-01
3.479910714285714413e-01
3.476012323943661886e-01
3.481987847222222099e-01
3.479238013698630061e-01
3.478673986486486291e-01
3.469791666666666718e-01
3.474506578947368363e-01
3.474025974025973795e-01
3.474559294871794601e-01
3.461234177215190000e-01
3.474609375000000111e-01
3.479938271604938183e-01
3.485137195121951192e-01
3.481739457831325435e-01
3.484002976190476164e-01
3.478860294117647189e-01
3.483829941860465129e-01
3.489583333333333148e-01
3.506747159090908839e-01
3.514747191011236005e-01
3.516493055555555691e-01
3.511332417582417320e-01
3.510529891304347561e-01
3.506384408602150615e-01
3.508144946808510745e-01
3.508223684210526327e-01
3.504231770833333148e-01
3.506765463917525527e-01
3.509247448979591621e-01
3.506155303030302761e-01
3.516406249999999845e-01
3.515625000000000000e-01
3.511795343137255054e-01
3.514108009708737934e-01
3.517127403846153633e-01
3.517113095238095233e-01
3.524469339622641750e-01
3.529497663551401931e-01
3.527199074074073848e-01
3.524942660550458573e-01
3.524857954545454475e-01
3.525478603603603434e-01
3.525390625000000000e-01
3.525304203539822989e-01
3.527960526315789269e-01
3.530570652173913304e-01
3.533809267241379559e-01
3.534321581196581130e-01
3.536811440677966045e-01
3.543855042016806900e-01
3.546874999999999889e-01
3.549199380165289353e-01
3.554687500000000000e-01
3.556910569105691255e-01
3.556577620967741882e-01
3.564375000000000182e-01
3.567088293650793607e-01
3.557455708661417249e-01
3.557128906250000000e-01
3.564074612403100861e-01
3.561298076923076761e-01
3.561545801526717625e-01
3.558830492424242542e-01
3.560855263157894912e-01
3.558185634328357994e-01
3.551504629629629872e-01
3.550666360294117418e-01
3.554972627737226221e-01
3.555819746376811530e-01
3.553844424460431695e-01
3.556361607142857206e-01
3.554964539007092195e-01
3.559088908450704358e-01
3.561516608391608329e-01
3.559570312500000000e-01
3.564116379310344751e-01
3.566994863013698835e-01
3.569834183673469274e-01
3.565772804054054279e-01
3.568057885906040227e-01
3.571874999999999911e-01
3.571502483443708686e-01
3.568050986842105088e-01
3.569750816993463860e-01
3.564326298701298579e-01
3.566028225806451846e-01
3.566706730769230727e-01
3.568371815286623949e-01
3.570510284810126667e-01
3.569182389937106681e-01
3.567871093750000222e-01
3.567546583850931818e-01
3.572048611111111049e-01
3.572661042944785259e-01
3.573742378048780366e-01
3.578598484848484751e-01
3.584337349397590522e-01
3.583458083832335439e-01
3.580264136904761640e-01
3.580806213017751483e-01
3.579503676470588425e-01
3.580500730994152225e-01
3.580123546511627675e-01
3.580202312138728304e-01
3.583872126436781769e-01
3.588839285714285898e-01
3.590198863636363535e-01
3.592425847457627053e-01
3.593750000000000000e-01
3.592440642458100686e-01
3.591145833333333481e-01
3.596339779005524595e-01
3.598471840659340781e-01
3.598019125683060149e-01
3.597146739130434590e-01
3.599662162162162171e-01
3.601310483870967527e-01
3.598345588235294379e-01
3.598321143617021489e-01
3.596643518518518601e-01
3.600740131578947234e-01
3.604793848167539005e-01
3.604736328125000000e-01
3.593750000000000000e-01
3.710937500000000000e-01
3.671875000000000000e-01
3.671875000000000000e-01
3.734374999999999778e-01
3.841145833333333148e-01
3.794642857142856984e-01
3.769531250000000000e-01
3.680555555555555802e-01
3.710937500000000000e-01
3.700284090909091161e-01
3.697916666666666852e-01
3.677884615384615641e-01
3.621651785714285476e-01
3.619791666666666852e-01
3.676757812500000000e-01
3.717830882352941013e-01
3.710937500000000000e-01
3.675986842105263275e-01
3.710937500000000000e-01
3.697916666666666852e-01
3.657670454545454697e-01
3.682065217391304324e-01
3.684895833333333148e-01
3.696875000000000022e-01
3.695913461538461453e-01
3.680555555555555802e-01
3.674665178571428492e-01
3.669181034482758563e-01
3.645833333333333148e-01
3.684475806451613100e-01
3.696289062500000000e-01
3.726325757575757458e-01
3.722426470588235392e-01
3.709821428571428714e-01
3.695746527777777901e-01
3.686655405405405150e-01
3.673930921052631637e-01
3.675881410256410242e-01
3.689453125000000111e-01
3.675685975609755962e-01
3.675595238095238360e-01
3.675508720930232287e-01
3.675426136363636465e-01
3.687500000000000222e-01
3.693953804347825942e-01
3.675199468085106336e-01
3.668619791666666852e-01
3.676658163265306145e-01
3.681249999999999800e-01
3.667279411764705621e-01
3.677884615384615641e-01
3.680719339622641750e-01
3.679108796296296502e-01
3.669034090909090717e-01
3.660714285714285476e-01
3.660910087719298489e-01
3.657058189655172376e-01
3.659957627118644030e-01
3.658854166666666852e-01
3.668032786885245811e-01
3.675655241935483764e-01
3.670634920634920362e-01
3.680419921875000000e-01
3.671875000000000000e-01
3.673058712121212155e-01
3.677705223880596841e-01
3.679917279411764608e-01
3.683197463768115854e-01
3.694196428571428492e-01
3.696082746478873138e-01
3.696831597222222099e-01
3.693279109589041043e-01
3.694045608108108003e-01
3.687500000000000222e-01
3.688322368421052544e-01
3.687094155844156118e-01
3.688902243589743390e-01
3.674841772151898889e-01
3.685546874999999778e-01
3.684413580246913567e-01
3.692835365853658347e-01
3.690700301204819511e-01
3.691406250000000000e-01
3.704044117647058987e-01
3.707303779069767713e-01
3.710488505747126520e-01
3.715376420454545303e-01
3.714887640449437978e-01
3.715277777777777901e-01
3.713083791208791062e-01
3.725373641304347561e-01
3.724798387096774355e-01
3.724235372340425343e-01
3.724506578947368585e-01
3.725585937500000000e-01
3.730670103092783574e-01
3.737244897959183798e-01
3.733428030303030387e-01
3.742968749999999734e-01
3.745358910891088966e-01
3.743872549019607865e-01
3.740139563106796294e-01
3.740234375000000000e-01
3.736607142857142905e-01
3.738944575471698228e-01
3.742698598130841381e-01
3.742766203703703498e-01
3.742832568807339388e-01
3.742897727272727071e-01
3.740850225225225145e-01
3.738839285714285476e-01
3.731332964601770108e-01
3.737664473684210731e-01
3.733695652173912860e-01
3.735183189655172376e-01
3.731971153846153633e-01
3.736096398305084887e-01
3.737526260504201447e-01
3.741536458333333259e-01
3.742897727272727071e-01
3.745517418032787149e-01
3.748729674796748013e-01
3.746849798387096864e-01
3.749374999999999791e-01
3.751240079365079638e-01
3.740157480314960647e-01
3.743896484375000000e-01
3.750000000000000000e-01
3.748197115384615530e-01
3.749403625954198516e-01
3.751183712121212155e-01
3.755874060150375948e-01
3.752332089552238847e-01
3.748842592592592782e-01
3.745978860294117418e-01
3.748289233576642121e-01
3.750000000000000000e-01
3.747189748201438797e-01
3.746093750000000222e-01
3.746675531914893664e-01
3.752200704225351902e-01
3.755463286713286442e-01
3.754340277777777901e-01
3.757004310344827513e-01
3.761237157534246811e-01
3.764349489795918435e-01
3.758445945945945721e-01
3.756291946308724650e-01
3.759374999999999800e-01
3.758278145695364003e-01
3.753083881578947456e-01
3.753574346405229023e-01
3.750507305194805130e-01
3.746471774193548265e-01
3.746494391025640969e-01
3.746019108280254639e-01
3.748516613924050556e-01
3.750000000000000000e-01
3.748046875000000111e-01
3.746118012422360311e-01
3.748070987654321118e-01
3.745686349693251316e-01
3.744759908536585136e-01
3.748579545454545636e-01
3.751882530120481674e-01
3.750467814371257758e-01
3.746744791666666852e-01
3.747226331360946627e-01
3.744944852941176627e-01
3.744974415204678220e-01
3.744095203488372325e-01
3.746838872832369827e-01
3.749551005747126520e-01
3.754017857142857295e-01
3.755770596590908839e-01
3.755296610169491789e-01
3.757022471910112515e-01
3.756546787709497126e-01
3.756076388888888729e-01
3.759064226519336915e-01
3.759872939560439664e-01
3.759392076502732216e-01
3.760190217391304324e-01
3.760135135135135309e-01
3.764280913978494403e-01
3.764204545454545303e-01
3.761635638297872175e-01
3.761160714285714524e-01
3.760690789473684070e-01
3.761452879581151931e-01
3.760172526041666852e-01
3.593750000000000000e-01
3.906250000000000000e-01
3.854166666666666852e-01
3.789062500000000000e-01
3.640625000000000111e-01
3.763020833333333148e-01
3.761160714285714524e-01
3.779296875000000000e-01
3.741319444444444198e-01
3.804687500000000222e-01
3.785511363636363535e-01
3.782552083333333148e-01
3.774038461538461453e-01
3.755580357142856984e-01
3.781249999999999889e-01
3.818359375000000000e-01
3.860294117647058987e-01
3.858506944444444198e-01
3.832236842105263275e-01
3.851562499999999778e-01
3.813244047619047672e-01
3.792613636363636465e-01
3.780570652173912971e-01
3.795572916666666852e-01
3.781249999999999889e-01
3.789062500000000000e-01
3.758680555555555802e-01
3.733258928571428492e-01
3.741918103448275690e-01
3.721354166666666630e-01
3.760080645161290591e-01
3.769531250000000000e-01
3.799715909090908839e-01
3.812040441176470784e-01
3.808035714285714080e-01
3.795572916666666852e-01
3.794341216216216006e-01
3.782894736842105088e-01
3.784054487179487336e-01
3.791015624999999889e-01
3.782393292682926789e-01
3.770461309523809312e-01
3.773619186046511809e-01
3.774857954545454697e-01
3.786458333333333481e-01
3.794157608695652439e-01
3.776595744680851241e-01
3.771158854166666852e-01
3.767538265306122347e-01
3.775000000000000022e-01
3.766850490196078649e-01
3.777043269230769273e-01
3.779481132075471761e-01
3.778935185185185452e-01
3.772727272727272596e-01
3.763950892857143016e-01
3.762335526315789269e-01
3.760775862068965747e-01
3.764565677966101864e-01
3.776041666666666852e-01
3.779456967213114527e-01
3.781502016129032473e-01
3.778521825396825573e-01
3.784179687500000000e-01
3.775240384615384803e-01
3.774857954545454697e-01
3.773320895522387919e-01
3.782169117647058987e-01
3.790760869565217295e-01
3.790178571428571286e-01
3.783010563380281854e-01
3.783637152777777901e-01
3.783176369863013866e-01
3.778505067567567433e-01
3.768750000000000155e-01
3.763363486842105088e-01
3.761160714285714524e-01
3.767027243589743390e-01
3.757911392405063333e-01
3.770507812500000222e-01
3.779899691358024616e-01
3.783346036585366057e-01
3.782944277108433728e-01
3.784412202380952328e-01
3.793198529411764830e-01
3.785428779069767713e-01
3.786817528735632044e-01
3.793501420454545303e-01
3.793890449438201973e-01
3.791666666666666519e-01
3.796359890109889945e-01
3.803498641304347561e-01
3.802923387096774355e-01
3.804022606382978511e-01
3.806743421052631304e-01
3.805338541666666852e-01
3.807989690721649279e-01
3.811383928571428492e-01
3.806029040404040331e-01
3.814062500000000022e-01
3.811107673267326579e-01
3.811274509803921351e-01
3.803853155339805836e-01
3.798828125000000000e-01
3.799107142857142683e-01
3.803066037735848837e-01
3.808411214953271173e-01
3.809317129629629650e-01
3.809489678899082299e-01
3.808948863636363869e-01
3.805602477477477708e-01
3.797433035714285476e-01
3.793556415929203451e-01
3.796600877192982670e-01
3.796195652173913193e-01
3.795123922413793371e-01
3.793402777777777901e-01
3.795683262711864181e-01
3.798581932773109071e-01
3.801432291666666519e-01
3.802298553719008489e-01
3.810194672131147486e-01
3.811610772357723609e-01
3.809853830645161255e-01
3.819374999999999853e-01
3.824404761904761640e-01
3.824434055118109965e-01
3.827514648437500000e-01
3.831758720930232287e-01
3.830528846153846145e-01
3.826932251908397031e-01
3.822206439393939226e-01
3.824013157894736725e-01
3.819962686567164312e-01
3.812499999999999778e-01
3.810317095588235392e-01
3.813868613138686192e-01
3.811707427536231707e-01
3.807329136690647542e-01
3.806361607142856873e-01
3.807624113475177041e-01
3.804467429577464976e-01
3.809549825174824988e-01
3.806423611111111049e-01
3.807650862068965303e-01
3.811001712328767055e-01
3.814838435374149905e-01
3.808593750000000000e-01
3.806627516778523512e-01
3.809374999999999845e-01
3.806394867549668937e-01
3.802425986842105088e-01
3.801572712418300748e-01
3.795150162337662114e-01
3.797379032258064724e-01
3.798076923076922906e-01
3.797273089171974703e-01
3.794501582278481111e-01
3.796678459119496862e-01
3.795410156249999778e-01
3.793672360248447339e-01
3.793885030864197483e-01
3.794574386503067331e-01
3.793349847560975596e-01
3.796875000000000111e-01
3.799416415662650870e-01
3.800991766467065602e-01
3.797433035714285476e-01
3.799463757396449592e-01
3.802389705882353033e-01
3.797057748538011923e-01
3.795875726744186163e-01
3.800578034682081108e-01
3.803430316091954144e-01
3.802232142857142616e-01
3.801047585227272929e-01
3.802524717514124131e-01
3.805740870786517016e-01
3.806302374301676061e-01
3.807291666666666741e-01
3.810428176795579991e-01
3.810096153846153633e-01
3.809340846994535568e-01
3.803923233695652439e-01
3.805320945945945832e-01
3.809643817204301230e-01
3.808489304812834320e-01
3.805684840425531679e-01
3.807870370370370350e-01
3.803865131578947345e-01
3.804810209424083767e-01
3.802490234375000000e-01
3.671875000000000000e-01
3.906250000000000000e-01
3.802083333333333148e-01
3.769531250000000000e-01
3.578124999999999778e-01
3.697916666666666852e-01
3.660714285714285476e-01
3.750000000000000000e-01
3.697916666666666852e-01
3.789062500000000000e-01
3.821022727272727071e-01
3.802083333333333148e-01
3.786057692307692180e-01
3.777901785714285476e-01
3.817708333333333370e-01
3.813476562500000000e-01
3.874080882352941013e-01
3.849826388888888951e-01
3.840460526315789269e-01
3.863281250000000222e-01
3.824404761904761640e-01
3.824573863636363535e-01
3.831521739130434590e-01
3.837890625000000000e-01
3.784374999999999822e-01
3.777043269230769273e-01
3.773148148148148251e-01
3.750000000000000000e-01
3.733836206896551935e-01
3.716145833333333592e-01
3.744959677419354982e-01
3.750000000000000000e-01
3.771306818181818232e-01
3.772977941176470784e-01
3.767857142857142794e-01
3.734809027777777901e-01
3.735219594594594850e-01
3.729440789473684181e-01
3.725961538461538547e-01
3.732421874999999889e-01
3.723323170731707155e-01
3.714657738095238360e-01
3.719113372093023062e-01
3.721590909090908839e-01
3.737847222222221988e-01
3.729619565217391353e-01
3.710106382978723416e-01
3.702799479166666852e-01
3.708545918367346927e-01
3.715625000000000178e-01
3.714767156862744946e-01
3.724459134615384359e-01
3.721992924528301772e-01
3.718171296296296502e-01
3.717329545454545192e-01
3.710937500000000000e-01
3.710252192982456121e-01
3.723060344827586188e-01
3.727489406779661008e-01
3.731770833333333259e-01
3.738473360655737432e-01
3.750000000000000000e-01
3.753720238095238360e-01
3.760986328125000000e-01
3.743990384615384359e-01
3.748816287878787845e-01
3.753498134328357994e-01
3.762637867647058987e-01
3.770380434782608647e-01
3.771205357142857206e-01
3.772007042253521236e-01
3.763020833333333148e-01
3.762842465753424848e-01
3.766891891891891997e-01
3.759374999999999800e-01
3.760279605263157632e-01
3.755073051948051854e-01
3.762019230769230727e-01
3.750988924050632778e-01
3.747070312499999889e-01
3.752893518518518601e-01
3.756669207317073211e-01
3.756588855421686968e-01
3.758370535714285476e-01
3.761029411764705843e-01
3.764534883720930258e-01
3.768857758620689502e-01
3.781960227272727071e-01
3.789501404494381998e-01
3.783854166666666408e-01
3.774896978021978211e-01
3.783118206521738913e-01
3.779401881720430012e-01
3.779089095744680993e-01
3.783717105263157965e-01
3.781738281250000000e-01
3.783827319587628746e-01
3.789859693877550839e-01
3.787089646464646409e-01
3.796875000000000111e-01
3.797184405940594032e-01
3.792126225490196068e-01
3.783373786407767114e-01
3.783804086538461453e-01
3.784970238095238249e-01
3.789799528301887044e-01
3.792348130841121656e-01
3.798466435185185452e-01
3.800888761467889898e-01
3.801136363636363757e-01
3.802083333333333148e-01
3.803013392857143016e-01
3.799778761061947119e-01
3.801398026315789269e-01
3.800271739130434701e-01
3.801185344827586188e-01
3.800080128205128305e-01
3.800979872881355970e-01
3.802521008403361158e-01
3.809895833333333259e-01
3.812629132231404872e-01
3.815957991803278770e-01
3.816692073170731558e-01
3.814894153225806273e-01
3.824374999999999858e-01
3.828125000000000000e-01
3.825664370078740162e-01
3.826904296875000000e-01
3.831153100775193665e-01
3.831730769230769496e-01
3.831703244274808906e-01
3.829900568181818232e-01
3.831062030075187974e-01
3.831040111940298698e-01
3.829861111111111382e-01
3.832146139705882582e-01
3.833827554744525523e-01
3.831521739130434590e-01
3.831497302158273222e-01
3.833705357142856984e-01
3.835882092198581450e-01
3.833076584507042472e-01
3.837958916083916150e-01
3.836263020833333148e-01
3.837284482758620552e-01
3.840432363013698835e-01
3.841411564625850095e-01
3.838682432432432567e-01
3.838611577181207934e-01
3.841666666666666563e-01
3.840542218543046560e-01
3.837376644736842368e-01
3.836805555555555802e-01
3.832690746753246724e-01
3.832157258064516347e-01
3.832131410256410242e-01
3.829617834394904441e-01
3.828619462025316666e-01
3.824194182389937247e-01
3.822265624999999778e-01
3.819875776397515521e-01
3.818962191358024616e-01
3.819018404907975617e-01
3.817644817073170826e-01
3.820549242424242653e-01
3.822948042168674565e-01
3.821575598802395279e-01
3.822079613095238360e-01
3.824426775147928836e-01
3.826286764705882359e-01
3.825840643274853736e-01
3.824491279069767713e-01
3.827673410404624499e-01
3.831267959770114917e-01
3.831696428571428337e-01
3.829012784090908839e-01
3.830773305084745894e-01
3.830319522471909988e-01
3.829870810055865937e-01
3.829427083333333259e-01
3.831578038674033349e-01
3.832417582417582680e-01
3.831540300546448230e-01
3.830672554347825942e-01
3.831925675675675880e-01
3.832325268817204367e-01
3.830631684491978550e-01
3.828956117021276584e-01
3.829778439153438963e-01
3.831003289473683959e-01
3.835078534031413633e-01
3.835449218750000000e-01
3.828125000000000000e-01
3.867187500000000000e-01
3.906250000000000000e-01
3.945312500000000000e-01
3.906250000000000000e-01
3.932291666666666852e-01
3.839285714285714524e-01
3.886718750000000000e-01
3.836805555555555802e-01
3.898437499999999889e-01
3.906250000000000000e-01
3.873697916666666852e-01
3.870192307692307820e-01
3.833705357142856984e-01
3.864583333333333481e-01
3.881835937500000000e-01
3.910845588235294379e-01
3.897569444444444198e-01
3.885690789473684181e-01
3.921875000000000222e-01
3.883928571428571508e-01
3.881392045454545303e-01
3.902853260869565410e-01
3.902994791666666852e-01
3.896875000000000200e-01
3.882211538461538547e-01
3.885995370370370350e-01
3.872767857142856984e-01
3.860452586206896686e-01
3.841145833333333148e-01
3.868447580645161255e-01
3.884277343750000000e-01
3.906250000000000000e-01
3.899356617647058987e-01
3.892857142857142905e-01
3.871527777777777901e-01
3.872466216216216006e-01
3.867187500000000000e-01
3.858173076923077094e-01
3.867187500000000000e-01
3.852896341463414864e-01
3.844866071428571508e-01
3.849927325581395388e-01
3.847656250000000000e-01
3.852430555555555469e-01
3.843410326086956763e-01
3.823138297872340496e-01
3.824869791666666852e-01
3.829719387755102233e-01
3.839062500000000044e-01
3.829656862745098311e-01
3.841646634615384359e-01
3.838443396226415283e-01
3.838252314814814548e-01
3.829545454545454364e-01
3.828125000000000000e-01
3.826754385964912242e-01
3.842941810344827624e-01
3.842690677966101864e-01
3.851562499999999778e-01
3.858862704918032960e-01
3.863407258064516236e-01
3.869047619047619180e-01
3.886718750000000000e-01
3.877403846153846256e-01
3.877840909090908839e-01
3.871268656716417844e-01
3.875229779411764608e-01
3.881340579710144678e-01
3.892857142857142905e-01
3.894146126760563154e-01
3.882378472222222099e-01
3.880565068493150860e-01
3.879856418918918859e-01
3.868750000000000244e-01
3.869243421052631637e-01
3.868709415584415390e-01
3.866185897435897578e-01
3.857792721518987222e-01
3.867187500000000000e-01
3.872492283950617065e-01
3.877667682926829174e-01
3.874246987951807109e-01
3.873697916666666852e-01
3.879595588235293935e-01
3.881722383720930258e-01
3.882902298850574585e-01
3.888494318181818232e-01
3.886938202247190999e-01
3.878472222222222321e-01
3.870192307692307820e-01
3.873980978260869734e-01
3.874327956989247479e-01
3.874667553191489255e-01
3.876644736842105310e-01
3.870442708333333148e-01
3.873228092783504994e-01
3.875159438775510057e-01
3.869949494949495028e-01
3.879687499999999734e-01
3.881497524752475226e-01
3.877910539215686514e-01
3.876668689320388328e-01
3.877704326923077094e-01
3.883184523809523614e-01
3.887087264150943522e-01
3.886536214953271173e-01
3.882378472222222099e-01
3.879730504587156070e-01
3.880681818181818121e-01
3.878096846846846857e-01
3.873465401785714524e-01
3.872372787610619538e-01
3.873355263157894912e-01
3.871603260869564966e-01
3.873248922413793371e-01
3.871527777777777901e-01
3.873808262711864181e-01
3.874080882352941013e-01
3.879557291666666519e-01
3.881069214876032847e-01
3.888960040983606703e-01
3.889735772357723609e-01
3.888608870967741882e-01
3.896249999999999991e-01
3.899429563492063378e-01
3.899483267716535306e-01
3.900756835937500000e-01
3.905038759689922756e-01
3.902644230769230504e-01
3.900882633587786086e-01
3.900331439393939226e-01
3.901550751879699352e-01
3.897504664179104461e-01
3.892361111111111160e-01
3.891314338235294379e-01
3.894844890510948954e-01
3.890964673913043237e-01
3.887702338129496171e-01
3.885602678571428714e-01
3.886857269503546375e-01
3.893045774647887480e-01
3.898601398601398427e-01
3.898111979166666852e-01
3.900862068965517127e-01
3.901434075342465890e-01
3.903061224489796088e-01
3.899915540540540571e-01
3.897336409395973367e-01
3.897916666666666474e-01
3.894867549668873941e-01
3.891858552631579093e-01
3.892463235294117418e-01
3.893060064935064957e-01
3.893649193548386900e-01
3.897235576923077094e-01
3.898288216560509278e-01
3.898338607594936667e-01
3.895931603773584717e-01
3.895507812499999778e-01
3.892663043478261087e-01
3.891782407407407551e-01
3.893309049079754502e-01
3.891482469512195230e-01
3.894886363636363424e-01
3.902014307228915402e-01
3.900168413173652482e-01
3.897879464285714524e-01
3.898391272189349332e-01
3.901194852941176627e-01
3.896655701754385692e-01
3.894440406976744096e-01
3.897218208092485536e-01
3.902658045977011603e-01
3.907142857142857362e-01
3.907581676136363535e-01
3.903601694915254106e-01
3.902738764044944020e-01
3.901449022346368811e-01
3.902777777777777790e-01
3.906250000000000000e-01
3.903245192307692180e-01
3.903261612021857729e-01
3.899031929347825942e-01
3.899915540540540571e-01
3.905829973118279397e-01
3.904996657754010725e-01
3.903756648936170248e-01
3.905423280423280241e-01
3.900904605263157965e-01
3.906659031413612371e-01
3.906250000000000000e-01
3.671875000000000000e-01
3.632812500000000000e-01
3.750000000000000000e-01
3.808593750000000000e-01
3.624999999999999889e-01
3.750000000000000000e-01
3.705357142857143016e-01
3.750000000000000000e-01
3.758680555555555802e-01
3.843750000000000222e-01
3.892045454545454697e-01
3.880208333333333148e-01
3.852163461538461453e-01
3.833705357142856984e-01
3.838541666666666630e-01
3.862304687500000000e-01
3.910845588235294379e-01
3.906250000000000000e-01
3.898026315789473450e-01
3.867187500000000000e-01
3.831845238095238360e-01
3.852982954545454697e-01
3.889266304347825942e-01
3.899739583333333148e-01
3.878125000000000044e-01
3.882211538461538547e-01
3.874421296296296502e-01
3.856026785714285476e-01
3.855064655172413812e-01
3.833333333333333592e-01
3.863407258064516236e-01
3.884277343750000000e-01
3.908617424242424310e-01
3.908547794117647189e-01
3.904017857142856873e-01
3.882378472222222099e-01
3.889358108108108003e-01
3.895970394736842368e-01
3.886217948717948789e-01
3.902343750000000222e-01
3.894817073170731558e-01
3.895089285714285476e-01
3.898982558139534871e-01
3.899147727272727071e-01
3.916666666666666630e-01
3.904551630434782705e-01
3.889627659574468321e-01
3.885091145833333148e-01
3.883928571428571508e-01
3.893750000000000266e-01
3.875612745098039325e-01
3.882211538461538547e-01
3.879716981132075304e-01
3.872974537037037202e-01
3.869318181818181546e-01
3.860212053571428492e-01
3.854166666666666852e-01
3.873922413793103314e-01
3.878442796610169219e-01
3.881510416666666408e-01
3.883196721311475419e-01
3.892389112903225645e-01
3.898809523809523836e-01
3.897705078125000000e-01
3.889423076923076983e-01
3.897964015151514916e-01
3.894589552238805763e-01
3.903952205882352811e-01
3.914175724637681264e-01
3.920758928571428381e-01
3.921654929577464976e-01
3.914930555555555802e-01
3.910530821917808098e-01
3.913640202702702853e-01
3.906250000000000000e-01
3.906250000000000000e-01
3.908279220779220520e-01
3.919270833333333148e-01
3.903283227848101111e-01
3.907226562500000222e-01
3.919753086419753285e-01
3.924352134146341653e-01
3.923192771084337283e-01
3.924851190476190688e-01
3.930147058823529327e-01
3.930777616279069742e-01
3.927801724137930939e-01
3.937322443181818232e-01
3.942240168539326017e-01
3.939236111111111271e-01
3.941449175824175977e-01
3.942764945652174058e-01
3.933971774193548154e-01
3.932845744680851241e-01
3.930921052631579093e-01
3.924967447916666852e-01
3.927996134020618757e-01
3.934151785714285476e-01
3.929135101010101105e-01
3.937499999999999889e-01
3.934870049504950451e-01
3.934589460784313486e-01
3.930521844660194164e-01
3.931039663461538547e-01
3.932291666666666852e-01
3.934994103773584717e-01
3.931074766355140415e-01
3.929398148148148251e-01
3.923451834862385357e-01
3.921875000000000222e-01
3.921030405405405150e-01
3.921595982142856984e-01
3.919386061946902866e-01
3.921326754385964786e-01
3.915081521739130488e-01
3.912311422413793371e-01
3.911591880341880323e-01
3.913532838983050932e-01
3.913471638655462437e-01
3.918619791666666519e-01
3.920454545454545303e-01
3.925461065573770392e-01
3.926575203252032353e-01
3.926411290322580627e-01
3.931875000000000231e-01
3.931671626984126755e-01
3.933932086614173040e-01
3.935546875000000000e-01
3.938953488372092804e-01
3.937499999999999889e-01
3.934875954198473469e-01
3.935250946969697239e-01
3.931508458646616466e-01
3.933069029850746468e-01
3.925925925925926041e-01
3.925206801470588203e-01
3.925638686131386890e-01
3.925498188405797118e-01
3.924797661870503829e-01
3.924107142857142794e-01
3.922872340425531679e-01
3.923305457746478764e-01
3.922093531468531236e-01
3.920898437500000000e-01
3.921336206896551824e-01
3.922838184931506933e-01
3.925382653061224580e-01
3.922614020270270285e-01
3.925125838926174504e-01
3.926041666666666430e-01
3.922806291390728561e-01
3.921155427631579093e-01
3.918504901960784270e-01
3.917410714285714524e-01
3.918850806451613100e-01
3.923277243589743390e-01
3.922173566878980888e-01
3.923061708860759444e-01
3.921481918238993725e-01
3.922851562499999889e-01
3.922748447204968958e-01
3.926022376543210068e-01
3.928297546012269881e-01
3.927210365853658347e-01
3.931818181818181879e-01
3.935429216867469826e-01
3.934786676646706560e-01
3.929036458333333148e-01
3.929826183431952558e-01
3.928308823529411686e-01
3.923611111111111049e-01
3.921693313953488191e-01
3.920249277456647197e-01
3.924209770114942541e-01
3.925446428571428559e-01
3.925337357954545303e-01
3.928319209039548010e-01
3.927756320224718989e-01
3.929381983240223253e-01
3.931423611111111160e-01
3.932579419889502548e-01
3.931576236263736313e-01
3.930157103825136500e-01
3.925781250000000000e-01
3.931587837837837718e-01
3.936491935483871218e-01
3.932570187165775333e-01
3.933261303191489255e-01
3.932291666666666852e-01
3.930509868421052655e-01
3.932428010471203939e-01
3.931477864583333148e-01
3.593750000000000000e-01
3.945312500000000000e-01
3.880208333333333148e-01
3.886718750000000000e-01
3.578124999999999778e-01
3.658854166666666852e-01
3.716517857142856984e-01
3.740234375000000000e-01
3.767361111111111049e-01
3.796875000000000111e-01
3.821022727272727071e-01
3.821614583333333148e-01
3.816105769230769273e-01
3.839285714285714524e-01
3.869791666666666519e-01
3.896484375000000000e-01
3.947610294117647189e-01
3.940972222222222099e-01
3.918585526315789269e-01
3.949218749999999778e-01
3.928571428571428492e-01
3.909801136363636465e-01
3.936820652173912971e-01
3.961588541666666852e-01
3.968749999999999778e-01
3.963341346153846367e-01
3.967013888888888951e-01
3.942522321428571508e-01
3.943965517241379559e-01
3.914062500000000111e-01
3.936491935483871218e-01
3.957519531250000000e-01
3.979640151515151381e-01
3.979779411764705621e-01
3.986607142857143127e-01
3.971354166666666852e-01
3.969594594594594850e-01
3.969983552631579093e-01
3.958333333333333148e-01
3.964843750000000000e-01
3.951981707317073211e-01
3.941592261904761640e-01
3.942587209302325646e-01
3.938210227272727071e-01
3.954861111111110938e-01
3.952105978260869734e-01
3.934507978723404409e-01
3.920898437500000000e-01
3.906250000000000000e-01
3.917187500000000044e-01
3.910845588235294379e-01
3.919771634615384359e-01
3.925412735849056478e-01
3.927951388888888951e-01
3.926136363636363869e-01
3.921595982142856984e-01
3.906250000000000000e-01
3.907596982758620441e-01
3.912870762711864181e-01
3.920572916666666408e-01
3.925461065573770392e-01
3.933971774193548154e-01
3.933531746031745935e-01
3.931884765625000000e-01
3.924278846153846367e-01
3.920454545454545303e-01
3.921408582089552231e-01
3.924632352941176405e-01
3.924365942028985588e-01
3.934151785714285476e-01
3.942561619718309984e-01
3.924696180555555802e-01
3.925513698630136994e-01
3.923141891891891997e-01
3.918749999999999734e-01
3.919613486842105088e-01
3.915381493506493449e-01
3.923277243589743390e-01
3.910205696202531667e-01
3.917968749999999889e-01
3.928433641975308532e-01
3.931021341463414864e-01
3.931664156626505924e-01
3.935081845238095344e-01
3.932904411764706065e-01
3.934411337209302584e-01
3.931393678160919336e-01
3.938210227272727071e-01
3.943117977528090012e-01
3.938368055555555580e-01
3.940590659340659219e-01
3.943614130434782705e-01
3.939012096774193727e-01
3.937832446808510745e-01
3.938322368421052766e-01
3.939615885416666852e-01
3.944104381443299112e-01
3.946906887755102233e-01
3.944128787878787845e-01
3.955468750000000200e-01
3.952660891089108675e-01
3.946078431372548878e-01
3.941899271844659935e-01
3.939302884615384359e-01
3.942708333333333481e-01
3.948260613207547065e-01
3.953709112149532690e-01
3.953269675925926152e-01
3.945670871559632809e-01
3.944602272727272818e-01
3.944960585585585711e-01
3.941824776785714524e-01
3.940127212389380462e-01
3.945997807017543879e-01
3.944293478260869623e-01
3.945312500000000000e-01
3.945646367521367659e-01
3.948622881355932090e-01
3.947610294117647189e-01
3.948567708333333148e-01
3.950800619834710647e-01
3.958119877049180446e-01
3.959603658536585136e-01
3.959803427419354982e-01
3.966875000000000262e-01
3.970114087301587213e-01
3.970841535433070613e-01
3.973388671875000000e-01
3.978318798449612670e-01
3.977163461538461564e-01
3.977814885496183117e-01
3.980232007575757458e-01
3.980850563909774653e-01
3.982042910447761153e-01
3.980902777777777790e-01
3.978630514705882582e-01
3.976391423357664157e-01
3.975317028985507206e-01
3.970323741007193985e-01
3.973772321428571397e-01
3.969414893617021489e-01
3.972821302816901268e-01
3.979458041958042203e-01
3.975694444444444198e-01
3.971982758620689613e-01
3.972067636986301165e-01
3.970556972789115457e-01
3.963788006756756577e-01
3.966547818791946178e-01
3.972395833333333126e-01
3.968853476821191939e-01
3.966385690789473450e-01
3.965482026143790639e-01
3.965604707792207972e-01
3.964213709677419373e-01
3.966346153846153633e-01
3.965963375796178192e-01
3.960146360759493889e-01
3.962755503144654301e-01
3.963378906250000222e-01
3.962053571428571508e-01
3.964602623456789932e-01
3.962806748466257689e-01
3.960556402439024404e-01
3.966382575757576023e-01
3.970256024096385783e-01
3.969872754491017841e-01
3.966703869047619180e-01
3.964034763313609711e-01
3.965533088235294046e-01
3.961074561403508665e-01
3.959393168604651292e-01
3.958634393063583667e-01
3.959680316091954144e-01
3.961607142857143105e-01
3.962180397727272929e-01
3.962305790960451990e-01
3.963307584269663009e-01
3.962552374301676061e-01
3.962673611111111049e-01
3.963225138121547197e-01
3.960336538461538547e-01
3.959614071038251581e-01
3.957201086956521618e-01
3.957347972972973249e-01
3.957073252688171894e-01
3.953459224598930288e-01
3.953208111702127825e-01
3.956266534391534306e-01
3.951891447368420796e-01
3.954924738219895430e-01
3.955891927083333148e-01
3.828125000000000000e-01
3.906250000000000000e-01
3.932291666666666852e-01
3.984375000000000000e-01
3.953125000000000111e-01
3.880208333333333148e-01
3.861607142857143016e-01
3.837890625000000000e-01
3.697916666666666852e-01
3.734374999999999778e-01
3.778409090909091161e-01
3.789062500000000000e-01
3.780048076923077094e-01
3.783482142857143016e-01
3.817708333333333370e-01
3.847656250000000000e-01
3.901654411764705621e-01
3.888888888888888951e-01
3.848684210526315819e-01
3.867187500000000000e-01
3.869047619047619180e-01
3.849431818181818232e-01
3.875679347826087029e-01
3.899739583333333148e-01
3.906250000000000000e-01
3.915264423076922906e-01
3.900462962962962798e-01
3.869977678571428492e-01
3.863146551724138122e-01
3.854166666666666852e-01
3.876008064516128782e-01
3.876953125000000000e-01
3.901515151515151381e-01
3.903952205882352811e-01
3.908482142857143127e-01
3.891059027777777901e-01
3.889358108108108003e-01
3.885690789473684181e-01
3.884214743589743390e-01
3.896484375000000000e-01
3.885289634146341653e-01
3.869047619047619180e-01
3.864462209302325646e-01
3.872514204545454697e-01
3.888888888888888951e-01
3.889266304347825942e-01
3.873005319148936088e-01
3.862304687500000000e-01
3.864795918367346927e-01
3.862499999999999822e-01
3.855698529411764608e-01
3.867187500000000000e-01
3.870872641509434109e-01
3.872974537037037202e-01
3.863636363636363535e-01
3.860212053571428492e-01
3.858278508771929571e-01
3.860452586206896686e-01
3.859904661016949068e-01
3.860677083333333148e-01
3.875512295081967040e-01
3.881048387096774355e-01
3.878968253968254065e-01
3.887939453125000000e-01
3.876201923076922906e-01
3.881392045454545303e-01
3.885261194029850929e-01
3.883272058823529216e-01
3.890398550724637472e-01
3.904017857142856873e-01
3.915052816901408717e-01
3.906250000000000000e-01
3.910530821917808098e-01
3.913640202702702853e-01
3.909374999999999933e-01
3.909333881578947456e-01
3.903206168831168665e-01
3.909254807692307820e-01
3.900316455696202778e-01
3.910156249999999778e-01
3.907214506172839719e-01
3.908155487804877981e-01
3.907191265060240837e-01
3.908110119047619180e-01
3.917279411764705843e-01
3.917151162790697416e-01
3.918821839080459668e-01
3.930220170454545303e-01
3.932584269662921517e-01
3.925347222222222432e-01
3.919986263736263687e-01
3.926630434782608647e-01
3.928091397849462485e-01
3.925365691489361430e-01
3.926809210526315819e-01
3.927408854166666852e-01
3.937661082474226970e-01
3.944515306122449161e-01
3.936237373737373479e-01
3.942187500000000067e-01
3.941831683168317002e-01
3.940716911764705621e-01
3.936589805825242983e-01
3.934795673076922906e-01
3.937499999999999889e-01
3.939416273584905870e-01
3.945677570093458209e-01
3.952546296296296502e-01
3.952121559633027248e-01
3.953835227272727293e-01
3.951295045045045140e-01
3.952985491071428492e-01
3.950497787610619538e-01
3.955592105263157632e-01
3.955842391304347783e-01
3.957435344827586188e-01
3.956997863247863068e-01
3.959216101694915113e-01
3.958771008403361158e-01
3.963541666666666741e-01
3.963068181818181768e-01
3.966444672131147486e-01
3.966590447154471621e-01
3.967993951612903136e-01
3.977499999999999925e-01
3.981894841269841279e-01
3.982529527559054983e-01
3.980102539062500000e-01
3.986797480620155043e-01
3.983774038461538325e-01
3.985567748091602969e-01
3.978456439393939226e-01
3.981437969924812026e-01
3.982042910447761153e-01
3.982060185185185008e-01
3.986672794117647189e-01
3.990077554744525523e-01
3.988337862318840354e-01
3.982126798561150816e-01
3.981584821428571508e-01
3.983820921985815611e-01
3.981073943661971870e-01
3.981097027972028135e-01
3.978949652777777901e-01
3.976831896551724088e-01
3.980094178082191902e-01
3.984375000000000000e-01
3.981207770270270285e-01
3.984899328859060619e-01
3.990624999999999867e-01
3.984375000000000000e-01
3.982319078947368363e-01
3.983353758169934644e-01
3.979301948051948146e-01
3.976310483870967860e-01
3.979867788461538547e-01
3.980394108280254639e-01
3.977452531645569445e-01
3.973073899371069029e-01
3.972167968750000000e-01
3.971273291925465632e-01
3.972800925925926152e-01
3.969037576687116653e-01
3.969131097560975596e-01
3.973484848484848397e-01
3.974491716867469826e-01
3.973615269461077681e-01
3.970889136904761640e-01
3.968195266272189214e-01
3.966911764705882137e-01
3.961531432748537918e-01
3.960301598837209225e-01
3.960440751445086782e-01
3.962374281609195581e-01
3.965178571428571441e-01
3.964843750000000000e-01
3.960098870056497078e-01
3.960674157303371024e-01
3.961679469273742815e-01
3.961805555555555358e-01
3.962793508287292821e-01
3.961624313186813406e-01
3.961748633879781378e-01
3.960597826086956763e-01
3.957347972972973249e-01
3.962953629032258118e-01
3.961814839572192493e-01
3.959857047872340496e-01
3.961640211640211628e-01
3.958059210526315708e-01
3.960651178010471396e-01
3.962809244791666852e-01
4.140625000000000000e-01
4.179687500000000000e-01
4.062500000000000000e-01
4.023437500000000000e-01
3.703124999999999889e-01
3.763020833333333148e-01
3.861607142857143016e-01
3.964843750000000000e-01
3.871527777777777901e-01
3.960937500000000222e-01
3.977272727272727071e-01
3.971354166666666852e-01
3.954326923076922906e-01
3.922991071428571508e-01
3.947916666666666519e-01
3.955078125000000000e-01
4.007352941176470784e-01
3.997395833333333148e-01
3.967927631578947456e-01
3.996093749999999889e-01
3.973214285714285476e-01
3.977272727272727071e-01
3.991168478260869734e-01
4.020182291666666852e-01
3.996874999999999734e-01
3.996394230769230727e-01
4.010416666666666852e-01
3.976004464285714524e-01
3.970905172413793371e-01
3.945312500000000000e-01
3.964213709677419373e-01
3.957519531250000000e-01
3.970170454545454697e-01
3.972886029411764608e-01
3.966517857142857206e-01
3.947482638888888951e-01
3.948479729729729715e-01
3.937088815789473450e-01
3.936298076923077094e-01
3.941406250000000222e-01
3.931021341463414864e-01
3.915550595238095344e-01
3.908066860465116421e-01
3.900923295454545303e-01
3.904513888888888618e-01
3.897758152173912971e-01
3.889627659574468321e-01
3.883463541666666852e-01
3.898278061224489943e-01
3.912499999999999867e-01
3.898590686274509554e-01
3.909254807692307820e-01
3.904775943396226467e-01
3.904803240740740700e-01
3.901988636363636354e-01
3.893694196428571508e-01
3.878837719298245390e-01
3.886045258620689502e-01
3.883739406779661008e-01
3.888020833333333259e-01
3.903688524590163689e-01
3.912550403225806273e-01
3.912450396825397081e-01
3.919677734375000000e-01
3.909855769230769496e-01
3.908617424242424310e-01
3.912080223880596841e-01
3.907398897058823595e-01
3.911911231884058204e-01
3.911830357142856984e-01
3.917253521126760618e-01
3.919270833333333148e-01
3.922303082191780921e-01
3.911528716216216006e-01
3.909374999999999933e-01
3.909333881578947456e-01
3.901176948051948146e-01
3.902243589743589758e-01
3.894382911392405000e-01
3.900390624999999778e-01
3.912037037037037202e-01
3.919588414634146423e-01
3.921310240963855609e-01
3.922061011904761640e-01
3.928308823529411686e-01
3.920784883720930258e-01
3.917025862068965747e-01
3.916903409090908839e-01
3.917661516853932491e-01
3.917534722222222321e-01
3.913976648351648602e-01
3.904551630434782705e-01
3.899529569892473124e-01
3.898769946808510745e-01
3.901315789473684403e-01
3.898111979166666852e-01
3.901417525773195893e-01
3.910235969387755306e-01
3.906250000000000000e-01
3.915624999999999800e-01
3.913211633663366551e-01
3.907015931372548878e-01
3.903974514563106624e-01
3.900991586538461453e-01
3.902529761904761640e-01
3.908461084905660576e-01
3.919392523364486070e-01
3.918547453703703498e-01
3.919868119266055051e-01
3.920454545454545303e-01
3.917511261261261146e-01
3.918805803571428492e-01
3.918003318584070693e-01
3.923382675438596423e-01
3.921875000000000222e-01
3.925781250000000000e-01
3.925614316239316448e-01
3.927436440677966045e-01
3.929884453781512521e-01
3.934244791666666741e-01
3.938533057851239527e-01
3.944031762295082122e-01
3.944994918699186726e-01
3.944682459677419373e-01
3.953125000000000111e-01
3.945312500000000000e-01
3.946850393700787607e-01
3.952026367187500000e-01
3.956516472868217282e-01
3.954326923076922906e-01
3.956941793893129500e-01
3.954190340909091161e-01
3.956766917293232932e-01
3.957555970149253532e-01
3.956018518518518712e-01
3.957375919117647189e-01
3.959854014598540028e-01
3.958899456521738913e-01
3.958520683453237154e-01
3.958705357142857095e-01
3.961103723404255095e-01
3.965669014084506894e-01
3.967985139860140120e-01
3.969184027777777901e-01
3.966594827586206740e-01
3.962970890410958957e-01
3.968431122448979331e-01
3.964843750000000000e-01
3.967596476510066861e-01
3.971354166666666852e-01
3.965749172185430438e-01
3.962787828947368363e-01
3.961907679738562171e-01
3.961546266233766378e-01
3.958669354838709742e-01
3.958834134615384359e-01
3.953523089171974703e-01
3.952729430379746667e-01
3.951454402515723330e-01
3.951660156249999778e-01
3.949922360248447339e-01
3.951099537037037202e-01
3.945552147239264063e-01
3.941977896341463672e-01
3.948863636363636465e-01
3.953313253012047945e-01
3.953031437125748560e-01
3.949497767857143016e-01
3.948779585798816716e-01
3.951286764705882470e-01
3.949195906432748648e-01
3.948492005813953321e-01
3.953215317919074878e-01
3.956088362068965747e-01
3.959374999999999978e-01
3.959073153409091161e-01
3.958774717514124131e-01
3.960235252808989026e-01
3.961243016759776747e-01
3.961371527777777790e-01
3.965814917127071793e-01
3.966775412087912289e-01
3.966871584699453446e-01
3.966542119565217295e-01
3.971706081081081141e-01
3.974714381720430012e-01
3.972677139037433247e-01
3.968999335106382920e-01
3.971147486772486634e-01
3.968749999999999778e-01
3.970467931937172734e-01
3.969726562500000000e-01
4.218750000000000000e-01
4.414062500000000000e-01
4.270833333333333148e-01
4.160156250000000000e-01
4.015624999999999889e-01
4.114583333333333148e-01
4.062500000000000000e-01
4.101562500000000000e-01
4.079861111111111049e-01
4.093749999999999889e-01
4.119318181818181768e-01
4.101562500000000000e-01
4.074519230769230727e-01
4.040178571428571508e-01
4.041666666666666741e-01
4.057617187500000000e-01
4.076286764705882582e-01
4.075520833333333148e-01
4.070723684210526550e-01
4.082031250000000000e-01
4.040178571428571508e-01
4.034090909090908839e-01
4.045516304347825942e-01
4.039713541666666852e-01
4.000000000000000222e-01
4.014423076923077094e-01
4.016203703703703498e-01
3.984375000000000000e-01
3.984375000000000000e-01
3.966145833333333259e-01
3.994455645161290591e-01
4.003906250000000000e-01
4.024621212121212155e-01
4.039522058823529216e-01
4.051339285714285476e-01
4.036458333333333148e-01
4.028716216216216006e-01
4.025493421052631637e-01
4.024439102564102422e-01
4.025390624999999889e-01
3.991996951219511924e-01
3.986235119047619180e-01
3.984375000000000000e-01
3.982599431818181768e-01
3.996527777777778012e-01
3.986073369565217295e-01
3.966090425531915153e-01
3.968098958333333148e-01
3.970025510204081565e-01
3.990624999999999867e-01
3.985906862745098311e-01
3.990384615384615641e-01
3.990271226415094130e-01
4.000289351851851749e-01
3.992897727272727293e-01
3.985770089285714524e-01
3.970668859649122973e-01
3.974946120689655249e-01
3.969809322033898136e-01
3.975260416666666630e-01
3.994620901639344135e-01
4.002016129032258118e-01
3.999255952380952328e-01
3.997802734375000000e-01
3.972355769230769273e-01
3.974905303030302761e-01
3.971548507462686617e-01
3.967141544117647189e-01
3.973052536231884146e-01
3.976562499999999889e-01
3.971170774647887480e-01
3.973524305555555802e-01
3.975813356164383805e-01
3.976984797297297147e-01
3.967708333333333504e-01
3.971011513157894912e-01
3.975243506493506551e-01
3.981370192307692180e-01
3.973496835443037778e-01
3.973632812499999778e-01
3.981481481481481399e-01
3.981516768292682751e-01
3.983433734939759163e-01
3.987165178571428492e-01
3.993566176470588203e-01
3.990734011627907196e-01
3.990660919540229834e-01
4.004794034090908839e-01
4.007198033707864981e-01
4.005208333333333259e-01
4.009271978021978211e-01
4.012398097826087029e-01
4.003696236559139976e-01
4.000997340425531679e-01
4.003289473684210620e-01
4.003092447916666852e-01
4.010148195876288568e-01
4.014668367346938549e-01
4.008049242424242542e-01
4.016406249999999734e-01
4.015315594059405968e-01
4.013480392156862919e-01
4.010922330097087540e-01
4.006159855769230727e-01
4.007440476190476386e-01
4.015330188679245293e-01
4.023802570093458209e-01
4.029224537037037202e-01
4.028096330275229286e-01
4.026278409090909283e-01
4.024493243243243423e-01
4.024135044642856984e-01
4.023091814159291957e-01
4.022066885964912242e-01
4.021739130434782705e-01
4.016029094827586188e-01
4.015090811965811857e-01
4.017478813559322015e-01
4.018513655462184753e-01
4.024088541666666630e-01
4.027634297520661377e-01
4.034964139344262568e-01
4.036458333333333148e-01
4.037298387096774355e-01
4.049375000000000058e-01
4.043278769841269771e-01
4.041584645669291098e-01
4.040527343750000000e-01
4.032824612403100861e-01
4.031850961538461786e-01
4.033874045801526531e-01
4.035274621212120993e-01
4.032542293233082886e-01
4.032765858208955390e-01
4.032407407407407329e-01
4.034926470588235392e-01
4.037408759124087587e-01
4.036458333333333148e-01
4.029901079136690711e-01
4.030133928571428825e-01
4.033133865248226813e-01
4.036091549295774406e-01
4.040646853146853124e-01
4.039713541666666852e-01
4.039331896551723866e-01
4.044841609589041043e-01
4.047087585034013779e-01
4.044552364864865135e-01
4.046245805369127480e-01
4.046874999999999778e-01
4.041287251655629187e-01
4.038856907894736725e-01
4.039011437908496815e-01
4.037642045454545303e-01
4.032258064516128782e-01
4.034955929487179516e-01
4.034136146496815067e-01
4.032337816455696111e-01
4.031544811320754707e-01
4.034667968749999778e-01
4.031929347826087029e-01
4.032118055555555802e-01
4.032783742331288446e-01
4.031059451219511924e-01
4.033143939393939448e-01
4.035673945783132543e-01
4.032092065868263520e-01
4.029017857142856984e-01
4.021819526627218866e-01
4.022518382352940902e-01
4.013157894736842368e-01
4.011173691860465129e-01
4.015534682080925122e-01
4.018049568965517127e-01
4.019196428571428781e-01
4.022549715909091161e-01
4.022334039548022822e-01
4.021242977528090012e-01
4.020600558659218060e-01
4.021267361111111049e-01
4.024948204419889763e-01
4.022578983516483242e-01
4.023224043715846743e-01
4.015370244565217295e-01
4.018158783783783994e-01
4.020497311827956888e-01
4.019050802139037537e-01
4.017619680851063912e-01
4.019097222222222099e-01
4.019325657894736725e-01
4.022005890052355870e-01
4.021402994791666852e-01
4.140625000000000000e-01
4.179687500000000000e-01
4.192708333333333148e-01
4.082031250000000000e-01
3.906250000000000000e-01
4.036458333333333148e-01
3.995535714285714524e-01
4.052734375000000000e-01
3.914930555555555802e-01
4.000000000000000222e-01
3.998579545454545303e-01
3.990885416666666852e-01
3.954326923076922906e-01
3.906250000000000000e-01
3.916666666666666630e-01
3.935546875000000000e-01
4.002757352941176405e-01
4.006076388888888951e-01
3.955592105263157632e-01
3.992187500000000111e-01
3.936011904761904656e-01
3.920454545454545303e-01
3.957201086956521618e-01
3.971354166666666852e-01
3.962499999999999911e-01
3.945312500000000000e-01
3.958333333333333148e-01
3.942522321428571508e-01
3.943965517241379559e-01
3.929687499999999778e-01
3.956653225806451846e-01
3.964843750000000000e-01
3.982007575757575690e-01
3.995863970588235392e-01
4.008928571428571619e-01
3.986545138888888951e-01
3.984375000000000000e-01
3.984375000000000000e-01
3.978365384615384359e-01
3.982421875000000111e-01
3.965320121951219634e-01
3.965773809523809312e-01
3.968023255813953321e-01
3.984375000000000000e-01
3.994791666666666630e-01
3.997961956521738913e-01
3.994348404255319007e-01
3.979492187500000000e-01
3.995535714285714524e-01
4.004687499999999845e-01
4.004289215686274717e-01
4.014423076923077094e-01
4.007959905660377631e-01
4.011863425925926152e-01
4.004261363636363869e-01
3.996930803571428492e-01
3.984375000000000000e-01
3.993803879310344751e-01
3.996292372881355970e-01
4.001302083333333481e-01
4.007428278688524581e-01
4.013356854838709409e-01
4.010416666666666852e-01
4.016113281250000000e-01
4.003605769230769162e-01
4.006865530303030387e-01
4.012360074626865614e-01
4.016544117647058987e-01
4.020606884057971175e-01
4.018973214285714302e-01
4.017385563380281854e-01
4.022352430555555802e-01
4.023972602739726012e-01
4.025548986486486291e-01
4.017708333333333548e-01
4.005962171052631637e-01
4.003652597402597157e-01
4.006410256410256610e-01
3.996242088607595000e-01
4.000000000000000222e-01
4.007523148148148251e-01
4.011051829268292845e-01
4.015436746987952055e-01
4.017857142857143016e-01
4.022058823529411908e-01
4.022529069767442067e-01
4.017600574712643646e-01
4.034090909090908839e-01
4.026509831460673983e-01
4.027777777777777901e-01
4.029017857142856984e-01
4.037024456521738913e-01
4.033098118279569988e-01
4.034242021276595591e-01
4.037006578947368585e-01
4.028320312500000000e-01
4.030283505154639290e-01
4.033801020408163129e-01
4.024621212121212155e-01
4.033593750000000200e-01
4.026144801980198196e-01
4.022671568627451122e-01
4.012439320388349606e-01
4.013671875000000000e-01
4.014880952380952550e-01
4.019752358490565891e-01
4.026723130841121656e-01
4.028501157407407551e-01
4.027379587155963114e-01
4.026988636363636465e-01
4.028716216216216006e-01
4.022042410714285476e-01
4.019634955752212635e-01
4.015899122807017330e-01
4.010869565217391464e-01
4.008620689655172376e-01
4.011752136752136932e-01
4.016154661016949068e-01
4.016544117647058987e-01
4.020833333333333481e-01
4.017303719008264440e-01
4.023437500000000000e-01
4.023755081300813274e-01
4.025327620967741882e-01
4.038125000000000187e-01
4.035218253968254065e-01
4.037893700787401619e-01
4.028930664062500000e-01
4.032824612403100861e-01
4.033653846153846256e-01
4.033874045801526531e-01
4.034090909090908839e-01
4.036066729323308233e-01
4.036847014925373234e-01
4.034722222222222321e-01
4.034926470588235392e-01
4.033416970802919943e-01
4.033627717391304324e-01
4.031587230215827322e-01
4.031250000000000111e-01
4.032025709219858034e-01
4.031690140845070602e-01
4.030812937062936974e-01
4.030490451388888951e-01
4.030172413793103314e-01
4.028788527397260122e-01
4.033269557823129237e-01
4.032411317567567433e-01
4.035234899328858926e-01
4.037499999999999978e-01
4.034043874172185684e-01
4.030633223684210731e-01
4.029820261437908613e-01
4.025466720779220520e-01
4.021673387096774133e-01
4.023437500000000000e-01
4.022691082802547502e-01
4.019481803797468333e-01
4.021226415094339424e-01
4.022460937499999778e-01
4.016886645962732816e-01
4.016685956790123635e-01
4.014570552147239124e-01
4.012480945121951192e-01
4.018465909090909172e-01
4.022025602409638467e-01
4.021332335329341201e-01
4.020182291666666852e-01
4.015347633136094885e-01
4.013327205882352700e-01
4.010873538011696104e-01
4.007994186046511809e-01
4.008309248554913218e-01
4.010865660919540332e-01
4.016071428571428847e-01
4.018554687500000000e-01
4.018361581920903980e-01
4.019487359550562022e-01
4.018418296089385500e-01
4.019097222222222099e-01
4.021926795580110237e-01
4.020003434065934078e-01
4.020235655737705027e-01
4.015794836956521618e-01
4.021114864864864802e-01
4.024277553763440651e-01
4.024899732620320636e-01
4.023853058510638570e-01
4.026537698412698263e-01
4.027138157894736836e-01
4.030595549738220096e-01
4.033203125000000000e-01
4.765625000000000000e-01
4.726562500000000000e-01
4.479166666666666852e-01
4.335937500000000000e-01
3.984375000000000000e-01
3.893229166666666852e-01
3.906250000000000000e-01
3.945312500000000000e-01
3.940972222222222099e-01
3.976562499999999889e-01
4.041193181818181768e-01
4.049479166666666852e-01
4.026442307692307820e-01
4.029017857142856984e-01
4.052083333333333370e-01
4.003906250000000000e-01
4.039522058823529216e-01
4.032118055555555802e-01
4.021381578947368363e-01
4.058593750000000222e-01
4.014136904761904656e-01
4.023437500000000000e-01
4.045516304347825942e-01
4.042968750000000000e-01
4.046874999999999778e-01
4.053485576923077094e-01
4.076967592592592449e-01
4.059709821428571508e-01
4.062500000000000000e-01
4.052083333333333370e-01
4.075100806451613100e-01
4.077148437500000000e-01
4.079071969696969613e-01
4.085477941176470784e-01
4.064732142857143127e-01
4.034288194444444198e-01
4.032939189189189144e-01
4.027549342105263275e-01
4.020432692307692180e-01
4.035156249999999889e-01
4.012957317073170826e-01
4.010416666666666852e-01
4.009811046511627675e-01
4.012784090909091161e-01
4.022569444444444309e-01
4.016644021739130266e-01
4.014295212765957577e-01
4.007161458333333148e-01
4.019451530612244694e-01
4.014062500000000200e-01
4.013480392156862919e-01
4.020432692307692180e-01
4.028596698113207641e-01
4.019097222222222099e-01
4.021306818181818454e-01
4.016462053571428492e-01
3.999451754385964786e-01
4.018049568965517127e-01
4.018802966101694962e-01
4.022135416666666741e-01
4.033043032786885473e-01
4.041078629032258118e-01
4.042658730158730229e-01
4.046630859375000000e-01
4.031250000000000111e-01
4.030539772727272929e-01
4.018190298507462455e-01
4.000459558823529216e-01
4.009284420289855322e-01
4.013392857142857317e-01
4.016285211267605626e-01
4.008246527777777901e-01
4.012200342465753189e-01
4.005489864864865135e-01
4.003125000000000155e-01
4.004934210526315819e-01
4.003652597402597157e-01
4.010416666666666852e-01
4.005142405063291111e-01
4.009765625000000222e-01
4.018132716049382935e-01
4.024390243902439268e-01
4.022025602409638467e-01
4.022507440476190688e-01
4.012867647058823706e-01
4.013444767441860517e-01
4.017600574712643646e-01
4.028764204545454697e-01
4.034410112359550493e-01
4.031250000000000111e-01
4.030734890109889945e-01
4.032778532608695676e-01
4.029737903225806273e-01
4.027593085106382920e-01
4.028782894736842035e-01
4.025878906250000000e-01
4.032699742268041065e-01
4.036192602040816202e-01
4.029356060606060774e-01
4.041406249999999756e-01
4.042388613861386260e-01
4.034160539215686514e-01
4.036711165048543770e-01
4.024939903846153633e-01
4.024553571428571286e-01
4.027122641509434109e-01
4.029643691588785104e-01
4.025607638888888951e-01
4.021645642201834847e-01
4.022017045454545636e-01
4.021677927927927998e-01
4.019949776785714524e-01
4.018252212389380462e-01
4.019325657894736725e-01
4.016983695652173725e-01
4.020070043103448065e-01
4.021100427350427498e-01
4.026085805084745894e-01
4.027048319327731218e-01
4.029947916666666852e-01
4.031508264462809743e-01
4.038165983606557541e-01
4.038998983739837123e-01
4.041708669354838745e-01
4.054375000000000062e-01
4.056919642857143016e-01
4.054502952755905665e-01
4.059448242187500000e-01
4.064316860465116421e-01
4.063701923076923350e-01
4.060710877862595547e-01
4.062500000000000000e-01
4.062500000000000000e-01
4.060750932835821003e-01
4.059606481481481399e-01
4.060776654411764608e-01
4.059648722627737238e-01
4.052309782608695676e-01
4.050696942446043169e-01
4.051339285714285476e-01
4.050310283687943436e-01
4.053147007042253724e-01
4.053758741258741138e-01
4.052734375000000000e-01
4.050646551724138011e-01
4.048587328767123128e-01
4.052402210884353817e-01
4.050886824324324564e-01
4.045721476510066861e-01
4.048958333333333437e-01
4.046978476821191939e-01
4.047080592105263275e-01
4.046160130718954306e-01
4.043222402597402843e-01
4.042338709677419373e-01
4.044971955128205399e-01
4.046078821656051150e-01
4.042721518987341667e-01
4.041863207547169989e-01
4.044433593749999778e-01
4.042119565217391353e-01
4.044174382716049232e-01
4.042369631901840399e-01
4.039157774390244038e-01
4.037405303030303094e-01
4.040380271084337283e-01
4.037705838323353280e-01
4.034133184523809312e-01
4.030140532544378429e-01
4.032628676470588203e-01
4.028691520467836407e-01
4.026162790697674354e-01
4.029082369942196262e-01
4.033315373563218231e-01
4.034821428571428448e-01
4.032759232954545303e-01
4.031161723163841915e-01
4.032215589887640506e-01
4.032821229050279066e-01
4.034722222222222321e-01
4.038328729281768226e-01
4.037603021978021789e-01
4.037312158469945622e-01
4.034901494565217295e-01
4.034628378378378177e-01
4.040238575268817467e-01
4.035762032085561390e-01
4.034657579787234161e-01
4.033564814814814548e-01
4.033305921052631748e-01
4.038367146596858470e-01
4.038085937500000000e-01
4.062500000000000000e-01
4.375000000000000000e-01
4.140625000000000000e-01
4.003906250000000000e-01
3.812499999999999778e-01
3.880208333333333148e-01
3.906250000000000000e-01
4.023437500000000000e-01
3.958333333333333148e-01
3.984375000000000000e-01
4.055397727272727071e-01
4.016927083333333148e-01
3.972355769230769273e-01
3.917410714285714524e-01
3.953125000000000111e-01
3.935546875000000000e-01
3.984375000000000000e-01
3.971354166666666852e-01
3.963815789473684181e-01
4.003906250000000000e-01
3.984375000000000000e-01
3.987926136363636465e-01
4.028532608695652439e-01
4.029947916666666852e-01
4.043749999999999845e-01
4.014423076923077094e-01
4.004629629629629650e-01
3.939732142857143016e-01
3.938577586206896686e-01
3.934895833333333370e-01
3.939012096774193727e-01
3.952636718750000000e-01
3.967803030303030387e-01
3.988970588235294379e-01
3.988839285714285698e-01
3.975694444444444198e-01
3.969594594594594850e-01
3.969983552631579093e-01
3.966346153846153633e-01
3.974609375000000000e-01
3.965320121951219634e-01
3.956473214285714524e-01
3.953488372093023062e-01
3.955965909090908839e-01
3.968749999999999778e-01
3.960597826086956763e-01
3.946143617021276584e-01
3.924153645833333148e-01
3.936543367346938549e-01
3.946875000000000244e-01
3.947610294117647189e-01
3.951322115384615641e-01
3.953419811320754707e-01
3.945312500000000000e-01
3.944602272727272818e-01
3.945312500000000000e-01
3.936403508771929571e-01
3.935883620689655249e-01
3.943326271186440857e-01
3.945312500000000000e-01
3.956198770491803351e-01
3.967993951612903136e-01
3.960813492063491870e-01
3.973388671875000000e-01
3.968749999999999778e-01
3.968986742424242542e-01
3.970382462686566916e-01
3.970588235294117418e-01
3.973052536231884146e-01
3.978794642857143016e-01
3.987676056338028130e-01
3.977864583333333148e-01
3.974743150684931781e-01
3.973817567567567433e-01
3.971875000000000266e-01
3.974095394736842368e-01
3.972199675324675217e-01
3.973357371794871695e-01
3.964596518987341667e-01
3.974609375000000000e-01
3.982445987654321118e-01
3.987233231707317249e-01
3.985316265060240837e-01
3.987165178571428492e-01
3.995404411764705843e-01
3.998001453488372325e-01
3.987068965517241437e-01
4.001242897727272929e-01
3.997542134831460481e-01
3.993923611111110938e-01
3.982657967032967039e-01
3.980978260869565410e-01
3.979334677419354982e-01
3.979388297872340496e-01
3.981907894736841924e-01
3.982747395833333148e-01
3.987596649484536071e-01
3.997130102040816202e-01
3.993055555555555802e-01
4.005468750000000244e-01
4.006033415841583900e-01
4.002757352941176405e-01
3.998786407766990458e-01
3.997896634615384359e-01
3.999255952380952328e-01
4.006485849056603543e-01
4.007009345794392274e-01
4.012586805555555802e-01
4.010894495412843930e-01
4.012073863636363424e-01
4.009712837837837718e-01
4.003906250000000000e-01
4.005807522123893682e-01
4.009046052631579093e-01
4.006793478260869401e-01
4.014008620689655249e-01
4.013755341880341776e-01
4.019465042372881158e-01
4.021139705882352811e-01
4.026041666666666519e-01
4.030216942148760473e-01
4.036885245901639108e-01
4.040904471544715659e-01
4.041078629032258118e-01
4.053749999999999853e-01
4.057539682539682557e-01
4.058193897637795144e-01
4.060668945312500000e-01
4.064316860465116421e-01
4.063701923076923350e-01
4.061903625954198516e-01
4.064275568181818232e-01
4.064262218045112673e-01
4.065415111940298698e-01
4.060185185185185008e-01
4.061925551470588203e-01
4.061929744525547559e-01
4.063632246376811530e-01
4.063624100719424592e-01
4.065848214285714413e-01
4.067486702127659504e-01
4.066351232394366244e-01
4.069602272727272929e-01
4.070638020833333148e-01
4.069504310344827513e-01
4.068386130136986134e-01
4.071534863945578397e-01
4.067250844594594850e-01
4.070364932885905951e-01
4.075520833333333148e-01
4.070778145695364003e-01
4.066611842105263275e-01
4.068627450980392135e-01
4.061485389610389740e-01
4.057459677419354982e-01
4.058994391025640969e-01
4.057523885350318715e-01
4.056071993670886111e-01
4.057095125786163714e-01
4.058105468750000111e-01
4.058132763975155211e-01
4.060088734567900981e-01
4.060103527607362150e-01
4.058212652439024404e-01
4.062973484848484973e-01
4.068147590361445576e-01
4.062967814371257758e-01
4.062034970238095344e-01
4.060188609467455523e-01
4.060202205882352811e-01
4.054733187134502703e-01
4.054778343023255904e-01
4.051661849710982422e-01
4.054418103448275690e-01
4.054464285714285965e-01
4.055841619318181768e-01
4.052348163841807960e-01
4.052844101123595499e-01
4.051588687150837753e-01
4.052083333333333370e-01
4.051709254143646133e-01
4.049192994505494414e-01
4.050973360655737432e-01
4.048063858695652439e-01
4.048141891891892108e-01
4.052839381720430012e-01
4.051219919786096524e-01
4.050033244680851241e-01
4.053406084656084873e-01
4.053865131578947567e-01
4.059227748691099369e-01
4.060872395833333148e-01
3.593750000000000000e-01
4.140625000000000000e-01
4.140625000000000000e-01
4.062500000000000000e-01
3.921875000000000222e-01
4.036458333333333148e-01
4.006696428571428492e-01
4.091796875000000000e-01
4.001736111111111049e-01
4.023437500000000000e-01
4.083806818181818232e-01
4.075520833333333148e-01
4.038461538461538547e-01
4.034598214285714524e-01
4.036458333333333148e-01
4.018554687500000000e-01
4.053308823529411797e-01
4.040798611111111049e-01
4.029605263157894912e-01
4.078125000000000222e-01
4.058779761904761640e-01
4.062500000000000000e-01
4.059103260869565410e-01
4.046223958333333148e-01
4.059375000000000067e-01
4.074519230769230727e-01
4.074074074074073848e-01
4.054129464285714524e-01
4.043642241379310498e-01
4.044270833333333259e-01
4.067540322580645018e-01
4.069824218750000000e-01
4.083806818181818232e-01
4.099264705882352811e-01
4.089285714285714191e-01
4.066840277777777901e-01
4.062500000000000000e-01
4.066611842105263275e-01
4.074519230769230727e-01
4.076171874999999778e-01
4.064405487804877981e-01
4.056919642857143016e-01
4.044331395348837455e-01
4.057173295454545303e-01
4.050347222222221988e-01
4.059103260869565410e-01
4.059175531914893664e-01
4.044596354166666852e-01
4.051339285714285476e-01
4.065624999999999933e-01
4.051776960784313486e-01
4.053485576923077094e-01
4.059551886792452935e-01
4.062500000000000000e-01
4.058238636363636354e-01
4.055524553571428492e-01
4.048793859649122973e-01
4.071928879310344751e-01
4.073093220338983023e-01
4.070312500000000111e-01
4.088114754098360892e-01
4.097782258064516236e-01
4.093501984126984294e-01
4.097900390625000000e-01
4.091346153846153744e-01
4.089725378787879007e-01
4.086986940298507620e-01
4.095818014705882582e-01
4.097599637681159646e-01
4.107142857142856984e-01
4.104313380281690016e-01
4.102647569444444198e-01
4.093535958904109817e-01
4.094172297297297147e-01
4.085416666666666918e-01
4.085115131578947456e-01
4.082792207792207972e-01
4.091546474358974117e-01
4.080300632911392222e-01
4.086914062500000000e-01
4.093364197530864335e-01
4.092035060975609539e-01
4.087914156626505924e-01
4.086681547619047672e-01
4.094669117647058987e-01
4.095203488372092804e-01
4.096623563218390607e-01
4.108664772727272929e-01
4.116046348314606473e-01
4.110243055555555802e-01
4.106284340659340781e-01
4.108355978260869734e-01
4.104502688172043112e-01
4.102393617021276584e-01
4.100328947368421240e-01
4.100748697916666852e-01
4.105186855670103219e-01
4.114317602040816202e-01
4.106691919191919338e-01
4.114062499999999734e-01
4.112004950495049549e-01
4.103860294117647189e-01
4.099666262135922556e-01
4.093299278846153633e-01
4.095982142857143016e-01
4.101562500000000000e-01
4.107038551401869242e-01
4.109519675925926152e-01
4.105504587155963114e-01
4.103693181818181546e-01
4.097691441441441706e-01
4.091099330357143016e-01
4.088772123893805177e-01
4.089912280701754610e-01
4.088994565217391464e-01
4.091460129310344751e-01
4.094551282051281937e-01
4.100238347457627053e-01
4.097951680672268782e-01
4.101562500000000000e-01
4.101885330578512456e-01
4.107325819672131284e-01
4.109502032520325199e-01
4.111643145161290591e-01
4.123125000000000262e-01
4.117683531746031966e-01
4.115403543307086798e-01
4.120483398437500000e-01
4.126695736434108364e-01
4.123197115384615308e-01
4.121541030534351391e-01
4.126420454545454697e-01
4.127114661654135430e-01
4.123717350746268773e-01
4.116898148148148140e-01
4.118221507352941013e-01
4.120095802919708228e-01
4.121376811594202882e-01
4.118142985611510931e-01
4.118303571428571508e-01
4.118461879432623873e-01
4.121919014084506894e-01
4.120410839160839056e-01
4.122721354166666852e-01
4.122306034482758896e-01
4.126177226027397116e-01
4.126806972789115457e-01
4.126372466216216006e-01
4.129614093959731447e-01
4.132812499999999889e-01
4.124586092715231689e-01
4.122635690789473450e-01
4.124285130718954306e-01
4.117288961038961248e-01
4.116935483870967638e-01
4.118088942307692180e-01
4.118232484076433386e-01
4.119363132911392222e-01
4.121953616352201366e-01
4.123046874999999889e-01
4.121700310559006097e-01
4.121817129629629650e-01
4.122891104294478803e-01
4.119188262195122019e-01
4.121212121212121104e-01
4.123682228915662717e-01
4.120508982035928081e-01
4.119698660714285476e-01
4.117973372781065233e-01
4.121323529411764497e-01
4.119152046783625676e-01
4.118368459302325646e-01
4.119400289017340899e-01
4.121318247126437018e-01
4.118749999999999911e-01
4.119318181818181768e-01
4.114141949152542166e-01
4.115168539325842478e-01
4.115310754189944187e-01
4.117187500000000222e-01
4.118180248618784622e-01
4.107572115384615641e-01
4.107325819672131284e-01
4.104959239130434590e-01
4.105574324324324231e-01
4.108702956989247479e-01
4.107620320855615015e-01
4.105302526595744905e-01
4.107969576719576743e-01
4.107730263157894912e-01
4.111174738219895430e-01
4.112141927083333148e-01
4.140625000000000000e-01
4.570312500000000000e-01
4.479166666666666852e-01
4.316406250000000000e-01
4.156250000000000222e-01
4.062500000000000000e-01
4.073660714285714524e-01
4.179687500000000000e-01
4.157986111111111049e-01
4.179687500000000000e-01
4.225852272727272929e-01
4.225260416666666852e-01
4.194711538461538547e-01
4.213169642857143016e-01
4.234375000000000222e-01
4.218750000000000000e-01
4.269301470588235392e-01
4.257812500000000000e-01
4.243421052631579093e-01
4.257812500000000000e-01
4.233630952380952328e-01
4.204545454545454697e-01
4.174592391304347561e-01
4.205729166666666852e-01
4.209375000000000200e-01
4.170673076923077094e-01
4.178240740740740700e-01
4.160156250000000000e-01
4.159482758620689502e-01
4.151041666666666630e-01
4.168346774193548154e-01
4.169921875000000000e-01
4.173768939393939226e-01
4.188878676470588203e-01
4.205357142857142905e-01
4.194878472222222099e-01
4.191300675675675436e-01
4.177631578947368363e-01
4.172676282051281937e-01
4.195312500000000222e-01
4.190167682926829174e-01
4.179687500000000000e-01
4.180595930232557933e-01
4.169034090909091161e-01
4.173611111111111271e-01
4.177989130434782705e-01
4.158909574468084847e-01
4.142252604166666852e-01
4.154974489795918435e-01
4.165625000000000022e-01
4.169730392156862919e-01
4.178185096153846367e-01
4.178950471698112956e-01
4.191261574074073848e-01
4.188920454545454475e-01
4.178292410714285476e-01
4.166666666666666852e-01
4.163523706896551935e-01
4.157838983050847204e-01
4.157552083333333481e-01
4.170081967213114527e-01
4.173387096774193727e-01
4.172867063492063378e-01
4.166259765625000000e-01
4.152644230769230727e-01
4.157196969696969613e-01
4.155783582089552231e-01
4.138327205882352811e-01
4.137228260869565410e-01
4.122767857142857206e-01
4.124119718309859350e-01
4.114583333333333148e-01
4.116010273972602884e-01
4.114231418918918859e-01
4.108333333333333282e-01
4.106702302631579093e-01
4.096996753246753276e-01
4.105568910256410242e-01
4.103045886075949444e-01
4.101562500000000000e-01
4.102044753086419582e-01
4.107278963414633943e-01
4.111445783132530174e-01
4.106212797619047672e-01
4.107536764705882470e-01
4.097928779069767713e-01
4.086745689655172376e-01
4.101562500000000000e-01
4.099367977528090012e-01
4.099826388888888618e-01
4.099416208791208938e-01
4.100713315217391353e-01
4.096102150537634379e-01
4.079953457446808263e-01
4.080592105263157743e-01
4.076334635416666852e-01
4.085051546391752497e-01
4.087213010204081565e-01
4.083806818181818232e-01
4.091406249999999800e-01
4.088025990099010132e-01
4.086243872549019662e-01
4.083737864077670032e-01
4.081280048076922906e-01
4.081101190476190688e-01
4.089770047169811185e-01
4.093896028037383172e-01
4.095775462962962798e-01
4.086869266055045968e-01
4.088068181818181879e-01
4.087134009009009139e-01
4.080636160714285476e-01
4.077710176991150570e-01
4.082373903508771940e-01
4.078125000000000222e-01
4.077990301724138122e-01
4.078525641025640969e-01
4.085672669491525189e-01
4.086134453781512521e-01
4.087890625000000222e-01
4.094783057851239527e-01
4.100922131147540783e-01
4.104420731707317249e-01
4.101562500000000000e-01
4.107500000000000040e-01
4.105902777777777901e-01
4.106176181102362266e-01
4.105834960937500000e-01
4.112160852713178105e-01
4.108774038461538436e-01
4.104246183206106680e-01
4.104521780303030387e-01
4.105968045112781684e-01
4.103894589552238847e-01
4.101273148148147918e-01
4.101562500000000000e-01
4.101847627737226221e-01
4.093070652173912971e-01
4.091726618705036067e-01
4.094866071428571175e-01
4.095744680851063912e-01
4.097161091549295642e-01
4.094733391608391671e-01
4.093967013888888951e-01
4.088900862068965414e-01
4.095676369863013866e-01
4.098639455782313035e-01
4.095755912162162282e-01
4.098154362416107643e-01
4.099479166666666896e-01
4.094577814569536622e-01
4.093338815789473450e-01
4.090073529411764608e-01
4.087357954545454697e-01
4.088205645161290258e-01
4.090044070512820484e-01
4.089371019108280492e-01
4.088706487341772222e-01
4.088541666666666852e-01
4.087402343750000111e-01
4.086277173913043237e-01
4.086612654320987414e-01
4.085985429447852590e-01
4.085365853658536328e-01
4.089015151515151270e-01
4.094503012048192891e-01
4.091504491017964318e-01
4.088541666666666852e-01
4.088387573964497035e-01
4.091911764705882248e-01
4.089455409356725357e-01
4.088844476744186163e-01
4.090950144508670450e-01
4.094378591954023205e-01
4.095535714285714057e-01
4.097123579545454697e-01
4.094721045197740050e-01
4.093223314606741492e-01
4.086068435754189876e-01
4.086371527777777901e-01
4.089692679558011301e-01
4.089543269230769273e-01
4.090676229508196649e-01
4.084578804347825942e-01
4.087837837837837718e-01
4.088961693548386900e-01
4.086731283422460059e-01
4.085771276595744905e-01
4.090195105820105814e-01
4.090871710526315930e-01
4.096040575916230497e-01
4.099934895833333148e-01
4.062500000000000000e-01
4.531250000000000000e-01
4.322916666666666852e-01
4.277343750000000000e-01
4.046874999999999778e-01
4.036458333333333148e-01
4.062500000000000000e-01
4.140625000000000000e-01
4.149305555555555802e-01
4.187500000000000111e-01
4.169034090909091161e-01
4.166666666666666852e-01
4.134615384615384359e-01
4.095982142857143016e-01
4.130208333333333370e-01
4.077148437500000000e-01
4.136029411764705621e-01
4.123263888888888951e-01
4.115953947368420907e-01
4.167968750000000111e-01
4.099702380952380820e-01
4.087357954545454697e-01
4.116847826086956763e-01
4.137369791666666852e-01
4.153124999999999734e-01
4.131610576923077094e-01
4.152199074074073848e-01
4.112723214285714524e-01
4.108297413793103314e-01
4.085937499999999778e-01
4.107862903225806273e-01
4.113769531250000000e-01
4.128787878787879007e-01
4.152113970588235392e-01
4.154017857142857095e-01
4.127604166666666852e-01
4.119510135135134865e-01
4.120065789473684181e-01
4.126602564102563875e-01
4.148437500000000111e-01
4.138719512195122019e-01
4.136904761904761640e-01
4.129723837209302584e-01
4.133522727272727071e-01
4.140625000000000000e-01
4.152513586956521618e-01
4.138962765957446832e-01
4.116210937500000000e-01
4.119897959183673741e-01
4.135937499999999822e-01
4.123774509803921351e-01
4.127103365384615641e-01
4.122936320754717054e-01
4.123263888888888951e-01
4.120738636363636131e-01
4.121093750000000000e-01
4.114583333333333148e-01
4.112338362068965747e-01
4.114141949152542166e-01
4.109375000000000111e-01
4.116290983606557541e-01
4.122983870967741882e-01
4.125744047619047672e-01
4.133300781250000000e-01
4.124999999999999778e-01
4.125236742424242542e-01
4.116138059701492380e-01
4.115349264705882582e-01
4.120244565217391353e-01
4.112723214285714524e-01
4.106514084507042472e-01
4.103732638888888951e-01
4.104238013698630061e-01
4.106841216216216006e-01
4.103125000000000244e-01
4.099506578947368363e-01
4.099025974025973795e-01
4.101562500000000000e-01
4.099090189873417778e-01
4.111328125000000000e-01
4.122299382716049232e-01
4.125381097560975596e-01
4.127447289156626620e-01
4.127604166666666852e-01
4.133272058823529438e-01
4.128815406976744096e-01
4.128053160919540332e-01
4.140625000000000000e-01
4.142380617977527990e-01
4.141493055555555691e-01
4.138049450549450281e-01
4.143172554347825942e-01
4.138104838709677491e-01
4.136469414893617080e-01
4.138157894736841924e-01
4.131673177083333148e-01
4.133376288659793563e-01
4.137436224489796088e-01
4.130366161616161880e-01
4.135937499999999822e-01
4.133663366336633449e-01
4.132199754901960675e-01
4.133798543689320426e-01
4.132361778846153633e-01
4.135416666666666408e-01
4.144310141509434109e-01
4.142815420560747586e-01
4.140625000000000000e-01
4.138474770642202039e-01
4.137073863636363535e-01
4.137105855855855996e-01
4.134347098214285476e-01
4.137859513274336209e-01
4.139939692982456121e-01
4.138586956521739246e-01
4.140625000000000000e-01
4.139957264957264682e-01
4.142611228813559143e-01
4.137998949579831942e-01
4.143880208333333148e-01
4.143207644628099096e-01
4.147669057377049162e-01
4.145706300813007950e-01
4.143775201612903136e-01
4.154999999999999805e-01
4.151785714285714524e-01
4.151697834645669549e-01
4.154663085937500000e-01
4.161216085271317588e-01
4.159855769230769162e-01
4.154937977099236734e-01
4.155421401515151381e-01
4.151198308270676596e-01
4.152285447761194237e-01
4.150462962962963021e-01
4.151539522058823595e-01
4.152600364963503488e-01
4.152513586956521618e-01
4.152428057553956831e-01
4.151785714285714524e-01
4.151152482269503396e-01
4.156029929577464976e-01
4.155922202797202591e-01
4.149848090277777901e-01
4.145474137931034475e-01
4.148651541095890183e-01
4.150191326530612290e-01
4.151710304054054279e-01
4.154781879194630601e-01
4.155729166666666807e-01
4.149937913907284504e-01
4.148334703947368363e-01
4.146752450980392135e-01
4.146205357142856984e-01
4.135080645161290369e-01
4.136117788461538547e-01
4.132663216560509278e-01
4.131724683544303889e-01
4.132272012578616094e-01
4.133300781250000000e-01
4.134316770186335366e-01
4.135802469135802517e-01
4.136311349693251316e-01
4.133479420731707155e-01
4.137784090909090717e-01
4.141095632530120696e-01
4.137818113772455120e-01
4.136439732142856984e-01
4.133690828402367123e-01
4.136948529411764719e-01
4.136056286549707472e-01
4.131540697674418450e-01
4.132044797687861037e-01
4.135237068965517127e-01
4.135267857142856940e-01
4.136629971590908839e-01
4.132238700564971889e-01
4.133163623595505487e-01
4.133205307262569628e-01
4.134114583333333148e-01
4.136740331491712830e-01
4.138049450549450281e-01
4.138490437158470203e-01
4.136803668478261087e-01
4.140202702702702742e-01
4.141885080645161255e-01
4.140207219251336723e-01
4.137716090425531679e-01
4.137318121693121520e-01
4.137746710526316041e-01
4.137761780104712295e-01
4.138997395833333148e-01
4.218750000000000000e-01
4.335937500000000000e-01
4.453125000000000000e-01
4.316406250000000000e-01
4.234375000000000222e-01
4.218750000000000000e-01
4.218750000000000000e-01
4.238281250000000000e-01
4.184027777777777901e-01
4.156250000000000222e-01
4.176136363636363535e-01
4.205729166666666852e-01
4.152644230769230727e-01
4.157366071428571508e-01
4.182291666666666519e-01
4.140625000000000000e-01
4.181985294117647189e-01
4.162326388888888951e-01
4.177631578947368363e-01
4.210937499999999889e-01
4.166666666666666852e-01
4.158380681818181768e-01
4.174592391304347561e-01
4.202473958333333148e-01
4.187500000000000111e-01
4.173677884615384359e-01
4.192708333333333148e-01
4.171316964285714524e-01
4.164870689655172376e-01
4.148437500000000111e-01
4.150705645161290591e-01
4.155273437500000000e-01
4.147727272727272929e-01
4.156709558823529216e-01
4.167410714285714191e-01
4.151475694444444198e-01
4.149070945945945721e-01
4.155016447368420907e-01
4.164663461538461453e-01
4.183593749999999778e-01
4.178734756097560732e-01
4.170386904761904656e-01
4.166061046511627675e-01
4.176136363636363535e-01
4.178819444444444309e-01
4.177989130434782705e-01
4.177194148936170248e-01
4.153645833333333148e-01
4.158163265306122347e-01
4.148437500000000111e-01
4.132965686274509554e-01
4.134615384615384359e-01
4.125884433962264120e-01
4.129050925925926152e-01
4.129261363636363424e-01
4.123883928571428492e-01
4.115953947368420907e-01
4.121767241379310498e-01
4.127383474576271083e-01
4.114583333333333148e-01
4.126536885245901676e-01
4.135584677419354982e-01
4.138144841269841279e-01
4.143066406250000000e-01
4.137019230769230504e-01
4.144176136363636465e-01
4.146455223880596841e-01
4.138327205882352811e-01
4.142889492753623060e-01
4.150669642857142683e-01
4.159330985915493106e-01
4.151475694444444198e-01
4.147046232876712146e-01
4.152238175675675436e-01
4.144791666666666763e-01
4.147820723684210731e-01
4.148741883116883189e-01
4.142628205128205399e-01
4.125791139240506111e-01
4.133789062500000111e-01
4.140625000000000000e-01
4.151105182926829174e-01
4.155685240963855609e-01
4.154575892857143016e-01
4.156250000000000222e-01
4.156976744186046679e-01
4.155890804597701105e-01
4.166370738636363535e-01
4.169592696629213502e-01
4.165798611111111160e-01
4.168097527472527375e-01
4.172894021739130266e-01
4.170866935483871218e-01
4.168051861702127825e-01
4.169407894736842368e-01
4.170735677083333148e-01
4.176063144329896781e-01
4.175701530612244694e-01
4.167455808080808288e-01
4.176562500000000067e-01
4.161509900990099098e-01
4.149050245098039325e-01
4.147451456310679574e-01
4.145883413461538547e-01
4.146577380952380931e-01
4.151680424528301772e-01
4.152307242990654346e-01
4.157262731481481399e-01
4.158543577981651529e-01
4.156960227272727404e-01
4.157516891891891997e-01
4.156668526785714524e-01
4.159292035398229892e-01
4.165296052631579093e-01
4.165760869565217628e-01
4.153421336206896686e-01
4.151976495726495964e-01
4.156514830508474811e-01
4.155724789915966610e-01
4.158203125000000111e-01
4.160640495867768407e-01
4.166880122950819554e-01
4.169842479674796820e-01
4.168346774193548154e-01
4.177500000000000102e-01
4.177207341269841279e-01
4.174458661417322913e-01
4.177856445312500000e-01
4.183624031007752153e-01
4.182692307692307820e-01
4.184160305343511688e-01
4.186197916666666852e-01
4.190554511278195560e-01
4.191347947761194237e-01
4.189814814814814548e-01
4.194048713235294379e-01
4.195939781021897907e-01
4.194972826086956763e-01
4.194019784172661747e-01
4.195312500000000222e-01
4.193816489361701927e-01
4.195092429577464976e-01
4.195804195804195835e-01
4.198676215277777901e-01
4.196120689655172264e-01
4.201091609589041043e-01
4.202806122448979331e-01
4.200802364864865135e-01
4.202495805369127480e-01
4.204166666666666607e-01
4.199089403973509937e-01
4.197162828947368363e-01
4.200367647058823595e-01
4.198965097402597157e-01
4.193044354838709742e-01
4.194711538461538547e-01
4.194367038216560428e-01
4.192049050632911666e-01
4.191234276729559616e-01
4.190917968749999778e-01
4.188664596273292129e-01
4.186921296296296502e-01
4.189033742331288446e-01
4.188738567073170826e-01
4.189393939393939448e-01
4.191453313253011848e-01
4.186938622754490802e-01
4.183872767857143016e-01
4.182692307692307820e-01
4.185661764705882470e-01
4.183114035087719396e-01
4.181504360465116421e-01
4.183526011560693703e-01
4.187769396551724310e-01
4.190178571428571641e-01
4.190340909090908839e-01
4.181232344632768161e-01
4.180565308988763995e-01
4.176850558659218060e-01
4.176649305555555358e-01
4.177313535911602038e-01
4.174536401098901117e-01
4.176485655737705027e-01
4.170771059782608647e-01
4.172719594594594406e-01
4.172547043010752521e-01
4.167780748663101331e-01
4.163065159574468321e-01
4.165839947089947093e-01
4.164884868421052655e-01
4.169666230366492199e-01
4.173177083333333148e-01
