1.223316001892089844e+01
1.223320579528808594e+01
1.223318195343017578e+01
1.223320126533508301e+01
1.223318119049072195e+01
1.223317480087280273e+01
1.223315429687500000e+01
1.223313498497009277e+01
1.223304843902587891e+01
1.223303174972534180e+01
1.223303118619051766e+01
1.223302443822224994e+01
1.223301550058218190e+01
1.223301001957484679e+01
1.223300170898437500e+01
1.223299676179885864e+01
1.223299267712761385e+01
1.223298374811808209e+01
1.223297856983385579e+01
1.223297247886657679e+01
1.223297509692964091e+01
1.223297192833640423e+01
1.223296658889107036e+01
1.223296360174814801e+01
1.223295959472656236e+01
1.223295747316800686e+01
1.223295324820059271e+01
1.223294867788042417e+01
1.223294353485107422e+01
1.223293959299723355e+01
1.223293541323754141e+01
1.223293152451515198e+01
1.223292475035696292e+01
1.223292269426233680e+01
1.223291715894426623e+01
1.223291418287489130e+01
1.223291190894874347e+01
1.223290814851459629e+01
1.223290734413342662e+01
1.223290364742279124e+01
1.223289796782702865e+01
1.223289108276367188e+01
1.223288899798725993e+01
1.223287790471857228e+01
1.223287378946940152e+01
1.223286719944166023e+01
1.223285232706272829e+01
1.223284324010213275e+01
1.223283913670753975e+01
1.223283323287963853e+01
1.223282900043562371e+01
1.223281295482928854e+01
1.223280057367288798e+01
1.223278907493308765e+01
1.223277579220858513e+01
1.223276221752166748e+01
1.223274486943295081e+01
1.223271804020322584e+01
1.223268077333094794e+01
1.223261726697285923e+01
1.223258940899958347e+01
1.223255352820119590e+01
1.223250993092854877e+01
1.223244027793407440e+01
1.223240569188044624e+01
1.223237550619876757e+01
1.223233523297665748e+01
1.223229718208312988e+01
1.223223427758700588e+01
1.223207664489746094e+01
1.223191820064061197e+01
1.223182547092437744e+01
1.223173861307640564e+01
1.223166500555502445e+01
1.223162014007568388e+01
1.223209890566374192e+01
1.223200518125063496e+01
1.223193608797513576e+01
1.223240929615648476e+01
1.223225007057189906e+01
1.223206106821695904e+01
1.223228381319743896e+01
1.223326770368828775e+01
1.223299473807925253e+01
1.223271194906795678e+01
1.223253752464471944e+01
1.223233775434822945e+01
1.223204114220359173e+01
1.223180211527963657e+01
1.223146277533637161e+01
1.223125031230213899e+01
1.223105699083079401e+01
1.223200276077434623e+01
1.223332117973489908e+01
1.223295786004317520e+01
1.223268524805704693e+01
1.223286495995275835e+01
1.223257028813264746e+01
1.223225692787555730e+01
1.223199643135070858e+01
1.223147725586843926e+01
1.223252301122628083e+01
1.223224580635144854e+01
1.223201698523301317e+01
1.223392769949776770e+01
1.223362589782139054e+01
1.223310429581971981e+01
1.223277533495867608e+01
1.223240323022964837e+01
1.223210458755493235e+01
1.223192595576380803e+01
1.223170364754540529e+01
1.223112188187320726e+01
1.223080147358409064e+01
1.223018595654031593e+01
1.222991848814076477e+01
1.222955450237306785e+01
1.223012052148075490e+01
1.222954112942479199e+01
1.223064229488372767e+01
1.223016887065792879e+01
1.222960933310086595e+01
1.222888393712237587e+01
1.222811578166100333e+01
1.222718538665771426e+01
1.222725298291160989e+01
1.222682780919112489e+01
1.222625765949487686e+01
1.222600693665733651e+01
1.222547076298640256e+01
1.222544690488859054e+01
1.222548133676702342e+01
1.222440481544437318e+01
1.222380387605126195e+01
1.222452304274947643e+01
1.222528587369357922e+01
1.222555054017227150e+01
1.222526989121367968e+01
1.222521776432613727e+01
1.222439216886247948e+01
1.222412062029466640e+01
1.222253127836845366e+01
1.222183869101784381e+01
1.222104075219896124e+01
1.221997753011769206e+01
1.221846707226478834e+01
1.221749493864928837e+01
1.221659401300791181e+01
1.221552787371129867e+01
1.221578783671061252e+01
1.221464316260735750e+01
1.221305892969432705e+01
1.221218083574880886e+01
1.221139311480831857e+01
1.221110383925899434e+01
1.221024419711186404e+01
1.220870430454326971e+01
1.220744515068923342e+01
1.220766631312340245e+01
1.220595293045044016e+01
1.220516112428274269e+01
1.220381127463446802e+01
1.220242627851802197e+01
1.220102516034754281e+01
1.219907208066998194e+01
1.219730523120926158e+01
1.219695439595662201e+01
1.219603248437245746e+01
1.219514915082581652e+01
1.219487055610207982e+01
1.219541101288377227e+01
1.219440782347390773e+01
1.219343649031798904e+01
1.219107796131879518e+01
1.218898464202880838e+01
1.218860705332322603e+01
1.218681484157756145e+01
1.218615889817141351e+01
1.218444861513276400e+01
1.218373037974039796e+01
1.218307244316649118e+01
1.218149464994996478e+01
1.218028329109233532e+01
1.217902677992115912e+01
1.217786129616402313e+01
1.217702588214669213e+01
1.217617930447991448e+01
1.217571372174202082e+01
1.217431131998697857e+01
1.217436610773989969e+01
1.217324425163069357e+01
1.217222033937772174e+01
1.208685970306396484e+01
1.200832748413085938e+01
1.204033025105794330e+01
1.203917360305786133e+01
1.202512168884277344e+01
1.204498259226481061e+01
1.200929723467145571e+01
1.199935221672058105e+01
1.201055208841959576e+01
1.199517707824707102e+01
1.199169054898348641e+01
1.198974053064982037e+01
1.199738509838397604e+01
1.199471303394862609e+01
1.200082111358642578e+01
1.198793822526931763e+01
1.199343967437744141e+01
1.198770692613389777e+01
1.197549950449090339e+01
1.196802024841308665e+01
1.198342409588041768e+01
1.197682502053000775e+01
1.197003016264542374e+01
1.196544889609018902e+01
1.195799777984619183e+01
1.195668183840238186e+01
1.195882451092755439e+01
1.196149444580078125e+01
1.195925235748291016e+01
1.195234441757202148e+01
1.195033876357540059e+01
1.194521206617355347e+01
1.194308448560310154e+01
1.193476814382216489e+01
1.193867825099400193e+01
1.193210713068644147e+01
1.193174382802602373e+01
1.193133695502030278e+01
1.193789814680050654e+01
1.193006329536438059e+01
1.192353597501429086e+01
1.192178680783226419e+01
1.192393003508102112e+01
1.192382177439603019e+01
1.191748900943332323e+01
1.191168845218160932e+01
1.191546835797898396e+01
1.190777558088302612e+01
1.190895142847177901e+01
1.190610996246337905e+01
1.190396858664119861e+01
1.190230200840876584e+01
1.189763968845583442e+01
1.189381798991450623e+01
1.188669133619828600e+01
1.188630071708134217e+01
1.188009707132975201e+01
1.187235506649675010e+01
1.187153350700766374e+01
1.187247230211893800e+01
1.187369509212306262e+01
1.187021766170378712e+01
1.186488128843761558e+01
1.186420138180255890e+01
1.186086873274583020e+01
1.185995282548846674e+01
1.185386936700166238e+01
1.185435711636262823e+01
1.185226090749104877e+01
1.185365217753819067e+01
1.185631973642698433e+01
1.185497893227471167e+01
1.185104630091418976e+01
1.184700758392746422e+01
1.184398152669270843e+01
1.184319847508480628e+01
1.184288873300923939e+01
1.184304634730021100e+01
1.184194283545771675e+01
1.183718129396438634e+01
1.183299835817313550e+01
1.183306881276572575e+01
1.183295862358736628e+01
1.183325278191339436e+01
1.182813370648552365e+01
1.182490122595498683e+01
1.182614709042954715e+01
1.182290041446685791e+01
1.182132968473970180e+01
1.182145111295912088e+01
1.181682411654964859e+01
1.181398274587548336e+01
1.181379473081199016e+01
1.181286608919184289e+01
1.181051820453844492e+01
1.180932542681694031e+01
1.180737719584986145e+01
1.180735094693242360e+01
1.180429276553067375e+01
1.180189539909362750e+01
1.179951569585516857e+01
1.179981108272776957e+01
1.179766299423662268e+01
1.179614263314467237e+01
1.179886999584379659e+01
1.179793120330234757e+01
1.179433580202477039e+01
1.179124406532005054e+01
1.179054821959329225e+01
1.178959564729170317e+01
1.178734367817371798e+01
1.178337303229740662e+01
1.178393137771471366e+01
1.178327003278230301e+01
1.178132888130519618e+01
1.178018958815212969e+01
1.177910443656464956e+01
1.177796337968212015e+01
1.177510668650394798e+01
1.177606539726257395e+01
1.177391938138599237e+01
1.177362621807661291e+01
1.177172270053770475e+01
1.177013800221104844e+01
1.177004584503173845e+01
1.177020742779686380e+01
1.176993369305227688e+01
1.176706068217754364e+01
1.176750118787898636e+01
1.176626012508685726e+01
1.176711426072448319e+01
1.176724900621356440e+01
1.176489666530064149e+01
1.176159916351090651e+01
1.176080110337999152e+01
1.176164265239940043e+01
1.175840830280833060e+01
1.175714391901873235e+01
1.175627639825395576e+01
1.175557015282767104e+01
1.175322440668200841e+01
1.175211523620175669e+01
1.175204148992791886e+01
1.174787520037757105e+01
1.174535309364055813e+01
1.174319273804965036e+01
1.174234586832474747e+01
1.173999055011852377e+01
1.173742645058855949e+01
1.173655348459879555e+01
1.173441059542018117e+01
1.173420427347484463e+01
1.173081159280016550e+01
1.172993232677509212e+01
1.172831142794701442e+01
1.172774501335926622e+01
1.172460680554626933e+01
1.172130512285836090e+01
1.172004558155371789e+01
1.171954078078269923e+01
1.171965597875369980e+01
1.171605472800172443e+01
1.171360354043223317e+01
1.171304428286668653e+01
1.171062975796786176e+01
1.170715683052338818e+01
1.170670729768490403e+01
1.170569474356515016e+01
1.170390373433130016e+01
1.170234053555656928e+01
1.170110463259512912e+01
1.169846409420634359e+01
1.169724307859564050e+01
1.169590119657845406e+01
1.169439508710588704e+01
1.169240165298635326e+01
1.169212111780198882e+01
1.169263975807790068e+01
1.169036495485785210e+01
1.169049908849928165e+01
1.169042503504463326e+01
1.168855097529652376e+01
1.168669464549080317e+01
1.168598454413206689e+01
1.168560021890176337e+01
1.168535025401781979e+01
1.168399122309557292e+01
1.168276432727245506e+01
1.168261599666857897e+01
1.168316787920500133e+01
1.168246156882241138e+01
1.168013862272103687e+01
1.153914833068847656e+01
1.158572149276733398e+01
1.162140560150146484e+01
1.158621048927307129e+01
1.156984329223632812e+01
1.157379929224650006e+01
1.156805011204310851e+01
1.157423400878906250e+01
1.156057707468668561e+01
1.154312028884887731e+01
1.153793941844593363e+01
1.154561758041381836e+01
1.153679700998159596e+01
1.152468381609235415e+01
1.151483809153238980e+01
1.149349594116210938e+01
1.149347137002384045e+01
1.148567533493041992e+01
1.148364167464406904e+01
1.147148847579956055e+01
1.147994917914980917e+01
1.147706799073652739e+01
1.147317790985107422e+01
1.147041908899942975e+01
1.146736923217773452e+01
1.146235121213472752e+01
1.146176324067292462e+01
1.146399286815098328e+01
1.147086521674846793e+01
1.146778720219930037e+01
1.146155102022232519e+01
1.145544743537902832e+01
1.145562616984049420e+01
1.144766984266393273e+01
1.145806230817522398e+01
1.145837349361843494e+01
1.146009914295093424e+01
1.145498265718158848e+01
1.148594323182717325e+01
1.147814702987670898e+01
1.147460835154463688e+01
1.147088904607863569e+01
1.147652794593988546e+01
1.147312454743818755e+01
1.146909669240315743e+01
1.146618542463883195e+01
1.147764110565185547e+01
1.147036959727605243e+01
1.146311516664466090e+01
1.146515470504760792e+01
1.146764250362620707e+01
1.146703617389385599e+01
1.146376969679346658e+01
1.145922325275562415e+01
1.145327049602161829e+01
1.145140460559299989e+01
1.144557332155997287e+01
1.143990263445624045e+01
1.143442461046121927e+01
1.143582894007364992e+01
1.143775483428454720e+01
1.144363517145956699e+01
1.143673485044449123e+01
1.143584984540939331e+01
1.143501355097844119e+01
1.143399076750784182e+01
1.142745262829225439e+01
1.143017862824832775e+01
1.142973873580711519e+01
1.142633281435285220e+01
1.143208155833499617e+01
1.143052343527475934e+01
1.143022185808991686e+01
1.142655312048422367e+01
1.142613596598307346e+01
1.142439779482389817e+01
1.142662177147803426e+01
1.142833083715194320e+01
1.142786075495466314e+01
1.142546423673629796e+01
1.142498987692373724e+01
1.142699884786838460e+01
1.142802926718470502e+01
1.142743486449831991e+01
1.142339705298928720e+01
1.142061285639918111e+01
1.142416481588078625e+01
1.142028934305364452e+01
1.141852295264769168e+01
1.141649301317002951e+01
1.141110277699900166e+01
1.141127766733584181e+01
1.141272610490040051e+01
1.141402600673919032e+01
1.141157862010754975e+01
1.140874942143758197e+01
1.140891893131216861e+01
1.141136975191077418e+01
1.140604625085387624e+01
1.140224295616149952e+01
1.140051622674016585e+01
1.140177090962727924e+01
1.140181193305450691e+01
1.139914901439960104e+01
1.140455104282924026e+01
1.140273560218091298e+01
1.139987544478657178e+01
1.139917476088912451e+01
1.139738712835749368e+01
1.139805671518499253e+01
1.139448000074506950e+01
1.139509586777005801e+01
1.139805912760506601e+01
1.139915283939294710e+01
1.139623438793679888e+01
1.139904429994780521e+01
1.139830001602824971e+01
1.139767298455965694e+01
1.139382847216950800e+01
1.139537510077158622e+01
1.139425074364528179e+01
1.139270984931070352e+01
1.139209273578674875e+01
1.139020133018493652e+01
1.139045589447021456e+01
1.139135864045884894e+01
1.139198006607416147e+01
1.139150746166706085e+01
1.139338985709256846e+01
1.139379257055429306e+01
1.139669072537021854e+01
1.139860237728465719e+01
1.139530347522936360e+01
1.139691672396303979e+01
1.139904726522940237e+01
1.140174093667198640e+01
1.139931176178646766e+01
1.139890326624331252e+01
1.139715890404131748e+01
1.139735414641244127e+01
1.139541103146600420e+01
1.139488693693993859e+01
1.139573125239018836e+01
1.139369136095046997e+01
1.139357626684780733e+01
1.138996548195407854e+01
1.138796308738033858e+01
1.138633864634745763e+01
1.138457844241353456e+01
1.138588964462280195e+01
1.138553512649030885e+01
1.138458915760642576e+01
1.138221495759253443e+01
1.138098731598296709e+01
1.138130003406155488e+01
1.138046880868765065e+01
1.137830697806777458e+01
1.137776891491081166e+01
1.137717621281461966e+01
1.137799099683761561e+01
1.137866126824610014e+01
1.137622104456395355e+01
1.137380836931474448e+01
1.137439076493425993e+01
1.137373055544766487e+01
1.137165764153721881e+01
1.137352414045505178e+01
1.137270537444523377e+01
1.137189372474625237e+01
1.137224706200992408e+01
1.137391950930768303e+01
1.137261196069939118e+01
1.137001635711317071e+01
1.137001636658591863e+01
1.136984019143240765e+01
1.136970944296230002e+01
1.137064320084738789e+01
1.137224772271145667e+01
1.137118711951058714e+01
1.137210877736409564e+01
1.137220281527187282e+01
1.136937449528620725e+01
1.136789126474349310e+01
1.136970871946085992e+01
1.137042200758650523e+01
1.136947836927188327e+01
1.136913678990328336e+01
1.136783366000398665e+01
1.136860142561493703e+01
1.136940049121254326e+01
1.136848714339171451e+01
1.136694405476252179e+01
1.136950492858886719e+01
1.145022249221801758e+01
1.147564347585042377e+01
1.139140057563781738e+01
1.137424907684326136e+01
1.138559452692667584e+01
1.139777796609061156e+01
1.138831722736358643e+01
1.136581823560926630e+01
1.134860410690307653e+01
1.134502749009565825e+01
1.136123712857564350e+01
1.135154702113224978e+01
1.134055328369140625e+01
1.133338514963785748e+01
1.130664986371994019e+01
1.129745259004480751e+01
1.129525136947631836e+01
1.129110220858925295e+01
1.127901968955993617e+01
1.129543199993315206e+01
1.128574973886663280e+01
1.127897764288860749e+01
1.129420149326324463e+01
1.129224338531494176e+01
1.128794585741483303e+01
1.127967721444589166e+01
1.129023289680480957e+01
1.129092048776560731e+01
1.128713013331095461e+01
1.128327563501173536e+01
1.127460125088691711e+01
1.128003062623919917e+01
1.126915743771721345e+01
1.128024272918701243e+01
1.127824791272481342e+01
1.127899775633940749e+01
1.128621628409937827e+01
1.130193460904634861e+01
1.129569468498229945e+01
1.129040117961604395e+01
1.128927762167794313e+01
1.128973164669302953e+01
1.129061763936823048e+01
1.128550707499186245e+01
1.128420133176057227e+01
1.129887617395279342e+01
1.130182357629140277e+01
1.129684882261315160e+01
1.130273731231689460e+01
1.130314804525936268e+01
1.130024704566368676e+01
1.129673137304917852e+01
1.129372414836177185e+01
1.129248459555886086e+01
1.129264579500470767e+01
1.128929325572231335e+01
1.128080772531443543e+01
1.127612333782648690e+01
1.128176037470499615e+01
1.127893507285196328e+01
1.128404895720943379e+01
1.127608577788822153e+01
1.128000450134277344e+01
1.127808233407827565e+01
1.127739400574655271e+01
1.127631465000892774e+01
1.127685865233926243e+01
1.127481710738030074e+01
1.127458981105259461e+01
1.127928567268479121e+01
1.128328702184889032e+01
1.128189582040865169e+01
1.127773193410924968e+01
1.127673496246337947e+01
1.127154948836878745e+01
1.127176616718242741e+01
1.127201267389150807e+01
1.127458175224593973e+01
1.127531176805496216e+01
1.127174018341817963e+01
1.127478928682280745e+01
1.127709936808390800e+01
1.127396811757768980e+01
1.127379490347469471e+01
1.127315408130024821e+01
1.128034102779695402e+01
1.127746303515000825e+01
1.127409387438484778e+01
1.127389940685696068e+01
1.126745792011638336e+01
1.126420884547026269e+01
1.126698673412363938e+01
1.126689464487927950e+01
1.126719167608963801e+01
1.126695964733759503e+01
1.126383049955073012e+01
1.127074263047198777e+01
1.126733417703647788e+01
1.126440446853637667e+01
1.126135031067498815e+01
1.126425559847962710e+01
1.126259420450451287e+01
1.126216998467078589e+01
1.126784659794398635e+01
1.126740785814681090e+01
1.126419829430981245e+01
1.126219733556111713e+01
1.126077691349414422e+01
1.125853159644386992e+01
1.125587402378116586e+01
1.125104867560522948e+01
1.125376180631924505e+01
1.125567869554486222e+01
1.125389394345490857e+01
1.125681931397010516e+01
1.125460996383275791e+01
1.125071422124313081e+01
1.124585307946725976e+01
1.124852462609609027e+01
1.124685906181650630e+01
1.124685214777461795e+01
1.124461041427240104e+01
1.124312478496182344e+01
1.124114589691162180e+01
1.124174506323678102e+01
1.124115826013520092e+01
1.123935663700103760e+01
1.124079472149989378e+01
1.124081818507267805e+01
1.124304941046328921e+01
1.124501722509210744e+01
1.124330942971365843e+01
1.124533612692533957e+01
1.124686619087501782e+01
1.124756219807793123e+01
1.124657111620380867e+01
1.124624382240184772e+01
1.124561345491477837e+01
1.124462174006870896e+01
1.124222026310913947e+01
1.124209025208379131e+01
1.124074207652698831e+01
1.123924423588646704e+01
1.123806013567694251e+01
1.123477664712357260e+01
1.123267708992471547e+01
1.123145116342080563e+01
1.123118629711586358e+01
1.123205602010091120e+01
1.123146738595520411e+01
1.122969446684184902e+01
1.122637409634060290e+01
1.122572332852846699e+01
1.122521900053947164e+01
1.122563684903658299e+01
1.122392276593834026e+01
1.122247785857961233e+01
1.122191224008236254e+01
1.122199853658676183e+01
1.122153846669641375e+01
1.121912833790720221e+01
1.121777371833660908e+01
1.121833787313321729e+01
1.121798990423029174e+01
1.121533079032438351e+01
1.121657690173851485e+01
1.121641546203976603e+01
1.121453850085918802e+01
1.121156270644243946e+01
1.121288640875565434e+01
1.121287945259449081e+01
1.121060480547778226e+01
1.121113255380213936e+01
1.120982681274414006e+01
1.120863119580528888e+01
1.120955902034953411e+01
1.121141995740740427e+01
1.120916633499401271e+01
1.120810647010803152e+01
1.120585976911513271e+01
1.120363004915006933e+01
1.120212226617531748e+01
1.120319564446159077e+01
1.120380063959070149e+01
1.120345672997095221e+01
1.120178281304670520e+01
1.120129872890228917e+01
1.120141972435845190e+01
1.120274150748001851e+01
1.120258612408063748e+01
1.120102723936239819e+01
1.075072860717773438e+01
1.099888372421264648e+01
1.118900076548258404e+01
1.117267107963562012e+01
1.119535045623779368e+01
1.117734829584757428e+01
1.119873006003243532e+01
1.118141269683837891e+01
1.116726843516031842e+01
1.116003351211547923e+01
1.117294476249001178e+01
1.118908047676086426e+01
1.120121816488412669e+01
1.119436761311122375e+01
1.119248752593994212e+01
1.116339081525802612e+01
1.118544146593879240e+01
1.117142619027031714e+01
1.117398507971512700e+01
1.116206717491149902e+01
1.118535323370070600e+01
1.117677125063809562e+01
1.116428889398989455e+01
1.116751237710317035e+01
1.117131202697753878e+01
1.117223820319542504e+01
1.117138120863172723e+01
1.116875975472586546e+01
1.117382526397705078e+01
1.117520202000935825e+01
1.116499968497983808e+01
1.116360855102539062e+01
1.116118659395160151e+01
1.115762646058026419e+01
1.116380623408726258e+01
1.116875945197211450e+01
1.116730525042559563e+01
1.116848268006977207e+01
1.118405870290902904e+01
1.118312339782714915e+01
1.117704019313905306e+01
1.117054966517857117e+01
1.117913984697918472e+01
1.117103466120633293e+01
1.116491752200656506e+01
1.116013558014579488e+01
1.117744005487320358e+01
1.117004762093226056e+01
1.116983330006502051e+01
1.117026098251342781e+01
1.116783813401764469e+01
1.116907462706932641e+01
1.116443355128450143e+01
1.116067577291418011e+01
1.115687987587668673e+01
1.115876763207571898e+01
1.115216255187988281e+01
1.113951941194205375e+01
1.113457031573279465e+01
1.114237497647603270e+01
1.113683838140769033e+01
1.114238631340765195e+01
1.113213669307648246e+01
1.113424241542816162e+01
1.114351665790264434e+01
1.114408191045125385e+01
1.114171140585372655e+01
1.114406270139357602e+01
1.114270781088566409e+01
1.114423450742449084e+01
1.114450822749608072e+01
1.114546496338314441e+01
1.114405215276430816e+01
1.113884865271078617e+01
1.113605466206868577e+01
1.113208396811234380e+01
1.113263370464374447e+01
1.113273712304922292e+01
1.112691876858095519e+01
1.112734699249267578e+01
1.112435280835187079e+01
1.112443875103462076e+01
1.112503283856863057e+01
1.112227328618367572e+01
1.111788462470559580e+01
1.111471644113230184e+01
1.112133757273356061e+01
1.111721333590420890e+01
1.111541930209384788e+01
1.111477656894260058e+01
1.111313589326628026e+01
1.111161271385524607e+01
1.111627691535539597e+01
1.112225867332296225e+01
1.112248979869641730e+01
1.112338104844093323e+01
1.112183705556024016e+01
1.112510746352526603e+01
1.112089506785074811e+01
1.111471150398254437e+01
1.111498199122967101e+01
1.111683583727069902e+01
1.111628945359905885e+01
1.111554683171785740e+01
1.112223983038039421e+01
1.112223031385889627e+01
1.112127792501003931e+01
1.111746689125343579e+01
1.111718022932700123e+01
1.111742649945345818e+01
1.111581426912599824e+01
1.111535789285387388e+01
1.112012121318715785e+01
1.112290607418930399e+01
1.112220557668934617e+01
1.112426336058254961e+01
1.112175167931450659e+01
1.112056280394731900e+01
1.111677164189955747e+01
1.112046471436818429e+01
1.112071957075891504e+01
1.111845916216490693e+01
1.111929496517026372e+01
1.111796874384726230e+01
1.111648454284667942e+01
1.111588435702853772e+01
1.111560561713271333e+01
1.111443598568439484e+01
1.111702626250511017e+01
1.111713796762319717e+01
1.112091195492344120e+01
1.112255490909923239e+01
1.112090436318763231e+01
1.112139711807023268e+01
1.112140880160861478e+01
1.112125339227564247e+01
1.111919752524716998e+01
1.111953539088152532e+01
1.111763967884530224e+01
1.111642118862697082e+01
1.111437568258731901e+01
1.111374769748096725e+01
1.111192563863900951e+01
1.111179000139236450e+01
1.111245653218236384e+01
1.111134615989580610e+01
1.110971082311098179e+01
1.110669822950620933e+01
1.110537813173844590e+01
1.110578760782877517e+01
1.110564993548866930e+01
1.110619178571199051e+01
1.110309300391502596e+01
1.110360912223915086e+01
1.110173016209756192e+01
1.110254412430983351e+01
1.110153968470871000e+01
1.109964195686050559e+01
1.109867029969797159e+01
1.109897905588150024e+01
1.109854313157359940e+01
1.109507860960783709e+01
1.109437417106394363e+01
1.109420316393782535e+01
1.109433995449181687e+01
1.109167012249130835e+01
1.109325086285254258e+01
1.109314155578613281e+01
1.109309231459036305e+01
1.109116517235251109e+01
1.109224358497307250e+01
1.109080831394639155e+01
1.108886651496666786e+01
1.108972753327468297e+01
1.108965906415666858e+01
1.108898371458053589e+01
1.108867436748439950e+01
1.109101267075270769e+01
1.108988251499623523e+01
1.109051785998874173e+01
1.108950206061094512e+01
1.108725761057256420e+01
1.108603640592814799e+01
1.108715506221937019e+01
1.108663270795667444e+01
1.108449219631892291e+01
1.108364461195022699e+01
1.108283727727037871e+01
1.108225425841316358e+01
1.108248741250289093e+01
1.108236920521521363e+01
1.108018521964550018e+01
1.076268768310546875e+01
1.095541143417358398e+01
1.105499998728434186e+01
1.106667828559875488e+01
1.110495014190673757e+01
1.110895268122355084e+01
1.111042431422642274e+01
1.110443413257598877e+01
1.110427570343017578e+01
1.107341241836547852e+01
1.107274410941383991e+01
1.108437220255533795e+01
1.107672368563138576e+01
1.108501720428466797e+01
1.108436985015869070e+01
1.106567960977554321e+01
1.107294918509090564e+01
1.107608842849731445e+01
1.107279230418958171e+01
1.104990620613098073e+01
1.108013402848016682e+01
1.107220662723888083e+01
1.106658346756644917e+01
1.107770943641662598e+01
1.107248809814453061e+01
1.106968560585608863e+01
1.106511762407090949e+01
1.107454385076250425e+01
1.107052957600560639e+01
1.107063461939493898e+01
1.106824050411101368e+01
1.106601166725158691e+01
1.106711994517933206e+01
1.106307343875660543e+01
1.107266303471156554e+01
1.107586057980855365e+01
1.106571782601846188e+01
1.106787633895874023e+01
1.108724048810127449e+01
1.107983634471893275e+01
1.107237627448105144e+01
1.106662793386550092e+01
1.106844970791838811e+01
1.106737737222151274e+01
1.105510726504855690e+01
1.105136054495106634e+01
1.106848879063383073e+01
1.105739376942316632e+01
1.105564864800900793e+01
1.105668434143066392e+01
1.105528816522336477e+01
1.105571282826937107e+01
1.104905805047952860e+01
1.104359467824300189e+01
1.104522562893954252e+01
1.104755476542881532e+01
1.104144645155521864e+01
1.102839644201870684e+01
1.102836747896873426e+01
1.103616987864176480e+01
1.103709005136958865e+01
1.103298711776733398e+01
1.102613273499503954e+01
1.102515822649002075e+01
1.103103898855356135e+01
1.103351977377226945e+01
1.103375141656220926e+01
1.103825695374432669e+01
1.103719899274300786e+01
1.103984996250697570e+01
1.104088393735213991e+01
1.104334443145328137e+01
1.104714026516431069e+01
1.104371744877583339e+01
1.104455285390218044e+01
1.103733129250375811e+01
1.103855295305128159e+01
1.104127139311570360e+01
1.103606700897216797e+01
1.103166117668151891e+01
1.102518578517584125e+01
1.102268393446759553e+01
1.102127393469753081e+01
1.102147416841416216e+01
1.101656827365650848e+01
1.101552028434221064e+01
1.102372604677046830e+01
1.102317186919125724e+01
1.102142695094762281e+01
1.101570293638441278e+01
1.100935648823832480e+01
1.100965097676152737e+01
1.101227217848582995e+01
1.101512943430149782e+01
1.101504163240131540e+01
1.101663084824880023e+01
1.101299154143972459e+01
1.101857004360276804e+01
1.101600737523550855e+01
1.100944118499755930e+01
1.100458614424903736e+01
1.100786183862125256e+01
1.100721896273418565e+01
1.100458269852858351e+01
1.101240799313499785e+01
1.101043029101389692e+01
1.101002186035441532e+01
1.100765018109922089e+01
1.100303140692754589e+01
1.100443783673373055e+01
1.100336661639514269e+01
1.100848073618752565e+01
1.101297852845318559e+01
1.101601789708723089e+01
1.101441045014754572e+01
1.101686188270305777e+01
1.101520303579477122e+01
1.101367008888115251e+01
1.101328122916341812e+01
1.101615540981292796e+01
1.101315395103013195e+01
1.101416904418194953e+01
1.101320522587473860e+01
1.101239871978759766e+01
1.101372904968261679e+01
1.101433922752501537e+01
1.101574434445598882e+01
1.101732702553272247e+01
1.102068956508192876e+01
1.102216451351459270e+01
1.102665332619470462e+01
1.103094603798606244e+01
1.102919610102373937e+01
1.103026633476143381e+01
1.103230065239800339e+01
1.103509340566747277e+01
1.103489456733647955e+01
1.103861058967700970e+01
1.103736817750999322e+01
1.103675900868007176e+01
1.103348232161068765e+01
1.102968500029872878e+01
1.102771499607112915e+01
1.102661858002344708e+01
1.102310343775255852e+01
1.102136034508274065e+01
1.102155963093245106e+01
1.102126615756266759e+01
1.102005103450493451e+01
1.102049952189127602e+01
1.101987213488446216e+01
1.101819141914969968e+01
1.101421216578265394e+01
1.101331096500545392e+01
1.101336074952156352e+01
1.101420210569332880e+01
1.101459208567431070e+01
1.101439876194241663e+01
1.101134925218498140e+01
1.101403071284294199e+01
1.101439468312707781e+01
1.101362817081404266e+01
1.101275455732287156e+01
1.101293297511775293e+01
1.101311744921135194e+01
1.101159519747079152e+01
1.101646497577964112e+01
1.101557272956484823e+01
1.101342563516289452e+01
1.101305086472455130e+01
1.101335497627481352e+01
1.101217578178228251e+01
1.101027962789370207e+01
1.101055197880185865e+01
1.101091686248779311e+01
1.101058341698213106e+01
1.101164887853934893e+01
1.101403561602817405e+01
1.101305955748318333e+01
1.101249457995096925e+01
1.101236647400408231e+01
1.100892813651116420e+01
1.100809011303010543e+01
1.101157564702241309e+01
1.101345689103410130e+01
1.101266036495085743e+01
1.101296243310612155e+01
1.101175491353298774e+01
1.101384500977854231e+01
1.101604354256077833e+01
1.101553268332756019e+01
1.101425061126550098e+01
1.056590366363525391e+01
1.082815933227539062e+01
1.099722830454508404e+01
1.101815390586853027e+01
1.095059909820556676e+01
1.095022503534952740e+01
1.098029681614467101e+01
1.094941520690917969e+01
1.097243362002902600e+01
1.095807523727416921e+01
1.100089376622980275e+01
1.101310594876607318e+01
1.099263088519756693e+01
1.097040264947073851e+01
1.097454331715901610e+01
1.095452970266342163e+01
1.094303888433119809e+01
1.095525248845418353e+01
1.094653139616313808e+01
1.090792245864868093e+01
1.093718447004045835e+01
1.092809508063576374e+01
1.094228798410166803e+01
1.096295050779978375e+01
1.096188167572021399e+01
1.095584766681377786e+01
1.095750130547417456e+01
1.096498145375933042e+01
1.097011253751557369e+01
1.097293624877929652e+01
1.097406018164850039e+01
1.096552199125289917e+01
1.095472127741033397e+01
1.094677021924187166e+01
1.096307067871093821e+01
1.096947683228386694e+01
1.097071882196374837e+01
1.098168342991879065e+01
1.098915811685415456e+01
1.097545468807220459e+01
1.096637137343243928e+01
1.096690411794753217e+01
1.097766494750976562e+01
1.097931001403114948e+01
1.096716033087836450e+01
1.096411528794661727e+01
1.098351208707119575e+01
1.097582707802454571e+01
1.097206806649967170e+01
1.098026668548583906e+01
1.098073061774758763e+01
1.098351201644310571e+01
1.098386012383227062e+01
1.098015695148044202e+01
1.097705867073752728e+01
1.098093307018280029e+01
1.097215724409672255e+01
1.095911142743866939e+01
1.095610516758288355e+01
1.096466708183288574e+01
1.095828014123635263e+01
1.096094280673611543e+01
1.095350842248825884e+01
1.095608253777027130e+01
1.096402523334209711e+01
1.096270841540712304e+01
1.095510237964231592e+01
1.095870148434358526e+01
1.095655352827431450e+01
1.095335194723946692e+01
1.095808252146546202e+01
1.096139152844746967e+01
1.096306646686710806e+01
1.095980380032513679e+01
1.095690541585286404e+01
1.095805607343974941e+01
1.095878698918726535e+01
1.096044453596457480e+01
1.096292289299301004e+01
1.095607792139053416e+01
1.095259064803888727e+01
1.095611451311809326e+01
1.095468009810849885e+01
1.095091017087300678e+01
1.094578609466552699e+01
1.094350046335264715e+01
1.094926245459194902e+01
1.094620545343919282e+01
1.094497032379836199e+01
1.094354972839355433e+01
1.094148424169519451e+01
1.094100233782892673e+01
1.094591385831115105e+01
1.094863352877028362e+01
1.094850969816508979e+01
1.094888818264007568e+01
1.094734930254749372e+01
1.095454538111784082e+01
1.095294325279466996e+01
1.095205339431762681e+01
1.094953401962129114e+01
1.095036879707785182e+01
1.094919837099834581e+01
1.094488069644341088e+01
1.095451753707159170e+01
1.095235793095714705e+01
1.095417200070675356e+01
1.095299969779120630e+01
1.095224910701086785e+01
1.095315860401500352e+01
1.095355251243522510e+01
1.095368524108614317e+01
1.095870289760353344e+01
1.096317678585387156e+01
1.096004677648129721e+01
1.096176597167705680e+01
1.096333088018955415e+01
1.096315584344378991e+01
1.096045706452441770e+01
1.096638504664103131e+01
1.096437440036742217e+01
1.096586049189333067e+01
1.096506270742028732e+01
1.096526250531596602e+01
1.096433387756347599e+01
1.096591375744531938e+01
1.096581185708834383e+01
1.096612969040870667e+01
1.096760329904482312e+01
1.096742861821101300e+01
1.097143503727803626e+01
1.097580509474783206e+01
1.097412951189772556e+01
1.097474172222080568e+01
1.097601422910337021e+01
1.098192370639127802e+01
1.098196775895835664e+01
1.098539422905963470e+01
1.098514399082540649e+01
1.098564763750348838e+01
1.098531404454657334e+01
1.098200944443823523e+01
1.098302189620224745e+01
1.097992550664477918e+01
1.097911198714683856e+01
1.097807688255832659e+01
1.097867429824102459e+01
1.097834538124703130e+01
1.097736719630708713e+01
1.097740488052368235e+01
1.097627742716808186e+01
1.097797601473958906e+01
1.097584144118564531e+01
1.097464822174666743e+01
1.097578001329975805e+01
1.097671413421630859e+01
1.097563093634927434e+01
1.097541382342954286e+01
1.097453170152580171e+01
1.097666730880737340e+01
1.097465964133695060e+01
1.097204388512505346e+01
1.097067064156561500e+01
1.096882510766750407e+01
1.096653253959886953e+01
1.096557111050709210e+01
1.096988358754597748e+01
1.096966216677711081e+01
1.096893932410245753e+01
1.096712385065415241e+01
1.096688496996784856e+01
1.096528596101805242e+01
1.096440645449423457e+01
1.096594858169555664e+01
1.096487673078264535e+01
1.096214137835936064e+01
1.096176922792768771e+01
1.096554184495733075e+01
1.096537156344792052e+01
1.096690853966607015e+01
1.096488387281723398e+01
1.096224286530044090e+01
1.096188805793803844e+01
1.096311839767124319e+01
1.096566750294453385e+01
1.096523113148186823e+01
1.096285462506952157e+01
1.096189430419434885e+01
1.096333518860832079e+01
1.096639861056679166e+01
1.096540999787016091e+01
1.096624863644441028e+01
1.084378623962402344e+01
1.112585115432739258e+01
1.112414582570393939e+01
1.101904177665710449e+01
1.103763980865478445e+01
1.100627772013346295e+01
1.102591664450509157e+01
1.099844491481781006e+01
1.099251397450765033e+01
1.104163227081298793e+01
1.105406232313676362e+01
1.104693134625752826e+01
1.103757212712214475e+01
1.103591769082205687e+01
1.103618418375651089e+01
1.102497696876525879e+01
1.104129303202909540e+01
1.103042046229044537e+01
1.101060435646458657e+01
1.098311905860900950e+01
1.101337868826729860e+01
1.100988101959228516e+01
1.101158743319304101e+01
1.103638645013173480e+01
1.104730102539062564e+01
1.102665171256432153e+01
1.102064143286811060e+01
1.102854193959917417e+01
1.102677700437348385e+01
1.102232611974080356e+01
1.102481094483406387e+01
1.102108541131019592e+01
1.101448218027750592e+01
1.100962731417487639e+01
1.102439697810581798e+01
1.103125527169969367e+01
1.103237958856531087e+01
1.103460961893985193e+01
1.104369613451835441e+01
1.103822717666625941e+01
1.103094517312398715e+01
1.102340123766944480e+01
1.103068801968596624e+01
1.101916059580716301e+01
1.101674382951524578e+01
1.101524002655692769e+01
1.103327448824618706e+01
1.102463465929031372e+01
1.101960853654511041e+01
1.102545099258422923e+01
1.102320100746902831e+01
1.101639371651869581e+01
1.101480016168558329e+01
1.101258553398979956e+01
1.101018749583851175e+01
1.101221946307591004e+01
1.100666082951060432e+01
1.099205553120580170e+01
1.098857165191133056e+01
1.099791816075642892e+01
1.099368548784099708e+01
1.099765177695981855e+01
1.099260203043619732e+01
1.099332910776138306e+01
1.099597094609187131e+01
1.099470496900153904e+01
1.098579285749748635e+01
1.098875787678886873e+01
1.098691217450128121e+01
1.098523487363542905e+01
1.099036776851600372e+01
1.099581099881066137e+01
1.099704231627999995e+01
1.099105218938879069e+01
1.098949900309244754e+01
1.099118488713314612e+01
1.099129441496613779e+01
1.099529589139498142e+01
1.099716196180898997e+01
1.099434494972229004e+01
1.099007479349772076e+01
1.099493730358961230e+01
1.099777190656546999e+01
1.099638911655971008e+01
1.099607586580164309e+01
1.099520616753156865e+01
1.100140463072678187e+01
1.099826007539575734e+01
1.099214423104618454e+01
1.098837644788953938e+01
1.098388317653111024e+01
1.098403451753699223e+01
1.098818478533016751e+01
1.099442945642674196e+01
1.099298183039615040e+01
1.099160407980283161e+01
1.099166692163526449e+01
1.099709116682714338e+01
1.099284715363473630e+01
1.098926544189453125e+01
1.098328344892747310e+01
1.098489550048229724e+01
1.098643680683617418e+01
1.098074312393481833e+01
1.098942274366106275e+01
1.098983405671029701e+01
1.098832537749103366e+01
1.098498060968187140e+01
1.098523952764108635e+01
1.098706632960926477e+01
1.098759237925211529e+01
1.098886199508394590e+01
1.099079239262943730e+01
1.099446200487906466e+01
1.099089814890985828e+01
1.099295144245542311e+01
1.099165583879519659e+01
1.099139761520644321e+01
1.098816179227428336e+01
1.099293295542399029e+01
1.099392550444800065e+01
1.099511249729844309e+01
1.099385481733616743e+01
1.099164305963823907e+01
1.098885143280029375e+01
1.098998246117243660e+01
1.099200117306446423e+01
1.099147652834653854e+01
1.099205604080081855e+01
1.099379194699800877e+01
1.099842054061307195e+01
1.100076272270896283e+01
1.099826571815892251e+01
1.100015987567047659e+01
1.099976189224808287e+01
1.100230566193075710e+01
1.100013286005841628e+01
1.100373883869336922e+01
1.100538104901210801e+01
1.100633181163242824e+01
1.100573864388973178e+01
1.100426064074878951e+01
1.100426325097784286e+01
1.100375737746556659e+01
1.100217137172304405e+01
1.099945545196533203e+01
1.099594920022147093e+01
1.099570727348327637e+01
1.099592520566594622e+01
1.099356861750284864e+01
1.099343334602204436e+01
1.099390976679952558e+01
1.099161188586864668e+01
1.099059800977830825e+01
1.099119343296174023e+01
1.098907418740101427e+01
1.098656627023295940e+01
1.098574380633197300e+01
1.098209684000075193e+01
1.098452530503272939e+01
1.098406991307039426e+01
1.098283403302416339e+01
1.098219144271195269e+01
1.098265642654605045e+01
1.098291344498143118e+01
1.098104476354208359e+01
1.098491824601224742e+01
1.098491423470633421e+01
1.098212517506977548e+01
1.097898335176355644e+01
1.097995532744111991e+01
1.097726314012394333e+01
1.097712823283465688e+01
1.097601279993166834e+01
1.097416478838239406e+01
1.097388057275251860e+01
1.097443506811971758e+01
1.097713660658075518e+01
1.097688225794104966e+01
1.097683833969963985e+01
1.097600981148566923e+01
1.097511175176599529e+01
1.097418882547180452e+01
1.097641104200612006e+01
1.097858588244463895e+01
1.097779140164775313e+01
1.097792323515376900e+01
1.097767737571229318e+01
1.097683477654028117e+01
1.098042614585474830e+01
1.097945663691815277e+01
1.097812580068906207e+01
1.047490501403808594e+01
1.081519889831542969e+01
1.101715882619222064e+01
1.099165511131286621e+01
1.102417373657226562e+01
1.095107873280843158e+01
1.098060921260288758e+01
1.095917963981628418e+01
1.094745858510335346e+01
1.097937116622924769e+01
1.101221916892311725e+01
1.102755657831827740e+01
1.100673550825852587e+01
1.101685966764177671e+01
1.100643164316813127e+01
1.095916599035263062e+01
1.096427064783432925e+01
1.095929781595865826e+01
1.095989854712235356e+01
1.093733611106872594e+01
1.096535996028355164e+01
1.096129612489180083e+01
1.095590728262196478e+01
1.096504302819569965e+01
1.095424175262451172e+01
1.094781395105215260e+01
1.093811858141863702e+01
1.094479073796953550e+01
1.094830720178012129e+01
1.093906383514404368e+01
1.093101833712670157e+01
1.092765480279922485e+01
1.093258854837128524e+01
1.092809489194084627e+01
1.093695959363664905e+01
1.093611574172973633e+01
1.094006579631083653e+01
1.094631797388980310e+01
1.095179367065429688e+01
1.094917984008788991e+01
1.094411598763814730e+01
1.093733535494123110e+01
1.094338028929954376e+01
1.093231649832292085e+01
1.091844209035237689e+01
1.091936242062112505e+01
1.093952952040002735e+01
1.093356090784072876e+01
1.092751413462113419e+01
1.092897802352905323e+01
1.092667738596598248e+01
1.092642774948707007e+01
1.092261048083035391e+01
1.092326960740266095e+01
1.091646556854248118e+01
1.091847881249019103e+01
1.091355358926873542e+01
1.090852551624692701e+01
1.090948442685401965e+01
1.092178223927815672e+01
1.091760321132472278e+01
1.092324389180829414e+01
1.091866452353341188e+01
1.091819585859775543e+01
1.092377511537991985e+01
1.092694626432476568e+01
1.092265459316879905e+01
1.092330370229833214e+01
1.092113667640133201e+01
1.092298855100359312e+01
1.092950833011680878e+01
1.093329299820793921e+01
1.093819568581777091e+01
1.093217107411977373e+01
1.093362045288085938e+01
1.092896856759723789e+01
1.092928464072091188e+01
1.093147472234872630e+01
1.093483850020396630e+01
1.093326075077056814e+01
1.092281977335611920e+01
1.092825568594583707e+01
1.093117738057331856e+01
1.092886259442284036e+01
1.092410228953641926e+01
1.092873758493467840e+01
1.093447458332982514e+01
1.093129883029244098e+01
1.093158868725380195e+01
1.092900662951999280e+01
1.092418543847052526e+01
1.092515336948892291e+01
1.092724488371161939e+01
1.093036471021936329e+01
1.093039386146947045e+01
1.092735588550567627e+01
1.092561989223834118e+01
1.092960822825529199e+01
1.092766877376672063e+01
1.091995619773864767e+01
1.091408062925433242e+01
1.091663047379138440e+01
1.091880747415487107e+01
1.091604444613823510e+01
1.092444606962658149e+01
1.092509311100222114e+01
1.092257331242071139e+01
1.091688632965087891e+01
1.091303569898692771e+01
1.091336803436279368e+01
1.091413937817822699e+01
1.091742508752005492e+01
1.091928314951668710e+01
1.092295714428550291e+01
1.092040231124214422e+01
1.092144615896816973e+01
1.092257024487878603e+01
1.091815499936119949e+01
1.091488559306168682e+01
1.091691834131876604e+01
1.091544162340400703e+01
1.091581938696689313e+01
1.091389429666162592e+01
1.091522676714004980e+01
1.091287245178222598e+01
1.091278374384319960e+01
1.091396152316115931e+01
1.091536135971546173e+01
1.091743004968924069e+01
1.091790365072397151e+01
1.092277173777572941e+01
1.092501846226778817e+01
1.092153949307319749e+01
1.092202021470710349e+01
1.092274759787100358e+01
1.092722695715287173e+01
1.092563768372918531e+01
1.092879942189092191e+01
1.092521812932954361e+01
1.092238933018275659e+01
1.091939655601555614e+01
1.091593262847040791e+01
1.091505325424087580e+01
1.091522292958365625e+01
1.091476786383267061e+01
1.091182919724346867e+01
1.091061374768107939e+01
1.091020159463624672e+01
1.091015265932019140e+01
1.090952674229939845e+01
1.090883973102695848e+01
1.090995162411739905e+01
1.090676921645021125e+01
1.090658891975105504e+01
1.090785520615116155e+01
1.090624253566448587e+01
1.090602724719199479e+01
1.090643582162977765e+01
1.090400587237855845e+01
1.090583796501159597e+01
1.090711827603926487e+01
1.090634190594708564e+01
1.090526149024261215e+01
1.090563027451677947e+01
1.090447750091552770e+01
1.089955927952226311e+01
1.090393864180513539e+01
1.090225650582994810e+01
1.090045189152102445e+01
1.089884029837215706e+01
1.089933716065702463e+01
1.089900505265524266e+01
1.089705779786743811e+01
1.089688637612879951e+01
1.089505919320242810e+01
1.089537506753748097e+01
1.089630674372958552e+01
1.089809437012404558e+01
1.089672007640646889e+01
1.089525888231065487e+01
1.089289287440684539e+01
1.089192096479646388e+01
1.089100088838670999e+01
1.089445304352304156e+01
1.089691277581292184e+01
1.089627108009912604e+01
1.089814709342099697e+01
1.089620726159278341e+01
1.089563713376484166e+01
1.089836985437493588e+01
1.089728079790844362e+01
1.089735761781533618e+01
1.110380268096923828e+01
1.104098796844482422e+01
1.107744852701822857e+01
1.098286294937133789e+01
1.105387725830078161e+01
1.103109757105509381e+01
1.101311302185058594e+01
1.101497209072113037e+01
1.103122753567165759e+01
1.095406951904296911e+01
1.094843214208429494e+01
1.095182545979817768e+01
1.094385015047513576e+01
1.094129214968000063e+01
1.089721666971842495e+01
1.089272391796112061e+01
1.086935604319852899e+01
1.086610507965087891e+01
1.085574290626927407e+01
1.084358243942260813e+01
1.087088194347563253e+01
1.086077841845425773e+01
1.085292015904965623e+01
1.086579147974650006e+01
1.086367324829101477e+01
1.085738281103280833e+01
1.086096894299542548e+01
1.086309804235185972e+01
1.086577201711720519e+01
1.086637086868286062e+01
1.085934592831519296e+01
1.084801834821701050e+01
1.084819308194247078e+01
1.083506505629595651e+01
1.085293456486293273e+01
1.086244506306118396e+01
1.086934927347544111e+01
1.087712290412501304e+01
1.089055381677089507e+01
1.089091770648956370e+01
1.087604283123481608e+01
1.086950004668462810e+01
1.087906056781147868e+01
1.087894548069347067e+01
1.087202898661295514e+01
1.086582791286966021e+01
1.088368908902432075e+01
1.087669835488001446e+01
1.087716192128706894e+01
1.087728477478027322e+01
1.088000028273638620e+01
1.088037824630737305e+01
1.087587415947104397e+01
1.087563039638378015e+01
1.087056416598233355e+01
1.087489664554595947e+01
1.087178710469028431e+01
1.086610309008894326e+01
1.086438531390691153e+01
1.087737337748209576e+01
1.086963972498158881e+01
1.087596999445269219e+01
1.087265508137052095e+01
1.087524162232875824e+01
1.088377779447115401e+01
1.088676331259987506e+01
1.088700651766648875e+01
1.088853793985703433e+01
1.088993397311887890e+01
1.088747821535382876e+01
1.089157240155716977e+01
1.089734547668033215e+01
1.089926747099993953e+01
1.088886998150799812e+01
1.088933423360188790e+01
1.088286127542194492e+01
1.088362303647127938e+01
1.088535922612899398e+01
1.088999543008925031e+01
1.088655464649200511e+01
1.088327327775366449e+01
1.088994472782786360e+01
1.089416645233889724e+01
1.088554117793128562e+01
1.088127344916848571e+01
1.088182306289672852e+01
1.088546619196047693e+01
1.087838941270654836e+01
1.086995987409956044e+01
1.086655542585584833e+01
1.086529744326413294e+01
1.086649956910506454e+01
1.087326351288826309e+01
1.087940396653844921e+01
1.088051587154990685e+01
1.087953748305638690e+01
1.088239184114121905e+01
1.088918878594223294e+01
1.089139420095116151e+01
1.089025558471679744e+01
1.088860383364233719e+01
1.088790781357709037e+01
1.088766893368322819e+01
1.088194328088026808e+01
1.089174558548700311e+01
1.089094866446728993e+01
1.089028870948007111e+01
1.088763856004785602e+01
1.088209623809254545e+01
1.088053298430009264e+01
1.087616399816564616e+01
1.087942385673522949e+01
1.088520281293750891e+01
1.089069972121924756e+01
1.088940633690875437e+01
1.089265432028934910e+01
1.089227911957308770e+01
1.089405534227015693e+01
1.088982820110160787e+01
1.089299943447113073e+01
1.089041154246684862e+01
1.088947072576304009e+01
1.089162225645732107e+01
1.089222748048843847e+01
1.089119453430175710e+01
1.089173743081471279e+01
1.089326378679650986e+01
1.089202105253934860e+01
1.089311001651970834e+01
1.089172196021446837e+01
1.089513312769300235e+01
1.089620909546360750e+01
1.089276104403617751e+01
1.089450907351365672e+01
1.089219577224166358e+01
1.089459909411037586e+01
1.089012446020641534e+01
1.089207103978032620e+01
1.089099147165421932e+01
1.088985124996730214e+01
1.088754979262115263e+01
1.088797273770184582e+01
1.088524382931369239e+01
1.088482968674765772e+01
1.088276461239518866e+01
1.088009290172629129e+01
1.087826874791359444e+01
1.087719943072344719e+01
1.087746785311090925e+01
1.087921806335449304e+01
1.087990400806957503e+01
1.088034925335331948e+01
1.087683706969217567e+01
1.087587035786021872e+01
1.087538089136923425e+01
1.087506628036499023e+01
1.087151462409146951e+01
1.087305547617658696e+01
1.087143344999109473e+01
1.087353005409240758e+01
1.087366050222645697e+01
1.087112251917521100e+01
1.087083662653261840e+01
1.087050268126697006e+01
1.087104316480231958e+01
1.087033787118383188e+01
1.087423121286723493e+01
1.087567005838666567e+01
1.087505236744175363e+01
1.087329336054184914e+01
1.087139555724740703e+01
1.086984170869339295e+01
1.086605249526183670e+01
1.086663624884068291e+01
1.086664366585867825e+01
1.086573796922510304e+01
1.086673585169732981e+01
1.086803817213251300e+01
1.086652377997030783e+01
1.086717221471998407e+01
1.086336528398713952e+01
1.086114834167145027e+01
1.086287768421277278e+01
1.086297929286956787e+01
1.086028505789267129e+01
1.086059250882876803e+01
1.085976404302260434e+01
1.086040855975861241e+01
1.085984367289871066e+01
1.086403773458380506e+01
1.086498183604934376e+01
1.086585758626461029e+01
1.050648498535156250e+01
1.077269411087036133e+01
1.092219575246175189e+01
1.089770960807800293e+01
1.096394634246826172e+01
1.094905710220336914e+01
1.096667957305908203e+01
1.101006817817687988e+01
1.100948588053385357e+01
1.103756256103515554e+01
1.101678856936368156e+01
1.102498157819112201e+01
1.102953184567964939e+01
1.102640281404767642e+01
1.101595439910888707e+01
1.100537317991256714e+01
1.099996549942914115e+01
1.099601729710896869e+01
1.099957340642025549e+01
1.099231519699096715e+01
1.101354326520647398e+01
1.099889607862992769e+01
1.098709060834801754e+01
1.099986509482065777e+01
1.100013595581054737e+01
1.098740166884202196e+01
1.098377284297236756e+01
1.098561184746878538e+01
1.098854522047371773e+01
1.099640677769978758e+01
1.098324360386017773e+01
1.096762588620185852e+01
1.096064032930316401e+01
1.095504617691040039e+01
1.096519900730677932e+01
1.096916103363037109e+01
1.096787004213075356e+01
1.097614915747391606e+01
1.098986239311022572e+01
1.097447657585144043e+01
1.096302158076588640e+01
1.095707698095412397e+01
1.096477606130200755e+01
1.095297783071344533e+01
1.094275555080837670e+01
1.094432324948518165e+01
1.095337677001953125e+01
1.094052261114120483e+01
1.093798242296491274e+01
1.094239608764648430e+01
1.093246710534189248e+01
1.093335281885587307e+01
1.092350025896756094e+01
1.092409545403939752e+01
1.092166673486883077e+01
1.092310670443943543e+01
1.092048057756925949e+01
1.091053694692151232e+01
1.090731512489965382e+01
1.090921133359273298e+01
1.090881430516477479e+01
1.091237106630878984e+01
1.090242166367788101e+01
1.090498171746730804e+01
1.091056144420917207e+01
1.091249106147072467e+01
1.090809632771050808e+01
1.090844046368318487e+01
1.090657523058462886e+01
1.090850706100463796e+01
1.091111733879841594e+01
1.090727048450046155e+01
1.090579952605783198e+01
1.090261789270349446e+01
1.090448553721109981e+01
1.089610735993636226e+01
1.089978424914471589e+01
1.090146978084857565e+01
1.089963122259212369e+01
1.089458316564559937e+01
1.089597305250756598e+01
1.090067739021487370e+01
1.090073949744902393e+01
1.089728824297587018e+01
1.089300863602582226e+01
1.089042950785437291e+01
1.089615018340362873e+01
1.089035117626190186e+01
1.089029232839520134e+01
1.088703560299343565e+01
1.088319951361352267e+01
1.087805310539577341e+01
1.088066078514181179e+01
1.088606302788917013e+01
1.088526019046181048e+01
1.088574880361557007e+01
1.088628442508658267e+01
1.089129418742900057e+01
1.088737917428064783e+01
1.088252468109130788e+01
1.088309678936948899e+01
1.088314353718477179e+01
1.088443556109678312e+01
1.088293622090266233e+01
1.089281027657645140e+01
1.089305244301849918e+01
1.089191575807945789e+01
1.088745014755814111e+01
1.088625433685582777e+01
1.088365762883966603e+01
1.088376395766799476e+01
1.088774566139493594e+01
1.089026107619294059e+01
1.089580003838790034e+01
1.089636288518491014e+01
1.089815890377965424e+01
1.089901516580174068e+01
1.090009637606346082e+01
1.089191629105255466e+01
1.089337608019510917e+01
1.088857868289159292e+01
1.088679253468747987e+01
1.088608999950129785e+01
1.088411437311480157e+01
1.088488420867919970e+01
1.088562369725060819e+01
1.088885687279888970e+01
1.088836982846260071e+01
1.088989887681118240e+01
1.089216718673706019e+01
1.089765202180119807e+01
1.090134652455647846e+01
1.089812893975049946e+01
1.089680593405196873e+01
1.089890865749782911e+01
1.090134841554305112e+01
1.090093612670898438e+01
1.090200960463371871e+01
1.090203772345892830e+01
1.090137570244925413e+01
1.090112925590352866e+01
1.089830163498999305e+01
1.089511773969743658e+01
1.089443384276496118e+01
1.089390796792918259e+01
1.089154738596040950e+01
1.089008445480242848e+01
1.088966313568321453e+01
1.088818736364377493e+01
1.088848034540812115e+01
1.088762752583484783e+01
1.088571145032581455e+01
1.088079116547029734e+01
1.088011570100660386e+01
1.087776201924970110e+01
1.087931146988501929e+01
1.087820893184394677e+01
1.088032242618029599e+01
1.087842237724448147e+01
1.088054172992706370e+01
1.088012316804494972e+01
1.088061682383219342e+01
1.088152615131776102e+01
1.088220480011730729e+01
1.088254457531553321e+01
1.087928919045321940e+01
1.088332952282385868e+01
1.088385302679879274e+01
1.088257312774658203e+01
1.088049109402824932e+01
1.088230412466484154e+01
1.088235483058663355e+01
1.088143223007290317e+01
1.088247467457563111e+01
1.088131162915911077e+01
1.087911812283775959e+01
1.087995109450345588e+01
1.088230788305904007e+01
1.088072638804686143e+01
1.088060383796691966e+01
1.088036555611626177e+01
1.087617110682057842e+01
1.087688612807643906e+01
1.087834238487741167e+01
1.088084860105772300e+01
1.087959701784195410e+01
1.087590088053820558e+01
1.087518523094501965e+01
1.087729603903634157e+01
1.087864853206433757e+01
1.087888788552808528e+01
1.087918968002001385e+01
1.054443740844726562e+01
1.068314266204833984e+01
1.082354640960693359e+01
1.084943270683288574e+01
1.090169982910156321e+01
1.082178783416748047e+01
1.086090128762381468e+01
1.087615263462066650e+01
1.088705327775743292e+01
1.091757965087890625e+01
1.090604383295232616e+01
1.091911331812540631e+01
1.091757789024939918e+01
1.091230664934430727e+01
1.091388435363769460e+01
1.088794994354248047e+01
1.086915319106158151e+01
1.085660558276706311e+01
1.084374698839689621e+01
1.083913645744323695e+01
1.086295173281714987e+01
1.085677632418545890e+01
1.086178912287173048e+01
1.087954648335774799e+01
1.088554420471191442e+01
1.087908524733323290e+01
1.088939751519097143e+01
1.090282235826764712e+01
1.090281664091965297e+01
1.088377825419108014e+01
1.087844061082409297e+01
1.086205536127090454e+01
1.086325784163041597e+01
1.086582144568948216e+01
1.087822183881487170e+01
1.086768319871690558e+01
1.087230834445437822e+01
1.088193363892404619e+01
1.089230173062055584e+01
1.087521035671234060e+01
1.086340625111649594e+01
1.085797450655982566e+01
1.086160262795381826e+01
1.086355038122697358e+01
1.086444288889567034e+01
1.086591871925022268e+01
1.088493170636765583e+01
1.088520042101542096e+01
1.088143508288325023e+01
1.088471628189086893e+01
1.088138533573524569e+01
1.087978937075688357e+01
1.087015330116703815e+01
1.086974643777917926e+01
1.086918718164617381e+01
1.087328117234366331e+01
1.086201984003970544e+01
1.084666513574534363e+01
1.084441450086690573e+01
1.085430100758870431e+01
1.084942664474737484e+01
1.085382033932593515e+01
1.085056186857677574e+01
1.084863090515136719e+01
1.086026452871469417e+01
1.086305309064460545e+01
1.086037735440837793e+01
1.085995136990266730e+01
1.085443200926849805e+01
1.085268613270350890e+01
1.085896380518523685e+01
1.085989778571658704e+01
1.085895725145731916e+01
1.085442030107652833e+01
1.085365239461263087e+01
1.085379241642199055e+01
1.085672002024464788e+01
1.085459965925950243e+01
1.085712932634957184e+01
1.085759406089782786e+01
1.085506014176356970e+01
1.086189040905091829e+01
1.086184907246784981e+01
1.085916485105242124e+01
1.085565757751464844e+01
1.085276722353558121e+01
1.085598194736173738e+01
1.085249843380668011e+01
1.084348817889610039e+01
1.084450436698065801e+01
1.083862613845657563e+01
1.083702233563298734e+01
1.084145212686190085e+01
1.084710379864307228e+01
1.084745002545808568e+01
1.084702880183855633e+01
1.084391032543378941e+01
1.084566792663262902e+01
1.084557309776845635e+01
1.084249378204345682e+01
1.084317347082761174e+01
1.084475735122082263e+01
1.084516942848279619e+01
1.083960631260505103e+01
1.084999555860246900e+01
1.084690433178307956e+01
1.084555219489837441e+01
1.084433737507572815e+01
1.084344732652016674e+01
1.084574777429754100e+01
1.084377477834890513e+01
1.084735383306230894e+01
1.085178775280977703e+01
1.085589246582566680e+01
1.085431593190068789e+01
1.085526380867793605e+01
1.085416857401529889e+01
1.085245930946479476e+01
1.085018985010996673e+01
1.085037457148234097e+01
1.084458522166102412e+01
1.084486331314337093e+01
1.084409875016871538e+01
1.084372371242892363e+01
1.084298619079589798e+01
1.084315299987792969e+01
1.084423921990582329e+01
1.084680498391389847e+01
1.085004220267598996e+01
1.085069752473097537e+01
1.085502216106152673e+01
1.085838981830712591e+01
1.085528345753375667e+01
1.085942038493369921e+01
1.086011390686035227e+01
1.086271849099327547e+01
1.085791197310398992e+01
1.085762844914975389e+01
1.085845239213902325e+01
1.086036115373883959e+01
1.086039793406817999e+01
1.085990929939377558e+01
1.085849169084242227e+01
1.086026553975211328e+01
1.086170537882837728e+01
1.086076115255486485e+01
1.085783706068181687e+01
1.085377463134559406e+01
1.085227189288043270e+01
1.085322476704915395e+01
1.085307069487919129e+01
1.085289630136991867e+01
1.085126403110479210e+01
1.085148805147641582e+01
1.085311921642672672e+01
1.085476416807908251e+01
1.085388498245530897e+01
1.085438363763350544e+01
1.085117804329350299e+01
1.085187323093414236e+01
1.085298641275915266e+01
1.085326917083175147e+01
1.085270416517199266e+01
1.085209077160532942e+01
1.085094303362297374e+01
1.084867625638663036e+01
1.085257667267393877e+01
1.085020172028314533e+01
1.085042846273388406e+01
1.084780943253461061e+01
1.084951001998276787e+01
1.084655953008075180e+01
1.084241386920730577e+01
1.084254255514035314e+01
1.084048333304268930e+01
1.084009284322912059e+01
1.084066380215229941e+01
1.084385001793336301e+01
1.084320185570743433e+01
1.084330466058519171e+01
1.084292067743796650e+01
1.084168844432621270e+01
1.084186145386409272e+01
1.084411131817361529e+01
1.084482294546591241e+01
1.084412416847803229e+01
1.084314370792817250e+01
1.084253248255303603e+01
1.084163197512349086e+01
1.084407724079332880e+01
1.084442937561354725e+01
1.084307888150215149e+01
1.029385089874267578e+01
1.046983194351196289e+01
1.072327645619710346e+01
1.071278762817382812e+01
1.079172306060791087e+01
1.072157557805379291e+01
1.076957798004150391e+01
1.077110922336578369e+01
1.079557175106472400e+01
1.079931192398071360e+01
1.081030368804931641e+01
1.083473102251688580e+01
1.084742201291597752e+01
1.081527096884591188e+01
1.078793366750081439e+01
1.075478690862655640e+01
1.073159139296587838e+01
1.075498607423570441e+01
1.075162019227680332e+01
1.074248032569885325e+01
1.075779764992850218e+01
1.075233528830788288e+01
1.075953085526176167e+01
1.077377629280090332e+01
1.079072231292724560e+01
1.079245695701012231e+01
1.079176394144693951e+01
1.079031998770577516e+01
1.078438890391382721e+01
1.077918294270833321e+01
1.077998951942690020e+01
1.076868382096290588e+01
1.076877319451534376e+01
1.076275755377376697e+01
1.077603517259870181e+01
1.078169918060302734e+01
1.078760750229294274e+01
1.079389808052464517e+01
1.080282221084985927e+01
1.079987807273864675e+01
1.078441094189155436e+01
1.078958379654657307e+01
1.080650680009708786e+01
1.080085463957353120e+01
1.079970164828830370e+01
1.079517432917719333e+01
1.081608480088254254e+01
1.081406068801879883e+01
1.081715284075055727e+01
1.082618631362915096e+01
1.082796854131361997e+01
1.082571057172921947e+01
1.083171106734365807e+01
1.082927117524323712e+01
1.081822315562855152e+01
1.081178421633584108e+01
1.080969249993039938e+01
1.080711165789900186e+01
1.079526948120634522e+01
1.080914050738016741e+01
1.080959563958840342e+01
1.081735177193918496e+01
1.081925994630843846e+01
1.082537347078323364e+01
1.083500970693734899e+01
1.083412787408539657e+01
1.083078963720976340e+01
1.083188455245074167e+01
1.083117042762645710e+01
1.083017967769077927e+01
1.083521329852896642e+01
1.083655352062649158e+01
1.083817884366806261e+01
1.083746100760794917e+01
1.084052658081054688e+01
1.083745179678264492e+01
1.083829722466406942e+01
1.084012059676341444e+01
1.084352945979637362e+01
1.084295171499252319e+01
1.083690311290599695e+01
1.084195846464575830e+01
1.083824713833360853e+01
1.083188835779825787e+01
1.082840630026424655e+01
1.082754342500553513e+01
1.083381101454811457e+01
1.083284314112229829e+01
1.083054112852289386e+01
1.082984202702840193e+01
1.082899547409225249e+01
1.082353335878123346e+01
1.082529444335609270e+01
1.082957548790789737e+01
1.083017755809583171e+01
1.083029673496882062e+01
1.082836963220970006e+01
1.083262450354439821e+01
1.083241949177751628e+01
1.082899783134460492e+01
1.082612270883994476e+01
1.082579316344915732e+01
1.082873901811618289e+01
1.082647536351130491e+01
1.083432781582786930e+01
1.083233161242502973e+01
1.082902031301338042e+01
1.082499489960847150e+01
1.082510536963786585e+01
1.082531885667280669e+01
1.082315121899853949e+01
1.082691565581730408e+01
1.083171430942231517e+01
1.083444333494755263e+01
1.083246341373609489e+01
1.083680926520248988e+01
1.083873969673091509e+01
1.083935702857324657e+01
1.084000999386570996e+01
1.084232338269551654e+01
1.084200538288463278e+01
1.084414289036735113e+01
1.084294982072783675e+01
1.084245750211900194e+01
1.084360459899902374e+01
1.084113107408795962e+01
1.084167210135872850e+01
1.084134643524885178e+01
1.084450632287550320e+01
1.084670208417452386e+01
1.085107659929581203e+01
1.084946465492248535e+01
1.084796328293649736e+01
1.084942745094868677e+01
1.085028636367232657e+01
1.085441599172704308e+01
1.085298491568461010e+01
1.085522001377050394e+01
1.085290839517716854e+01
1.085239351136343799e+01
1.085110519625616377e+01
1.084919611165221376e+01
1.084897065329385057e+01
1.084844538900587274e+01
1.084539499611690161e+01
1.084425105134101841e+01
1.084403266387731790e+01
1.083981618365725907e+01
1.084010026278911809e+01
1.083948523839314859e+01
1.084014675317221155e+01
1.084093429540332920e+01
1.083891612408207905e+01
1.083579373669314627e+01
1.083776477075392286e+01
1.083977132577162550e+01
1.083875457496400152e+01
1.084026645105096343e+01
1.084054617611867144e+01
1.084168743491172826e+01
1.084168151594837326e+01
1.083917982784318390e+01
1.083968522943601975e+01
1.084010616162928109e+01
1.083948927792635786e+01
1.083532790103590671e+01
1.083871492511497969e+01
1.083935814244406615e+01
1.083604520876732025e+01
1.083494630701401640e+01
1.083260945548788179e+01
1.083219104589417903e+01
1.083183994182961563e+01
1.083024988503291652e+01
1.082803742544991543e+01
1.082919639890844188e+01
1.082912863176421325e+01
1.083112647024433350e+01
1.082929608009381006e+01
1.083063671323988153e+01
1.083017528913297767e+01
1.082969242661863873e+01
1.082883722274029914e+01
1.083045140556667185e+01
1.082983634536330797e+01
1.082863840492822760e+01
1.082664336750214140e+01
1.082442657998267599e+01
1.082422078349602934e+01
1.082628007688020411e+01
1.082432397872365648e+01
1.082269318401813507e+01
1.067292213439941406e+01
1.084535408020019531e+01
1.100384839375813861e+01
1.096999025344848633e+01
1.099984989166259730e+01
1.099575010935465436e+01
1.099303191048758421e+01
1.098014855384826660e+01
1.093249342176649286e+01
1.092679929733276367e+01
1.088139421289617381e+01
1.091289655367533307e+01
1.091406976259671779e+01
1.089630712781633726e+01
1.088681488037109446e+01
1.083789598941802979e+01
1.083228481517118524e+01
1.084261671702066998e+01
1.082615320306075191e+01
1.081391992568969762e+01
1.082747895377022829e+01
1.083312476765025778e+01
1.082095817897630852e+01
1.083773612976074219e+01
1.083275550842285107e+01
1.082691108263455959e+01
1.083289591471354107e+01
1.083550136429922972e+01
1.082643571393243143e+01
1.083174867630004812e+01
1.082704713267664687e+01
1.081985726952552795e+01
1.082347251429702339e+01
1.081707491594202430e+01
1.083408554622105235e+01
1.084287783834669305e+01
1.084231928232553877e+01
1.085582276394492673e+01
1.086375735356257444e+01
1.085162491798400808e+01
1.084936030318097444e+01
1.085341766902378602e+01
1.085993939776753336e+01
1.086169520291415047e+01
1.086280742221408424e+01
1.086139019675876760e+01
1.086872656801913628e+01
1.085355520248413086e+01
1.085457432026765723e+01
1.085142000198364265e+01
1.085592441932827867e+01
1.085708768551166159e+01
1.085802238392380126e+01
1.085448602393821460e+01
1.085661085302179529e+01
1.086053202833448061e+01
1.085629423041092778e+01
1.085244773996287293e+01
1.084064884509070481e+01
1.085023978551228829e+01
1.085535615389464326e+01
1.086227872294764296e+01
1.085614048488556449e+01
1.085994032025337219e+01
1.086525226006141054e+01
1.086417268984245510e+01
1.086355086938658765e+01
1.086741798064288034e+01
1.086604892343714646e+01
1.086500053405761790e+01
1.086480017111334995e+01
1.086358457141452405e+01
1.086311806717964146e+01
1.085584974288940430e+01
1.085272357940673871e+01
1.084735493910940107e+01
1.084771235577471771e+01
1.084823354085286518e+01
1.085214028177382062e+01
1.085156042575836111e+01
1.084775765736897846e+01
1.085297639195511898e+01
1.085246783566762119e+01
1.084511269841875425e+01
1.084408701728371938e+01
1.084383090706758779e+01
1.084614425966109330e+01
1.084026596762917194e+01
1.083844397041235119e+01
1.083515466054280552e+01
1.083295691144335393e+01
1.082706883679265530e+01
1.083097921391969010e+01
1.083614442703571790e+01
1.083220442721718157e+01
1.083304622769355774e+01
1.083239680221400292e+01
1.083881972760570278e+01
1.083734047051632032e+01
1.082831091880798269e+01
1.082397302306524622e+01
1.082333390852984323e+01
1.082243665676672428e+01
1.081977019860194211e+01
1.082872665041968929e+01
1.082800690632946150e+01
1.082705485263717549e+01
1.082468578550550653e+01
1.082432724139012414e+01
1.082503413287076022e+01
1.082663526620950734e+01
1.082229479721614318e+01
1.082519632525148623e+01
1.083228815647593635e+01
1.083273613971212690e+01
1.083553574003022213e+01
1.083569492437900728e+01
1.083697660090559545e+01
1.083271300692518224e+01
1.083791159788767544e+01
1.083754760962872510e+01
1.083738797609923310e+01
1.083753823846336317e+01
1.083814214891003047e+01
1.083322221374511685e+01
1.082963422744993132e+01
1.083343857292115153e+01
1.083421805500984192e+01
1.083678900548654056e+01
1.083863761608417242e+01
1.084173024883707015e+01
1.084353175307765227e+01
1.083699366203824432e+01
1.083939859048644117e+01
1.084095153808593714e+01
1.084569359526914667e+01
1.084425875392273397e+01
1.084795603544815812e+01
1.084912029787790821e+01
1.084870285306658033e+01
1.084598932198598931e+01
1.084550529802349317e+01
1.084359205686129002e+01
1.084026878409915540e+01
1.083783278629697655e+01
1.083743195990993513e+01
1.083739243072717429e+01
1.083637771090945634e+01
1.083571728443939364e+01
1.083476982116699183e+01
1.083547126694230833e+01
1.083564886921330483e+01
1.083343354393454128e+01
1.083102789172878566e+01
1.083257481359666308e+01
1.083299824519035148e+01
1.083100345028433864e+01
1.083368372011788239e+01
1.083259614308675189e+01
1.083565184473991394e+01
1.083723093708109353e+01
1.083606287285133618e+01
1.083578208619100103e+01
1.083686404693417416e+01
1.083556600050492769e+01
1.083367250626345779e+01
1.083796379523363029e+01
1.083638598237718931e+01
1.083579967995367177e+01
1.083322610855102575e+01
1.083511823799177876e+01
1.083108187830725377e+01
1.083154248364398953e+01
1.083026455736708371e+01
1.082767888205392026e+01
1.082657525214281868e+01
1.082786857475668718e+01
1.083074176981208048e+01
1.083155106166221593e+01
1.083175050417582241e+01
1.083162891535469186e+01
1.082922852170336370e+01
1.082604516138795958e+01
1.082812545092209611e+01
1.082812239672686516e+01
1.082802946849535886e+01
1.082741190150459865e+01
1.082646385659562860e+01
1.082499634778058173e+01
1.082764116086457840e+01
1.082781179038641994e+01
1.082658609747886658e+01
1.054058074951171875e+01
1.078232192993164062e+01
1.091427771250406842e+01
1.088067197799682617e+01
1.091346797943115199e+01
1.094343439737955670e+01
1.092469160897391234e+01
1.094036209583282471e+01
1.092799133724636462e+01
1.095314025878906250e+01
1.096650366349653716e+01
1.095742050806681256e+01
1.090433502197265625e+01
1.091531085968017578e+01
1.091663754781087192e+01
1.089994466304779053e+01
1.087926023146685495e+01
1.086460871166653064e+01
1.083634281158447266e+01
1.080594186782836985e+01
1.083334831964402056e+01
1.082530650225552726e+01
1.083361020295516219e+01
1.083758163452148438e+01
1.083313323974609332e+01
1.080730493252093893e+01
1.079902747825340015e+01
1.080924946921212282e+01
1.081112213792471977e+01
1.081571267445882079e+01
1.080249915584441212e+01
1.080267977714538574e+01
1.080300383134321685e+01
1.080032511318431254e+01
1.080710154942103784e+01
1.080318609873453717e+01
1.081325801643165363e+01
1.082086048628154629e+01
1.082791641430977059e+01
1.082496733665466238e+01
1.082351414750261931e+01
1.081274859110514264e+01
1.081697814409122849e+01
1.080715916373512897e+01
1.080022616916232714e+01
1.080362228725267570e+01
1.081505341225482120e+01
1.081544943650563617e+01
1.080834172696483364e+01
1.081325128555297788e+01
1.081187347337311344e+01
1.081128243299630931e+01
1.080697011047939071e+01
1.079833825429280658e+01
1.079118704362349135e+01
1.079218896797725158e+01
1.078983261710719077e+01
1.078202323255867867e+01
1.078777148359912985e+01
1.079439954757690501e+01
1.079440632804495337e+01
1.080212980701077363e+01
1.080148654513888928e+01
1.080851095914840698e+01
1.082057839907132646e+01
1.082101410085504689e+01
1.082324450763303858e+01
1.082537113918977667e+01
1.082264922321706635e+01
1.082607923235211977e+01
1.082426280706701149e+01
1.082714356316460425e+01
1.082387993433704132e+01
1.081191257528356608e+01
1.081360181172688861e+01
1.081363245060569334e+01
1.080845160298533258e+01
1.081145789073063845e+01
1.081535851200924725e+01
1.080609724521636927e+01
1.080578457867657782e+01
1.080677303453771110e+01
1.080699318575571866e+01
1.080727234340849385e+01
1.079648563160615815e+01
1.078884735772776082e+01
1.079326854355033838e+01
1.079287480224262552e+01
1.079073613413264177e+01
1.078971933788723447e+01
1.078355440202650151e+01
1.078153256748033684e+01
1.078162647575460475e+01
1.078671299143040407e+01
1.078720276481226925e+01
1.078748200337092022e+01
1.078888474297277789e+01
1.079463987934346036e+01
1.079175633131855605e+01
1.079112850189208928e+01
1.079300028734868100e+01
1.079678425134397024e+01
1.079875333100846646e+01
1.079385831722846412e+01
1.080294219425746327e+01
1.080497541967427999e+01
1.080082691941305839e+01
1.079951447027700873e+01
1.079858205952775663e+01
1.079669817144220545e+01
1.079378738918819991e+01
1.079911725010190615e+01
1.080227763251920692e+01
1.080644409280074214e+01
1.080587474159572459e+01
1.080956227203895281e+01
1.080559555281940654e+01
1.080499570652589902e+01
1.080276235211797164e+01
1.080679345130920410e+01
1.080537854344391668e+01
1.080698305661561065e+01
1.080593233186055002e+01
1.080129528814746465e+01
1.079828456878662024e+01
1.079782498828948434e+01
1.079466779964176659e+01
1.079494711756706238e+01
1.079659090855324877e+01
1.079825153350830114e+01
1.080141183984188658e+01
1.080473714163809085e+01
1.080253317840117333e+01
1.080395444471444577e+01
1.080516686616120481e+01
1.080853376669042198e+01
1.080606196048485934e+01
1.080914786242056636e+01
1.080813416131108795e+01
1.080644805090767946e+01
1.080768847634606367e+01
1.080746177888252291e+01
1.080542003524887029e+01
1.080809812413321680e+01
1.080811352565370775e+01
1.080498121209340567e+01
1.080429441101697030e+01
1.080247771417772462e+01
1.080187679777209375e+01
1.080186075210571239e+01
1.080213875802147427e+01
1.080008979220139409e+01
1.079639178631352436e+01
1.079296943738863135e+01
1.079278919466080211e+01
1.078920200543525887e+01
1.078884506225585938e+01
1.079126898850066674e+01
1.079194311225939096e+01
1.079473806023597682e+01
1.079448624723446315e+01
1.079452150250658526e+01
1.079584743640174160e+01
1.079492668407719336e+01
1.079453852104418132e+01
1.079343175313558945e+01
1.079519386063078912e+01
1.079532470589592386e+01
1.079387221251719176e+01
1.079187462750603110e+01
1.079384772540533000e+01
1.079302819939546865e+01
1.079002087102460017e+01
1.078877050027080031e+01
1.078756389072963096e+01
1.078732286800037699e+01
1.078886625322244974e+01
1.079243290826176072e+01
1.079288183777025978e+01
1.079281188646952394e+01
1.079013005672897485e+01
1.078720751961508917e+01
1.078777137089296723e+01
1.078774154704550092e+01
1.078553435866897203e+01
1.078608685667796863e+01
1.078389298852114742e+01
1.078329075650965940e+01
1.078220059631993522e+01
1.078492878361752183e+01
1.078460946008172883e+01
1.078541338940461536e+01
1.085707569122314453e+01
1.101639509201049805e+01
1.104021422068277936e+01
1.095512270927429199e+01
1.095058193206787145e+01
1.087840572992960553e+01
1.088307857513427734e+01
1.086721050739288330e+01
1.088552220662434955e+01
1.092826690673828161e+01
1.092201961170543356e+01
1.091985869407653809e+01
1.086700534820556641e+01
1.087206098011561828e+01
1.087514031728108677e+01
1.083474117517471313e+01
1.082848184248980417e+01
1.084587844212849994e+01
1.084364072900069331e+01
1.084279651641845632e+01
1.086173847743443055e+01
1.083152888037941608e+01
1.083769002168074813e+01
1.084953618049621582e+01
1.084913108825683636e+01
1.083493878291203494e+01
1.083781475490993884e+01
1.084754153660365539e+01
1.083678051521038199e+01
1.082725893656412808e+01
1.082236317665346270e+01
1.081875675916671753e+01
1.080069498582319731e+01
1.079984852846930998e+01
1.081927136012486024e+01
1.082892915937635614e+01
1.083925092542493651e+01
1.085339395623458003e+01
1.085972203963842198e+01
1.085023417472839391e+01
1.084378375076666146e+01
1.083373641967773438e+01
1.084521595267362315e+01
1.084290781888094735e+01
1.083917742835150833e+01
1.083668677703193950e+01
1.085081975003506294e+01
1.084427662690480609e+01
1.083836129246925850e+01
1.084213010787963860e+01
1.084255205416211965e+01
1.084024113875168993e+01
1.083285038426237357e+01
1.082406179993240869e+01
1.081993427276611364e+01
1.082073043073926577e+01
1.082008954098350095e+01
1.081436111187112736e+01
1.081040033243470333e+01
1.081764267285664793e+01
1.081703423672035136e+01
1.081400025275445742e+01
1.081073126717219246e+01
1.080946706235408783e+01
1.081618677286001429e+01
1.081313111565329876e+01
1.081313974465896877e+01
1.081093629668740697e+01
1.081042631121649222e+01
1.081284145627702920e+01
1.081812029825129962e+01
1.082098204559749988e+01
1.082580847282932268e+01
1.082121214995513014e+01
1.082033971150716134e+01
1.081686368741487136e+01
1.081594160005643701e+01
1.081873484146900743e+01
1.082562174978135516e+01
1.081594396829605031e+01
1.081367449112880408e+01
1.081698169940855436e+01
1.081633544829954552e+01
1.081120341164725218e+01
1.080746964847340230e+01
1.080458969293638738e+01
1.081085779475069586e+01
1.080560224706476369e+01
1.080258849497591456e+01
1.079977317386203417e+01
1.079731080820272204e+01
1.079116469880808893e+01
1.079964491116103353e+01
1.080312741056401649e+01
1.080183581302040530e+01
1.079604497551918030e+01
1.079868703035964117e+01
1.080258027874693560e+01
1.080215232540862758e+01
1.079820960998535107e+01
1.079653426444176390e+01
1.079767504860373073e+01
1.079874065547313577e+01
1.079246397201831442e+01
1.079672456468854591e+01
1.080059099197387695e+01
1.079794159113803786e+01
1.079461699061923596e+01
1.079048103367516731e+01
1.079280579306862542e+01
1.079301863318091037e+01
1.079607247454779539e+01
1.080246644315466398e+01
1.080831546950758515e+01
1.080762419493302140e+01
1.081160391610244176e+01
1.081193047710972976e+01
1.081279609971127265e+01
1.081089265807336197e+01
1.081414767106374164e+01
1.081397657946121527e+01
1.081076485211731963e+01
1.080987158829603700e+01
1.081120557169760410e+01
1.081343688201904385e+01
1.081555851678999680e+01
1.081786389238252433e+01
1.081651756912469864e+01
1.081740019302959510e+01
1.081727138666006205e+01
1.082193727711684872e+01
1.082253004565383492e+01
1.081833612112174414e+01
1.081810046665704128e+01
1.081707797580295072e+01
1.082072747454923700e+01
1.081801516122191487e+01
1.081985070048898834e+01
1.082102835950233910e+01
1.082132546561104824e+01
1.081743523076916347e+01
1.081610605750285359e+01
1.081351312223847927e+01
1.080978339910507202e+01
1.080952351668785383e+01
1.080361952193795894e+01
1.080195301730616642e+01
1.080304452535268389e+01
1.080190393588686959e+01
1.080412876764933294e+01
1.080539311794255752e+01
1.080635496189719724e+01
1.080447599622938348e+01
1.080256202004172650e+01
1.080389870059105739e+01
1.080513536624419402e+01
1.080394579650490172e+01
1.080569103096104833e+01
1.080493813040871309e+01
1.080644295811653066e+01
1.080850042615618101e+01
1.080752224981048926e+01
1.080850826450652136e+01
1.080778224293778500e+01
1.080761121114094969e+01
1.080651490085096178e+01
1.080820358299209616e+01
1.080525705360230937e+01
1.080498823470617964e+01
1.080269662632661642e+01
1.080428755353068659e+01
1.080252801540286001e+01
1.080099908464905845e+01
1.079719608131496322e+01
1.079762668064662456e+01
1.079583070494911823e+01
1.079615119352179065e+01
1.079876938830600608e+01
1.079937218820582601e+01
1.079753397835625606e+01
1.079265635579989180e+01
1.079191033394782018e+01
1.079251276860471620e+01
1.079399041507555168e+01
1.079466929564604882e+01
1.079602063086725039e+01
1.079353046417236328e+01
1.079380802398032380e+01
1.079372161784499973e+01
1.079747146807218883e+01
1.079642076642101323e+01
1.079644022881984711e+01
1.054849815368652344e+01
1.068857574462890625e+01
1.082672913869222064e+01
1.079636597633361816e+01
1.084145641326904297e+01
1.085681581497192383e+01
1.088230064937046571e+01
1.087765300273895264e+01
1.088349501291910748e+01
1.089753942489624094e+01
1.089966262470592184e+01
1.090673112869262695e+01
1.090964654775766185e+01
1.091586405890328493e+01
1.088110720316569058e+01
1.081914919614791870e+01
1.083729772006764058e+01
1.082821734746297260e+01
1.079873205486096843e+01
1.080106821060180700e+01
1.083650861467633852e+01
1.081344210017811136e+01
1.082879605500594344e+01
1.084833212693532367e+01
1.083549526214599545e+01
1.083656901579636767e+01
1.082660735094988702e+01
1.083142726761954222e+01
1.082185926108524754e+01
1.082254762649536062e+01
1.081423485663629336e+01
1.081238478422164917e+01
1.080180809714577350e+01
1.078224420547485352e+01
1.079328297206333787e+01
1.080116287867228131e+01
1.080051638628985344e+01
1.080586704454923996e+01
1.081315632355518908e+01
1.080821886062622106e+01
1.080469550156011849e+01
1.081193456195649638e+01
1.081874851847803853e+01
1.082221295616843548e+01
1.082209313710530552e+01
1.081715710266776753e+01
1.083158210997885895e+01
1.082935015360514264e+01
1.082533139598612948e+01
1.083156620025634709e+01
1.083496060090906532e+01
1.083093181023230933e+01
1.081870787998415473e+01
1.081315951877170178e+01
1.080999183654785156e+01
1.081091414179120669e+01
1.080628423523484649e+01
1.080331524487199424e+01
1.080522826566534533e+01
1.081030186017354389e+01
1.080481124315105568e+01
1.081012961172288378e+01
1.081132548195975218e+01
1.081262435019016266e+01
1.082218224452092059e+01
1.081592756329160743e+01
1.081576283298321606e+01
1.081793228317709499e+01
1.081414384427277930e+01
1.080862733295985656e+01
1.081392934288777141e+01
1.081950763861338238e+01
1.082253849343077690e+01
1.082298367732279942e+01
1.082053763071695940e+01
1.081815437266701174e+01
1.082076012004505472e+01
1.082464275604639248e+01
1.082441075240509498e+01
1.081951469182968140e+01
1.081565872239477777e+01
1.081994990604679785e+01
1.081763549023363957e+01
1.081665145783197346e+01
1.080783852969898895e+01
1.081171019132747269e+01
1.081684299995159293e+01
1.080897477540102791e+01
1.080938363878914465e+01
1.080779310862223319e+01
1.080293014023330223e+01
1.080176820962325301e+01
1.080447733274070110e+01
1.080869805559198937e+01
1.080673170591655463e+01
1.080700532595316510e+01
1.080809020996093750e+01
1.081375011132687902e+01
1.081302365389737297e+01
1.080684020996093686e+01
1.080790705728058754e+01
1.080886770697200916e+01
1.080741347155524679e+01
1.080249470930833056e+01
1.081074101584298219e+01
1.081216251625204983e+01
1.081110429318151667e+01
1.081465827977215888e+01
1.081496411944748104e+01
1.081061382293701101e+01
1.080993680696229653e+01
1.081277385779789491e+01
1.081794407093419430e+01
1.082316329186422799e+01
1.082054359601891491e+01
1.082361258309462926e+01
1.082424598269992444e+01
1.081715870711762939e+01
1.081499433918159525e+01
1.081490724086761546e+01
1.081006407146611537e+01
1.080996273384719686e+01
1.081272576494914794e+01
1.081524012165684923e+01
1.080976715087890661e+01
1.080774490416995981e+01
1.081145492313414991e+01
1.081309988349676132e+01
1.081570824172145606e+01
1.081708145141601562e+01
1.082138953318122709e+01
1.082522926186070222e+01
1.082164749346281418e+01
1.082103985459057327e+01
1.082068632620352311e+01
1.082407719948712455e+01
1.081889688533587979e+01
1.082219581327576563e+01
1.082351353871736599e+01
1.082108035087585485e+01
1.081484477401625099e+01
1.081287559321228819e+01
1.081202059525709913e+01
1.081215278969870752e+01
1.081227322940168634e+01
1.081249015625209076e+01
1.081193617087643233e+01
1.080906314463228846e+01
1.080785525405166858e+01
1.080649787902832060e+01
1.080521155351045159e+01
1.080569843242042971e+01
1.080479591968012798e+01
1.080236468377051473e+01
1.080122202596356829e+01
1.079873245801681136e+01
1.079976285339161102e+01
1.080090019974527493e+01
1.079858304869453889e+01
1.079918863773345983e+01
1.080002355871733677e+01
1.080027537875705335e+01
1.080004069556487778e+01
1.080153337920584278e+01
1.080322799682617152e+01
1.080157602264220529e+01
1.080628289434010370e+01
1.080412043276287193e+01
1.080016576326810451e+01
1.079742769353529930e+01
1.079616186353895380e+01
1.079412822945173467e+01
1.079339816804566077e+01
1.079303089229539836e+01
1.079262043544224348e+01
1.079019399664618817e+01
1.078975361215192663e+01
1.079251448491985954e+01
1.079035192628146511e+01
1.078762648370530819e+01
1.078258664568484804e+01
1.078353709440964892e+01
1.078224324398353495e+01
1.078218351758044768e+01
1.078304651621225752e+01
1.078213209746986223e+01
1.078069991861435106e+01
1.077908947112712390e+01
1.077975230746799085e+01
1.078373910502383559e+01
1.078288998528924836e+01
1.078282106419404407e+01
1.103762435913085938e+01
1.095977115631103516e+01
1.098719851175943951e+01
1.096555089950561523e+01
1.090779247283935582e+01
1.078621451059977154e+01
1.082001291002545962e+01
1.085116708278656006e+01
1.087274307674831775e+01
1.082331943511962891e+01
1.081148494373668356e+01
1.084677712122599225e+01
1.085143221341646580e+01
1.086569288798740907e+01
1.088019771575927663e+01
1.085994428396224976e+01
1.086889788683722990e+01
1.086702511045667841e+01
1.088208514765689294e+01
1.084976930618286062e+01
1.086614735921224018e+01
1.084451571377840828e+01
1.084768436266028324e+01
1.086168201764424701e+01
1.083711650848388608e+01
1.082687598008375929e+01
1.083092887313277686e+01
1.082691294806344118e+01
1.083866152270086936e+01
1.083210360209147183e+01
1.082634676656415351e+01
1.082967406511306763e+01
1.081654074697783585e+01
1.081734488992130139e+01
1.083214642660958482e+01
1.083957955572340204e+01
1.083567080626616530e+01
1.084433613325420254e+01
1.085842888171856302e+01
1.083965423107147252e+01
1.083101126042807927e+01
1.083666340510050397e+01
1.084449162594107641e+01
1.083939667181535249e+01
1.083554691738552478e+01
1.082959573165230083e+01
1.084768005127602386e+01
1.083815679947535138e+01
1.081982657374167900e+01
1.082913164138793860e+01
1.082741200690175987e+01
1.082285750829256443e+01
1.082162234468280104e+01
1.081420580546061139e+01
1.080913361636075187e+01
1.080886243070874819e+01
1.080563138660631672e+01
1.080501988838458871e+01
1.080267335600772149e+01
1.081606526374816823e+01
1.081380654944748088e+01
1.082308779993364922e+01
1.082586147671654153e+01
1.083054660260677338e+01
1.083947406181922268e+01
1.084476453607732616e+01
1.084009167685437625e+01
1.083893994724049215e+01
1.083664819468622653e+01
1.083657132557460301e+01
1.083619967984481569e+01
1.083933704429202649e+01
1.083726006338041081e+01
1.083067351418572422e+01
1.082911561330159422e+01
1.082792275830319007e+01
1.082937806612485332e+01
1.082992686980809971e+01
1.083745578572719914e+01
1.083498352766036987e+01
1.083458814503234180e+01
1.083723716038029394e+01
1.083295816398528721e+01
1.082920493398393980e+01
1.082406915776869916e+01
1.081999286385469716e+01
1.082667119475616779e+01
1.082562040198932962e+01
1.082081192530942815e+01
1.082230812708536760e+01
1.081276850647978804e+01
1.081242707501287015e+01
1.081716511839179518e+01
1.081918304524523222e+01
1.081686403374922989e+01
1.081420342127482037e+01
1.080926889242585176e+01
1.081585542523131060e+01
1.081472998917704942e+01
1.081179257392883386e+01
1.081333681616452580e+01
1.081846693450329333e+01
1.082069778442382812e+01
1.081464998538677591e+01
1.082393688928513242e+01
1.081756524319918711e+01
1.081271008464777594e+01
1.081000079932036151e+01
1.081069884168992346e+01
1.080706329345703054e+01
1.080564199911581547e+01
1.081104237692696657e+01
1.081593111764013315e+01
1.082212133574904023e+01
1.081915918433147894e+01
1.081662122134504678e+01
1.081443961868938253e+01
1.081011220964334818e+01
1.080293790031881862e+01
1.080840687751770091e+01
1.080602352678283218e+01
1.080626284489866151e+01
1.080091275626081782e+01
1.079942454830292675e+01
1.079958008575439443e+01
1.079970950928945328e+01
1.079741853428637910e+01
1.079628255963325500e+01
1.079976330247036209e+01
1.080176538320688095e+01
1.080685037510995627e+01
1.081092392314564066e+01
1.080626981778252471e+01
1.080675712983999759e+01
1.080734227498372313e+01
1.081093004871817165e+01
1.080347366750675420e+01
1.080794907998347654e+01
1.080842504569952389e+01
1.080711214201790860e+01
1.080442442792527302e+01
1.080348199521991504e+01
1.080257568492756093e+01
1.079630265633265118e+01
1.079492173688165124e+01
1.079293260182419800e+01
1.079208298118746967e+01
1.079214975640580398e+01
1.079218294156477675e+01
1.079172775904337556e+01
1.079105734667241201e+01
1.079066617237894121e+01
1.078797637715059210e+01
1.078568901334490171e+01
1.078738239657494269e+01
1.078668604141626552e+01
1.078439080791108928e+01
1.078616033626508042e+01
1.078728209201644717e+01
1.078762840628623998e+01
1.078555229731968446e+01
1.078061855575184680e+01
1.078064520666204373e+01
1.077799903474202914e+01
1.077945791880289761e+01
1.077726377349302034e+01
1.078039189298709744e+01
1.078128154504866743e+01
1.078118251484526624e+01
1.077850470262415250e+01
1.078114567026060300e+01
1.078093553143878403e+01
1.077737381554752361e+01
1.077474929546487736e+01
1.077423373631068593e+01
1.077390097488056497e+01
1.077544801787468032e+01
1.077875425574484858e+01
1.077561986912562197e+01
1.077526121139526438e+01
1.077300671319276582e+01
1.076820684789301197e+01
1.076472780613299918e+01
1.076707503588303361e+01
1.076764557812665046e+01
1.076724508757232357e+01
1.076570631221016505e+01
1.076353912150606185e+01
1.076361895364428278e+01
1.076604478735672821e+01
1.076305337476480695e+01
1.076343435049057007e+01
1.004538345336914062e+01
1.028937816619873047e+01
1.058514308929443359e+01
1.070178484916687012e+01
1.074618396759033168e+01
1.075653998057047467e+01
1.078543254307338195e+01
1.075914311408996582e+01
1.075842486487494654e+01
1.077277860641479457e+01
1.077131800218061919e+01
1.078871258099873920e+01
1.077283301720252418e+01
1.073622989654541016e+01
1.074927266438802143e+01
1.073643839359283447e+01
1.074733464858111276e+01
1.074319277869330591e+01
1.073272900832326826e+01
1.072373538017273020e+01
1.075662771860758404e+01
1.074689930135553517e+01
1.073714973615563473e+01
1.076708217461903949e+01
1.076979370117187429e+01
1.077020887228158763e+01
1.075250908180519360e+01
1.075386864798409547e+01
1.074523083917025801e+01
1.073605874379475900e+01
1.072908862944572128e+01
1.072036960721015930e+01
1.071919212919292974e+01
1.072083074906293021e+01
1.073012341090610988e+01
1.073838554488288111e+01
1.073529478021570149e+01
1.075282282578317705e+01
1.076561235770201108e+01
1.076966836452484166e+01
1.077440292079274187e+01
1.077278012321108847e+01
1.078078635903291982e+01
1.077037809111855182e+01
1.077521283891465842e+01
1.077047636197960934e+01
1.078445118031603300e+01
1.077659686406453510e+01
1.076847436476727005e+01
1.077214479446411133e+01
1.077154961754293971e+01
1.076852310620821385e+01
1.076249626447569696e+01
1.075517792171902087e+01
1.075340652465820312e+01
1.075183793476649718e+01
1.075422909385279624e+01
1.075532490631629656e+01
1.075287673432948310e+01
1.075668938954671283e+01
1.075389561887647361e+01
1.075401053890105274e+01
1.074822453090122742e+01
1.075286121666431427e+01
1.076075245783879275e+01
1.076250297372991405e+01
1.075054921676863451e+01
1.075049987961264186e+01
1.075601695240407807e+01
1.075282299859183155e+01
1.075309679541789265e+01
1.075239053037431525e+01
1.075576132944185481e+01
1.075809218432452141e+01
1.075931838989257727e+01
1.076366504869963059e+01
1.076778964253215065e+01
1.077050358209854508e+01
1.077462533154065127e+01
1.077264094352722168e+01
1.076824882884084467e+01
1.077391914042030940e+01
1.077674895596791416e+01
1.076942357562837138e+01
1.076344550637637809e+01
1.076039440687312698e+01
1.076503578273729289e+01
1.076463987610556927e+01
1.075465615947594777e+01
1.075770877202351805e+01
1.075622309171236424e+01
1.075515635117240620e+01
1.075811123591597429e+01
1.076200212316310179e+01
1.075866790570710840e+01
1.076006812850634198e+01
1.076090573772941639e+01
1.076984163206450873e+01
1.076710130710794466e+01
1.076548061370849574e+01
1.076872162771697106e+01
1.077043099496878753e+01
1.077093092909137084e+01
1.077076634076925465e+01
1.077858953021821442e+01
1.078094130642009318e+01
1.077848408600994290e+01
1.077739363246493909e+01
1.077708743909083289e+01
1.077579599727283899e+01
1.077562827892131558e+01
1.077965065411158996e+01
1.078496463741876354e+01
1.079253189187300777e+01
1.079276508663011569e+01
1.079755272536442234e+01
1.079513601971487802e+01
1.079442442877818031e+01
1.079237403388784777e+01
1.079737679958343577e+01
1.079399585723876953e+01
1.079458987126584901e+01
1.079343396473706207e+01
1.079521663727298808e+01
1.079270983123779359e+01
1.079156038496229364e+01
1.079328718711072099e+01
1.079389528930187225e+01
1.079589752078980425e+01
1.079767026167649568e+01
1.080293189478284610e+01
1.080440670071226172e+01
1.080199984500282717e+01
1.080640363693237305e+01
1.080597939667878293e+01
1.080790275685927426e+01
1.080382858053611095e+01
1.080558165259983205e+01
1.080412983379775760e+01
1.080078955377851280e+01
1.079964107486373059e+01
1.079620678324094918e+01
1.079554722525856647e+01
1.079231603278054052e+01
1.079016543421252017e+01
1.078817240832603197e+01
1.078605790689688959e+01
1.078433507197611974e+01
1.078136319922120734e+01
1.078271136601765967e+01
1.078300428706289082e+01
1.078496486889688555e+01
1.077867061016606343e+01
1.077724791811658278e+01
1.077403189751409762e+01
1.076977389286725995e+01
1.076886693383478111e+01
1.076707785039008414e+01
1.076517023530396244e+01
1.076304765939712560e+01
1.076373153591748277e+01
1.076455901581564056e+01
1.076187717695177781e+01
1.076158258391589584e+01
1.076274870092218627e+01
1.076166143187557367e+01
1.076527581243457909e+01
1.076451971417381692e+01
1.076445511247984754e+01
1.076205469580257557e+01
1.076475711175572769e+01
1.076096051238303986e+01
1.075793084381632703e+01
1.075642754017621705e+01
1.075635815211704838e+01
1.075324464928020163e+01
1.075486499441545618e+01
1.075736150312959438e+01
1.075714194974419868e+01
1.075635335180494501e+01
1.075645691782071367e+01
1.075375497734153640e+01
1.075394045720334901e+01
1.075335330548493751e+01
1.075472582224253060e+01
1.075103413161411048e+01
1.075064614749847181e+01
1.075093814159961525e+01
1.075105942620171362e+01
1.075404339840537560e+01
1.075480041204322745e+01
1.075733652214209179e+01
1.084414291381835938e+01
1.055573940277099609e+01
1.074184417724609375e+01
1.074619317054748535e+01
1.071714572906494212e+01
1.073780663808186908e+01
1.080192797524588499e+01
1.076851284503936768e+01
1.083956729041205591e+01
1.088472537994384837e+01
1.085674008456143547e+01
1.084083414077758789e+01
1.081650910010704614e+01
1.082469960621425109e+01
1.077760715484619070e+01
1.075280535221099854e+01
1.075656980626723325e+01
1.075769466824001697e+01
1.076213761379844236e+01
1.075132303237915110e+01
1.078953670320056801e+01
1.077552071484652352e+01
1.077300946608833598e+01
1.078655759493509869e+01
1.077875656127929638e+01
1.076624939991877561e+01
1.074685269814950495e+01
1.075566012518746462e+01
1.076541344872836348e+01
1.075442813237508055e+01
1.074987119243990996e+01
1.072396382689476013e+01
1.072868390516801362e+01
1.072832503038294227e+01
1.073921764918735988e+01
1.074970674514770508e+01
1.075704932857204099e+01
1.075937830774407722e+01
1.076977213835104941e+01
1.077256090641021657e+01
1.075382372228110661e+01
1.075423367818196674e+01
1.076082823997320048e+01
1.075788595459678021e+01
1.075099046495225608e+01
1.074277770000955279e+01
1.075427089853489626e+01
1.074229902029037476e+01
1.073631212662677292e+01
1.074080924987793040e+01
1.074193513159658409e+01
1.073112058639526367e+01
1.072616973013248121e+01
1.071270291010538678e+01
1.071186199188232457e+01
1.071182223728724914e+01
1.070598140515779129e+01
1.070358197442416426e+01
1.069738213490631651e+01
1.070185883839925189e+01
1.070500223753882274e+01
1.071463292644869902e+01
1.070867400699191663e+01
1.070176698267459869e+01
1.070803083273080603e+01
1.071419786684440822e+01
1.071499572583098825e+01
1.070873905630672596e+01
1.071143237404201365e+01
1.071016995566231778e+01
1.071511828731483185e+01
1.071781779660118872e+01
1.072092095466509321e+01
1.072145053502675616e+01
1.071422538757324183e+01
1.071940048117386723e+01
1.072390449821174840e+01
1.072363684727595334e+01
1.072775293905523775e+01
1.072437988519668650e+01
1.071552654548927563e+01
1.072269889785022201e+01
1.072288074263607172e+01
1.071885559672401023e+01
1.071190871070412953e+01
1.071087026596069336e+01
1.071890730145333848e+01
1.071691300652243939e+01
1.071748463491375603e+01
1.071901648839314802e+01
1.071892744630247662e+01
1.072070013958474810e+01
1.072134711152763842e+01
1.072924273064795919e+01
1.073209093997352959e+01
1.073420550425847431e+01
1.073040115710386289e+01
1.073701653188588701e+01
1.073526714787338676e+01
1.073641287803649824e+01
1.073841829583196272e+01
1.074219445621266011e+01
1.074288870987382971e+01
1.073814426935636135e+01
1.074698107583182249e+01
1.074880680048240755e+01
1.074525616547771634e+01
1.074625517703868738e+01
1.074835022217636826e+01
1.075106803720647619e+01
1.075431628699775288e+01
1.075658705404826598e+01
1.075648114533550981e+01
1.076167269756919431e+01
1.075701986395794485e+01
1.076291877647926043e+01
1.076542771168244172e+01
1.075815151505551093e+01
1.075411060076801739e+01
1.075887454350789341e+01
1.075130726680282756e+01
1.075352728171426797e+01
1.075272201134906602e+01
1.075557221904877636e+01
1.075445073699951237e+01
1.075617367123800605e+01
1.075903782882089743e+01
1.075946398079395294e+01
1.076291594394417750e+01
1.076267273242656941e+01
1.076622780952744840e+01
1.076818367929169540e+01
1.076657930531896135e+01
1.077072314362027683e+01
1.077077987105758083e+01
1.077443852144129188e+01
1.077401307377501993e+01
1.077846390959145317e+01
1.077790309713898864e+01
1.077826881408691406e+01
1.077614764626144606e+01
1.077565007142617581e+01
1.077683620186118851e+01
1.077433967590332031e+01
1.077391485016921457e+01
1.077133765285962319e+01
1.077167110053860455e+01
1.077112527795740071e+01
1.077048877741666466e+01
1.076927791595458928e+01
1.076999703464129077e+01
1.077214173894179439e+01
1.076941611720066483e+01
1.077155947375607248e+01
1.077311817907517977e+01
1.077230447377914047e+01
1.077283635716529453e+01
1.077537954909892015e+01
1.077341656714865259e+01
1.077366341352462698e+01
1.077350625932586858e+01
1.077056493876892773e+01
1.077115156021586273e+01
1.077163770722179947e+01
1.077414642102790587e+01
1.077088786895016526e+01
1.077576614425567847e+01
1.077676229817526732e+01
1.077345958122840308e+01
1.076921793432796726e+01
1.077208723659403766e+01
1.077375170796416448e+01
1.076867954165949293e+01
1.076432390322630361e+01
1.076154149736676935e+01
1.076257906718687529e+01
1.076413906765522910e+01
1.076621767108360039e+01
1.076434262238401196e+01
1.076382496092054630e+01
1.076370046415381587e+01
1.075927854370284820e+01
1.075996892439211727e+01
1.076239071203314701e+01
1.076350094563252213e+01
1.076377422066144973e+01
1.076532207325818113e+01
1.076643079899726985e+01
1.076801163809640016e+01
1.077048096405832389e+01
1.076984243742458425e+01
1.077085037032763104e+01
