1.223345470428466797e+01
1.223327779769897461e+01
1.224187405904134174e+01
1.223968791961669922e+01
1.223836441040038991e+01
1.223753102620442768e+01
1.223689624241420226e+01
1.223640716075897217e+01
1.223602782355414575e+01
1.223572549819946254e+01
1.223545351895418953e+01
1.223524244626363178e+01
1.223524555793175317e+01
1.223508201326642642e+01
1.223493874867757114e+01
1.223481780290603638e+01
1.223470373714671489e+01
1.223460250430636975e+01
1.223451418625680986e+01
1.223443336486816335e+01
1.223436128525506916e+01
1.223429298400878906e+01
1.223422730487325971e+01
1.223417099316914936e+01
1.223411643981933672e+01
1.223406890722421458e+01
1.223402093957971637e+01
1.223398276737758117e+01
1.223394318284659477e+01
1.223390680948893205e+01
1.223387204447100274e+01
1.223384144902229309e+01
1.223381776520700193e+01
1.223378781711353902e+01
1.223375696454729322e+01
1.223373111089070697e+01
1.223370557217984533e+01
1.223368115174142901e+01
1.223365556276761623e+01
1.223362834453582693e+01
1.223360666414586539e+01
1.223358226957775230e+01
1.223356118313101781e+01
1.223353049971840534e+01
1.223351173400878977e+01
1.223349330736243168e+01
1.223347497493662672e+01
1.223344659805297852e+01
1.223342087804054756e+01
1.223340353012084947e+01
1.223337833554136900e+01
1.223334937829237745e+01
1.223331447817244566e+01
1.223329425741125043e+01
1.223323740525679071e+01
1.223321133000510130e+01
1.223319682740328673e+01
1.223316100548053598e+01
1.223313635486667472e+01
1.223310435612996372e+01
1.223306684024998425e+01
1.223303370321950645e+01
1.223299047682020380e+01
1.223290273547172546e+01
1.223287485562838128e+01
1.223282503359245510e+01
1.223277304065761228e+01
1.223272288546842645e+01
1.223268869648808987e+01
1.223260149274553577e+01
1.223254499301104481e+01
1.223237821790907098e+01
1.223271644278748482e+01
1.223263493099728194e+01
1.223245716094970703e+01
1.223238384096246101e+01
1.223242478556447210e+01
1.223233429590860943e+01
1.223224286188053256e+01
1.223209757804870534e+01
1.223197663860556439e+01
1.223184850739269791e+01
1.223248909180422928e+01
1.223379009110587035e+01
1.223358897040871973e+01
1.223343194917190857e+01
1.223329196579154932e+01
1.223304080963134766e+01
1.223371972930565299e+01
1.223389485677083321e+01
1.223374502999442015e+01
1.223358726501464844e+01
1.223342380728772838e+01
1.223304533451161547e+01
1.223279985126696090e+01
1.223258227109909058e+01
1.223237559721641965e+01
1.223209612710135374e+01
1.223191359548857804e+01
1.223185716629028263e+01
1.223161901341806512e+01
1.223137066411037033e+01
1.223111104502261348e+01
1.223087175075824362e+01
1.223052371797107440e+01
1.222978127677485638e+01
1.222922614801709962e+01
1.222876979686595789e+01
1.223005259802582145e+01
1.222929449081420827e+01
1.222890715556101782e+01
1.222893041372299194e+01
1.222848648307597763e+01
1.222815492696929418e+01
1.222766511336616801e+01
1.222698045599049621e+01
1.222776546641292761e+01
1.222721479706845038e+01
1.222674759295808222e+01
1.222709339459737166e+01
1.222664016534474207e+01
1.222619720365180385e+01
1.222580493368753629e+01
1.222628140449523926e+01
1.222629071044921822e+01
1.222639233725411501e+01
1.222587200975793564e+01
1.222632687538862228e+01
1.222623404421547555e+01
1.222531637778648950e+01
1.222501296851471153e+01
1.222437506733518653e+01
1.222496021959118373e+01
1.222607990521103538e+01
1.222642149042200188e+01
1.222540150670444348e+01
1.222461777707956188e+01
1.222446590921153131e+01
1.222426278642613262e+01
1.222368427004133018e+01
1.222281836787014164e+01
1.222300898189276097e+01
1.222154840722784286e+01
1.222223109669155505e+01
1.222066904265305176e+01
1.221971310654731724e+01
1.221953465987225051e+01
1.221920564367964523e+01
1.221841207286655440e+01
1.221767519632975230e+01
1.221652922093473492e+01
1.221532622136567703e+01
1.221541398490955643e+01
1.221440605683760161e+01
1.221433420488911281e+01
1.221361121153220175e+01
1.221235809812120543e+01
1.221145791041700157e+01
1.221013843488393391e+01
1.220839282870292664e+01
1.220815649684171511e+01
1.220712724732763910e+01
1.220653344955912445e+01
1.220587106448848047e+01
1.220549986290209254e+01
1.220301444846463568e+01
1.220074103692334511e+01
1.219977291425069232e+01
1.219898099165696337e+01
1.219778330746819073e+01
1.219526738730090365e+01
1.219433595967847239e+01
1.219170615576595296e+01
1.219024424717344068e+01
1.218775264195033436e+01
1.218616035851565194e+01
1.218487319299730132e+01
1.218415580706649948e+01
1.218220743253910321e+01
1.218044257164001465e+01
1.217963504264367813e+01
1.217769686730353307e+01
1.217658078865926718e+01
1.217567831018696722e+01
1.217542668935414873e+01
1.217324195369597462e+01
1.217233657326927876e+01
1.217120349660832801e+01
1.217100278158036453e+01
1.216981806002165101e+01
1.216822545815512768e+01
1.216645791629950146e+01
1.203928184509277344e+01
1.197696495056152344e+01
1.195469856262207031e+01
1.200397157669067383e+01
1.198391742706298757e+01
1.202812925974527936e+01
1.201084027971540102e+01
1.201871109008789062e+01
1.200687789916992188e+01
1.198813209533691371e+01
1.197306164828213859e+01
1.196950538953145404e+01
1.197503779484675412e+01
1.195373453412737241e+01
1.195202522277832102e+01
1.196583962440490723e+01
1.195871863645665734e+01
1.195726633071899414e+01
1.196150192461515793e+01
1.196166481971740758e+01
1.195196792057582336e+01
1.195292945341630464e+01
1.195715236663818359e+01
1.194736937681833844e+01
1.194136222839355455e+01
1.193968919607309154e+01
1.194363827175564197e+01
1.194457319804600282e+01
1.194407581460886902e+01
1.193813393910725829e+01
1.193536561535250762e+01
1.193621575832366943e+01
1.193995435310132613e+01
1.194024307587567435e+01
1.194229564666748011e+01
1.193643617630004883e+01
1.193426322937011719e+01
1.193098565151816892e+01
1.192305408379970366e+01
1.192127053737640452e+01
1.191893479882217122e+01
1.191640140896751809e+01
1.190824468745741704e+01
1.190665023977106252e+01
1.190232160356309699e+01
1.190656075270279679e+01
1.190542060770886934e+01
1.190186355511347394e+01
1.190076907800168371e+01
1.189633556365966882e+01
1.189933032615511976e+01
1.189989530123197170e+01
1.189506403005348112e+01
1.189733245637681769e+01
1.189077344374223166e+01
1.188485954489026675e+01
1.188142341479920461e+01
1.187331275282235055e+01
1.187367655867237204e+01
1.187300426165262834e+01
1.186920983674096242e+01
1.186507448073356308e+01
1.186147945646255764e+01
1.185828916728496552e+01
1.185737002446101229e+01
1.185514903791023045e+01
1.185577608934089255e+01
1.185394831264720317e+01
1.185436211461606248e+01
1.184790976388113926e+01
1.184545494133318044e+01
1.184052389197879407e+01
1.184084924933028482e+01
1.184015507311434412e+01
1.184103907267252609e+01
1.183852469293694831e+01
1.183731792499492741e+01
1.183547298724834818e+01
1.183633647387540755e+01
1.183547122478485036e+01
1.183547107084297778e+01
1.183432292938232422e+01
1.183087870586349233e+01
1.183631626764933209e+01
1.183360225453096248e+01
1.183480154081832580e+01
1.183254599297183596e+01
1.183204564181241203e+01
1.183362560057907942e+01
1.183701948589748731e+01
1.183367895818018667e+01
1.182908179448998531e+01
1.182690223570792831e+01
1.182335900245828775e+01
1.182414870011178998e+01
1.182060351967811584e+01
1.182079897221830755e+01
1.182106242861066470e+01
1.182184727023346227e+01
1.182076274871826094e+01
1.181640563624920226e+01
1.181336901234645431e+01
1.180952140659961813e+01
1.181103655008169362e+01
1.181088730948311927e+01
1.180882950548855703e+01
1.180706742545154597e+01
1.180493119910911304e+01
1.180523872375488281e+01
1.180248519724065659e+01
1.179693171355101455e+01
1.179454540354864989e+01
1.179050124008043632e+01
1.179040738155967283e+01
1.178715458745541866e+01
1.178584276396652797e+01
1.178577893412011335e+01
1.178255998482138445e+01
1.177758032534302757e+01
1.177555519739786760e+01
1.177435083625730350e+01
1.177331790767732222e+01
1.177292783473565407e+01
1.177799336371883321e+01
1.177691286468505893e+01
1.177616360073997903e+01
1.177411264885128972e+01
1.177184488624334335e+01
1.177107530786085476e+01
1.176864668772770806e+01
1.176768855466187524e+01
1.176537333112774419e+01
1.176315922844678852e+01
1.176426255525048070e+01
1.176374912261962891e+01
1.176223936501671297e+01
1.176119722937145440e+01
1.175933511015297661e+01
1.175899318310854191e+01
1.175863629068647143e+01
1.175729174647770847e+01
1.175817136361565396e+01
1.175435243619905457e+01
1.175331852171156122e+01
1.175247931644834409e+01
1.174978145181316158e+01
1.174848409250479975e+01
1.174738285348222000e+01
1.174605543021387710e+01
1.174384520848592039e+01
1.174185869709545393e+01
1.174002725827066484e+01
1.174106904572131604e+01
1.173839422944304189e+01
1.173941623933853684e+01
1.173810151295784188e+01
1.173622701729938456e+01
1.173563686201844014e+01
1.173263540207964795e+01
1.173106445074081350e+01
1.173065521998435123e+01
1.172998875158804388e+01
1.173083204725768702e+01
1.172977403315102229e+01
1.172858166550144965e+01
1.172797917745199570e+01
1.172565367692958738e+01
1.172542829740615034e+01
1.172414569741875390e+01
1.172357405494241078e+01
1.172059239839252598e+01
1.172013051010841522e+01
1.171764123508696009e+01
1.171567481687699264e+01
1.171340526580810604e+01
1.171157651597803273e+01
1.170836799966413366e+01
1.170823249388276821e+01
1.170629339910752265e+01
1.170441296365526007e+01
1.170209449957747516e+01
1.169953189577375063e+01
1.169794040950921143e+01
1.169782027990921769e+01
1.169806026768040041e+01
1.169491661235850266e+01
1.169352354977857544e+01
1.169215614237683809e+01
1.169243707606401372e+01
1.169063261935585452e+01
1.168963021882541575e+01
1.168725033601125141e+01
1.168636989593505859e+01
1.151719379425048828e+01
1.154532210032145123e+01
1.158853268623352051e+01
1.155558109283447266e+01
1.154397503534952740e+01
1.155424158913748656e+01
1.152194535732269287e+01
1.148155201805962378e+01
1.145313119888305664e+01
1.143936087868430462e+01
1.141963243484497070e+01
1.144692677717942431e+01
1.142875419344220767e+01
1.142548236846923793e+01
1.144289964437484741e+01
1.143116552689496146e+01
1.142852735519409180e+01
1.145021589178788091e+01
1.145045309066772532e+01
1.144896243867420083e+01
1.145780277252197266e+01
1.147309444261633793e+01
1.146009302139282227e+01
1.145525382995605490e+01
1.145200278208806033e+01
1.146152453952365491e+01
1.146022043909345278e+01
1.145919983962486555e+01
1.145426324208577462e+01
1.145635383359847559e+01
1.145066720247268677e+01
1.145617077567360553e+01
1.146129122902365260e+01
1.146655347006661607e+01
1.146145963668823242e+01
1.146457344776875331e+01
1.146857093509874836e+01
1.146252302023080638e+01
1.146621129512786830e+01
1.146234521633241243e+01
1.146301687331426677e+01
1.145603428330532303e+01
1.145270202376625690e+01
1.145462322235107422e+01
1.145922217161759171e+01
1.146182332140334026e+01
1.145898787180582623e+01
1.146237618582589235e+01
1.146178310394287081e+01
1.146601648891673442e+01
1.147014882014348025e+01
1.146783641599259340e+01
1.147011506115948798e+01
1.146756487759676801e+01
1.146415294919695249e+01
1.146166281114544816e+01
1.145544586510493801e+01
1.145545702465510018e+01
1.145570917129516531e+01
1.145453629728223532e+01
1.145211690472018340e+01
1.144998181055462538e+01
1.144989944994449615e+01
1.144878623668964046e+01
1.145156072847770901e+01
1.145270475700720070e+01
1.145657502903657843e+01
1.145418624601502344e+01
1.144787693023681641e+01
1.144141785527618893e+01
1.143626515070597272e+01
1.143791266663433781e+01
1.143806567063202806e+01
1.143934683481852232e+01
1.143945542134736648e+01
1.143945161398355026e+01
1.143937813930022429e+01
1.144175261485425743e+01
1.144339194297790563e+01
1.144226349724663550e+01
1.144013825858511524e+01
1.144473749183746669e+01
1.145008971577598977e+01
1.144603050456327509e+01
1.145035754802615102e+01
1.144782489469681686e+01
1.144816371527585197e+01
1.144877380199646666e+01
1.145254446665446046e+01
1.144902602394858526e+01
1.144746703686921485e+01
1.144537418119369043e+01
1.144159951108567341e+01
1.144603608783922688e+01
1.144491043686866760e+01
1.144647206965180963e+01
1.144839056170716596e+01
1.144725445063427216e+01
1.144880445480346687e+01
1.144508304218254402e+01
1.144437170028686523e+01
1.144226698273593890e+01
1.144608619579902076e+01
1.144595419565836636e+01
1.144566769869822309e+01
1.144406334707670148e+01
1.144481634210657184e+01
1.144705039208088415e+01
1.144491903998635074e+01
1.144151192742424961e+01
1.143883061408996582e+01
1.143671502476244939e+01
1.143923614736188910e+01
1.143600920801577381e+01
1.143718077396524357e+01
1.143727309887225729e+01
1.143609384763038683e+01
1.143118485683152663e+01
1.142978400389353411e+01
1.143058779219950516e+01
1.142987712484891283e+01
1.142966344879894791e+01
1.143369223994593398e+01
1.143110806274414060e+01
1.142915592496357213e+01
1.142916262619138656e+01
1.142868424206972122e+01
1.142612285022587670e+01
1.142364218051617009e+01
1.142288427134506534e+01
1.142278179255398918e+01
1.142399372014784298e+01
1.142475891824978440e+01
1.142340078707094619e+01
1.142055368423461914e+01
1.141834799216611529e+01
1.141620870949565436e+01
1.141834470350965347e+01
1.142065361567905946e+01
1.141947972182686399e+01
1.142084364823891995e+01
1.141982891509582920e+01
1.141932422584957507e+01
1.141879249441212707e+01
1.141697145488164189e+01
1.141595423951440935e+01
1.141449815518147304e+01
1.141416645690098619e+01
1.141211763381958022e+01
1.141096418898626652e+01
1.141091593315726804e+01
1.140954885295793098e+01
1.140835235645244694e+01
1.141081802614273499e+01
1.140970101111974522e+01
1.140913658992500146e+01
1.140880889530423303e+01
1.140782451629638672e+01
1.140669701695442129e+01
1.140768219965585217e+01
1.140588494877756354e+01
1.140744193492491476e+01
1.140777888530638151e+01
1.140595982291481647e+01
1.140553848427462214e+01
1.140315699434565921e+01
1.140546401341756244e+01
1.140580158120781640e+01
1.140560809864717307e+01
1.140291010427196206e+01
1.140281671147013753e+01
1.140124962095580408e+01
1.139988002009775414e+01
1.139713987622942248e+01
1.139499232985756549e+01
1.139192184620657855e+01
1.139167318987042776e+01
1.138939340154551871e+01
1.138733277320861781e+01
1.138525033919192175e+01
1.138292456721211465e+01
1.138143714008435481e+01
1.138217829103055223e+01
1.138291806916932813e+01
1.138201311070431920e+01
1.138147524461389182e+01
1.137951930533064093e+01
1.137911941387035242e+01
1.137814895228335743e+01
1.137739400214549690e+01
1.137618413070837597e+01
1.146263122558593750e+01
1.140039157867431641e+01
1.142657852172851562e+01
1.146114492416381836e+01
1.134472332000732386e+01
1.134470192591349225e+01
1.136251081739153257e+01
1.135223984718322754e+01
1.132068188985188861e+01
1.132228755950927734e+01
1.131265414844859762e+01
1.129648693402608295e+01
1.130404222928560642e+01
1.128045994894845094e+01
1.126875979105631487e+01
1.127925360202789307e+01
1.127441316492417300e+01
1.127998208999633789e+01
1.127492769140946294e+01
1.127900004386901855e+01
1.128685556139264712e+01
1.129785368659279499e+01
1.130095942124076558e+01
1.128422975540161133e+01
1.127294097900390568e+01
1.126214078756479076e+01
1.126330248514811139e+01
1.125910445622035461e+01
1.125896161178062727e+01
1.125655031204223633e+01
1.126206881000149629e+01
1.125438782572746277e+01
1.127024318232680855e+01
1.127934986002304996e+01
1.128996840885707265e+01
1.128815319803026007e+01
1.129383783082704262e+01
1.129309438404284016e+01
1.129363064888196178e+01
1.129473633766174245e+01
1.129315390237947803e+01
1.129685440517607198e+01
1.128374476765477397e+01
1.127950100465254302e+01
1.128425000508626219e+01
1.128993059241253327e+01
1.128864809807310721e+01
1.128993811209996601e+01
1.129160692253891263e+01
1.128833990097045969e+01
1.129638817731071931e+01
1.130341940659743116e+01
1.130045048695690291e+01
1.130385843912760357e+01
1.130202348882501795e+01
1.129737997055053711e+01
1.129354737934313313e+01
1.128741152533169512e+01
1.128637860185008890e+01
1.128583202362060511e+01
1.128382005847868363e+01
1.128102505591607851e+01
1.127914386325412366e+01
1.128072288632392883e+01
1.127914868868314358e+01
1.128301461537679096e+01
1.128203700905415552e+01
1.128132433049819028e+01
1.127930914837381060e+01
1.127532070704868872e+01
1.127003086788553610e+01
1.126860761642456055e+01
1.126566690941379534e+01
1.126689921198664557e+01
1.127053016662597607e+01
1.126525256508275064e+01
1.126956746485326200e+01
1.127168837571755411e+01
1.127340671684168605e+01
1.126909310817718435e+01
1.126722334638053979e+01
1.126130288984717431e+01
1.126187415295336613e+01
1.126612787019638873e+01
1.126277303134693852e+01
1.126768090004144796e+01
1.126687868710221885e+01
1.126992647214369292e+01
1.127108718572037915e+01
1.127923208872477190e+01
1.127815101958893074e+01
1.127335964078488573e+01
1.127540003868841367e+01
1.127300489709732467e+01
1.127724336322985188e+01
1.127602877219518085e+01
1.127386138365440793e+01
1.127620945171434030e+01
1.128083351404979950e+01
1.128214718818664508e+01
1.128069598131840756e+01
1.127913852766448422e+01
1.127740926649964059e+01
1.128207589112795262e+01
1.128295858474004909e+01
1.127959614879680217e+01
1.127541101758725262e+01
1.127825647813302545e+01
1.127898119130265897e+01
1.127839018214832656e+01
1.127561475564767690e+01
1.126859623193740845e+01
1.126879661695092061e+01
1.127100402430484216e+01
1.126979265627653781e+01
1.127135311324020961e+01
1.127036689693092342e+01
1.126948666168471469e+01
1.126575838617917924e+01
1.126624446709950789e+01
1.126839406825294176e+01
1.126930562785414480e+01
1.126931994523459402e+01
1.127012310489531544e+01
1.126697548675537064e+01
1.126591339565458760e+01
1.126517869543841499e+01
1.126172626018524170e+01
1.126160135934519246e+01
1.126124148002037550e+01
1.125933958737904739e+01
1.125854983474269133e+01
1.126070295061383852e+01
1.126265296651356174e+01
1.126211080197934677e+01
1.125920536938835603e+01
1.125738010963384284e+01
1.125673602974933196e+01
1.125912251232339401e+01
1.126227507591247523e+01
1.126253508168754891e+01
1.126426194419323501e+01
1.126162512319071318e+01
1.126085915168126483e+01
1.125916392227698992e+01
1.125593723009710523e+01
1.125257395400481997e+01
1.124911979726842937e+01
1.124831584315971966e+01
1.124676434199015240e+01
1.124646834190318145e+01
1.124573928431460779e+01
1.124297004275851819e+01
1.124110758769047713e+01
1.124206955202164160e+01
1.124138174301538662e+01
1.123939208012477664e+01
1.123810083654862346e+01
1.123773691189364143e+01
1.123768999576568639e+01
1.123880360289390090e+01
1.123659855642436511e+01
1.123899120494631987e+01
1.123818577208170133e+01
1.123778642018636020e+01
1.123849625185311574e+01
1.123524061648431704e+01
1.123671689487638936e+01
1.123620245442587873e+01
1.123537481532377313e+01
1.123380496487980018e+01
1.123235796218694560e+01
1.123008899468218047e+01
1.122975505631545445e+01
1.122925644465855122e+01
1.122779808261177692e+01
1.122556473036943814e+01
1.122602299358067945e+01
1.122341000967185565e+01
1.122201605372958788e+01
1.122155641060507847e+01
1.122121646902063397e+01
1.121938278635994379e+01
1.121851797207542134e+01
1.121932761218096708e+01
1.121739601832564226e+01
1.121522701487821649e+01
1.121400051928581121e+01
1.121606153155130059e+01
1.121630302228425613e+01
1.121449867967535674e+01
1.121481877565383911e+01
1.123851585388183594e+01
1.123465299606323242e+01
1.135852845509847064e+01
1.132133889198303223e+01
1.123782196044921911e+01
1.123151016235351562e+01
1.126580238342285156e+01
1.125130188465118408e+01
1.119860924614800268e+01
1.118889770507812464e+01
1.116922413219105081e+01
1.116996129353841205e+01
1.120068740844726562e+01
1.117356872558593750e+01
1.118231976826985630e+01
1.117959445714950562e+01
1.116649756712071984e+01
1.116565042071872327e+01
1.116599730441444827e+01
1.116460709571838450e+01
1.115956637972877097e+01
1.116039276123046875e+01
1.118072331469991987e+01
1.117417275905609131e+01
1.115505847930908168e+01
1.114083998019878763e+01
1.114134219840720874e+01
1.114233395031520324e+01
1.114059763941271619e+01
1.113486471176147496e+01
1.112796103569769102e+01
1.112460806965827942e+01
1.113673218813809562e+01
1.114195916231940764e+01
1.114315270015171677e+01
1.113244472609626001e+01
1.113552810050345698e+01
1.113766712891428057e+01
1.113052532000419426e+01
1.113119895458221364e+01
1.112537114213152556e+01
1.112712231136503682e+01
1.111765868164772186e+01
1.110828172076832132e+01
1.111561836666531100e+01
1.112745950532996098e+01
1.112997483192606119e+01
1.113529191414515118e+01
1.113334346304134392e+01
1.112706029891967852e+01
1.113465557846368448e+01
1.113893257654630276e+01
1.113769682398382166e+01
1.114424256925229706e+01
1.114132756319913042e+01
1.112929659230368529e+01
1.112755653314423121e+01
1.112150093604778434e+01
1.112334668434272444e+01
1.112391565640767332e+01
1.112309401152563915e+01
1.111464080502910079e+01
1.111494998326377193e+01
1.111203607916831970e+01
1.111139824207012516e+01
1.111263487555763874e+01
1.111034534226602588e+01
1.110986225745257272e+01
1.110631692582282426e+01
1.109869285311017784e+01
1.109489649114474474e+01
1.109257308642069439e+01
1.109115463413604274e+01
1.109352744592202633e+01
1.110403077443440800e+01
1.110183315528066572e+01
1.110250082882967781e+01
1.110299493104983526e+01
1.110643208177783769e+01
1.110518190860748255e+01
1.110415675316327899e+01
1.110014033899074626e+01
1.110539878707334260e+01
1.111255576497032571e+01
1.111184233497170837e+01
1.111587721802467499e+01
1.111549430057920240e+01
1.111688219417225199e+01
1.111570549011230469e+01
1.112003327475653691e+01
1.111590274349673813e+01
1.111377480755681546e+01
1.111548816516835281e+01
1.111421822487039712e+01
1.112037032277960513e+01
1.111612717310587506e+01
1.111625203398085127e+01
1.111593261057016768e+01
1.111984889675872523e+01
1.112061328887939382e+01
1.111696737119467038e+01
1.111213883231667943e+01
1.111038101529612199e+01
1.111101727302257913e+01
1.111261125292096885e+01
1.111247425259284327e+01
1.111040533368832683e+01
1.111320471763610840e+01
1.111280675765571324e+01
1.111268925233320815e+01
1.110864216572529628e+01
1.110336955956050353e+01
1.110234245367809791e+01
1.110513330760755046e+01
1.110385216422703003e+01
1.110491869367402096e+01
1.110313671470707320e+01
1.109962875560178652e+01
1.109870793639110964e+01
1.109686948458353761e+01
1.110014447298916984e+01
1.109952409150170460e+01
1.109855301399541183e+01
1.109735970343312950e+01
1.109614427947998117e+01
1.109239986207750128e+01
1.109147972197044574e+01
1.108770730346441269e+01
1.108548216117444873e+01
1.108518084012545124e+01
1.108547145173749904e+01
1.108512933326490035e+01
1.108733911442577380e+01
1.108997752773228029e+01
1.108812474144829707e+01
1.108501521980061177e+01
1.108579678082988274e+01
1.108602476811063475e+01
1.109156677191205986e+01
1.109323084694998585e+01
1.109233639088082768e+01
1.109297984754535449e+01
1.109190526041951230e+01
1.109125790993372540e+01
1.108990662015717632e+01
1.108824330160062566e+01
1.108866355532691550e+01
1.108479610004940596e+01
1.108440254518649759e+01
1.108234091440836622e+01
1.108325354468743562e+01
1.108183214538975747e+01
1.108035202899010407e+01
1.107907601765223937e+01
1.108168404486871594e+01
1.108281277387570185e+01
1.108091291804222500e+01
1.108134440530704623e+01
1.107743546947743241e+01
1.107661659121513331e+01
1.107786343852925803e+01
1.107719205926965778e+01
1.108024105703903928e+01
1.108037842773809700e+01
1.107988767334909141e+01
1.108138996147247646e+01
1.107883790295994864e+01
1.108093026706150575e+01
1.108050149996605072e+01
1.107953749824972789e+01
1.107754642085025232e+01
1.107676104057666855e+01
1.107491107896573368e+01
1.107349912599585551e+01
1.107236366816929340e+01
1.106995344703847728e+01
1.106906120925299852e+01
1.106824740934907680e+01
1.106662961224603947e+01
1.106645465956793828e+01
1.106586794036527976e+01
1.106573254197508405e+01
1.106395732379350427e+01
1.106334066909292524e+01
1.106337157069025778e+01
1.106211721256215164e+01
1.106092389254646591e+01
1.106051658569498208e+01
1.106292853279719246e+01
1.106208343003925521e+01
1.106154072347111672e+01
1.105983477830886841e+01
1.136091327667236328e+01
1.127825498580932617e+01
1.132448132832845111e+01
1.133853101730346680e+01
1.124723129272461009e+01
1.125887076059977154e+01
1.127062634059361024e+01
1.123681902885437012e+01
1.119123162163628393e+01
1.116197967529296875e+01
1.111959856206720509e+01
1.109755627314249615e+01
1.110347513052133372e+01
1.108238792419433594e+01
1.109005839029947893e+01
1.108580303192138672e+01
1.106481512855081029e+01
1.106775098376803967e+01
1.109326503151341470e+01
1.110288009643554652e+01
1.109157934642973409e+01
1.109577322006225586e+01
1.110756952866264058e+01
1.108261628945668598e+01
1.107051551818847734e+01
1.105222790057842630e+01
1.104741326084843323e+01
1.103585137639726987e+01
1.102195835113525391e+01
1.101619710922241246e+01
1.101197002780052969e+01
1.099817997217178345e+01
1.100467962207216210e+01
1.099618025387034770e+01
1.100085141318185045e+01
1.100324437353346063e+01
1.100956630706787109e+01
1.100099523443924809e+01
1.100129883105938333e+01
1.099819560050964284e+01
1.098418252061052947e+01
1.098575321833292584e+01
1.098137964204300232e+01
1.097762734239751659e+01
1.098418988121880346e+01
1.098694832428641988e+01
1.098674912148333682e+01
1.098350292444229126e+01
1.099067111891143256e+01
1.098649665832519595e+01
1.099104135176714792e+01
1.099672577931330686e+01
1.099587854349388216e+01
1.100340246271204059e+01
1.100531966469504574e+01
1.099528087888445249e+01
1.099076013397752227e+01
1.098770488541701695e+01
1.098763777845996970e+01
1.098393201828002930e+01
1.098140766581551020e+01
1.097742525223762833e+01
1.097553533221048028e+01
1.097796656191349030e+01
1.098203458052415193e+01
1.098374527150934377e+01
1.098399841251657882e+01
1.098493291349971912e+01
1.098146169081978130e+01
1.097580588204520069e+01
1.096981255437286862e+01
1.097049951553344727e+01
1.097049924772079699e+01
1.097607134483956060e+01
1.098353740692138736e+01
1.098395767964814773e+01
1.098921886047759600e+01
1.098991180077577212e+01
1.099247069298466606e+01
1.098727217912673915e+01
1.098077071154559015e+01
1.097269382709410124e+01
1.097541277092623346e+01
1.097367287817455406e+01
1.097140657761517701e+01
1.097822774842727966e+01
1.097542683831576582e+01
1.097635956244035249e+01
1.097641649139061393e+01
1.098146682315402600e+01
1.098349534548245998e+01
1.098142870612766409e+01
1.098077300287062208e+01
1.097598185437790974e+01
1.098406988445081289e+01
1.098275589942932129e+01
1.098101411406526928e+01
1.098040375417592607e+01
1.098307837861957026e+01
1.098431179046630923e+01
1.098215722565603691e+01
1.098124188067866314e+01
1.098180070895593197e+01
1.098756759900313185e+01
1.099007265000116185e+01
1.099022379461324483e+01
1.098710535174218350e+01
1.098752070356298383e+01
1.098871228454309801e+01
1.098896430622447618e+01
1.098788222751101884e+01
1.098506918123790221e+01
1.098520649428916229e+01
1.098848592189320428e+01
1.098881427930749055e+01
1.099049247544387242e+01
1.098831926655565638e+01
1.098708986023725132e+01
1.098148207303856516e+01
1.098165716330210451e+01
1.098434735920803540e+01
1.098209599197888053e+01
1.098143707833638949e+01
1.098179137322210508e+01
1.098044116210937560e+01
1.097970163254510823e+01
1.097892648591770026e+01
1.097727499902248383e+01
1.097544610962387246e+01
1.097458322965181843e+01
1.097402649071380409e+01
1.097537869395631738e+01
1.097913810902072029e+01
1.098354185161305985e+01
1.098448325263129277e+01
1.098280839359058980e+01
1.098209908756896525e+01
1.098067045902860350e+01
1.098440834429624324e+01
1.098594314711434450e+01
1.098667917860315235e+01
1.098788287606037883e+01
1.098609526174051787e+01
1.098740272389517969e+01
1.098886610228439942e+01
1.098619920260285632e+01
1.098496698522243342e+01
1.098386009963783039e+01
1.098296760712693931e+01
1.097983254750569593e+01
1.098017030678048123e+01
1.097814837254975906e+01
1.097638633827757992e+01
1.097480724384258366e+01
1.097904869817918261e+01
1.097670554503416440e+01
1.097363024304626933e+01
1.097385967230495041e+01
1.097370410415361519e+01
1.097294504642486501e+01
1.097688895278835908e+01
1.097684831383787518e+01
1.097993943735134437e+01
1.097988346146374283e+01
1.097952435233376178e+01
1.098032039044851338e+01
1.098000896476699850e+01
1.098470025970822306e+01
1.098457087003267674e+01
1.098530969058766082e+01
1.098398189656218626e+01
1.098327482578366343e+01
1.098156666066605247e+01
1.098181997496506312e+01
1.098065676552908698e+01
1.098036679354581047e+01
1.097838038105075675e+01
1.097893997792447607e+01
1.097597910705225388e+01
1.097595231797960125e+01
1.097511471174039954e+01
1.097462349147587091e+01
1.097431879095692508e+01
1.097476299431012947e+01
1.097593113151756405e+01
1.097518051824262031e+01
1.097530052368653664e+01
1.097487473487854004e+01
1.097472008700093227e+01
1.097589101791381871e+01
1.097580744958048804e+01
1.097607637445131878e+01
1.118551445007324219e+01
1.100257396697998047e+01
1.117954762776692768e+01
1.108727407455444336e+01
1.099188461303710973e+01
1.102182086308797260e+01
1.108893925803048219e+01
1.102005720138549805e+01
1.099458620283338739e+01
1.099306402206420863e+01
1.098696578632701559e+01
1.095877861976623535e+01
1.097255009871262743e+01
1.096992540359497070e+01
1.094623146057128871e+01
1.094293570518493652e+01
1.092357472812428121e+01
1.092596366670396613e+01
1.095066527316444827e+01
1.095879487991333079e+01
1.095350456237792969e+01
1.096529574827714448e+01
1.098686786319898445e+01
1.097411517302195172e+01
1.095958301544189517e+01
1.094545503763052174e+01
1.094612418280707544e+01
1.094166415078299437e+01
1.092795904751481650e+01
1.090871235529581718e+01
1.091360350578061933e+01
1.090630745887756348e+01
1.091378018350312118e+01
1.091868975583244783e+01
1.092488182612827785e+01
1.092114681667751697e+01
1.092682312630318364e+01
1.092962937606008467e+01
1.092192596044295883e+01
1.093443522453308070e+01
1.092306858155785498e+01
1.092867596944173236e+01
1.092667428837266108e+01
1.091980903798883595e+01
1.092955076429579009e+01
1.093586672907290236e+01
1.093941972610798352e+01
1.094253953297933002e+01
1.094874582485276804e+01
1.094159585952758817e+01
1.094803978415096424e+01
1.095473540746248631e+01
1.094933720354763906e+01
1.095795629642627844e+01
1.095857621973211060e+01
1.094982567855289979e+01
1.094717469131737353e+01
1.094554567337036133e+01
1.095039737830727766e+01
1.095395086606343504e+01
1.095331831447413684e+01
1.095185201398787989e+01
1.095348465631878554e+01
1.095402373373508453e+01
1.095306700192965010e+01
1.096012928991606827e+01
1.095874236946675317e+01
1.095637248544132092e+01
1.095181169371674024e+01
1.094302310943603551e+01
1.094233902407364134e+01
1.094229221343994141e+01
1.093924007677052046e+01
1.093797807435731606e+01
1.094162707010904967e+01
1.094346692687586753e+01
1.094376824118874225e+01
1.094638858697353179e+01
1.094972493376912936e+01
1.095062438249587977e+01
1.094473955366346551e+01
1.093967880853792529e+01
1.094174751603459761e+01
1.094210097903297019e+01
1.094288553350112103e+01
1.094697454363800837e+01
1.094625492753653617e+01
1.094965321367437205e+01
1.095198914174283544e+01
1.095635721418592645e+01
1.095857633863176694e+01
1.095454848330953901e+01
1.095130658918811406e+01
1.094600282831394900e+01
1.095340972699617055e+01
1.095016329487164874e+01
1.094670994748774184e+01
1.095164461525119037e+01
1.095349870546899673e+01
1.095455681800842207e+01
1.095193428568320648e+01
1.094971110774021561e+01
1.095082808003842167e+01
1.095614034395951464e+01
1.095785085587274388e+01
1.095320398402663820e+01
1.095330220516597031e+01
1.095612200984248474e+01
1.095585933300333359e+01
1.095411520871249067e+01
1.095286113292247343e+01
1.094714056594031248e+01
1.094746971130371094e+01
1.094879146207842879e+01
1.094529184258502497e+01
1.094676386076828578e+01
1.094655155931782531e+01
1.094399905608872281e+01
1.094234427283791966e+01
1.094007276693979946e+01
1.094426962954938887e+01
1.094496826265678990e+01
1.094338989257812500e+01
1.094347595399425899e+01
1.094221763610839915e+01
1.094187678988017787e+01
1.093891253433828226e+01
1.093779952824115753e+01
1.093822893246199790e+01
1.093775197542630728e+01
1.093632481844370652e+01
1.093409709496931548e+01
1.093738830537724382e+01
1.094104186812443480e+01
1.093975535498725016e+01
1.093663805372574771e+01
1.093531808365870539e+01
1.093631334581236914e+01
1.094027830027847870e+01
1.094408920151846765e+01
1.094270242866894804e+01
1.094465797048219535e+01
1.094060704424664721e+01
1.094138166639539911e+01
1.094240096519733285e+01
1.093894605767236961e+01
1.093788627053604579e+01
1.093417538823308099e+01
1.093273331174914453e+01
1.092802432378133126e+01
1.092737448610217399e+01
1.092477816029598792e+01
1.092339947021085500e+01
1.092142262396874308e+01
1.092305187717560777e+01
1.092255070881965828e+01
1.092127985863169215e+01
1.092053196098231105e+01
1.092166365617476131e+01
1.092235449552535975e+01
1.092632777054117277e+01
1.092664037516087738e+01
1.092951883421353720e+01
1.092968011483913493e+01
1.092878116260875387e+01
1.092975267157497221e+01
1.092963530489070756e+01
1.093476980073111449e+01
1.093411048347427972e+01
1.093334544686710075e+01
1.093239445714225511e+01
1.093002892094989242e+01
1.092910153052710420e+01
1.093043190857459734e+01
1.093011360168457102e+01
1.092978486689654183e+01
1.092952778379795831e+01
1.093063197510965701e+01
1.092902613485325602e+01
1.092893710136413610e+01
1.092847620716411150e+01
1.092815608768672675e+01
1.092696362896695206e+01
1.092803281804789606e+01
1.092781583940660717e+01
1.092450034746559773e+01
1.092460430879643951e+01
1.092522543541928570e+01
1.092797705231520311e+01
1.092802204834787538e+01
1.092833531464581753e+01
1.092761436601479907e+01
1.118527412414550781e+01
1.112368297576904297e+01
1.129537359873453717e+01
1.126952862739562988e+01
1.112661743164062500e+01
1.111480204264322857e+01
1.112225478036063109e+01
1.108516538143157959e+01
1.105760415395100971e+01
1.099302339553833008e+01
1.093918366865678315e+01
1.093989149729410748e+01
1.097280957148625369e+01
1.094576604025704469e+01
1.094708798726399657e+01
1.095241373777389526e+01
1.093673672395594032e+01
1.091480588912963867e+01
1.090923239055432781e+01
1.090711455345153880e+01
1.090303398313976402e+01
1.091490654511885161e+01
1.094060280012047848e+01
1.093446536858876605e+01
1.092220096588134837e+01
1.091549341495220560e+01
1.091653442382812500e+01
1.090561171940394836e+01
1.090314838804047604e+01
1.089393876393635985e+01
1.090663239263719042e+01
1.089457690715789795e+01
1.090198071797688861e+01
1.090787859523997660e+01
1.091871967315673864e+01
1.091752134429084009e+01
1.093631215997644368e+01
1.093556838286550459e+01
1.093534843738262552e+01
1.094787256717681956e+01
1.094928155294278760e+01
1.094315860384986472e+01
1.093843382458354085e+01
1.092915860089388680e+01
1.093919961717393718e+01
1.094878155252207819e+01
1.095478277003511458e+01
1.095725498596827130e+01
1.096024499620710024e+01
1.095930332183837841e+01
1.096311821657068641e+01
1.097279486289391137e+01
1.097181539715461085e+01
1.097566728238706268e+01
1.097569919932972304e+01
1.096898903165544858e+01
1.096297491642466682e+01
1.096082832073343205e+01
1.095414151983746009e+01
1.095319892565409425e+01
1.095297524186431382e+01
1.094210912335303476e+01
1.094292343987358862e+01
1.094486185908317566e+01
1.094454595125638541e+01
1.094747653152003508e+01
1.095107331916467430e+01
1.094891908589531404e+01
1.094930553436279297e+01
1.094217830385480639e+01
1.094171682545836610e+01
1.094183031717936139e+01
1.094129349434212450e+01
1.094490941795142902e+01
1.095560366312662737e+01
1.095420754583258294e+01
1.096086334872555490e+01
1.096302818640684507e+01
1.096469329882271637e+01
1.095791734457015920e+01
1.095601365595688037e+01
1.095213391141193604e+01
1.095026868797210362e+01
1.095470433008103228e+01
1.094971107034122326e+01
1.095782893203025665e+01
1.095883788185558139e+01
1.096034951643510347e+01
1.095924881067168855e+01
1.096348724365234339e+01
1.096204590011429048e+01
1.095953247858130375e+01
1.096034150482505964e+01
1.095801173879745072e+01
1.096363882767526654e+01
1.096261058251062970e+01
1.095818403578296163e+01
1.096235171142889442e+01
1.096874419125643563e+01
1.096977812767028837e+01
1.096745663822287398e+01
1.096645505755555483e+01
1.096460128524928379e+01
1.096858572959899902e+01
1.097421538035074917e+01
1.096881041436825122e+01
1.096587474323878730e+01
1.097092237295927752e+01
1.097064619326810231e+01
1.096972119591452888e+01
1.096661118344143659e+01
1.095977938175201416e+01
1.095911639559585460e+01
1.096107589152821404e+01
1.095730395939039070e+01
1.096069086831191441e+01
1.095727001907479092e+01
1.095670269303402655e+01
1.095379273230288142e+01
1.095067597230275425e+01
1.095275749647912988e+01
1.095233221523097278e+01
1.095248312291091075e+01
1.095237362769342226e+01
1.095145169067382795e+01
1.095082977839878602e+01
1.094880559125284591e+01
1.094909109175205231e+01
1.095004639145015801e+01
1.095023813981276284e+01
1.095278371563394515e+01
1.095412645917950201e+01
1.095663361800344404e+01
1.095758526360810770e+01
1.095818241967095297e+01
1.095892608165740967e+01
1.095933888428402625e+01
1.096072901159092972e+01
1.096471256146327988e+01
1.096821751594543493e+01
1.096605616765664770e+01
1.096871492224679834e+01
1.096821426178191849e+01
1.096939085589514917e+01
1.096993397679822202e+01
1.096775801541054030e+01
1.096815706759083042e+01
1.096316481280971189e+01
1.096380668358514754e+01
1.096163514455159493e+01
1.095819352004701663e+01
1.095499731365003093e+01
1.095366659974740209e+01
1.095333226934655890e+01
1.095680188825053492e+01
1.095563870209914015e+01
1.095428208029194295e+01
1.095353229136406625e+01
1.095183924309112733e+01
1.094938457012176514e+01
1.095199184536193471e+01
1.094988263683554486e+01
1.095252787701191366e+01
1.095188196112470003e+01
1.095198435349897892e+01
1.095378830346716370e+01
1.095153930230054939e+01
1.095479887440091105e+01
1.095464666355291072e+01
1.095439643859863210e+01
1.095353825887044330e+01
1.095229728277339554e+01
1.095220436250543372e+01
1.095232667046031771e+01
1.094965286799839532e+01
1.095043608817187142e+01
1.094968058699268454e+01
1.095082521438598633e+01
1.094828871508550350e+01
1.094496721161736374e+01
1.094392391331288117e+01
1.094358159683562981e+01
1.094303859127023770e+01
1.094247389358022993e+01
1.094451752739983696e+01
1.094418530823082136e+01
1.094308308484082559e+01
1.094239609292212911e+01
1.094419896161114814e+01
1.094384742536042943e+01
1.094451891314920999e+01
1.094263632098833661e+01
1.100489425659179688e+01
1.070057535171508789e+01
1.091622606913248639e+01
1.101221013069152832e+01
1.091489315032958984e+01
1.090791527430216412e+01
1.095584351675850954e+01
1.091881442070007324e+01
1.092956564161512567e+01
1.089542007446289062e+01
1.083920045332475190e+01
1.084915637969970703e+01
1.089755527789776224e+01
1.089469732557024351e+01
1.089458465576171875e+01
1.091391032934188843e+01
1.089275898652918251e+01
1.089704471164279553e+01
1.092147681587620767e+01
1.093783259391784668e+01
1.093797097887311587e+01
1.090935217250477152e+01
1.093121275694474015e+01
1.090431491533915143e+01
1.088144020080566321e+01
1.086471858391394996e+01
1.086417516072591205e+01
1.085850061689104429e+01
1.086627963493610238e+01
1.085133088429768833e+01
1.084371277593797167e+01
1.084403246641159058e+01
1.085894717592181635e+01
1.085226777020622713e+01
1.086482048034667969e+01
1.086161202854580310e+01
1.087435941438417153e+01
1.087875534358777507e+01
1.087285621349628073e+01
1.088141226768493652e+01
1.086522225635807715e+01
1.086475009009951620e+01
1.086071342645689519e+01
1.086279886419122853e+01
1.087218543158637196e+01
1.087478869894276556e+01
1.087882672979476517e+01
1.088583530982335468e+01
1.089120787017199454e+01
1.089214590072631772e+01
1.090161660138298494e+01
1.090704303521376417e+01
1.090568454310579050e+01
1.090722952948676294e+01
1.090251776955344454e+01
1.089712631702423096e+01
1.089315891265869141e+01
1.089311108095892600e+01
1.089122414993027554e+01
1.089279538790384905e+01
1.090102741366527184e+01
1.089265975644511641e+01
1.088733900161016521e+01
1.088949762284755707e+01
1.088856924497164158e+01
1.089317307327732820e+01
1.089657998440870657e+01
1.090066605455735171e+01
1.089412050661833398e+01
1.088717288970947195e+01
1.088648323273994478e+01
1.088950755861070441e+01
1.088894044536433725e+01
1.088411238386824387e+01
1.089166885375976612e+01
1.088868025729530764e+01
1.088891450460855026e+01
1.089162295903915023e+01
1.090012743503232606e+01
1.089895970821380544e+01
1.089564095014407386e+01
1.088694753879454069e+01
1.089289940983416116e+01
1.089611153375534869e+01
1.089532370847814136e+01
1.090067206981570180e+01
1.090189512844743369e+01
1.090295541286468506e+01
1.090173964554004371e+01
1.090404421488443987e+01
1.090175549014584000e+01
1.089988741667374406e+01
1.089664363861083984e+01
1.089070835519344271e+01
1.089777639288651301e+01
1.089827495813369751e+01
1.089819499143620085e+01
1.089917060307094054e+01
1.090557101278594132e+01
1.090638792991638262e+01
1.090789673115947522e+01
1.090582319334441586e+01
1.090489593061428586e+01
1.091139708115504270e+01
1.091384623391287612e+01
1.091271448135375977e+01
1.091148133144200472e+01
1.091437660323249048e+01
1.091397573313581759e+01
1.090822993191805779e+01
1.090522278106964471e+01
1.090090895550591554e+01
1.090254651128718244e+01
1.090361010400872566e+01
1.090294978929602543e+01
1.089785348957982514e+01
1.089562900249774557e+01
1.089870543399099567e+01
1.089631902069604763e+01
1.089689157009124720e+01
1.089844897561822101e+01
1.089840401977789242e+01
1.089649060877358089e+01
1.089821122538658926e+01
1.089525638580322209e+01
1.089400684265863362e+01
1.088859377883550650e+01
1.088777405023574829e+01
1.088317452659902607e+01
1.088184253252469524e+01
1.088438762781274249e+01
1.088494585499618950e+01
1.088449002746352612e+01
1.088750990824912890e+01
1.088661017947726783e+01
1.088607725676368254e+01
1.088373853168348404e+01
1.088501552222431634e+01
1.088748131209997894e+01
1.088947908537728360e+01
1.088928129994277327e+01
1.089214476061538939e+01
1.088748045567865930e+01
1.088835546043184088e+01
1.088741788535282495e+01
1.088652442906000850e+01
1.088513292585100523e+01
1.088325838784913735e+01
1.088317448020781519e+01
1.088135625839233356e+01
1.088287518356020023e+01
1.088105705537294021e+01
1.087922463385887362e+01
1.087687085510848384e+01
1.087819435365738485e+01
1.087725909550984760e+01
1.087656115878159824e+01
1.087674771079534253e+01
1.087586111992410132e+01
1.087234712243080104e+01
1.087575768535922016e+01
1.087518345279458210e+01
1.087872669594419506e+01
1.087908723296188640e+01
1.087734324715354184e+01
1.087798767779246845e+01
1.087392109168503751e+01
1.087914643968854556e+01
1.088012845981755916e+01
1.087989145727718565e+01
1.087922413586175985e+01
1.087856720214666240e+01
1.087803737000922943e+01
1.087759402154505928e+01
1.087555850437709282e+01
1.087470233982259593e+01
1.087449023683192451e+01
1.087611380052030796e+01
1.087269933796461707e+01
1.087035437689887196e+01
1.087009252895966505e+01
1.086996883350414222e+01
1.086906537332169975e+01
1.086715982271277348e+01
1.086891169676909641e+01
1.086681458257859667e+01
1.086491196168297790e+01
1.086375318182275684e+01
1.086675017725223036e+01
1.086499139384219603e+01
1.086391819459605657e+01
1.086288776000340839e+01
1.101503658294677734e+01
1.082015943527221680e+01
1.094855531056722064e+01
1.104779744148254395e+01
1.096505680084228551e+01
1.088277260462442975e+01
1.096975285666329469e+01
1.092462313175201416e+01
1.094336721632215692e+01
1.093117389678955043e+01
1.086654905839399810e+01
1.086867761611938477e+01
1.090967310391939549e+01
1.090679727281842837e+01
1.088493398030598946e+01
1.088681066036224365e+01
1.086250277126536723e+01
1.087687020831637952e+01
1.087132780175459956e+01
1.087003169059753382e+01
1.086423206329345703e+01
1.086176746541803517e+01
1.088014212898586131e+01
1.087211076418558697e+01
1.087056640624999915e+01
1.085615282792311476e+01
1.086478904441550952e+01
1.086028729166303286e+01
1.085666528241387674e+01
1.084150355656941755e+01
1.081751069714946212e+01
1.080069324374198914e+01
1.081591273799087105e+01
1.082447604572071675e+01
1.083094863891601634e+01
1.082140742407904810e+01
1.083907699584960938e+01
1.084049222343846353e+01
1.083551103640825275e+01
1.084105329513549876e+01
1.082466565108880729e+01
1.083274902616228452e+01
1.082475251929704463e+01
1.081938498670404591e+01
1.083072340223524321e+01
1.083367397474206051e+01
1.084005441056921093e+01
1.085301782687505145e+01
1.085585590284697943e+01
1.085709983825683622e+01
1.086731473137350612e+01
1.088068120296184915e+01
1.087617706802656059e+01
1.087928401099311060e+01
1.087363907207142155e+01
1.086627934660230288e+01
1.085875002543131451e+01
1.086003757345265441e+01
1.086534907454151266e+01
1.086095755894978865e+01
1.086648065535748664e+01
1.086125000061527324e+01
1.085871501195998334e+01
1.085692714154720306e+01
1.085861779726468512e+01
1.086389696236812696e+01
1.086327949922476321e+01
1.086123437039992368e+01
1.086381949549135939e+01
1.086103533336094529e+01
1.086409905930639930e+01
1.086803567409515381e+01
1.087027950809426535e+01
1.086824669709076829e+01
1.088153038024902308e+01
1.088118116479170894e+01
1.088701872392134185e+01
1.088950140048295978e+01
1.089431418648248950e+01
1.089443690776824880e+01
1.088910824575541980e+01
1.088238691702121663e+01
1.088741280659135491e+01
1.089494919776916504e+01
1.089082703309900602e+01
1.089745283126831055e+01
1.089655877255845340e+01
1.089677057482979450e+01
1.089918461274564976e+01
1.090335889392429003e+01
1.090310588249793433e+01
1.089609856190888770e+01
1.090153151686473620e+01
1.090058151204535264e+01
1.090807083531429811e+01
1.090612983703613281e+01
1.090190065521554885e+01
1.090399956216617561e+01
1.090414945043698758e+01
1.090383940696716358e+01
1.089885735275721856e+01
1.089883326549156095e+01
1.089703655242919922e+01
1.090285558883960348e+01
1.090611792973109573e+01
1.090042241114490373e+01
1.089686604972197692e+01
1.090143530457108056e+01
1.090056561111310174e+01
1.090141003348610660e+01
1.089400811238331812e+01
1.089037654229572816e+01
1.089082923821643334e+01
1.089554397683394527e+01
1.089355927342953834e+01
1.089942275244614223e+01
1.089804829491509253e+01
1.089833257157923896e+01
1.089333674486945647e+01
1.089271064599355121e+01
1.089659249487002057e+01
1.089791988935626854e+01
1.089766469815882211e+01
1.089702917683509042e+01
1.089429604339599678e+01
1.089227786139836418e+01
1.089171396841214445e+01
1.089309342950582504e+01
1.089247398228608432e+01
1.088967051139244724e+01
1.089053290126887852e+01
1.089123680374839154e+01
1.089305320538972488e+01
1.089547214935075026e+01
1.089614019747133611e+01
1.089478992714601446e+01
1.089531452290333036e+01
1.089454683359118548e+01
1.089311683435234279e+01
1.089532084465026784e+01
1.089656962401478069e+01
1.090032985848440283e+01
1.089870601600700262e+01
1.089909616443845941e+01
1.089875224540973520e+01
1.089904762947396044e+01
1.089726089295886879e+01
1.089526964522696773e+01
1.089336149484519112e+01
1.088769690831502324e+01
1.088739380615436403e+01
1.088613112976676511e+01
1.088509651258880062e+01
1.088207581136133761e+01
1.088382624349286409e+01
1.088293599471067807e+01
1.088271838388625312e+01
1.088268319262733996e+01
1.088367968985119738e+01
1.088302474617958104e+01
1.088584798611469218e+01
1.088619394655580841e+01
1.088959814434402595e+01
1.088921808614963460e+01
1.088756360140713753e+01
1.088900560356048253e+01
1.088814574372982591e+01
1.089266304742722369e+01
1.089232844854953086e+01
1.089389418433694345e+01
1.089198555304990101e+01
1.089086939567743428e+01
1.089065763440435397e+01
1.089143230175149846e+01
1.088758502415248408e+01
1.088696850429881735e+01
1.088690084791452861e+01
1.088782408532131996e+01
1.088513955590445192e+01
1.088294053607516787e+01
1.088291571812076519e+01
1.088218475174117827e+01
1.088097943894850061e+01
1.088026553133259711e+01
1.088021276319349084e+01
1.088033665892898405e+01
1.088094519548875105e+01
1.088119798518241765e+01
1.088378205375065910e+01
1.088332598334864620e+01
1.088268551651719918e+01
1.088052284717559814e+01
1.108068084716796875e+01
1.096598672866821289e+01
1.115181700388590436e+01
1.116846346855163574e+01
1.110139560699462891e+01
1.106905508041381836e+01
1.111010374341692319e+01
1.104524528980255127e+01
1.098569287194145971e+01
1.096953334808349645e+01
1.092293479225852337e+01
1.094353405634562115e+01
1.099724505497859006e+01
1.095500946044921875e+01
1.093927822113037074e+01
1.094700139760971069e+01
1.091084727118997044e+01
1.091988796657986072e+01
1.093089033427991374e+01
1.093455305099487340e+01
1.093180284045991435e+01
1.094130234284834380e+01
1.095668925409731642e+01
1.092511455217997174e+01
1.089692905426025327e+01
1.087482529420119093e+01
1.086137471375642072e+01
1.085008740425109863e+01
1.084164912125159930e+01
1.082667446136474609e+01
1.083787785806963555e+01
1.083446034789085388e+01
1.084395995284571868e+01
1.086057721867280890e+01
1.086844359806605809e+01
1.087036270565456775e+01
1.086731859155603352e+01
1.086562149148238277e+01
1.086491208198743053e+01
1.086651191711425746e+01
1.086445082687750130e+01
1.086471339634486633e+01
1.085171406768089142e+01
1.084735896370627728e+01
1.084399240281846843e+01
1.084827524682749811e+01
1.085328605327200435e+01
1.086133110523223877e+01
1.086680459003059163e+01
1.086318485260009759e+01
1.086942326788808799e+01
1.087909792019770627e+01
1.087127039567479514e+01
1.086377343425044373e+01
1.086105546084317375e+01
1.085576920849936400e+01
1.085379682507431376e+01
1.084927170852134992e+01
1.085066373469465795e+01
1.084871430397033620e+01
1.085361613601934749e+01
1.084962978670673905e+01
1.084842958904448018e+01
1.085278712213039398e+01
1.085243715139535681e+01
1.085467757600726557e+01
1.085353558099092020e+01
1.085268466612872018e+01
1.085191262286642377e+01
1.085399295261927932e+01
1.085532639731823501e+01
1.085934419102138904e+01
1.085672464762648559e+01
1.085189582206107417e+01
1.086063454945882079e+01
1.086225707907425786e+01
1.086608629102830825e+01
1.086727677858792873e+01
1.086961723279349457e+01
1.086313513517379725e+01
1.085627889044490857e+01
1.085354566574096680e+01
1.085891104319009415e+01
1.086757060459681945e+01
1.086594482870662937e+01
1.086954500508862864e+01
1.086903962321665063e+01
1.087157840078527293e+01
1.087232001443927132e+01
1.087470848295423664e+01
1.086923304756919073e+01
1.086205469007077440e+01
1.086333899344167442e+01
1.085689372204719660e+01
1.086346156471653934e+01
1.086446362733840942e+01
1.085860964195015477e+01
1.085956480065170560e+01
1.086322902910637112e+01
1.086316156387329102e+01
1.086458077761206376e+01
1.086317356894998021e+01
1.086310803311542372e+01
1.086829920915456960e+01
1.087280654907226562e+01
1.086703111540596467e+01
1.086159299690032753e+01
1.086209755473666760e+01
1.085752103963029569e+01
1.085801169655539766e+01
1.085461418907921605e+01
1.084543355873652892e+01
1.084537592187392008e+01
1.084923305009540684e+01
1.085039336163064760e+01
1.085373414795974156e+01
1.085215108822553631e+01
1.085284760846930041e+01
1.084988118820831637e+01
1.084406987826029400e+01
1.084805190661722030e+01
1.084858097795580179e+01
1.084578098514215760e+01
1.084677886193798457e+01
1.084822949218749955e+01
1.084987051524813140e+01
1.084705253661148205e+01
1.084928514063358307e+01
1.084879250489464120e+01
1.084464732683621868e+01
1.084722778815349464e+01
1.084702433239329977e+01
1.084993163804362659e+01
1.085462152424143234e+01
1.085508525283248282e+01
1.085149641597972270e+01
1.085216239595065169e+01
1.085163755002229102e+01
1.085429783004651050e+01
1.085674004554748606e+01
1.085712679058102026e+01
1.085946311413402299e+01
1.085675383614493406e+01
1.085768597655826184e+01
1.085783150771568550e+01
1.085773154480816594e+01
1.085841321620811328e+01
1.085716379010999511e+01
1.085627393274499219e+01
1.085592937469482422e+01
1.085497358461089412e+01
1.085353114730433433e+01
1.085211481455884019e+01
1.085110058722557902e+01
1.085461483616982825e+01
1.085463216977241707e+01
1.085041851602542096e+01
1.084968968886363427e+01
1.084852796830471178e+01
1.084843001365661586e+01
1.085095410317367737e+01
1.085168644233986157e+01
1.085478382461641544e+01
1.085501435907875667e+01
1.085138034820556641e+01
1.085219247082629757e+01
1.085093650132596110e+01
1.085278948715754943e+01
1.085270346692327870e+01
1.085267846724566354e+01
1.085108217161301347e+01
1.085102451124856593e+01
1.085194751430798199e+01
1.085096586161646393e+01
1.085179603576660234e+01
1.085197554935108499e+01
1.084787118771655479e+01
1.084874486387445636e+01
1.084870157295099169e+01
1.084737013181050536e+01
1.084602635736623455e+01
1.084517897092379002e+01
1.084431386124240859e+01
1.084549530174421150e+01
1.084781327634244263e+01
1.084837884287680332e+01
1.084846150301357071e+01
1.084640528293366124e+01
1.084599338511310584e+01
1.084662374195299606e+01
1.084588708428188220e+01
1.084539346396923065e+01
1.112570095062255859e+01
1.098390531539916992e+01
1.093785031636556049e+01
1.106628131866455078e+01
1.098496131896972727e+01
1.095150152842203717e+01
1.097779791695731078e+01
1.099871063232421875e+01
1.097055339813232422e+01
1.093837785720825195e+01
1.089737788113680672e+01
1.088160387674967389e+01
1.091967509343073850e+01
1.090381601878574891e+01
1.090679149627685618e+01
1.089060097932815552e+01
1.085747926375445260e+01
1.085693952772352411e+01
1.086903411463687341e+01
1.088427972793579102e+01
1.086742832547142434e+01
1.088227471438321281e+01
1.091171351723049021e+01
1.091624212265014648e+01
1.090231735229492216e+01
1.089295401939978980e+01
1.087688601458514093e+01
1.086888081686837282e+01
1.086840109989560865e+01
1.086069342295328788e+01
1.087725642419630567e+01
1.088414826989173889e+01
1.089967580275102144e+01
1.091086163240320595e+01
1.090878486633300781e+01
1.089014959335327148e+01
1.089745106568207689e+01
1.089370940860949055e+01
1.088875200809576604e+01
1.089459469318389928e+01
1.088197691847638460e+01
1.088372121538434634e+01
1.087682972397915115e+01
1.087170418826016594e+01
1.088676528930664134e+01
1.088622445645539649e+01
1.088769628646525867e+01
1.089461964368820190e+01
1.090053996261285363e+01
1.089263719558715771e+01
1.089947216183531431e+01
1.090509086388808058e+01
1.089498780808358802e+01
1.088588568016334790e+01
1.087761936187744105e+01
1.088074639865330262e+01
1.086760191331829972e+01
1.086993062907251861e+01
1.086023738020557516e+01
1.085681220690409354e+01
1.085714704482281867e+01
1.085756626436787187e+01
1.085262242574540359e+01
1.085367889702320099e+01
1.085735263824462926e+01
1.086358285672736912e+01
1.086338414718855638e+01
1.086239485179676656e+01
1.085649101976035347e+01
1.085604080472673694e+01
1.085519391718045057e+01
1.085603351063198474e+01
1.085543734406771677e+01
1.085007773218928229e+01
1.085914423624674541e+01
1.086134212895443518e+01
1.086402523982060409e+01
1.086832480552869029e+01
1.087304883063593941e+01
1.087026145458221471e+01
1.086946874783362915e+01
1.086739208640121745e+01
1.087077054632715445e+01
1.087969451858883829e+01
1.087902920666862983e+01
1.088379034885140406e+01
1.088342813513744822e+01
1.088563980839469281e+01
1.088737891765122967e+01
1.088986357582940023e+01
1.088597207540994205e+01
1.088426071664561334e+01
1.088152121472102252e+01
1.087877184279421527e+01
1.088573852338288894e+01
1.088489397366841693e+01
1.088119544196374555e+01
1.088383215300890861e+01
1.088510955463756247e+01
1.088408995628356912e+01
1.088524283985100105e+01
1.087981162351720421e+01
1.087805310962269623e+01
1.088415656639979368e+01
1.088550215221586726e+01
1.088604556389574718e+01
1.087878118497189028e+01
1.088306460557160626e+01
1.087977769834185970e+01
1.087959262674505112e+01
1.087473575488941080e+01
1.087125217914581299e+01
1.087033380660335524e+01
1.087214767723752828e+01
1.086862915702488053e+01
1.087252102227046535e+01
1.087182625338562580e+01
1.087134153560056582e+01
1.086863613128662109e+01
1.086607306003570628e+01
1.086838187067961847e+01
1.086598017176643793e+01
1.086235996959655203e+01
1.086429905122326289e+01
1.086350814819335930e+01
1.086043376014346151e+01
1.085722459958294195e+01
1.085553399473428726e+01
1.085210361776425891e+01
1.084958269412700993e+01
1.085193284595285590e+01
1.085155643838824702e+01
1.085438461590530324e+01
1.085742672877525195e+01
1.085842819213867116e+01
1.085598806072683864e+01
1.085468781603513833e+01
1.085266832683397453e+01
1.085698059823015527e+01
1.085992226600646937e+01
1.085785288168183449e+01
1.085889727632764412e+01
1.085880590985705041e+01
1.085808852646085931e+01
1.085526961622566944e+01
1.085452714031689858e+01
1.085354767364709616e+01
1.085036049662409674e+01
1.084878915748340233e+01
1.084665179570516003e+01
1.084712627234048377e+01
1.084621526065625652e+01
1.084610097548540963e+01
1.084607938048127451e+01
1.084726535427954808e+01
1.084674003796699715e+01
1.084544538996022212e+01
1.084548277190969046e+01
1.084404851205693809e+01
1.083997499346733129e+01
1.084136015139751485e+01
1.084185747452724158e+01
1.084297867055319564e+01
1.084245024657830925e+01
1.084015237634832296e+01
1.084118027859423528e+01
1.084011233209849756e+01
1.084222706726619201e+01
1.084003168027076569e+01
1.084039800307330026e+01
1.083970140155993001e+01
1.083630205864130147e+01
1.083771426691485296e+01
1.083741548143584232e+01
1.083507617950439439e+01
1.083418284221128935e+01
1.083227010500633192e+01
1.083252733209159935e+01
1.083041194830526877e+01
1.082935712072584344e+01
1.082849036264156162e+01
1.082479867306384413e+01
1.082577890385695518e+01
1.082458247827447018e+01
1.082485521161878417e+01
1.082102647904426895e+01
1.082171449814250686e+01
1.082173434216925401e+01
1.082476986274517472e+01
1.082321181046335390e+01
1.082225393624830012e+01
1.082261407872041126e+01
1.117562484741210938e+01
1.081582164764404297e+01
1.096475823720296283e+01
1.109238004684448242e+01
1.094044990539550710e+01
1.094729677836100201e+01
1.099342659541538758e+01
1.095502471923828125e+01
1.091358227199978259e+01
1.085983238220214808e+01
1.083107766238125969e+01
1.080737042427062988e+01
1.085697254767784692e+01
1.085827847889491515e+01
1.086899166107177805e+01
1.087922984361648560e+01
1.085588971306295925e+01
1.086553075578477667e+01
1.089135049518785969e+01
1.089726171493530238e+01
1.090445355006626649e+01
1.089776698025790047e+01
1.092534521351689847e+01
1.090820999940236469e+01
1.089586849212646413e+01
1.088227444428664015e+01
1.086465408183910242e+01
1.086407814707074770e+01
1.084550574730182504e+01
1.083862565358479735e+01
1.084834837144421016e+01
1.083432346582412720e+01
1.084334159619880467e+01
1.084645147884593364e+01
1.084910736083984339e+01
1.083063480589124872e+01
1.084240088591704421e+01
1.083955014379400872e+01
1.083964022611960409e+01
1.084361610412597621e+01
1.084254695148002767e+01
1.084142178580874472e+01
1.084048637123995107e+01
1.083730248971418852e+01
1.083984750111897810e+01
1.084604004155034573e+01
1.085159811060479385e+01
1.085337320963541607e+01
1.085786445773377729e+01
1.085142482757568416e+01
1.085705386891084601e+01
1.085984921455383301e+01
1.085050257196966150e+01
1.084976598951551630e+01
1.084792161421342271e+01
1.084200358390808105e+01
1.083485041166606777e+01
1.083618859587044625e+01
1.084361168489617810e+01
1.084572861989339110e+01
1.084700534382804449e+01
1.084279612571962481e+01
1.083697956327408107e+01
1.083693411946296692e+01
1.083771441533015256e+01
1.084540109923391604e+01
1.084656222898568600e+01
1.084128597203423006e+01
1.083713666943536325e+01
1.083574534824916213e+01
1.083037936519569122e+01
1.083287790086534308e+01
1.083078157085261850e+01
1.082549986968169264e+01
1.083113953908284444e+01
1.082803856699090339e+01
1.083103509382768159e+01
1.082589686222565462e+01
1.082824051531055254e+01
1.082328462600708008e+01
1.082194959381480359e+01
1.081138508494307438e+01
1.081689754164362505e+01
1.082045746984935874e+01
1.081932541342342624e+01
1.082366821377776311e+01
1.082183081528236102e+01
1.082251294092698579e+01
1.081831765978523840e+01
1.081935033798217738e+01
1.081775928329635406e+01
1.081559134566265534e+01
1.081960890370030626e+01
1.081273905774380317e+01
1.081924240714625363e+01
1.081698861718177795e+01
1.081431219749843997e+01
1.081907700519172444e+01
1.082213851658984893e+01
1.082262274742126529e+01
1.082188180413576717e+01
1.082023344787896768e+01
1.081597131895787456e+01
1.082306232819190406e+01
1.082510734739757652e+01
1.082600822988546163e+01
1.082505854490761443e+01
1.083228573092707947e+01
1.082942259202309643e+01
1.082827349576083087e+01
1.082545470332240178e+01
1.082288355486733522e+01
1.082110036157928690e+01
1.082360486816941680e+01
1.082421536652938165e+01
1.082827185762339539e+01
1.082635508643256372e+01
1.082489003165293617e+01
1.082304736546107726e+01
1.082343650658925327e+01
1.082545858966417462e+01
1.082416124812892200e+01
1.082112276651025873e+01
1.081942829009025253e+01
1.081881745147705054e+01
1.081981503774249376e+01
1.081611471851979722e+01
1.081388654559850693e+01
1.081280907919240519e+01
1.081278588955219000e+01
1.081644270074276548e+01
1.081761445421161127e+01
1.081833634340673456e+01
1.082222078807318333e+01
1.082123427920871350e+01
1.082008279772365711e+01
1.082104903590070144e+01
1.081883489221766403e+01
1.082091962004736985e+01
1.082500134195600161e+01
1.082185363093166508e+01
1.082445139952108981e+01
1.082290343304614133e+01
1.082422564427057843e+01
1.082573395433097119e+01
1.082552236400238499e+01
1.082117580880924201e+01
1.081772036810179038e+01
1.081768976121940895e+01
1.081695571263631273e+01
1.081780867545020541e+01
1.081602385796998611e+01
1.081537344564799419e+01
1.081449202128819032e+01
1.081472573434152906e+01
1.081456048060686115e+01
1.081152010875143077e+01
1.081106235407575689e+01
1.081200854583356374e+01
1.081049543619155884e+01
1.081317784919501790e+01
1.081318781699663312e+01
1.081642251512024266e+01
1.081723087008406559e+01
1.081592203198057156e+01
1.081821862760796549e+01
1.081589267639342822e+01
1.081605341888609395e+01
1.081603288932664775e+01
1.081611638349645332e+01
1.081444177014088837e+01
1.081267035284707667e+01
1.081213339767015036e+01
1.081205726491993957e+01
1.081004156930105964e+01
1.080770486051386037e+01
1.080678427421440446e+01
1.080922180883000472e+01
1.080776823565946643e+01
1.080751584900750117e+01
1.080760217635012488e+01
1.080900551198602955e+01
1.080937694591251308e+01
1.080895150744396638e+01
1.080881783768937332e+01
1.080881795062813744e+01
1.080883218387868894e+01
1.080677174507303384e+01
1.080944906466852373e+01
1.080840635299682617e+01
1.080725007281877659e+01
1.080554674565792084e+01
1.073946189880371094e+01
1.074671173095703125e+01
1.088131141662597656e+01
1.104506063461303711e+01
1.085866928100585938e+01
1.084663852055867572e+01
1.085430731092180601e+01
1.076880574226379395e+01
1.074968380398220447e+01
1.071642570495605540e+01
1.068381014737215828e+01
1.070483827590942383e+01
1.075040054321289062e+01
1.071532569612775454e+01
1.071280244191487618e+01
1.070861929655075073e+01
1.070231830372529913e+01
1.068300278981526752e+01
1.071969669743588049e+01
1.071819453239440989e+01
1.072894364311581583e+01
1.073480766469782033e+01
1.077066226627515633e+01
1.076788246631622314e+01
1.077262233734130881e+01
1.076376324433546827e+01
1.076259001979121521e+01
1.075572695050920835e+01
1.074903830166520713e+01
1.074828497568766217e+01
1.075042620012836991e+01
1.072449502348899841e+01
1.074596445488207230e+01
1.076434971304500721e+01
1.076799801417759461e+01
1.077259527312384790e+01
1.078310291187183267e+01
1.078275550039190911e+01
1.078134480500832559e+01
1.078754091262817383e+01
1.077960814499273567e+01
1.078704579671224018e+01
1.077919762633567657e+01
1.077065209908918852e+01
1.078263388739691919e+01
1.078231989819070513e+01
1.077778718826618665e+01
1.078686618804931641e+01
1.079463370965451574e+01
1.079146396636962812e+01
1.080037805145862073e+01
1.081008129853468702e+01
1.080994422480745065e+01
1.081568387702659351e+01
1.082099260850386102e+01
1.081733667850494385e+01
1.080996940010472329e+01
1.081285149475623797e+01
1.081322290129580743e+01
1.080967612266540456e+01
1.081720835263611846e+01
1.081671704015424140e+01
1.081436522044832671e+01
1.082017038762569427e+01
1.081379652756911014e+01
1.081158506509029493e+01
1.081150528922009890e+01
1.080958969452801810e+01
1.080853640514871294e+01
1.081178346361432752e+01
1.080338928061471826e+01
1.080546942022111701e+01
1.080159000501240740e+01
1.080427864435556806e+01
1.080625492095947315e+01
1.079977424521195317e+01
1.080448113478623462e+01
1.080338111290564918e+01
1.080937386766264652e+01
1.080532056093215942e+01
1.080268992906735193e+01
1.080434425865731640e+01
1.080741688142339818e+01
1.081349716867719302e+01
1.081128218033734534e+01
1.081629286255947342e+01
1.081262859256788289e+01
1.081718331033533254e+01
1.081775983531823293e+01
1.081916619406806035e+01
1.081830109606732293e+01
1.081817355363265243e+01
1.082194282162573984e+01
1.082143614139962651e+01
1.082990296012476783e+01
1.082985622684160809e+01
1.082584216914226083e+01
1.082899902304824558e+01
1.083451478168217896e+01
1.083452474594116133e+01
1.083127754513579966e+01
1.082639015422147821e+01
1.082521875622203034e+01
1.083091107698587230e+01
1.083204077766055207e+01
1.082968836910319865e+01
1.082846211941442682e+01
1.083302312427096936e+01
1.083037680879645315e+01
1.083061180981722771e+01
1.082767616306339242e+01
1.082363041809627013e+01
1.082453030611561395e+01
1.082712103191174968e+01
1.082453477278999721e+01
1.082244193142858002e+01
1.082325967152913471e+01
1.082245155108177137e+01
1.081859778556503215e+01
1.081901923815409283e+01
1.082422585920854097e+01
1.082556330571409120e+01
1.082407574537323747e+01
1.082190622052838691e+01
1.081698563385009848e+01
1.081468607887389233e+01
1.081284210625595854e+01
1.080935467779636383e+01
1.081044738237247849e+01
1.080756975320669255e+01
1.080965518951416016e+01
1.081049656867980957e+01
1.080720957419029737e+01
1.081251709496797098e+01
1.081132764463071538e+01
1.081049757845261539e+01
1.081159261021300821e+01
1.080656388186026362e+01
1.080969783728071221e+01
1.081426907948085159e+01
1.081435204228610836e+01
1.081805397087419607e+01
1.081876347948621131e+01
1.081944225231806378e+01
1.081756628628434846e+01
1.081809566445546622e+01
1.081940125445930256e+01
1.081774024705629067e+01
1.081573461366179778e+01
1.081417952219645251e+01
1.081418192781359977e+01
1.081290831691340415e+01
1.080690740448197573e+01
1.080639375959123960e+01
1.080824512358634770e+01
1.081041418589078518e+01
1.080884576299387945e+01
1.080816144581082483e+01
1.080276754367276482e+01
1.080184062719345128e+01
1.080431365966796875e+01
1.080339125645013532e+01
1.080615639832853603e+01
1.080786161887936458e+01
1.080761354619806447e+01
1.080942406711808168e+01
1.080966267614307519e+01
1.081407254082816038e+01
1.081300776103544514e+01
1.081279196458704384e+01
1.081106402302346048e+01
1.081179580023122355e+01
1.081002799899591871e+01
1.080940578723775936e+01
1.080487312316894588e+01
1.080468010902404785e+01
1.080339039516987754e+01
1.080611778645033283e+01
1.080599940955305982e+01
1.080210957527160609e+01
1.080118407465476338e+01
1.079891865070049661e+01
1.079762645367064700e+01
1.079647914223049021e+01
1.079698757480930560e+01
1.079639023093767136e+01
1.079537570157790505e+01
1.079222349410361481e+01
1.079504739670526448e+01
1.079529097205714194e+01
1.079435752948541349e+01
1.079333830376466175e+01
1.108821868896484375e+01
1.091918659210205078e+01
1.103977902730306049e+01
1.088939666748046875e+01
1.084834899902343786e+01
1.085246086120605469e+01
1.087993785313197570e+01
1.083693146705627441e+01
1.080503834618462378e+01
1.082118864059448171e+01
1.074758035486394725e+01
1.077418669064839740e+01
1.082703920511099049e+01
1.079950564248221312e+01
1.078989308675130232e+01
1.077823698520660400e+01
1.074868101232192075e+01
1.077327617009480853e+01
1.079552615316290520e+01
1.078510851860046316e+01
1.076792094821021628e+01
1.076236646825616994e+01
1.078749022276505265e+01
1.078052628040313721e+01
1.076415340423583977e+01
1.074928987943209080e+01
1.073769851967140454e+01
1.073859047889709473e+01
1.073150575572046783e+01
1.070519377390543703e+01
1.069930645727342089e+01
1.068830814957618713e+01
1.070148736780340037e+01
1.071903629863963481e+01
1.073060937608991416e+01
1.071835536426968005e+01
1.072384842022045248e+01
1.071198721935874509e+01
1.070926717611459544e+01
1.071514108180999791e+01
1.070901065919457373e+01
1.070970553443545370e+01
1.070969346512195663e+01
1.070297722382978911e+01
1.071686140696207623e+01
1.071797354325004292e+01
1.072117383429344706e+01
1.072886725266774555e+01
1.073102982190190602e+01
1.072606559753418054e+01
1.073323661205815327e+01
1.074797786199129490e+01
1.074532453069147131e+01
1.075162461951926929e+01
1.075165174657648315e+01
1.074931573867797852e+01
1.074501286891468865e+01
1.074011560966228629e+01
1.073631215499619351e+01
1.073924924532572511e+01
1.075198353314008948e+01
1.074430544145645605e+01
1.074534706842331744e+01
1.074060893058776855e+01
1.074323786222017674e+01
1.074804434631809968e+01
1.074483091439773830e+01
1.074865073316237485e+01
1.074721511896105852e+01
1.074586060387747644e+01
1.074545944912332907e+01
1.074359360006120490e+01
1.074749324746327872e+01
1.074593364870226075e+01
1.074965488433837812e+01
1.074912364859330083e+01
1.075463796590829801e+01
1.075592433489286037e+01
1.076144002359124663e+01
1.075295282602310110e+01
1.074808728253399970e+01
1.074014391550203662e+01
1.073752097623894031e+01
1.074452872503371381e+01
1.074416401806999666e+01
1.074787773087967224e+01
1.074229762197911064e+01
1.074639903415333109e+01
1.074940812185908889e+01
1.075172049204508440e+01
1.075284102722838675e+01
1.075016108803127146e+01
1.074805312002858848e+01
1.074558176892869099e+01
1.074983455256411879e+01
1.074668220678965191e+01
1.074536660774466945e+01
1.074422821706655107e+01
1.075104442750564715e+01
1.075182488441467221e+01
1.075392103667306465e+01
1.075545793421128238e+01
1.075540409273314246e+01
1.075992076213543314e+01
1.076075298672630609e+01
1.075472025601369097e+01
1.075145938908942433e+01
1.075652500435158032e+01
1.075574491658342069e+01
1.075453394109552541e+01
1.074928592132018501e+01
1.074960835490908018e+01
1.074823034337136640e+01
1.075007103200544378e+01
1.075003392592720353e+01
1.075460119083009936e+01
1.075133870605729669e+01
1.075065898087065186e+01
1.075013250463149106e+01
1.074931069215138812e+01
1.075465811579680597e+01
1.075493558508450853e+01
1.075325292881911388e+01
1.075031830418494394e+01
1.074941378021240190e+01
1.074896510442098041e+01
1.074623635810191224e+01
1.074938075989484787e+01
1.075072569440501624e+01
1.075175813528207591e+01
1.075334152920555475e+01
1.075604026245348344e+01
1.075904505593436156e+01
1.076381460588369876e+01
1.076335071281150491e+01
1.076225382440230405e+01
1.076369483975598484e+01
1.076322107729704491e+01
1.076595798327768527e+01
1.076893721308026919e+01
1.076403722695425103e+01
1.076775104227200330e+01
1.076615154826557763e+01
1.076380027002758411e+01
1.076265640258788991e+01
1.076304335790137756e+01
1.076526477709919405e+01
1.076262510145032714e+01
1.076330289904703186e+01
1.076149489720662444e+01
1.076026061986455851e+01
1.076093774720242102e+01
1.075942702698551834e+01
1.075600809865183649e+01
1.075742634188744340e+01
1.075723151671580702e+01
1.075530235630691500e+01
1.075518826593326693e+01
1.075637278766752125e+01
1.075712035894393992e+01
1.075607777234190010e+01
1.075548783055058166e+01
1.075787539569878071e+01
1.075853665282086702e+01
1.075744935815984604e+01
1.075788503095328075e+01
1.075472139598366716e+01
1.075634532883053751e+01
1.075651465647319327e+01
1.075527729707605751e+01
1.075505514312208710e+01
1.075507547689038645e+01
1.075363790368758110e+01
1.075279631011787451e+01
1.075173029218401233e+01
1.074983036518096924e+01
1.074957598670054360e+01
1.075129873297187721e+01
1.074954195395528345e+01
1.074866728782653880e+01
1.074906908741313494e+01
1.074883685269198530e+01
1.074746406013196953e+01
1.074820662581402253e+01
1.075006101969126071e+01
1.075111754222582761e+01
1.075305231879739232e+01
1.075344046633294326e+01
1.075216259022869103e+01
1.075287372187564294e+01
1.075349397809093510e+01
1.075177431603272815e+01
1.118175792694091797e+01
1.092713117599487305e+01
1.093640677134195904e+01
1.097943305969238281e+01
1.090386734008789027e+01
1.078227917353312115e+01
1.079355594090053039e+01
1.083297204971313477e+01
1.083205848269992444e+01
1.078209428787231516e+01
1.079674191908402925e+01
1.080768418312072754e+01
1.085146104372464748e+01
1.083875138419015016e+01
1.078949394226074254e+01
1.078187847137451172e+01
1.078492254369399106e+01
1.079475922054714587e+01
1.079030533840781736e+01
1.080221400260925257e+01
1.077225598834809794e+01
1.076941026340831442e+01
1.080120903512705866e+01
1.079491313298543353e+01
1.078634376525878835e+01
1.078699097266563989e+01
1.078152642426667462e+01
1.077019517762320433e+01
1.077479059942837480e+01
1.077957846323649171e+01
1.079507483205487617e+01
1.079013651609420776e+01
1.078768270665949025e+01
1.080600682426901393e+01
1.080978131975446388e+01
1.078917524549696161e+01
1.080467956130569007e+01
1.079613414563630691e+01
1.079052722148406218e+01
1.079258069992065394e+01
1.078560989659007063e+01
1.078331395557948547e+01
1.076255330374074504e+01
1.075542252713983693e+01
1.076627720726860815e+01
1.076848666564277934e+01
1.077299205293046747e+01
1.078031990925470929e+01
1.078795294858971410e+01
1.078454462051391616e+01
1.078862678303438116e+01
1.079903971231900783e+01
1.079607731441281793e+01
1.078568972481621557e+01
1.078434602564031408e+01
1.078156541075025210e+01
1.077527454443145238e+01
1.077258037698679871e+01
1.076960528098930681e+01
1.076705355644226003e+01
1.077751201879782705e+01
1.077775670636084726e+01
1.077883588700067463e+01
1.077568434178829193e+01
1.077713339878962628e+01
1.078232179988514261e+01
1.078264219369461330e+01
1.077780938148498535e+01
1.077086701600447860e+01
1.077122377668108300e+01
1.077679450075391365e+01
1.078187906742095947e+01
1.078236717067352757e+01
1.078724598240208010e+01
1.079452144622802656e+01
1.079497988600479985e+01
1.080074074980500498e+01
1.079950190813113409e+01
1.080803185475023476e+01
1.081060330867767405e+01
1.080105411859206299e+01
1.079348442031115951e+01
1.079864013625914865e+01
1.080347329094296427e+01
1.079789487053366237e+01
1.080314218166262563e+01
1.080082206068367867e+01
1.080279705741188678e+01
1.080735380194160378e+01
1.080958784951103979e+01
1.080922167641775999e+01
1.080957913398742676e+01
1.081004264790524694e+01
1.080926460915423526e+01
1.081472342641730044e+01
1.081818454464276691e+01
1.081532038855798383e+01
1.081652856359676385e+01
1.081828649116284957e+01
1.081824369430541921e+01
1.081618419496139616e+01
1.080864512686635948e+01
1.080949115753173828e+01
1.081464901337256812e+01
1.081716174171084432e+01
1.081202123749930877e+01
1.080674473593168194e+01
1.081269766666271082e+01
1.080837267254470646e+01
1.080951564962213673e+01
1.080681554261628641e+01
1.079919123649597168e+01
1.080022204238756522e+01
1.079761889942905384e+01
1.079571688278861608e+01
1.079531212510733695e+01
1.079314281594040104e+01
1.079316314600281856e+01
1.078922102631640989e+01
1.079161222775777240e+01
1.079608554682455690e+01
1.079548439432362983e+01
1.078969067674342242e+01
1.079091851172908711e+01
1.078686447906494195e+01
1.078313151616898757e+01
1.077959561535692679e+01
1.078045960515737534e+01
1.077596833724384240e+01
1.077113230778620867e+01
1.077079976060008271e+01
1.076689530141425877e+01
1.077074389350145367e+01
1.077504456932864940e+01
1.077324688522904061e+01
1.077190892135395650e+01
1.077062372917676569e+01
1.076821093628371884e+01
1.077234050009748145e+01
1.077490239824567553e+01
1.077424284076014338e+01
1.077746263692076845e+01
1.077599361393001587e+01
1.077444338798522949e+01
1.077433689380514181e+01
1.077395059637827401e+01
1.077446146724986420e+01
1.077224357708080404e+01
1.077024435516971934e+01
1.076951023737589530e+01
1.077034874467660330e+01
1.076796453250081953e+01
1.076558740777907097e+01
1.076456823596706691e+01
1.076809215545654297e+01
1.076619663605323218e+01
1.076604975560668187e+01
1.076373097262804990e+01
1.076379579867956693e+01
1.076269591450691188e+01
1.076554071533013612e+01
1.076575648931809326e+01
1.076933253469642615e+01
1.076911734371650553e+01
1.076586923310251009e+01
1.076844055681343626e+01
1.076841217315125654e+01
1.076990159352620502e+01
1.077034457054363870e+01
1.076694233277264701e+01
1.076869636111789319e+01
1.076809073048968735e+01
1.076767797414967021e+01
1.076756361161155340e+01
1.076704660688127824e+01
1.076773852651769481e+01
1.076468320081463048e+01
1.076866760146751822e+01
1.076614424636244038e+01
1.076521585782368895e+01
1.076264636951256826e+01
1.076261307119013111e+01
1.076177396409498499e+01
1.076159883063772504e+01
1.076310118082407286e+01
1.076354737948345885e+01
1.076380232948670468e+01
1.076260639251546714e+01
1.076430558401440862e+01
1.076536538475438221e+01
1.076512393152526492e+01
1.076117435594399829e+01
1.118958854675292969e+01
1.100098228454589844e+01
1.105104096730550189e+01
1.106815648078918457e+01
1.089729976654052734e+01
1.090651241938273053e+01
1.092462853022984071e+01
1.085037505626678467e+01
1.085595099131266217e+01
1.086811895370483327e+01
1.086447949842973237e+01
1.087559676170349121e+01
1.089763311239389232e+01
1.084829235076904297e+01
1.081869417826334612e+01
1.082988810539245605e+01
1.081669661578010100e+01
1.083523326449924085e+01
1.084584356609143718e+01
1.085306015014648473e+01
1.083190945216587586e+01
1.082448764280839448e+01
1.083565069281536530e+01
1.082781012852986713e+01
1.082124671936035121e+01
1.079646844130295946e+01
1.079874886406792456e+01
1.078189556939261351e+01
1.077165202436776070e+01
1.074208542505900077e+01
1.075462313621274824e+01
1.073396083712577820e+01
1.074861454241203518e+01
1.075868547663969110e+01
1.076642971038818430e+01
1.077054998609754755e+01
1.077574884569322755e+01
1.077135030846846675e+01
1.076387818654378314e+01
1.077020814418792760e+01
1.075347953889428076e+01
1.074792230696905193e+01
1.074241806739984639e+01
1.073154989155855965e+01
1.074006746080186581e+01
1.074173278393952735e+01
1.073602331445572311e+01
1.074638030926386456e+01
1.075620361250274115e+01
1.074982244491577177e+01
1.075982263976452380e+01
1.076397112699655345e+01
1.075655104079336510e+01
1.075615149957162409e+01
1.076350669860839915e+01
1.075198146275111633e+01
1.074967702229817768e+01
1.074487779880392146e+01
1.073984538902670671e+01
1.073787903785705566e+01
1.073356529923736069e+01
1.072436506517471777e+01
1.072681157551114595e+01
1.072811590135097504e+01
1.072944937485914885e+01
1.073827824448094148e+01
1.074152081048310770e+01
1.073811000936171567e+01
1.073985999563466009e+01
1.073588294982910085e+01
1.073217467187156160e+01
1.073116967413160516e+01
1.073307416210435861e+01
1.073283218693088870e+01
1.074229180653889948e+01
1.074367697615372563e+01
1.075029608491179189e+01
1.074792756789769932e+01
1.075677668897411543e+01
1.075611542463302683e+01
1.075659031338161853e+01
1.075629487851770882e+01
1.076002750626529547e+01
1.076367989040556417e+01
1.076254606807933101e+01
1.076685287786084544e+01
1.076283740997314453e+01
1.076338751749558931e+01
1.076754660017035015e+01
1.077144243452284122e+01
1.076864708910931512e+01
1.076617388103319328e+01
1.076326464581233111e+01
1.076353746779421527e+01
1.077342712000796610e+01
1.077286946773529053e+01
1.077157966377808940e+01
1.077360785737329607e+01
1.077606594201290235e+01
1.077124456405639563e+01
1.077272639888347960e+01
1.077252515157063861e+01
1.077365981722340926e+01
1.078141907545236400e+01
1.078523674011230504e+01
1.078113521719878598e+01
1.077695591650276619e+01
1.078287401905766174e+01
1.078125633449729470e+01
1.078196844621138162e+01
1.077734536523217557e+01
1.077460459300449891e+01
1.077858227755116083e+01
1.077919407058180390e+01
1.077800725024679451e+01
1.077919807105228855e+01
1.077650104424892241e+01
1.077551402075816078e+01
1.077214752325490821e+01
1.076976475715637172e+01
1.077233483180526896e+01
1.077001711579619858e+01
1.077201632367886219e+01
1.077274597844769843e+01
1.077420368957519514e+01
1.077443919863019595e+01
1.077123889772910736e+01
1.076803080737590790e+01
1.076767979111782303e+01
1.076756100287804152e+01
1.077158718254730019e+01
1.077147495385372267e+01
1.077420052549892837e+01
1.077706297120051637e+01
1.077550817418981488e+01
1.077282943445093544e+01
1.077583498154243458e+01
1.077457292529119925e+01
1.077662060415144474e+01
1.077742578642708970e+01
1.077395140194723844e+01
1.077725640149183661e+01
1.077504100666179454e+01
1.077561447355482294e+01
1.077671812649430905e+01
1.077642836636059975e+01
1.077378858190004429e+01
1.076749331242329433e+01
1.076658238660569111e+01
1.076665922164917077e+01
1.076616817120684644e+01
1.076379199404465581e+01
1.076150275211708163e+01
1.075838831492832703e+01
1.076075962435814581e+01
1.075867405915871622e+01
1.075617668127557991e+01
1.075571728959868167e+01
1.075354778241811360e+01
1.075084472298622096e+01
1.075324559063644969e+01
1.075531540976630396e+01
1.075845678013526552e+01
1.076014513504214420e+01
1.075931510347308517e+01
1.076076639129454904e+01
1.075988264140968553e+01
1.076015474115099302e+01
1.075670578070646144e+01
1.075816006379968925e+01
1.075740434970074944e+01
1.075575506964395167e+01
1.075545548014558150e+01
1.075474426664155025e+01
1.075594689505440904e+01
1.075213896144520120e+01
1.075055722597628716e+01
1.075143317961960676e+01
1.075095358374398558e+01
1.074685333569844481e+01
1.074871327205257465e+01
1.074859524821187051e+01
1.074926809925850613e+01
1.074821244633716155e+01
1.075010112556251407e+01
1.074989051716302058e+01
1.075144156797684403e+01
1.075212454288563890e+01
1.075448833445392616e+01
1.075444618024324051e+01
1.075596710524633970e+01
1.075423779090245624e+01
1.093542385101318359e+01
1.092120981216430664e+01
1.107565848032633404e+01
1.110539412498474121e+01
1.101961612701416016e+01
1.094666274388631244e+01
1.097796249389648438e+01
1.094296479225158691e+01
1.092141511705186652e+01
1.089231166839599574e+01
1.084093319285999613e+01
1.082954152425130268e+01
1.086347462580754275e+01
1.084398296901157899e+01
1.083350830078125071e+01
1.084488594532012939e+01
1.083568976907169201e+01
1.079775762557983398e+01
1.079961801830090984e+01
1.081205439567565918e+01
1.078114423297700419e+01
1.078159093856811523e+01
1.080937364827031644e+01
1.078499535719553570e+01
1.078215343475341825e+01
1.077512836456298828e+01
1.077186457316080670e+01
1.075199604034423828e+01
1.072887762661637900e+01
1.074224961598714145e+01
1.075209949862572500e+01
1.074916166067123413e+01
1.076080455202044917e+01
1.076983042324290629e+01
1.077848701477050852e+01
1.077116478814019018e+01
1.079207930693755202e+01
1.077233562971416347e+01
1.076696178240653801e+01
1.076632449626922572e+01
1.076652436140106950e+01
1.076620733170282307e+01
1.075077682317689387e+01
1.074003774469549022e+01
1.075389887491862062e+01
1.076436075956925187e+01
1.076862347379643836e+01
1.077222442626953125e+01
1.077738913711236535e+01
1.076983903884887717e+01
1.077789882585114078e+01
1.078623127937316895e+01
1.078362081635673064e+01
1.078491535893192932e+01
1.077953647266734727e+01
1.077110845702035036e+01
1.076774118657697699e+01
1.076867226896614937e+01
1.075748994794942526e+01
1.075417426427205392e+01
1.076327886737760942e+01
1.076461933505150625e+01
1.075113867199610063e+01
1.074881786108016968e+01
1.074778099060058523e+01
1.075506860559636912e+01
1.075676516632535495e+01
1.075425662713892372e+01
1.074307474882706437e+01
1.073651548113141807e+01
1.073896633739202855e+01
1.073900724781884009e+01
1.073517555080048069e+01
1.073118873544641438e+01
1.074388413747151638e+01
1.074671239601938311e+01
1.075128038827475052e+01
1.075085824575179672e+01
1.075622124007985647e+01
1.075131026506423915e+01
1.074759569285828320e+01
1.074547300106141634e+01
1.075203788711364083e+01
1.075632729984465108e+01
1.075718037100399194e+01
1.076041233816812159e+01
1.075381830368919012e+01
1.075775860656391458e+01
1.076000387213203346e+01
1.075398482216728979e+01
1.075031591771723072e+01
1.074162026073621590e+01
1.073988417143462826e+01
1.073520882586215386e+01
1.074337871953060741e+01
1.074529124299685101e+01
1.074496840447494606e+01
1.074917022549376178e+01
1.075484886554756514e+01
1.075338972091674883e+01
1.074631037570462411e+01
1.074628387712964894e+01
1.074655468949993775e+01
1.075143736142378614e+01
1.075335521697997976e+01
1.075431135465514032e+01
1.075091936877954701e+01
1.075556615546897632e+01
1.075303564159148273e+01
1.075479549061168250e+01
1.075310942503783096e+01
1.074342971188681517e+01
1.074431151837374188e+01
1.074493686776412105e+01
1.074411256209663712e+01
1.074654806071314361e+01
1.074389982631063845e+01
1.074487058995133815e+01
1.073737001819770853e+01
1.074139916102091519e+01
1.074611361164692092e+01
1.074335400002901686e+01
1.074247398996740799e+01
1.074376158560476036e+01
1.074346231079101521e+01
1.074360506875174437e+01
1.073870067145880824e+01
1.073615599423646927e+01
1.073292449832886675e+01
1.073067324711726300e+01
1.073160836896823511e+01
1.073163443623167090e+01
1.073366741668012736e+01
1.073642527879174047e+01
1.073560990227593237e+01
1.073391443841597592e+01
1.073276979905845430e+01
1.073176164903502539e+01
1.073521259362749092e+01
1.073916549001421217e+01
1.073559792836507221e+01
1.073842283033988920e+01
1.073943511589423672e+01
1.073870391315884021e+01
1.073848912469271966e+01
1.073596120860478642e+01
1.073777495922685432e+01
1.073486755989693364e+01
1.073469963969800212e+01
1.073279367446899357e+01
1.073291558145687219e+01
1.073244316954361821e+01
1.072631077984579306e+01
1.072671820900657025e+01
1.073142877394153238e+01
1.073117940853803631e+01
1.072882093441714169e+01
1.073275815987888748e+01
1.073205449446192361e+01
1.072893705368042028e+01
1.073091307337980105e+01
1.073006788889566998e+01
1.073464924279897481e+01
1.073600620758242741e+01
1.073447047724868320e+01
1.073708627310143982e+01
1.073692095636607569e+01
1.073884575707571898e+01
1.073757628717365975e+01
1.073726723053876064e+01
1.073451570321244830e+01
1.073409820157428207e+01
1.073460877699659122e+01
1.073256474527819471e+01
1.073255265372140066e+01
1.072869669307361917e+01
1.072636128549521928e+01
1.072973049356696329e+01
1.073078813499578565e+01
1.072827345000373001e+01
1.072608685888638114e+01
1.072530782615745437e+01
1.072380354104797640e+01
1.072454339524973932e+01
1.072724552670040588e+01
1.072765848713536485e+01
1.072672814353902027e+01
1.072756049988117688e+01
1.072999527340843606e+01
1.072788711347078028e+01
1.073010921478271484e+01
1.072987764080365558e+01
1.136579513549804688e+01
1.101757097244262695e+01
1.115831724802652936e+01
1.122263360023498535e+01
1.105591793060302663e+01
1.105000495910644531e+01
1.104404394967215453e+01
1.102016484737396240e+01
1.097588147057427221e+01
1.093133764266967844e+01
1.092115124789151359e+01
1.090251676241556744e+01
1.094237085489126393e+01
1.093963302884783140e+01
1.092087593078613317e+01
1.093478310108184814e+01
1.092111710941090230e+01
1.091286320156521228e+01
1.092191746360377280e+01
1.090435686111450231e+01
1.087405881427583232e+01
1.088479254462502155e+01
1.089863980334738081e+01
1.088177732626597027e+01
1.086998424530029261e+01
1.085565409293541528e+01
1.085740884145100971e+01
1.085337683132716613e+01
1.084922458385599064e+01
1.084383967717488595e+01
1.085263141509025253e+01
1.085224407911300659e+01
1.085546314355098829e+01
1.083359493928797157e+01
1.083360432216099412e+01
1.081925654411315918e+01
1.082095303406586595e+01
1.081636346013922356e+01
1.081522474533472256e+01
1.081476838588714529e+01
1.080481829294344287e+01
1.079867664972941022e+01
1.077939259728720067e+01
1.077107039364901375e+01
1.078826052347818987e+01
1.079543391517970896e+01
1.080098050705930035e+01
1.080784491697947125e+01
1.080688643942073845e+01
1.080700679779052820e+01
1.081093861075008533e+01
1.082005168841435427e+01
1.080749302990031779e+01
1.079471060081764477e+01
1.079339644692160860e+01
1.078124502726963563e+01
1.077631926954838271e+01
1.077034779252677055e+01
1.076451052649546547e+01
1.076367330551147461e+01
1.075809874300096780e+01
1.075683619899134413e+01
1.075953999776688796e+01
1.076243031024932861e+01
1.076513507549579352e+01
1.076761573733705468e+01
1.076830361494377541e+01
1.076548746052910310e+01
1.075999123117198053e+01
1.075482848031180261e+01
1.074518037178147090e+01
1.074213182926177979e+01
1.074234731230017204e+01
1.074531713691917645e+01
1.075338797251383482e+01
1.075872679760581541e+01
1.076430194408862562e+01
1.076770442571395492e+01
1.077537338643134390e+01
1.077169941663742136e+01
1.077086539327362402e+01
1.076269537065087256e+01
1.076945588674890075e+01
1.077361732437497110e+01
1.077799699446734216e+01
1.078490710812945785e+01
1.078368321780500771e+01
1.078754361109300142e+01
1.079316428538118799e+01
1.078961683909098390e+01
1.078886472261869045e+01
1.078181258491847849e+01
1.077754375498781947e+01
1.077374661222417274e+01
1.078170107791298271e+01
1.077904868125915527e+01
1.078231235386170006e+01
1.078349083297106681e+01
1.078831293125345248e+01
1.078725177764892607e+01
1.078692344627758004e+01
1.078617544735179301e+01
1.078082701303426560e+01
1.078473408405597311e+01
1.078528503236316460e+01
1.078393654553395464e+01
1.077562726992312925e+01
1.078129158196625959e+01
1.077471908079374785e+01
1.077499256134033168e+01
1.077150252058699387e+01
1.076636678831917848e+01
1.076916949516903976e+01
1.077179878636410315e+01
1.076968735404636490e+01
1.077002519574658557e+01
1.076439087207500833e+01
1.076492706395811894e+01
1.076150085545387647e+01
1.076042851607004813e+01
1.076457216719950516e+01
1.076572363493872508e+01
1.076157898631522336e+01
1.076154965739096347e+01
1.076270439147949176e+01
1.076304333550589476e+01
1.075679328497939302e+01
1.075476207584142685e+01
1.075311614191809362e+01
1.075005803475013089e+01
1.075488369337475092e+01
1.075583198576262589e+01
1.075574544318636505e+01
1.076111660430680494e+01
1.075764122715702698e+01
1.075769336083356009e+01
1.075553779184383174e+01
1.075243419149647650e+01
1.075332570247512898e+01
1.075550621577671606e+01
1.075387542805773222e+01
1.075636205538897450e+01
1.075570948140604521e+01
1.075621247291564941e+01
1.075829469088850310e+01
1.075966806281102883e+01
1.076159691324039436e+01
1.076069174586115729e+01
1.075660299774784434e+01
1.075849998474121172e+01
1.075777039938415136e+01
1.075571535135570400e+01
1.075331259085461966e+01
1.075377624685114064e+01
1.075312235432286379e+01
1.075313735619569400e+01
1.074890606266677828e+01
1.074802154227148066e+01
1.074728461331541496e+01
1.074869294166564870e+01
1.075197423615070669e+01
1.075196164920006225e+01
1.075473947466516833e+01
1.075408325544217725e+01
1.075082229845451565e+01
1.075282673663403621e+01
1.075173442520781109e+01
1.075512170223962727e+01
1.075443034764577632e+01
1.075420329711016443e+01
1.075280366306416546e+01
1.075045004001883520e+01
1.074905070817539432e+01
1.074782209286744639e+01
1.074647714887346517e+01
1.074809556657617726e+01
1.074642868904070703e+01
1.074981528721498591e+01
1.074708839501748514e+01
1.074415426254272532e+01
1.074402409232123823e+01
1.074268960952758789e+01
1.074109673109210839e+01
1.074052925731824715e+01
1.074239759702940233e+01
1.074209710603119206e+01
1.073986755207898192e+01
1.073857418019720811e+01
1.074170148435723782e+01
1.074226586693211694e+01
1.074223664668217992e+01
1.074204480151335339e+01
1.108619308471679688e+01
1.103170680999755859e+01
1.109369182586669922e+01
1.109437513351440430e+01
1.086315078735351491e+01
1.076019382476806641e+01
1.076404040200369749e+01
1.072239589691162109e+01
1.073347409566243549e+01
1.071923160552978516e+01
1.067228542674671488e+01
1.066855804125467877e+01
1.074493136772742652e+01
1.075776304517473569e+01
1.071801134745279960e+01
1.071621906757354736e+01
1.069844717137953793e+01
1.069999016655815893e+01
1.071127550225508784e+01
1.071555809974670481e+01
1.072776076907203269e+01
1.075173690102317181e+01
1.076227528115977350e+01
1.074475951989491840e+01
1.072418880462646484e+01
1.071856458370502096e+01
1.071933198858190472e+01
1.072681219237191286e+01
1.071874315985317949e+01
1.069664297103881800e+01
1.069647432142688359e+01
1.068791276216506958e+01
1.069213453928629498e+01
1.070118901308845061e+01
1.071207842145647327e+01
1.071259737014770508e+01
1.072092432589144373e+01
1.072024174740439939e+01
1.071803227449074747e+01
1.072072520256042516e+01
1.073056453611792627e+01
1.073855295635405049e+01
1.074152715816054204e+01
1.073947813294150677e+01
1.075131214989556128e+01
1.074607341185859966e+01
1.073880449254462022e+01
1.074745422601699829e+01
1.075678965510154228e+01
1.075585971832275334e+01
1.076550315408145764e+01
1.077350231317373463e+01
1.077189880946897027e+01
1.077269739574856189e+01
1.076618511893532570e+01
1.076508547578539243e+01
1.076665821410061952e+01
1.076437650877853969e+01
1.076309960575427027e+01
1.075243948300679442e+01
1.076108097639240135e+01
1.074618018058038516e+01
1.074359802972702838e+01
1.074728342890739441e+01
1.075012790973369903e+01
1.075633572087143364e+01
1.075597105453263502e+01
1.075440929917728283e+01
1.075417676179305282e+01
1.075476908002580956e+01
1.075518418701601675e+01
1.075165922111935046e+01
1.075212161181724291e+01
1.075026809847032716e+01
1.076023977915446039e+01
1.075912095371045574e+01
1.076764313586346589e+01
1.076404422368758773e+01
1.076999579803853102e+01
1.076893440485000575e+01
1.076202358434229645e+01
1.076337531717812190e+01
1.076887662726712591e+01
1.077362789426531187e+01
1.077711593403535772e+01
1.078203930965689672e+01
1.078204354472543969e+01
1.078623876788399372e+01
1.079120567407500886e+01
1.078837549421522368e+01
1.078690895667442895e+01
1.078345015774602444e+01
1.077611817595779264e+01
1.077411321883506012e+01
1.078102573595548996e+01
1.078055415550867657e+01
1.077823926001480004e+01
1.077851805395009599e+01
1.078233514650903579e+01
1.078145792007446246e+01
1.078184592369759365e+01
1.078004630406697650e+01
1.078149710349666179e+01
1.078261857766371534e+01
1.078691254570370717e+01
1.078567746000469896e+01
1.077710483230162986e+01
1.078431158595615003e+01
1.078351557145424877e+01
1.078244610699740313e+01
1.077937267062900339e+01
1.077419149875640869e+01
1.077604923417082894e+01
1.077954362568102376e+01
1.077901540009871795e+01
1.078027616698166469e+01
1.077667138515374567e+01
1.077545733371023395e+01
1.077261136159175514e+01
1.077076018651326450e+01
1.077620971301370467e+01
1.077521803339973872e+01
1.077235352896093268e+01
1.077078428576069413e+01
1.076957528686523524e+01
1.076575189923483222e+01
1.076369421500859325e+01
1.075987885147333145e+01
1.075975179302600004e+01
1.075855099604680021e+01
1.076166974133207610e+01
1.076430694984667191e+01
1.076477688237240393e+01
1.076910259474569287e+01
1.076904845767550967e+01
1.076743745102601935e+01
1.076814538022897594e+01
1.076205916335617374e+01
1.076452302589691001e+01
1.076854258264814135e+01
1.076755468896094747e+01
1.076948977188325252e+01
1.076692877282629546e+01
1.076543751027849005e+01
1.076018255167993942e+01
1.075658907302438472e+01
1.075854510352725057e+01
1.075766466114972175e+01
1.075504578840012471e+01
1.075510625839233469e+01
1.075742795451587419e+01
1.075456350728085120e+01
1.075064498302983296e+01
1.075005056950953097e+01
1.075162790975262972e+01
1.075183043724451259e+01
1.075018217609186877e+01
1.075091333630718715e+01
1.075201850267326265e+01
1.074983667135238719e+01
1.075251107778608350e+01
1.075348931771737604e+01
1.075678934202603720e+01
1.075745423247174593e+01
1.075889496080803198e+01
1.076089091473315129e+01
1.075863709135683699e+01
1.076142446200052838e+01
1.076206217432868506e+01
1.076259387521182731e+01
1.076341216327154093e+01
1.076149190858352966e+01
1.075956422882962116e+01
1.075915861677849428e+01
1.076017590114048517e+01
1.076160459084944243e+01
1.075988554011630427e+01
1.076180720061398688e+01
1.075990818066303945e+01
1.075911450386047363e+01
1.075805381648448211e+01
1.075547723455743387e+01
1.075483550400030452e+01
1.075411496991696580e+01
1.075569482236295116e+01
1.075718672044815527e+01
1.075748755205123786e+01
1.075653356694160578e+01
1.075504007793608174e+01
1.075377300162064387e+01
1.075268552190970439e+01
1.075116170446077923e+01
