1.223345470428466797e+01
1.223310089111328125e+01
1.225906658172607422e+01
1.223312950134277344e+01
1.223307037353515625e+01
1.223336410522460938e+01
1.223308753967285156e+01
1.223298358917236328e+01
1.223299312591552734e+01
1.223300457000732422e+01
1.223273372650146484e+01
1.223292064666748047e+01
1.223528289794921875e+01
1.223295593261718750e+01
1.223293304443359375e+01
1.223300361633300781e+01
1.223287868499755859e+01
1.223288154602050781e+01
1.223292446136474609e+01
1.223289775848388672e+01
1.223291969299316406e+01
1.223285865783691406e+01
1.223278236389160156e+01
1.223287582397460938e+01
1.223280715942382812e+01
1.223288059234619141e+01
1.223277378082275391e+01
1.223295211791992188e+01
1.223283481597900391e+01
1.223285198211669922e+01
1.223282909393310547e+01
1.223289299011230469e+01
1.223305988311767578e+01
1.223279953002929688e+01
1.223270797729492188e+01
1.223282623291015625e+01
1.223278617858886719e+01
1.223277759552001953e+01
1.223268318176269531e+01
1.223256683349609375e+01
1.223273944854736328e+01
1.223258209228515625e+01
1.223267555236816406e+01
1.223221111297607422e+01
1.223268604278564453e+01
1.223266410827636719e+01
1.223263168334960938e+01
1.223211288452148438e+01
1.223218631744384766e+01
1.223255348205566406e+01
1.223211860656738281e+01
1.223187255859375000e+01
1.223149967193603516e+01
1.223222255706787109e+01
1.223016738891601562e+01
1.223177719116210938e+01
1.223238468170166016e+01
1.223111915588378906e+01
1.223170661926269531e+01
1.223121643066406250e+01
1.223081588745117188e+01
1.223101234436035156e+01
1.223031044006347656e+01
1.222737503051757812e+01
1.223109054565429688e+01
1.222958660125732422e+01
1.222934150695800781e+01
1.222936248779296875e+01
1.223036384582519531e+01
1.222658443450927734e+01
1.222859001159667969e+01
1.222053718566894531e+01
1.225706863403320312e+01
1.222668457031250000e+01
1.221930217742919922e+01
1.222688484191894531e+01
1.223553657531738281e+01
1.222536659240722656e+01
1.222511100769042969e+01
1.222062015533447266e+01
1.222230148315429688e+01
1.222146987915039062e+01
1.228501701354980469e+01
1.234177303314208984e+01
1.221669483184814453e+01
1.222008514404296875e+01
1.222125339508056641e+01
1.221119022369384766e+01
1.229346466064453125e+01
1.224948120117187500e+01
1.222026062011718750e+01
1.221923065185546875e+01
1.221838569641113281e+01
1.219784736633300781e+01
1.220972442626953125e+01
1.221191215515136719e+01
1.221253490447998047e+01
1.220498752593994141e+01
1.221402549743652344e+01
1.222627067565917969e+01
1.220780372619628906e+01
1.220628738403320312e+01
1.220462989807128906e+01
1.220622444152832031e+01
1.219432830810546875e+01
1.215182495117187500e+01
1.217038249969482422e+01
1.217994022369384766e+01
1.236859512329101562e+01
1.214666080474853516e+01
1.218630027770996094e+01
1.223151206970214844e+01
1.217876625061035156e+01
1.219068908691406250e+01
1.217182636260986328e+01
1.214824485778808594e+01
1.231882667541503906e+01
1.216278648376464844e+01
1.217161750793457031e+01
1.226824378967285156e+01
1.217225265502929688e+01
1.217259883880615234e+01
1.217794799804687500e+01
1.228488731384277344e+01
1.222744464874267578e+01
1.223909568786621094e+01
1.216031074523925781e+01
1.228409481048583984e+01
1.221435165405273438e+01
1.210693740844726562e+01
1.218556976318359375e+01
1.214081001281738281e+01
1.230220031738281250e+01
1.237499809265136719e+01
1.227219390869140625e+01
1.208770370483398438e+01
1.211803054809570312e+01
1.220366001129150391e+01
1.219623184204101562e+01
1.214327049255371094e+01
1.210159206390380859e+01
1.224988555908203125e+01
1.201414680480957031e+01
1.231985569000244141e+01
1.199573326110839844e+01
1.208110237121582031e+01
1.219348144531250000e+01
1.217084026336669922e+01
1.210096359252929688e+01
1.210788059234619141e+01
1.204463291168212891e+01
1.203367328643798828e+01
1.222875404357910156e+01
1.206019306182861328e+01
1.220326900482177734e+01
1.210154724121093750e+01
1.201687240600585938e+01
1.207012844085693359e+01
1.200166130065917969e+01
1.193084144592285156e+01
1.217034339904785156e+01
1.204141807556152344e+01
1.211033821105957031e+01
1.209790229797363281e+01
1.214462280273437500e+01
1.179292106628417969e+01
1.182335472106933594e+01
1.203809642791748047e+01
1.206593799591064453e+01
1.199537467956542969e+01
1.176756095886230469e+01
1.203506183624267578e+01
1.173937988281250000e+01
1.193733406066894531e+01
1.175421333312988281e+01
1.190751075744628906e+01
1.195833206176757812e+01
1.205717849731445312e+01
1.183539676666259766e+01
1.186453247070312500e+01
1.203427982330322266e+01
1.182688713073730469e+01
1.197345447540283203e+01
1.201052474975585938e+01
1.212912845611572266e+01
1.176906585693359375e+01
1.200393581390380859e+01
1.195931816101074219e+01
1.213326835632324219e+01
1.194590568542480469e+01
1.186563110351562500e+01
1.182885742187500000e+01
1.203928184509277344e+01
1.191464805603027344e+01
1.191016578674316406e+01
1.215179061889648438e+01
1.190370082855224609e+01
1.224918842315673828e+01
1.190710639953613281e+01
1.207380676269531250e+01
1.191221237182617188e+01
1.181941986083984375e+01
1.182235717773437500e+01
1.193038654327392578e+01
1.204142665863037109e+01
1.167679214477539062e+01
1.192809486389160156e+01
1.217305564880371094e+01
1.184478282928466797e+01
1.193257713317871094e+01
1.203774261474609375e+01
1.196475982666015625e+01
1.175802993774414062e+01
1.197312164306640625e+01
1.205005645751953125e+01
1.172236061096191406e+01
1.179719066619873047e+01
1.189786338806152344e+01
1.204631423950195312e+01
1.196981620788574219e+01
1.193014907836914062e+01
1.176581954956054688e+01
1.185231590270996094e+01
1.196257019042968750e+01
1.205958938598632812e+01
1.194977092742919922e+01
1.201208305358886719e+01
1.173135471343994141e+01
1.185603713989257812e+01
1.180971527099609375e+01
1.162165451049804688e+01
1.185171222686767578e+01
1.182550525665283203e+01
1.181253242492675781e+01
1.156566238403320312e+01
1.183808898925781250e+01
1.171186161041259766e+01
1.209732246398925781e+01
1.185297393798828125e+01
1.173468208312988281e+01
1.184823417663574219e+01
1.167909336090087891e+01
1.204906845092773438e+01
1.192870903015136719e+01
1.164383792877197266e+01
1.201755905151367188e+01
1.153658676147460938e+01
1.155959510803222656e+01
1.168900012969970703e+01
1.141100502014160156e+01
1.189477729797363281e+01
1.183333873748779297e+01
1.164154434204101562e+01
1.161281776428222656e+01
1.163858795166015625e+01
1.165730094909667969e+01
1.179854488372802734e+01
1.171078491210937500e+01
1.189716148376464844e+01
1.173148727416992188e+01
1.188250064849853516e+01
1.140269756317138672e+01
1.167361736297607422e+01
1.149041938781738281e+01
1.186427497863769531e+01
1.178948020935058594e+01
1.190645503997802734e+01
1.164994621276855469e+01
1.174560356140136719e+01
1.169341278076171875e+01
1.190368843078613281e+01
1.176711654663085938e+01
1.183545875549316406e+01
1.174132347106933594e+01
1.154845237731933594e+01
1.228763389587402344e+01
1.160562515258789062e+01
1.193674087524414062e+01
1.163856887817382812e+01
1.178851509094238281e+01
1.197266197204589844e+01
1.213907527923583984e+01
1.153303146362304688e+01
1.141073989868164062e+01
1.162638282775878906e+01
1.149383831024169922e+01
1.189838027954101562e+01
1.148381137847900391e+01
1.183956241607666016e+01
1.184661769866943359e+01
1.189876174926757812e+01
1.171339511871337891e+01
1.138069438934326172e+01
1.150666999816894531e+01
1.141706562042236328e+01
1.196709632873535156e+01
1.179536628723144531e+01
1.159276008605957031e+01
1.162028694152832031e+01
1.157635498046875000e+01
1.183845138549804688e+01
1.150235080718994141e+01
1.118604850769042969e+01
1.152966499328613281e+01
1.133755493164062500e+01
1.177980136871337891e+01
1.141633605957031250e+01
1.163498306274414062e+01
1.177837467193603516e+01
1.140594291687011719e+01
1.118998050689697266e+01
1.153456497192382812e+01
1.162982749938964844e+01
1.164833354949951172e+01
1.172533893585205078e+01
1.240105342864990234e+01
1.164293098449707031e+01
1.168250560760498047e+01
1.151569271087646484e+01
1.148383903503417969e+01
1.167256927490234375e+01
1.145535469055175781e+01
1.164313125610351562e+01
1.146207904815673828e+01
1.147089767456054688e+01
1.191100502014160156e+01
1.169494915008544922e+01
1.155842208862304688e+01
1.161946678161621094e+01
1.150422477722167969e+01
1.171180725097656250e+01
1.170902824401855469e+01
1.156905555725097656e+01
1.188219738006591797e+01
1.121206474304199219e+01
1.160546875000000000e+01
1.163163375854492188e+01
1.135859107971191406e+01
1.155906963348388672e+01
1.158550071716308594e+01
1.154959678649902344e+01
1.141452217102050781e+01
1.144388198852539062e+01
1.146347999572753906e+01
1.189942073822021484e+01
1.132914733886718750e+01
1.189680576324462891e+01
1.153431892395019531e+01
1.144380569458007812e+01
1.164298248291015625e+01
1.125840473175048828e+01
1.148128318786621094e+01
1.166517829895019531e+01
1.162268733978271484e+01
1.186744594573974609e+01
1.155731773376464844e+01
1.153303337097167969e+01
1.162856864929199219e+01
1.133962059020996094e+01
1.168778991699218750e+01
1.150866889953613281e+01
1.162696647644042969e+01
1.121371078491210938e+01
1.164114761352539062e+01
1.128948593139648438e+01
1.137548446655273438e+01
1.131850337982177734e+01
1.139154529571533203e+01
1.114366912841796875e+01
1.168424797058105469e+01
1.136113452911376953e+01
1.136781501770019531e+01
1.128477096557617188e+01
1.123570060729980469e+01
1.140828990936279297e+01
1.167583656311035156e+01
1.174221801757812500e+01
1.111334037780761719e+01
1.143441390991210938e+01
1.143645095825195312e+01
1.174525260925292969e+01
1.134959030151367188e+01
1.149917411804199219e+01
1.123269271850585938e+01
1.168636989593505859e+01
1.134801769256591797e+01
1.160157871246337891e+01
1.171816444396972656e+01
1.142377471923828125e+01
1.148594474792480469e+01
1.161584091186523438e+01
1.129587173461914062e+01
1.115840530395507812e+01
1.119734382629394531e+01
1.130165767669677734e+01
1.120261955261230469e+01
1.177445888519287109e+01
1.119251060485839844e+01
1.137967681884765625e+01
1.170415878295898438e+01
1.124341964721679688e+01
1.138367843627929688e+01
1.184060955047607422e+01
1.145495986938476562e+01
1.141914939880371094e+01
1.164344978332519531e+01
1.180951118469238281e+01
1.116106033325195312e+01
1.133911323547363281e+01
1.137072658538818359e+01
1.170909023284912109e+01
1.142500972747802734e+01
1.143062305450439453e+01
1.131110191345214844e+01
1.151907157897949219e+01
1.127438163757324219e+01
1.163228511810302734e+01
1.163026618957519531e+01
1.164546966552734375e+01
1.128317546844482422e+01
1.157667064666748047e+01
1.161647796630859375e+01
1.123270225524902344e+01
1.161005401611328125e+01
1.130770206451416016e+01
1.149055480957031250e+01
1.116276550292968750e+01
1.130941486358642578e+01
1.153915596008300781e+01
1.166617488861083984e+01
1.158147621154785156e+01
1.132572174072265625e+01
1.162501525878906250e+01
1.143272209167480469e+01
1.167768573760986328e+01
1.168089771270751953e+01
1.134759140014648438e+01
1.159088325500488281e+01
1.132985496520996094e+01
1.127649688720703125e+01
1.132221508026123047e+01
1.110107994079589844e+01
1.145610427856445312e+01
1.147058582305908203e+01
1.138416385650634766e+01
1.130453395843505859e+01
1.131760597229003906e+01
1.144471073150634766e+01
1.137754058837890625e+01
1.163190269470214844e+01
1.152821063995361328e+01
1.171588325500488281e+01
1.129174900054931641e+01
1.101253414154052734e+01
1.098928260803222656e+01
1.107042312622070312e+01
1.155653381347656250e+01
1.144923496246337891e+01
1.153415298461914062e+01
1.144759941101074219e+01
1.143916225433349609e+01
1.143372058868408203e+01
1.162696170806884766e+01
1.157289886474609375e+01
1.135198783874511719e+01
1.126799392700195312e+01
1.182187461853027344e+01
1.189432430267333984e+01
1.110505676269531250e+01
1.181815624237060547e+01
1.123001670837402344e+01
1.147764110565185547e+01
1.150246143341064453e+01
1.178813362121582031e+01
1.113236618041992188e+01
1.130559921264648438e+01
1.125283145904541016e+01
1.109055519104003906e+01
1.186307430267333984e+01
1.133797359466552734e+01
1.159638881683349609e+01
1.163448429107666016e+01
1.133591556549072266e+01
1.160225486755371094e+01
1.107294178009033203e+01
1.137252616882324219e+01
1.122758579254150391e+01
1.183946514129638672e+01
1.143222618103027344e+01
1.141558551788330078e+01
1.127400207519531250e+01
1.152538681030273438e+01
1.168832778930664062e+01
1.121260166168212891e+01
1.106672954559326172e+01
1.114120483398437500e+01
1.119976902008056641e+01
1.172412300109863281e+01
1.106813812255859375e+01
1.157191085815429688e+01
1.144798278808593750e+01
1.129812145233154297e+01
1.085192394256591797e+01
1.126308250427246094e+01
1.152704238891601562e+01
1.134388637542724609e+01
1.140359497070312500e+01
1.192923355102539062e+01
1.111067008972167969e+01
1.118513870239257812e+01
1.143000698089599609e+01
1.136792945861816406e+01
1.109826469421386719e+01
1.110363578796386719e+01
1.132435607910156250e+01
1.140935707092285156e+01
1.158396816253662109e+01
1.152653026580810547e+01
1.124141120910644531e+01
1.103619480133056641e+01
1.111837387084960938e+01
1.112312698364257812e+01
1.171311187744140625e+01
1.174159240722656250e+01
1.125513458251953125e+01
1.161315727233886719e+01
1.127573680877685547e+01
1.134715366363525391e+01
1.134222316741943359e+01
1.115292072296142578e+01
1.126744079589843750e+01
1.120045375823974609e+01
1.136507511138916016e+01
1.110684299468994141e+01
1.123794746398925781e+01
1.140362930297851562e+01
1.120175266265869141e+01
1.122528839111328125e+01
1.179053115844726562e+01
1.123656368255615234e+01
1.132108688354492188e+01
1.135736083984375000e+01
1.125229263305664062e+01
1.122742462158203125e+01
1.156531143188476562e+01
1.111652755737304688e+01
1.165967369079589844e+01
1.146270179748535156e+01
1.110763359069824219e+01
1.133601760864257812e+01
1.100782966613769531e+01
1.179073619842529297e+01
1.146251296997070312e+01
1.137290954589843750e+01
1.094425106048583984e+01
1.138684654235839844e+01
1.113171005249023438e+01
1.116293907165527344e+01
1.092035484313964844e+01
1.101917171478271484e+01
1.085151672363281250e+01
1.134766101837158203e+01
1.098359107971191406e+01
1.101848030090332031e+01
1.101041221618652344e+01
1.096195983886718750e+01
1.111072540283203125e+01
1.151780891418457031e+01
1.151903724670410156e+01
1.121459579467773438e+01
1.128143215179443359e+01
1.101375865936279297e+01
1.130393981933593750e+01
1.119473171234130859e+01
1.123395347595214844e+01
1.114509868621826172e+01
1.146263122558593750e+01
1.133815193176269531e+01
1.147895240783691406e+01
1.156484413146972656e+01
1.087903690338134766e+01
1.134459495544433594e+01
1.146936416625976562e+01
1.128034305572509766e+01
1.106821823120117188e+01
1.133673858642578125e+01
1.121632003784179688e+01
1.111864757537841797e+01
1.139470577239990234e+01
1.097389030456542969e+01
1.110495758056640625e+01
1.143666076660156250e+01
1.119696617126464844e+01
1.137465381622314453e+01
1.118394851684570312e+01
1.135637474060058594e+01
1.144396591186523438e+01
1.152881431579589844e+01
1.136928558349609375e+01
1.089944744110107422e+01
1.100201034545898438e+01
1.099213600158691406e+01
1.129350662231445312e+01
1.114575767517089844e+01
1.125496196746826172e+01
1.118662261962890625e+01
1.142762374877929688e+01
1.101627731323242188e+01
1.177761459350585938e+01
1.157987022399902344e+01
1.165099906921386719e+01
1.122462081909179688e+01
1.149848461151123047e+01
1.126558685302734375e+01
1.131400871276855469e+01
1.133785820007324219e+01
1.122985649108886719e+01
1.144857501983642578e+01
1.073313999176025391e+01
1.109701919555664062e+01
1.149320602416992188e+01
1.154555702209472656e+01
1.122965335845947266e+01
1.135056877136230469e+01
1.137170982360839844e+01
1.112825584411621094e+01
1.169880199432373047e+01
1.166201210021972656e+01
1.114606666564941406e+01
1.148447990417480469e+01
1.120293617248535156e+01
1.104198646545410156e+01
1.107892227172851562e+01
1.093766784667968750e+01
1.122646903991699219e+01
1.125358390808105469e+01
1.116310214996337891e+01
1.111052989959716797e+01
1.116250991821289062e+01
1.138020133972167969e+01
1.117840003967285156e+01
1.153429985046386719e+01
1.121751499176025391e+01
1.123357486724853516e+01
1.114227676391601562e+01
1.100011825561523438e+01
1.089974212646484375e+01
1.116755676269531250e+01
1.105393600463867188e+01
1.135685729980468750e+01
1.153922080993652344e+01
1.086943244934082031e+01
1.159749984741210938e+01
1.143499851226806641e+01
1.140743732452392578e+01
1.092831802368164062e+01
1.111764240264892578e+01
1.078174591064453125e+01
1.130871772766113281e+01
1.161918640136718750e+01
1.098096656799316406e+01
1.168484973907470703e+01
1.119788837432861328e+01
1.153508377075195312e+01
1.137322998046875000e+01
1.200412845611572266e+01
1.118085479736328125e+01
1.083734416961669922e+01
1.146311664581298828e+01
1.105025672912597656e+01
1.167565917968750000e+01
1.116064262390136719e+01
1.106579208374023438e+01
1.150397205352783203e+01
1.173399162292480469e+01
1.141220092773437500e+01
1.113557529449462891e+01
1.112183570861816406e+01
1.110102462768554688e+01
1.176273822784423828e+01
1.137475872039794922e+01
1.092654037475585938e+01
1.083178710937500000e+01
1.158272075653076172e+01
1.135725021362304688e+01
1.121397018432617188e+01
1.097031784057617188e+01
1.048954010009765625e+01
1.129123973846435547e+01
1.152044105529785156e+01
1.113169670104980469e+01
1.145080566406250000e+01
1.115596580505371094e+01
1.116649913787841797e+01
1.082582187652587891e+01
1.132408809661865234e+01
1.152634620666503906e+01
1.137960433959960938e+01
1.127106666564941406e+01
1.136891174316406250e+01
1.087667083740234375e+01
1.113315200805664062e+01
1.117260646820068359e+01
1.082326698303222656e+01
1.124561405181884766e+01
1.121481704711914062e+01
1.101209354400634766e+01
1.115509223937988281e+01
1.154491424560546875e+01
1.152200508117675781e+01
1.118946075439453125e+01
1.086697196960449219e+01
1.100914478302001953e+01
1.116849708557128906e+01
1.158845710754394531e+01
1.170048141479492188e+01
1.129893589019775391e+01
1.150774955749511719e+01
1.088719654083251953e+01
1.115132522583007812e+01
1.101505088806152344e+01
1.078806686401367188e+01
1.076153564453125000e+01
1.074135875701904297e+01
1.112933063507080078e+01
1.101559066772460938e+01
1.120206832885742188e+01
1.113565158843994141e+01
1.082204532623291016e+01
1.095615196228027344e+01
1.139021205902099609e+01
1.113477134704589844e+01
1.092900466918945312e+01
1.103537559509277344e+01
1.118023681640625000e+01
1.123023033142089844e+01
1.141698074340820312e+01
1.088158607482910156e+01
1.162660026550292969e+01
1.110690021514892578e+01
1.117229270935058594e+01
1.135561847686767578e+01
1.069480514526367188e+01
1.148325538635253906e+01
1.114977645874023438e+01
1.109550380706787109e+01
1.096693038940429688e+01
1.098492050170898438e+01
1.083982658386230469e+01
1.117198371887207031e+01
1.114249801635742188e+01
1.097258472442626953e+01
1.083249473571777344e+01
1.130713558197021484e+01
1.075829887390136719e+01
1.097249794006347656e+01
1.113882064819335938e+01
1.115968704223632812e+01
1.088565254211425781e+01
1.106025695800781250e+01
1.136830139160156250e+01
1.086005115509033203e+01
1.081179237365722656e+01
1.098464584350585938e+01
1.160353183746337891e+01
1.126194477081298828e+01
1.087167358398437500e+01
1.127595710754394531e+01
1.123851585388183594e+01
1.123079013824462891e+01
1.160627937316894531e+01
1.120977020263671875e+01
1.090375423431396484e+01
1.119995117187500000e+01
1.147155570983886719e+01
1.114979839324951172e+01
1.077706813812255859e+01
1.110149383544921875e+01
1.097248840332031250e+01
1.117807006835937500e+01
1.156940078735351562e+01
1.082102584838867188e+01
1.130483436584472656e+01
1.113871479034423828e+01
1.095694732666015625e+01
1.115124893188476562e+01
1.117224121093750000e+01
1.113819313049316406e+01
1.105875205993652344e+01
1.117774677276611328e+01
1.162799549102783203e+01
1.102350997924804688e+01
1.069631576538085938e+01
1.078537750244140625e+01
1.115439987182617188e+01
1.116911125183105469e+01
1.109198093414306641e+01
1.096860980987548828e+01
1.092085075378417969e+01
1.102066612243652344e+01
1.152470397949218750e+01
1.131444931030273438e+01
1.118373298645019531e+01
1.075766563415527344e+01
1.124652957916259766e+01
1.121681118011474609e+01
1.085913658142089844e+01
1.115747070312500000e+01
1.089225864410400391e+01
1.119892024993896484e+01
1.072018623352050781e+01
1.070507240295410156e+01
1.143843078613281250e+01
1.166031074523925781e+01
1.124567985534667969e+01
1.138519477844238281e+01
1.103981781005859375e+01
1.081918525695800781e+01
1.151441955566406250e+01
1.135705947875976562e+01
1.107343769073486328e+01
1.149116706848144531e+01
1.098391723632812500e+01
1.046759319305419922e+01
1.103011322021484375e+01
1.077633190155029297e+01
1.123040008544921875e+01
1.115748500823974609e+01
1.107379531860351562e+01
1.059899520874023438e+01
1.113411903381347656e+01
1.092846012115478516e+01
1.107057666778564453e+01
1.119301605224609375e+01
1.095923614501953125e+01
1.107749557495117188e+01
1.086523437500000000e+01
1.057263183593750000e+01
1.082915115356445312e+01
1.092761135101318359e+01
1.098902606964111328e+01
1.126674270629882812e+01
1.188127708435058594e+01
1.093701171875000000e+01
1.115324401855468750e+01
1.114104080200195312e+01
1.137452983856201172e+01
1.100641822814941406e+01
1.102214431762695312e+01
1.077481079101562500e+01
1.153659152984619141e+01
1.170658493041992188e+01
1.105191421508789062e+01
1.145884227752685547e+01
1.108256340026855469e+01
1.123762893676757812e+01
1.101215553283691406e+01
1.150520610809326172e+01
1.074415493011474609e+01
1.092013263702392578e+01
1.127311706542968750e+01
1.099611377716064453e+01
1.169866752624511719e+01
1.071302795410156250e+01
1.112823867797851562e+01
1.108494853973388672e+01
1.150364494323730469e+01
1.119628810882568359e+01
1.075237560272216797e+01
1.062445640563964844e+01
1.093108367919921875e+01
1.117655181884765625e+01
1.127838516235351562e+01
1.109808921813964844e+01
1.089109992980957031e+01
1.141273880004882812e+01
1.106982707977294922e+01
1.109988117218017578e+01
1.066346263885498047e+01
1.051811027526855469e+01
1.098730659484863281e+01
1.142049980163574219e+01
1.095780181884765625e+01
1.122756958007812500e+01
1.089642715454101562e+01
1.068919754028320312e+01
1.099005126953125000e+01
1.087809371948242188e+01
1.149314308166503906e+01
1.102445793151855469e+01
1.098008155822753906e+01
1.095058250427246094e+01
1.094543170928955078e+01
1.062434768676757812e+01
1.097554206848144531e+01
1.060861015319824219e+01
1.080066394805908203e+01
1.104631042480468750e+01
1.112325096130371094e+01
1.104031181335449219e+01
1.137903022766113281e+01
1.144088649749755859e+01
1.083985137939453125e+01
1.066522979736328125e+01
1.119208908081054688e+01
1.111725902557373047e+01
1.185636329650878906e+01
1.132453727722167969e+01
1.096711254119873047e+01
1.118370723724365234e+01
1.093931388854980469e+01
1.099868679046630859e+01
1.089532089233398438e+01
1.084706211090087891e+01
1.115002059936523438e+01
1.051628017425537109e+01
1.102615642547607422e+01
1.077515792846679688e+01
1.122014808654785156e+01
1.086720085144042969e+01
1.085537433624267578e+01
1.088384628295898438e+01
1.148332023620605469e+01
1.125776576995849609e+01
1.078453540802001953e+01
1.114908790588378906e+01
1.045982360839843750e+01
1.094641494750976562e+01
1.127735900878906250e+01
1.096909999847412109e+01
1.157417869567871094e+01
1.110276985168457031e+01
1.099940395355224609e+01
1.132926750183105469e+01
1.065519618988037109e+01
1.143035507202148438e+01
1.100846862792968750e+01
1.091662120819091797e+01
1.073906326293945312e+01
1.094246101379394531e+01
1.075671768188476562e+01
1.082923126220703125e+01
1.087479400634765625e+01
1.064816474914550781e+01
1.091202735900878906e+01
1.092420482635498047e+01
1.077866172790527344e+01
1.103513813018798828e+01
1.096025848388671875e+01
1.104122543334960938e+01
1.074086761474609375e+01
1.095049285888671875e+01
1.106905746459960938e+01
1.083006095886230469e+01
1.083896636962890625e+01
1.098435020446777344e+01
1.151637458801269531e+01
1.090235900878906250e+01
1.095842647552490234e+01
1.073399925231933594e+01
1.136091327667236328e+01
1.119559669494628906e+01
1.141693401336669922e+01
1.138068008422851562e+01
1.088203239440917969e+01
1.131706809997558594e+01
1.134115982055664062e+01
1.100016784667968750e+01
1.082653236389160156e+01
1.089871215820312500e+01
1.069578742980957031e+01
1.085509109497070312e+01
1.117450141906738281e+01
1.080825424194335938e+01
1.119744491577148438e+01
1.102197265625000000e+01
1.072900867462158203e+01
1.111766052246093750e+01
1.155251789093017578e+01
1.128556632995605469e+01
1.086556434631347656e+01
1.118384456634521484e+01
1.136708831787109375e+01
1.050869178771972656e+01
1.078009700775146484e+01
1.059503746032714844e+01
1.092223262786865234e+01
1.072368049621582031e+01
1.063295364379882812e+01
1.084912109375000000e+01
1.088515758514404297e+01
1.057068824768066406e+01
1.121266841888427734e+01
1.071570110321044922e+01
1.115967082977294922e+01
1.108699798583984375e+01
1.123715591430664062e+01
1.068386554718017578e+01
1.101283550262451172e+01
1.087716960906982422e+01
1.042365932464599609e+01
1.105015182495117188e+01
1.079768943786621094e+01
1.081627845764160156e+01
1.127294158935546875e+01
1.111107826232910156e+01
1.097758579254150391e+01
1.083093166351318359e+01
1.133474445343017578e+01
1.078194808959960938e+01
1.121827602386474609e+01
1.128663158416748047e+01
1.095182228088378906e+01
1.140217018127441406e+01
1.110884857177734375e+01
1.044314765930175781e+01
1.073759841918945312e+01
1.081355571746826172e+01
1.098374557495117188e+01
1.076529216766357422e+01
1.082994651794433594e+01
1.073449802398681641e+01
1.085836029052734375e+01
1.113113403320312500e+01
1.124238777160644531e+01
1.109494018554687500e+01
1.100070571899414062e+01
1.104754447937011719e+01
1.074541854858398438e+01
1.058555507659912109e+01
1.055027961730957031e+01
1.101927375793457031e+01
1.097047996520996094e+01
1.138283443450927734e+01
1.153602600097656250e+01
1.101547813415527344e+01
1.138906860351562500e+01
1.104326820373535156e+01
1.119206428527832031e+01
1.057658958435058594e+01
1.046065330505371094e+01
1.031846618652343750e+01
1.119836616516113281e+01
1.082926177978515625e+01
1.078103733062744141e+01
1.155802726745605469e+01
1.073454856872558594e+01
1.105750656127929688e+01
1.098142623901367188e+01
1.143094635009765625e+01
1.116606235504150391e+01
1.079336452484130859e+01
1.092044830322265625e+01
1.053040504455566406e+01
1.174434471130371094e+01
1.085792732238769531e+01
1.081380271911621094e+01
1.092119884490966797e+01
1.124519157409667969e+01
1.110641956329345703e+01
1.076670074462890625e+01
1.088879203796386719e+01
1.103880119323730469e+01
1.158155727386474609e+01
1.125059795379638672e+01
1.100609397888183594e+01
1.065655040740966797e+01
1.103196334838867188e+01
1.111740303039550781e+01
1.101643466949462891e+01
1.086885356903076172e+01
1.067282104492187500e+01
1.100058555603027344e+01
1.135906124114990234e+01
1.102624702453613281e+01
1.118348503112792969e+01
1.073622703552246094e+01
1.084324932098388672e+01
1.031976318359375000e+01
1.100249290466308594e+01
1.130717086791992188e+01
1.070968055725097656e+01
1.090104961395263672e+01
1.102536964416503906e+01
1.081301498413085938e+01
1.088726043701171875e+01
1.088125801086425781e+01
1.076753616333007812e+01
1.074134826660156250e+01
1.086327171325683594e+01
1.090165042877197266e+01
1.115251731872558594e+01
1.147538089752197266e+01
1.156923961639404297e+01
1.111063098907470703e+01
1.075670242309570312e+01
1.088563346862792969e+01
1.078494834899902344e+01
1.150023651123046875e+01
1.119928073883056641e+01
1.108972358703613281e+01
1.115760421752929688e+01
1.073225402832031250e+01
1.117436981201171875e+01
1.119959259033203125e+01
1.059949874877929688e+01
1.080506324768066406e+01
1.082114791870117188e+01
1.085087871551513672e+01
1.051270866394042969e+01
1.103083419799804688e+01
1.067283630371093750e+01
1.070855712890625000e+01
1.073320579528808594e+01
1.163223266601562500e+01
1.061351680755615234e+01
1.049388313293457031e+01
1.100988006591796875e+01
1.094912433624267578e+01
1.085225486755371094e+01
1.160791397094726562e+01
1.097030544281005859e+01
1.148070144653320312e+01
1.097075939178466797e+01
1.092063045501708984e+01
1.111166667938232422e+01
1.092831230163574219e+01
1.176814651489257812e+01
1.096283340454101562e+01
1.111017036437988281e+01
1.075825691223144531e+01
1.086236572265625000e+01
1.068776226043701172e+01
1.102564334869384766e+01
1.077825832366943359e+01
1.092962169647216797e+01
1.062877178192138672e+01
1.107798862457275391e+01
1.044894409179687500e+01
1.097115707397460938e+01
1.082434558868408203e+01
1.088571262359619141e+01
1.091886329650878906e+01
1.105605220794677734e+01
1.119086837768554688e+01
1.083631706237792969e+01
1.099762153625488281e+01
1.089525222778320312e+01
1.094564628601074219e+01
1.119719696044921875e+01
1.095992946624755859e+01
1.102744102478027344e+01
1.118551445007324219e+01
1.081963348388671875e+01
1.153349494934082031e+01
1.081045341491699219e+01
1.061032676696777344e+01
1.117150211334228516e+01
1.149164962768554688e+01
1.053788280487060547e+01
1.079081821441650391e+01
1.097936439514160156e+01
1.092598342895507812e+01
1.064871978759765625e+01
1.113780784606933594e+01
1.093580436706542969e+01
1.061451625823974609e+01
1.089349937438964844e+01
1.061379909515380859e+01
1.096657562255859375e+01
1.139529418945312500e+01
1.111325740814208984e+01
1.084769821166992188e+01
1.121291065216064453e+01
1.146145439147949219e+01
1.068080329895019531e+01
1.061081123352050781e+01
1.059225559234619141e+01
1.096352195739746094e+01
1.082124328613281250e+01
1.054421615600585938e+01
1.035055828094482422e+01
1.106033802032470703e+01
1.068013000488281250e+01
1.115290737152099609e+01
1.108070564270019531e+01
1.113541221618652344e+01
1.079042148590087891e+01
1.113117027282714844e+01
1.103346061706542969e+01
1.062919616699218750e+01
1.142229652404785156e+01
1.046840286254882812e+01
1.115857887268066406e+01
1.084260368347167969e+01
1.062460327148437500e+01
1.135818672180175781e+01
1.122008514404296875e+01
1.110285758972167969e+01
1.108917045593261719e+01
1.124664783477783203e+01
1.059124755859375000e+01
1.127023601531982422e+01
1.129621219635009766e+01
1.066863059997558594e+01
1.141476821899414062e+01
1.099205207824707031e+01
1.046854591369628906e+01
1.079871940612792969e+01
1.085269165039062500e+01
1.123179626464843750e+01
1.116360664367675781e+01
1.091536521911621094e+01
1.086240768432617188e+01
1.105470848083496094e+01
1.098798561096191406e+01
1.089183616638183594e+01
1.141917800903320312e+01
1.086720561981201172e+01
1.079759025573730469e+01
1.064167785644531250e+01
1.033661079406738281e+01
1.089445304870605469e+01
1.093896865844726562e+01
1.071948623657226562e+01
1.084585189819335938e+01
1.121165275573730469e+01
1.108145618438720703e+01
1.096666812896728516e+01
1.114815521240234375e+01
1.120995998382568359e+01
1.102168083190917969e+01
1.047395324707031250e+01
1.052975845336914062e+01
1.111138153076171875e+01
1.097143840789794922e+01
1.100878810882568359e+01
1.129454040527343750e+01
1.088436794281005859e+01
1.124530410766601562e+01
1.115755081176757812e+01
1.134511566162109375e+01
1.115829753875732422e+01
1.058801364898681641e+01
1.065305233001708984e+01
1.045275306701660156e+01
1.164965820312500000e+01
1.064175224304199219e+01
1.061518859863281250e+01
1.143030738830566406e+01
1.113519954681396484e+01
1.105930995941162109e+01
1.068968105316162109e+01
1.072517013549804688e+01
1.106475925445556641e+01
1.150330352783203125e+01
1.113574409484863281e+01
1.046528244018554688e+01
1.096371364593505859e+01
1.125784111022949219e+01
1.092749023437500000e+01
1.076400566101074219e+01
1.081491279602050781e+01
1.031215763092041016e+01
1.098433399200439453e+01
1.109814929962158203e+01
1.054633522033691406e+01
1.111604595184326172e+01
1.092192459106445312e+01
1.064535617828369141e+01
1.074707984924316406e+01
1.066976356506347656e+01
1.144789314270019531e+01
1.102950286865234375e+01
1.075082874298095703e+01
1.095406150817871094e+01
1.078618621826171875e+01
1.089927101135253906e+01
1.056541633605957031e+01
1.079644775390625000e+01
1.099319267272949219e+01
1.087622451782226562e+01
1.075079441070556641e+01
1.064226531982421875e+01
1.137182807922363281e+01
1.142696571350097656e+01
1.076736259460449219e+01
1.051580238342285156e+01
1.075580215454101562e+01
1.107266426086425781e+01
1.148744201660156250e+01
1.147380447387695312e+01
1.074855422973632812e+01
1.122038936614990234e+01
1.036537551879882812e+01
1.105215263366699219e+01
1.108917999267578125e+01
1.043798446655273438e+01
1.078315734863281250e+01
1.038867568969726562e+01
1.071930599212646484e+01
1.022638511657714844e+01
1.082989883422851562e+01
1.053273296356201172e+01
1.071383857727050781e+01
1.061896514892578125e+01
1.117395687103271484e+01
1.084486961364746094e+01
1.072302722930908203e+01
1.080311203002929688e+01
1.110047149658203125e+01
1.103219795227050781e+01
1.156205177307128906e+01
1.097696971893310547e+01
1.139582920074462891e+01
1.095596885681152344e+01
1.078135299682617188e+01
1.109005165100097656e+01
1.091015243530273438e+01
1.179223060607910156e+01
1.082334518432617188e+01
1.080405426025390625e+01
1.077072620391845703e+01
1.052552223205566406e+01
1.076959037780761719e+01
1.116058731079101562e+01
1.087472820281982422e+01
1.087225627899169922e+01
1.088428115844726562e+01
1.112607383728027344e+01
1.064318656921386719e+01
1.091300010681152344e+01
1.084551525115966797e+01
1.087021446228027344e+01
1.070993614196777344e+01
1.112369441986083984e+01
1.088789176940917969e+01
1.031113433837890625e+01
1.094394111633300781e+01
1.104137611389160156e+01
1.144528102874755859e+01
1.093652629852294922e+01
1.098785591125488281e+01
1.078991317749023438e+01
1.118527412414550781e+01
1.106209182739257812e+01
1.163875484466552734e+01
1.119199371337890625e+01
1.055497264862060547e+01
1.105572509765625000e+01
1.116697120666503906e+01
1.082553958892822266e+01
1.083711433410644531e+01
1.041179656982421875e+01
1.040078639984130859e+01
1.094767761230468750e+01
1.136782646179199219e+01
1.059420013427734375e+01
1.096559524536132812e+01
1.103229999542236328e+01
1.068590450286865234e+01
1.054198169708251953e+01
1.080890941619873047e+01
1.086687564849853516e+01
1.082142257690429688e+01
1.116423034667968750e+01
1.150592041015625000e+01
1.079330444335937500e+01
1.062785530090332031e+01
1.074780464172363281e+01
1.094360065460205078e+01
1.061069869995117188e+01
1.083417510986328125e+01
1.062685966491699219e+01
1.128744125366210938e+01
1.052085685729980469e+01
1.113890266418457031e+01
1.110250854492187500e+01
1.128731632232666016e+01
1.087557983398437500e+01
1.161278152465820312e+01
1.090804862976074219e+01
1.092699050903320312e+01
1.143631362915039062e+01
1.100564098358154297e+01
1.069211769104003906e+01
1.073999309539794922e+01
1.053032398223876953e+01
1.138100433349609375e+01
1.137996864318847656e+01
1.123083877563476562e+01
1.107344913482666016e+01
1.110376548767089844e+01
1.091316127777099609e+01
1.115386295318603516e+01
1.146630382537841797e+01
1.092088317871093750e+01
1.117981719970703125e+01
1.097742271423339844e+01
1.059992980957031250e+01
1.062618446350097656e+01
1.083847236633300781e+01
1.056630706787109375e+01
1.089758586883544922e+01
1.093955421447753906e+01
1.027927589416503906e+01
1.099341106414794922e+01
1.106698226928710938e+01
1.092432785034179688e+01
1.113796424865722656e+01
1.118846130371093750e+01
1.080458545684814453e+01
1.097558403015136719e+01
1.045039939880371094e+01
1.090941333770751953e+01
1.094988822937011719e+01
1.090264225006103516e+01
1.120887184143066406e+01
1.174697780609130859e+01
1.084949874877929688e+01
1.146670436859130859e+01
1.112972068786621094e+01
1.109457206726074219e+01
1.042261695861816406e+01
1.080371856689453125e+01
1.063787460327148438e+01
1.079732036590576172e+01
1.132286262512207031e+01
1.053027725219726562e+01
1.164784717559814453e+01
1.104560756683349609e+01
1.109186172485351562e+01
1.086238670349121094e+01
1.134070777893066406e+01
1.083232498168945312e+01
1.073081111907958984e+01
1.103477191925048828e+01
1.074134349822998047e+01
1.149258518218994141e+01
1.086492729187011719e+01
1.053323554992675781e+01
1.136661624908447266e+01
1.159520721435546875e+01
1.107213783264160156e+01
1.073530769348144531e+01
1.086529541015625000e+01
1.077551651000976562e+01
1.137898349761962891e+01
1.155969905853271484e+01
1.040128898620605469e+01
1.065469360351562500e+01
1.151101875305175781e+01
1.094081878662109375e+01
1.086889648437500000e+01
1.062450981140136719e+01
1.020144939422607422e+01
1.088486194610595703e+01
1.118249893188476562e+01
1.052730369567871094e+01
1.135018539428710938e+01
1.056045150756835938e+01
1.089032554626464844e+01
1.061041736602783203e+01
1.057978153228759766e+01
1.120254039764404297e+01
1.090087318420410156e+01
1.097089385986328125e+01
1.093890571594238281e+01
1.083713150024414062e+01
1.087309074401855469e+01
1.069375801086425781e+01
1.098534965515136719e+01
1.107232475280761719e+01
1.097497367858886719e+01
1.128370857238769531e+01
1.113002586364746094e+01
1.128757858276367188e+01
1.108415412902832031e+01
1.103820133209228516e+01
1.105932044982910156e+01
1.101548004150390625e+01
1.115117645263671875e+01
1.151444244384765625e+01
1.145540618896484375e+01
1.066346740722656250e+01
1.134359931945800781e+01
1.089712047576904297e+01
1.113764381408691406e+01
1.104814338684082031e+01
1.065224361419677734e+01
1.102641868591308594e+01
1.022930335998535156e+01
1.105880355834960938e+01
1.063807582855224609e+01
1.044194984436035156e+01
1.047237014770507812e+01
1.075139808654785156e+01
1.090217971801757812e+01
1.149112319946289062e+01
1.077534484863281250e+01
1.074264907836914062e+01
1.083581542968750000e+01
1.068433761596679688e+01
1.055909156799316406e+01
1.136915588378906250e+01
1.061030006408691406e+01
1.138105678558349609e+01
1.084659767150878906e+01
1.096877670288085938e+01
1.125144004821777344e+01
1.057820510864257812e+01
1.149914741516113281e+01
1.092907524108886719e+01
1.091210842132568359e+01
1.080764770507812500e+01
1.074009037017822266e+01
1.093622207641601562e+01
1.097348594665527344e+01
1.048441123962402344e+01
1.108749961853027344e+01
1.081671237945556641e+01
1.115342426300048828e+01
1.049679183959960938e+01
1.035041809082031250e+01
1.075613021850585938e+01
1.088162231445312500e+01
1.084421157836914062e+01
1.083913421630859375e+01
1.132054615020751953e+01
1.088272476196289062e+01
1.073806953430175781e+01
1.081392860412597656e+01
1.128313827514648438e+01
1.087740707397460938e+01
1.107210159301757812e+01
1.058306121826171875e+01
1.100489425659179688e+01
1.039625644683837891e+01
1.134752750396728516e+01
1.130016231536865234e+01
1.052562522888183594e+01
1.087302589416503906e+01
1.124341297149658203e+01
1.065961074829101562e+01
1.101557540893554688e+01
1.058810997009277344e+01
1.027700424194335938e+01
1.095867156982421875e+01
1.147834205627441406e+01
1.085754394531250000e+01
1.089300727844238281e+01
1.120379543304443359e+01
1.055433750152587891e+01
1.096990203857421875e+01
1.136125469207763672e+01
1.124859237670898438e+01
1.094073867797851562e+01
1.030835723876953125e+01
1.141214561462402344e+01
1.028566455841064453e+01
1.033244705200195312e+01
1.044667816162109375e+01
1.085004615783691406e+01
1.070528793334960938e+01
1.108409214019775391e+01
1.041781711578369141e+01
1.061516952514648438e+01
1.085394287109375000e+01
1.133621788024902344e+01
1.063184738159179688e+01
1.129161262512207031e+01
1.074931621551513672e+01
1.133326530456542969e+01
1.104140472412109375e+01
1.064868927001953125e+01
1.121509838104248047e+01
1.021762180328369141e+01
1.084539127349853516e+01
1.069117355346679688e+01
1.095247268676757812e+01
1.128519439697265625e+01
1.099193572998046875e+01
1.106457614898681641e+01
1.121523857116699219e+01
1.114909076690673828e+01
1.093810939788818359e+01
1.137515163421630859e+01
1.118379116058349609e+01
1.083504295349121094e+01
1.098911380767822266e+01
1.064808273315429688e+01
1.060059642791748047e+01
1.067098426818847656e+01
1.089038467407226562e+01
1.078178215026855469e+01
1.098549842834472656e+01
1.139494895935058594e+01
1.038223266601562500e+01
1.055745220184326172e+01
1.102549076080322266e+01
1.082915306091308594e+01
1.119242191314697266e+01
1.112143611907958984e+01
1.117443275451660156e+01
1.044902324676513672e+01
1.040778732299804688e+01
1.083820724487304688e+01
1.110423469543457031e+01
1.084810829162597656e+01
1.053166389465332031e+01
1.145084762573242188e+01
1.066453552246093750e+01
1.090671730041503906e+01
1.110017395019531250e+01
1.156347656250000000e+01
1.080670928955078125e+01
1.063014030456542969e+01
1.018278121948242188e+01
1.138095283508300781e+01
1.116271781921386719e+01
1.082914638519287109e+01
1.135528278350830078e+01
1.100707817077636719e+01
1.099520015716552734e+01
1.079475212097167969e+01
1.110915088653564453e+01
1.069577026367187500e+01
1.072989273071289062e+01
1.059821605682373047e+01
1.033872699737548828e+01
1.156217193603515625e+01
1.094563865661621094e+01
1.089051818847656250e+01
1.099380493164062500e+01
1.153281116485595703e+01
1.098726272583007812e+01
1.105877685546875000e+01
1.069639587402343750e+01
1.081031513214111328e+01
1.158101558685302734e+01
1.116855812072753906e+01
1.079388046264648438e+01
1.078076744079589844e+01
1.122417068481445312e+01
1.087068176269531250e+01
1.028193759918212891e+01
1.057443618774414062e+01
1.042207431793212891e+01
1.108595275878906250e+01
1.102379608154296875e+01
1.082767391204833984e+01
1.031177902221679688e+01
1.063758850097656250e+01
1.125864791870117188e+01
1.061472225189208984e+01
1.096502494812011719e+01
1.108533763885498047e+01
1.089296436309814453e+01
1.066305446624755859e+01
1.110984706878662109e+01
1.052885627746582031e+01
1.073781394958496094e+01
1.020654773712158203e+01
1.078366851806640625e+01
1.029443550109863281e+01
1.071001529693603516e+01
1.121525001525878906e+01
1.095807361602783203e+01
1.082432079315185547e+01
1.128915405273437500e+01
1.076604652404785156e+01
1.081413269042968750e+01
1.056567192077636719e+01
1.105996322631835938e+01
1.122776031494140625e+01
1.116716957092285156e+01
1.086159133911132812e+01
1.129589271545410156e+01
1.022514915466308594e+01
1.101348114013671875e+01
1.075240707397460938e+01
1.075697326660156250e+01
1.068197345733642578e+01
1.060770130157470703e+01
1.087075614929199219e+01
1.061044120788574219e+01
1.111071395874023438e+01
1.060651969909667969e+01
1.060069656372070312e+01
1.051674270629882812e+01
1.108201313018798828e+01
1.073229408264160156e+01
1.076768302917480469e+01
1.090603637695312500e+01
1.073577976226806641e+01
1.031362152099609375e+01
1.142144775390625000e+01
1.078273200988769531e+01
1.145273208618164062e+01
1.093785476684570312e+01
1.059132957458496094e+01
1.098431873321533203e+01
1.019886779785156250e+01
1.175177955627441406e+01
1.104510784149169922e+01
1.083983802795410156e+01
1.076577949523925781e+01
1.076623153686523438e+01
1.078690624237060547e+01
1.080089473724365234e+01
1.052137851715087891e+01
1.072487354278564453e+01
1.083716011047363281e+01
1.116348457336425781e+01
1.026492500305175781e+01
1.045060634613037109e+01
1.082295989990234375e+01
1.084757995605468750e+01
1.070463562011718750e+01
1.051844406127929688e+01
1.119125652313232422e+01
1.047884845733642578e+01
1.051102447509765625e+01
1.064706134796142578e+01
1.143018531799316406e+01
1.053258132934570312e+01
1.066001033782958984e+01
1.066607475280761719e+01
1.101503658294677734e+01
1.062528228759765625e+01
1.120534706115722656e+01
1.134552383422851562e+01
1.063409423828125000e+01
1.047135162353515625e+01
1.149163436889648438e+01
1.060871505737304688e+01
1.109331989288330078e+01
1.082143402099609375e+01
1.022030067443847656e+01
1.089209175109863281e+01
1.140161895751953125e+01
1.086941146850585938e+01
1.057884788513183594e+01
1.091496086120605469e+01
1.047357654571533203e+01
1.112111663818359375e+01
1.077156448364257812e+01
1.084540557861328125e+01
1.074823951721191406e+01
1.081001091003417969e+01
1.128438472747802734e+01
1.068738937377929688e+01
1.083350181579589844e+01
1.049581336975097656e+01
1.108933067321777344e+01
1.073873996734619141e+01
1.075524902343750000e+01
1.040181350708007812e+01
1.009772491455078125e+01
1.027935218811035156e+01
1.130293655395507812e+01
1.110706520080566406e+01
1.105101680755615234e+01
1.048746490478515625e+01
1.147518157958984375e+01
1.089285564422607422e+01
1.064622592926025391e+01
1.105720138549804688e+01
1.016915988922119141e+01
1.116416740417480469e+01
1.048889923095703125e+01
1.058858108520507812e+01
1.132961368560791016e+01
1.096644973754882812e+01
1.113355445861816406e+01
1.146229839324951172e+01
1.099208354949951172e+01
1.091805267333984375e+01
1.137805938720703125e+01
1.156237125396728516e+01
1.064196205139160156e+01
1.104395198822021484e+01
1.056881237030029297e+01
1.046149444580078125e+01
1.043710803985595703e+01
1.093342781066894531e+01
1.117341613769531250e+01
1.060185813903808594e+01
1.119786643981933594e+01
1.054218006134033203e+01
1.070154571533203125e+01
1.074429130554199219e+01
1.096681976318359375e+01
1.120704269409179688e+01
1.082252693176269531e+01
1.072421073913574219e+01
1.103960800170898438e+01
1.066892814636230469e+01
1.107855987548828125e+01
1.114753532409667969e+01
1.103183555603027344e+01
1.071985149383544922e+01
1.186452293395996094e+01
1.085499000549316406e+01
1.133067321777343750e+01
1.108066749572753906e+01
1.126971149444580078e+01
1.090413188934326172e+01
1.046281528472900391e+01
1.033795928955078125e+01
1.129953575134277344e+01
1.152046966552734375e+01
1.054456520080566406e+01
1.146064567565917969e+01
1.081966972351074219e+01
1.091519737243652344e+01
1.111161994934082031e+01
1.127486991882324219e+01
1.088033485412597656e+01
1.025843238830566406e+01
1.140136337280273438e+01
1.081223106384277344e+01
1.161206722259521484e+01
1.072173500061035156e+01
1.049589920043945312e+01
1.110759353637695312e+01
1.091883850097656250e+01
1.087314510345458984e+01
1.040065193176269531e+01
1.089640045166015625e+01
1.071377182006835938e+01
1.150221633911132812e+01
1.124540138244628906e+01
1.030239295959472656e+01
1.051989173889160156e+01
1.139034557342529297e+01
1.080663871765136719e+01
1.099345207214355469e+01
1.007979679107666016e+01
1.048727226257324219e+01
1.094153118133544922e+01
1.142830944061279297e+01
1.066730308532714844e+01
1.157372283935546875e+01
1.073861122131347656e+01
1.093159294128417969e+01
1.030382919311523438e+01
1.081820487976074219e+01
1.136241436004638672e+01
1.105853462219238281e+01
1.086653137207031250e+01
1.081886005401611328e+01
1.055538749694824219e+01
1.064000511169433594e+01
1.082066345214843750e+01
1.106828498840332031e+01
1.081318473815917969e+01
1.052802276611328125e+01
1.100264358520507812e+01
1.098344802856445312e+01
1.113281822204589844e+01
1.121719169616699219e+01
1.098565864562988281e+01
1.071250343322753906e+01
1.096665954589843750e+01
1.078937339782714844e+01
1.069577693939208984e+01
1.120167827606201172e+01
1.107139873504638672e+01
1.143052291870117188e+01
1.066812038421630859e+01
1.095488739013671875e+01
1.084922790527343750e+01
1.094187831878662109e+01
1.063639736175537109e+01
1.060255622863769531e+01
1.061095523834228516e+01
1.004367351531982422e+01
1.084192848205566406e+01
1.069546699523925781e+01
1.072783470153808594e+01
1.041990852355957031e+01
1.115339279174804688e+01
1.074494743347167969e+01
1.084877109527587891e+01
1.087715816497802734e+01
1.104112625122070312e+01
1.077888870239257812e+01
1.133756637573242188e+01
1.094189357757568359e+01
1.144107818603515625e+01
1.082726860046386719e+01
1.061622810363769531e+01
1.112693595886230469e+01
1.074540901184082031e+01
1.164705276489257812e+01
1.083611583709716797e+01
1.115850353240966797e+01
1.056751823425292969e+01
1.070000648498535156e+01
1.085423469543457031e+01
1.102544975280761719e+01
1.021815872192382812e+01
1.077907752990722656e+01
1.087499332427978516e+01
1.105123710632324219e+01
1.040729331970214844e+01
1.048931598663330078e+01
1.087844848632812500e+01
1.074987983703613281e+01
1.066161251068115234e+01
1.074962043762207031e+01
1.087050342559814453e+01
1.090325736999511719e+01
1.099413299560546875e+01
1.092846965789794922e+01
1.136958694458007812e+01
1.079712867736816406e+01
1.076099681854248047e+01
1.046745300292968750e+01
1.108068084716796875e+01
1.085129261016845703e+01
1.152347755432128906e+01
1.121840286254882812e+01
1.083312416076660156e+01
1.090735244750976562e+01
1.135639572143554688e+01
1.059123611450195312e+01
1.050927352905273438e+01
1.082409763336181641e+01
1.045694923400878906e+01
1.117012596130371094e+01
1.164177703857421875e+01
1.040594673156738281e+01
1.071904087066650391e+01
1.106284904479980469e+01
1.033238124847412109e+01
1.107357978820800781e+01
1.112893295288085938e+01
1.100414466857910156e+01
1.087679862976074219e+01
1.114079189300537109e+01
1.129520130157470703e+01
1.019889640808105469e+01
1.022047710418701172e+01
1.032223129272460938e+01
1.051165962219238281e+01
1.054533004760742188e+01
1.060537719726562500e+01
1.039240932464599609e+01
1.117397975921630859e+01
1.072851753234863281e+01
1.114794731140136719e+01
1.140894699096679688e+01
1.113590049743652344e+01
1.093753147125244141e+01
1.075773048400878906e+01
1.080282878875732422e+01
1.083795452117919922e+01
1.092890548706054688e+01
1.078200721740722656e+01
1.087547874450683594e+01
1.030574226379394531e+01
1.066008949279785156e+01
1.069586372375488281e+01
1.104100322723388672e+01
1.108378314971923828e+01
1.123944854736328125e+01
1.112953186035156250e+01
1.068581771850585938e+01
1.118134403228759766e+01
1.137250518798828125e+01
1.046423912048339844e+01
1.046643447875976562e+01
1.071428489685058594e+01
1.056502532958984375e+01
1.074334335327148438e+01
1.059134006500244141e+01
1.093140125274658203e+01
1.073369789123535156e+01
1.114772605895996094e+01
1.060646247863769531e+01
1.077401733398437500e+01
1.112731170654296875e+01
1.083003902435302734e+01
1.100030517578125000e+01
1.077816390991210938e+01
1.079567337036132812e+01
1.079941368103027344e+01
1.099753570556640625e+01
1.094866752624511719e+01
1.114460754394531250e+01
1.066811752319335938e+01
1.049939155578613281e+01
1.150730037689208984e+01
1.098394680023193359e+01
1.115710639953613281e+01
1.095894432067871094e+01
1.105217266082763672e+01
1.035104942321777344e+01
1.030777931213378906e+01
1.063215446472167969e+01
1.129887199401855469e+01
1.158631420135498047e+01
1.072937965393066406e+01
1.117555999755859375e+01
1.082557678222656250e+01
1.109245204925537109e+01
1.093758201599121094e+01
1.108728218078613281e+01
1.037644386291503906e+01
1.020882415771484375e+01
1.098149490356445312e+01
1.025748348236083984e+01
1.148083877563476562e+01
1.095965957641601562e+01
1.029662704467773438e+01
1.095221519470214844e+01
1.122232341766357422e+01
1.085648250579833984e+01
1.100650215148925781e+01
1.072104549407958984e+01
1.085642337799072266e+01
1.140299034118652344e+01
1.134156990051269531e+01
1.026061058044433594e+01
1.028515243530273438e+01
1.091608524322509766e+01
1.036325740814208984e+01
1.091149330139160156e+01
1.048088836669921875e+01
9.826383590698242188e+00
1.083892059326171875e+01
1.128508853912353516e+01
1.098266887664794922e+01
1.123792457580566406e+01
1.066851615905761719e+01
1.093434047698974609e+01
1.049984359741210938e+01
1.015252399444580078e+01
1.132589530944824219e+01
1.091259860992431641e+01
1.050418186187744141e+01
1.096951770782470703e+01
1.102810764312744141e+01
1.105499839782714844e+01
1.049198722839355469e+01
1.113282585144042969e+01
1.078573513031005859e+01
1.030991935729980469e+01
1.118268775939941406e+01
1.082037162780761719e+01
1.123369598388671875e+01
1.147837638854980469e+01
1.091722488403320312e+01
1.036700344085693359e+01
1.094273567199707031e+01
1.077973365783691406e+01
1.122141647338867188e+01
1.119620800018310547e+01
1.091127109527587891e+01
1.118888473510742188e+01
1.047203636169433594e+01
1.099098205566406250e+01
1.087878799438476562e+01
1.084323692321777344e+01
1.095793724060058594e+01
1.067349815368652344e+01
1.072457504272460938e+01
1.080459022521972656e+01
1.071160507202148438e+01
1.063572311401367188e+01
1.063683223724365234e+01
1.069592380523681641e+01
1.139580917358398438e+01
1.085731887817382812e+01
1.019308853149414062e+01
1.073526382446289062e+01
1.066497611999511719e+01
1.083285522460937500e+01
1.125480842590332031e+01
1.096959304809570312e+01
1.135655975341796875e+01
1.089259147644042969e+01
1.025540256500244141e+01
1.098619270324707031e+01
1.064244556427001953e+01
1.116223812103271484e+01
1.083825206756591797e+01
1.084845352172851562e+01
1.057971191406250000e+01
1.084116458892822266e+01
1.101070404052734375e+01
1.068113994598388672e+01
1.099624633789062500e+01
1.088339042663574219e+01
1.012550354003906250e+01
1.100338554382324219e+01
1.084099578857421875e+01
1.060904216766357422e+01
1.060414695739746094e+01
1.069180202484130859e+01
1.068686389923095703e+01
1.106169891357421875e+01
1.127432060241699219e+01
1.095300865173339844e+01
1.086383628845214844e+01
1.046189212799072266e+01
1.076855659484863281e+01
1.096576118469238281e+01
1.070592212677001953e+01
1.075111198425292969e+01
1.112570095062255859e+01
1.084210968017578125e+01
1.084574031829833984e+01
1.145157432556152344e+01
1.065968132019042969e+01
1.078420257568359375e+01
1.113557624816894531e+01
1.114509963989257812e+01
1.074529552459716797e+01
1.064879798889160156e+01
1.048737812042236328e+01
1.070808982849121094e+01
1.137652969360351562e+01
1.069764804840087891e+01
1.094844818115234375e+01
1.064774322509765625e+01
1.032753181457519531e+01
1.084776401519775391e+01
1.108673667907714844e+01
1.117394638061523438e+01
1.053040027618408203e+01
1.119404888153076172e+01
1.155936717987060547e+01
1.102040004730224609e+01
1.056812286376953125e+01
1.065887069702148438e+01
1.045911788940429688e+01
1.065274047851562500e+01
1.085496902465820312e+01
1.063717079162597656e+01
1.137414646148681641e+01
1.109779548645019531e+01
1.139655685424804688e+01
1.127999401092529297e+01
1.083817481994628906e+01
1.023791503906250000e+01
1.116030406951904297e+01
1.075526809692382812e+01
1.070037078857421875e+01
1.112245941162109375e+01
1.037726593017578125e+01
1.095523738861083984e+01
1.058738708496093750e+01
1.065130615234375000e+01
1.154945373535156250e+01
1.086188697814941406e+01
1.095540046691894531e+01
1.122001743316650391e+01
1.118471527099609375e+01
1.050540161132812500e+01
1.124122047424316406e+01
1.119164466857910156e+01
1.036962890625000000e+01
1.040347290039062500e+01
1.043123817443847656e+01
1.105273342132568359e+01
1.013151073455810547e+01
1.100266742706298828e+01
1.029802894592285156e+01
1.065472698211669922e+01
1.087723731994628906e+01
1.088313865661621094e+01
1.054610443115234375e+01
1.092023658752441406e+01
1.109247207641601562e+01
1.126854705810546875e+01
1.085026931762695312e+01
1.079611206054687500e+01
1.045503044128417969e+01
1.082497596740722656e+01
1.079591178894042969e+01
1.091564464569091797e+01
1.081251335144042969e+01
1.045882606506347656e+01
1.153006553649902344e+01
1.102618408203125000e+01
1.106794166564941406e+01
1.119939136505126953e+01
1.124152278900146484e+01
1.065005874633789062e+01
1.080605220794677734e+01
1.069918251037597656e+01
1.114780426025390625e+01
1.162038421630859375e+01
1.082314300537109375e+01
1.128848743438720703e+01
1.085227775573730469e+01
1.107805538177490234e+01
1.104042053222656250e+01
1.111099815368652344e+01
1.053573703765869141e+01
1.072852706909179688e+01
1.062948703765869141e+01
1.062308025360107422e+01
1.154060649871826172e+01
1.080466175079345703e+01
1.052613639831542969e+01
1.113959312438964844e+01
1.101029491424560547e+01
1.078314971923828125e+01
1.100053119659423828e+01
1.033125877380371094e+01
1.069868469238281250e+01
1.151281261444091797e+01
1.102544307708740234e+01
1.094310379028320312e+01
1.010875701904296875e+01
1.134139060974121094e+01
1.052479171752929688e+01
1.085941982269287109e+01
1.034047985076904297e+01
1.048457527160644531e+01
1.076747608184814453e+01
1.107711505889892578e+01
1.046751785278320312e+01
1.132008552551269531e+01
1.079123306274414062e+01
1.081462955474853516e+01
1.054939842224121094e+01
1.056106758117675781e+01
1.114543914794921875e+01
1.057537460327148438e+01
1.042069530487060547e+01
1.110280609130859375e+01
1.076543617248535156e+01
1.047613525390625000e+01
1.045287036895751953e+01
1.064082717895507812e+01
1.041301536560058594e+01
1.052438354492187500e+01
1.115745258331298828e+01
1.080224704742431641e+01
1.122770404815673828e+01
1.126202774047851562e+01
1.099262428283691406e+01
1.052657032012939453e+01
1.067785453796386719e+01
1.057599830627441406e+01
1.145207405090332031e+01
1.126881408691406250e+01
1.056813907623291016e+01
1.100615692138671875e+01
1.084583187103271484e+01
1.075550270080566406e+01
1.044934654235839844e+01
1.074686813354492188e+01
1.071054553985595703e+01
1.038184547424316406e+01
1.061623096466064453e+01
1.052818489074707031e+01
1.091829776763916016e+01
1.070865249633789062e+01
1.082872962951660156e+01
1.084277534484863281e+01
1.102990531921386719e+01
1.076531600952148438e+01
1.064348030090332031e+01
1.085135173797607422e+01
1.061743545532226562e+01
1.019228553771972656e+01
1.106298542022705078e+01
1.092192649841308594e+01
1.102461242675781250e+01
1.075631713867187500e+01
1.046330165863037109e+01
1.101078414916992188e+01
1.066283321380615234e+01
1.119538784027099609e+01
1.047120666503906250e+01
1.090230655670166016e+01
1.072127914428710938e+01
1.025501441955566406e+01
1.108061408996582031e+01
1.078572559356689453e+01
1.042803764343261719e+01
1.067784881591796875e+01
1.049562835693359375e+01
1.087805652618408203e+01
1.045387363433837891e+01
1.064054298400878906e+01
1.067247390747070312e+01
1.015660285949707031e+01
1.100418090820312500e+01
1.060563659667968750e+01
1.087503814697265625e+01
1.011271095275878906e+01
1.094968605041503906e+01
1.082544517517089844e+01
1.139544773101806641e+01
1.052873992919921875e+01
1.064025783538818359e+01
1.089140129089355469e+01
1.117562484741210938e+01
1.045601844787597656e+01
1.126263141632080078e+01
1.147524547576904297e+01
1.033272933959960938e+01
1.098153114318847656e+01
1.127020549774169922e+01
1.068621158599853516e+01
1.058204269409179688e+01
1.037608337402343750e+01
1.054353046417236328e+01
1.054659080505371094e+01
1.145219802856445312e+01
1.087525558471679688e+01
1.101897621154785156e+01
1.103280258178710938e+01
1.048244762420654297e+01
1.102942848205566406e+01
1.135610580444335938e+01
1.100957489013671875e+01
1.104829025268554688e+01
1.075734901428222656e+01
1.153206634521484375e+01
1.051410007476806641e+01
1.059967231750488281e+01
1.054242324829101562e+01
1.040652465820312500e+01
1.084852790832519531e+01
1.032547855377197266e+01
1.063910293579101562e+01
1.114002990722656250e+01
1.039955139160156250e+01
1.113192176818847656e+01
1.094907760620117188e+01
1.093940734863281250e+01
1.018409538269042969e+01
1.126597976684570312e+01
1.073407268524169922e+01
1.084306335449218750e+01
1.099867534637451172e+01
1.079978084564208984e+01
1.079528999328613281e+01
1.080119895935058594e+01
1.070039558410644531e+01
1.095182800292968750e+01
1.112470436096191406e+01
1.110726928710937500e+01
1.093680286407470703e+01
1.107344436645507812e+01
1.053588294982910156e+01
1.113850593566894531e+01
1.100241184234619141e+01
1.036447715759277344e+01
1.081072711944580078e+01
1.074832534790039062e+01
1.051651191711425781e+01
1.043427276611328125e+01
1.091246509552001953e+01
1.127415084838867188e+01
1.097062778472900391e+01
1.092360877990722656e+01
1.058603382110595703e+01
1.047635269165039062e+01
1.083407115936279297e+01
1.088765335083007812e+01
1.134503555297851562e+01
1.092319679260253906e+01
1.048777675628662109e+01
1.055498409271240234e+01
1.073974418640136719e+01
1.045476055145263672e+01
1.101027393341064453e+01
1.067984580993652344e+01
1.043993568420410156e+01
1.124847507476806641e+01
1.059546566009521484e+01
1.105877113342285156e+01
1.043025302886962891e+01
1.101104545593261719e+01
1.043176937103271484e+01
1.071514701843261719e+01
9.955659866333007812e+00
1.126891899108886719e+01
1.111593151092529297e+01
1.072423267364501953e+01
1.119280624389648438e+01
1.066381454467773438e+01
1.088185787200927734e+01
1.044913291931152344e+01
1.091125869750976562e+01
1.067456436157226562e+01
1.061830902099609375e+01
1.118922424316406250e+01
1.017384338378906250e+01
1.143055725097656250e+01
1.060287857055664062e+01
1.055737590789794922e+01
1.128126335144042969e+01
1.112216663360595703e+01
1.087056159973144531e+01
1.074778747558593750e+01
1.065374946594238281e+01
1.038123416900634766e+01
1.155343627929687500e+01
1.103778934478759766e+01
1.092060089111328125e+01
1.072439193725585938e+01
1.160559463500976562e+01
1.052020359039306641e+01
1.070302200317382812e+01
1.051538753509521484e+01
1.053748607635498047e+01
1.062138271331787109e+01
1.110661411285400391e+01
1.089381217956542969e+01
1.129476833343505859e+01
1.060400962829589844e+01
1.065347862243652344e+01
1.060561275482177734e+01
1.086974430084228516e+01
1.106810855865478516e+01
1.066718292236328125e+01
1.045042800903320312e+01
1.061100769042968750e+01
1.074307346343994141e+01
1.094451332092285156e+01
1.034987449645996094e+01
1.053090858459472656e+01
1.067489337921142578e+01
1.080979442596435547e+01
1.129182815551757812e+01
1.097111415863037109e+01
1.091362571716308594e+01
1.133885192871093750e+01
1.068904209136962891e+01
1.066463279724121094e+01
1.095245742797851562e+01
1.051549720764160156e+01
1.110861206054687500e+01
1.139236068725585938e+01
1.038117408752441406e+01
1.119073677062988281e+01
1.060309219360351562e+01
1.101330184936523438e+01
1.104293060302734375e+01
1.079484176635742188e+01
1.018657875061035156e+01
1.030977058410644531e+01
1.081315994262695312e+01
1.070758247375488281e+01
1.094575309753417969e+01
1.054651641845703125e+01
1.071651077270507812e+01
1.067963409423828125e+01
1.085071754455566406e+01
1.078894615173339844e+01
1.033722209930419922e+01
1.073919486999511719e+01
1.096150684356689453e+01
1.056991100311279297e+01
1.124236392974853516e+01
1.081479263305664062e+01
1.134044361114501953e+01
1.094899272918701172e+01
1.060127258300781250e+01
1.119715690612792969e+01
1.042978477478027344e+01
1.084289741516113281e+01
1.081258392333984375e+01
1.083022689819335938e+01
1.052975749969482422e+01
1.050975799560546875e+01
1.071977710723876953e+01
1.079888629913330078e+01
1.045931053161621094e+01
1.039878082275390625e+01
1.064476108551025391e+01
1.124066543579101562e+01
1.054903221130371094e+01
1.076233863830566406e+01
1.082314109802246094e+01
1.106300926208496094e+01
1.087697792053222656e+01
1.073109626770019531e+01
1.078422260284423828e+01
1.080883884429931641e+01
1.081147956848144531e+01
1.042146968841552734e+01
1.131278514862060547e+01
1.061133384704589844e+01
1.058755683898925781e+01
1.048021125793457031e+01
1.073946189880371094e+01
1.075396156311035156e+01
1.115051078796386719e+01
1.153630828857421875e+01
1.011310386657714844e+01
1.078648471832275391e+01
1.090032005310058594e+01
1.017029476165771484e+01
1.059670829772949219e+01
1.041710281372070312e+01
1.035765457153320312e+01
1.093614768981933594e+01
1.129714775085449219e+01
1.025935268402099609e+01
1.067747688293457031e+01
1.064587211608886719e+01
1.060150241851806641e+01
1.035463905334472656e+01
1.138018703460693359e+01
1.068965339660644531e+01
1.094392585754394531e+01
1.085795211791992188e+01
1.155946350097656250e+01
1.070394706726074219e+01
1.088637924194335938e+01
1.054228591918945312e+01
1.073208618164062500e+01
1.057042407989501953e+01
1.056175613403320312e+01
1.072643852233886719e+01
1.081466293334960938e+01
9.920628547668457031e+00
1.143298625946044922e+01
1.137106323242187500e+01
1.089204025268554688e+01
1.093349933624267578e+01
1.116137790679931641e+01
1.076990127563476562e+01
1.072773838043212891e+01
1.102918910980224609e+01
1.046229743957519531e+01
1.109198951721191406e+01
1.044957447052001953e+01
1.040319442749023438e+01
1.130983257293701172e+01
1.076819038391113281e+01
1.056928253173828125e+01
1.121357917785644531e+01
1.116747474670410156e+01
1.063614654541015625e+01
1.124608230590820312e+01
1.130494689941406250e+01
1.080281639099121094e+01
1.111988544464111328e+01
1.110766410827636719e+01
1.061626052856445312e+01
1.039740180969238281e+01
1.097713088989257812e+01
1.083476448059082031e+01
1.060041618347167969e+01
1.126914215087890625e+01
1.078674697875976562e+01
1.066855239868164062e+01
1.118589591979980469e+01
1.040586948394775391e+01
1.066784000396728516e+01
1.080624008178710938e+01
1.068124485015869141e+01
1.073691272735595703e+01
1.103583049774169922e+01
1.021579647064208984e+01
1.095315933227539062e+01
1.052227210998535156e+01
1.100054931640625000e+01
1.095249938964843750e+01
1.031372356414794922e+01
1.116220474243164062e+01
1.071867942810058594e+01
1.127680873870849609e+01
1.048510932922363281e+01
1.059223937988281250e+01
1.093834495544433594e+01
1.105937194824218750e+01
1.131816101074218750e+01
1.062522315979003906e+01
1.124220085144042969e+01
1.049750137329101562e+01
1.121344375610351562e+01
1.086849403381347656e+01
1.094433212280273438e+01
1.074044227600097656e+01
1.080656719207763672e+01
1.116871547698974609e+01
1.077431488037109375e+01
1.162578392028808594e+01
1.082541656494140625e+01
1.044049263000488281e+01
1.113521385192871094e+01
1.137505912780761719e+01
1.083551120758056641e+01
1.050655746459960938e+01
1.033276367187500000e+01
1.070573616027832031e+01
1.141722011566162109e+01
1.094952964782714844e+01
1.058268547058105469e+01
1.069847965240478516e+01
1.132105064392089844e+01
1.054457473754882812e+01
1.085622692108154297e+01
1.050475502014160156e+01
1.037455272674560547e+01
1.092531776428222656e+01
1.111987304687500000e+01
1.052970123291015625e+01
1.058176517486572266e+01
1.091811752319335938e+01
1.072790145874023438e+01
1.036385345458984375e+01
1.086917209625244141e+01
1.144902038574218750e+01
1.098739433288574219e+01
1.064259338378906250e+01
1.055505466461181641e+01
1.020683288574218750e+01
1.052724170684814453e+01
1.058050155639648438e+01
1.036645126342773438e+01
1.095031356811523438e+01
1.043635559082031250e+01
1.108076190948486328e+01
1.092071723937988281e+01
1.037332630157470703e+01
1.151841735839843750e+01
1.065194129943847656e+01
1.069843864440917969e+01
1.096051692962646484e+01
1.011762809753417969e+01
1.124218368530273438e+01
1.144967174530029297e+01
1.082596683502197266e+01
1.134002590179443359e+01
1.091951370239257812e+01
1.091650676727294922e+01
1.054742717742919922e+01
1.089485549926757812e+01
1.101001739501953125e+01
1.057357215881347656e+01
1.051890087127685547e+01
1.058247089385986328e+01
1.081454277038574219e+01
1.062059307098388672e+01
9.894768714904785156e+00
1.072780609130859375e+01
1.109335517883300781e+01
1.114661884307861328e+01
1.056417179107666016e+01
1.070072364807128906e+01
9.950531005859375000e+00
1.065446090698242188e+01
1.119999885559082031e+01
1.065488433837890625e+01
1.125410938262939453e+01
1.108581256866455078e+01
1.076692962646484375e+01
1.110816001892089844e+01
1.084927177429199219e+01
1.155051994323730469e+01
1.063412475585937500e+01
1.077632236480712891e+01
1.051731395721435547e+01
1.093692970275878906e+01
1.050596618652343750e+01
1.070176315307617188e+01
1.001618957519531250e+01
1.077090263366699219e+01
1.057640075683593750e+01
1.128886604309082031e+01
1.078492832183837891e+01
1.010582923889160156e+01
1.063459396362304688e+01
1.038887691497802734e+01
1.056244659423828125e+01
1.058652114868164062e+01
1.089053916931152344e+01
1.068588161468505859e+01
1.060667324066162109e+01
1.020276069641113281e+01
1.132594108581542969e+01
1.084132671356201172e+01
1.061700344085693359e+01
1.059866619110107422e+01
1.108821868896484375e+01
1.075015449523925781e+01
1.128096389770507812e+01
1.043824958801269531e+01
1.068415832519531250e+01
1.087302017211914062e+01
1.104479980468750000e+01
1.053588676452636719e+01
1.054989337921142578e+01
1.096654129028320312e+01
1.001149749755859375e+01
1.106685638427734375e+01
1.146126937866210938e+01
1.044156932830810547e+01
1.065531730651855469e+01
1.060339546203613281e+01
1.027578544616699219e+01
1.119139385223388672e+01
1.119602584838867188e+01
1.058717346191406250e+01
1.042416954040527344e+01
1.064572238922119141e+01
1.134021282196044922e+01
1.062035560607910156e+01
1.037120437622070312e+01
1.037770175933837891e+01
1.043632316589355469e+01
1.076267337799072266e+01
1.053313350677490234e+01
9.942146301269531250e+00
1.052268695831298828e+01
1.034736061096191406e+01
1.112322235107421875e+01
1.129815101623535156e+01
1.112409400939941406e+01
1.028946495056152344e+01
1.092159843444824219e+01
1.027312278747558594e+01
1.060590553283691406e+01
1.094422340393066406e+01
1.046379375457763672e+01
1.073819541931152344e+01
1.070918655395507812e+01
1.041417884826660156e+01
1.132776546478271484e+01
1.076801967620849609e+01
1.086838722229003906e+01
1.109045791625976562e+01
1.083483314514160156e+01
1.048281860351562500e+01
1.109178733825683594e+01
1.149978160858154297e+01
1.060735130310058594e+01
1.108552932739257812e+01
1.075311660766601562e+01
1.062083530426025391e+01
1.050405216217041016e+01
1.046097183227539062e+01
1.051571178436279297e+01
1.091253757476806641e+01
1.151604080200195312e+01
1.027594184875488281e+01
1.080992794036865234e+01
1.044210624694824219e+01
1.091148948669433594e+01
1.106046581268310547e+01
1.053274440765380859e+01
1.100457859039306641e+01
1.064959335327148438e+01
1.065239906311035156e+01
1.071737861633300781e+01
1.061111831665039062e+01
1.102826786041259766e+01
1.063208293914794922e+01
1.102502632141113281e+01
1.070928096771240234e+01
1.117372608184814453e+01
1.085497474670410156e+01
1.119166374206542969e+01
1.008246421813964844e+01
1.035884380340576172e+01
1.009673118591308594e+01
1.052243995666503906e+01
1.132617187500000000e+01
1.071352863311767578e+01
1.106354331970214844e+01
1.026240825653076172e+01
1.110322189331054688e+01
1.101420783996582031e+01
1.095752143859863281e+01
1.085368919372558594e+01
1.050628662109375000e+01
1.055412006378173828e+01
1.051574611663818359e+01
1.114959621429443359e+01
1.044720935821533203e+01
1.061906909942626953e+01
1.063380432128906250e+01
1.141903305053710938e+01
1.082909011840820312e+01
1.096353626251220703e+01
1.091068458557128906e+01
1.074991226196289062e+01
1.122513771057128906e+01
1.084730434417724609e+01
1.012128353118896484e+01
1.040580749511718750e+01
1.129854583740234375e+01
1.067149543762207031e+01
1.062253761291503906e+01
1.017200374603271484e+01
1.078539848327636719e+01
1.059389305114746094e+01
1.095806884765625000e+01
1.074580383300781250e+01
1.127983665466308594e+01
1.037289047241210938e+01
1.067113113403320312e+01
1.068800830841064453e+01
1.065151500701904297e+01
1.139634895324707031e+01
1.078850936889648438e+01
1.054796886444091797e+01
1.038935947418212891e+01
1.063725280761718750e+01
1.069288063049316406e+01
1.040241432189941406e+01
1.114871978759765625e+01
1.092287731170654297e+01
1.088494300842285156e+01
1.095918273925781250e+01
1.110957431793212891e+01
1.115567779541015625e+01
1.139816474914550781e+01
1.070118904113769531e+01
1.061417388916015625e+01
1.095967292785644531e+01
1.069831562042236328e+01
1.114365100860595703e+01
1.118305015563964844e+01
1.007803916931152344e+01
1.129139900207519531e+01
1.053902339935302734e+01
1.042756748199462891e+01
1.059793949127197266e+01
1.081915187835693359e+01
1.108959197998046875e+01
1.037459278106689453e+01
1.086361694335937500e+01
1.049210262298583984e+01
1.057511901855468750e+01
1.086318397521972656e+01
1.052979755401611328e+01
1.023291206359863281e+01
1.097583580017089844e+01
1.072703361511230469e+01
1.045435333251953125e+01
1.073727607727050781e+01
1.094352722167968750e+01
1.087598419189453125e+01
1.058926391601562500e+01
1.066050720214843750e+01
1.114466094970703125e+01
1.086632156372070312e+01
1.057913303375244141e+01
1.082977104187011719e+01
1.022955799102783203e+01
1.102754211425781250e+01
1.078496170043945312e+01
1.054616355895996094e+01
1.071728897094726562e+01
1.075855255126953125e+01
1.050637531280517578e+01
1.060720062255859375e+01
1.056624317169189453e+01
1.041734313964843750e+01
1.070480537414550781e+01
1.105622482299804688e+01
1.043683528900146484e+01
1.059210205078125000e+01
1.082139301300048828e+01
1.070680236816406250e+01
1.049761581420898438e+01
1.088409614562988281e+01
1.109126949310302734e+01
1.094657421112060547e+01
1.111292076110839844e+01
1.082602405548095703e+01
1.051192188262939453e+01
1.088727760314941406e+01
1.087134265899658203e+01
1.042331886291503906e+01
1.118175792694091797e+01
1.067250442504882812e+01
1.095495796203613281e+01
1.110851192474365234e+01
1.060160446166992188e+01
1.017433834075927734e+01
1.086121654510498047e+01
1.110888481140136719e+01
1.082474994659423828e+01
1.033241653442382812e+01
1.094321823120117188e+01
1.092804908752441406e+01
1.137678337097167969e+01
1.067352581024169922e+01
1.009988975524902344e+01
1.066764640808105469e+01
1.083362770080566406e+01
1.096198272705078125e+01
1.071013545989990234e+01
1.102847862243652344e+01
1.017309570312500000e+01
1.070965003967285156e+01
1.150078201293945312e+01
1.065010738372802734e+01
1.058067893981933594e+01
1.080317115783691406e+01
1.063944816589355469e+01
1.046425151824951172e+01
1.090346240997314453e+01
1.091842651367187500e+01
1.125996589660644531e+01
1.063704872131347656e+01
1.070916080474853516e+01
1.141070270538330078e+01
1.093811416625976562e+01
1.006796264648437500e+01
1.136283493041992188e+01
1.047995376586914062e+01
1.057746410369873047e+01
1.087266635894775391e+01
1.050677776336669922e+01
1.068918037414550781e+01
9.890605926513671875e+00
1.044879913330078125e+01
1.124388313293457031e+01
1.086791229248046875e+01
1.098023986816406250e+01
1.112472915649414062e+01
1.115433883666992188e+01
1.061753654479980469e+01
1.099273490905761719e+01
1.133009910583496094e+01
1.064203262329101562e+01
1.023514747619628906e+01
1.071178627014160156e+01
1.062863159179687500e+01
1.042298603057861328e+01
1.061901283264160156e+01
1.059704971313476562e+01
1.061650180816650391e+01
1.140501976013183594e+01
1.079268264770507812e+01
1.084574508666992188e+01
1.057713699340820312e+01
1.086987304687500000e+01
1.111956787109375000e+01
1.080378818511962891e+01
1.045401096343994141e+01
1.029878616333007812e+01
1.079584026336669922e+01
1.116674518585205078e+01
1.114288330078125000e+01
1.081751060485839844e+01
1.114339923858642578e+01
1.133290576934814453e+01
1.082936286926269531e+01
1.123856639862060547e+01
1.070411109924316406e+01
1.147336769104003906e+01
1.101374816894531250e+01
1.003711891174316406e+01
1.018033885955810547e+01
1.122140884399414062e+01
1.120462512969970703e+01
1.032930755615234375e+01
1.124916362762451172e+01
1.060129165649414062e+01
1.097462177276611328e+01
1.120834732055664062e+01
1.100841808319091797e+01
1.077626609802246094e+01
1.084210777282714844e+01
1.085268592834472656e+01
1.073690700531005859e+01
1.132785224914550781e+01
1.114699077606201172e+01
1.054036140441894531e+01
1.093372154235839844e+01
1.099056339263916016e+01
1.081400680541992188e+01
1.061023426055908203e+01
1.004719924926757812e+01
1.089578628540039062e+01
1.134590816497802734e+01
1.107848548889160156e+01
1.027226829528808594e+01
1.024743556976318359e+01
1.144966125488281250e+01
1.034127330780029297e+01
1.093410015106201172e+01
1.050980377197265625e+01
9.952893257141113281e+00
1.091567230224609375e+01
1.050346374511718750e+01
1.057888698577880859e+01
1.074876499176025391e+01
1.054150295257568359e+01
1.079554176330566406e+01
1.032405090332031250e+01
1.107616519927978516e+01
1.133288383483886719e+01
1.072274494171142578e+01
1.008285713195800781e+01
1.094194221496582031e+01
1.028416442871093750e+01
1.031651115417480469e+01
1.033407211303710938e+01
1.089018630981445312e+01
1.020108604431152344e+01
1.014728450775146484e+01
1.072756862640380859e+01
1.025541114807128906e+01
1.127875804901123047e+01
1.134703445434570312e+01
1.053235721588134766e+01
1.059128379821777344e+01
1.059583759307861328e+01
1.043765830993652344e+01
1.134222030639648438e+01
1.113100624084472656e+01
1.068190479278564453e+01
1.123145389556884766e+01
1.056739234924316406e+01
1.055276107788085938e+01
1.075900173187255859e+01
1.071793746948242188e+01
1.084904861450195312e+01
1.044621372222900391e+01
1.047435951232910156e+01
1.066012668609619141e+01
1.089612483978271484e+01
1.040794849395751953e+01
1.040426445007324219e+01
1.060863494873046875e+01
1.131077575683593750e+01
1.047239112854003906e+01
1.074313640594482422e+01
1.039968204498291016e+01
1.077403831481933594e+01
1.058781433105468750e+01
1.122070884704589844e+01
1.080049610137939453e+01
1.134865188598632812e+01
1.073404121398925781e+01
1.023317909240722656e+01
1.119270896911621094e+01
1.076370048522949219e+01
1.101863479614257812e+01
1.084476470947265625e+01
1.019196414947509766e+01
1.106688117980957031e+01
1.066452789306640625e+01
1.069668388366699219e+01
1.074777889251708984e+01
1.067708778381347656e+01
1.088882446289062500e+01
1.022694587707519531e+01
1.147390651702880859e+01
1.031698703765869141e+01
1.059903430938720703e+01
1.030013847351074219e+01
1.075658607482910156e+01
1.060905647277832031e+01
1.072954940795898438e+01
1.103953361511230469e+01
1.084609413146972656e+01
1.081122303009033203e+01
1.053896617889404297e+01
1.108375358581542969e+01
1.096566772460937500e+01
1.071924781799316406e+01
1.000680541992187500e+01
1.118958854675292969e+01
1.081237602233886719e+01
1.115115833282470703e+01
1.111950302124023438e+01
1.021387290954589844e+01
1.095257568359375000e+01
1.103332519531250000e+01
1.033060073852539062e+01
1.090055847167968750e+01
1.097763061523437500e+01
1.082808494567871094e+01
1.099788665771484375e+01
1.116206932067871094e+01
1.020686244964599609e+01
1.040431976318359375e+01
1.099779701232910156e+01
1.060563278198242188e+01
1.115035629272460938e+01
1.103682899475097656e+01
1.099017524719238281e+01
1.040889549255371094e+01
1.066862964630126953e+01
1.108123779296875000e+01
1.064747714996337891e+01
1.066372489929199219e+01
1.017701148986816406e+01
1.085803985595703125e+01
1.032685661315917969e+01
1.048483276367187500e+01
9.884654045104980469e+00
1.113075447082519531e+01
1.009342956542968750e+01
1.121753311157226562e+01
1.109102630615234375e+01
1.102973365783691406e+01
1.091475963592529297e+01
1.096290779113769531e+01
1.060860443115234375e+01
1.047993755340576172e+01
1.101707649230957031e+01
1.008433532714843750e+01
1.052007579803466797e+01
1.051124000549316406e+01
1.026421833038330078e+01
1.111484050750732422e+01
1.081667232513427734e+01
1.047338771820068359e+01
1.123315906524658203e+01
1.122772216796875000e+01
1.043714523315429688e+01
1.125983238220214844e+01
1.097554397583007812e+01
1.037070655822753906e+01
1.073497581481933594e+01
1.116068744659423828e+01
1.011809349060058594e+01
1.062062835693359375e+01
1.047132205963134766e+01
1.044796562194824219e+01
1.062186431884765625e+01
1.047474098205566406e+01
1.016315078735351562e+01
1.087849521636962891e+01
1.081028842926025391e+01
1.081479167938232422e+01
1.131215476989746094e+01
1.095553016662597656e+01
1.050958633422851562e+01
1.085885906219482422e+01
1.046146678924560547e+01
1.047259521484375000e+01
1.065981483459472656e+01
1.087019729614257812e+01
1.071516799926757812e+01
1.144230365753173828e+01
1.084756469726562500e+01
1.125334835052490234e+01
1.056555175781250000e+01
1.144700813293457031e+01
1.070387554168701172e+01
1.079458141326904297e+01
1.073236465454101562e+01
1.106610298156738281e+01
1.106682777404785156e+01
1.066730499267578125e+01
1.113293170928955078e+01
1.041750717163085938e+01
1.081124687194824219e+01
1.113354587554931641e+01
1.111817169189453125e+01
1.051706600189208984e+01
1.054111194610595703e+01
1.049561500549316406e+01
1.078890991210937500e+01
1.170305442810058594e+01
1.071989250183105469e+01
1.064775848388671875e+01
1.097034263610839844e+01
1.101695823669433594e+01
1.029392814636230469e+01
1.092090988159179688e+01
1.075219917297363281e+01
1.088939571380615234e+01
1.158062267303466797e+01
1.118227386474609375e+01
1.035047531127929688e+01
1.033395004272460938e+01
1.141611099243164062e+01
1.060654640197753906e+01
1.085958862304687500e+01
1.026880645751953125e+01
1.047037887573242188e+01
1.122408294677734375e+01
1.084832668304443359e+01
1.064270973205566406e+01
1.091614246368408203e+01
1.046364593505859375e+01
1.066003227233886719e+01
1.037490081787109375e+01
1.048621559143066406e+01
1.108074378967285156e+01
1.048957347869873047e+01
1.101591968536376953e+01
1.086249351501464844e+01
1.095495986938476562e+01
1.080387783050537109e+01
1.036800098419189453e+01
1.036060333251953125e+01
1.072274971008300781e+01
1.075223731994628906e+01
1.129499053955078125e+01
1.075677299499511719e+01
1.113397598266601562e+01
1.115776824951171875e+01
1.056716537475585938e+01
1.041119956970214844e+01
1.118458938598632812e+01
1.060167121887207031e+01
1.105920028686523438e+01
1.088934612274169922e+01
1.028753757476806641e+01
1.124326133728027344e+01
1.046045494079589844e+01
1.085762023925781250e+01
1.093564414978027344e+01
1.073441314697265625e+01
1.038838005065917969e+01
9.842088699340820312e+00
1.063176536560058594e+01
1.077810764312744141e+01
1.069251060485839844e+01
1.040498924255371094e+01
1.041353797912597656e+01
1.028187942504882812e+01
1.112594127655029297e+01
1.043541145324707031e+01
1.036658573150634766e+01
1.068359279632568359e+01
1.041076564788818359e+01
1.032105827331542969e+01
1.113738441467285156e+01
1.108855628967285156e+01
1.126735877990722656e+01
1.103534698486328125e+01
1.062318992614746094e+01
1.100022888183593750e+01
1.061318016052246094e+01
1.080559539794921875e+01
1.017728042602539062e+01
1.100393390655517578e+01
1.062893295288085938e+01
1.047372817993164062e+01
1.070392608642578125e+01
1.063170433044433594e+01
1.096520423889160156e+01
1.008575057983398438e+01
1.047217178344726562e+01
1.090647697448730469e+01
1.066558551788330078e+01
1.001290893554687500e+01
1.108350181579589844e+01
1.072723293304443359e+01
1.087172698974609375e+01
1.055502796173095703e+01
1.109761810302734375e+01
1.071092796325683594e+01
1.103993701934814453e+01
1.087984085083007812e+01
1.119888114929199219e+01
1.074647903442382812e+01
1.104494285583496094e+01
1.042393875122070312e+01
1.093542385101318359e+01
1.090699577331542969e+01
1.138455581665039062e+01
1.119460105895996094e+01
1.067650413513183594e+01
1.058189582824707031e+01
1.116576099395751953e+01
1.069798088073730469e+01
1.074901771545410156e+01
1.063038063049316406e+01
1.032714843750000000e+01
1.070423316955566406e+01
1.127067184448242188e+01
1.059059143066406250e+01
1.068686294555664062e+01
1.101555061340332031e+01
1.068855094909667969e+01
1.015291118621826172e+01
1.083310508728027344e+01
1.104834556579589844e+01
1.016294097900390625e+01
1.079097175598144531e+01
1.142059326171875000e+01
1.022429466247558594e+01
1.071394729614257812e+01
1.059950160980224609e+01
1.068700599670410156e+01
1.021554565429687500e+01
1.008156204223632812e+01
1.113003730773925781e+01
1.104759597778320312e+01
1.065808868408203125e+01
1.113337707519531250e+01
1.106768417358398438e+01
1.107281112670898438e+01
1.051488685607910156e+01
1.154500198364257812e+01
1.004181957244873047e+01
1.056275558471679688e+01
1.074147033691406250e+01
1.077451896667480469e+01
1.075320911407470703e+01
1.010269546508789062e+01
1.027825736999511719e+01
1.136378860473632812e+01
1.123514556884765625e+01
1.096470832824707031e+01
1.094146919250488281e+01
1.102529525756835938e+01
1.039988422393798828e+01
1.118088817596435547e+01
1.121118640899658203e+01
1.064787673950195312e+01
1.085352611541748047e+01
1.048907661437988281e+01
1.030756759643554688e+01
1.057917404174804688e+01
1.082174396514892578e+01
1.010891532897949219e+01
1.055854892730712891e+01
1.130955505371093750e+01
1.084638786315917969e+01
9.915337562561035156e+00
1.060260677337646484e+01
1.068142127990722656e+01
1.122876358032226562e+01
1.086873817443847656e+01
1.058618450164794922e+01
9.982707023620605469e+00
1.028392601013183594e+01
1.091052627563476562e+01
1.074191188812255859e+01
1.045929336547851562e+01
1.044015121459960938e+01
1.168334388732910156e+01
1.095883178710937500e+01
1.109844779968261719e+01
1.071835327148437500e+01
1.117453479766845703e+01
1.036334323883056641e+01
1.045042991638183594e+01
1.057353496551513672e+01
1.129035854339599609e+01
1.111234855651855469e+01
1.082883834838867188e+01
1.103512954711914062e+01
1.018673133850097656e+01
1.110056495666503906e+01
1.095758724212646484e+01
1.021828937530517578e+01
1.042011451721191406e+01
9.950315475463867188e+00
1.058016395568847656e+01
1.030040168762207031e+01
1.151134872436523438e+01
1.092698097229003906e+01
1.071397590637207031e+01
1.115674686431884766e+01
1.131135559082031250e+01
1.060893440246582031e+01
1.003837585449218750e+01
1.074360752105712891e+01
1.077417755126953125e+01
1.125435256958007812e+01
1.095281219482421875e+01
1.085470581054687500e+01
1.039136886596679688e+01
1.125277233123779297e+01
1.047974014282226562e+01
1.094661903381347656e+01
1.056764221191406250e+01
9.668981552124023438e+00
1.084307384490966797e+01
1.081560134887695312e+01
1.065014171600341797e+01
1.102663040161132812e+01
1.043670463562011719e+01
1.085844993591308594e+01
9.852302551269531250e+00
1.122086715698242188e+01
1.131184768676757812e+01
1.040944099426269531e+01
1.063511276245117188e+01
1.090213584899902344e+01
1.070635223388671875e+01
1.076144981384277344e+01
1.012074661254882812e+01
1.041298198699951172e+01
1.031929302215576172e+01
1.044026184082031250e+01
1.085317420959472656e+01
1.073504924774169922e+01
1.100202083587646484e+01
1.110322093963623047e+01
1.062634944915771484e+01
1.050502681732177734e+01
1.057709884643554688e+01
1.059364509582519531e+01
1.121144294738769531e+01
1.128861808776855469e+01
1.023613929748535156e+01
1.113673400878906250e+01
1.088317966461181641e+01
1.063414192199707031e+01
1.070755958557128906e+01
1.036941337585449219e+01
1.100258255004882812e+01
1.030747985839843750e+01
1.070984745025634766e+01
1.044880485534667969e+01
1.075120162963867188e+01
1.066110897064208984e+01
9.794187545776367188e+00
1.078905487060546875e+01
1.145685577392578125e+01
1.069252777099609375e+01
1.036089897155761719e+01
1.135090255737304688e+01
1.062087535858154297e+01
1.023326396942138672e+01
1.104707622528076172e+01
1.059399318695068359e+01
1.147682857513427734e+01
1.095719146728515625e+01
1.048261070251464844e+01
1.116869258880615234e+01
1.070947837829589844e+01
1.106028747558593750e+01
1.052430534362792969e+01
1.068503665924072266e+01
1.026675605773925781e+01
1.066270542144775391e+01
1.082242774963378906e+01
1.037894725799560547e+01
1.073044872283935547e+01
1.005390357971191406e+01
1.031532955169677734e+01
1.132608032226562500e+01
1.091904830932617188e+01
1.027814483642578125e+01
1.033250045776367188e+01
1.058430290222167969e+01
1.045002365112304688e+01
1.085993671417236328e+01
1.122443771362304688e+01
1.080405616760253906e+01
1.055368423461914062e+01
1.088321113586425781e+01
1.118773269653320312e+01
1.032944488525390625e+01
1.115230846405029297e+01
1.068564701080322266e+01
1.136579513549804688e+01
1.066934680938720703e+01
1.143980979919433594e+01
1.141558265686035156e+01
1.038905525207519531e+01
1.102044010162353516e+01
1.100827789306640625e+01
1.085301113128662109e+01
1.062161445617675781e+01
1.053044319152832031e+01
1.081928730010986328e+01
1.069753742218017578e+01
1.142061996459960938e+01
1.090404129028320312e+01
1.065827655792236328e+01
1.114339065551757812e+01
1.070246124267578125e+01
1.077254676818847656e+01
1.108489418029785156e+01
1.057070541381835938e+01
1.026809787750244141e+01
1.111020088195800781e+01
1.120327949523925781e+01
1.049394035339355469e+01
1.058695030212402344e+01
1.049740028381347656e+01
1.090303230285644531e+01
1.074451255798339844e+01
1.073296165466308594e+01
1.068767738342285156e+01
1.111638355255126953e+01
1.084023666381835938e+01
1.095847320556640625e+01
1.011194419860839844e+01
1.083392333984375000e+01
1.031708431243896484e+01
1.088202667236328125e+01
1.064654922485351562e+01
1.077195358276367188e+01
1.079697036743164062e+01
1.040681457519531250e+01
1.054686927795410156e+01
9.969462394714355469e+00
1.041321563720703125e+01
1.154462623596191406e+01
1.111823654174804688e+01
1.105612373352050781e+01
1.113047218322753906e+01
1.076087951660156250e+01
1.081290435791015625e+01
1.100752925872802734e+01
1.128481864929199219e+01
1.015444278717041016e+01
1.011724185943603516e+01
1.072243213653564453e+01
1.011291694641113281e+01
1.050047683715820312e+01
1.042997360229492188e+01
1.042594909667968750e+01
1.071427726745605469e+01
1.042362499237060547e+01
1.067982101440429688e+01
1.092717552185058594e+01
1.094451999664306641e+01
1.093824005126953125e+01
1.092885875701904297e+01
1.081370353698730469e+01
1.057680511474609375e+01
1.038624763488769531e+01
1.039859867095947266e+01
1.006981277465820312e+01
1.052568531036376953e+01
1.075786209106445312e+01
1.096211433410644531e+01
1.135062980651855469e+01
1.115913867950439453e+01
1.118801307678222656e+01
1.102969551086425781e+01
1.137355232238769531e+01
1.048145580291748047e+01
1.070414352416992188e+01
1.010092353820800781e+01
1.132381820678710938e+01
1.111901664733886719e+01
1.114588928222656250e+01
1.137226676940917969e+01
1.067842864990234375e+01
1.112339782714843750e+01
1.128778362274169922e+01
1.047389411926269531e+01
1.072117424011230469e+01
1.014006805419921875e+01
1.038481140136718750e+01
1.042061233520507812e+01
1.152942085266113281e+01
1.052707099914550781e+01
1.109562492370605469e+01
1.089780330657958984e+01
1.126087856292724609e+01
1.068219757080078125e+01
1.075409030914306641e+01
1.071062755584716797e+01
1.023528671264648438e+01
1.118716239929199219e+01
1.084258365631103516e+01
1.064234542846679688e+01
9.894844055175781250e+00
1.138737297058105469e+01
1.006488895416259766e+01
1.080480194091796875e+01
1.038759803771972656e+01
1.019630050659179688e+01
1.108307266235351562e+01
1.106890869140625000e+01
1.052898406982421875e+01
1.080887699127197266e+01
1.011080932617187500e+01
1.082766151428222656e+01
1.035720825195312500e+01
1.063282012939453125e+01
1.126181030273437500e+01
1.090505123138427734e+01
1.025593185424804688e+01
1.075794219970703125e+01
1.090589141845703125e+01
1.080541133880615234e+01
9.969286918640136719e+00
1.049679851531982422e+01
1.054243659973144531e+01
1.035556221008300781e+01
1.138221931457519531e+01
1.088005828857421875e+01
1.074432182312011719e+01
1.147548103332519531e+01
1.029194068908691406e+01
1.076473140716552734e+01
1.046238040924072266e+01
1.032724094390869141e+01
1.087635421752929688e+01
1.105859756469726562e+01
1.052556514739990234e+01
1.110697650909423828e+01
1.066304397583007812e+01
1.082814025878906250e+01
1.105813407897949219e+01
1.095880699157714844e+01
1.104320907592773438e+01
1.062763214111328125e+01
1.015146827697753906e+01
1.104115104675292969e+01
1.064833259582519531e+01
1.044540309906005859e+01
1.038809299468994141e+01
1.082471561431884766e+01
1.065242290496826172e+01
1.075546264648437500e+01
1.008882427215576172e+01
1.060915184020996094e+01
1.063084983825683594e+01
1.097261714935302734e+01
1.127698135375976562e+01
1.074993515014648438e+01
1.120474720001220703e+01
1.064711952209472656e+01
1.021602535247802734e+01
1.108355903625488281e+01
1.057041072845458984e+01
1.132079696655273438e+01
1.063828277587890625e+01
1.071583175659179688e+01
1.051486587524414062e+01
1.034798049926757812e+01
1.050836563110351562e+01
1.053527164459228516e+01
1.051245689392089844e+01
1.103131866455078125e+01
1.045305824279785156e+01
1.134924316406250000e+01
1.026170158386230469e+01
1.021894454956054688e+01
1.072059345245361328e+01
1.050114822387695312e+01
1.045119285583496094e+01
1.063668155670166016e+01
1.108617210388183594e+01
1.068650627136230469e+01
1.032517051696777344e+01
1.049671363830566406e+01
1.132963466644287109e+01
1.084893417358398438e+01
1.073668479919433594e+01
1.070540237426757812e+01
1.108619308471679688e+01
1.097722053527832031e+01
1.121766185760498047e+01
1.109642505645751953e+01
9.938253402709960938e+00
1.024540901184082031e+01
1.078711986541748047e+01
1.043088436126708984e+01
1.082209968566894531e+01
1.059104919433593750e+01
1.020282363891601562e+01
1.062755680084228516e+01
1.166141128540039062e+01
1.092457485198974609e+01
1.016148757934570312e+01
1.068933486938476562e+01
1.041409683227539062e+01
1.072622108459472656e+01
1.091441154479980469e+01
1.079692745208740234e+01
1.097181415557861328e+01
1.125523567199707031e+01
1.099411964416503906e+01
1.034189701080322266e+01
1.023049163818359375e+01
1.057795906066894531e+01
1.073928451538085938e+01
1.092877769470214844e+01
1.049281024932861328e+01
1.005573749542236328e+01
1.069141483306884766e+01
1.042250442504882812e+01
1.082723140716552734e+01
1.099998664855957031e+01
1.108231830596923828e+01
1.073076057434082031e+01
1.102069473266601562e+01
1.069498634338378906e+01
1.063407230377197266e+01
1.082574939727783203e+01
1.112413787841796875e+01
1.106607818603515625e+01
1.086644363403320312e+01
1.065137004852294922e+01
1.127200889587402344e+01
1.051033020019531250e+01
1.040443420410156250e+01
1.115399169921875000e+01
1.120489025115966797e+01
1.071029281616210938e+01
1.124767494201660156e+01
1.118145942687988281e+01
1.068851661682128906e+01
1.081502246856689453e+01
1.041452217102050781e+01
1.070460510253906250e+01
1.085473155975341797e+01
1.063431930541992188e+01
1.068903923034667969e+01
1.012349224090576172e+01
1.127957057952880859e+01
9.837231636047363281e+00
1.058350467681884766e+01
1.097946357727050781e+01
1.093217468261718750e+01
1.115984344482421875e+01
1.073190307617187500e+01
1.064977169036865234e+01
1.073836421966552734e+01
1.079563903808593750e+01
1.078424167633056641e+01
1.050138664245605469e+01
1.078541374206542969e+01
1.061496162414550781e+01
1.149814414978027344e+01
1.067520904541015625e+01
1.141532897949218750e+01
1.048692798614501953e+01
1.123421859741210938e+01
1.068508434295654297e+01
1.020915794372558594e+01
1.087286567687988281e+01
1.121998405456542969e+01
1.116798305511474609e+01
1.107011127471923828e+01
1.120052623748779297e+01
1.078240776062011719e+01
1.115122318267822266e+01
1.122829341888427734e+01
1.053648948669433594e+01
1.065492057800292969e+01
1.046869945526123047e+01
1.010157585144042969e+01
1.058765220642089844e+01
1.143080234527587891e+01
1.073575401306152344e+01
1.055600929260253906e+01
1.080556106567382812e+01
1.115641021728515625e+01
1.069461250305175781e+01
1.082064628601074219e+01
1.059828472137451172e+01
1.092947864532470703e+01
1.089813041687011719e+01
1.123348522186279297e+01
1.065599346160888672e+01
9.868406295776367188e+00
1.155543422698974609e+01
1.069754600524902344e+01
1.066587448120117188e+01
1.044129467010498047e+01
1.019908142089843750e+01
1.098411560058593750e+01
1.117440986633300781e+01
1.071879768371582031e+01
1.092526435852050781e+01
1.035851669311523438e+01
1.063341331481933594e+01
1.043678665161132812e+01
1.055047035217285156e+01
1.143015289306640625e+01
1.065522480010986328e+01
1.042288398742675781e+01
1.057776737213134766e+01
1.061965942382812500e+01
1.028782844543457031e+01
1.050442600250244141e+01
1.027532768249511719e+01
1.074348831176757812e+01
1.060364818572998047e+01
1.116710662841796875e+01
1.110978126525878906e+01
1.082680797576904297e+01
1.134442234039306641e+01
1.076179409027099609e+01
1.054995155334472656e+01
1.086442375183105469e+01
9.928247451782226562e+00
1.110453605651855469e+01
1.132726097106933594e+01
1.062924957275390625e+01
1.104233646392822266e+01
1.040326690673828125e+01
1.055218696594238281e+01
1.000346851348876953e+01
1.023553466796875000e+01
1.104412555694580078e+01
1.062823963165283203e+01
1.036745262145996094e+01
1.076411628723144531e+01
1.110568237304687500e+01
1.032203197479248047e+01
1.015502929687500000e+01
1.065910530090332031e+01
1.099453830718994141e+01
1.078322219848632812e+01
1.049305343627929688e+01
1.086570549011230469e+01
1.092663478851318359e+01
1.040292549133300781e+01
1.118041610717773438e+01
1.091098594665527344e+01
1.129139328002929688e+01
1.086583137512207031e+01
1.099517440795898438e+01
1.109022331237792969e+01
1.038450241088867188e+01
1.122691535949707031e+01
1.086919784545898438e+01
1.085245132446289062e+01
1.090252113342285156e+01
1.043312835693359375e+01
1.042800331115722656e+01
1.068898773193359375e+01
1.093718338012695312e+01
1.101162528991699219e+01
1.045733261108398438e+01
1.110194110870361328e+01
1.042188262939453125e+01
1.061704635620117188e+01
1.056713008880615234e+01
1.028911590576171875e+01
1.063804054260253906e+01
1.062225723266601562e+01
1.104638767242431641e+01
1.103318786621093750e+01
1.081344223022460938e+01
1.057813835144042969e+01
1.047426414489746094e+01
1.051429557800292969e+01
1.054606437683105469e+01
1.046011257171630859e+01
