1.039525961875915527e+01
1.048130750656127930e+01
1.005030846595764160e+01
9.781383037567138672e+00
1.062025094032287598e+01
1.001375031471252441e+01
1.024858570098876953e+01
1.007586503028869629e+01
1.025039815902709961e+01
1.078215098381042480e+01
1.117489957809448242e+01
1.029082012176513672e+01
1.083572196960449219e+01
1.058912348747253418e+01
1.103133535385131836e+01
1.113504600524902344e+01
1.049068999290466309e+01
1.111346268653869629e+01
1.113513255119323730e+01
1.126350259780883789e+01
1.102766275405883789e+01
1.072479963302612305e+01
1.092501401901245117e+01
1.085989856719970703e+01
1.095951843261718750e+01
1.124123454093933105e+01
1.075992059707641602e+01
1.104938173294067383e+01
1.133632898330688477e+01
1.062876296043395996e+01
1.069702744483947754e+01
1.129048848152160645e+01
1.061182069778442383e+01
1.078021383285522461e+01
1.068647742271423340e+01
1.063814425468444824e+01
1.020563673973083496e+01
1.081324458122253418e+01
1.079676222801208496e+01
1.080666255950927734e+01
1.101244521141052246e+01
1.039513158798217773e+01
1.050656175613403320e+01
1.016788315773010254e+01
1.077320361137390137e+01
1.025455260276794434e+01
1.053778409957885742e+01
1.035272288322448730e+01
1.007744693756103516e+01
9.566725730895996094e+00
1.023401403427124023e+01
1.000657677650451660e+01
1.028357458114624023e+01
9.803410291671752930e+00
1.050734186172485352e+01
9.982010841369628906e+00
1.005576419830322266e+01
9.760807991027832031e+00
1.011845970153808594e+01
1.021511530876159668e+01
9.928940534591674805e+00
9.999629497528076172e+00
9.778160572052001953e+00
9.592117309570312500e+00
9.529543399810791016e+00
9.332891464233398438e+00
9.339806795120239258e+00
9.518047094345092773e+00
1.016307091712951660e+01
9.672533988952636719e+00
9.850867748260498047e+00
9.729863166809082031e+00
9.823816299438476562e+00
9.088090181350708008e+00
8.947295188903808594e+00
9.581726789474487305e+00
9.708635091781616211e+00
9.328764677047729492e+00
9.252098321914672852e+00
9.580053567886352539e+00
9.535093307495117188e+00
9.674954891204833984e+00
8.843500852584838867e+00
9.677561759948730469e+00
9.115340709686279297e+00
9.053879737854003906e+00
8.985873460769653320e+00
8.829339981079101562e+00
8.798884868621826172e+00
9.499673604965209961e+00
9.372277259826660156e+00
9.111383438110351562e+00
9.504025936126708984e+00
9.400525331497192383e+00
9.331754922866821289e+00
9.343941450119018555e+00
8.821007966995239258e+00
9.493710994720458984e+00
9.756884813308715820e+00
2.126668500900268555e+01
9.572553157806396484e+00
9.332421541213989258e+00
9.238166332244873047e+00
9.281763315200805664e+00
9.082947254180908203e+00
9.617988109588623047e+00
9.436398267745971680e+00
9.342251539230346680e+00
9.162089824676513672e+00
9.258018493652343750e+00
9.577441930770874023e+00
9.053680658340454102e+00
9.342037677764892578e+00
9.081888914108276367e+00
8.966390848159790039e+00
9.329403638839721680e+00
9.246099233627319336e+00
8.994946479797363281e+00
9.038803100585937500e+00
8.842428684234619141e+00
9.717282056808471680e+00
9.409415721893310547e+00
9.456279516220092773e+00
8.890654802322387695e+00
9.484755277633666992e+00
9.516749143600463867e+00
9.230574131011962891e+00
8.882639169692993164e+00
8.715215444564819336e+00
9.242981433868408203e+00
9.505828142166137695e+00
9.484502553939819336e+00
9.122043848037719727e+00
9.219744920730590820e+00
9.430845499038696289e+00
9.104827165603637695e+00
9.011702299118041992e+00
8.986776828765869141e+00
9.406238555908203125e+00
8.765427589416503906e+00
9.337086439132690430e+00
9.097100496292114258e+00
9.081608533859252930e+00
8.969873189926147461e+00
9.234005212783813477e+00
9.131330490112304688e+00
9.336642503738403320e+00
9.306258678436279297e+00
9.342697858810424805e+00
9.376111268997192383e+00
8.833277225494384766e+00
9.143990278244018555e+00
8.837675809860229492e+00
8.743844270706176758e+00
9.399207830429077148e+00
9.080528736114501953e+00
9.124678373336791992e+00
9.625825881958007812e+00
9.365598917007446289e+00
9.628237724304199219e+00
9.491670131683349609e+00
9.334934711456298828e+00
9.276664257049560547e+00
9.656078338623046875e+00
9.317328214645385742e+00
8.554239988327026367e+00
8.817869186401367188e+00
9.218356847763061523e+00
8.970501184463500977e+00
9.335075616836547852e+00
9.412054777145385742e+00
9.524252414703369141e+00
8.853137731552124023e+00
9.194109678268432617e+00
9.358425617218017578e+00
9.085274219512939453e+00
8.938436269760131836e+00
9.261209726333618164e+00
8.859727621078491211e+00
8.668614387512207031e+00
9.307428598403930664e+00
9.008144855499267578e+00
9.300577878952026367e+00
9.711117029190063477e+00
8.979070186614990234e+00
9.401638507843017578e+00
9.331614732742309570e+00
8.941990137100219727e+00
9.327254295349121094e+00
9.182803630828857422e+00
9.361590147018432617e+00
9.625063657760620117e+00
9.203323125839233398e+00
8.771230459213256836e+00
9.362037420272827148e+00
9.275245904922485352e+00
9.168964624404907227e+00
8.872326850891113281e+00
9.127226591110229492e+00
2.003729820251464844e+01
9.027423620223999023e+00
9.301300525665283203e+00
9.303707361221313477e+00
9.155213117599487305e+00
9.177757024765014648e+00
9.079470634460449219e+00
9.189609289169311523e+00
8.896958827972412109e+00
9.013356924057006836e+00
9.228588819503784180e+00
8.952851772308349609e+00
8.733678340911865234e+00
9.239413976669311523e+00
9.242638349533081055e+00
9.152528285980224609e+00
9.826856851577758789e+00
8.974372625350952148e+00
9.309207677841186523e+00
8.998969793319702148e+00
9.451795339584350586e+00
9.128217458724975586e+00
9.253041505813598633e+00
9.290744304656982422e+00
9.524398326873779297e+00
9.020765304565429688e+00
9.305776357650756836e+00
9.083767652511596680e+00
9.334477901458740234e+00
9.447013139724731445e+00
9.568049907684326172e+00
9.310244083404541016e+00
9.116820096969604492e+00
9.081533193588256836e+00
9.166627645492553711e+00
9.221806287765502930e+00
9.160960197448730469e+00
9.033388853073120117e+00
9.425688743591308594e+00
9.392038822174072266e+00
9.312386989593505859e+00
9.125638484954833984e+00
9.068939447402954102e+00
9.133925437927246094e+00
9.359689712524414062e+00
8.924951076507568359e+00
8.967879533767700195e+00
9.322834253311157227e+00
9.381804466247558594e+00
8.853372097015380859e+00
9.092657804489135742e+00
8.902271509170532227e+00
9.030085802078247070e+00
9.090043544769287109e+00
8.991308689117431641e+00
9.347544908523559570e+00
9.035232067108154297e+00
9.271014451980590820e+00
8.993068933486938477e+00
8.998987913131713867e+00
8.752706050872802734e+00
9.390309572219848633e+00
8.922078371047973633e+00
9.365054368972778320e+00
8.874697923660278320e+00
8.303588390350341797e+00
9.149975538253784180e+00
9.118684053421020508e+00
9.306842088699340820e+00
9.264195919036865234e+00
9.283775329589843750e+00
9.305481195449829102e+00
8.704426527023315430e+00
9.101447105407714844e+00
8.582141399383544922e+00
8.890243291854858398e+00
9.175455808639526367e+00
9.175935745239257812e+00
9.563298702239990234e+00
8.853536844253540039e+00
8.855994701385498047e+00
8.863736391067504883e+00
9.266933441162109375e+00
9.111746788024902344e+00
9.322052478790283203e+00
8.960514068603515625e+00
8.864852428436279297e+00
8.775013685226440430e+00
9.220677614212036133e+00
9.198429584503173828e+00
9.264258146286010742e+00
9.313857555389404297e+00
9.121630907058715820e+00
9.111322164535522461e+00
9.559741497039794922e+00
9.248996496200561523e+00
8.975264787673950195e+00
9.264378547668457031e+00
8.939917325973510742e+00
9.076556444168090820e+00
2.233531093597412109e+01
8.612351179122924805e+00
9.463954687118530273e+00
9.291504144668579102e+00
9.120148897171020508e+00
9.395830631256103516e+00
8.921830654144287109e+00
8.945361375808715820e+00
8.951028585433959961e+00
8.593834877014160156e+00
8.537946701049804688e+00
8.975017547607421875e+00
9.254019975662231445e+00
8.832811832427978516e+00
9.236417293548583984e+00
8.822644948959350586e+00
8.930858135223388672e+00
9.272940635681152344e+00
8.429332494735717773e+00
8.481046676635742188e+00
9.217051744461059570e+00
8.879706621170043945e+00
8.858515024185180664e+00
8.901736021041870117e+00
9.319679260253906250e+00
8.922179460525512695e+00
8.904120445251464844e+00
8.078843832015991211e+00
8.478611946105957031e+00
9.050359725952148438e+00
9.389166116714477539e+00
9.214078426361083984e+00
9.037942647933959961e+00
9.043158292770385742e+00
8.801380395889282227e+00
9.027649402618408203e+00
8.788945436477661133e+00
8.290614366531372070e+00
8.612569570541381836e+00
9.033565044403076172e+00
9.232086658477783203e+00
8.565877437591552734e+00
8.564305067062377930e+00
8.867638111114501953e+00
9.294088363647460938e+00
8.856045961380004883e+00
8.619824886322021484e+00
8.822076559066772461e+00
9.238893747329711914e+00
8.548946142196655273e+00
9.174406051635742188e+00
8.722299814224243164e+00
9.262377500534057617e+00
9.334222555160522461e+00
8.835316658020019531e+00
9.205906867980957031e+00
8.856298685073852539e+00
9.084988594055175781e+00
8.932513952255249023e+00
8.394077301025390625e+00
8.852935552597045898e+00
8.595126867294311523e+00
8.652140855789184570e+00
8.602257490158081055e+00
8.953433513641357422e+00
9.271999359130859375e+00
8.995158433914184570e+00
8.569130420684814453e+00
9.145105361938476562e+00
8.728198766708374023e+00
9.061084270477294922e+00
9.262768507003784180e+00
8.915322303771972656e+00
9.031848669052124023e+00
8.970562458038330078e+00
8.795306205749511719e+00
8.632471561431884766e+00
9.155125379562377930e+00
9.305814981460571289e+00
9.093616724014282227e+00
9.149201869964599609e+00
9.296655654907226562e+00
9.046456336975097656e+00
9.129405021667480469e+00
9.006164073944091797e+00
9.504639148712158203e+00
9.194622278213500977e+00
8.962940692901611328e+00
9.355618715286254883e+00
9.075873136520385742e+00
8.975583791732788086e+00
8.811276912689208984e+00
8.740071058273315430e+00
8.659529685974121094e+00
8.986032485961914062e+00
9.322324275970458984e+00
9.021212339401245117e+00
9.545113563537597656e+00
8.646414756774902344e+00
8.980138778686523438e+00
2.002957749366760254e+01
9.420526504516601562e+00
8.812157630920410156e+00
9.093315362930297852e+00
8.844971418380737305e+00
9.289728403091430664e+00
9.053109407424926758e+00
8.965949058532714844e+00
8.902867555618286133e+00
9.168928384780883789e+00
9.083321094512939453e+00
8.744041681289672852e+00
8.776277780532836914e+00
8.983400583267211914e+00
8.781853675842285156e+00
9.033406257629394531e+00
8.791546106338500977e+00
8.827257394790649414e+00
8.794451236724853516e+00
8.979969263076782227e+00
8.618999958038330078e+00
8.759775161743164062e+00
9.110724449157714844e+00
8.972847938537597656e+00
9.218986511230468750e+00
9.031677484512329102e+00
9.174610137939453125e+00
8.580466508865356445e+00
9.005839347839355469e+00
9.034782886505126953e+00
8.947762250900268555e+00
9.136512517929077148e+00
9.009266614913940430e+00
9.676999092102050781e+00
8.507006406784057617e+00
8.989212036132812500e+00
8.934240579605102539e+00
9.258493900299072266e+00
9.005173444747924805e+00
8.906457901000976562e+00
9.101499795913696289e+00
9.094325065612792969e+00
9.348787546157836914e+00
8.953478097915649414e+00
9.307795524597167969e+00
9.142486810684204102e+00
9.284923791885375977e+00
8.944595336914062500e+00
9.232939481735229492e+00
8.885281324386596680e+00
8.875149250030517578e+00
9.335834026336669922e+00
9.093997001647949219e+00
8.742300033569335938e+00
8.955748319625854492e+00
8.421019554138183594e+00
8.685748100280761719e+00
8.823637008666992188e+00
8.886250972747802734e+00
8.599924564361572266e+00
9.109778165817260742e+00
9.140207529067993164e+00
9.025791645050048828e+00
8.739232063293457031e+00
9.140660285949707031e+00
8.579494237899780273e+00
9.131821155548095703e+00
9.263722181320190430e+00
9.014000177383422852e+00
8.826936006546020508e+00
9.093441009521484375e+00
8.908838272094726562e+00
9.177050352096557617e+00
9.088197231292724609e+00
9.316867113113403320e+00
9.256889581680297852e+00
8.939464807510375977e+00
9.137586832046508789e+00
9.375174522399902344e+00
9.148151397705078125e+00
9.171451807022094727e+00
8.683914661407470703e+00
9.145245313644409180e+00
9.335913419723510742e+00
9.072574138641357422e+00
8.770567178726196289e+00
9.238723754882812500e+00
8.801194667816162109e+00
8.409297227859497070e+00
8.950288534164428711e+00
9.384987831115722656e+00
8.645294189453125000e+00
8.754765748977661133e+00
9.217959165573120117e+00
9.202645778656005859e+00
8.966308355331420898e+00
9.145659208297729492e+00
9.511883735656738281e+00
8.736257791519165039e+00
9.078431129455566406e+00
2.075921869277954102e+01
9.069040536880493164e+00
8.964469671249389648e+00
9.012192010879516602e+00
9.172896623611450195e+00
9.060326814651489258e+00
8.739149093627929688e+00
8.716119766235351562e+00
9.216569185256958008e+00
8.850571870803833008e+00
9.079192876815795898e+00
8.807487726211547852e+00
9.149817466735839844e+00
9.374425172805786133e+00
8.551232814788818359e+00
9.196332216262817383e+00
8.691999197006225586e+00
9.374446630477905273e+00
9.542865514755249023e+00
9.454795360565185547e+00
8.851140737533569336e+00
9.146686315536499023e+00
9.042496681213378906e+00
9.520581722259521484e+00
9.182708978652954102e+00
9.056655406951904297e+00
9.013642549514770508e+00
9.190124034881591797e+00
9.090911865234375000e+00
9.081882953643798828e+00
9.063234567642211914e+00
9.056088447570800781e+00
9.176692247390747070e+00
9.142012596130371094e+00
9.087318658828735352e+00
8.830186367034912109e+00
8.819289445877075195e+00
8.863750457763671875e+00
8.508412122726440430e+00
8.930562496185302734e+00
9.291626214981079102e+00
8.662030935287475586e+00
9.314931631088256836e+00
8.698865175247192383e+00
8.720908641815185547e+00
9.226496219635009766e+00
9.537544250488281250e+00
9.230402708053588867e+00
8.944257974624633789e+00
9.030176401138305664e+00
8.780249118804931641e+00
8.848427057266235352e+00
8.754972934722900391e+00
8.899194717407226562e+00
8.926630258560180664e+00
9.239987373352050781e+00
8.933314800262451172e+00
9.018660783767700195e+00
8.645146369934082031e+00
9.110472679138183594e+00
9.199293375015258789e+00
8.949753522872924805e+00
9.609733104705810547e+00
8.843859195709228516e+00
8.957236289978027344e+00
9.043393135070800781e+00
9.075288772583007812e+00
8.722028970718383789e+00
8.709891080856323242e+00
9.263091564178466797e+00
8.753257274627685547e+00
9.290722131729125977e+00
9.244534492492675781e+00
9.202502250671386719e+00
9.286197662353515625e+00
9.445081472396850586e+00
9.258709907531738281e+00
8.847929239273071289e+00
8.563736915588378906e+00
8.880558729171752930e+00
9.433674335479736328e+00
9.086990356445312500e+00
8.538785696029663086e+00
8.998319387435913086e+00
8.833738327026367188e+00
9.003082036972045898e+00
8.628354549407958984e+00
8.888804197311401367e+00
9.325767040252685547e+00
9.355949163436889648e+00
9.034685611724853516e+00
9.011449098587036133e+00
8.823990106582641602e+00
8.875958919525146484e+00
8.886240482330322266e+00
8.585021257400512695e+00
8.855048894882202148e+00
9.173127651214599609e+00
9.241005897521972656e+00
9.172199487686157227e+00
2.114478039741516113e+01
9.114434719085693359e+00
9.163095712661743164e+00
9.359569549560546875e+00
9.183946609497070312e+00
9.039157629013061523e+00
8.418822765350341797e+00
8.822293519973754883e+00
8.620023965835571289e+00
9.313360691070556641e+00
8.665071249008178711e+00
9.066048145294189453e+00
9.235023975372314453e+00
9.225853919982910156e+00
8.540170669555664062e+00
9.163722753524780273e+00
8.882195711135864258e+00
9.409550189971923828e+00
8.997249126434326172e+00
8.915290117263793945e+00
9.194929838180541992e+00
9.195987462997436523e+00
8.970438480377197266e+00
9.487751007080078125e+00
8.907418727874755859e+00
8.729382991790771484e+00
9.259006023406982422e+00
9.258221387863159180e+00
8.951806306838989258e+00
9.312080383300781250e+00
8.684783935546875000e+00
8.711637496948242188e+00
9.167310714721679688e+00
8.756041526794433594e+00
8.958029747009277344e+00
9.068259000778198242e+00
9.261057138442993164e+00
8.927150249481201172e+00
9.195681333541870117e+00
8.981420993804931641e+00
9.104940176010131836e+00
9.027898311614990234e+00
8.884818792343139648e+00
8.959968566894531250e+00
9.249007463455200195e+00
9.345027685165405273e+00
8.890604496002197266e+00
9.205071687698364258e+00
8.937968015670776367e+00
8.992597103118896484e+00
9.359652519226074219e+00
9.014544248580932617e+00
8.902192831039428711e+00
8.868018627166748047e+00
8.786507129669189453e+00
9.162222146987915039e+00
9.228414058685302734e+00
8.866339921951293945e+00
9.083657264709472656e+00
9.325260639190673828e+00
8.702701091766357422e+00
8.766049861907958984e+00
8.960048437118530273e+00
9.113339662551879883e+00
9.006404161453247070e+00
8.796921014785766602e+00
9.383265495300292969e+00
9.266413211822509766e+00
8.998332023620605469e+00
9.142862319946289062e+00
8.906970500946044922e+00
9.049752950668334961e+00
8.583633899688720703e+00
8.807991266250610352e+00
8.933662176132202148e+00
9.376444578170776367e+00
8.898379802703857422e+00
8.952095031738281250e+00
9.025385379791259766e+00
9.242722749710083008e+00
8.612705707550048828e+00
8.977618455886840820e+00
9.186693429946899414e+00
9.033330440521240234e+00
8.505271196365356445e+00
8.853357791900634766e+00
9.172399044036865234e+00
8.463062524795532227e+00
9.044312238693237305e+00
9.292477130889892578e+00
9.165656566619873047e+00
8.948057413101196289e+00
9.034860610961914062e+00
9.372281074523925781e+00
8.776859760284423828e+00
9.046931266784667969e+00
8.501328706741333008e+00
8.849038600921630859e+00
9.227108716964721680e+00
8.653686285018920898e+00
2.046956491470336914e+01
8.790973186492919922e+00
8.959488391876220703e+00
8.750802993774414062e+00
9.061859846115112305e+00
9.323488712310791016e+00
9.052400827407836914e+00
9.561070680618286133e+00
8.922894001007080078e+00
8.954289674758911133e+00
9.066685438156127930e+00
8.879284143447875977e+00
8.997301816940307617e+00
9.336672782897949219e+00
8.691814899444580078e+00
9.234817743301391602e+00
8.769691705703735352e+00
9.361901998519897461e+00
8.455800533294677734e+00
8.904224395751953125e+00
9.145423412322998047e+00
9.288113832473754883e+00
9.054711103439331055e+00
9.372394323348999023e+00
8.892558336257934570e+00
8.619090318679809570e+00
8.767400979995727539e+00
9.204720735549926758e+00
8.982848405838012695e+00
8.831509113311767578e+00
8.978118419647216797e+00
9.114138841629028320e+00
9.119867801666259766e+00
8.917030572891235352e+00
8.984413385391235352e+00
8.702417850494384766e+00
9.203130245208740234e+00
9.188421010971069336e+00
9.469673871994018555e+00
9.516787052154541016e+00
8.861073017120361328e+00
8.809199810028076172e+00
8.897444963455200195e+00
9.231120347976684570e+00
9.089035749435424805e+00
9.231072902679443359e+00
8.953395366668701172e+00
9.002895355224609375e+00
8.614386796951293945e+00
9.249904155731201172e+00
9.114565372467041016e+00
8.715324401855468750e+00
8.972406864166259766e+00
9.302308797836303711e+00
9.230432033538818359e+00
9.001276254653930664e+00
8.776044368743896484e+00
8.834886550903320312e+00
8.544192552566528320e+00
9.218383073806762695e+00
9.077922105789184570e+00
9.217482566833496094e+00
8.728536128997802734e+00
8.772363662719726562e+00
8.908895969390869141e+00
9.303935050964355469e+00
8.990890026092529297e+00
9.102790832519531250e+00
9.158900737762451172e+00
9.230346679687500000e+00
8.986225843429565430e+00
9.142849922180175781e+00
9.313304424285888672e+00
9.097466945648193359e+00
8.440602064132690430e+00
9.259540796279907227e+00
9.190859556198120117e+00
9.292407274246215820e+00
9.249403953552246094e+00
8.445403337478637695e+00
9.023982763290405273e+00
9.406209468841552734e+00
9.560682535171508789e+00
9.070226192474365234e+00
8.788466930389404297e+00
8.943016529083251953e+00
8.806001901626586914e+00
9.180218696594238281e+00
9.164598703384399414e+00
9.331504821777343750e+00
8.997533798217773438e+00
9.028856754302978516e+00
9.435682296752929688e+00
8.940427064895629883e+00
8.861336708068847656e+00
8.711201429367065430e+00
8.948132753372192383e+00
8.901512861251831055e+00
8.699254751205444336e+00
9.358695268630981445e+00
2.203651762008666992e+01
9.073613405227661133e+00
9.047719478607177734e+00
8.816752195358276367e+00
9.131311416625976562e+00
8.762855529785156250e+00
9.124359369277954102e+00
8.984992265701293945e+00
8.990375518798828125e+00
9.547482490539550781e+00
9.137388944625854492e+00
8.808255910873413086e+00
8.957487106323242188e+00
9.151609182357788086e+00
9.301809310913085938e+00
9.098454236984252930e+00
9.287709474563598633e+00
8.936754226684570312e+00
8.838800668716430664e+00
9.414614677429199219e+00
9.120965957641601562e+00
8.873260021209716797e+00
9.109279155731201172e+00
8.953650712966918945e+00
9.098758935928344727e+00
9.151587486267089844e+00
9.151898384094238281e+00
9.087148666381835938e+00
8.940752029418945312e+00
8.857045888900756836e+00
8.879327297210693359e+00
9.039303779602050781e+00
9.239331960678100586e+00
9.147382736206054688e+00
8.812546491622924805e+00
9.256340265274047852e+00
9.162768363952636719e+00
9.204918861389160156e+00
9.573554992675781250e+00
8.705660343170166016e+00
9.075697898864746094e+00
9.473964214324951172e+00
9.331532955169677734e+00
8.538152933120727539e+00
8.568368911743164062e+00
8.759697675704956055e+00
9.000102043151855469e+00
8.949960708618164062e+00
8.946197509765625000e+00
8.956972360610961914e+00
8.928311586380004883e+00
9.299292564392089844e+00
9.387209177017211914e+00
9.205764770507812500e+00
8.759824514389038086e+00
8.937095642089843750e+00
8.975177764892578125e+00
8.887960195541381836e+00
9.141883373260498047e+00
9.282217502593994141e+00
8.791907787322998047e+00
9.199685335159301758e+00
9.090609550476074219e+00
8.814169883728027344e+00
9.308499097824096680e+00
9.148887157440185547e+00
8.934684276580810547e+00
9.238158226013183594e+00
9.365251779556274414e+00
8.592224836349487305e+00
8.871022224426269531e+00
8.861985921859741211e+00
9.073617696762084961e+00
8.531105756759643555e+00
9.109974622726440430e+00
8.735361337661743164e+00
9.045899629592895508e+00
9.012831687927246094e+00
9.299151182174682617e+00
8.491774797439575195e+00
8.911081075668334961e+00
9.411985397338867188e+00
9.065560579299926758e+00
9.092690706253051758e+00
8.979915618896484375e+00
8.948096275329589844e+00
9.183093309402465820e+00
8.861745595932006836e+00
9.163791418075561523e+00
9.242454051971435547e+00
8.996767044067382812e+00
8.968595266342163086e+00
8.844620227813720703e+00
9.510434150695800781e+00
9.212823390960693359e+00
9.003624677658081055e+00
8.973733663558959961e+00
8.958812475204467773e+00
9.079178094863891602e+00
8.896138906478881836e+00
2.104017639160156250e+01
9.295124292373657227e+00
9.076046943664550781e+00
9.303236484527587891e+00
8.841707944869995117e+00
9.004573822021484375e+00
9.137694835662841797e+00
9.259536743164062500e+00
8.963560104370117188e+00
9.143239736557006836e+00
8.958423852920532227e+00
8.982418775558471680e+00
8.882376909255981445e+00
9.211540222167968750e+00
8.956052541732788086e+00
9.096019268035888672e+00
8.234091758728027344e+00
8.461737871170043945e+00
8.569644451141357422e+00
8.947993040084838867e+00
8.756907939910888672e+00
9.166816711425781250e+00
9.367185592651367188e+00
9.179314851760864258e+00
8.873995065689086914e+00
9.449509859085083008e+00
9.279848098754882812e+00
9.397549152374267578e+00
8.841717004776000977e+00
8.948928356170654297e+00
8.847851514816284180e+00
9.102398872375488281e+00
8.783245563507080078e+00
8.701258420944213867e+00
8.913796186447143555e+00
8.879430055618286133e+00
9.359208345413208008e+00
8.887851715087890625e+00
9.005136966705322266e+00
8.938483953475952148e+00
8.464263439178466797e+00
8.474931716918945312e+00
9.252679586410522461e+00
8.620562553405761719e+00
9.473153829574584961e+00
8.628596544265747070e+00
8.956927299499511719e+00
9.641222238540649414e+00
8.942900419235229492e+00
9.305870771408081055e+00
8.985643625259399414e+00
9.298528671264648438e+00
9.237924337387084961e+00
9.279116868972778320e+00
9.118292570114135742e+00
8.557675361633300781e+00
8.974016666412353516e+00
8.840963125228881836e+00
9.282065629959106445e+00
8.584723472595214844e+00
8.900809288024902344e+00
9.099284410476684570e+00
9.148103713989257812e+00
9.248897314071655273e+00
9.141700029373168945e+00
9.177177190780639648e+00
8.728608369827270508e+00
8.781583309173583984e+00
9.004603862762451172e+00
9.093849182128906250e+00
9.562691926956176758e+00
8.507968902587890625e+00
9.149864673614501953e+00
9.153634548187255859e+00
9.234556674957275391e+00
8.656675577163696289e+00
9.354605913162231445e+00
8.961016893386840820e+00
8.374325275421142578e+00
9.280515193939208984e+00
8.781890392303466797e+00
9.043429851531982422e+00
9.022428989410400391e+00
8.953999519348144531e+00
8.677036285400390625e+00
8.814596891403198242e+00
8.680274963378906250e+00
9.057302713394165039e+00
9.061648130416870117e+00
8.807205677032470703e+00
9.185202121734619141e+00
9.076355457305908203e+00
8.255213975906372070e+00
9.189659595489501953e+00
9.036124229431152344e+00
8.594868183135986328e+00
8.862276077270507812e+00
9.074810743331909180e+00
9.510851621627807617e+00
9.011668920516967773e+00
2.047880172729492188e+01
8.663040876388549805e+00
9.043409109115600586e+00
9.046073436737060547e+00
8.821407794952392578e+00
9.113180875778198242e+00
9.142393827438354492e+00
9.356475830078125000e+00
8.955461740493774414e+00
8.838733196258544922e+00
9.027991056442260742e+00
8.887056827545166016e+00
8.911451339721679688e+00
8.970089435577392578e+00
9.470952510833740234e+00
9.120768308639526367e+00
9.186224699020385742e+00
8.883552074432373047e+00
8.643221616744995117e+00
8.923077106475830078e+00
9.147059679031372070e+00
9.284731864929199219e+00
9.394397974014282227e+00
9.318198680877685547e+00
8.790347099304199219e+00
8.955456018447875977e+00
9.348771810531616211e+00
9.003980159759521484e+00
9.370409488677978516e+00
8.896998643875122070e+00
8.656012535095214844e+00
9.165032863616943359e+00
9.145295381546020508e+00
9.306438922882080078e+00
8.932450532913208008e+00
8.895376205444335938e+00
8.027433633804321289e+00
8.987218618392944336e+00
9.014037847518920898e+00
8.698138475418090820e+00
9.035486459732055664e+00
9.030989408493041992e+00
9.108320236206054688e+00
8.642395496368408203e+00
9.401593685150146484e+00
9.519843816757202148e+00
9.159679889678955078e+00
9.354266643524169922e+00
9.414315462112426758e+00
8.767990589141845703e+00
9.047884941101074219e+00
8.714259624481201172e+00
8.788402557373046875e+00
8.983304977416992188e+00
9.185102224349975586e+00
9.294392824172973633e+00
9.315081834793090820e+00
9.099971294403076172e+00
8.967714309692382812e+00
9.155816555023193359e+00
8.636317014694213867e+00
9.293672323226928711e+00
8.359978437423706055e+00
8.258295536041259766e+00
8.814964532852172852e+00
8.975691318511962891e+00
9.010922908782958984e+00
9.056275606155395508e+00
8.806901216506958008e+00
9.067481040954589844e+00
8.947286367416381836e+00
9.190496206283569336e+00
9.181874036788940430e+00
8.888453245162963867e+00
9.619330406188964844e+00
9.421026468276977539e+00
8.736568927764892578e+00
9.023656845092773438e+00
9.170674800872802734e+00
9.241482257843017578e+00
8.561091184616088867e+00
9.180136680603027344e+00
9.027756452560424805e+00
9.462573766708374023e+00
9.398472070693969727e+00
9.027458429336547852e+00
8.862968683242797852e+00
8.632205009460449219e+00
9.062887430191040039e+00
8.836099386215209961e+00
9.396549701690673828e+00
9.192268133163452148e+00
9.240164279937744141e+00
9.269026517868041992e+00
9.120977878570556641e+00
9.157256126403808594e+00
9.093522071838378906e+00
8.864619493484497070e+00
9.330258607864379883e+00
8.964319705963134766e+00
2.030488681793212891e+01
8.931344509124755859e+00
9.191207647323608398e+00
8.809544563293457031e+00
9.035287618637084961e+00
9.051790714263916016e+00
8.974426984786987305e+00
9.016985654830932617e+00
8.979155063629150391e+00
9.099337816238403320e+00
8.970728397369384766e+00
8.794788599014282227e+00
8.947584867477416992e+00
9.128558874130249023e+00
9.359791517257690430e+00
8.819434881210327148e+00
9.027632713317871094e+00
8.994166374206542969e+00
9.390737771987915039e+00
9.329288482666015625e+00
9.184700012207031250e+00
8.992467403411865234e+00
9.032938241958618164e+00
8.840654611587524414e+00
9.089080333709716797e+00
8.912998676300048828e+00
8.920229911804199219e+00
9.615038633346557617e+00
8.863843441009521484e+00
9.303339958190917969e+00
9.314402580261230469e+00
9.061250925064086914e+00
9.205227851867675781e+00
9.376590728759765625e+00
9.304870128631591797e+00
9.225090265274047852e+00
9.117490053176879883e+00
9.131950378417968750e+00
8.681683778762817383e+00
8.790766954421997070e+00
9.159269094467163086e+00
8.328428745269775391e+00
9.019677400588989258e+00
8.965338945388793945e+00
9.578696012496948242e+00
8.791667222976684570e+00
9.233029603958129883e+00
8.641088247299194336e+00
9.249613285064697266e+00
9.059762001037597656e+00
9.127459287643432617e+00
9.066442489624023438e+00
9.086939334869384766e+00
8.988647460937500000e+00
9.103432416915893555e+00
9.091557502746582031e+00
8.793730020523071289e+00
8.671287298202514648e+00
9.253893136978149414e+00
9.201875686645507812e+00
8.768853425979614258e+00
8.821091413497924805e+00
8.404706716537475586e+00
9.256836652755737305e+00
9.246871709823608398e+00
8.732516765594482422e+00
8.864388465881347656e+00
8.692729711532592773e+00
8.201382875442504883e+00
8.983930587768554688e+00
8.760003805160522461e+00
8.694244146347045898e+00
8.625606775283813477e+00
9.193440914154052734e+00
8.766338825225830078e+00
9.321521282196044922e+00
9.222174882888793945e+00
8.904211044311523438e+00
8.826416254043579102e+00
9.188879013061523438e+00
9.218832254409790039e+00
9.312152147293090820e+00
8.923280239105224609e+00
8.910834312438964844e+00
8.893787622451782227e+00
9.393973350524902344e+00
8.634519100189208984e+00
8.595914840698242188e+00
8.689380884170532227e+00
9.072705268859863281e+00
8.997354745864868164e+00
8.975252151489257812e+00
8.910819292068481445e+00
8.942683458328247070e+00
9.175719261169433594e+00
9.032620429992675781e+00
8.924439907073974609e+00
8.974573135375976562e+00
8.974148511886596680e+00
8.866777420043945312e+00
2.076348996162414551e+01
9.017208814620971680e+00
9.177426815032958984e+00
8.979212999343872070e+00
8.556019067764282227e+00
9.280322551727294922e+00
8.931054830551147461e+00
9.480782032012939453e+00
9.265267610549926758e+00
9.102173328399658203e+00
9.288605928421020508e+00
8.198607921600341797e+00
8.820559740066528320e+00
8.938664436340332031e+00
9.070667266845703125e+00
9.153616905212402344e+00
8.926416397094726562e+00
8.933727025985717773e+00
9.200423240661621094e+00
8.797997236251831055e+00
9.256055831909179688e+00
9.318375825881958008e+00
8.670742034912109375e+00
8.958948135375976562e+00
9.145574808120727539e+00
8.771224021911621094e+00
9.116962432861328125e+00
9.214553833007812500e+00
9.018096446990966797e+00
9.043244838714599609e+00
9.120979785919189453e+00
8.752161026000976562e+00
8.934636116027832031e+00
9.092654466629028320e+00
9.149681329727172852e+00
9.170876741409301758e+00
8.652662038803100586e+00
8.568730831146240234e+00
9.800055265426635742e+00
9.162754535675048828e+00
9.542525768280029297e+00
8.901145696640014648e+00
9.011619806289672852e+00
9.201229572296142578e+00
8.953901290893554688e+00
9.159882068634033203e+00
9.089029550552368164e+00
9.180913448333740234e+00
8.944839715957641602e+00
9.010551452636718750e+00
9.181942939758300781e+00
8.996275901794433594e+00
9.143611907958984375e+00
9.335953950881958008e+00
8.939401626586914062e+00
8.603083372116088867e+00
9.158672809600830078e+00
8.519213676452636719e+00
9.184947013854980469e+00
9.305255413055419922e+00
8.995411157608032227e+00
9.589095830917358398e+00
9.144820213317871094e+00
9.268220663070678711e+00
9.140245199203491211e+00
8.885668992996215820e+00
8.941833496093750000e+00
8.884164571762084961e+00
8.827706336975097656e+00
9.187878370285034180e+00
9.209035873413085938e+00
8.901524543762207031e+00
9.205620765686035156e+00
9.034859657287597656e+00
8.641613960266113281e+00
8.856914520263671875e+00
8.873368978500366211e+00
9.065804958343505859e+00
9.060314893722534180e+00
9.133203029632568359e+00
9.213066577911376953e+00
8.482770919799804688e+00
9.236912250518798828e+00
8.685563325881958008e+00
9.281426906585693359e+00
9.296573400497436523e+00
8.953231811523437500e+00
8.758454084396362305e+00
9.204913854598999023e+00
9.541910409927368164e+00
9.623210191726684570e+00
9.418286085128784180e+00
9.216810464859008789e+00
8.691633701324462891e+00
9.072764873504638672e+00
9.434105396270751953e+00
8.978945970535278320e+00
9.121196746826171875e+00
9.044358491897583008e+00
9.277564525604248047e+00
2.041129302978515625e+01
9.111030340194702148e+00
9.227283000946044922e+00
8.799568176269531250e+00
8.822640895843505859e+00
9.082839965820312500e+00
9.091194152832031250e+00
9.204998254776000977e+00
9.043358564376831055e+00
9.181839227676391602e+00
9.028668642044067383e+00
9.450310468673706055e+00
9.121324539184570312e+00
9.201541662216186523e+00
8.944181203842163086e+00
9.035622596740722656e+00
9.467327833175659180e+00
9.068149089813232422e+00
8.735464811325073242e+00
9.260984182357788086e+00
9.355654478073120117e+00
8.889205694198608398e+00
9.128652811050415039e+00
8.971495389938354492e+00
9.422274351119995117e+00
9.624261856079101562e+00
9.052239179611206055e+00
9.187548398971557617e+00
9.160405397415161133e+00
9.013723373413085938e+00
9.484770536422729492e+00
9.183445930480957031e+00
8.861014127731323242e+00
8.685103416442871094e+00
8.848639011383056641e+00
9.410772800445556641e+00
9.711300849914550781e+00
9.274447202682495117e+00
9.397641658782958984e+00
8.988201141357421875e+00
9.616840839385986328e+00
8.594997882843017578e+00
9.120359182357788086e+00
9.203999519348144531e+00
9.028465032577514648e+00
9.223147392272949219e+00
9.225830793380737305e+00
9.537187576293945312e+00
8.742430686950683594e+00
9.016866207122802734e+00
9.446255207061767578e+00
9.119812965393066406e+00
8.988842010498046875e+00
9.542387485504150391e+00
9.139603137969970703e+00
8.866713047027587891e+00
9.043795824050903320e+00
8.876136064529418945e+00
9.085202455520629883e+00
8.968169927597045898e+00
9.026815414428710938e+00
8.983681917190551758e+00
8.687174558639526367e+00
9.221839904785156250e+00
9.438655138015747070e+00
9.241653919219970703e+00
8.874416589736938477e+00
9.413458585739135742e+00
8.734830856323242188e+00
8.978605508804321289e+00
9.014224052429199219e+00
9.399360656738281250e+00
9.549767494201660156e+00
8.932647466659545898e+00
9.008265495300292969e+00
9.068935155868530273e+00
9.174300909042358398e+00
9.035171747207641602e+00
9.285849332809448242e+00
8.753386020660400391e+00
9.170416116714477539e+00
9.249686241149902344e+00
8.932409763336181641e+00
8.879011631011962891e+00
8.782996892929077148e+00
8.749826192855834961e+00
8.968248367309570312e+00
9.735136747360229492e+00
9.171413421630859375e+00
9.864647626876831055e+00
8.876103401184082031e+00
8.451389312744140625e+00
8.526250600814819336e+00
9.388747692108154297e+00
8.540705919265747070e+00
8.859569311141967773e+00
9.206499576568603516e+00
9.200478553771972656e+00
8.876856803894042969e+00
9.199292182922363281e+00
2.118811440467834473e+01
9.222693920135498047e+00
9.125868558883666992e+00
9.087985277175903320e+00
9.311744928359985352e+00
8.892242670059204102e+00
8.941725015640258789e+00
9.119252681732177734e+00
9.124027490615844727e+00
9.532392978668212891e+00
9.020690679550170898e+00
9.036591529846191406e+00
9.072101593017578125e+00
8.890910625457763672e+00
9.049360513687133789e+00
9.289541959762573242e+00
9.121747255325317383e+00
9.091281652450561523e+00
8.899670839309692383e+00
8.845041275024414062e+00
9.452403306961059570e+00
9.678923606872558594e+00
9.232912778854370117e+00
9.721862792968750000e+00
8.980274438858032227e+00
9.094745397567749023e+00
8.918487787246704102e+00
9.476107120513916016e+00
9.230430126190185547e+00
9.312237024307250977e+00
9.124190807342529297e+00
9.206755399703979492e+00
8.746839761734008789e+00
9.489652872085571289e+00
9.173880577087402344e+00
9.426279783248901367e+00
9.241340875625610352e+00
8.894924402236938477e+00
9.015108823776245117e+00
9.422111272811889648e+00
9.091525077819824219e+00
9.085666418075561523e+00
9.116545200347900391e+00
8.980612993240356445e+00
9.193498849868774414e+00
8.919641733169555664e+00
9.356827259063720703e+00
8.781676292419433594e+00
9.025346279144287109e+00
9.104966163635253906e+00
8.397935390472412109e+00
9.107756853103637695e+00
9.140104532241821289e+00
9.133662223815917969e+00
8.620264768600463867e+00
9.112551927566528320e+00
8.924416303634643555e+00
8.730295896530151367e+00
9.360884904861450195e+00
9.055439710617065430e+00
8.801941394805908203e+00
9.200963258743286133e+00
9.180021047592163086e+00
8.791086673736572266e+00
8.630050897598266602e+00
9.156214475631713867e+00
9.297189474105834961e+00
8.824411392211914062e+00
9.205351352691650391e+00
8.827077865600585938e+00
8.906873703002929688e+00
9.167706012725830078e+00
9.052158117294311523e+00
8.611260652542114258e+00
9.255216360092163086e+00
9.177796840667724609e+00
9.386334180831909180e+00
9.277547121047973633e+00
9.292749404907226562e+00
9.185356855392456055e+00
9.347507238388061523e+00
8.514276027679443359e+00
9.203034639358520508e+00
8.770378589630126953e+00
8.947420120239257812e+00
9.232920169830322266e+00
8.984597444534301758e+00
8.554625272750854492e+00
9.114249467849731445e+00
9.377925395965576172e+00
9.313619613647460938e+00
8.945456027984619141e+00
9.426873922348022461e+00
8.997373342514038086e+00
9.024964094161987305e+00
9.109824895858764648e+00
8.801449775695800781e+00
8.950512409210205078e+00
9.011194229125976562e+00
8.564946889877319336e+00
2.019192957878112793e+01
9.392083644866943359e+00
9.472144126892089844e+00
8.862883329391479492e+00
9.385151386260986328e+00
9.054746150970458984e+00
8.556481361389160156e+00
9.248908996582031250e+00
9.462773323059082031e+00
8.975606918334960938e+00
8.839788198471069336e+00
8.855636119842529297e+00
8.799833059310913086e+00
9.007063388824462891e+00
9.002055168151855469e+00
8.932578325271606445e+00
8.802578687667846680e+00
9.044445514678955078e+00
9.389932870864868164e+00
8.940837383270263672e+00
9.009818315505981445e+00
9.357954502105712891e+00
9.325795650482177734e+00
9.075719833374023438e+00
9.050587177276611328e+00
9.248930454254150391e+00
9.164272308349609375e+00
8.799404621124267578e+00
8.983570098876953125e+00
9.222519874572753906e+00
9.441275358200073242e+00
8.943768978118896484e+00
9.105169057846069336e+00
9.135990858078002930e+00
8.627394199371337891e+00
8.863980054855346680e+00
8.776898860931396484e+00
9.129752397537231445e+00
9.272179603576660156e+00
9.064654588699340820e+00
9.057438135147094727e+00
9.483232736587524414e+00
8.954816341400146484e+00
9.168574810028076172e+00
9.115161895751953125e+00
9.489059686660766602e+00
9.219606637954711914e+00
8.978090524673461914e+00
8.966768980026245117e+00
9.331338644027709961e+00
9.140223026275634766e+00
9.423777818679809570e+00
9.012374162673950195e+00
8.687322854995727539e+00
9.348607540130615234e+00
9.143836021423339844e+00
8.973016023635864258e+00
9.325884103775024414e+00
9.031024217605590820e+00
9.274076461791992188e+00
8.513438463211059570e+00
9.241033077239990234e+00
8.934350252151489258e+00
9.625359535217285156e+00
9.224446535110473633e+00
9.157917261123657227e+00
9.421442508697509766e+00
8.858050584793090820e+00
9.059542417526245117e+00
9.433305025100708008e+00
8.978323221206665039e+00
9.312025785446166992e+00
9.037209510803222656e+00
9.007152557373046875e+00
9.175987482070922852e+00
9.096060752868652344e+00
8.993767261505126953e+00
8.725244283676147461e+00
9.609280347824096680e+00
9.195194959640502930e+00
8.696099042892456055e+00
8.947652339935302734e+00
9.051201820373535156e+00
9.338658094406127930e+00
9.265403985977172852e+00
8.797493696212768555e+00
9.288146018981933594e+00
8.884482145309448242e+00
8.564000129699707031e+00
8.864629507064819336e+00
9.494347572326660156e+00
9.104412317276000977e+00
8.808243036270141602e+00
8.916513442993164062e+00
9.181983232498168945e+00
8.985629558563232422e+00
8.718327760696411133e+00
8.835803508758544922e+00
8.792020559310913086e+00
8.682334899902343750e+00
2.020981264114379883e+01
8.824144363403320312e+00
8.495963096618652344e+00
8.547274589538574219e+00
8.454909801483154297e+00
9.450734138488769531e+00
8.622218132019042969e+00
8.784194707870483398e+00
9.301041841506958008e+00
8.920458316802978516e+00
8.364285945892333984e+00
8.512052059173583984e+00
8.900119781494140625e+00
8.732131481170654297e+00
8.877506017684936523e+00
9.102536439895629883e+00
9.107321262359619141e+00
9.272705078125000000e+00
8.870416402816772461e+00
9.207739591598510742e+00
9.100778818130493164e+00
8.895370244979858398e+00
8.785946607589721680e+00
9.204175233840942383e+00
8.955978393554687500e+00
8.886789798736572266e+00
9.355304718017578125e+00
9.038600921630859375e+00
8.901278018951416016e+00
8.119122028350830078e+00
9.112341165542602539e+00
9.090333938598632812e+00
9.002075195312500000e+00
9.013566732406616211e+00
8.947290658950805664e+00
9.007305383682250977e+00
9.069758892059326172e+00
9.174561262130737305e+00
8.600009202957153320e+00
9.063750743865966797e+00
8.592228889465332031e+00
8.726775884628295898e+00
8.916976451873779297e+00
9.229909181594848633e+00
8.896690845489501953e+00
9.555854558944702148e+00
8.708593845367431641e+00
8.947574853897094727e+00
9.010050773620605469e+00
9.300037622451782227e+00
8.469737768173217773e+00
8.927908182144165039e+00
8.901026725769042969e+00
9.261024951934814453e+00
9.270514965057373047e+00
9.395895004272460938e+00
9.034357309341430664e+00
9.120748996734619141e+00
9.233651161193847656e+00
8.837239742279052734e+00
9.484260082244873047e+00
9.247924089431762695e+00
8.997900247573852539e+00
9.042791128158569336e+00
8.832199335098266602e+00
9.547431707382202148e+00
9.380602359771728516e+00
8.391420125961303711e+00
9.280307054519653320e+00
9.318864583969116211e+00
9.032436370849609375e+00
9.257924556732177734e+00
9.357256650924682617e+00
9.159969568252563477e+00
8.856084108352661133e+00
8.924025297164916992e+00
9.041667938232421875e+00
9.157304763793945312e+00
8.764919042587280273e+00
9.055195569992065430e+00
9.105469226837158203e+00
9.338769435882568359e+00
8.766407489776611328e+00
9.001566648483276367e+00
8.526394605636596680e+00
8.965420246124267578e+00
9.127367496490478516e+00
8.436537504196166992e+00
8.864020586013793945e+00
9.199953794479370117e+00
9.263035297393798828e+00
9.352591037750244141e+00
8.986334562301635742e+00
8.948299169540405273e+00
9.300197601318359375e+00
8.934669733047485352e+00
9.397912979125976562e+00
9.010024785995483398e+00
9.356217384338378906e+00
9.056747436523437500e+00
1.936779499053955078e+01
8.994616031646728516e+00
8.989827871322631836e+00
8.927029609680175781e+00
8.809224128723144531e+00
9.030238389968872070e+00
8.943883657455444336e+00
8.894714593887329102e+00
9.071037054061889648e+00
9.124867916107177734e+00
9.367392063140869141e+00
9.161134004592895508e+00
9.155682086944580078e+00
9.229183197021484375e+00
9.415229082107543945e+00
9.049093723297119141e+00
9.258444070816040039e+00
9.006158590316772461e+00
8.641948223114013672e+00
8.984563112258911133e+00
9.506458997726440430e+00
9.285178899765014648e+00
9.189802169799804688e+00
9.052574396133422852e+00
9.288042068481445312e+00
8.829257249832153320e+00
9.224216938018798828e+00
9.021479606628417969e+00
9.248192071914672852e+00
9.555314540863037109e+00
8.986394166946411133e+00
9.600234031677246094e+00
9.408222675323486328e+00
8.928520202636718750e+00
9.185368061065673828e+00
9.516426563262939453e+00
9.053903818130493164e+00
9.232537269592285156e+00
8.825429916381835938e+00
8.987275838851928711e+00
8.970952510833740234e+00
9.090989589691162109e+00
9.049214601516723633e+00
9.190969228744506836e+00
9.146376609802246094e+00
8.978546619415283203e+00
9.029239416122436523e+00
9.067391872406005859e+00
9.044090986251831055e+00
9.071465730667114258e+00
9.306770086288452148e+00
9.249265193939208984e+00
9.047141551971435547e+00
9.276626110076904297e+00
9.606672763824462891e+00
9.006396532058715820e+00
9.087407588958740234e+00
9.197431087493896484e+00
9.126672983169555664e+00
8.759920597076416016e+00
9.297114372253417969e+00
8.902860164642333984e+00
9.028931379318237305e+00
9.497807741165161133e+00
8.667215347290039062e+00
9.135312557220458984e+00
8.922744035720825195e+00
8.657303810119628906e+00
9.205080032348632812e+00
9.155053615570068359e+00
9.144201517105102539e+00
9.152912616729736328e+00
8.927832603454589844e+00
9.226855278015136719e+00
9.091291189193725586e+00
8.751968145370483398e+00
9.199249267578125000e+00
8.910753011703491211e+00
8.651682376861572266e+00
8.887453556060791016e+00
9.041512012481689453e+00
8.856868505477905273e+00
9.056194782257080078e+00
9.083521127700805664e+00
8.892141342163085938e+00
9.328254699707031250e+00
9.226998567581176758e+00
8.677967786788940430e+00
9.076852083206176758e+00
9.164606332778930664e+00
9.047921657562255859e+00
9.189957141876220703e+00
9.057425498962402344e+00
9.296585798263549805e+00
9.087890863418579102e+00
9.231833696365356445e+00
9.597732543945312500e+00
9.246660232543945312e+00
9.493216753005981445e+00
9.517539739608764648e+00
2.125103664398193359e+01
9.156115770339965820e+00
8.970180749893188477e+00
8.993990421295166016e+00
9.449200630187988281e+00
9.282099962234497070e+00
8.848805904388427734e+00
8.710948228836059570e+00
8.850896835327148438e+00
9.290757417678833008e+00
9.138745784759521484e+00
9.153894901275634766e+00
9.143624067306518555e+00
8.558590412139892578e+00
9.195309877395629883e+00
8.992213964462280273e+00
9.271812915802001953e+00
9.251423358917236328e+00
8.998903751373291016e+00
8.940402984619140625e+00
8.905128955841064453e+00
9.155902624130249023e+00
9.051051139831542969e+00
8.980993747711181641e+00
8.962576389312744141e+00
9.290801048278808594e+00
9.483698368072509766e+00
9.542581796646118164e+00
8.816248178482055664e+00
8.741958618164062500e+00
9.508951187133789062e+00
9.287701129913330078e+00
8.977823257446289062e+00
9.391060113906860352e+00
8.923325538635253906e+00
8.719975709915161133e+00
9.367451429367065430e+00
9.305812358856201172e+00
9.179672479629516602e+00
9.327994585037231445e+00
9.103909015655517578e+00
9.419440746307373047e+00
9.512551784515380859e+00
9.079833269119262695e+00
9.198324918746948242e+00
9.148482799530029297e+00
9.069214582443237305e+00
8.953297376632690430e+00
9.038828849792480469e+00
9.369858741760253906e+00
9.124328613281250000e+00
9.202601194381713867e+00
8.709700822830200195e+00
9.054502487182617188e+00
9.439038276672363281e+00
9.203479290008544922e+00
9.390783071517944336e+00
9.202625274658203125e+00
9.129790544509887695e+00
8.949419021606445312e+00
9.578071832656860352e+00
9.326596021652221680e+00
9.234169244766235352e+00
9.179874658584594727e+00
9.056019544601440430e+00
8.512784242630004883e+00
9.191601991653442383e+00
8.975658893585205078e+00
9.199558973312377930e+00
8.919589281082153320e+00
8.447178840637207031e+00
8.899040222167968750e+00
8.956332921981811523e+00
9.463479280471801758e+00
9.244153261184692383e+00
9.240769386291503906e+00
8.745715141296386719e+00
8.853788614273071289e+00
8.824533462524414062e+00
9.198533296585083008e+00
9.167737960815429688e+00
9.054381608963012695e+00
9.279367923736572266e+00
9.096098423004150391e+00
9.047278881072998047e+00
9.114221811294555664e+00
8.990926504135131836e+00
9.053737401962280273e+00
8.685414552688598633e+00
9.432085275650024414e+00
8.882872104644775391e+00
9.001932382583618164e+00
9.040753126144409180e+00
9.271952390670776367e+00
9.109340190887451172e+00
9.306037664413452148e+00
8.673445940017700195e+00
9.063187837600708008e+00
9.151552200317382812e+00
8.501952171325683594e+00
2.119361877441406250e+01
9.064591407775878906e+00
8.891984224319458008e+00
8.976600170135498047e+00
9.283931016921997070e+00
9.000489950180053711e+00
9.400043487548828125e+00
8.904189586639404297e+00
9.069568395614624023e+00
9.012564897537231445e+00
9.154500722885131836e+00
9.175539731979370117e+00
8.557641506195068359e+00
8.796548604965209961e+00
9.056380033493041992e+00
9.245438814163208008e+00
9.034641265869140625e+00
8.591551542282104492e+00
9.167511463165283203e+00
9.358220338821411133e+00
9.430839061737060547e+00
9.398369550704956055e+00
9.294991016387939453e+00
9.353612661361694336e+00
9.100741386413574219e+00
9.381529569625854492e+00
8.957393884658813477e+00
8.922933578491210938e+00
8.881496191024780273e+00
8.455194473266601562e+00
8.883948087692260742e+00
9.195848941802978516e+00
9.366280317306518555e+00
8.913945913314819336e+00
9.045359849929809570e+00
8.889275074005126953e+00
9.380484819412231445e+00
8.795597076416015625e+00
8.747264623641967773e+00
9.275651693344116211e+00
8.771641731262207031e+00
8.836704492568969727e+00
8.765348434448242188e+00
9.124495267868041992e+00
9.162618398666381836e+00
9.022963047027587891e+00
8.887383937835693359e+00
9.093910455703735352e+00
8.822594642639160156e+00
9.166259527206420898e+00
8.812636852264404297e+00
8.908372640609741211e+00
8.431733369827270508e+00
8.827007055282592773e+00
8.678263902664184570e+00
8.926761627197265625e+00
9.311814785003662109e+00
8.717210292816162109e+00
9.098825454711914062e+00
9.019675254821777344e+00
9.552310228347778320e+00
9.136223077774047852e+00
9.299647092819213867e+00
8.873245716094970703e+00
9.218540906906127930e+00
8.686540603637695312e+00
8.994386672973632812e+00
8.847124099731445312e+00
9.078703403472900391e+00
8.624367952346801758e+00
8.863283872604370117e+00
8.861028671264648438e+00
9.179485797882080078e+00
9.098702430725097656e+00
9.094303369522094727e+00
9.417205810546875000e+00
8.992163896560668945e+00
9.137682437896728516e+00
9.369497537612915039e+00
9.329494953155517578e+00
9.053447008132934570e+00
9.067396640777587891e+00
9.034218788146972656e+00
9.242682933807373047e+00
9.438329458236694336e+00
9.173682212829589844e+00
9.186562538146972656e+00
9.184571504592895508e+00
9.487569570541381836e+00
9.022589921951293945e+00
9.048397779464721680e+00
8.665362358093261719e+00
8.991973161697387695e+00
9.233598947525024414e+00
9.134754657745361328e+00
9.081342458724975586e+00
9.192653656005859375e+00
9.178751707077026367e+00
8.964766263961791992e+00
9.278421401977539062e+00
2.053192162513732910e+01
9.299148321151733398e+00
9.000869035720825195e+00
9.425515651702880859e+00
9.475587129592895508e+00
8.728681802749633789e+00
9.013574600219726562e+00
9.327198266983032227e+00
9.360550403594970703e+00
9.312593221664428711e+00
9.196406126022338867e+00
9.247590303421020508e+00
8.803415060043334961e+00
8.566343307495117188e+00
9.215950012207031250e+00
9.318675994873046875e+00
9.356638908386230469e+00
9.259014844894409180e+00
8.926273822784423828e+00
9.485911607742309570e+00
8.759629487991333008e+00
9.079749822616577148e+00
9.468706846237182617e+00
8.814939737319946289e+00
9.153846740722656250e+00
9.215189456939697266e+00
9.198883533477783203e+00
9.132288694381713867e+00
9.069877147674560547e+00
9.261258363723754883e+00
8.827768802642822266e+00
9.247506856918334961e+00
9.303788900375366211e+00
9.073845863342285156e+00
9.232128381729125977e+00
9.300339221954345703e+00
8.754242897033691406e+00
8.846657037734985352e+00
9.177722454071044922e+00
8.834255695343017578e+00
9.014256715774536133e+00
9.143481731414794922e+00
9.369840621948242188e+00
9.419461250305175781e+00
9.150099277496337891e+00
8.975935935974121094e+00
9.326847791671752930e+00
9.111276865005493164e+00
9.193869590759277344e+00
9.118837118148803711e+00
9.080495119094848633e+00
8.908472776412963867e+00
9.125730514526367188e+00
8.786493062973022461e+00
8.883337259292602539e+00
9.134947538375854492e+00
9.351009607315063477e+00
9.525714159011840820e+00
9.182801723480224609e+00
9.321758508682250977e+00
8.831696510314941406e+00
8.700103282928466797e+00
8.932121515274047852e+00
9.053875446319580078e+00
9.167996168136596680e+00
9.564453601837158203e+00
8.902254581451416016e+00
9.027653455734252930e+00
9.344167232513427734e+00
9.336726903915405273e+00
9.245311975479125977e+00
9.211807012557983398e+00
9.417449951171875000e+00
8.845938920974731445e+00
8.886688947677612305e+00
9.035761117935180664e+00
8.916615724563598633e+00
8.795600414276123047e+00
9.031520128250122070e+00
8.857566595077514648e+00
9.412441015243530273e+00
8.562255382537841797e+00
8.977209329605102539e+00
9.095995426177978516e+00
9.391931533813476562e+00
9.131466388702392578e+00
8.701667785644531250e+00
9.537087202072143555e+00
9.076106071472167969e+00
9.304545640945434570e+00
9.022527217864990234e+00
9.089380502700805664e+00
8.882145881652832031e+00
9.621832847595214844e+00
8.916016817092895508e+00
8.903236627578735352e+00
8.929337978363037109e+00
9.034949302673339844e+00
9.404545783996582031e+00
9.246075868606567383e+00
2.105505204200744629e+01
9.205546140670776367e+00
8.886894941329956055e+00
9.167791366577148438e+00
9.220014333724975586e+00
9.310512304306030273e+00
9.166633367538452148e+00
9.109048366546630859e+00
8.579361200332641602e+00
9.584820508956909180e+00
9.123512983322143555e+00
9.152613878250122070e+00
8.839647531509399414e+00
8.910823583602905273e+00
9.253403186798095703e+00
9.008652687072753906e+00
9.115436315536499023e+00
9.139107942581176758e+00
9.200301408767700195e+00
9.420784473419189453e+00
9.397559881210327148e+00
9.186978578567504883e+00
8.894014358520507812e+00
9.037667274475097656e+00
9.032897233963012695e+00
8.972106695175170898e+00
9.016823291778564453e+00
9.099382877349853516e+00
9.655601739883422852e+00
9.095751285552978516e+00
8.830406904220581055e+00
9.433339834213256836e+00
8.895361423492431641e+00
9.313647031784057617e+00
8.997189521789550781e+00
9.462984323501586914e+00
9.316935777664184570e+00
8.992077350616455078e+00
8.950028419494628906e+00
9.208578348159790039e+00
9.350465774536132812e+00
9.455543279647827148e+00
8.923384428024291992e+00
9.349390029907226562e+00
9.343877077102661133e+00
9.238220453262329102e+00
9.139579057693481445e+00
9.076422452926635742e+00
9.139561176300048828e+00
9.303952217102050781e+00
8.852979421615600586e+00
9.008821487426757812e+00
9.000232458114624023e+00
8.709074020385742188e+00
9.249560356140136719e+00
9.300392389297485352e+00
8.702786684036254883e+00
9.069778680801391602e+00
8.927398681640625000e+00
9.130626916885375977e+00
9.208099126815795898e+00
9.523817300796508789e+00
9.235380172729492188e+00
8.994427204132080078e+00
9.397463083267211914e+00
8.971721172332763672e+00
9.059967279434204102e+00
9.576932907104492188e+00
9.550637245178222656e+00
9.463395595550537109e+00
8.975365161895751953e+00
9.116269111633300781e+00
9.491412401199340820e+00
8.966018438339233398e+00
8.601932764053344727e+00
9.181565284729003906e+00
9.124763250350952148e+00
9.284048318862915039e+00
9.460560560226440430e+00
8.734755277633666992e+00
9.099741220474243164e+00
8.918259620666503906e+00
9.235655546188354492e+00
8.805385351181030273e+00
9.433924674987792969e+00
8.801319360733032227e+00
8.830181121826171875e+00
9.462276458740234375e+00
9.171648263931274414e+00
9.310235738754272461e+00
9.451757431030273438e+00
9.085807323455810547e+00
9.228856801986694336e+00
9.772877931594848633e+00
8.653623580932617188e+00
8.995754957199096680e+00
9.220852851867675781e+00
9.256496667861938477e+00
8.871345043182373047e+00
8.921789646148681641e+00
2.096419024467468262e+01
9.488183259963989258e+00
8.662276744842529297e+00
8.780963659286499023e+00
9.122767925262451172e+00
9.492042541503906250e+00
9.679788351058959961e+00
9.298842191696166992e+00
8.900537967681884766e+00
9.129170894622802734e+00
8.996158123016357422e+00
8.642227888107299805e+00
8.608053922653198242e+00
9.066128253936767578e+00
8.883101701736450195e+00
9.100774526596069336e+00
9.060515403747558594e+00
8.909187316894531250e+00
9.720970630645751953e+00
8.936754465103149414e+00
9.218712329864501953e+00
9.220918655395507812e+00
9.252023696899414062e+00
9.376225709915161133e+00
9.459148168563842773e+00
9.167026281356811523e+00
9.089555025100708008e+00
9.176516294479370117e+00
9.310051441192626953e+00
9.065111160278320312e+00
8.901976346969604492e+00
9.345251083374023438e+00
9.167350769042968750e+00
9.042813539505004883e+00
9.189996719360351562e+00
9.321851491928100586e+00
8.788498163223266602e+00
9.082320690155029297e+00
9.503046751022338867e+00
9.194111824035644531e+00
9.117754697799682617e+00
9.143477439880371094e+00
9.136461734771728516e+00
9.267865419387817383e+00
8.974231719970703125e+00
9.272334098815917969e+00
9.221610069274902344e+00
8.972985744476318359e+00
8.969053506851196289e+00
8.995577573776245117e+00
9.000007867813110352e+00
8.579076290130615234e+00
9.066297531127929688e+00
9.650054216384887695e+00
9.149700641632080078e+00
9.167873859405517578e+00
8.821510076522827148e+00
9.463965415954589844e+00
9.344295024871826172e+00
8.763810157775878906e+00
8.960236549377441406e+00
9.206242322921752930e+00
9.052257061004638672e+00
9.291542291641235352e+00
9.237799644470214844e+00
9.237900018692016602e+00
8.873290777206420898e+00
8.784063100814819336e+00
9.397726774215698242e+00
9.044436693191528320e+00
9.133445262908935547e+00
9.295700311660766602e+00
9.106887102127075195e+00
9.375686407089233398e+00
9.024954795837402344e+00
8.761484622955322266e+00
9.001076459884643555e+00
9.131979465484619141e+00
9.330261945724487305e+00
9.100235223770141602e+00
9.163171052932739258e+00
8.159045934677124023e+00
9.190083742141723633e+00
9.305005073547363281e+00
9.175594806671142578e+00
9.186696529388427734e+00
9.455366373062133789e+00
8.847791671752929688e+00
9.113782405853271484e+00
9.064748048782348633e+00
9.001531124114990234e+00
9.318711757659912109e+00
9.705551385879516602e+00
9.101349353790283203e+00
9.073303222656250000e+00
9.034020662307739258e+00
8.959130287170410156e+00
9.249128580093383789e+00
9.386916160583496094e+00
9.029282331466674805e+00
2.089202809333801270e+01
8.917728662490844727e+00
9.472117185592651367e+00
9.241050481796264648e+00
9.069079160690307617e+00
9.159469366073608398e+00
9.069402694702148438e+00
9.204914331436157227e+00
9.401363372802734375e+00
9.118110656738281250e+00
9.235029697418212891e+00
9.282939434051513672e+00
8.979293584823608398e+00
9.266770601272583008e+00
9.082205533981323242e+00
9.577292442321777344e+00
9.000854015350341797e+00
9.264299869537353516e+00
9.305585145950317383e+00
8.727813720703125000e+00
9.150531053543090820e+00
9.569754838943481445e+00
9.223535537719726562e+00
9.706166982650756836e+00
9.065290212631225586e+00
9.098894834518432617e+00
9.290164709091186523e+00
9.032577514648437500e+00
8.965222835540771484e+00
9.151878595352172852e+00
8.948509216308593750e+00
9.050929784774780273e+00
9.027168035507202148e+00
8.901953935623168945e+00
8.784020662307739258e+00
9.187640428543090820e+00
9.142372608184814453e+00
9.086081266403198242e+00
9.252373456954956055e+00
9.493282079696655273e+00
9.245474100112915039e+00
9.038045167922973633e+00
9.400075674057006836e+00
9.340958833694458008e+00
8.926593780517578125e+00
8.743499040603637695e+00
9.314075231552124023e+00
9.317796230316162109e+00
9.210100889205932617e+00
9.004538774490356445e+00
8.906289577484130859e+00
9.241423606872558594e+00
9.238491296768188477e+00
8.766840219497680664e+00
9.325956583023071289e+00
9.405660629272460938e+00
9.260158777236938477e+00
8.769281625747680664e+00
8.999475955963134766e+00
9.073993921279907227e+00
9.026756525039672852e+00
8.769053459167480469e+00
8.948621988296508789e+00
9.246434688568115234e+00
8.894355773925781250e+00
9.042748451232910156e+00
9.026913881301879883e+00
9.064118146896362305e+00
9.437908649444580078e+00
9.506944894790649414e+00
9.187303781509399414e+00
9.111149311065673828e+00
9.173440933227539062e+00
9.113499641418457031e+00
8.857222318649291992e+00
8.930659770965576172e+00
9.069533348083496094e+00
9.093978404998779297e+00
9.383590221405029297e+00
9.273914575576782227e+00
9.278297185897827148e+00
8.576663494110107422e+00
8.970621109008789062e+00
9.324388742446899414e+00
9.169089317321777344e+00
9.222121715545654297e+00
9.079621553421020508e+00
9.137918710708618164e+00
8.906540870666503906e+00
9.285493135452270508e+00
9.043927669525146484e+00
9.178345203399658203e+00
9.220657348632812500e+00
8.995660305023193359e+00
9.459983825683593750e+00
9.492576599121093750e+00
8.678941726684570312e+00
9.278513669967651367e+00
9.208921194076538086e+00
9.252773046493530273e+00
2.096141982078552246e+01
8.442008495330810547e+00
9.046981811523437500e+00
8.985529661178588867e+00
9.239245176315307617e+00
8.810297727584838867e+00
8.141691684722900391e+00
9.291606187820434570e+00
9.414515256881713867e+00
9.168404817581176758e+00
9.127548933029174805e+00
9.297028064727783203e+00
9.205412626266479492e+00
9.206516027450561523e+00
9.424326419830322266e+00
9.234534025192260742e+00
9.163393735885620117e+00
9.315895795822143555e+00
8.686423301696777344e+00
8.909984827041625977e+00
8.709043264389038086e+00
9.208385705947875977e+00
9.469511032104492188e+00
8.736556529998779297e+00
8.583124637603759766e+00
9.138098239898681641e+00
8.560764551162719727e+00
9.071703910827636719e+00
9.204562902450561523e+00
9.338166475296020508e+00
9.454794883728027344e+00
9.142786979675292969e+00
9.158126354217529297e+00
8.828541994094848633e+00
9.153338909149169922e+00
9.492747545242309570e+00
9.582383632659912109e+00
8.896044731140136719e+00
9.208445072174072266e+00
9.106483697891235352e+00
9.472924709320068359e+00
9.424678802490234375e+00
9.401954412460327148e+00
9.368159770965576172e+00
9.184420585632324219e+00
9.183599472045898438e+00
9.305991888046264648e+00
8.943824529647827148e+00
9.172505855560302734e+00
9.473578453063964844e+00
9.226395845413208008e+00
9.250466108322143555e+00
8.919074535369873047e+00
8.662954330444335938e+00
9.356446504592895508e+00
8.979775190353393555e+00
9.350606203079223633e+00
9.135635852813720703e+00
9.397259235382080078e+00
9.034647941589355469e+00
8.948608875274658203e+00
9.294793605804443359e+00
9.382756233215332031e+00
9.187290906906127930e+00
8.697937250137329102e+00
9.284431695938110352e+00
8.681067705154418945e+00
8.991599082946777344e+00
9.018839597702026367e+00
8.799604654312133789e+00
9.032288789749145508e+00
9.340840578079223633e+00
9.127892732620239258e+00
9.062371730804443359e+00
8.952363252639770508e+00
9.402405261993408203e+00
8.970691442489624023e+00
8.895132303237915039e+00
9.066259860992431641e+00
8.695983171463012695e+00
8.917062759399414062e+00
9.107400417327880859e+00
9.189986944198608398e+00
9.163136243820190430e+00
9.108894348144531250e+00
9.395957708358764648e+00
8.940114021301269531e+00
9.093293905258178711e+00
9.232985258102416992e+00
9.378442525863647461e+00
9.317747592926025391e+00
9.141393184661865234e+00
9.187381267547607422e+00
8.423829555511474609e+00
9.581128835678100586e+00
9.313453912734985352e+00
9.676718711853027344e+00
9.229215145111083984e+00
9.462059259414672852e+00
9.524878978729248047e+00
2.087865543365478516e+01
9.690113306045532227e+00
8.855829238891601562e+00
9.114765405654907227e+00
9.356368303298950195e+00
9.311320304870605469e+00
9.492522478103637695e+00
9.377754688262939453e+00
8.943688869476318359e+00
9.434982776641845703e+00
9.464145898818969727e+00
9.411375761032104492e+00
9.101156949996948242e+00
9.116529703140258789e+00
8.942486763000488281e+00
8.772442579269409180e+00
8.883897066116333008e+00
8.726547479629516602e+00
9.211942195892333984e+00
9.148875713348388672e+00
9.050308227539062500e+00
9.337186813354492188e+00
9.529668569564819336e+00
8.968727588653564453e+00
9.152800083160400391e+00
9.184974908828735352e+00
9.320321321487426758e+00
9.464133024215698242e+00
9.349758148193359375e+00
9.494828701019287109e+00
9.339950799942016602e+00
9.205094337463378906e+00
8.983481407165527344e+00
9.236698627471923828e+00
9.081232786178588867e+00
9.175245285034179688e+00
9.605650424957275391e+00
9.206024169921875000e+00
9.282017946243286133e+00
9.403082132339477539e+00
8.430091381072998047e+00
9.365972280502319336e+00
9.309377431869506836e+00
8.916801691055297852e+00
8.850605487823486328e+00
9.302335977554321289e+00
9.253414869308471680e+00
9.277049303054809570e+00
9.019690036773681641e+00
9.149859905242919922e+00
8.550971984863281250e+00
9.538767337799072266e+00
9.068689107894897461e+00
9.126788854598999023e+00
9.190353870391845703e+00
9.221460103988647461e+00
9.314448356628417969e+00
9.260849714279174805e+00
9.053772926330566406e+00
8.791431665420532227e+00
8.786133527755737305e+00
8.269409656524658203e+00
9.131897449493408203e+00
9.084247827529907227e+00
8.970213413238525391e+00
9.110357522964477539e+00
9.008474826812744141e+00
9.071900367736816406e+00
9.264438867568969727e+00
9.001832246780395508e+00
9.163381576538085938e+00
9.130544185638427734e+00
9.186616420745849609e+00
8.953331708908081055e+00
9.009942770004272461e+00
9.318225860595703125e+00
8.610595703125000000e+00
9.084419965744018555e+00
9.122882843017578125e+00
9.403981924057006836e+00
8.878464698791503906e+00
8.507177352905273438e+00
9.182531356811523438e+00
8.743283033370971680e+00
9.295689105987548828e+00
9.235982894897460938e+00
8.667294263839721680e+00
9.049901247024536133e+00
9.022502422332763672e+00
8.628221750259399414e+00
8.957521677017211914e+00
9.108134984970092773e+00
8.956166744232177734e+00
9.305299282073974609e+00
9.268896818161010742e+00
9.271995306015014648e+00
9.468858480453491211e+00
8.867309093475341797e+00
8.810179710388183594e+00
9.031820297241210938e+00
2.127519631385803223e+01
8.917785406112670898e+00
9.259334564208984375e+00
9.279461383819580078e+00
9.340586662292480469e+00
9.436631441116333008e+00
9.368348598480224609e+00
9.027163982391357422e+00
9.282671213150024414e+00
8.892687559127807617e+00
9.053745269775390625e+00
8.596507072448730469e+00
9.118570089340209961e+00
8.995864629745483398e+00
8.893195390701293945e+00
8.769672393798828125e+00
9.390686988830566406e+00
9.391598701477050781e+00
9.383200645446777344e+00
8.977145195007324219e+00
9.103395938873291016e+00
8.989015579223632812e+00
9.151386737823486328e+00
9.154000759124755859e+00
9.181004524230957031e+00
8.917958974838256836e+00
8.814279317855834961e+00
9.173447847366333008e+00
9.154587030410766602e+00
9.315735578536987305e+00
9.184731960296630859e+00
9.424237489700317383e+00
8.942332744598388672e+00
9.028993844985961914e+00
8.920216321945190430e+00
9.481468677520751953e+00
9.077587842941284180e+00
9.193048000335693359e+00
8.904992341995239258e+00
9.153189659118652344e+00
9.384345531463623047e+00
9.178048133850097656e+00
8.729165792465209961e+00
9.214083671569824219e+00
9.160581111907958984e+00
9.059898376464843750e+00
9.148553133010864258e+00
8.958705902099609375e+00
9.218637466430664062e+00
9.458580255508422852e+00
9.690976619720458984e+00
9.272879123687744141e+00
9.462608814239501953e+00
9.081547975540161133e+00
9.784267425537109375e+00
8.923119544982910156e+00
8.791825056076049805e+00
8.972384214401245117e+00
9.190401315689086914e+00
9.351871013641357422e+00
8.980946540832519531e+00
8.826023578643798828e+00
9.003137350082397461e+00
9.010300874710083008e+00
9.237958908081054688e+00
8.124283075332641602e+00
9.144708871841430664e+00
8.657425642013549805e+00
8.932211399078369141e+00
9.412920713424682617e+00
9.429958105087280273e+00
9.342843770980834961e+00
9.216851472854614258e+00
9.268440723419189453e+00
9.440393447875976562e+00
9.190287113189697266e+00
9.252408742904663086e+00
9.193807840347290039e+00
9.427409172058105469e+00
9.567448854446411133e+00
9.193521976470947266e+00
9.313139677047729492e+00
9.154983043670654297e+00
9.254684686660766602e+00
9.457818508148193359e+00
9.519523143768310547e+00
9.246778964996337891e+00
9.280428409576416016e+00
8.963344573974609375e+00
9.220352888107299805e+00
9.376455307006835938e+00
9.348005056381225586e+00
9.580982446670532227e+00
9.340375900268554688e+00
9.151147842407226562e+00
9.113938570022583008e+00
9.046293973922729492e+00
9.271523952484130859e+00
9.435275316238403320e+00
9.035184144973754883e+00
2.140113830566406250e+01
9.221438407897949219e+00
9.226052999496459961e+00
9.710424184799194336e+00
9.195041894912719727e+00
9.372815847396850586e+00
9.039768695831298828e+00
9.359277009963989258e+00
9.449362277984619141e+00
9.519187450408935547e+00
9.271880388259887695e+00
9.530241727828979492e+00
8.952587604522705078e+00
9.778963804244995117e+00
8.968695402145385742e+00
8.734170436859130859e+00
9.596359968185424805e+00
9.639883518218994141e+00
8.989433526992797852e+00
9.407241344451904297e+00
9.358024120330810547e+00
9.511405467987060547e+00
9.477368354797363281e+00
8.884520292282104492e+00
8.865891218185424805e+00
8.963468790054321289e+00
9.238607883453369141e+00
9.536283969879150391e+00
9.426737070083618164e+00
9.153156280517578125e+00
9.494368553161621094e+00
9.266278743743896484e+00
9.316302776336669922e+00
9.130707740783691406e+00
8.777387857437133789e+00
9.048715114593505859e+00
9.219715356826782227e+00
9.639233589172363281e+00
9.242807149887084961e+00
9.289942502975463867e+00
9.633752822875976562e+00
9.319837331771850586e+00
9.260141372680664062e+00
9.447680473327636719e+00
9.343294858932495117e+00
9.486536741256713867e+00
9.059145927429199219e+00
9.153119564056396484e+00
9.414703369140625000e+00
9.508641481399536133e+00
9.602062940597534180e+00
8.856064081192016602e+00
9.108612537384033203e+00
8.936491966247558594e+00
9.631098031997680664e+00
9.082029819488525391e+00
9.200047016143798828e+00
9.502117156982421875e+00
9.299930095672607422e+00
9.388455390930175781e+00
9.377727508544921875e+00
8.780699968338012695e+00
9.035842180252075195e+00
9.296683073043823242e+00
9.380455493927001953e+00
8.797099351882934570e+00
8.997898817062377930e+00
9.328400611877441406e+00
9.218032598495483398e+00
9.143420457839965820e+00
9.618756532669067383e+00
9.237145423889160156e+00
9.394595146179199219e+00
9.279762744903564453e+00
9.112836122512817383e+00
9.048042535781860352e+00
9.117689132690429688e+00
9.001335859298706055e+00
9.648376941680908203e+00
9.460439682006835938e+00
9.480904102325439453e+00
9.365785837173461914e+00
9.045005559921264648e+00
9.303099155426025391e+00
9.611291885375976562e+00
8.997842550277709961e+00
9.145632028579711914e+00
9.250214576721191406e+00
9.265192031860351562e+00
9.225331783294677734e+00
9.132004499435424805e+00
9.376339673995971680e+00
9.466744661331176758e+00
9.326476335525512695e+00
9.376455545425415039e+00
8.814625740051269531e+00
8.838968992233276367e+00
9.520342111587524414e+00
9.340951919555664062e+00
9.238786935806274414e+00
2.105199432373046875e+01
9.234018564224243164e+00
9.075930833816528320e+00
9.274621963500976562e+00
9.141572237014770508e+00
9.176595449447631836e+00
9.395835161209106445e+00
9.169399261474609375e+00
9.140966653823852539e+00
8.917688131332397461e+00
9.074185371398925781e+00
9.060788393020629883e+00
9.539716243743896484e+00
9.550568580627441406e+00
9.304855346679687500e+00
9.403351306915283203e+00
9.213206768035888672e+00
9.333727598190307617e+00
9.213604927062988281e+00
9.307267904281616211e+00
9.224257707595825195e+00
9.178242206573486328e+00
9.256323099136352539e+00
9.398167848587036133e+00
9.408338308334350586e+00
9.381109952926635742e+00
9.604843854904174805e+00
9.391654968261718750e+00
9.402656793594360352e+00
9.624318122863769531e+00
9.272568225860595703e+00
9.047716379165649414e+00
9.285559415817260742e+00
9.328689336776733398e+00
8.942836761474609375e+00
9.398697376251220703e+00
9.239735364913940430e+00
9.181887149810791016e+00
8.771027565002441406e+00
9.214292526245117188e+00
9.116346359252929688e+00
9.401438713073730469e+00
9.464671611785888672e+00
9.404657363891601562e+00
9.037081718444824219e+00
9.101867198944091797e+00
9.272327661514282227e+00
9.197456836700439453e+00
9.404518365859985352e+00
9.016806364059448242e+00
9.045674800872802734e+00
9.058151245117187500e+00
9.647516965866088867e+00
9.195284128189086914e+00
9.377576828002929688e+00
9.550142526626586914e+00
8.859853267669677734e+00
8.982860088348388672e+00
9.109256267547607422e+00
8.955653667449951172e+00
9.208788871765136719e+00
9.451047420501708984e+00
9.167376756668090820e+00
9.364753484725952148e+00
9.257128715515136719e+00
9.202374696731567383e+00
9.394963264465332031e+00
9.423234939575195312e+00
9.349697351455688477e+00
9.042545080184936523e+00
9.160866260528564453e+00
9.504944086074829102e+00
9.486113786697387695e+00
9.154395341873168945e+00
9.198626518249511719e+00
8.939481019973754883e+00
9.532851457595825195e+00
9.555982589721679688e+00
9.179005861282348633e+00
8.855415344238281250e+00
8.874952077865600586e+00
8.892935276031494141e+00
9.228775501251220703e+00
9.286861419677734375e+00
8.834934234619140625e+00
9.289865493774414062e+00
9.226344347000122070e+00
9.271998167037963867e+00
9.125632047653198242e+00
8.941327571868896484e+00
9.568068742752075195e+00
9.231280565261840820e+00
9.304772377014160156e+00
8.984962224960327148e+00
9.008005142211914062e+00
9.187769174575805664e+00
9.478531122207641602e+00
8.870736837387084961e+00
9.348891019821166992e+00
9.099687099456787109e+00
2.110770916938781738e+01
9.416022777557373047e+00
9.038716793060302734e+00
9.321964502334594727e+00
9.122831106185913086e+00
8.847841024398803711e+00
9.085076570510864258e+00
9.434868097305297852e+00
9.401005744934082031e+00
9.570513486862182617e+00
9.090400934219360352e+00
9.269329071044921875e+00
9.580584049224853516e+00
9.566349744796752930e+00
8.786891698837280273e+00
9.404644966125488281e+00
9.124655485153198242e+00
9.049452543258666992e+00
9.339805126190185547e+00
9.237240552902221680e+00
8.895925283432006836e+00
9.119641065597534180e+00
9.401928186416625977e+00
8.945027828216552734e+00
9.379014492034912109e+00
9.326708316802978516e+00
9.044903755187988281e+00
9.338538408279418945e+00
9.161468982696533203e+00
9.110914707183837891e+00
9.102560520172119141e+00
9.123729705810546875e+00
9.379102706909179688e+00
8.972618103027343750e+00
9.072452783584594727e+00
9.177218914031982422e+00
8.979686975479125977e+00
9.104944944381713867e+00
8.712775945663452148e+00
8.849028587341308594e+00
9.351368665695190430e+00
9.087323427200317383e+00
9.190712690353393555e+00
9.293914318084716797e+00
8.845141172409057617e+00
8.994125127792358398e+00
8.412853240966796875e+00
8.832022905349731445e+00
9.149397373199462891e+00
9.196712493896484375e+00
8.940840482711791992e+00
8.948198556900024414e+00
9.492761373519897461e+00
8.889161348342895508e+00
8.696666955947875977e+00
9.076747894287109375e+00
8.842909097671508789e+00
9.200115680694580078e+00
8.877904176712036133e+00
9.289183378219604492e+00
8.966538429260253906e+00
8.884428501129150391e+00
9.275998353958129883e+00
9.209313631057739258e+00
9.109741210937500000e+00
9.340791702270507812e+00
8.786654472351074219e+00
9.251657247543334961e+00
9.469577550888061523e+00
9.169666767120361328e+00
9.086839914321899414e+00
9.261935234069824219e+00
9.205408811569213867e+00
8.793736219406127930e+00
9.319272041320800781e+00
9.326658010482788086e+00
9.109609365463256836e+00
9.256528615951538086e+00
9.482567787170410156e+00
9.014967203140258789e+00
9.813189983367919922e+00
9.059338808059692383e+00
8.839592933654785156e+00
9.063006877899169922e+00
9.004210472106933594e+00
9.298835992813110352e+00
8.941840887069702148e+00
8.839709997177124023e+00
9.311408042907714844e+00
9.024446010589599609e+00
9.055268764495849609e+00
9.426125764846801758e+00
9.368352890014648438e+00
9.090542554855346680e+00
8.809943437576293945e+00
9.120862007141113281e+00
8.981390714645385742e+00
9.348584175109863281e+00
9.016513586044311523e+00
9.092389583587646484e+00
2.220311641693115234e+01
9.504956245422363281e+00
9.138243198394775391e+00
9.581212520599365234e+00
9.510180950164794922e+00
9.487095117568969727e+00
8.729528903961181641e+00
9.504246234893798828e+00
9.493740558624267578e+00
9.089585304260253906e+00
8.738276004791259766e+00
9.338641881942749023e+00
9.124715805053710938e+00
9.352858781814575195e+00
8.901138782501220703e+00
9.417301893234252930e+00
9.311951398849487305e+00
9.284887790679931641e+00
9.374614953994750977e+00
9.415891408920288086e+00
8.962262392044067383e+00
8.941375494003295898e+00
9.154797792434692383e+00
9.262073516845703125e+00
9.149008750915527344e+00
9.611191749572753906e+00
9.010288238525390625e+00
9.112714529037475586e+00
9.176140308380126953e+00
8.902250051498413086e+00
9.575848340988159180e+00
9.099523544311523438e+00
9.715783596038818359e+00
8.990230321884155273e+00
9.372808456420898438e+00
9.298440456390380859e+00
9.045695066452026367e+00
9.138540506362915039e+00
9.437602758407592773e+00
9.635668039321899414e+00
9.026507377624511719e+00
9.313937664031982422e+00
9.183510541915893555e+00
9.301391363143920898e+00
9.417653560638427734e+00
9.220934391021728516e+00
9.079344511032104492e+00
9.057389259338378906e+00
9.174421072006225586e+00
9.474532127380371094e+00
8.961489677429199219e+00
9.032124757766723633e+00
9.185442686080932617e+00
9.246059179306030273e+00
9.464176416397094727e+00
8.918923139572143555e+00
9.297699451446533203e+00
8.792485713958740234e+00
8.527932167053222656e+00
9.563991069793701172e+00
9.541793823242187500e+00
8.969983816146850586e+00
9.017226934432983398e+00
9.312533140182495117e+00
9.139593124389648438e+00
9.105044841766357422e+00
9.064210891723632812e+00
9.282976388931274414e+00
9.013267517089843750e+00
9.326697826385498047e+00
8.611008882522583008e+00
8.893590450286865234e+00
9.119634628295898438e+00
9.252744674682617188e+00
9.257931709289550781e+00
9.090913057327270508e+00
9.378670930862426758e+00
9.375105619430541992e+00
9.056049108505249023e+00
9.343990087509155273e+00
9.185972213745117188e+00
9.334998369216918945e+00
9.135272979736328125e+00
9.343945503234863281e+00
9.359150648117065430e+00
9.096133947372436523e+00
9.191854476928710938e+00
9.364387273788452148e+00
9.540386199951171875e+00
9.063827276229858398e+00
9.299766778945922852e+00
8.682290554046630859e+00
9.457391500473022461e+00
9.117869377136230469e+00
9.199572801589965820e+00
9.325675249099731445e+00
9.091109991073608398e+00
9.331795930862426758e+00
9.546673059463500977e+00
9.394894123077392578e+00
2.186257934570312500e+01
9.125677347183227539e+00
9.286843776702880859e+00
9.354577779769897461e+00
9.562036037445068359e+00
9.227986812591552734e+00
8.999210596084594727e+00
9.279970645904541016e+00
8.854947090148925781e+00
9.262472629547119141e+00
9.105558872222900391e+00
9.263593673706054688e+00
9.303659677505493164e+00
8.706542730331420898e+00
9.268184661865234375e+00
9.152543783187866211e+00
9.219522714614868164e+00
8.892949819564819336e+00
9.318568468093872070e+00
9.291479587554931641e+00
8.961750745773315430e+00
8.863154172897338867e+00
9.307289361953735352e+00
9.112804174423217773e+00
8.643847465515136719e+00
9.394975185394287109e+00
9.358286142349243164e+00
9.843726158142089844e+00
8.934242010116577148e+00
9.389667987823486328e+00
9.374339580535888672e+00
9.095618009567260742e+00
9.197487831115722656e+00
9.128487110137939453e+00
9.302784919738769531e+00
9.383426427841186523e+00
9.379366397857666016e+00
8.907255649566650391e+00
9.012030363082885742e+00
9.262506008148193359e+00
9.118164777755737305e+00
9.270482063293457031e+00
9.130200147628784180e+00
9.276489734649658203e+00
9.426036834716796875e+00
9.134624242782592773e+00
8.995088815689086914e+00
9.648999214172363281e+00
9.427583694458007812e+00
8.867857456207275391e+00
8.858352899551391602e+00
8.978970050811767578e+00
9.406465053558349609e+00
8.934329271316528320e+00
9.158255577087402344e+00
9.425762653350830078e+00
9.267554521560668945e+00
9.280145883560180664e+00
9.466534614562988281e+00
9.425730466842651367e+00
9.168336391448974609e+00
8.929685115814208984e+00
9.416263103485107422e+00
9.307969331741333008e+00
9.179458856582641602e+00
9.392306804656982422e+00
8.886758089065551758e+00
9.241438865661621094e+00
9.506471395492553711e+00
9.310791254043579102e+00
9.248418807983398438e+00
9.418457269668579102e+00
9.401047468185424805e+00
9.401291608810424805e+00
9.418833255767822266e+00
9.415891647338867188e+00
9.585376024246215820e+00
8.964491844177246094e+00
9.341637134552001953e+00
8.818477392196655273e+00
9.593565940856933594e+00
9.212629079818725586e+00
9.542016506195068359e+00
9.098242759704589844e+00
9.495703220367431641e+00
9.422351121902465820e+00
9.353749990463256836e+00
9.461048364639282227e+00
9.067655324935913086e+00
9.269830226898193359e+00
9.434298992156982422e+00
9.321991682052612305e+00
9.726314783096313477e+00
9.528895854949951172e+00
9.179700851440429688e+00
8.831830501556396484e+00
9.631842374801635742e+00
8.911709308624267578e+00
9.101559638977050781e+00
9.425753116607666016e+00
2.095653176307678223e+01
9.265518188476562500e+00
9.195031404495239258e+00
9.539220094680786133e+00
9.125562429428100586e+00
8.885888338088989258e+00
9.228923797607421875e+00
9.206376552581787109e+00
9.318191528320312500e+00
9.263082027435302734e+00
8.992164611816406250e+00
9.224131107330322266e+00
9.241290569305419922e+00
8.927800655364990234e+00
9.540518045425415039e+00
9.233921766281127930e+00
9.217545270919799805e+00
9.259951591491699219e+00
9.285568475723266602e+00
9.290441036224365234e+00
8.906525135040283203e+00
8.852872610092163086e+00
9.312686443328857422e+00
9.386748313903808594e+00
8.718616962432861328e+00
9.187958955764770508e+00
9.171487092971801758e+00
9.257158279418945312e+00
9.416326522827148438e+00
9.299131393432617188e+00
9.017309427261352539e+00
9.457361936569213867e+00
9.486883163452148438e+00
9.262221336364746094e+00
8.749876022338867188e+00
9.036256551742553711e+00
9.090485095977783203e+00
9.134857892990112305e+00
9.364881992340087891e+00
9.317605733871459961e+00
8.766234874725341797e+00
9.117660045623779297e+00
9.241726636886596680e+00
9.341507434844970703e+00
8.914008855819702148e+00
8.809849739074707031e+00
9.427052974700927734e+00
8.812840461730957031e+00
9.542070388793945312e+00
8.996543169021606445e+00
9.174998521804809570e+00
8.750742197036743164e+00
8.710790872573852539e+00
9.229146003723144531e+00
9.360094070434570312e+00
8.608005046844482422e+00
9.064537763595581055e+00
9.271828651428222656e+00
9.337061643600463867e+00
9.293177843093872070e+00
9.319874525070190430e+00
9.160267591476440430e+00
9.431426763534545898e+00
9.322627305984497070e+00
9.268602848052978516e+00
9.115671873092651367e+00
9.163659095764160156e+00
9.329360723495483398e+00
9.329140663146972656e+00
8.942689895629882812e+00
9.202306509017944336e+00
8.837795972824096680e+00
8.810100078582763672e+00
9.108716487884521484e+00
9.005754709243774414e+00
9.007194042205810547e+00
8.982251882553100586e+00
8.849252700805664062e+00
8.988944053649902344e+00
9.055008649826049805e+00
9.172546386718750000e+00
8.455229043960571289e+00
9.130444288253784180e+00
8.510185718536376953e+00
8.769207715988159180e+00
9.112345695495605469e+00
8.806855201721191406e+00
8.727087020874023438e+00
9.201953411102294922e+00
9.580679655075073242e+00
8.716756343841552734e+00
8.937073230743408203e+00
8.835436820983886719e+00
8.938830137252807617e+00
8.967238187789916992e+00
8.818986415863037109e+00
8.882972002029418945e+00
9.052373409271240234e+00
9.149976491928100586e+00
9.067828178405761719e+00
2.208178234100341797e+01
9.061514139175415039e+00
8.809006690979003906e+00
9.086937189102172852e+00
8.991864681243896484e+00
9.324862957000732422e+00
8.547065258026123047e+00
8.530881643295288086e+00
8.854102849960327148e+00
8.971313476562500000e+00
8.951334714889526367e+00
8.666933774948120117e+00
9.106117248535156250e+00
9.178758144378662109e+00
9.146002054214477539e+00
8.840248346328735352e+00
8.845581769943237305e+00
8.890474796295166016e+00
9.063888549804687500e+00
8.846224069595336914e+00
8.779142379760742188e+00
9.152493715286254883e+00
8.974185466766357422e+00
8.935256958007812500e+00
8.990159034729003906e+00
9.217234373092651367e+00
8.672023057937622070e+00
8.694518089294433594e+00
8.237726211547851562e+00
9.275043010711669922e+00
8.829264640808105469e+00
8.952747821807861328e+00
9.278372764587402344e+00
8.911109924316406250e+00
8.722695589065551758e+00
8.781874418258666992e+00
9.063416242599487305e+00
8.766119718551635742e+00
8.867368221282958984e+00
9.115945100784301758e+00
9.070471525192260742e+00
8.872864961624145508e+00
8.846400499343872070e+00
8.950080871582031250e+00
8.910092830657958984e+00
8.899988651275634766e+00
9.234414577484130859e+00
8.884451150894165039e+00
8.836563825607299805e+00
8.555882215499877930e+00
9.080199241638183594e+00
8.729925632476806641e+00
9.031265258789062500e+00
8.924467086791992188e+00
9.074990510940551758e+00
9.177965164184570312e+00
8.932325601577758789e+00
9.056632518768310547e+00
9.314024686813354492e+00
9.156491041183471680e+00
9.296351909637451172e+00
9.050802946090698242e+00
9.654631376266479492e+00
9.102109193801879883e+00
8.962825775146484375e+00
9.075932025909423828e+00
9.077254772186279297e+00
9.324584245681762695e+00
9.114739179611206055e+00
9.256829738616943359e+00
9.063892602920532227e+00
8.731710672378540039e+00
8.836436748504638672e+00
9.263204097747802734e+00
9.036453247070312500e+00
9.348237991333007812e+00
9.571496725082397461e+00
9.201881170272827148e+00
9.275732994079589844e+00
9.563784360885620117e+00
9.000999689102172852e+00
9.517522573471069336e+00
9.211524009704589844e+00
9.176678895950317383e+00
9.190351724624633789e+00
9.189784765243530273e+00
9.057901620864868164e+00
9.228620767593383789e+00
8.733411312103271484e+00
8.655028820037841797e+00
8.645038604736328125e+00
9.000760555267333984e+00
8.605082035064697266e+00
9.137331485748291016e+00
8.988106489181518555e+00
9.181173324584960938e+00
8.877120256423950195e+00
9.277977705001831055e+00
9.307487487792968750e+00
9.479358434677124023e+00
2.225650310516357422e+01
8.958016872406005859e+00
9.147790431976318359e+00
9.134017467498779297e+00
9.764059066772460938e+00
9.013647079467773438e+00
9.428701877593994141e+00
9.468914747238159180e+00
8.746785879135131836e+00
8.540382862091064453e+00
8.802655696868896484e+00
9.178833484649658203e+00
9.247795343399047852e+00
9.049311876296997070e+00
9.076210737228393555e+00
9.234406709671020508e+00
9.012407302856445312e+00
8.908842325210571289e+00
9.363801717758178711e+00
9.516884088516235352e+00
8.841966629028320312e+00
9.165251493453979492e+00
9.098044395446777344e+00
9.118537187576293945e+00
9.184026479721069336e+00
8.899723052978515625e+00
8.995820999145507812e+00
8.882963895797729492e+00
8.910649299621582031e+00
8.758822441101074219e+00
8.945021390914916992e+00
9.315694570541381836e+00
8.884169340133666992e+00
9.094904184341430664e+00
9.420318365097045898e+00
9.393262624740600586e+00
8.923652172088623047e+00
9.142076253890991211e+00
9.458324670791625977e+00
9.144861459732055664e+00
9.251380443572998047e+00
9.254193782806396484e+00
9.181602239608764648e+00
9.199771642684936523e+00
9.389019012451171875e+00
8.660397529602050781e+00
8.916795969009399414e+00
9.045360088348388672e+00
8.981259822845458984e+00
9.044508457183837891e+00
9.012317657470703125e+00
9.334635972976684570e+00
9.440466880798339844e+00
9.467823743820190430e+00
9.179690361022949219e+00
8.962143898010253906e+00
8.831020116806030273e+00
8.788468599319458008e+00
8.971679687500000000e+00
9.151795387268066406e+00
8.945471763610839844e+00
9.051436662673950195e+00
9.203757524490356445e+00
9.115729331970214844e+00
9.487375497817993164e+00
8.893373727798461914e+00
8.895251512527465820e+00
9.304883003234863281e+00
9.219957828521728516e+00
9.174964904785156250e+00
9.358807563781738281e+00
9.107812643051147461e+00
9.475297212600708008e+00
9.056556463241577148e+00
9.080292463302612305e+00
9.831318378448486328e+00
9.132017135620117188e+00
9.234627962112426758e+00
8.546824693679809570e+00
8.670215606689453125e+00
9.054453372955322266e+00
9.397673368453979492e+00
9.061309814453125000e+00
8.656294584274291992e+00
9.247886419296264648e+00
9.426619052886962891e+00
9.087795734405517578e+00
9.366446256637573242e+00
9.243631601333618164e+00
8.774606943130493164e+00
9.030794143676757812e+00
8.831956148147583008e+00
8.901412487030029297e+00
8.904165029525756836e+00
9.291054248809814453e+00
9.196839094161987305e+00
9.028434753417968750e+00
9.320317983627319336e+00
9.430082559585571289e+00
8.626770257949829102e+00
2.367654609680175781e+01
9.138447523117065430e+00
9.415394783020019531e+00
8.903049230575561523e+00
9.379493713378906250e+00
9.694202423095703125e+00
9.080833673477172852e+00
9.207136392593383789e+00
9.221055030822753906e+00
8.854343414306640625e+00
9.057050228118896484e+00
9.047447204589843750e+00
8.950332164764404297e+00
8.690654039382934570e+00
8.613182544708251953e+00
8.907186031341552734e+00
9.115315914154052734e+00
8.947576284408569336e+00
9.044436931610107422e+00
8.761305332183837891e+00
8.848543167114257812e+00
9.061345815658569336e+00
9.128827571868896484e+00
9.520643711090087891e+00
9.292488098144531250e+00
9.108948707580566406e+00
8.915461063385009766e+00
9.237564563751220703e+00
9.440926313400268555e+00
9.547647953033447266e+00
8.846980571746826172e+00
9.091067552566528320e+00
8.671369552612304688e+00
9.266949892044067383e+00
9.081736803054809570e+00
8.556269645690917969e+00
9.179103136062622070e+00
9.272952079772949219e+00
9.478653669357299805e+00
9.248224735260009766e+00
9.169142961502075195e+00
9.064518213272094727e+00
8.983740091323852539e+00
9.299776792526245117e+00
9.134822130203247070e+00
9.438072443008422852e+00
9.099855899810791016e+00
8.786472797393798828e+00
9.304802656173706055e+00
9.752230882644653320e+00
9.064674854278564453e+00
9.163069248199462891e+00
8.995617628097534180e+00
9.325484275817871094e+00
9.238725900650024414e+00
9.438125133514404297e+00
8.857069253921508789e+00
8.868623495101928711e+00
9.098567485809326172e+00
9.363940238952636719e+00
9.369822978973388672e+00
9.007665157318115234e+00
8.541623115539550781e+00
8.898852825164794922e+00
9.301917314529418945e+00
9.388049840927124023e+00
8.897394657135009766e+00
9.531462907791137695e+00
8.883624792098999023e+00
9.098840475082397461e+00
9.389080286026000977e+00
9.334810256958007812e+00
8.943063497543334961e+00
9.269130229949951172e+00
9.352716684341430664e+00
9.193771839141845703e+00
9.287208557128906250e+00
8.945411205291748047e+00
8.970636606216430664e+00
9.591198921203613281e+00
9.908611297607421875e+00
9.223503351211547852e+00
9.649202346801757812e+00
9.264966487884521484e+00
8.978826761245727539e+00
9.124689102172851562e+00
9.615657329559326172e+00
9.380229234695434570e+00
9.504872560501098633e+00
9.423000812530517578e+00
9.522013902664184570e+00
9.841873168945312500e+00
9.719211339950561523e+00
9.773585081100463867e+00
9.758913516998291016e+00
9.404766798019409180e+00
1.009221220016479492e+01
1.001818275451660156e+01
9.533373355865478516e+00
1.012985229492187500e+01
2.423498654365539551e+01
1.000936436653137207e+01
9.745725393295288086e+00
9.673126459121704102e+00
9.230575799942016602e+00
8.930607557296752930e+00
9.649502754211425781e+00
9.701615810394287109e+00
9.771597385406494141e+00
9.945979833602905273e+00
9.219646692276000977e+00
9.721103668212890625e+00
9.337783575057983398e+00
9.219905853271484375e+00
9.871073246002197266e+00
9.595165491104125977e+00
9.775359630584716797e+00
9.715389251708984375e+00
9.081168413162231445e+00
9.816539525985717773e+00
9.739780426025390625e+00
9.700111150741577148e+00
9.641369819641113281e+00
9.770300149917602539e+00
1.004239296913146973e+01
9.745579004287719727e+00
9.646788120269775391e+00
9.447629690170288086e+00
9.323284149169921875e+00
9.014307975769042969e+00
9.593220233917236328e+00
9.692832469940185547e+00
9.681123256683349609e+00
9.808695554733276367e+00
9.786730051040649414e+00
9.868474960327148438e+00
9.654368400573730469e+00
9.924002408981323242e+00
9.867745399475097656e+00
9.857589960098266602e+00
1.001773023605346680e+01
9.903882741928100586e+00
9.456906318664550781e+00
9.476694583892822266e+00
9.425552129745483398e+00
9.742674112319946289e+00
9.247737884521484375e+00
9.970841884613037109e+00
9.907517671585083008e+00
9.525661468505859375e+00
9.613370180130004883e+00
1.017570638656616211e+01
1.014309096336364746e+01
1.000002336502075195e+01
9.892377138137817383e+00
1.002269029617309570e+01
9.664166450500488281e+00
9.628630399703979492e+00
9.299587726593017578e+00
9.561307430267333984e+00
9.786187887191772461e+00
9.415957689285278320e+00
9.604176998138427734e+00
9.623838424682617188e+00
9.682451009750366211e+00
9.619146585464477539e+00
1.018211197853088379e+01
9.738441944122314453e+00
9.800618886947631836e+00
9.825397729873657227e+00
1.022567653656005859e+01
9.810856342315673828e+00
9.551581621170043945e+00
9.044068336486816406e+00
1.010069775581359863e+01
9.532279253005981445e+00
1.017946887016296387e+01
9.992800235748291016e+00
9.811379432678222656e+00
9.846756458282470703e+00
9.619917631149291992e+00
9.774624586105346680e+00
1.005106186866760254e+01
9.702035903930664062e+00
9.034015178680419922e+00
9.656979084014892578e+00
1.003937625885009766e+01
9.114263057708740234e+00
9.987273216247558594e+00
9.600218772888183594e+00
1.005059790611267090e+01
1.002640914916992188e+01
9.537535667419433594e+00
9.875771760940551758e+00
1.000266170501708984e+01
1.005578470230102539e+01
9.453978061676025391e+00
9.503408908843994141e+00
9.508311510086059570e+00
9.721161365509033203e+00
2.394223833084106445e+01
9.376516342163085938e+00
9.914079427719116211e+00
9.593608856201171875e+00
9.593925952911376953e+00
1.021220922470092773e+01
9.449297904968261719e+00
9.904309988021850586e+00
9.842507839202880859e+00
1.035199379920959473e+01
1.017764949798583984e+01
9.688639402389526367e+00
9.905898094177246094e+00
9.887769222259521484e+00
9.933512449264526367e+00
9.885803222656250000e+00
9.937490701675415039e+00
9.483420133590698242e+00
9.514439582824707031e+00
9.769035577774047852e+00
9.878271818161010742e+00
9.422993421554565430e+00
9.838808298110961914e+00
9.507446765899658203e+00
9.487673282623291016e+00
9.838592052459716797e+00
9.815387725830078125e+00
9.829840898513793945e+00
9.942080020904541016e+00
9.677071809768676758e+00
9.905809640884399414e+00
1.000588274002075195e+01
1.022868108749389648e+01
1.025072002410888672e+01
9.572138071060180664e+00
9.955176353454589844e+00
9.734265089035034180e+00
9.424280881881713867e+00
9.713984727859497070e+00
9.629721641540527344e+00
9.724744319915771484e+00
1.015209507942199707e+01
1.006793332099914551e+01
9.530530691146850586e+00
1.001884627342224121e+01
1.010764193534851074e+01
9.234214305877685547e+00
9.845736742019653320e+00
9.442083835601806641e+00
1.014322233200073242e+01
9.983908414840698242e+00
9.780056238174438477e+00
9.536585569381713867e+00
1.000006294250488281e+01
9.649450063705444336e+00
9.733803033828735352e+00
9.627574443817138672e+00
9.824549913406372070e+00
9.905476093292236328e+00
9.436674118041992188e+00
9.447734117507934570e+00
9.707380533218383789e+00
9.938470125198364258e+00
9.414386034011840820e+00
9.385243654251098633e+00
9.703030824661254883e+00
9.421134710311889648e+00
1.004135107994079590e+01
9.763897180557250977e+00
1.042027878761291504e+01
9.383546113967895508e+00
8.954261541366577148e+00
9.379041910171508789e+00
8.901636838912963867e+00
9.006134271621704102e+00
9.257958650588989258e+00
8.569072246551513672e+00
8.919747829437255859e+00
9.453764438629150391e+00
9.220210313796997070e+00
9.058521270751953125e+00
8.663676977157592773e+00
8.684583187103271484e+00
8.767898797988891602e+00
9.151699066162109375e+00
8.714448690414428711e+00
9.097775459289550781e+00
8.984474658966064453e+00
9.291340589523315430e+00
8.807862043380737305e+00
8.666635513305664062e+00
8.980509281158447266e+00
9.162108898162841797e+00
9.103902101516723633e+00
8.899346590042114258e+00
9.120233297348022461e+00
9.072287559509277344e+00
9.206115484237670898e+00
9.125070095062255859e+00
9.001549720764160156e+00
2.270457077026367188e+01
8.924579381942749023e+00
8.964516878128051758e+00
9.441833019256591797e+00
9.032592535018920898e+00
8.617768287658691406e+00
8.734645366668701172e+00
8.943095922470092773e+00
9.051113843917846680e+00
8.788357257843017578e+00
8.606429815292358398e+00
8.724360942840576172e+00
9.400999546051025391e+00
9.020551204681396484e+00
9.458448648452758789e+00
9.262751340866088867e+00
8.974028587341308594e+00
8.836759328842163086e+00
8.853031158447265625e+00
9.044211626052856445e+00
9.390375614166259766e+00
8.994468688964843750e+00
9.078941106796264648e+00
8.940206050872802734e+00
8.734795570373535156e+00
8.663350820541381836e+00
8.568200111389160156e+00
8.853758573532104492e+00
8.916509389877319336e+00
7.981662988662719727e+00
8.774602890014648438e+00
9.093038320541381836e+00
8.663599729537963867e+00
9.236119985580444336e+00
9.003489494323730469e+00
8.899628400802612305e+00
8.781147956848144531e+00
8.605789661407470703e+00
8.801126956939697266e+00
9.379527807235717773e+00
8.750520944595336914e+00
