1.795662879943847656e+00
1.696560859680175781e+00
1.909143209457397461e+00
1.666856765747070312e+00
1.870166063308715820e+00
1.950910329818725586e+00
1.869386196136474609e+00
1.917237997055053711e+00
1.869261741638183594e+00
1.876821756362915039e+00
1.869603157043457031e+00
1.942879676818847656e+00
1.911723136901855469e+00
1.760304450988769531e+00
1.834698438644409180e+00
1.966828346252441406e+00
1.960340023040771484e+00
1.918545007705688477e+00
1.882192373275756836e+00
1.780097246170043945e+00
1.963181495666503906e+00
1.876791715621948242e+00
1.950963258743286133e+00
1.870609521865844727e+00
1.779496431350708008e+00
1.979015111923217773e+00
1.971478462219238281e+00
1.921761751174926758e+00
1.973542213439941406e+00
1.983140707015991211e+00
1.962204694747924805e+00
1.892799139022827148e+00
1.882025003433227539e+00
1.948853969573974609e+00
1.893234968185424805e+00
1.905521869659423828e+00
1.800497293472290039e+00
1.975637674331665039e+00
1.740336179733276367e+00
1.906839132308959961e+00
1.929773569107055664e+00
1.891919374465942383e+00
1.944836378097534180e+00
1.801723957061767578e+00
1.963004112243652344e+00
1.823538541793823242e+00
1.930994033813476562e+00
1.918667793273925781e+00
2.010674238204956055e+00
1.969822168350219727e+00
1.714444398880004883e+00
1.903486728668212891e+00
1.864591836929321289e+00
1.928942918777465820e+00
1.917312860488891602e+00
1.884864807128906250e+00
2.002441644668579102e+00
1.822125196456909180e+00
1.800273656845092773e+00
2.007637023925781250e+00
1.952881574630737305e+00
1.897044897079467773e+00
1.833945274353027344e+00
1.757530927658081055e+00
1.890207767486572266e+00
1.760080575942993164e+00
1.859584808349609375e+00
1.881515026092529297e+00
1.974820137023925781e+00
1.914499759674072266e+00
1.924359560012817383e+00
1.761843919754028320e+00
1.797772884368896484e+00
1.790266990661621094e+00
1.856905698776245117e+00
1.935704708099365234e+00
1.846652030944824219e+00
1.976345300674438477e+00
1.709735631942749023e+00
1.945547103881835938e+00
1.835895776748657227e+00
1.852322101593017578e+00
1.662860393524169922e+00
1.885426998138427734e+00
1.756848573684692383e+00
1.887427330017089844e+00
1.709297418594360352e+00
1.774098396301269531e+00
1.924706935882568359e+00
1.892333507537841797e+00
1.933510541915893555e+00
1.698671817779541016e+00
1.893174171447753906e+00
2.009651422500610352e+00
1.886701822280883789e+00
1.774897098541259766e+00
1.837003231048583984e+00
1.893230676651000977e+00
1.955055236816406250e+00
1.358907127380371094e+01
1.886814117431640625e+00
1.800630092620849609e+00
1.928723335266113281e+00
1.913876771926879883e+00
1.854567050933837891e+00
1.920817613601684570e+00
1.947915315628051758e+00
1.954357385635375977e+00
1.849508523941040039e+00
1.999402999877929688e+00
1.946779966354370117e+00
1.904173135757446289e+00
1.990137577056884766e+00
1.797732591629028320e+00
1.866081953048706055e+00
1.858020782470703125e+00
1.794800043106079102e+00
1.843152761459350586e+00
1.910548448562622070e+00
1.921415805816650391e+00
1.930675268173217773e+00
1.943383216857910156e+00
1.784528255462646484e+00
1.869660139083862305e+00
1.909947633743286133e+00
1.984453678131103516e+00
1.848523616790771484e+00
1.764919281005859375e+00
1.683439731597900391e+00
1.904734611511230469e+00
1.910218954086303711e+00
1.902595043182373047e+00
1.952823400497436523e+00
1.679776430130004883e+00
1.922719955444335938e+00
1.894057989120483398e+00
1.966945171356201172e+00
1.692198038101196289e+00
2.034953594207763672e+00
1.748804092407226562e+00
1.921643733978271484e+00
1.772178411483764648e+00
1.832038164138793945e+00
1.921577453613281250e+00
1.937188625335693359e+00
1.831891059875488281e+00
1.914093971252441406e+00
1.729154109954833984e+00
1.871929883956909180e+00
1.922180414199829102e+00
1.768217086791992188e+00
1.905496597290039062e+00
1.942194700241088867e+00
1.897939443588256836e+00
1.814225673675537109e+00
1.947941303253173828e+00
1.922826766967773438e+00
1.865047216415405273e+00
1.856884002685546875e+00
1.992554903030395508e+00
1.946364164352416992e+00
1.846816301345825195e+00
1.830939769744873047e+00
1.811441183090209961e+00
1.872746944427490234e+00
1.835075139999389648e+00
1.712871789932250977e+00
1.898284673690795898e+00
1.869022607803344727e+00
1.900172233581542969e+00
1.743066787719726562e+00
1.854571580886840820e+00
1.838737964630126953e+00
1.900821208953857422e+00
1.832344293594360352e+00
1.756041526794433594e+00
1.721393823623657227e+00
1.841233491897583008e+00
1.855092525482177734e+00
1.882158994674682617e+00
1.812142133712768555e+00
1.787523031234741211e+00
1.835892677307128906e+00
1.918866395950317383e+00
1.739566087722778320e+00
1.680985450744628906e+00
1.821988821029663086e+00
1.721951961517333984e+00
1.856634616851806641e+00
1.695481300354003906e+00
1.824108600616455078e+00
1.916795492172241211e+00
1.835232019424438477e+00
1.860768079757690430e+00
1.767902374267578125e+00
1.899774789810180664e+00
1.896412611007690430e+00
1.811493873596191406e+00
1.846935987472534180e+00
1.287319159507751465e+01
1.897469758987426758e+00
1.882468461990356445e+00
1.821678161621093750e+00
1.821083545684814453e+00
1.821258783340454102e+00
1.869712114334106445e+00
1.878806591033935547e+00
1.871806383132934570e+00
1.751574754714965820e+00
1.693297624588012695e+00
1.712906837463378906e+00
1.858056306838989258e+00
1.875419139862060547e+00
1.657331466674804688e+00
1.911203622817993164e+00
1.704488039016723633e+00
1.776042938232421875e+00
1.857258558273315430e+00
1.757332086563110352e+00
1.743599653244018555e+00
1.794846296310424805e+00
1.738966464996337891e+00
1.711516618728637695e+00
1.766214847564697266e+00
1.659743785858154297e+00
1.789336919784545898e+00
1.851126909255981445e+00
1.756569623947143555e+00
1.784871578216552734e+00
1.714694023132324219e+00
1.834970951080322266e+00
1.725780725479125977e+00
1.803274631500244141e+00
1.639861583709716797e+00
1.855621814727783203e+00
1.767935752868652344e+00
1.774908065795898438e+00
1.800961494445800781e+00
1.793705940246582031e+00
1.810498952865600586e+00
1.663311958312988281e+00
1.771385192871093750e+00
1.858515739440917969e+00
1.904063463211059570e+00
1.676610231399536133e+00
1.683666944503784180e+00
1.663168668746948242e+00
1.679467439651489258e+00
1.686728715896606445e+00
1.646109342575073242e+00
1.716030359268188477e+00
1.702940940856933594e+00
1.691244840621948242e+00
1.788964748382568359e+00
1.819009304046630859e+00
1.726033210754394531e+00
1.758500814437866211e+00
1.762778520584106445e+00
1.759677648544311523e+00
1.767349243164062500e+00
1.733539581298828125e+00
1.712578535079956055e+00
1.900987148284912109e+00
1.645904541015625000e+00
1.752314329147338867e+00
1.769318819046020508e+00
1.642803430557250977e+00
1.718983173370361328e+00
1.673507690429687500e+00
1.733579397201538086e+00
1.738728523254394531e+00
1.515293836593627930e+00
1.728725671768188477e+00
1.675580739974975586e+00
1.782634258270263672e+00
1.772584915161132812e+00
1.708574533462524414e+00
1.788954496383666992e+00
1.713627099990844727e+00
1.761557579040527344e+00
1.629317522048950195e+00
1.783258914947509766e+00
1.829174995422363281e+00
1.805405616760253906e+00
1.764133691787719727e+00
1.722630023956298828e+00
1.699307441711425781e+00
1.644827842712402344e+00
1.743083000183105469e+00
1.750936746597290039e+00
1.748208999633789062e+00
1.764387607574462891e+00
1.826738834381103516e+00
1.764619588851928711e+00
1.691064357757568359e+00
1.712764263153076172e+00
1.735912799835205078e+00
1.738632678985595703e+00
1.728767156600952148e+00
1.453180050849914551e+01
1.756479263305664062e+00
1.708857536315917969e+00
1.773111343383789062e+00
1.640484094619750977e+00
1.795454263687133789e+00
1.737092733383178711e+00
1.585824966430664062e+00
1.655700922012329102e+00
1.693091392517089844e+00
1.721823930740356445e+00
1.686531782150268555e+00
1.707395076751708984e+00
1.693311214447021484e+00
1.749049901962280273e+00
1.726155042648315430e+00
1.719953060150146484e+00
1.669860363006591797e+00
1.695323944091796875e+00
1.697712898254394531e+00
1.638031005859375000e+00
1.713621139526367188e+00
1.675467729568481445e+00
1.722342967987060547e+00
1.748191356658935547e+00
1.729248046875000000e+00
1.677701950073242188e+00
1.607144117355346680e+00
1.682919979095458984e+00
1.667106389999389648e+00
1.733033895492553711e+00
1.792494058609008789e+00
1.713265895843505859e+00
1.744364261627197266e+00
1.686923265457153320e+00
1.669998884201049805e+00
1.646492958068847656e+00
1.719877719879150391e+00
1.656325340270996094e+00
1.645988941192626953e+00
1.732005357742309570e+00
1.761903047561645508e+00
1.644295930862426758e+00
1.645188570022583008e+00
1.622971296310424805e+00
1.709949016571044922e+00
1.634551048278808594e+00
1.595869779586791992e+00
1.747235059738159180e+00
1.641977310180664062e+00
1.670189142227172852e+00
1.622400999069213867e+00
1.768644809722900391e+00
1.673175573348999023e+00
1.619037151336669922e+00
1.685208320617675781e+00
1.771307229995727539e+00
1.763894557952880859e+00
1.728887081146240234e+00
1.553272485733032227e+00
1.630018711090087891e+00
1.564715623855590820e+00
1.641576051712036133e+00
1.615754842758178711e+00
1.515455007553100586e+00
1.669606685638427734e+00
1.651069641113281250e+00
1.606013536453247070e+00
1.723430871963500977e+00
1.687160015106201172e+00
1.675471544265747070e+00
1.683045625686645508e+00
1.642478942871093750e+00
1.668709754943847656e+00
1.687129735946655273e+00
1.641317605972290039e+00
1.611354351043701172e+00
1.709573268890380859e+00
1.657173156738281250e+00
1.725642204284667969e+00
1.741256952285766602e+00
1.676662206649780273e+00
1.700316905975341797e+00
1.722638130187988281e+00
1.727318286895751953e+00
1.701663255691528320e+00
1.752007484436035156e+00
1.650573253631591797e+00
1.796400070190429688e+00
1.739475488662719727e+00
1.666013956069946289e+00
1.671446561813354492e+00
1.516028165817260742e+00
1.676971197128295898e+00
1.688395261764526367e+00
1.659383535385131836e+00
1.690499305725097656e+00
1.633766651153564453e+00
1.656636476516723633e+00
1.686761379241943359e+00
1.287988400459289551e+01
1.737503051757812500e+00
1.705351591110229492e+00
1.687204837799072266e+00
1.646760225296020508e+00
1.635215044021606445e+00
1.718737840652465820e+00
1.754790306091308594e+00
1.615636110305786133e+00
1.688066244125366211e+00
1.547699689865112305e+00
1.727138757705688477e+00
1.683890342712402344e+00
1.681084156036376953e+00
1.637029170989990234e+00
1.739623785018920898e+00
1.754869222640991211e+00
1.760476350784301758e+00
1.612057924270629883e+00
1.657644271850585938e+00
1.743549108505249023e+00
1.609058856964111328e+00
1.667245149612426758e+00
1.644427537918090820e+00
1.725131988525390625e+00
1.566580772399902344e+00
1.660000085830688477e+00
1.759808778762817383e+00
1.624633550643920898e+00
1.751107215881347656e+00
1.537576198577880859e+00
1.681456804275512695e+00
1.711376905441284180e+00
1.618110418319702148e+00
1.702923297882080078e+00
1.642284393310546875e+00
1.556361436843872070e+00
1.709870338439941406e+00
1.701516389846801758e+00
1.699324846267700195e+00
1.673274278640747070e+00
1.652396440505981445e+00
1.620357751846313477e+00
1.655848503112792969e+00
1.655089378356933594e+00
1.655030727386474609e+00
1.697087049484252930e+00
1.671776533126831055e+00
1.601752519607543945e+00
1.646172046661376953e+00
1.794703483581542969e+00
1.752699613571166992e+00
1.692386388778686523e+00
1.639014482498168945e+00
1.543889284133911133e+00
1.722280979156494141e+00
1.683299064636230469e+00
1.563170909881591797e+00
1.574185371398925781e+00
1.599382877349853516e+00
1.669130563735961914e+00
1.694437026977539062e+00
1.730926036834716797e+00
1.672065258026123047e+00
1.709521293640136719e+00
1.608104467391967773e+00
1.746621370315551758e+00
1.749508857727050781e+00
1.749568223953247070e+00
1.706311464309692383e+00
1.660038471221923828e+00
1.707825899124145508e+00
1.719673633575439453e+00
1.658223867416381836e+00
1.695789813995361328e+00
1.684241294860839844e+00
1.568551778793334961e+00
1.691012144088745117e+00
1.725353717803955078e+00
1.635693311691284180e+00
1.586836099624633789e+00
1.636102676391601562e+00
1.696739673614501953e+00
1.673193216323852539e+00
1.770858049392700195e+00
1.612865447998046875e+00
1.648284673690795898e+00
1.603912591934204102e+00
1.623445749282836914e+00
1.696567296981811523e+00
1.676299571990966797e+00
1.615125894546508789e+00
1.694767475128173828e+00
1.716238737106323242e+00
1.616619348526000977e+00
1.700506448745727539e+00
1.723896503448486328e+00
1.706423759460449219e+00
1.704678773880004883e+00
1.713883876800537109e+00
1.348737001419067383e+01
1.771511793136596680e+00
1.595596075057983398e+00
1.563752651214599609e+00
1.695303678512573242e+00
1.700301647186279297e+00
1.675034284591674805e+00
1.710057258605957031e+00
1.705506086349487305e+00
1.647782802581787109e+00
1.640539407730102539e+00
1.683866024017333984e+00
1.709522962570190430e+00
1.684897661209106445e+00
1.735572814941406250e+00
1.701431035995483398e+00
1.612400054931640625e+00
1.679358720779418945e+00
1.789332866668701172e+00
1.752558469772338867e+00
1.587158679962158203e+00
1.607390403747558594e+00
1.693041563034057617e+00
1.708485603332519531e+00
1.646565198898315430e+00
1.651917219161987305e+00
1.661842107772827148e+00
1.575981855392456055e+00
1.627409934997558594e+00
1.572516441345214844e+00
1.709672212600708008e+00
1.625899791717529297e+00
1.727539539337158203e+00
1.671403408050537109e+00
1.673202514648437500e+00
1.713171958923339844e+00
1.651421546936035156e+00
1.609606027603149414e+00
1.574012994766235352e+00
1.709620237350463867e+00
1.623683452606201172e+00
1.633382558822631836e+00
1.635826110839843750e+00
1.603142261505126953e+00
1.818638801574707031e+00
1.625347852706909180e+00
1.810095548629760742e+00
1.629413127899169922e+00
1.691076755523681641e+00
1.529711246490478516e+00
1.711907386779785156e+00
1.590843439102172852e+00
1.683105945587158203e+00
1.590123414993286133e+00
1.645089149475097656e+00
1.653440237045288086e+00
1.677205801010131836e+00
1.656975030899047852e+00
1.706061601638793945e+00
1.553731679916381836e+00
1.748777151107788086e+00
1.555394649505615234e+00
1.770587921142578125e+00
1.667201042175292969e+00
1.662892818450927734e+00
1.575276374816894531e+00
1.611997604370117188e+00
1.643888235092163086e+00
1.675261020660400391e+00
1.629522800445556641e+00
1.675117254257202148e+00
1.702764272689819336e+00
1.702558994293212891e+00
1.676219463348388672e+00
1.657460927963256836e+00
1.747830867767333984e+00
1.700320243835449219e+00
1.566713333129882812e+00
1.549581766128540039e+00
1.647034645080566406e+00
1.770253658294677734e+00
1.726889848709106445e+00
1.653759002685546875e+00
1.534497261047363281e+00
1.619708061218261719e+00
1.697563409805297852e+00
1.649810791015625000e+00
1.577044486999511719e+00
1.688767433166503906e+00
1.710008859634399414e+00
1.702677249908447266e+00
1.681751012802124023e+00
1.598009586334228516e+00
1.641183137893676758e+00
1.661489486694335938e+00
1.656166553497314453e+00
1.584049701690673828e+00
1.754838466644287109e+00
1.752556324005126953e+00
1.683192253112792969e+00
1.413235187530517578e+01
1.665006637573242188e+00
1.671858310699462891e+00
1.670502662658691406e+00
1.729282140731811523e+00
1.590987205505371094e+00
1.678567647933959961e+00
1.681607246398925781e+00
1.718841552734375000e+00
1.734274864196777344e+00
1.697670936584472656e+00
1.746237516403198242e+00
1.702074527740478516e+00
1.656706333160400391e+00
1.611143112182617188e+00
1.671403408050537109e+00
1.661771059036254883e+00
1.710070610046386719e+00
1.677850484848022461e+00
1.722840309143066406e+00
1.730663061141967773e+00
1.637721300125122070e+00
1.748250722885131836e+00
1.784321784973144531e+00
1.706835031509399414e+00
1.672659873962402344e+00
1.668009519577026367e+00
1.714144229888916016e+00
1.735222101211547852e+00
1.781854152679443359e+00
1.599359035491943359e+00
1.720025300979614258e+00
1.694567441940307617e+00
1.759995698928833008e+00
1.703219890594482422e+00
1.776615381240844727e+00
1.715415477752685547e+00
1.677490234375000000e+00
1.715473890304565430e+00
1.622901201248168945e+00
1.656856536865234375e+00
1.650160312652587891e+00
1.753644227981567383e+00
1.620157718658447266e+00
1.683759689331054688e+00
1.720099449157714844e+00
1.622609615325927734e+00
1.771517515182495117e+00
1.723134279251098633e+00
1.549649953842163086e+00
1.700814247131347656e+00
1.728350400924682617e+00
1.706462144851684570e+00
1.685923576354980469e+00
1.663062810897827148e+00
1.769670248031616211e+00
1.599714279174804688e+00
1.727323055267333984e+00
1.711937904357910156e+00
1.705592632293701172e+00
1.623409748077392578e+00
1.587869405746459961e+00
1.698633670806884766e+00
1.638185977935791016e+00
1.758854150772094727e+00
1.768851757049560547e+00
1.713134050369262695e+00
1.692640066146850586e+00
1.676596164703369141e+00
1.587772607803344727e+00
1.730719566345214844e+00
1.750475168228149414e+00
1.701801061630249023e+00
1.613447904586791992e+00
1.571598052978515625e+00
1.605956315994262695e+00
1.688904523849487305e+00
1.693614482879638672e+00
1.557834386825561523e+00
1.642185211181640625e+00
1.626314640045166016e+00
1.624327659606933594e+00
1.681554794311523438e+00
1.640671730041503906e+00
1.704835414886474609e+00
1.654891729354858398e+00
1.717333078384399414e+00
1.706753730773925781e+00
1.558893918991088867e+00
1.723724603652954102e+00
1.543084144592285156e+00
1.604975938796997070e+00
1.720131397247314453e+00
1.707036495208740234e+00
1.619023084640502930e+00
1.528464078903198242e+00
1.670542240142822266e+00
1.618076086044311523e+00
1.708370923995971680e+00
1.618281841278076172e+00
1.333242869377136230e+01
1.653852462768554688e+00
1.683431386947631836e+00
1.648406505584716797e+00
1.695107698440551758e+00
1.648473739624023438e+00
1.692500829696655273e+00
1.722959518432617188e+00
1.697364568710327148e+00
1.668747186660766602e+00
1.627771854400634766e+00
1.517067432403564453e+00
1.702551841735839844e+00
1.715060472488403320e+00
1.689031600952148438e+00
1.675599098205566406e+00
1.672244071960449219e+00
1.594738483428955078e+00
1.698407411575317383e+00
1.672863960266113281e+00
1.712544202804565430e+00
1.630200147628784180e+00
1.674066066741943359e+00
1.588434696197509766e+00
1.706920385360717773e+00
1.668110132217407227e+00
1.618838548660278320e+00
1.684705018997192383e+00
1.715534210205078125e+00
1.642093896865844727e+00
1.639471054077148438e+00
1.650296449661254883e+00
1.666831970214843750e+00
1.649800300598144531e+00
1.706147670745849609e+00
1.573493242263793945e+00
1.587000131607055664e+00
1.594938039779663086e+00
1.681173801422119141e+00
1.700271129608154297e+00
1.711735725402832031e+00
1.662139892578125000e+00
1.625373840332031250e+00
1.676249027252197266e+00
1.728280544281005859e+00
1.685510396957397461e+00
1.644153594970703125e+00
1.640084981918334961e+00
1.675156831741333008e+00
1.632794141769409180e+00
1.649266958236694336e+00
1.665057182312011719e+00
1.670493841171264648e+00
1.712350606918334961e+00
1.728688716888427734e+00
1.697195053100585938e+00
1.609367370605468750e+00
1.668309450149536133e+00
1.581400156021118164e+00
1.674548387527465820e+00
1.650296926498413086e+00
1.705441951751708984e+00
1.661089420318603516e+00
1.628362417221069336e+00
1.678555011749267578e+00
1.711840152740478516e+00
1.702573776245117188e+00
1.654248952865600586e+00
1.739307165145874023e+00
1.649750232696533203e+00
1.597619771957397461e+00
1.737746000289916992e+00
1.781342506408691406e+00
1.734191656112670898e+00
1.650884866714477539e+00
1.718403339385986328e+00
1.659772157669067383e+00
1.722725152969360352e+00
1.729430675506591797e+00
1.668168544769287109e+00
1.644675970077514648e+00
1.738916635513305664e+00
1.696473836898803711e+00
1.640943288803100586e+00
1.567867279052734375e+00
1.525884151458740234e+00
1.686965465545654297e+00
1.809379339218139648e+00
1.607889652252197266e+00
1.763534784317016602e+00
1.653005123138427734e+00
1.653230905532836914e+00
1.725619792938232422e+00
1.681206226348876953e+00
1.746381044387817383e+00
1.684885740280151367e+00
1.656366348266601562e+00
1.681856632232666016e+00
1.641740083694458008e+00
1.572451353073120117e+00
1.438654732704162598e+01
1.671766042709350586e+00
1.644418239593505859e+00
1.566241741180419922e+00
1.729135751724243164e+00
1.631989955902099609e+00
1.706821203231811523e+00
1.594124317169189453e+00
1.679298639297485352e+00
1.753568410873413086e+00
1.739305734634399414e+00
1.618087291717529297e+00
1.654876232147216797e+00
1.705468416213989258e+00
1.743680000305175781e+00
1.748749017715454102e+00
1.612500905990600586e+00
1.651995897293090820e+00
1.599007368087768555e+00
1.687310218811035156e+00
1.771368980407714844e+00
1.712546110153198242e+00
1.771533012390136719e+00
1.661069869995117188e+00
1.679114341735839844e+00
1.680741548538208008e+00
1.745942592620849609e+00
1.789296388626098633e+00
1.672382116317749023e+00
1.711499214172363281e+00
1.700606107711791992e+00
1.696954488754272461e+00
1.683848142623901367e+00
1.659901142120361328e+00
1.704110145568847656e+00
1.695608854293823242e+00
1.763924837112426758e+00
1.650127887725830078e+00
1.729305982589721680e+00
1.621359109878540039e+00
1.729341745376586914e+00
1.643476963043212891e+00
1.638552427291870117e+00
1.721228837966918945e+00
1.681928873062133789e+00
1.655172109603881836e+00
1.738177061080932617e+00
1.563458919525146484e+00
1.688565015792846680e+00
1.601063013076782227e+00
1.636627674102783203e+00
1.727258205413818359e+00
1.748247146606445312e+00
1.623500347137451172e+00
1.723894596099853516e+00
1.683778524398803711e+00
1.665821313858032227e+00
1.722325086593627930e+00
1.815747022628784180e+00
1.654738187789916992e+00
1.528196334838867188e+00
1.703275203704833984e+00
1.708750724792480469e+00
1.745248079299926758e+00
1.707426548004150391e+00
1.622998714447021484e+00
1.616725444793701172e+00
1.706747770309448242e+00
1.778640985488891602e+00
1.652594804763793945e+00
1.668030500411987305e+00
1.680015563964843750e+00
1.659927129745483398e+00
1.762102127075195312e+00
1.707002639770507812e+00
1.648411512374877930e+00
1.675402402877807617e+00
1.602200508117675781e+00
1.616867780685424805e+00
1.744022369384765625e+00
1.627082347869873047e+00
1.756161451339721680e+00
1.563234329223632812e+00
1.685805320739746094e+00
1.629868268966674805e+00
1.699381113052368164e+00
1.722721576690673828e+00
1.678246736526489258e+00
1.722495555877685547e+00
1.759729862213134766e+00
1.650696039199829102e+00
1.654734373092651367e+00
1.727409362792968750e+00
1.782631158828735352e+00
1.711792230606079102e+00
1.646080493927001953e+00
1.649441957473754883e+00
1.603035926818847656e+00
1.809107542037963867e+00
1.775142669677734375e+00
1.369396662712097168e+01
1.683416366577148438e+00
1.836930751800537109e+00
1.717777729034423828e+00
1.552002668380737305e+00
1.675791501998901367e+00
1.672428131103515625e+00
1.699754476547241211e+00
1.724638223648071289e+00
1.666939735412597656e+00
1.680437088012695312e+00
1.713934898376464844e+00
1.626666307449340820e+00
1.708393573760986328e+00
1.612591028213500977e+00
1.658440351486206055e+00
1.646569967269897461e+00
1.690189123153686523e+00
1.626780509948730469e+00
1.677532672882080078e+00
1.742129564285278320e+00
1.663882017135620117e+00
1.692344665527343750e+00
1.701518774032592773e+00
1.710248231887817383e+00
1.677284955978393555e+00
1.623506784439086914e+00
1.693942785263061523e+00
1.668107748031616211e+00
1.601835250854492188e+00
1.692642450332641602e+00
1.606896638870239258e+00
1.671624660491943359e+00
1.566709995269775391e+00
1.660408020019531250e+00
1.612615585327148438e+00
1.634806156158447266e+00
1.607311725616455078e+00
1.709587812423706055e+00
1.699622392654418945e+00
1.681896209716796875e+00
1.630819559097290039e+00
1.654445171356201172e+00
1.652843952178955078e+00
1.748202800750732422e+00
1.622831821441650391e+00
1.629550457000732422e+00
1.675486087799072266e+00
1.564706563949584961e+00
1.609853029251098633e+00
1.687172651290893555e+00
1.625503301620483398e+00
1.625702619552612305e+00
1.687280416488647461e+00
1.616872549057006836e+00
1.640321016311645508e+00
1.526662111282348633e+00
1.672631025314331055e+00
1.614589691162109375e+00
1.690507650375366211e+00
1.690492153167724609e+00
1.592755079269409180e+00
1.647622823715209961e+00
1.644099473953247070e+00
1.660295724868774414e+00
1.771234989166259766e+00
1.693246126174926758e+00
1.608874559402465820e+00
1.557968139648437500e+00
1.633888721466064453e+00
1.737664461135864258e+00
1.662975549697875977e+00
1.670814514160156250e+00
1.684624671936035156e+00
1.702669620513916016e+00
1.723234415054321289e+00
1.627049446105957031e+00
1.594408035278320312e+00
1.663773059844970703e+00
1.645285844802856445e+00
1.698545932769775391e+00
1.731185674667358398e+00
1.746726751327514648e+00
1.642992734909057617e+00
1.548196792602539062e+00
1.718774318695068359e+00
1.657365798950195312e+00
1.626637220382690430e+00
1.653083562850952148e+00
1.648447990417480469e+00
1.593229293823242188e+00
1.766314744949340820e+00
1.715250253677368164e+00
1.667637586593627930e+00
1.688275814056396484e+00
1.601245164871215820e+00
1.694467306137084961e+00
1.761570930480957031e+00
1.658146142959594727e+00
1.662813425064086914e+00
1.365986871719360352e+01
1.597079038619995117e+00
1.681714534759521484e+00
1.581626892089843750e+00
1.739251375198364258e+00
1.677335739135742188e+00
1.729305028915405273e+00
1.746383428573608398e+00
1.655375719070434570e+00
1.617245197296142578e+00
1.696641445159912109e+00
1.647369384765625000e+00
1.707370042800903320e+00
1.653793573379516602e+00
1.615242242813110352e+00
1.749059438705444336e+00
1.679549932479858398e+00
1.714794874191284180e+00
1.643547534942626953e+00
1.534225225448608398e+00
1.535305500030517578e+00
1.734522342681884766e+00
1.738117218017578125e+00
1.732155323028564453e+00
1.584896802902221680e+00
1.688398122787475586e+00
1.728756427764892578e+00
1.722458600997924805e+00
1.727647542953491211e+00
1.632191658020019531e+00
1.677371740341186523e+00
1.737968683242797852e+00
1.641376495361328125e+00
1.743418216705322266e+00
1.629653453826904297e+00
1.662467718124389648e+00
1.723168373107910156e+00
1.675302267074584961e+00
1.735725402832031250e+00
1.580701351165771484e+00
1.721207141876220703e+00
1.658839941024780273e+00
1.625292539596557617e+00
1.648797512054443359e+00
1.717267751693725586e+00
1.702145814895629883e+00
1.735436439514160156e+00
1.697232484817504883e+00
1.596047163009643555e+00
1.675042390823364258e+00
1.582639217376708984e+00
1.639661312103271484e+00
1.638733863830566406e+00
1.698040723800659180e+00
1.577460765838623047e+00
1.718776464462280273e+00
1.767794847488403320e+00
1.739103555679321289e+00
1.603107213973999023e+00
1.733117341995239258e+00
1.494332075119018555e+00
1.725320339202880859e+00
1.593074321746826172e+00
1.520637512207031250e+00
1.653043746948242188e+00
1.685548782348632812e+00
1.614671468734741211e+00
1.618621826171875000e+00
1.660040140151977539e+00
1.595139741897583008e+00
1.686597824096679688e+00
1.601048231124877930e+00
1.753469228744506836e+00
1.784804105758666992e+00
1.660218000411987305e+00
1.715502500534057617e+00
1.699485778808593750e+00
1.686222314834594727e+00
1.607277154922485352e+00
1.668442964553833008e+00
1.730673551559448242e+00
1.609414100646972656e+00
1.666674137115478516e+00
1.724706172943115234e+00
1.700971841812133789e+00
1.742931365966796875e+00
1.654044151306152344e+00
1.728118896484375000e+00
1.680793046951293945e+00
1.748893022537231445e+00
1.705903053283691406e+00
1.636892557144165039e+00
1.722325325012207031e+00
1.736377716064453125e+00
1.680797100067138672e+00
1.789222955703735352e+00
1.697041273117065430e+00
1.576344966888427734e+00
1.625049829483032227e+00
1.612975358963012695e+00
1.317301321029663086e+01
1.806458711624145508e+00
1.859197378158569336e+00
1.539318561553955078e+00
1.654271841049194336e+00
1.689554929733276367e+00
1.588133335113525391e+00
1.620336771011352539e+00
1.824232816696166992e+00
1.737247228622436523e+00
1.732394695281982422e+00
1.616483926773071289e+00
1.605195999145507812e+00
1.644248247146606445e+00
1.700132131576538086e+00
1.746874094009399414e+00
1.681686401367187500e+00
1.701471090316772461e+00
1.633574247360229492e+00
1.731706619262695312e+00
1.755100727081298828e+00
1.763059377670288086e+00
1.724296331405639648e+00
1.702281951904296875e+00
1.730893850326538086e+00
1.561316251754760742e+00
1.749180078506469727e+00
1.651184558868408203e+00
1.635359287261962891e+00
1.755241155624389648e+00
1.753344058990478516e+00
1.748700141906738281e+00
1.586531639099121094e+00
1.702562332153320312e+00
1.747498512268066406e+00
1.686937808990478516e+00
1.690473556518554688e+00
1.731338739395141602e+00
1.706284761428833008e+00
1.602609395980834961e+00
1.688668012619018555e+00
1.698289155960083008e+00
1.644926548004150391e+00
1.601735115051269531e+00
1.756767511367797852e+00
1.795000076293945312e+00
1.680948019027709961e+00
1.617203712463378906e+00
1.744696617126464844e+00
1.578279972076416016e+00
1.731626749038696289e+00
1.742995023727416992e+00
1.728284120559692383e+00
1.640921115875244141e+00
1.684986114501953125e+00
1.763127803802490234e+00
1.776515007019042969e+00
1.697235345840454102e+00
1.666704177856445312e+00
1.723949193954467773e+00
1.728148698806762695e+00
1.636836051940917969e+00
1.520019054412841797e+00
1.685731410980224609e+00
1.714213371276855469e+00
1.744177818298339844e+00
1.601622343063354492e+00
1.599620580673217773e+00
1.601581096649169922e+00
1.646116018295288086e+00
1.717555761337280273e+00
1.709178447723388672e+00
1.697867631912231445e+00
1.635342359542846680e+00
1.695715665817260742e+00
1.746303796768188477e+00
1.713002443313598633e+00
1.638393640518188477e+00
1.603069782257080078e+00
1.662143945693969727e+00
1.696655750274658203e+00
1.660337686538696289e+00
1.728768825531005859e+00
1.635210037231445312e+00
1.688308238983154297e+00
1.720739126205444336e+00
1.672469139099121094e+00
1.689260244369506836e+00
1.673464059829711914e+00
1.639284372329711914e+00
1.658728837966918945e+00
1.657648324966430664e+00
1.604502439498901367e+00
1.671607494354248047e+00
1.666669845581054688e+00
1.759622097015380859e+00
1.621158599853515625e+00
1.707088470458984375e+00
1.621452569961547852e+00
1.684853792190551758e+00
1.332741308212280273e+01
1.715714216232299805e+00
1.672194719314575195e+00
1.673413991928100586e+00
1.740535736083984375e+00
1.638664007186889648e+00
1.652002334594726562e+00
1.698781013488769531e+00
1.720451116561889648e+00
1.731366395950317383e+00
1.653390884399414062e+00
1.530639648437500000e+00
1.684827327728271484e+00
1.684594869613647461e+00
1.602099657058715820e+00
1.694423198699951172e+00
1.653782129287719727e+00
1.660464763641357422e+00
1.703836202621459961e+00
1.669282913208007812e+00
1.737157106399536133e+00
1.681107521057128906e+00
1.711587667465209961e+00
1.706326007843017578e+00
1.719557762145996094e+00
1.540013313293457031e+00
1.634208202362060547e+00
1.666689872741699219e+00
1.715768575668334961e+00
1.786186695098876953e+00
1.756035804748535156e+00
1.677746772766113281e+00
1.633720397949218750e+00
1.692601203918457031e+00
1.686943292617797852e+00
1.699876070022583008e+00
1.639759778976440430e+00
1.685121059417724609e+00
1.713702917098999023e+00
1.695299863815307617e+00
1.767989397048950195e+00
1.788085222244262695e+00
1.720762968063354492e+00
1.608217716217041016e+00
1.685111522674560547e+00
1.723104715347290039e+00
1.698624849319458008e+00
1.715864658355712891e+00
1.767837285995483398e+00
1.669660568237304688e+00
1.631558656692504883e+00
1.688602924346923828e+00
1.610704421997070312e+00
1.721938848495483398e+00
1.734026908874511719e+00
1.768340587615966797e+00
1.718174695968627930e+00
1.651680231094360352e+00
1.720762252807617188e+00
1.726414918899536133e+00
1.724684476852416992e+00
1.718374729156494141e+00
1.589277982711791992e+00
1.693963766098022461e+00
1.698994398117065430e+00
1.655333280563354492e+00
1.732510328292846680e+00
1.642178058624267578e+00
1.677536487579345703e+00
1.654884338378906250e+00
1.687099456787109375e+00
1.661808729171752930e+00
1.707444906234741211e+00
1.692327260971069336e+00
1.651075601577758789e+00
1.706668376922607422e+00
1.662923574447631836e+00
1.680158138275146484e+00
1.600289106369018555e+00
1.722241163253784180e+00
1.685401916503906250e+00
1.662627458572387695e+00
1.635312557220458984e+00
1.590072631835937500e+00
1.770052194595336914e+00
1.776967048645019531e+00
1.644216060638427734e+00
1.543381690979003906e+00
1.669978141784667969e+00
1.737672805786132812e+00
1.765367269515991211e+00
1.797665834426879883e+00
1.761485576629638672e+00
1.582463026046752930e+00
1.677474260330200195e+00
1.715134620666503906e+00
1.601113557815551758e+00
1.653926134109497070e+00
1.668815851211547852e+00
1.699333906173706055e+00
1.296687197685241699e+01
1.701909303665161133e+00
1.699702262878417969e+00
1.628282546997070312e+00
1.774438619613647461e+00
1.670844793319702148e+00
1.742554187774658203e+00
1.791194438934326172e+00
1.730175495147705078e+00
1.839822053909301758e+00
1.681125164031982422e+00
1.728265762329101562e+00
1.829495906829833984e+00
1.721249341964721680e+00
1.734124660491943359e+00
1.662659645080566406e+00
1.799928665161132812e+00
1.702943325042724609e+00
1.648900270462036133e+00
1.628738880157470703e+00
1.730353116989135742e+00
1.603756189346313477e+00
1.753213882446289062e+00
1.702581167221069336e+00
1.722813844680786133e+00
1.717653036117553711e+00
1.623697757720947266e+00
1.703271865844726562e+00
1.648870229721069336e+00
1.700274229049682617e+00
1.753295421600341797e+00
1.586846113204956055e+00
1.692847013473510742e+00
1.590004205703735352e+00
1.559435129165649414e+00
1.654627084732055664e+00
1.731744050979614258e+00
1.796561956405639648e+00
1.688732624053955078e+00
1.710758447647094727e+00
1.724963903427124023e+00
1.696242094039916992e+00
1.667095184326171875e+00
1.528616905212402344e+00
1.729095220565795898e+00
1.624756097793579102e+00
1.696006774902343750e+00
1.675610542297363281e+00
1.668358087539672852e+00
1.759223699569702148e+00
1.706693172454833984e+00
1.729733467102050781e+00
1.643867254257202148e+00
1.673392057418823242e+00
1.689758777618408203e+00
1.605961561203002930e+00
1.715834617614746094e+00
1.586379766464233398e+00
1.842569828033447266e+00
1.643885850906372070e+00
1.614121675491333008e+00
1.746031761169433594e+00
1.664837837219238281e+00
1.705435752868652344e+00
1.710594177246093750e+00
1.704885244369506836e+00
1.604260683059692383e+00
1.721405744552612305e+00
1.704963445663452148e+00
1.724400758743286133e+00
1.625830888748168945e+00
1.668969631195068359e+00
1.686643600463867188e+00
1.706362485885620117e+00
1.658904552459716797e+00
1.678672313690185547e+00
1.704356670379638672e+00
1.675527334213256836e+00
1.696776628494262695e+00
1.719186782836914062e+00
1.755209684371948242e+00
1.652139902114868164e+00
1.625182390213012695e+00
1.685136318206787109e+00
1.656327009201049805e+00
1.749174356460571289e+00
1.721753358840942383e+00
1.628418684005737305e+00
1.659292459487915039e+00
1.725888013839721680e+00
1.825500965118408203e+00
1.616626739501953125e+00
1.548387527465820312e+00
1.652214765548706055e+00
1.562035799026489258e+00
1.723865270614624023e+00
1.608474493026733398e+00
1.686299085617065430e+00
1.689231634140014648e+00
1.774610519409179688e+00
1.362368822097778320e+01
1.756110429763793945e+00
1.669268608093261719e+00
1.686671495437622070e+00
1.722068786621093750e+00
1.678941965103149414e+00
1.659898519515991211e+00
1.741105079650878906e+00
1.759040594100952148e+00
1.697174787521362305e+00
1.571766376495361328e+00
1.619727849960327148e+00
1.669003248214721680e+00
1.596440792083740234e+00
1.605076313018798828e+00
1.673875093460083008e+00
1.698598623275756836e+00
1.714482784271240234e+00
1.619554281234741211e+00
1.723157167434692383e+00
1.647588968276977539e+00
1.699727296829223633e+00
1.665495157241821289e+00
1.729229927062988281e+00
1.643418073654174805e+00
1.680725812911987305e+00
1.697139978408813477e+00
1.728759050369262695e+00
1.767647981643676758e+00
1.728626251220703125e+00
1.705744743347167969e+00
1.664239883422851562e+00
1.745738983154296875e+00
1.778686046600341797e+00
1.626692533493041992e+00
1.727565050125122070e+00
1.681843042373657227e+00
1.663878679275512695e+00
1.745503902435302734e+00
1.795205116271972656e+00
1.737983703613281250e+00
1.793201923370361328e+00
1.773433446884155273e+00
1.643152475357055664e+00
1.856151342391967773e+00
1.690260410308837891e+00
1.678051948547363281e+00
1.726533174514770508e+00
1.661502361297607422e+00
1.774349689483642578e+00
1.665620326995849609e+00
1.721660614013671875e+00
1.717990159988403320e+00
1.808432102203369141e+00
1.527045965194702148e+00
1.675749063491821289e+00
1.707806587219238281e+00
1.799037933349609375e+00
1.733176231384277344e+00
1.579250097274780273e+00
1.679680109024047852e+00
1.732338666915893555e+00
1.579142808914184570e+00
1.645776033401489258e+00
1.704387426376342773e+00
1.769667387008666992e+00
1.795162916183471680e+00
1.629644155502319336e+00
1.679441213607788086e+00
1.676564455032348633e+00
1.711534738540649414e+00
1.641241073608398438e+00
1.750109195709228516e+00
1.525323629379272461e+00
1.774538516998291016e+00
1.727064847946166992e+00
1.674297094345092773e+00
1.594387769699096680e+00
1.712145090103149414e+00
1.692442893981933594e+00
1.654053211212158203e+00
1.717483758926391602e+00
1.657135725021362305e+00
1.590208292007446289e+00
1.652715444564819336e+00
1.719722747802734375e+00
1.643331050872802734e+00
1.704781293869018555e+00
1.643678426742553711e+00
1.701453208923339844e+00
1.623435258865356445e+00
1.724039077758789062e+00
1.612860918045043945e+00
1.565961360931396484e+00
1.707978010177612305e+00
1.650862693786621094e+00
1.619571208953857422e+00
1.756593227386474609e+00
1.668153285980224609e+00
1.698503255844116211e+00
1.280989718437194824e+01
1.799940347671508789e+00
1.674388170242309570e+00
1.683882474899291992e+00
1.724756479263305664e+00
1.686223983764648438e+00
1.640562057495117188e+00
1.735760450363159180e+00
1.730863809585571289e+00
1.726983547210693359e+00
1.699262857437133789e+00
1.780763626098632812e+00
1.612883806228637695e+00
1.722426891326904297e+00
1.684990167617797852e+00
1.704146623611450195e+00
1.670091867446899414e+00
1.597764492034912109e+00
1.821735858917236328e+00
1.695719480514526367e+00
1.734529733657836914e+00
1.659815073013305664e+00
1.651353836059570312e+00
1.682826042175292969e+00
1.630345106124877930e+00
1.697145462036132812e+00
1.747665643692016602e+00
1.668985605239868164e+00
1.719665765762329102e+00
1.677097558975219727e+00
1.584180593490600586e+00
1.746152162551879883e+00
1.676522016525268555e+00
1.685502529144287109e+00
1.794139146804809570e+00
1.628127098083496094e+00
1.737931966781616211e+00
1.547517299652099609e+00
1.653405666351318359e+00
1.714284420013427734e+00
1.729295015335083008e+00
1.754665136337280273e+00
1.628608226776123047e+00
1.735676527023315430e+00
1.616385698318481445e+00
1.771775007247924805e+00
1.714144468307495117e+00
1.658218622207641602e+00
1.689858436584472656e+00
1.723011255264282227e+00
1.633624315261840820e+00
1.719542026519775391e+00
1.661567687988281250e+00
1.747649192810058594e+00
1.691060304641723633e+00
1.590062141418457031e+00
1.736536741256713867e+00
1.725244283676147461e+00
1.748916387557983398e+00
1.693853378295898438e+00
1.739410877227783203e+00
1.715846776962280273e+00
1.656070947647094727e+00
1.717387914657592773e+00
1.722560882568359375e+00
1.637600660324096680e+00
1.733658552169799805e+00
1.701117277145385742e+00
1.679259777069091797e+00
1.739295244216918945e+00
1.710876703262329102e+00
1.746442794799804688e+00
1.713971614837646484e+00
1.509241342544555664e+00
1.545583248138427734e+00
1.562021970748901367e+00
1.601272106170654297e+00
1.538507461547851562e+00
1.671917915344238281e+00
1.714705228805541992e+00
1.694767951965332031e+00
1.717842102050781250e+00
1.692742347717285156e+00
1.610896587371826172e+00
1.776666402816772461e+00
1.586079597473144531e+00
1.771455764770507812e+00
1.725270748138427734e+00
1.562537193298339844e+00
1.657505989074707031e+00
1.787676572799682617e+00
1.710534811019897461e+00
1.655771255493164062e+00
1.642004966735839844e+00
1.577693462371826172e+00
1.697402954101562500e+00
1.743410587310791016e+00
1.619858980178833008e+00
1.608152389526367188e+00
1.751970529556274414e+00
1.345096063613891602e+01
1.781831979751586914e+00
1.721290588378906250e+00
1.663174390792846680e+00
1.627070903778076172e+00
1.755940675735473633e+00
1.759491205215454102e+00
1.750388622283935547e+00
1.653007030487060547e+00
1.707535743713378906e+00
1.689596652984619141e+00
1.641034603118896484e+00
1.671977996826171875e+00
1.578717708587646484e+00
1.667543649673461914e+00
1.662804365158081055e+00
1.567978143692016602e+00
1.789636373519897461e+00
1.759791612625122070e+00
1.625192165374755859e+00
1.764928579330444336e+00
1.667437314987182617e+00
1.696390628814697266e+00
1.746636152267456055e+00
1.749791622161865234e+00
1.554766178131103516e+00
1.680849313735961914e+00
1.729871749877929688e+00
1.696554422378540039e+00
1.555623769760131836e+00
1.528119325637817383e+00
1.771732568740844727e+00
1.710565090179443359e+00
1.651451349258422852e+00
1.683485031127929688e+00
1.632514476776123047e+00
1.739434719085693359e+00
1.646426439285278320e+00
1.591649293899536133e+00
1.593637943267822266e+00
1.723605632781982422e+00
1.621277093887329102e+00
1.596235275268554688e+00
1.638772487640380859e+00
1.724393129348754883e+00
1.726406574249267578e+00
1.586069345474243164e+00
1.666216611862182617e+00
1.826893091201782227e+00
1.698758363723754883e+00
1.741393566131591797e+00
1.678066015243530273e+00
1.804903984069824219e+00
1.688622713088989258e+00
1.764680147171020508e+00
1.672210931777954102e+00
1.631312847137451172e+00
1.673857450485229492e+00
1.735198736190795898e+00
1.683151721954345703e+00
1.733157157897949219e+00
1.709978103637695312e+00
1.618431568145751953e+00
1.726116657257080078e+00
1.574092149734497070e+00
1.664191961288452148e+00
1.818686008453369141e+00
1.654504537582397461e+00
1.699686765670776367e+00
1.609794616699218750e+00
1.661447525024414062e+00
1.734649419784545898e+00
1.613349676132202148e+00
1.595648288726806641e+00
1.767290115356445312e+00
1.711870908737182617e+00
1.706190824508666992e+00
1.591134309768676758e+00
1.587224483489990234e+00
1.659220695495605469e+00
1.708129167556762695e+00
1.682496547698974609e+00
1.667295455932617188e+00
1.753235340118408203e+00
1.686314582824707031e+00
1.721857547760009766e+00
1.703084707260131836e+00
1.698981285095214844e+00
1.728624343872070312e+00
1.768336772918701172e+00
1.711966991424560547e+00
1.629174232482910156e+00
1.746552944183349609e+00
1.711457729339599609e+00
1.689107179641723633e+00
1.650883436203002930e+00
1.722499132156372070e+00
1.718729972839355469e+00
1.696462869644165039e+00
1.532451868057250977e+00
1.195777249336242676e+01
1.681931972503662109e+00
1.746748208999633789e+00
1.685866117477416992e+00
1.624540090560913086e+00
1.705981731414794922e+00
1.791434049606323242e+00
1.587044477462768555e+00
1.689935445785522461e+00
1.608898162841796875e+00
1.759277343750000000e+00
1.691163539886474609e+00
1.710556983947753906e+00
1.677686929702758789e+00
1.698553323745727539e+00
1.667068004608154297e+00
1.677444219589233398e+00
1.624294996261596680e+00
1.752939701080322266e+00
1.597251176834106445e+00
1.735060691833496094e+00
1.657847881317138672e+00
1.751286983489990234e+00
1.764235258102416992e+00
1.713062763214111328e+00
1.773082971572875977e+00
1.688084363937377930e+00
1.725939035415649414e+00
1.687453508377075195e+00
1.703755855560302734e+00
1.733386039733886719e+00
1.744018316268920898e+00
1.801007986068725586e+00
1.559538364410400391e+00
1.635488510131835938e+00
1.681599617004394531e+00
1.599991321563720703e+00
1.787302732467651367e+00
1.621981859207153320e+00
1.709501028060913086e+00
1.676056861877441406e+00
1.637160778045654297e+00
1.649566888809204102e+00
1.719985961914062500e+00
1.678959369659423828e+00
1.727317810058593750e+00
1.755482912063598633e+00
1.735808849334716797e+00
1.760255336761474609e+00
1.706539154052734375e+00
1.790548086166381836e+00
1.762838125228881836e+00
1.669133424758911133e+00
1.667543888092041016e+00
1.788137674331665039e+00
1.673960924148559570e+00
1.654694795608520508e+00
1.730712175369262695e+00
1.650735378265380859e+00
1.598083257675170898e+00
1.731784105300903320e+00
1.719313144683837891e+00
1.647765636444091797e+00
1.677854061126708984e+00
1.699573516845703125e+00
1.548074960708618164e+00
1.774190664291381836e+00
1.732360601425170898e+00
1.603304862976074219e+00
1.708133220672607422e+00
1.746530532836914062e+00
1.747584342956542969e+00
1.724465608596801758e+00
1.619065284729003906e+00
1.700093984603881836e+00
1.637002468109130859e+00
1.753782033920288086e+00
1.711767196655273438e+00
1.682568073272705078e+00
1.535222291946411133e+00
1.731143236160278320e+00
1.588762283325195312e+00
1.647381782531738281e+00
1.669825553894042969e+00
1.570791244506835938e+00
1.749953746795654297e+00
1.659598588943481445e+00
1.695089101791381836e+00
1.627029418945312500e+00
1.703941583633422852e+00
1.680389404296875000e+00
1.646888494491577148e+00
1.746867656707763672e+00
1.718552112579345703e+00
1.743320941925048828e+00
1.649367332458496094e+00
1.791236639022827148e+00
1.668165922164916992e+00
1.801434993743896484e+00
1.694064378738403320e+00
1.364394688606262207e+01
1.651141166687011719e+00
1.718081712722778320e+00
1.644353628158569336e+00
1.662147045135498047e+00
1.723366022109985352e+00
1.727303266525268555e+00
1.679094552993774414e+00
1.621704339981079102e+00
1.694646596908569336e+00
1.824056386947631836e+00
1.757015705108642578e+00
1.623148918151855469e+00
1.716363668441772461e+00
1.705585002899169922e+00
1.674643039703369141e+00
1.777746677398681641e+00
1.770669698715209961e+00
1.612678527832031250e+00
1.644788265228271484e+00
1.602456331253051758e+00
1.791858434677124023e+00
1.655052423477172852e+00
1.666693449020385742e+00
1.678423881530761719e+00
1.633447885513305664e+00
1.607301950454711914e+00
1.841518402099609375e+00
1.668209075927734375e+00
1.748982906341552734e+00
1.771875381469726562e+00
1.717251539230346680e+00
1.646566390991210938e+00
1.736859083175659180e+00
1.603271722793579102e+00
1.700928211212158203e+00
1.646311283111572266e+00
1.657176017761230469e+00
1.767026424407958984e+00
1.724496603012084961e+00
1.659112215042114258e+00
1.738902091979980469e+00
1.753249883651733398e+00
1.725635766983032227e+00
1.754104852676391602e+00
1.755962371826171875e+00
1.670951128005981445e+00
1.553742647171020508e+00
1.728600978851318359e+00
1.779274225234985352e+00
1.692411184310913086e+00
1.771790504455566406e+00
1.643328666687011719e+00
1.685526847839355469e+00
1.695844173431396484e+00
1.652430534362792969e+00
1.748506784439086914e+00
1.606007099151611328e+00
1.744060993194580078e+00
1.582388639450073242e+00
1.703686952590942383e+00
1.674315690994262695e+00
1.657976627349853516e+00
1.636646986007690430e+00
1.750468492507934570e+00
1.722411870956420898e+00
1.665774345397949219e+00
1.774564266204833984e+00
1.779933929443359375e+00
1.649650335311889648e+00
1.531016111373901367e+00
1.674722909927368164e+00
1.667091846466064453e+00
1.583371400833129883e+00
1.789410829544067383e+00
1.690119981765747070e+00
1.690159082412719727e+00
1.682431459426879883e+00
1.698122978210449219e+00
1.722601175308227539e+00
1.612880706787109375e+00
1.643586158752441406e+00
1.657748460769653320e+00
1.781426906585693359e+00
1.661067247390747070e+00
1.698364019393920898e+00
1.747564554214477539e+00
1.619602203369140625e+00
1.736391782760620117e+00
1.720637083053588867e+00
1.682389736175537109e+00
1.749630689620971680e+00
1.707418441772460938e+00
1.742797613143920898e+00
1.760407209396362305e+00
1.709409475326538086e+00
1.609540224075317383e+00
1.754158973693847656e+00
1.783319711685180664e+00
1.726301193237304688e+00
1.386709904670715332e+01
1.718959808349609375e+00
1.670067787170410156e+00
1.741322040557861328e+00
1.603901863098144531e+00
1.602479934692382812e+00
1.701453447341918945e+00
1.603671789169311523e+00
1.626643896102905273e+00
1.675171852111816406e+00
1.669103622436523438e+00
1.622801780700683594e+00
1.754903316497802734e+00
1.674512863159179688e+00
1.698126554489135742e+00
1.645284414291381836e+00
1.771521091461181641e+00
1.635954380035400391e+00
1.694411754608154297e+00
1.806712627410888672e+00
1.774066925048828125e+00
1.734007358551025391e+00
1.762086868286132812e+00
1.756770610809326172e+00
1.781810998916625977e+00
1.775868415832519531e+00
1.772764921188354492e+00
1.743126392364501953e+00
1.669864892959594727e+00
1.574296951293945312e+00
1.672744512557983398e+00
1.709115266799926758e+00
1.689059257507324219e+00
1.678544759750366211e+00
1.668362855911254883e+00
1.728746652603149414e+00
1.757068395614624023e+00
1.717954397201538086e+00
1.747782468795776367e+00
1.631792545318603516e+00
1.553445577621459961e+00
1.647210597991943359e+00
1.597287654876708984e+00
1.674691438674926758e+00
1.704254865646362305e+00
1.729695796966552734e+00
1.700252532958984375e+00
1.756482601165771484e+00
1.695071220397949219e+00
1.753934621810913086e+00
1.645195484161376953e+00
1.607128143310546875e+00
1.751324892044067383e+00
1.729949474334716797e+00
1.585219383239746094e+00
1.710103273391723633e+00
1.710659265518188477e+00
1.736224174499511719e+00
1.645574092864990234e+00
1.571918725967407227e+00
1.634912967681884766e+00
1.763126373291015625e+00
1.801827669143676758e+00
1.742304325103759766e+00
1.684353828430175781e+00
1.651731967926025391e+00
1.633072376251220703e+00
1.744865417480468750e+00
1.669501066207885742e+00
1.725333929061889648e+00
1.673254728317260742e+00
1.556297302246093750e+00
1.700139045715332031e+00
1.668159008026123047e+00
1.710393667221069336e+00
1.653258562088012695e+00
1.699998617172241211e+00
1.786255121231079102e+00
1.710469961166381836e+00
1.761280298233032227e+00
1.699356317520141602e+00
1.614059925079345703e+00
1.637972116470336914e+00
1.705259323120117188e+00
1.661831378936767578e+00
1.696871995925903320e+00
1.691695690155029297e+00
1.719284772872924805e+00
1.818613529205322266e+00
1.682882070541381836e+00
1.669934034347534180e+00
1.659959554672241211e+00
1.684901714324951172e+00
1.630362987518310547e+00
1.778178930282592773e+00
1.737878322601318359e+00
1.635753154754638672e+00
1.630084991455078125e+00
1.745589256286621094e+00
1.702887773513793945e+00
1.324468898773193359e+01
1.666431188583374023e+00
1.729936361312866211e+00
1.729668855667114258e+00
1.786669254302978516e+00
1.595175504684448242e+00
1.687360763549804688e+00
1.737470626831054688e+00
1.780756950378417969e+00
1.720921516418457031e+00
1.866866827011108398e+00
1.614877939224243164e+00
1.709392070770263672e+00
1.753983736038208008e+00
1.754383563995361328e+00
1.771450281143188477e+00
1.671427011489868164e+00
1.695165872573852539e+00
1.604651212692260742e+00
1.719071388244628906e+00
1.682009458541870117e+00
1.686258554458618164e+00
1.728839635848999023e+00
1.677099227905273438e+00
1.648469924926757812e+00
1.644985437393188477e+00
1.690032482147216797e+00
1.716954708099365234e+00
1.717608928680419922e+00
1.674547195434570312e+00
1.596691370010375977e+00
1.717915773391723633e+00
1.705048799514770508e+00
1.773935556411743164e+00
1.689372301101684570e+00
1.690200090408325195e+00
1.624188423156738281e+00
1.637660980224609375e+00
1.647701501846313477e+00
1.650059223175048828e+00
1.604292869567871094e+00
1.709140300750732422e+00
1.776161909103393555e+00
1.615881919860839844e+00
1.797057628631591797e+00
1.630184412002563477e+00
1.700894355773925781e+00
1.710954189300537109e+00
1.695446968078613281e+00
1.671658992767333984e+00
1.690243244171142578e+00
1.714111566543579102e+00
1.681161165237426758e+00
1.729332208633422852e+00
1.735877752304077148e+00
1.664878368377685547e+00
1.704869031906127930e+00
1.757016420364379883e+00
1.830671310424804688e+00
1.786127567291259766e+00
1.515083312988281250e+00
1.756469964981079102e+00
1.836088895797729492e+00
1.603906869888305664e+00
1.551123619079589844e+00
1.749111890792846680e+00
1.724608182907104492e+00
1.748948574066162109e+00
1.693535089492797852e+00
1.716849803924560547e+00
1.722312450408935547e+00
1.608345031738281250e+00
1.689431428909301758e+00
1.746842145919799805e+00
1.678919315338134766e+00
1.705146074295043945e+00
1.686973810195922852e+00
1.720654726028442383e+00
1.653743982315063477e+00
1.738593816757202148e+00
1.724312782287597656e+00
1.789767742156982422e+00
1.653981208801269531e+00
1.728646278381347656e+00
1.710649728775024414e+00
1.699196338653564453e+00
1.623087644577026367e+00
1.708505392074584961e+00
1.641325235366821289e+00
1.742141008377075195e+00
1.768740892410278320e+00
1.692283630371093750e+00
1.853178024291992188e+00
1.719751596450805664e+00
1.730318069458007812e+00
1.730145454406738281e+00
1.620458364486694336e+00
1.745809078216552734e+00
1.623461484909057617e+00
1.774688720703125000e+00
1.368501877784729004e+01
1.632345914840698242e+00
1.788613319396972656e+00
1.691617488861083984e+00
1.738401889801025391e+00
1.723501920700073242e+00
1.795438528060913086e+00
1.691509485244750977e+00
1.622254610061645508e+00
1.723311901092529297e+00
1.639666318893432617e+00
1.769111156463623047e+00
1.704458236694335938e+00
1.616847038269042969e+00
1.656963586807250977e+00
1.697968244552612305e+00
1.820852041244506836e+00
1.753756999969482422e+00
1.745260000228881836e+00
1.697025299072265625e+00
1.684627294540405273e+00
1.787230014801025391e+00
1.708840608596801758e+00
1.689129829406738281e+00
1.581472158432006836e+00
1.599860429763793945e+00
1.618462800979614258e+00
1.769894361495971680e+00
1.682729959487915039e+00
1.723985433578491211e+00
1.515729904174804688e+00
1.772383689880371094e+00
1.730424880981445312e+00
1.818703889846801758e+00
1.787203073501586914e+00
1.647163152694702148e+00
1.694020748138427734e+00
1.664951801300048828e+00
1.662077665328979492e+00
1.727106809616088867e+00
1.761743307113647461e+00
1.656915426254272461e+00
1.626088380813598633e+00
1.757047176361083984e+00
1.701292753219604492e+00
1.644852161407470703e+00
1.755606651306152344e+00
1.667414665222167969e+00
1.752253532409667969e+00
1.702251434326171875e+00
1.763607978820800781e+00
1.648254632949829102e+00
1.727541685104370117e+00
1.657764673233032227e+00
1.716954231262207031e+00
1.716625452041625977e+00
1.651576995849609375e+00
1.721203088760375977e+00
1.690594434738159180e+00
1.755219936370849609e+00
1.560139656066894531e+00
1.678245544433593750e+00
1.700650215148925781e+00
1.675848960876464844e+00
1.690512180328369141e+00
1.670341730117797852e+00
1.539486169815063477e+00
1.712322473526000977e+00
1.833446502685546875e+00
1.780145406723022461e+00
1.732925176620483398e+00
1.762919902801513672e+00
1.828781843185424805e+00
1.721532583236694336e+00
1.644767045974731445e+00
1.671403646469116211e+00
1.726338386535644531e+00
1.821301698684692383e+00
1.709121465682983398e+00
1.721488237380981445e+00
1.732795953750610352e+00
1.622056245803833008e+00
1.810629606246948242e+00
1.733736276626586914e+00
1.713936328887939453e+00
1.621001720428466797e+00
1.783412933349609375e+00
1.764933586120605469e+00
1.628611803054809570e+00
1.769036769866943359e+00
1.694269180297851562e+00
1.561949491500854492e+00
1.643537282943725586e+00
1.730817794799804688e+00
1.812299251556396484e+00
1.667925357818603516e+00
1.716885805130004883e+00
1.715038537979125977e+00
1.808215618133544922e+00
1.705919981002807617e+00
1.332449364662170410e+01
1.740970373153686523e+00
1.793566703796386719e+00
1.747234344482421875e+00
1.632464170455932617e+00
1.630518436431884766e+00
1.588067293167114258e+00
1.829841375350952148e+00
1.747259616851806641e+00
1.654776334762573242e+00
1.679476261138916016e+00
1.684555530548095703e+00
1.653171062469482422e+00
1.788070440292358398e+00
1.698781967163085938e+00
1.634286642074584961e+00
1.629050493240356445e+00
1.670866250991821289e+00
1.752849340438842773e+00
1.655901670455932617e+00
1.724568605422973633e+00
1.759681463241577148e+00
1.655703067779541016e+00
1.772250890731811523e+00
1.861107587814331055e+00
1.819446086883544922e+00
1.680374145507812500e+00
1.584493637084960938e+00
1.814967632293701172e+00
1.656585216522216797e+00
1.659684896469116211e+00
1.587492227554321289e+00
1.626385688781738281e+00
1.752290248870849609e+00
1.719361066818237305e+00
1.667371273040771484e+00
1.686366319656372070e+00
1.538157463073730469e+00
1.715203046798706055e+00
1.707211256027221680e+00
1.716796636581420898e+00
1.652036428451538086e+00
1.729069232940673828e+00
1.768003940582275391e+00
1.704020261764526367e+00
1.618918418884277344e+00
1.793905019760131836e+00
1.788341045379638672e+00
1.585320711135864258e+00
1.830731153488159180e+00
1.672597408294677734e+00
1.765750169754028320e+00
1.682639598846435547e+00
1.632242679595947266e+00
1.706337690353393555e+00
1.683214187622070312e+00
1.673768043518066406e+00
1.687593698501586914e+00
1.654416084289550781e+00
1.736942291259765625e+00
1.724961996078491211e+00
1.652640342712402344e+00
1.694648981094360352e+00
1.689951419830322266e+00
1.772824048995971680e+00
1.678736448287963867e+00
1.573206901550292969e+00
1.677939653396606445e+00
1.753198385238647461e+00
1.715231180191040039e+00
1.712375640869140625e+00
1.724251985549926758e+00
1.570138216018676758e+00
1.731127262115478516e+00
1.705732583999633789e+00
1.742498397827148438e+00
1.609567403793334961e+00
1.648432254791259766e+00
1.682531118392944336e+00
1.680844068527221680e+00
1.653345108032226562e+00
1.653030633926391602e+00
1.573440313339233398e+00
1.649080276489257812e+00
1.763890027999877930e+00
1.754492044448852539e+00
1.683225631713867188e+00
1.519960403442382812e+00
1.689822912216186523e+00
1.744740724563598633e+00
1.727345466613769531e+00
1.760155200958251953e+00
1.682502269744873047e+00
1.752249002456665039e+00
1.700533628463745117e+00
1.773451328277587891e+00
1.716498851776123047e+00
1.704027414321899414e+00
1.679365396499633789e+00
1.760145187377929688e+00
1.330520582199096680e+01
1.701778650283813477e+00
1.655132532119750977e+00
1.803529977798461914e+00
1.676058292388916016e+00
1.746902465820312500e+00
1.699153184890747070e+00
1.693631410598754883e+00
1.760066986083984375e+00
1.754034519195556641e+00
1.617794990539550781e+00
1.734670639038085938e+00
1.625588417053222656e+00
1.712739706039428711e+00
1.767272710800170898e+00
1.722002983093261719e+00
1.725276231765747070e+00
1.744018316268920898e+00
1.740661144256591797e+00
1.718237876892089844e+00
1.743179798126220703e+00
1.690773248672485352e+00
1.758953571319580078e+00
1.702240228652954102e+00
1.677670478820800781e+00
1.773826360702514648e+00
1.725072860717773438e+00
1.755948781967163086e+00
1.711655139923095703e+00
1.712847232818603516e+00
1.670111656188964844e+00
1.715035915374755859e+00
1.710525512695312500e+00
1.695993900299072266e+00
1.682263612747192383e+00
1.709944725036621094e+00
1.665818452835083008e+00
1.711530447006225586e+00
1.547516107559204102e+00
1.727832555770874023e+00
1.755232334136962891e+00
1.658457756042480469e+00
1.683793544769287109e+00
1.730077505111694336e+00
1.743500471115112305e+00
1.777735948562622070e+00
1.736894130706787109e+00
1.596487283706665039e+00
1.639441728591918945e+00
1.763294458389282227e+00
1.785232067108154297e+00
1.720901489257812500e+00
1.703601598739624023e+00
1.712931156158447266e+00
1.725918292999267578e+00
1.678618669509887695e+00
1.573258638381958008e+00
1.731637716293334961e+00
1.682590723037719727e+00
1.747464656829833984e+00
1.647702693939208984e+00
1.547240972518920898e+00
1.701853990554809570e+00
1.733750581741333008e+00
1.710395574569702148e+00
1.551090002059936523e+00
1.605914354324340820e+00
1.624925851821899414e+00
1.706831455230712891e+00
1.665991783142089844e+00
1.623637914657592773e+00
1.646787881851196289e+00
1.778395652770996094e+00
1.739341497421264648e+00
1.739446640014648438e+00
1.703765630722045898e+00
1.712258338928222656e+00
1.754408597946166992e+00
1.852733135223388672e+00
1.796420574188232422e+00
1.732121706008911133e+00
1.560384273529052734e+00
1.594513177871704102e+00
1.742074489593505859e+00
1.643263578414916992e+00
1.656354188919067383e+00
1.741577863693237305e+00
1.618607282638549805e+00
1.692990779876708984e+00
1.723051071166992188e+00
1.731748580932617188e+00
1.660199642181396484e+00
1.756696462631225586e+00
1.647954702377319336e+00
1.787691116333007812e+00
1.736619710922241211e+00
1.711095333099365234e+00
1.741622924804687500e+00
1.671614885330200195e+00
1.764091014862060547e+00
1.317013168334960938e+01
1.599567651748657227e+00
1.733494043350219727e+00
1.653598546981811523e+00
1.736830949783325195e+00
1.656117439270019531e+00
1.674021005630493164e+00
1.651893854141235352e+00
1.696839094161987305e+00
1.732624769210815430e+00
1.635025024414062500e+00
1.584151029586791992e+00
1.709766864776611328e+00
1.758909940719604492e+00
1.752005577087402344e+00
1.755721330642700195e+00
1.662073612213134766e+00
1.711121082305908203e+00
1.729146003723144531e+00
1.797014474868774414e+00
1.790010452270507812e+00
1.666181802749633789e+00
1.694921970367431641e+00
1.602663993835449219e+00
1.531608343124389648e+00
1.712517738342285156e+00
1.744239807128906250e+00
1.669723272323608398e+00
1.768230438232421875e+00
1.662535905838012695e+00
1.700465202331542969e+00
1.763462066650390625e+00
1.752840757369995117e+00
1.567726850509643555e+00
1.660762786865234375e+00
1.722779512405395508e+00
1.802638769149780273e+00
1.756784915924072266e+00
1.737772941589355469e+00
1.761317014694213867e+00
1.734235286712646484e+00
1.650213718414306641e+00
1.664910793304443359e+00
1.728024244308471680e+00
1.831788539886474609e+00
1.759156942367553711e+00
1.746514558792114258e+00
1.703638792037963867e+00
1.660094738006591797e+00
1.672218799591064453e+00
1.719058513641357422e+00
1.733828067779541016e+00
1.716695070266723633e+00
1.556026697158813477e+00
1.736485958099365234e+00
1.643848896026611328e+00
1.724316120147705078e+00
1.731208801269531250e+00
1.666319608688354492e+00
1.739404439926147461e+00
1.712458848953247070e+00
1.747425794601440430e+00
1.692630767822265625e+00
1.712403535842895508e+00
1.652697801589965820e+00
1.697295188903808594e+00
1.644752740859985352e+00
1.580672025680541992e+00
1.680114030838012695e+00
1.716796636581420898e+00
1.755840063095092773e+00
1.771137714385986328e+00
1.712854146957397461e+00
1.755686283111572266e+00
1.568006038665771484e+00
1.684325933456420898e+00
1.678593873977661133e+00
1.717823982238769531e+00
1.729080677032470703e+00
1.685699224472045898e+00
1.656533002853393555e+00
1.588931798934936523e+00
1.776543378829956055e+00
1.649856090545654297e+00
1.663389921188354492e+00
1.696625709533691406e+00
1.767186641693115234e+00
1.710140466690063477e+00
1.777614593505859375e+00
1.723457813262939453e+00
1.700106620788574219e+00
1.762374401092529297e+00
1.731454133987426758e+00
1.759855031967163086e+00
1.780520200729370117e+00
1.666867256164550781e+00
1.713959932327270508e+00
1.657064676284790039e+00
1.729959249496459961e+00
1.773471117019653320e+00
1.359489178657531738e+01
1.726607322692871094e+00
1.591027259826660156e+00
1.750964403152465820e+00
1.690737247467041016e+00
1.739335536956787109e+00
1.728415727615356445e+00
1.695970058441162109e+00
1.620535850524902344e+00
1.685353755950927734e+00
1.635355710983276367e+00
1.646033525466918945e+00
1.725185155868530273e+00
1.745917558670043945e+00
1.710194587707519531e+00
1.596446275711059570e+00
1.749082803726196289e+00
1.747176408767700195e+00
1.757194995880126953e+00
1.646053791046142578e+00
1.709404230117797852e+00
1.756848812103271484e+00
1.799236536026000977e+00
1.793618917465209961e+00
1.655590772628784180e+00
1.659787654876708984e+00
1.671187877655029297e+00
1.714288949966430664e+00
1.784503698348999023e+00
1.713047266006469727e+00
1.683773517608642578e+00
1.724587440490722656e+00
1.761006832122802734e+00
1.673672437667846680e+00
1.773453712463378906e+00
1.612159252166748047e+00
1.663510084152221680e+00
1.751638412475585938e+00
1.763470411300659180e+00
1.770122289657592773e+00
1.672333240509033203e+00
1.739991426467895508e+00
1.715991973876953125e+00
1.671152353286743164e+00
1.646489858627319336e+00
1.686547279357910156e+00
1.674179315567016602e+00
1.696638107299804688e+00
1.761624097824096680e+00
1.687549114227294922e+00
1.549153089523315430e+00
1.765357494354248047e+00
1.691354274749755859e+00
1.747967004776000977e+00
1.670717000961303711e+00
1.785920619964599609e+00
1.614439487457275391e+00
1.735383272171020508e+00
1.695362091064453125e+00
1.756493091583251953e+00
1.672483921051025391e+00
1.580824136734008789e+00
1.858488082885742188e+00
1.702329635620117188e+00
1.802350997924804688e+00
1.756203889846801758e+00
1.668605089187622070e+00
1.651372432708740234e+00
1.718584060668945312e+00
1.707612991333007812e+00
1.717160940170288086e+00
1.672066926956176758e+00
1.707634687423706055e+00
1.795643329620361328e+00
1.798260450363159180e+00
1.793980360031127930e+00
1.665586471557617188e+00
1.587926387786865234e+00
1.597003936767578125e+00
1.794444799423217773e+00
1.649110794067382812e+00
1.750128269195556641e+00
1.650714635848999023e+00
1.654588937759399414e+00
1.735186338424682617e+00
1.656243085861206055e+00
1.691295146942138672e+00
1.719317674636840820e+00
1.563869953155517578e+00
1.700263977050781250e+00
1.711949586868286133e+00
1.738047361373901367e+00
1.685843229293823242e+00
1.667114019393920898e+00
1.728266239166259766e+00
1.667733907699584961e+00
1.754921674728393555e+00
1.719509363174438477e+00
1.665911912918090820e+00
1.712987661361694336e+00
1.345522522926330566e+01
1.643923521041870117e+00
1.736071348190307617e+00
1.750708580017089844e+00
1.737847566604614258e+00
1.679089784622192383e+00
1.759767055511474609e+00
1.647940397262573242e+00
1.700789690017700195e+00
1.720537662506103516e+00
1.748353004455566406e+00
1.693727731704711914e+00
1.724259614944458008e+00
1.775291681289672852e+00
1.703557968139648438e+00
1.698936223983764648e+00
1.698452949523925781e+00
1.801551103591918945e+00
1.708940029144287109e+00
1.711980819702148438e+00
1.678326845169067383e+00
1.724586486816406250e+00
1.734142065048217773e+00
1.720391511917114258e+00
1.682593107223510742e+00
1.753895998001098633e+00
1.798621177673339844e+00
1.726844787597656250e+00
1.720570325851440430e+00
1.782848358154296875e+00
1.716608762741088867e+00
1.727083921432495117e+00
1.613646507263183594e+00
1.730733156204223633e+00
1.656112909317016602e+00
1.572420835494995117e+00
1.600752830505371094e+00
1.710855722427368164e+00
1.710106134414672852e+00
1.702419281005859375e+00
1.739547967910766602e+00
1.740246057510375977e+00
1.628912448883056641e+00
1.720520973205566406e+00
1.737030267715454102e+00
1.734225034713745117e+00
1.726379394531250000e+00
1.700772285461425781e+00
1.785861015319824219e+00
1.723521232604980469e+00
1.778046607971191406e+00
1.705074548721313477e+00
1.683888912200927734e+00
1.657612800598144531e+00
1.777014732360839844e+00
1.671340227127075195e+00
1.769290685653686523e+00
1.657896280288696289e+00
1.641706943511962891e+00
1.754141807556152344e+00
1.530779600143432617e+00
1.665561199188232422e+00
1.654245138168334961e+00
1.708626508712768555e+00
1.670965194702148438e+00
1.744958400726318359e+00
1.699831008911132812e+00
1.664511680603027344e+00
1.700994968414306641e+00
1.722388744354248047e+00
1.811388731002807617e+00
1.772746801376342773e+00
1.764163255691528320e+00
1.740777730941772461e+00
1.789527654647827148e+00
1.764519691467285156e+00
1.811605215072631836e+00
1.647090435028076172e+00
1.695281744003295898e+00
1.677348375320434570e+00
1.711335897445678711e+00
1.728442668914794922e+00
1.767311096191406250e+00
1.696518898010253906e+00
1.735599994659423828e+00
1.730513334274291992e+00
1.709891080856323242e+00
1.816418647766113281e+00
1.766441583633422852e+00
1.791598081588745117e+00
1.752801418304443359e+00
1.789563894271850586e+00
1.757883548736572266e+00
1.853314161300659180e+00
1.741477727890014648e+00
1.798461675643920898e+00
1.653413295745849609e+00
1.702401876449584961e+00
1.799170494079589844e+00
1.686570405960083008e+00
1.378924155235290527e+01
1.732431173324584961e+00
1.749619007110595703e+00
1.811587572097778320e+00
1.715693235397338867e+00
1.689403295516967773e+00
1.714222908020019531e+00
1.680638074874877930e+00
1.734156131744384766e+00
1.697100639343261719e+00
1.650380134582519531e+00
1.714187622070312500e+00
1.664415359497070312e+00
1.862308740615844727e+00
1.667540073394775391e+00
1.657543897628784180e+00
1.715401172637939453e+00
1.698737621307373047e+00
1.661209106445312500e+00
1.713159799575805664e+00
1.738325357437133789e+00
1.724511861801147461e+00
1.633719205856323242e+00
1.669117689132690430e+00
1.755764007568359375e+00
1.715576887130737305e+00
1.776716709136962891e+00
1.723088264465332031e+00
1.789871454238891602e+00
1.741192817687988281e+00
1.781574726104736328e+00
1.774736166000366211e+00
1.747782707214355469e+00
1.728792667388916016e+00
1.591811418533325195e+00
1.745101451873779297e+00
1.752769708633422852e+00
1.790306091308593750e+00
1.766577005386352539e+00
1.708456516265869141e+00
1.763269901275634766e+00
1.917577505111694336e+00
1.657286882400512695e+00
1.677269458770751953e+00
1.685017585754394531e+00
1.766688346862792969e+00
1.753880739212036133e+00
1.730568408966064453e+00
1.681169033050537109e+00
1.645017862319946289e+00
1.744108915328979492e+00
1.720183610916137695e+00
1.638979911804199219e+00
1.790985822677612305e+00
1.727851390838623047e+00
1.766149044036865234e+00
1.734222888946533203e+00
1.750951051712036133e+00
1.674043178558349609e+00
1.738176822662353516e+00
1.692703962326049805e+00
1.685058593750000000e+00
1.636306047439575195e+00
1.775731325149536133e+00
1.758880376815795898e+00
1.691236734390258789e+00
1.810326099395751953e+00
1.635626316070556641e+00
1.692913055419921875e+00
1.759253263473510742e+00
1.779060840606689453e+00
1.781014680862426758e+00
1.813410043716430664e+00
1.745126485824584961e+00
1.662241935729980469e+00
1.814814567565917969e+00
1.574871540069580078e+00
1.695123195648193359e+00
1.812345743179321289e+00
1.715293407440185547e+00
1.729018211364746094e+00
1.784234523773193359e+00
1.788329601287841797e+00
1.664783477783203125e+00
1.693143367767333984e+00
1.636851549148559570e+00
1.702588558197021484e+00
1.717735290527343750e+00
1.634831666946411133e+00
1.842886686325073242e+00
1.564533233642578125e+00
1.724706649780273438e+00
1.673418760299682617e+00
1.787211656570434570e+00
1.824811697006225586e+00
1.575742244720458984e+00
1.750146150588989258e+00
1.752384901046752930e+00
1.781396389007568359e+00
1.813821077346801758e+00
1.357981371879577637e+01
1.833726882934570312e+00
1.636894464492797852e+00
1.674570083618164062e+00
1.787396907806396484e+00
1.763574600219726562e+00
1.680457830429077148e+00
1.709809780120849609e+00
1.649361848831176758e+00
1.634066104888916016e+00
1.531105756759643555e+00
1.800484657287597656e+00
1.817313909530639648e+00
1.720408678054809570e+00
1.792361021041870117e+00
1.704918146133422852e+00
1.770454406738281250e+00
1.797782421112060547e+00
1.720723390579223633e+00
1.691485881805419922e+00
1.607015848159790039e+00
1.641557693481445312e+00
1.589713573455810547e+00
1.710839271545410156e+00
1.757569789886474609e+00
1.692721128463745117e+00
1.828036546707153320e+00
1.720486640930175781e+00
1.710312843322753906e+00
1.776063919067382812e+00
1.701758384704589844e+00
1.699621915817260742e+00
1.740264415740966797e+00
1.700919151306152344e+00
1.748893022537231445e+00
1.645881891250610352e+00
1.666550636291503906e+00
1.693894147872924805e+00
1.623220205307006836e+00
1.749168872833251953e+00
1.727036952972412109e+00
1.621638298034667969e+00
1.693129539489746094e+00
1.758881092071533203e+00
1.636991262435913086e+00
1.758734226226806641e+00
1.792422771453857422e+00
1.809760570526123047e+00
1.760024070739746094e+00
1.605708599090576172e+00
1.730244159698486328e+00
1.892028093338012695e+00
1.736371994018554688e+00
1.615490913391113281e+00
1.788006305694580078e+00
1.735750913619995117e+00
1.699762105941772461e+00
1.695580482482910156e+00
1.673802375793457031e+00
1.818634986877441406e+00
1.718528747558593750e+00
1.724283695220947266e+00
1.615666389465332031e+00
1.669039487838745117e+00
1.758363246917724609e+00
1.718247652053833008e+00
1.650362730026245117e+00
1.805125474929809570e+00
1.669201850891113281e+00
1.711492776870727539e+00
1.653143405914306641e+00
1.721827745437622070e+00
1.728240966796875000e+00
1.670219182968139648e+00
1.719258069992065430e+00
1.708812713623046875e+00
1.745122194290161133e+00
1.663885116577148438e+00
1.641663312911987305e+00
1.782742738723754883e+00
1.597045660018920898e+00
1.701121091842651367e+00
1.745407581329345703e+00
1.731790542602539062e+00
1.735269784927368164e+00
1.786358833312988281e+00
1.607703924179077148e+00
1.634868860244750977e+00
1.747455596923828125e+00
1.666770219802856445e+00
1.747972011566162109e+00
1.558839797973632812e+00
1.800586938858032227e+00
1.707489252090454102e+00
1.706794023513793945e+00
1.645591259002685547e+00
1.780175924301147461e+00
1.688601970672607422e+00
1.731406211853027344e+00
1.624838829040527344e+00
1.350696349143981934e+01
1.727464199066162109e+00
1.705911159515380859e+00
1.687449693679809570e+00
1.685592889785766602e+00
1.814548730850219727e+00
1.765906572341918945e+00
1.693982839584350586e+00
1.881550073623657227e+00
1.744985580444335938e+00
1.690795660018920898e+00
1.666893959045410156e+00
1.687951087951660156e+00
1.792736291885375977e+00
1.749081850051879883e+00
1.575200080871582031e+00
1.732152700424194336e+00
1.620288372039794922e+00
1.875019073486328125e+00
1.837100505828857422e+00
1.754325628280639648e+00
1.775130987167358398e+00
1.816750764846801758e+00
1.794188976287841797e+00
1.777120351791381836e+00
1.688722133636474609e+00
1.780530214309692383e+00
1.807211160659790039e+00
1.725323915481567383e+00
1.724864244461059570e+00
1.764246702194213867e+00
1.673075675964355469e+00
1.735913991928100586e+00
1.597898244857788086e+00
1.794342994689941406e+00
1.728046178817749023e+00
1.758384466171264648e+00
1.710864543914794922e+00
1.784988164901733398e+00
1.807997226715087891e+00
1.636060237884521484e+00
1.707001686096191406e+00
1.551744937896728516e+00
1.734169483184814453e+00
1.757296085357666016e+00
1.784304857254028320e+00
1.713997840881347656e+00
1.578425645828247070e+00
1.630126714706420898e+00
1.790818691253662109e+00
1.694188833236694336e+00
1.761908054351806641e+00
1.802713155746459961e+00
1.693733215332031250e+00
1.840141534805297852e+00
1.646251201629638672e+00
1.697594881057739258e+00
1.753934621810913086e+00
1.543312549591064453e+00
1.706695079803466797e+00
1.713913202285766602e+00
1.745247364044189453e+00
1.785380601882934570e+00
1.729342699050903320e+00
1.760789394378662109e+00
1.734838962554931641e+00
1.657706260681152344e+00
1.709222793579101562e+00
1.698836326599121094e+00
1.755730390548706055e+00
1.715934514999389648e+00
1.716158628463745117e+00
1.702920913696289062e+00
1.732495069503784180e+00
1.700396776199340820e+00
1.646835803985595703e+00
1.874351978302001953e+00
1.710648059844970703e+00
1.802175045013427734e+00
1.575651168823242188e+00
1.782901048660278320e+00
1.764439821243286133e+00
1.698853015899658203e+00
1.716462135314941406e+00
1.625523090362548828e+00
1.688637495040893555e+00
1.694465637207031250e+00
1.635062694549560547e+00
1.684056043624877930e+00
1.599878549575805664e+00
1.672216653823852539e+00
1.751636028289794922e+00
1.700058460235595703e+00
1.730917692184448242e+00
1.595970153808593750e+00
1.724350929260253906e+00
1.817233085632324219e+00
1.791775226593017578e+00
1.719328641891479492e+00
1.607029914855957031e+00
1.487205362319946289e+01
1.808106184005737305e+00
1.647059440612792969e+00
1.735564708709716797e+00
1.762223243713378906e+00
1.742563009262084961e+00
1.634084463119506836e+00
1.716682434082031250e+00
1.726215839385986328e+00
1.736052036285400391e+00
1.753914117813110352e+00
1.801681995391845703e+00
1.742820501327514648e+00
1.730456113815307617e+00
1.700944185256958008e+00
1.804730892181396484e+00
1.813833475112915039e+00
1.738755464553833008e+00
1.744612455368041992e+00
1.877442359924316406e+00
1.760735511779785156e+00
1.722161293029785156e+00
1.639862060546875000e+00
1.758422374725341797e+00
1.708961486816406250e+00
1.741185188293457031e+00
1.672499179840087891e+00
1.756036043167114258e+00
1.739311456680297852e+00
1.632093906402587891e+00
1.716640472412109375e+00
1.745869636535644531e+00
1.823046922683715820e+00
1.611790895462036133e+00
1.747936248779296875e+00
1.695987462997436523e+00
1.657363891601562500e+00
1.801978588104248047e+00
1.771051168441772461e+00
1.755146980285644531e+00
1.760805845260620117e+00
1.854651212692260742e+00
1.746492862701416016e+00
1.678058862686157227e+00
1.600444793701171875e+00
1.794867515563964844e+00
1.662261724472045898e+00
1.758419275283813477e+00
1.761219978332519531e+00
1.763399600982666016e+00
1.750211477279663086e+00
1.804554462432861328e+00
1.754545927047729492e+00
1.705261230468750000e+00
1.710330486297607422e+00
1.806684255599975586e+00
1.757310390472412109e+00
1.734653234481811523e+00
1.721711635589599609e+00
1.752481460571289062e+00
1.677447795867919922e+00
1.732975006103515625e+00
1.835374832153320312e+00
1.722091436386108398e+00
1.672576665878295898e+00
1.638261079788208008e+00
1.777540206909179688e+00
1.790516614913940430e+00
1.760622739791870117e+00
1.757888078689575195e+00
1.631337642669677734e+00
1.688690900802612305e+00
1.595983505249023438e+00
1.699699640274047852e+00
1.702616691589355469e+00
1.563655138015747070e+00
1.666963577270507812e+00
1.787181615829467773e+00
1.575374841690063477e+00
1.762619495391845703e+00
1.774060726165771484e+00
1.736056327819824219e+00
1.683224678039550781e+00
1.673436641693115234e+00
1.768778085708618164e+00
1.655572414398193359e+00
1.626870393753051758e+00
1.766157388687133789e+00
1.730883359909057617e+00
1.750557422637939453e+00
1.703557729721069336e+00
1.638124227523803711e+00
1.746585369110107422e+00
1.683565378189086914e+00
1.762609243392944336e+00
1.870980978012084961e+00
1.627365827560424805e+00
1.746158838272094727e+00
1.772614955902099609e+00
1.744838476181030273e+00
1.375059700012207031e+01
1.727841854095458984e+00
1.762354135513305664e+00
1.857838630676269531e+00
1.727924108505249023e+00
1.726509571075439453e+00
1.715417623519897461e+00
1.790532827377319336e+00
1.817944765090942383e+00
1.688406705856323242e+00
1.692294359207153320e+00
1.759155750274658203e+00
1.722950458526611328e+00
1.730547666549682617e+00
1.647984027862548828e+00
1.727859258651733398e+00
1.698653221130371094e+00
1.803715944290161133e+00
1.751128673553466797e+00
1.779879808425903320e+00
1.568075418472290039e+00
1.676160812377929688e+00
1.745628118515014648e+00
1.574671506881713867e+00
1.596070766448974609e+00
1.780510425567626953e+00
1.663540363311767578e+00
1.817326068878173828e+00
1.734020709991455078e+00
1.741233587265014648e+00
1.657876729965209961e+00
1.802489042282104492e+00
1.718548774719238281e+00
1.769254207611083984e+00
1.614334344863891602e+00
1.780219078063964844e+00
1.752862930297851562e+00
1.776259422302246094e+00
1.744158029556274414e+00
1.754871845245361328e+00
1.737080335617065430e+00
1.598085165023803711e+00
1.776192188262939453e+00
1.713449239730834961e+00
1.717086315155029297e+00
1.655461788177490234e+00
1.737505674362182617e+00
1.770517587661743164e+00
1.740692615509033203e+00
1.804333925247192383e+00
1.662604331970214844e+00
1.556365251541137695e+00
1.715953111648559570e+00
1.682208061218261719e+00
1.867514133453369141e+00
1.818283319473266602e+00
1.712302923202514648e+00
1.673202991485595703e+00
1.824618339538574219e+00
1.753489255905151367e+00
1.836302518844604492e+00
1.640697240829467773e+00
1.771196842193603516e+00
1.881269931793212891e+00
1.673000097274780273e+00
1.692642450332641602e+00
1.606403350830078125e+00
1.721795320510864258e+00
1.702777385711669922e+00
1.716361284255981445e+00
1.836266279220581055e+00
1.788985967636108398e+00
1.748308420181274414e+00
1.727454185485839844e+00
1.734073638916015625e+00
1.725775003433227539e+00
1.765632867813110352e+00
1.654994726181030273e+00
1.705822706222534180e+00
1.761523008346557617e+00
1.835249662399291992e+00
1.674406528472900391e+00
1.803153753280639648e+00
1.760462045669555664e+00
1.760114431381225586e+00
1.631870746612548828e+00
1.783919572830200195e+00
1.785952329635620117e+00
1.632131338119506836e+00
1.705403089523315430e+00
1.676614999771118164e+00
1.730539560317993164e+00
1.780079126358032227e+00
1.677158594131469727e+00
1.775498151779174805e+00
1.706598997116088867e+00
1.792346715927124023e+00
1.703999519348144531e+00
1.680752515792846680e+00
1.782710790634155273e+00
1.370319128036499023e+01
1.774807691574096680e+00
1.701358079910278320e+00
1.756875991821289062e+00
1.781240224838256836e+00
1.799561977386474609e+00
1.730573892593383789e+00
1.795994758605957031e+00
1.631943464279174805e+00
1.747383594512939453e+00
1.819674491882324219e+00
1.727975130081176758e+00
1.737905979156494141e+00
1.815097332000732422e+00
1.722496032714843750e+00
1.775824069976806641e+00
1.702615737915039062e+00
1.730938911437988281e+00
1.622972488403320312e+00
1.761608123779296875e+00
1.781584262847900391e+00
1.623209476470947266e+00
1.711571693420410156e+00
1.800397157669067383e+00
1.781712532043457031e+00
1.741880178451538086e+00
1.671619176864624023e+00
1.785271883010864258e+00
1.682575702667236328e+00
1.800665378570556641e+00
1.802483081817626953e+00
1.677656650543212891e+00
1.693096399307250977e+00
1.687415361404418945e+00
1.720155477523803711e+00
1.641488790512084961e+00
1.694378376007080078e+00
1.673897981643676758e+00
1.712112188339233398e+00
1.705935001373291016e+00
1.674998283386230469e+00
1.606892347335815430e+00
1.665754079818725586e+00
1.756286144256591797e+00
1.666587829589843750e+00
1.787255287170410156e+00
1.816275596618652344e+00
1.682376861572265625e+00
1.726397991180419922e+00
1.712033748626708984e+00
1.782048463821411133e+00
1.651879072189331055e+00
1.634515523910522461e+00
1.746436119079589844e+00
1.728518009185791016e+00
1.648853540420532227e+00
1.662131071090698242e+00
1.718045711517333984e+00
1.791654109954833984e+00
1.799783945083618164e+00
1.813218593597412109e+00
1.693396091461181641e+00
1.799187898635864258e+00
1.856633424758911133e+00
1.674765110015869141e+00
1.766192436218261719e+00
1.657181739807128906e+00
1.776274919509887695e+00
1.735201358795166016e+00
1.725939750671386719e+00
1.687221527099609375e+00
1.728842496871948242e+00
1.639475345611572266e+00
1.628131151199340820e+00
1.703927993774414062e+00
1.603754758834838867e+00
1.604060173034667969e+00
1.703397512435913086e+00
1.727833747863769531e+00
1.679335594177246094e+00
1.756302356719970703e+00
1.603250503540039062e+00
1.583761215209960938e+00
1.647782087326049805e+00
1.686385393142700195e+00
1.751072406768798828e+00
1.710915803909301758e+00
1.759175539016723633e+00
1.705681562423706055e+00
1.701426029205322266e+00
1.733216762542724609e+00
1.673978328704833984e+00
1.747054815292358398e+00
1.632965803146362305e+00
1.706235408782958984e+00
1.679725885391235352e+00
1.701088666915893555e+00
1.726495504379272461e+00
1.686535835266113281e+00
1.707029581069946289e+00
1.509780478477478027e+01
1.741858243942260742e+00
1.710020542144775391e+00
1.743379354476928711e+00
1.686920642852783203e+00
1.756739854812622070e+00
1.698795557022094727e+00
1.692498445510864258e+00
1.720615863800048828e+00
1.628369092941284180e+00
1.606210470199584961e+00
1.593595504760742188e+00
1.675515174865722656e+00
1.718435764312744141e+00
1.718371391296386719e+00
1.600723505020141602e+00
1.603922128677368164e+00
1.707200050354003906e+00
1.686518669128417969e+00
1.684471130371093750e+00
1.692315578460693359e+00
1.716283559799194336e+00
1.674203634262084961e+00
1.627207994461059570e+00
1.648274660110473633e+00
1.652648925781250000e+00
1.706471443176269531e+00
1.688536167144775391e+00
1.679480791091918945e+00
1.700397491455078125e+00
1.658811807632446289e+00
1.735097885131835938e+00
1.730275869369506836e+00
1.711066246032714844e+00
1.677431344985961914e+00
1.665760517120361328e+00
1.675046920776367188e+00
1.631417751312255859e+00
1.780874967575073242e+00
1.560472011566162109e+00
1.600510597229003906e+00
1.693805932998657227e+00
1.694671392440795898e+00
1.675925493240356445e+00
1.599936485290527344e+00
1.704861640930175781e+00
1.727035522460937500e+00
1.647062063217163086e+00
1.800355195999145508e+00
1.732177972793579102e+00
1.673180103302001953e+00
1.666248321533203125e+00
1.690856456756591797e+00
1.784438610076904297e+00
1.777201890945434570e+00
1.678583145141601562e+00
1.667563676834106445e+00
1.703675508499145508e+00
1.697822332382202148e+00
1.778040647506713867e+00
1.795135259628295898e+00
1.804814338684082031e+00
1.821562290191650391e+00
1.747146606445312500e+00
1.726689577102661133e+00
1.663428544998168945e+00
1.714717388153076172e+00
1.698163509368896484e+00
1.708531141281127930e+00
1.791214466094970703e+00
1.712873697280883789e+00
1.562969923019409180e+00
1.700582265853881836e+00
1.781342983245849609e+00
1.702398538589477539e+00
1.741802215576171875e+00
1.748876810073852539e+00
1.740067005157470703e+00
1.700351953506469727e+00
1.853543043136596680e+00
1.757553815841674805e+00
1.807471513748168945e+00
1.762349843978881836e+00
1.765297174453735352e+00
1.734296560287475586e+00
1.847615718841552734e+00
1.710001707077026367e+00
1.642872095108032227e+00
1.749473094940185547e+00
1.565301418304443359e+00
1.704817295074462891e+00
1.666472434997558594e+00
1.606060266494750977e+00
1.722186565399169922e+00
1.705282688140869141e+00
1.714845657348632812e+00
1.648452997207641602e+00
1.684227943420410156e+00
1.754163980484008789e+00
1.676467418670654297e+00
1.528755402565002441e+01
1.697539806365966797e+00
1.694117784500122070e+00
1.702155828475952148e+00
1.952484130859375000e+00
1.667797088623046875e+00
1.689996719360351562e+00
1.794612407684326172e+00
1.700138807296752930e+00
1.720930814743041992e+00
1.743869543075561523e+00
1.781169176101684570e+00
1.730909824371337891e+00
1.719469547271728516e+00
1.760005712509155273e+00
1.686914205551147461e+00
1.784820556640625000e+00
1.672515392303466797e+00
1.664055347442626953e+00
1.760071754455566406e+00
1.552404165267944336e+00
1.738447189331054688e+00
1.718637466430664062e+00
1.656948328018188477e+00
1.780909061431884766e+00
1.714571475982666016e+00
1.718681097030639648e+00
1.713148593902587891e+00
1.613857984542846680e+00
1.634753942489624023e+00
1.586887836456298828e+00
1.624282598495483398e+00
1.677082538604736328e+00
1.721971511840820312e+00
1.736946582794189453e+00
1.730591058731079102e+00
1.687004327774047852e+00
1.578408241271972656e+00
1.677581310272216797e+00
1.631845235824584961e+00
1.655310153961181641e+00
1.688154458999633789e+00
1.745914936065673828e+00
1.731031179428100586e+00
1.794387340545654297e+00
1.691701412200927734e+00
1.760878801345825195e+00
1.727658987045288086e+00
1.752662897109985352e+00
1.803267478942871094e+00
1.609468698501586914e+00
1.674016952514648438e+00
1.700932264328002930e+00
1.717786073684692383e+00
1.751570463180541992e+00
1.639112234115600586e+00
1.734146118164062500e+00
1.689847469329833984e+00
1.682146310806274414e+00
1.572627067565917969e+00
1.670541524887084961e+00
1.827244043350219727e+00
1.707344293594360352e+00
1.797863006591796875e+00
1.623157262802124023e+00
1.692132949829101562e+00
1.643680095672607422e+00
1.913854122161865234e+00
1.617210626602172852e+00
1.696543455123901367e+00
1.740916967391967773e+00
1.861223697662353516e+00
1.818519115447998047e+00
1.692909002304077148e+00
1.621853828430175781e+00
1.828767061233520508e+00
1.788615703582763672e+00
1.766098022460937500e+00
1.737337112426757812e+00
1.793797016143798828e+00
1.769485235214233398e+00
1.744361639022827148e+00
1.671460628509521484e+00
1.705062389373779297e+00
1.784271955490112305e+00
1.719604492187500000e+00
1.644151210784912109e+00
1.701785087585449219e+00
1.640836477279663086e+00
1.750263690948486328e+00
1.673578023910522461e+00
1.678927898406982422e+00
1.663335800170898438e+00
1.685311794281005859e+00
1.732533693313598633e+00
1.716043233871459961e+00
1.595435857772827148e+00
1.701843023300170898e+00
1.674309730529785156e+00
1.624365568161010742e+00
1.605165719985961914e+01
1.758250236511230469e+00
1.707522630691528320e+00
1.829575777053833008e+00
1.724198341369628906e+00
1.776474475860595703e+00
1.765378236770629883e+00
1.624369621276855469e+00
1.584190130233764648e+00
1.740877151489257812e+00
1.604142427444458008e+00
1.705376148223876953e+00
1.576192855834960938e+00
1.796592712402343750e+00
1.599251031875610352e+00
1.647946119308471680e+00
1.655463218688964844e+00
1.700803995132446289e+00
1.628074407577514648e+00
1.640029907226562500e+00
1.707030773162841797e+00
1.736760139465332031e+00
1.659209489822387695e+00
1.690354347229003906e+00
1.736507415771484375e+00
1.729476213455200195e+00
1.779138803482055664e+00
1.707226037979125977e+00
1.770576238632202148e+00
1.671920299530029297e+00
1.522368669509887695e+00
1.693343400955200195e+00
1.563311100006103516e+00
1.608080148696899414e+00
1.573661088943481445e+00
1.627624750137329102e+00
1.674173355102539062e+00
1.682264328002929688e+00
1.793731689453125000e+00
1.665030956268310547e+00
1.758833885192871094e+00
1.731380701065063477e+00
1.737904071807861328e+00
1.751240968704223633e+00
1.789995670318603516e+00
1.765032529830932617e+00
1.832715988159179688e+00
1.710773468017578125e+00
1.787548303604125977e+00
1.802670955657958984e+00
1.774878025054931641e+00
1.830043315887451172e+00
1.665169239044189453e+00
1.649667501449584961e+00
1.709527492523193359e+00
1.708153724670410156e+00
1.652682781219482422e+00
1.767592906951904297e+00
1.705677270889282227e+00
1.651794433593750000e+00
1.647960662841796875e+00
1.613359451293945312e+00
1.783352613449096680e+00
1.792635917663574219e+00
1.678390979766845703e+00
1.742609500885009766e+00
1.786771059036254883e+00
2.007653951644897461e+00
1.757535934448242188e+00
1.665534019470214844e+00
1.835399627685546875e+00
1.693182229995727539e+00
1.672558546066284180e+00
1.777868509292602539e+00
1.695374965667724609e+00
1.729581832885742188e+00
1.799957275390625000e+00
1.823489189147949219e+00
1.720986843109130859e+00
2.087136268615722656e+00
2.181995630264282227e+00
2.091306924819946289e+00
2.109570026397705078e+00
2.027433633804321289e+00
1.965998411178588867e+00
2.165307760238647461e+00
2.061896324157714844e+00
2.200510978698730469e+00
2.030684709548950195e+00
1.907877922058105469e+00
1.995484113693237305e+00
2.104752302169799805e+00
2.160006761550903320e+00
2.146578073501586914e+00
2.040541648864746094e+00
2.384237527847290039e+00
2.362447977066040039e+00
2.223818063735961914e+00
2.363433361053466797e+00
2.420683860778808594e+00
1.661221861839294434e+01
2.391265630722045898e+00
2.391477346420288086e+00
2.360317707061767578e+00
2.357242584228515625e+00
2.144849777221679688e+00
2.097414970397949219e+00
2.108590364456176758e+00
2.195714235305786133e+00
2.230472326278686523e+00
2.160970687866210938e+00
2.204546928405761719e+00
1.981987714767456055e+00
1.999768495559692383e+00
2.036529779434204102e+00
2.185254335403442383e+00
2.004365444183349609e+00
2.098724842071533203e+00
1.956218957901000977e+00
2.191326856613159180e+00
2.156805753707885742e+00
2.164575099945068359e+00
2.098681688308715820e+00
2.085635185241699219e+00
2.197820663452148438e+00
2.314903736114501953e+00
1.963283538818359375e+00
2.232758522033691406e+00
2.029125213623046875e+00
2.130909204483032227e+00
2.338153362274169922e+00
2.271697044372558594e+00
2.204039812088012695e+00
2.103211879730224609e+00
2.193073034286499023e+00
2.095917463302612305e+00
2.119987249374389648e+00
2.118173360824584961e+00
2.122114658355712891e+00
2.106243133544921875e+00
2.208361625671386719e+00
2.316814422607421875e+00
2.277780055999755859e+00
2.335237026214599609e+00
2.406926870346069336e+00
2.387257814407348633e+00
2.097923517227172852e+00
2.231437683105468750e+00
2.073959350585937500e+00
2.164087295532226562e+00
2.093889951705932617e+00
2.322244405746459961e+00
2.315130472183227539e+00
2.373453140258789062e+00
2.285751581192016602e+00
2.203278779983520508e+00
2.317531347274780273e+00
2.231538295745849609e+00
2.120775938034057617e+00
2.209082365036010742e+00
2.129626274108886719e+00
2.222436904907226562e+00
2.201623678207397461e+00
2.200049877166748047e+00
2.203883886337280273e+00
2.219807147979736328e+00
2.187446832656860352e+00
2.220350742340087891e+00
2.153156518936157227e+00
2.208034992218017578e+00
2.246369838714599609e+00
2.434265136718750000e+00
2.321229696273803711e+00
2.106906175613403320e+00
2.235722064971923828e+00
2.177308797836303711e+00
2.479057550430297852e+00
2.190168380737304688e+00
2.227652311325073242e+00
2.121719360351562500e+00
2.177286624908447266e+00
2.251257658004760742e+00
2.174616575241088867e+00
2.187034368515014648e+00
2.250772237777709961e+00
2.116584300994873047e+00
2.180783271789550781e+00
2.180030584335327148e+00
2.250473260879516602e+00
2.303874254226684570e+00
2.214371919631958008e+00
2.310113906860351562e+00
2.575671434402465820e+00
2.269904851913452148e+00
2.236761093139648438e+00
2.507395744323730469e+00
2.159771442413330078e+00
2.226867198944091797e+00
2.198119878768920898e+00
2.282568931579589844e+00
1.618087196350097656e+01
2.144851922988891602e+00
2.101550579071044922e+00
2.330000162124633789e+00
2.188939571380615234e+00
2.372400522232055664e+00
2.167574644088745117e+00
2.289764404296875000e+00
2.263869047164916992e+00
2.221619844436645508e+00
2.306427240371704102e+00
2.307994842529296875e+00
2.265963792800903320e+00
2.338591098785400391e+00
2.411448955535888672e+00
2.200603485107421875e+00
2.271425485610961914e+00
2.143990755081176758e+00
2.142206907272338867e+00
2.154170989990234375e+00
2.251088142395019531e+00
2.185149669647216797e+00
2.187787055969238281e+00
2.201418399810791016e+00
2.057080984115600586e+00
2.283981323242187500e+00
2.285556077957153320e+00
2.197064399719238281e+00
2.235417127609252930e+00
2.188089132308959961e+00
2.298492908477783203e+00
2.219614267349243164e+00
2.246325969696044922e+00
2.908509254455566406e+00
2.256188392639160156e+00
2.143240690231323242e+00
2.245268583297729492e+00
2.256869554519653320e+00
2.160651445388793945e+00
2.154296398162841797e+00
2.211391448974609375e+00
2.312402248382568359e+00
2.167382717132568359e+00
2.233418464660644531e+00
2.227339267730712891e+00
2.294596433639526367e+00
2.194721221923828125e+00
2.271247863769531250e+00
2.277019500732421875e+00
2.276764869689941406e+00
2.358323574066162109e+00
2.022643566131591797e+00
2.193474292755126953e+00
2.793289184570312500e+00
2.039531946182250977e+00
2.141914129257202148e+00
2.163934707641601562e+00
2.005392551422119141e+00
2.194478511810302734e+00
2.092165231704711914e+00
2.159905672073364258e+00
2.017977952957153320e+00
2.234321117401123047e+00
2.070792436599731445e+00
2.118750810623168945e+00
2.144524335861206055e+00
2.123981952667236328e+00
2.146089076995849609e+00
2.229028224945068359e+00
2.581943035125732422e+00
1.754262447357177734e+00
1.673545360565185547e+00
1.788726568222045898e+00
1.770605325698852539e+00
1.680506229400634766e+00
1.573922872543334961e+00
1.665003299713134766e+00
1.675706148147583008e+00
1.757795810699462891e+00
1.662850856781005859e+00
1.704119920730590820e+00
1.587970018386840820e+00
1.713757276535034180e+00
1.698104143142700195e+00
1.757061004638671875e+00
1.755776166915893555e+00
1.733617305755615234e+00
1.655030965805053711e+00
1.699518680572509766e+00
1.713422298431396484e+00
1.817985296249389648e+00
1.701802492141723633e+00
1.705667495727539062e+00
1.728940963745117188e+00
1.734798192977905273e+00
1.648916959762573242e+00
1.717169284820556641e+00
1.671630144119262695e+00
1.720601320266723633e+00
1.691612720489501953e+00
1.538847875595092773e+01
1.705260992050170898e+00
1.684221744537353516e+00
1.698093175888061523e+00
1.690692186355590820e+00
1.655083656311035156e+00
1.739805698394775391e+00
1.712348937988281250e+00
1.661715984344482422e+00
1.615359306335449219e+00
1.661767482757568359e+00
1.704257965087890625e+00
1.725642204284667969e+00
1.763787984848022461e+00
1.626196146011352539e+00
1.734563112258911133e+00
1.713905811309814453e+00
1.702291727066040039e+00
1.718149423599243164e+00
1.752429008483886719e+00
1.757897138595581055e+00
1.714746236801147461e+00
1.608778715133666992e+00
1.733290910720825195e+00
1.550797224044799805e+00
1.627725362777709961e+00
1.728711128234863281e+00
1.619136333465576172e+00
1.585442304611206055e+00
1.553114414215087891e+00
1.662076950073242188e+00
1.716881513595581055e+00
1.706518650054931641e+00
1.739202260971069336e+00
1.697134256362915039e+00
1.687232971191406250e+00
1.579676151275634766e+00
1.521927118301391602e+00
1.622131109237670898e+00
1.698360919952392578e+00
1.589785337448120117e+00
