8.068025588989257812e+00
7.369624137878417969e+00
6.901876926422119141e+00
7.444641113281250000e+00
7.284071922302246094e+00
6.976111412048339844e+00
7.902257442474365234e+00
7.281027317047119141e+00
7.732944965362548828e+00
6.654072761535644531e+00
7.184171199798583984e+00
7.329951286315917969e+00
7.468853950500488281e+00
7.221722602844238281e+00
7.925943851470947266e+00
7.793335914611816406e+00
7.275549888610839844e+00
6.754985332489013672e+00
7.330432891845703125e+00
7.571914672851562500e+00
6.957103252410888672e+00
8.099798202514648438e+00
7.328146934509277344e+00
7.139375686645507812e+00
7.100275993347167969e+00
8.256543159484863281e+00
7.040851116180419922e+00
7.470902442932128906e+00
6.806112289428710938e+00
7.346291542053222656e+00
7.134697914123535156e+00
7.549279212951660156e+00
6.801524639129638672e+00
7.186861515045166016e+00
6.800576210021972656e+00
7.118915557861328125e+00
6.970582962036132812e+00
7.358612537384033203e+00
6.657336235046386719e+00
6.697275161743164062e+00
7.040499687194824219e+00
7.170988082885742188e+00
6.791882991790771484e+00
7.710038185119628906e+00
6.549503803253173828e+00
6.651096343994140625e+00
6.394616603851318359e+00
6.692143440246582031e+00
6.275674819946289062e+00
6.706489086151123047e+00
8.157391548156738281e+00
8.145805358886718750e+00
7.867831707000732422e+00
7.015983581542968750e+00
7.693166732788085938e+00
7.951950073242187500e+00
7.794073104858398438e+00
8.043561935424804688e+00
8.328913688659667969e+00
7.920916557312011719e+00
8.266521453857421875e+00
8.001773834228515625e+00
7.957202911376953125e+00
8.168828010559082031e+00
7.534988403320312500e+00
8.297763824462890625e+00
7.429075717926025391e+00
7.223458290100097656e+00
7.790775775909423828e+00
7.127692222595214844e+00
7.973976135253906250e+00
7.802178859710693359e+00
7.855891227722167969e+00
7.685790061950683594e+00
7.300107002258300781e+00
7.214213371276855469e+00
8.039645195007324219e+00
6.294788360595703125e+00
7.486659049987792969e+00
7.320119380950927734e+00
7.229898452758789062e+00
7.597906589508056641e+00
7.476721286773681641e+00
8.135365486145019531e+00
7.284491539001464844e+00
7.202327251434326172e+00
7.425886154174804688e+00
7.941333770751953125e+00
7.639470100402832031e+00
7.638211250305175781e+00
6.154578685760498047e+00
7.389035701751708984e+00
7.198197841644287109e+00
6.927974224090576172e+00
7.612276077270507812e+00
7.164795398712158203e+00
7.572252273559570312e+00
7.416124343872070312e+00
7.243695259094238281e+00
7.225017547607421875e+00
6.677623748779296875e+00
6.304982662200927734e+00
6.537741661071777344e+00
6.421276569366455078e+00
5.866404056549072266e+00
5.900048255920410156e+00
5.760348320007324219e+00
5.511871814727783203e+00
5.497590541839599609e+00
6.127774238586425781e+00
6.749171257019042969e+00
6.278843879699707031e+00
5.782692909240722656e+00
6.115046977996826172e+00
5.972118377685546875e+00
5.463728427886962891e+00
5.307441711425781250e+00
6.036273002624511719e+00
5.626769542694091797e+00
5.470470428466796875e+00
5.490696430206298828e+00
5.795578479766845703e+00
5.975612640380859375e+00
4.881217479705810547e+00
5.175259590148925781e+00
6.220855236053466797e+00
5.575051784515380859e+00
5.142812728881835938e+00
5.870864868164062500e+00
6.075035095214843750e+00
6.010963439941406250e+00
6.407396316528320312e+00
6.653484344482421875e+00
6.128444671630859375e+00
5.794076442718505859e+00
6.190601348876953125e+00
5.908889770507812500e+00
4.998374938964843750e+00
5.593716621398925781e+00
6.503041267395019531e+00
5.691668987274169922e+00
5.952497959136962891e+00
5.404506683349609375e+00
6.212540626525878906e+00
5.924053192138671875e+00
5.132417678833007812e+00
7.234803199768066406e+00
5.625115394592285156e+00
4.697740077972412109e+00
6.085157871246337891e+00
8.884671211242675781e+00
7.336302757263183594e+00
8.035729408264160156e+00
7.996618270874023438e+00
7.576424598693847656e+00
7.724750518798828125e+00
7.443021774291992188e+00
6.647415161132812500e+00
7.416476726531982422e+00
7.846104621887207031e+00
7.197981834411621094e+00
7.292974472045898438e+00
6.596827983856201172e+00
7.443119049072265625e+00
6.616765022277832031e+00
7.674713134765625000e+00
7.422241210937500000e+00
6.936920166015625000e+00
6.568566322326660156e+00
7.116110801696777344e+00
7.011432647705078125e+00
7.791127681732177734e+00
7.723474502563476562e+00
7.654753208160400391e+00
6.870336532592773438e+00
7.580932617187500000e+00
6.574070930480957031e+00
7.028987407684326172e+00
6.881237030029296875e+00
7.136884689331054688e+00
6.396271705627441406e+00
7.392624855041503906e+00
6.720199584960937500e+00
9.039232254028320312e+00
6.079338073730468750e+00
7.274710178375244141e+00
8.055891036987304688e+00
6.871262550354003906e+00
6.907827854156494141e+00
7.417988777160644531e+00
7.184118270874023438e+00
6.843846797943115234e+00
8.013698577880859375e+00
7.800488948822021484e+00
7.293801307678222656e+00
8.660001754760742188e+00
8.035717964172363281e+00
7.665355682373046875e+00
7.953676223754882812e+00
7.580461978912353516e+00
7.611116409301757812e+00
7.226954460144042969e+00
7.160869121551513672e+00
8.397419929504394531e+00
7.215902805328369141e+00
7.428814888000488281e+00
7.369881629943847656e+00
7.330335617065429688e+00
6.708330154418945312e+00
7.197920799255371094e+00
7.030411720275878906e+00
7.155500411987304688e+00
7.556939601898193359e+00
7.706672668457031250e+00
7.527706623077392578e+00
7.060779571533203125e+00
7.187635421752929688e+00
7.563087940216064453e+00
6.742534637451171875e+00
7.897331714630126953e+00
7.372426509857177734e+00
7.839389801025390625e+00
7.143854141235351562e+00
7.568202018737792969e+00
7.464517593383789062e+00
7.575257301330566406e+00
7.316184997558593750e+00
7.280930995941162109e+00
7.660433292388916016e+00
7.337735652923583984e+00
6.485222816467285156e+00
7.781845092773437500e+00
7.287247180938720703e+00
7.650675773620605469e+00
6.973869323730468750e+00
8.402576446533203125e+00
7.133517265319824219e+00
6.752675533294677734e+00
6.313546180725097656e+00
6.576663017272949219e+00
7.087744712829589844e+00
6.637185096740722656e+00
9.180730819702148438e+00
8.648756027221679688e+00
8.707984924316406250e+00
8.127993583679199219e+00
8.208257675170898438e+00
8.485454559326171875e+00
9.463572502136230469e+00
8.309291839599609375e+00
8.171813011169433594e+00
7.964181900024414062e+00
8.113664627075195312e+00
8.427951812744140625e+00
8.251682281494140625e+00
8.420644760131835938e+00
7.861355781555175781e+00
8.105067253112792969e+00
7.572990417480468750e+00
8.423704147338867188e+00
7.762708187103271484e+00
7.677710533142089844e+00
8.246076583862304688e+00
8.006473541259765625e+00
8.127209663391113281e+00
7.797169685363769531e+00
7.330015182495117188e+00
7.923808097839355469e+00
8.767091751098632812e+00
7.387711048126220703e+00
7.803918838500976562e+00
7.744895935058593750e+00
7.737232685089111328e+00
7.140980243682861328e+00
7.533092021942138672e+00
8.667839050292968750e+00
7.396965026855468750e+00
7.471424102783203125e+00
7.567531585693359375e+00
7.610487937927246094e+00
7.694963455200195312e+00
7.870282649993896484e+00
6.905287742614746094e+00
8.081733703613281250e+00
7.325738430023193359e+00
7.178233146667480469e+00
8.148176193237304688e+00
7.866106033325195312e+00
7.361019134521484375e+00
7.844269752502441406e+00
7.929364204406738281e+00
7.342562198638916016e+00
8.466526031494140625e+00
8.707527160644531250e+00
8.603813171386718750e+00
8.654224395751953125e+00
8.646821975708007812e+00
8.522289276123046875e+00
8.273602485656738281e+00
