0.000000000000000000e+00
0.000000000000000000e+00
0.000000000000000000e+00
0.000000000000000000e+00
3.125000000000000173e-03
5.208333333333333044e-03
1.116071428571428596e-02
1.757812500000000000e-02
2.517361111111111188e-02
2.812500000000000069e-02
3.125000000000000000e-02
3.385416666666666435e-02
4.146634615384615224e-02
4.743303571428571230e-02
5.364583333333333010e-02
5.810546875000000000e-02
5.974264705882353227e-02
6.423611111111110494e-02
6.578947368421052266e-02
6.914062499999999722e-02
7.068452380952380820e-02
6.924715909090908839e-02
7.201086956521739191e-02
7.291666666666667129e-02
7.656250000000000555e-02
7.842548076923076816e-02
7.986111111111110494e-02
8.119419642857142461e-02
8.189655172413792816e-02
8.437500000000000555e-02
8.518145161290321954e-02
8.642578125000000000e-02
8.948863636363636742e-02
9.030330882352941013e-02
9.174107142857142183e-02
9.331597222222222376e-02
9.290540540540540015e-02
9.313322368421052266e-02
9.334935897435897578e-02
9.531249999999999445e-02
9.737042682926828896e-02
9.784226190476190410e-02
9.920058139534883301e-02
9.943181818181817677e-02
1.003472222222222265e-01
1.019021739130434728e-01
1.025598404255319146e-01
1.036783854166666713e-01
1.050701530612244833e-01
1.057812499999999933e-01
1.037071078431372612e-01
1.017127403846153910e-01
9.994103773584905870e-02
9.809027777777777624e-02
9.644886363636363813e-02
9.486607142857142461e-02
9.512061403508771662e-02
9.725215517241379837e-02
9.997351694915254661e-02
1.037760416666666657e-01
1.068135245901639385e-01
1.100050403225806411e-01
1.133432539682539680e-01
1.158447265625000000e-01
1.188701923076923017e-01
1.213304924242424310e-01
1.226679104477611942e-01
1.244255514705882304e-01
1.263586956521739191e-01
1.292410714285714413e-01
1.313820422535211252e-01
1.320529513888888951e-01
1.316352739726027454e-01
1.321790540540540571e-01
1.342708333333333393e-01
1.356907894736842091e-01
1.376826298701298579e-01
1.399238782051281937e-01
1.423061708860759444e-01
1.447265624999999889e-01
1.460262345679012308e-01
1.473894817073170826e-01
1.492846385542168641e-01
1.508556547619047672e-01
1.531250000000000111e-01
1.544331395348837177e-01
1.554418103448275967e-01
1.567826704545454419e-01
1.582689606741572996e-01
1.601562500000000000e-01
1.619162087912087988e-01
1.641474184782608647e-01
1.649865591397849385e-01
1.667220744680850963e-01
1.681743421052631637e-01
1.691080729166666574e-01
1.707474226804123751e-01
1.720344387755101956e-01
1.731376262626262708e-01
1.744531249999999867e-01
1.727258663366336711e-01
1.710324754901960675e-01
1.693719660194174803e-01
1.677433894230769273e-01
1.665922619047618958e-01
1.656102594339622647e-01
1.653767523364486070e-01
1.652922453703703776e-01
1.648509174311926506e-01
1.642045454545454641e-01
1.636402027027027140e-01
1.636439732142857262e-01
1.637168141592920401e-01
1.638569078947368363e-01
1.635190217391304379e-01
1.635910560344827624e-01
1.636618589743589758e-01
1.636652542372881436e-01
1.634716386554621870e-01
1.634765625000000056e-01
1.633522727272727348e-01
1.634861680327868716e-01
1.637449186991870032e-01
1.638734879032258118e-01
1.635000000000000064e-01
1.633184523809523836e-01
1.629552165354330728e-01
1.630249023437500000e-01
1.626695736434108641e-01
1.621995192307692235e-01
1.623330152671755844e-01
1.624644886363636465e-01
1.625939849624060130e-01
1.626049440298507343e-01
1.633101851851851971e-01
1.632008272058823595e-01
1.635492700729926918e-01
1.637794384057970898e-01
1.638938848920863389e-01
1.645089285714285698e-01
1.646165780141843893e-01
1.642825704225352179e-01
1.646634615384615363e-01
1.652018229166666574e-01
1.651400862068965469e-01
1.650256849315068497e-01
1.650191326530612290e-01
1.650654560810810856e-01
1.650062919463087252e-01
1.648958333333333248e-01
1.638038079470198749e-01
1.627775493421052544e-01
1.619689542483660205e-01
1.614245129870129913e-01
1.607358870967741937e-01
1.605068108974359031e-01
1.604796974522292863e-01
1.603045886075949444e-01
1.605247641509433831e-01
1.607910156250000056e-01
1.608113354037267184e-01
1.613618827160493707e-01
1.616660276073619562e-01
1.616330030487804770e-01
1.615056818181818121e-01
1.613798945783132543e-01
1.610684880239521000e-01
1.608537946428571508e-01
1.608265532544378706e-01
1.609834558823529382e-01
1.610014619883040898e-01
1.608829941860465129e-01
1.608562138728323598e-01
1.609644396551724033e-01
1.611607142857142960e-01
1.612659801136363535e-01
1.611935028248587531e-01
1.612096207865168496e-01
1.608763966480447061e-01
1.607204861111111160e-01
1.607389502762431033e-01
1.605425824175824301e-01
1.606898907103825047e-01
1.609205163043478382e-01
1.609797297297297369e-01
1.612063172043010639e-01
1.615140374331550666e-01
1.614860372340425620e-01
1.616650132275132268e-01
1.615953947368421184e-01
1.613628926701570765e-01
1.613769531250000000e-01
0.000000000000000000e+00
3.906250000000000000e-03
1.041666666666666609e-02
1.562500000000000000e-02
3.281250000000000139e-02
4.427083333333333565e-02
5.580357142857143155e-02
5.761718750000000000e-02
6.510416666666667129e-02
7.265625000000000555e-02
8.167613636363636742e-02
9.244791666666667129e-02
9.735576923076923184e-02
1.043526785714285754e-01
1.125000000000000028e-01
1.186523437500000000e-01
1.204044117647058848e-01
1.184895833333333287e-01
1.167763157894736864e-01
1.156250000000000056e-01
1.171875000000000000e-01
1.178977272727272790e-01
1.205842391304347838e-01
1.210937500000000000e-01
1.240625000000000061e-01
1.274038461538461453e-01
1.299189814814814825e-01
1.369977678571428492e-01
1.382004310344827624e-01
1.390625000000000056e-01
1.426411290322580627e-01
1.435546875000000000e-01
1.448863636363636465e-01
1.449908088235294101e-01
1.466517857142857206e-01
1.475694444444444475e-01
1.478040540540540571e-01
1.484375000000000000e-01
1.502403846153846090e-01
1.507812500000000056e-01
1.522484756097561009e-01
1.530877976190476164e-01
1.555232558139534871e-01
1.562500000000000000e-01
1.557291666666666685e-01
1.564198369565217295e-01
1.567486702127659504e-01
1.565755208333333426e-01
1.572066326530612290e-01
1.578124999999999944e-01
1.551776960784313764e-01
1.538461538461538547e-01
1.528596698113207641e-01
1.520543981481481399e-01
1.505681818181818232e-01
1.509486607142857262e-01
1.509046052631578816e-01
1.534213362068965469e-01
1.542637711864406902e-01
1.554687499999999889e-01
1.568903688524590223e-01
1.572580645161290314e-01
1.578621031746031689e-01
1.575927734375000000e-01
1.582932692307692235e-01
1.587357954545454419e-01
1.589319029850746190e-01
1.595818014705882304e-01
1.596467391304347838e-01
1.597098214285714302e-01
1.602112676056338114e-01
1.610243055555555525e-01
1.612799657534246534e-01
1.622677364864864857e-01
1.637500000000000067e-01
1.644736842105263275e-01
1.661931818181818232e-01
1.663661858974359031e-01
1.675237341772151944e-01
1.677734375000000111e-01
1.684992283950617342e-01
1.686356707317073211e-01
1.697100903614457701e-01
1.708519345238095344e-01
1.711397058823529438e-01
1.713299418604651292e-01
1.716954022988505801e-01
1.716974431818181768e-01
1.721383426966292263e-01
1.718750000000000000e-01
1.719608516483516480e-01
1.726392663043478382e-01
1.727150537634408733e-01
1.729554521276595869e-01
1.736019736842105143e-01
1.743977864583333426e-01
1.751771907216494728e-01
1.753826530612244972e-01
1.758996212121212155e-01
1.764062499999999867e-01
1.753558168316831645e-01
1.759344362745098034e-01
1.761984223300970820e-01
1.750300480769230727e-01
1.744047619047618958e-01
1.740860849056603821e-01
1.740654205607476690e-01
