5.121256828308105469e+00
3.180040121078491211e+00
2.420626640319824219e+00
2.650779485702514648e+00
2.725326299667358398e+00
2.353171586990356445e+00
2.449600458145141602e+00
2.429368257522583008e+00
2.902977228164672852e+00
2.898232936859130859e+00
3.102670192718505859e+00
2.322014331817626953e+00
2.863580942153930664e+00
2.488807201385498047e+00
2.840919256210327148e+00
2.387218713760375977e+00
2.458800792694091797e+00
2.500559091567993164e+00
2.327410221099853516e+00
2.743531227111816406e+00
2.500932931900024414e+00
2.334200859069824219e+00
2.416659832000732422e+00
2.355365276336669922e+00
2.517264366149902344e+00
2.557024717330932617e+00
2.553099155426025391e+00
3.079362154006958008e+00
3.379669427871704102e+00
2.462382793426513672e+00
2.356088876724243164e+00
2.507400274276733398e+00
2.422680139541625977e+00
3.086958408355712891e+00
3.024827718734741211e+00
2.369056940078735352e+00
2.477385282516479492e+00
2.371212482452392578e+00
3.033767223358154297e+00
3.133952140808105469e+00
3.010547637939453125e+00
2.521229505538940430e+00
2.413794040679931641e+00
2.653275966644287109e+00
3.099564075469970703e+00
3.522986173629760742e+00
2.463763952255249023e+00
2.499331712722778320e+00
2.415762424468994141e+00
2.685160875320434570e+00
1.829792499542236328e+00
2.282455921173095703e+00
2.488976240158081055e+00
2.332389354705810547e+00
2.573839426040649414e+00
2.331689357757568359e+00
2.466524839401245117e+00
2.451951742172241211e+00
2.374002933502197266e+00
2.569782257080078125e+00
2.498745918273925781e+00
2.567690372467041016e+00
3.175554037094116211e+00
2.390997648239135742e+00
2.415754795074462891e+00
2.962170839309692383e+00
2.959925174713134766e+00
2.433637857437133789e+00
2.531431436538696289e+00
3.190928936004638672e+00
3.166372776031494141e+00
2.354440450668334961e+00
2.429578542709350586e+00
2.599806785583496094e+00
2.611872673034667969e+00
2.866338729858398438e+00
2.174690961837768555e+00
2.502241134643554688e+00
2.512281417846679688e+00
2.300645112991333008e+00
2.371258974075317383e+00
2.411244153976440430e+00
3.121162652969360352e+00
3.311345338821411133e+00
2.823791027069091797e+00
2.974773883819580078e+00
3.052196025848388672e+00
3.569921970367431641e+00
2.852344751358032227e+00
2.482421875000000000e+00
2.355076789855957031e+00
2.289345741271972656e+00
2.458649873733520508e+00
2.613567590713500977e+00
3.203013658523559570e+00
2.950312852859497070e+00
2.497733116149902344e+00
2.591509580612182617e+00
2.946443080902099609e+00
1.625694322586059570e+01
3.137929677963256836e+00
2.768070459365844727e+00
3.359823703765869141e+00
3.528017282485961914e+00
2.883412361145019531e+00
2.378058910369873047e+00
2.337214231491088867e+00
2.562357902526855469e+00
2.946475744247436523e+00
3.350564718246459961e+00
3.038694143295288086e+00
2.481081962585449219e+00
2.393728494644165039e+00
2.560697317123413086e+00
2.986296176910400391e+00
3.655092716217041016e+00
2.737574815750122070e+00
2.383528470993041992e+00
2.515678882598876953e+00
2.498437404632568359e+00
3.167487144470214844e+00
3.008334159851074219e+00
3.070245027542114258e+00
2.385236263275146484e+00
2.704466104507446289e+00
2.406184673309326172e+00
2.863698720932006836e+00
2.483327627182006836e+00
2.672774314880371094e+00
2.446893930435180664e+00
2.417183399200439453e+00
2.695883274078369141e+00
2.451496601104736328e+00
2.646575927734375000e+00
3.203763008117675781e+00
3.024574756622314453e+00
2.405258893966674805e+00
2.604726076126098633e+00
2.753320693969726562e+00
2.337329626083374023e+00
2.521331548690795898e+00
2.622411966323852539e+00
2.541085243225097656e+00
3.204935789108276367e+00
3.839695453643798828e+00
2.993716716766357422e+00
3.045882225036621094e+00
2.378287792205810547e+00
2.346770524978637695e+00
2.675486087799072266e+00
6.877444744110107422e+00
2.634424686431884766e+00
2.430785417556762695e+00
2.573844194412231445e+00
2.493499040603637695e+00
2.400056123733520508e+00
2.900681018829345703e+00
2.692217826843261719e+00
2.412239313125610352e+00
2.597689867019653320e+00
2.464074134826660156e+00
2.839910984039306641e+00
2.909451007843017578e+00
2.589236736297607422e+00
2.392467737197875977e+00
2.328365564346313477e+00
2.825649499893188477e+00
2.345124721527099609e+00
2.820667505264282227e+00
3.143510341644287109e+00
3.504916667938232422e+00
2.490009784698486328e+00
2.508160114288330078e+00
2.491679430007934570e+00
3.138773202896118164e+00
3.363721132278442383e+00
2.828486680984497070e+00
2.388129711151123047e+00
2.647677183151245117e+00
2.443698883056640625e+00
3.646477460861206055e+00
3.021957159042358398e+00
2.410473346710205078e+00
2.810356378555297852e+00
3.232345819473266602e+00
2.789123058319091797e+00
2.683274030685424805e+00
3.031368970870971680e+00
3.028358697891235352e+00
3.326037883758544922e+00
2.640863180160522461e+00
2.358441114425659180e+00
2.331204891204833984e+00
2.810842275619506836e+00
2.410852909088134766e+00
2.594861030578613281e+00
2.211425781250000000e+00
2.811595439910888672e+00
2.322141408920288086e+00
1.589128422737121582e+01
2.645197153091430664e+00
2.927397966384887695e+00
3.067506790161132812e+00
2.556360483169555664e+00
2.357854366302490234e+00
2.384509325027465820e+00
2.665018081665039062e+00
3.283548593521118164e+00
3.953108549118041992e+00
2.549069881439208984e+00
2.322116613388061523e+00
2.354454755783081055e+00
2.365300655364990234e+00
2.866907119750976562e+00
2.295732736587524414e+00
2.372345447540283203e+00
2.398803710937500000e+00
2.488971948623657227e+00
2.480743646621704102e+00
2.755044460296630859e+00
2.786817789077758789e+00
2.493420839309692383e+00
2.617558002471923828e+00
2.469444751739501953e+00
2.511713504791259766e+00
2.451277017593383789e+00
2.974766492843627930e+00
3.039302349090576172e+00
2.438960790634155273e+00
2.493895053863525391e+00
2.382205724716186523e+00
2.370222091674804688e+00
2.546137094497680664e+00
2.404328823089599609e+00
2.495461702346801758e+00
2.289388179779052734e+00
2.971991062164306641e+00
2.781620502471923828e+00
2.600110530853271484e+00
2.331151008605957031e+00
2.608964681625366211e+00
2.332240819931030273e+00
2.884816884994506836e+00
2.500956296920776367e+00
2.377182483673095703e+00
2.663372278213500977e+00
2.503690004348754883e+00
2.399112462997436523e+00
2.329031229019165039e+00
2.416579246520996094e+00
2.461080789566040039e+00
2.453363656997680664e+00
2.303482055664062500e+00
2.440569877624511719e+00
3.007366418838500977e+00
2.415108919143676758e+00
2.467540502548217773e+00
2.719551324844360352e+00
2.312940597534179688e+00
2.466736316680908203e+00
2.685224294662475586e+00
2.578645944595336914e+00
2.666193485260009766e+00
2.474486351013183594e+00
2.460977554321289062e+00
2.292526483535766602e+00
2.382296085357666016e+00
3.053444623947143555e+00
2.851683139801025391e+00
2.667057037353515625e+00
2.462506055831909180e+00
2.371705293655395508e+00
2.414879083633422852e+00
2.728718042373657227e+00
2.502097129821777344e+00
2.458967685699462891e+00
2.794445753097534180e+00
2.867253541946411133e+00
2.542960882186889648e+00
3.119228363037109375e+00
2.777107715606689453e+00
2.407502412796020508e+00
2.572590112686157227e+00
2.312474012374877930e+00
2.696401834487915039e+00
2.580149173736572266e+00
2.496760606765747070e+00
2.800153017044067383e+00
2.515450954437255859e+00
2.332533121109008789e+00
2.674843072891235352e+00
2.606591224670410156e+00
6.946780228614807129e+01
5.154409408569335938e+00
4.690041065216064453e+00
3.100360393524169922e+00
2.971251487731933594e+00
3.332946062088012695e+00
4.108896017074584961e+00
