7.060470104217529297e+00
7.291739463806152344e+00
7.832922935485839844e+00
7.832718849182128906e+00
7.207435607910156250e+00
6.664577484130859375e+00
8.136504173278808594e+00
7.901969909667968750e+00
7.471933841705322266e+00
7.123336791992187500e+00
7.264845848083496094e+00
7.477449417114257812e+00
7.639914512634277344e+00
8.011007308959960938e+00
7.246161460876464844e+00
7.457784652709960938e+00
7.520409584045410156e+00
7.756769657135009766e+00
7.148054599761962891e+00
6.851075172424316406e+00
7.344382286071777344e+00
7.294625282287597656e+00
7.161356925964355469e+00
7.399201393127441406e+00
7.560142040252685547e+00
7.056035518646240234e+00
7.253106594085693359e+00
7.492987632751464844e+00
7.291700363159179688e+00
7.273956298828125000e+00
7.779354572296142578e+00
7.514451503753662109e+00
6.886554718017578125e+00
7.163915634155273438e+00
7.134333610534667969e+00
7.043186187744140625e+00
7.619536399841308594e+00
6.610911369323730469e+00
6.245037078857421875e+00
6.974784851074218750e+00
7.695854663848876953e+00
7.255839824676513672e+00
7.073515892028808594e+00
6.950688362121582031e+00
6.305797576904296875e+00
6.873439788818359375e+00
7.055343151092529297e+00
6.207928657531738281e+00
6.528287887573242188e+00
7.221834182739257812e+00
7.763088226318359375e+00
7.528998851776123047e+00
7.923378467559814453e+00
7.800959587097167969e+00
8.334824562072753906e+00
7.989268779754638672e+00
7.839010238647460938e+00
7.820281028747558594e+00
7.557106018066406250e+00
7.616538524627685547e+00
8.098157882690429688e+00
7.786651611328125000e+00
7.627849578857421875e+00
7.037752151489257812e+00
8.258136749267578125e+00
6.714514255523681641e+00
7.380620956420898438e+00
7.229428291320800781e+00
7.548179149627685547e+00
7.408017635345458984e+00
7.596118927001953125e+00
7.224423408508300781e+00
7.204331398010253906e+00
6.806909084320068359e+00
7.095843315124511719e+00
7.128939628601074219e+00
7.051641464233398438e+00
7.001570701599121094e+00
6.534309387207031250e+00
7.728950977325439453e+00
7.091522216796875000e+00
7.066743373870849609e+00
6.824889183044433594e+00
7.329950332641601562e+00
6.996285915374755859e+00
7.141523838043212891e+00
6.930674552917480469e+00
7.326036930084228516e+00
6.912859916687011719e+00
6.329173088073730469e+00
7.258834838867187500e+00
7.065185546875000000e+00
6.762680053710937500e+00
6.744968414306640625e+00
6.957648277282714844e+00
7.173327445983886719e+00
6.836357593536376953e+00
7.317224979400634766e+00
6.810636520385742188e+00
6.933531761169433594e+00
6.652814865112304688e+00
6.042968750000000000e+00
7.393784999847412109e+00
5.916060447692871094e+00
6.186839103698730469e+00
5.335900306701660156e+00
5.920294761657714844e+00
6.544916152954101562e+00
5.434127807617187500e+00
6.526150703430175781e+00
6.258255958557128906e+00
7.141651153564453125e+00
6.414516448974609375e+00
6.156413078308105469e+00
5.705793857574462891e+00
5.890748977661132812e+00
6.005673408508300781e+00
6.682573318481445312e+00
6.828264236450195312e+00
6.234558105468750000e+00
5.292199134826660156e+00
6.303998947143554688e+00
6.375518798828125000e+00
6.096262931823730469e+00
5.228017807006835938e+00
5.855918407440185547e+00
6.006556034088134766e+00
5.817376136779785156e+00
4.813240528106689453e+00
6.340200901031494141e+00
7.129626750946044922e+00
6.598130226135253906e+00
5.816791534423828125e+00
6.039066314697265625e+00
5.852260112762451172e+00
5.950173377990722656e+00
5.478186607360839844e+00
5.901143074035644531e+00
5.395706653594970703e+00
5.864588737487792969e+00
6.391855716705322266e+00
6.422383308410644531e+00
6.603969573974609375e+00
5.698873043060302734e+00
6.577371597290039062e+00
6.264943122863769531e+00
5.505773544311523438e+00
6.493035316467285156e+00
7.112092494964599609e+00
6.061560630798339844e+00
7.917131423950195312e+00
8.523161888122558594e+00
7.893585681915283203e+00
8.080800056457519531e+00
7.627686023712158203e+00
8.405960083007812500e+00
7.545969009399414062e+00
7.923606872558593750e+00
7.687360286712646484e+00
7.148302078247070312e+00
6.623581886291503906e+00
6.985204696655273438e+00
7.242616653442382812e+00
7.101178169250488281e+00
6.831480026245117188e+00
7.827256679534912109e+00
7.173824310302734375e+00
7.772854804992675781e+00
7.159680843353271484e+00
7.362248897552490234e+00
6.700472831726074219e+00
6.497729301452636719e+00
6.596418380737304688e+00
6.967687606811523438e+00
7.210134983062744141e+00
6.975598335266113281e+00
6.516767501831054688e+00
6.915787696838378906e+00
6.938735961914062500e+00
6.848365783691406250e+00
7.426129817962646484e+00
6.615942955017089844e+00
7.145808219909667969e+00
7.300907611846923828e+00
6.373289108276367188e+00
6.881921768188476562e+00
7.301323890686035156e+00
7.017217636108398438e+00
6.535318374633789062e+00
6.411124229431152344e+00
6.389043331146240234e+00
7.238782882690429688e+00
7.891276359558105469e+00
7.676835060119628906e+00
8.231657028198242188e+00
7.795064926147460938e+00
7.684341430664062500e+00
7.670660972595214844e+00
8.194000244140625000e+00
7.747262477874755859e+00
8.430450439453125000e+00
7.754331588745117188e+00
7.561188220977783203e+00
6.817101478576660156e+00
7.483186721801757812e+00
1.017576789855957031e+01
7.488759040832519531e+00
7.702136993408203125e+00
7.358504295349121094e+00
7.459151268005371094e+00
7.433938980102539062e+00
6.774472236633300781e+00
8.931829452514648438e+00
7.222726345062255859e+00
7.438619136810302734e+00
7.113502502441406250e+00
7.355510234832763672e+00
6.635981559753417969e+00
6.982597351074218750e+00
7.561509609222412109e+00
7.232477188110351562e+00
7.223679542541503906e+00
9.174171447753906250e+00
7.617777824401855469e+00
6.988873004913330078e+00
7.629136085510253906e+00
7.185552597045898438e+00
7.673927307128906250e+00
7.181830406188964844e+00
6.856145858764648438e+00
7.267172813415527344e+00
7.233388423919677734e+00
7.081452369689941406e+00
6.775161743164062500e+00
7.560139656066894531e+00
7.330447196960449219e+00
6.751409053802490234e+00
7.238973617553710938e+00
6.960079669952392578e+00
7.208710193634033203e+00
7.200320243835449219e+00
7.374532699584960938e+00
9.018737792968750000e+00
8.822484016418457031e+00
8.826513290405273438e+00
8.433345794677734375e+00
8.953678131103515625e+00
8.793266296386718750e+00
8.832135200500488281e+00
8.419132232666015625e+00
7.843438148498535156e+00
8.389228820800781250e+00
8.211829185485839844e+00
8.050967216491699219e+00
7.563058853149414062e+00
7.948355197906494141e+00
8.182088851928710938e+00
7.701461791992187500e+00
7.857488632202148438e+00
7.545124053955078125e+00
7.843126773834228516e+00
8.552206993103027344e+00
7.717030048370361328e+00
7.865820884704589844e+00
7.431348323822021484e+00
7.813139915466308594e+00
7.349977493286132812e+00
7.787819862365722656e+00
7.503900527954101562e+00
7.692730426788330078e+00
7.189108848571777344e+00
8.276080131530761719e+00
7.524872779846191406e+00
7.061566352844238281e+00
7.622477054595947266e+00
7.784456253051757812e+00
7.716498374938964844e+00
7.431472778320312500e+00
7.487491607666015625e+00
7.624904632568359375e+00
7.693943977355957031e+00
7.356086730957031250e+00
7.552398681640625000e+00
7.230559825897216797e+00
7.491859436035156250e+00
7.780028343200683594e+00
7.596047401428222656e+00
7.628173828125000000e+00
8.040904998779296875e+00
7.641332626342773438e+00
7.901843070983886719e+00
7.106981754302978516e+00
8.704727172851562500e+00
8.076436996459960938e+00
8.890660285949707031e+00
7.997344493865966797e+00
8.190844535827636719e+00
8.279111862182617188e+00
7.942646026611328125e+00
