8.147089958190917969e+00
7.291357040405273438e+00
7.756445884704589844e+00
7.907919883728027344e+00
7.440136909484863281e+00
7.358960628509521484e+00
7.979998588562011719e+00
7.195891380310058594e+00
7.660776615142822266e+00
7.197978019714355469e+00
7.645032882690429688e+00
7.713187217712402344e+00
7.411125659942626953e+00
6.859631538391113281e+00
8.059173583984375000e+00
7.537452697753906250e+00
7.127912521362304688e+00
7.041380405426025391e+00
7.799045562744140625e+00
7.192582607269287109e+00
7.126648902893066406e+00
6.888860702514648438e+00
6.914358139038085938e+00
7.224726200103759766e+00
7.303969383239746094e+00
7.370910167694091797e+00
6.869198799133300781e+00
7.918560028076171875e+00
7.206317424774169922e+00
7.420811176300048828e+00
7.653738021850585938e+00
7.452021598815917969e+00
6.958292007446289062e+00
6.923442363739013672e+00
7.597661972045898438e+00
6.790092468261718750e+00
6.812896728515625000e+00
6.192003250122070312e+00
6.747973442077636719e+00
6.987196922302246094e+00
7.594516754150390625e+00
6.300747394561767578e+00
6.865664482116699219e+00
7.140970230102539062e+00
7.448434829711914062e+00
6.863813877105712891e+00
7.632738113403320312e+00
6.384531497955322266e+00
6.991502761840820312e+00
6.995659828186035156e+00
7.691865921020507812e+00
7.911822319030761719e+00
7.509191989898681641e+00
8.021673202514648438e+00
7.182316303253173828e+00
8.041793823242187500e+00
7.521527290344238281e+00
7.965896606445312500e+00
7.621899604797363281e+00
8.293609619140625000e+00
7.796313762664794922e+00
7.504820823669433594e+00
7.860874176025390625e+00
7.321209907531738281e+00
7.921626567840576172e+00
7.059907436370849609e+00
8.102198600769042969e+00
6.997359752655029297e+00
7.498951911926269531e+00
6.705862998962402344e+00
6.803455352783203125e+00
7.289495944976806641e+00
7.664799213409423828e+00
7.250801086425781250e+00
7.722318649291992188e+00
6.796524047851562500e+00
7.598321914672851562e+00
7.101914405822753906e+00
7.261772155761718750e+00
7.055326461791992188e+00
7.323478698730468750e+00
7.338879585266113281e+00
7.595112800598144531e+00
7.621875286102294922e+00
6.921718597412109375e+00
7.477541923522949219e+00
6.714352607727050781e+00
6.856588363647460938e+00
7.751257419586181641e+00
7.013046264648437500e+00
7.446040153503417969e+00
7.285519599914550781e+00
7.021171092987060547e+00
7.705004692077636719e+00
7.320519447326660156e+00
6.975272178649902344e+00
7.361239910125732422e+00
7.013179302215576172e+00
7.070780277252197266e+00
7.094539165496826172e+00
6.715298175811767578e+00
6.013387203216552734e+00
6.062778472900390625e+00
5.926687717437744141e+00
6.833657741546630859e+00
5.413600921630859375e+00
5.944440841674804688e+00
6.346843242645263672e+00
6.460169792175292969e+00
8.868967056274414062e+00
5.011694908142089844e+00
6.121635437011718750e+00
8.539851188659667969e+00
6.052667617797851562e+00
5.672144889831542969e+00
5.705443382263183594e+00
7.256327629089355469e+00
5.913733482360839844e+00
6.380799293518066406e+00
6.738776206970214844e+00
5.607512474060058594e+00
6.161463737487792969e+00
5.564756393432617188e+00
5.675673961639404297e+00
6.238606929779052734e+00
5.594544410705566406e+00
6.122984886169433594e+00
6.454351425170898438e+00
7.156799316406250000e+00
5.829292297363281250e+00
6.716445922851562500e+00
5.193269252777099609e+00
5.785050868988037109e+00
7.127033710479736328e+00
6.622697830200195312e+00
5.682040214538574219e+00
5.821364879608154297e+00
6.798418045043945312e+00
6.385257720947265625e+00
5.945873737335205078e+00
6.584315299987792969e+00
6.242331504821777344e+00
6.372484207153320312e+00
5.936352252960205078e+00
5.881631851196289062e+00
6.938606262207031250e+00
4.997289657592773438e+00
6.813613891601562500e+00
5.774996280670166016e+00
7.122071266174316406e+00
7.838115692138671875e+00
8.361439704895019531e+00
7.687138080596923828e+00
8.002411842346191406e+00
7.618754386901855469e+00
7.985645294189453125e+00
7.383863449096679688e+00
7.074426651000976562e+00
8.001062393188476562e+00
7.433337211608886719e+00
6.862490177154541016e+00
7.476276397705078125e+00
7.195798397064208984e+00
7.382389068603515625e+00
7.679543972015380859e+00
7.631288528442382812e+00
7.328458786010742188e+00
7.278627872467041016e+00
7.738167285919189453e+00
6.697568893432617188e+00
6.748049259185791016e+00
7.151613712310791016e+00
7.650350570678710938e+00
7.324956417083740234e+00
6.972818374633789062e+00
7.550947189331054688e+00
6.904222488403320312e+00
6.684513092041015625e+00
6.913679599761962891e+00
6.963394165039062500e+00
6.573902606964111328e+00
7.425176143646240234e+00
7.610429763793945312e+00
8.221635818481445312e+00
6.891159057617187500e+00
7.402807235717773438e+00
8.910125732421875000e+00
7.615684509277343750e+00
6.950209617614746094e+00
7.729307174682617188e+00
6.633812904357910156e+00
7.067275524139404297e+00
9.074838638305664062e+00
8.362173080444335938e+00
8.287320137023925781e+00
8.492959976196289062e+00
7.862055778503417969e+00
8.157100677490234375e+00
8.101451873779296875e+00
8.127241134643554688e+00
7.546553134918212891e+00
7.850666522979736328e+00
7.724722862243652344e+00
7.599751472473144531e+00
7.923173904418945312e+00
7.289446830749511719e+00
7.827637195587158203e+00
7.746263504028320312e+00
8.076969146728515625e+00
7.115348339080810547e+00
7.285083293914794922e+00
7.686229228973388672e+00
7.019300937652587891e+00
7.234088897705078125e+00
7.857404708862304688e+00
7.425391674041748047e+00
7.555389404296875000e+00
7.754470825195312500e+00
7.355440139770507812e+00
7.762123584747314453e+00
7.352620124816894531e+00
7.552515506744384766e+00
7.584820747375488281e+00
7.560406684875488281e+00
7.141566276550292969e+00
7.145166397094726562e+00
7.550323486328125000e+00
7.367614746093750000e+00
7.279567718505859375e+00
6.806496620178222656e+00
7.293945789337158203e+00
7.688205718994140625e+00
7.627086639404296875e+00
6.758769989013671875e+00
7.061200141906738281e+00
7.238452911376953125e+00
7.727024555206298828e+00
7.481781005859375000e+00
8.025850296020507812e+00
6.698097229003906250e+00
7.991012573242187500e+00
7.377358436584472656e+00
8.627393722534179688e+00
8.671331405639648438e+00
8.128905296325683594e+00
8.553228378295898438e+00
8.284110069274902344e+00
8.713552474975585938e+00
8.497030258178710938e+00
8.038068771362304688e+00
8.214019775390625000e+00
8.415775299072265625e+00
7.622571468353271484e+00
7.996905326843261719e+00
8.532554626464843750e+00
8.277879714965820312e+00
8.038227081298828125e+00
7.646226882934570312e+00
8.640933036804199219e+00
7.656811714172363281e+00
7.446755409240722656e+00
7.491524696350097656e+00
7.213540077209472656e+00
8.313322067260742188e+00
7.848891258239746094e+00
7.491580486297607422e+00
7.934852600097656250e+00
7.851567745208740234e+00
8.193301200866699219e+00
7.761823177337646484e+00
7.746733665466308594e+00
7.769395828247070312e+00
7.454871177673339844e+00
7.220454216003417969e+00
7.594578742980957031e+00
7.861340999603271484e+00
7.243806838989257812e+00
7.828375816345214844e+00
7.480975151062011719e+00
7.614435195922851562e+00
7.956052780151367188e+00
7.246142387390136719e+00
7.636812686920166016e+00
8.115144729614257812e+00
7.254215240478515625e+00
7.341178894042968750e+00
7.446981906890869141e+00
7.566201686859130859e+00
7.910521507263183594e+00
7.880210876464843750e+00
8.442138671875000000e+00
7.772666931152343750e+00
8.646242141723632812e+00
9.654870033264160156e+00
8.533464431762695312e+00
8.244660377502441406e+00
8.459744453430175781e+00
8.196102142333984375e+00
7.562927246093750000e+00
