0.000000000000000000e+00
0.000000000000000000e+00
0.000000000000000000e+00
5.859375000000000000e-03
6.250000000000000347e-03
7.812500000000000000e-03
1.562500000000000000e-02
2.148437500000000000e-02
2.864583333333333218e-02
3.203124999999999722e-02
3.764204545454545581e-02
4.622395833333333565e-02
4.927884615384615224e-02
4.966517857142856845e-02
5.416666666666666852e-02
6.250000000000000000e-02
6.571691176470588480e-02
7.161458333333332871e-02
7.483552631578947734e-02
7.890624999999999722e-02
8.333333333333332871e-02
8.700284090909091161e-02
9.307065217391304046e-02
9.537760416666667129e-02
9.625000000000000222e-02
9.795673076923076816e-02
9.895833333333332871e-02
9.821428571428571230e-02
9.806034482758620163e-02
9.817708333333333148e-02
9.954637096774193727e-02
9.960937500000000000e-02
1.003787878787878729e-01
1.015625000000000000e-01
1.020089285714285698e-01
1.022135416666666713e-01
1.032516891891891858e-01
1.038240131578947317e-01
1.045673076923076955e-01
1.048828125000000056e-01
1.049923780487804909e-01
1.050967261904761918e-01
1.070130813953488330e-01
1.084872159090909116e-01
1.098958333333333315e-01
1.117527173913043514e-01
1.130319148936170248e-01
1.136067708333333287e-01
1.132015306122449022e-01
1.137500000000000039e-01
1.115196078431372612e-01
1.093750000000000000e-01
1.073113207547169851e-01
1.057581018518518462e-01
1.046875000000000028e-01
1.042131696428571369e-01
1.044407894736842091e-01
1.053340517241379282e-01
1.069915254237288199e-01
1.075520833333333398e-01
1.074538934426229470e-01
1.077368951612903275e-01
1.075148809523809590e-01
1.075439453125000000e-01
1.086538461538461564e-01
1.099668560606060635e-01
1.114738805970149210e-01
1.124770220588235253e-01
1.133378623188405765e-01
1.151785714285714218e-01
1.163072183098591561e-01
1.174045138888888951e-01
1.187928082191780782e-01
1.198268581081081141e-01
1.203125000000000028e-01
1.209909539473684181e-01
1.224634740259740312e-01
1.236979166666666713e-01
1.250000000000000000e-01
1.267578125000000111e-01
1.289544753086419859e-01
1.301448170731707432e-01
1.311182228915662717e-01
1.327194940476190410e-01
1.342830882352941124e-01
1.353561046511627952e-01
1.372126436781609116e-01
1.390269886363636465e-01
1.406250000000000000e-01
1.411458333333333315e-01
1.413976648351648324e-01
1.421535326086956486e-01
1.425571236559139698e-01
1.423703457446808540e-01
1.428453947368421018e-01
1.431477864583333426e-01
1.439271907216494728e-01
1.441326530612244972e-01
1.446496212121212155e-01
1.453125000000000111e-01
1.439511138613861485e-01
1.426164215686274439e-01
1.416110436893203983e-01
1.411508413461538547e-01
1.411458333333333315e-01
1.408461084905660299e-01
1.404059579439252414e-01
1.392505787037036924e-01
1.384030963302752271e-01
1.379261363636363757e-01
1.371058558558558571e-01
1.371372767857142738e-01
1.374446902654867242e-01
1.381578947368421184e-01
1.381793478260869568e-01
1.388739224137930939e-01
1.392227564102564152e-01
1.400291313559322015e-01
1.404280462184873957e-01
1.413411458333333204e-01
1.419808884297520668e-01
1.428662909836065642e-01
1.431656504065040580e-01
1.432081653225806550e-01
1.433750000000000024e-01
1.435391865079365115e-01
1.433316929133858220e-01
1.430664062500000000e-01
1.432291666666666574e-01
1.426081730769230838e-01
1.418177480916030520e-01
1.409801136363636465e-01
1.403312969924812026e-01
1.395172574626865614e-01
1.387731481481481455e-01
1.384420955882352811e-01
1.386291058394160669e-01
1.385303442028985588e-01
1.382643884892086339e-01
1.385602678571428437e-01
1.386303191489361708e-01
1.388644366197183122e-01
1.388767482517482554e-01
1.392144097222222099e-01
1.397629310344827569e-01
1.404644691780821963e-01
1.411564625850340038e-01
1.412584459459459429e-01
1.418309563758389236e-01
1.419270833333333426e-01
1.409871688741721751e-01
1.400596217105263275e-01
1.391952614379085018e-01
1.386465097402597435e-01
1.389616935483870830e-01
1.393229166666666574e-01
1.395302547770700674e-01
1.406744462025316389e-01
1.415585691823899317e-01
1.423339843750000000e-01
1.427115683229813747e-01
1.431809413580246992e-01
1.432611196319018287e-01
1.438643292682926789e-01
1.444128787878787845e-01
1.451430722891566272e-01
1.458177395209580840e-01
1.463448660714285754e-01
1.468195266272189214e-01
1.474264705882352977e-01
1.477065058479532234e-01
1.478924418604651292e-01
1.479407514450866989e-01
1.481232040229885083e-01
1.481696428571428470e-01
1.479492187500000000e-01
1.479519774011299471e-01
1.482619382022472010e-01
1.488303072625698220e-01
1.498697916666666685e-01
1.507251381215469477e-01
1.514423076923076816e-01
1.520662568306010987e-01
1.524711277173912971e-01
1.529138513513513542e-01
1.539398521505376261e-01
1.546206550802139146e-01
1.550033244680850963e-01
1.557539682539682557e-01
1.566611842105263275e-01
1.576816099476439914e-01
1.581624348958333426e-01
1.585168393782383500e-01
1.586662371134020533e-01
1.591346153846153744e-01
1.590401785714285754e-01
1.593829314720812129e-01
1.594460227272727348e-01
1.600188442211055162e-01
1.603906250000000089e-01
1.595926616915422924e-01
1.590733292079208050e-01
1.585591133004926045e-01
1.578967524509803932e-01
1.573551829268292623e-01
1.569326456310679574e-01
1.564387077294686068e-01
1.561373197115384637e-01
1.558388157894736725e-01
1.556175595238095122e-01
1.555094786729857848e-01
1.552918632075471761e-01
1.551129694835680639e-01
1.550817757009345932e-01
1.549055232558139428e-01
1.549479166666666574e-01
1.546298963133640458e-01
1.546373279816513624e-01
1.547873858447488538e-01
1.549360795454545470e-01
1.550127262443438958e-01
1.553702139639639712e-01
1.554091928251121191e-01
1.555873325892857262e-01
1.559375000000000067e-01
1.564919800884955747e-01
1.568694933920704859e-01
1.571751644736842091e-01
1.573758187772925643e-01
1.575407608695652273e-01
1.575689935064935043e-01
1.576643318965517127e-01
1.572894313304721015e-01
1.570846688034188143e-01
1.567486702127659504e-01
1.567465572033898413e-01
1.570741033755274352e-01
1.573004201680672232e-01
1.577863493723849486e-01
1.579752604166666796e-01
1.581301867219916946e-01
1.583483987603305776e-01
1.585969650205761305e-01
1.587474385245901676e-01
1.588329081632653128e-01
1.588224085365853577e-01
1.591282894736842091e-01
1.590536794354838745e-01
1.589796686746987875e-01
1.592500000000000027e-01
1.586777888446215257e-01
1.581101190476190410e-01
1.577322134387351693e-01
1.575110728346456601e-01
1.571078431372548989e-01
1.571350097656250000e-01
1.572531614785992182e-01
1.578851744186046402e-01
1.582106660231660245e-01
1.588942307692307598e-01
1.592732279693486463e-01
1.596791507633587848e-01
1.598740494296577996e-01
1.598899147727272652e-01
1.598761792452830233e-01
1.600387687969924699e-01
1.603757022471909988e-01
1.610307835820895539e-01
1.613905669144981292e-01
1.616608796296296335e-01
1.619580258302583120e-01
1.621380974264705899e-01
1.624885531135531191e-01
1.625513229927007253e-01
1.626988636363636276e-01
1.627321105072463692e-01
1.629061371841155348e-01
1.627135791366906559e-01
1.625784050179211460e-01
1.622209821428571563e-01
1.621997330960854022e-01
1.618738918439716346e-01
1.619092314487632633e-01
1.620268485915492829e-01
1.623629385964912297e-01
1.627239947552447663e-01
1.630825348432055621e-01
1.635199652777777901e-01
1.638462370242214639e-01
1.640894396551724199e-01
1.644383591065292083e-01
1.645976027397260399e-01
1.646491040955631313e-01
1.650988520408163129e-01
1.653072033898305149e-01
1.655141469594594572e-01
1.655092592592592726e-01
1.656354865771812179e-01
1.653428093645484820e-01
1.652343749999999889e-01
1.648930647840531616e-01
1.646833609271523280e-01
1.644234735973597317e-01
1.641652960526315819e-01
1.638319672131147431e-01
1.640625000000000000e-01
1.644442182410423559e-01
1.648234577922078059e-01
1.650738268608414328e-01
1.651965725806451568e-01
1.653938906752411564e-01
1.654146634615384637e-01
1.655101837060702907e-01
1.656548566878980888e-01
1.656746031746031689e-01
1.657931170886075833e-01
1.660587539432176740e-01
1.661507468553459210e-01
1.660952194357366851e-01
1.662841796875000056e-01
1.661799065420560828e-01
1.661975931677018570e-01
1.660458591331269440e-01
1.659673996913580141e-01
1.656971153846153733e-01
1.655483128834355777e-01
1.657110091743119185e-01
1.660870807926829174e-01
1.660809270516717395e-01
1.660037878787878896e-01
1.659507175226586084e-01
1.659450301204819234e-01
1.656343843843843811e-01
1.656296781437125720e-01
1.652985074626865669e-01
1.651088169642857262e-01
1.649666172106824813e-01
1.650101701183432079e-01
1.648921460176991094e-01
1.650965073529411797e-01
1.652538489736070371e-01
1.655473318713450159e-01
1.657707725947521749e-01
1.662200218023255904e-01
1.664175724637681208e-01
1.668623554913294671e-01
1.669443443804034533e-01
1.670483117816091989e-01
1.672412249283667662e-01
1.674553571428571419e-01
1.670450498575498655e-01
1.666592684659090884e-01
1.666297804532577975e-01
1.664901129943502922e-01
1.664172535211267678e-01
1.663009129213483261e-01
1.661195728291316454e-01
1.662447625698323939e-01
1.663910167130919215e-01
1.667534722222222265e-01
1.670489958448753420e-01
1.671702348066298471e-01
1.674414600550964138e-01
1.676468063186813129e-01
1.679152397260273988e-01
1.680754781420764898e-01
1.681709809264305133e-01
1.682447350543478382e-01
1.684239498644986566e-01
1.685177364864864913e-01
1.688215970350404327e-01
1.690608198924731242e-01
1.690683646112600413e-01
1.691385360962566753e-01
1.691874999999999907e-01
1.691323138297872453e-01
1.690359748010610008e-01
1.688368055555555525e-01
1.686799142480211178e-01
1.686677631578947234e-01
1.688812335958005117e-01
1.691344895287958117e-01
1.691824412532637045e-01
1.691284179687500000e-01
1.690949675324675272e-01
1.691628886010362598e-01
1.690891472868217005e-01
1.691768685567010266e-01
1.691034704370179831e-01
1.690905448717948678e-01
1.689378196930946263e-01
1.690051020408163129e-01
1.689527671755725324e-01
1.690394987309644659e-01
1.691851265822784944e-01
1.691721906565656630e-01
1.692380352644836383e-01
1.693231783919597888e-01
1.694666353383458557e-01
1.696093750000000067e-01
1.694007169576059735e-01
1.691930970149253810e-01
1.689089640198511155e-01
1.687229269801980291e-01
1.684992283950617342e-01
1.683343596059113378e-01
1.681319103194103270e-01
1.681793811274509831e-01
1.682457212713936445e-01
1.684832317073170771e-01
1.686815693430656904e-01
1.687082827669902918e-01
1.687916162227602879e-01
1.686669685990338230e-01
1.687311746987951722e-01
1.687011718750000000e-01
1.685963729016786705e-01
1.685107655502392221e-01
1.685747315035799609e-01
1.687313988095238138e-01
1.688687648456057011e-01
1.690239928909952616e-01
1.692154255319149037e-01
1.692954009433962348e-01
1.694669117647058798e-01
1.695825997652582184e-01
1.697526346604215364e-01
1.698853679906542069e-01
1.698900058275058245e-01
1.698401162790697805e-01
1.698629640371229765e-01
1.700122974537036924e-01
1.701428983833718211e-01
1.703449020737327069e-01
1.704920977011494254e-01
1.705311066513761353e-01
1.706950800915331690e-01
1.708226312785388057e-01
1.709673974943052288e-01
1.710937499999999889e-01
1.712018140589569026e-01
1.711503110859728394e-01
1.712930304740406251e-01
1.713999155405405428e-01
1.714360955056179747e-01
1.714195627802690691e-01
1.714031040268456374e-01
1.713692801339285754e-01
1.713878062360801868e-01
1.714062500000000100e-01
1.712687084257206172e-01
1.710626382743362928e-01
1.709782008830021960e-01
1.707736784140969077e-01
1.707074175824175866e-01
1.706585800438596423e-01
1.706270514223194867e-01
1.707491812227074357e-01
1.708367374727668975e-01
1.709069293478260865e-01
1.709090292841648484e-01
1.709618506493506551e-01
1.710988120950323876e-01
1.710836476293103314e-01
1.709677419354838634e-01
1.710032188841201783e-01
1.709548982869379119e-01
1.710570245726495686e-01
1.709921375266524601e-01
1.709441489361702149e-01
1.707470806794055274e-01
1.707494703389830504e-01
1.706857822410147996e-01
1.706718090717299630e-01
1.707072368421052588e-01
1.706112132352941291e-01
1.705974842767295496e-01
1.706165010460251041e-01
1.706354384133611790e-01
1.706380208333333204e-01
1.705431392931393009e-01
1.704972769709543479e-01
1.704354296066252494e-01
1.703738378099173556e-01
1.703125000000000056e-01
1.702674897119341446e-01
1.702707905544147970e-01
1.702260502049180446e-01
1.702773517382413226e-01
1.702965561224489832e-01
1.702679480651731192e-01
1.703506097560975596e-01
1.703853955375253526e-01
1.704200404858299545e-01
1.705176767676767624e-01
1.706306703629032195e-01
1.705702967806841108e-01
1.706513554216867457e-01
1.707947144288577135e-01
1.708437499999999887e-01
1.706274950099800347e-01
1.703809760956175312e-01
1.702596918489065470e-01
1.701388888888888951e-01
1.701268564356435697e-01
1.700222332015810245e-01
1.699642504930966580e-01
1.699833907480315098e-01
1.700024557956777982e-01
1.699295343137254832e-01
1.697804549902152682e-01
1.696624755859375000e-01
1.696820175438596423e-01
1.696254863813229652e-01
1.695843446601941751e-01
1.694676598837209225e-01
1.694723162475822165e-01
1.693713803088802983e-01
1.693159922928708927e-01
1.692908653846153799e-01
1.693558061420345484e-01
1.693306992337164640e-01
1.692758126195028634e-01
1.692658635496183117e-01
1.691666666666666596e-01
1.690975522813688292e-01
1.690435246679316827e-01
1.690488873106060497e-01
1.690394612476370517e-01
1.689563679245283112e-01
1.688735875706214584e-01
1.688351738721804440e-01
1.687675891181988630e-01
1.686856273408239570e-01
1.687061915887850538e-01
1.686829524253731227e-01
1.688343808193668583e-01
1.687383828996282531e-01
1.687007189239332072e-01
1.687065972222222265e-01
1.687846580406654473e-01
1.688047739852398532e-01
1.688535911602210005e-01
1.688735064338235392e-01
1.688646788990825764e-01
1.689131181318681285e-01
1.688328382084094970e-01
1.687528512773722733e-01
1.687158469945355121e-01
1.686931818181818254e-01
1.686564201451905554e-01
1.685490262681159368e-01
1.684561482820976508e-01
1.683354016245487417e-01
1.683277027027026973e-01
1.683059802158273499e-01
1.682983617594255021e-01
1.682347670250896043e-01
1.681713998211091243e-01
1.681780133928571508e-01
1.682960115864527706e-01
1.682745774021352225e-01
1.683087255772646451e-01
1.683150487588652433e-01
1.682660398230088616e-01
1.683276280918727941e-01
1.682925485008818223e-01
1.682988556338028130e-01
1.682364894551845458e-01
1.682291666666666796e-01
1.681534588441331024e-01
1.681326486013985932e-01
1.681391797556719137e-01
1.681456881533101022e-01
1.681114130434782639e-01
1.681450737847222099e-01
1.681921577123050293e-01
1.681309472318339160e-01
1.681374136442141676e-01
1.681842672413793038e-01
1.681368330464715899e-01
1.679821735395189142e-01
1.679888507718696466e-01
1.679821275684931503e-01
1.679887820512820651e-01
1.679420861774744145e-01
1.678822402044292950e-01
1.677827380952380820e-01
1.677366298811545087e-01
1.676906779661016811e-01
1.676713197969543212e-01
1.675728462837837718e-01
1.675537521079258074e-01
1.675610269360269244e-01
1.675026260504201558e-01
1.674968540268456374e-01
1.673733249581239590e-01
1.674331103678929900e-01
1.674926961602671016e-01
1.674348958333333470e-01
1.672602953410981808e-01
1.670213870431893621e-01
1.670035240464344817e-01
1.669986548013245031e-01
1.669808884297520613e-01
1.669889645214521490e-01
1.670742380560131801e-01
1.670821340460526272e-01
1.670002052545155879e-01
1.669825819672131062e-01
1.669650163666121234e-01
1.669730392156862642e-01
1.671084828711256187e-01
1.671671416938110832e-01
1.670985772357723442e-01
1.670682832792207695e-01
1.670760737439221932e-01
1.671976132686084082e-01
1.671294426494345786e-01
1.672001008064516181e-01
1.671573067632850240e-01
1.671774517684887496e-01
1.671849919743178259e-01
1.672175480769230727e-01
1.672625000000000084e-01
1.671825079872204523e-01
1.672273724082934676e-01
1.671352507961783307e-01
1.672048887122416505e-01
1.672247023809523836e-01
1.673187400950871540e-01
1.672641416139240556e-01
1.673084518167456680e-01
1.673526222397476448e-01
1.674581692913385822e-01
1.674773977987421281e-01
1.675210949764521229e-01
1.676503722570532873e-01
1.678036971830985935e-01
1.679687500000000000e-01
1.679870319812792612e-01
1.680052570093457931e-01
1.679505248833592645e-01
1.680172748447205100e-01
1.680717054263565768e-01
1.681017801857585259e-01
1.681559119010819225e-01
1.681134259259259300e-01
1.681192218798150950e-01
1.681971153846153755e-01
1.682627688172043112e-01
1.683761503067484622e-01
1.685131125574272637e-01
1.687093845565749151e-01
1.687022900763358868e-01
1.688976753048780366e-01
1.689259893455098971e-01
1.690848214285714246e-01
1.692313163884673621e-01
1.694365530303030276e-01
1.696175302571860943e-01
1.697743580060422919e-01
1.699071455505279105e-01
1.700042356927710940e-01
1.702890037593984829e-01
1.704321509009009139e-01
1.705865817091454240e-01
1.707990269461077959e-01
1.709758034379671165e-01
1.710820895522388030e-01
1.713277757078986718e-01
1.715146019345238082e-01
1.717705237741456170e-01
1.719329562314539928e-01
1.720601851851851771e-01
1.721870377218935044e-01
1.723481351550960050e-01
1.725202802359881993e-01
1.726919182621502180e-01
1.728860294117647023e-01
1.730566262848751702e-01
1.731809017595307976e-01
1.734992679355783218e-01
1.737024853801169555e-01
1.739051094890511073e-01
1.740388119533527733e-01
1.741834970887918554e-01
1.743845385174418727e-01
1.746190130624092895e-01
1.748641304347826053e-01
1.750407018813314175e-01
1.752393424855491211e-01
1.754599567099567048e-01
1.756461635446685821e-01
1.757868705035971202e-01
1.760843211206896686e-01
1.763024569583931112e-01
1.764416189111747968e-01
1.766474427753934318e-01
1.768191964285714401e-01
1.767118402282453760e-01
1.766826923076923184e-01
1.766758534850640106e-01
1.765580610795454419e-01
1.766843971631205656e-01
1.768435729461756423e-01
1.769249469589816159e-01
1.769840218926553577e-01
1.770098730606488036e-01
1.770796654929577552e-01
1.769954289732770802e-01
1.770321278089887762e-01
1.770796809256661997e-01
1.770833333333333426e-01
1.770760489510489477e-01
1.772215432960893844e-01
1.772031903765690364e-01
1.772066504178272939e-01
1.772861613351877641e-01
1.773654513888889006e-01
1.774986997226074836e-01
1.775774757617728516e-01
1.776668395573997306e-01
1.777020027624309495e-01
1.778017241379310220e-01
1.779549758953168082e-01
1.781400447042640889e-01
1.781958276098901117e-01
1.783264746227709308e-01
1.783925513698630116e-01
1.784477599179206675e-01
1.785988729508196649e-01
1.786643076398362895e-01
1.786869891008174283e-01
1.788265306122449050e-01
1.790293817934782705e-01
1.791362788331072042e-01
1.791264397018970111e-01
1.791483423545331410e-01
1.791807432432432345e-01
1.791392543859649245e-01
1.792979278975741220e-01
1.792774226110363522e-01
1.793619791666666574e-01
1.794882550335570592e-01
1.795513572386059076e-01
1.796561244979919814e-01
1.797606116310160318e-01
1.797709445927903882e-01
1.798541666666666761e-01
1.796979027962716247e-01
1.797290558510638292e-01
1.799053784860557836e-01
1.800708720159151233e-01
1.801531456953642252e-01
1.802145337301587213e-01
1.803583223249669854e-01
1.805532651715039683e-01
1.806756422924901129e-01
1.807771381578947290e-01
1.809194316688567672e-01
1.810100885826771699e-01
1.811209862385321223e-01
1.811600130890052285e-01
1.813010620915032622e-01
1.814927382506527354e-01
1.816635430247718341e-01
1.817238537989684932e-01
1.953125000000000000e-01
2.226562500000000000e-01
2.317708333333333426e-01
2.304687500000000000e-01
2.203124999999999944e-01
2.187500000000000000e-01
2.087053571428571508e-01
2.070312500000000000e-01
2.092013888888888951e-01
2.093750000000000056e-01
2.151988636363636465e-01
2.220052083333333426e-01
2.295673076923076816e-01
2.315848214285714246e-01
2.406250000000000056e-01
2.451171875000000000e-01
2.509191176470588203e-01
2.534722222222222099e-01
2.528782894736842368e-01
2.574218750000000222e-01
2.581845238095238360e-01
2.578125000000000000e-01
2.595108695652174058e-01
2.578125000000000000e-01
2.537499999999999756e-01
2.496995192307692180e-01
2.479745370370370350e-01
2.458147321428571508e-01
2.440732758620689780e-01
2.398437499999999944e-01
2.399193548387096864e-01
2.385253906250000000e-01
2.367424242424242542e-01
2.357536764705882304e-01
2.370535714285714191e-01
2.367621527777777901e-01
2.383868243243243146e-01
2.380756578947368363e-01
2.395833333333333426e-01
2.425781250000000056e-01
2.433307926829268164e-01
2.440476190476190410e-01
2.456395348837209225e-01
2.475142045454545581e-01
2.484375000000000056e-01
2.515285326086956763e-01
2.513297872340425343e-01
2.513020833333333148e-01
2.533482142857143016e-01
2.535937500000000067e-01
2.495404411764705899e-01
2.474459134615384637e-01
2.469044811320754707e-01
2.463831018518518601e-01
2.467329545454545470e-01
2.458147321428571508e-01
2.468475877192982393e-01
2.466325431034482873e-01
2.480137711864406902e-01
2.492187499999999889e-01
2.512807377049180446e-01
2.521421370967741882e-01
2.531001984126984294e-01
2.541503906250000000e-01
2.543269230769230616e-01
2.549715909090908839e-01
2.554804104477612081e-01
2.544806985294117418e-01
2.537364130434782705e-01
2.532366071428571175e-01
2.529709507042253724e-01
2.526041666666666852e-01
2.518193493150684970e-01
2.526393581081081141e-01
2.537499999999999756e-01
2.542146381578947456e-01
2.548701298701298579e-01
2.556089743589743390e-01
2.553401898734177222e-01
2.569335937500000222e-01
2.575231481481481399e-01
2.582888719512195230e-01
2.588478915662650870e-01
2.592075892857143016e-01
2.609374999999999889e-01
2.619912790697674354e-01
2.631106321839080664e-01
2.640269886363636465e-01
2.639571629213482984e-01
2.644097222222221988e-01
2.650240384615384359e-01
2.663892663043478382e-01
2.666330645161290591e-01
2.672872340425531679e-01
2.675164473684210620e-01
2.680664062500000000e-01
2.685244845360824639e-01
2.690529336734693855e-01
2.694128787878787845e-01
2.707812499999999734e-01
2.691831683168317002e-01
2.687653186274509554e-01
2.684314320388349606e-01
2.686298076923077094e-01
2.688244047619047783e-01
2.698997641509434109e-01
2.701518691588785104e-01
2.707609953703703498e-01
2.707138761467889898e-01
2.711647727272727404e-01
2.711852477477477708e-01
2.709960937500000000e-01
2.712251106194690231e-01
2.715186403508771940e-01
2.719429347826086696e-01
2.724946120689655249e-01
2.727697649572649596e-01
2.729740466101694962e-01
2.732405462184873679e-01
2.733072916666666741e-01
2.732438016528925817e-01
2.735655737704917878e-01
2.737550813008129968e-01
2.736265120967741882e-01
2.743749999999999800e-01
2.741815476190476164e-01
2.740526574803149873e-01
2.739868164062500000e-01
2.744064922480620172e-01
2.747596153846154077e-01
2.752266221374045641e-01
2.754498106060606077e-01
2.760808270676691767e-01
2.761194029850746468e-01
2.768518518518518490e-01
2.771139705882352811e-01
2.776003649635036541e-01
2.782495471014492794e-01
2.782711330935251914e-01
2.785714285714285809e-01
2.783133865248226813e-01
2.786091549295774406e-01
2.786822552447552614e-01
2.784288194444444198e-01
2.781250000000000111e-01
2.784674657534246811e-01
2.789115646258503167e-01
2.783994932432432567e-01
2.789953859060402830e-01
2.791145833333333326e-01
2.783526490066225434e-01
2.775493421052631637e-01
2.770118464052287455e-01
2.770393668831168665e-01
2.769153225806451624e-01
2.775440705128205399e-01
2.780155254777070262e-01
2.782832278481012778e-01
2.787932389937106681e-01
2.790039062499999889e-01
2.793090062111800997e-01
2.798514660493827133e-01
2.801955521472392907e-01
2.802496189024390461e-01
2.805397727272727071e-01
2.812970632530120696e-01
2.812032185628742242e-01
2.812500000000000000e-01
2.812500000000000000e-01
2.813419117647059098e-01
2.811129385964912242e-01
2.810228924418604612e-01
2.807532514450867267e-01
2.812051005747126520e-01
2.814732142857143127e-01
2.815163352272727071e-01
2.814706920903954912e-01
2.814694522471909988e-01
2.816864525139664566e-01
2.818576388888888729e-01
2.817679558011049745e-01
2.819368131868131844e-01
2.818903688524589946e-01
2.822265625000000000e-01
2.823479729729729826e-01
2.824260752688171894e-01
2.827540106951871857e-01
2.827460106382978511e-01
2.828207671957672087e-01
2.828125000000000222e-01
2.831315445026177935e-01
2.836914062500000000e-01
2.842859455958549053e-01
2.842702963917525527e-01
2.845352564102563986e-01
2.848373724489796088e-01
2.850174492385786906e-01
2.852351641414141437e-01
2.857255025125627901e-01
2.862500000000000044e-01
2.857198383084577076e-01
2.850402227722772519e-01
2.845212438423645462e-01
2.845052083333333148e-01
2.848704268292682751e-01
2.848149271844659935e-01
2.850996376811594235e-01
2.848557692307692180e-01
2.846889952153109915e-01
2.850074404761904767e-01
2.852488151658768012e-01
2.856353183962264120e-01
2.859081572769953117e-01
2.862149532710280275e-01
2.858648255813953654e-01
2.859519675925926152e-01
2.860023041474654137e-01
2.858371559633027248e-01
2.861372716894977075e-01
2.865411931818181990e-01
2.864111990950226061e-01
2.868454391891891997e-01
2.870305493273542785e-01
2.871791294642856984e-01
2.874305555555555780e-01
2.874377765486725855e-01
2.874449339207048593e-01
2.880345394736842368e-01
2.879025655021834051e-01
2.880774456521739135e-01
2.881831709956709786e-01
2.881532866379310498e-01
2.881907188841201783e-01
2.883947649572649596e-01
2.886303191489361653e-01
2.888638771186440857e-01
2.890625000000000000e-01
2.891609768907563160e-01
2.893893828451882810e-01
2.895182291666666408e-01
2.895163381742738573e-01
2.898372933884297287e-01
2.898019547325103029e-01
2.897348872950819554e-01
2.895727040816326592e-01
2.897611788617885931e-01
2.899481275303643635e-01
2.903225806451613100e-01
2.904743975903614217e-01
2.906562500000000049e-01
2.903386454183267129e-01
2.896515376984126755e-01
2.893712944664031395e-01
2.890625000000000000e-01
2.887867647058823262e-01
2.888793945312500000e-01
2.890017023346303504e-01
2.894864341085271464e-01
2.894244691119691182e-01
2.896935096153845923e-01
2.895713601532566850e-01
2.893308683206106680e-01
2.892407319391634979e-01
2.888849431818181768e-01
2.886202830188679402e-01
2.883282424812030342e-01
2.881554307116104829e-01
2.879547574626865614e-01
2.877265334572490785e-01
2.877025462962962687e-01
2.876210793357933393e-01
2.875976562500000000e-01
2.877174908424908195e-01
2.878079379562044071e-01
2.877272727272727204e-01
2.876754981884058204e-01
2.876240974729241673e-01
2.876573741007193985e-01
2.875504032258064391e-01
2.873883928571428492e-01
2.877557829181494609e-01
2.880651595744680993e-01
2.879306537102473418e-01
2.879896566901408717e-01
2.883497807017543768e-01
2.884342220279720315e-01
2.884091898954703748e-01
2.886555989583333148e-01
2.890625000000000000e-01
2.892510775862068839e-01
2.893578178694158343e-01
2.894905821917808098e-01
2.893558020477815518e-01
2.895142431972789199e-01
2.896716101694915002e-01
2.896695523648648574e-01
2.897727272727272929e-01
2.900325083892617561e-01
2.898463628762542044e-01
2.898177083333333126e-01
2.893999169435215735e-01
2.891401076158940375e-01
2.891398514851485357e-01
2.891395970394736725e-01
2.893186475409836311e-01
2.895475898692810302e-01
2.900040716612377611e-01
2.901278409090908839e-01
2.904277912621359148e-01
2.905745967741935609e-01
2.907958199356913132e-01
2.906149839743589758e-01
2.906100239616613568e-01
2.904309315286623949e-01
2.903521825396825351e-01
2.904717167721518889e-01
2.902454652996845352e-01
2.903400157232704504e-01
2.902870297805642541e-01
2.905029296875000222e-01
2.904497663551401931e-01
2.904211956521738913e-01
2.905863003095975339e-01
2.909191743827160281e-01
2.912259615384615308e-01
2.915548312883435855e-01
2.917622324159021563e-01
2.920874618902439268e-01
2.922919832826747499e-01
2.923768939393939226e-01
2.925320996978851840e-01
2.928510918674698815e-01
2.931916291291291055e-01
2.934833458083832558e-01
2.936333955223880410e-01
2.938523065476190688e-01
2.940003709198812931e-01
2.939857618343195145e-01
2.939251474926253827e-01
2.941636029411764941e-01
2.941486436950146444e-01
2.940880847953216137e-01
2.941645408163265363e-01
2.942178415697674354e-01
2.944293478260869290e-01
2.944364161849710726e-01
2.945335014409221630e-01
2.944953304597701105e-01
2.945245343839541508e-01
2.947991071428571197e-01
2.941372863247863068e-01
2.936345880681818232e-01
2.931790014164306069e-01
2.931453036723163930e-01
2.934198943661971981e-01
2.934734901685393527e-01
2.936362044817927286e-01
2.939071229050279066e-01
2.941547701949860927e-01
2.943142361111111271e-01
2.944944598337950192e-01
2.946736878453038444e-01
2.947227961432506982e-01
2.944282280219780445e-01
2.943921232876712257e-01
2.943562158469945622e-01
2.942353542234332209e-01
2.943486752717391353e-01
2.943555216802167807e-01
2.943834459459459540e-01
2.945375673854447318e-01
2.946908602150537515e-01
2.947176608579088475e-01
2.947443181818181768e-01
2.948541666666666394e-01
2.949218750000000000e-01
2.951757294429708245e-01
2.951802248677248830e-01
2.952259234828495948e-01
2.952508223684210398e-01
2.953986220472440971e-01
2.956070026178010401e-01
2.955083224543080811e-01
2.957967122395833148e-01
2.959821428571428603e-01
2.960046955958549053e-01
2.959665697674418450e-01
2.961501288659793563e-01
2.962122429305912852e-01
2.963741987179487336e-01
2.964554028132992403e-01
2.964963329081632404e-01
2.965171755725191094e-01
2.965775697969543212e-01
2.967365506329113778e-01
2.967369002525252486e-01
2.967766057934508872e-01
2.968553706030150896e-01
2.970903822055137589e-01
2.971679687500000111e-01
2.967581047381546155e-01
2.963697139303482775e-01
2.960607940446650099e-01
2.959854579207920611e-01
2.960648148148148362e-01
2.961052955665024466e-01
2.961839680589680723e-01
2.961282169117647189e-01
2.962637530562347021e-01
2.964176829268292956e-01
2.965518552311435796e-01
2.966474514563106624e-01
2.966858353510896107e-01
2.967806461352657244e-01
2.969879518072289226e-01
2.969876802884615641e-01
2.969499400479616580e-01
2.969684509569378017e-01
2.970055190930787625e-01
2.970982142857143127e-01
2.972461401425178229e-01
2.974489040284360453e-01
2.976137706855792042e-01
2.978331367924528239e-01
2.979595588235294246e-01
2.980487089201878104e-01
2.982472189695550280e-01
2.983170268691588967e-01
2.984229312354312325e-01
2.984193313953488191e-01
2.984338747099767875e-01
2.987738715277777901e-01
2.986612297921478199e-01
2.988191244239631339e-01
2.989044540229884861e-01
2.990073107798165153e-01
2.989666762013730161e-01
2.989619006849315030e-01
2.988859624145785987e-01
2.990411931818181546e-01
2.991425736961451087e-01
2.993318721719456788e-01
2.994850451467268582e-01
2.997431024774774855e-01
2.999297752808988693e-01
2.999579596412556004e-01
3.000734060402684422e-01
3.002406529017856984e-01
3.002679565701559250e-01
3.003124999999999822e-01
2.999757483370288358e-01
2.997269081858406903e-01
2.995826434878587352e-01
2.995078469162995582e-01
2.996222527472527375e-01
2.997704221491228060e-01
2.998666575492341391e-01
3.001159934497816817e-01
3.001770152505446876e-01
3.002717391304347561e-01
3.003491052060737743e-01
3.004092261904761640e-01
3.005365820734341442e-01
3.006970635775861878e-01
3.007728494623655990e-01
3.009824302575107025e-01
3.011074678800856330e-01
3.013321314102563875e-01
3.014725479744136405e-01
3.016788563829786995e-01
3.018511146496815067e-01
3.020226430084745894e-01
3.022264799154333881e-01
3.024129746835442778e-01
3.025164473684210376e-01
3.027179621848739566e-01
3.026565775681341885e-01
3.027752353556485421e-01
3.029260177453027003e-01
3.030761718750000222e-01
3.032906704781704876e-01
3.034232365145227983e-01
3.036523033126293791e-01
3.037512913223140432e-01
3.038337628865979134e-01
3.039801954732510025e-01
3.040779004106776151e-01
3.041111680327868716e-01
3.043040644171778886e-01
3.044642857142856873e-01
3.046238543788187259e-01
3.047986534552845628e-01
3.049252028397566039e-01
3.049563512145748723e-01
3.051452020202020110e-01
3.052545362903225645e-01
3.052533953722333937e-01
3.054091365461847341e-01
3.055799098196392838e-01
3.056875000000000009e-01
3.055295658682634641e-01
3.053878237051793065e-01
3.053553677932405730e-01
3.054005456349206393e-01
3.057240099009900791e-01
3.058763586956521618e-01
3.060281065088757413e-01
3.062407726377952555e-01
3.065446954813359492e-01
3.067095588235294046e-01
3.068279109589041043e-01
3.069458007812500000e-01
3.071546052631579093e-01
3.073321984435797849e-01
3.074635922330097304e-01
3.075490552325581550e-01
3.077550773694390784e-01
3.078245656370656169e-01
3.079690510597302699e-01
3.080979567307692291e-01
3.082863483685220896e-01
3.085338840996168508e-01
3.085564053537284690e-01
3.085341125954198516e-01
3.086309523809523947e-01
3.087125712927756838e-01
3.087494070208728902e-01
3.088008996212120993e-01
3.089555765595463077e-01
3.089770047169811407e-01
3.089689265536723073e-01
3.090636748120300648e-01
3.092020403377110926e-01
3.092813670411985183e-01
3.094042056074766123e-01
3.095994636194029925e-01
3.098521880819367080e-01
3.099732806691449793e-01
3.100649350649350433e-01
3.101417824074074181e-01
3.102472273567467576e-01
3.103378690036900367e-01
3.104569521178637270e-01
3.106043198529411797e-01
3.107368119266055162e-01
3.109260531135530914e-01
3.109860603290676151e-01
3.109603102189780754e-01
3.110911885245901676e-01
3.111505681818181879e-01
3.107701905626134575e-01
3.103911911231884146e-01
3.101830922242314603e-01
3.100321525270758327e-01
3.099802927927927665e-01
3.099848246402877594e-01
3.101576526032315817e-01
3.102178539426523329e-01
3.103896466905187723e-01
3.105468750000000000e-01
3.108288770053476147e-01
3.109152580071174454e-01
3.109874555950266628e-01
3.111702127659574657e-01
3.113108407079646089e-01
3.113681537102473418e-01
3.114803791887125195e-01
3.116059639084506894e-01
3.116899165202108857e-01
3.118969298245614086e-01
3.120484894921191077e-01
3.122131774475524479e-01
3.124045593368237617e-01
3.125272212543553918e-01
3.125407608695652262e-01
3.126627604166666852e-01
3.127301776429809443e-01
3.127703287197231563e-01
3.128103411053540506e-01
3.129714439655172376e-01
3.130647590361445576e-01
3.131443298969072142e-01
3.132236277873070573e-01
3.133026541095890183e-01
3.133680555555555802e-01
3.133532423208191253e-01
3.133517887563884163e-01
3.134699192176870763e-01
3.135876485568760419e-01
3.136122881355932202e-01
3.138219120135363749e-01
3.138592694256756577e-01
3.139755480607082649e-01
3.141045875420875322e-01
3.140362394957983416e-01
3.140992030201342211e-01
3.141488693467336946e-01
3.143812709030100461e-01
3.145868113522537479e-01
3.147265624999999734e-01
3.146318635607321390e-01
3.144466362126245862e-01
3.143268034825870694e-01
3.143108443708609312e-01
3.143724173553719137e-01
3.144466790429042979e-01
3.146622734761120310e-01
3.148643092105263275e-01
3.149502257799671745e-01
3.149205942622950727e-01
3.150189238952536552e-01
3.151935253267973969e-01
3.154057911908645928e-01
3.155282980456026176e-01
3.155741869918698983e-01
3.156326095779220520e-01
3.157161669367909429e-01
3.157868122977346426e-01
3.157688812600969452e-01
3.158014112903225756e-01
3.158715780998389566e-01
3.159540795819935632e-01
3.160112359550562022e-01
3.160807291666666852e-01
3.160749999999999948e-01
3.160193690095846608e-01
3.160511363636363535e-01
3.161325636942675099e-01
3.161516295707472168e-01
3.161954365079365226e-01
3.162886291600633948e-01
3.162702729430380000e-01
3.162149486571879664e-01
3.162214116719243018e-01
3.163877952755905776e-01
3.164799528301887044e-01
3.166822017268445810e-01
3.168470807210031492e-01
3.170481220657276888e-01
3.172973632812500222e-01
3.173995709828393297e-01
3.175257982866043771e-01
3.175544323483670550e-01
3.176557647515527716e-01
3.177325581395348819e-01
3.177970201238390358e-01
3.178854327666151280e-01
3.179856288580246715e-01
3.181216294298921388e-01
3.182091346153846367e-01
3.180083525345622220e-01
3.178800805214723746e-01
3.178000574272588086e-01
3.177680619266055051e-01
3.177838740458015510e-01
3.180378239329268442e-01
3.179818302891933013e-01
3.180684840425531679e-01
3.180837443095599348e-01
3.182646780303030054e-01
3.183623298033282922e-01
3.183652756797583083e-01
3.184624811463046545e-01
3.186182228915662717e-01
3.186912593984962405e-01
3.187640765765765716e-01
3.188952398800599664e-01
3.190026197604790559e-01
3.191096786248131534e-01
3.192747201492537323e-01
3.194159836065573743e-01
3.195219494047619180e-01
3.195811664190192913e-01
3.195938427299703233e-01
3.196296296296296524e-01
3.197115384615384359e-01
3.197701255539143195e-01
3.198976769911504592e-01
3.199788291605301649e-01
3.201516544117646856e-01
3.201633627019089823e-01
3.202094024926686044e-01
3.204383235724743706e-01
3.204724049707602385e-01
3.205406021897810320e-01
3.206427660349854269e-01
3.207332605531295622e-01
3.208348473837209225e-01
3.209701560232220419e-01
3.210824275362318958e-01
3.211830680173661245e-01
3.212269689306358478e-01
3.212594696969697239e-01
3.212806195965418055e-01
3.213803956834532238e-01
3.215472341954023205e-01
3.216911764705882582e-01
3.217899355300859465e-01
3.219219420600858417e-01
3.219642857142857029e-01
3.218727710413694654e-01
3.217926460113960108e-01
3.216682965860597210e-01
3.215886896306818232e-01
3.216090425531915042e-01
3.217067988668555478e-01
3.218484794908062496e-01
3.219566560734463123e-01
3.220094322990126878e-01
3.222051056338028352e-01
3.223452883263009938e-01
3.225399403089887485e-01
3.226463884992987197e-01
3.226321778711484511e-01
3.227709790209790097e-01
3.229966829608938439e-01
3.230365237099023790e-01
3.231197771587743794e-01
3.232245305980528394e-01
3.232421875000000000e-01
3.233789875173370132e-01
3.234072022160665028e-01
3.235001728907330731e-01
3.235928867403314868e-01
3.236853448275862077e-01
3.237990702479338623e-01
3.238587517193947662e-01
3.238646119505494414e-01
3.239454732510287926e-01
3.239726027397260011e-01
3.240103454172366670e-01
3.241440403005464432e-01
3.241921043656207368e-01
3.241229564032697685e-01
3.242665816326530392e-01
3.244628906250000000e-01
3.245420624151967304e-01
3.246104336043360572e-01
3.247314783491204171e-01
3.247571790540540460e-01
3.248566126855600422e-01
3.250189521563342510e-01
3.251282806191116981e-01
3.251323084677419373e-01
3.252097315436241476e-01
3.252974195710455763e-01
3.254580823293172775e-01
3.255556483957219305e-01
3.255903704939919763e-01
3.256666666666666599e-01
3.257635652463382048e-01
3.258498171542553168e-01
3.259254648074368932e-01
3.260630802387267657e-01
3.261278973509934009e-01
3.262442129629629650e-01
3.262879788639365675e-01
3.263213225593667444e-01
3.264883893280632332e-01
3.264905427631579204e-01
3.264824244415243104e-01
3.265563484251968740e-01
3.266096002621232119e-01
3.266524869109947438e-01
3.266646241830065134e-01
3.267175261096605943e-01
3.267906616688396326e-01
3.268364139446405248e-01
3.671875000000000000e-01
3.828125000000000000e-01
3.906250000000000000e-01
3.750000000000000000e-01
3.781249999999999889e-01
3.945312500000000000e-01
3.962053571428571508e-01
3.857421875000000000e-01
3.776041666666666852e-01
3.789062500000000000e-01
3.813920454545454697e-01
3.828125000000000000e-01
3.798076923076922906e-01
3.777901785714285476e-01
3.807291666666666741e-01
3.774414062500000000e-01
3.795955882352941013e-01
3.767361111111111049e-01
3.741776315789473450e-01
3.753906249999999778e-01
3.735119047619047672e-01
3.707386363636363535e-01
3.716032608695652439e-01
3.710937500000000000e-01
3.718750000000000111e-01
3.716947115384615641e-01
3.715277777777777901e-01
3.713727678571428492e-01
3.712284482758620441e-01
3.700520833333333370e-01
3.709677419354838745e-01
3.737792968750000000e-01
3.740530303030302761e-01
3.736213235294117418e-01
3.720982142857142683e-01
3.695746527777777901e-01
3.703547297297297147e-01
3.680098684210526550e-01
3.685897435897436125e-01
3.693359374999999889e-01
3.685213414634146423e-01
3.688616071428571508e-01
3.693677325581395388e-01
3.696732954545454697e-01
3.701388888888889062e-01
3.717730978260869734e-01
3.711768617021276584e-01
3.709309895833333148e-01
3.718112244897959218e-01
3.717187499999999867e-01
3.711703431372548878e-01
3.718449519230769273e-01
3.720518867924528239e-01
3.725405092592592449e-01
3.724431818181818121e-01
3.727678571428571508e-01
3.740405701754385692e-01
3.741918103448275690e-01
3.746027542372881158e-01
3.744791666666666408e-01
3.752561475409836311e-01
3.756300403225806273e-01
3.762400793650793607e-01
3.768310546875000000e-01
3.753605769230769496e-01
3.761837121212120993e-01
3.769822761194029925e-01
3.770680147058823595e-01
3.769248188405797118e-01
3.779017857142857317e-01
3.781910211267605626e-01
3.784722222222222099e-01
3.786386986301369939e-01
3.794341216216216006e-01
3.786458333333333481e-01
3.783922697368420907e-01
3.784496753246753276e-01
3.796073717948718063e-01
3.786590189873417778e-01
3.792968749999999778e-01
3.799189814814814548e-01
3.802400914634146423e-01
3.800828313253011848e-01
3.800223214285714524e-01
3.808823529411764497e-01
3.811773255813953321e-01
3.817349137931034253e-01
3.820134943181818232e-01
3.825491573033708015e-01
3.827256944444444309e-01
3.827266483516483242e-01
3.826426630434782705e-01
3.818044354838709409e-01
3.815658244680851241e-01
3.817434210526315930e-01
3.820800781250000000e-01
3.826514175257731964e-01
3.829719387755102233e-01
3.822601010101009944e-01
3.832812500000000178e-01
3.829672029702970160e-01
3.827359068627451122e-01
3.824332524271844558e-01
3.824368990384615641e-01
3.826636904761904767e-01
3.836969339622641750e-01
3.842727803738317793e-01
3.841869212962962798e-01
3.838159403669724745e-01
3.839488636363636576e-01
3.836570945945945721e-01
3.833705357142856984e-01
3.834347345132743112e-01
3.839089912280701511e-01
3.838315217391304324e-01
3.835533405172413812e-01
3.837473290598290565e-01
3.840042372881355970e-01
3.844537815126050639e-01
3.849609374999999889e-01
3.845557851239669311e-01
3.845414959016393297e-01
3.847179878048780366e-01
3.847656250000000000e-01
3.855000000000000093e-01
3.849826388888888951e-01
3.852116141732283561e-01
3.848266601562500000e-01
3.848110465116278966e-01
3.846153846153846367e-01
3.848401717557252133e-01
3.848248106060606077e-01
3.846921992481203145e-01
3.847947761194029925e-01
3.840277777777778012e-01
3.840762867647058987e-01
3.839530109489051046e-01
3.842844202898550998e-01
3.838803956834532238e-01
3.844866071428571508e-01
3.845301418439716068e-01
3.850132042253521236e-01
3.851617132867132809e-01
3.853624131944444198e-01
3.854525862068965414e-01
3.857555650684931781e-01
3.858949829931972997e-01
3.857157939189189144e-01
3.855390100671141074e-01
3.859895833333333304e-01
3.845716059602649062e-01
3.828638980263157632e-01
3.813827614379085018e-01
3.802759740259740173e-01
3.791834677419355093e-01
3.784555288461538547e-01
3.777866242038216416e-01
3.779173259493671111e-01
3.777515723270440384e-01
3.778808593749999889e-01
3.776203416149068182e-01
3.776523919753086433e-01
3.776840490797546135e-01
3.776200457317073211e-01
3.777462121212121215e-01
3.781061746987952055e-01
3.778536676646706560e-01
3.780691964285714524e-01
3.785595414201183284e-01
3.786305147058823262e-01
3.786549707602339110e-01
3.783611918604651292e-01
3.783417630057803738e-01
3.786368534482758563e-01
3.786160714285714546e-01
3.787730823863636465e-01
3.789283192090395214e-01
3.792573735955055980e-01
3.794954608938547747e-01
3.792968749999999778e-01
3.794457872928176934e-01
3.792925824175824023e-01
3.789275956284153257e-01
3.789911684782608647e-01
3.792229729729729715e-01
3.798303091397849385e-01
3.798044786096256842e-01
3.797789228723404409e-01
3.800016534391534306e-01
3.798930921052631748e-01
3.800310863874345468e-01
3.802897135416666852e-01
3.808694948186528428e-01
3.805170747422680355e-01
3.806891025641025439e-01
3.803411989795918435e-01
3.801951142131979600e-01
3.806818181818181768e-01
3.809673366834170904e-01
3.810546874999999889e-01
3.801305970149253532e-01
3.794863861386138515e-01
3.784636699507389346e-01
3.776807598039215730e-01
3.771341463414634165e-01
3.765549150485437147e-01
3.763209541062801922e-01
3.762019230769230727e-01
3.760092703349282028e-01
3.763764880952381042e-01
3.766291469194312791e-01
3.769531250000000000e-01
3.767972417840375621e-01
3.772999415887850483e-01
3.771438953488371881e-01
3.771701388888888951e-01
3.772681451612903136e-01
3.772219036697247452e-01
3.772474315068493067e-01
3.772017045454545414e-01
3.769442873303167629e-01
3.770411036036036001e-01
3.767516816143497982e-01
3.769182477678571508e-01
3.770833333333333259e-01
3.773506637168141387e-01
3.775812224669603534e-01
3.780838815789473450e-01
3.777974890829694510e-01
3.780910326086956430e-01
3.782805735930735991e-01
3.785695043103448065e-01
3.785877145922746934e-01
3.785056089743589758e-01
3.789561170212765728e-01
3.792703919491525189e-01
3.794501582278481111e-01
3.793986344537815247e-01
3.797398012552301028e-01
3.800781249999999889e-01
3.799922199170124304e-01
3.802298553719008489e-01
3.802404835390946758e-01
3.802510245901639108e-01
3.805165816326530615e-01
3.808434959349593640e-01
3.808198380566801822e-01
3.808278729838709409e-01
3.810868473895582254e-01
3.812499999999999778e-01
3.811628486055776976e-01
3.808593750000000000e-01
3.808979743083004132e-01
3.809055118110236116e-01
3.806985294117646856e-01
3.806152343750000000e-01
3.805021887159533156e-01
3.805111434108527368e-01
3.803692084942085216e-01
3.803786057692307709e-01
3.803579980842911601e-01
3.805462786259541930e-01
3.803766634980988437e-01
3.804450757575757458e-01
3.802771226415094241e-01
3.803160244360902498e-01
3.800327715355805158e-01
3.801597481343283458e-01
3.799663104089219257e-01
3.799768518518518712e-01
3.800738007380073946e-01
3.801413143382352811e-01
3.804086538461538547e-01
3.802748631386861367e-01
3.804829545454545547e-01
3.803215579710144678e-01
3.804433664259928016e-01
3.805080935251798357e-01
3.805443548387096864e-01
3.803013392857143016e-01
3.802268683274021566e-01
3.800698138297872175e-01
3.800518992932861995e-01
3.798140404929577496e-01
3.797149122807017552e-01
3.796711101398601573e-01
3.794098432055749148e-01
3.793131510416666852e-01
3.794604238754325509e-01
3.794181034482758674e-01
3.792955326460480947e-01
3.791738013698630061e-01
3.791595563139931735e-01
3.789328231292516946e-01
3.792108050847457501e-01
3.791965793918918859e-01
3.792350589225589319e-01
3.792732802013422666e-01
3.791283444816053727e-01
3.790885416666666674e-01
3.788154069767442067e-01
3.787251655629139124e-01
3.788675742574257321e-01
3.790347450657894912e-01
3.789959016393442681e-01
3.791360294117647189e-01
3.794024837133550543e-01
3.793628246753246724e-01
3.795509708737864196e-01
3.795866935483870885e-01
3.796724276527331243e-01
3.797826522435897578e-01
3.798422523961661468e-01
3.798019506369426646e-01
3.798115079365079194e-01
3.798951740506328889e-01
3.800768927444794776e-01
3.802083333333333148e-01
3.802409874608150275e-01
3.804931640625000000e-01
3.803543613707164872e-01
3.803862577639751663e-01
3.804905185758513664e-01
3.806423611111111049e-01
3.806971153846153699e-01
3.808953220858895539e-01
3.810923165137614643e-01
3.812404725609755962e-01
3.812689969604863283e-01
3.812499999999999778e-01
3.813727341389728243e-01
3.814241340361445576e-01
3.816394519519519246e-01
3.817365269461077681e-01
3.816464552238805763e-01
3.819521949404761640e-01
3.820242952522255320e-01
3.822115384615384359e-01
3.821441740412979127e-01
3.823529411764705621e-01
3.823542888563049580e-01
3.823099415204678220e-01
3.823569606413994015e-01
3.824945494186046679e-01
3.826086956521739246e-01
3.826770231213872941e-01
3.825423270893371641e-01
3.822961566091954144e-01
3.822528653295129142e-01
3.823437499999999822e-01
3.823673433048432879e-01
3.823686079545454697e-01
3.824362606232294404e-01
3.827242231638418035e-01
3.827684859154929509e-01
3.826808286516854007e-01
3.827030812324929698e-01
3.829652583798882626e-01
3.831824512534818816e-01
3.831814236111111271e-01
3.832669667590027918e-01
3.834167817679557944e-01
3.835442493112947715e-01
3.837139423076922906e-01
3.838398972602739545e-01
3.840505464480874487e-01
3.839407356948228989e-01
3.841924252717391353e-01
3.842310298102981081e-01
3.841427364864865024e-01
3.842654986522910932e-01
3.841775873655913776e-01
3.841739276139410353e-01
3.842747326203208580e-01
3.845416666666666705e-01
3.846201795212765839e-01
3.847811671087533192e-01
3.847552910052909891e-01
3.848326187335092130e-01
3.849095394736842257e-01
3.849450459317585449e-01
3.851030759162303863e-01
3.849951044386423216e-01
3.850911458333333148e-01
3.851663961038960804e-01
3.850995790155440357e-01
3.849523578811369640e-01
3.850877899484536071e-01
3.850819408740359662e-01
3.850560897435897356e-01
3.849904092071610995e-01
3.850845025510203912e-01
3.851582379134860235e-01
3.851324555837563612e-01
3.854430379746835444e-01
3.854166666666666852e-01
3.853313916876574541e-01
3.852269158291457551e-01
3.853970864661654394e-01
3.852929687500000200e-01
3.851504052369077447e-01
3.850862873134328623e-01
3.849643300248138944e-01
3.850750309405940319e-01
3.850694444444444642e-01
3.851600985221674822e-01
3.851735257985258176e-01
3.850719975490196068e-01
3.850091687041564681e-01
3.850800304878048697e-01
3.848464111922141329e-01
3.847466626213592034e-01
3.847041464891041151e-01
3.846807065217391353e-01
3.847891566265060348e-01
3.848407451923077094e-01
3.847796762589927866e-01
3.847002093301435388e-01
3.846770584725536790e-01
3.847098214285714080e-01
3.847238717339667713e-01
3.846452902843601751e-01
3.846040189125295439e-01
3.847103478773584717e-01
3.847610294117647101e-01
3.846280809859154992e-01
3.847884953161592736e-01
3.847291179906541791e-01
3.847064393939393923e-01
3.846656976744186052e-01
3.844257540603248091e-01
3.846932870370370350e-01
3.845446016166281789e-01
3.844506048387096864e-01
3.845366379310344862e-01
3.847477064220183318e-01
3.846002574370709359e-01
3.845426655251141801e-01
3.844853359908883550e-01
3.844282670454545192e-01
3.843537414965986221e-01
3.843679298642533881e-01
3.843820541760722409e-01
3.845368806306306286e-01
3.845681179775281011e-01
3.844765975336322805e-01
3.847350391498881583e-01
3.848528180803571508e-01
3.849004732739421120e-01
3.848784722222222121e-01
3.844754711751662835e-01
3.843162334070796549e-01
3.842784216335540792e-01
3.841891519823788514e-01
3.841517857142857095e-01
3.841145833333333148e-01
3.841801148796498699e-01
3.842794759825327588e-01
3.843613834422657805e-01
3.845448369565217517e-01
3.845580260303687603e-01
3.845373376623376638e-01
3.845504859611231230e-01
3.846646012931034253e-01
3.846774193548387344e-01
3.847572424892704013e-01
3.847865364025696011e-01
3.850160256410256610e-01
3.850779584221748486e-01
3.850232712765957466e-01
3.850019904458598652e-01
3.851132150423728917e-01
3.851744186046511809e-01
3.853177742616033519e-01
3.852960526315789558e-01
3.852415966386554813e-01
3.851546121593291128e-01
3.850843357740585948e-01
3.851122129436325703e-01
3.851399739583333259e-01
3.853787681912682062e-01
3.853572354771784281e-01
3.854004917184264967e-01
3.854274276859503967e-01
3.854381443298969256e-01
3.855131172839506015e-01
3.855236139630390246e-01
3.855500768442622905e-01
3.855125255623721992e-01
3.854910714285714191e-01
3.856129073319755629e-01
3.857183689024390461e-01
3.858392494929006045e-01
3.858331224696356365e-01
3.859059343434343425e-01
3.860729586693548154e-01
3.860821177062374043e-01
3.861069277108433728e-01
3.861316382765531130e-01
3.861406250000000151e-01
3.860716067864271572e-01
3.861118027888446047e-01
3.859965208747515031e-01
3.859126984126984294e-01
3.860457920792079167e-01
3.861629199604743046e-01
3.862641765285996232e-01
3.863188976377952555e-01
3.864501473477406912e-01
3.865808823529411908e-01
3.865887964774951113e-01
3.865966796875000000e-01
3.867263645224171542e-01
3.867339494163424263e-01
3.868325242718446688e-01
3.868852955426356766e-01
3.868925290135396544e-01
3.868394063706563912e-01
3.868316473988439030e-01
3.869140624999999889e-01
3.869811660268713815e-01
3.870629789272030385e-01
3.870249760994263766e-01
3.869423902671755844e-01
3.868898809523809712e-01
3.868524239543726373e-01
3.868595825426944801e-01
3.868815104166666852e-01
3.868147448015122891e-01
3.867040094339622702e-01
3.866966807909604786e-01
3.867774906015037373e-01
3.868726547842401553e-01
3.868065308988763995e-01
3.869012850467289932e-01
3.869082322761194237e-01
3.870751862197392978e-01
3.870672630111524071e-01
3.869868970315398782e-01
3.869646990740740478e-01
3.869859057301293648e-01
3.869349630996309908e-01
3.869561464088397962e-01
3.870346966911764608e-01
3.869839449541284671e-01
3.870049221611721602e-01
3.869544104204753476e-01
3.867187500000000000e-01
3.867116347905282248e-01
3.867045454545454675e-01
3.866691243194192440e-01
3.864639945652174058e-01
3.863867540687160873e-01
3.863097924187725574e-01
3.862471846846846635e-01
3.861988534172661747e-01
3.863470601436265750e-01
3.863127240143369168e-01
3.864881484794275290e-01
3.865652901785714413e-01
3.867117869875222880e-01
3.867187500000000000e-01
3.867395648312610956e-01
3.868018617021276584e-01
3.868639380530973226e-01
3.868567800353356900e-01
3.870012125220458343e-01
3.870901188380281854e-01
3.871512521968365483e-01
3.871573464912280715e-01
3.872455122591944021e-01
3.872650786713286442e-01
3.874345549738220096e-01
3.876306620209059028e-01
3.875543478260869423e-01
3.876681857638888951e-01
3.877274696707105894e-01
3.877459991349481161e-01
3.877239853195164065e-01
3.878502155172413590e-01
3.878684380378657481e-01
3.878060567010309101e-01
3.878376929674099416e-01
3.879361087328767055e-01
3.878739316239316337e-01
3.877186433447099012e-01
3.876304301533219920e-01
3.876089498299319924e-01
3.875344864176570314e-01
3.875662076271186307e-01
3.876242597292724468e-01
3.875369510135134865e-01
3.874894603709949648e-01
3.875078914141414366e-01
3.874343487394957819e-01
3.874134857382550146e-01
3.873796063651591126e-01
3.873850334448160626e-01
3.873773998330550805e-01
3.873567708333333082e-01
3.874402038269550985e-01
3.873935838870432025e-01
3.873989427860696777e-01
3.875336299668873941e-01
3.875774793388429562e-01
3.874664810231023271e-01
3.875489085667215838e-01
3.875925164473684181e-01
3.876103243021346567e-01
3.876280737704917989e-01
3.875946194762683872e-01
3.877016952614378842e-01
3.877829323001631412e-01
3.878639047231270398e-01
3.878302845528455167e-01
3.877714082792207972e-01
3.877380470016207337e-01
3.877300768608414328e-01
3.877095113085621825e-01
3.877772177419354649e-01
3.877818035426731091e-01
3.877863745980707488e-01
3.878160112359550493e-01
3.878705929487179516e-01
3.879874999999999852e-01
3.879917132587859530e-01
3.878713118022328321e-01
3.879130175159235527e-01
3.878552265500794793e-01
3.877604166666666630e-01
3.877773375594295024e-01
3.877076740506328889e-01
3.876629146919431390e-01
3.875566837539431986e-01
3.876599409448818756e-01
3.876400353773584717e-01
3.876692503924646926e-01
3.877718456112852485e-01
3.878252151799687075e-01
3.880615234375000000e-01
3.880289586583463568e-01
3.880938473520249010e-01
3.880005832037324853e-01
3.879682647515527716e-01
3.879966085271318033e-01
3.879281153250773717e-01
3.878960587326120701e-01
3.879002700617283916e-01
3.879044684129430154e-01
3.878605769230769051e-01
3.877928187403993920e-01
3.877851802147239124e-01
3.876818529862174345e-01
3.876266246177370034e-01
3.876312022900763599e-01
3.877667682926829174e-01
3.876046423135464103e-01
3.875973594224924046e-01
3.875900986342943888e-01
3.877130681818181657e-01
3.877174735249621640e-01
3.877572696374622097e-01
3.877262443438914130e-01
3.876953125000000000e-01
3.876997180451127734e-01
3.877393018018018278e-01
3.878256184407796181e-01
3.879935441616766401e-01
3.881259342301943138e-01
3.881413246268656803e-01
3.882381706408346012e-01
3.882533482142856984e-01
3.882568722139673190e-01
3.882256120178041447e-01
3.882175925925925863e-01
3.882211538461538547e-01
3.881670051698670743e-01
3.882282448377580852e-01
3.881627393225331457e-01
3.882812500000000222e-01
3.881470264317180563e-01
3.881735703812316807e-01
3.881885980966325311e-01
3.881578947368420907e-01
3.881729014598540028e-01
3.881764759475218596e-01
3.881572962154293815e-01
3.881268168604651292e-01
3.880850870827285970e-01
3.880887681159420066e-01
3.881037445730824986e-01
3.880509393063583667e-01
3.880659271284271350e-01
3.879908141210374750e-01
3.880732913669064921e-01
3.881555316091954144e-01
3.881927008608321295e-01
3.882073782234957138e-01
3.882555436337625232e-01
3.882031249999999822e-01
3.882288694721826028e-01
3.883769586894587067e-01
3.883579302987197890e-01
3.884055397727272929e-01
3.884530141843971496e-01
3.885556834277620331e-01
3.886580622347949321e-01
3.886939442090395214e-01
3.886085155148095716e-01
3.887213908450704025e-01
3.887790084388185741e-01
3.888803546348314488e-01
3.889814165497896270e-01
3.888633578431372473e-01
3.888986013986013845e-01
3.890646822625698498e-01
3.890232740585773952e-01
3.891016713091922097e-01
3.891363873435326748e-01
3.891710069444444531e-01
3.892488730929264951e-01
3.892399584487534758e-01
3.892742911479944445e-01
3.893085290055248726e-01
3.893211206896551868e-01
3.893767217630854094e-01
3.894106774415405647e-01
3.894016140109889945e-01
3.893282750342935694e-01
3.893942636986301165e-01
3.893745725034199467e-01
3.894509904371584730e-01
3.894952251023192091e-01
3.894435456403269602e-01
3.895089285714285476e-01
3.896908967391304324e-01
3.896391621438263231e-01
3.896299119241192210e-01
3.897052604871447667e-01
3.895798141891891886e-01
3.896128542510121640e-01
3.896773921832883958e-01
3.896891823687752554e-01
3.896694388440860024e-01
3.896707214765100513e-01
3.897243632707774741e-01
3.897778614457831359e-01
3.898521056149732433e-01
3.898218457943924964e-01
3.898020833333333268e-01
3.898239846870839020e-01
3.898250498670212671e-01
3.897742363877821914e-01
3.897235576923077094e-01
3.897040562913907102e-01
3.897259424603174427e-01
3.896652080581241573e-01
3.896767810026385281e-01
3.897192028985507206e-01
3.896484375000000000e-01
3.896189224704336151e-01
3.895484744094488416e-01
3.895601245085190123e-01
3.895615183246073365e-01
3.895526960784313486e-01
3.896050913838119967e-01
3.897082790091264681e-01
3.896625738787218851e-01
