7.679672718048095703e+00
7.521561622619628906e+00
7.288407802581787109e+00
6.746383190155029297e+00
7.829305648803710938e+00
7.445775985717773438e+00
8.053810119628906250e+00
7.280318260192871094e+00
7.835207462310791016e+00
7.661463260650634766e+00
7.268302917480468750e+00
7.474576950073242188e+00
7.012748718261718750e+00
7.008730888366699219e+00
7.947935104370117188e+00
7.551610469818115234e+00
7.838201522827148438e+00
7.634235382080078125e+00
7.014212608337402344e+00
7.741431713104248047e+00
6.970360279083251953e+00
7.801912307739257812e+00
7.479316711425781250e+00
7.299342155456542969e+00
7.353458404541015625e+00
7.303341865539550781e+00
7.744890689849853516e+00
6.795214176177978516e+00
7.486101627349853516e+00
6.943529129028320312e+00
7.795119762420654297e+00
7.673104286193847656e+00
6.952259063720703125e+00
8.113677978515625000e+00
7.706774711608886719e+00
6.845637321472167969e+00
7.031568527221679688e+00
6.747953891754150391e+00
6.904951572418212891e+00
7.414996623992919922e+00
7.092441558837890625e+00
7.649406433105468750e+00
7.465772628784179688e+00
6.730924606323242188e+00
6.824363708496093750e+00
8.716725349426269531e+00
6.696983337402343750e+00
6.903030872344970703e+00
7.857834339141845703e+00
7.103168487548828125e+00
7.297646045684814453e+00
8.441604614257812500e+00
8.167671203613281250e+00
7.425701141357421875e+00
7.764735221862792969e+00
7.782524108886718750e+00
7.875738143920898438e+00
7.903838157653808594e+00
7.490258216857910156e+00
7.399767875671386719e+00
8.160415649414062500e+00
7.521528244018554688e+00
7.827584743499755859e+00
7.561277866363525391e+00
7.327157020568847656e+00
7.599637985229492188e+00
7.653026580810546875e+00
8.682223320007324219e+00
7.613373756408691406e+00
7.422564029693603516e+00
7.448768615722656250e+00
8.004043579101562500e+00
7.185464382171630859e+00
7.425242424011230469e+00
7.385683059692382812e+00
7.149138927459716797e+00
6.833363533020019531e+00
7.489356517791748047e+00
7.225270271301269531e+00
7.646974563598632812e+00
7.741483688354492188e+00
7.693861007690429688e+00
7.550555706024169922e+00
7.688963890075683594e+00
7.223175048828125000e+00
7.865203857421875000e+00
7.665959358215332031e+00
7.514760971069335938e+00
8.380166053771972656e+00
7.122379302978515625e+00
7.529747009277343750e+00
7.565623283386230469e+00
7.650207519531250000e+00
7.173754692077636719e+00
7.304899215698242188e+00
7.317516326904296875e+00
6.770087718963623047e+00
7.466297626495361328e+00
7.267599105834960938e+00
7.120041847229003906e+00
7.294619560241699219e+00
6.974469184875488281e+00
6.832016944885253906e+00
7.201979160308837891e+00
6.720538139343261719e+00
7.275353908538818359e+00
6.566483974456787109e+00
6.274226188659667969e+00
6.801052093505859375e+00
6.783044338226318359e+00
6.975412845611572266e+00
6.382765769958496094e+00
7.618331432342529297e+00
6.595046043395996094e+00
6.323620796203613281e+00
6.440447330474853516e+00
6.473873138427734375e+00
7.051037788391113281e+00
7.125142574310302734e+00
6.879448890686035156e+00
7.577766895294189453e+00
7.309822082519531250e+00
6.737600326538085938e+00
6.394979476928710938e+00
7.734978675842285156e+00
7.078577041625976562e+00
6.299787521362304688e+00
6.492710590362548828e+00
6.768353462219238281e+00
6.482862949371337891e+00
6.629435539245605469e+00
6.119687080383300781e+00
6.784177780151367188e+00
6.095746994018554688e+00
6.450184345245361328e+00
6.332851886749267578e+00
6.222624301910400391e+00
6.656161308288574219e+00
6.033366680145263672e+00
6.559644699096679688e+00
6.532370090484619141e+00
6.705000877380371094e+00
6.411974906921386719e+00
6.634063720703125000e+00
7.399171352386474609e+00
7.146084785461425781e+00
7.312618255615234375e+00
6.054390430450439453e+00
6.948872089385986328e+00
6.387334346771240234e+00
8.530239105224609375e+00
7.550259590148925781e+00
7.458384513854980469e+00
7.442523956298828125e+00
8.193567276000976562e+00
7.851587772369384766e+00
7.298567771911621094e+00
7.837073326110839844e+00
7.330221652984619141e+00
7.750181198120117188e+00
7.985146045684814453e+00
7.463367462158203125e+00
7.118740081787109375e+00
7.206159591674804688e+00
8.141664505004882812e+00
6.365594863891601562e+00
7.119648933410644531e+00
7.690466880798339844e+00
7.119626045227050781e+00
7.622011661529541016e+00
7.172947883605957031e+00
7.379725456237792969e+00
7.463809013366699219e+00
6.747518062591552734e+00
7.046295166015625000e+00
7.058558464050292969e+00
7.242093086242675781e+00
7.078961372375488281e+00
7.228003025054931641e+00
7.172431468963623047e+00
6.963009834289550781e+00
8.136447906494140625e+00
6.087954998016357422e+00
8.206591606140136719e+00
7.063622474670410156e+00
7.159595489501953125e+00
6.660915851593017578e+00
6.279722213745117188e+00
6.788105964660644531e+00
8.042211532592773438e+00
7.116000175476074219e+00
9.086212158203125000e+00
7.449105262756347656e+00
6.944136619567871094e+00
6.827637195587158203e+00
6.465073585510253906e+00
6.635591030120849609e+00
7.197638511657714844e+00
7.081264019012451172e+00
6.756688594818115234e+00
8.554555892944335938e+00
8.519152641296386719e+00
7.861839294433593750e+00
7.931982517242431641e+00
8.036905288696289062e+00
7.854542732238769531e+00
7.573787212371826172e+00
7.494626045227050781e+00
7.578189849853515625e+00
7.747371196746826172e+00
6.987365245819091797e+00
7.250400543212890625e+00
9.481571197509765625e+00
7.315241813659667969e+00
6.474745273590087891e+00
7.358801841735839844e+00
8.045920372009277344e+00
7.102675437927246094e+00
7.349863052368164062e+00
7.399588584899902344e+00
8.134529113769531250e+00
7.771641731262207031e+00
7.217445373535156250e+00
6.866727828979492188e+00
6.916206359863281250e+00
6.743484497070312500e+00
6.829183578491210938e+00
7.325568675994873047e+00
6.986101627349853516e+00
6.832862377166748047e+00
6.588644027709960938e+00
7.219166278839111328e+00
6.689648628234863281e+00
7.376243114471435547e+00
7.121066093444824219e+00
7.341573715209960938e+00
6.952680587768554688e+00
7.318034172058105469e+00
7.618710517883300781e+00
7.249809265136718750e+00
6.773876667022705078e+00
7.945867538452148438e+00
7.700628280639648438e+00
6.924701213836669922e+00
6.955359458923339844e+00
7.138964653015136719e+00
7.282956123352050781e+00
6.709457874298095703e+00
6.678404808044433594e+00
6.663364410400390625e+00
8.986921310424804688e+00
8.156652450561523438e+00
7.492275238037109375e+00
8.274559020996093750e+00
7.762994766235351562e+00
7.544513702392578125e+00
7.657273292541503906e+00
8.042895317077636719e+00
7.432085514068603516e+00
7.959524631500244141e+00
7.514428138732910156e+00
7.941085815429687500e+00
7.329222679138183594e+00
6.763837814331054688e+00
7.106936454772949219e+00
7.229717731475830078e+00
7.079907417297363281e+00
7.577605247497558594e+00
7.354298591613769531e+00
7.271737098693847656e+00
7.490904808044433594e+00
7.354425430297851562e+00
6.822734355926513672e+00
7.764631271362304688e+00
6.853301048278808594e+00
7.427452087402343750e+00
6.958148956298828125e+00
7.099066257476806641e+00
7.234857559204101562e+00
6.828239440917968750e+00
6.813568115234375000e+00
6.880885124206542969e+00
6.667001724243164062e+00
7.147777080535888672e+00
7.195119857788085938e+00
9.309386253356933594e+00
6.362178802490234375e+00
7.503166198730468750e+00
7.199699401855468750e+00
6.894207954406738281e+00
7.072223663330078125e+00
6.422844886779785156e+00
6.965651988983154297e+00
7.667154312133789062e+00
7.223562240600585938e+00
6.720946788787841797e+00
7.834603309631347656e+00
7.025665760040283203e+00
6.604923725128173828e+00
7.884001255035400391e+00
8.480060577392578125e+00
9.026159286499023438e+00
8.486822128295898438e+00
8.231298446655273438e+00
7.304336547851562500e+00
7.926330089569091797e+00
7.784348487854003906e+00
8.041168212890625000e+00
7.732923507690429688e+00
7.195476055145263672e+00
7.704554080963134766e+00
1.163949108123779297e+01
7.542850494384765625e+00
7.473429679870605469e+00
7.313464164733886719e+00
7.426113128662109375e+00
7.640723705291748047e+00
7.716800212860107422e+00
7.789866447448730469e+00
7.586710929870605469e+00
7.339336395263671875e+00
7.651117801666259766e+00
7.635778903961181641e+00
7.313762664794921875e+00
7.447116374969482422e+00
7.163234710693359375e+00
8.108933448791503906e+00
7.394043445587158203e+00
7.003424644470214844e+00
6.863312244415283203e+00
7.484379768371582031e+00
7.444047451019287109e+00
7.341058731079101562e+00
7.603035926818847656e+00
7.365304470062255859e+00
6.565116405487060547e+00
7.450965881347656250e+00
7.004760742187500000e+00
7.656531810760498047e+00
7.364577293395996094e+00
6.984846115112304688e+00
7.291007995605468750e+00
7.483519554138183594e+00
7.537984848022460938e+00
7.181291580200195312e+00
7.690855979919433594e+00
7.447519302368164062e+00
6.891384124755859375e+00
7.383595943450927734e+00
6.327697753906250000e+00
9.048853874206542969e+00
9.080724716186523438e+00
7.896638870239257812e+00
8.466819763183593750e+00
8.219620704650878906e+00
8.798403739929199219e+00
8.111770629882812500e+00
8.182045936584472656e+00
8.119038581848144531e+00
8.021253585815429688e+00
8.082021713256835938e+00
7.940743446350097656e+00
8.072429656982421875e+00
7.822776317596435547e+00
7.557687282562255859e+00
8.124680519104003906e+00
7.509218692779541016e+00
7.746096611022949219e+00
8.095890998840332031e+00
8.073524475097656250e+00
7.572916984558105469e+00
8.116603851318359375e+00
7.798112392425537109e+00
7.975613594055175781e+00
7.793388366699218750e+00
7.836377143859863281e+00
7.018500804901123047e+00
7.743913650512695312e+00
7.622935771942138672e+00
8.115547180175781250e+00
7.203420639038085938e+00
9.252759933471679688e+00
8.092536926269531250e+00
7.599434375762939453e+00
7.528260707855224609e+00
7.649725437164306641e+00
7.628079414367675781e+00
7.468254089355468750e+00
7.026839733123779297e+00
8.072147369384765625e+00
7.578505516052246094e+00
7.222693443298339844e+00
7.659251213073730469e+00
7.157240390777587891e+00
7.388779640197753906e+00
8.022892951965332031e+00
8.191071510314941406e+00
7.535011291503906250e+00
7.538235664367675781e+00
7.642682075500488281e+00
9.199266433715820312e+00
9.614164352416992188e+00
8.687393188476562500e+00
9.099046707153320312e+00
8.627075195312500000e+00
8.420299530029296875e+00
8.704423904418945312e+00
8.089429855346679688e+00
7.827520847320556641e+00
8.028058052062988281e+00
7.918848037719726562e+00
8.216236114501953125e+00
7.894012928009033203e+00
7.769929885864257812e+00
7.987088203430175781e+00
7.780645370483398438e+00
8.586778640747070312e+00
7.652339458465576172e+00
7.767751216888427734e+00
7.852464675903320312e+00
7.774038314819335938e+00
7.871901512145996094e+00
8.072526931762695312e+00
7.602551460266113281e+00
7.892006397247314453e+00
8.135562896728515625e+00
7.872064590454101562e+00
7.579973697662353516e+00
7.652991294860839844e+00
8.063275337219238281e+00
8.119235038757324219e+00
7.784420967102050781e+00
7.758238792419433594e+00
7.775334358215332031e+00
8.062104225158691406e+00
7.857374668121337891e+00
7.740973472595214844e+00
7.926561355590820312e+00
7.852852821350097656e+00
7.453215122222900391e+00
7.785538196563720703e+00
7.684349060058593750e+00
7.506456375122070312e+00
7.639583110809326172e+00
7.827564239501953125e+00
7.465726852416992188e+00
7.988824844360351562e+00
8.132947921752929688e+00
8.280426025390625000e+00
7.876220703125000000e+00
8.959785461425781250e+00
8.756055831909179688e+00
8.815481185913085938e+00
8.719315528869628906e+00
8.197828292846679688e+00
8.766788482666015625e+00
8.134178161621093750e+00
8.224136352539062500e+00
7.874043941497802734e+00
8.466794967651367188e+00
8.328498840332031250e+00
8.383277893066406250e+00
8.254582405090332031e+00
8.122766494750976562e+00
7.805792808532714844e+00
8.098718643188476562e+00
7.936077117919921875e+00
8.164655685424804688e+00
8.003009796142578125e+00
7.990868568420410156e+00
7.442796230316162109e+00
8.175312042236328125e+00
8.409303665161132812e+00
7.879381656646728516e+00
7.601597785949707031e+00
7.813570022583007812e+00
8.174528121948242188e+00
7.599995613098144531e+00
8.526432991027832031e+00
8.062183380126953125e+00
8.171115875244140625e+00
8.299654006958007812e+00
7.958097457885742188e+00
7.747048377990722656e+00
8.074674606323242188e+00
8.081637382507324219e+00
8.158168792724609375e+00
8.043429374694824219e+00
8.157492637634277344e+00
8.072750091552734375e+00
7.798529148101806641e+00
7.301544666290283203e+00
8.126266479492187500e+00
8.017845153808593750e+00
7.692336559295654297e+00
7.919541835784912109e+00
8.051156997680664062e+00
7.798760414123535156e+00
7.479118347167968750e+00
7.482180118560791016e+00
8.930156707763671875e+00
8.652315139770507812e+00
8.385417938232421875e+00
8.258150100708007812e+00
7.983262062072753906e+00
8.180854797363281250e+00
8.752027511596679688e+00
8.803317070007324219e+00
8.188604354858398438e+00
8.107112884521484375e+00
8.016374588012695312e+00
8.113376617431640625e+00
7.968193054199218750e+00
7.993436336517333984e+00
7.915982246398925781e+00
7.559762001037597656e+00
7.680364608764648438e+00
8.229100227355957031e+00
7.814742088317871094e+00
7.778223514556884766e+00
8.323670387268066406e+00
7.858686923980712891e+00
7.384459018707275391e+00
7.696431159973144531e+00
7.640189170837402344e+00
8.270238876342773438e+00
7.745830535888671875e+00
7.476759910583496094e+00
7.761478424072265625e+00
7.799478530883789062e+00
8.227447509765625000e+00
7.475858211517333984e+00
7.580690860748291016e+00
7.596728324890136719e+00
7.986045837402343750e+00
7.668034553527832031e+00
7.979260444641113281e+00
7.514164447784423828e+00
8.001993179321289062e+00
7.728464126586914062e+00
7.815854549407958984e+00
7.934792995452880859e+00
7.715517044067382812e+00
7.523665428161621094e+00
7.627943038940429688e+00
7.893783569335937500e+00
7.742931842803955078e+00
7.593358039855957031e+00
7.616868972778320312e+00
7.668937683105468750e+00
8.509063720703125000e+00
8.518032073974609375e+00
8.627921104431152344e+00
8.563597679138183594e+00
7.967436790466308594e+00
8.252384185791015625e+00
7.967789173126220703e+00
7.858311176300048828e+00
7.674158573150634766e+00
7.743542194366455078e+00
7.679506778717041016e+00
7.526310920715332031e+00
7.589947223663330078e+00
8.214962005615234375e+00
7.738768577575683594e+00
7.406100273132324219e+00
7.913759708404541016e+00
7.788241863250732422e+00
8.066209793090820312e+00
7.877778053283691406e+00
7.937285423278808594e+00
7.801452636718750000e+00
8.747165679931640625e+00
7.574565887451171875e+00
7.941490173339843750e+00
7.867047786712646484e+00
7.277303218841552734e+00
7.449280738830566406e+00
7.675911903381347656e+00
7.919595718383789062e+00
7.294633865356445312e+00
7.629870414733886719e+00
7.783720016479492188e+00
7.668428421020507812e+00
7.644391059875488281e+00
7.321575164794921875e+00
7.324298858642578125e+00
8.307798385620117188e+00
7.180856704711914062e+00
7.498818397521972656e+00
7.376962661743164062e+00
7.422545433044433594e+00
7.440519332885742188e+00
7.093821525573730469e+00
7.507435798645019531e+00
7.693258285522460938e+00
7.361380100250244141e+00
7.845615386962890625e+00
7.547018051147460938e+00
7.586289882659912109e+00
7.555931091308593750e+00
8.132970809936523438e+00
7.513639450073242188e+00
7.669288635253906250e+00
7.408415794372558594e+00
7.546890258789062500e+00
7.314624786376953125e+00
7.163383483886718750e+00
7.420467376708984375e+00
7.514941215515136719e+00
7.372972011566162109e+00
7.270346641540527344e+00
7.326632022857666016e+00
7.451953887939453125e+00
7.148881912231445312e+00
7.093213081359863281e+00
7.242247581481933594e+00
7.545458793640136719e+00
7.183797836303710938e+00
7.080943584442138672e+00
7.493709564208984375e+00
6.843307495117187500e+00
7.080247879028320312e+00
6.479207992553710938e+00
6.687915802001953125e+00
6.853758335113525391e+00
6.800521850585937500e+00
7.177235126495361328e+00
6.908232688903808594e+00
6.894234657287597656e+00
7.069394111633300781e+00
6.770040988922119141e+00
9.217822074890136719e+00
7.193708419799804688e+00
6.653523445129394531e+00
7.142891883850097656e+00
6.969943046569824219e+00
6.800257682800292969e+00
7.023815631866455078e+00
7.179302692413330078e+00
7.697642803192138672e+00
6.936825275421142578e+00
6.854161739349365234e+00
6.464727401733398438e+00
7.102407932281494141e+00
7.092503547668457031e+00
7.308192729949951172e+00
6.851331710815429688e+00
7.045505523681640625e+00
7.108383178710937500e+00
7.713893890380859375e+00
7.988942146301269531e+00
7.963333129882812500e+00
7.090875625610351562e+00
7.819221973419189453e+00
7.396259784698486328e+00
7.339961051940917969e+00
7.382110595703125000e+00
7.376699447631835938e+00
7.544137001037597656e+00
7.275969028472900391e+00
7.417236328125000000e+00
7.444574356079101562e+00
7.950941085815429688e+00
7.330073356628417969e+00
7.560718059539794922e+00
6.949405193328857422e+00
7.229022502899169922e+00
7.020895004272460938e+00
7.626669883728027344e+00
7.568499565124511719e+00
7.629944324493408203e+00
7.182952880859375000e+00
7.160964488983154297e+00
7.106255054473876953e+00
7.546177864074707031e+00
7.236824035644531250e+00
7.120119094848632812e+00
7.531799316406250000e+00
7.252407550811767578e+00
7.538279056549072266e+00
7.855984687805175781e+00
7.058233737945556641e+00
7.163590908050537109e+00
6.802878379821777344e+00
7.097847938537597656e+00
7.196689128875732422e+00
7.086526393890380859e+00
7.154706001281738281e+00
7.194328308105468750e+00
7.009046554565429688e+00
7.292209148406982422e+00
7.322563171386718750e+00
7.041814804077148438e+00
7.244976997375488281e+00
7.486448287963867188e+00
7.404321193695068359e+00
7.071287155151367188e+00
7.164696693420410156e+00
7.411202430725097656e+00
8.562572479248046875e+00
8.747109413146972656e+00
8.337444305419921875e+00
7.920264244079589844e+00
8.626345634460449219e+00
8.238232612609863281e+00
8.112401962280273438e+00
8.285194396972656250e+00
8.286554336547851562e+00
7.976523399353027344e+00
8.146957397460937500e+00
8.107214927673339844e+00
7.746234893798828125e+00
8.056001663208007812e+00
8.011432647705078125e+00
7.808820724487304688e+00
7.901094913482666016e+00
7.788159370422363281e+00
7.911469459533691406e+00
8.273229598999023438e+00
7.616837501525878906e+00
7.735505104064941406e+00
8.062470436096191406e+00
7.759674549102783203e+00
8.044549942016601562e+00
7.880666732788085938e+00
8.019766807556152344e+00
7.862064361572265625e+00
7.979509353637695312e+00
7.741519927978515625e+00
7.522997856140136719e+00
7.942923545837402344e+00
8.594280242919921875e+00
7.526259422302246094e+00
7.945655822753906250e+00
7.810507297515869141e+00
7.692728996276855469e+00
7.676643848419189453e+00
7.550048828125000000e+00
7.743515014648437500e+00
7.890082359313964844e+00
8.129480361938476562e+00
8.029559135437011719e+00
7.659382343292236328e+00
7.427255630493164062e+00
7.918021678924560547e+00
7.584184646606445312e+00
8.059698104858398438e+00
7.674327850341796875e+00
8.134387969970703125e+00
8.490877151489257812e+00
8.278631210327148438e+00
7.923770427703857422e+00
7.932564735412597656e+00
8.271843910217285156e+00
7.959138870239257812e+00
8.031076431274414062e+00
8.178558349609375000e+00
7.722152709960937500e+00
1.245882892608642578e+01
7.595525741577148438e+00
7.842162132263183594e+00
8.526824951171875000e+00
7.588148117065429688e+00
7.777759552001953125e+00
7.876094341278076172e+00
7.532290935516357422e+00
7.821378231048583984e+00
7.733598709106445312e+00
7.995467185974121094e+00
8.306657791137695312e+00
7.615002632141113281e+00
7.689709186553955078e+00
7.889526367187500000e+00
7.697319984436035156e+00
7.416927337646484375e+00
7.826972007751464844e+00
7.809985160827636719e+00
7.587410449981689453e+00
7.544798851013183594e+00
7.749583244323730469e+00
7.433152198791503906e+00
7.700836181640625000e+00
7.735368251800537109e+00
8.313568115234375000e+00
7.507867813110351562e+00
7.450922012329101562e+00
7.354950904846191406e+00
7.463708877563476562e+00
7.630443096160888672e+00
7.546646118164062500e+00
7.962061882019042969e+00
8.057474136352539062e+00
7.514745712280273438e+00
7.609888076782226562e+00
7.433325767517089844e+00
1.185813140869140625e+01
7.543829917907714844e+00
7.515686035156250000e+00
7.446894645690917969e+00
7.676842689514160156e+00
7.651099205017089844e+00
7.494706153869628906e+00
7.197196006774902344e+00
7.597079277038574219e+00
7.323317527770996094e+00
7.510361671447753906e+00
7.465660095214843750e+00
7.369989871978759766e+00
7.531565666198730469e+00
7.796657562255859375e+00
7.217368125915527344e+00
7.353623390197753906e+00
7.469125747680664062e+00
6.988108634948730469e+00
7.491290092468261719e+00
8.401601791381835938e+00
7.407977104187011719e+00
8.144107818603515625e+00
8.016755104064941406e+00
7.748245239257812500e+00
7.675824165344238281e+00
8.588368415832519531e+00
7.650855064392089844e+00
7.525844573974609375e+00
7.434817314147949219e+00
7.721167087554931641e+00
7.235014438629150391e+00
7.681714057922363281e+00
7.970490455627441406e+00
7.081823825836181641e+00
7.117821216583251953e+00
7.193750381469726562e+00
7.245661258697509766e+00
7.276077270507812500e+00
8.314328193664550781e+00
7.234248638153076172e+00
6.859539031982421875e+00
7.093822002410888672e+00
7.390656948089599609e+00
7.114233016967773438e+00
7.176149845123291016e+00
7.056049346923828125e+00
6.879030227661132812e+00
7.385975360870361328e+00
7.176560878753662109e+00
7.753612518310546875e+00
7.655917167663574219e+00
7.869266986846923828e+00
7.329823493957519531e+00
7.154462814331054688e+00
7.262043952941894531e+00
7.262197494506835938e+00
7.121372222900390625e+00
7.007232189178466797e+00
7.593023300170898438e+00
7.166498184204101562e+00
7.466780662536621094e+00
7.120568275451660156e+00
7.144328117370605469e+00
7.657815933227539062e+00
7.169836044311523438e+00
7.403980255126953125e+00
7.263825893402099609e+00
7.302738189697265625e+00
7.339610099792480469e+00
6.995278358459472656e+00
7.395133495330810547e+00
7.230066299438476562e+00
7.353625297546386719e+00
7.814926147460937500e+00
7.299778461456298828e+00
7.073546409606933594e+00
6.888253211975097656e+00
6.562851905822753906e+00
6.909882545471191406e+00
6.869031906127929688e+00
6.900293827056884766e+00
6.535336971282958984e+00
6.944967746734619141e+00
6.719229698181152344e+00
6.416206359863281250e+00
6.756996154785156250e+00
6.795479774475097656e+00
6.719995975494384766e+00
6.585340023040771484e+00
7.098824501037597656e+00
6.413041114807128906e+00
6.688505172729492188e+00
6.926145553588867188e+00
7.052200317382812500e+00
6.493377208709716797e+00
6.846061706542968750e+00
7.144401550292968750e+00
6.609349250793457031e+00
6.932986736297607422e+00
6.996221542358398438e+00
6.270421981811523438e+00
6.767230510711669922e+00
6.178231716156005859e+00
6.823851108551025391e+00
6.408765316009521484e+00
6.454298019409179688e+00
6.920625686645507812e+00
6.516709804534912109e+00
6.806191444396972656e+00
7.013790130615234375e+00
6.295644283294677734e+00
6.856781005859375000e+00
6.832106113433837891e+00
6.536361694335937500e+00
7.554599285125732422e+00
7.065804004669189453e+00
6.545875549316406250e+00
6.826839923858642578e+00
6.607995986938476562e+00
6.603957653045654297e+00
6.550466537475585938e+00
8.619760513305664062e+00
8.041124343872070312e+00
8.067368507385253906e+00
7.902022361755371094e+00
1.832099533081054688e+01
8.095867156982421875e+00
7.883482933044433594e+00
7.971654415130615234e+00
7.448182106018066406e+00
8.197420120239257812e+00
7.909590721130371094e+00
7.975768089294433594e+00
7.613392829895019531e+00
7.722468376159667969e+00
7.921322345733642578e+00
7.174760341644287109e+00
7.249701976776123047e+00
7.765900135040283203e+00
7.391089439392089844e+00
7.647044658660888672e+00
7.315251827239990234e+00
7.604717254638671875e+00
7.965441226959228516e+00
7.134717941284179688e+00
7.329100131988525391e+00
7.568034648895263672e+00
7.424671649932861328e+00
7.339377403259277344e+00
7.704601287841796875e+00
7.746517181396484375e+00
7.953700542449951172e+00
7.604744434356689453e+00
7.540586471557617188e+00
7.740409374237060547e+00
7.468892097473144531e+00
7.413987159729003906e+00
7.465148448944091797e+00
7.327138900756835938e+00
7.225545883178710938e+00
8.326522827148437500e+00
7.495347023010253906e+00
8.269407272338867188e+00
7.340744972229003906e+00
7.282749652862548828e+00
7.691063404083251953e+00
7.253055572509765625e+00
7.431910514831542969e+00
7.927358150482177734e+00
7.340933322906494141e+00
7.384004592895507812e+00
6.531200408935546875e+00
6.790821075439453125e+00
6.302531719207763672e+00
7.194178581237792969e+00
6.483030319213867188e+00
6.581388473510742188e+00
6.185819625854492188e+00
6.167386531829833984e+00
6.533813476562500000e+00
6.271916866302490234e+00
5.630821228027343750e+00
6.161231040954589844e+00
6.390984535217285156e+00
5.950491905212402344e+00
6.044552803039550781e+00
6.298376083374023438e+00
6.587500572204589844e+00
6.149612426757812500e+00
5.819896221160888672e+00
5.749255180358886719e+00
6.778376579284667969e+00
6.526154518127441406e+00
6.239526748657226562e+00
6.114972114562988281e+00
6.340748786926269531e+00
5.897334098815917969e+00
5.948920726776123047e+00
6.398913860321044922e+00
5.894388198852539062e+00
6.072443485260009766e+00
5.870902061462402344e+00
6.015086174011230469e+00
6.466801643371582031e+00
6.643182754516601562e+00
6.464776992797851562e+00
6.414619922637939453e+00
6.086591720581054688e+00
6.315961837768554688e+00
6.130906581878662109e+00
6.050921440124511719e+00
6.303791999816894531e+00
6.512177467346191406e+00
6.418166160583496094e+00
6.205675125122070312e+00
5.946854114532470703e+00
6.448000907897949219e+00
6.277783393859863281e+00
6.262284278869628906e+00
5.611220836639404297e+00
6.133442401885986328e+00
7.570707321166992188e+00
7.803329944610595703e+00
7.950005531311035156e+00
7.808417797088623047e+00
8.696035385131835938e+00
7.503184795379638672e+00
6.904237270355224609e+00
7.787983894348144531e+00
7.384369850158691406e+00
7.371631622314453125e+00
7.243612289428710938e+00
7.407417297363281250e+00
7.589618206024169922e+00
6.869895458221435547e+00
7.211754798889160156e+00
7.100987434387207031e+00
6.937858581542968750e+00
7.141860485076904297e+00
7.154206275939941406e+00
6.894898891448974609e+00
7.097724914550781250e+00
7.003549575805664062e+00
6.849987983703613281e+00
8.258117675781250000e+00
7.861314773559570312e+00
7.351037502288818359e+00
7.137644290924072266e+00
7.398117065429687500e+00
7.218784332275390625e+00
6.967183113098144531e+00
6.655006408691406250e+00
7.046296119689941406e+00
7.222946166992187500e+00
7.166070938110351562e+00
7.015058994293212891e+00
7.087000846862792969e+00
7.107919692993164062e+00
7.358221530914306641e+00
7.209251403808593750e+00
7.007343769073486328e+00
7.071965217590332031e+00
6.948932647705078125e+00
7.365832328796386719e+00
7.061885356903076172e+00
7.321986198425292969e+00
6.977418899536132812e+00
1.944438362121582031e+01
6.886961460113525391e+00
6.918161869049072266e+00
7.054064750671386719e+00
7.679744720458984375e+00
8.321502685546875000e+00
7.849482059478759766e+00
8.062988281250000000e+00
7.628399848937988281e+00
7.489554405212402344e+00
7.441769599914550781e+00
7.637027740478515625e+00
7.654115676879882812e+00
7.203888893127441406e+00
8.382406234741210938e+00
7.684343338012695312e+00
7.259666919708251953e+00
7.266519546508789062e+00
7.452058792114257812e+00
7.203096389770507812e+00
7.309956550598144531e+00
7.340898990631103516e+00
7.291563034057617188e+00
7.660534858703613281e+00
7.380866050720214844e+00
7.472350597381591797e+00
7.860564231872558594e+00
7.128757476806640625e+00
7.294640064239501953e+00
7.100707054138183594e+00
7.788648605346679688e+00
7.181867599487304688e+00
7.000190734863281250e+00
6.920502662658691406e+00
7.365430831909179688e+00
7.008965492248535156e+00
7.332710266113281250e+00
7.355824470520019531e+00
7.083850860595703125e+00
6.872305393218994141e+00
7.487767219543457031e+00
7.239426612854003906e+00
7.204599857330322266e+00
7.251879692077636719e+00
7.094692230224609375e+00
6.997085571289062500e+00
7.394121170043945312e+00
7.409463882446289062e+00
7.173968315124511719e+00
7.502623558044433594e+00
7.808543682098388672e+00
7.520084381103515625e+00
7.263990879058837891e+00
7.402472019195556641e+00
7.705650329589843750e+00
6.997653484344482422e+00
7.154336929321289062e+00
7.109025955200195312e+00
6.706731796264648438e+00
7.278484821319580078e+00
6.982099056243896484e+00
6.676036834716796875e+00
7.217441558837890625e+00
6.438937187194824219e+00
7.028779506683349609e+00
6.495738983154296875e+00
6.785849094390869141e+00
6.657713890075683594e+00
6.418169498443603516e+00
6.530348777770996094e+00
6.787486076354980469e+00
6.820956230163574219e+00
6.479881286621093750e+00
7.276717185974121094e+00
6.358754158020019531e+00
6.848083496093750000e+00
6.801432132720947266e+00
6.783115386962890625e+00
6.898391246795654297e+00
6.693867683410644531e+00
6.217049598693847656e+00
6.472826957702636719e+00
7.010043144226074219e+00
6.620037078857421875e+00
6.636571884155273438e+00
1.063772964477539062e+01
6.630638122558593750e+00
6.683588504791259766e+00
6.975861549377441406e+00
6.304225921630859375e+00
6.421871185302734375e+00
6.829592704772949219e+00
6.697751045227050781e+00
6.941542625427246094e+00
6.804306983947753906e+00
6.615520477294921875e+00
6.890606880187988281e+00
6.375391960144042969e+00
6.388947486877441406e+00
6.888955593109130859e+00
6.179375648498535156e+00
6.204765319824218750e+00
6.452346801757812500e+00
6.948148250579833984e+00
7.372584342956542969e+00
8.026679039001464844e+00
8.045145034790039062e+00
7.448904991149902344e+00
7.379238128662109375e+00
6.790309906005859375e+00
7.119816780090332031e+00
6.885013580322265625e+00
6.772503376007080078e+00
6.835475921630859375e+00
6.921049594879150391e+00
6.799673080444335938e+00
6.705389976501464844e+00
6.615622520446777344e+00
7.225214958190917969e+00
6.977138519287109375e+00
7.937251091003417969e+00
6.824018955230712891e+00
6.831892967224121094e+00
6.896041393280029297e+00
6.989312171936035156e+00
6.744389533996582031e+00
6.977130889892578125e+00
6.376873493194580078e+00
6.622301101684570312e+00
7.119849681854248047e+00
6.809022903442382812e+00
6.578600883483886719e+00
6.904603958129882812e+00
6.878153800964355469e+00
7.041733741760253906e+00
6.796073436737060547e+00
6.543248176574707031e+00
6.588511466979980469e+00
6.911152362823486328e+00
6.977545261383056641e+00
6.647153854370117188e+00
6.938594818115234375e+00
7.072690963745117188e+00
6.745223522186279297e+00
6.672337532043457031e+00
6.557830333709716797e+00
6.876001834869384766e+00
6.607412338256835938e+00
6.970408439636230469e+00
6.536538124084472656e+00
6.925426483154296875e+00
6.731714248657226562e+00
6.552115440368652344e+00
6.644851207733154297e+00
7.746417045593261719e+00
7.338214874267578125e+00
7.260838031768798828e+00
7.179292678833007812e+00
7.166975975036621094e+00
7.545194625854492188e+00
7.355851650238037109e+00
7.163375854492187500e+00
7.047799110412597656e+00
6.928405284881591797e+00
7.582078933715820312e+00
7.386735916137695312e+00
7.034830570220947266e+00
6.907482147216796875e+00
6.632381439208984375e+00
7.018186569213867188e+00
6.960359096527099609e+00
6.995911598205566406e+00
6.843791961669921875e+00
6.955810546875000000e+00
6.930905342102050781e+00
6.809278488159179688e+00
6.820347785949707031e+00
7.011835575103759766e+00
6.646772384643554688e+00
6.671758174896240234e+00
7.084033966064453125e+00
6.795797348022460938e+00
7.244744300842285156e+00
6.824034690856933594e+00
6.873987674713134766e+00
7.388817787170410156e+00
7.171487808227539062e+00
6.680878639221191406e+00
7.024385452270507812e+00
6.771118164062500000e+00
6.897459506988525391e+00
7.028023242950439453e+00
6.910408973693847656e+00
6.596377372741699219e+00
6.749511718750000000e+00
6.891028404235839844e+00
6.978349685668945312e+00
6.744904041290283203e+00
7.115963459014892578e+00
6.846767425537109375e+00
6.789005279541015625e+00
6.925471305847167969e+00
6.659012794494628906e+00
6.355736732482910156e+00
7.624585628509521484e+00
7.126069068908691406e+00
7.079134941101074219e+00
7.506249427795410156e+00
7.078757286071777344e+00
7.045478343963623047e+00
7.080154418945312500e+00
7.369328022003173828e+00
7.213450431823730469e+00
6.766743659973144531e+00
8.014014244079589844e+00
6.918118953704833984e+00
6.842075347900390625e+00
6.951689720153808594e+00
6.936432361602783203e+00
6.733672618865966797e+00
6.823441982269287109e+00
7.091008186340332031e+00
7.032911777496337891e+00
6.927039623260498047e+00
6.896559715270996094e+00
6.912156105041503906e+00
6.591878890991210938e+00
7.222843170166015625e+00
6.789813041687011719e+00
6.943080902099609375e+00
6.823526382446289062e+00
6.886831760406494141e+00
7.265363216400146484e+00
6.843285560607910156e+00
7.006608009338378906e+00
6.798572063446044922e+00
6.878453254699707031e+00
6.745721817016601562e+00
6.792602539062500000e+00
6.934528350830078125e+00
6.880562782287597656e+00
6.537467956542968750e+00
7.454764842987060547e+00
6.959051132202148438e+00
6.678489208221435547e+00
6.715452194213867188e+00
6.529743194580078125e+00
6.552345275878906250e+00
6.744135856628417969e+00
6.694540977478027344e+00
6.506668090820312500e+00
6.869872093200683594e+00
6.713055610656738281e+00
6.582516670227050781e+00
6.728514671325683594e+00
6.281467914581298828e+00
6.537398815155029297e+00
6.762791633605957031e+00
6.281954765319824219e+00
6.627955436706542969e+00
6.013054370880126953e+00
6.442910194396972656e+00
6.515844345092773438e+00
6.336857318878173828e+00
5.947041034698486328e+00
5.975805759429931641e+00
6.113529205322265625e+00
6.382534027099609375e+00
6.227860927581787109e+00
6.001886367797851562e+00
6.047894954681396484e+00
6.333459377288818359e+00
5.829362869262695312e+00
5.913215637207031250e+00
6.448179244995117188e+00
6.278617858886718750e+00
8.638380050659179688e+00
6.394548416137695312e+00
5.782611846923828125e+00
5.981749534606933594e+00
6.527981281280517578e+00
5.931545257568359375e+00
5.671179294586181641e+00
5.853417396545410156e+00
5.994141101837158203e+00
6.391708374023437500e+00
5.969825744628906250e+00
5.882246017456054688e+00
5.910662174224853516e+00
5.795809745788574219e+00
5.924882411956787109e+00
6.296130180358886719e+00
5.814553260803222656e+00
5.775385379791259766e+00
6.048024177551269531e+00
6.031580448150634766e+00
5.736894130706787109e+00
5.857200622558593750e+00
6.215518951416015625e+00
6.182193279266357422e+00
6.059720516204833984e+00
6.405965805053710938e+00
6.303657531738281250e+00
6.017055511474609375e+00
8.127952575683593750e+00
8.454277992248535156e+00
7.974617958068847656e+00
7.871459960937500000e+00
8.196358680725097656e+00
7.946544170379638672e+00
8.108042716979980469e+00
7.564911842346191406e+00
7.801880836486816406e+00
7.614727020263671875e+00
7.906711578369140625e+00
7.862081527709960938e+00
8.104793548583984375e+00
7.669178009033203125e+00
7.258199691772460938e+00
7.744610786437988281e+00
7.702788352966308594e+00
7.946509838104248047e+00
7.377014160156250000e+00
7.691097736358642578e+00
8.014806747436523438e+00
7.318444728851318359e+00
7.427596092224121094e+00
7.004890441894531250e+00
7.680435180664062500e+00
7.728292465209960938e+00
7.410110950469970703e+00
7.854593753814697266e+00
8.026241302490234375e+00
7.266914844512939453e+00
7.563928127288818359e+00
7.307966232299804688e+00
7.813835144042968750e+00
7.694615364074707031e+00
7.391863822937011719e+00
7.295158386230468750e+00
7.511475563049316406e+00
7.771929740905761719e+00
7.617912292480468750e+00
7.606588363647460938e+00
8.391600608825683594e+00
7.503203868865966797e+00
7.500228404998779297e+00
7.183723449707031250e+00
7.418926239013671875e+00
7.482174873352050781e+00
7.646566390991210938e+00
7.851230621337890625e+00
7.436258316040039062e+00
8.036666870117187500e+00
7.397489547729492188e+00
7.254961013793945312e+00
7.284541606903076172e+00
6.451289176940917969e+00
7.344883918762207031e+00
6.992308139801025391e+00
6.821210861206054688e+00
6.983568191528320312e+00
7.267914772033691406e+00
7.124986171722412109e+00
6.900877952575683594e+00
7.121489524841308594e+00
6.676844120025634766e+00
7.168173313140869141e+00
6.717013359069824219e+00
6.889694213867187500e+00
6.351178646087646484e+00
6.876880645751953125e+00
6.695895195007324219e+00
6.788569450378417969e+00
6.765548706054687500e+00
6.839518070220947266e+00
6.835890769958496094e+00
7.643786907196044922e+00
6.630398750305175781e+00
7.048840999603271484e+00
6.935619354248046875e+00
6.857189178466796875e+00
7.210916519165039062e+00
6.720468521118164062e+00
6.614309310913085938e+00
7.036046504974365234e+00
6.531556129455566406e+00
7.041287422180175781e+00
6.137182235717773438e+00
6.443423271179199219e+00
6.799432754516601562e+00
6.764210700988769531e+00
6.599011898040771484e+00
6.911976814270019531e+00
6.642208099365234375e+00
7.243153572082519531e+00
6.720336914062500000e+00
6.658006668090820312e+00
8.780313491821289062e+00
6.572480201721191406e+00
7.282720088958740234e+00
6.451607704162597656e+00
7.266501426696777344e+00
7.258186340332031250e+00
6.825440406799316406e+00
7.137398242950439453e+00
6.743448734283447266e+00
6.589159965515136719e+00
6.808209419250488281e+00
6.745879173278808594e+00
6.581521034240722656e+00
6.678852081298828125e+00
6.408148765563964844e+00
6.964524745941162109e+00
6.703130722045898438e+00
6.397308826446533203e+00
6.257572174072265625e+00
6.238908767700195312e+00
6.150693893432617188e+00
6.562171936035156250e+00
6.169450283050537109e+00
6.152997493743896484e+00
6.268912792205810547e+00
6.658142089843750000e+00
6.330573081970214844e+00
6.210620403289794922e+00
6.687010765075683594e+00
6.701018333435058594e+00
5.854640960693359375e+00
6.376623630523681641e+00
6.296052932739257812e+00
6.650548458099365234e+00
6.067298412322998047e+00
5.952606201171875000e+00
6.275124549865722656e+00
6.159362792968750000e+00
6.393296241760253906e+00
6.488068580627441406e+00
6.221704483032226562e+00
6.321087837219238281e+00
6.255312442779541016e+00
6.256032943725585938e+00
6.266695022583007812e+00
6.424505233764648438e+00
6.053653240203857422e+00
6.229768753051757812e+00
6.564880371093750000e+00
6.385129451751708984e+00
6.496403217315673828e+00
6.280414104461669922e+00
6.148717880249023438e+00
6.264873504638671875e+00
6.205099105834960938e+00
6.630225181579589844e+00
5.767232894897460938e+00
6.027441501617431641e+00
5.810552120208740234e+00
5.803780078887939453e+00
5.701865196228027344e+00
5.810842514038085938e+00
5.709997177124023438e+00
5.500809669494628906e+00
5.464338302612304688e+00
5.290695667266845703e+00
4.982511520385742188e+00
5.793629169464111328e+00
6.226628303527832031e+00
5.100822448730468750e+00
5.140227794647216797e+00
5.371912002563476562e+00
5.584590911865234375e+00
5.855584621429443359e+00
6.708959579467773438e+00
6.758074283599853516e+00
6.613452911376953125e+00
6.249433040618896484e+00
6.417603492736816406e+00
6.406535148620605469e+00
6.923673152923583984e+00
6.254786968231201172e+00
7.147536754608154297e+00
6.334815979003906250e+00
5.787167072296142578e+00
6.147874355316162109e+00
6.630506515502929688e+00
6.030582904815673828e+00
6.480715751647949219e+00
6.413442611694335938e+00
6.513149261474609375e+00
5.900536537170410156e+00
6.479043006896972656e+00
6.028473377227783203e+00
5.914137840270996094e+00
6.526870727539062500e+00
5.992350101470947266e+00
6.179847240447998047e+00
6.332782745361328125e+00
6.415610313415527344e+00
6.487948417663574219e+00
6.231906414031982422e+00
1.388693714141845703e+01
6.526630401611328125e+00
6.401947021484375000e+00
5.999076843261718750e+00
6.599094390869140625e+00
6.467978000640869141e+00
6.208274841308593750e+00
6.412164688110351562e+00
5.857046127319335938e+00
5.846219062805175781e+00
5.541351318359375000e+00
6.310865879058837891e+00
6.283886909484863281e+00
5.932748317718505859e+00
7.277904510498046875e+00
5.955035209655761719e+00
6.075420379638671875e+00
6.552432060241699219e+00
6.015657424926757812e+00
6.632202625274658203e+00
7.948685646057128906e+00
5.790163516998291016e+00
7.656553268432617188e+00
7.625751972198486328e+00
7.433533191680908203e+00
7.495743751525878906e+00
7.758010387420654297e+00
7.224724769592285156e+00
7.629032135009765625e+00
7.247397422790527344e+00
7.095934867858886719e+00
7.261244773864746094e+00
7.284746646881103516e+00
8.040815353393554688e+00
6.909025192260742188e+00
7.035643100738525391e+00
7.087304592132568359e+00
7.321334362030029297e+00
6.782954216003417969e+00
8.835342407226562500e+00
6.996715545654296875e+00
7.010451793670654297e+00
6.715952873229980469e+00
7.216725349426269531e+00
6.599767684936523438e+00
7.007450103759765625e+00
7.117212295532226562e+00
7.049061775207519531e+00
6.971196174621582031e+00
7.284059047698974609e+00
7.552713394165039062e+00
6.968539237976074219e+00
6.834507465362548828e+00
6.851306915283203125e+00
6.963885307312011719e+00
6.798833847045898438e+00
7.335632324218750000e+00
6.981728553771972656e+00
6.610203266143798828e+00
7.091773986816406250e+00
6.939966678619384766e+00
7.080040931701660156e+00
7.170577526092529297e+00
6.807222366333007812e+00
7.232012748718261719e+00
6.885562419891357422e+00
6.971116542816162109e+00
7.156366348266601562e+00
6.940253257751464844e+00
7.093731880187988281e+00
6.603215217590332031e+00
6.914093971252441406e+00
5.978256225585937500e+00
6.569403171539306641e+00
6.435654640197753906e+00
5.994198322296142578e+00
5.876706123352050781e+00
5.922925472259521484e+00
5.552469730377197266e+00
5.839023590087890625e+00
6.163273811340332031e+00
6.147446632385253906e+00
5.914659976959228516e+00
5.869126796722412109e+00
5.984229087829589844e+00
5.464151382446289062e+00
5.504394054412841797e+00
6.091817378997802734e+00
5.541381835937500000e+00
5.506424903869628906e+00
6.478663444519042969e+00
6.260999202728271484e+00
5.665475845336914062e+00
5.932066440582275391e+00
5.845484733581542969e+00
5.749884605407714844e+00
6.070837020874023438e+00
5.738932609558105469e+00
6.107420921325683594e+00
5.900285720825195312e+00
5.747230529785156250e+00
5.595764160156250000e+00
5.972586154937744141e+00
5.626444816589355469e+00
5.964169979095458984e+00
5.359023094177246094e+00
5.578732490539550781e+00
5.648980140686035156e+00
5.655721187591552734e+00
5.591393947601318359e+00
5.664990901947021484e+00
5.545562744140625000e+00
5.308607578277587891e+00
6.218848228454589844e+00
5.766329288482666016e+00
6.385572433471679688e+00
5.650715827941894531e+00
6.194175720214843750e+00
5.995804786682128906e+00
5.653697490692138672e+00
6.027896404266357422e+00
5.748311519622802734e+00
7.468762397766113281e+00
6.660342216491699219e+00
6.809360980987548828e+00
7.020971298217773438e+00
1.513613510131835938e+01
7.066638469696044922e+00
7.043535232543945312e+00
7.005884647369384766e+00
6.643872261047363281e+00
7.282295227050781250e+00
6.887076377868652344e+00
6.663223266601562500e+00
7.253099441528320312e+00
6.884505271911621094e+00
7.106042861938476562e+00
6.624906539916992188e+00
7.079467296600341797e+00
6.849335193634033203e+00
6.497704982757568359e+00
7.354984283447265625e+00
6.681644916534423828e+00
6.984551429748535156e+00
6.678376197814941406e+00
6.837170600891113281e+00
6.743792533874511719e+00
6.666821479797363281e+00
6.572650909423828125e+00
6.630601882934570312e+00
6.905466079711914062e+00
6.953944206237792969e+00
7.319565773010253906e+00
6.860903263092041016e+00
6.789032936096191406e+00
6.907207489013671875e+00
6.720015048980712891e+00
6.826353073120117188e+00
6.654633522033691406e+00
6.780750751495361328e+00
6.487407684326171875e+00
7.684282779693603516e+00
7.014474868774414062e+00
7.007182121276855469e+00
6.612083911895751953e+00
7.157441139221191406e+00
6.968590259552001953e+00
6.519029617309570312e+00
6.902561187744140625e+00
6.951938629150390625e+00
6.773784637451171875e+00
6.743947029113769531e+00
6.348032951354980469e+00
6.471512317657470703e+00
6.381598472595214844e+00
6.571998119354248047e+00
6.664169311523437500e+00
6.440085411071777344e+00
5.727170944213867188e+00
5.999783515930175781e+00
6.225297451019287109e+00
5.885347366333007812e+00
5.932124137878417969e+00
5.816160202026367188e+00
5.670512199401855469e+00
5.748818397521972656e+00
5.850856781005859375e+00
6.181458950042724609e+00
6.219881057739257812e+00
6.114892005920410156e+00
5.703625679016113281e+00
5.873281478881835938e+00
6.211250305175781250e+00
6.209485054016113281e+00
5.710880279541015625e+00
5.341175079345703125e+00
5.925949096679687500e+00
5.501041412353515625e+00
5.949299812316894531e+00
6.041095733642578125e+00
5.641231536865234375e+00
5.737261772155761719e+00
5.849837303161621094e+00
5.603340148925781250e+00
5.845244407653808594e+00
5.552064418792724609e+00
6.218496322631835938e+00
5.722331047058105469e+00
5.818690299987792969e+00
5.558207511901855469e+00
6.296305656433105469e+00
6.076148033142089844e+00
6.229779243469238281e+00
6.234355926513671875e+00
6.175820827484130859e+00
5.986427307128906250e+00
5.842439651489257812e+00
5.749942779541015625e+00
6.366154670715332031e+00
5.777977943420410156e+00
5.780760288238525391e+00
5.551915168762207031e+00
6.663744926452636719e+00
6.236864089965820312e+00
6.716087818145751953e+00
6.286629199981689453e+00
6.533261299133300781e+00
6.143266677856445312e+00
5.692819595336914062e+00
6.720460891723632812e+00
5.777354240417480469e+00
5.963297367095947266e+00
5.585438251495361328e+00
6.460121154785156250e+00
6.604739189147949219e+00
5.097977161407470703e+00
5.569344520568847656e+00
5.814898014068603516e+00
5.758987426757812500e+00
5.717683315277099609e+00
6.648682117462158203e+00
5.662233352661132812e+00
5.292394161224365234e+00
5.599004745483398438e+00
5.529425621032714844e+00
6.347476482391357422e+00
6.526070117950439453e+00
5.685951232910156250e+00
5.490049362182617188e+00
5.617208480834960938e+00
6.141898155212402344e+00
5.927205085754394531e+00
5.924076080322265625e+00
5.925069332122802734e+00
5.966780662536621094e+00
5.783915519714355469e+00
5.622675895690917969e+00
5.654496192932128906e+00
5.733222484588623047e+00
6.030103206634521484e+00
6.029613494873046875e+00
6.650019645690917969e+00
5.806323528289794922e+00
5.562397003173828125e+00
6.017889022827148438e+00
5.757483482360839844e+00
5.471015930175781250e+00
5.353423118591308594e+00
1.671775436401367188e+01
5.890131950378417969e+00
5.475871562957763672e+00
5.868390560150146484e+00
7.740387916564941406e+00
7.744279384613037109e+00
7.851617813110351562e+00
7.563746452331542969e+00
7.539072513580322266e+00
7.414021492004394531e+00
7.172760486602783203e+00
7.407003879547119141e+00
7.243933200836181641e+00
7.282516479492187500e+00
7.343976497650146484e+00
7.382485389709472656e+00
7.441673278808593750e+00
7.435214519500732422e+00
7.293062210083007812e+00
7.328433990478515625e+00
7.171223640441894531e+00
7.334389209747314453e+00
7.312557697296142578e+00
7.466014862060546875e+00
7.292559623718261719e+00
7.167165756225585938e+00
7.790100097656250000e+00
6.995464324951171875e+00
7.217700481414794922e+00
7.097650527954101562e+00
7.362391471862792969e+00
7.263856887817382812e+00
7.447180747985839844e+00
7.096729278564453125e+00
7.243416309356689453e+00
6.966938018798828125e+00
7.072124481201171875e+00
7.207846641540527344e+00
6.991987228393554688e+00
7.074035644531250000e+00
7.318405628204345703e+00
6.993810176849365234e+00
7.172074317932128906e+00
7.229761123657226562e+00
6.930400371551513672e+00
7.313395500183105469e+00
7.134947299957275391e+00
7.161976814270019531e+00
6.727662086486816406e+00
7.504944324493408203e+00
7.655026435852050781e+00
7.116151809692382812e+00
7.331696033477783203e+00
6.827062606811523438e+00
6.096975326538085938e+00
5.856154441833496094e+00
5.954471588134765625e+00
5.513244152069091797e+00
5.198046684265136719e+00
6.170900344848632812e+00
5.759751319885253906e+00
5.786780357360839844e+00
5.945620536804199219e+00
5.893458366394042969e+00
5.588867187500000000e+00
5.040167331695556641e+00
5.754833221435546875e+00
5.726050376892089844e+00
5.237773418426513672e+00
5.352714538574218750e+00
5.274674415588378906e+00
5.504552364349365234e+00
5.633316040039062500e+00
5.781224727630615234e+00
5.330840110778808594e+00
5.401360511779785156e+00
5.738380432128906250e+00
5.978369235992431641e+00
5.628932952880859375e+00
5.430963516235351562e+00
5.087691783905029297e+00
5.928905010223388672e+00
5.588894844055175781e+00
5.919361114501953125e+00
4.776132583618164062e+00
7.434310436248779297e+00
5.892944335937500000e+00
5.716364860534667969e+00
5.844930648803710938e+00
5.907207489013671875e+00
5.497344017028808594e+00
5.689053535461425781e+00
5.418818950653076172e+00
5.622227191925048828e+00
5.640738010406494141e+00
5.619975090026855469e+00
5.620159149169921875e+00
5.046693801879882812e+00
5.340887546539306641e+00
6.035543441772460938e+00
5.535489559173583984e+00
5.479810714721679688e+00
5.495871067047119141e+00
6.006814956665039062e+00
6.351451396942138672e+00
6.768404960632324219e+00
6.796141147613525391e+00
6.421123504638671875e+00
6.734507083892822266e+00
6.149045467376708984e+00
7.013540267944335938e+00
6.124712944030761719e+00
6.380151271820068359e+00
6.162465095520019531e+00
6.155528068542480469e+00
6.531536579132080078e+00
6.550743103027343750e+00
6.479498863220214844e+00
6.800878524780273438e+00
6.257011413574218750e+00
6.589878082275390625e+00
6.140284538269042969e+00
6.470158576965332031e+00
6.274949073791503906e+00
6.152770042419433594e+00
6.504117012023925781e+00
6.117886066436767578e+00
6.160058975219726562e+00
6.061327934265136719e+00
6.608868598937988281e+00
6.421287536621093750e+00
6.153718471527099609e+00
6.354483604431152344e+00
6.537103652954101562e+00
6.236863136291503906e+00
6.549543380737304688e+00
5.999362945556640625e+00
6.113423347473144531e+00
6.389823913574218750e+00
6.587702751159667969e+00
6.394242286682128906e+00
6.203510284423828125e+00
6.187486171722412109e+00
6.138483047485351562e+00
6.136239051818847656e+00
6.002792358398437500e+00
6.557942390441894531e+00
6.368507385253906250e+00
6.446121215820312500e+00
6.347861289978027344e+00
6.498587608337402344e+00
6.206761837005615234e+00
6.390685081481933594e+00
6.257627487182617188e+00
8.398248672485351562e+00
7.873792171478271484e+00
7.872003555297851562e+00
7.958590030670166016e+00
7.514409065246582031e+00
8.368120193481445312e+00
7.706163406372070312e+00
7.456924915313720703e+00
7.762240409851074219e+00
7.524487495422363281e+00
7.762879371643066406e+00
7.412359237670898438e+00
7.283905982971191406e+00
7.333735466003417969e+00
7.012383460998535156e+00
7.277684211730957031e+00
7.502545356750488281e+00
8.625892639160156250e+00
7.164661884307861328e+00
7.237838745117187500e+00
6.687583923339843750e+00
7.338358402252197266e+00
7.265854835510253906e+00
7.111824035644531250e+00
7.373003005981445312e+00
6.953111171722412109e+00
7.331977367401123047e+00
7.138566493988037109e+00
7.990941047668457031e+00
7.138027667999267578e+00
7.074575424194335938e+00
7.602233886718750000e+00
7.408962249755859375e+00
7.026085853576660156e+00
7.249633312225341797e+00
7.084696769714355469e+00
7.174550533294677734e+00
6.703742504119873047e+00
7.046648979187011719e+00
6.705161094665527344e+00
7.286880493164062500e+00
7.419171333312988281e+00
7.141610145568847656e+00
7.237742424011230469e+00
7.714019775390625000e+00
7.197499275207519531e+00
6.851273059844970703e+00
7.162865638732910156e+00
6.935400009155273438e+00
7.003905296325683594e+00
6.725305557250976562e+00
6.124893665313720703e+00
5.881627082824707031e+00
6.713719844818115234e+00
6.249830722808837891e+00
6.183522224426269531e+00
6.094124794006347656e+00
6.082850456237792969e+00
6.211407184600830078e+00
6.057275295257568359e+00
6.957548141479492188e+00
6.030569553375244141e+00
5.520503044128417969e+00
6.115984916687011719e+00
6.157254219055175781e+00
5.947187423706054688e+00
6.221267700195312500e+00
5.842275142669677734e+00
6.158061027526855469e+00
6.579996109008789062e+00
6.084399223327636719e+00
5.676952838897705078e+00
5.882522583007812500e+00
5.928493499755859375e+00
5.718457698822021484e+00
6.366231918334960938e+00
6.092125892639160156e+00
5.814450263977050781e+00
6.024696350097656250e+00
6.003232955932617188e+00
6.606955528259277344e+00
5.757759571075439453e+00
5.783978462219238281e+00
5.516948699951171875e+00
5.715607643127441406e+00
5.757210731506347656e+00
6.372641563415527344e+00
5.892558574676513672e+00
6.536031723022460938e+00
6.037708282470703125e+00
5.837057590484619141e+00
5.969551086425781250e+00
5.918182849884033203e+00
5.500192642211914062e+00
6.368686199188232422e+00
5.939220428466796875e+00
5.701246738433837891e+00
6.046300888061523438e+00
5.656093120574951172e+00
6.196899414062500000e+00
8.458011627197265625e+00
8.129373550415039062e+00
7.937113761901855469e+00
7.818817138671875000e+00
7.769651889801025391e+00
7.966980934143066406e+00
7.442744731903076172e+00
7.623941421508789062e+00
7.733919143676757812e+00
7.438483238220214844e+00
7.403991222381591797e+00
7.302163124084472656e+00
7.301980972290039062e+00
7.502556800842285156e+00
7.256522655487060547e+00
7.471246719360351562e+00
7.507245063781738281e+00
7.390857696533203125e+00
6.856781482696533203e+00
7.226973056793212891e+00
7.541255474090576172e+00
7.456758499145507812e+00
1.110855388641357422e+01
7.317313194274902344e+00
7.467844009399414062e+00
7.298458099365234375e+00
7.056893348693847656e+00
7.105762004852294922e+00
7.126811981201171875e+00
7.361240386962890625e+00
6.961424827575683594e+00
7.723608016967773438e+00
7.326928138732910156e+00
7.045710563659667969e+00
7.227324485778808594e+00
7.009760856628417969e+00
7.347454071044921875e+00
7.899824142456054688e+00
7.190581798553466797e+00
6.947060108184814453e+00
7.142833709716796875e+00
7.384262561798095703e+00
7.471348762512207031e+00
7.227437973022460938e+00
7.566452980041503906e+00
7.295211791992187500e+00
6.996892929077148438e+00
7.562425613403320312e+00
7.399497509002685547e+00
7.485387325286865234e+00
7.502788543701171875e+00
7.464742660522460938e+00
7.005191802978515625e+00
7.032341003417968750e+00
7.221661567687988281e+00
7.153746604919433594e+00
7.192984104156494141e+00
6.971264839172363281e+00
7.214159965515136719e+00
6.897412776947021484e+00
7.316573143005371094e+00
7.611392498016357422e+00
6.993530273437500000e+00
7.255886077880859375e+00
6.898831367492675781e+00
7.172694206237792969e+00
7.126020431518554688e+00
7.212246417999267578e+00
6.809193134307861328e+00
7.260062217712402344e+00
6.947308540344238281e+00
6.817631244659423828e+00
6.746369838714599609e+00
6.552595615386962891e+00
6.817176818847656250e+00
7.289459705352783203e+00
7.004158973693847656e+00
7.073030471801757812e+00
7.205631256103515625e+00
6.514760971069335938e+00
6.835567474365234375e+00
6.734384536743164062e+00
7.093676090240478516e+00
7.005953311920166016e+00
6.979426383972167969e+00
6.864400386810302734e+00
6.920782089233398438e+00
7.131692886352539062e+00
6.911080837249755859e+00
6.732348442077636719e+00
7.524879932403564453e+00
6.804616928100585938e+00
6.869164943695068359e+00
6.913501739501953125e+00
6.697606563568115234e+00
6.509433269500732422e+00
7.116841316223144531e+00
6.977601051330566406e+00
6.820687770843505859e+00
7.376528739929199219e+00
7.268202781677246094e+00
6.892206192016601562e+00
7.453125953674316406e+00
6.627470970153808594e+00
6.795260429382324219e+00
6.988839149475097656e+00
7.033673286437988281e+00
6.518580436706542969e+00
6.944404602050781250e+00
6.856901168823242188e+00
6.590582847595214844e+00
6.812457084655761719e+00
6.382633686065673828e+00
6.444369316101074219e+00
6.511859893798828125e+00
6.691503524780273438e+00
6.523254394531250000e+00
6.611718177795410156e+00
6.304882049560546875e+00
6.513415336608886719e+00
6.470988273620605469e+00
6.465126037597656250e+00
6.500011920928955078e+00
6.993260383605957031e+00
6.383914947509765625e+00
6.539389610290527344e+00
6.493368148803710938e+00
6.486458778381347656e+00
6.824732780456542969e+00
6.657963752746582031e+00
6.292732238769531250e+00
6.575335979461669922e+00
6.353365898132324219e+00
6.611219882965087891e+00
5.668643474578857422e+00
6.131650924682617188e+00
6.735107421875000000e+00
6.446848869323730469e+00
6.440900802612304688e+00
6.740670204162597656e+00
6.418282508850097656e+00
6.551181316375732422e+00
8.890054702758789062e+00
6.473924160003662109e+00
8.669191360473632812e+00
6.622770309448242188e+00
6.461330890655517578e+00
6.329940795898437500e+00
6.773514747619628906e+00
6.668796539306640625e+00
7.670010566711425781e+00
7.533030986785888672e+00
7.516173362731933594e+00
7.391478538513183594e+00
7.713242530822753906e+00
7.424711227416992188e+00
7.265243530273437500e+00
7.009157657623291016e+00
7.563284873962402344e+00
7.389291763305664062e+00
7.241909503936767578e+00
7.288464546203613281e+00
7.177747249603271484e+00
7.636295318603515625e+00
7.124359130859375000e+00
7.168151378631591797e+00
7.135519981384277344e+00
7.237233161926269531e+00
7.158208847045898438e+00
7.190747261047363281e+00
7.232936382293701172e+00
6.877167701721191406e+00
6.816184997558593750e+00
7.159180641174316406e+00
7.119528770446777344e+00
7.468917846679687500e+00
7.356005668640136719e+00
7.685478210449218750e+00
7.304263591766357422e+00
7.110415458679199219e+00
7.221042633056640625e+00
7.288759231567382812e+00
7.087876319885253906e+00
7.254487037658691406e+00
7.159686088562011719e+00
7.302938461303710938e+00
7.109111785888671875e+00
7.068575859069824219e+00
6.969264030456542969e+00
7.076516628265380859e+00
7.485689163208007812e+00
7.204062461853027344e+00
6.874525070190429688e+00
7.075568199157714844e+00
7.168132781982421875e+00
7.230574131011962891e+00
6.917031288146972656e+00
7.419174671173095703e+00
6.887514114379882812e+00
7.515094757080078125e+00
7.163488388061523438e+00
7.090227127075195312e+00
7.213418960571289062e+00
7.459247112274169922e+00
7.246616363525390625e+00
6.893431663513183594e+00
6.880516052246093750e+00
6.950592041015625000e+00
7.170323371887207031e+00
9.493287086486816406e+00
6.659422874450683594e+00
6.597084045410156250e+00
7.281677722930908203e+00
6.596158504486083984e+00
6.437908649444580078e+00
6.998414039611816406e+00
7.028118133544921875e+00
7.375604629516601562e+00
