7.525948047637939453e+00
7.447768211364746094e+00
7.264242172241210938e+00
7.251075267791748047e+00
7.335196018218994141e+00
7.391025781631469727e+00
7.407760143280029297e+00
7.381829321384429932e+00
7.455098946889241240e+00
7.458299303054809926e+00
7.482251947576349593e+00
7.557656288146972656e+00
7.544935519878681163e+00
7.565374646868024300e+00
7.573056729634602746e+00
7.598044335842132568e+00
7.556259379667394249e+00
7.577766974767048858e+00
7.581657936698512401e+00
7.601693463325500666e+00
7.583151113419305922e+00
7.593864701010963891e+00
7.622450952944547886e+00
7.612267792224884033e+00
7.605923252105712962e+00
7.599821475835947027e+00
7.596662644986753143e+00
7.586773565837314770e+00
7.569047960741766445e+00
7.567428398132324041e+00
7.549848433463804298e+00
7.543255373835563660e+00
7.540311712207215855e+00
7.528909052119535872e+00
7.520726094927106864e+00
7.517374118169148467e+00
7.509238114228120153e+00
7.497747596941496617e+00
7.498692695911113759e+00
7.481473243236541393e+00
7.479251803421393063e+00
7.554797161193120836e+00
7.550065473068592325e+00
7.535328464074567911e+00
7.511778672536213897e+00
7.510786170544831997e+00
7.497382468365608510e+00
7.479743282000224092e+00
7.476577291683274673e+00
7.472395954132079687e+00
7.472208602755677553e+00
7.480553241876455317e+00
7.477702086826540473e+00
7.484117481443616882e+00
7.479693958976051604e+00
7.471294053963252857e+00
7.477791903311746147e+00
7.475950413736804023e+00
7.481868598420740923e+00
7.483289376894632916e+00
7.479052957941274116e+00
7.490610607208743943e+00
7.485594681331089184e+00
7.497547395527362823e+00
7.487333084986760312e+00
7.488691091537475586e+00
7.485632875072422365e+00
7.483362022568197602e+00
7.489553119825280270e+00
7.478486633300780895e+00
7.474517640933184381e+00
7.460157069895002380e+00
7.458250646721826804e+00
7.457840120470201839e+00
7.451305605570475166e+00
7.443781815077128883e+00
7.437292557258110115e+00
7.426414446953015336e+00
7.430139487302755974e+00
7.421068036556244252e+00
7.412453415953082825e+00
7.396966689970435382e+00
7.387558086808905244e+00
7.385370583761305951e+00
7.379235133002786107e+00
7.388521005940991593e+00
7.393065260744642764e+00
7.387167302044955086e+00
7.379962990792949817e+00
7.370491859647962940e+00
7.360845801594493309e+00
7.351873211238695305e+00
7.346348906076082486e+00
7.340055592516635308e+00
7.342006638175562649e+00
7.364366496602694490e+00
7.359401806113646138e+00
7.353885932844512752e+00
7.343392535893603856e+00
7.340391178131103089e+00
7.338716440861768220e+00
7.325852716670317122e+00
7.323063757813092600e+00
7.306243566366342534e+00
7.301281543005080366e+00
7.299311750340011784e+00
7.290373236219459763e+00
7.282863409430892609e+00
7.274963733253128950e+00
7.265118126435713641e+00
7.255189556259292516e+00
7.252212196588516235e+00
7.246498272482273073e+00
7.238211677785505671e+00
7.236581976517387105e+00
7.231948729219107364e+00
7.222745687533647541e+00
7.216395309415914561e+00
7.207610951752221773e+00
7.199078079064687330e+00
7.187974732769422559e+00
7.184543218769010586e+00
7.177153672629255965e+00
7.170357696471675979e+00
7.178488731384277344e+00
7.175374432215614995e+00
7.170097118287574567e+00
7.172877777367830276e+00
7.164638741071834183e+00
7.153374165755051806e+00
7.144726789634646025e+00
7.134694500402971151e+00
7.130725476974831167e+00
7.120742086154311146e+00
7.119913927714029533e+00
7.105424207799575065e+00
7.094700360820240803e+00
7.091818249743917946e+00
7.086228844073178657e+00
7.082346793583461420e+00
7.074853646839764032e+00
7.067968240925963208e+00
7.059611487221884474e+00
7.056174688869052858e+00
7.049842084687331756e+00
7.042444219327952837e+00
7.035345891705986787e+00
7.028209019351649545e+00
7.021962860286635966e+00
7.023254919052123846e+00
7.031976905090130181e+00
7.040732662928731678e+00
7.044837842579760867e+00
7.048963723244605184e+00
7.055622989900650843e+00
7.057635099459917072e+00
7.061858310820950280e+00
7.067184740983987190e+00
7.070166602824468960e+00
7.071597841382026850e+00
7.071863381758980438e+00
7.071627119441091125e+00
7.073928309364553080e+00
7.075156325247229816e+00
7.073163093220103725e+00
7.072632077228591996e+00
7.075653433085915545e+00
7.074878834542774442e+00
7.074137512748763790e+00
7.077012115366319023e+00
7.080767439122785945e+00
7.085507057433904521e+00
7.084786486763485769e+00
7.085331461895471250e+00
7.080997799464634923e+00
7.079750838604840446e+00
7.080793636666852464e+00
7.076268956902321605e+00
7.074041449157885353e+00
7.071706032752990367e+00
7.070007326853209761e+00
7.069237392027299727e+00
7.070563892197739619e+00
7.071613827477330361e+00
7.072808448688403971e+00
7.075359839265064288e+00
7.074900565937878305e+00
7.074232918150881844e+00
7.078307030692933211e+00
7.074495611692730002e+00
7.074454152771315840e+00
7.072443579634030364e+00
7.070637732589800883e+00
7.067982786709499976e+00
7.066867706103202806e+00
7.068051313867374397e+00
7.068606374227456079e+00
7.067342695563730182e+00
7.090528488159179688e+00
7.088954684734344092e+00
7.094835900548678964e+00
7.097567657432933608e+00
7.102436822036216846e+00
7.104967834902744528e+00
7.107166083266095669e+00
7.108346358086299333e+00
7.115501184970284498e+00
7.113014622376515383e+00
7.114514852824964208e+00
7.114806574866885391e+00
7.115752608855189010e+00
7.113438208148164854e+00
7.115499216625948087e+00
7.117949430073533534e+00
7.119966624503911490e+00
7.119555435798786469e+00
7.118666543389245760e+00
7.120164505932309318e+00
7.121572403058613610e+00
7.117487255009737446e+00
7.115529919102181466e+00
7.111647455541937113e+00
7.109874609874503371e+00
7.109314756734030460e+00
7.113456395467122384e+00
7.109121063114267614e+00
7.107006243146988922e+00
7.107613107614350056e+00
7.105008237747125754e+00
7.103157151263693514e+00
7.105578145939550616e+00
7.104483220083960049e+00
7.104863438995099756e+00
7.103282494422717086e+00
7.102458152365176858e+00
7.103893593206244361e+00
7.106278994918372227e+00
7.107292481831142261e+00
7.107940234898523002e+00
7.107648376623789233e+00
7.106972191838307751e+00
7.105478806929155233e+00
7.105569498038586396e+00
7.103864910172634772e+00
7.104254261328249775e+00
7.103576917958453585e+00
7.101842698780631125e+00
7.100643038749694824e+00
7.099997267665632883e+00
7.096364727020263885e+00
7.103341231783073084e+00
7.106380330191718109e+00
7.109964480041986334e+00
7.113921634794220239e+00
7.115778670591466515e+00
7.119763093069195747e+00
7.122544759906219269e+00
7.124152290728664738e+00
7.126225421787689029e+00
7.126723507734445739e+00
7.130327873303058617e+00
7.133474863212526884e+00
7.136426595680614327e+00
7.138254750858653352e+00
7.139472660928402270e+00
7.140453250784623229e+00
7.141065424301204168e+00
7.140506030908271740e+00
7.140082985051945386e+00
7.139523673940588289e+00
7.140960754943510125e+00
7.139080575283835550e+00
7.137943634620079969e+00
7.138499529692378331e+00
7.138644773309881231e+00
7.138289282287376913e+00
7.138384650330251269e+00
7.138268825819166885e+00
7.139154353876694614e+00
7.136721767698015917e+00
7.134012841669266081e+00
7.140195401847785561e+00
7.141565536862970021e+00
7.141235412006646577e+00
7.141260923419082474e+00
7.139612384609408835e+00
7.138254252044996306e+00
7.137148406770494447e+00
7.136358259458442710e+00
7.134755849838256836e+00
7.133916451758945065e+00
7.132676789205368628e+00
7.134059058114530671e+00
7.134424574521123219e+00
7.133052168054096143e+00
7.133318258298410264e+00
7.132654371486368383e+00
7.132546058437168490e+00
7.130547273119157481e+00
7.130619136492411414e+00
7.136127058453734406e+00
7.142812443095326813e+00
7.145999683405306335e+00
7.148899349727128261e+00
7.151003886050864899e+00
7.150540727415894970e+00
7.154053338575828924e+00
7.156713047584929654e+00
7.155680866303181453e+00
7.160134515454692483e+00
7.161500800460864902e+00
7.162733342403020842e+00
7.164739208099560663e+00
7.166842188804772640e+00
7.168282249995640676e+00
7.169234506691558373e+00
7.171795632936976972e+00
7.171533957967218598e+00
7.174231189919115792e+00
7.175281415879726232e+00
7.176191114562322504e+00
7.177506310599190975e+00
7.177848175214171178e+00
7.177517957157558470e+00
7.177574663895827101e+00
7.177686034536069570e+00
7.177705690401409377e+00
7.178057157411807943e+00
7.178108128370847218e+00
7.179539781628233364e+00
7.180312074563294011e+00
7.179820935410189620e+00
7.180236540041170734e+00
7.182140802908800303e+00
7.183451483142909488e+00
7.183324491693859670e+00
7.184255331135645406e+00
7.184721190548507330e+00
7.185656035544246478e+00
7.185650121464449036e+00
7.185387906440891648e+00
7.185599467907732851e+00
7.185803448146008243e+00
7.186619355234989293e+00
7.186316492937613098e+00
7.187122583389282227e+00
7.187633878559474887e+00
7.188605348269144990e+00
7.188939806383455533e+00
7.189904227937971015e+00
7.196086681126868889e+00
7.200138675895604301e+00
7.205039449859273581e+00
7.208147341248679396e+00
7.211163882134665748e+00
7.213246349538310120e+00
7.216593684936437825e+00
7.219488150580635200e+00
7.222988411576634959e+00
7.225298983520931806e+00
7.226201439167984297e+00
7.228603214190151505e+00
7.235009759582435862e+00
7.237091782328846534e+00
7.238795614895755293e+00
7.240079168413505961e+00
7.242024633475155682e+00
7.242843495762866901e+00
7.244531044792030805e+00
7.244971107792210319e+00
7.245796033956933613e+00
7.246871904660296515e+00
7.248754209871266951e+00
7.249397678171249915e+00
7.249595380147297874e+00
7.250679500559543023e+00
7.252982250891566451e+00
7.254853182999545069e+00
7.254142411466009577e+00
7.254277942055150419e+00
7.254453548922001005e+00
7.259271089943291955e+00
7.260646741633004275e+00
7.259979897489150069e+00
7.259985361470804754e+00
7.259965249293826695e+00
7.261012920113497415e+00
7.262310243144478150e+00
7.263012927724647128e+00
7.263471411436031921e+00
7.263804491828469878e+00
7.264022664147979924e+00
7.265795608209896450e+00
7.266154933096793833e+00
7.267223326767546787e+00
7.267026342526830440e+00
7.267557711084783989e+00
7.274738493876241385e+00
7.275905738199563544e+00
7.276072479486465738e+00
7.280775437628538960e+00
7.285120334198225578e+00
7.288673742829126390e+00
7.292591667411350898e+00
7.296694829728868292e+00
7.299495975372239265e+00
7.301527012771119374e+00
7.302919697527792131e+00
7.305164622794153573e+00
7.306582969572485986e+00
7.308077353920669594e+00
7.309898403084393870e+00
7.311277014291315268e+00
7.313080219830867534e+00
7.316303886275693280e+00
7.319717630743980408e+00
7.320733341381703951e+00
7.321777365424416040e+00
7.322970887641633730e+00
7.324505838893708543e+00
7.325188219972007531e+00
7.326045104112670181e+00
7.326748506397220417e+00
7.328392997102917583e+00
7.330464245291317127e+00
7.330964362677273805e+00
7.331663585100018032e+00
7.332893999937538432e+00
7.332649317654696297e+00
7.333846749815830179e+00
7.335194376394532867e+00
7.335194258778183318e+00
7.336123929012730471e+00
7.337482111794607853e+00
7.338325032420542016e+00
7.340084748530606440e+00
7.341163040571409226e+00
7.342114179646043404e+00
7.344678975455038561e+00
7.346315450018102489e+00
7.346936177234260512e+00
7.348011801145735156e+00
7.349239096415500327e+00
7.349975986523671345e+00
7.351891304401869220e+00
7.352662615711913929e+00
7.352251405950627650e+00
7.353128687611648395e+00
7.354525277237583758e+00
7.355018249087863502e+00
7.357921429061043739e+00
7.360490284134856509e+00
7.362447233389544543e+00
7.366055707049264711e+00
7.367989206838084115e+00
7.370828984076516655e+00
7.372507564870220520e+00
7.374719523967093515e+00
7.376243165375620414e+00
7.378016254176264610e+00
7.379550091873797513e+00
7.381138281388715860e+00
7.382114548405096954e+00
7.384789495632566592e+00
7.385596960334368077e+00
7.386862030356738273e+00
7.387557092009060078e+00
7.388892425431145661e+00
7.390694369131059815e+00
7.392147333063977754e+00
7.393817301262209263e+00
7.394904386189024237e+00
7.396144974811384998e+00
7.397845188776652314e+00
7.398202983454654103e+00
7.398490914777547722e+00
7.399568587729016045e+00
7.401898840980051020e+00
7.402787726209158592e+00
7.403968544801076135e+00
7.406500588335762636e+00
7.407871845846848657e+00
7.409889898438384748e+00
7.410416782394913859e+00
7.411799092636894848e+00
7.412243719454164825e+00
7.414526594737716358e+00
7.414727143576888224e+00
7.416355202290665360e+00
7.417912809216246295e+00
7.418559001565222744e+00
7.420305134804268121e+00
7.420595007542422294e+00
7.421310555114437157e+00
7.422308179103967340e+00
7.425819015310656468e+00
7.427335849470296125e+00
7.426909624812114252e+00
7.427308300454057211e+00
7.427909345626830806e+00
7.430264373977265357e+00
7.432288033078866540e+00
7.433726572374226294e+00
7.435486061232430721e+00
7.436438725726438825e+00
7.437564004551280306e+00
7.439274847154786485e+00
7.439976894010708719e+00
7.442423034510584401e+00
7.443281017565260171e+00
7.443877583147261667e+00
7.444991587661206722e+00
7.445081224683200105e+00
7.446058361446810991e+00
7.446624066065815839e+00
7.447119277577067820e+00
7.447618870947301239e+00
7.448052304131643986e+00
7.449665590517782654e+00
7.449656197657952283e+00
7.450011889444889235e+00
7.450494564356017868e+00
7.451259336781546949e+00
7.451741661734253341e+00
7.452375194912865375e+00
7.452411923571684582e+00
7.452660985870650734e+00
7.453292611873511220e+00
7.453876440376324908e+00
7.455136645515009874e+00
7.455907299918194120e+00
7.455204306688523630e+00
7.456659387692277541e+00
7.456613675485389336e+00
7.456695001370438725e+00
7.457443796876651376e+00
7.458477212952058011e+00
7.459037984614035111e+00
7.459782947193492220e+00
7.460585226836028205e+00
7.461260643992538633e+00
7.462033751266028858e+00
7.462733948428327935e+00
7.463203930679489950e+00
7.463383969473182944e+00
7.463367013267545147e+00
7.463190961799412548e+00
7.464043980097248898e+00
7.463888058896924527e+00
7.464639193794943672e+00
7.466132724782732488e+00
7.468140348144199692e+00
7.470195223582372535e+00
7.470983603370749293e+00
7.472550835480561204e+00
7.472236194198937476e+00
7.472718931400155640e+00
7.474197063822045628e+00
7.474830191549120428e+00
7.474755332299641175e+00
7.475075904485801281e+00
7.475759064175480084e+00
7.476062052203325869e+00
7.476238356414416586e+00
7.476772024779193337e+00
7.477113834960722016e+00
7.477075642378872899e+00
7.478274736605899697e+00
7.477782318168868514e+00
7.478664910165886859e+00
7.478588596951940559e+00
7.479300193019680520e+00
7.479743508144198749e+00
7.480216207404585482e+00
7.480298142640487313e+00
7.479483214517434142e+00
7.480046350786549780e+00
7.480096964687624528e+00
7.480510365777682580e+00
7.479987205308058940e+00
7.480327633284866273e+00
7.480556653537291822e+00
7.481121373217470172e+00
7.481847444625749688e+00
7.481938217032668703e+00
7.481538997168427407e+00
7.480967778363463161e+00
7.480911340843252155e+00
7.480590609014540426e+00
7.480073004253839919e+00
7.479869285815863300e+00
7.479862871202263008e+00
7.480100700867316377e+00
7.480423259414004988e+00
7.480681924258961502e+00
7.480405409064069033e+00
7.480562920147050932e+00
7.479909775647829662e+00
7.480228966982018335e+00
7.480204827785492228e+00
7.479915984656766881e+00
7.480029068911986379e+00
7.480302052315985328e+00
7.481123628205811116e+00
7.482280098308216054e+00
7.482632220774987353e+00
7.482052528877823683e+00
7.481915780588200171e+00
7.481238102873753348e+00
7.481008145848258906e+00
7.480529798423405374e+00
7.480076306006488096e+00
7.479452277085520073e+00
7.478158047610851789e+00
7.477125632278318612e+00
7.476161650248935864e+00
7.475413715047233509e+00
7.474230150574618925e+00
7.473184779695625224e+00
7.472327552303191567e+00
7.471297815418090238e+00
7.470786983177209351e+00
7.469442904091187607e+00
7.468100590583605758e+00
7.467150309753417758e+00
7.466561195568536036e+00
7.465294638699131902e+00
7.464857069550046909e+00
7.463615503144377605e+00
7.462891792115710743e+00
7.462709036190800838e+00
7.461669733252706216e+00
7.460282547214020177e+00
7.459177337610382708e+00
7.458099906651053601e+00
7.457639855408818796e+00
7.456541885573598094e+00
7.455897334974761037e+00
7.455363068408995986e+00
7.455205511301755905e+00
7.454589000172250124e+00
7.453914091223125205e+00
7.453290865172864876e+00
7.452061845649103233e+00
7.450806919364041825e+00
7.449417134187538814e+00
7.448509991629599369e+00
7.447538630461987275e+00
7.447785465669558569e+00
7.447318142377413075e+00
7.448225124640399208e+00
7.448860763040788591e+00
7.448756489600375730e+00
7.448980924915465707e+00
7.449410590688691158e+00
7.450509000842163942e+00
7.450688836055622488e+00
7.450294943928356339e+00
7.449981670640126730e+00
7.450770690224387316e+00
7.449612835351710594e+00
7.449800226263409542e+00
7.448831056217981583e+00
7.448957438928535346e+00
7.448723017183461970e+00
7.448269318531941074e+00
7.449491479407543970e+00
7.449102882853525287e+00
7.449187663638538126e+00
7.448966360803860098e+00
7.448527387286440593e+00
7.448576559623082183e+00
7.448273954915787698e+00
7.448044447233839627e+00
7.447351558826587947e+00
7.447005790366223899e+00
7.446872142780478931e+00
7.446836586195458629e+00
7.446536031141548051e+00
7.445945973256055339e+00
7.445459979921360549e+00
7.444612898085473773e+00
7.443909176621220425e+00
7.443863541759245805e+00
7.443019605901119107e+00
7.446044655652505284e+00
7.445360972197642369e+00
7.446904070155564881e+00
7.446592354463042795e+00
7.445931969518246873e+00
7.446795859661184736e+00
7.445777012433620001e+00
7.448972995147044251e+00
7.448205710144482516e+00
7.448126534935381571e+00
7.447166161975641074e+00
7.446505993989481986e+00
7.446142827883832638e+00
7.445656101079458189e+00
7.444624696459088753e+00
7.445819155465859041e+00
7.447593936213740662e+00
7.448874116791770028e+00
7.449971845204180099e+00
7.451258310358575443e+00
7.453958705869680124e+00
7.455225353699593605e+00
7.456163017089757261e+00
7.456700349223966739e+00
7.457588234753675493e+00
7.458848313440250344e+00
7.459887947929039420e+00
7.460719092530923469e+00
7.461175342233908658e+00
7.462079622362043807e+00
7.462600749298180958e+00
7.463239566052807916e+00
7.463957205456279276e+00
7.465174317525723247e+00
7.466270291142993898e+00
7.466890315903704334e+00
7.468240729329328254e+00
7.468721056050450002e+00
7.469863131560014580e+00
7.470288055025298135e+00
7.471157911395238216e+00
7.471421548064178353e+00
7.472138037393381005e+00
7.472866301019823077e+00
7.473252114204511187e+00
7.473896997897960581e+00
7.474392995808293527e+00
7.474776469018579839e+00
7.475690818937337667e+00
7.475818533475707461e+00
7.475841920013013286e+00
7.476722273444870837e+00
7.476954396824203819e+00
7.477616518534246026e+00
7.478206637743356922e+00
7.478806103771997726e+00
7.478660310375079945e+00
7.479212946397619355e+00
7.479432978296792989e+00
7.479539848814074965e+00
7.479930324784552553e+00
7.480800668877291670e+00
7.480997397300393814e+00
7.483804986059904074e+00
7.483765852610270386e+00
7.484803598508060318e+00
7.485882410343656979e+00
7.486348482717080977e+00
7.487347045058596606e+00
7.488069012622959875e+00
7.488368019855842661e+00
7.488649062782801735e+00
7.489634299341166646e+00
7.490279335278295925e+00
7.490270213704359747e+00
7.490094821493823218e+00
7.490148344064947672e+00
7.491465114828486982e+00
7.491528240173899178e+00
7.491090674805485072e+00
7.491152075501085861e+00
7.491003093072923669e+00
7.492807067190135228e+00
8.180133819580078125e+00
8.089872837066650391e+00
8.260133743286132812e+00
8.158676147460937500e+00
8.063647842407226207e+00
8.021687110265096621e+00
7.990896293095180347e+00
7.915016472339630127e+00
7.856642246246337891e+00
7.903225851058960139e+00
7.895229339599609375e+00
7.871062795321146943e+00
7.863188743591308594e+00
7.858249528067452694e+00
7.821003405253092566e+00
7.805380403995513916e+00
7.866520320667939714e+00
7.839564773771497741e+00
7.824125415400454919e+00
7.796326756477355957e+00
7.782685279846191406e+00
7.760474031621759750e+00
7.754606288412342785e+00
7.730611403783162139e+00
7.714218368530273651e+00
7.701343683096078863e+00
7.695903371881555266e+00
7.685199260711669922e+00
7.660200299887821807e+00
7.640757099787394147e+00
7.623661210460047855e+00
7.618483647704124451e+00
7.611895373373320339e+00
7.605041742324829102e+00
7.602874238150460151e+00
7.615272945827907591e+00
7.609854440431337075e+00
7.607746136815924487e+00
7.602767210740309700e+00
7.591410601139068959e+00
7.594642767092076419e+00
7.596942470187232566e+00
7.596278401308281580e+00
7.595501509579745125e+00
7.588243336147732165e+00
7.584171025649361297e+00
7.581269690330992184e+00
7.566382994254429839e+00
7.559121686585095645e+00
7.567736368179321715e+00
7.578903263690424552e+00
7.596487274536719347e+00
7.598767829391191775e+00
7.603074179755316742e+00
7.608070928400213262e+00
7.607985224042620231e+00
7.605387026803535733e+00
7.600632511336227637e+00
7.595473224833860115e+00
7.594637680053710760e+00
7.591681167727610813e+00
7.586825778407435550e+00
7.581126379588293496e+00
7.583688057959079742e+00
7.575537967681884588e+00
7.594883998235066436e+00
7.589595986835992569e+00
7.580426153014688140e+00
7.574764604153840786e+00
7.566437537329537832e+00
7.565165674182730449e+00
7.564776857693989776e+00
7.562761777067837698e+00
7.558087387600460616e+00
7.554094867706298899e+00
7.548793315887451172e+00
7.542588568353033374e+00
7.531667519838381786e+00
7.529791324953489351e+00
7.527840089797973810e+00
7.519278390907946807e+00
7.515139655369083904e+00
7.504715396697262619e+00
7.503933038030352165e+00
7.499036009171430095e+00
7.498151906701021829e+00
7.499762600865857110e+00
7.495905838229439233e+00
7.492070535595497738e+00
7.483683686786227973e+00
7.481770321563049997e+00
7.478303530941838417e+00
7.472388539262997398e+00
7.468536453044160695e+00
7.499227819944683127e+00
7.502946118513743379e+00
7.500098606974808568e+00
7.497162609684224321e+00
7.493130626100482417e+00
7.490755338668822816e+00
7.484088510569959496e+00
7.478568404328589381e+00
7.472682036242439096e+00
7.468458258188688248e+00
7.461724326724097800e+00
7.451698411185786242e+00
7.449623321818414468e+00
7.442755231150874451e+00
7.437126675877002491e+00
7.428235062685879520e+00
7.420883161527616068e+00
7.412565239838191822e+00
7.407193318932457693e+00
7.400403587441695130e+00
7.395128270854121055e+00
7.387993874221012724e+00
7.383163407317593574e+00
7.376290107177475797e+00
7.370755063385522554e+00
7.362763253847758094e+00
7.359517858048115535e+00
7.351331265246281887e+00
7.344256203349043943e+00
7.340807449433111032e+00
7.339519420623779489e+00
7.335118834934537091e+00
7.331159400189016573e+00
7.326998580247163773e+00
7.320482841757840475e+00
7.314243228618915182e+00
7.306599151087171506e+00
7.301416682474540565e+00
7.296593909873101857e+00
7.289790680159383918e+00
7.283923308054606416e+00
7.275558909949134012e+00
7.270176341063784520e+00
7.266105302865954130e+00
7.262428300843821738e+00
7.255644713129315804e+00
7.249776583191350987e+00
7.245995118584431793e+00
7.239292474893423091e+00
7.234899540742238067e+00
7.231828955946297377e+00
7.226004162879839043e+00
7.223218149068403982e+00
7.226530986863213712e+00
7.226623976790665260e+00
7.224530315399169567e+00
7.231761572376782077e+00
7.241030630312468297e+00
7.247487741358139779e+00
7.257888162290894840e+00
7.263954531761907418e+00
7.265234286968524913e+00
7.270566891712747726e+00
7.275435761560367531e+00
7.279720258412870848e+00
7.284602200984954479e+00
7.288358380335457909e+00
7.296567622526191954e+00
7.300381604879180308e+00
7.302132519280037926e+00
7.303057112838282627e+00
7.304589337613209388e+00
7.305917765565975053e+00
7.307115512234823917e+00
7.308087188111254129e+00
7.309303948458503619e+00
7.311050331383420975e+00
7.311303086059037781e+00
7.309526112727347424e+00
7.315128452476414189e+00
7.316621240888323108e+00
7.316945027221333220e+00
7.319105687114478620e+00
7.320590881819136087e+00
7.321187163198460190e+00
7.322157478332519176e+00
7.322132674370022798e+00
7.323258567642379369e+00
7.323803088704093689e+00
7.326599017433498062e+00
7.343335904301823369e+00
7.344576689504807909e+00
7.345080671463420252e+00
7.346161581100301596e+00
7.348532548026432742e+00
7.347807997151424964e+00
7.348800357099602998e+00
7.348638556897640228e+00
7.349548367020997119e+00
7.350798687984034352e+00
7.350319221692207527e+00
7.350918154327237275e+00
7.351362477704353360e+00
7.349904568508417668e+00
7.352487369997417588e+00
7.353403947353363002e+00
7.349508164533927967e+00
7.343340734444042006e+00
7.339728583256012406e+00
7.333913015384299960e+00
7.328348138855725225e+00
7.325758765044721343e+00
7.321664978340628238e+00
7.316834231981864001e+00
7.313383597506290634e+00
7.308874716077531808e+00
7.302461777818146871e+00
7.297561042713669011e+00
7.292313522016498517e+00
7.288776865629392532e+00
7.284166446951932272e+00
7.278859352623975099e+00
7.273251087434830175e+00
7.269268059949262728e+00
7.265892860551947052e+00
7.258801449428904817e+00
7.252135073976818447e+00
7.245072173642682856e+00
7.240262538328298803e+00
7.235055240137236332e+00
7.231384542253282532e+00
7.224473693729501989e+00
7.221290498052924889e+00
7.216622764604133877e+00
7.211603137603493252e+00
7.208539591664853141e+00
7.203260295834891913e+00
7.196972421531019570e+00
7.192140511688756455e+00
7.190550965121668803e+00
7.185569509546807510e+00
7.181176355329610850e+00
7.177581318320100934e+00
7.173027353126461669e+00
7.167768835522640103e+00
7.164554584026336492e+00
7.161191679135397337e+00
7.157486271267094580e+00
7.151950133680807120e+00
7.148176996434321140e+00
7.143281924967863183e+00
7.138999237277643850e+00
7.135460475195757546e+00
7.131195066436644581e+00
7.128380319679597399e+00
7.124399055480957088e+00
7.128850762112682204e+00
7.130924364877125221e+00
7.132856898628205045e+00
7.132626471557016679e+00
7.131815182928945340e+00
7.130565924569964409e+00
7.130553251110626434e+00
7.131367984668228743e+00
7.130583492485252251e+00
7.131189014361455136e+00
7.131022844278035677e+00
7.131693912826421844e+00
7.132971995683677235e+00
7.133541641813335943e+00
7.132819434831727534e+00
7.132470233099801327e+00
7.131016225850537182e+00
7.130729641487349113e+00
7.130114961290891173e+00
7.128995773527357471e+00
7.127033446547730300e+00
7.126126305145375817e+00
7.130795208089081072e+00
7.130313354687099370e+00
7.128912256414239756e+00
7.130015172820160174e+00
7.128777297395231471e+00
7.127675902071616498e+00
7.127442838470568809e+00
7.127124847684587650e+00
7.128433286931590729e+00
7.128006623991837820e+00
7.126314021673303856e+00
7.125026931225414195e+00
7.124757227981299401e+00
7.122571051537573972e+00
7.121739899239888594e+00
7.121724888682365417e+00
7.121280887960150352e+00
7.120101405834329711e+00
7.120907036299557902e+00
7.120810025358853323e+00
7.120625881611690744e+00
7.119224828927695370e+00
7.118166167049084336e+00
7.118234755219639887e+00
7.117783419612281115e+00
7.119544096441076775e+00
7.117881156130379416e+00
7.117412131627400385e+00
7.120403369003752481e+00
7.125762936295262584e+00
7.129291477769908347e+00
7.130117752050098900e+00
7.131575793907290794e+00
7.133120611602184802e+00
7.135560479925199040e+00
7.137796929904392407e+00
7.138211264193636829e+00
7.140544186868975629e+00
7.140717023438579503e+00
7.141805372177025824e+00
7.142183018949466167e+00
7.142271013016912917e+00
7.142210577404688010e+00
7.144330217868467336e+00
7.145538609862703616e+00
7.146073575289744184e+00
7.149573831348956965e+00
7.150301928818225683e+00
7.151281286994245256e+00
7.152424248108952831e+00
7.153270494089038145e+00
7.153321239683362975e+00
7.153587194589468012e+00
7.153940973106337253e+00
7.153871857062756412e+00
7.154098118223795488e+00
7.155767107444694020e+00
7.156049965367172305e+00
7.157701457735274886e+00
7.157562830361975159e+00
7.157576137118869752e+00
7.158980926353774699e+00
7.159009708575348796e+00
7.159694268589928079e+00
7.160245187912213538e+00
7.161032340935701512e+00
7.162927529101526858e+00
7.164411962733549188e+00
7.164941085748308680e+00
7.165306172175713861e+00
7.164929566508479120e+00
7.165141726649085108e+00
7.165184519947438879e+00
7.165446632859334919e+00
7.166037868697636704e+00
7.167280386234152090e+00
7.167954234475733877e+00
7.169057899202619488e+00
7.169119870221173585e+00
7.169485214081677604e+00
7.169079646848079079e+00
7.168803865626706795e+00
7.168481531277508978e+00
7.167513375871636505e+00
7.165850094386509106e+00
7.164110356868977902e+00
7.163679091047111314e+00
7.161727608574761206e+00
7.160003490395163261e+00
7.158657225456027007e+00
7.156250287678616040e+00
7.154787081938523308e+00
7.153156432060345793e+00
7.151241031500811474e+00
7.149607338762413278e+00
7.148383673118508419e+00
7.146537386628024180e+00
7.143764327023480298e+00
7.142319449195964509e+00
7.140100600898906968e+00
7.139303397876647139e+00
7.138418224406114732e+00
7.136527722676595076e+00
7.135025739669799805e+00
7.134747441946985624e+00
7.132484909087892788e+00
7.129480589662818169e+00
7.128276954199138871e+00
7.126803975092769861e+00
7.125327500997413743e+00
7.126293939336473038e+00
7.125374525785446167e+00
7.122978138614010746e+00
7.121804110126792153e+00
7.119972631912823147e+00
7.118078633682014988e+00
7.117357646285108252e+00
7.116521430626893796e+00
7.115193134073710901e+00
7.113941057604186824e+00
7.113374822922335028e+00
7.111188897021531119e+00
7.110100370720972229e+00
7.108909090360005401e+00
7.107567353572893154e+00
7.110636328932028682e+00
7.109837848739815058e+00
7.108841837644576778e+00
7.109912445420339289e+00
7.111687348256657160e+00
7.112795836872261468e+00
7.113901981032721089e+00
7.115313806651551332e+00
7.115946775586734496e+00
7.116246004362364097e+00
7.115881888305439773e+00
7.116095392511643247e+00
7.115403765003855519e+00
7.115077598831659245e+00
7.113837428463315682e+00
7.113471296739924732e+00
7.113113075062848623e+00
7.112877263218523538e+00
7.113755434751510620e+00
7.112509338689936733e+00
7.111588927547327188e+00
7.111179663628552916e+00
7.110694157509576563e+00
7.110041156234197857e+00
7.109402354859628126e+00
7.109466152551889628e+00
7.109009314258143419e+00
7.107850102817311111e+00
7.106212291359342181e+00
7.105168168382845373e+00
7.103934958716418890e+00
7.102863319548137433e+00
7.102159400318944549e+00
7.101687440186254641e+00
7.101222594579060576e+00
7.100265022788807556e+00
7.099536579325452124e+00
7.099837853442663160e+00
7.098809517851663031e+00
7.098521792370339867e+00
7.097725094181217997e+00
7.096918133233836912e+00
7.096308319135145481e+00
7.095329149510043898e+00
7.094107909439915538e+00
7.093306692136329694e+00
7.092195738543261463e+00
7.092029825489173156e+00
7.091521362552728469e+00
7.090975407252642526e+00
7.090249504361834099e+00
7.090040102833363278e+00
7.089009806315104356e+00
7.089643222529713462e+00
7.091608988500274435e+00
7.092144751390874191e+00
7.093195186312502898e+00
7.093492313007732086e+00
7.094286366512901232e+00
7.094322850458992136e+00
7.093766101062557894e+00
7.093176547738202053e+00
7.092759708736253721e+00
7.092420559384558842e+00
7.091953948462680124e+00
7.091259490851449243e+00
7.091674005163127070e+00
7.090544008439587209e+00
7.090114149412883648e+00
7.089546703934924921e+00
7.089342054138835891e+00
7.089239979603651598e+00
7.088742873009215018e+00
7.088483245509444863e+00
7.088113627191317434e+00
7.087947212364406724e+00
7.087333139990955821e+00
7.087150382995605291e+00
7.087241627588993786e+00
7.086769759779955713e+00
7.087119661115702129e+00
7.086592974891742003e+00
7.086404822270075066e+00
7.086441141156297974e+00
7.085462152710594097e+00
7.084925647601330922e+00
7.084295175292274926e+00
7.084160691684054711e+00
7.083452922326546997e+00
7.083443443877985857e+00
7.082167223828737868e+00
7.082522835955785467e+00
7.082446811637099771e+00
7.081188185394659662e+00
7.080498874672060516e+00
7.079294794713265837e+00
7.078552419840082877e+00
7.077532161365855501e+00
7.081161114477342089e+00
7.080294415264781982e+00
7.079140535798896572e+00
7.078582433994881740e+00
7.078584107398986802e+00
7.079067987834146258e+00
7.079586103142970543e+00
7.079860388640144109e+00
7.079434937900966673e+00
7.078023971897541067e+00
7.077487682636547817e+00
7.077567609339306287e+00
7.077351126145190463e+00
7.077685994108907863e+00
7.076946351107428868e+00
7.076299959432821751e+00
7.075903548859059811e+00
7.075477500640393380e+00
7.074965938056025472e+00
7.074270273412315291e+00
7.073684839315192541e+00
7.073162171088980266e+00
7.072850148189941955e+00
7.072575567315309009e+00
7.071701455116271795e+00
7.072196790215607543e+00
7.071304497590923610e+00
7.070775361179621576e+00
7.070056287386945471e+00
7.069356130872454180e+00
7.068653296155168242e+00
7.067940882985007889e+00
7.066783994436264038e+00
7.066225499872449411e+00
7.066455380421764687e+00
7.065669110939327702e+00
7.065092477583347019e+00
7.064681514790089878e+00
7.063780956054001692e+00
7.063112709901043118e+00
7.062842611946276605e+00
7.062288389969582525e+00
7.061876206592999417e+00
7.061158650881283805e+00
7.060381520235980091e+00
7.059946731807123399e+00
7.059393895068291513e+00
7.059578392387095391e+00
7.058408443542087518e+00
7.057987913954148596e+00
7.057527446921492142e+00
7.056678164375765228e+00
7.056139221156600527e+00
7.055246027440972512e+00
7.054808477921919341e+00
7.053845824433757628e+00
7.053241952605869614e+00
7.052693108322391602e+00
7.052054937135441293e+00
7.050878058253108094e+00
7.049285816631728707e+00
7.048368676560571089e+00
7.047509372020707374e+00
7.046862424806106695e+00
7.046343970298766912e+00
7.044783538675563506e+00
7.043168210474197721e+00
7.041365576891450040e+00
7.039868539952217397e+00
7.037869256787595340e+00
7.036069658535529570e+00
7.034361228741035532e+00
7.033853196761977067e+00
7.032063088643320192e+00
7.031004176223487612e+00
7.029084093725201043e+00
7.027995451346977340e+00
7.026497886651057456e+00
7.025205988501837417e+00
7.024039073612378559e+00
7.022744075291686983e+00
7.021330935909595006e+00
7.019411370828489538e+00
7.017951047070491555e+00
7.015872004936481332e+00
7.013915316373263487e+00
7.011823028223621357e+00
7.009736579646377308e+00
7.008138165082017146e+00
7.006319842379316931e+00
7.004818375200135172e+00
7.003238776270332089e+00
7.001848688741930893e+00
7.000144271980117239e+00
6.997951438871480967e+00
6.996356071756172135e+00
6.995318560986905077e+00
6.994521590549668488e+00
6.993432699229179761e+00
6.991696497973273416e+00
6.989998623028697899e+00
6.988914044059101549e+00
6.986733716467152355e+00
6.985989178958440959e+00
6.984527693589527964e+00
6.986377802545734816e+00
6.988053136489716266e+00
6.989720377755995528e+00
6.991554953404609307e+00
6.993321087734758024e+00
6.994626813989268221e+00
6.996241857820916010e+00
6.997618512887703979e+00
6.999061946994173944e+00
7.000153146806310289e+00
7.000890386085073303e+00
7.002080352477777936e+00
7.003176880505112223e+00
7.003856379356757422e+00
7.004916974199496771e+00
7.005849559585769271e+00
7.006764143753669849e+00
7.006903063517944119e+00
7.007416034938830585e+00
7.008625009752089241e+00
7.009151074045521845e+00
7.010040697944125654e+00
7.010701429786498018e+00
7.011346851403896352e+00
7.011499231719970915e+00
7.011995581392282517e+00
7.012586112227736201e+00
7.013645349034837828e+00
7.014130202689117688e+00
7.014761310153537543e+00
7.016070492860821517e+00
7.016910705385329017e+00
7.017822683704972420e+00
7.018245618050030998e+00
7.019333947549654340e+00
7.020299609352207426e+00
7.020638838667697001e+00
7.021226394139113758e+00
7.022096774201251002e+00
7.023225343227386119e+00
7.024207826337650395e+00
7.024753049155261664e+00
7.025502946476914090e+00
7.026165993317313507e+00
7.026868959175524232e+00
7.027176033970741642e+00
7.027943874990000062e+00
7.028490336588871124e+00
7.028943083135666292e+00
7.029575734505286277e+00
7.030113842080814912e+00
7.030604098472126751e+00
7.030961324390919920e+00
7.031093268584038825e+00
7.031558888559122700e+00
7.031829462545673870e+00
7.031729668424191004e+00
7.031281719091815319e+00
7.031053398375446406e+00
7.031477467219034772e+00
7.030345905205846790e+00
7.030160160583311502e+00
7.030003557018205562e+00
7.029603997626936440e+00
7.029184419588935029e+00
7.028895392432227496e+00
7.029891054133424966e+00
7.028887415360547841e+00
7.028271700056500926e+00
7.028787616473525013e+00
7.028386851536712499e+00
7.028512570829618333e+00
7.028326114609195763e+00
7.028044069556171003e+00
7.027394953127260813e+00
7.026789297013593227e+00
7.026226707892369028e+00
7.026405987134725528e+00
7.026205904178310035e+00
7.025686526999754378e+00
7.025841658335949980e+00
7.025062217740368986e+00
7.024311652120698746e+00
7.023987127326384972e+00
7.023358679165805363e+00
7.027773613832434485e+00
7.026812536747694793e+00
7.028002375780149968e+00
7.027892440081680903e+00
7.027229543354200025e+00
7.028020141783740904e+00
7.027186362729596070e+00
7.028920843143655617e+00
7.028475568342621216e+00
7.030239977253426531e+00
7.029259574139254951e+00
7.028486515220302877e+00
7.028358387058990076e+00
7.028089328896846233e+00
7.027098987443106459e+00
7.026940572278816077e+00
7.026616813110829973e+00
7.026076111311932770e+00
7.026119992814281012e+00
7.025771425801811354e+00
7.026650636797248772e+00
7.026721432320299776e+00
7.026205817184878910e+00
7.025137815219895110e+00
7.025800508848377923e+00
7.025478242318841104e+00
7.024511724375607002e+00
7.023451961608287775e+00
7.022217339828234373e+00
7.021148079425304722e+00
7.020085983436200827e+00
7.019762902412787220e+00
7.018568283336076519e+00
7.018202379781115496e+00
7.017287094063228814e+00
7.016788797471130046e+00
7.015842843914295912e+00
7.014380179335302223e+00
7.013281261064729932e+00
7.011966982874376697e+00
7.011297685055692952e+00
7.010171014636221720e+00
7.009493785245077824e+00
7.008708104184625753e+00
7.007855385296965167e+00
7.007218799251864638e+00
7.005925229989765413e+00
7.004986047419486717e+00
7.004194100481288210e+00
7.008360845215466206e+00
7.006979134419689892e+00
7.007122845953808188e+00
7.006393720140947856e+00
7.005104527583141838e+00
7.003970408439636586e+00
7.003480731717005803e+00
7.002402822926359072e+00
7.002200395550734591e+00
7.001098159179892200e+00
7.000025707603301228e+00
6.998947472099324330e+00
6.998010196200655564e+00
6.996845849695052522e+00
6.997727339990307271e+00
6.996485984166462835e+00
6.995635432028739054e+00
6.993943634819476785e+00
6.992371367901602852e+00
6.990449222392681961e+00
6.988207053506610755e+00
6.985656372453800778e+00
6.982613714714504205e+00
6.980941952375749437e+00
6.978809601704593746e+00
6.976289614878202983e+00
6.974514993825503772e+00
6.972351030414811746e+00
6.971757978786803811e+00
6.970329066221626846e+00
6.968101050806980723e+00
6.966818613420890038e+00
6.965173845651718487e+00
6.967522521133603597e+00
7.107692718505859375e+00
6.993978023529052734e+00
6.869125048319498994e+00
6.718345403671264648e+00
6.612040042877197266e+00
6.574683904647827148e+00
6.562603882380893872e+00
6.495572626590728760e+00
6.440971003638373382e+00
6.535640716552734375e+00
6.532599709250709985e+00
6.512332121531168916e+00
6.481831807356614128e+00
6.462240798132760311e+00
6.431229082743326941e+00
6.440936774015426636e+00
6.476102071649887826e+00
6.457532432344224915e+00
6.429611030377839320e+00
6.418475031852722168e+00
6.380048025222051500e+00
6.361830256202003930e+00
6.362463640130084919e+00
6.329764564832051299e+00
6.306339340209961009e+00
6.290370445985060677e+00
6.281806115750913300e+00
6.276636430195400074e+00
6.253232035143621914e+00
6.239076201121012133e+00
6.231694590660833200e+00
6.222798794507980347e+00
6.213639649477872062e+00
6.222467324312995096e+00
6.216612066541399528e+00
6.207478655709160797e+00
6.196576092694257021e+00
6.191709392949154456e+00
6.193831724998278609e+00
6.188434827327728094e+00
6.192451372379210284e+00
6.203971420015607308e+00
6.208218785219414393e+00
6.200376564806157731e+00
6.190840212504069129e+00
6.188720931177553730e+00
6.186276953271094392e+00
6.189202795426051118e+00
6.189775048470010255e+00
6.194660310745239151e+00
6.219315706514844777e+00
6.246126679273752202e+00
6.264035467831593706e+00
6.284553783911245972e+00
6.301161670684814808e+00
6.316462627479007885e+00
6.331752467573735110e+00
6.340755997032954561e+00
6.351661366931462993e+00
6.366632533073425471e+00
6.378580624939965027e+00
6.388591935557704105e+00
6.400729103693886479e+00
6.412137217819690704e+00
6.422655934553880286e+00
6.435896129319162107e+00
6.441332881130389154e+00
6.450051651281468956e+00
6.458149764848791996e+00
6.467867701394217406e+00
6.471787909386863547e+00
6.479922175407409668e+00
6.484770265344071305e+00
6.487389268101872553e+00
6.492027117411296011e+00
6.491645869455839879e+00
6.495163713182721565e+00
6.494249081000303292e+00
6.500443211084680151e+00
6.509368425607680919e+00
6.511550397048761596e+00
6.512539223926823162e+00
6.513123115861271906e+00
6.521543894495282601e+00
6.526876006406896025e+00
6.531075095021447119e+00
6.538825840785585264e+00
6.540777412327853035e+00
6.546579655636562300e+00
6.547002956602308466e+00
6.550134936531821772e+00
6.556578402933866734e+00
6.557795006741759636e+00
6.558366024747807721e+00
6.560926859002364608e+00
6.569049845139185884e+00
6.569424511231098052e+00
6.571362184018505026e+00
6.569040105800436180e+00
6.574405307769775497e+00
6.569760615282719485e+00
6.561367656670364923e+00
6.554557740109638431e+00
6.549518635639777209e+00
6.546777307419549885e+00
6.541467738601396853e+00
6.538314636622633458e+00
6.540477615815621704e+00
6.533568972841314881e+00
6.528691031716086890e+00
6.521403316978935827e+00
6.513429335185459301e+00
6.507327172608501797e+00
6.502410846844053793e+00
6.500154204990552742e+00
6.493736419184454434e+00
6.486709533593593591e+00
6.480175923492948797e+00
6.474045705394584793e+00
6.468371220429738777e+00
6.468935958610093628e+00
6.463281436044661987e+00
6.455199706845167640e+00
6.454235230722734862e+00
6.452322856903076165e+00
6.446326520707872376e+00
6.442665618235670522e+00
6.436006199568510056e+00
6.429485893988793777e+00
6.424344712037306948e+00
6.415411825398452450e+00
6.408132545875780295e+00
6.404181007155798078e+00
6.396988263770715832e+00
6.390369326980025910e+00
6.383420239476596869e+00
6.375044742639917494e+00
6.369159484255140669e+00
6.362855750022174739e+00
6.359002675328936149e+00
6.352234424428736759e+00
6.349273486876152006e+00
6.347019765760514964e+00
6.342156943347719178e+00
6.338820717252533932e+00
6.335081090665843462e+00
6.331615386366033604e+00
6.337059436617670904e+00
6.341556603476504961e+00
6.337561232248941856e+00
6.342227878949500131e+00
6.350980219088103063e+00
6.356199068181655143e+00
6.362553209453434278e+00
6.368356123278218206e+00
6.370387838437006955e+00
6.373898843291458505e+00
6.379182975503463027e+00
6.385020591927774269e+00
6.390300169587135315e+00
6.392287212869395496e+00
6.394180044715787048e+00
6.395699919367128672e+00
6.396596664335669757e+00
6.398405433423591582e+00
6.399078363395599212e+00
6.399996180734234485e+00
6.399138632274809169e+00
6.400508451743943894e+00
6.402464911516974944e+00
6.404321497643899797e+00
6.406473719796468735e+00
6.408416599207530595e+00
6.409300190278853115e+00
6.409906294686453343e+00
6.411313810131766822e+00
6.412963333776441566e+00
6.413707417048764903e+00
6.417289438194402784e+00
6.417953332265217803e+00
6.416873900271252040e+00
6.418933653569483866e+00
6.420786524079536761e+00
6.424735644589299355e+00
6.451859953596785324e+00
6.453932428872713345e+00
6.456222029293284592e+00
6.458833083193352920e+00
6.461192312694731044e+00
6.461833788219251140e+00
6.463081544606473550e+00
6.462508800129096009e+00
6.464276889445250696e+00
6.466705201827373628e+00
6.466868960551726886e+00
6.468928650933868596e+00
6.470155311720020563e+00
6.470761096838749005e+00
6.474919884648155488e+00
6.476072444915771165e+00
6.476253146555886353e+00
6.473489180649861119e+00
6.472460403818215191e+00
6.468953801136390958e+00
6.466551122432801613e+00
6.463883508756322449e+00
6.461480202882186497e+00
6.458574705399000138e+00
6.456279980508904615e+00
6.454488316036406381e+00
6.449954292785499810e+00
6.447717871306077875e+00
6.443195421371101794e+00
6.440426051059615631e+00
6.438686450692109986e+00
6.435504573362845093e+00
6.433469117511801727e+00
6.429259551774471504e+00
6.427646521563943338e+00
6.425615963068875836e+00
6.422657187707823567e+00
6.419452173215848489e+00
6.416707013219995481e+00
6.414019461188997795e+00
6.412034409840901894e+00
6.408143497146336465e+00
6.404767009130133637e+00
6.402170032785649667e+00
6.399732820852354287e+00
6.398931405855261545e+00
6.397319952646891572e+00
6.396636225026229639e+00
6.394195818594085701e+00
6.392564533103225699e+00
6.389563469176597010e+00
6.387326539573022544e+00
6.386760379694685241e+00
6.384700360418367637e+00
6.388861927527264228e+00
6.386864916483561139e+00
6.385935870443637086e+00
6.384120917517291716e+00
6.380805337379989339e+00
6.378353236151522943e+00
6.374467978185537120e+00
6.371563740862094427e+00
6.373843820471512878e+00
6.371180322862440626e+00
6.369944585853791530e+00
6.367023233413696026e+00
6.371396739169420620e+00
6.372579474297780600e+00
6.374178085402538052e+00
6.374302766454501779e+00
6.377366146386838075e+00
6.377510322257876396e+00
6.377594997910674302e+00
6.377456153085989676e+00
6.376424912780407794e+00
6.376234270976140373e+00
6.374261077793165420e+00
6.376056552843283320e+00
6.378524473864769284e+00
6.379728600834354779e+00
6.380443704353188750e+00
6.378800956826460755e+00
6.378223442406243393e+00
6.389578116473867198e+00
6.388105926017336067e+00
6.387480726948490783e+00
6.385039655044949747e+00
6.383767553988625387e+00
6.388283153156657512e+00
6.386710168671434040e+00
6.386750458804043795e+00
6.391574211742566902e+00
6.392544596634186505e+00
6.391304117312534672e+00
6.389291359959537786e+00
6.386681912626539059e+00
6.383509386476672987e+00
6.410270526899513932e+00
6.408759364812197212e+00
6.408958015307574030e+00
6.407188827113101226e+00
6.405450744228763149e+00
6.402961742587205407e+00
6.401491425103611022e+00
6.401503155388221344e+00
6.398836972795684197e+00
6.397406789445385655e+00
6.396195815034108278e+00
6.396336034703173468e+00
6.394500339923261834e+00
6.393818703344313015e+00
6.393852968473692222e+00
6.393942534321486626e+00
6.398607887677698614e+00
6.395683055737345413e+00
6.394967161814371970e+00
6.399045491139357722e+00
6.403336502858344659e+00
6.406452594417156199e+00
6.408822072179694018e+00
6.412116943421911408e+00
6.414110724442924294e+00
6.417563503650578483e+00
6.420973299385665634e+00
6.423117458627447540e+00
6.426492054231704998e+00
6.428956131459815815e+00
6.430933403663146031e+00
6.433212825665458823e+00
6.435111993437359956e+00
6.437430141085670243e+00
6.440433292449275093e+00
6.442495078318502877e+00
6.444027705762371383e+00
6.450774333320067555e+00
6.452374024689197185e+00
6.453986438263985548e+00
6.456577281774200650e+00
6.459613218396071943e+00
6.461173328352563416e+00
6.462354756868802674e+00
6.464350583363164482e+00
6.466363504392291794e+00
6.468283554402793456e+00
6.471145479150093749e+00
6.473811360561486872e+00
6.475613501857054644e+00
6.477579613766038413e+00
6.478497071309132771e+00
6.480635798619892363e+00
6.482560608991936313e+00
6.485090599173591208e+00
6.487151062453182071e+00
6.488910694799479906e+00
6.492499556864960830e+00
6.494302428469937993e+00
6.497294315494749561e+00
6.498880145145438547e+00
6.499768280774441465e+00
6.501967908338058599e+00
6.503728678606558233e+00
6.506056221923387284e+00
6.509292867753965872e+00
6.511375214861727656e+00
6.513278927024250819e+00
6.516457559040614633e+00
6.514157177036643986e+00
6.511229089715263818e+00
6.508475046995341629e+00
6.505720010585030799e+00
6.502083049021976535e+00
6.498941449636824075e+00
6.496282375827222566e+00
6.492930356350690602e+00
6.490119872983119542e+00
6.486747635735405915e+00
6.484312860589278138e+00
6.480954549589209357e+00
6.477358229560957525e+00
6.474718044092367286e+00
6.471342086791992188e+00
6.467471602184525103e+00
6.464781082943284574e+00
6.460773981135824684e+00
6.457235793757244657e+00
6.452991287128345022e+00
6.449167855666332549e+00
6.445870792993935616e+00
6.444055691481275439e+00
6.440858987563434113e+00
6.437741589864095282e+00
6.435520543697032636e+00
6.433257855534237457e+00
6.430420418895741896e+00
6.427816335632807743e+00
6.424604051991512854e+00
6.421013969761806273e+00
6.418103566344496080e+00
6.419163127480848274e+00
6.415622868885596297e+00
6.412669763936625245e+00
6.409568626028268490e+00
6.406375387226272089e+00
6.403811988142347644e+00
6.401536237917706096e+00
6.399266147613525746e+00
6.396958752361404876e+00
6.395306714943477466e+00
6.393414891706471259e+00
6.390198359029547248e+00
6.387111246133152065e+00
6.383937810406540514e+00
6.381847400809415483e+00
6.385838422343958598e+00
6.383623539056992868e+00
6.381359314918517711e+00
6.381303365093811131e+00
6.382431011294844581e+00
6.382729582396097889e+00
6.383001008836349577e+00
6.383379512363010377e+00
6.383860241603381169e+00
6.384175923884061632e+00
6.383599449606502496e+00
6.383293442154863051e+00
6.382734912779272740e+00
6.382726792291423479e+00
6.382677325924623446e+00
6.382491834515809259e+00
6.382207656252210981e+00
6.381574787002011639e+00
6.382172555877612119e+00
6.380849482630082115e+00
6.381640579141498293e+00
6.381489308750999179e+00
6.381116644541422467e+00
6.381525613916174677e+00
6.380732858350491199e+00
6.381314745467887128e+00
6.380267081395635032e+00
6.379638522653018562e+00
6.378882730510873067e+00
6.378126840122410712e+00
6.377143094472796037e+00
6.376489727091399828e+00
6.376105709963066914e+00
6.375968481714377134e+00
6.375707842685558013e+00
6.375293828598621815e+00
6.375051495116976774e+00
6.374877856243616137e+00
6.373990853992077099e+00
6.373779937386239602e+00
6.373417541860989743e+00
6.372965179434669558e+00
6.373189787431196685e+00
6.372684963165768046e+00
6.372722776766815755e+00
6.372352002705730989e+00
6.371606121192106897e+00
6.372278613186954210e+00
6.372502007291990900e+00
6.374098887646225009e+00
6.373379248593534996e+00
6.373659947401696613e+00
6.373011786142985358e+00
6.376374373679150942e+00
6.380508718237412502e+00
6.384050021897878402e+00
6.388144638044718882e+00
6.391522551106882943e+00
6.394532632409480222e+00
6.397934563050385215e+00
6.400490254814448221e+00
6.402199700507203772e+00
6.404279442455457882e+00
6.406001894696415455e+00
6.408097100980354455e+00
6.409476161775526926e+00
6.411877856172364609e+00
6.413765929847635050e+00
6.415249772337884515e+00
6.417770282614664978e+00
6.419835230224152589e+00
6.421386235812579280e+00
6.422964551601004324e+00
6.424886860412144074e+00
6.426454492544723784e+00
6.427443021447663440e+00
6.428784139045682799e+00
6.429975781691701364e+00
6.431856775484165567e+00
6.433580017689639163e+00
6.434646195447594863e+00
6.436294423264601328e+00
6.437797475854555529e+00
6.439348053287815787e+00
6.440696541204491865e+00
6.442242615464804700e+00
6.443182069408006640e+00
6.444397434745867237e+00
6.445902117976435974e+00
6.447523137627196199e+00
6.448004279957443075e+00
6.449494698296295070e+00
6.451649384595909531e+00
6.452504959222983949e+00
6.453249222863980172e+00
6.454423110335158142e+00
6.455501597902553179e+00
6.456380592692982034e+00
6.461133529101648953e+00
6.462097194832815639e+00
6.463188755464361890e+00
6.464748241141707652e+00
6.466046432495117458e+00
6.465644645119855483e+00
6.464876980420602770e+00
6.463479140643808130e+00
6.462103264672415470e+00
6.460014352704038565e+00
6.458870614470229476e+00
6.458208637124688067e+00
6.456993625858637564e+00
6.456147367218856736e+00
6.454950509351842669e+00
6.453913535623867936e+00
6.453150968998670578e+00
6.451385300991363536e+00
6.450731284887410766e+00
6.449211279859820678e+00
6.448165778965913475e+00
6.446946777734812173e+00
6.445905157958218723e+00
6.444781662641462461e+00
6.444094513929806922e+00
6.443053398388589592e+00
6.441863390677733392e+00
6.440605996899577690e+00
6.439242130017462706e+00
6.437745553879510751e+00
6.436621280677417900e+00
6.435258600245843397e+00
6.433689136396754549e+00
6.432693659019831145e+00
6.431909941727260716e+00
6.430427061860394922e+00
6.429499653945291548e+00
6.428504127051548167e+00
6.426927137017696801e+00
6.425873734126581027e+00
6.424719687718064343e+00
6.424018803921491383e+00
6.422974999509336591e+00
6.421839018699631474e+00
6.421124525423403284e+00
6.419792988824756463e+00
6.419039199273084861e+00
6.417823973281607586e+00
6.416997268795967102e+00
6.415448896600565831e+00
6.414264325257185817e+00
6.413687938745976425e+00
6.412835336079562687e+00
6.411831070599443017e+00
6.411566706570711816e+00
6.414275525053270144e+00
6.417101437630861049e+00
6.420344046615131361e+00
6.423063674128012934e+00
6.425297458751781932e+00
6.427377302869618170e+00
6.429626403205912943e+00
6.431988271761111875e+00
6.433744778573406542e+00
6.435950029747826484e+00
6.437879442531157181e+00
6.439322925547263488e+00
6.440786554800681074e+00
6.442537098911636839e+00
6.444278260458887075e+00
6.445824643327153325e+00
6.447133568859604758e+00
6.448874450065720687e+00
6.450471820227919650e+00
6.453525885364465253e+00
6.455441634416997587e+00
6.457544691079146304e+00
6.459021858727952647e+00
6.460580229343852565e+00
6.462010590926460907e+00
6.463217149178187348e+00
6.464497572834404515e+00
6.465773118820982823e+00
6.467121554985770793e+00
6.468495506253735705e+00
6.470109292849411275e+00
6.471130426806682934e+00
6.472251851194719130e+00
6.473851667691583600e+00
6.475035233782906907e+00
6.476254127945102468e+00
6.477465756300969879e+00
6.478133809809782484e+00
6.479708714477072640e+00
6.480714140908192533e+00
6.482156060472155978e+00
6.483592003583908081e+00
6.485106366078729145e+00
6.486730628543430299e+00
6.487988485608782163e+00
6.489405692823781102e+00
6.490433182548637880e+00
6.491870569943584357e+00
6.493130230943428671e+00
6.494738039175669719e+00
6.495945897157894500e+00
6.497380614676744770e+00
6.498794654510902546e+00
6.499789252186452870e+00
6.500831243814515936e+00
6.501663221384432312e+00
6.502967403198192109e+00
6.503856413458523278e+00
6.504448059940181714e+00
6.505129829000254382e+00
6.505705678131302960e+00
6.505970720372168614e+00
6.506836221424245892e+00
6.507384690865631427e+00
6.508153429263975553e+00
6.508648184212771248e+00
6.509008505742398754e+00
6.509239111131834399e+00
6.509809623434778203e+00
6.510313320159911932e+00
6.511163274639086396e+00
6.512074692839594725e+00
6.512377532297688454e+00
6.513033180664747235e+00
6.513679741668701340e+00
6.513792643531823856e+00
6.514281048538962615e+00
6.514641610680112827e+00
6.514944392660653172e+00
6.515560217509194452e+00
6.516576778303046602e+00
6.517103266866901556e+00
6.517726437928740957e+00
6.517981832335800085e+00
6.518675916025957306e+00
6.519316474596659639e+00
6.519519513218519080e+00
6.519850327303417181e+00
6.520191194865625484e+00
6.520640366524458109e+00
6.521536009546003321e+00
6.521552614705213635e+00
6.521931708322528110e+00
6.522117631775992130e+00
6.522565574793852683e+00
6.522636135296187021e+00
6.522736107916146331e+00
6.523262828220556031e+00
6.523503953760320329e+00
6.524016498418954590e+00
6.525152645902149828e+00
6.526071906089782715e+00
6.526763443559818967e+00
6.527025185593771539e+00
6.528257938559728579e+00
6.528857125741679646e+00
6.528950601952261401e+00
6.528889318367630423e+00
6.528780214341529664e+00
6.529379250064041074e+00
6.529146534231535348e+00
6.529330526593948747e+00
6.528955401338603082e+00
6.528877907488719323e+00
6.528779252848230463e+00
6.528580590411349860e+00
6.530931858108497856e+00
6.530700156074797924e+00
6.530287808901525715e+00
6.531164044764504517e+00
6.530832844235325396e+00
6.530979349499657083e+00
6.530948733858332744e+00
6.530842295740053594e+00
6.531173204492639606e+00
6.531226649086856462e+00
6.531447967715242164e+00
6.531658743686731938e+00
6.531563114874141540e+00
6.531928525952731768e+00
6.531999338740994254e+00
6.532086582127903718e+00
6.531385622820428338e+00
6.531585289023772667e+00
6.531354854750807348e+00
6.534734475021807043e+00
6.533993338566853382e+00
6.536723690670590337e+00
6.537586608715084679e+00
6.537273777395054886e+00
6.538139681395159108e+00
6.537577411342907929e+00
6.541694193863421880e+00
6.541224346380755783e+00
6.541932509442885291e+00
6.541453020326022383e+00
6.541466013088800935e+00
6.541245835558391342e+00
6.541880754271631737e+00
6.541538154057094268e+00
6.542714808704849894e+00
6.543808867788722061e+00
6.544999590639029918e+00
6.545937769792296912e+00
6.547083051830318468e+00
6.548867185122568380e+00
6.550240530151626217e+00
6.550942724033937736e+00
6.551631353133488211e+00
6.552535292800043543e+00
6.553957492490358305e+00
6.554942957470926146e+00
6.555657465026555997e+00
6.556492514970924113e+00
6.557419414787025502e+00
6.558126165214197556e+00
6.559143974192471305e+00
6.560023805225127624e+00
6.561073455757491679e+00
6.562636287344826513e+00
6.564554621872392914e+00
6.565552839612036173e+00
6.566093187609154391e+00
6.566566572004918889e+00
6.567348045480662755e+00
6.568043216857700095e+00
6.568830820028522588e+00
6.569464950116126190e+00
6.570363826385414718e+00
6.570943915354062526e+00
6.571781568749006652e+00
6.572190961551145350e+00
6.573072784106370747e+00
6.574405657173177708e+00
6.578646979040029485e+00
6.579132308130678730e+00
6.580656176506259669e+00
6.581548490498446924e+00
6.582179814778742255e+00
6.582867483834962563e+00
6.583547543256710988e+00
6.584294906523671109e+00
6.585245987287600578e+00
6.585865493743650489e+00
6.586476804746077107e+00
6.587134674471121443e+00
6.588092188598960064e+00
6.588932470204358793e+00
6.591735447041978446e+00
6.592645129521687686e+00
6.592874522532985004e+00
6.593373691147946580e+00
6.593579637418546469e+00
6.593709066628777649e+00
6.594081099301773996e+00
6.593360120026522608e+00
6.593421235582157536e+00
6.592956046001263282e+00
6.592681848327475613e+00
6.592410560658103158e+00
6.592367109581926066e+00
6.592175601348476022e+00
6.592790639259868080e+00
6.593049483149463263e+00
6.592637027167027597e+00
6.592570342843277587e+00
6.592541799706927996e+00
6.593667280702721456e+00
