7.525948047637939453e+00
7.369588375091552734e+00
6.897190093994140625e+00
7.211574554443359375e+00
7.671679019927978516e+00
7.670174598693847656e+00
7.508166313171386719e+00
7.200313568115234375e+00
8.041255950927734375e+00
7.487102508544921875e+00
7.721778392791748047e+00
8.387104034423828125e+00
7.392286300659179688e+00
7.831083297729492188e+00
7.680605888366699219e+00
7.972858428955078125e+00
6.887700080871582031e+00
7.943396091461181641e+00
7.651695251464843750e+00
7.982368469238281250e+00
7.212304115295410156e+00
7.818850040435791016e+00
8.251348495483398438e+00
7.378055095672607422e+00
7.453654289245605469e+00
7.447277069091796875e+00
7.514533042907714844e+00
7.319768428802490234e+00
7.072731018066406250e+00
7.520461082458496094e+00
7.022449493408203125e+00
7.338870525360107422e+00
7.446114540100097656e+00
7.152621269226074219e+00
7.242505550384521484e+00
7.400054931640625000e+00
7.216341972351074219e+00
7.072598457336425781e+00
7.534606456756591797e+00
6.809914588928222656e+00
7.390394210815429688e+00
1.065215682983398438e+01
7.351334571838378906e+00
6.901637077331542969e+00
6.475587844848632812e+00
7.466123580932617188e+00
6.880812168121337891e+00
6.650701522827148438e+00
7.324609756469726562e+00
7.267510414123535156e+00
7.462841033935546875e+00
7.906129837036132812e+00
7.329442024230957031e+00
7.824133396148681641e+00
7.240823745727539062e+00
7.009299278259277344e+00
7.841671466827392578e+00
7.370985507965087891e+00
7.825123310089111328e+00
7.567115306854248047e+00
7.224867820739746094e+00
8.195627212524414062e+00
7.174607276916503906e+00
8.250568389892578125e+00
6.833617210388183594e+00
7.576961517333984375e+00
7.283790588378906250e+00
7.331214904785156250e+00
7.910547733306884766e+00
6.714899063110351562e+00
7.196688175201416016e+00
6.440556526184082031e+00
7.320988178253173828e+00
7.427871704101562500e+00
6.967751502990722656e+00
6.879497528076171875e+00
6.944108963012695312e+00
6.588799953460693359e+00
7.720692634582519531e+00
6.704423427581787109e+00
6.723283767700195312e+00
6.142541885375976562e+00
6.616052627563476562e+00
7.203807830810546875e+00
6.863857269287109375e+00
8.177820205688476562e+00
7.783871173858642578e+00
6.874044895172119141e+00
6.745983600616455078e+00
6.527561187744140625e+00
6.492700576782226562e+00
6.535367488861083984e+00
6.838112831115722656e+00
6.754777431488037109e+00
7.525404930114746094e+00
9.488553047180175781e+00
6.882791519165039062e+00
6.818846225738525391e+00
6.315039634704589844e+00
7.043256759643554688e+00
7.171242713928222656e+00
6.026616573333740234e+00
7.038589954376220703e+00
5.573763847351074219e+00
6.785231113433837891e+00
7.092483520507812500e+00
6.342890739440917969e+00
6.479311943054199219e+00
6.421798706054687500e+00
6.191946983337402344e+00
6.163046836853027344e+00
6.921725273132324219e+00
6.606538772583007812e+00
6.301826477050781250e+00
7.050796031951904297e+00
6.699125289916992188e+00
6.155192852020263672e+00
6.473401069641113281e+00
6.171056747436523438e+00
6.183666229248046875e+00
5.855573177337646484e+00
6.769330024719238281e+00
6.275629043579101562e+00
6.334452629089355469e+00
8.186737060546875000e+00
6.786087036132812500e+00
6.505155563354492188e+00
7.526021480560302734e+00
6.110042095184326172e+00
5.700243949890136719e+00
6.020567893981933594e+00
5.820464611053466797e+00
6.606814384460449219e+00
5.792951107025146484e+00
7.008940696716308594e+00
5.149312019348144531e+00
5.636257171630859375e+00
6.696969032287597656e+00
6.314890861511230469e+00
6.542741775512695312e+00
6.025813102722167969e+00
6.097126007080078125e+00
5.872952461242675781e+00
6.564712524414062500e+00
6.137947082519531250e+00
5.969753742218017578e+00
5.998990058898925781e+00
5.979088783264160156e+00
6.097531318664550781e+00
7.215771675109863281e+00
8.340274810791015625e+00
8.362852096557617188e+00
7.668825149536132812e+00
7.680223464965820312e+00
8.081150054931640625e+00
7.369512081146240234e+00
7.720679283142089844e+00
7.903434276580810547e+00
7.541300773620605469e+00
7.299164772033691406e+00
7.114349842071533203e+00
7.033588886260986328e+00
7.446721076965332031e+00
7.275322914123535156e+00
6.746273040771484375e+00
6.985014438629150391e+00
7.577198505401611328e+00
6.945520877838134766e+00
6.949595451354980469e+00
7.562819957733154297e+00
7.719172477722167969e+00
7.895981788635253906e+00
6.960848331451416016e+00
7.179612159729003906e+00
6.326940536499023438e+00
6.861532688140869141e+00
7.264326095581054688e+00
6.275400638580322266e+00
6.677545070648193359e+00
6.653666496276855469e+00
6.764240264892578125e+00
6.929879188537597656e+00
7.311986923217773438e+00
7.263751983642578125e+00
7.292618751525878906e+00
7.547367095947265625e+00
6.989475727081298828e+00
6.949382781982421875e+00
7.844240188598632812e+00
6.354137420654296875e+00
7.066576957702636719e+00
6.688424110412597656e+00
6.723915100097656250e+00
6.555578231811523438e+00
6.850542068481445312e+00
7.298854827880859375e+00
7.177398204803466797e+00
6.818397998809814453e+00
1.168131542205810547e+01
6.775767803192138672e+00
8.271079063415527344e+00
7.646650791168212891e+00
8.086008071899414062e+00
7.618763446807861328e+00
7.555608749389648438e+00
7.350302696228027344e+00
8.589395523071289062e+00
6.598296165466308594e+00
7.426562786102294922e+00
7.175776481628417969e+00
7.314419746398925781e+00
6.625099658966064453e+00
7.552433013916015625e+00
7.639844894409179688e+00
7.551646232604980469e+00
7.031149864196777344e+00
6.926665782928466797e+00
7.445222377777099609e+00
7.428493976593017578e+00
6.222839832305908203e+00
6.684916019439697266e+00
6.253623008728027344e+00
6.716302871704101562e+00
6.984467506408691406e+00
8.041183471679687500e+00
6.133671283721923828e+00
6.629056930541992188e+00
7.245371341705322266e+00
6.511097908020019531e+00
6.679258346557617188e+00
7.662406921386718750e+00
6.851555347442626953e+00
7.193074226379394531e+00
6.734922409057617188e+00
6.909562110900878906e+00
7.441222190856933594e+00
7.669233798980712891e+00
7.347488880157470703e+00
7.262105464935302734e+00
7.037894248962402344e+00
6.944687843322753906e+00
6.745573043823242188e+00
7.127516746520996094e+00
6.689650058746337891e+00
7.199255943298339844e+00
6.937627792358398438e+00
6.675224781036376953e+00
6.804327011108398438e+00
6.939846038818359375e+00
6.191862106323242188e+00
8.847467422485351562e+00
7.869194030761718750e+00
8.013170242309570312e+00
8.115081787109375000e+00
7.587465763092041016e+00
8.135790824890136719e+00
7.834651470184326172e+00
7.537287712097167969e+00
7.661093235015869141e+00
7.255727767944335938e+00
8.067462921142578125e+00
7.954839229583740234e+00
7.909780502319335938e+00
7.619059562683105469e+00
7.461000919342041016e+00
7.400309562683105469e+00
7.303903579711914062e+00
6.991147994995117188e+00
7.026706695556640625e+00
6.989068984985351562e+00
7.528972625732421875e+00
6.629551887512207031e+00
6.828695774078369141e+00
7.290258884429931641e+00
7.178441524505615234e+00
7.040529251098632812e+00
7.164706230163574219e+00
7.106185436248779297e+00
7.385331153869628906e+00
6.458030223846435547e+00
6.375513553619384766e+00
8.877494812011718750e+00
7.527943611145019531e+00
7.047810077667236328e+00
7.148506164550781250e+00
6.669778823852539062e+00
6.749828338623046875e+00
6.819770812988281250e+00
6.908795833587646484e+00
6.671659469604492188e+00
6.890491008758544922e+00
6.771934986114501953e+00
7.537681579589843750e+00
7.241520881652832031e+00
6.729564666748046875e+00
7.211814880371093750e+00
6.936143875122070312e+00
7.100377082824707031e+00
6.534909248352050781e+00
7.152106285095214844e+00
8.788503646850585938e+00
9.155113220214843750e+00
8.108546257019042969e+00
8.027498245239257812e+00
7.790782928466796875e+00
7.009277343750000000e+00
8.228912353515625000e+00
7.973243713378906250e+00
6.837769031524658203e+00
8.536312103271484375e+00
7.585049152374267578e+00
7.546053886413574219e+00
7.790569305419921875e+00
7.825075149536132812e+00
7.620461463928222656e+00
7.469195365905761719e+00
7.981111526489257812e+00
7.088582992553710938e+00
8.031950950622558594e+00
7.510303497314453125e+00
7.467294692993164062e+00
7.599684238433837891e+00
7.287928581237792969e+00
7.070857524871826172e+00
7.195947647094726562e+00
7.213881492614746094e+00
7.184113502502441406e+00
7.292986869812011719e+00
7.194826602935791016e+00
7.650553703308105469e+00
7.435168743133544922e+00
7.017253875732421875e+00
7.318217277526855469e+00
7.816260337829589844e+00
7.621218681335449219e+00
7.140782356262207031e+00
7.497017383575439453e+00
7.341715812683105469e+00
7.501633644104003906e+00
7.183645248413085938e+00
7.096234798431396484e+00
7.257741928100585938e+00
7.255564689636230469e+00
7.466475486755371094e+00
7.082131862640380859e+00
7.465223789215087891e+00
7.364542007446289062e+00
7.525705337524414062e+00
7.305331230163574219e+00
7.526487350463867188e+00
9.359945297241210938e+00
8.622388839721679688e+00
8.930111885070800781e+00
8.305233001708984375e+00
8.279019355773925781e+00
7.952522277832031250e+00
8.408245086669921875e+00
8.252812385559082031e+00
8.476081848144531250e+00
8.054794311523437500e+00
7.551085472106933594e+00
8.095643997192382812e+00
9.554179191589355469e+00
7.992866039276123047e+00
7.858990669250488281e+00
7.708576202392578125e+00
7.954064846038818359e+00
7.543365955352783203e+00
7.865549087524414062e+00
7.407354354858398438e+00
7.551018714904785156e+00
7.646019935607910156e+00
7.948971748352050781e+00
7.489411354064941406e+00
7.323535919189453125e+00
7.657224655151367188e+00
8.118816375732421875e+00
7.960194587707519531e+00
6.985470771789550781e+00
7.305644035339355469e+00
7.321184158325195312e+00
9.094754219055175781e+00
7.786145687103271484e+00
7.004578590393066406e+00
7.262083530426025391e+00
7.252222061157226562e+00
7.665413856506347656e+00
7.764374256134033203e+00
7.535654544830322266e+00
7.441821575164794922e+00
7.393705844879150391e+00
7.349328041076660156e+00
7.960789680480957031e+00
7.407369613647460938e+00
7.688170433044433594e+00
7.189217567443847656e+00
7.477979660034179688e+00
1.012550926208496094e+01
7.740468978881835938e+00
7.342602252960205078e+00
9.161958694458007812e+00
9.027423858642578125e+00
8.717144012451171875e+00
8.871515274047851562e+00
8.954372406005859375e+00
8.433959960937500000e+00
8.126128196716308594e+00
7.869742393493652344e+00
8.221094131469726562e+00
7.886686801910400391e+00
7.920774936676025391e+00
8.058349609375000000e+00
7.879264831542968750e+00
8.057804107666015625e+00
8.650901794433593750e+00
8.736421585083007812e+00
7.743268966674804688e+00
7.757135391235351562e+00
7.821863174438476562e+00
7.967650413513183594e+00
7.611788272857666016e+00
7.686793327331542969e+00
7.623584270477294922e+00
8.024012565612792969e+00
8.208673477172851562e+00
7.543514251708984375e+00
7.629532337188720703e+00
7.858281135559082031e+00
7.227925300598144531e+00
7.847545146942138672e+00
7.914673805236816406e+00
7.335143566131591797e+00
7.737741470336914062e+00
7.925575256347656250e+00
7.704152584075927734e+00
8.105561256408691406e+00
7.811298370361328125e+00
7.757761955261230469e+00
8.468059539794921875e+00
8.064727783203125000e+00
7.620056152343750000e+00
7.822361946105957031e+00
7.891703605651855469e+00
7.676418304443359375e+00
8.202292442321777344e+00
7.695896148681640625e+00
7.168851852416992188e+00
7.745273590087890625e+00
7.980197429656982422e+00
7.576362609863281250e+00
8.664352416992187500e+00
8.519043922424316406e+00
8.246988296508789062e+00
9.000694274902343750e+00
8.245798110961914062e+00
8.662927627563476562e+00
8.137940406799316406e+00
8.385584831237792969e+00
8.074070930480957031e+00
8.191864013671875000e+00
8.085115432739257812e+00
8.113293647766113281e+00
7.833149909973144531e+00
8.623290061950683594e+00
7.760260581970214844e+00
7.975119590759277344e+00
7.711455821990966797e+00
8.012493133544921875e+00
8.234004020690917969e+00
8.073587417602539062e+00
8.178702354431152344e+00
7.906921386718750000e+00
7.981702804565429688e+00
8.202046394348144531e+00
7.567797660827636719e+00
7.535258293151855469e+00
7.912540912628173828e+00
8.513429641723632812e+00
7.827674865722656250e+00
7.969580650329589844e+00
8.621881484985351562e+00
8.067446708679199219e+00
8.382591247558593750e+00
7.664901733398437500e+00
8.080837249755859375e+00
7.627887725830078125e+00
8.524003982543945312e+00
7.512394428253173828e+00
8.210847854614257812e+00
8.179582595825195312e+00
7.735193252563476562e+00
8.277656555175781250e+00
7.563212394714355469e+00
7.774075508117675781e+00
7.915134429931640625e+00
9.163682937622070312e+00
8.179685592651367188e+00
7.215075969696044922e+00
7.625848770141601562e+00
7.727830886840820312e+00
8.607778549194335938e+00
8.446141242980957031e+00
8.155873298645019531e+00
8.320508956909179688e+00
7.916581630706787109e+00
8.005829811096191406e+00
8.304961204528808594e+00
7.795914649963378906e+00
8.685062408447265625e+00
7.879994392395019531e+00
7.748126029968261719e+00
8.014247894287109375e+00
7.490975379943847656e+00
7.947329521179199219e+00
7.737396240234375000e+00
7.702153205871582031e+00
7.705409049987792969e+00
7.672137260437011719e+00
8.285347938537597656e+00
7.444781303405761719e+00
7.634971618652343750e+00
7.701968193054199219e+00
7.850470542907714844e+00
7.703997611999511719e+00
7.784346580505371094e+00
7.471694469451904297e+00
7.583667755126953125e+00
7.786159515380859375e+00
7.762137889862060547e+00
8.121785163879394531e+00
7.864354133605957031e+00
7.081914901733398438e+00
8.230762481689453125e+00
7.432249069213867188e+00
7.500123023986816406e+00
7.858049392700195312e+00
8.012388229370117188e+00
7.760172367095947266e+00
7.860572814941406250e+00
7.893013954162597656e+00
7.825985908508300781e+00
7.880284786224365234e+00
7.842240810394287109e+00
7.718404293060302734e+00
7.561325073242187500e+00
7.454125881195068359e+00
7.367066860198974609e+00
7.930644989013671875e+00
7.378443241119384766e+00
7.877012252807617188e+00
8.287574768066406250e+00
8.574340820312500000e+00
8.604486465454101562e+00
7.906957626342773438e+00
8.340797424316406250e+00
7.297610282897949219e+00
7.741120815277099609e+00
8.297516822814941406e+00
7.828115463256835938e+00
7.432909011840820312e+00
7.654596328735351562e+00
7.859011650085449219e+00
7.646341323852539062e+00
7.575497627258300781e+00
7.777760982513427734e+00
7.670236587524414062e+00
7.455458641052246094e+00
8.158161163330078125e+00
7.198088645935058594e+00
7.980859756469726562e+00
7.435090065002441406e+00
7.885621547698974609e+00
7.733319759368896484e+00
7.751072883605957031e+00
7.527328968048095703e+00
7.010899543762207031e+00
7.804412841796875000e+00
7.509301185607910156e+00
7.719456195831298828e+00
7.177077293395996094e+00
7.677775859832763672e+00
7.613617420196533203e+00
7.809788227081298828e+00
7.905147075653076172e+00
7.534949302673339844e+00
7.247995376586914062e+00
7.146233558654785156e+00
7.447782516479492188e+00
7.292000293731689453e+00
7.175203800201416016e+00
7.359675407409667969e+00
7.476071834564208984e+00
7.620895862579345703e+00
7.671700477600097656e+00
7.634328842163085938e+00
7.315878868103027344e+00
7.574439525604248047e+00
7.089982509613037109e+00
7.671105384826660156e+00
7.465745449066162109e+00
7.306610107421875000e+00
7.547992706298828125e+00
7.644638061523437500e+00
7.976533889770507812e+00
8.180788040161132812e+00
7.695666313171386719e+00
7.130759239196777344e+00
7.398909568786621094e+00
7.069210052490234375e+00
7.340964317321777344e+00
7.188737869262695312e+00
7.202992439270019531e+00
7.097546577453613281e+00
6.684795379638671875e+00
6.843222618103027344e+00
6.883312702178955078e+00
7.014685630798339844e+00
6.743970870971679688e+00
6.827145576477050781e+00
6.941703796386718750e+00
6.832860946655273438e+00
7.153560161590576172e+00
6.633425712585449219e+00
6.631839275360107422e+00
6.874175071716308594e+00
7.098364830017089844e+00
6.672430038452148438e+00
7.190501213073730469e+00
6.683911800384521484e+00
7.007677555084228516e+00
7.347572803497314453e+00
6.805869579315185547e+00
6.583580970764160156e+00
6.759579658508300781e+00
6.775008678436279297e+00
7.165507316589355469e+00
6.758233070373535156e+00
7.045318603515625000e+00
7.114500999450683594e+00
7.354526519775390625e+00
7.060021877288818359e+00
7.021297454833984375e+00
7.053179740905761719e+00
6.661802291870117188e+00
6.642634391784667969e+00
6.553005695343017578e+00
6.862495899200439453e+00
6.819067955017089844e+00
7.607734680175781250e+00
7.144025325775146484e+00
8.037763595581054688e+00
7.862661361694335938e+00
7.380770206451416016e+00
7.595537185668945312e+00
7.730412006378173828e+00
8.169967651367187500e+00
7.568660736083984375e+00
7.191507816314697266e+00
7.243847846984863281e+00
7.970734596252441406e+00
6.685428619384765625e+00
7.573665618896484375e+00
6.807240486145019531e+00
7.532749176025390625e+00
7.293066978454589844e+00
7.146559715270996094e+00
8.263450622558593750e+00
7.189908981323242188e+00
7.505821228027343750e+00
7.300914764404296875e+00
7.154415130615234375e+00
7.481571197509765625e+00
7.244923591613769531e+00
7.293585777282714844e+00
6.980344772338867188e+00
7.213612079620361328e+00
7.356526374816894531e+00
7.422764778137207031e+00
7.242759704589843750e+00
7.045296669006347656e+00
7.114984512329101562e+00
6.867750167846679688e+00
6.963971138000488281e+00
7.412694931030273438e+00
6.865767478942871094e+00
9.518203735351562500e+00
6.976354122161865234e+00
8.507012367248535156e+00
7.232131958007812500e+00
6.990926742553710938e+00
8.042880058288574219e+00
6.741753578186035156e+00
9.660593032836914062e+00
6.916477203369140625e+00
7.393178939819335938e+00
6.779706954956054688e+00
6.987029075622558594e+00
7.193016052246093750e+00
7.105920791625976562e+00
6.723672866821289062e+00
8.281940460205078125e+00
8.691715240478515625e+00
8.347560882568359375e+00
8.221674919128417969e+00
8.356929779052734375e+00
9.357737541198730469e+00
8.349478721618652344e+00
8.119091033935546875e+00
7.837131500244140625e+00
8.087099075317382812e+00
8.353504180908203125e+00
8.199068069458007812e+00
8.052494049072265625e+00
7.786481380462646484e+00
8.107735633850097656e+00
7.835206508636474609e+00
7.920632362365722656e+00
7.978504657745361328e+00
8.339060783386230469e+00
8.254275321960449219e+00
7.913308143615722656e+00
8.441888809204101562e+00
7.815516948699951172e+00
8.295583724975585938e+00
7.777932643890380859e+00
8.101803779602050781e+00
7.662821769714355469e+00
7.993025779724121094e+00
8.003042221069335938e+00
7.754509925842285156e+00
7.944662094116210938e+00
7.836967468261718750e+00
7.755478858947753906e+00
8.145909309387207031e+00
7.569561004638671875e+00
7.493031024932861328e+00
8.124662399291992188e+00
7.648029327392578125e+00
7.966262340545654297e+00
7.914304733276367188e+00
7.922410964965820312e+00
7.370627403259277344e+00
7.889268875122070312e+00
7.642916679382324219e+00
7.559051513671875000e+00
7.770834922790527344e+00
8.130077362060546875e+00
7.627953529357910156e+00
9.583881378173828125e+00
7.454454898834228516e+00
8.263113021850585938e+00
8.296070098876953125e+00
7.836834907531738281e+00
8.239264488220214844e+00
8.032432556152343750e+00
7.714118480682373047e+00
7.701117515563964844e+00
8.235458374023437500e+00
7.979216575622558594e+00
7.483346939086914062e+00
7.356796741485595703e+00
7.530879020690917969e+00
8.494844436645507812e+00
7.539692878723144531e+00
7.156790733337402344e+00
7.538123607635498047e+00
7.376882553100585938e+00
8.887350082397460938e+00
8.180133819580078125e+00
7.999611854553222656e+00
8.600655555725097656e+00
7.854303359985351562e+00
7.683534622192382812e+00
7.811883449554443359e+00
7.806151390075683594e+00
7.383857727050781250e+00
7.389648437500000000e+00
8.322478294372558594e+00
7.815264225006103516e+00
7.605230808258056641e+00
7.768700122833251953e+00
7.794039726257324219e+00
7.299557685852050781e+00
7.571035385131835938e+00
8.844758987426757812e+00
7.381320476531982422e+00
7.546216964721679688e+00
7.268152236938476562e+00
7.509855747222900391e+00
7.294037818908691406e+00
7.625515937805175781e+00
7.178729057312011719e+00
7.320785522460937500e+00
7.379476547241210938e+00
7.554455280303955078e+00
7.396188259124755859e+00
6.960229396820068359e+00
7.076904296875000000e+00
7.110784530639648438e+00
7.457979202270507812e+00
7.401070594787597656e+00
7.378871917724609375e+00
7.529179096221923828e+00
8.049227714538574219e+00
7.414788246154785156e+00
7.529738903045654297e+00
7.413568019866943359e+00
7.148502826690673828e+00
7.723929405212402344e+00
7.691230297088623047e+00
7.568387508392333984e+00
7.562095165252685547e+00
7.268883705139160156e+00
7.400917053222656250e+00
7.447808265686035156e+00
6.866708278656005859e+00
7.210578918457031250e+00
7.989855766296386719e+00
8.137248039245605469e+00
8.493271827697753906e+00
7.717356681823730469e+00
7.831310749053955078e+00
7.877895355224609375e+00
7.603271484375000000e+00
7.459887981414794922e+00
7.329625129699707031e+00
7.296234607696533203e+00
7.545340538024902344e+00
7.414290428161621094e+00
7.290647029876708984e+00
7.227763652801513672e+00
7.745073795318603516e+00
7.053932189941406250e+00
8.852375984191894531e+00
7.240587234497070312e+00
6.966047286987304688e+00
7.189779281616210938e+00
6.991869926452636719e+00
7.476135253906250000e+00
7.537170886993408203e+00
7.417675971984863281e+00
7.216856956481933594e+00
7.258648395538330078e+00
7.151176929473876953e+00
7.071027755737304688e+00
6.690746784210205078e+00
7.383448123931884766e+00
7.373692512512207031e+00
6.834342479705810547e+00
7.179902076721191406e+00
6.649926185607910156e+00
7.438997268676757812e+00
7.087685585021972656e+00
7.423003196716308594e+00
7.638282299041748047e+00
7.160367488861083984e+00
7.154563903808593750e+00
6.737254142761230469e+00
7.309567451477050781e+00
7.162825584411621094e+00
6.928209304809570312e+00
7.110292434692382812e+00
1.038421630859375000e+01
7.856184482574462891e+00
7.226737499237060547e+00
7.212370872497558594e+00
7.097996234893798828e+00
7.255601882934570312e+00
6.817405700683593750e+00
6.921037673950195312e+00
6.872272491455078125e+00
7.033409118652343750e+00
6.761395454406738281e+00
6.398977279663085938e+00
7.229663848876953125e+00
6.707869529724121094e+00
6.829242706298828125e+00
6.459049224853515625e+00
6.612174034118652344e+00
6.489275932312011719e+00
6.805538177490234375e+00
6.633163928985595703e+00
6.793742179870605469e+00
6.567538261413574219e+00
6.822829246520996094e+00
6.572113990783691406e+00
6.717619895935058594e+00
6.411737918853759766e+00
6.970070362091064453e+00
6.360753536224365234e+00
6.481098651885986328e+00
6.916610717773437500e+00
7.179803848266601562e+00
6.785045623779296875e+00
6.832270622253417969e+00
6.798574447631835938e+00
6.486468315124511719e+00
6.509333133697509766e+00
6.312869071960449219e+00
6.622513294219970703e+00
6.659987926483154297e+00
6.384961128234863281e+00
6.497695446014404297e+00
6.146365165710449219e+00
6.538146972656250000e+00
6.708373069763183594e+00
6.755002021789550781e+00
6.312726020812988281e+00
6.428238391876220703e+00
6.712808609008789062e+00
6.287517070770263672e+00
6.606709957122802734e+00
6.789664745330810547e+00
6.381409168243408203e+00
6.816460132598876953e+00
7.713518142700195312e+00
7.240386486053466797e+00
6.912574768066406250e+00
8.316450119018554688e+00
8.640658378601074219e+00
8.228968620300292969e+00
8.849152565002441406e+00
8.198175430297851562e+00
7.463596343994140625e+00
8.102453231811523438e+00
8.039848327636718750e+00
7.956670761108398438e+00
8.060831069946289062e+00
7.889347076416015625e+00
8.618255615234375000e+00
7.918246746063232422e+00
7.587531566619873047e+00
7.454690456390380859e+00
7.557406425476074219e+00
7.526436805725097656e+00
7.507139205932617188e+00
7.471328735351562500e+00
7.514936447143554688e+00
7.607935428619384766e+00
7.354524135589599609e+00
7.003886699676513672e+00
8.284333229064941406e+00
7.576366424560546875e+00
7.373607635498046875e+00
7.699381828308105469e+00
7.583470344543457031e+00
7.427325248718261719e+00
7.495843887329101562e+00
7.317667961120605469e+00
7.527045249938964844e+00
7.422905921936035156e+00
7.838253974914550781e+00
1.042292308807373047e+01
7.574121952056884766e+00
7.438821315765380859e+00
7.548291683197021484e+00
7.794274330139160156e+00
7.210867881774902344e+00
7.537348747253417969e+00
7.317734718322753906e+00
7.524231910705566406e+00
7.592110633850097656e+00
7.257302761077880859e+00
7.467710018157958984e+00
7.438449859619140625e+00
7.062696456909179688e+00
7.863882064819335938e+00
7.535802841186523438e+00
6.570351600646972656e+00
6.103687286376953125e+00
6.610074043273925781e+00
6.153352737426757812e+00
6.193113327026367188e+00
6.794937133789062500e+00
6.478344917297363281e+00
6.316869735717773438e+00
6.595651626586914062e+00
6.366518497467041016e+00
5.955744743347167969e+00
6.263505935668945312e+00
6.179839134216308594e+00
6.535469055175781250e+00
6.297536849975585938e+00
6.137834072113037109e+00
6.061865806579589844e+00
6.404951095581054688e+00
6.530099391937255859e+00
5.705782413482666016e+00
5.785532474517822266e+00
5.684171199798583984e+00
6.172523498535156250e+00
6.073827743530273438e+00
6.409148216247558594e+00
5.669532775878906250e+00
6.501888275146484375e+00
6.157047271728515625e+00
6.067128181457519531e+00
6.506987571716308594e+00
5.989022254943847656e+00
5.744473457336425781e+00
6.071137428283691406e+00
6.820186614990234375e+00
6.019908905029296875e+00
6.148785114288330078e+00
6.329152584075927734e+00
6.093737602233886719e+00
5.916241645812988281e+00
6.396348476409912109e+00
6.354094505310058594e+00
6.264482975006103516e+00
5.812204837799072266e+00
6.231304645538330078e+00
5.948884487152099609e+00
6.089740753173828125e+00
6.264925003051757812e+00
6.077639102935791016e+00
6.430323123931884766e+00
6.133064270019531250e+00
8.241777420043945312e+00
7.651398658752441406e+00
7.619855403900146484e+00
7.074328422546386719e+00
6.925747871398925781e+00
6.812005043029785156e+00
7.127308845520019531e+00
7.340754508972167969e+00
6.928184509277343750e+00
7.288019180297851562e+00
7.087818622589111328e+00
7.306842803955078125e+00
7.467829704284667969e+00
7.283358573913574219e+00
6.942156791687011719e+00
7.039931774139404297e+00
6.744250297546386719e+00
7.054211616516113281e+00
6.965380668640136719e+00
6.827934265136718750e+00
6.597205162048339844e+00
6.880290985107421875e+00
8.400736808776855469e+00
6.998767375946044922e+00
6.745011329650878906e+00
7.433317184448242188e+00
6.787123680114746094e+00
6.822589397430419922e+00
7.062651157379150391e+00
7.038405418395996094e+00
7.494796276092529297e+00
7.008114337921142578e+00
6.649000167846679688e+00
6.760780334472656250e+00
7.048161506652832031e+00
6.499510765075683594e+00
6.884030342102050781e+00
7.117416858673095703e+00
6.993408679962158203e+00
6.779231071472167969e+00
7.354539871215820312e+00
7.092579841613769531e+00
7.066855907440185547e+00
6.708716392517089844e+00
6.806919574737548828e+00
7.138468265533447266e+00
6.984188079833984375e+00
7.642465114593505859e+00
6.622324943542480469e+00
6.977173805236816406e+00
8.017774581909179688e+00
8.738992691040039062e+00
8.194911003112792969e+00
7.380478858947753906e+00
7.574820518493652344e+00
7.604290008544921875e+00
7.882160186767578125e+00
7.824387073516845703e+00
7.265826225280761719e+00
7.861417293548583984e+00
7.194296360015869141e+00
7.480281829833984375e+00
7.260008811950683594e+00
7.169813156127929688e+00
7.123233795166015625e+00
7.812016963958740234e+00
7.527390480041503906e+00
7.315657615661621094e+00
8.262655258178710938e+00
7.382565021514892578e+00
7.464675903320312500e+00
7.519314765930175781e+00
7.425761699676513672e+00
7.169712066650390625e+00
7.239756584167480469e+00
7.268918991088867188e+00
7.131340026855468750e+00
7.228085517883300781e+00
7.703195571899414062e+00
7.249110221862792969e+00
7.702693939208984375e+00
7.111677169799804688e+00
7.161993980407714844e+00
7.626775741577148438e+00
7.168622970581054688e+00
7.389021873474121094e+00
7.345354080200195312e+00
7.426302909851074219e+00
7.803501129150390625e+00
7.667634963989257812e+00
7.344842910766601562e+00
7.289800643920898438e+00
7.036130428314208984e+00
7.237912654876708984e+00
7.179905414581298828e+00
7.255875587463378906e+00
7.370605468750000000e+00
7.598433971405029297e+00
7.402453422546386719e+00
7.554236888885498047e+00
7.190809726715087891e+00
7.297720909118652344e+00
7.026319980621337891e+00
7.071453094482421875e+00
7.054375171661376953e+00
6.823818206787109375e+00
6.573721885681152344e+00
6.543024063110351562e+00
7.009285926818847656e+00
6.461145401000976562e+00
6.539320945739746094e+00
6.672655582427978516e+00
6.284938812255859375e+00
6.623643398284912109e+00
6.559599876403808594e+00
6.452119827270507812e+00
6.551675796508789062e+00
6.699298381805419922e+00
6.467103958129882812e+00
6.120505332946777344e+00
6.607714653015136719e+00
6.316907882690429688e+00
6.842743873596191406e+00
6.808248519897460938e+00
6.429480075836181641e+00
6.571782112121582031e+00
7.030107498168945312e+00
6.279510021209716797e+00
5.993847846984863281e+00
6.672099113464355469e+00
6.567071914672851562e+00
6.562790870666503906e+00
7.495473384857177734e+00
6.773239135742187500e+00
6.202765464782714844e+00
6.669803142547607422e+00
6.413022041320800781e+00
6.385101318359375000e+00
6.837614536285400391e+00
6.791233539581298828e+00
6.597157478332519531e+00
6.624379158020019531e+00
6.891410827636718750e+00
6.252120018005371094e+00
6.681221008300781250e+00
6.638353347778320312e+00
6.576239585876464844e+00
8.329019546508789062e+00
6.792042732238769531e+00
6.711433410644531250e+00
7.538155555725097656e+00
7.823423385620117188e+00
7.558408260345458984e+00
7.559678077697753906e+00
7.685691356658935547e+00
7.372299194335937500e+00
7.237732887268066406e+00
6.967686653137207031e+00
7.203205108642578125e+00
6.832528114318847656e+00
6.981349468231201172e+00
6.604127407073974609e+00
6.962625026702880859e+00
6.965167522430419922e+00
7.015251159667968750e+00
7.478196620941162109e+00
6.594133377075195312e+00
6.727777481079101562e+00
6.940107345581054688e+00
6.907267093658447266e+00
6.835780620574951172e+00
6.840466976165771484e+00
7.136388778686523438e+00
6.915766716003417969e+00
6.616344451904296875e+00
6.410142421722412109e+00
6.660371780395507812e+00
6.577354431152343750e+00
6.644201755523681641e+00
6.800178050994873047e+00
6.898744583129882812e+00
6.900874137878417969e+00
6.686594009399414062e+00
6.784120559692382812e+00
7.230590820312500000e+00
6.651483535766601562e+00
6.973073482513427734e+00
6.749567985534667969e+00
6.743469238281250000e+00
6.828599929809570312e+00
6.664494514465332031e+00
6.555541038513183594e+00
6.739168643951416016e+00
6.600043296813964844e+00
7.018364429473876953e+00
6.865255355834960938e+00
6.847479343414306641e+00
6.765770912170410156e+00
6.996228218078613281e+00
6.626406669616699219e+00
7.374680519104003906e+00
7.978169441223144531e+00
7.334309577941894531e+00
7.569042205810546875e+00
7.228387832641601562e+00
7.455580711364746094e+00
7.110959529876708984e+00
6.839331626892089844e+00
6.823161125183105469e+00
6.901430606842041016e+00
6.936411857604980469e+00
6.876846313476562500e+00
6.770420074462890625e+00
7.283594131469726562e+00
6.566225528717041016e+00
6.890229701995849609e+00
6.825117111206054688e+00
6.993770599365234375e+00
7.041469097137451172e+00
6.855599880218505859e+00
6.966458320617675781e+00
6.914023399353027344e+00
7.009399414062500000e+00
6.796876907348632812e+00
7.000523567199707031e+00
7.130582809448242188e+00
6.862160682678222656e+00
7.254022598266601562e+00
6.834836959838867188e+00
6.996279716491699219e+00
7.103874206542968750e+00
6.614568710327148438e+00
6.826330184936523438e+00
6.779777050018310547e+00
7.019070625305175781e+00
6.740184783935546875e+00
7.078836917877197266e+00
6.460648059844970703e+00
7.256061553955078125e+00
7.045270919799804688e+00
6.464461326599121094e+00
6.742047309875488281e+00
6.486887454986572266e+00
6.712561607360839844e+00
6.573524475097656250e+00
8.877492904663085938e+00
6.650411605834960938e+00
6.505662441253662109e+00
6.800647735595703125e+00
7.079419136047363281e+00
7.321008205413818359e+00
7.339161872863769531e+00
7.217551708221435547e+00
6.865433216094970703e+00
6.366897106170654297e+00
6.806661605834960938e+00
7.118010520935058594e+00
6.967594146728515625e+00
7.247798919677734375e+00
6.700468063354492188e+00
6.746640205383300781e+00
6.873337745666503906e+00
6.857340812683105469e+00
6.812534332275390625e+00
6.716698646545410156e+00
6.772186279296875000e+00
6.803465366363525391e+00
6.911534309387207031e+00
6.930342674255371094e+00
6.618037223815917969e+00
7.329771041870117188e+00
6.606420040130615234e+00
6.794566154479980469e+00
6.693980693817138672e+00
6.702474117279052734e+00
6.699665069580078125e+00
6.693211555480957031e+00
6.457103729248046875e+00
6.771340370178222656e+00
7.188062191009521484e+00
6.648946285247802734e+00
6.758900165557861328e+00
6.846049308776855469e+00
6.583783149719238281e+00
6.706269264221191406e+00
6.918340206146240234e+00
6.765225410461425781e+00
6.840533733367919922e+00
6.675113677978515625e+00
6.641508102416992188e+00
6.825160980224609375e+00
6.760309219360351562e+00
7.159575939178466797e+00
6.423126220703125000e+00
6.829219818115234375e+00
6.806572914123535156e+00
6.592969894409179688e+00
6.761337280273437500e+00
6.565775871276855469e+00
6.814593791961669922e+00
6.524386405944824219e+00
6.720508575439453125e+00
6.749731063842773438e+00
6.699146270751953125e+00
6.398887157440185547e+00
6.165591716766357422e+00
6.538438796997070312e+00
6.568876743316650391e+00
6.685865879058837891e+00
6.756527900695800781e+00
6.170941829681396484e+00
6.136969089508056641e+00
6.028285503387451172e+00
6.197036743164062500e+00
5.910273551940917969e+00
6.019296646118164062e+00
6.067389965057373047e+00
6.745799064636230469e+00
6.015281677246093750e+00
6.428483009338378906e+00
5.934637069702148438e+00
6.406380653381347656e+00
6.169890880584716797e+00
6.284948348999023438e+00
6.354229927062988281e+00
6.278120040893554688e+00
6.207362651824951172e+00
5.911822319030761719e+00
6.173883914947509766e+00
5.812106609344482422e+00
5.879035949707031250e+00
5.796203613281250000e+00
5.795423507690429688e+00
6.076262474060058594e+00
5.944419384002685547e+00
6.126460075378417969e+00
6.077593803405761719e+00
6.185867309570312500e+00
5.997947216033935547e+00
5.706372737884521484e+00
6.055089473724365234e+00
6.382149696350097656e+00
6.522715091705322266e+00
6.347720146179199219e+00
5.960392951965332031e+00
5.979763031005859375e+00
6.342504978179931641e+00
5.685078144073486328e+00
6.540755748748779297e+00
6.109097957611083984e+00
8.096443176269531250e+00
7.994928836822509766e+00
7.993399620056152344e+00
8.097804069519042969e+00
8.060066223144531250e+00
7.784591197967529297e+00
7.974958419799804688e+00
7.833248138427734375e+00
7.876669883728027344e+00
7.664693832397460938e+00
7.450606346130371094e+00
7.729149818420410156e+00
7.674252033233642578e+00
7.420389175415039062e+00
7.656122207641601562e+00
7.579389572143554688e+00
7.570147991180419922e+00
7.092616558074951172e+00
7.324432373046875000e+00
7.756980419158935547e+00
7.335310935974121094e+00
7.562497138977050781e+00
7.421676635742187500e+00
7.413444519042968750e+00
7.106584548950195312e+00
7.322214126586914062e+00
7.382258415222167969e+00
7.677786827087402344e+00
7.318618297576904297e+00
7.411727905273437500e+00
7.840855598449707031e+00
7.547084808349609375e+00
7.594192981719970703e+00
7.285963058471679688e+00
7.709334850311279297e+00
7.633494853973388672e+00
7.236388683319091797e+00
7.395499229431152344e+00
7.577399253845214844e+00
7.744380950927734375e+00
7.652997016906738281e+00
7.374240875244140625e+00
7.506937026977539062e+00
7.452505111694335938e+00
7.479578971862792969e+00
7.225239276885986328e+00
7.523969173431396484e+00
7.382050991058349609e+00
7.322322845458984375e+00
7.440166473388671875e+00
7.379883766174316406e+00
7.349761009216308594e+00
7.263872623443603516e+00
7.117252826690673828e+00
7.336074352264404297e+00
7.209055423736572266e+00
6.966264724731445312e+00
6.736979007720947266e+00
6.880818367004394531e+00
7.310938835144042969e+00
6.283514976501464844e+00
6.907382965087890625e+00
6.926331996917724609e+00
6.764696121215820312e+00
6.750584602355957031e+00
6.836692333221435547e+00
7.693001747131347656e+00
6.359460353851318359e+00
6.616973876953125000e+00
7.373935699462890625e+00
6.759874343872070312e+00
7.112870216369628906e+00
6.903027534484863281e+00
6.838227748870849609e+00
6.589890480041503906e+00
6.617971420288085938e+00
6.645916461944580078e+00
7.147778034210205078e+00
6.890549659729003906e+00
6.673029422760009766e+00
7.131330966949462891e+00
6.494263172149658203e+00
6.512425899505615234e+00
6.802336692810058594e+00
6.593500137329101562e+00
1.005200386047363281e+01
6.367513656616210938e+00
7.845421791076660156e+00
6.952256679534912109e+00
6.570493698120117188e+00
7.573533058166503906e+00
6.451045036315917969e+00
8.229181289672851562e+00
6.719900131225585938e+00
8.254739761352539062e+00
6.347879409790039062e+00
6.490437507629394531e+00
6.939053058624267578e+00
6.840286731719970703e+00
6.334850311279296875e+00
6.916049957275390625e+00
6.799661636352539062e+00
6.646503448486328125e+00
7.056968688964843750e+00
6.780380249023437500e+00
7.646494388580322266e+00
7.076703071594238281e+00
6.661665916442871094e+00
6.268992424011230469e+00
7.495650291442871094e+00
6.796669006347656250e+00
6.337317466735839844e+00
6.268900871276855469e+00
6.141932010650634766e+00
6.257696151733398438e+00
6.260687351226806641e+00
6.788436889648437500e+00
6.162026405334472656e+00
6.755483627319335938e+00
6.359196662902832031e+00
6.658015251159667969e+00
6.333810329437255859e+00
5.958336353302001953e+00
6.218763351440429688e+00
6.060429573059082031e+00
6.526056766510009766e+00
6.192208290100097656e+00
6.517148017883300781e+00
6.436732292175292969e+00
6.386223316192626953e+00
6.542510986328125000e+00
6.060326099395751953e+00
6.317504405975341797e+00
6.423696994781494141e+00
1.006675148010253906e+01
5.991421699523925781e+00
7.112894535064697266e+00
6.469027996063232422e+00
6.053680419921875000e+00
6.165856361389160156e+00
6.641119956970214844e+00
6.203672409057617188e+00
6.851999282836914062e+00
6.182136535644531250e+00
6.202121734619140625e+00
6.195662021636962891e+00
6.298802375793457031e+00
6.127079010009765625e+00
7.657082080841064453e+00
6.066710472106933594e+00
6.357721328735351562e+00
5.723403930664062500e+00
5.810026645660400391e+00
5.543073654174804688e+00
5.297611713409423828e+00
5.059892177581787109e+00
4.682364463806152344e+00
5.715417861938476562e+00
5.362487792968750000e+00
5.063619613647460938e+00
5.625802993774414062e+00
5.325574874877929688e+00
6.519852638244628906e+00
5.880068778991699219e+00
5.265897274017333984e+00
5.985754013061523438e+00
5.705281734466552734e+00
8.783141136169433594e+00
7.107692718505859375e+00
6.880263328552246094e+00
6.619419097900390625e+00
6.266006469726562500e+00
6.186818599700927734e+00
6.387903213500976562e+00
6.490123748779296875e+00
6.026353836059570312e+00
6.004158020019531250e+00
7.387668132781982422e+00
6.502189636230468750e+00
6.289388656616210938e+00
6.115828037261962891e+00
6.207557678222656250e+00
5.997065067291259766e+00
6.586552143096923828e+00
7.038746833801269531e+00
6.141848564147949219e+00
5.927025794982910156e+00
6.206891059875488281e+00
5.611507892608642578e+00
5.979257106781005859e+00
6.376398086547851562e+00
5.577685832977294922e+00
5.744133949279785156e+00
5.891148090362548828e+00
6.059133529663085938e+00
6.137054920196533203e+00
5.597908973693847656e+00
5.828557014465332031e+00
6.010246276855468750e+00
5.947029113769531250e+00
5.920547008514404297e+00
6.513780593872070312e+00
6.017533302307128906e+00
5.887809276580810547e+00
5.804083824157714844e+00
6.011641502380371094e+00
6.274480342864990234e+00
5.977955818176269531e+00
6.353113174438476562e+00
6.676293373107910156e+00
6.386608123779296875e+00
5.863161087036132812e+00
5.771240711212158203e+00
6.093353271484375000e+00
6.073853969573974609e+00
6.326717376708984375e+00
6.217243194580078125e+00
6.434038162231445312e+00
7.452085494995117188e+00
7.613486289978027344e+00
7.195292472839355469e+00
7.372024536132812500e+00
7.197987556457519531e+00
7.158015251159667969e+00
7.187983512878417969e+00
6.853957176208496094e+00
6.984172821044921875e+00
7.249931335449218750e+00
7.095466136932373047e+00
6.999281883239746094e+00
7.153233528137207031e+00
7.130848407745361328e+00
7.095853805541992188e+00
7.296508789062500000e+00
6.800158500671386719e+00
7.034209251403808594e+00
7.008821487426757812e+00
7.138405323028564453e+00
6.746202468872070312e+00
7.057455062866210938e+00
6.833832740783691406e+00
6.678576469421386719e+00
6.835227966308593750e+00
6.463052272796630859e+00
6.762519836425781250e+00
6.423822402954101562e+00
6.983585357666015625e+00
7.214460372924804688e+00
6.686108112335205078e+00
6.592634201049804688e+00
6.561002254486083984e+00
7.220468521118164062e+00
6.974773406982421875e+00
6.887997627258300781e+00
7.205389976501464844e+00
6.710564136505126953e+00
7.057177066802978516e+00
6.584676742553710938e+00
6.832013130187988281e+00
7.142933845520019531e+00
6.669722557067871094e+00
6.611470699310302734e+00
6.801645278930664062e+00
7.340733528137207031e+00
6.605392456054687500e+00
6.759316444396972656e+00
6.341476440429687500e+00
7.105560302734375000e+00
6.105291366577148438e+00
5.713678836822509766e+00
5.859946250915527344e+00
6.030490875244140625e+00
6.261679172515869141e+00
5.983963012695312500e+00
6.204085826873779297e+00
6.771916389465332031e+00
5.787435531616210938e+00
5.996995449066162109e+00
5.719754695892333984e+00
5.628317356109619141e+00
5.823884963989257812e+00
5.946866035461425781e+00
6.242897033691406250e+00
5.755691051483154297e+00
5.671590805053710938e+00
5.715743541717529297e+00
5.750679969787597656e+00
5.793107509613037109e+00
6.536704540252685547e+00
5.779084205627441406e+00
5.469228744506835938e+00
6.335604667663574219e+00
6.215188503265380859e+00
5.696784496307373047e+00
5.981391906738281250e+00
5.590260028839111328e+00
5.594886779785156250e+00
5.761132240295410156e+00
5.254136562347412109e+00
5.454546928405761719e+00
5.882577896118164062e+00
5.440353393554687500e+00
5.503431797027587891e+00
5.445293426513671875e+00
5.235977172851562500e+00
5.562879085540771484e+00
5.492940425872802734e+00
5.823425292968750000e+00
5.404679298400878906e+00
5.931781291961669922e+00
6.026991367340087891e+00
5.646773338317871094e+00
5.858404159545898438e+00
5.792835235595703125e+00
5.825622558593750000e+00
7.137334823608398438e+00
7.007137298583984375e+00
5.742250919342041016e+00
7.042224884033203125e+00
7.672583580017089844e+00
7.149464130401611328e+00
7.334736824035644531e+00
7.262004852294921875e+00
6.685303688049316406e+00
6.921615600585937500e+00
7.208791732788085938e+00
7.307363986968994141e+00
7.229753017425537109e+00
6.710214138031005859e+00
6.698925971984863281e+00
6.641919612884521484e+00
6.542766094207763672e+00
6.695043563842773438e+00
6.510111808776855469e+00
6.552353858947753906e+00
6.255928039550781250e+00
6.630638122558593750e+00
6.733106613159179688e+00
6.719941139221191406e+00
6.774503707885742188e+00
6.742591857910156250e+00
6.562161445617675781e+00
6.515368461608886719e+00
6.657629013061523438e+00
6.703279495239257812e+00
6.545410156250000000e+00
7.054889202117919922e+00
6.536790370941162109e+00
6.222576141357421875e+00
6.791749000549316406e+00
6.758008956909179688e+00
7.147424697875976562e+00
1.144273281097412109e+01
6.837340354919433594e+00
6.882087707519531250e+00
6.947100162506103516e+00
6.904727458953857422e+00
6.583072662353515625e+00
6.700155258178710938e+00
6.353114604949951172e+00
6.803750038146972656e+00
6.935369491577148438e+00
6.498638153076171875e+00
6.870568275451660156e+00
6.710580825805664062e+00
6.590100765228271484e+00
7.298359870910644531e+00
6.705431938171386719e+00
6.512393474578857422e+00
5.917932033538818359e+00
6.264647483825683594e+00
5.757113456726074219e+00
5.976404666900634766e+00
5.917022705078125000e+00
5.966399192810058594e+00
5.857136726379394531e+00
5.978977203369140625e+00
6.080030441284179688e+00
5.497809410095214844e+00
5.975832939147949219e+00
5.484436035156250000e+00
5.850550174713134766e+00
6.066411972045898438e+00
5.751400947570800781e+00
5.993810653686523438e+00
5.515783786773681641e+00
6.076005935668945312e+00
5.980923652648925781e+00
5.771726608276367188e+00
5.711143970489501953e+00
5.807281494140625000e+00
5.814695358276367188e+00
5.967382907867431641e+00
5.532688140869140625e+00
5.641680717468261719e+00
5.812656402587890625e+00
5.844048500061035156e+00
6.215407371520996094e+00
6.026685714721679688e+00
6.238695144653320312e+00
5.828021526336669922e+00
6.012475013732910156e+00
5.687314510345458984e+00
5.861648082733154297e+00
6.253146648406982422e+00
5.896475791931152344e+00
7.379314899444580078e+00
5.909579277038574219e+00
6.162964820861816406e+00
5.946717262268066406e+00
5.578434944152832031e+00
5.782492637634277344e+00
5.426465034484863281e+00
5.660025596618652344e+00
6.934743404388427734e+00
5.713296413421630859e+00
6.063481807708740234e+00
5.639606475830078125e+00
7.464773178100585938e+00
6.669445991516113281e+00
6.777028083801269531e+00
6.405847072601318359e+00
7.155464649200439453e+00
6.414275169372558594e+00
6.399271965026855469e+00
6.341773033142089844e+00
6.110364913940429688e+00
6.326858043670654297e+00
5.861230850219726562e+00
6.844675540924072266e+00
7.025119781494140625e+00
6.696413993835449219e+00
6.569231033325195312e+00
5.943472862243652344e+00
6.224604606628417969e+00
9.421276092529296875e+00
5.993558883666992188e+00
6.219302177429199219e+00
5.725950241088867188e+00
6.039028167724609375e+00
7.616526126861572266e+00
5.957285404205322266e+00
6.397789955139160156e+00
7.718106269836425781e+00
6.660370826721191406e+00
6.047691345214843750e+00
5.829744815826416016e+00
5.658646106719970703e+00
5.495202064514160156e+00
1.393015098571777344e+01
5.982611656188964844e+00
6.465176105499267578e+00
5.904739379882812500e+00
5.910097122192382812e+00
5.691107273101806641e+00
5.979510307312011719e+00
6.404881477355957031e+00
5.628310203552246094e+00
5.982653617858886719e+00
6.043802261352539062e+00
6.437280178070068359e+00
5.856641769409179688e+00
6.193417549133300781e+00
6.403961181640625000e+00
6.420454025268554688e+00
7.784217834472656250e+00
5.524083137512207031e+00
6.180914878845214844e+00
7.622544288635253906e+00
7.694931030273437500e+00
7.347512245178222656e+00
7.126773834228515625e+00
7.413757801055908203e+00
7.022213935852050781e+00
7.474113941192626953e+00
7.467780590057373047e+00
7.083518505096435547e+00
7.469242095947265625e+00
7.192820072174072266e+00
7.045865058898925781e+00
7.144392490386962891e+00
7.029551506042480469e+00
7.165328502655029297e+00
7.386425971984863281e+00
7.094019412994384766e+00
6.929870605468750000e+00
8.596201896667480469e+00
6.962675571441650391e+00
6.969958782196044922e+00
7.288238048553466797e+00
7.437184810638427734e+00
6.965088844299316406e+00
6.845137596130371094e+00
7.112994194030761719e+00
7.122575759887695312e+00
7.096139907836914062e+00
7.409856796264648438e+00
7.350886344909667969e+00
7.070320129394531250e+00
7.128362655639648438e+00
6.783092975616455078e+00
7.192831993103027344e+00
7.125447273254394531e+00
7.332637310028076172e+00
7.179466724395751953e+00
7.081906795501708984e+00
7.705534934997558594e+00
7.105475902557373047e+00
7.514535903930664062e+00
7.039648056030273438e+00
6.803510665893554688e+00
7.256440162658691406e+00
7.109433650970458984e+00
7.309058666229248047e+00
7.629172325134277344e+00
7.233949661254882812e+00
7.175770759582519531e+00
7.625800132751464844e+00
5.709023475646972656e+00
5.483470439910888672e+00
5.539052009582519531e+00
5.533192157745361328e+00
5.214598655700683594e+00
5.383673667907714844e+00
5.549652099609375000e+00
5.296259403228759766e+00
5.483966827392578125e+00
5.276114463806152344e+00
5.607793807983398438e+00
5.268604278564453125e+00
5.175490379333496094e+00
5.516330718994140625e+00
5.242493629455566406e+00
5.054744720458984375e+00
5.480051040649414062e+00
4.990167617797851562e+00
5.155182838439941406e+00
4.886768341064453125e+00
5.034498214721679688e+00
5.222660541534423828e+00
5.768837928771972656e+00
5.248488426208496094e+00
5.271834850311279297e+00
5.602628231048583984e+00
5.582487106323242188e+00
5.360706806182861328e+00
5.443472862243652344e+00
5.207148551940917969e+00
5.056782722473144531e+00
5.309239864349365234e+00
6.823915481567382812e+00
5.059703826904296875e+00
5.278677463531494141e+00
5.215630531311035156e+00
5.173785209655761719e+00
5.411776542663574219e+00
5.518545150756835938e+00
5.516201019287109375e+00
5.497074604034423828e+00
5.749360084533691406e+00
5.651820182800292969e+00
5.126101016998291016e+00
5.170788764953613281e+00
5.130430698394775391e+00
5.554045200347900391e+00
7.970273971557617188e+00
5.502099990844726562e+00
5.477933883666992188e+00
6.358923435211181641e+00
6.834617137908935547e+00
6.502755165100097656e+00
6.492385864257812500e+00
6.536294937133789062e+00
6.578555583953857422e+00
6.512342929840087891e+00
6.148974418640136719e+00
6.258442401885986328e+00
6.154296398162841797e+00
6.379397392272949219e+00
6.362346649169921875e+00
6.306069374084472656e+00
6.264842033386230469e+00
6.119566917419433594e+00
6.630246639251708984e+00
5.830451011657714844e+00
6.711527824401855469e+00
6.318258285522460938e+00
6.224970340728759766e+00
6.553292751312255859e+00
6.046982765197753906e+00
6.626871109008789062e+00
5.937105178833007812e+00
6.113129615783691406e+00
6.057671070098876953e+00
6.056117534637451172e+00
5.957083702087402344e+00
6.096848487854003906e+00
6.211362361907958984e+00
6.316960334777832031e+00
6.263372421264648438e+00
6.196439743041992188e+00
6.270121097564697266e+00
6.299518585205078125e+00
5.988144874572753906e+00
6.281820297241210938e+00
6.215050697326660156e+00
6.174830436706542969e+00
6.471792697906494141e+00
6.150562286376953125e+00
6.389398574829101562e+00
6.208469867706298828e+00
6.041180610656738281e+00
6.670865058898925781e+00
6.471912384033203125e+00
7.086307525634765625e+00
6.051700592041015625e+00
6.499413013458251953e+00
6.081987380981445312e+00
7.889538764953613281e+00
8.245098114013671875e+00
7.984719276428222656e+00
8.243005752563476562e+00
7.925095081329345703e+00
7.764119625091552734e+00
7.949214935302734375e+00
7.568441390991210938e+00
7.185125827789306641e+00
7.358880996704101562e+00
7.198329925537109375e+00
7.373987197875976562e+00
7.046602249145507812e+00
7.523862361907958984e+00
7.289832115173339844e+00
7.105236530303955078e+00
7.592328071594238281e+00
7.384165763854980469e+00
7.147256851196289062e+00
7.163194656372070312e+00
7.328372001647949219e+00
7.164809226989746094e+00
6.894028663635253906e+00
7.063132762908935547e+00
6.994814395904541016e+00
7.325328826904296875e+00
7.253843307495117188e+00
6.943212985992431641e+00
7.224147319793701172e+00
7.157759666442871094e+00
7.183625221252441406e+00
7.089319229125976562e+00
7.187450408935546875e+00
6.896938323974609375e+00
7.032634258270263672e+00
7.175673484802246094e+00
7.235338687896728516e+00
6.682320594787597656e+00
7.176818847656250000e+00
7.505290985107421875e+00
6.871736526489257812e+00
6.818682670593261719e+00
7.031975746154785156e+00
6.987195968627929688e+00
6.890604019165039062e+00
8.813837051391601562e+00
6.940075397491455078e+00
7.005694389343261719e+00
7.241372108459472656e+00
7.113843917846679688e+00
6.264750957489013672e+00
6.080276966094970703e+00
5.761763572692871094e+00
5.770037651062011719e+00
5.407202720642089844e+00
5.881282806396484375e+00
6.123248100280761719e+00
5.840982913970947266e+00
6.026247978210449219e+00
5.845749855041503906e+00
5.925056934356689453e+00
6.063479423522949219e+00
5.547363281250000000e+00
6.115221023559570312e+00
5.667928695678710938e+00
5.909732818603515625e+00
5.817942142486572266e+00
5.907387733459472656e+00
5.862811088562011719e+00
6.087464332580566406e+00
5.901673316955566406e+00
5.821869373321533203e+00
5.784246444702148438e+00
5.725939750671386719e+00
5.653539657592773438e+00
5.846377849578857422e+00
5.718488693237304688e+00
5.606581687927246094e+00
5.907081604003906250e+00
6.017323493957519531e+00
5.644500732421875000e+00
5.937046051025390625e+00
5.898883819580078125e+00
5.586391448974609375e+00
5.863356590270996094e+00
5.807304859161376953e+00
6.048345088958740234e+00
5.862452030181884766e+00
5.810681343078613281e+00
6.036012649536132812e+00
5.700763225555419922e+00
6.011239051818847656e+00
5.759171485900878906e+00
5.968096733093261719e+00
5.573134422302246094e+00
5.768672943115234375e+00
6.098980903625488281e+00
5.946461677551269531e+00
5.861493587493896484e+00
6.266430854797363281e+00
7.904125690460205078e+00
7.974179267883300781e+00
8.210264205932617188e+00
7.927017688751220703e+00
7.662814140319824219e+00
7.581690788269042969e+00
7.680126190185546875e+00
7.747549057006835938e+00
7.413875579833984375e+00
7.668685436248779297e+00
7.518350601196289062e+00
7.249116897583007812e+00
7.263346195220947266e+00
7.428093433380126953e+00
7.426293373107910156e+00
7.319530963897705078e+00
7.187985420227050781e+00
7.435954093933105469e+00
7.357778072357177734e+00
8.191288948059082031e+00
7.547418594360351562e+00
7.658390045166015625e+00
7.303961753845214844e+00
7.353526592254638672e+00
7.283038139343261719e+00
7.156988143920898438e+00
7.202021598815917969e+00
7.201763153076171875e+00
7.246517658233642578e+00
7.264013290405273438e+00
7.406105518341064453e+00
7.064409255981445312e+00
7.124920845031738281e+00
7.406544685363769531e+00
7.166237831115722656e+00
7.189307212829589844e+00
7.187479972839355469e+00
6.870281219482421875e+00
7.405752658843994141e+00
7.072910308837890625e+00
7.332888603210449219e+00
7.332234382629394531e+00
7.381608963012695312e+00
7.449918270111083984e+00
7.235155582427978516e+00
7.332643985748291016e+00
7.102817058563232422e+00
7.349990844726562500e+00
7.246407508850097656e+00
7.457815170288085938e+00
7.220660686492919922e+00
7.359645843505859375e+00
7.350046634674072266e+00
7.099531650543212891e+00
7.130194187164306641e+00
7.005009651184082031e+00
7.293301582336425781e+00
7.043485641479492188e+00
6.864169120788574219e+00
6.920327186584472656e+00
6.856973648071289062e+00
6.667911529541015625e+00
7.036522865295410156e+00
6.843596458435058594e+00
6.980158805847167969e+00
6.812922477722167969e+00
6.730966567993164062e+00
6.651522636413574219e+00
6.862386226654052734e+00
6.822101593017578125e+00
7.038135051727294922e+00
7.078065395355224609e+00
6.700743675231933594e+00
6.921502113342285156e+00
6.917133808135986328e+00
6.584356307983398438e+00
6.820022583007812500e+00
6.740714073181152344e+00
6.705091476440429688e+00
6.902914047241210938e+00
7.157010078430175781e+00
6.849317550659179688e+00
6.911570549011230469e+00
6.679646492004394531e+00
6.958724975585937500e+00
6.926071166992187500e+00
6.648652076721191406e+00
6.730578899383544922e+00
6.737664699554443359e+00
6.807661056518554688e+00
7.094747543334960938e+00
6.532196521759033203e+00
6.765309810638427734e+00
6.641666412353515625e+00
6.811040878295898438e+00
6.568147659301757812e+00
6.587318420410156250e+00
6.864050865173339844e+00
6.679753303527832031e+00
6.856657981872558594e+00
7.263648509979248047e+00
7.124510288238525391e+00
6.977645874023437500e+00
6.697942733764648438e+00
7.334478378295898438e+00
6.921324729919433594e+00
6.590270996093750000e+00
6.488626003265380859e+00
6.456989765167236328e+00
6.924143791198730469e+00
6.375554084777832031e+00
6.650949478149414062e+00
6.280622482299804688e+00
6.477499485015869141e+00
6.463272571563720703e+00
6.396470069885253906e+00
8.096876144409179688e+00
6.376154899597167969e+00
6.254839897155761719e+00
7.117365837097167969e+00
6.308928489685058594e+00
6.629284381866455078e+00
6.510375022888183594e+00
6.459209442138671875e+00
6.754205703735351562e+00
6.567301750183105469e+00
6.681059360504150391e+00
6.674354076385498047e+00
6.466726779937744141e+00
6.780042648315429688e+00
6.580152034759521484e+00
6.591499328613281250e+00
6.053331375122070312e+00
6.667957305908203125e+00
6.373737812042236328e+00
8.849774360656738281e+00
6.025573730468750000e+00
8.412475585937500000e+00
7.131274223327636719e+00
6.321732997894287109e+00
7.135613441467285156e+00
6.149048805236816406e+00
9.390507698059082031e+00
6.215620040893554688e+00
7.033397674560546875e+00
6.208208084106445312e+00
6.550508975982666016e+00
6.387782096862792969e+00
6.985054016113281250e+00
6.302060604095458984e+00
7.366373062133789062e+00
7.310744285583496094e+00
7.380887031555175781e+00
7.205477714538574219e+00
7.353361606597900391e+00
7.806681156158447266e+00
7.519822120666503906e+00
7.047393798828125000e+00
7.039180755615234375e+00
7.193428516387939453e+00
7.563719272613525391e+00
7.255608558654785156e+00
7.064386844635009766e+00
7.151883125305175781e+00
7.219225883483886719e+00
7.063452720642089844e+00
7.287895202636718750e+00
7.190862655639648438e+00
7.314722537994384766e+00
7.686312198638916016e+00
7.945755481719970703e+00
7.285267829895019531e+00
6.956224441528320312e+00
6.908823490142822266e+00
7.133134841918945312e+00
7.072042465209960938e+00
7.140630722045898438e+00
7.030477523803710938e+00
7.224745750427246094e+00
6.993828773498535156e+00
7.183268547058105469e+00
6.871457099914550781e+00
7.218566894531250000e+00
7.551401615142822266e+00
9.691777229309082031e+00
6.935849189758300781e+00
7.702223300933837891e+00
7.239183902740478516e+00
7.048097133636474609e+00
7.091054916381835938e+00
7.086791515350341797e+00
7.138091087341308594e+00
7.290947914123535156e+00
7.046158790588378906e+00
7.041292190551757812e+00
7.077247619628906250e+00
7.302397727966308594e+00
7.216622829437255859e+00
8.688362121582031250e+00
7.273997306823730469e+00
6.764919281005859375e+00
6.968249320983886719e+00
6.748451232910156250e+00
6.691169261932373047e+00
6.874593734741210938e+00
6.049020767211914062e+00
6.639624595642089844e+00
6.240807533264160156e+00
6.384840011596679688e+00
6.386503219604492188e+00
6.559344291687011719e+00
6.446437835693359375e+00
7.061449527740478516e+00
6.790547370910644531e+00
6.277520656585693359e+00
6.541556835174560547e+00
6.570677757263183594e+00
7.463708400726318359e+00
