3.788617610931396484e+00
3.909037590026855469e+00
3.776005983352661133e+00
3.818675994873046875e+00
3.811852931976318359e+00
3.926662445068359375e+00
4.261887311935424805e+00
4.257942914962768555e+00
4.386649847030639648e+00
3.792376041412353516e+00
3.968659400939941406e+00
4.007813692092895508e+00
4.510952711105346680e+00
4.740898609161376953e+00
4.589324712753295898e+00
4.594795465469360352e+00
4.561010837554931641e+00
4.470021486282348633e+00
4.582309246063232422e+00
4.096596002578735352e+00
4.910758018493652344e+00
4.763187885284423828e+00
4.437105417251586914e+00
4.244675636291503906e+00
4.415823698043823242e+00
5.056279659271240234e+00
4.613404750823974609e+00
4.885324001312255859e+00
4.707998514175415039e+00
4.691472768783569336e+00
4.215149879455566406e+00
4.648443937301635742e+00
4.745821237564086914e+00
4.457427740097045898e+00
4.314983606338500977e+00
4.204062461853027344e+00
4.111838579177856445e+00
4.359128952026367188e+00
4.785537242889404297e+00
4.226905822753906250e+00
4.330932855606079102e+00
4.265335083007812500e+00
4.586638927459716797e+00
3.788131952285766602e+00
4.259238481521606445e+00
3.914056301116943359e+00
4.109750032424926758e+00
3.781871318817138672e+00
3.695030450820922852e+00
3.714842081069946289e+00
4.013133287429809570e+00
4.116507768630981445e+00
3.540800333023071289e+00
3.807475328445434570e+00
3.352270603179931641e+00
3.791311979293823242e+00
3.561259508132934570e+00
3.535537481307983398e+00
3.818883657455444336e+00
3.592446804046630859e+00
3.612926244735717773e+00
3.744450330734252930e+00
3.678919315338134766e+00
3.362204313278198242e+00
3.504431724548339844e+00
3.448703050613403320e+00
3.471512556076049805e+00
3.555350065231323242e+00
3.465425491333007812e+00
3.594222307205200195e+00
3.425391435623168945e+00
3.517952680587768555e+00
3.289785385131835938e+00
3.433111667633056641e+00
3.269663572311401367e+00
3.849692583084106445e+00
3.433373212814331055e+00
3.775972366333007812e+00
3.308353900909423828e+00
3.492398738861083984e+00
3.400758266448974609e+00
3.318567037582397461e+00
3.594354629516601562e+00
3.363034248352050781e+00
3.186588764190673828e+00
3.166043519973754883e+00
3.211452484130859375e+00
3.191800117492675781e+00
3.593669176101684570e+00
3.259220361709594727e+00
3.173356533050537109e+00
3.239842891693115234e+00
3.258787870407104492e+00
3.229453325271606445e+00
3.278854846954345703e+00
3.381427526473999023e+00
3.243991136550903320e+00
3.297486543655395508e+00
2.993026256561279297e+00
3.354689836502075195e+00
3.131135463714599609e+00
3.150717735290527344e+00
3.219950437545776367e+00
3.197570323944091797e+00
3.204538583755493164e+00
3.166837692260742188e+00
3.201889753341674805e+00
3.134439945220947266e+00
3.144335031509399414e+00
3.358879327774047852e+00
3.243263721466064453e+00
3.085631847381591797e+00
3.027861595153808594e+00
3.199786424636840820e+00
3.191461086273193359e+00
3.252749204635620117e+00
3.132392644882202148e+00
3.180067062377929688e+00
3.166442394256591797e+00
3.177225351333618164e+00
3.235712528228759766e+00
3.118047714233398438e+00
3.146372079849243164e+00
3.181794643402099609e+00
3.501723289489746094e+00
3.147461652755737305e+00
3.141163587570190430e+00
3.127043485641479492e+00
3.143238782882690430e+00
3.179553985595703125e+00
3.067071437835693359e+00
3.077475547790527344e+00
3.151989936828613281e+00
3.232610464096069336e+00
3.117875337600708008e+00
3.393479824066162109e+00
3.122747659683227539e+00
3.160858631134033203e+00
3.180121183395385742e+00
3.184999704360961914e+00
3.057014465332031250e+00
3.119162082672119141e+00
3.166813373565673828e+00
3.122438192367553711e+00
3.222921133041381836e+00
3.142674207687377930e+00
2.441661596298217773e+00
2.709313392639160156e+00
2.998827457427978516e+00
2.663491487503051758e+00
3.373852014541625977e+00
2.999390602111816406e+00
3.094627380371093750e+00
3.138102531433105469e+00
3.118316173553466797e+00
3.063508272171020508e+00
3.011333942413330078e+00
3.107620954513549805e+00
3.121350765228271484e+00
3.129729032516479492e+00
3.336430549621582031e+00
3.522657632827758789e+00
3.179259777069091797e+00
3.141840457916259766e+00
3.140259981155395508e+00
3.051112890243530273e+00
3.140936374664306641e+00
3.214630365371704102e+00
3.067042350769042969e+00
3.020706415176391602e+00
3.166037082672119141e+00
3.117786884307861328e+00
3.120718002319335938e+00
3.081067800521850586e+00
2.969164371490478516e+00
3.049943685531616211e+00
2.896925449371337891e+00
2.792646408081054688e+00
3.074582815170288086e+00
3.112053155899047852e+00
3.022650241851806641e+00
3.006524085998535156e+00
3.143889665603637695e+00
3.136291980743408203e+00
3.279614210128784180e+00
3.212622404098510742e+00
3.187369823455810547e+00
3.060277938842773438e+00
3.172335863113403320e+00
3.017400741577148438e+00
3.106554508209228516e+00
3.007149457931518555e+00
3.124169826507568359e+00
3.045600414276123047e+00
3.080730676651000977e+00
3.166300535202026367e+00
3.064768075942993164e+00
3.106142044067382812e+00
3.103705406188964844e+00
3.024212360382080078e+00
3.093264102935791016e+00
3.059903383255004883e+00
3.053177356719970703e+00
3.078218698501586914e+00
3.099302768707275391e+00
3.338483810424804688e+00
3.029349565505981445e+00
3.202486991882324219e+00
3.005625963211059570e+00
3.127050638198852539e+00
3.043994903564453125e+00
3.045692443847656250e+00
3.033395290374755859e+00
3.044544458389282227e+00
3.184104442596435547e+00
3.118717908859252930e+00
3.058200836181640625e+00
2.986569404602050781e+00
3.140053272247314453e+00
3.090780019760131836e+00
3.212556362152099609e+00
2.796375751495361328e+00
2.915695190429687500e+00
3.055653095245361328e+00
3.127440214157104492e+00
3.079675674438476562e+00
3.110847711563110352e+00
3.111011028289794922e+00
3.112417459487915039e+00
3.066629886627197266e+00
3.165688991546630859e+00
3.097470045089721680e+00
3.175528287887573242e+00
3.075049877166748047e+00
3.083729505538940430e+00
3.201170921325683594e+00
3.137844324111938477e+00
3.005797624588012695e+00
3.061342000961303711e+00
3.306972742080688477e+00
3.237559795379638672e+00
3.217213392257690430e+00
3.122235536575317383e+00
3.099842548370361328e+00
3.125661611557006836e+00
3.337401151657104492e+00
3.150690317153930664e+00
3.066649913787841797e+00
3.168777465820312500e+00
3.052846431732177734e+00
3.087262630462646484e+00
2.658901691436767578e+00
3.185644388198852539e+00
3.167951345443725586e+00
3.146222591400146484e+00
3.048102617263793945e+00
3.069660425186157227e+00
3.028488397598266602e+00
3.016003608703613281e+00
3.085415124893188477e+00
3.147236585617065430e+00
3.133670568466186523e+00
3.277391910552978516e+00
3.086997032165527344e+00
3.229896068572998047e+00
3.066113710403442383e+00
3.090827703475952148e+00
3.160198450088500977e+00
3.098469018936157227e+00
3.050642251968383789e+00
3.111623525619506836e+00
3.217613458633422852e+00
3.330219745635986328e+00
3.210829496383666992e+00
3.056731700897216797e+00
2.994309186935424805e+00
3.121618747711181641e+00
3.076397418975830078e+00
3.219869613647460938e+00
3.084220886230468750e+00
2.758321046829223633e+00
2.978350877761840820e+00
3.159859418869018555e+00
2.921316623687744141e+00
3.051017999649047852e+00
3.087671279907226562e+00
3.048401594161987305e+00
3.072811365127563477e+00
3.035256624221801758e+00
3.053846120834350586e+00
3.125957250595092773e+00
3.064008712768554688e+00
3.136224031448364258e+00
3.042654037475585938e+00
3.057451725006103516e+00
3.131552934646606445e+00
3.070845365524291992e+00
3.060578346252441406e+00
3.009821653366088867e+00
3.274604558944702148e+00
3.032854557037353516e+00
2.467961549758911133e+00
3.080390691757202148e+00
3.154190778732299805e+00
3.423444509506225586e+00
3.152024984359741211e+00
3.033706188201904297e+00
3.065094709396362305e+00
3.117763996124267578e+00
3.114166975021362305e+00
3.092872142791748047e+00
3.043264865875244141e+00
3.058593988418579102e+00
3.103291988372802734e+00
2.897288560867309570e+00
2.944087743759155273e+00
3.579478740692138672e+00
3.068243026733398438e+00
3.436321496963500977e+00
3.301328897476196289e+00
3.037796735763549805e+00
3.103249073028564453e+00
3.091984987258911133e+00
3.336590528488159180e+00
3.005569458007812500e+00
3.122570276260375977e+00
2.854150772094726562e+00
3.217940330505371094e+00
3.206631898880004883e+00
3.115450620651245117e+00
2.810032367706298828e+00
2.755825519561767578e+00
3.239956855773925781e+00
3.107944250106811523e+00
3.178203344345092773e+00
3.083602905273437500e+00
3.129746675491333008e+00
3.058335065841674805e+00
3.147505283355712891e+00
3.052607536315917969e+00
3.111174345016479492e+00
3.039307832717895508e+00
3.029263496398925781e+00
3.064306020736694336e+00
3.076256990432739258e+00
3.075946807861328125e+00
3.040916681289672852e+00
3.084243774414062500e+00
3.024443864822387695e+00
2.999602556228637695e+00
3.104242086410522461e+00
3.094406843185424805e+00
3.085445165634155273e+00
3.059117794036865234e+00
3.062971115112304688e+00
3.098613500595092773e+00
3.013096570968627930e+00
3.116417407989501953e+00
3.264208316802978516e+00
3.328222990036010742e+00
3.089372634887695312e+00
3.052220106124877930e+00
3.081121683120727539e+00
3.293757915496826172e+00
3.142004251480102539e+00
3.292705059051513672e+00
3.176279306411743164e+00
3.131339073181152344e+00
3.065134048461914062e+00
3.144935131072998047e+00
3.024669647216796875e+00
3.122914314270019531e+00
3.065838098526000977e+00
2.930143117904663086e+00
2.843921422958374023e+00
2.971654176712036133e+00
3.021867752075195312e+00
3.237214088439941406e+00
3.109815835952758789e+00
3.089759349822998047e+00
3.106172084808349609e+00
3.067930698394775391e+00
2.686425447463989258e+00
2.910189151763916016e+00
3.172892570495605469e+00
3.076968193054199219e+00
2.974062204360961914e+00
3.020404577255249023e+00
3.007079839706420898e+00
3.106975555419921875e+00
3.101650714874267578e+00
3.150947093963623047e+00
3.112804889678955078e+00
3.094070911407470703e+00
3.145495176315307617e+00
3.122952938079833984e+00
3.082474470138549805e+00
3.086240530014038086e+00
3.119476795196533203e+00
3.282736301422119141e+00
3.128140449523925781e+00
3.108479022979736328e+00
3.073615074157714844e+00
3.098004817962646484e+00
3.048981428146362305e+00
3.018931388854980469e+00
3.218687772750854492e+00
3.275770664215087891e+00
3.031035900115966797e+00
3.094361066818237305e+00
3.142878293991088867e+00
3.100272893905639648e+00
3.203356981277465820e+00
2.752637386322021484e+00
3.207800149917602539e+00
3.004554033279418945e+00
3.106661081314086914e+00
3.004085540771484375e+00
3.103253841400146484e+00
3.219775438308715820e+00
3.092307567596435547e+00
3.088854312896728516e+00
3.118612766265869141e+00
3.211572170257568359e+00
3.064136266708374023e+00
3.362420320510864258e+00
3.119301795959472656e+00
3.188122034072875977e+00
3.321874380111694336e+00
3.068602800369262695e+00
3.024259328842163086e+00
3.148408889770507812e+00
3.147363901138305664e+00
3.078581094741821289e+00
3.037732124328613281e+00
3.026556968688964844e+00
3.160600423812866211e+00
3.039904594421386719e+00
3.222911119461059570e+00
2.986126661300659180e+00
3.030392408370971680e+00
3.184715270996093750e+00
2.904056310653686523e+00
3.083207130432128906e+00
2.996762752532958984e+00
3.188186168670654297e+00
2.999716758728027344e+00
3.049336194992065430e+00
3.226253986358642578e+00
3.049063444137573242e+00
3.094884395599365234e+00
3.164041519165039062e+00
3.026108264923095703e+00
3.051852464675903320e+00
3.115973472595214844e+00
3.205082654953002930e+00
3.185960769653320312e+00
3.219748497009277344e+00
2.987041950225830078e+00
3.085884809494018555e+00
3.153256177902221680e+00
3.190160512924194336e+00
3.041520833969116211e+00
3.156915426254272461e+00
2.726682901382446289e+00
2.483941316604614258e+00
3.098511934280395508e+00
3.165717601776123047e+00
3.088676452636718750e+00
3.081791162490844727e+00
3.035006761550903320e+00
2.989008426666259766e+00
3.098493814468383789e+00
3.118803739547729492e+00
3.106552124023437500e+00
3.156153202056884766e+00
3.112539768218994141e+00
3.103234529495239258e+00
3.126482248306274414e+00
3.141160249710083008e+00
3.122142553329467773e+00
3.086604833602905273e+00
3.078658342361450195e+00
3.066686153411865234e+00
3.224105119705200195e+00
3.104755163192749023e+00
3.077871322631835938e+00
3.090020895004272461e+00
3.119932889938354492e+00
3.139921665191650391e+00
3.095807552337646484e+00
2.782713651657104492e+00
3.107266187667846680e+00
3.125173807144165039e+00
3.071824550628662109e+00
3.096921443939208984e+00
3.109399795532226562e+00
3.164316177368164062e+00
3.098820686340332031e+00
3.101561784744262695e+00
3.072326898574829102e+00
3.167774915695190430e+00
3.140526771545410156e+00
3.097904920578002930e+00
3.079433679580688477e+00
3.459329366683959961e+00
3.533902168273925781e+00
3.297536849975585938e+00
3.121971368789672852e+00
3.000430345535278320e+00
3.131508350372314453e+00
3.067996978759765625e+00
2.792124509811401367e+00
3.133561372756958008e+00
3.128682136535644531e+00
3.176789999008178711e+00
3.155694484710693359e+00
3.113594293594360352e+00
3.078910112380981445e+00
2.936676263809204102e+00
3.191715002059936523e+00
3.126162767410278320e+00
3.147399663925170898e+00
2.894662380218505859e+00
3.246262311935424805e+00
3.219419479370117188e+00
3.123441934585571289e+00
3.098220586776733398e+00
3.163853883743286133e+00
3.160953521728515625e+00
2.772755622863769531e+00
2.734777212142944336e+00
3.238463878631591797e+00
3.084802150726318359e+00
2.897945165634155273e+00
3.206185817718505859e+00
3.204154014587402344e+00
3.106337547302246094e+00
3.112880229949951172e+00
3.122493267059326172e+00
3.083491325378417969e+00
3.043730497360229492e+00
3.141476869583129883e+00
3.125461578369140625e+00
3.009717464447021484e+00
3.115226507186889648e+00
3.173105239868164062e+00
3.160512924194335938e+00
3.132347583770751953e+00
3.140907049179077148e+00
3.458877801895141602e+00
3.599459409713745117e+00
3.107976436614990234e+00
3.080523490905761719e+00
3.061702013015747070e+00
3.195132255554199219e+00
3.146767616271972656e+00
3.326894521713256836e+00
3.095492839813232422e+00
3.049751043319702148e+00
3.037401914596557617e+00
3.098719596862792969e+00
3.054060697555541992e+00
3.107633590698242188e+00
3.060570240020751953e+00
2.826449871063232422e+00
2.856822729110717773e+00
3.134047746658325195e+00
3.073949098587036133e+00
3.089567899703979492e+00
3.169693470001220703e+00
2.776370286941528320e+00
3.022967100143432617e+00
3.151181459426879883e+00
3.118076801300048828e+00
3.109777688980102539e+00
3.117344856262207031e+00
2.925508737564086914e+00
3.060006856918334961e+00
2.799527406692504883e+00
3.546461343765258789e+00
3.510663986206054688e+00
2.901007890701293945e+00
2.655028104782104492e+00
2.834377527236938477e+00
2.707745790481567383e+00
3.000708580017089844e+00
2.658354282379150391e+00
2.748031616210937500e+00
3.028092145919799805e+00
2.923294305801391602e+00
2.739343404769897461e+00
3.125663757324218750e+00
3.116809368133544922e+00
3.103877782821655273e+00
3.105633497238159180e+00
3.148118734359741211e+00
3.256049871444702148e+00
2.913062810897827148e+00
3.079654455184936523e+00
3.069703817367553711e+00
3.141415357589721680e+00
3.127097368240356445e+00
3.150820970535278320e+00
3.087192296981811523e+00
3.096380472183227539e+00
3.175888061523437500e+00
3.156450986862182617e+00
3.151571273803710938e+00
3.111786127090454102e+00
3.051593065261840820e+00
2.879968643188476562e+00
3.251075506210327148e+00
3.156197071075439453e+00
3.087949991226196289e+00
2.872744321823120117e+00
3.071490049362182617e+00
3.206378936767578125e+00
3.086627960205078125e+00
3.047080755233764648e+00
3.179170370101928711e+00
3.171815633773803711e+00
2.578442096710205078e+00
2.649148702621459961e+00
3.605783462524414062e+00
3.132740736007690430e+00
3.078434467315673828e+00
3.185404062271118164e+00
3.145893096923828125e+00
3.089680910110473633e+00
2.820945024490356445e+00
3.107425689697265625e+00
2.987773418426513672e+00
3.232367277145385742e+00
3.096141338348388672e+00
3.195858478546142578e+00
3.115609884262084961e+00
3.188237190246582031e+00
2.965167522430419922e+00
3.204826116561889648e+00
3.274364709854125977e+00
3.157222509384155273e+00
3.070008754730224609e+00
3.017503499984741211e+00
3.068711519241333008e+00
3.091720104217529297e+00
3.158388614654541016e+00
3.351125240325927734e+00
3.184862852096557617e+00
2.885824918746948242e+00
3.153359174728393555e+00
3.214128255844116211e+00
3.103171825408935547e+00
3.132678270339965820e+00
3.054242134094238281e+00
3.296176671981811523e+00
3.012721061706542969e+00
3.091799020767211914e+00
3.120242595672607422e+00
3.183632850646972656e+00
2.921310901641845703e+00
3.120774984359741211e+00
3.101724386215209961e+00
3.201014995574951172e+00
3.183546781539916992e+00
3.111087083816528320e+00
3.146317243576049805e+00
3.094153881072998047e+00
3.025184154510498047e+00
3.102311611175537109e+00
3.076373100280761719e+00
3.205553293228149414e+00
3.080304384231567383e+00
3.081561803817749023e+00
2.936721086502075195e+00
3.145832777023315430e+00
3.093572378158569336e+00
3.126105308532714844e+00
2.807323932647705078e+00
3.056307077407836914e+00
3.172193050384521484e+00
3.040402173995971680e+00
3.035048484802246094e+00
3.121058702468872070e+00
3.212349653244018555e+00
3.086191654205322266e+00
3.065729141235351562e+00
2.776691913604736328e+00
2.632394313812255859e+00
3.213187456130981445e+00
3.211117029190063477e+00
3.338264465332031250e+00
3.042532920837402344e+00
3.118635177612304688e+00
3.174865722656250000e+00
3.062274694442749023e+00
3.207988023757934570e+00
3.165715456008911133e+00
3.104687452316284180e+00
3.056512594223022461e+00
3.152384757995605469e+00
3.035532951354980469e+00
3.077807188034057617e+00
3.038320302963256836e+00
3.153607368469238281e+00
3.147443771362304688e+00
3.172261714935302734e+00
3.104128599166870117e+00
3.091520071029663086e+00
3.008299827575683594e+00
3.017830133438110352e+00
3.127245187759399414e+00
2.482118368148803711e+00
2.939372777938842773e+00
2.771425485610961914e+00
2.879716873168945312e+00
2.891302108764648438e+00
2.699997901916503906e+00
3.158843994140625000e+00
3.131090402603149414e+00
3.107509374618530273e+00
3.067452192306518555e+00
3.113217830657958984e+00
3.354488611221313477e+00
3.206278085708618164e+00
3.212841272354125977e+00
3.197849988937377930e+00
3.029874086380004883e+00
3.184208154678344727e+00
3.136207818984985352e+00
3.115505218505859375e+00
3.091738939285278320e+00
3.088689327239990234e+00
3.051640748977661133e+00
3.065181970596313477e+00
3.240484714508056641e+00
3.241228342056274414e+00
3.304049491882324219e+00
3.056766033172607422e+00
3.085291862487792969e+00
3.109902381896972656e+00
3.272569417953491211e+00
3.207340240478515625e+00
3.128067493438720703e+00
2.722683668136596680e+00
2.936899423599243164e+00
3.136595249176025391e+00
3.137692451477050781e+00
3.128487586975097656e+00
2.947600364685058594e+00
2.996639966964721680e+00
3.113309621810913086e+00
3.089590072631835938e+00
3.150572299957275391e+00
3.127858638763427734e+00
3.160800218582153320e+00
3.106528043746948242e+00
3.291792869567871094e+00
2.884745836257934570e+00
2.989526987075805664e+00
3.137568950653076172e+00
3.163940906524658203e+00
3.214984655380249023e+00
3.133969545364379883e+00
3.069045543670654297e+00
3.102602720260620117e+00
3.109933853149414062e+00
3.052042007446289062e+00
3.105512857437133789e+00
3.100324869155883789e+00
3.119276285171508789e+00
3.312451839447021484e+00
3.194213867187500000e+00
3.214718341827392578e+00
2.828895330429077148e+00
2.921622514724731445e+00
2.854955434799194336e+00
2.778507471084594727e+00
3.148308515548706055e+00
3.022625207901000977e+00
3.069113254547119141e+00
3.162354230880737305e+00
3.178587675094604492e+00
3.154870986938476562e+00
3.298664569854736328e+00
3.147104740142822266e+00
3.223367214202880859e+00
3.168475627899169922e+00
3.207958221435546875e+00
3.099751234054565430e+00
3.311633825302124023e+00
3.059095621109008789e+00
3.162510633468627930e+00
3.004868030548095703e+00
3.131395578384399414e+00
2.967915296554565430e+00
3.422794103622436523e+00
3.328029155731201172e+00
3.075627565383911133e+00
3.084466218948364258e+00
3.157797336578369141e+00
3.490924835205078125e+00
3.091518402099609375e+00
3.056578159332275391e+00
3.123928070068359375e+00
3.198589324951171875e+00
3.396304130554199219e+00
3.087311506271362305e+00
3.164879083633422852e+00
3.136843681335449219e+00
3.091789245605468750e+00
3.080351829528808594e+00
3.326451063156127930e+00
3.098959445953369141e+00
3.100930452346801758e+00
3.122482061386108398e+00
3.082601547241210938e+00
3.130291700363159180e+00
3.064635753631591797e+00
3.129740715026855469e+00
3.137318849563598633e+00
3.159983158111572266e+00
3.128386497497558594e+00
3.087490558624267578e+00
3.117357730865478516e+00
3.109419584274291992e+00
3.146923542022705078e+00
3.104796409606933594e+00
3.015015840530395508e+00
3.111650228500366211e+00
3.240470886230468750e+00
3.102079391479492188e+00
3.131774425506591797e+00
3.077853918075561523e+00
3.211260795593261719e+00
3.021294832229614258e+00
3.171708822250366211e+00
2.803668737411499023e+00
3.161589384078979492e+00
3.121493816375732422e+00
3.074071645736694336e+00
3.133994817733764648e+00
2.967482089996337891e+00
3.118772029876708984e+00
3.065424203872680664e+00
3.108395814895629883e+00
2.871615171432495117e+00
3.062824487686157227e+00
3.073540210723876953e+00
3.320383548736572266e+00
3.009145975112915039e+00
3.203483343124389648e+00
3.392621517181396484e+00
3.067437410354614258e+00
3.281641721725463867e+00
3.122893810272216797e+00
3.297698020935058594e+00
3.085092544555664062e+00
3.098991155624389648e+00
3.123315095901489258e+00
3.082056045532226562e+00
3.085373163223266602e+00
3.169186592102050781e+00
3.216078758239746094e+00
3.140249967575073242e+00
3.026691436767578125e+00
3.030555725097656250e+00
3.109258413314819336e+00
3.110105991363525391e+00
3.109431505203247070e+00
3.202646970748901367e+00
3.193364858627319336e+00
3.104978322982788086e+00
3.059327125549316406e+00
3.114459991455078125e+00
2.940085649490356445e+00
3.231638669967651367e+00
3.092066287994384766e+00
2.990029811859130859e+00
3.364377975463867188e+00
3.182309389114379883e+00
3.041730880737304688e+00
2.927699804306030273e+00
3.107893466949462891e+00
2.939525127410888672e+00
3.037338256835937500e+00
3.406756639480590820e+00
3.684576511383056641e+00
3.201436281204223633e+00
3.061935424804687500e+00
3.133662223815917969e+00
3.106854915618896484e+00
3.186106681823730469e+00
3.219382524490356445e+00
2.642679452896118164e+00
2.643064498901367188e+00
2.615752696990966797e+00
3.173008680343627930e+00
3.194200038909912109e+00
3.176320791244506836e+00
3.363200187683105469e+00
3.270442247390747070e+00
2.602179765701293945e+00
3.208777666091918945e+00
3.198945760726928711e+00
3.306842327117919922e+00
3.241350173950195312e+00
2.999131917953491211e+00
3.196646213531494141e+00
3.152395486831665039e+00
3.125566244125366211e+00
3.325637340545654297e+00
3.012405157089233398e+00
2.819905281066894531e+00
2.959761857986450195e+00
3.035209178924560547e+00
3.165035724639892578e+00
3.225412607192993164e+00
3.025475978851318359e+00
3.318837881088256836e+00
2.933503389358520508e+00
3.110565900802612305e+00
3.098016262054443359e+00
3.093526363372802734e+00
3.152810811996459961e+00
3.236741065979003906e+00
3.098345041275024414e+00
2.610574960708618164e+00
3.121816635131835938e+00
3.210388422012329102e+00
3.197823286056518555e+00
3.084698200225830078e+00
3.010551691055297852e+00
3.086777448654174805e+00
3.176522970199584961e+00
2.920687675476074219e+00
3.309501171112060547e+00
2.914546966552734375e+00
3.040290355682373047e+00
3.316309452056884766e+00
3.025299787521362305e+00
3.211336374282836914e+00
3.084422349929809570e+00
3.041679382324218750e+00
3.138033390045166016e+00
3.030597209930419922e+00
3.062168121337890625e+00
3.297130823135375977e+00
3.336358308792114258e+00
2.941787958145141602e+00
2.972661495208740234e+00
2.832364320755004883e+00
2.632312059402465820e+00
2.729304552078247070e+00
2.746225357055664062e+00
3.174813032150268555e+00
3.105153799057006836e+00
3.132771730422973633e+00
3.080764532089233398e+00
2.933461666107177734e+00
3.115616083145141602e+00
3.091995000839233398e+00
3.164617061614990234e+00
3.178468465805053711e+00
3.142830848693847656e+00
3.066068172454833984e+00
2.843464851379394531e+00
3.356042861938476562e+00
3.611668109893798828e+00
3.412169218063354492e+00
3.023343324661254883e+00
3.064984321594238281e+00
2.752706527709960938e+00
3.098453044891357422e+00
2.671282052993774414e+00
2.642199754714965820e+00
3.228451490402221680e+00
3.066086292266845703e+00
3.113947391510009766e+00
3.163261890411376953e+00
3.104453325271606445e+00
2.729246377944946289e+00
2.713224649429321289e+00
2.517683267593383789e+00
2.937099456787109375e+00
3.157598018646240234e+00
3.086175203323364258e+00
3.105266332626342773e+00
3.140791416168212891e+00
3.187309980392456055e+00
3.130328416824340820e+00
3.144006252288818359e+00
3.162794589996337891e+00
3.127291917800903320e+00
3.401229143142700195e+00
3.200815439224243164e+00
3.182780027389526367e+00
3.500495672225952148e+00
3.081716299057006836e+00
3.073841810226440430e+00
3.112072467803955078e+00
3.158371686935424805e+00
3.186044454574584961e+00
3.193717718124389648e+00
3.179545640945434570e+00
3.225207567214965820e+00
2.718423604965209961e+00
3.011551618576049805e+00
2.692962884902954102e+00
2.736693382263183594e+00
2.722552299499511719e+00
3.069655179977416992e+00
3.216096878051757812e+00
3.210268735885620117e+00
3.028749704360961914e+00
3.105811834335327148e+00
3.012743473052978516e+00
3.299441814422607422e+00
3.026773691177368164e+00
3.010364055633544922e+00
3.235172748565673828e+00
3.102323532104492188e+00
3.216500759124755859e+00
3.079208135604858398e+00
3.287441015243530273e+00
3.077690601348876953e+00
3.058593750000000000e+00
3.025855302810668945e+00
2.942983865737915039e+00
2.884809732437133789e+00
3.169738769531250000e+00
3.230495929718017578e+00
2.984121799468994141e+00
3.132925987243652344e+00
3.137441873550415039e+00
3.161905527114868164e+00
3.202216863632202148e+00
3.168344020843505859e+00
3.264804840087890625e+00
3.187567710876464844e+00
2.817834138870239258e+00
3.165197134017944336e+00
3.102986574172973633e+00
3.274365425109863281e+00
3.095316410064697266e+00
3.028168916702270508e+00
3.320323705673217773e+00
3.142296791076660156e+00
3.126742124557495117e+00
3.100979804992675781e+00
3.130908489227294922e+00
3.013662099838256836e+00
3.077163457870483398e+00
3.110543251037597656e+00
3.131975650787353516e+00
3.346468687057495117e+00
3.122927188873291016e+00
3.075882434844970703e+00
3.093918561935424805e+00
3.116104125976562500e+00
3.100942611694335938e+00
3.108743906021118164e+00
3.083198785781860352e+00
3.059438705444335938e+00
3.184175491333007812e+00
3.104216337203979492e+00
3.198589563369750977e+00
3.170104503631591797e+00
3.124389886856079102e+00
3.313926935195922852e+00
3.138263940811157227e+00
3.187711477279663086e+00
3.236031770706176758e+00
3.092053890228271484e+00
3.065201282501220703e+00
3.137292623519897461e+00
2.795844793319702148e+00
3.008043289184570312e+00
3.426422357559204102e+00
3.196614503860473633e+00
3.284966707229614258e+00
3.243626832962036133e+00
3.194389343261718750e+00
3.175079584121704102e+00
2.948073148727416992e+00
3.115236997604370117e+00
3.132786750793457031e+00
3.029461383819580078e+00
2.883174657821655273e+00
2.886691570281982422e+00
2.797708749771118164e+00
2.835041522979736328e+00
2.546526908874511719e+00
2.909247636795043945e+00
3.135918855667114258e+00
3.179853916168212891e+00
2.764842987060546875e+00
2.527883768081665039e+00
2.454735994338989258e+00
2.669792652130126953e+00
2.855791330337524414e+00
2.530078172683715820e+00
3.423301219940185547e+00
3.141571044921875000e+00
2.701555728912353516e+00
3.217636346817016602e+00
3.153354644775390625e+00
3.148782730102539062e+00
3.105582952499389648e+00
3.066800355911254883e+00
3.031367063522338867e+00
3.179994106292724609e+00
3.219798326492309570e+00
3.130657196044921875e+00
3.126800537109375000e+00
2.271576881408691406e+00
2.977923870086669922e+00
3.048097848892211914e+00
3.174944639205932617e+00
2.803238868713378906e+00
3.098671674728393555e+00
3.114981412887573242e+00
3.115527868270874023e+00
3.200855493545532227e+00
3.153861045837402344e+00
2.828915357589721680e+00
3.099005937576293945e+00
3.239064693450927734e+00
2.862290859222412109e+00
3.016723632812500000e+00
3.109122514724731445e+00
3.187435388565063477e+00
3.181185960769653320e+00
3.148982286453247070e+00
2.994673490524291992e+00
3.172824144363403320e+00
3.180316209793090820e+00
3.206665277481079102e+00
3.203360319137573242e+00
3.004878282546997070e+00
3.084730625152587891e+00
3.100473642349243164e+00
3.374163150787353516e+00
3.349286079406738281e+00
3.194890260696411133e+00
3.095923900604248047e+00
3.139255046844482422e+00
3.103504419326782227e+00
3.303726673126220703e+00
3.140398740768432617e+00
3.157791852951049805e+00
3.437732696533203125e+00
3.045083522796630859e+00
3.115432262420654297e+00
3.052633523941040039e+00
3.169761180877685547e+00
3.194151163101196289e+00
3.164619445800781250e+00
3.295730829238891602e+00
3.252630949020385742e+00
3.281287670135498047e+00
3.257839202880859375e+00
3.312095880508422852e+00
2.665115356445312500e+00
3.160440683364868164e+00
3.197964906692504883e+00
3.130852222442626953e+00
3.159844160079956055e+00
3.290042400360107422e+00
3.132071256637573242e+00
3.399018526077270508e+00
3.116185426712036133e+00
3.174304485321044922e+00
3.120112180709838867e+00
3.160372734069824219e+00
3.090847730636596680e+00
3.154640913009643555e+00
3.139431715011596680e+00
3.045975208282470703e+00
3.158607721328735352e+00
3.093926191329956055e+00
3.093993902206420898e+00
3.126441001892089844e+00
3.040430784225463867e+00
3.155507564544677734e+00
3.145958662033081055e+00
3.251988649368286133e+00
3.340359926223754883e+00
3.077766418457031250e+00
3.072527885437011719e+00
3.117311954498291016e+00
3.150024652481079102e+00
3.125083684921264648e+00
3.175532102584838867e+00
3.142612457275390625e+00
2.689924955368041992e+00
2.736351251602172852e+00
3.141316175460815430e+00
3.209275245666503906e+00
3.204339265823364258e+00
3.134562492370605469e+00
3.223305702209472656e+00
3.120166540145874023e+00
3.112143278121948242e+00
3.119123697280883789e+00
3.086294651031494141e+00
3.077601432800292969e+00
3.003824710845947266e+00
3.429280757904052734e+00
3.141796588897705078e+00
3.284636497497558594e+00
3.141136169433593750e+00
3.141692638397216797e+00
3.179056406021118164e+00
3.157419681549072266e+00
3.152320623397827148e+00
3.166576385498046875e+00
3.093786239624023438e+00
3.128145933151245117e+00
3.147038936614990234e+00
3.214464664459228516e+00
2.987191915512084961e+00
3.261731147766113281e+00
3.059274673461914062e+00
3.036526918411254883e+00
2.689378738403320312e+00
2.912299633026123047e+00
2.875897884368896484e+00
3.199061155319213867e+00
3.349816799163818359e+00
3.640593767166137695e+00
3.071704864501953125e+00
3.178263902664184570e+00
2.644510507583618164e+00
3.394479274749755859e+00
3.154257774353027344e+00
3.361842632293701172e+00
3.176813602447509766e+00
3.431828498840332031e+00
3.241793155670166016e+00
3.136749982833862305e+00
3.098090410232543945e+00
3.016445398330688477e+00
3.134068489074707031e+00
3.220241785049438477e+00
3.106166124343872070e+00
3.198140859603881836e+00
3.106666564941406250e+00
3.176261901855468750e+00
3.130293846130371094e+00
3.189254283905029297e+00
3.120949029922485352e+00
3.104846000671386719e+00
2.639863014221191406e+00
2.778354644775390625e+00
2.784156322479248047e+00
3.094666004180908203e+00
3.126702785491943359e+00
3.232255220413208008e+00
2.808691501617431641e+00
2.746528148651123047e+00
2.673103094100952148e+00
2.696894407272338867e+00
2.857006311416625977e+00
2.848729848861694336e+00
3.093259096145629883e+00
3.270438194274902344e+00
3.139645576477050781e+00
3.059142589569091797e+00
3.151617050170898438e+00
3.075222253799438477e+00
3.213690996170043945e+00
3.206360578536987305e+00
3.116890430450439453e+00
3.063977718353271484e+00
3.063344478607177734e+00
3.158237695693969727e+00
3.149663686752319336e+00
3.216625690460205078e+00
3.016917228698730469e+00
3.186172723770141602e+00
3.109492301940917969e+00
3.084331750869750977e+00
3.348836898803710938e+00
3.140292167663574219e+00
3.080356359481811523e+00
3.129609823226928711e+00
3.083619356155395508e+00
3.065785646438598633e+00
3.121126890182495117e+00
3.168490171432495117e+00
2.918395280838012695e+00
2.811058998107910156e+00
2.850296258926391602e+00
3.026682853698730469e+00
2.985584020614624023e+00
3.157809734344482422e+00
3.101673603057861328e+00
3.044626235961914062e+00
3.182280302047729492e+00
3.139036417007446289e+00
3.210874319076538086e+00
3.065207242965698242e+00
3.086120128631591797e+00
2.822722673416137695e+00
3.323643922805786133e+00
3.235270500183105469e+00
3.405622005462646484e+00
3.152724981307983398e+00
3.116265058517456055e+00
3.296016693115234375e+00
3.191427946090698242e+00
3.138040781021118164e+00
3.126159667968750000e+00
3.164188861846923828e+00
3.269197940826416016e+00
3.127867460250854492e+00
3.149774312973022461e+00
3.173759222030639648e+00
3.107506513595581055e+00
3.144000053405761719e+00
3.101886987686157227e+00
2.410485982894897461e+00
3.308687210083007812e+00
3.123241901397705078e+00
3.101065874099731445e+00
2.998645305633544922e+00
3.167294025421142578e+00
3.214057922363281250e+00
3.010946035385131836e+00
3.090344905853271484e+00
3.268574953079223633e+00
3.123392343521118164e+00
3.177079677581787109e+00
3.089829921722412109e+00
2.718424320220947266e+00
2.389853000640869141e+00
2.960565328598022461e+00
3.101351976394653320e+00
3.052805900573730469e+00
3.104313611984252930e+00
3.174889326095581055e+00
3.096297979354858398e+00
2.924387931823730469e+00
3.194692850112915039e+00
2.989815235137939453e+00
3.324529647827148438e+00
3.419318199157714844e+00
3.225821495056152344e+00
3.324969530105590820e+00
3.128441333770751953e+00
2.955225706100463867e+00
2.878526687622070312e+00
3.180160284042358398e+00
3.164312601089477539e+00
3.000785589218139648e+00
3.260561227798461914e+00
2.965028047561645508e+00
2.768235206604003906e+00
3.081666469573974609e+00
3.216399192810058594e+00
3.081968784332275391e+00
3.108275175094604492e+00
3.062024593353271484e+00
3.083698749542236328e+00
3.017754316329956055e+00
2.927395343780517578e+00
3.405332326889038086e+00
3.266300678253173828e+00
3.199078559875488281e+00
3.110231399536132812e+00
3.139693498611450195e+00
3.152933359146118164e+00
3.201928377151489258e+00
3.237405538558959961e+00
3.160137891769409180e+00
3.081218242645263672e+00
3.218484401702880859e+00
3.395453453063964844e+00
3.267590045928955078e+00
3.165285348892211914e+00
3.194325923919677734e+00
3.073560237884521484e+00
3.313678026199340820e+00
3.155904054641723633e+00
3.174827814102172852e+00
3.111177682876586914e+00
3.109779834747314453e+00
3.188277244567871094e+00
3.199975490570068359e+00
3.114246606826782227e+00
3.235358238220214844e+00
2.776210069656372070e+00
3.335532188415527344e+00
3.064579010009765625e+00
3.142395734786987305e+00
3.131016492843627930e+00
3.210623741149902344e+00
3.161702156066894531e+00
2.936214447021484375e+00
2.975832223892211914e+00
3.208621025085449219e+00
3.084743261337280273e+00
3.108950138092041016e+00
2.937054395675659180e+00
3.320564270019531250e+00
3.293871879577636719e+00
3.117378711700439453e+00
3.042578220367431641e+00
3.218537807464599609e+00
2.772477865219116211e+00
3.252386808395385742e+00
3.328512430191040039e+00
3.305838108062744141e+00
3.198190450668334961e+00
2.765012502670288086e+00
2.756310462951660156e+00
2.959030151367187500e+00
2.765982151031494141e+00
3.088762044906616211e+00
3.053259134292602539e+00
3.113167047500610352e+00
3.107445001602172852e+00
3.071953058242797852e+00
3.182677030563354492e+00
3.089007377624511719e+00
3.165671110153198242e+00
3.140157699584960938e+00
3.102937698364257812e+00
3.098239660263061523e+00
3.169882774353027344e+00
3.132823467254638672e+00
3.030897855758666992e+00
3.269972801208496094e+00
3.171707630157470703e+00
3.176644086837768555e+00
3.119247674942016602e+00
3.293803691864013672e+00
3.212550640106201172e+00
3.037908554077148438e+00
2.917995929718017578e+00
2.732673645019531250e+00
3.467070579528808594e+00
3.219593524932861328e+00
3.142099857330322266e+00
3.153661489486694336e+00
2.707053899765014648e+00
2.981549739837646484e+00
3.346328496932983398e+00
3.117467403411865234e+00
3.113814592361450195e+00
3.083123445510864258e+00
3.073328733444213867e+00
3.120336532592773438e+00
3.234396696090698242e+00
2.987323045730590820e+00
3.100826501846313477e+00
3.256605386734008789e+00
3.159779310226440430e+00
3.264245033264160156e+00
2.928444623947143555e+00
3.308778762817382812e+00
3.035408258438110352e+00
3.305778264999389648e+00
3.137490272521972656e+00
3.018894433975219727e+00
3.306834459304809570e+00
3.153105020523071289e+00
3.108541727066040039e+00
3.159428358078002930e+00
3.138512372970581055e+00
3.223581790924072266e+00
3.215214014053344727e+00
3.255260705947875977e+00
3.090064525604248047e+00
3.040626049041748047e+00
2.989577531814575195e+00
3.138093709945678711e+00
3.180732965469360352e+00
3.132364034652709961e+00
3.119148969650268555e+00
3.066797971725463867e+00
3.046412944793701172e+00
3.033781051635742188e+00
3.093903064727783203e+00
3.224040031433105469e+00
3.206622123718261719e+00
3.314447402954101562e+00
3.087713003158569336e+00
2.943402767181396484e+00
2.459907770156860352e+00
2.814578294754028320e+00
2.900416135787963867e+00
2.414092779159545898e+00
2.751490354537963867e+00
2.762086629867553711e+00
2.906634569168090820e+00
3.223188877105712891e+00
3.048981904983520508e+00
3.191279888153076172e+00
3.173166036605834961e+00
3.380452632904052734e+00
3.351457118988037109e+00
3.081216335296630859e+00
3.218757629394531250e+00
3.242892980575561523e+00
3.194759845733642578e+00
2.997453212738037109e+00
2.952832698822021484e+00
3.108126401901245117e+00
2.984327793121337891e+00
2.933203458786010742e+00
3.191550731658935547e+00
3.072273015975952148e+00
2.991730928421020508e+00
3.194099426269531250e+00
3.237708091735839844e+00
3.160606622695922852e+00
3.452000617980957031e+00
3.350946903228759766e+00
3.010045766830444336e+00
3.083507537841796875e+00
2.931329011917114258e+00
2.684409856796264648e+00
2.777838230133056641e+00
3.168246269226074219e+00
3.082734823226928711e+00
3.213846921920776367e+00
3.040006637573242188e+00
3.068640470504760742e+00
3.061583995819091797e+00
3.030092239379882812e+00
3.131175041198730469e+00
3.001431703567504883e+00
3.123879909515380859e+00
3.149763345718383789e+00
3.249164342880249023e+00
3.100296258926391602e+00
3.314486026763916016e+00
2.784745693206787109e+00
3.147934913635253906e+00
3.318038940429687500e+00
3.242793560028076172e+00
3.130546092987060547e+00
3.086744308471679688e+00
3.084283113479614258e+00
2.934742689132690430e+00
2.784499168395996094e+00
3.299412965774536133e+00
2.991673946380615234e+00
3.171328783035278320e+00
3.145608901977539062e+00
3.150592565536499023e+00
3.067327976226806641e+00
3.096341848373413086e+00
3.129405498504638672e+00
3.514822959899902344e+00
3.084188222885131836e+00
3.161739826202392578e+00
3.094038009643554688e+00
3.093528270721435547e+00
2.885107994079589844e+00
3.202135801315307617e+00
3.207328319549560547e+00
3.145330905914306641e+00
3.156194925308227539e+00
3.129910945892333984e+00
3.310842275619506836e+00
3.161650657653808594e+00
3.253940343856811523e+00
3.051196575164794922e+00
3.061187982559204102e+00
2.850197553634643555e+00
2.664758682250976562e+00
3.072499036788940430e+00
3.071112871170043945e+00
3.125832557678222656e+00
3.082035779953002930e+00
3.075787782669067383e+00
3.146918058395385742e+00
3.098702430725097656e+00
3.156066417694091797e+00
3.354289293289184570e+00
3.300745487213134766e+00
3.284443140029907227e+00
3.096883296966552734e+00
2.774332046508789062e+00
3.283267021179199219e+00
2.827616930007934570e+00
3.110516548156738281e+00
2.801865100860595703e+00
3.254339218139648438e+00
3.107778787612915039e+00
3.158906459808349609e+00
3.096890449523925781e+00
3.114068984985351562e+00
3.160815238952636719e+00
3.233892679214477539e+00
3.125785589218139648e+00
3.154717445373535156e+00
3.043923854827880859e+00
3.213774919509887695e+00
3.311055183410644531e+00
3.302103042602539062e+00
3.259866476058959961e+00
3.270682096481323242e+00
3.132650375366210938e+00
3.106790065765380859e+00
2.467665195465087891e+00
2.681675910949707031e+00
2.772078275680541992e+00
2.740760326385498047e+00
3.040239572525024414e+00
3.342024087905883789e+00
3.161639213562011719e+00
3.129722356796264648e+00
3.071372747421264648e+00
3.149703502655029297e+00
3.177021741867065430e+00
3.189117670059204102e+00
3.116504907608032227e+00
3.089126110076904297e+00
3.040283441543579102e+00
3.049469470977783203e+00
3.376606941223144531e+00
3.330547809600830078e+00
3.176087141036987305e+00
2.942438364028930664e+00
3.184148550033569336e+00
3.118362903594970703e+00
3.342836618423461914e+00
3.301321029663085938e+00
3.411196947097778320e+00
3.103301763534545898e+00
3.209088325500488281e+00
3.157942056655883789e+00
3.251743316650390625e+00
3.259948015213012695e+00
3.144270896911621094e+00
3.043167591094970703e+00
3.176316738128662109e+00
3.068993568420410156e+00
2.962705373764038086e+00
2.780771017074584961e+00
2.932589530944824219e+00
3.032677888870239258e+00
2.962309360504150391e+00
3.139400720596313477e+00
3.183207273483276367e+00
3.066638231277465820e+00
3.057113409042358398e+00
3.107004404067993164e+00
3.194041490554809570e+00
3.117581129074096680e+00
3.129448890686035156e+00
3.141126394271850586e+00
3.096240043640136719e+00
3.114053249359130859e+00
3.281839370727539062e+00
3.248531341552734375e+00
3.125433444976806641e+00
3.142509460449218750e+00
3.252927541732788086e+00
3.153853416442871094e+00
3.199403762817382812e+00
3.137629508972167969e+00
3.056789636611938477e+00
3.152499437332153320e+00
3.093711137771606445e+00
2.853165149688720703e+00
3.156442403793334961e+00
3.222733020782470703e+00
3.190811634063720703e+00
3.009782791137695312e+00
3.108135700225830078e+00
3.133843898773193359e+00
3.159407377243041992e+00
3.161094903945922852e+00
3.189359188079833984e+00
3.052114963531494141e+00
2.943881511688232422e+00
2.618621349334716797e+00
3.259229898452758789e+00
3.125231027603149414e+00
3.003153562545776367e+00
3.092356204986572266e+00
2.854476928710937500e+00
3.160481452941894531e+00
3.091124057769775391e+00
3.190876722335815430e+00
3.358552455902099609e+00
3.211716890335083008e+00
3.453208923339843750e+00
2.927772760391235352e+00
3.060832262039184570e+00
2.921752691268920898e+00
3.104439020156860352e+00
3.067976474761962891e+00
3.120406150817871094e+00
3.147567987442016602e+00
3.107643365859985352e+00
2.544711351394653320e+00
3.087001800537109375e+00
3.261499643325805664e+00
3.107329130172729492e+00
3.413089752197265625e+00
3.232513904571533203e+00
3.133597373962402344e+00
2.663931369781494141e+00
2.676852941513061523e+00
3.100543260574340820e+00
3.080393314361572266e+00
3.109053373336791992e+00
3.068384170532226562e+00
3.053359270095825195e+00
3.056045532226562500e+00
3.140847206115722656e+00
2.753130912780761719e+00
3.014749526977539062e+00
3.261458396911621094e+00
2.913113355636596680e+00
3.403956174850463867e+00
3.256861448287963867e+00
3.224619626998901367e+00
3.065660715103149414e+00
3.148272991180419922e+00
3.096745014190673828e+00
2.964223146438598633e+00
3.152135848999023438e+00
2.878976821899414062e+00
2.954582452774047852e+00
3.264401197433471680e+00
3.184795856475830078e+00
3.166113615036010742e+00
3.142047166824340820e+00
3.119457006454467773e+00
3.112034082412719727e+00
3.173227310180664062e+00
3.289694070816040039e+00
3.356058597564697266e+00
3.097145080566406250e+00
3.143962383270263672e+00
3.078875780105590820e+00
3.281665086746215820e+00
3.154593944549560547e+00
3.057640790939331055e+00
3.119086980819702148e+00
3.105630636215209961e+00
3.230798959732055664e+00
3.159010410308837891e+00
3.187780380249023438e+00
3.257080316543579102e+00
3.116820335388183594e+00
3.095958232879638672e+00
3.147832870483398438e+00
3.215039014816284180e+00
3.178291797637939453e+00
3.195865154266357422e+00
3.115322589874267578e+00
3.172129392623901367e+00
3.134810924530029297e+00
3.056128740310668945e+00
3.451756000518798828e+00
3.102386951446533203e+00
3.104860782623291016e+00
3.070225954055786133e+00
3.119959354400634766e+00
3.237706422805786133e+00
3.204591512680053711e+00
3.034196376800537109e+00
2.756040334701538086e+00
2.853108644485473633e+00
3.044668674468994141e+00
3.010631799697875977e+00
2.981513261795043945e+00
2.888156652450561523e+00
3.007653951644897461e+00
3.241137742996215820e+00
2.888710260391235352e+00
3.177022933959960938e+00
3.203771114349365234e+00
3.180635452270507812e+00
3.124568462371826172e+00
3.224943876266479492e+00
3.007568836212158203e+00
2.926655769348144531e+00
3.096179008483886719e+00
3.176374912261962891e+00
3.128910541534423828e+00
3.112315177917480469e+00
3.125616073608398438e+00
3.178581953048706055e+00
3.109745979309082031e+00
2.770164966583251953e+00
2.347633600234985352e+00
3.053244590759277344e+00
3.092473506927490234e+00
3.179499864578247070e+00
2.957141399383544922e+00
3.036880254745483398e+00
3.116261243820190430e+00
3.155970573425292969e+00
3.105204582214355469e+00
3.113943576812744141e+00
3.064341306686401367e+00
3.005684137344360352e+00
3.199874401092529297e+00
3.085072040557861328e+00
3.104908466339111328e+00
3.302982330322265625e+00
3.069901466369628906e+00
3.147633075714111328e+00
2.790608167648315430e+00
3.195583105087280273e+00
3.124135017395019531e+00
3.225124835968017578e+00
2.844861030578613281e+00
3.322246313095092773e+00
3.207257032394409180e+00
3.157980203628540039e+00
3.102115154266357422e+00
3.177261590957641602e+00
3.172725200653076172e+00
2.947546720504760742e+00
3.374224662780761719e+00
3.059784412384033203e+00
3.112467765808105469e+00
3.099951267242431641e+00
3.055728197097778320e+00
3.087065458297729492e+00
3.142480373382568359e+00
3.288517713546752930e+00
3.355532646179199219e+00
3.107550382614135742e+00
3.017027139663696289e+00
3.307783603668212891e+00
3.100806474685668945e+00
3.188737869262695312e+00
3.434152841567993164e+00
3.180796384811401367e+00
3.140954256057739258e+00
3.239713907241821289e+00
3.170782566070556641e+00
3.227228641510009766e+00
3.055916070938110352e+00
3.172980308532714844e+00
3.086535930633544922e+00
3.069916009902954102e+00
3.175624608993530273e+00
3.157211542129516602e+00
3.472643375396728516e+00
3.202263593673706055e+00
3.075674295425415039e+00
3.153759479522705078e+00
3.132522821426391602e+00
3.347043514251708984e+00
3.229739904403686523e+00
3.210240364074707031e+00
3.180059194564819336e+00
3.019228696823120117e+00
3.177866697311401367e+00
3.115909099578857422e+00
3.333291053771972656e+00
3.118941545486450195e+00
3.123884439468383789e+00
3.056679487228393555e+00
3.067361831665039062e+00
3.224648475646972656e+00
3.205685853958129883e+00
3.225705862045288086e+00
3.266153812408447266e+00
3.145939350128173828e+00
3.072772026062011719e+00
3.117317438125610352e+00
3.108850955963134766e+00
2.837937355041503906e+00
2.939672946929931641e+00
3.187724590301513672e+00
3.066032648086547852e+00
3.107489824295043945e+00
3.234127044677734375e+00
3.161821842193603516e+00
3.124404668807983398e+00
3.054199934005737305e+00
3.037739515304565430e+00
3.161558866500854492e+00
3.169898509979248047e+00
3.148926019668579102e+00
3.225125074386596680e+00
3.092852115631103516e+00
3.106343030929565430e+00
3.145121097564697266e+00
3.191266775131225586e+00
3.133974552154541016e+00
3.233921766281127930e+00
3.384424448013305664e+00
3.032713174819946289e+00
2.988691806793212891e+00
3.307166814804077148e+00
3.340371370315551758e+00
3.457052230834960938e+00
3.141006469726562500e+00
3.094651699066162109e+00
2.377217769622802734e+00
2.699641942977905273e+00
2.698051691055297852e+00
2.963797092437744141e+00
2.751656293869018555e+00
3.308932304382324219e+00
3.194101572036743164e+00
3.097324609756469727e+00
3.290427207946777344e+00
3.256803274154663086e+00
3.222149372100830078e+00
3.129563093185424805e+00
2.746061563491821289e+00
2.641075372695922852e+00
2.590721845626831055e+00
3.143132925033569336e+00
3.120281696319580078e+00
3.167256116867065430e+00
3.235524415969848633e+00
3.331701278686523438e+00
3.186803102493286133e+00
3.168207406997680664e+00
3.124038219451904297e+00
3.548531055450439453e+00
3.182116031646728516e+00
3.222885847091674805e+00
3.207997798919677734e+00
3.103247642517089844e+00
3.044789791107177734e+00
3.089895248413085938e+00
2.944670915603637695e+00
2.891866922378540039e+00
3.076575279235839844e+00
3.115898370742797852e+00
2.989774465560913086e+00
3.193632364273071289e+00
3.143032789230346680e+00
3.181358814239501953e+00
3.153331279754638672e+00
3.221835613250732422e+00
3.107086181640625000e+00
3.373178720474243164e+00
2.941435098648071289e+00
3.033828020095825195e+00
3.285384654998779297e+00
3.022348642349243164e+00
3.035248041152954102e+00
3.205850601196289062e+00
3.183411836624145508e+00
3.143190383911132812e+00
3.143913269042968750e+00
3.145114898681640625e+00
3.112928867340087891e+00
3.222735166549682617e+00
3.071960687637329102e+00
3.310366868972778320e+00
2.265693187713623047e+00
3.066648244857788086e+00
3.238891601562500000e+00
3.400815010070800781e+00
3.224307060241699219e+00
3.433151960372924805e+00
3.080384969711303711e+00
3.120386838912963867e+00
3.102735757827758789e+00
3.100356578826904297e+00
3.145831584930419922e+00
3.035747051239013672e+00
3.120500802993774414e+00
3.231976509094238281e+00
3.240777492523193359e+00
3.521642446517944336e+00
3.456309556961059570e+00
3.239715814590454102e+00
3.194994926452636719e+00
3.206350088119506836e+00
3.008796453475952148e+00
3.102813959121704102e+00
3.155508756637573242e+00
3.093985080718994141e+00
3.161612987518310547e+00
3.228561639785766602e+00
3.116467475891113281e+00
3.072610139846801758e+00
3.098265647888183594e+00
3.227696895599365234e+00
3.156053066253662109e+00
3.160409927368164062e+00
3.163400411605834961e+00
3.094377517700195312e+00
3.214638471603393555e+00
3.008582353591918945e+00
3.516437053680419922e+00
3.029089927673339844e+00
3.094223976135253906e+00
3.148562431335449219e+00
3.212595939636230469e+00
3.126266479492187500e+00
3.094771862030029297e+00
3.074457168579101562e+00
3.208759784698486328e+00
3.094241857528686523e+00
3.046587228775024414e+00
3.121810674667358398e+00
3.085427522659301758e+00
3.120061159133911133e+00
3.156498432159423828e+00
3.177928924560546875e+00
3.198084115982055664e+00
2.738177299499511719e+00
3.062065601348876953e+00
3.119214296340942383e+00
2.971313476562500000e+00
3.442421674728393555e+00
3.212333679199218750e+00
3.015445709228515625e+00
3.238424301147460938e+00
3.115630865097045898e+00
2.592210769653320312e+00
2.673381328582763672e+00
3.010481357574462891e+00
3.163647174835205078e+00
3.242917060852050781e+00
3.058534145355224609e+00
3.083773851394653320e+00
3.119635343551635742e+00
3.226556301116943359e+00
3.098860979080200195e+00
3.329437971115112305e+00
3.283115148544311523e+00
3.218164443969726562e+00
3.014119625091552734e+00
2.997850179672241211e+00
3.142144680023193359e+00
3.122831583023071289e+00
3.264317512512207031e+00
3.126096487045288086e+00
3.530373811721801758e+00
3.195769786834716797e+00
3.048710107803344727e+00
3.247454881668090820e+00
3.204878091812133789e+00
3.085286378860473633e+00
3.120185136795043945e+00
2.798644065856933594e+00
3.210125684738159180e+00
3.204151868820190430e+00
3.238338232040405273e+00
3.501196622848510742e+00
3.148803710937500000e+00
3.081350564956665039e+00
3.055447578430175781e+00
3.144966840744018555e+00
2.808980703353881836e+00
2.768634080886840820e+00
2.779147386550903320e+00
3.199279069900512695e+00
3.288983106613159180e+00
3.193737745285034180e+00
2.911745309829711914e+00
2.805993080139160156e+00
2.911602973937988281e+00
3.226536512374877930e+00
3.030228137969970703e+00
3.127389669418334961e+00
3.098291397094726562e+00
3.150792121887207031e+00
3.132563829421997070e+00
3.129483461380004883e+00
3.177125930786132812e+00
3.285372734069824219e+00
3.185079097747802734e+00
3.223147392272949219e+00
3.134645938873291016e+00
2.845796823501586914e+00
3.157607793807983398e+00
3.058922767639160156e+00
3.149271249771118164e+00
3.178546667098999023e+00
3.134053707122802734e+00
3.265004634857177734e+00
3.027523279190063477e+00
3.228464365005493164e+00
3.099150896072387695e+00
3.105561256408691406e+00
3.322540521621704102e+00
3.109420061111450195e+00
2.983897924423217773e+00
3.487310647964477539e+00
3.120127439498901367e+00
2.976797342300415039e+00
3.349729061126708984e+00
3.125844001770019531e+00
3.135398387908935547e+00
3.129013299942016602e+00
3.466725826263427734e+00
3.344405651092529297e+00
3.179161071777343750e+00
3.064290523529052734e+00
2.835822105407714844e+00
3.250976085662841797e+00
3.037344455718994141e+00
3.281985044479370117e+00
3.115896940231323242e+00
3.101957798004150391e+00
3.228659152984619141e+00
3.136458873748779297e+00
3.390196800231933594e+00
3.187472820281982422e+00
3.007272720336914062e+00
3.387344121932983398e+00
3.192213773727416992e+00
3.174593448638916016e+00
3.153100967407226562e+00
3.051882743835449219e+00
3.180644035339355469e+00
3.213735103607177734e+00
3.327184915542602539e+00
3.042221069335937500e+00
3.160258054733276367e+00
3.043951511383056641e+00
3.087705850601196289e+00
3.141326665878295898e+00
3.396799325942993164e+00
3.079673767089843750e+00
3.361299037933349609e+00
3.169666051864624023e+00
3.118534088134765625e+00
3.203107118606567383e+00
3.226397037506103516e+00
3.175389528274536133e+00
3.141725301742553711e+00
3.162748813629150391e+00
3.119414329528808594e+00
3.104473352432250977e+00
3.091545581817626953e+00
3.144302606582641602e+00
3.113746166229248047e+00
3.443794250488281250e+00
3.096084594726562500e+00
3.024357318878173828e+00
3.361863136291503906e+00
3.007001876831054688e+00
3.124069452285766602e+00
2.847213268280029297e+00
3.174365043640136719e+00
3.149020433425903320e+00
3.512961626052856445e+00
3.163146495819091797e+00
3.155790090560913086e+00
3.176462173461914062e+00
3.146559476852416992e+00
3.110920667648315430e+00
3.406422376632690430e+00
3.255131244659423828e+00
3.074941873550415039e+00
3.428222656250000000e+00
3.163959980010986328e+00
3.363756656646728516e+00
3.152247667312622070e+00
3.164482831954956055e+00
3.129829168319702148e+00
3.271320819854736328e+00
3.174948930740356445e+00
3.121215343475341797e+00
3.193100214004516602e+00
3.188801288604736328e+00
3.071674108505249023e+00
3.075067281723022461e+00
3.061648845672607422e+00
3.082483291625976562e+00
3.195678949356079102e+00
3.158396959304809570e+00
3.167659282684326172e+00
3.073471307754516602e+00
3.047537565231323242e+00
3.177153110504150391e+00
3.200688123703002930e+00
3.081379652023315430e+00
3.186292409896850586e+00
3.161996603012084961e+00
3.087566614151000977e+00
3.167337894439697266e+00
3.120560646057128906e+00
3.170189142227172852e+00
3.209291696548461914e+00
3.153227806091308594e+00
3.304268360137939453e+00
3.167610883712768555e+00
3.162673473358154297e+00
3.136449098587036133e+00
3.130388021469116211e+00
3.083462953567504883e+00
3.176366567611694336e+00
2.990048170089721680e+00
3.191725015640258789e+00
3.093093395233154297e+00
3.104331254959106445e+00
2.929728746414184570e+00
2.930568933486938477e+00
3.140760421752929688e+00
3.475039720535278320e+00
3.466973304748535156e+00
2.855622768402099609e+00
3.028652429580688477e+00
3.261432409286499023e+00
3.092469453811645508e+00
3.190874338150024414e+00
3.036318063735961914e+00
3.078660488128662109e+00
3.153543233871459961e+00
3.318175077438354492e+00
3.224996805191040039e+00
3.183482408523559570e+00
3.028696060180664062e+00
2.946702003479003906e+00
3.307425498962402344e+00
2.776627779006958008e+00
2.566173076629638672e+00
3.234346151351928711e+00
3.085425615310668945e+00
3.090651750564575195e+00
3.182190418243408203e+00
3.101075887680053711e+00
3.174560785293579102e+00
3.158127784729003906e+00
2.992243528366088867e+00
3.114541292190551758e+00
3.199200153350830078e+00
3.268162488937377930e+00
3.160620689392089844e+00
2.947015523910522461e+00
3.052810907363891602e+00
3.351782798767089844e+00
3.201860427856445312e+00
3.218538999557495117e+00
3.187863349914550781e+00
3.223438978195190430e+00
2.979465007781982422e+00
3.241353034973144531e+00
3.196674346923828125e+00
3.226113080978393555e+00
3.190150976181030273e+00
3.154803752899169922e+00
3.048327207565307617e+00
3.207847833633422852e+00
3.226267099380493164e+00
2.881275415420532227e+00
3.266802072525024414e+00
3.185315132141113281e+00
3.141605615615844727e+00
3.068111181259155273e+00
3.099070310592651367e+00
3.102457761764526367e+00
3.101351976394653320e+00
3.105872154235839844e+00
3.044406175613403320e+00
2.979188680648803711e+00
3.091917991638183594e+00
3.072386980056762695e+00
3.145988702774047852e+00
3.148144483566284180e+00
3.153985500335693359e+00
3.157982110977172852e+00
3.075325250625610352e+00
3.215124130249023438e+00
3.160207986831665039e+00
3.096217632293701172e+00
3.096932411193847656e+00
3.167512178421020508e+00
3.162044048309326172e+00
3.523078918457031250e+00
3.072542428970336914e+00
3.086685657501220703e+00
3.122711181640625000e+00
3.132900238037109375e+00
3.159320354461669922e+00
3.159904956817626953e+00
3.201273679733276367e+00
3.072772026062011719e+00
3.112260103225708008e+00
3.322110176086425781e+00
3.112322807312011719e+00
2.859726190567016602e+00
3.075432062149047852e+00
2.665486574172973633e+00
2.989743471145629883e+00
3.182073831558227539e+00
3.130098819732666016e+00
3.166934490203857422e+00
3.246901750564575195e+00
3.214358091354370117e+00
3.247935771942138672e+00
3.177063465118408203e+00
3.118704557418823242e+00
3.242919445037841797e+00
3.132106065750122070e+00
3.221812009811401367e+00
3.176610469818115234e+00
3.191977024078369141e+00
3.092323541641235352e+00
3.152347564697265625e+00
3.077708482742309570e+00
3.192414760589599609e+00
3.124149799346923828e+00
3.374900579452514648e+00
3.013967752456665039e+00
3.157597303390502930e+00
3.141980409622192383e+00
3.221835374832153320e+00
3.155317783355712891e+00
3.190902948379516602e+00
3.124114751815795898e+00
2.890384912490844727e+00
3.108092784881591797e+00
3.241449594497680664e+00
3.241130352020263672e+00
3.158595800399780273e+00
3.153555631637573242e+00
2.739897727966308594e+00
3.244544982910156250e+00
3.208904504776000977e+00
3.180673599243164062e+00
3.204407215118408203e+00
3.167139530181884766e+00
3.297740936279296875e+00
2.904065132141113281e+00
2.851751327514648438e+00
3.266000509262084961e+00
3.163735866546630859e+00
3.287482976913452148e+00
2.952642679214477539e+00
2.912147045135498047e+00
3.163580656051635742e+00
3.163288831710815430e+00
3.189252853393554688e+00
3.153299808502197266e+00
2.928715705871582031e+00
3.090117692947387695e+00
2.743079185485839844e+00
2.765602588653564453e+00
3.068400382995605469e+00
3.452945947647094727e+00
3.085152387619018555e+00
3.433268785476684570e+00
3.355228185653686523e+00
2.986160278320312500e+00
3.059525012969970703e+00
3.079077005386352539e+00
3.199903964996337891e+00
3.124252557754516602e+00
3.044073343276977539e+00
3.103523731231689453e+00
3.218285799026489258e+00
3.173947334289550781e+00
3.171383380889892578e+00
3.121376991271972656e+00
2.928958177566528320e+00
3.056488990783691406e+00
3.132347822189331055e+00
3.153199434280395508e+00
3.188758850097656250e+00
3.226693868637084961e+00
3.388263225555419922e+00
2.550905704498291016e+00
3.063088655471801758e+00
3.099727153778076172e+00
3.123686790466308594e+00
3.489971876144409180e+00
3.570780515670776367e+00
3.132311820983886719e+00
3.136538028717041016e+00
3.263084650039672852e+00
3.127626180648803711e+00
3.206047534942626953e+00
3.159827947616577148e+00
3.129708766937255859e+00
3.107257843017578125e+00
3.166024684906005859e+00
3.123546838760375977e+00
3.388978004455566406e+00
3.201876878738403320e+00
3.227797269821166992e+00
3.152451038360595703e+00
3.345372200012207031e+00
3.148758411407470703e+00
3.355046749114990234e+00
3.036461591720581055e+00
3.001474142074584961e+00
3.396444320678710938e+00
3.278489589691162109e+00
3.259720087051391602e+00
3.048305034637451172e+00
3.065087318420410156e+00
3.084095716476440430e+00
3.160481929779052734e+00
3.221081972122192383e+00
3.163389921188354492e+00
3.166739225387573242e+00
3.220798969268798828e+00
3.115995407104492188e+00
3.124925851821899414e+00
3.107665300369262695e+00
3.149389743804931641e+00
2.761461973190307617e+00
3.064117908477783203e+00
3.255354166030883789e+00
3.123806715011596680e+00
3.055890560150146484e+00
3.080309391021728516e+00
3.152597188949584961e+00
3.156751871109008789e+00
3.048511743545532227e+00
3.117274045944213867e+00
2.509818077087402344e+00
2.546556234359741211e+00
3.253706455230712891e+00
3.101442337036132812e+00
3.110847234725952148e+00
3.137812852859497070e+00
3.207251071929931641e+00
3.326107978820800781e+00
3.307067155838012695e+00
3.266352176666259766e+00
3.212280511856079102e+00
3.241831302642822266e+00
3.217068910598754883e+00
3.121543169021606445e+00
3.119144201278686523e+00
3.473686456680297852e+00
3.330512285232543945e+00
3.208496809005737305e+00
3.015629529953002930e+00
3.153887748718261719e+00
3.076241016387939453e+00
3.323917388916015625e+00
3.182466745376586914e+00
3.197564840316772461e+00
3.222156286239624023e+00
3.066413164138793945e+00
3.237910032272338867e+00
3.213253259658813477e+00
3.148783683776855469e+00
3.109798908233642578e+00
3.108881473541259766e+00
3.019272804260253906e+00
3.096143960952758789e+00
3.222298145294189453e+00
3.196763753890991211e+00
3.158929109573364258e+00
3.225359916687011719e+00
3.143470525741577148e+00
3.169442415237426758e+00
3.195599079132080078e+00
3.307879209518432617e+00
3.132270097732543945e+00
3.112251043319702148e+00
3.078019380569458008e+00
2.823996067047119141e+00
3.061009645462036133e+00
3.246163845062255859e+00
3.121996164321899414e+00
3.113825082778930664e+00
3.109525680541992188e+00
3.108594417572021484e+00
3.317622661590576172e+00
3.076747179031372070e+00
3.111496448516845703e+00
3.067031145095825195e+00
3.123100996017456055e+00
3.133085250854492188e+00
3.121309518814086914e+00
3.182994127273559570e+00
3.463783502578735352e+00
3.182150602340698242e+00
3.151350021362304688e+00
2.961814641952514648e+00
3.132487535476684570e+00
3.120851039886474609e+00
3.107192277908325195e+00
3.189688444137573242e+00
3.157608985900878906e+00
3.476810455322265625e+00
3.167364835739135742e+00
3.146306276321411133e+00
3.123720884323120117e+00
3.117051839828491211e+00
3.073150873184204102e+00
2.891151428222656250e+00
3.187678098678588867e+00
3.449252605438232422e+00
3.415980339050292969e+00
2.948019981384277344e+00
3.289654254913330078e+00
3.275106668472290039e+00
3.204426288604736328e+00
3.094893455505371094e+00
3.070518255233764648e+00
3.170511007308959961e+00
3.174511909484863281e+00
3.211295127868652344e+00
3.090552091598510742e+00
3.015716552734375000e+00
3.158511877059936523e+00
3.283703565597534180e+00
3.217185497283935547e+00
3.175014257431030273e+00
3.224279165267944336e+00
3.064389705657958984e+00
3.078914403915405273e+00
3.140882730484008789e+00
3.200928449630737305e+00
3.236837387084960938e+00
3.065332412719726562e+00
2.917682170867919922e+00
3.067622661590576172e+00
3.162515163421630859e+00
3.163633108139038086e+00
3.149742603302001953e+00
3.238276243209838867e+00
3.088522911071777344e+00
3.269938707351684570e+00
3.162548542022705078e+00
3.188734054565429688e+00
3.212458372116088867e+00
2.978335857391357422e+00
2.906443357467651367e+00
3.088236331939697266e+00
3.174999952316284180e+00
3.182582616806030273e+00
3.144567251205444336e+00
3.199358224868774414e+00
3.298293590545654297e+00
3.122219562530517578e+00
3.236580848693847656e+00
3.175565719604492188e+00
2.913609504699707031e+00
3.395111322402954102e+00
3.121024370193481445e+00
3.285720348358154297e+00
3.152274847030639648e+00
3.130710840225219727e+00
3.034850358963012695e+00
2.533312082290649414e+00
3.454995870590209961e+00
2.908026695251464844e+00
3.180618762969970703e+00
3.237246274948120117e+00
3.183084487915039062e+00
3.081070899963378906e+00
3.119078159332275391e+00
3.102252721786499023e+00
3.105881214141845703e+00
3.090111017227172852e+00
3.272708177566528320e+00
3.086552143096923828e+00
3.167497634887695312e+00
3.126408338546752930e+00
3.258807182312011719e+00
3.248973369598388672e+00
3.095507144927978516e+00
3.303539514541625977e+00
3.168745756149291992e+00
3.423260211944580078e+00
2.827169895172119141e+00
2.323127508163452148e+00
2.889018297195434570e+00
2.805973529815673828e+00
3.531934738159179688e+00
3.108633756637573242e+00
3.076534986495971680e+00
3.295618534088134766e+00
3.237880229949951172e+00
3.298634290695190430e+00
3.265770912170410156e+00
3.131655693054199219e+00
3.280914068222045898e+00
3.183248519897460938e+00
3.069585561752319336e+00
3.197459697723388672e+00
3.067898035049438477e+00
3.171793699264526367e+00
3.133509159088134766e+00
3.194797039031982422e+00
3.024005413055419922e+00
3.204022645950317383e+00
3.099159717559814453e+00
3.118988275527954102e+00
3.268186092376708984e+00
3.291568756103515625e+00
3.525702953338623047e+00
3.185551166534423828e+00
3.126536369323730469e+00
3.312412500381469727e+00
3.066705226898193359e+00
3.103672266006469727e+00
3.056560039520263672e+00
3.276269912719726562e+00
3.027841806411743164e+00
3.143496751785278320e+00
3.147614717483520508e+00
3.158094882965087891e+00
3.182467460632324219e+00
3.072034358978271484e+00
3.185121059417724609e+00
3.205358266830444336e+00
3.204284906387329102e+00
3.229339599609375000e+00
3.106335163116455078e+00
2.933752775192260742e+00
3.362215995788574219e+00
3.067825078964233398e+00
3.096578359603881836e+00
3.450142860412597656e+00
3.028081178665161133e+00
3.055334329605102539e+00
3.057206392288208008e+00
3.092084407806396484e+00
3.168144941329956055e+00
3.322347640991210938e+00
3.075245857238769531e+00
3.126797676086425781e+00
3.195735216140747070e+00
3.154877901077270508e+00
3.148125410079956055e+00
3.263445854187011719e+00
3.090706825256347656e+00
3.175617456436157227e+00
3.178717374801635742e+00
3.409529924392700195e+00
3.304828405380249023e+00
3.199342012405395508e+00
3.110436201095581055e+00
3.163498401641845703e+00
3.205552339553833008e+00
3.289147853851318359e+00
3.153800725936889648e+00
3.156064748764038086e+00
3.126714229583740234e+00
3.053656101226806641e+00
3.161280155181884766e+00
3.129760503768920898e+00
3.195636987686157227e+00
3.105440855026245117e+00
3.095327377319335938e+00
3.118462800979614258e+00
3.208639860153198242e+00
3.055043458938598633e+00
3.035518646240234375e+00
3.577514171600341797e+00
2.962543249130249023e+00
3.595405340194702148e+00
2.802810192108154297e+00
3.209431886672973633e+00
3.064611434936523438e+00
3.177972555160522461e+00
3.136034488677978516e+00
3.080200672149658203e+00
3.180070877075195312e+00
3.275198936462402344e+00
3.232783794403076172e+00
3.092104911804199219e+00
3.214907646179199219e+00
3.370860815048217773e+00
3.105903387069702148e+00
3.300229310989379883e+00
3.202376842498779297e+00
3.123194694519042969e+00
3.180578231811523438e+00
3.201764345169067383e+00
2.493495702743530273e+00
3.049583196640014648e+00
3.291820764541625977e+00
3.235530853271484375e+00
3.177823543548583984e+00
3.149445533752441406e+00
3.147657394409179688e+00
3.126958608627319336e+00
3.184893369674682617e+00
3.252184152603149414e+00
3.168037176132202148e+00
3.107015132904052734e+00
3.169957637786865234e+00
3.099403142929077148e+00
3.174991369247436523e+00
3.200781822204589844e+00
3.288546562194824219e+00
3.176997423171997070e+00
3.007116556167602539e+00
3.115796089172363281e+00
3.252995252609252930e+00
3.256789207458496094e+00
3.157344818115234375e+00
3.234671115875244141e+00
3.371590137481689453e+00
3.153949737548828125e+00
3.244770526885986328e+00
3.183130025863647461e+00
3.207619905471801758e+00
3.170008420944213867e+00
3.163456916809082031e+00
2.984988212585449219e+00
3.203748703002929688e+00
3.234749555587768555e+00
3.095447778701782227e+00
3.183073043823242188e+00
3.115892648696899414e+00
3.169174432754516602e+00
3.182706117630004883e+00
3.304384708404541016e+00
3.243083953857421875e+00
3.015919208526611328e+00
2.898949861526489258e+00
2.854892969131469727e+00
2.845704555511474609e+00
3.143996000289916992e+00
3.187601327896118164e+00
3.181447505950927734e+00
3.238504409790039062e+00
3.350049495697021484e+00
3.203655242919921875e+00
3.091401100158691406e+00
3.121729135513305664e+00
3.119158029556274414e+00
3.173594713211059570e+00
3.196027755737304688e+00
3.147094249725341797e+00
3.126778125762939453e+00
3.095305919647216797e+00
3.233754634857177734e+00
3.146409988403320312e+00
3.239671707153320312e+00
3.186752557754516602e+00
3.125055313110351562e+00
3.128347158432006836e+00
3.108507633209228516e+00
3.260091066360473633e+00
3.134992361068725586e+00
3.109012365341186523e+00
3.172736883163452148e+00
3.249300241470336914e+00
3.083488464355468750e+00
3.188330173492431641e+00
3.187395095825195312e+00
3.075056076049804688e+00
2.766384601593017578e+00
2.728439569473266602e+00
3.165727615356445312e+00
3.113785743713378906e+00
3.177527666091918945e+00
3.150671958923339844e+00
3.248748540878295898e+00
3.130943775177001953e+00
3.247240304946899414e+00
3.312153339385986328e+00
3.286567211151123047e+00
3.375623703002929688e+00
3.085605621337890625e+00
3.142138719558715820e+00
3.187300920486450195e+00
3.125938892364501953e+00
3.093776226043701172e+00
3.227677106857299805e+00
3.116325139999389648e+00
3.143975496292114258e+00
3.232511520385742188e+00
3.110889196395874023e+00
3.116783857345581055e+00
3.474129676818847656e+00
3.261901140213012695e+00
3.060537099838256836e+00
3.141306161880493164e+00
3.085852146148681641e+00
3.177961587905883789e+00
3.181159734725952148e+00
3.055974245071411133e+00
3.101438045501708984e+00
3.153649806976318359e+00
3.132649660110473633e+00
2.862504005432128906e+00
3.157448530197143555e+00
3.114275217056274414e+00
3.566315650939941406e+00
3.191046237945556641e+00
3.262080907821655273e+00
3.176301240921020508e+00
3.193270683288574219e+00
3.114192247390747070e+00
3.094413518905639648e+00
3.173394680023193359e+00
3.291788816452026367e+00
3.016186475753784180e+00
3.016249656677246094e+00
3.214705228805541992e+00
3.119910240173339844e+00
3.172463417053222656e+00
3.187102079391479492e+00
3.247834444046020508e+00
3.080000877380371094e+00
3.113039255142211914e+00
3.194856166839599609e+00
3.120434761047363281e+00
3.223220586776733398e+00
3.226477146148681641e+00
3.104613780975341797e+00
3.169381618499755859e+00
3.167245388031005859e+00
3.211135625839233398e+00
3.200138092041015625e+00
2.709156513214111328e+00
3.262205362319946289e+00
3.215521812438964844e+00
3.421335697174072266e+00
2.457021474838256836e+00
3.012503862380981445e+00
3.194633483886718750e+00
3.210621833801269531e+00
3.140579462051391602e+00
3.107044458389282227e+00
3.217922449111938477e+00
3.099606752395629883e+00
2.644405841827392578e+00
2.748850107192993164e+00
3.164546012878417969e+00
3.129661560058593750e+00
2.957270622253417969e+00
3.298602581024169922e+00
3.114362955093383789e+00
3.195181369781494141e+00
3.589901208877563477e+00
2.800738334655761719e+00
3.308082580566406250e+00
3.649054050445556641e+00
3.560370683670043945e+00
3.084066390991210938e+00
3.165540218353271484e+00
3.162489652633666992e+00
3.217745780944824219e+00
3.256400108337402344e+00
3.110982418060302734e+00
3.190165281295776367e+00
3.209851503372192383e+00
3.417580604553222656e+00
3.205400943756103516e+00
3.320414781570434570e+00
3.266367912292480469e+00
3.145706892013549805e+00
3.061181306838989258e+00
3.369060516357421875e+00
3.212040901184082031e+00
3.109299898147583008e+00
3.207904815673828125e+00
2.929871320724487305e+00
3.299503803253173828e+00
3.099999666213989258e+00
3.395134925842285156e+00
3.155013561248779297e+00
3.227142810821533203e+00
3.186541080474853516e+00
3.097093582153320312e+00
3.420310735702514648e+00
3.058512449264526367e+00
3.286515712738037109e+00
3.163282155990600586e+00
3.181417703628540039e+00
3.102262496948242188e+00
3.130400896072387695e+00
3.169212818145751953e+00
3.200805187225341797e+00
3.210280179977416992e+00
3.152295827865600586e+00
3.144827127456665039e+00
3.123403072357177734e+00
3.234870910644531250e+00
3.486662626266479492e+00
3.146400928497314453e+00
3.138035058975219727e+00
3.163066387176513672e+00
3.071111202239990234e+00
3.148316144943237305e+00
3.011729717254638672e+00
3.269447803497314453e+00
3.125823497772216797e+00
3.155938625335693359e+00
3.170309543609619141e+00
3.238284587860107422e+00
3.117047071456909180e+00
3.220788955688476562e+00
3.374654769897460938e+00
2.689234733581542969e+00
3.368089437484741211e+00
3.359232902526855469e+00
3.154761552810668945e+00
3.374692440032958984e+00
3.085527658462524414e+00
3.147914171218872070e+00
3.221308231353759766e+00
3.206650733947753906e+00
3.050301790237426758e+00
2.946155548095703125e+00
3.154415130615234375e+00
3.102268457412719727e+00
3.114515542984008789e+00
3.272212505340576172e+00
3.367546796798706055e+00
3.113199710845947266e+00
3.175250768661499023e+00
3.095114707946777344e+00
3.252363681793212891e+00
3.222960233688354492e+00
3.304736852645874023e+00
3.130839586257934570e+00
3.155614376068115234e+00
3.166927576065063477e+00
3.219863176345825195e+00
3.121610164642333984e+00
3.144345521926879883e+00
3.253213644027709961e+00
3.165401697158813477e+00
2.979507207870483398e+00
3.200481176376342773e+00
3.197457313537597656e+00
3.230062723159790039e+00
3.148295164108276367e+00
3.212469816207885742e+00
3.165684223175048828e+00
3.056518077850341797e+00
3.146511554718017578e+00
3.133091926574707031e+00
3.222415208816528320e+00
3.234805345535278320e+00
3.026723384857177734e+00
3.197936773300170898e+00
3.171469688415527344e+00
3.236154794692993164e+00
3.092530012130737305e+00
3.292624473571777344e+00
3.092332839965820312e+00
3.178795576095581055e+00
3.132911205291748047e+00
3.189587116241455078e+00
3.120705604553222656e+00
3.248966693878173828e+00
3.163497686386108398e+00
3.399081707000732422e+00
3.329349517822265625e+00
3.282784938812255859e+00
3.262932777404785156e+00
3.137627363204956055e+00
3.115963220596313477e+00
3.150143146514892578e+00
3.131666421890258789e+00
3.100473880767822266e+00
3.122114658355712891e+00
3.051088333129882812e+00
3.041452407836914062e+00
3.142854928970336914e+00
2.967025279998779297e+00
3.271398305892944336e+00
3.171850204467773438e+00
3.300723552703857422e+00
3.116550922393798828e+00
3.326634168624877930e+00
3.168711423873901367e+00
2.725993156433105469e+00
2.751981973648071289e+00
3.097275018692016602e+00
2.919713020324707031e+00
3.058660745620727539e+00
3.211608171463012695e+00
3.146452665328979492e+00
3.166641712188720703e+00
3.145723104476928711e+00
3.062998533248901367e+00
3.138159751892089844e+00
3.236097574234008789e+00
3.117266893386840820e+00
3.252636909484863281e+00
3.203972339630126953e+00
3.083060264587402344e+00
3.573560953140258789e+00
3.189364433288574219e+00
3.185398101806640625e+00
3.236890316009521484e+00
3.212393522262573242e+00
3.133785963058471680e+00
3.174777984619140625e+00
3.126292943954467773e+00
3.135899782180786133e+00
3.223880529403686523e+00
3.189627647399902344e+00
3.066892862319946289e+00
3.122966766357421875e+00
3.125038385391235352e+00
3.310919284820556641e+00
3.078879117965698242e+00
3.154272317886352539e+00
3.259650945663452148e+00
3.186027288436889648e+00
3.114752531051635742e+00
3.142140626907348633e+00
3.191345930099487305e+00
3.355034351348876953e+00
3.025304555892944336e+00
3.222924947738647461e+00
3.157358407974243164e+00
3.131266593933105469e+00
3.128140926361083984e+00
3.077730655670166016e+00
3.243535995483398438e+00
3.127709865570068359e+00
3.111645460128784180e+00
3.051248073577880859e+00
3.063374042510986328e+00
3.118162870407104492e+00
3.169317483901977539e+00
3.212016820907592773e+00
3.200107574462890625e+00
3.423153400421142578e+00
3.153234720230102539e+00
3.150763988494873047e+00
3.298185825347900391e+00
3.295045137405395508e+00
3.229491710662841797e+00
3.361422300338745117e+00
3.047134160995483398e+00
3.044292926788330078e+00
3.066992282867431641e+00
3.145935535430908203e+00
3.187416791915893555e+00
3.131070137023925781e+00
3.113665103912353516e+00
3.140817165374755859e+00
3.200153827667236328e+00
2.955325603485107422e+00
2.955074071884155273e+00
3.466689109802246094e+00
3.154786586761474609e+00
3.362043857574462891e+00
3.207794904708862305e+00
3.059336423873901367e+00
3.583972692489624023e+00
3.292574644088745117e+00
3.175331592559814453e+00
3.059778213500976562e+00
3.158678531646728516e+00
3.097929954528808594e+00
3.225691556930541992e+00
3.130751132965087891e+00
3.155442476272583008e+00
3.234521627426147461e+00
3.259203433990478516e+00
2.922190904617309570e+00
3.241362571716308594e+00
3.124125480651855469e+00
3.150346040725708008e+00
3.175628423690795898e+00
3.362668275833129883e+00
3.146416187286376953e+00
3.183163642883300781e+00
3.351178646087646484e+00
3.117865800857543945e+00
3.132854461669921875e+00
2.984403848648071289e+00
3.303040742874145508e+00
3.139567375183105469e+00
3.606894016265869141e+00
3.155808687210083008e+00
3.090108633041381836e+00
3.097066164016723633e+00
3.124166488647460938e+00
3.250552177429199219e+00
3.375008821487426758e+00
3.132759809494018555e+00
3.171791315078735352e+00
3.118550539016723633e+00
3.146108150482177734e+00
3.140118122100830078e+00
3.113821983337402344e+00
3.083683967590332031e+00
3.122950553894042969e+00
3.183698177337646484e+00
3.162537336349487305e+00
3.165684938430786133e+00
3.197844743728637695e+00
3.070253372192382812e+00
3.194108724594116211e+00
3.105619907379150391e+00
3.144869089126586914e+00
3.085876464843750000e+00
3.034503459930419922e+00
3.284981489181518555e+00
3.084236383438110352e+00
3.125605106353759766e+00
3.201285839080810547e+00
3.306136131286621094e+00
3.056463479995727539e+00
3.158664226531982422e+00
3.207726478576660156e+00
3.337239742279052734e+00
3.360152721405029297e+00
3.242682456970214844e+00
3.328381776809692383e+00
3.213186025619506836e+00
3.146582126617431641e+00
3.137362480163574219e+00
3.162763357162475586e+00
3.092963218688964844e+00
3.292239189147949219e+00
3.151269197463989258e+00
3.259197235107421875e+00
3.174890995025634766e+00
3.142652034759521484e+00
3.100478172302246094e+00
3.381358146667480469e+00
3.086679458618164062e+00
3.211926937103271484e+00
3.264821529388427734e+00
3.264417648315429688e+00
3.248690128326416016e+00
3.104719877243041992e+00
3.161958217620849609e+00
3.085772752761840820e+00
3.275551319122314453e+00
3.236569166183471680e+00
3.330140113830566406e+00
3.172079324722290039e+00
3.080466747283935547e+00
3.230171203613281250e+00
3.178571224212646484e+00
3.203256845474243164e+00
3.254411935806274414e+00
3.310364246368408203e+00
2.986586093902587891e+00
3.222000360488891602e+00
3.165313720703125000e+00
3.151829957962036133e+00
3.251963138580322266e+00
3.189532756805419922e+00
2.848856449127197266e+00
2.450016736984252930e+00
2.988356590270996094e+00
3.179774999618530273e+00
3.310147523880004883e+00
3.227398872375488281e+00
3.346528768539428711e+00
3.132020235061645508e+00
3.139608144760131836e+00
3.210824489593505859e+00
3.112743139266967773e+00
3.215208053588867188e+00
3.027714014053344727e+00
3.124310731887817383e+00
3.669104337692260742e+00
3.138180017471313477e+00
3.173041582107543945e+00
3.114249229431152344e+00
3.167360544204711914e+00
3.068408966064453125e+00
3.131528377532958984e+00
3.046194314956665039e+00
3.248631954193115234e+00
3.088289737701416016e+00
3.169756412506103516e+00
3.146957159042358398e+00
3.144510984420776367e+00
3.086050510406494141e+00
3.188998937606811523e+00
2.861136436462402344e+00
3.124214172363281250e+00
3.219525575637817383e+00
3.070531845092773438e+00
3.230833530426025391e+00
3.387840509414672852e+00
3.084447622299194336e+00
3.078686952590942383e+00
2.672549247741699219e+00
3.007122755050659180e+00
3.193637609481811523e+00
2.968109607696533203e+00
3.015871047973632812e+00
3.162349700927734375e+00
3.176027774810791016e+00
3.150315284729003906e+00
3.171454429626464844e+00
3.056895494461059570e+00
3.110896348953247070e+00
3.094787597656250000e+00
3.170613765716552734e+00
3.317491054534912109e+00
3.327425718307495117e+00
3.350516319274902344e+00
3.004650831222534180e+00
3.007652044296264648e+00
3.304310798645019531e+00
3.402717113494873047e+00
3.695107460021972656e+00
2.609238862991333008e+00
3.170546293258666992e+00
3.243720054626464844e+00
3.226450681686401367e+00
3.416679382324218750e+00
3.183480024337768555e+00
3.163189411163330078e+00
3.227326631546020508e+00
3.166089534759521484e+00
3.131503820419311523e+00
2.985973358154296875e+00
3.084523916244506836e+00
3.237656354904174805e+00
3.162027120590209961e+00
3.349127292633056641e+00
3.068077087402343750e+00
3.351782560348510742e+00
3.371877431869506836e+00
3.421795845031738281e+00
3.089571714401245117e+00
3.637199401855468750e+00
2.831987142562866211e+00
2.875420093536376953e+00
2.711057901382446289e+00
3.212399005889892578e+00
2.863146305084228516e+00
3.150445938110351562e+00
3.433410882949829102e+00
3.199782609939575195e+00
3.034208536148071289e+00
3.084654808044433594e+00
3.091365575790405273e+00
3.118838071823120117e+00
3.154204607009887695e+00
3.138024091720581055e+00
3.023848295211791992e+00
3.122340679168701172e+00
3.215048074722290039e+00
3.118765830993652344e+00
3.314918041229248047e+00
3.035294532775878906e+00
3.064750671386718750e+00
3.204330682754516602e+00
3.206533670425415039e+00
2.927801370620727539e+00
3.178592205047607422e+00
3.191333055496215820e+00
3.120579481124877930e+00
3.074707984924316406e+00
3.424253940582275391e+00
3.113935708999633789e+00
3.252151727676391602e+00
3.090404987335205078e+00
3.049217939376831055e+00
3.120238304138183594e+00
3.271527767181396484e+00
3.169087171554565430e+00
3.201558113098144531e+00
3.099378585815429688e+00
3.060785055160522461e+00
3.187152624130249023e+00
3.186706304550170898e+00
3.342675447463989258e+00
3.407595872879028320e+00
3.189867258071899414e+00
3.320459842681884766e+00
3.532598733901977539e+00
3.222232818603515625e+00
3.234719514846801758e+00
3.145153522491455078e+00
3.057950735092163086e+00
3.178436040878295898e+00
3.198952198028564453e+00
3.197556972503662109e+00
3.143967628479003906e+00
3.117715835571289062e+00
3.122088909149169922e+00
3.065481901168823242e+00
3.147868394851684570e+00
3.184585332870483398e+00
3.098458528518676758e+00
3.155366897583007812e+00
3.098106145858764648e+00
3.226295948028564453e+00
3.190161705017089844e+00
3.190016031265258789e+00
3.251391410827636719e+00
3.202625036239624023e+00
3.105899810791015625e+00
3.154892921447753906e+00
3.081021547317504883e+00
3.225590229034423828e+00
3.093782186508178711e+00
2.961382150650024414e+00
3.272713899612426758e+00
3.184262752532958984e+00
3.276678800582885742e+00
3.243508338928222656e+00
3.066274166107177734e+00
2.833848714828491211e+00
3.416774749755859375e+00
3.128906250000000000e+00
3.285725831985473633e+00
2.941652059555053711e+00
2.926704168319702148e+00
3.367269754409790039e+00
3.217014074325561523e+00
2.870744705200195312e+00
3.047109365463256836e+00
3.358781099319458008e+00
3.112074136734008789e+00
3.220388412475585938e+00
3.126049041748046875e+00
3.036258935928344727e+00
3.117896318435668945e+00
3.115834712982177734e+00
3.243248462677001953e+00
3.190162658691406250e+00
3.139303445816040039e+00
3.102125167846679688e+00
3.431619167327880859e+00
3.005244493484497070e+00
3.207172393798828125e+00
3.234220266342163086e+00
3.185598134994506836e+00
3.142909049987792969e+00
3.148800134658813477e+00
3.111729621887207031e+00
3.276878118515014648e+00
3.178424358367919922e+00
3.150101423263549805e+00
3.204336166381835938e+00
3.099601984024047852e+00
3.051447629928588867e+00
3.158517122268676758e+00
3.153221845626831055e+00
3.438939332962036133e+00
3.305451154708862305e+00
3.052371740341186523e+00
3.068375110626220703e+00
3.089631080627441406e+00
3.245587110519409180e+00
2.952689886093139648e+00
3.237107515335083008e+00
3.110000610351562500e+00
2.690025091171264648e+00
3.145064115524291992e+00
3.158840656280517578e+00
3.231241464614868164e+00
3.112901687622070312e+00
3.112545728683471680e+00
2.482572793960571289e+00
2.431295633316040039e+00
3.236296176910400391e+00
3.186525106430053711e+00
3.184247255325317383e+00
3.098062276840209961e+00
3.129058599472045898e+00
3.194309473037719727e+00
3.479698896408081055e+00
2.969828844070434570e+00
3.184924840927124023e+00
3.212353229522705078e+00
3.071821928024291992e+00
3.302295207977294922e+00
3.279243707656860352e+00
3.344913721084594727e+00
3.114170551300048828e+00
3.226818323135375977e+00
3.151451349258422852e+00
3.138287544250488281e+00
3.253327131271362305e+00
3.244969844818115234e+00
3.114666700363159180e+00
3.160139322280883789e+00
2.964722871780395508e+00
3.216681480407714844e+00
3.301301240921020508e+00
3.281336784362792969e+00
3.204526185989379883e+00
3.342768192291259766e+00
3.085689544677734375e+00
3.110781669616699219e+00
3.254935741424560547e+00
3.430864572525024414e+00
3.170647144317626953e+00
2.763892650604248047e+00
3.155128002166748047e+00
3.129247903823852539e+00
3.098266839981079102e+00
3.263246297836303711e+00
3.197266817092895508e+00
3.129660129547119141e+00
3.475690126419067383e+00
3.185184717178344727e+00
3.062056779861450195e+00
3.139590740203857422e+00
3.167138099670410156e+00
3.030467033386230469e+00
3.172939062118530273e+00
3.116857290267944336e+00
3.141998767852783203e+00
3.274755716323852539e+00
3.122524261474609375e+00
3.164995193481445312e+00
3.060650110244750977e+00
3.144472599029541016e+00
3.073308944702148438e+00
3.097745180130004883e+00
3.168735742568969727e+00
3.039959669113159180e+00
3.180777072906494141e+00
3.150123834609985352e+00
3.254247426986694336e+00
3.251298666000366211e+00
3.160915374755859375e+00
3.036935806274414062e+00
3.153084993362426758e+00
3.171635627746582031e+00
3.184388875961303711e+00
3.372032403945922852e+00
3.226639270782470703e+00
2.920416831970214844e+00
2.426894903182983398e+00
2.946052551269531250e+00
2.984541177749633789e+00
3.225281715393066406e+00
3.262478113174438477e+00
3.267246961593627930e+00
3.158279418945312500e+00
3.255833387374877930e+00
3.233333587646484375e+00
2.771164417266845703e+00
2.815465450286865234e+00
3.274504423141479492e+00
3.485509634017944336e+00
3.118874073028564453e+00
3.165014266967773438e+00
3.306468963623046875e+00
2.952607393264770508e+00
2.974462032318115234e+00
3.256785631179809570e+00
3.141939401626586914e+00
3.170162439346313477e+00
3.260477781295776367e+00
3.102653503417968750e+00
3.104529857635498047e+00
3.202710628509521484e+00
3.257284164428710938e+00
3.199482917785644531e+00
3.141325235366821289e+00
3.067416429519653320e+00
3.169702053070068359e+00
3.148781299591064453e+00
3.242335557937622070e+00
3.280335903167724609e+00
3.354163646697998047e+00
3.200902462005615234e+00
3.362055301666259766e+00
3.288138151168823242e+00
3.186613798141479492e+00
3.274439334869384766e+00
3.372515678405761719e+00
3.165654182434082031e+00
2.939519166946411133e+00
3.149222373962402344e+00
3.134789228439331055e+00
3.206059217453002930e+00
3.287118434906005859e+00
2.890481233596801758e+00
3.241491317749023438e+00
3.064146757125854492e+00
3.127107620239257812e+00
3.167635440826416016e+00
3.174551725387573242e+00
3.142534971237182617e+00
3.159115552902221680e+00
3.126421451568603516e+00
3.085166931152343750e+00
3.188309192657470703e+00
3.138008356094360352e+00
3.174408674240112305e+00
2.979824781417846680e+00
3.137584209442138672e+00
3.162029981613159180e+00
3.172388076782226562e+00
3.096680402755737305e+00
3.119662284851074219e+00
3.267853498458862305e+00
3.294256448745727539e+00
3.169411420822143555e+00
3.123303413391113281e+00
3.197080135345458984e+00
3.122577905654907227e+00
3.137750148773193359e+00
3.291193008422851562e+00
3.162019729614257812e+00
3.205208301544189453e+00
3.184870719909667969e+00
3.170801639556884766e+00
3.387455940246582031e+00
2.923035860061645508e+00
3.161532163619995117e+00
3.203937768936157227e+00
3.156879901885986328e+00
3.162772178649902344e+00
3.298985481262207031e+00
3.352231740951538086e+00
3.097083806991577148e+00
3.079607963562011719e+00
3.402650594711303711e+00
2.999930858612060547e+00
3.289274692535400391e+00
2.663317441940307617e+00
2.602002143859863281e+00
2.345914602279663086e+00
3.436081647872924805e+00
3.048977613449096680e+00
3.162817955017089844e+00
3.145632266998291016e+00
3.159056186676025391e+00
3.189026355743408203e+00
3.589450597763061523e+00
3.065309286117553711e+00
3.140736103057861328e+00
3.162300348281860352e+00
3.150028228759765625e+00
3.608825683593750000e+00
3.160144805908203125e+00
3.189032077789306641e+00
3.064983367919921875e+00
3.264661073684692383e+00
3.118841409683227539e+00
3.204126834869384766e+00
3.186531543731689453e+00
3.216983795166015625e+00
3.221017599105834961e+00
3.312956809997558594e+00
3.239102125167846680e+00
3.147981882095336914e+00
3.121351718902587891e+00
3.179048776626586914e+00
3.184053182601928711e+00
3.102843999862670898e+00
3.263262510299682617e+00
3.250877380371093750e+00
3.037423372268676758e+00
3.075275421142578125e+00
3.093799591064453125e+00
2.779201030731201172e+00
3.445501565933227539e+00
3.206982374191284180e+00
3.157206058502197266e+00
3.096050024032592773e+00
3.702717304229736328e+00
2.963454723358154297e+00
3.450125694274902344e+00
3.146343469619750977e+00
2.922811508178710938e+00
3.081934928894042969e+00
2.925565242767333984e+00
3.367695093154907227e+00
3.201660871505737305e+00
3.247753381729125977e+00
3.198164701461791992e+00
3.156216382980346680e+00
3.252100944519042969e+00
3.137155771255493164e+00
3.603271007537841797e+00
3.087699651718139648e+00
3.272922277450561523e+00
3.058098316192626953e+00
3.122292518615722656e+00
3.127872943878173828e+00
3.264616727828979492e+00
3.182593822479248047e+00
3.137305498123168945e+00
3.081205606460571289e+00
3.099078178405761719e+00
3.170252323150634766e+00
3.180557250976562500e+00
3.313884973526000977e+00
3.190648317337036133e+00
3.132068872451782227e+00
3.198519706726074219e+00
3.115443706512451172e+00
3.205635070800781250e+00
3.288257837295532227e+00
2.848613262176513672e+00
2.988320589065551758e+00
3.464474201202392578e+00
3.219147443771362305e+00
3.221440553665161133e+00
3.247131586074829102e+00
3.125976562500000000e+00
2.981024980545043945e+00
3.169047117233276367e+00
3.176262617111206055e+00
3.130001068115234375e+00
3.242544174194335938e+00
3.120552301406860352e+00
3.196491956710815430e+00
3.201098203659057617e+00
3.172085762023925781e+00
3.145615339279174805e+00
3.151027679443359375e+00
3.136022090911865234e+00
3.118429422378540039e+00
3.249579191207885742e+00
3.251095771789550781e+00
3.220345020294189453e+00
3.185843944549560547e+00
3.154519557952880859e+00
3.096314191818237305e+00
3.207653760910034180e+00
3.316351413726806641e+00
2.861861467361450195e+00
3.350954771041870117e+00
3.155007362365722656e+00
3.094363689422607422e+00
3.157994985580444336e+00
3.277684926986694336e+00
3.201561927795410156e+00
3.193502187728881836e+00
3.116712093353271484e+00
3.134754419326782227e+00
3.065311193466186523e+00
3.195250988006591797e+00
3.158986091613769531e+00
3.357067108154296875e+00
3.332352876663208008e+00
3.109510898590087891e+00
3.137771606445312500e+00
3.216053247451782227e+00
3.181738615036010742e+00
3.211065053939819336e+00
3.125681400299072266e+00
3.059031963348388672e+00
3.109861850738525391e+00
3.120515346527099609e+00
2.840143442153930664e+00
2.992210865020751953e+00
3.222588062286376953e+00
3.134948492050170898e+00
3.106486320495605469e+00
3.089780807495117188e+00
2.995273590087890625e+00
3.405737400054931641e+00
3.131902217864990234e+00
3.115399837493896484e+00
3.253018856048583984e+00
3.076794147491455078e+00
3.092318296432495117e+00
3.194177865982055664e+00
3.245681524276733398e+00
3.616745471954345703e+00
3.691817045211791992e+00
3.230582952499389648e+00
3.180957078933715820e+00
3.119213819503784180e+00
3.318372964859008789e+00
3.083340406417846680e+00
3.209389925003051758e+00
3.150906324386596680e+00
3.274283409118652344e+00
3.150125026702880859e+00
3.113776922225952148e+00
3.193648099899291992e+00
3.227658033370971680e+00
3.131881475448608398e+00
3.264099359512329102e+00
3.122247695922851562e+00
3.252169847488403320e+00
3.199670314788818359e+00
3.099738121032714844e+00
3.260526180267333984e+00
2.974503517150878906e+00
3.125827074050903320e+00
3.167881250381469727e+00
3.387514829635620117e+00
3.238909482955932617e+00
3.106540918350219727e+00
3.094177007675170898e+00
3.115230321884155273e+00
3.189490318298339844e+00
3.109418153762817383e+00
3.260105848312377930e+00
3.244235277175903320e+00
3.349961757659912109e+00
3.611714363098144531e+00
3.094185829162597656e+00
3.118395090103149414e+00
3.066765069961547852e+00
3.211594581604003906e+00
3.136732339859008789e+00
3.103899717330932617e+00
3.113276720046997070e+00
3.138826847076416016e+00
3.111904621124267578e+00
3.346017122268676758e+00
3.192219734191894531e+00
3.226496696472167969e+00
3.192015171051025391e+00
3.171636819839477539e+00
3.203272104263305664e+00
3.309569358825683594e+00
3.172565460205078125e+00
3.290653944015502930e+00
3.212380647659301758e+00
3.203568696975708008e+00
3.323747396469116211e+00
3.236767053604125977e+00
3.158748865127563477e+00
3.054839611053466797e+00
3.247622013092041016e+00
2.835562467575073242e+00
3.374246597290039062e+00
3.154674291610717773e+00
3.084066629409790039e+00
3.142114400863647461e+00
3.103706836700439453e+00
3.019063234329223633e+00
3.087026119232177734e+00
3.143726348876953125e+00
3.316220521926879883e+00
3.261809349060058594e+00
3.105894327163696289e+00
3.149770498275756836e+00
3.160200119018554688e+00
3.106575250625610352e+00
3.187115907669067383e+00
3.297115087509155273e+00
3.149466037750244141e+00
2.979324579238891602e+00
3.243443489074707031e+00
3.108761072158813477e+00
3.079097986221313477e+00
3.335739850997924805e+00
3.384084463119506836e+00
2.810011625289916992e+00
3.026833772659301758e+00
3.293127298355102539e+00
3.392944812774658203e+00
3.214369058609008789e+00
3.223432779312133789e+00
3.167890310287475586e+00
3.081683874130249023e+00
3.155886888504028320e+00
3.249805212020874023e+00
3.168596029281616211e+00
3.161303997039794922e+00
3.144959688186645508e+00
2.893970727920532227e+00
3.229907274246215820e+00
3.253734588623046875e+00
3.186102390289306641e+00
3.125636816024780273e+00
3.105207920074462891e+00
3.056106328964233398e+00
3.170673370361328125e+00
3.323227167129516602e+00
2.943473100662231445e+00
3.247499227523803711e+00
3.200060844421386719e+00
3.711423635482788086e+00
3.604027748107910156e+00
3.162005186080932617e+00
3.187291383743286133e+00
3.232406854629516602e+00
3.161793947219848633e+00
3.056862592697143555e+00
3.155792713165283203e+00
3.092532396316528320e+00
2.624270677566528320e+00
3.128366470336914062e+00
3.162426710128784180e+00
3.108660221099853516e+00
3.218355655670166016e+00
3.161496162414550781e+00
3.153202772140502930e+00
3.203790426254272461e+00
3.122563838958740234e+00
3.204912662506103516e+00
3.269930601119995117e+00
3.304111719131469727e+00
3.019494533538818359e+00
2.858708858489990234e+00
3.390100002288818359e+00
3.158170461654663086e+00
3.165668010711669922e+00
3.178578615188598633e+00
3.209264993667602539e+00
3.129508256912231445e+00
3.095218420028686523e+00
2.926162481307983398e+00
3.325268030166625977e+00
3.166743993759155273e+00
3.216359615325927734e+00
2.749486684799194336e+00
3.219069480895996094e+00
3.113227844238281250e+00
3.139172554016113281e+00
3.098237276077270508e+00
3.214677810668945312e+00
3.068513154983520508e+00
3.169921159744262695e+00
3.229198217391967773e+00
3.118595123291015625e+00
3.125082254409790039e+00
3.153718948364257812e+00
3.258864641189575195e+00
3.295801877975463867e+00
3.098113775253295898e+00
3.075406312942504883e+00
3.022657871246337891e+00
3.365259885787963867e+00
3.036805152893066406e+00
3.252151727676391602e+00
3.156456470489501953e+00
3.074723958969116211e+00
3.090242385864257812e+00
3.169062376022338867e+00
3.132288932800292969e+00
3.162989854812622070e+00
3.174732446670532227e+00
3.079330682754516602e+00
3.154641866683959961e+00
3.150504350662231445e+00
3.259962320327758789e+00
3.196898698806762695e+00
3.152856111526489258e+00
3.226578950881958008e+00
3.164874315261840820e+00
3.173994541168212891e+00
3.212333440780639648e+00
3.349724769592285156e+00
2.924546241760253906e+00
3.056538105010986328e+00
3.064992904663085938e+00
2.994912862777709961e+00
