2.006710529327392578e+00
1.952180624008178711e+00
1.947345972061157227e+00
1.938759088516235352e+00
1.956038236618041992e+00
1.967452287673950195e+00
1.942873716354370117e+00
1.936159372329711914e+00
1.983200788497924805e+00
1.925507783889770508e+00
1.945963621139526367e+00
1.924184322357177734e+00
1.950916767120361328e+00
1.928274869918823242e+00
1.955181598663330078e+00
1.943386793136596680e+00
1.940366029739379883e+00
1.935116767883300781e+00
1.934321880340576172e+00
1.937772512435913086e+00
1.947540044784545898e+00
1.979271173477172852e+00
1.936565399169921875e+00
1.939833879470825195e+00
1.942046165466308594e+00
1.986701965332031250e+00
1.943712711334228516e+00
1.947205305099487305e+00
1.941249847412109375e+00
1.928168773651123047e+00
1.941012144088745117e+00
1.937642574310302734e+00
1.951223373413085938e+00
1.938178777694702148e+00
1.939511060714721680e+00
1.934321880340576172e+00
1.935662508010864258e+00
1.926303863525390625e+00
1.946942567825317383e+00
1.932742595672607422e+00
1.983704328536987305e+00
1.930823564529418945e+00
2.038364887237548828e+00
1.945188283920288086e+00
1.949998855590820312e+00
1.952230453491210938e+00
1.940948724746704102e+00
1.931588649749755859e+00
1.951832294464111328e+00
1.931045055389404297e+00
1.700868606567382812e+00
1.945642232894897461e+00
1.935512065887451172e+00
1.934810876846313477e+00
1.957633018493652344e+00
1.952292442321777344e+00
1.930679082870483398e+00
1.940786600112915039e+00
1.937920093536376953e+00
1.941582202911376953e+00
1.928975105285644531e+00
1.937894105911254883e+00
1.935688972473144531e+00
1.938935279846191406e+00
1.931355953216552734e+00
1.954322576522827148e+00
1.938066244125366211e+00
2.015129804611206055e+00
1.940200328826904297e+00
1.938329219818115234e+00
1.934733390808105469e+00
1.941163301467895508e+00
1.930551528930664062e+00
1.952630996704101562e+00
1.928421735763549805e+00
1.951091527938842773e+00
1.936494588851928711e+00
1.940869092941284180e+00
1.962078571319580078e+00
1.947964429855346680e+00
1.935095310211181641e+00
1.943621158599853516e+00
1.933043003082275391e+00
1.951921701431274414e+00
1.940510034561157227e+00
1.970955133438110352e+00
1.929451465606689453e+00
1.937359809875488281e+00
1.960160017013549805e+00
1.940267562866210938e+00
1.934055089950561523e+00
1.944970846176147461e+00
1.934166908264160156e+00
1.939659357070922852e+00
1.930209875106811523e+00
1.937719821929931641e+00
1.919173479080200195e+00
1.939670562744140625e+00
1.939369678497314453e+00
1.764419317245483398e+00
1.697560071945190430e+00
1.956086397171020508e+00
1.936561346054077148e+00
1.941029787063598633e+00
1.944787979125976562e+00
1.939743280410766602e+00
1.943427085876464844e+00
1.942505598068237305e+00
1.935914278030395508e+00
1.942934751510620117e+00
1.928263425827026367e+00
1.942810058593750000e+00
1.968840837478637695e+00
1.937850952148437500e+00
1.939263820648193359e+00
1.939445495605468750e+00
1.932287454605102539e+00
1.934163808822631836e+00
1.946226119995117188e+00
1.950396537780761719e+00
1.943340063095092773e+00
1.942420482635498047e+00
1.937529325485229492e+00
1.928644657135009766e+00
1.935872554779052734e+00
1.933968782424926758e+00
1.950944662094116211e+00
1.937874555587768555e+00
1.947693586349487305e+00
1.932034015655517578e+00
1.935529232025146484e+00
1.943997383117675781e+00
1.947048425674438477e+00
1.934267044067382812e+00
1.931937217712402344e+00
1.942559242248535156e+00
1.940838575363159180e+00
1.958363771438598633e+00
1.936906576156616211e+00
1.926273345947265625e+00
1.942588090896606445e+00
1.942434310913085938e+00
1.944092988967895508e+00
1.937618494033813477e+00
1.939355611801147461e+00
1.942407846450805664e+00
1.940727949142456055e+00
1.933992147445678711e+00
1.931222677230834961e+00
1.937109947204589844e+00
1.703513860702514648e+00
1.932060241699218750e+00
1.943095922470092773e+00
1.934284687042236328e+00
2.000432252883911133e+00
1.931578874588012695e+00
1.937900304794311523e+00
1.938319921493530273e+00
1.934846401214599609e+00
1.935587882995605469e+00
1.944430112838745117e+00
1.936265707015991211e+00
1.942082643508911133e+00
1.930032253265380859e+00
1.940040111541748047e+00
1.933536529541015625e+00
1.937615394592285156e+00
1.954251289367675781e+00
1.944205760955810547e+00
1.947540044784545898e+00
1.993263244628906250e+00
1.927965402603149414e+00
1.948346138000488281e+00
1.936450004577636719e+00
1.940995693206787109e+00
1.931282997131347656e+00
1.938603878021240234e+00
1.937439918518066406e+00
1.948062658309936523e+00
1.947127819061279297e+00
1.945770502090454102e+00
1.936623811721801758e+00
1.957126855850219727e+00
2.072155714035034180e+00
1.962212085723876953e+00
1.946808815002441406e+00
1.958292961120605469e+00
1.935936212539672852e+00
1.957914590835571289e+00
1.950641870498657227e+00
1.943338871002197266e+00
1.967589139938354492e+00
1.959606170654296875e+00
1.948302745819091797e+00
1.956835269927978516e+00
1.944183588027954102e+00
1.955962896347045898e+00
1.951308965682983398e+00
1.976158380508422852e+00
1.765461683273315430e+00
1.738986015319824219e+00
1.995667219161987305e+00
1.956123352050781250e+00
1.945356130599975586e+00
1.954135179519653320e+00
1.960133552551269531e+00
1.956023216247558594e+00
1.948648452758789062e+00
1.958379507064819336e+00
1.958535671234130859e+00
1.969526290893554688e+00
1.972827434539794922e+00
1.979902267456054688e+00
1.951405525207519531e+00
1.950458765029907227e+00
1.989754676818847656e+00
1.964298486709594727e+00
1.995203971862792969e+00
1.954102516174316406e+00
1.993499994277954102e+00
1.963401079177856445e+00
2.007386684417724609e+00
1.967478990554809570e+00
1.989138603210449219e+00
1.970630407333374023e+00
2.007818937301635742e+00
1.961587429046630859e+00
2.001198768615722656e+00
1.956903934478759766e+00
2.003700733184814453e+00
1.965653896331787109e+00
1.990784645080566406e+00
1.965054273605346680e+00
1.991949796676635742e+00
1.999622344970703125e+00
2.001301288604736328e+00
1.974127054214477539e+00
1.997514724731445312e+00
1.983431816101074219e+00
2.017779350280761719e+00
1.971500158309936523e+00
2.025085926055908203e+00
1.967044115066528320e+00
1.997745752334594727e+00
1.955827951431274414e+00
1.999567747116088867e+00
1.965624809265136719e+00
2.007989645004272461e+00
1.974059581756591797e+00
2.007273435592651367e+00
1.755463838577270508e+00
2.155592918395996094e+00
2.098255157470703125e+00
2.093755006790161133e+00
2.070695877075195312e+00
2.167082548141479492e+00
1.942023515701293945e+00
1.953800201416015625e+00
1.945221662521362305e+00
1.939006805419921875e+00
1.937321901321411133e+00
1.943423032760620117e+00
1.901736259460449219e+00
1.911311149597167969e+00
1.906646490097045898e+00
1.921813964843750000e+00
1.973086833953857422e+00
1.960906982421875000e+00
1.947024345397949219e+00
1.936579465866088867e+00
1.956089019775390625e+00
1.958802938461303711e+00
1.939781427383422852e+00
1.994257211685180664e+00
1.942741155624389648e+00
1.957145929336547852e+00
1.945038557052612305e+00
1.938584566116333008e+00
1.941179275512695312e+00
1.943470954895019531e+00
1.947267293930053711e+00
1.946842193603515625e+00
1.927499771118164062e+00
1.944956302642822266e+00
1.967402219772338867e+00
1.962947845458984375e+00
1.947173595428466797e+00
1.952759742736816406e+00
1.941788911819458008e+00
1.981961250305175781e+00
1.943952560424804688e+00
1.947574615478515625e+00
1.950725078582763672e+00
1.940826654434204102e+00
1.941858291625976562e+00
1.944550037384033203e+00
1.968768835067749023e+00
1.946366310119628906e+00
1.933788299560546875e+00
1.764193058013916016e+00
1.694891214370727539e+00
1.933346748352050781e+00
1.958355188369750977e+00
1.985216379165649414e+00
1.941493034362792969e+00
1.957222700119018555e+00
1.937857627868652344e+00
1.931859493255615234e+00
1.955211639404296875e+00
1.957642555236816406e+00
1.947839021682739258e+00
1.950018644332885742e+00
1.937942504882812500e+00
1.942827463150024414e+00
1.939186096191406250e+00
1.933344125747680664e+00
1.946241617202758789e+00
1.934524297714233398e+00
1.933706998825073242e+00
1.928060054779052734e+00
1.944688081741333008e+00
1.929976701736450195e+00
1.945710659027099609e+00
1.955609321594238281e+00
1.936569690704345703e+00
1.939017534255981445e+00
1.938732147216796875e+00
2.031426668167114258e+00
1.951223373413085938e+00
1.946378469467163086e+00
1.953895092010498047e+00
1.941989660263061523e+00
1.949368238449096680e+00
1.937354326248168945e+00
1.945471763610839844e+00
1.942298889160156250e+00
1.954706430435180664e+00
1.934799194335937500e+00
1.942544460296630859e+00
1.944059610366821289e+00
1.936920881271362305e+00
1.933665990829467773e+00
1.940303802490234375e+00
1.932488441467285156e+00
1.946933507919311523e+00
1.927592992782592773e+00
1.949569702148437500e+00
1.932801246643066406e+00
1.938643455505371094e+00
1.930342912673950195e+00
1.693686008453369141e+00
1.948260307312011719e+00
1.931336879730224609e+00
1.944013118743896484e+00
1.937961816787719727e+00
1.937423229217529297e+00
1.938949108123779297e+00
1.951918601989746094e+00
1.982099533081054688e+00
1.924553155899047852e+00
1.941682577133178711e+00
1.935599088668823242e+00
1.948258876800537109e+00
1.945494651794433594e+00
1.946725130081176758e+00
1.933148384094238281e+00
1.940332174301147461e+00
1.933566331863403320e+00
1.949062108993530273e+00
1.934501647949218750e+00
1.939927816390991211e+00
1.939099788665771484e+00
1.946532726287841797e+00
1.930793523788452148e+00
1.931735038757324219e+00
1.951339483261108398e+00
1.955639600753784180e+00
1.927569866180419922e+00
1.951033592224121094e+00
1.945212125778198242e+00
1.957311868667602539e+00
1.938642501831054688e+00
1.935076475143432617e+00
1.944440364837646484e+00
1.937006950378417969e+00
1.936122655868530273e+00
2.027346372604370117e+00
1.951810598373413086e+00
1.940220832824707031e+00
1.952078580856323242e+00
1.939024448394775391e+00
1.943131208419799805e+00
1.946748495101928711e+00
1.939405679702758789e+00
1.933565378189086914e+00
1.946235895156860352e+00
1.961800098419189453e+00
1.926591873168945312e+00
1.941305398941040039e+00
1.753691673278808594e+00
1.697957038879394531e+00
1.940320253372192383e+00
1.940516710281372070e+00
1.944668769836425781e+00
1.941455364227294922e+00
1.932013511657714844e+00
1.959692955017089844e+00
1.941988229751586914e+00
1.932408332824707031e+00
1.923934459686279297e+00
1.944517374038696289e+00
1.926886796951293945e+00
1.925653934478759766e+00
1.936779975891113281e+00
1.969748497009277344e+00
1.951582431793212891e+00
1.952964067459106445e+00
1.961008071899414062e+00
1.952401161193847656e+00
1.934879064559936523e+00
1.936708211898803711e+00
1.944127082824707031e+00
1.937002658843994141e+00
1.941534042358398438e+00
1.935557365417480469e+00
1.936781644821166992e+00
1.936252355575561523e+00
1.940719127655029297e+00
1.943389892578125000e+00
1.947458505630493164e+00
1.930740594863891602e+00
1.982696056365966797e+00
1.927594184875488281e+00
1.935992240905761719e+00
1.939916372299194336e+00
1.934167385101318359e+00
1.933597087860107422e+00
1.937178373336791992e+00
1.943015575408935547e+00
1.946862459182739258e+00
1.938735246658325195e+00
1.944217681884765625e+00
1.948226213455200195e+00
1.927132129669189453e+00
1.949396610260009766e+00
1.943566799163818359e+00
1.952016830444335938e+00
1.938878774642944336e+00
1.934504508972167969e+00
1.951857089996337891e+00
1.689356088638305664e+00
1.936502456665039062e+00
1.939931154251098633e+00
1.931081771850585938e+00
1.929748058319091797e+00
1.949741125106811523e+00
1.936394929885864258e+00
1.933928012847900391e+00
1.942249059677124023e+00
1.945299863815307617e+00
1.963681936264038086e+00
1.928697586059570312e+00
1.932669401168823242e+00
1.943599700927734375e+00
1.928457498550415039e+00
1.932648897171020508e+00
1.963624000549316406e+00
2.048413991928100586e+00
1.932427167892456055e+00
1.983258008956909180e+00
1.922599315643310547e+00
1.937984228134155273e+00
1.931070327758789062e+00
1.937886953353881836e+00
1.925363779067993164e+00
1.927941322326660156e+00
1.923296451568603516e+00
1.934533357620239258e+00
1.953352928161621094e+00
1.942279815673828125e+00
1.929223299026489258e+00
1.936968326568603516e+00
1.932472705841064453e+00
1.938520669937133789e+00
1.928725719451904297e+00
1.932970046997070312e+00
1.919322013854980469e+00
1.947348356246948242e+00
1.930680036544799805e+00
1.933349132537841797e+00
1.919944763183593750e+00
1.935051679611206055e+00
1.926603794097900391e+00
1.934080839157104492e+00
1.930260181427001953e+00
1.943138837814331055e+00
1.924722909927368164e+00
1.954609394073486328e+00
1.920622825622558594e+00
1.748064041137695312e+00
1.681615114212036133e+00
1.933605909347534180e+00
1.938155651092529297e+00
1.941046476364135742e+00
2.044919252395629883e+00
1.938012361526489258e+00
1.948046922683715820e+00
1.934792041778564453e+00
1.930601358413696289e+00
1.953053951263427734e+00
1.922903537750244141e+00
1.927700519561767578e+00
1.934272766113281250e+00
1.930600166320800781e+00
1.926467180252075195e+00
1.935552358627319336e+00
1.951656341552734375e+00
1.938591241836547852e+00
1.927250862121582031e+00
1.927129507064819336e+00
1.936960220336914062e+00
1.931452274322509766e+00
1.931423664093017578e+00
1.929545640945434570e+00
1.925914049148559570e+00
1.930200099945068359e+00
1.943578958511352539e+00
1.935136318206787109e+00
1.931961297988891602e+00
1.920265913009643555e+00
1.929870843887329102e+00
1.922006130218505859e+00
1.924964189529418945e+00
1.936902284622192383e+00
1.933769941329956055e+00
1.931827545166015625e+00
1.935823678970336914e+00
1.945753812789916992e+00
1.933675289154052734e+00
1.932403087615966797e+00
1.935261249542236328e+00
1.917782068252563477e+00
1.930537223815917969e+00
1.923574447631835938e+00
1.939991712570190430e+00
1.927484035491943359e+00
1.965216875076293945e+00
1.918839454650878906e+00
1.942390441894531250e+00
1.928594589233398438e+00
1.697587013244628906e+00
1.936556577682495117e+00
1.936688184738159180e+00
1.931536912918090820e+00
1.936712503433227539e+00
1.928945779800415039e+00
1.937587261199951172e+00
1.924926519393920898e+00
1.933015346527099609e+00
1.925448179244995117e+00
1.931632518768310547e+00
1.944089412689208984e+00
1.931701660156250000e+00
1.932574748992919922e+00
1.938729286193847656e+00
1.945349931716918945e+00
1.933395385742187500e+00
1.944114685058593750e+00
1.945154190063476562e+00
1.937738418579101562e+00
1.930266380310058594e+00
1.934186697006225586e+00
1.951285839080810547e+00
1.939813613891601562e+00
1.939191102981567383e+00
1.947109699249267578e+00
1.930127382278442383e+00
1.933780908584594727e+00
1.934051752090454102e+00
1.927618980407714844e+00
1.945498228073120117e+00
1.937195301055908203e+00
1.930743694305419922e+00
1.944671392440795898e+00
1.939737558364868164e+00
1.934264659881591797e+00
1.945349216461181641e+00
1.931199789047241211e+00
1.941461563110351562e+00
1.942966699600219727e+00
1.937895774841308594e+00
1.935787200927734375e+00
1.940269947052001953e+00
1.932524681091308594e+00
1.940973043441772461e+00
1.943765640258789062e+00
1.934080839157104492e+00
1.937569141387939453e+00
1.937850475311279297e+00
1.757798194885253906e+00
1.702151536941528320e+00
1.926436662673950195e+00
1.935344219207763672e+00
1.942204236984252930e+00
1.939266443252563477e+00
1.952401399612426758e+00
1.930341482162475586e+00
1.939774036407470703e+00
1.978924274444580078e+00
1.957800626754760742e+00
1.938966512680053711e+00
1.954483270645141602e+00
1.940644025802612305e+00
1.936867237091064453e+00
1.929729700088500977e+00
1.949500560760498047e+00
1.927135944366455078e+00
1.945326328277587891e+00
1.934261083602905273e+00
1.963054418563842773e+00
1.938747644424438477e+00
1.939905643463134766e+00
1.927983283996582031e+00
1.937628269195556641e+00
1.933331966400146484e+00
1.951097965240478516e+00
1.927289009094238281e+00
1.945508241653442383e+00
1.936736583709716797e+00
1.939854621887207031e+00
1.943978071212768555e+00
1.941297531127929688e+00
2.033180713653564453e+00
1.941864728927612305e+00
1.930344581604003906e+00
1.944495201110839844e+00
1.932449817657470703e+00
1.956309080123901367e+00
1.943777322769165039e+00
1.948126077651977539e+00
1.938817262649536133e+00
1.953733444213867188e+00
1.929180860519409180e+00
1.965116739273071289e+00
1.937391519546508789e+00
1.964545249938964844e+00
1.933053493499755859e+00
1.946049451828002930e+00
1.941093683242797852e+00
1.951731443405151367e+00
1.700744867324829102e+00
1.935999870300292969e+00
1.982743263244628906e+00
1.931686162948608398e+00
1.943030357360839844e+00
1.935201883316040039e+00
1.941938161849975586e+00
1.965124607086181641e+00
1.945461988449096680e+00
1.953529834747314453e+00
1.958951234817504883e+00
1.939826965332031250e+00
1.946181297302246094e+00
1.954912185668945312e+00
1.948853731155395508e+00
1.944843292236328125e+00
1.936804533004760742e+00
1.927340030670166016e+00
1.943043708801269531e+00
1.953982353210449219e+00
1.942567348480224609e+00
1.945761442184448242e+00
1.934313774108886719e+00
1.942810058593750000e+00
1.940859794616699219e+00
1.934020996093750000e+00
1.932342767715454102e+00
1.942425966262817383e+00
1.936395645141601562e+00
1.939679622650146484e+00
1.939195871353149414e+00
1.950468063354492188e+00
1.938762664794921875e+00
1.945205450057983398e+00
1.930235862731933594e+00
1.935148715972900391e+00
1.933003187179565430e+00
1.934285402297973633e+00
1.935057878494262695e+00
1.946633100509643555e+00
1.942923069000244141e+00
1.938523530960083008e+00
1.977778673171997070e+00
1.942231893539428711e+00
1.940423250198364258e+00
1.953486204147338867e+00
1.970663070678710938e+00
1.935477972030639648e+00
1.941860675811767578e+00
1.753719329833984375e+00
1.686511278152465820e+00
1.942550897598266602e+00
1.935516119003295898e+00
1.934818506240844727e+00
1.940386295318603516e+00
1.936974048614501953e+00
1.937057256698608398e+00
1.942762613296508789e+00
1.941472291946411133e+00
1.947059392929077148e+00
1.941232681274414062e+00
1.936610460281372070e+00
1.941811323165893555e+00
1.930732250213623047e+00
1.937565088272094727e+00
1.939052820205688477e+00
1.953092098236083984e+00
1.942899942398071289e+00
1.931279420852661133e+00
1.945021629333496094e+00
1.949122905731201172e+00
1.939784765243530273e+00
1.935003280639648438e+00
1.939774036407470703e+00
1.945385932922363281e+00
1.944259166717529297e+00
1.937733173370361328e+00
1.936115741729736328e+00
1.940052747726440430e+00
1.946028232574462891e+00
1.931285858154296875e+00
1.941504716873168945e+00
1.975531339645385742e+00
1.936393976211547852e+00
1.936972856521606445e+00
1.940362453460693359e+00
1.939193964004516602e+00
1.937016248703002930e+00
1.938056707382202148e+00
1.934627771377563477e+00
1.956321477890014648e+00
1.947169780731201172e+00
1.932335138320922852e+00
1.930578231811523438e+00
1.923800230026245117e+00
1.940201520919799805e+00
1.939502477645874023e+00
1.973087549209594727e+00
1.941168785095214844e+00
1.943071365356445312e+00
1.690000772476196289e+00
1.940365552902221680e+00
1.948009729385375977e+00
1.936512470245361328e+00
1.957627534866333008e+00
1.930092334747314453e+00
1.939460277557373047e+00
1.932590961456298828e+00
1.940882682800292969e+00
1.948476314544677734e+00
1.948603153228759766e+00
1.939211368560791016e+00
1.967953920364379883e+00
1.930032968521118164e+00
1.948338508605957031e+00
1.941689014434814453e+00
1.940647363662719727e+00
1.965704441070556641e+00
1.946682214736938477e+00
1.930343389511108398e+00
1.947802066802978516e+00
1.941388845443725586e+00
1.934241533279418945e+00
1.944933652877807617e+00
1.939982652664184570e+00
1.928293943405151367e+00
1.946957111358642578e+00
1.933861255645751953e+00
1.937690496444702148e+00
1.944567918777465820e+00
1.937542438507080078e+00
1.932668685913085938e+00
1.951155185699462891e+00
1.935189485549926758e+00
2.004294872283935547e+00
1.944783926010131836e+00
1.943780183792114258e+00
1.944306135177612305e+00
1.941507816314697266e+00
1.934634923934936523e+00
1.937742948532104492e+00
1.941322088241577148e+00
1.943434000015258789e+00
1.928362607955932617e+00
1.969359159469604492e+00
1.939545154571533203e+00
1.941941022872924805e+00
1.944658756256103516e+00
1.943475484848022461e+00
1.761328697204589844e+00
1.694097280502319336e+00
1.961367607116699219e+00
1.940951824188232422e+00
1.928155899047851562e+00
1.947875499725341797e+00
1.960799217224121094e+00
1.950139284133911133e+00
1.944215774536132812e+00
1.947094202041625977e+00
2.059159278869628906e+00
1.948359012603759766e+00
1.936140775680541992e+00
1.941808700561523438e+00
1.944424629211425781e+00
1.937901735305786133e+00
1.953686237335205078e+00
1.941895008087158203e+00
1.939624309539794922e+00
1.936378240585327148e+00
1.941247463226318359e+00
1.948659658432006836e+00
1.934385061264038086e+00
1.962258100509643555e+00
1.939777851104736328e+00
1.943739652633666992e+00
1.952203512191772461e+00
1.952315807342529297e+00
1.940440177917480469e+00
1.943385124206542969e+00
1.936866998672485352e+00
1.936980485916137695e+00
1.933193206787109375e+00
1.935670614242553711e+00
1.943261384963989258e+00
1.944067716598510742e+00
1.935660123825073242e+00
1.945811748504638672e+00
1.931682825088500977e+00
1.936946392059326172e+00
1.942164897918701172e+00
1.951937198638916016e+00
1.941509723663330078e+00
1.939486742019653320e+00
1.945102930068969727e+00
1.943325996398925781e+00
1.948503494262695312e+00
1.940491199493408203e+00
1.941126346588134766e+00
1.946579933166503906e+00
1.950315237045288086e+00
1.700582027435302734e+00
1.943733215332031250e+00
1.942657470703125000e+00
1.948159456253051758e+00
1.940356731414794922e+00
1.956718683242797852e+00
1.942247390747070312e+00
1.938700675964355469e+00
1.937195777893066406e+00
1.940676689147949219e+00
1.936669826507568359e+00
1.941031217575073242e+00
2.024020910263061523e+00
1.998809814453125000e+00
1.942082405090332031e+00
1.952227592468261719e+00
1.932663202285766602e+00
1.948064804077148438e+00
1.925837278366088867e+00
1.941517591476440430e+00
1.933925867080688477e+00
1.942490816116333008e+00
1.929069042205810547e+00
1.939443588256835938e+00
1.949329137802124023e+00
1.936002969741821289e+00
1.934341430664062500e+00
1.948678016662597656e+00
1.960152149200439453e+00
1.946970224380493164e+00
1.943970441818237305e+00
1.945552825927734375e+00
1.962358474731445312e+00
1.938846111297607422e+00
1.941533327102661133e+00
1.941984891891479492e+00
1.938475847244262695e+00
1.932897806167602539e+00
1.932957887649536133e+00
1.954438924789428711e+00
1.942076206207275391e+00
1.948247194290161133e+00
1.938849449157714844e+00
1.942587852478027344e+00
1.936969041824340820e+00
1.958129167556762695e+00
1.936972379684448242e+00
1.946639537811279297e+00
1.925388813018798828e+00
1.777891635894775391e+00
1.725850105285644531e+00
1.935605049133300781e+00
1.935682296752929688e+00
1.942799329757690430e+00
1.938144207000732422e+00
1.942906856536865234e+00
1.941637039184570312e+00
1.947878360748291016e+00
1.949667692184448242e+00
1.940577983856201172e+00
1.929002285003662109e+00
1.931034088134765625e+00
1.937170267105102539e+00
1.925751686096191406e+00
1.950463056564331055e+00
1.939002275466918945e+00
1.939344644546508789e+00
1.933663606643676758e+00
1.927869081497192383e+00
1.933326482772827148e+00
1.941071748733520508e+00
1.945107460021972656e+00
1.939701318740844727e+00
1.931488752365112305e+00
1.981983900070190430e+00
1.944358587265014648e+00
1.946534156799316406e+00
1.939281702041625977e+00
1.932874202728271484e+00
1.942593336105346680e+00
1.941379070281982422e+00
1.947456121444702148e+00
1.942440986633300781e+00
1.938940525054931641e+00
1.925968408584594727e+00
1.943996667861938477e+00
1.941851377487182617e+00
1.936291694641113281e+00
1.942839860916137695e+00
1.930679798126220703e+00
1.943596839904785156e+00
2.006504774093627930e+00
1.930356740951538086e+00
1.932216644287109375e+00
1.940915822982788086e+00
1.931627273559570312e+00
1.932903528213500977e+00
1.927934169769287109e+00
1.937318325042724609e+00
1.924310684204101562e+00
1.688477754592895508e+00
1.949205398559570312e+00
1.938569068908691406e+00
1.943319320678710938e+00
1.935661554336547852e+00
1.937609434127807617e+00
1.992700338363647461e+00
1.941007375717163086e+00
1.937537670135498047e+00
1.926037788391113281e+00
1.945244073867797852e+00
1.934373378753662109e+00
1.954049825668334961e+00
1.929534435272216797e+00
1.987498998641967773e+00
1.930278778076171875e+00
1.964050769805908203e+00
1.932142734527587891e+00
1.937833070755004883e+00
1.935582160949707031e+00
1.944018602371215820e+00
1.929519414901733398e+00
1.938561916351318359e+00
1.929710149765014648e+00
1.969775676727294922e+00
1.942730665206909180e+00
1.944970846176147461e+00
1.936979532241821289e+00
1.945121288299560547e+00
1.943354606628417969e+00
1.936924219131469727e+00
1.963909387588500977e+00
1.940142869949340820e+00
1.936603069305419922e+00
1.951530933380126953e+00
1.937214851379394531e+00
1.945693254470825195e+00
1.966347932815551758e+00
1.937693595886230469e+00
1.939084291458129883e+00
1.933189630508422852e+00
1.926725387573242188e+00
1.952901601791381836e+00
1.936599969863891602e+00
1.948833465576171875e+00
1.943891525268554688e+00
1.934779167175292969e+00
1.936019659042358398e+00
1.932749748229980469e+00
1.756115198135375977e+00
1.704164505004882812e+00
1.994505167007446289e+00
1.943345308303833008e+00
1.940382242202758789e+00
1.934771299362182617e+00
1.949079275131225586e+00
1.996250391006469727e+00
1.939988851547241211e+00
1.946371555328369141e+00
1.940145492553710938e+00
1.945451498031616211e+00
1.940527915954589844e+00
1.969347238540649414e+00
1.940528869628906250e+00
1.936111450195312500e+00
1.936570167541503906e+00
1.968886613845825195e+00
1.945427894592285156e+00
1.937032699584960938e+00
1.948947191238403320e+00
1.929767131805419922e+00
1.934072256088256836e+00
1.945176362991333008e+00
1.939173698425292969e+00
1.948294401168823242e+00
1.937942504882812500e+00
1.933929920196533203e+00
1.940508842468261719e+00
1.936784029006958008e+00
1.943300247192382812e+00
1.959429502487182617e+00
1.941212892532348633e+00
1.944679498672485352e+00
1.937850475311279297e+00
1.945072174072265625e+00
1.937776565551757812e+00
1.948277711868286133e+00
1.932845115661621094e+00
1.956948041915893555e+00
1.937384605407714844e+00
1.947754144668579102e+00
1.945236682891845703e+00
1.950033903121948242e+00
1.948571920394897461e+00
1.945104122161865234e+00
1.937372446060180664e+00
1.953063249588012695e+00
1.942594051361083984e+00
1.971532344818115234e+00
2.028678417205810547e+00
1.712412118911743164e+00
1.936331033706665039e+00
1.935777664184570312e+00
1.942546606063842773e+00
1.937752008438110352e+00
1.938655614852905273e+00
1.928953886032104492e+00
1.943224191665649414e+00
1.939607858657836914e+00
1.938137054443359375e+00
1.942345380783081055e+00
1.942222118377685547e+00
1.938386678695678711e+00
1.938831567764282227e+00
1.931263446807861328e+00
1.948454380035400391e+00
1.925360441207885742e+00
1.946562528610229492e+00
1.930626392364501953e+00
2.027631044387817383e+00
1.954661130905151367e+00
1.955709457397460938e+00
1.946301937103271484e+00
1.941792011260986328e+00
1.939762353897094727e+00
1.935461521148681641e+00
1.933955430984497070e+00
1.951284170150756836e+00
1.937428474426269531e+00
1.945310354232788086e+00
1.937702178955078125e+00
1.946052074432373047e+00
1.934817790985107422e+00
1.941173076629638672e+00
1.932365417480468750e+00
1.940389871597290039e+00
1.937906026840209961e+00
1.950564384460449219e+00
1.937017917633056641e+00
1.943543434143066406e+00
1.926866769790649414e+00
1.936700344085693359e+00
1.924067974090576172e+00
1.949742317199707031e+00
1.944466829299926758e+00
1.948982715606689453e+00
1.934746265411376953e+00
1.944700956344604492e+00
1.935191392898559570e+00
1.760276794433593750e+00
1.693462371826171875e+00
1.945448875427246094e+00
1.937148332595825195e+00
1.931311607360839844e+00
1.950498342514038086e+00
1.931972742080688477e+00
1.938660621643066406e+00
1.932586431503295898e+00
1.932963371276855469e+00
1.938309669494628906e+00
1.943894147872924805e+00
1.957805395126342773e+00
1.939897298812866211e+00
1.947407007217407227e+00
1.928022146224975586e+00
1.938631534576416016e+00
1.943306922912597656e+00
1.945690870285034180e+00
1.954786777496337891e+00
1.934391260147094727e+00
1.940303087234497070e+00
1.932402133941650391e+00
1.935926437377929688e+00
1.953033447265625000e+00
1.937226772308349609e+00
1.937738180160522461e+00
1.950629234313964844e+00
1.942230224609375000e+00
1.971365690231323242e+00
1.948517084121704102e+00
1.971062898635864258e+00
1.941807985305786133e+00
1.948713541030883789e+00
1.948245048522949219e+00
1.946982860565185547e+00
1.933775663375854492e+00
1.929477930068969727e+00
1.931765556335449219e+00
1.934931516647338867e+00
1.936260938644409180e+00
1.944756269454956055e+00
1.936562776565551758e+00
1.939230918884277344e+00
1.957246303558349609e+00
1.994878292083740234e+00
1.941219091415405273e+00
1.939440488815307617e+00
1.927867650985717773e+00
1.946479797363281250e+00
1.957823991775512695e+00
1.763303041458129883e+00
1.950835466384887695e+00
1.934584856033325195e+00
1.950077056884765625e+00
1.936992645263671875e+00
1.931723833084106445e+00
1.938913106918334961e+00
1.952894210815429688e+00
1.940573453903198242e+00
1.941145181655883789e+00
2.024429559707641602e+00
1.935973405838012695e+00
1.936982393264770508e+00
1.938197851181030273e+00
1.946253061294555664e+00
1.981859922409057617e+00
1.931816339492797852e+00
1.939161062240600586e+00
1.947214841842651367e+00
1.935844898223876953e+00
1.959457397460937500e+00
1.935341119766235352e+00
2.029717206954956055e+00
1.946552038192749023e+00
1.943314075469970703e+00
1.950787067413330078e+00
1.942036867141723633e+00
1.934180021286010742e+00
1.948935985565185547e+00
1.949312448501586914e+00
1.937283039093017578e+00
1.930507898330688477e+00
1.944630384445190430e+00
1.953157186508178711e+00
1.945551395416259766e+00
1.937758922576904297e+00
1.957375049591064453e+00
1.937708377838134766e+00
1.941246747970581055e+00
1.934185028076171875e+00
1.943995475769042969e+00
1.935673236846923828e+00
1.968254089355468750e+00
1.934693574905395508e+00
1.973160266876220703e+00
1.933217048645019531e+00
1.945025444030761719e+00
1.933436155319213867e+00
1.944560289382934570e+00
1.759862661361694336e+00
1.689748048782348633e+00
1.963397502899169922e+00
1.939224004745483398e+00
1.941824197769165039e+00
1.946308851242065430e+00
1.947897672653198242e+00
1.945626735687255859e+00
1.945880889892578125e+00
1.961656093597412109e+00
1.937120199203491211e+00
1.955900430679321289e+00
1.931797027587890625e+00
1.931158304214477539e+00
1.946802854537963867e+00
1.943384170532226562e+00
1.938850402832031250e+00
1.943733215332031250e+00
1.930469512939453125e+00
1.937369346618652344e+00
1.947478771209716797e+00
1.943171977996826172e+00
1.937508821487426758e+00
1.935420036315917969e+00
1.935448646545410156e+00
1.936736106872558594e+00
1.965636253356933594e+00
1.954319238662719727e+00
1.939939975738525391e+00
1.941230058670043945e+00
1.932881593704223633e+00
1.935632944107055664e+00
1.948751688003540039e+00
1.930368661880493164e+00
1.930330038070678711e+00
1.927148818969726562e+00
1.935488700866699219e+00
1.941897153854370117e+00
1.947607278823852539e+00
1.937139987945556641e+00
1.977463245391845703e+00
1.960728168487548828e+00
1.944644451141357422e+00
1.946403026580810547e+00
1.932076215744018555e+00
1.950837612152099609e+00
1.942604541778564453e+00
1.948020219802856445e+00
1.928702592849731445e+00
1.947167634963989258e+00
1.927960872650146484e+00
1.704108476638793945e+00
1.939176559448242188e+00
1.936458349227905273e+00
1.933671236038208008e+00
1.961855649948120117e+00
1.954428911209106445e+00
1.928736209869384766e+00
1.942624807357788086e+00
1.921898126602172852e+00
1.963714361190795898e+00
1.979955673217773438e+00
1.963991880416870117e+00
1.963715791702270508e+00
1.952857017517089844e+00
1.933448076248168945e+00
1.944130897521972656e+00
1.926981210708618164e+00
1.940570831298828125e+00
1.930629968643188477e+00
1.949738979339599609e+00
1.942214012145996094e+00
1.939752578735351562e+00
1.930971384048461914e+00
1.942934513092041016e+00
1.940505981445312500e+00
1.932566881179809570e+00
1.949460029602050781e+00
1.958272695541381836e+00
1.934626102447509766e+00
1.950869321823120117e+00
1.935328722000122070e+00
1.943172216415405273e+00
1.941998243331909180e+00
1.951151609420776367e+00
1.945871353149414062e+00
1.942332267761230469e+00
2.000483751296997070e+00
1.944144248962402344e+00
1.917685508728027344e+00
1.946330547332763672e+00
1.939204454421997070e+00
1.937442064285278320e+00
1.947941541671752930e+00
1.946338653564453125e+00
1.930300235748291016e+00
1.946821451187133789e+00
1.929582834243774414e+00
1.951172590255737305e+00
1.947767019271850586e+00
1.773953914642333984e+00
1.694012880325317383e+00
1.937469959259033203e+00
1.940284013748168945e+00
1.958312749862670898e+00
1.946860074996948242e+00
1.943984031677246094e+00
1.943410158157348633e+00
1.938994646072387695e+00
1.956638574600219727e+00
1.947202205657958984e+00
1.956275939941406250e+00
1.939014196395874023e+00
1.939696073532104492e+00
1.949669837951660156e+00
1.938468694686889648e+00
1.934622287750244141e+00
1.941227674484252930e+00
1.942480564117431641e+00
1.943266153335571289e+00
1.937269449234008789e+00
1.937385320663452148e+00
1.933332920074462891e+00
1.932949304580688477e+00
1.934807777404785156e+00
1.943224191665649414e+00
1.950466632843017578e+00
1.967298746109008789e+00
1.932188034057617188e+00
1.936527490615844727e+00
1.930499792098999023e+00
1.940581321716308594e+00
1.933951377868652344e+00
1.940821886062622070e+00
1.937116622924804688e+00
1.932343244552612305e+00
1.931787490844726562e+00
1.936266660690307617e+00
1.939238786697387695e+00
1.940634250640869141e+00
1.956843852996826172e+00
1.940490245819091797e+00
1.938466310501098633e+00
1.929020643234252930e+00
1.933607339859008789e+00
1.948878765106201172e+00
1.939117908477783203e+00
1.940757989883422852e+00
1.934926271438598633e+00
1.935926675796508789e+00
1.945092678070068359e+00
1.706649065017700195e+00
1.938808679580688477e+00
1.938115119934082031e+00
1.955668926239013672e+00
1.935902595520019531e+00
1.941922187805175781e+00
1.939438104629516602e+00
1.940450906753540039e+00
1.949559688568115234e+00
1.943281173706054688e+00
1.932377576828002930e+00
1.946288824081420898e+00
1.938740730285644531e+00
1.931521892547607422e+00
1.947123050689697266e+00
1.958482027053833008e+00
1.958500146865844727e+00
1.945777893066406250e+00
1.943984031677246094e+00
1.953335046768188477e+00
1.927775382995605469e+00
1.946724414825439453e+00
1.939085006713867188e+00
1.940400123596191406e+00
1.951119184494018555e+00
1.937501430511474609e+00
1.935273408889770508e+00
1.952110528945922852e+00
1.942268371582031250e+00
1.956902265548706055e+00
1.940277338027954102e+00
1.935212373733520508e+00
1.931055545806884766e+00
1.943596601486206055e+00
1.946686267852783203e+00
1.954420566558837891e+00
1.940396785736083984e+00
1.930912494659423828e+00
1.956403017044067383e+00
1.950435638427734375e+00
1.944940328598022461e+00
1.945901393890380859e+00
1.966096401214599609e+00
1.941514253616333008e+00
1.952387809753417969e+00
1.939363241195678711e+00
1.980421304702758789e+00
1.956709861755371094e+00
1.946345090866088867e+00
1.766000747680664062e+00
1.696637868881225586e+00
1.961162567138671875e+00
1.942167758941650391e+00
1.944992065429687500e+00
1.945466518402099609e+00
1.953753709793090820e+00
1.943320989608764648e+00
1.944413423538208008e+00
1.956560373306274414e+00
1.941865682601928711e+00
1.955600500106811523e+00
1.945037126541137695e+00
1.945175647735595703e+00
1.951885938644409180e+00
1.944712638854980469e+00
1.931189775466918945e+00
1.941766500473022461e+00
1.944480180740356445e+00
1.942949056625366211e+00
1.942095518112182617e+00
1.949769020080566406e+00
1.949462890625000000e+00
1.938115596771240234e+00
1.939080238342285156e+00
1.948702335357666016e+00
1.938418865203857422e+00
1.952616691589355469e+00
1.974538087844848633e+00
1.942505121231079102e+00
1.930948495864868164e+00
1.952042102813720703e+00
1.944067955017089844e+00
1.946173191070556641e+00
1.948514699935913086e+00
1.952924489974975586e+00
1.925419569015502930e+00
1.947689771652221680e+00
1.950171470642089844e+00
1.943412542343139648e+00
1.928943634033203125e+00
1.938692331314086914e+00
1.933104038238525391e+00
1.942588806152343750e+00
1.919338464736938477e+00
1.952080965042114258e+00
1.931282997131347656e+00
1.948059082031250000e+00
1.941428661346435547e+00
1.944362878799438477e+00
1.937555789947509766e+00
1.699433326721191406e+00
1.939418554306030273e+00
1.938843965530395508e+00
1.952154636383056641e+00
1.937818527221679688e+00
1.988341569900512695e+00
1.976142883300781250e+00
1.940053462982177734e+00
1.979571342468261719e+00
1.939211368560791016e+00
2.007854938507080078e+00
1.957110166549682617e+00
1.947392940521240234e+00
1.951483488082885742e+00
1.943070888519287109e+00
2.001095771789550781e+00
1.929469108581542969e+00
1.944584608078002930e+00
1.937064170837402344e+00
1.962856054306030273e+00
1.941783189773559570e+00
1.943846940994262695e+00
1.932644128799438477e+00
1.945846796035766602e+00
1.944278240203857422e+00
1.938843250274658203e+00
1.934926986694335938e+00
1.957083702087402344e+00
1.942962884902954102e+00
1.936443090438842773e+00
1.935514450073242188e+00
1.940069675445556641e+00
1.963633060455322266e+00
1.945313215255737305e+00
1.946835756301879883e+00
1.951051235198974609e+00
1.934440135955810547e+00
1.956792354583740234e+00
1.924701213836669922e+00
1.949824333190917969e+00
1.935355186462402344e+00
1.954086780548095703e+00
1.949513196945190430e+00
1.952340364456176758e+00
1.941475868225097656e+00
1.942692041397094727e+00
1.944456815719604492e+00
1.950383663177490234e+00
1.942395448684692383e+00
1.947028875350952148e+00
1.698673248291015625e+00
1.942815303802490234e+00
1.934423923492431641e+00
1.954032659530639648e+00
1.939401388168334961e+00
1.948918819427490234e+00
1.943578720092773438e+00
1.934896707534790039e+00
1.937908887863159180e+00
1.952600240707397461e+00
1.947112083435058594e+00
1.937966346740722656e+00
1.940282344818115234e+00
1.937597036361694336e+00
1.944086790084838867e+00
1.931412935256958008e+00
1.940148115158081055e+00
1.969820499420166016e+00
1.939756631851196289e+00
1.933574914932250977e+00
1.945978403091430664e+00
1.947137355804443359e+00
1.943763256072998047e+00
1.931853532791137695e+00
1.934180974960327148e+00
1.934269905090332031e+00
1.939123153686523438e+00
1.953730821609497070e+00
1.941871643066406250e+00
1.932779788970947266e+00
1.961333513259887695e+00
1.941973209381103516e+00
1.936076641082763672e+00
1.948163747787475586e+00
1.938189268112182617e+00
1.995308876037597656e+00
1.714606046676635742e+00
1.960141420364379883e+00
1.973351955413818359e+00
1.968979835510253906e+00
1.955433368682861328e+00
1.979270458221435547e+00
1.952553033828735352e+00
1.954070091247558594e+00
1.997211456298828125e+00
1.952060222625732422e+00
1.961659908294677734e+00
1.955752611160278320e+00
1.957661390304565430e+00
1.956152677536010742e+00
1.969578266143798828e+00
1.964795827865600586e+00
1.956437349319458008e+00
1.962970972061157227e+00
1.960934877395629883e+00
1.968711137771606445e+00
1.969195365905761719e+00
1.998630285263061523e+00
1.960683822631835938e+00
1.965215682983398438e+00
1.963943004608154297e+00
2.007908821105957031e+00
1.977954387664794922e+00
1.976469039916992188e+00
1.973026037216186523e+00
1.959552526473999023e+00
1.956519365310668945e+00
1.958394527435302734e+00
1.973968982696533203e+00
1.968638181686401367e+00
1.964762449264526367e+00
1.967735528945922852e+00
1.962479591369628906e+00
1.956810474395751953e+00
1.964331388473510742e+00
1.957324743270874023e+00
2.008804321289062500e+00
1.963848829269409180e+00
2.044955968856811523e+00
1.970483303070068359e+00
1.960233449935913086e+00
1.979262351989746094e+00
1.956938505172729492e+00
1.971560239791870117e+00
1.984379529953002930e+00
1.976373195648193359e+00
1.701517820358276367e+00
1.947437763214111328e+00
1.943689584732055664e+00
1.942246913909912109e+00
1.953923702239990234e+00
1.945397138595581055e+00
1.941192150115966797e+00
1.944298982620239258e+00
1.938443660736083984e+00
1.938426017761230469e+00
1.940229892730712891e+00
1.944827556610107422e+00
1.934632062911987305e+00
1.752834081649780273e+00
1.931364297866821289e+00
1.949512243270874023e+00
1.937454223632812500e+00
2.022247791290283203e+00
1.946066379547119141e+00
1.935989379882812500e+00
1.935649633407592773e+00
1.943320512771606445e+00
1.931710481643676758e+00
1.948500156402587891e+00
1.935411214828491211e+00
1.948652982711791992e+00
1.947617053985595703e+00
1.940566062927246094e+00
1.959273338317871094e+00
1.938698768615722656e+00
1.933990955352783203e+00
1.931440353393554688e+00
1.933456897735595703e+00
1.941519975662231445e+00
1.948061466217041016e+00
1.971254825592041016e+00
1.930458784103393555e+00
1.929403305053710938e+00
1.951271057128906250e+00
1.944199562072753906e+00
1.940834045410156250e+00
1.946624994277954102e+00
1.945910692214965820e+00
1.939069986343383789e+00
1.933840990066528320e+00
1.932652950286865234e+00
1.931237220764160156e+00
1.943272829055786133e+00
1.952745914459228516e+00
1.938849925994873047e+00
1.694353580474853516e+00
1.953500032424926758e+00
1.930000543594360352e+00
1.945767641067504883e+00
1.945149183273315430e+00
1.935065507888793945e+00
1.939551353454589844e+00
1.947133064270019531e+00
1.932592868804931641e+00
1.933379411697387695e+00
1.928837299346923828e+00
1.938498735427856445e+00
1.974150180816650391e+00
1.938734054565429688e+00
1.940202236175537109e+00
1.942061185836791992e+00
1.937182903289794922e+00
1.935914516448974609e+00
1.945609569549560547e+00
1.943594932556152344e+00
1.951067686080932617e+00
1.934641838073730469e+00
1.939218044281005859e+00
1.934556007385253906e+00
1.933352708816528320e+00
1.928562402725219727e+00
1.943290948867797852e+00
1.938523769378662109e+00
1.940678596496582031e+00
1.936601638793945312e+00
1.936003208160400391e+00
1.945763587951660156e+00
1.950692415237426758e+00
1.936062097549438477e+00
1.931919813156127930e+00
1.930067777633666992e+00
1.939384222030639648e+00
1.962216615676879883e+00
1.937671422958374023e+00
1.933296203613281250e+00
1.947507858276367188e+00
1.935619592666625977e+00
1.945964574813842773e+00
1.939566612243652344e+00
1.935692071914672852e+00
1.942359447479248047e+00
1.940582275390625000e+00
1.931472778320312500e+00
1.940843343734741211e+00
1.927705287933349609e+00
1.704628467559814453e+00
1.931992292404174805e+00
1.932183742523193359e+00
1.921933889389038086e+00
1.992286443710327148e+00
1.926106929779052734e+00
1.929295539855957031e+00
1.942346096038818359e+00
1.938358306884765625e+00
1.939125299453735352e+00
1.931332349777221680e+00
1.934395551681518555e+00
1.930397033691406250e+00
1.747899055480957031e+00
1.936079263687133789e+00
1.941582202911376953e+00
1.934490919113159180e+00
1.942938566207885742e+00
1.934414386749267578e+00
1.950295925140380859e+00
1.990307331085205078e+00
1.924582958221435547e+00
1.939493179321289062e+00
1.935913562774658203e+00
1.936938285827636719e+00
1.942897558212280273e+00
1.945121526718139648e+00
1.950648546218872070e+00
1.937906742095947266e+00
1.951992511749267578e+00
1.933769702911376953e+00
1.941093444824218750e+00
1.942258119583129883e+00
2.060756921768188477e+00
1.949035644531250000e+00
1.937779664993286133e+00
1.942374944686889648e+00
1.933055877685546875e+00
1.944490432739257812e+00
1.950148582458496094e+00
1.930107831954956055e+00
1.943044185638427734e+00
1.942873954772949219e+00
1.931223869323730469e+00
1.926609516143798828e+00
1.924005270004272461e+00
1.948276758193969727e+00
1.937845945358276367e+00
1.953522682189941406e+00
1.938632488250732422e+00
2.003574371337890625e+00
2.200449466705322266e+00
2.196346759796142578e+00
2.276906490325927734e+00
2.221129894256591797e+00
2.204528808593750000e+00
2.192066431045532227e+00
2.484804153442382812e+00
2.164322137832641602e+00
2.292868375778198242e+00
2.217782974243164062e+00
2.177206993103027344e+00
2.134878635406494141e+00
2.148528337478637695e+00
2.098906993865966797e+00
2.188881874084472656e+00
2.111245393753051758e+00
2.165910482406616211e+00
2.117011308670043945e+00
2.132627487182617188e+00
2.265842914581298828e+00
2.109085798263549805e+00
2.148934602737426758e+00
2.111536741256713867e+00
2.169836282730102539e+00
2.144659519195556641e+00
2.141793251037597656e+00
2.269363164901733398e+00
2.091513633728027344e+00
2.154780387878417969e+00
2.129522085189819336e+00
2.168202877044677734e+00
2.120928287506103516e+00
2.153548955917358398e+00
2.159054040908813477e+00
2.167761087417602539e+00
2.121314525604248047e+00
2.164860963821411133e+00
2.132581949234008789e+00
2.175190925598144531e+00
2.122308731079101562e+00
2.186321258544921875e+00
2.125911712646484375e+00
2.166238069534301758e+00
2.111372947692871094e+00
2.159095764160156250e+00
2.121007680892944336e+00
2.161717176437377930e+00
2.127817153930664062e+00
2.174084901809692383e+00
2.434170246124267578e+00
2.940719604492187500e+00
3.020214319229125977e+00
3.426814556121826172e+00
3.103012561798095703e+00
2.965342998504638672e+00
2.968093872070312500e+00
2.986628293991088867e+00
3.126071453094482422e+00
2.968360424041748047e+00
2.980617523193359375e+00
2.969966888427734375e+00
2.968589544296264648e+00
3.078578948974609375e+00
3.502188205718994141e+00
3.620746612548828125e+00
3.626622915267944336e+00
3.657204866409301758e+00
3.791896104812622070e+00
3.607524394989013672e+00
3.635362148284912109e+00
3.641232013702392578e+00
3.787113666534423828e+00
3.678539752960205078e+00
3.629414319992065430e+00
3.631519556045532227e+00
3.789352893829345703e+00
3.617229700088500977e+00
3.616877794265747070e+00
3.622085571289062500e+00
3.784070491790771484e+00
3.628101825714111328e+00
3.618128776550292969e+00
3.638544797897338867e+00
3.825544357299804688e+00
3.671533107757568359e+00
3.667598247528076172e+00
3.677123308181762695e+00
3.817431449890136719e+00
3.692585229873657227e+00
3.677369594573974609e+00
3.676479339599609375e+00
3.836221456527709961e+00
3.663361072540283203e+00
3.665154695510864258e+00
3.741696596145629883e+00
3.852152347564697266e+00
3.661835432052612305e+00
3.658753633499145508e+00
3.681789636611938477e+00
3.041471958160400391e+00
3.652725458145141602e+00
4.069323062896728516e+00
4.117154598236083984e+00
3.971691131591796875e+00
3.995815038681030273e+00
4.138532400131225586e+00
4.029371976852416992e+00
3.996827840805053711e+00
4.020545721054077148e+00
4.151174306869506836e+00
3.998785972595214844e+00
3.986380577087402344e+00
4.079983234405517578e+00
4.110533952713012695e+00
3.986912488937377930e+00
4.009581089019775391e+00
4.126794099807739258e+00
4.100660562515258789e+00
4.024031877517700195e+00
4.016003847122192383e+00
4.107774734497070312e+00
4.114638805389404297e+00
4.054021596908569336e+00
4.031001806259155273e+00
4.119951248168945312e+00
4.014445066452026367e+00
4.204525947570800781e+00
4.134829998016357422e+00
4.169103860855102539e+00
4.057192325592041016e+00
4.039314985275268555e+00
4.157050609588623047e+00
4.121855020523071289e+00
4.027585268020629883e+00
4.022319793701171875e+00
4.131198167800903320e+00
4.097216844558715820e+00
4.027387857437133789e+00
4.054682493209838867e+00
4.189449787139892578e+00
4.023001432418823242e+00
4.017046689987182617e+00
4.100139856338500977e+00
4.098971605300903320e+00
4.022121906280517578e+00
4.035952091217041016e+00
4.122137308120727539e+00
4.009359598159790039e+00
4.030148983001708984e+00
3.308237552642822266e+00
4.284481048583984375e+00
4.127608537673950195e+00
4.086204528808593750e+00
4.057561635971069336e+00
4.204457521438598633e+00
4.147589683532714844e+00
4.096827030181884766e+00
4.288520574569702148e+00
4.239270448684692383e+00
4.078017234802246094e+00
4.080797195434570312e+00
4.217185020446777344e+00
3.667062282562255859e+00
4.191281318664550781e+00
4.248856067657470703e+00
4.317274332046508789e+00
4.184246778488159180e+00
4.179575204849243164e+00
4.360908269882202148e+00
4.167116165161132812e+00
4.189108133316040039e+00
4.289666891098022461e+00
4.305254459381103516e+00
4.215903997421264648e+00
4.230080127716064453e+00
4.338638544082641602e+00
4.236162185668945312e+00
4.180808544158935547e+00
4.217571735382080078e+00
4.312336683273315430e+00
4.210512638092041016e+00
4.162828683853149414e+00
4.246517181396484375e+00
4.358902692794799805e+00
4.235103607177734375e+00
4.315744876861572266e+00
4.240863561630249023e+00
4.275081396102905273e+00
4.168663740158081055e+00
4.192595243453979492e+00
4.329970359802246094e+00
4.172821998596191406e+00
4.180737257003784180e+00
4.251186847686767578e+00
4.339823722839355469e+00
4.187453508377075195e+00
4.155986070632934570e+00
4.278849363327026367e+00
4.218514204025268555e+00
3.311062812805175781e+00
4.094279289245605469e+00
4.225107192993164062e+00
4.095275163650512695e+00
4.083981990814208984e+00
4.153401613235473633e+00
4.257381677627563477e+00
4.059114933013916016e+00
4.087706804275512695e+00
4.177088737487792969e+00
4.232583284378051758e+00
4.069530963897705078e+00
4.070121526718139648e+00
4.206775665283203125e+00
4.314369916915893555e+00
4.083565473556518555e+00
4.111626863479614258e+00
4.227359533309936523e+00
4.214841842651367188e+00
4.079885482788085938e+00
4.093963861465454102e+00
4.175876140594482422e+00
4.224836587905883789e+00
4.077105998992919922e+00
4.119759559631347656e+00
4.194571495056152344e+00
4.258088827133178711e+00
4.060663461685180664e+00
4.096263170242309570e+00
4.167644977569580078e+00
4.220982551574707031e+00
4.164459943771362305e+00
4.077528476715087891e+00
4.192611217498779297e+00
4.244707584381103516e+00
4.062104463577270508e+00
4.100737571716308594e+00
4.177507638931274414e+00
4.284054994583129883e+00
4.117304325103759766e+00
4.114897727966308594e+00
4.234024763107299805e+00
4.238963603973388672e+00
4.081125020980834961e+00
4.103111743927001953e+00
4.123903512954711914e+00
4.276870727539062500e+00
4.071497440338134766e+00
4.091721296310424805e+00
4.190308332443237305e+00
3.482231378555297852e+00
4.287452936172485352e+00
4.163103818893432617e+00
4.011591911315917969e+00
4.020000696182250977e+00
4.185845851898193359e+00
4.110300302505493164e+00
4.062254190444946289e+00
4.075799942016601562e+00
4.055207014083862305e+00
4.133069515228271484e+00
4.060883760452270508e+00
4.073606729507446289e+00
3.676999330520629883e+00
4.363200187683105469e+00
4.309507608413696289e+00
4.241288900375366211e+00
4.500114917755126953e+00
4.379688978195190430e+00
4.377771139144897461e+00
4.212226390838623047e+00
4.330333709716796875e+00
4.372084379196166992e+00
4.229969501495361328e+00
4.250376224517822266e+00
4.440277338027954102e+00
4.200264930725097656e+00
4.209250211715698242e+00
4.404705524444580078e+00
4.409628391265869141e+00
4.227564096450805664e+00
4.230451583862304688e+00
4.378923654556274414e+00
4.293032169342041016e+00
4.235389947891235352e+00
4.286608219146728516e+00
4.422423124313354492e+00
4.227512121200561523e+00
4.234740734100341797e+00
4.363069295883178711e+00
4.353042364120483398e+00
4.212621688842773438e+00
4.241089582443237305e+00
4.427594900131225586e+00
4.229936838150024414e+00
4.234219789505004883e+00
4.338353872299194336e+00
4.417406082153320312e+00
4.222402572631835938e+00
4.236391305923461914e+00
3.178126096725463867e+00
3.917858600616455078e+00
4.169738531112670898e+00
4.022818565368652344e+00
4.203851699829101562e+00
4.127493381500244141e+00
4.158016920089721680e+00
4.012624979019165039e+00
4.093734025955200195e+00
4.135351181030273438e+00
4.043168544769287109e+00
4.020629167556762695e+00
4.069105386734008789e+00
4.164173364639282227e+00
4.003019094467163086e+00
4.017377853393554688e+00
4.150031805038452148e+00
4.168346405029296875e+00
4.014767169952392578e+00
4.043347835540771484e+00
4.139535665512084961e+00
4.144841432571411133e+00
4.024138450622558594e+00
4.023016691207885742e+00
4.136947870254516602e+00
4.199717998504638672e+00
4.042578458786010742e+00
4.022425174713134766e+00
4.126074790954589844e+00
4.186311960220336914e+00
4.023431301116943359e+00
4.023555755615234375e+00
4.130199909210205078e+00
4.162681818008422852e+00
4.058261156082153320e+00
4.052937269210815430e+00
4.130550861358642578e+00
4.202385902404785156e+00
4.048661947250366211e+00
4.041927337646484375e+00
4.132117748260498047e+00
4.147072076797485352e+00
4.042234182357788086e+00
4.043007612228393555e+00
4.151870250701904297e+00
4.181663513183593750e+00
4.058995485305786133e+00
4.022439718246459961e+00
4.133673429489135742e+00
4.176470041275024414e+00
3.366767883300781250e+00
4.226574182510375977e+00
4.158106803894042969e+00
4.154213905334472656e+00
4.318923234939575195e+00
4.105831384658813477e+00
3.806707859039306641e+00
4.072911739349365234e+00
4.106781482696533203e+00
3.955500602722167969e+00
3.958498477935791016e+00
4.061618804931640625e+00
4.100668191909790039e+00
3.695043802261352539e+00
4.192384004592895508e+00
4.220761299133300781e+00
4.395771026611328125e+00
4.317088127136230469e+00
4.205450773239135742e+00
4.215119361877441406e+00
4.412541627883911133e+00
4.262533426284790039e+00
4.227381944656372070e+00
4.339372634887695312e+00
4.329406499862670898e+00
4.247871398925781250e+00
4.306332588195800781e+00
4.400805950164794922e+00
4.244340658187866211e+00
4.266721725463867188e+00
4.457544326782226562e+00
4.387024402618408203e+00
4.267235755920410156e+00
4.241205215454101562e+00
4.509026527404785156e+00
4.274713039398193359e+00
4.245726346969604492e+00
4.282246589660644531e+00
4.442220687866210938e+00
4.300424098968505859e+00
4.275926113128662109e+00
4.381458997726440430e+00
4.414146661758422852e+00
4.269300699234008789e+00
4.248478889465332031e+00
4.477453947067260742e+00
4.268697738647460938e+00
4.281107664108276367e+00
4.430192947387695312e+00
4.432539939880371094e+00
1.729863166809082031e+00
1.954621076583862305e+00
1.953125000000000000e+00
1.970360279083251953e+00
1.960836172103881836e+00
1.976332426071166992e+00
1.958734989166259766e+00
1.948362827301025391e+00
1.993754148483276367e+00
1.968926906585693359e+00
1.970188140869140625e+00
1.964749097824096680e+00
1.956193923950195312e+00
1.958644151687622070e+00
1.958032369613647461e+00
1.957183599472045898e+00
1.951929330825805664e+00
1.965953111648559570e+00
1.961101770401000977e+00
1.972939491271972656e+00
1.934805393218994141e+00
1.960754394531250000e+00
1.953795433044433594e+00
1.948089599609375000e+00
1.968740940093994141e+00
1.958901166915893555e+00
1.949893474578857422e+00
1.941681861877441406e+00
1.953470706939697266e+00
1.941343307495117188e+00
1.954167842864990234e+00
1.984732866287231445e+00
2.066200017929077148e+00
1.963944673538208008e+00
1.953110456466674805e+00
1.957120895385742188e+00
1.953557968139648438e+00
1.967805147171020508e+00
1.968303203582763672e+00
1.962742090225219727e+00
1.967499971389770508e+00
1.950800418853759766e+00
1.950350046157836914e+00
1.979556083679199219e+00
1.956634283065795898e+00
2.000444412231445312e+00
1.952769517898559570e+00
1.954743146896362305e+00
1.955240726470947266e+00
1.965056419372558594e+00
1.947347164154052734e+00
2.114282369613647461e+00
2.298640966415405273e+00
2.124809265136718750e+00
2.238569498062133789e+00
2.137589454650878906e+00
2.211093187332153320e+00
2.188666105270385742e+00
2.196101665496826172e+00
2.173411607742309570e+00
2.245844841003417969e+00
2.127334833145141602e+00
2.229541778564453125e+00
2.416236400604248047e+00
2.962972879409790039e+00
2.868782758712768555e+00
2.869309902191162109e+00
2.871212005615234375e+00
2.914282083511352539e+00
2.809848308563232422e+00
2.938654422760009766e+00
2.844589233398437500e+00
2.897820711135864258e+00
2.853456020355224609e+00
2.892644882202148438e+00
2.847560644149780273e+00
2.947690010070800781e+00
2.892479658126831055e+00
2.840096235275268555e+00
2.768221616744995117e+00
2.282639503479003906e+00
2.751107692718505859e+00
2.336548805236816406e+00
2.644141197204589844e+00
2.419007301330566406e+00
2.355678796768188477e+00
2.603413820266723633e+00
2.428941011428833008e+00
2.410925388336181641e+00
2.623050212860107422e+00
2.399795532226562500e+00
2.432138442993164062e+00
2.675965547561645508e+00
2.351661205291748047e+00
2.660697937011718750e+00
2.431320190429687500e+00
2.412355422973632812e+00
2.632970094680786133e+00
2.344283819198608398e+00
2.710234642028808594e+00
2.367367029190063477e+00
2.914174079895019531e+00
2.888991594314575195e+00
2.912529945373535156e+00
2.992817401885986328e+00
2.872353315353393555e+00
2.892316102981567383e+00
2.942016601562500000e+00
2.962956190109252930e+00
2.931431531906127930e+00
2.890112638473510742e+00
2.881627321243286133e+00
3.134176015853881836e+00
2.992443323135375977e+00
2.880473375320434570e+00
2.898033142089843750e+00
2.920880794525146484e+00
3.052099466323852539e+00
3.011168241500854492e+00
2.918554067611694336e+00
2.912375450134277344e+00
2.943299055099487305e+00
2.879533290863037109e+00
2.905426502227783203e+00
2.901110410690307617e+00
2.858669757843017578e+00
2.909150838851928711e+00
2.936275243759155273e+00
2.912723064422607422e+00
2.891351222991943359e+00
2.864460706710815430e+00
2.924834489822387695e+00
3.073839426040649414e+00
2.882982254028320312e+00
2.900176763534545898e+00
2.939876794815063477e+00
2.912100076675415039e+00
2.892426252365112305e+00
2.887439489364624023e+00
2.885365247726440430e+00
2.927011728286743164e+00
3.002081394195556641e+00
2.901572465896606445e+00
2.885025739669799805e+00
2.893804550170898438e+00
2.912050962448120117e+00
3.022287607192993164e+00
2.967633247375488281e+00
2.935364961624145508e+00
2.914890050888061523e+00
2.399440288543701172e+00
2.965908765792846680e+00
2.982446908950805664e+00
3.126377344131469727e+00
3.080325365066528320e+00
2.971083402633666992e+00
2.966434001922607422e+00
2.987402677536010742e+00
2.969243526458740234e+00
2.986719608306884766e+00
2.948211908340454102e+00
2.982586860656738281e+00
3.049688816070556641e+00
2.996092557907104492e+00
3.480294227600097656e+00
3.656356096267700195e+00
3.599775552749633789e+00
3.675798654556274414e+00
3.766242027282714844e+00
3.751681089401245117e+00
3.615224599838256836e+00
3.642680406570434570e+00
3.709448814392089844e+00
3.608999490737915039e+00
3.596958160400390625e+00
3.589684009552001953e+00
3.774080276489257812e+00
3.613536596298217773e+00
3.618065357208251953e+00
3.879463434219360352e+00
3.867245197296142578e+00
3.691605329513549805e+00
3.676709890365600586e+00
3.751082420349121094e+00
3.898525476455688477e+00
3.597923755645751953e+00
3.574544906616210938e+00
3.867579698562622070e+00
3.859734773635864258e+00
3.638467073440551758e+00
3.662225961685180664e+00
3.818330526351928711e+00
3.662184953689575195e+00
3.647280931472778320e+00
3.710734128952026367e+00
3.804305076599121094e+00
3.685557365417480469e+00
3.657925128936767578e+00
3.734505653381347656e+00
3.805859088897705078e+00
3.101693630218505859e+00
3.851026773452758789e+00
4.095913648605346680e+00
3.984612464904785156e+00
3.995124578475952148e+00
4.181022405624389648e+00
4.170873880386352539e+00
3.998640298843383789e+00
4.004574298858642578e+00
4.307698249816894531e+00
4.001831293106079102e+00
3.988032817840576172e+00
4.099646806716918945e+00
4.104826450347900391e+00
3.983709096908569336e+00
4.004052400588989258e+00
4.036300659179687500e+00
4.023333311080932617e+00
3.979640007019042969e+00
4.093984127044677734e+00
4.274467229843139648e+00
4.007403135299682617e+00
4.025563955307006836e+00
4.133018016815185547e+00
4.133792400360107422e+00
4.010940313339233398e+00
4.016693353652954102e+00
4.194411516189575195e+00
4.062493324279785156e+00
4.016994476318359375e+00
4.013356924057006836e+00
4.114922285079956055e+00
4.026977539062500000e+00
3.988368034362792969e+00
4.173845529556274414e+00
4.064699888229370117e+00
4.000436305999755859e+00
3.993334293365478516e+00
4.127276659011840820e+00
4.042747259140014648e+00
4.020215988159179688e+00
4.156611442565917969e+00
4.123780965805053711e+00
4.017955303192138672e+00
4.015060186386108398e+00
4.160905361175537109e+00
4.030826807022094727e+00
4.020750761032104492e+00
4.099042177200317383e+00
4.138113021850585938e+00
3.258023738861083984e+00
4.008489131927490234e+00
4.094361543655395508e+00
4.208144903182983398e+00
4.024992704391479492e+00
4.013426780700683594e+00
4.197961568832397461e+00
4.017133235931396484e+00
4.009145736694335938e+00
4.171460628509521484e+00
4.157392263412475586e+00
4.009281873703002930e+00
4.261976003646850586e+00
3.598792076110839844e+00
3.976725101470947266e+00
4.092411041259765625e+00
3.958669662475585938e+00
3.935986042022705078e+00
4.023837566375732422e+00
4.125071763992309570e+00
3.964040756225585938e+00
3.968373298645019531e+00
4.087052345275878906e+00
4.074831962585449219e+00
4.000684261322021484e+00
4.084498882293701172e+00
4.213931798934936523e+00
3.989495277404785156e+00
4.046185731887817383e+00
4.215938568115234375e+00
4.010562181472778320e+00
3.995838880538940430e+00
4.130138635635375977e+00
4.203719377517700195e+00
4.016824722290039062e+00
4.016416072845458984e+00
4.128827095031738281e+00
4.197668075561523438e+00
4.009506940841674805e+00
4.025197982788085938e+00
4.173901796340942383e+00
4.140602111816406250e+00
4.047506809234619141e+00
4.160096883773803711e+00
4.292600631713867188e+00
4.064780235290527344e+00
4.049814701080322266e+00
4.236155748367309570e+00
4.106397867202758789e+00
4.077913522720336914e+00
3.349390268325805664e+00
4.192363977432250977e+00
4.170991182327270508e+00
4.027263641357421875e+00
4.051969051361083984e+00
4.194277524948120117e+00
4.145349264144897461e+00
4.081401586532592773e+00
4.064695358276367188e+00
4.240553140640258789e+00
4.029047250747680664e+00
4.042650461196899414e+00
4.201889991760253906e+00
4.212470531463623047e+00
4.106768131256103516e+00
4.085746526718139648e+00
4.236024141311645508e+00
4.059603452682495117e+00
4.078407526016235352e+00
4.208819389343261719e+00
4.128411293029785156e+00
4.050592899322509766e+00
4.197908639907836914e+00
4.231014966964721680e+00
4.112887144088745117e+00
4.256594419479370117e+00
4.027796745300292969e+00
4.038849592208862305e+00
4.006953954696655273e+00
4.031612396240234375e+00
4.025803089141845703e+00
4.006356239318847656e+00
3.963135719299316406e+00
3.971203804016113281e+00
3.962833642959594727e+00
3.971636533737182617e+00
3.965245962142944336e+00
3.989227294921875000e+00
4.105298519134521484e+00
4.063291072845458984e+00
4.034452676773071289e+00
4.098009347915649414e+00
3.980781316757202148e+00
4.009443759918212891e+00
4.117459535598754883e+00
3.966225862503051758e+00
3.959676980972290039e+00
4.085736751556396484e+00
4.030782222747802734e+00
3.950970411300659180e+00
3.347338438034057617e+00
4.133550405502319336e+00
4.308951854705810547e+00
4.330846548080444336e+00
4.151845932006835938e+00
4.161244392395019531e+00
4.485923767089843750e+00
4.158277988433837891e+00
4.186671733856201172e+00
4.350074768066406250e+00
4.172511100769042969e+00
4.167846918106079102e+00
4.368053197860717773e+00
3.703487634658813477e+00
4.246071815490722656e+00
4.157195091247558594e+00
4.256098985671997070e+00
4.406691312789916992e+00
4.168357372283935547e+00
4.180827140808105469e+00
4.377821683883666992e+00
4.254719972610473633e+00
4.178633213043212891e+00
4.342638492584228516e+00
4.357655763626098633e+00
4.197088003158569336e+00
4.221995353698730469e+00
4.434287548065185547e+00
4.189760446548461914e+00
4.204750061035156250e+00
4.444178581237792969e+00
4.211908102035522461e+00
4.163326501846313477e+00
4.296005725860595703e+00
4.403704166412353516e+00
4.192144393920898438e+00
3.979795694351196289e+00
4.383711814880371094e+00
4.167853116989135742e+00
4.216786861419677734e+00
4.382280826568603516e+00
4.180301904678344727e+00
4.224201679229736328e+00
4.291737079620361328e+00
4.333366394042968750e+00
4.218034744262695312e+00
4.192789793014526367e+00
4.336071491241455078e+00
4.184037208557128906e+00
4.207404851913452148e+00
3.595229387283325195e+00
4.480005502700805664e+00
4.405050992965698242e+00
4.575181722640991211e+00
4.464329481124877930e+00
4.398572206497192383e+00
4.658543586730957031e+00
4.572169542312622070e+00
4.383105278015136719e+00
4.444422960281372070e+00
4.641048908233642578e+00
4.403514862060546875e+00
4.476976156234741211e+00
4.627689361572265625e+00
4.411612510681152344e+00
3.649218320846557617e+00
2.725401639938354492e+00
2.875756978988647461e+00
2.636959314346313477e+00
2.857576847076416016e+00
2.726359844207763672e+00
2.801188468933105469e+00
2.795176029205322266e+00
2.728606939315795898e+00
2.761096954345703125e+00
2.896475791931152344e+00
2.724374055862426758e+00
2.790847539901733398e+00
2.743221044540405273e+00
2.771436214447021484e+00
2.719497680664062500e+00
2.798894166946411133e+00
2.738229513168334961e+00
2.735273599624633789e+00
2.751662731170654297e+00
2.656176567077636719e+00
2.809601783752441406e+00
2.840354442596435547e+00
2.639598608016967773e+00
2.783751010894775391e+00
2.786427021026611328e+00
2.730225563049316406e+00
2.767247200012207031e+00
2.753120422363281250e+00
2.839597940444946289e+00
2.771252155303955078e+00
2.796073675155639648e+00
2.734332561492919922e+00
2.781689882278442383e+00
3.030440568923950195e+00
2.826321125030517578e+00
3.342954158782958984e+00
3.862832784652709961e+00
3.864267826080322266e+00
3.611743450164794922e+00
3.647239446640014648e+00
3.684317111968994141e+00
3.619679212570190430e+00
3.614939212799072266e+00
3.679547309875488281e+00
3.745849847793579102e+00
3.673708677291870117e+00
3.696402788162231445e+00
3.448484182357788086e+00
3.832085132598876953e+00
4.112414836883544922e+00
4.118036270141601562e+00
4.228166341781616211e+00
4.064037561416625977e+00
4.318613529205322266e+00
4.284212112426757812e+00
4.106689453125000000e+00
4.106183290481567383e+00
4.231023550033569336e+00
4.158633708953857422e+00
4.075564146041870117e+00
4.109354734420776367e+00
4.285757303237915039e+00
4.106627225875854492e+00
4.108789920806884766e+00
4.215032577514648438e+00
4.131927251815795898e+00
4.114345073699951172e+00
4.181562423706054688e+00
4.216998577117919922e+00
4.076496124267578125e+00
4.098659753799438477e+00
4.268372774124145508e+00
4.079297780990600586e+00
4.086103439331054688e+00
4.199168682098388672e+00
4.107722282409667969e+00
4.098165750503540039e+00
4.224650859832763672e+00
4.221397399902343750e+00
4.082069873809814453e+00
4.131083250045776367e+00
4.290646314620971680e+00
4.099753618240356445e+00
4.118849992752075195e+00
3.128090381622314453e+00
3.787796020507812500e+00
4.014201402664184570e+00
4.145547151565551758e+00
4.122049570083618164e+00
4.209681272506713867e+00
3.599066734313964844e+00
3.467611551284790039e+00
3.545487642288208008e+00
3.548769712448120117e+00
3.539969921112060547e+00
3.601946830749511719e+00
3.596769332885742188e+00
3.543194293975830078e+00
3.549059391021728516e+00
3.568426370620727539e+00
3.590591430664062500e+00
3.736037015914916992e+00
3.604828119277954102e+00
3.599649429321289062e+00
3.397542715072631836e+00
3.511893272399902344e+00
3.526290655136108398e+00
3.546364068984985352e+00
3.520085096359252930e+00
3.508706808090209961e+00
3.497619628906250000e+00
3.504119157791137695e+00
3.605248928070068359e+00
3.706927299499511719e+00
3.783946037292480469e+00
2.974797964096069336e+00
3.032737731933593750e+00
2.978320121765136719e+00
2.987625598907470703e+00
2.990275621414184570e+00
3.005478620529174805e+00
2.992272138595581055e+00
2.997455120086669922e+00
2.985700130462646484e+00
2.997206449508666992e+00
3.010606288909912109e+00
3.011729001998901367e+00
3.070331096649169922e+00
3.056606292724609375e+00
3.152498483657836914e+00
2.986535787582397461e+00
2.981302499771118164e+00
2.964208602905273438e+00
3.008906364440917969e+00
3.072239398956298828e+00
3.584897279739379883e+00
4.029156684875488281e+00
3.990234375000000000e+00
3.898257493972778320e+00
3.914831399917602539e+00
4.174800157546997070e+00
3.936262845993041992e+00
3.932115316390991211e+00
4.034017324447631836e+00
4.206233739852905273e+00
3.923943042755126953e+00
3.949431896209716797e+00
3.583623409271240234e+00
4.080868959426879883e+00
4.245983839035034180e+00
4.233115911483764648e+00
4.045881748199462891e+00
4.091720819473266602e+00
4.224838733673095703e+00
4.178983688354492188e+00
4.077286958694458008e+00
4.309164047241210938e+00
4.263783216476440430e+00
4.065251827239990234e+00
4.092270612716674805e+00
4.292970418930053711e+00
4.092509269714355469e+00
4.095253229141235352e+00
4.300765752792358398e+00
4.098782062530517578e+00
4.085182666778564453e+00
4.241117238998413086e+00
4.225719451904296875e+00
4.099546432495117188e+00
4.083718061447143555e+00
4.297892332077026367e+00
4.087216854095458984e+00
4.092077016830444336e+00
4.249091625213623047e+00
4.099350929260253906e+00
4.105351448059082031e+00
4.312776803970336914e+00
4.188752412796020508e+00
4.124534606933593750e+00
4.224251270294189453e+00
4.269285678863525391e+00
4.111026763916015625e+00
4.143775224685668945e+00
4.267927646636962891e+00
3.391570568084716797e+00
4.086466312408447266e+00
4.060773134231567383e+00
4.323185682296752930e+00
4.296112537384033203e+00
4.128671884536743164e+00
4.229775667190551758e+00
4.371651887893676758e+00
4.214038372039794922e+00
4.139370679855346680e+00
4.295935630798339844e+00
4.279430150985717773e+00
4.126543521881103516e+00
4.173577308654785156e+00
4.360017061233520508e+00
4.136685371398925781e+00
4.155340909957885742e+00
4.248449087142944336e+00
4.221565008163452148e+00
4.155109643936157227e+00
4.303307771682739258e+00
4.264863252639770508e+00
4.128636121749877930e+00
4.169582366943359375e+00
4.379367589950561523e+00
4.159766197204589844e+00
4.155464649200439453e+00
4.308881521224975586e+00
4.210800647735595703e+00
4.149288177490234375e+00
4.272974014282226562e+00
4.283556699752807617e+00
4.121188163757324219e+00
4.186799287796020508e+00
4.358294725418090820e+00
4.124814510345458984e+00
4.194889307022094727e+00
4.399754285812377930e+00
4.177195072174072266e+00
4.165586948394775391e+00
4.262981653213500977e+00
4.297392368316650391e+00
4.145884990692138672e+00
4.174793481826782227e+00
4.371428966522216797e+00
4.147304058074951172e+00
4.130493640899658203e+00
4.259217500686645508e+00
4.208941698074340820e+00
4.140910387039184570e+00
3.416935682296752930e+00
4.220303058624267578e+00
4.553283691406250000e+00
4.344746589660644531e+00
4.411692619323730469e+00
4.511685132980346680e+00
4.374523639678955078e+00
4.360166311264038086e+00
4.496882915496826172e+00
4.470484256744384766e+00
4.404112339019775391e+00
4.481867313385009766e+00
4.551815509796142578e+00
3.848874807357788086e+00
4.533213615417480469e+00
4.567730426788330078e+00
4.386716365814208984e+00
4.445182085037231445e+00
4.715556144714355469e+00
4.411909580230712891e+00
4.401384592056274414e+00
4.587610960006713867e+00
4.486469984054565430e+00
4.383558988571166992e+00
4.538502931594848633e+00
4.559132575988769531e+00
4.383118152618408203e+00
4.564713954925537109e+00
4.567237615585327148e+00
4.388801097869873047e+00
4.484919071197509766e+00
4.585446834564208984e+00
4.388512372970581055e+00
4.418343782424926758e+00
4.573699474334716797e+00
4.370535612106323242e+00
4.481623888015747070e+00
4.576108932495117188e+00
4.380249261856079102e+00
4.432741403579711914e+00
4.675356388092041016e+00
4.408993005752563477e+00
4.399193763732910156e+00
4.590150833129882812e+00
4.486649751663208008e+00
4.390343189239501953e+00
4.527403831481933594e+00
4.514367818832397461e+00
4.402585268020629883e+00
4.399042606353759766e+00
3.500052213668823242e+00
4.457942724227905273e+00
4.507117509841918945e+00
4.337817192077636719e+00
4.391281604766845703e+00
4.579657316207885742e+00
4.425355195999145508e+00
4.355211019515991211e+00
4.473063945770263672e+00
4.435512304306030273e+00
4.343581676483154297e+00
4.547204732894897461e+00
4.510967254638671875e+00
4.354155302047729492e+00
4.329212903976440430e+00
4.536542654037475586e+00
4.334855794906616211e+00
4.347892045974731445e+00
4.451936244964599609e+00
4.338435173034667969e+00
4.341821670532226562e+00
4.558144569396972656e+00
4.408671140670776367e+00
4.308519601821899414e+00
4.450268030166625977e+00
4.485240221023559570e+00
4.344720125198364258e+00
4.495618104934692383e+00
4.550967693328857422e+00
4.329242229461669922e+00
4.334052324295043945e+00
4.528838396072387695e+00
4.322358131408691406e+00
4.332788944244384766e+00
4.482655763626098633e+00
4.333860635757446289e+00
4.329130411148071289e+00
4.534434556961059570e+00
4.406993150711059570e+00
4.384434700012207031e+00
4.473230838775634766e+00
4.429604530334472656e+00
4.306090116500854492e+00
4.419215202331542969e+00
4.515192270278930664e+00
4.314313650131225586e+00
4.397420167922973633e+00
4.534325361251831055e+00
4.332760572433471680e+00
4.327888011932373047e+00
3.516836404800415039e+00
4.334125280380249023e+00
4.441314458847045898e+00
4.476539373397827148e+00
4.322654724121093750e+00
4.476242065429687500e+00
4.533462285995483398e+00
4.326204538345336914e+00
4.355273485183715820e+00
4.569987535476684570e+00
4.327556610107421875e+00
4.367611169815063477e+00
4.542988538742065430e+00
3.810693979263305664e+00
4.319038867950439453e+00
4.279076814651489258e+00
4.457967281341552734e+00
4.469617128372192383e+00
4.296976327896118164e+00
4.319657564163208008e+00
4.573742389678955078e+00
4.317022562026977539e+00
4.266549825668334961e+00
4.459086179733276367e+00
4.381041049957275391e+00
4.275152444839477539e+00
4.406589984893798828e+00
4.472277641296386719e+00
4.265768527984619141e+00
4.399494409561157227e+00
4.580383300781250000e+00
4.280191183090209961e+00
4.299342632293701172e+00
4.474423170089721680e+00
4.395570993423461914e+00
4.286330223083496094e+00
4.456131935119628906e+00
4.481527566909790039e+00
4.328853368759155273e+00
4.321571826934814453e+00
4.547623157501220703e+00
4.272198677062988281e+00
4.336648464202880859e+00
4.439409732818603516e+00
4.361667394638061523e+00
4.242322683334350586e+00
4.482071638107299805e+00
4.436743259429931641e+00
4.257110357284545898e+00
4.289127349853515625e+00
3.387390851974487305e+00
4.178802967071533203e+00
4.267832040786743164e+00
4.482355356216430664e+00
4.257878780364990234e+00
4.321095943450927734e+00
4.420610427856445312e+00
4.272634983062744141e+00
4.283855915069580078e+00
4.376004219055175781e+00
4.341873168945312500e+00
4.245122909545898438e+00
4.396734714508056641e+00
4.348531246185302734e+00
4.237133502960205078e+00
4.375601768493652344e+00
4.412569999694824219e+00
4.249031066894531250e+00
4.306554555892944336e+00
4.427077770233154297e+00
4.261583089828491211e+00
4.263356208801269531e+00
4.438408374786376953e+00
4.254689216613769531e+00
4.265876054763793945e+00
4.389091730117797852e+00
4.323907613754272461e+00
4.308005332946777344e+00
4.386277198791503906e+00
4.362351417541503906e+00
4.226426124572753906e+00
4.289412498474121094e+00
4.461624145507812500e+00
4.236152648925781250e+00
4.296420097351074219e+00
4.497490167617797852e+00
4.230944871902465820e+00
4.244907379150390625e+00
4.334573030471801758e+00
4.337517023086547852e+00
4.218705892562866211e+00
4.245675563812255859e+00
4.390584707260131836e+00
4.229252576828002930e+00
4.243855714797973633e+00
4.363192796707153320e+00
4.301559686660766602e+00
4.211801767349243164e+00
4.339739084243774414e+00
4.340886592864990234e+00
3.579159975051879883e+00
4.141200780868530273e+00
4.283416986465454102e+00
4.396886587142944336e+00
4.317958354949951172e+00
4.343919515609741211e+00
4.502602100372314453e+00
4.391532897949218750e+00
4.385950088500976562e+00
4.446597337722778320e+00
4.558516263961791992e+00
4.307033300399780273e+00
4.407584905624389648e+00
3.900313854217529297e+00
4.400027990341186523e+00
4.511715650558471680e+00
4.649020671844482422e+00
4.476524114608764648e+00
4.384678363800048828e+00
4.503295660018920898e+00
4.553256034851074219e+00
4.391958475112915039e+00
4.472747564315795898e+00
4.576464414596557617e+00
4.394577741622924805e+00
4.382972478866577148e+00
4.576549053192138672e+00
4.383305549621582031e+00
4.429742097854614258e+00
4.484623193740844727e+00
4.367877721786499023e+00
4.389019727706909180e+00
4.653332233428955078e+00
4.383084535598754883e+00
4.392001628875732422e+00
4.512215852737426758e+00
4.396811246871948242e+00
4.387470483779907227e+00
4.625227689743041992e+00
4.466835498809814453e+00
4.367569923400878906e+00
4.547530651092529297e+00
4.484479427337646484e+00
4.377904891967773438e+00
4.530885696411132812e+00
4.550079822540283203e+00
4.376724720001220703e+00
4.426549434661865234e+00
4.563272237777709961e+00
4.351301193237304688e+00
3.033072948455810547e+00
3.665789365768432617e+00
3.960135936737060547e+00
4.037934064865112305e+00
4.083664655685424805e+00
3.947937250137329102e+00
3.972007751464843750e+00
3.972507476806640625e+00
3.970548152923583984e+00
3.953014612197875977e+00
3.939620971679687500e+00
3.942176342010498047e+00
3.961059808731079102e+00
4.118557453155517578e+00
4.132544040679931641e+00
3.866768836975097656e+00
3.849591016769409180e+00
3.868584871292114258e+00
3.748621463775634766e+00
3.751705884933471680e+00
3.605818271636962891e+00
3.614588499069213867e+00
3.632555484771728516e+00
3.589071273803710938e+00
3.619654417037963867e+00
3.689531326293945312e+00
3.649395704269409180e+00
3.818559646606445312e+00
3.599953651428222656e+00
3.573418378829956055e+00
3.554226636886596680e+00
3.574677705764770508e+00
3.556483030319213867e+00
3.536870241165161133e+00
3.547340393066406250e+00
3.619123697280883789e+00
3.618566989898681641e+00
4.511838436126708984e+00
5.017988920211791992e+00
4.941054105758666992e+00
4.913891077041625977e+00
5.199346303939819336e+00
4.953213214874267578e+00
4.902313232421875000e+00
5.374490261077880859e+00
4.935955762863159180e+00
4.923324584960937500e+00
5.102803707122802734e+00
4.984339714050292969e+00
5.114264726638793945e+00
5.194015502929687500e+00
4.981287717819213867e+00
5.246150255203247070e+00
5.169367790222167969e+00
4.966789245605468750e+00
5.255713939666748047e+00
5.078787565231323242e+00
5.087100267410278320e+00
5.159535408020019531e+00
4.978875398635864258e+00
5.018376111984252930e+00
5.306307077407836914e+00
5.040306568145751953e+00
4.429122686386108398e+00
5.118940591812133789e+00
5.312669038772583008e+00
5.263220310211181641e+00
5.114042520523071289e+00
5.474012374877929688e+00
5.183018922805786133e+00
5.329875707626342773e+00
5.497628450393676758e+00
5.246411323547363281e+00
5.445948839187622070e+00
5.424598455429077148e+00
5.261436939239501953e+00
5.629033088684082031e+00
5.444148302078247070e+00
5.595614910125732422e+00
5.600033760070800781e+00
5.247442483901977539e+00
5.547238349914550781e+00
5.488554477691650391e+00
5.217010974884033203e+00
5.654307603836059570e+00
5.376268863677978516e+00
3.918829679489135742e+00
5.252023935317993164e+00
5.220565795898437500e+00
5.055938482284545898e+00
5.308010101318359375e+00
5.262253284454345703e+00
5.119546413421630859e+00
5.307178020477294922e+00
5.310948610305786133e+00
5.146323442459106445e+00
5.324281454086303711e+00
5.343821287155151367e+00
5.180083990097045898e+00
5.460628986358642578e+00
5.350818395614624023e+00
5.251918792724609375e+00
5.551585674285888672e+00
5.410486936569213867e+00
5.325100421905517578e+00
5.533635377883911133e+00
5.213859558105468750e+00
5.496048927307128906e+00
5.515134334564208984e+00
5.245658874511718750e+00
5.424108982086181641e+00
5.449821710586547852e+00
5.255402088165283203e+00
5.590286016464233398e+00
5.407852649688720703e+00
5.275815963745117188e+00
5.543012380599975586e+00
5.220209121704101562e+00
5.469125032424926758e+00
5.423844099044799805e+00
5.216257333755493164e+00
5.627727508544921875e+00
5.367112874984741211e+00
5.244318485260009766e+00
5.537857294082641602e+00
5.263607740402221680e+00
5.461208581924438477e+00
5.594493150711059570e+00
5.251179456710815430e+00
5.421526908874511719e+00
5.481463193893432617e+00
5.265429496765136719e+00
5.486016273498535156e+00
5.435265541076660156e+00
5.281152963638305664e+00
5.552460432052612305e+00
3.917020320892333984e+00
4.403187990188598633e+00
4.363625288009643555e+00
4.320323705673217773e+00
4.407982349395751953e+00
4.449472904205322266e+00
4.296254158020019531e+00
4.391712188720703125e+00
4.449872493743896484e+00
4.285205602645874023e+00
4.319787263870239258e+00
4.545056104660034180e+00
4.364800930023193359e+00
4.318014860153198242e+00
4.483024835586547852e+00
4.307394266128540039e+00
4.324401617050170898e+00
4.513040304183959961e+00
4.363670587539672852e+00
4.330699920654296875e+00
4.536814212799072266e+00
4.364110708236694336e+00
4.301342487335205078e+00
4.423565626144409180e+00
4.431708335876464844e+00
4.298127412796020508e+00
4.394730329513549805e+00
3.937145471572875977e+00
4.424517154693603516e+00
4.416666507720947266e+00
4.564079523086547852e+00
4.510392189025878906e+00
4.426864147186279297e+00
4.549216270446777344e+00
4.524302005767822266e+00
4.387306690216064453e+00
4.506132364273071289e+00
4.564888715744018555e+00
4.385239839553833008e+00
4.531981706619262695e+00
4.606916427612304688e+00
4.414807558059692383e+00
4.484370470046997070e+00
4.631193637847900391e+00
4.405669689178466797e+00
4.391240835189819336e+00
4.661245107650756836e+00
4.491467952728271484e+00
4.374286413192749023e+00
4.560916900634765625e+00
3.490960597991943359e+00
4.251317501068115234e+00
4.417739868164062500e+00
4.427590847015380859e+00
4.329015016555786133e+00
4.228004455566406250e+00
4.423771142959594727e+00
4.245643854141235352e+00
4.240699529647827148e+00
4.494331836700439453e+00
4.259087562561035156e+00
4.230311870574951172e+00
4.468742847442626953e+00
4.280310153961181641e+00
4.255025148391723633e+00
4.468656539916992188e+00
4.335543394088745117e+00
4.229553937911987305e+00
4.341932296752929688e+00
4.519465923309326172e+00
4.339160442352294922e+00
4.312795639038085938e+00
4.497651576995849609e+00
4.256488561630249023e+00
4.238493919372558594e+00
4.477692842483520508e+00
4.286457777023315430e+00
4.258213281631469727e+00
4.441223382949829102e+00
4.359354972839355469e+00
4.241264820098876953e+00
4.417628765106201172e+00
4.462740421295166016e+00
4.519235849380493164e+00
4.299661159515380859e+00
4.518704175949096680e+00
4.249741077423095703e+00
4.249437332153320312e+00
4.540908813476562500e+00
4.274348497390747070e+00
4.256840467453002930e+00
4.412626266479492188e+00
4.289900779724121094e+00
4.221886396408081055e+00
4.221585035324096680e+00
4.247153043746948242e+00
4.046708583831787109e+00
4.154495000839233398e+00
4.178804159164428711e+00
4.129106283187866211e+00
3.332683324813842773e+00
4.040751457214355469e+00
4.207843303680419922e+00
4.255528688430786133e+00
4.312960624694824219e+00
4.256036520004272461e+00
4.250405550003051758e+00
4.219301462173461914e+00
4.358206033706665039e+00
4.453895330429077148e+00
4.223091125488281250e+00
4.217405796051025391e+00
4.257605791091918945e+00
4.179830789566040039e+00
4.263238191604614258e+00
4.277941703796386719e+00
4.231228828430175781e+00
4.204865932464599609e+00
4.219691276550292969e+00
4.423546552658081055e+00
4.231241703033447266e+00
4.246898889541625977e+00
4.270534992218017578e+00
4.231614589691162109e+00
4.274148941040039062e+00
4.198655366897583008e+00
4.426335573196411133e+00
4.006900310516357422e+00
4.308784723281860352e+00
4.309743642807006836e+00
4.496973991394042969e+00
4.385348320007324219e+00
4.326020002365112305e+00
4.409554481506347656e+00
4.570636987686157227e+00
4.302397251129150391e+00
4.443517208099365234e+00
4.501116514205932617e+00
4.351052999496459961e+00
4.321268558502197266e+00
4.498725414276123047e+00
4.350325345993041992e+00
4.314440488815307617e+00
4.495198726654052734e+00
4.334997892379760742e+00
4.318710088729858398e+00
4.586673974990844727e+00
4.316508293151855469e+00
4.295298576354980469e+00
4.596449851989746094e+00
