1.287237000465393066e+01
6.050031185150146484e-01
5.796957015991210938e-01
5.766515731811523438e-01
5.819585323333740234e-01
5.813584327697753906e-01
5.752315521240234375e-01
5.773441791534423828e-01
5.777690410614013672e-01
5.741238594055175781e-01
5.785970687866210938e-01
5.745470523834228516e-01
5.760667324066162109e-01
5.743379592895507812e-01
5.684251785278320312e-01
5.743699073791503906e-01
5.791506767272949219e-01
5.756721496582031250e-01
5.737206935882568359e-01
5.761251449584960938e-01
