0.000000000000000000e+00
0.000000000000000000e+00
5.208333333333333044e-03
7.812500000000000000e-03
1.093749999999999931e-02
1.692708333333333218e-02
1.785714285714285615e-02
2.929687500000000000e-02
4.253472222222222376e-02
5.312499999999999861e-02
6.036931818181818371e-02
7.356770833333332871e-02
8.533653846153846367e-02
8.928571428571428770e-02
9.739583333333333426e-02
1.044921875000000000e-01
1.139705882352941152e-01
1.184895833333333287e-01
1.221217105263157909e-01
1.324218749999999944e-01
1.380208333333333426e-01
1.413352272727272652e-01
1.470788043478260809e-01
1.507161458333333426e-01
1.543750000000000122e-01
1.580528846153846090e-01
1.626157407407407274e-01
1.654575892857142738e-01
1.667564655172413812e-01
1.703125000000000056e-01
1.741431451612903136e-01
1.770019531250000000e-01
1.808712121212121271e-01
1.831341911764705899e-01
1.883928571428571397e-01
1.898871527777777901e-01
1.942567567567567433e-01
1.967516447368421184e-01
1.989182692307692180e-01
2.007812499999999944e-01
2.046493902439024404e-01
2.057291666666666574e-01
2.060319767441860517e-01
2.088068181818181768e-01
2.114583333333333315e-01
2.133152173913043514e-01
2.157579787234042423e-01
2.161458333333333426e-01
2.155612244897959218e-01
2.176562499999999956e-01
2.189031862745098034e-01
2.217548076923076816e-01
2.227299528301886766e-01
2.241030092592592726e-01
2.275568181818181934e-01
2.296316964285714246e-01
2.309484649122807154e-01
2.319504310344827624e-01
2.329184322033898413e-01
2.347656250000000056e-01
2.356557377049180446e-01
2.368951612903225923e-01
2.378472222222222099e-01
2.386474609375000000e-01
2.401442307692307765e-01
2.417140151515151381e-01
2.426539179104477695e-01
2.432215073529411797e-01
2.442255434782608647e-01
2.449776785714285754e-01
2.471390845070422504e-01
2.480468750000000000e-01
2.502140410958904049e-01
2.512668918918918859e-01
2.519791666666666430e-01
2.523643092105263275e-01
2.524350649350649567e-01
2.523036858974359031e-01
2.521756329113923889e-01
2.538085937499999778e-01
2.536651234567900981e-01
2.551448170731707155e-01
2.564947289156626620e-01
2.579055059523809312e-01
2.590992647058823484e-01
2.604469476744186163e-01
2.617636494252873480e-01
2.622514204545454697e-01
2.638693820224718989e-01
2.644097222222221988e-01
2.657967032967032961e-01
2.659646739130434590e-01
2.664650537634408733e-01
2.670378989361701927e-01
2.671052631578947345e-01
2.674967447916666852e-01
2.680412371134020533e-01
2.691326530612244694e-01
2.697285353535353591e-01
2.700000000000000178e-01
2.699566831683168355e-01
2.709865196078431460e-01
2.711620145631067902e-01
2.714843750000000000e-01
2.724702380952380709e-01
2.735112028301887044e-01
2.738755841121495171e-01
2.743055555555555802e-01
2.752293577981651529e-01
2.756392045454545414e-01
2.761824324324324564e-01
2.760881696428571508e-01
2.766869469026548845e-01
2.775493421052631637e-01
2.795516304347825942e-01
2.803071120689655249e-01
2.806490384615384359e-01
2.806541313559322015e-01
2.813813025210084029e-01
2.822265625000000000e-01
2.831224173553719137e-01
2.832351434426229608e-01
2.840447154471544833e-01
2.846522177419354982e-01
2.856250000000000178e-01
2.859002976190476164e-01
2.859251968503936925e-01
2.863769531250000000e-01
2.864583333333333148e-01
2.867788461538461342e-01
2.866173664122137477e-01
2.863991477272727071e-01
2.863604323308270860e-01
2.864972014925373234e-01
2.869791666666666741e-01
2.873391544117647189e-01
2.874657846715328313e-01
2.877604166666666852e-01
2.879946043165467762e-01
2.882254464285714524e-01
2.887300531914893664e-01
2.891725352112676228e-01
2.896088286713286442e-01
2.897677951388888951e-01
2.903556034482758785e-01
2.913634417808219079e-01
2.915603741496598511e-01
2.918602195945945721e-01
2.919463087248322375e-01
2.924479166666666408e-01
2.929428807947019875e-01
2.930715460526315819e-01
2.928921568627451122e-01
2.927658279220779480e-01
2.930947580645161255e-01
2.935196314102563875e-01
2.930433917197452498e-01
2.932654272151898889e-01
2.933863993710691953e-01
2.937988281250000222e-01
2.936723602484472284e-01
2.937885802469135665e-01
2.942388803680981435e-01
2.943978658536585136e-01
2.949810606060606077e-01
2.952748493975903554e-01
2.957054640718562721e-01
2.960379464285714524e-01
2.966900887573964418e-01
2.971047794117647189e-01
2.973318713450292528e-01
2.975109011627907196e-01
2.980942919075144637e-01
2.986260775862069061e-01
2.990178571428571686e-01
2.992720170454545303e-01
2.991701977401129975e-01
2.992889747191010974e-01
2.990136173184357316e-01
2.991319444444444642e-01
2.992058011049723576e-01
2.996651785714285476e-01
2.998206967213114527e-01
3.002717391304347561e-01
2.999577702702702631e-01
3.000252016129032473e-01
2.994652406417112056e-01
2.996592420212765839e-01
2.998098544973544777e-01
3.000822368421052766e-01
3.003517670157068165e-01
3.006998697916666852e-01
3.125000000000000000e-01
3.203125000000000000e-01
3.463541666666666852e-01
3.496093750000000000e-01
3.515625000000000000e-01
3.554687500000000000e-01
3.683035714285714524e-01
3.759765625000000000e-01
3.723958333333333148e-01
3.812499999999999778e-01
3.806818181818181768e-01
3.834635416666666852e-01
3.756009615384615641e-01
3.733258928571428492e-01
3.708333333333333481e-01
3.750000000000000000e-01
3.750000000000000000e-01
3.745659722222222099e-01
3.696546052631579093e-01
3.671875000000000000e-01
3.653273809523809312e-01
3.647017045454545303e-01
3.624320652173912971e-01
3.600260416666666852e-01
3.606249999999999734e-01
3.617788461538461453e-01
3.634259259259259300e-01
3.649553571428571508e-01
3.650323275862069061e-01
3.648437500000000222e-01
3.689516129032258118e-01
3.681640625000000000e-01
3.695549242424242542e-01
3.724724264705882582e-01
3.738839285714285476e-01
3.745659722222222099e-01
3.747888513513513709e-01
3.745888157894736725e-01
3.743990384615384359e-01
3.730468750000000000e-01
3.738567073170731558e-01
3.727678571428571508e-01
3.737281976744186163e-01
3.735795454545454697e-01
3.746527777777777790e-01
3.751698369565217295e-01
3.736702127659574657e-01
3.732096354166666852e-01
3.734056122448979331e-01
3.723437499999999734e-01
3.708639705882352811e-01
3.700420673076922906e-01
3.695459905660377631e-01
3.699363425925926152e-01
3.701704545454545525e-01
3.701171875000000000e-01
3.682839912280701511e-01
3.669181034482758563e-01
3.657309322033898136e-01
3.666666666666666408e-01
3.683401639344262568e-01
3.685735887096774355e-01
3.690476190476190688e-01
3.699951171875000000e-01
3.698317307692307598e-01
3.700284090909091161e-01
3.701026119402985315e-01
3.707490808823529216e-01
3.713768115942028825e-01
3.707589285714285587e-01
3.712588028169014343e-01
3.723958333333333148e-01
3.722174657534246811e-01
3.714104729729729715e-01
3.715625000000000178e-01
3.708881578947368363e-01
3.704342532467532201e-01
3.699919871794871695e-01
3.694620253164557222e-01
3.690429687499999778e-01
3.679591049382716084e-01
3.681402439024390461e-01
3.684111445783132543e-01
3.684895833333333148e-01
3.687500000000000222e-01
3.693677325581395388e-01
3.697916666666666852e-01
3.698508522727272929e-01
3.697331460674157522e-01
3.692708333333333259e-01
3.693337912087912289e-01
3.696501358695652439e-01
3.697076612903225645e-01
3.702626329787234161e-01
3.703947368421052766e-01
3.706054687500000000e-01
3.708118556701031077e-01
3.706951530612244694e-01
3.711332070707070718e-01
3.713281250000000089e-01
3.713644801980198196e-01
3.717064950980392135e-01
3.715867718446602130e-01
3.707932692307692180e-01
3.709077380952380820e-01
3.702093160377358250e-01
3.701810747663551449e-01
3.702980324074073848e-01
3.699111238532110102e-01
3.696732954545454697e-01
3.697212837837837718e-01
3.699079241071428492e-01
3.701603982300885054e-01
3.700657894736842368e-01
3.703124999999999889e-01
3.702182112068965747e-01
3.697248931623931534e-01
3.702992584745762872e-01
3.706670168067227045e-01
3.702473958333333259e-01
3.704158057851239527e-01
3.702612704918032960e-01
3.701727642276422814e-01
3.695816532258064391e-01
3.695625000000000160e-01
3.689236111111111049e-01
3.687253937007873850e-01
3.687744140625000000e-01
3.691254844961240345e-01
3.688701923076923017e-01
3.692748091603053617e-01
3.689630681818181768e-01
3.688322368421052544e-01
3.684701492537313383e-01
3.684027777777778012e-01
3.682215073529411797e-01
3.678147810218977964e-01
3.676970108695652439e-01
3.671312949640287981e-01
3.674107142857143127e-01
3.677415780141843893e-01
3.675176056338028130e-01
3.672967657342657288e-01
3.669704861111111049e-01
3.666487068965517127e-01
3.664383561643835829e-01
3.664434523809523836e-01
3.666596283783783994e-01
3.662437080536912748e-01
3.661979166666666785e-01
3.660492549668873941e-01
3.657483552631579093e-01
3.657066993464052063e-01
3.652597402597402843e-01
3.652721774193548598e-01
3.657351762820512664e-01
3.652468152866242268e-01
3.650613132911392222e-01
3.656151729559748431e-01
3.660644531250000222e-01
3.664111024844720621e-01
3.663676697530864335e-01
3.667082055214723746e-01
3.669016768292682751e-01
3.668087121212121327e-01
3.673757530120481674e-01
3.679360029940119681e-01
3.682570684523809312e-01
3.683894230769230727e-01
3.687500000000000222e-01
3.690606725146198808e-01
3.690952034883721034e-01
3.693551300578034602e-01
3.697018678160919336e-01
3.697767857142857384e-01
3.700284090909091161e-01
3.704537429378531033e-01
3.707865168539326017e-01
3.704608938547486185e-01
3.704861111111111271e-01
3.703815607734806670e-01
3.704927884615384359e-01
3.703893442622950838e-01
3.704568614130434590e-01
3.703124999999999889e-01
3.704217069892473124e-01
3.704044117647058987e-01
3.701379654255319007e-01
3.699570105820105814e-01
3.701069078947368252e-01
3.701325261780104570e-01
3.704020182291666852e-01
3.671875000000000000e-01
3.828125000000000000e-01
3.984375000000000000e-01
3.847656250000000000e-01
3.906250000000000000e-01
3.789062500000000000e-01
3.861607142857143016e-01
3.818359375000000000e-01
3.828125000000000000e-01
3.812499999999999778e-01
3.892045454545454697e-01
3.880208333333333148e-01
3.882211538461538547e-01
3.872767857142856984e-01
3.854166666666666852e-01
3.847656250000000000e-01
3.846507352941176405e-01
3.806423611111111049e-01
3.795230263157894912e-01
3.777343750000000111e-01
3.764880952380952328e-01
3.785511363636363535e-01
3.790760869565217295e-01
3.766276041666666852e-01
3.737500000000000266e-01
3.734975961538461453e-01
3.764467592592592449e-01
3.766741071428571508e-01
3.768857758620689502e-01
3.773437499999999778e-01
3.795362903225806273e-01
3.791503906250000000e-01
3.787878787878787845e-01
3.770680147058823595e-01
3.808035714285714080e-01
3.804253472222222099e-01
3.819679054054054279e-01
3.846628289473684181e-01
3.848157051282051211e-01
3.857421875000000000e-01
3.864329268292682751e-01
3.874627976190476164e-01
3.873546511627907196e-01
3.865411931818181768e-01
3.875000000000000111e-01
3.858695652173912971e-01
3.858045212765957577e-01
3.847656250000000000e-01
3.845663265306122347e-01
3.856249999999999956e-01
3.867953431372548878e-01
3.852163461538461453e-01
3.848761792452830011e-01
3.842592592592592449e-01
3.838068181818181657e-01
3.850446428571428492e-01
3.845942982456140302e-01
3.861799568965517127e-01
3.859904661016949068e-01
3.864583333333333481e-01
3.853739754098360892e-01
3.857106854838709409e-01
3.852926587301587213e-01
3.853759765625000000e-01
3.842548076923076872e-01
3.839962121212120993e-01
3.837453358208955390e-01
3.840762867647058987e-01
3.843976449275362528e-01
3.840401785714285809e-01
3.844630281690140650e-01
3.843315972222222099e-01
3.843107876712328896e-01
3.843961148648648574e-01
3.841666666666666563e-01
3.835320723684210731e-01
3.840300324675324783e-01
3.842147435897436125e-01
3.839003164556962222e-01
3.841796874999999778e-01
3.852237654320987414e-01
3.859565548780488076e-01
3.852597891566265087e-01
3.843936011904761640e-01
3.850183823529411686e-01
3.854469476744186163e-01
3.860452586206896686e-01
3.868963068181818232e-01
3.870259831460673983e-01
3.870659722222222210e-01
3.869333791208791062e-01
3.864639945652174058e-01
3.859206989247311870e-01
3.865525265957446832e-01
3.865953947368421240e-01
3.875325520833333148e-01
3.878865979381443396e-01
3.871970663265306145e-01
3.872316919191919338e-01
3.875781249999999956e-01
3.875309405940594032e-01
3.870251225490196068e-01
3.864532766990291246e-01
3.864182692307692180e-01
3.869791666666666519e-01
3.872346698113207641e-01
3.871203271028037518e-01
3.870804398148148251e-01
3.869696100917431325e-01
3.875710227272727293e-01
3.875985360360360565e-01
3.883928571428571508e-01
3.878595132743362650e-01
3.877467105263157632e-01
3.878396739130434701e-01
3.879310344827586188e-01
3.882879273504273310e-01
3.881091101694915113e-01
3.883272058823529216e-01
3.882812500000000222e-01
3.884943181818181768e-01
3.886398565573770392e-01
3.884654471544715659e-01
3.888608870967741882e-01
3.889374999999999916e-01
3.884548611111111049e-01
3.882258858267716439e-01
3.882446289062500000e-01
3.880813953488372325e-01
3.871995192307692291e-01
3.872256679389313172e-01
3.868371212121212155e-01
3.866306390977443663e-01
3.869519589552238847e-01
3.870949074074074292e-01
3.871208639705882582e-01
3.863480839416058576e-01
3.871150362318840354e-01
3.874775179856115304e-01
3.879464285714285809e-01
3.875221631205673645e-01
3.874339788732394374e-01
3.877294580419580194e-01
3.878038194444444198e-01
3.876616379310344751e-01
3.874143835616438158e-01
3.873299319727891432e-01
3.871938344594594850e-01
3.873217281879194895e-01
3.872916666666666452e-01
3.872620033112582627e-01
3.873869243421052544e-01
3.872549019607843257e-01
3.876826298701298579e-01
3.876512096774193394e-01
3.879206730769230727e-01
3.875895700636942665e-01
3.878560126582278333e-01
3.884139150943396457e-01
3.884277343750000000e-01
3.883928571428571508e-01
3.881172839506172867e-01
3.879409509202453865e-01
3.878620426829268442e-01
3.883522727272727404e-01
3.886012801204819511e-01
3.890812125748502881e-01
3.889508928571428492e-01
3.889607988165680319e-01
3.889705882352941235e-01
3.890716374269005962e-01
3.895348837209302584e-01
3.894508670520231419e-01
3.895923132183908288e-01
3.897767857142857006e-01
3.899147727272727071e-01
3.900512005649717784e-01
3.900983146067415475e-01
3.898393854748603560e-01
3.899739583333333148e-01
3.898912292817679481e-01
3.897664835164835195e-01
3.898992486338797581e-01
3.900730298913043237e-01
3.900760135135135087e-01
3.900369623655913776e-01
3.903743315508021450e-01
3.901678856382978511e-01
3.905009920634920362e-01
3.900904605263157965e-01
3.900523560209424034e-01
3.899332682291666852e-01
3.906250000000000000e-01
3.867187500000000000e-01
3.880208333333333148e-01
3.808593750000000000e-01
3.890624999999999778e-01
3.789062500000000000e-01
3.828125000000000000e-01
3.857421875000000000e-01
3.914930555555555802e-01
3.937499999999999889e-01
3.998579545454545303e-01
3.964843750000000000e-01
4.020432692307692180e-01
3.995535714285714524e-01
3.989583333333333592e-01
3.984375000000000000e-01
3.984375000000000000e-01
3.962673611111111049e-01
3.972039473684210731e-01
3.992187500000000111e-01
4.021577380952380820e-01
4.016335227272727071e-01
4.025135869565217295e-01
4.042968750000000000e-01
4.028125000000000178e-01
4.038461538461538547e-01
4.045138888888888951e-01
4.056919642857143016e-01
4.049030172413793371e-01
4.031250000000000111e-01
4.062500000000000000e-01
4.047851562500000000e-01
4.043560606060606077e-01
4.037224264705882582e-01
4.049107142857142905e-01
4.051649305555555802e-01
4.032939189189189144e-01
4.052220394736842368e-01
4.048477564102563875e-01
4.042968750000000000e-01
4.043445121951219634e-01
4.036458333333333148e-01
4.044331395348837455e-01
4.035866477272727071e-01
4.019097222222222099e-01
4.038722826086956763e-01
4.059175531914893664e-01
4.055989583333333148e-01
4.062500000000000000e-01
4.043749999999999845e-01
4.047181372549019662e-01
4.039963942307692180e-01
4.028596698113207641e-01
4.032118055555555802e-01
4.032670454545454475e-01
4.034598214285714524e-01
4.024122807017543879e-01
4.022090517241379559e-01
4.039989406779661008e-01
4.046874999999999778e-01
4.045850409836065364e-01
4.051159274193548154e-01
4.053819444444444198e-01
4.068603515625000000e-01
4.069711538461538436e-01
4.067234848484848619e-01
4.067164179104477695e-01
4.056755514705882582e-01
4.064764492753623060e-01
4.078125000000000222e-01
4.076804577464788748e-01
4.071180555555555802e-01
4.072131849315068219e-01
4.075168918918918859e-01
4.070833333333333526e-01
4.065583881578947456e-01
4.063514610389610260e-01
4.067508012820512664e-01
4.069422468354430555e-01
4.066406249999999778e-01
4.060570987654321118e-01
4.059641768292682751e-01
4.069088855421686968e-01
4.068080357142856984e-01
4.065257352941176738e-01
4.056140988372092804e-01
4.052622126436781769e-01
4.047407670454545303e-01
4.051088483146067509e-01
4.047743055555555469e-01
4.045329670329670391e-01
4.054008152173912971e-01
4.056619623655913776e-01
4.056682180851063912e-01
4.045230263157894579e-01
4.047037760416666852e-01
4.048807989690721421e-01
4.052136479591836871e-01
4.049084595959596133e-01
4.047656250000000178e-01
4.050897277227722970e-01
4.053308823529411797e-01
4.055673543689320426e-01
4.054236778846153633e-01
4.055803571428571175e-01
4.061025943396226467e-01
4.058119158878504829e-01
4.057436342592592449e-01
4.062500000000000000e-01
4.047585227272727515e-01
4.047719594594594850e-01
4.045061383928571508e-01
4.046598451327433899e-01
4.042626096491228060e-01
4.042119565217391353e-01
4.034886853448275690e-01
4.037126068376068466e-01
4.034692796610169219e-01
4.030987394957983305e-01
4.028645833333333592e-01
4.027634297520661377e-01
4.034323770491803351e-01
4.036458333333333148e-01
4.036668346774193727e-01
4.037499999999999978e-01
4.032738095238095344e-01
4.032357283464567121e-01
4.031982421875000000e-01
4.026162790697674354e-01
4.027644230769230616e-01
4.026121183206106680e-01
4.030539772727272929e-01
4.028430451127819611e-01
4.021688432835821003e-01
4.024305555555555691e-01
4.018267463235294379e-01
4.014598540145985495e-01
4.014945652173912971e-01
4.017535971223021307e-01
4.016741071428571175e-01
4.019281914893617080e-01
4.023987676056338114e-01
4.025349650349650532e-01
4.026692708333333148e-01
4.024784482758620441e-01
4.022902397260273988e-01
4.022640306122449161e-01
4.024493243243243423e-01
4.022651006711409627e-01
4.022916666666666585e-01
4.014383278145695622e-01
4.015213815789473450e-01
4.012969771241829964e-01
4.010754870129870087e-01
4.013608870967741993e-01
4.013421474358974117e-01
4.011246019108280492e-01
4.015031645569620000e-01
4.017786949685534514e-01
4.018554687500000000e-01
4.020283385093167960e-01
4.021026234567900981e-01
4.022718558282208368e-01
4.021055640243902385e-01
4.021306818181818454e-01
4.020613704819276935e-01
4.018993263473054078e-01
4.016462053571428492e-01
4.014885355029585989e-01
4.017463235294117530e-01
4.018183479532163593e-01
4.018895348837209225e-01
4.017341040462427681e-01
4.016702586206896686e-01
4.018749999999999822e-01
4.015891335227272929e-01
4.016596045197740050e-01
4.017731741573033477e-01
4.016672486033519562e-01
4.015624999999999889e-01
4.012430939226519500e-01
4.012276785714285476e-01
4.014258879781421041e-01
4.012822690217391353e-01
4.010135135135134976e-01
4.007476478494623739e-01
4.007770721925133506e-01
4.008892952127659504e-01
4.007109788359788372e-01
4.007812499999999778e-01
4.008916884816753901e-01
4.007975260416666852e-01
4.296875000000000000e-01
4.140625000000000000e-01
4.218750000000000000e-01
4.257812500000000000e-01
4.140625000000000000e-01
4.192708333333333148e-01
4.296875000000000000e-01
4.365234375000000000e-01
4.383680555555555802e-01
4.304687500000000111e-01
4.225852272727272929e-01
4.179687500000000000e-01
4.146634615384615641e-01
4.162946428571428492e-01
4.187500000000000111e-01
4.228515625000000000e-01
4.264705882352941013e-01
4.283854166666666852e-01
4.272203947368420907e-01
4.273437500000000222e-01
4.237351190476190688e-01
4.218750000000000000e-01
4.215353260869565410e-01
4.205729166666666852e-01
4.206250000000000266e-01
4.185697115384615641e-01
4.192708333333333148e-01
4.188058035714285476e-01
4.194504310344827624e-01
4.182291666666666519e-01
4.188508064516128782e-01
4.199218750000000000e-01
4.185606060606060774e-01
4.175091911764705621e-01
4.156250000000000222e-01
4.149305555555555802e-01
4.155405405405405150e-01
4.150904605263157632e-01
4.154647435897436125e-01
4.138671875000000111e-01
4.138719512195122019e-01
4.151785714285714524e-01
4.166061046511627675e-01
4.167258522727272929e-01
4.173611111111111271e-01
4.167798913043478382e-01
4.178856382978723416e-01
4.181315104166666852e-01
4.172512755102040782e-01
4.179687500000000000e-01
4.194240196078431460e-01
4.187199519230769273e-01
4.186320754716981174e-01
4.204282407407407551e-01
4.215909090909090717e-01
4.211774553571428492e-01
4.202302631578947456e-01
4.187769396551724310e-01
4.180349576271186196e-01
4.190104166666666630e-01
4.184170081967212851e-01
4.187247983870967527e-01
4.174107142857143016e-01
4.182128906250000000e-01
4.192307692307692402e-01
4.203361742424242542e-01
4.196595149253731227e-01
4.186580882352941013e-01
4.189311594202898559e-01
4.188616071428571397e-01
4.187940140845070602e-01
4.192708333333333148e-01
4.190924657534246811e-01
4.189189189189189144e-01
4.191666666666666874e-01
4.182771381578947456e-01
4.172077922077921941e-01
4.168669871794871695e-01
4.158425632911392222e-01
4.155273437500000000e-01
4.149305555555555802e-01
4.146341463414633943e-01
4.143448795180723065e-01
4.141555059523809312e-01
4.152573529411764941e-01
4.149709302325581550e-01
4.149604885057471271e-01
4.155717329545454697e-01
4.150280898876404501e-01
4.154513888888888840e-01
4.150927197802197766e-01
4.152513586956521618e-01
4.144825268817204367e-01
4.143118351063829752e-01
4.144736842105263275e-01
4.140625000000000000e-01
4.142235824742268036e-01
4.131855867346938549e-01
4.128787878787879007e-01
4.128125000000000266e-01
4.124381188118811936e-01
4.126072303921568540e-01
4.136832524271844558e-01
4.134615384615384359e-01
4.141369047619047894e-01
4.139887971698112956e-01
4.139164719626168276e-01
4.142071759259259300e-01
4.136324541284403522e-01
4.137073863636363535e-01
4.144847972972973138e-01
4.145507812500000000e-01
4.149612831858406903e-01
4.153645833333333148e-01
4.158288043478260976e-01
4.161503232758620441e-01
4.165998931623931534e-01
4.175052966101694962e-01
4.170824579831932666e-01
4.169921875000000000e-01
4.167097107438016423e-01
4.165599385245901676e-01
4.159679878048780366e-01
4.158266129032258118e-01
4.161874999999999880e-01
4.166046626984126755e-01
4.164000984251968740e-01
4.164428710937500000e-01
4.156976744186046679e-01
4.155649038461538547e-01
4.156130725190839703e-01
4.156013257575757458e-01
4.158247180451127845e-01
4.155200559701492380e-01
4.153935185185185230e-01
4.153262867647058987e-01
4.151459854014598605e-01
4.151947463768115854e-01
4.150179856115107646e-01
4.151227678571428603e-01
4.151706560283687786e-01
4.149977992957746276e-01
4.147180944055944285e-01
4.153645833333333148e-01
4.142780172413793038e-01
4.144370719178082085e-01
4.144876700680272252e-01
4.142208614864865135e-01
4.143246644295301984e-01
4.138020833333333481e-01
4.143729304635761501e-01
4.133943256578947456e-01
4.135008169934640265e-01
4.135551948051948146e-01
4.138608870967742104e-01
4.139122596153846367e-01
4.139132165605095559e-01
4.139141613924050556e-01
4.136202830188679402e-01
4.132324218749999778e-01
4.133831521739130266e-01
4.134837962962962798e-01
4.141104294478527570e-01
4.139195884146341653e-01
4.138257575757575690e-01
4.140625000000000000e-01
4.141092814371257758e-01
4.142020089285714524e-01
4.142936390532544477e-01
4.140165441176470451e-01
4.143823099415204769e-01
4.143350290697674354e-01
4.144689306358381731e-01
4.145563936781609393e-01
4.141964285714285765e-01
4.139737215909091161e-01
4.136211158192090176e-01
4.130969101123595499e-01
4.136260474860335434e-01
4.133246527777778012e-01
4.136740331491712830e-01
4.139766483516483242e-01
4.139771174863388081e-01
4.137228260869565410e-01
4.137668918918919192e-01
4.141465053763440651e-01
4.145638368983957101e-01
4.146442819148936088e-01
4.146412037037037202e-01
4.140625000000000000e-01
4.139397905759162333e-01
4.136962890625000000e-01
4.609375000000000000e-01
4.023437500000000000e-01
4.062500000000000000e-01
4.257812500000000000e-01
4.468750000000000222e-01
4.244791666666666852e-01
4.252232142857143016e-01
4.326171875000000000e-01
4.366319444444444198e-01
4.421875000000000111e-01
4.367897727272727071e-01
4.375000000000000000e-01
4.332932692307692180e-01
4.330357142857143016e-01
4.312500000000000222e-01
4.306640625000000000e-01
4.319852941176470784e-01
4.305555555555555802e-01
4.263980263157894912e-01
4.277343750000000000e-01
4.281994047619047672e-01
4.311079545454545303e-01
4.317255434782608647e-01
4.300130208333333148e-01
4.303124999999999867e-01
4.269831730769230727e-01
4.250578703703703498e-01
4.266183035714285476e-01
4.248383620689655249e-01
4.270833333333333148e-01
4.269153225806451846e-01
4.270019531250000000e-01
4.273200757575757458e-01
4.285386029411764608e-01
4.310267857142857095e-01
4.296875000000000000e-01
4.305320945945945721e-01
4.309210526315789269e-01
4.308894230769230727e-01
4.326171875000000000e-01
4.342606707317073211e-01
4.354538690476190688e-01
4.360465116279069742e-01
4.341264204545454697e-01
4.342013888888888729e-01
4.330842391304347561e-01
4.331781914893617080e-01
4.331054687500000000e-01
4.320790816326530726e-01
4.324999999999999956e-01
4.319852941176470784e-01
4.302884615384615641e-01
4.296875000000000000e-01
4.288194444444444198e-01
4.294034090909090717e-01
4.275948660714285476e-01
4.288651315789473450e-01
4.282058189655172376e-01
4.274364406779661008e-01
4.261718749999999778e-01
4.263575819672131284e-01
4.271673387096774355e-01
4.279513888888888951e-01
4.274902343750000000e-01
4.277644230769230838e-01
4.281486742424242542e-01
4.291044776119403159e-01
4.289981617647058987e-01
4.269701086956521618e-01
4.262276785714285698e-01
4.260563380281690016e-01
4.266493055555555802e-01
4.265839041095890183e-01
4.266258445945945721e-01
4.261458333333333348e-01
4.265008223684210731e-01
4.267451298701298579e-01
4.266826923076922906e-01
4.274129746835442778e-01
4.271484374999999778e-01
4.280478395061728669e-01
4.285442073170731558e-01
4.278049698795180489e-01
4.286644345238095344e-01
4.285845588235294157e-01
4.287790697674418450e-01
4.291487068965517127e-01
4.300426136363636465e-01
4.294241573033708015e-01
4.302951388888888729e-01
4.300309065934065922e-01
4.290081521739130266e-01
4.292674731182795633e-01
4.294381648936170248e-01
4.297697368421052877e-01
4.287923177083333148e-01
4.282377577319587680e-01
4.287308673469387710e-01
4.282670454545454697e-01
4.285156250000000111e-01
4.283725247524752255e-01
4.283088235294117418e-01
4.274878640776699212e-01
4.275090144230769273e-01
4.272321428571428381e-01
4.265919811320754707e-01
4.272050233644859585e-01
4.267216435185185452e-01
4.260321100917431325e-01
4.252840909090909172e-01
4.249718468468468568e-01
4.245954241071428492e-01
4.239491150442478151e-01
4.242050438596491335e-01
4.238451086956521729e-01
4.240975215517241437e-01
4.236111111111111049e-01
4.233315677966101864e-01
4.233193277310924318e-01
4.228515625000000000e-01
4.235537190082644399e-01
4.230917008196721230e-01
4.230182926829268442e-01
4.231980846774193727e-01
4.237500000000000155e-01
4.237971230158730229e-01
4.235974409448818867e-01
4.241943359375000000e-01
4.241157945736434010e-01
4.237980769230769162e-01
4.243201335877862523e-01
4.243016098484848619e-01
4.243421052631579093e-01
4.242653917910447769e-01
4.244791666666666852e-01
4.246897977941176405e-01
4.246122262773722733e-01
4.248188405797101441e-01
4.250786870503597270e-01
4.253906250000000222e-01
4.255873226950354637e-01
4.256712147887323772e-01
4.254807692307692180e-01
4.251844618055555802e-01
4.249999999999999889e-01
4.246575342465753189e-01
4.244791666666666852e-01
4.244087837837837718e-01
4.240771812080537106e-01
4.242708333333333193e-01
4.244101821192052815e-01
4.243935032894736725e-01
4.246323529411764608e-01
4.246144480519480346e-01
4.242439516129032362e-01
4.240284455128205399e-01
4.240147292993630690e-01
4.241989715189873333e-01
4.244300314465409008e-01
4.245117187499999889e-01
4.244468167701863082e-01
4.245756172839506015e-01
4.246549079754601275e-01
4.244950457317073211e-01
4.245738636363636243e-01
4.250753012048192891e-01
4.249625748502994238e-01
4.248976934523809312e-01
4.250184911242603780e-01
4.246323529411764608e-01
4.247532894736842368e-01
4.249182412790697416e-01
4.254877167630057855e-01
4.252873563218390607e-01
4.251785714285714057e-01
4.252485795454545303e-01
4.255826271186440857e-01
4.252545646067415475e-01
4.251483938547486185e-01
4.249999999999999889e-01
4.252417127071823066e-01
4.253090659340659219e-01
4.253756830601093109e-01
4.247622282608695676e-01
4.249577702702702631e-01
4.246891801075268758e-01
4.246323529411764608e-01
4.249916888297872175e-01
4.247271825396825573e-01
4.246299342105263053e-01
4.244109947643979197e-01
4.241536458333333148e-01
3.906250000000000000e-01
3.789062500000000000e-01
4.036458333333333148e-01
4.062500000000000000e-01
4.187500000000000111e-01
4.427083333333333148e-01
4.419642857142856984e-01
4.414062500000000000e-01
4.427083333333333148e-01
4.359374999999999778e-01
4.389204545454545303e-01
4.440104166666666852e-01
4.411057692307692180e-01
4.414062500000000000e-01
4.416666666666666519e-01
4.389648437500000000e-01
4.388786764705882582e-01
4.392361111111111049e-01
4.379111842105263275e-01
4.378906249999999778e-01
4.382440476190476164e-01
4.399857954545454697e-01
4.429347826086956763e-01
4.430338541666666852e-01
4.431249999999999911e-01
4.426081730769230727e-01
4.403935185185185452e-01
4.400111607142856984e-01
4.396551724137930939e-01
4.408854166666666408e-01
4.407762096774193727e-01
4.377441406250000000e-01
4.389204545454545303e-01
4.397977941176470784e-01
4.397321428571428492e-01
4.390190972222222099e-01
4.394003378378378288e-01
4.397615131578947456e-01
4.387019230769230727e-01
4.388671874999999778e-01
4.392149390243902385e-01
4.380580357142856984e-01
4.387718023255813837e-01
4.376775568181818232e-01
4.362847222222221988e-01
4.371603260869565410e-01
4.376662234042553168e-01
4.392903645833333148e-01
4.408482142857143016e-01
4.415625000000000244e-01
4.402573529411764608e-01
4.394531250000000000e-01
4.392688679245282946e-01
4.367766203703703498e-01
4.366477272727272707e-01
4.356863839285714524e-01
4.357182017543859698e-01
4.353448275862069061e-01
4.352489406779661008e-01
4.356770833333333259e-01
4.364754098360655865e-01
4.367439516129032473e-01
4.362599206349206393e-01
4.359130859375000000e-01
4.362980769230769273e-01
4.360795454545454697e-01
4.370335820895522305e-01
4.365808823529411797e-01
4.361413043478261087e-01
4.353794642857142794e-01
4.358494718309859350e-01
4.364149305555555802e-01
4.363227739726027177e-01
4.360219594594594850e-01
4.369791666666666408e-01
4.365748355263157632e-01
4.372970779220779480e-01
4.370993589743589758e-01
4.365110759493671111e-01
4.361328125000000222e-01
4.361496913580246715e-01
4.366425304878048808e-01
4.365587349397590522e-01
4.360119047619047672e-01
4.354779411764705954e-01
4.358648255813953321e-01
4.360632183908045856e-01
4.361683238636363535e-01
4.360955056179775524e-01
4.363715277777777679e-01
4.361263736263736313e-01
4.358016304347825942e-01
4.353158602150537515e-01
4.342586436170212671e-01
4.326480263157894690e-01
4.331054687500000000e-01
4.329896907216495006e-01
4.331951530612244694e-01
4.336332070707070718e-01
4.342187499999999867e-01
4.342512376237623872e-01
4.344362745098039325e-01
4.344660194174757017e-01
4.344951923076922906e-01
4.343750000000000111e-01
4.340359669811320598e-01
4.344334112149532690e-01
4.341001157407407551e-01
4.339879587155963114e-01
4.337357954545454364e-01
4.340512387387387427e-01
4.342215401785714524e-01
4.337665929203539661e-01
4.340049342105263275e-01
4.338994565217391131e-01
4.335264008620689502e-01
4.336271367521367659e-01
4.331302966101694962e-01
4.326418067226890929e-01
4.325520833333333370e-01
4.332386363636363535e-01
4.329533811475410054e-01
4.330538617886178776e-01
4.334677419354838745e-01
4.331875000000000031e-01
4.335937500000000000e-01
4.339936023622047445e-01
4.343872070312500000e-01
4.338662790697674354e-01
4.342548076923076761e-01
4.336235687022900742e-01
4.337713068181818232e-01
4.338580827067669010e-01
4.341184701492537545e-01
4.340277777777777901e-01
4.335363051470588203e-01
4.340784671532846861e-01
4.338201992753623060e-01
4.336218525179856287e-01
4.333147321428571508e-01
4.331781914893617080e-01
4.329885563380281854e-01
4.328562062937063026e-01
4.328342013888888951e-01
4.327047413793103647e-01
4.318814212328767055e-01
4.319727891156462385e-01
4.321157094594594850e-01
4.321518456375839090e-01
4.324479166666666541e-01
4.324813741721854066e-01
4.324629934210526550e-01
4.326491013071895320e-01
4.325284090909091161e-01
4.323084677419354871e-01
4.327423878205128305e-01
4.325238853503184933e-01
4.321103639240506111e-01
4.322916666666666852e-01
4.326660156250000111e-01
4.327930900621118071e-01
4.328221450617283916e-01
4.328029141104294264e-01
4.325457317073170826e-01
4.326231060606060552e-01
4.323701054216867457e-01
4.320733532934131760e-01
4.317801339285714524e-01
4.315828402366864158e-01
4.318014705882353144e-01
4.314692982456140302e-01
4.316860465116278966e-01
4.316744942196532042e-01
4.307650862068965747e-01
4.306696428571428759e-01
4.306196732954545303e-01
4.301288841807909824e-01
4.299508426966291985e-01
4.296875000000000000e-01
4.299045138888888951e-01
4.299033149171270773e-01
4.297733516483516758e-01
4.294313524590163689e-01
4.294327445652174058e-01
4.295185810810810967e-01
4.296034946236559349e-01
4.296875000000000000e-01
4.296459441489361430e-01
4.294394841269841279e-01
4.296463815789473562e-01
4.294420811518324665e-01
4.298909505208333148e-01
3.984375000000000000e-01
4.023437500000000000e-01
4.218750000000000000e-01
4.316406250000000000e-01
4.265625000000000111e-01
4.348958333333333148e-01
4.375000000000000000e-01
4.433593750000000000e-01
4.348958333333333148e-01
4.273437500000000222e-01
4.339488636363636465e-01
4.342447916666666852e-01
4.362980769230769273e-01
4.324776785714285476e-01
4.270833333333333148e-01
4.257812500000000000e-01
4.250919117647058987e-01
4.288194444444444198e-01
4.284539473684210731e-01
4.257812500000000000e-01
4.252232142857143016e-01
4.243607954545454697e-01
4.232336956521738913e-01
4.244791666666666852e-01
4.259375000000000244e-01
4.248798076923077094e-01
4.259259259259259300e-01
4.238281250000000000e-01
4.253771551724138122e-01
4.226562500000000111e-01
4.246471774193548154e-01
4.257812500000000000e-01
4.273200757575757458e-01
4.262408088235294379e-01
4.261160714285714413e-01
4.259982638888888951e-01
4.229307432432432567e-01
4.224917763157894912e-01
4.216746794871794601e-01
4.222656249999999778e-01
4.230182926829268442e-01
4.235491071428571508e-01
4.227834302325581550e-01
4.227627840909091161e-01
4.218750000000000000e-01
4.217051630434782705e-01
4.210438829787234161e-01
4.207356770833333148e-01
4.205994897959183798e-01
4.206250000000000266e-01
4.208026960784313486e-01
4.218750000000000000e-01
4.212853773584905870e-01
4.205729166666666852e-01
4.211647727272727071e-01
4.203404017857143016e-01
4.206414473684210731e-01
4.212015086206896686e-01
4.222722457627118842e-01
4.226562500000000111e-01
4.222592213114754189e-01
4.221270161290322509e-01
4.229910714285714524e-01
4.218750000000000000e-01
4.225961538461538436e-01
4.232954545454545303e-01
4.239738805970149071e-01
4.250919117647058987e-01
4.258378623188405765e-01
4.252232142857143016e-01
4.255061619718309984e-01
4.253472222222222099e-01
4.260488013698630061e-01
4.258868243243243423e-01
4.256249999999999756e-01
4.258840460526315819e-01
4.268465909090908839e-01
4.273838141025640969e-01
4.267207278481012778e-01
4.263671875000000222e-01
4.270833333333333148e-01
4.274009146341463672e-01
4.272402108433734913e-01
4.278273809523809312e-01
4.278492647058823595e-01
4.274164244186046679e-01
4.278017241379310498e-01
4.276455965909091161e-01
4.276685393258427004e-01
4.276909722222222432e-01
4.277987637362637430e-01
4.269701086956521618e-01
4.270833333333333148e-01
4.265292553191489255e-01
4.268092105263157632e-01
4.270019531250000000e-01
4.271101804123711432e-01
4.266581632653061451e-01
4.274779040404040331e-01
4.270312499999999734e-01
4.272122524752475226e-01
4.269301470588235392e-01
4.269569174757281704e-01
4.266075721153846367e-01
4.267857142857142683e-01
4.276238207547169989e-01
4.278621495327102897e-01
4.288194444444444198e-01
4.293291284403669694e-01
4.291193181818181990e-01
4.287725225225225145e-01
4.285016741071428492e-01
4.281664823008849430e-01
4.280427631578947456e-01
4.284646739130434923e-01
4.283405172413793371e-01
4.282184829059829112e-01
4.287605932203389925e-01
4.287683823529411797e-01
4.287109375000000000e-01
4.291709710743801809e-01
4.291111680327868716e-01
4.287347560975609539e-01
4.286794354838709409e-01
4.284375000000000266e-01
4.277653769841269771e-01
4.273499015748031260e-01
4.268798828125000000e-01
4.268410852713178105e-01
4.266826923076922906e-01
4.268845419847328015e-01
4.267282196969697239e-01
4.269854323308270860e-01
4.265974813432835688e-01
4.268518518518518712e-01
4.271024816176470784e-01
4.272924270072992470e-01
4.269701086956521618e-01
4.265962230215827322e-01
4.265066964285714191e-01
4.268062943262411202e-01
4.270466549295774406e-01
4.274475524475524479e-01
4.279513888888888951e-01
4.280711206896551935e-01
4.274935787671232945e-01
4.273490646258503167e-01
4.274176520270270285e-01
4.277999161073825496e-01
4.283854166666666852e-01
4.283423013245032940e-01
4.282997532894736725e-01
4.283088235294117418e-01
4.281148538961038752e-01
4.287802419354838634e-01
4.288862179487179516e-01
4.290903662420382236e-01
4.293908227848101111e-01
4.293926886792452935e-01
4.288574218749999778e-01
4.286684782608695676e-01
4.288194444444444198e-01
4.285371932515337212e-01
4.285918445121951192e-01
4.286931818181818343e-01
4.289344879518072196e-01
4.290793413173652482e-01
4.290829613095238360e-01
4.291327662721893255e-01
4.293658088235294268e-01
4.290021929824561209e-01
4.287336482558139483e-01
4.287843208092485536e-01
4.285650143678160773e-01
4.285267857142857073e-01
4.291548295454545303e-01
4.287605932203389925e-01
4.290730337078651480e-01
4.288582402234636937e-01
4.286892361111110938e-01
4.291695441988950255e-01
4.290436126373626258e-01
4.290044398907104095e-01
4.291779891304347561e-01
4.289695945945946054e-01
4.290154569892473124e-01
4.294786096256684726e-01
4.293550531914893664e-01
4.297288359788359879e-01
4.293996710526316041e-01
4.296875000000000000e-01
4.298909505208333148e-01
4.218750000000000000e-01
4.101562500000000000e-01
4.635416666666666852e-01
4.531250000000000000e-01
4.468750000000000222e-01
4.414062500000000000e-01
4.408482142857143016e-01
4.443359375000000000e-01
4.513888888888888951e-01
4.492187500000000000e-01
4.545454545454545303e-01
4.596354166666666852e-01
4.561298076923077094e-01
4.525669642857143016e-01
4.546875000000000222e-01
4.555664062500000000e-01
4.508272058823529216e-01
4.474826388888888951e-01
4.477796052631579093e-01
4.468750000000000222e-01
4.479166666666666852e-01
4.442471590909091161e-01
4.419157608695652439e-01
4.433593750000000000e-01
4.434374999999999845e-01
4.441105769230769273e-01
4.450231481481481399e-01
4.450334821428571508e-01
4.447737068965517127e-01
4.442708333333333370e-01
4.427923387096774355e-01
4.426269531250000000e-01
4.429450757575757458e-01
4.443933823529411797e-01
4.457589285714285698e-01
4.463975694444444198e-01
4.476351351351351426e-01
4.494243421052631637e-01
4.469150641025640969e-01
4.455078124999999889e-01
4.451219512195122019e-01
4.473586309523809312e-01
4.474927325581395388e-01
4.483309659090908839e-01
4.489583333333333481e-01
4.483695652173912971e-01
4.499667553191489255e-01
4.505208333333333148e-01
4.512117346938775420e-01
4.531250000000000000e-01
4.534313725490196068e-01
4.543269230769230727e-01
4.541568396226415283e-01
4.538483796296296502e-01
4.521306818181818343e-01
4.524274553571428492e-01
4.520285087719298489e-01
4.528556034482758563e-01
4.525953389830508211e-01
4.532552083333333259e-01
4.532530737704917878e-01
4.535030241935483764e-01
4.525049603174602919e-01
4.536132812500000000e-01
4.542067307692307931e-01
4.546638257575757458e-01
4.538246268656716542e-01
4.535845588235294379e-01
4.536911231884058204e-01
4.540178571428571397e-01
4.534551056338028130e-01
4.542100694444444198e-01
4.545162671232876872e-01
4.548141891891891997e-01
4.545833333333333393e-01
4.541529605263157632e-01
4.540381493506493449e-01
4.539262820512820484e-01
4.534216772151898889e-01
4.546875000000000222e-01
4.539930555555555802e-01
4.539824695121951192e-01
4.527484939759036098e-01
4.521019345238095344e-01
4.510110294117646856e-01
4.503088662790697416e-01
4.502514367816091712e-01
4.498401988636363535e-01
4.496137640449437978e-01
4.503472222222222321e-01
4.509787087912087711e-01
4.501528532608695676e-01
4.504368279569892497e-01
4.508809840425531679e-01
4.507401315789473784e-01
4.501139322916666852e-01
4.504671391752577136e-01
4.496173469387755306e-01
4.490214646464646409e-01
4.482031249999999800e-01
4.477103960396039417e-01
4.478400735294117418e-01
4.476638349514562853e-01
4.471905048076922906e-01
4.475446428571428492e-01
4.471550707547169989e-01
4.462616822429906760e-01
4.463252314814814548e-01
4.465309633027522707e-01
4.465198863636363757e-01
4.461570945945945721e-01
4.462890625000000000e-01
4.463495575221239076e-01
4.462033991228070429e-01
4.460597826086956652e-01
4.459186422413793371e-01
4.455128205128205399e-01
4.456435381355932090e-01
4.456407563025210350e-01
4.463541666666666630e-01
4.460227272727272929e-01
4.458247950819672067e-01
4.458841463414633943e-01
4.460685483870967527e-01
4.461875000000000147e-01
4.457465277777777901e-01
4.453740157480314821e-01
4.454956054687500000e-01
4.460998062015503751e-01
4.460937500000000111e-01
4.459685114503816883e-01
4.459043560606060774e-01
4.458999060150375948e-01
4.454874067164178997e-01
4.457175925925925819e-01
4.456571691176470784e-01
4.455976277372262762e-01
4.454257246376811530e-01
4.454249100719424592e-01
4.455357142857143127e-01
4.455341312056737557e-01
4.456976232394366244e-01
4.454217657342657288e-01
4.451497395833333148e-01
4.448275862068965525e-01
4.448309075342465890e-01
4.445153061224489943e-01
4.448902027027026862e-01
4.448406040268456652e-01
4.446354166666666718e-01
4.447951158940397498e-01
4.448499177631579093e-01
4.450571895424836333e-01
4.447544642857143016e-01
4.452116935483870774e-01
4.449619391025640969e-01
4.449641719745223156e-01
4.449663765822785000e-01
4.450176886792452935e-01
4.449707031249999778e-01
4.452639751552794900e-01
4.452160493827160281e-01
4.458397239263803824e-01
4.459317835365853577e-01
4.459280303030302983e-01
4.459243222891566272e-01
4.462013473053892398e-01
4.462425595238095344e-01
4.460983727810650668e-01
4.460018382352941013e-01
4.461348684210526550e-01
4.458575581395348708e-01
4.451770231213872941e-01
4.449982040229885083e-01
4.454017857142857362e-01
4.450017755681818232e-01
4.453125000000000000e-01
4.451369382022472010e-01
4.453561452513966623e-01
4.451822916666666741e-01
4.450966850828729227e-01
4.447115384615384359e-01
4.442452185792349906e-01
4.443359375000000000e-01
4.442989864864864691e-01
4.443884408602150615e-01
4.441844919786096524e-01
4.441073803191489255e-01
4.439897486772486634e-01
4.440789473684210731e-01
4.442081151832460995e-01
4.444986979166666852e-01
4.687500000000000000e-01
4.765625000000000000e-01
4.609375000000000000e-01
4.335937500000000000e-01
4.312500000000000222e-01
4.348958333333333148e-01
4.319196428571428492e-01
4.316406250000000000e-01
4.296875000000000000e-01
4.296875000000000000e-01
4.303977272727272929e-01
4.368489583333333148e-01
4.375000000000000000e-01
4.391741071428571508e-01
4.416666666666666519e-01
4.418945312500000000e-01
4.485294117647058987e-01
4.470486111111111049e-01
4.465460526315789269e-01
4.449218750000000222e-01
4.449404761904761640e-01
4.453125000000000000e-01
4.439538043478261087e-01
4.436848958333333148e-01
4.443750000000000200e-01
4.420072115384615641e-01
4.395254629629629650e-01
4.386160714285714524e-01
4.385775862068965747e-01
4.395833333333333259e-01
4.354838709677419373e-01
4.350585937500000000e-01
4.351325757575757458e-01
4.358915441176470784e-01
4.352678571428571508e-01
4.348958333333333148e-01
4.339104729729729715e-01
4.340049342105263275e-01
4.338942307692307820e-01
4.353515625000000111e-01
4.357850609756097615e-01
4.361979166666666852e-01
4.362281976744186163e-01
4.357244318181818232e-01
4.362847222222221988e-01
4.364809782608695676e-01
4.351728723404255095e-01
4.347330729166666852e-01
4.347895408163265363e-01
4.348437499999999734e-01
4.359681372549019662e-01
4.368990384615384359e-01
4.379422169811320598e-01
4.376446759259259300e-01
4.383522727272727293e-01
4.377790178571428492e-01
4.379111842105263275e-01
4.373653017241379559e-01
4.376324152542372947e-01
4.380208333333333592e-01
4.377561475409836311e-01
4.388860887096774355e-01
4.383680555555555802e-01
4.383544921875000000e-01
4.377403846153846145e-01
4.371448863636363535e-01
4.376166044776119146e-01
4.373851102941176405e-01
4.375000000000000000e-01
4.380580357142856984e-01
4.386003521126760618e-01
4.383680555555555802e-01
4.395333904109589018e-01
4.400337837837837718e-01
4.396875000000000089e-01
4.403782894736842368e-01
4.407467532467532201e-01
4.408052884615384359e-01
4.421479430379746667e-01
4.418945312500000000e-01
4.420331790123456783e-01
4.428353658536585136e-01
4.437123493975903554e-01
4.446614583333333148e-01
4.451286764705882359e-01
4.454033430232557933e-01
4.463002873563218231e-01
4.464666193181818232e-01
4.460147471910112515e-01
4.455729166666666519e-01
4.456559065934065922e-01
4.450577445652174058e-01
4.452284946236559349e-01
4.453125000000000000e-01
4.457236842105263275e-01
4.462890625000000000e-01
4.462789948453608213e-01
4.455516581632653073e-01
4.442866161616161880e-01
4.442968749999999800e-01
4.441522277227722970e-01
4.446231617647058987e-01
4.450849514563106624e-01
4.449368990384615641e-01
4.449404761904761640e-01
4.448702830188679402e-01
4.454585280373831724e-01
4.451678240740740700e-01
4.455991972477064134e-01
4.450284090909090717e-01
4.450309684684684575e-01
4.450334821428571508e-01
4.442754424778760924e-01
4.444216008771929571e-01
4.441576086956521840e-01
4.447737068965517127e-01
4.446447649572649596e-01
4.446504237288135819e-01
4.444590336134453534e-01
4.447916666666666408e-01
4.446022727272727071e-01
4.441598360655737432e-01
4.445503048780488076e-01
4.448084677419354982e-01
4.448124999999999996e-01
4.442584325396825573e-01
4.441437007874015630e-01
4.439086914062500000e-01
4.437984496124031120e-01
4.438701923076923128e-01
4.437619274809160297e-01
4.433593750000000000e-01
4.434328007518796855e-01
4.433885261194029925e-01
4.428240740740740922e-01
4.430721507352941013e-01
4.428604014598540028e-01
4.428215579710144678e-01
4.428956834532374320e-01
4.430245535714285587e-01
4.424312943262411202e-01
4.420114436619718146e-01
4.421437937062936974e-01
4.425998263888888951e-01
4.427262931034482984e-01
4.427975171232876872e-01
4.426020408163265363e-01
4.417229729729729715e-01
4.419043624161073658e-01
4.420833333333333282e-01
4.421047185430463378e-01
4.423314144736842368e-01
4.421466503267973969e-01
4.421672077922078059e-01
4.425907258064515903e-01
4.421574519230769273e-01
4.420282643312101745e-01
4.420490506329113889e-01
4.425609276729559616e-01
4.425292968749999778e-01
4.427406832298136918e-01
4.423225308641975384e-01
4.424846625766871155e-01
4.426924542682926789e-01
4.428977272727272485e-01
4.434299698795180489e-01
4.440494011976047761e-01
4.441964285714285476e-01
4.442954881656804855e-01
4.443933823529411797e-01
4.442160087719298489e-01
4.442678052325581550e-01
4.447254335260115710e-01
4.444594109195402210e-01
4.443303571428571241e-01
4.445134943181818232e-01
4.445621468926553854e-01
4.442152387640449507e-01
4.440031424581005748e-01
4.442708333333333370e-01
4.446650552486187680e-01
4.441964285714285476e-01
4.443732923497267784e-01
4.441661005434782705e-01
4.443412162162161949e-01
4.443044354838709409e-01
4.442680481283422522e-01
4.442320478723404409e-01
4.438244047619047672e-01
4.438733552631579093e-01
4.441263089005235698e-01
4.442952473958333148e-01
4.140625000000000000e-01
4.335937500000000000e-01
4.166666666666666852e-01
4.375000000000000000e-01
4.265625000000000111e-01
4.257812500000000000e-01
4.285714285714285476e-01
4.355468750000000000e-01
4.348958333333333148e-01
4.375000000000000000e-01
4.382102272727272929e-01
4.361979166666666852e-01
4.417067307692307820e-01
4.436383928571428492e-01
4.458333333333333592e-01
4.453125000000000000e-01
4.462316176470588203e-01
4.461805555555555802e-01
4.461348684210526550e-01
4.445312499999999889e-01
4.490327380952380820e-01
4.485085227272727071e-01
4.483695652173912971e-01
4.498697916666666852e-01
4.478125000000000022e-01
4.456129807692307820e-01
4.458912037037037202e-01
4.461495535714285476e-01
4.450431034482758563e-01
4.445312499999999889e-01
4.445564516129032473e-01
4.438476562500000000e-01
4.446022727272727071e-01
4.450827205882352811e-01
4.448660714285714302e-01
4.433593750000000000e-01
4.448902027027026862e-01
4.457236842105263275e-01
4.461137820512820484e-01
4.443359375000000000e-01
4.439786585365853577e-01
4.440104166666666852e-01
4.440406976744186163e-01
4.437144886363636465e-01
4.456597222222222210e-01
4.456521739130434590e-01
4.473071808510638570e-01
4.474283854166666852e-01
4.488201530612244694e-01
4.485937500000000133e-01
4.479166666666666852e-01
4.487680288461538547e-01
4.487028301886792359e-01
4.486400462962962798e-01
4.480113636363636243e-01
4.478236607142856984e-01
4.483278508771929571e-01
4.492187500000000000e-01
4.495497881355932090e-01
4.497395833333333592e-01
4.500512295081967040e-01
4.507308467741935609e-01
4.515128968253968034e-01
4.512939453125000000e-01
4.518028846153845923e-01
4.513494318181818232e-01
4.503264925373134386e-01
4.514016544117647189e-01
4.516530797101449002e-01
4.510044642857142794e-01
4.508142605633803091e-01
4.499782986111111049e-01
4.501284246575342207e-01
4.503800675675675436e-01
4.507291666666666807e-01
4.509662828947368363e-01
4.515016233766233622e-01
4.520232371794871695e-01
4.521360759493671111e-01
4.521484375000000000e-01
4.515817901234567833e-01
4.516006097560975596e-01
4.527484939759036098e-01
4.526599702380952328e-01
4.529411764705882359e-01
4.530341569767442067e-01
4.527658045977011603e-01
4.525035511363636465e-01
4.526860955056180025e-01
4.530381944444444309e-01
4.528674450549450281e-01
4.527004076086956763e-01
4.522009408602150615e-01
4.518783244680851241e-01
4.509046052631578982e-01
4.508463541666666852e-01
4.502255154639175361e-01
4.496970663265306145e-01
4.496527777777777901e-01
4.489062500000000067e-01
4.487159653465346287e-01
4.489123774509803932e-01
4.483464805825242983e-01
4.483924278846153633e-01
4.476190476190476386e-01
4.475972877358490587e-01
4.479410046728972139e-01
4.476273148148148251e-01
4.477494266055045968e-01
4.481534090909091161e-01
4.475647522522522292e-01
4.475446428571428492e-01
4.478705752212389646e-01
4.474369517543859698e-01
4.474864130434782483e-01
4.476697198275861878e-01
4.478498931623931534e-01
4.478945974576271083e-01
4.479385504201680579e-01
4.483072916666666630e-01
4.486053719008264440e-01
4.484503073770491621e-01
4.484247967479674801e-01
4.486517137096774355e-01
4.485000000000000098e-01
4.485987103174602919e-01
4.479576771653543399e-01
4.479370117187500000e-01
4.475532945736434010e-01
4.478365384615384803e-01
4.482347328244274953e-01
4.479166666666666852e-01
4.479558270676691767e-01
4.481693097014925464e-01
4.478587962962962687e-01
4.474379595588235392e-01
4.471943430656934448e-01
4.475203804347825942e-01
4.473920863309352458e-01
4.473772321428571286e-01
4.476396276595744905e-01
4.475132042253521236e-01
4.478256118881118741e-01
4.476453993055555802e-01
4.473060344827586299e-01
4.470783390410958957e-01
4.468537414965986221e-01
4.473184121621621712e-01
4.473049496644295187e-01
4.472916666666666430e-01
4.477442052980132314e-01
4.480879934210526550e-01
4.478656045751633896e-01
4.480012175324675217e-01
4.478326612903225645e-01
4.475661057692307820e-01
4.474024681528662173e-01
4.474881329113923889e-01
4.475727201257861387e-01
4.473144531250000111e-01
4.474475931677018847e-01
4.474826388888888951e-01
4.477089723926380160e-01
4.477896341463414864e-01
4.481060606060606188e-01
4.484186746987952055e-01
4.483532934131736480e-01
4.479631696428571508e-01
4.475776627218934767e-01
4.475643382352941235e-01
4.474141081871345071e-01
4.475835755813953321e-01
4.476156069364161660e-01
4.476472701149425415e-01
4.475000000000000089e-01
4.474875710227272929e-01
4.479166666666666852e-01
4.473314606741572996e-01
4.471456005586592064e-01
4.471788194444444309e-01
4.469958563535911811e-01
4.469007554945054750e-01
4.468920765027322162e-01
4.470533288043478382e-01
4.470861486486486513e-01
4.472446236559139976e-01
4.471507352941176405e-01
4.470578457446808263e-01
4.469246031746031966e-01
4.467105263157894468e-01
4.469486256544502600e-01
4.468994140625000000e-01
4.687500000000000000e-01
4.687500000000000000e-01
4.921875000000000000e-01
4.863281250000000000e-01
4.703125000000000222e-01
4.557291666666666852e-01
4.609375000000000000e-01
4.609375000000000000e-01
4.592013888888888951e-01
4.664062500000000222e-01
4.666193181818181768e-01
4.602864583333333148e-01
4.531250000000000000e-01
4.547991071428571508e-01
4.552083333333333259e-01
4.541015625000000000e-01
4.526654411764705621e-01
4.509548611111111049e-01
4.490131578947368363e-01
4.488281250000000222e-01
4.501488095238095344e-01
4.499289772727272929e-01
4.517663043478261087e-01
4.492187500000000000e-01
4.450000000000000067e-01
4.471153846153846367e-01
4.482060185185185452e-01
4.478236607142856984e-01
4.482758620689655249e-01
4.510416666666666741e-01
4.516129032258064391e-01
4.519042968750000000e-01
4.540719696969697239e-01
4.545036764705882582e-01
4.546875000000000222e-01
4.555121527777777901e-01
4.556587837837837718e-01
4.551809210526315819e-01
4.537259615384615641e-01
4.523437499999999889e-01
4.533155487804877981e-01
4.529389880952380820e-01
4.543968023255813837e-01
4.550781250000000000e-01
4.526041666666666408e-01
4.521059782608695676e-01
4.522938829787234161e-01
4.514973958333333148e-01
4.512117346938775420e-01
4.520312499999999956e-01
4.514399509803921351e-01
4.516225961538461453e-01
4.526827830188679402e-01
4.534143518518518601e-01
4.539772727272727293e-01
4.541015625000000000e-01
4.549067982456140302e-01
4.552801724137930939e-01
4.551112288135593098e-01
4.542968749999999889e-01
4.542776639344262568e-01
4.546370967741935609e-01
4.553571428571428492e-01
4.541015625000000000e-01
4.542067307692307931e-01
4.532433712121212155e-01
4.539412313432835688e-01
4.527803308823529216e-01
4.533514492753623060e-01
4.545758928571428381e-01
4.537852112676056260e-01
4.539930555555555802e-01
4.537671232876712146e-01
4.523859797297297147e-01
4.517708333333333437e-01
4.516858552631579093e-01
4.522118506493506551e-01
4.523237179487179516e-01
4.517405063291139444e-01
4.524414062500000111e-01
4.525462962962962798e-01
4.522675304878048808e-01
4.520896084337349130e-01
4.521019345238095344e-01
4.524816176470587981e-01
4.524890988372092804e-01
4.520474137931034253e-01
4.515269886363636465e-01
4.525983146067415475e-01
4.525173611111111271e-01
4.526098901098901117e-01
4.530400815217391353e-01
4.536290322580645018e-01
4.537898936170212671e-01
4.541940789473684070e-01
4.541015625000000000e-01
4.542525773195876249e-01
4.538424744897959218e-01
4.531250000000000000e-01
4.528906249999999911e-01
4.526608910891088966e-01
4.531250000000000000e-01
4.527457524271844558e-01
4.524489182692307820e-01
4.524553571428571175e-01
4.529775943396226467e-01
4.527599299065420690e-01
4.526909722222222099e-01
4.527666284403669694e-01
4.527698863636363535e-01
4.527730855855855996e-01
4.527064732142856984e-01
4.521570796460177011e-01
4.521655701754385692e-01
4.521739130434782594e-01
4.518453663793103314e-01
4.523904914529914278e-01
4.525291313559322015e-01
4.525341386554621592e-01
4.524739583333333148e-01
4.522856404958677801e-01
4.521004098360655865e-01
4.516641260162601590e-01
4.522429435483871218e-01
4.521249999999999991e-01
4.518849206349206393e-01
4.519562007874015630e-01
4.518432617187500000e-01
4.520954457364341206e-01
4.515624999999999778e-01
4.510973282442747867e-01
4.509351325757575690e-01
4.510103383458646809e-01
4.509095149253731227e-01
4.514467592592592560e-01
4.512293198529411797e-01
4.510150547445255231e-01
4.509171195652174058e-01
4.510454136690647542e-01
4.520647321428571397e-01
4.520168439716312214e-01
4.526298415492957528e-01
4.524694055944055715e-01
4.524197048611111049e-01
4.525323275862068728e-01
4.524828767123287854e-01
4.524340986394557729e-01
4.524915540540540571e-01
4.522860738255033430e-01
4.521875000000000200e-01
4.524524006622516747e-01
4.526624177631579093e-01
4.528696895424836333e-01
4.521611201298701421e-01
4.523689516129032473e-01
4.522235576923077094e-01
4.520800159235668914e-01
4.515427215189873333e-01
4.510121855345912145e-01
4.513671874999999889e-01
4.508928571428571508e-01
4.507619598765432167e-01
4.509681748466257689e-01
4.506002286585366057e-01
4.507102272727272485e-01
4.505835843373494076e-01
4.502245508982035682e-01
4.504743303571428492e-01
4.503513313609467383e-01
4.503676470588235392e-01
4.507035818713450159e-01
4.508993459302325646e-01
4.511831647398844014e-01
4.512841235632183978e-01
4.518303571428571308e-01
4.519708806818181768e-01
4.517125706214689118e-01
4.516327247191010974e-01
4.513791899441340627e-01
4.512586805555555691e-01
4.513121546961326169e-01
4.513650412087912289e-01
4.514173497267759405e-01
4.521059782608695676e-01
4.519003378378378399e-01
4.520749327956989361e-01
4.520387700534759245e-01
4.520861037234042423e-01
4.524222883597883715e-01
4.523026315789473450e-01
4.522251308900523403e-01
4.520263671875000000e-01
4.296875000000000000e-01
4.375000000000000000e-01
4.296875000000000000e-01
4.433593750000000000e-01
4.562499999999999889e-01
4.557291666666666852e-01
4.441964285714285476e-01
4.501953125000000000e-01
4.539930555555555802e-01
4.554687499999999778e-01
4.552556818181818232e-01
4.544270833333333148e-01
4.483173076923077094e-01
4.464285714285714524e-01
4.494791666666666519e-01
4.448242187500000000e-01
4.439338235294117418e-01
4.466145833333333148e-01
4.436677631578947456e-01
4.417968749999999778e-01
4.460565476190476164e-01
4.509943181818181768e-01
4.493885869565217295e-01
4.485677083333333148e-01
4.462499999999999800e-01
4.456129807692307820e-01
4.438657407407407551e-01
4.439174107142856984e-01
4.442349137931034253e-01
4.455729166666666519e-01
4.443044354838709409e-01
4.448242187500000000e-01
4.438920454545454697e-01
4.450827205882352811e-01
4.450892857142856873e-01
4.461805555555555802e-01
4.472128378378378288e-01
4.469572368421052544e-01
4.481169871794871695e-01
4.478515625000000222e-01
4.477896341463414864e-01
4.458705357142856984e-01
4.453125000000000000e-01
4.472656250000000000e-01
4.472222222222222432e-01
4.466711956521738913e-01
4.478058510638298073e-01
4.488932291666666852e-01
4.481823979591836871e-01
4.482812500000000200e-01
4.479166666666666852e-01
4.489182692307692180e-01
4.485554245283018826e-01
4.490740740740740700e-01
4.497159090909090828e-01
4.494977678571428492e-01
4.490131578947368363e-01
4.505657327586206629e-01
4.516684322033898136e-01
4.514322916666666519e-01
4.518442622950819554e-01
4.506048387096774355e-01
4.500248015873015706e-01
4.497070312500000000e-01
4.502403846153846256e-01
4.502840909090908839e-01
4.507929104477612081e-01
4.514016544117647189e-01
4.521059782608695676e-01
4.523437499999999889e-01
4.523547535211267512e-01
4.522569444444444198e-01
4.514126712328767055e-01
4.513302364864865135e-01
4.514583333333333504e-01
4.514802631578947456e-01
4.514001623376623362e-01
4.513221153846153633e-01
4.506526898734177222e-01
4.511718750000000000e-01
4.516782407407407551e-01
4.512195121951219634e-01
4.496423192771084598e-01
4.496837797619047672e-01
4.495404411764705732e-01
4.491279069767442067e-01
4.486350574712643646e-01
4.489524147727272929e-01
4.490870786516854007e-01
4.482638888888889062e-01
4.483173076923077094e-01
4.486243206521738913e-01
4.480846774193548154e-01
4.478058510638298073e-01
4.488486842105263164e-01
4.490559895833333148e-01
4.495811855670103219e-01
4.489795918367346927e-01
4.488636363636363535e-01
4.493750000000000244e-01
4.495668316831682998e-01
4.495251225490196068e-01
4.499393203883494952e-01
4.498197115384615641e-01
4.504464285714285809e-01
4.499557783018867663e-01
4.499853971962616828e-01
4.499421296296296502e-01
4.498279816513761631e-01
4.504971590909090939e-01
4.504504504504504570e-01
4.504045758928571508e-01
4.507743362831858613e-01
4.507264254385964786e-01
4.512907608695652106e-01
4.510371767241379559e-01
4.516559829059829112e-01
4.516022245762711940e-01
4.510241596638655537e-01
4.503906249999999889e-01
4.502195247933884481e-01
4.505635245901639108e-01
4.508384146341463672e-01
4.508568548387096864e-01
4.506875000000000187e-01
4.506448412698412787e-01
4.505413385826771422e-01
4.508666992187500000e-01
4.506419573643410947e-01
4.506610576923076872e-01
4.505605916030534508e-01
4.501657196969697239e-01
4.497180451127819611e-01
4.499183768656716542e-01
4.496527777777777901e-01
4.494485294117647189e-01
4.494753649635036541e-01
4.497282608695652439e-01
4.504833633093525136e-01
4.503348214285714524e-01
4.504654255319148759e-01
4.508692781690140650e-01
4.507211538461538547e-01
4.506835937500000000e-01
4.499461206896551713e-01
4.495398116438356073e-01
4.492453231292516946e-01
4.491659628378378288e-01
4.496119966442952975e-01
4.497395833333333592e-01
4.500206953642383878e-01
4.501439144736842368e-01
4.500612745098039325e-01
4.501826298701298579e-01
4.505040322580645129e-01
4.505709134615384359e-01
4.509852707006369310e-01
4.509988132911392222e-01
4.509139150943396457e-01
4.515624999999999778e-01
4.518633540372670732e-01
4.524498456790123635e-01
4.523581288343558326e-01
4.522675304878048808e-01
4.522253787878787734e-01
4.519013554216867457e-01
4.519086826347305519e-01
4.522879464285714524e-01
4.521079881656804855e-01
4.518841911764706065e-01
4.518000730994152225e-01
4.516715116279069742e-01
4.515444364161849689e-01
4.513739224137930939e-01
4.512499999999999845e-01
4.511718750000000000e-01
4.508739406779661008e-01
4.507988061797753021e-01
4.503753491620111626e-01
4.504774305555555580e-01
4.504057320441988699e-01
4.504635989010988828e-01
4.504354508196721230e-01
4.504925271739130266e-01
4.503800675675675436e-01
4.503948252688171894e-01
4.504929812834224667e-01
4.507147606382978511e-01
4.504794973544973269e-01
4.504934210526315708e-01
4.505481020942408432e-01
4.500732421875000000e-01
5.625000000000000000e-01
5.234375000000000000e-01
4.843750000000000000e-01
4.804687500000000000e-01
4.890625000000000111e-01
4.869791666666666852e-01
4.888392857142856984e-01
4.882812500000000000e-01
4.956597222222222099e-01
4.914062499999999889e-01
4.872159090909091161e-01
4.869791666666666852e-01
4.831730769230769273e-01
4.849330357142856984e-01
4.828124999999999778e-01
4.809570312500000000e-01
4.806985294117647189e-01
4.813368055555555802e-01
4.782072368421052544e-01
4.746093750000000000e-01
4.750744047619047672e-01
4.730113636363636465e-01
4.721467391304347561e-01
4.742838541666666852e-01
4.740624999999999978e-01
4.750600961538461453e-01
4.745370370370370350e-01
4.732142857142856984e-01
4.735991379310344751e-01
4.718749999999999889e-01
4.712701612903225645e-01
4.716796875000000000e-01
4.694602272727272929e-01
4.696691176470588203e-01
4.683035714285714302e-01
4.678819444444444198e-01
4.660050675675675436e-01
4.648437500000000000e-01
4.639423076923077094e-01
4.654296875000000222e-01
4.662728658536585136e-01
4.657738095238095344e-01
4.656613372093023062e-01
4.651988636363636465e-01
4.640624999999999889e-01
4.628057065217391353e-01
4.630984042553191737e-01
4.650065104166666852e-01
4.634885204081632404e-01
4.642187500000000133e-01
4.644607843137255054e-01
4.657451923076922906e-01
4.652122641509434109e-01
4.654224537037037202e-01
4.656250000000000111e-01
4.655412946428571508e-01
4.650493421052631637e-01
4.661907327586206629e-01
4.659692796610169219e-01
4.664062500000000222e-01
4.660604508196721230e-01
4.655997983870967527e-01
4.656498015873015706e-01
4.654541015625000000e-01
4.667067307692307487e-01
4.665009469696969613e-01
4.666511194029850929e-01
4.662224264705882582e-01
4.652400362318840354e-01
4.651785714285714413e-01
4.648987676056338114e-01
4.644097222222222099e-01
4.644691780821917915e-01
4.644214527027026862e-01
4.648958333333333415e-01
4.640213815789473450e-01
4.640827922077921941e-01
4.645432692307692180e-01
4.639042721518987222e-01
4.643554687500000000e-01
4.641203703703703498e-01
4.644626524390244038e-01
4.637612951807228989e-01
4.627976190476190688e-01
4.622242647058823484e-01
4.627543604651162545e-01
4.623742816091954144e-01
4.626242897727272929e-01
4.624297752808989026e-01
4.630208333333333259e-01
4.630837912087912289e-01
4.631453804347825942e-01
4.625336021505376261e-01
4.624335106382978511e-01
4.625000000000000222e-01
4.626464843750000000e-01
4.621456185567010544e-01
4.614158163265306145e-01
4.621212121212120993e-01
4.614843750000000022e-01
4.614789603960395836e-01
4.617034313725490446e-01
4.617718446601941640e-01
4.613131009615384359e-01
4.605654761904761640e-01
4.604952830188679402e-01
4.596962616822429792e-01
4.601417824074073848e-01
4.598623853211009083e-01
4.600852272727272707e-01
4.601632882882882858e-01
4.605887276785714524e-01
4.607300884955752296e-01
4.599095394736842368e-01
4.593749999999999778e-01
4.592537715517241437e-01
4.594017094017093794e-01
4.591498940677966045e-01
4.589023109243697274e-01
4.595052083333333592e-01
4.593879132231404872e-01
4.601050204918032960e-01
4.594131097560975596e-01
4.589843750000000000e-01
4.590624999999999845e-01
4.592013888888888951e-01
4.584768700787401619e-01
4.580078125000000000e-01
4.579093992248062239e-01
4.579326923076922906e-01
4.575978053435114656e-01
4.576231060606060774e-01
4.574718045112781684e-01
4.573227611940298698e-01
4.574074074074074292e-01
4.573184742647058987e-01
4.567746350364963459e-01
4.566915760869565410e-01
4.568907374100719676e-01
4.560825892857142683e-01
4.565048758865248302e-01
4.559308978873239382e-01
4.560205419580419806e-01
4.561631944444444198e-01
4.559806034482758452e-01
4.563356164383561842e-01
4.562606292517006890e-01
4.553948479729729715e-01
4.557990771812080455e-01
4.557812500000000266e-01
4.559188741721854066e-01
4.557976973684210731e-01
4.561376633986928275e-01
4.561181006493506551e-01
4.557459677419354871e-01
4.551782852564102422e-01
4.555632961783439572e-01
4.557456487341772222e-01
4.551886792452830011e-01
4.552246093749999778e-01
4.551630434782608647e-01
4.555844907407407551e-01
4.552818251533742311e-01
4.553639481707317249e-01
4.554450757575757569e-01
4.554310993975903554e-01
4.556044161676646720e-01
4.554501488095238360e-01
4.553901627218934767e-01
4.551470588235294046e-01
4.543128654970760016e-01
4.544422238372092804e-01
4.542539739884393080e-01
4.539780890804597790e-01
4.537499999999999867e-01
4.536576704545454697e-01
4.538753531073446146e-01
4.543539325842696486e-01
4.541724860335195624e-01
4.539496527777777679e-01
4.542472375690607689e-01
4.541122939560439664e-01
4.538507513661202419e-01
4.538892663043478382e-01
4.539695945945945721e-01
4.539650537634408733e-01
4.539187834224598928e-01
4.538314494680851241e-01
4.536623677248677322e-01
4.536184210526315597e-01
4.537794502617801262e-01
4.539388020833333148e-01
4.687500000000000000e-01
4.804687500000000000e-01
4.843750000000000000e-01
4.765625000000000000e-01
4.625000000000000222e-01
4.544270833333333148e-01
4.553571428571428492e-01
4.589843750000000000e-01
4.583333333333333148e-01
4.492187500000000000e-01
4.410511363636363535e-01
4.348958333333333148e-01
4.350961538461538547e-01
4.375000000000000000e-01
4.385416666666666630e-01
4.370117187500000000e-01
4.393382352941176405e-01
4.431423611111111049e-01
4.432565789473684181e-01
4.457031249999999778e-01
4.471726190476190688e-01
4.495738636363636465e-01
4.500679347826087029e-01
4.501953125000000000e-01
4.500000000000000111e-01
4.516225961538461453e-01
4.508101851851851749e-01
4.520089285714285476e-01
4.507004310344827624e-01
4.513020833333333259e-01
4.508568548387096864e-01
4.509277343750000000e-01
4.514678030303030387e-01
4.494485294117647189e-01
4.479910714285714191e-01
4.466145833333333148e-01
4.476351351351351426e-01
4.481907894736842368e-01
4.501201923076922906e-01
4.523437499999999889e-01
4.523628048780488076e-01
4.505208333333333148e-01
4.509447674418604612e-01
4.504616477272727071e-01
4.494791666666666519e-01
4.475203804347825942e-01
4.474734042553191737e-01
4.467773437500000000e-01
4.475446428571428492e-01
4.464062500000000044e-01
4.474571078431372473e-01
4.465144230769230727e-01
4.478183962264151163e-01
4.487847222222222099e-01
4.501420454545454475e-01
4.507533482142856984e-01
4.513432017543859698e-01
4.512392241379310498e-01
4.508739406779661008e-01
4.506510416666666408e-01
4.505635245901639108e-01
4.499747983870967527e-01
4.501488095238095344e-01
4.510498046875000000e-01
4.501201923076922906e-01
4.496922348484848619e-01
4.503264925373134386e-01
4.504825367647058987e-01
4.502943840579710089e-01
4.498883928571428825e-01
4.496038732394366244e-01
4.496527777777777901e-01
4.490582191780821963e-01
4.496410472972973138e-01
4.490624999999999756e-01
4.495271381578947456e-01
4.493709415584415390e-01
4.487179487179487336e-01
4.495648734177215000e-01
4.501953125000000000e-01
4.493634259259259300e-01
4.501714939024390461e-01
4.510542168674698815e-01
4.510788690476190688e-01
4.512867647058823595e-01
4.505813953488372325e-01
4.505208333333333148e-01
4.509943181818181768e-01
4.510182584269663009e-01
4.505208333333333148e-01
4.496909340659340781e-01
4.510020380434782705e-01
4.508568548387096864e-01
4.502160904255319007e-01
4.504111842105263386e-01
4.501139322916666852e-01
4.502255154639175361e-01
4.498565051020408379e-01
4.504419191919191712e-01
4.510937500000000155e-01
4.516553217821782096e-01
4.515165441176470784e-01
4.510770631067961278e-01
4.506460336538461453e-01
4.507440476190476275e-01
4.509876179245282946e-01
4.507155373831775447e-01
4.499421296296296502e-01
4.502580275229357554e-01
4.505681818181818121e-01
4.509431306306306286e-01
4.512416294642856984e-01
4.516731194690265516e-01
4.517543859649122973e-01
4.517663043478261087e-01
4.523168103448275690e-01
4.517895299145299193e-01
4.512711864406779849e-01
4.514837184873949361e-01
4.519531250000000111e-01
4.515108471074379959e-01
4.514600409836065364e-01
4.509019308943089666e-01
4.507308467741935609e-01
4.509374999999999911e-01
4.510788690476190688e-01
4.513410433070866312e-01
4.514770507812500000e-01
4.517926356589147541e-01
4.523437499999999889e-01
4.527671755725191094e-01
4.529474431818181768e-01
4.525375939849624052e-01
4.528334888059701302e-01
4.524305555555555580e-01
4.522633272058823595e-01
4.525547445255474477e-01
4.527287137681159646e-01
4.528439748201438797e-01
4.531808035714285920e-01
4.531804078014184389e-01
4.531800176056338114e-01
4.531796328671328644e-01
4.531250000000000000e-01
4.536099137931034475e-01
4.531250000000000000e-01
4.534438775510203912e-01
4.533361486486486291e-01
4.537017617449664586e-01
4.534374999999999933e-01
4.531767384105960250e-01
4.532791940789473450e-01
4.533803104575163667e-01
4.535308441558441594e-01
4.536290322580645018e-01
4.534254807692307820e-01
4.530254777070063521e-01
4.533227848101265556e-01
4.531741352201257844e-01
4.533203124999999889e-01
4.526882763975155211e-01
4.526909722222222099e-01
4.529332822085889720e-01
4.526486280487804770e-01
4.530303030303030054e-01
4.528896837349397630e-01
4.528910928143712322e-01
4.534970238095238360e-01
4.534023668639053373e-01
4.529411764705882359e-01
4.525767543859648967e-01
4.525345203488372325e-01
4.524927745664739653e-01
4.525413074712643646e-01
4.523214285714285965e-01
4.526367187500000000e-01
4.525512005649717784e-01
4.524227528089887485e-01
4.523393854748603560e-01
4.525607638888888840e-01
4.524775552486187680e-01
4.528674450549450281e-01
4.527407786885245811e-01
4.530825407608695676e-01
4.527027027027026862e-01
4.525789650537634379e-01
4.528325534759358173e-01
4.527509973404255095e-01
4.529183201058201158e-01
4.528782894736841924e-01
4.525932591623036405e-01
4.526774088541666852e-01
3.828125000000000000e-01
4.062500000000000000e-01
3.906250000000000000e-01
4.316406250000000000e-01
4.406249999999999889e-01
4.375000000000000000e-01
4.341517857142856984e-01
4.394531250000000000e-01
4.461805555555555802e-01
4.429687500000000222e-01
4.396306818181818232e-01
4.414062500000000000e-01
4.393028846153846367e-01
4.369419642857143016e-01
4.479166666666666852e-01
4.472656250000000000e-01
4.466911764705882582e-01
4.492187500000000000e-01
4.494243421052631637e-01
4.503906249999999889e-01
4.505208333333333148e-01
4.527698863636363535e-01
4.558423913043478382e-01
4.563802083333333148e-01
4.559374999999999956e-01
4.576322115384615641e-01
4.551504629629629650e-01
4.539620535714285476e-01
4.528556034482758563e-01
4.536458333333333592e-01
4.548891129032258118e-01
4.545898437500000000e-01
4.557291666666666852e-01
4.565716911764705621e-01
4.553571428571428492e-01
4.563802083333333148e-01
4.552364864864865135e-01
4.537417763157894912e-01
4.517227564102563875e-01
4.533203124999999889e-01
4.527439024390244038e-01
4.529389880952380820e-01
4.534883720930232287e-01
4.540127840909091161e-01
4.531250000000000000e-01
4.539741847826087029e-01
4.529587765957446832e-01
4.529622395833333148e-01
4.539221938775510057e-01
4.539062500000000111e-01
4.534313725490196068e-01
4.532752403846153633e-01
4.520931603773584717e-01
4.521122685185185452e-01
4.526988636363636354e-01
4.528459821428571508e-01
4.531250000000000000e-01
4.525862068965517127e-01
4.504766949152542166e-01
4.507812500000000222e-01
4.503073770491803351e-01
4.507308467741935609e-01
4.508928571428571508e-01
4.510498046875000000e-01
4.508413461538461342e-01
4.506392045454545303e-01
4.497434701492537545e-01
4.500229779411764608e-01
4.500679347826087029e-01
4.503348214285714524e-01
4.503741197183098732e-01
4.516059027777777901e-01
4.516267123287671104e-01
4.520692567567567433e-01
4.520833333333333370e-01
4.529194078947368363e-01
4.524147727272727071e-01
4.533253205128205399e-01
4.524327531645569445e-01
4.520507812499999778e-01
4.524498456790123635e-01
4.527439024390244038e-01
4.524661144578313032e-01
4.515438988095238360e-01
4.524816176470587981e-01
4.521257267441860517e-01
4.530352011494253039e-01
4.545454545454545303e-01
4.547928370786517016e-01
4.546006944444444531e-01
4.539835164835164805e-01
4.542289402173912971e-01
4.543850806451613100e-01
4.544547872340425343e-01
4.547697368421052544e-01
4.550781250000000000e-01
4.551385309278350721e-01
4.542410714285714524e-01
4.544665404040403867e-01
4.549218749999999756e-01
4.550587871287128938e-01
4.548866421568627527e-01
4.542627427184465772e-01
4.545522836538461453e-01
4.543154761904761862e-01
4.544516509433962348e-01
4.548043224299065379e-01
4.552951388888888951e-01
4.557052752293577758e-01
4.559659090909091161e-01
4.562218468468468568e-01
4.556361607142856984e-01
4.553373893805309769e-01
4.555921052631579093e-01
4.550271739130434812e-01
4.549434267241379559e-01
4.551949786324786529e-01
4.554422669491525189e-01
4.554227941176470784e-01
4.559895833333333370e-01
4.561596074380165344e-01
4.560706967213114527e-01
4.556656504065040858e-01
4.552041330645161255e-01
4.551250000000000018e-01
4.549851190476190688e-01
4.547244094488189226e-01
4.545898437500000000e-01
4.559714147286821895e-01
4.559495192307692069e-01
4.558086832061068461e-01
4.552556818181818232e-01
4.550634398496240518e-01
4.549906716417910224e-01
4.550347222222222432e-01
4.548483455882352811e-01
4.547787408759124128e-01
4.541440217391304324e-01
4.537432553956834425e-01
4.538504464285714191e-01
4.534020390070921946e-01
4.533450704225351902e-01
4.533435314685314577e-01
4.535590277777777901e-01
4.538793103448275912e-01
4.540346746575342207e-01
4.541879251700680076e-01
4.536528716216216006e-01
4.533871644295301984e-01
4.528125000000000067e-01
4.523489238410596247e-01
4.517372532894736725e-01
4.515420751633986707e-01
4.519581980519480346e-01
4.520161290322580738e-01
4.523737980769230727e-01
4.517814490445860032e-01
4.517405063291139444e-01
4.517000786163521964e-01
4.513183593749999778e-01
4.515236801242236142e-01
4.512924382716049232e-01
4.520226226993864782e-01
4.517911585365853577e-01
4.516098484848484751e-01
4.510542168674698815e-01
4.505988023952096078e-01
4.505673363095238360e-01
4.506286982248520756e-01
4.508272058823529216e-01
4.505665204678362401e-01
4.507630813953488191e-01
4.507767341040462283e-01
4.507004310344827624e-01
4.504017857142857406e-01
4.501065340909091161e-01
4.499911723163841915e-01
4.499648876404494513e-01
4.496770251396647877e-01
4.495659722222222210e-01
4.497582872928176934e-01
4.496050824175824023e-01
4.494535519125683054e-01
4.493461277173912971e-01
4.496199324324324231e-01
4.496807795698924970e-01
4.499916443850267567e-01
4.500914228723404409e-01
4.501074735449735464e-01
4.502467105263157632e-01
4.504253926701570765e-01
4.506835937500000000e-01
4.531250000000000000e-01
4.531250000000000000e-01
4.244791666666666852e-01
4.140625000000000000e-01
4.234375000000000222e-01
4.348958333333333148e-01
4.453125000000000000e-01
4.492187500000000000e-01
4.565972222222222099e-01
4.593749999999999778e-01
4.559659090909091161e-01
4.589843750000000000e-01
4.591346153846153633e-01
4.570312500000000000e-01
4.531250000000000000e-01
4.462890625000000000e-01
4.443933823529411797e-01
4.444444444444444198e-01
4.457236842105263275e-01
4.468750000000000222e-01
4.497767857142856984e-01
4.520596590909091161e-01
4.517663043478261087e-01
4.541015625000000000e-01
4.525000000000000133e-01
4.531250000000000000e-01
4.548611111111111049e-01
4.517299107142856984e-01
4.509698275862069061e-01
4.531250000000000000e-01
4.546370967741935609e-01
4.538574218750000000e-01
4.564393939393939226e-01
4.568014705882352811e-01
4.549107142857142794e-01
4.529079861111111049e-01
4.541807432432432567e-01
4.529194078947368363e-01
4.539262820512820484e-01
4.539062500000000111e-01
4.548399390243902385e-01
4.559151785714285476e-01
4.576671511627907196e-01
4.586292613636363535e-01
4.595486111111111160e-01
4.590692934782608647e-01
4.594414893617021489e-01
4.596354166666666852e-01
4.607780612244897767e-01
4.603125000000000133e-01
4.617034313725490446e-01
4.612379807692307820e-01
4.610849056603773533e-01
4.622395833333333148e-01
4.626420454545454586e-01
4.621930803571428492e-01
4.609375000000000000e-01
4.601293103448275690e-01
4.602754237288135819e-01
4.600260416666666630e-01
4.599129098360655865e-01
4.601814516129032473e-01
4.600694444444444198e-01
4.608154296875000000e-01
4.621394230769230727e-01
4.628314393939393923e-01
4.626865671641791078e-01
4.626608455882352811e-01
4.617300724637681264e-01
4.611607142857143127e-01
4.607174295774648098e-01
4.597439236111111049e-01
4.602953767123287854e-01
4.597761824324324564e-01
4.595833333333333437e-01
4.603207236842105088e-01
4.603287337662337886e-01
4.599358974358974117e-01
4.600474683544303889e-01
4.602539062500000111e-01
4.595871913580246715e-01
4.596989329268292845e-01
4.599021084337349130e-01
4.583333333333333148e-01
4.581801470588235392e-01
4.578488372093023062e-01
4.591415229885057459e-01
4.590731534090908839e-01
4.585674157303371024e-01
4.575520833333333592e-01
4.580185439560439664e-01
4.576256793478261087e-01
4.576612903225806273e-01
4.575299202127659504e-01
4.572368421052631637e-01
4.572753906250000000e-01
4.572326030927835183e-01
4.569515306122449161e-01
4.570707070707070718e-01
4.573437499999999933e-01
4.573019801980198196e-01
4.574142156862744946e-01
4.570691747572815378e-01
4.568058894230769273e-01
4.558779761904762085e-01
4.555571933962264120e-01
4.558265186915888001e-01
4.561631944444444198e-01
4.557052752293577758e-01
4.558238636363636243e-01
4.561514639639639435e-01
4.560546875000000000e-01
4.560287610619468968e-01
4.560032894736842368e-01
4.557744565217391464e-01
4.551454741379310498e-01
4.550614316239316448e-01
4.551774364406779849e-01
4.549632352941176405e-01
4.553385416666666519e-01
4.553848140495867503e-01
4.553022540983606703e-01
4.560467479674796820e-01
4.565902217741935609e-01
4.571250000000000036e-01
4.574652777777777901e-01
4.569389763779527769e-01
4.567871093750000000e-01
4.572432170542635732e-01
4.576923076923076761e-01
4.574188931297709648e-01
4.576822916666666852e-01
4.574130639097744311e-01
4.579057835820895539e-01
4.575231481481481510e-01
4.565142463235294379e-01
4.566035583941605580e-01
4.566349637681159646e-01
4.561600719424460659e-01
4.556919642857142905e-01
4.555629432624113684e-01
4.552156690140845008e-01
4.553649475524475521e-01
4.547526041666666852e-01
4.544719827586206629e-01
4.547838184931506933e-01
4.550382653061224580e-01
4.552892736486486291e-01
4.551174496644295187e-01
4.551562499999999845e-01
4.549875827814569562e-01
4.553865131578947456e-01
4.552696078431372473e-01
4.548498376623376638e-01
4.547883064516128893e-01
4.544771634615384359e-01
4.543192675159235527e-01
4.547567246835442778e-01
4.551395440251572166e-01
4.549804687499999778e-01
4.550659937888199003e-01
4.548611111111111049e-01
4.549463190184049322e-01
4.551733993902439268e-01
4.552556818181818232e-01
4.551957831325301185e-01
4.552769461077844082e-01
4.550781250000000000e-01
4.548354289940828576e-01
4.545955882352941124e-01
4.545413011695906280e-01
4.548055959302325646e-01
4.549313583815028927e-01
4.553250718390804419e-01
4.551339285714285920e-01
4.550337357954545303e-01
4.552877824858757028e-01
4.555828651685393527e-01
4.553509078212290562e-01
4.553819444444444642e-01
4.552399861878452803e-01
4.551854395604395531e-01
4.546191939890710243e-01
4.543987771739130266e-01
4.546875000000000222e-01
4.544270833333333148e-01
4.542530080213903476e-01
4.544132313829787329e-01
4.546957671957672087e-01
4.552631578947368696e-01
4.556609947643979197e-01
4.560139973958333148e-01
4.453125000000000000e-01
4.375000000000000000e-01
4.583333333333333148e-01
4.746093750000000000e-01
4.656250000000000111e-01
4.700520833333333148e-01
4.665178571428571508e-01
4.667968750000000000e-01
4.618055555555555802e-01
4.585937500000000222e-01
4.509943181818181768e-01
4.531250000000000000e-01
4.549278846153846367e-01
4.559151785714285476e-01
4.572916666666666519e-01
4.604492187500000000e-01
4.627757352941176405e-01
4.618055555555555802e-01
4.601151315789473450e-01
4.585937500000000222e-01
4.627976190476190688e-01
4.627130681818181768e-01
4.656929347826087029e-01
4.632161458333333148e-01
4.631250000000000089e-01
4.606370192307692180e-01
4.606481481481481399e-01
4.620535714285714524e-01
4.601293103448275690e-01
4.627604166666666741e-01
4.611895161290322509e-01
4.609375000000000000e-01
4.609375000000000000e-01
4.586397058823529216e-01
4.591517857142857206e-01
4.605034722222222099e-01
4.586148648648648574e-01
4.594983552631579093e-01
4.605368589743589758e-01
4.628906250000000000e-01
4.618902439024390461e-01
4.616815476190476164e-01
4.627543604651162545e-01
4.627130681818181768e-01
4.619791666666666630e-01
4.597486413043478382e-01
4.609375000000000000e-01
4.620768229166666852e-01
4.607780612244897767e-01
4.604687499999999822e-01
4.603247549019607865e-01
4.610877403846153633e-01
4.612323113207547065e-01
4.622395833333333148e-01
4.625000000000000222e-01
4.624720982142856984e-01
4.617598684210526550e-01
4.614762931034482873e-01
4.618644067796610075e-01
4.621093749999999889e-01
4.632428278688524581e-01
4.628276209677419373e-01
4.618055555555555802e-01
4.615478515625000000e-01
4.610576923076923350e-01
4.627130681818181768e-01
4.632695895522387919e-01
4.640395220588235392e-01
4.639945652173912971e-01
4.640624999999999889e-01
4.635783450704225594e-01
4.639756944444444198e-01
4.631849315068493067e-01
4.635768581081081141e-01
4.632291666666666918e-01
4.631990131578947456e-01
4.617491883116883189e-01
4.619391025641025883e-01
4.620253164556962222e-01
4.614257812500000000e-01
4.613233024691357764e-01
4.624618902439024404e-01
4.622552710843373380e-01
4.619605654761904656e-01
4.622242647058823484e-01
4.617550872093023062e-01
4.620150862068965747e-01
4.616477272727272929e-01
4.617275280898876511e-01
4.614583333333333592e-01
4.615384615384615641e-01
4.621263586956521618e-01
4.621135752688171894e-01
4.616855053191489255e-01
4.616776315789473673e-01
4.615885416666666852e-01
4.612596649484536071e-01
4.606983418367346927e-01
4.607007575757575690e-01
4.611718750000000089e-01
4.610148514851485357e-01
4.610140931372548878e-01
4.601031553398058360e-01
4.596604567307692180e-01
4.601934523809523836e-01
4.605689858490565891e-01
4.604264018691588967e-01
4.605034722222222099e-01
4.609375000000000000e-01
4.612926136363636465e-01
4.605855855855855996e-01
4.604492187500000000e-01
4.601078539823008628e-01
4.594983552631579093e-01
4.599184782608695676e-01
4.599272629310344751e-01
4.595352564102563875e-01
4.590836864406779849e-01
4.597557773109243739e-01
4.590494791666666630e-01
4.589359504132231593e-01
4.586962090163934636e-01
4.587779471544715659e-01
4.589213709677419373e-01
4.590000000000000191e-01
4.582093253968254065e-01
4.574926181102362266e-01
4.577026367187500000e-01
4.571826550387597110e-01
4.572115384615384470e-01
4.569417938931297773e-01
4.564985795454545303e-01
4.564732142857143016e-01
4.569729477611940149e-01
4.574074074074074292e-01
4.579503676470588203e-01
4.582002737226277267e-01
4.574275362318840354e-01
4.572841726618704916e-01
4.574776785714285698e-01
4.576130319148936088e-01
4.578565140845070602e-01
4.573317307692307820e-01
4.576822916666666852e-01
4.575431034482758674e-01
4.572452910958904049e-01
4.572704081632653073e-01
4.578758445945945721e-01
4.576866610738254959e-01
4.577083333333333282e-01
4.575745033112582627e-01
4.581620065789473450e-01
4.580780228758170036e-01
4.584517045454545303e-01
4.584173387096774355e-01
4.586338141025640969e-01
4.580015923566879144e-01
4.583662974683544444e-01
4.583333333333333148e-01
4.585449218750000111e-01
4.589479813664596453e-01
4.589602623456789932e-01
4.590203220858895539e-01
4.591272865853658347e-01
4.591382575757576023e-01
4.595256024096385783e-01
4.595808383233532801e-01
4.593098958333333148e-01
4.592270710059171424e-01
4.590533088235294046e-01
4.592470760233918203e-01
4.596202761627907196e-01
4.596730491329479862e-01
4.598150143678160773e-01
4.598214285714285476e-01
4.600941051136363535e-01
4.595692090395480101e-01
4.591818820224718989e-01
4.594972067039105879e-01
4.595486111111111160e-01
4.595994475138121538e-01
4.593921703296703352e-01
4.591017759562841527e-01
4.590692934782608647e-01
4.590371621621621712e-01
4.590893817204301230e-01
4.589321524064171043e-01
4.593168218085106336e-01
4.589533730158730229e-01
4.585115131578947345e-01
4.584833115183246099e-01
4.581298828125000000e-01
4.453125000000000000e-01
4.140625000000000000e-01
4.166666666666666852e-01
4.218750000000000000e-01
4.281249999999999778e-01
4.401041666666666852e-01
4.408482142857143016e-01
4.384765625000000000e-01
4.331597222222222099e-01
4.367187499999999889e-01
4.367897727272727071e-01
4.381510416666666852e-01
4.441105769230769273e-01
4.481026785714285476e-01
4.458333333333333592e-01
4.423828125000000000e-01
4.411764705882352811e-01
4.401041666666666852e-01
4.412006578947368363e-01
4.406249999999999889e-01
4.352678571428571508e-01
4.339488636363636465e-01
4.378396739130434590e-01
4.394531250000000000e-01
4.375000000000000000e-01
4.393028846153846367e-01
4.398148148148148251e-01
4.391741071428571508e-01
4.407327586206896686e-01
4.424479166666666630e-01
4.402721774193548154e-01
4.428710937500000000e-01
4.438920454545454697e-01
4.443933823529411797e-01
4.457589285714285698e-01
4.468315972222222099e-01
4.474239864864865135e-01
4.490131578947368363e-01
4.511217948717948789e-01
4.505859374999999778e-01
4.493140243902439268e-01
4.479166666666666852e-01
4.476744186046511809e-01
4.477982954545454697e-01
4.458333333333333592e-01
4.463315217391304324e-01
4.481382978723404409e-01
4.479166666666666852e-01
4.481823979591836871e-01
4.476562499999999778e-01
4.459252450980392135e-01
4.460637019230769273e-01
4.472287735849056478e-01
4.467592592592592449e-01
4.463068181818181657e-01
4.483816964285714524e-01
4.475054824561403577e-01
4.490840517241379559e-01
4.503442796610169219e-01
4.496093749999999778e-01
4.497950819672131284e-01
4.494707661290322509e-01
4.500248015873015706e-01
4.510498046875000000e-01
4.509615384615384692e-01
4.506392045454545303e-01
4.507929104477612081e-01
4.508272058823529216e-01
4.519927536231884146e-01
4.518973214285714191e-01
4.520246478873239382e-01
4.518229166666666852e-01
4.517337328767123128e-01
4.514358108108108003e-01
4.525000000000000133e-01
4.533305921052631637e-01
4.542410714285714524e-01
4.542267628205128305e-01
4.538172468354430555e-01
4.530273437499999778e-01
4.528356481481481399e-01
4.528391768292682751e-01
4.531250000000000000e-01
4.526599702380952328e-01
4.527573529411764719e-01
4.519440406976744096e-01
4.524066091954023205e-01
4.532137784090908839e-01
4.535639044943819975e-01
4.536458333333333592e-01
4.538976648351648602e-01
4.543138586956521618e-01
4.542170698924731242e-01
4.546210106382978511e-01
4.546875000000000222e-01
4.547526041666666852e-01
4.548969072164948391e-01
4.547193877551020669e-01
4.542297979797979557e-01
4.542968749999999889e-01
4.539758663366336711e-01
4.540441176470588203e-01
4.535042475728155442e-01
4.537259615384615641e-01
4.535714285714285698e-01
4.530512971698112956e-01
4.534170560747663448e-01
4.528356481481481399e-01
4.531250000000000000e-01
4.535511363636363646e-01
4.529842342342342287e-01
4.525669642857143016e-01
4.529175884955752296e-01
4.528508771929824483e-01
4.531929347826086918e-01
4.535290948275861878e-01
4.535924145299145560e-01
4.538532838983050932e-01
4.543067226890756261e-01
4.539713541666666741e-01
4.542871900826446208e-01
4.540215163934426257e-01
4.542047764227642448e-01
4.538810483870967527e-01
4.546250000000000013e-01
4.546750992063491870e-01
4.538631889763779514e-01
4.538574218750000000e-01
4.540939922480620172e-01
4.542668269230769051e-01
4.542581106870228758e-01
4.541903409090908839e-01
4.541823308270676596e-01
4.541161380597014685e-01
4.536458333333333592e-01
4.531250000000000000e-01
4.534101277372262762e-01
4.534080615942028825e-01
4.537432553956834425e-01
4.534598214285714413e-01
4.532912234042553168e-01
4.535651408450704358e-01
4.534527972027971865e-01
4.537760416666666852e-01
4.541487068965517349e-01
4.543557363013698835e-01
4.544005102040816202e-01
4.544974662162162282e-01
4.543309563758389236e-01
4.541666666666666630e-01
4.541080298013245309e-01
4.539473684210526550e-01
4.542483660130718914e-01
4.537337662337662114e-01
4.538306451612903469e-01
4.540765224358974117e-01
4.540704617834395163e-01
4.545094936708860556e-01
4.549430031446540790e-01
4.549316406250000222e-01
4.550174689440993903e-01
4.549093364197530631e-01
4.546587423312883347e-01
4.545541158536585136e-01
4.546401515151515249e-01
4.543957078313253239e-01
4.544816616766467199e-01
4.543805803571428492e-01
4.539571005917159563e-01
4.540441176470588203e-01
4.541758040935672258e-01
4.538971656976744096e-01
4.534411127167630173e-01
4.532596982758620441e-01
4.534821428571428337e-01
4.532137784090908839e-01
4.532574152542372947e-01
4.535200140449437978e-01
4.536487430167597812e-01
4.536024305555555469e-01
4.538587707182320519e-01
4.538118131868131844e-01
4.543203551912568527e-01
4.546535326086956763e-01
4.545185810810810634e-01
4.545110887096774355e-01
4.546290106951871857e-01
4.547041223404255095e-01
4.549024470899470929e-01
4.546052631578947345e-01
4.550474476439790306e-01
4.551188151041666852e-01
4.609375000000000000e-01
4.257812500000000000e-01
4.322916666666666852e-01
4.316406250000000000e-01
4.578125000000000111e-01
4.531250000000000000e-01
4.553571428571428492e-01
4.580078125000000000e-01
4.626736111111111049e-01
4.585937500000000222e-01
4.623579545454545303e-01
4.615885416666666852e-01
4.651442307692307820e-01
4.598214285714285476e-01
4.609375000000000000e-01
4.584960937500000000e-01
4.572610294117647189e-01
4.592013888888888951e-01
4.564144736842105088e-01
4.605468750000000222e-01
4.631696428571428492e-01
4.612926136363636465e-01
4.636548913043478382e-01
4.638671875000000000e-01
4.631250000000000089e-01
4.630408653846153633e-01
4.632523148148148251e-01
4.640066964285714524e-01
4.625538793103448065e-01
4.619791666666666630e-01
4.634576612903225645e-01
4.624023437500000000e-01
4.642518939393939226e-01
4.607077205882352811e-01
4.598214285714285476e-01
4.618055555555555802e-01
4.607263513513513709e-01
4.601151315789473450e-01
4.597355769230769273e-01
4.605468750000000222e-01
4.596036585365853577e-01
4.596354166666666852e-01
4.574854651162790775e-01
4.563210227272727071e-01
4.565972222222222099e-01
4.570312500000000000e-01
4.564494680851063912e-01
4.555664062500000000e-01
4.550382653061224580e-01
4.546875000000000222e-01
4.548100490196078649e-01
4.543269230769230727e-01
4.537146226415094130e-01
4.537037037037037202e-01
4.534090909090909283e-01
4.541015625000000000e-01
4.550438596491228060e-01
4.554148706896551935e-01
4.553760593220338992e-01
4.559895833333333370e-01
4.551741803278688270e-01
4.553931451612903136e-01
4.557291666666666852e-01
4.552001953125000000e-01
4.543269230769230727e-01
4.552556818181818232e-01
4.551072761194029925e-01
4.550781250000000000e-01
4.549365942028985588e-01
4.554687499999999778e-01
4.545554577464788748e-01
4.529079861111111049e-01
4.525898972602739878e-01
4.527027027027026862e-01
4.531250000000000000e-01
4.523026315789473450e-01
4.525162337662337886e-01
4.525240384615384359e-01
4.530261075949367222e-01
4.530273437499999778e-01
4.530285493827160281e-01
4.533155487804877981e-01
4.539721385542168641e-01
4.543340773809523836e-01
4.547794117647058765e-01
4.552143895348837455e-01
4.553699712643677899e-01
4.556995738636363535e-01
4.559339887640449507e-01
4.559895833333333370e-01
4.557864010989011172e-01
4.541440217391304324e-01
4.542170698924731242e-01
4.552859042553191737e-01
4.560855263157894690e-01
4.555664062500000000e-01
4.555412371134020533e-01
4.550382653061224580e-01
4.558080808080808288e-01
4.561718750000000044e-01
4.567605198019801804e-01
4.562653186274509554e-01
4.572967233009708754e-01
4.568810096153846367e-01
4.564732142857143016e-01
4.565153301886792359e-01
4.564836448598130758e-01
4.563802083333333148e-01
4.560636467889908063e-01
4.559659090909091161e-01
4.557995495495495430e-01
4.559151785714285476e-01
4.557522123893805177e-01
4.559347587719298489e-01
4.559103260869565299e-01
4.560210129310344751e-01
4.558627136752136932e-01
4.551774364406779849e-01
4.550288865546218697e-01
4.550781250000000000e-01
4.554493801652892415e-01
4.551741803278688270e-01
4.548399390243902385e-01
4.553931451612903136e-01
4.549374999999999947e-01
4.554811507936508130e-01
4.559547244094488416e-01
4.561157226562500000e-01
4.560925387596899139e-01
4.561298076923077094e-01
4.563454198473282375e-01
4.563210227272727071e-01
4.568843984962406291e-01
4.570895522388059851e-01
4.569444444444444309e-01
4.569163602941176405e-01
4.569457116788321338e-01
4.577672101449275499e-01
4.581272482014388525e-01
4.580357142857142683e-01
4.576130319148936088e-01
4.577464788732394374e-01
4.575502622377622397e-01
4.572482638888888951e-01
4.566810344827585966e-01
4.566031678082191902e-01
4.563137755102040782e-01
4.565033783783783994e-01
4.571098993288590373e-01
4.572916666666666519e-01
4.579884105960264629e-01
4.582134046052631637e-01
4.582822712418300748e-01
4.589082792207792028e-01
4.589213709677419373e-01
4.590344551282051211e-01
4.593949044585987074e-01
4.592068829113923889e-01
4.593651729559748431e-01
4.595703125000000222e-01
4.596758540372670732e-01
4.597318672839506015e-01
4.591161809815950678e-01
4.589367378048780366e-01
4.591382575757576023e-01
4.588667168674698815e-01
4.589258982035928081e-01
4.589843750000000000e-01
4.590421597633135842e-01
4.585937500000000222e-01
4.585617690058479412e-01
4.583938953488372325e-01
4.584989161849710726e-01
4.580190373563218231e-01
4.576785714285714346e-01
4.575195312500000000e-01
4.572740112994350126e-01
4.569434691011236005e-01
4.567475558659218060e-01
4.573784722222222210e-01
4.580024171270718480e-01
4.581902472527472625e-01
4.583760245901639108e-01
4.583050271739130266e-01
4.583614864864865024e-01
4.583753360215053752e-01
4.585561497326203217e-01
4.582779255319148759e-01
4.583746693121693028e-01
4.579769736842105310e-01
4.582787958115183136e-01
4.581298828125000000e-01
4.453125000000000000e-01
4.257812500000000000e-01
4.427083333333333148e-01
4.531250000000000000e-01
4.593749999999999778e-01
4.518229166666666852e-01
4.475446428571428492e-01
4.453125000000000000e-01
4.470486111111111049e-01
4.460937500000000111e-01
4.481534090909091161e-01
4.537760416666666852e-01
4.549278846153846367e-01
4.492187500000000000e-01
4.510416666666666741e-01
4.526367187500000000e-01
4.489889705882352811e-01
4.483506944444444198e-01
4.494243421052631637e-01
4.492187500000000000e-01
4.468005952380952328e-01
4.470880681818181768e-01
4.504076086956521618e-01
4.485677083333333148e-01
4.481249999999999956e-01
4.489182692307692180e-01
4.476273148148148251e-01
4.478236607142856984e-01
4.490840517241379559e-01
4.500000000000000111e-01
4.506048387096774355e-01
4.543457031250000000e-01
4.533617424242424310e-01
4.515165441176470784e-01
4.524553571428571175e-01
4.537760416666666852e-01
4.527027027027026862e-01
4.527138157894736725e-01
4.505208333333333148e-01
4.494140624999999889e-01
4.506478658536585136e-01
4.507068452380952328e-01
4.507630813953488191e-01
4.517045454545454697e-01
4.503472222222222321e-01
4.509171195652174058e-01
4.502992021276595591e-01
4.485677083333333148e-01
4.486607142857143016e-01
4.506249999999999978e-01
4.497549019607843257e-01
4.504206730769230727e-01
4.503242924528301772e-01
4.503761574074073848e-01
4.490056818181818454e-01
4.483816964285714524e-01
4.480537280701754610e-01
4.493534482758620441e-01
4.494173728813559143e-01
4.503906249999999889e-01
4.504354508196721230e-01
4.501008064516128782e-01
4.499007936507936622e-01
4.508056640625000000e-01
4.509615384615384692e-01
4.504024621212120993e-01
4.493936567164178997e-01
4.510569852941176405e-01
4.508605072463768293e-01
4.513392857142857206e-01
4.511443661971831220e-01
4.506293402777777901e-01
4.506635273972602884e-01
4.506967905405405150e-01
4.517708333333333437e-01
4.526110197368420907e-01
4.519074675324675217e-01
4.514222756410256610e-01
4.518393987341772222e-01
4.510742187499999778e-01
4.507137345679012586e-01
4.506478658536585136e-01
4.502070783132530174e-01
4.496837797619047672e-01
4.489889705882352811e-01
4.484011627906976938e-01
4.487248563218390607e-01
4.486860795454545303e-01
4.491748595505618002e-01
4.490451388888888618e-01
4.490899725274725141e-01
4.481148097826087029e-01
4.493447580645161255e-01
4.504654255319148759e-01
4.501644736842105310e-01
4.503580729166666852e-01
4.499033505154639290e-01
4.498565051020408379e-01
4.498895202020202211e-01
4.499218750000000266e-01
4.499535891089108675e-01
4.499846813725490446e-01
4.500910194174757017e-01
4.501953125000000000e-01
4.506696428571428381e-01
4.506928066037735880e-01
4.502774532710280275e-01
4.505208333333333148e-01
4.502580275229357554e-01
4.503551136363636576e-01
