1.038311624526977539e+01
9.702367544174194336e+00
9.681869745254516602e+00
8.935373306274414062e+00
9.421429395675659180e+00
9.356295108795166016e+00
9.591082811355590820e+00
9.082496881484985352e+00
9.261482954025268555e+00
9.532745838165283203e+00
9.557718515396118164e+00
9.622034549713134766e+00
9.587517976760864258e+00
9.264130830764770508e+00
9.236618518829345703e+00
9.338990926742553711e+00
9.670608282089233398e+00
9.389754533767700195e+00
9.040201187133789062e+00
9.976937770843505859e+00
9.616152524948120117e+00
9.608454465866088867e+00
9.796707630157470703e+00
9.358292341232299805e+00
9.407965660095214844e+00
9.082923173904418945e+00
9.636513471603393555e+00
9.410073518753051758e+00
9.432084560394287109e+00
9.444568872451782227e+00
9.187939643859863281e+00
9.724927425384521484e+00
9.177236795425415039e+00
9.315914869308471680e+00
9.260444164276123047e+00
9.598907947540283203e+00
9.612925767898559570e+00
8.990797042846679688e+00
9.537596464157104492e+00
9.720013380050659180e+00
9.019631624221801758e+00
9.236412286758422852e+00
9.640271425247192383e+00
9.508012533187866211e+00
9.531228780746459961e+00
9.413735151290893555e+00
9.692373275756835938e+00
9.864496707916259766e+00
9.548979520797729492e+00
9.085814237594604492e+00
9.173226118087768555e+00
9.491065263748168945e+00
8.992783784866333008e+00
9.786422491073608398e+00
9.627470254898071289e+00
9.564488649368286133e+00
9.378801584243774414e+00
9.532916545867919922e+00
9.491093635559082031e+00
9.261433124542236328e+00
9.424744844436645508e+00
9.218921184539794922e+00
9.728875398635864258e+00
9.299129247665405273e+00
9.778159618377685547e+00
9.702238798141479492e+00
9.434912204742431641e+00
1.007442212104797363e+01
9.502824783325195312e+00
9.352083444595336914e+00
8.943300247192382812e+00
9.163755655288696289e+00
9.084437847137451172e+00
9.040302753448486328e+00
9.273260354995727539e+00
8.901463985443115234e+00
9.546891212463378906e+00
8.992711305618286133e+00
9.302066802978515625e+00
8.947856664657592773e+00
9.209363222122192383e+00
9.729493141174316406e+00
9.577707290649414062e+00
9.466918706893920898e+00
9.223500251770019531e+00
9.008897781372070312e+00
9.436956167221069336e+00
9.616641521453857422e+00
9.587141036987304688e+00
9.556962966918945312e+00
9.553402423858642578e+00
9.783792495727539062e+00
9.261459589004516602e+00
9.616635560989379883e+00
9.741528272628784180e+00
9.854965448379516602e+00
9.299165248870849609e+00
9.304907083511352539e+00
9.358928918838500977e+00
9.683128833770751953e+00
9.309750080108642578e+00
9.769403219223022461e+00
1.215445232391357422e+01
9.368321418762207031e+00
9.837604045867919922e+00
9.417861700057983398e+00
9.100539684295654297e+00
9.124773025512695312e+00
9.253534078598022461e+00
9.157004833221435547e+00
9.301187276840209961e+00
9.461302280426025391e+00
8.793799161911010742e+00
9.141833066940307617e+00
9.298914432525634766e+00
9.388920068740844727e+00
9.429489374160766602e+00
8.780891418457031250e+00
8.525143146514892578e+00
8.856411695480346680e+00
9.146745920181274414e+00
9.037115335464477539e+00
8.837933301925659180e+00
8.967369318008422852e+00
9.402676582336425781e+00
9.537050247192382812e+00
8.832582712173461914e+00
9.404549837112426758e+00
9.479179143905639648e+00
9.575993299484252930e+00
9.286614894866943359e+00
8.939341068267822266e+00
8.884862899780273438e+00
9.439764738082885742e+00
9.641151905059814453e+00
8.137824773788452148e+00
8.234066009521484375e+00
8.598137617111206055e+00
9.540042638778686523e+00
9.364436626434326172e+00
9.776075124740600586e+00
9.665220737457275391e+00
9.282742023468017578e+00
9.413064002990722656e+00
8.418885707855224609e+00
8.449683666229248047e+00
8.492657184600830078e+00
9.480419158935546875e+00
9.479687213897705078e+00
9.281961441040039062e+00
9.425104141235351562e+00
9.208050012588500977e+00
9.216922283172607422e+00
9.712266445159912109e+00
9.153585672378540039e+00
8.853725910186767578e+00
9.670252084732055664e+00
9.707291841506958008e+00
9.361817598342895508e+00
6.537119865417480469e+00
6.426649570465087891e+00
6.425133943557739258e+00
9.276104688644409180e+00
9.243127346038818359e+00
9.567957162857055664e+00
9.585954666137695312e+00
9.301916122436523438e+00
9.384356260299682617e+00
9.016779661178588867e+00
9.343107223510742188e+00
9.301176071166992188e+00
9.200509071350097656e+00
9.627661228179931641e+00
8.831387996673583984e+00
9.324444532394409180e+00
9.430912971496582031e+00
9.526825189590454102e+00
9.548288583755493164e+00
9.511158466339111328e+00
9.314538955688476562e+00
9.122523784637451172e+00
9.668978214263916016e+00
9.606163263320922852e+00
9.389086246490478516e+00
9.245590448379516602e+00
9.632195711135864258e+00
9.599093198776245117e+00
9.322838068008422852e+00
9.541830778121948242e+00
9.529520034790039062e+00
9.194723606109619141e+00
9.622813701629638672e+00
9.794919013977050781e+00
9.093059778213500977e+00
9.075912475585937500e+00
9.859900712966918945e+00
9.316985845565795898e+00
9.417760848999023438e+00
9.755826711654663086e+00
9.500406265258789062e+00
9.755711078643798828e+00
8.646723270416259766e+00
9.607306480407714844e+00
8.972815275192260742e+00
9.721095323562622070e+00
9.870324850082397461e+00
9.636802434921264648e+00
9.204573154449462891e+00
9.277182102203369141e+00
8.957220077514648438e+00
9.189568519592285156e+00
9.338346004486083984e+00
9.670531988143920898e+00
8.926318883895874023e+00
8.847874641418457031e+00
9.133600950241088867e+00
9.755164861679077148e+00
9.569329261779785156e+00
9.232274532318115234e+00
9.709331274032592773e+00
9.181661128997802734e+00
9.341320753097534180e+00
8.697340965270996094e+00
9.076964616775512695e+00
8.606946706771850586e+00
9.677450418472290039e+00
9.157698154449462891e+00
9.529146432876586914e+00
9.823625326156616211e+00
9.525408983230590820e+00
9.334662914276123047e+00
8.930472612380981445e+00
9.300992012023925781e+00
9.450145959854125977e+00
9.625827550888061523e+00
9.448012590408325195e+00
9.744582176208496094e+00
9.625041484832763672e+00
9.199599027633666992e+00
4.569386720657348633e+00
9.568607568740844727e+00
9.624379634857177734e+00
9.730955839157104492e+00
8.742634057998657227e+00
9.542857408523559570e+00
9.459545373916625977e+00
9.373314380645751953e+00
8.943718194961547852e+00
9.076405048370361328e+00
1.001246857643127441e+01
9.549593448638916016e+00
9.399748802185058594e+00
9.261363029479980469e+00
8.968516588211059570e+00
9.240225076675415039e+00
9.072237730026245117e+00
9.442622900009155273e+00
9.311790227890014648e+00
8.768063783645629883e+00
9.902465581893920898e+00
9.324806928634643555e+00
9.518760204315185547e+00
9.471098661422729492e+00
9.313555002212524414e+00
9.361878633499145508e+00
9.021381855010986328e+00
9.241985321044921875e+00
9.527262926101684570e+00
9.393661737442016602e+00
9.708770751953125000e+00
9.138598918914794922e+00
9.699393510818481445e+00
9.090786457061767578e+00
9.232733011245727539e+00
9.035011291503906250e+00
9.421612262725830078e+00
9.491981744766235352e+00
9.146759271621704102e+00
9.446977615356445312e+00
9.728268623352050781e+00
9.176801681518554688e+00
9.070774793624877930e+00
9.396384477615356445e+00
9.618340969085693359e+00
9.285391330718994141e+00
9.413131475448608398e+00
9.445660114288330078e+00
9.802948951721191406e+00
9.668783187866210938e+00
9.371371746063232422e+00
9.277960062026977539e+00
7.501537799835205078e+00
7.390321254730224609e+00
7.804682254791259766e+00
9.548701286315917969e+00
9.573733568191528320e+00
9.277007102966308594e+00
9.634428262710571289e+00
9.604281187057495117e+00
9.372247219085693359e+00
9.513705968856811523e+00
9.313479900360107422e+00
9.549297332763671875e+00
9.467430353164672852e+00
9.749887466430664062e+00
9.459235191345214844e+00
9.343818187713623047e+00
1.002171039581298828e+01
9.745971202850341797e+00
9.138504505157470703e+00
8.958422183990478516e+00
9.232000350952148438e+00
9.252031326293945312e+00
8.998908042907714844e+00
9.446766376495361328e+00
8.682364702224731445e+00
9.271209478378295898e+00
8.874330997467041016e+00
9.073646068572998047e+00
8.821320056915283203e+00
9.146708250045776367e+00
8.828334093093872070e+00
8.821672677993774414e+00
8.783577203750610352e+00
9.294781684875488281e+00
9.154164314270019531e+00
9.295335769653320312e+00
9.538235902786254883e+00
9.340832233428955078e+00
9.325987100601196289e+00
1.050156903266906738e+01
9.475185632705688477e+00
9.229363679885864258e+00
9.400311708450317383e+00
9.857481718063354492e+00
9.660374641418457031e+00
9.194340705871582031e+00
9.186602830886840820e+00
9.192726135253906250e+00
1.001647210121154785e+01
9.163812637329101562e+00
9.663811206817626953e+00
9.536767959594726562e+00
9.625934362411499023e+00
9.630094289779663086e+00
9.324346780776977539e+00
9.339007616043090820e+00
9.243939638137817383e+00
9.129750013351440430e+00
9.297579288482666016e+00
9.393834590911865234e+00
9.534530162811279297e+00
8.653394222259521484e+00
9.260320901870727539e+00
9.407774209976196289e+00
9.651044845581054688e+00
9.440405368804931641e+00
9.429389476776123047e+00
9.295557498931884766e+00
9.522874832153320312e+00
9.412147045135498047e+00
9.329408407211303711e+00
9.179364919662475586e+00
9.421893835067749023e+00
9.635795354843139648e+00
9.635837554931640625e+00
8.938161611557006836e+00
9.439155340194702148e+00
9.417924642562866211e+00
9.749742031097412109e+00
9.146432638168334961e+00
8.889093875885009766e+00
8.864931821823120117e+00
9.383975267410278320e+00
9.713293075561523438e+00
9.534200429916381836e+00
9.128078222274780273e+00
9.474249839782714844e+00
9.634730339050292969e+00
9.189167737960815430e+00
9.519087553024291992e+00
9.737742185592651367e+00
9.469663619995117188e+00
9.355903148651123047e+00
9.183883190155029297e+00
9.254406213760375977e+00
9.721470117568969727e+00
9.462363243103027344e+00
9.333951711654663086e+00
9.318133592605590820e+00
9.621282100677490234e+00
9.137315273284912109e+00
9.520894765853881836e+00
9.395391464233398438e+00
9.178398609161376953e+00
9.047271966934204102e+00
9.702807188034057617e+00
9.504201650619506836e+00
9.442795515060424805e+00
9.601318597793579102e+00
9.675652265548706055e+00
9.485175609588623047e+00
9.212026596069335938e+00
9.411358594894409180e+00
9.750359535217285156e+00
9.489655017852783203e+00
9.330692291259765625e+00
9.316350221633911133e+00
9.074142456054687500e+00
9.178273439407348633e+00
9.331083536148071289e+00
9.153867483139038086e+00
9.500003814697265625e+00
9.004392147064208984e+00
9.020107030868530273e+00
9.124006509780883789e+00
9.392964839935302734e+00
9.488557100296020508e+00
9.424781799316406250e+00
9.359567642211914062e+00
8.960283517837524414e+00
9.493068933486938477e+00
9.422667741775512695e+00
9.337113380432128906e+00
9.230259180068969727e+00
9.347419023513793945e+00
9.698416471481323242e+00
8.981746196746826172e+00
9.358921051025390625e+00
9.603490829467773438e+00
9.538738489151000977e+00
9.349484443664550781e+00
9.646527051925659180e+00
8.923182964324951172e+00
9.314324140548706055e+00
1.025122404098510742e+01
9.643313884735107422e+00
9.813996791839599609e+00
9.435511350631713867e+00
9.266983985900878906e+00
9.650756120681762695e+00
8.980940580368041992e+00
9.837410688400268555e+00
8.943919897079467773e+00
9.657189607620239258e+00
9.664171457290649414e+00
9.455967664718627930e+00
9.051824808120727539e+00
9.226439237594604492e+00
8.940592765808105469e+00
9.171137809753417969e+00
9.354477405548095703e+00
9.460439443588256836e+00
9.300413846969604492e+00
9.206711292266845703e+00
9.417074918746948242e+00
9.563003301620483398e+00
9.556183338165283203e+00
9.230373144149780273e+00
9.841097116470336914e+00
9.359236001968383789e+00
9.252882242202758789e+00
9.199321269989013672e+00
9.744966983795166016e+00
9.426530599594116211e+00
9.538854598999023438e+00
9.326076030731201172e+00
9.680764436721801758e+00
9.386857986450195312e+00
9.278203248977661133e+00
9.147003650665283203e+00
8.822790145874023438e+00
9.473781347274780273e+00
9.426020860671997070e+00
9.225557088851928711e+00
9.533329010009765625e+00
9.385682106018066406e+00
9.484866380691528320e+00
9.387892246246337891e+00
4.466551303863525391e+00
9.205313444137573242e+00
9.601570844650268555e+00
9.548664093017578125e+00
9.122946262359619141e+00
9.177373886108398438e+00
9.498149633407592773e+00
9.217120885848999023e+00
9.012192726135253906e+00
8.977520465850830078e+00
9.549766302108764648e+00
9.169735670089721680e+00
9.459035634994506836e+00
9.296482801437377930e+00
9.136503696441650391e+00
9.234849452972412109e+00
9.581454038619995117e+00
9.613964080810546875e+00
9.196971654891967773e+00
1.084804272651672363e+01
9.774033784866333008e+00
9.673618078231811523e+00
9.427606105804443359e+00
9.646535396575927734e+00
9.111831665039062500e+00
9.188206195831298828e+00
9.067890167236328125e+00
9.217736721038818359e+00
9.284010887145996094e+00
9.535214662551879883e+00
9.493963718414306641e+00
8.970608234405517578e+00
9.621568679809570312e+00
9.015761375427246094e+00
9.166265249252319336e+00
8.933983802795410156e+00
9.401959896087646484e+00
9.550062656402587891e+00
8.948354244232177734e+00
9.691173315048217773e+00
9.618489265441894531e+00
9.244934320449829102e+00
9.078901052474975586e+00
9.539478302001953125e+00
9.389357566833496094e+00
9.296148538589477539e+00
9.167786598205566406e+00
9.366177082061767578e+00
9.791738271713256836e+00
9.893151521682739258e+00
9.477228879928588867e+00
9.355988740921020508e+00
9.540714740753173828e+00
8.807571649551391602e+00
9.540515899658203125e+00
9.627960443496704102e+00
9.550785779953002930e+00
9.487795114517211914e+00
9.645231008529663086e+00
9.233624458312988281e+00
9.187145471572875977e+00
9.341683864593505859e+00
9.127362966537475586e+00
9.832372188568115234e+00
9.200853347778320312e+00
9.701278209686279297e+00
9.555673360824584961e+00
9.533863306045532227e+00
9.739529848098754883e+00
9.518452644348144531e+00
9.240044832229614258e+00
8.910743236541748047e+00
9.519362688064575195e+00
9.007115840911865234e+00
9.119978189468383789e+00
9.293860197067260742e+00
8.691210508346557617e+00
9.344657897949218750e+00
8.672488689422607422e+00
1.006134176254272461e+01
8.731791734695434570e+00
9.231604337692260742e+00
9.556517839431762695e+00
9.782563924789428711e+00
9.320843458175659180e+00
9.114346504211425781e+00
9.124298334121704102e+00
9.083978176116943359e+00
9.534096240997314453e+00
9.475881099700927734e+00
9.128242015838623047e+00
1.075027656555175781e+01
9.473640680313110352e+00
9.188956975936889648e+00
9.483173131942749023e+00
1.012249064445495605e+01
9.777339458465576172e+00
9.047752618789672852e+00
9.131770372390747070e+00
9.094967842102050781e+00
9.590535640716552734e+00
9.387645006179809570e+00
9.338617801666259766e+00
9.564366579055786133e+00
9.577941656112670898e+00
9.691362619400024414e+00
9.366534471511840820e+00
9.308009862899780273e+00
9.259069204330444336e+00
9.053462028503417969e+00
9.093237400054931641e+00
9.154042720794677734e+00
9.739003181457519531e+00
8.577126979827880859e+00
8.903743743896484375e+00
9.354648828506469727e+00
9.468672513961791992e+00
9.562998771667480469e+00
9.616693019866943359e+00
9.161682367324829102e+00
9.583667039871215820e+00
9.524451494216918945e+00
9.159272432327270508e+00
8.834630012512207031e+00
9.379502058029174805e+00
9.411351680755615234e+00
9.564264297485351562e+00
8.874924182891845703e+00
9.000716686248779297e+00
9.458973884582519531e+00
9.622963190078735352e+00
9.349005222320556641e+00
9.242862701416015625e+00
8.935014486312866211e+00
9.504006624221801758e+00
9.609466314315795898e+00
9.079648971557617188e+00
9.281713724136352539e+00
9.508253812789916992e+00
9.532385826110839844e+00
9.272525787353515625e+00
9.629373550415039062e+00
9.567583799362182617e+00
9.285086393356323242e+00
8.993920803070068359e+00
9.332598686218261719e+00
9.467520713806152344e+00
9.708482027053833008e+00
9.117966651916503906e+00
9.650252819061279297e+00
9.276578187942504883e+00
9.416625976562500000e+00
9.361388683319091797e+00
9.363093614578247070e+00
9.389788389205932617e+00
9.233758211135864258e+00
9.190025806427001953e+00
9.747498512268066406e+00
9.557417154312133789e+00
9.303198337554931641e+00
9.469617128372192383e+00
9.556870460510253906e+00
9.453670740127563477e+00
9.156840085983276367e+00
9.410018682479858398e+00
9.523189783096313477e+00
9.552671909332275391e+00
9.571925401687622070e+00
9.374374866485595703e+00
8.991238832473754883e+00
9.225316286087036133e+00
9.325667619705200195e+00
9.291049480438232422e+00
9.737918853759765625e+00
9.104874849319458008e+00
9.355067253112792969e+00
9.195258617401123047e+00
9.649062633514404297e+00
9.536304473876953125e+00
9.593664407730102539e+00
9.310907363891601562e+00
8.901250839233398438e+00
9.449887275695800781e+00
9.264975070953369141e+00
9.291304826736450195e+00
9.553442478179931641e+00
9.746168375015258789e+00
9.677313327789306641e+00
9.063728332519531250e+00
9.349140882492065430e+00
9.574344873428344727e+00
9.516070365905761719e+00
9.481371402740478516e+00
9.603466987609863281e+00
8.857499122619628906e+00
9.243480205535888672e+00
9.892000913619995117e+00
9.226806640625000000e+00
9.348181247711181641e+00
9.320884227752685547e+00
9.198542118072509766e+00
9.399629354476928711e+00
8.958861827850341797e+00
1.000199699401855469e+01
9.229121923446655273e+00
9.932831287384033203e+00
9.724685192108154297e+00
9.410593271255493164e+00
9.108904600143432617e+00
9.153884649276733398e+00
8.956583023071289062e+00
9.102760314941406250e+00
9.272616147994995117e+00
9.247215032577514648e+00
9.450531959533691406e+00
8.863088846206665039e+00
9.327092647552490234e+00
9.451370477676391602e+00
9.451203107833862305e+00
9.042934417724609375e+00
9.599185943603515625e+00
9.308082342147827148e+00
9.253281116485595703e+00
9.498815774917602539e+00
9.701726198196411133e+00
9.325462579727172852e+00
9.521704435348510742e+00
9.074886083602905273e+00
9.480842590332031250e+00
1.077973556518554688e+01
9.324472665786743164e+00
9.137670516967773438e+00
8.727171659469604492e+00
9.559748649597167969e+00
9.607806205749511719e+00
8.979864835739135742e+00
9.358578205108642578e+00
9.440096616744995117e+00
9.380726814270019531e+00
9.382969856262207031e+00
4.507182359695434570e+00
9.364076137542724609e+00
9.573858976364135742e+00
9.697251319885253906e+00
8.799972057342529297e+00
9.268777370452880859e+00
9.306713819503784180e+00
9.359790325164794922e+00
8.927408933639526367e+00
8.921731233596801758e+00
9.387807607650756836e+00
9.421592235565185547e+00
9.436316013336181641e+00
9.525909185409545898e+00
8.862794876098632812e+00
9.174675464630126953e+00
9.294357776641845703e+00
9.339184522628784180e+00
9.448262214660644531e+00
9.072874784469604492e+00
9.723378181457519531e+00
9.292318820953369141e+00
9.650468349456787109e+00
9.593418121337890625e+00
9.110873937606811523e+00
9.044071912765502930e+00
9.264261722564697266e+00
9.303804397583007812e+00
9.228584766387939453e+00
9.234533071517944336e+00
9.257820367813110352e+00
8.935507774353027344e+00
9.656946897506713867e+00
9.175091505050659180e+00
9.327691316604614258e+00
9.199800729751586914e+00
9.544572830200195312e+00
9.535234212875366211e+00
8.847378969192504883e+00
9.366950988769531250e+00
9.535867929458618164e+00
9.236881732940673828e+00
9.092875719070434570e+00
9.508364915847778320e+00
9.544329166412353516e+00
9.575939893722534180e+00
9.291774749755859375e+00
9.511248826980590820e+00
9.777007818222045898e+00
9.416407585144042969e+00
9.164976596832275391e+00
9.315062284469604492e+00
9.387200117111206055e+00
8.976814746856689453e+00
9.575645923614501953e+00
9.412740230560302734e+00
9.570625543594360352e+00
9.373172521591186523e+00
9.676508188247680664e+00
9.646094322204589844e+00
9.227781772613525391e+00
9.292305946350097656e+00
9.102201461791992188e+00
9.700009822845458984e+00
9.425759077072143555e+00
9.585115194320678711e+00
9.621923446655273438e+00
9.673974990844726562e+00
9.871914625167846680e+00
9.717009305953979492e+00
9.318116426467895508e+00
8.940699100494384766e+00
9.387352705001831055e+00
9.002984762191772461e+00
9.082165718078613281e+00
9.225208044052124023e+00
8.783159017562866211e+00
9.341773033142089844e+00
8.622705221176147461e+00
9.126098155975341797e+00
8.607461214065551758e+00
9.050477981567382812e+00
9.669031381607055664e+00
9.715641021728515625e+00
9.647550821304321289e+00
9.117923974990844727e+00
8.955843925476074219e+00
9.129127025604248047e+00
9.698639392852783203e+00
9.465507984161376953e+00
9.316420555114746094e+00
9.508067131042480469e+00
9.388355255126953125e+00
9.046426534652709961e+00
9.228019237518310547e+00
9.385435342788696289e+00
9.461872816085815430e+00
9.259463548660278320e+00
9.279090404510498047e+00
9.492679595947265625e+00
9.640644311904907227e+00
9.278531074523925781e+00
9.387931585311889648e+00
9.316402673721313477e+00
9.423226356506347656e+00
9.532538652420043945e+00
9.398925781250000000e+00
9.377235889434814453e+00
9.209078073501586914e+00
9.019183874130249023e+00
9.108253479003906250e+00
9.307526588439941406e+00
9.389326095581054688e+00
8.997406959533691406e+00
9.012386322021484375e+00
9.465331315994262695e+00
9.331040859222412109e+00
9.617806673049926758e+00
9.568945407867431641e+00
9.302693367004394531e+00
9.596531391143798828e+00
9.506772756576538086e+00
9.555252313613891602e+00
9.155394792556762695e+00
9.279320478439331055e+00
9.566471815109252930e+00
9.525915145874023438e+00
8.899121522903442383e+00
9.180511236190795898e+00
9.194375991821289062e+00
9.544242620468139648e+00
9.278323650360107422e+00
8.923795223236083984e+00
8.885666370391845703e+00
9.275548696517944336e+00
9.684633493423461914e+00
9.262006998062133789e+00
9.298460721969604492e+00
9.340014934539794922e+00
9.255660533905029297e+00
9.138885974884033203e+00
9.524449110031127930e+00
9.651139497756958008e+00
9.278482437133789062e+00
9.308722972869873047e+00
9.280137777328491211e+00
9.444695949554443359e+00
9.442340850830078125e+00
9.248686313629150391e+00
9.042589187622070312e+00
9.131497621536254883e+00
9.421084165573120117e+00
9.115152835845947266e+00
9.438508987426757812e+00
9.301377058029174805e+00
9.177123546600341797e+00
9.008790969848632812e+00
9.663928985595703125e+00
9.544367551803588867e+00
9.559896230697631836e+00
9.414568185806274414e+00
9.319001436233520508e+00
9.267260551452636719e+00
9.413930416107177734e+00
9.515045166015625000e+00
9.634042739868164062e+00
9.785791397094726562e+00
9.511222839355468750e+00
9.393884658813476562e+00
9.080852270126342773e+00
9.209868669509887695e+00
9.253342151641845703e+00
9.244128704071044922e+00
9.536755084991455078e+00
8.808616399765014648e+00
9.227993488311767578e+00
9.202828645706176758e+00
9.569265365600585938e+00
9.232784032821655273e+00
9.518197298049926758e+00
9.366442680358886719e+00
8.998512983322143555e+00
9.681790590286254883e+00
9.557340621948242188e+00
9.193187475204467773e+00
9.249506711959838867e+00
9.305850744247436523e+00
9.539635419845581055e+00
8.977465867996215820e+00
9.347186088562011719e+00
9.649090766906738281e+00
9.462902307510375977e+00
9.501546621322631836e+00
9.663261890411376953e+00
8.839731454849243164e+00
9.336762189865112305e+00
9.898613214492797852e+00
9.235481023788452148e+00
9.493314981460571289e+00
9.722929954528808594e+00
9.172508239746093750e+00
9.712709188461303711e+00
8.906453609466552734e+00
9.751748085021972656e+00
9.124303817749023438e+00
9.784465551376342773e+00
9.695603847503662109e+00
9.491165399551391602e+00
9.110394239425659180e+00
9.364899873733520508e+00
9.045955896377563477e+00
9.152168512344360352e+00
9.385422706604003906e+00
9.379988670349121094e+00
9.346461772918701172e+00
9.024229049682617188e+00
9.286849260330200195e+00
9.613571405410766602e+00
9.472212553024291992e+00
9.005555868148803711e+00
9.877328157424926758e+00
9.302040815353393555e+00
9.418910980224609375e+00
9.195227861404418945e+00
9.687364101409912109e+00
9.371218204498291016e+00
9.663209438323974609e+00
9.133083343505859375e+00
9.479750156402587891e+00
9.265135288238525391e+00
9.211010694503784180e+00
9.186058998107910156e+00
8.855299711227416992e+00
9.544310092926025391e+00
9.382591009140014648e+00
9.110990762710571289e+00
9.338139772415161133e+00
9.523522138595581055e+00
9.505764722824096680e+00
9.224640846252441406e+00
4.490652322769165039e+00
9.296030759811401367e+00
9.611902713775634766e+00
9.495784521102905273e+00
8.791918754577636719e+00
9.121164560317993164e+00
9.465948581695556641e+00
8.876897096633911133e+00
8.855969190597534180e+00
8.815581798553466797e+00
9.634914398193359375e+00
9.231267929077148438e+00
9.607920646667480469e+00
9.392560005187988281e+00
9.064435482025146484e+00
9.220016717910766602e+00
9.556891918182373047e+00
9.672296524047851562e+00
9.355525255203247070e+00
8.967606782913208008e+00
9.734320878982543945e+00
9.292995452880859375e+00
9.576606750488281250e+00
9.527595520019531250e+00
8.935010671615600586e+00
9.243725776672363281e+00
9.085359811782836914e+00
9.502725124359130859e+00
9.513002157211303711e+00
9.567645549774169922e+00
9.599334955215454102e+00
9.333380699157714844e+00
9.654687643051147461e+00
9.058434724807739258e+00
9.448117733001708984e+00
9.090832471847534180e+00
9.415094852447509766e+00
9.576938390731811523e+00
9.267516851425170898e+00
9.731166601181030273e+00
9.621234655380249023e+00
9.169479608535766602e+00
9.140504360198974609e+00
9.432430028915405273e+00
9.483634233474731445e+00
9.428406000137329102e+00
9.362072229385375977e+00
9.466682672500610352e+00
9.734570741653442383e+00
9.878329753875732422e+00
9.242125511169433594e+00
9.200481653213500977e+00
9.611619949340820312e+00
8.979870796203613281e+00
9.703058719635009766e+00
9.697716951370239258e+00
9.566112279891967773e+00
9.408293247222900391e+00
9.542901992797851562e+00
9.541270732879638672e+00
9.150069236755371094e+00
9.216423511505126953e+00
9.019090890884399414e+00
9.743878364562988281e+00
9.468008041381835938e+00
9.856015443801879883e+00
9.733395338058471680e+00
9.321727991104125977e+00
9.942001342773437500e+00
9.517065763473510742e+00
9.244941234588623047e+00
8.734813213348388672e+00
9.368634223937988281e+00
9.036931276321411133e+00
9.050503015518188477e+00
9.213705062866210938e+00
8.715966463088989258e+00
9.475490093231201172e+00
8.847869396209716797e+00
9.244206666946411133e+00
8.801766872406005859e+00
9.240672111511230469e+00
9.522894859313964844e+00
9.586409091949462891e+00
9.378103256225585938e+00
9.196451187133789062e+00
9.072889089584350586e+00
9.225879669189453125e+00
9.541832208633422852e+00
9.314835548400878906e+00
9.341647386550903320e+00
9.459311485290527344e+00
9.519330978393554688e+00
9.091893672943115234e+00
9.341505289077758789e+00
9.518420457839965820e+00
9.471236228942871094e+00
9.056699037551879883e+00
9.221595048904418945e+00
9.270258665084838867e+00
1.028450965881347656e+01
9.177002668380737305e+00
9.454203367233276367e+00
9.226915836334228516e+00
9.305094242095947266e+00
9.505540132522583008e+00
9.198606252670288086e+00
9.189095497131347656e+00
8.938565969467163086e+00
9.173775196075439453e+00
9.149091243743896484e+00
9.347449779510498047e+00
9.370286226272583008e+00
8.773584604263305664e+00
9.112597703933715820e+00
9.511289596557617188e+00
9.267128467559814453e+00
9.452078104019165039e+00
9.435184717178344727e+00
9.205526590347290039e+00
9.682342290878295898e+00
9.206002235412597656e+00
9.191036939620971680e+00
8.895128726959228516e+00
9.351464986801147461e+00
9.565875053405761719e+00
9.417223215103149414e+00
8.735770702362060547e+00
9.421043157577514648e+00
9.243506193161010742e+00
9.444208383560180664e+00
9.044866085052490234e+00
8.950823783874511719e+00
8.853535890579223633e+00
9.610386848449707031e+00
9.638378143310546875e+00
9.277569532394409180e+00
9.193489313125610352e+00
9.537696361541748047e+00
9.609721899032592773e+00
9.286594629287719727e+00
9.670944690704345703e+00
9.683443784713745117e+00
9.306940317153930664e+00
9.219069957733154297e+00
9.498807907104492188e+00
9.577032089233398438e+00
9.787012338638305664e+00
9.438226461410522461e+00
9.466963291168212891e+00
9.358378171920776367e+00
1.008697390556335449e+01
9.111566066741943359e+00
9.218994379043579102e+00
9.291563510894775391e+00
9.234744787216186523e+00
9.010579109191894531e+00
9.697353363037109375e+00
9.505378246307373047e+00
9.269735097885131836e+00
9.469469785690307617e+00
9.209859848022460938e+00
9.378571271896362305e+00
9.318115949630737305e+00
9.360048055648803711e+00
9.769040584564208984e+00
9.523430347442626953e+00
9.517112731933593750e+00
9.555173635482788086e+00
9.221349000930786133e+00
9.254658460617065430e+00
9.251674175262451172e+00
9.206955194473266602e+00
9.712066650390625000e+00
8.936580181121826172e+00
9.122338056564331055e+00
9.383842229843139648e+00
9.479268074035644531e+00
9.416376829147338867e+00
9.206815242767333984e+00
9.350032567977905273e+00
8.940662145614624023e+00
9.487493753433227539e+00
9.511371135711669922e+00
9.227524042129516602e+00
9.448558092117309570e+00
9.565551042556762695e+00
9.463061332702636719e+00
9.070665359497070312e+00
9.243331193923950195e+00
9.505439519882202148e+00
9.368607282638549805e+00
9.324660301208496094e+00
9.619031190872192383e+00
9.020612478256225586e+00
9.237442493438720703e+00
9.963395595550537109e+00
9.328559637069702148e+00
9.575902223587036133e+00
1.022176218032836914e+01
9.376292228698730469e+00
9.500792026519775391e+00
8.848755121231079102e+00
9.965942144393920898e+00
9.040541410446166992e+00
1.201803946495056152e+01
9.896831512451171875e+00
9.575458765029907227e+00
9.086391448974609375e+00
9.311340808868408203e+00
8.993680953979492188e+00
9.001032590866088867e+00
9.013036012649536133e+00
9.597880363464355469e+00
1.019473481178283691e+01
9.034096240997314453e+00
9.379191160202026367e+00
9.669466972351074219e+00
9.582383155822753906e+00
9.184264659881591797e+00
9.741873264312744141e+00
9.309539079666137695e+00
9.482280492782592773e+00
9.143058061599731445e+00
9.650056362152099609e+00
9.348700761795043945e+00
9.642699480056762695e+00
9.025812864303588867e+00
9.475589752197265625e+00
9.307374715805053711e+00
9.283458948135375977e+00
9.082679986953735352e+00
8.887603759765625000e+00
9.349234819412231445e+00
9.457499027252197266e+00
9.210813760757446289e+00
9.486132144927978516e+00
9.459039926528930664e+00
9.381758213043212891e+00
9.221718311309814453e+00
4.698605537414550781e+00
9.316211223602294922e+00
9.806554079055786133e+00
9.554800987243652344e+00
8.892876863479614258e+00
9.165578842163085938e+00
9.350623846054077148e+00
9.296251535415649414e+00
8.908104181289672852e+00
8.762972593307495117e+00
9.545404911041259766e+00
9.075141191482543945e+00
9.445289134979248047e+00
9.439715385437011719e+00
8.997816085815429688e+00
9.161719322204589844e+00
9.052450656890869141e+00
9.476003646850585938e+00
9.331020116806030273e+00
8.821861982345581055e+00
9.674173593521118164e+00
9.223382949829101562e+00
9.664163112640380859e+00
9.755513191223144531e+00
9.277964353561401367e+00
9.236434936523437500e+00
9.190596103668212891e+00
9.489912271499633789e+00
9.369719266891479492e+00
9.497346162796020508e+00
9.564197301864624023e+00
9.106632471084594727e+00
9.749000549316406250e+00
9.019917249679565430e+00
9.153630733489990234e+00
9.162906408309936523e+00
9.426221609115600586e+00
9.348068475723266602e+00
9.081943511962890625e+00
9.595721721649169922e+00
9.814339876174926758e+00
9.098521232604980469e+00
9.090235948562622070e+00
9.504691839218139648e+00
9.282717943191528320e+00
9.212699413299560547e+00
9.206326484680175781e+00
9.540484905242919922e+00
9.828208446502685547e+00
9.723777294158935547e+00
9.120406150817871094e+00
8.988616466522216797e+00
9.361484289169311523e+00
8.807392597198486328e+00
9.560737133026123047e+00
9.643942356109619141e+00
9.494109153747558594e+00
9.451935768127441406e+00
9.581969738006591797e+00
9.520433425903320312e+00
9.592756032943725586e+00
9.861429929733276367e+00
9.000126123428344727e+00
9.537233114242553711e+00
9.243416070938110352e+00
9.597927093505859375e+00
9.426584482192993164e+00
9.355790615081787109e+00
9.785905599594116211e+00
9.520275354385375977e+00
9.048968791961669922e+00
8.962438821792602539e+00
9.023067712783813477e+00
9.158854484558105469e+00
9.155946969985961914e+00
9.001619100570678711e+00
8.787631988525390625e+00
9.291729688644409180e+00
8.625017404556274414e+00
9.125492334365844727e+00
8.847806453704833984e+00
9.219335556030273438e+00
9.393332958221435547e+00
9.611321449279785156e+00
9.540385723114013672e+00
9.439451217651367188e+00
8.954642057418823242e+00
9.481768131256103516e+00
9.620442390441894531e+00
9.686207771301269531e+00
9.350841522216796875e+00
9.473796129226684570e+00
9.654577255249023438e+00
8.880705356597900391e+00
9.593080282211303711e+00
9.913606405258178711e+00
9.893518209457397461e+00
8.897283792495727539e+00
9.051458120346069336e+00
9.380499362945556641e+00
9.615248203277587891e+00
9.293861865997314453e+00
9.344882965087890625e+00
9.155348300933837891e+00
9.285865306854248047e+00
9.607308387756347656e+00
9.542105913162231445e+00
9.544186353683471680e+00
9.139766693115234375e+00
9.204687118530273438e+00
9.136448144912719727e+00
9.282044887542724609e+00
9.451872110366821289e+00
8.635357379913330078e+00
8.925061225891113281e+00
9.310992479324340820e+00
9.341505050659179688e+00
9.384002208709716797e+00
9.434589624404907227e+00
9.417386293411254883e+00
9.687088966369628906e+00
9.337215185165405273e+00
9.337349176406860352e+00
9.021614313125610352e+00
9.404725074768066406e+00
9.531330823898315430e+00
9.617897748947143555e+00
8.800446271896362305e+00
9.279303073883056641e+00
9.408535480499267578e+00
9.638061285018920898e+00
9.236563205718994141e+00
9.122622013092041016e+00
8.988467454910278320e+00
9.469596385955810547e+00
9.841178178787231445e+00
9.144837379455566406e+00
9.108737945556640625e+00
9.360377073287963867e+00
9.574751853942871094e+00
8.998755931854248047e+00
9.582445621490478516e+00
9.811524868011474609e+00
9.545167684555053711e+00
9.536102056503295898e+00
9.191017627716064453e+00
9.510400295257568359e+00
9.518743753433227539e+00
9.299998044967651367e+00
9.203571081161499023e+00
8.947650432586669922e+00
9.322445869445800781e+00
9.088639497756958008e+00
9.215348958969116211e+00
9.549781084060668945e+00
9.193148136138916016e+00
8.976969480514526367e+00
9.649591922760009766e+00
9.588289022445678711e+00
9.361042261123657227e+00
9.558093070983886719e+00
9.467065334320068359e+00
9.232985258102416992e+00
9.266097545623779297e+00
9.459646224975585938e+00
9.601085424423217773e+00
9.326964855194091797e+00
9.343572854995727539e+00
9.313051700592041016e+00
9.067961454391479492e+00
9.338326454162597656e+00
9.293364763259887695e+00
9.325419425964355469e+00
9.497098922729492188e+00
9.114588737487792969e+00
9.313827753067016602e+00
9.177664756774902344e+00
9.423560142517089844e+00
9.329141378402709961e+00
9.356188297271728516e+00
9.177841901779174805e+00
8.906011343002319336e+00
9.790292024612426758e+00
9.505427837371826172e+00
9.293008089065551758e+00
9.424204587936401367e+00
9.437498092651367188e+00
9.584927797317504883e+00
9.036793947219848633e+00
9.452834844589233398e+00
9.452532052993774414e+00
9.338998079299926758e+00
9.416496276855468750e+00
9.520638704299926758e+00
8.994473695755004883e+00
9.367031812667846680e+00
9.928098678588867188e+00
9.373074531555175781e+00
9.461880445480346680e+00
9.809746980667114258e+00
9.450249671936035156e+00
9.467820644378662109e+00
8.908578872680664062e+00
9.904154539108276367e+00
9.152065753936767578e+00
9.596959829330444336e+00
1.002744150161743164e+01
9.441817998886108398e+00
9.087745666503906250e+00
9.242651700973510742e+00
8.927392244338989258e+00
9.161373615264892578e+00
9.139311075210571289e+00
9.670541286468505859e+00
9.176963567733764648e+00
9.052201509475708008e+00
9.224874258041381836e+00
9.734254837036132812e+00
9.434261322021484375e+00
9.081573724746704102e+00
1.006244230270385742e+01
9.263601541519165039e+00
9.441939830780029297e+00
9.551084756851196289e+00
9.551508188247680664e+00
9.377439498901367188e+00
9.793653488159179688e+00
9.070239782333374023e+00
9.452638626098632812e+00
9.176619052886962891e+00
9.189169406890869141e+00
9.242050409317016602e+00
8.932020425796508789e+00
9.676865577697753906e+00
9.724723577499389648e+00
9.550662040710449219e+00
9.589441776275634766e+00
9.355750799179077148e+00
9.383700847625732422e+00
9.305092096328735352e+00
4.547322511672973633e+00
9.340469598770141602e+00
9.669199705123901367e+00
9.617550849914550781e+00
8.999691247940063477e+00
9.541771173477172852e+00
9.280139207839965820e+00
9.461962461471557617e+00
8.871544599533081055e+00
8.902653694152832031e+00
9.514241695404052734e+00
9.267102479934692383e+00
9.352049827575683594e+00
9.472722530364990234e+00
8.964163780212402344e+00
9.161617755889892578e+00
9.097528934478759766e+00
9.573024749755859375e+00
9.198739767074584961e+00
8.980890274047851562e+00
9.843454837799072266e+00
9.623261451721191406e+00
9.477098703384399414e+00
9.712504863739013672e+00
9.095801353454589844e+00
9.209753274917602539e+00
9.064102888107299805e+00
9.331749677658081055e+00
9.528145551681518555e+00
9.427360296249389648e+00
9.550096988677978516e+00
9.194285869598388672e+00
9.763572692871093750e+00
9.202499866485595703e+00
9.173705339431762695e+00
8.846341371536254883e+00
9.098662614822387695e+00
9.301846265792846680e+00
9.007274150848388672e+00
9.637204647064208984e+00
9.604748725891113281e+00
8.911964654922485352e+00
8.990429639816284180e+00
9.221151828765869141e+00
9.372011184692382812e+00
9.465209722518920898e+00
9.173431873321533203e+00
9.548623085021972656e+00
1.000399208068847656e+01
9.639754295349121094e+00
9.177760124206542969e+00
9.166930675506591797e+00
9.218045949935913086e+00
8.986041545867919922e+00
9.539460897445678711e+00
9.634142637252807617e+00
9.577001571655273438e+00
9.402822017669677734e+00
9.847923755645751953e+00
9.463147401809692383e+00
9.339314222335815430e+00
9.256160974502563477e+00
8.957481622695922852e+00
9.539245843887329102e+00
9.410478591918945312e+00
9.625422954559326172e+00
9.702465057373046875e+00
9.383260726928710938e+00
1.003373408317565918e+01
9.755579471588134766e+00
9.182187080383300781e+00
8.878641366958618164e+00
9.218934059143066406e+00
9.015993118286132812e+00
9.117063760757446289e+00
9.188750267028808594e+00
8.691000223159790039e+00
9.414328575134277344e+00
8.686233997344970703e+00
9.017859697341918945e+00
8.755570173263549805e+00
9.264675378799438477e+00
9.594738483428955078e+00
9.735855579376220703e+00
9.502791404724121094e+00
9.248013734817504883e+00
8.923077583312988281e+00
9.355710029602050781e+00
9.489949226379394531e+00
9.332211494445800781e+00
9.403637886047363281e+00
9.395079612731933594e+00
9.454036235809326172e+00
8.931461095809936523e+00
9.508336305618286133e+00
9.735676527023315430e+00
9.636585712432861328e+00
9.342446088790893555e+00
9.344268560409545898e+00
9.257998466491699219e+00
9.577419519424438477e+00
9.133077621459960938e+00
9.484391689300537109e+00
9.294235944747924805e+00
9.493244886398315430e+00
9.506686687469482422e+00
9.441529989242553711e+00
9.393013715744018555e+00
9.057510137557983398e+00
9.233728647232055664e+00
9.061326503753662109e+00
9.256919384002685547e+00
9.343907833099365234e+00
8.680772542953491211e+00
9.031495809555053711e+00
9.307151794433593750e+00
9.098054409027099609e+00
9.575947284698486328e+00
9.360490322113037109e+00
9.214914560317993164e+00
9.516310691833496094e+00
9.368843793869018555e+00
9.494147300720214844e+00
8.852101087570190430e+00
9.289380788803100586e+00
9.529701471328735352e+00
9.585502624511718750e+00
8.792963743209838867e+00
9.532104015350341797e+00
9.349176406860351562e+00
9.728447675704956055e+00
9.251831769943237305e+00
8.831012487411499023e+00
8.863997697830200195e+00
9.463808298110961914e+00
9.764584302902221680e+00
9.092278957366943359e+00
9.179284811019897461e+00
9.628567934036254883e+00
9.308033943176269531e+00
9.214338064193725586e+00
9.599445581436157227e+00
9.886906623840332031e+00
9.370640039443969727e+00
9.214782476425170898e+00
9.441272497177124023e+00
9.693532228469848633e+00
9.761312007904052734e+00
8.941043138504028320e+00
9.180811166763305664e+00
8.965512037277221680e+00
9.390977859497070312e+00
9.146893262863159180e+00
9.249330043792724609e+00
9.396820545196533203e+00
9.381896018981933594e+00
8.945424556732177734e+00
9.630661487579345703e+00
9.675773382186889648e+00
9.210528135299682617e+00
9.480071067810058594e+00
9.400224447250366211e+00
9.305795431137084961e+00
9.325776100158691406e+00
9.560703754425048828e+00
9.942835569381713867e+00
9.307817220687866211e+00
9.310281038284301758e+00
9.456224679946899414e+00
8.959379911422729492e+00
9.130889654159545898e+00
9.104833602905273438e+00
9.169907569885253906e+00
9.632162809371948242e+00
9.323344230651855469e+00
1.056270575523376465e+01
9.279699325561523438e+00
9.394579410552978516e+00
9.274217367172241211e+00
9.338769435882568359e+00
9.300162076950073242e+00
8.965696811676025391e+00
9.653349161148071289e+00
9.564762353897094727e+00
9.231647729873657227e+00
9.414515495300292969e+00
9.503270626068115234e+00
9.679571151733398438e+00
9.238093137741088867e+00
9.449222564697265625e+00
9.494511604309082031e+00
9.264929533004760742e+00
9.448976278305053711e+00
9.533255577087402344e+00
8.996778488159179688e+00
9.320843696594238281e+00
9.688479423522949219e+00
9.278884649276733398e+00
9.261722087860107422e+00
9.514531135559082031e+00
9.544464826583862305e+00
9.391906261444091797e+00
8.886984348297119141e+00
9.734653234481811523e+00
9.043793439865112305e+00
9.554792404174804688e+00
9.732484340667724609e+00
9.567360639572143555e+00
8.991444110870361328e+00
9.243037939071655273e+00
8.922854423522949219e+00
9.139734268188476562e+00
9.343506336212158203e+00
9.364737272262573242e+00
9.195451974868774414e+00
9.046096563339233398e+00
9.467788219451904297e+00
9.609096288681030273e+00
9.576073646545410156e+00
9.168556928634643555e+00
9.906160116195678711e+00
9.140784502029418945e+00
9.344579935073852539e+00
9.684050321578979492e+00
9.626067399978637695e+00
9.226497173309326172e+00
9.711008548736572266e+00
9.110044240951538086e+00
9.428989648818969727e+00
9.409912347793579102e+00
9.076960086822509766e+00
9.246475458145141602e+00
8.960100889205932617e+00
9.492899417877197266e+00
9.415358304977416992e+00
9.383551597595214844e+00
9.557251214981079102e+00
9.247432947158813477e+00
9.310759305953979492e+00
9.212407588958740234e+00
4.451399803161621094e+00
9.078553676605224609e+00
9.534101009368896484e+00
9.485183715820312500e+00
9.159694194793701172e+00
9.231644868850708008e+00
9.401599168777465820e+00
9.236674785614013672e+00
8.883772611618041992e+00
8.811851024627685547e+00
9.518307447433471680e+00
9.321374416351318359e+00
9.404116392135620117e+00
9.282083272933959961e+00
8.865009546279907227e+00
9.110224485397338867e+00
9.283153533935546875e+00
9.514442443847656250e+00
9.180037498474121094e+00
9.029754161834716797e+00
9.790288686752319336e+00
9.346534967422485352e+00
9.691149711608886719e+00
9.608267307281494141e+00
9.267276287078857422e+00
9.308661937713623047e+00
9.185464143753051758e+00
9.500191211700439453e+00
9.296153068542480469e+00
9.241869688034057617e+00
9.506831169128417969e+00
9.038521289825439453e+00
9.613127231597900391e+00
9.265601634979248047e+00
9.225868225097656250e+00
9.243474006652832031e+00
9.496899843215942383e+00
9.275009155273437500e+00
8.940540790557861328e+00
9.246739387512207031e+00
9.915778160095214844e+00
9.172377824783325195e+00
9.064411401748657227e+00
9.423665046691894531e+00
9.483609914779663086e+00
9.568020582199096680e+00
9.116937160491943359e+00
9.477144956588745117e+00
9.764698743820190430e+00
9.635816097259521484e+00
9.551993608474731445e+00
9.288705825805664062e+00
9.384142398834228516e+00
9.037752628326416016e+00
9.568476676940917969e+00
9.450169563293457031e+00
9.436488389968872070e+00
9.164843797683715820e+00
9.641058206558227539e+00
9.436811447143554688e+00
9.183587074279785156e+00
9.250359058380126953e+00
9.168223142623901367e+00
9.723771095275878906e+00
9.175919055938720703e+00
9.664912223815917969e+00
9.508322000503540039e+00
9.865349531173706055e+00
9.880116939544677734e+00
9.556331872940063477e+00
1.040402436256408691e+01
8.891365528106689453e+00
9.231324195861816406e+00
8.946240186691284180e+00
9.103057384490966797e+00
9.456280946731567383e+00
8.708345890045166016e+00
9.378206014633178711e+00
8.610402107238769531e+00
9.118842840194702148e+00
8.899097681045532227e+00
9.333286523818969727e+00
9.495929718017578125e+00
9.494510173797607422e+00
9.329632043838500977e+00
9.160222291946411133e+00
8.993043899536132812e+00
9.273842573165893555e+00
9.539640188217163086e+00
9.201348781585693359e+00
9.251286983489990234e+00
9.256978034973144531e+00
9.622721672058105469e+00
8.987745523452758789e+00
9.196894168853759766e+00
9.633363723754882812e+00
9.713324069976806641e+00
9.147448301315307617e+00
9.217271089553833008e+00
9.552255153656005859e+00
9.785503387451171875e+00
9.472677707672119141e+00
9.448081731796264648e+00
9.468164920806884766e+00
9.502544164657592773e+00
9.706608057022094727e+00
9.398933172225952148e+00
9.217185497283935547e+00
9.365643262863159180e+00
9.150865077972412109e+00
9.114418983459472656e+00
9.454635143280029297e+00
9.444902420043945312e+00
8.690057039260864258e+00
8.995547771453857422e+00
9.283894300460815430e+00
9.334526062011718750e+00
9.224875688552856445e+00
9.587671995162963867e+00
9.318382978439331055e+00
9.547627687454223633e+00
9.203420400619506836e+00
9.598165988922119141e+00
8.911415815353393555e+00
9.241657018661499023e+00
9.492511510848999023e+00
9.550049066543579102e+00
8.614510536193847656e+00
9.040013790130615234e+00
8.994919300079345703e+00
9.409801959991455078e+00
9.296818494796752930e+00
9.058738708496093750e+00
9.031851053237915039e+00
9.498742341995239258e+00
9.624008417129516602e+00
9.147973299026489258e+00
9.184078931808471680e+00
9.311452150344848633e+00
9.293200731277465820e+00
9.080677270889282227e+00
9.403581619262695312e+00
9.656616687774658203e+00
9.528636693954467773e+00
9.092689514160156250e+00
9.414797544479370117e+00
9.474268674850463867e+00
9.582540988922119141e+00
9.282438039779663086e+00
9.440691947937011719e+00
9.104254722595214844e+00
9.426230430603027344e+00
8.990585565567016602e+00
9.547896862030029297e+00
9.340360641479492188e+00
9.409509420394897461e+00
8.961431026458740234e+00
9.646783828735351562e+00
9.502130985260009766e+00
9.386932611465454102e+00
9.219824075698852539e+00
9.307953119277954102e+00
9.267160415649414062e+00
9.825559854507446289e+00
9.371731281280517578e+00
9.563260793685913086e+00
9.466503620147705078e+00
9.406104326248168945e+00
9.403760671615600586e+00
9.034803628921508789e+00
9.307922840118408203e+00
9.368111610412597656e+00
9.193590402603149414e+00
9.725886821746826172e+00
9.150154352188110352e+00
9.436585426330566406e+00
9.292505502700805664e+00
9.361956596374511719e+00
9.266237497329711914e+00
9.403355836868286133e+00
9.286685228347778320e+00
8.995144128799438477e+00
9.640557289123535156e+00
9.469055652618408203e+00
9.311655521392822266e+00
9.524610757827758789e+00
9.603695869445800781e+00
9.698831558227539062e+00
9.122316598892211914e+00
9.330936431884765625e+00
9.552604198455810547e+00
9.367324829101562500e+00
9.492590665817260742e+00
9.879027605056762695e+00
9.151000976562500000e+00
9.369649887084960938e+00
1.004261636734008789e+01
9.364711284637451172e+00
9.306415081024169922e+00
9.635329484939575195e+00
9.296847581863403320e+00
9.583707809448242188e+00
8.860439777374267578e+00
9.991685867309570312e+00
9.190999984741210938e+00
9.576782464981079102e+00
9.782382011413574219e+00
9.609557390213012695e+00
8.967207670211791992e+00
9.276569843292236328e+00
8.955924034118652344e+00
9.099588155746459961e+00
9.272697687149047852e+00
9.494812726974487305e+00
8.926868677139282227e+00
8.863045930862426758e+00
9.219112396240234375e+00
9.729470968246459961e+00
9.543775796890258789e+00
9.067707538604736328e+00
9.728602170944213867e+00
9.275347709655761719e+00
9.513567209243774414e+00
9.378906965255737305e+00
9.631781339645385742e+00
9.321536302566528320e+00
9.508672952651977539e+00
9.051288843154907227e+00
9.498626708984375000e+00
9.321959257125854492e+00
9.098960638046264648e+00
9.313082456588745117e+00
8.834659337997436523e+00
9.435319423675537109e+00
9.555413246154785156e+00
9.139525175094604492e+00
9.512106657028198242e+00
9.494028568267822266e+00
9.381833791732788086e+00
9.188494920730590820e+00
4.474751234054565430e+00
9.366567611694335938e+00
9.678315877914428711e+00
9.393020629882812500e+00
8.857958555221557617e+00
9.370211839675903320e+00
9.396794319152832031e+00
9.319184303283691406e+00
8.751204013824462891e+00
8.757668018341064453e+00
9.239030122756958008e+00
9.063895702362060547e+00
9.331553697586059570e+00
9.311905145645141602e+00
8.942445516586303711e+00
9.070383787155151367e+00
9.335560798645019531e+00
9.488429307937622070e+00
9.260564327239990234e+00
8.908599376678466797e+00
9.974143505096435547e+00
9.249776840209960938e+00
9.453031301498413086e+00
9.529536008834838867e+00
9.124989986419677734e+00
9.261646270751953125e+00
9.062020778656005859e+00
9.299112558364868164e+00
9.152188539505004883e+00
9.327786207199096680e+00
9.486592769622802734e+00
9.044710397720336914e+00
9.593221664428710938e+00
8.971294403076171875e+00
9.158561468124389648e+00
9.084086894989013672e+00
9.458440542221069336e+00
9.445155143737792969e+00
9.077646017074584961e+00
9.679035425186157227e+00
9.740936756134033203e+00
9.146370172500610352e+00
8.989106178283691406e+00
9.384683132171630859e+00
9.537105321884155273e+00
9.578838586807250977e+00
9.516680479049682617e+00
9.467664003372192383e+00
9.742742300033569336e+00
9.769606590270996094e+00
9.380070447921752930e+00
9.418123960494995117e+00
9.380273818969726562e+00
8.945025920867919922e+00
9.690468072891235352e+00
1.113431286811828613e+01
9.750881671905517578e+00
9.310609102249145508e+00
9.563308000564575195e+00
9.502536058425903320e+00
8.993503808975219727e+00
9.402906179428100586e+00
8.990558624267578125e+00
9.500930309295654297e+00
9.326614141464233398e+00
9.660048961639404297e+00
9.731428146362304688e+00
9.632182121276855469e+00
9.795289039611816406e+00
9.535392999649047852e+00
9.253638505935668945e+00
8.774593114852905273e+00
9.387864828109741211e+00
8.898897171020507812e+00
9.074280023574829102e+00
9.088529109954833984e+00
8.665757179260253906e+00
9.449591398239135742e+00
8.647567987442016602e+00
9.045910358428955078e+00
8.684196949005126953e+00
9.070441722869873047e+00
9.630203723907470703e+00
9.605631589889526367e+00
9.412906646728515625e+00
9.222184658050537109e+00
9.006793975830078125e+00
9.171907186508178711e+00
9.591104030609130859e+00
9.388211965560913086e+00
9.352898597717285156e+00
9.369579315185546875e+00
9.734843015670776367e+00
9.243125677108764648e+00
9.228839635848999023e+00
9.410955667495727539e+00
9.471703290939331055e+00
9.184149980545043945e+00
9.329971551895141602e+00
9.378255605697631836e+00
9.639692068099975586e+00
9.386744499206542969e+00
9.764685392379760742e+00
9.455457448959350586e+00
9.724303007125854492e+00
9.643895149230957031e+00
9.399102926254272461e+00
9.366254091262817383e+00
9.041081190109252930e+00
9.449828624725341797e+00
9.120636463165283203e+00
9.445949554443359375e+00
9.342152118682861328e+00
8.575345277786254883e+00
9.014039993286132812e+00
9.375076770782470703e+00
9.285168170928955078e+00
9.381390094757080078e+00
1.101129055023193359e+01
9.364445447921752930e+00
9.551013946533203125e+00
9.465998172760009766e+00
9.498998641967773438e+00
8.892238378524780273e+00
9.112100362777709961e+00
9.495478868484497070e+00
9.397345304489135742e+00
8.852824926376342773e+00
9.129561185836791992e+00
9.203777551651000977e+00
9.685438632965087891e+00
9.035712957382202148e+00
8.930310249328613281e+00
8.982535123825073242e+00
9.505840063095092773e+00
9.713312387466430664e+00
9.081876277923583984e+00
9.037515878677368164e+00
9.475799560546875000e+00
9.625609636306762695e+00
9.266759157180786133e+00
9.529233217239379883e+00
9.636125802993774414e+00
9.319656610488891602e+00
9.267106056213378906e+00
9.079777479171752930e+00
9.546026468276977539e+00
9.675441741943359375e+00
9.215238571166992188e+00
9.254692554473876953e+00
8.997028827667236328e+00
1.080777692794799805e+01
8.996653318405151367e+00
9.212966203689575195e+00
9.351927518844604492e+00
9.410218954086303711e+00
9.247723817825317383e+00
9.673821926116943359e+00
9.506247758865356445e+00
9.247292518615722656e+00
9.526546001434326172e+00
9.261041402816772461e+00
9.282597541809082031e+00
9.404426813125610352e+00
9.622244834899902344e+00
9.761896371841430664e+00
9.446250677108764648e+00
9.270084381103515625e+00
9.176515817642211914e+00
8.986979961395263672e+00
9.300822973251342773e+00
9.247721910476684570e+00
1.131519055366516113e+01
9.710931301116943359e+00
8.900439739227294922e+00
9.188131093978881836e+00
9.120113134384155273e+00
9.526127338409423828e+00
9.507825374603271484e+00
9.487082242965698242e+00
9.102576732635498047e+00
8.831115961074829102e+00
9.425016880035400391e+00
9.336095333099365234e+00
9.289628267288208008e+00
9.617935180664062500e+00
9.481315135955810547e+00
9.785726785659790039e+00
9.166321039199829102e+00
9.262493371963500977e+00
9.304843902587890625e+00
9.341718673706054688e+00
9.268932342529296875e+00
9.612159729003906250e+00
9.157842636108398438e+00
9.181606769561767578e+00
1.000711941719055176e+01
9.391678571701049805e+00
9.434587240219116211e+00
9.637914896011352539e+00
9.188477277755737305e+00
9.432141780853271484e+00
8.887376785278320312e+00
9.978142261505126953e+00
9.162532567977905273e+00
9.599278450012207031e+00
9.714105606079101562e+00
9.560801506042480469e+00
9.107389450073242188e+00
9.512000799179077148e+00
9.142180919647216797e+00
9.175969362258911133e+00
9.389395236968994141e+00
9.604232788085937500e+00
9.123769283294677734e+00
9.113150835037231445e+00
9.334639310836791992e+00
9.594491004943847656e+00
9.677862882614135742e+00
9.438820838928222656e+00
9.610663414001464844e+00
9.268582105636596680e+00
9.418538570404052734e+00
9.233987092971801758e+00
9.605275154113769531e+00
9.189292430877685547e+00
9.655133724212646484e+00
8.954681158065795898e+00
9.498247861862182617e+00
9.175847291946411133e+00
9.160301446914672852e+00
9.296227693557739258e+00
8.861148834228515625e+00
9.550338268280029297e+00
9.597755670547485352e+00
9.242462158203125000e+00
9.357304573059082031e+00
9.406124830245971680e+00
9.374120473861694336e+00
9.142506122589111328e+00
4.417954444885253906e+00
9.605660915374755859e+00
9.712994337081909180e+00
9.738274812698364258e+00
8.856935977935791016e+00
9.264684438705444336e+00
9.533035039901733398e+00
9.335801362991333008e+00
8.720090150833129883e+00
8.968433380126953125e+00
9.260173797607421875e+00
9.210722446441650391e+00
9.214946269989013672e+00
9.388173341751098633e+00
9.005774736404418945e+00
9.324872016906738281e+00
9.462671041488647461e+00
9.641104221343994141e+00
9.171061038970947266e+00
8.894538640975952148e+00
9.872323513031005859e+00
9.391347646713256836e+00
9.695243597030639648e+00
9.458984851837158203e+00
9.197314262390136719e+00
9.092000961303710938e+00
9.253733634948730469e+00
9.333719015121459961e+00
9.302882909774780273e+00
9.457992315292358398e+00
9.373024463653564453e+00
9.280377149581909180e+00
9.628710269927978516e+00
9.238275051116943359e+00
8.996882200241088867e+00
8.919667005538940430e+00
9.146370410919189453e+00
9.475038290023803711e+00
8.800187587738037109e+00
9.650309085845947266e+00
9.719967126846313477e+00
9.032060623168945312e+00
8.923167943954467773e+00
9.306740999221801758e+00
9.374469041824340820e+00
9.152421236038208008e+00
9.363366603851318359e+00
9.395562171936035156e+00
9.712692499160766602e+00
9.690380811691284180e+00
9.123172283172607422e+00
9.391103029251098633e+00
9.514733314514160156e+00
8.987281322479248047e+00
9.617367744445800781e+00
9.546438694000244141e+00
9.651526451110839844e+00
9.334610939025878906e+00
9.786369562149047852e+00
9.476722002029418945e+00
9.230776309967041016e+00
9.237055063247680664e+00
9.244786977767944336e+00
9.565807580947875977e+00
9.365711212158203125e+00
9.608596324920654297e+00
9.499004125595092773e+00
9.357967615127563477e+00
9.955656766891479492e+00
9.663837671279907227e+00
9.160172224044799805e+00
9.013711452484130859e+00
9.272498607635498047e+00
8.930711984634399414e+00
8.994523286819458008e+00
9.219042539596557617e+00
8.864001274108886719e+00
9.346097707748413086e+00
8.761670112609863281e+00
9.290469169616699219e+00
8.729450702667236328e+00
9.274657487869262695e+00
9.498249530792236328e+00
9.525216102600097656e+00
9.525735139846801758e+00
9.323979139328002930e+00
9.235150575637817383e+00
9.415904283523559570e+00
9.465426445007324219e+00
9.314137220382690430e+00
9.220402717590332031e+00
1.047084665298461914e+01
9.685359716415405273e+00
9.136195898056030273e+00
9.319754838943481445e+00
9.598959445953369141e+00
9.628077507019042969e+00
9.122765064239501953e+00
9.182352542877197266e+00
9.097917079925537109e+00
9.522490262985229492e+00
9.128823995590209961e+00
9.380102157592773438e+00
9.179820299148559570e+00
9.474941968917846680e+00
9.457297325134277344e+00
9.596457004547119141e+00
9.293633222579956055e+00
9.070308923721313477e+00
9.152182817459106445e+00
9.202837705612182617e+00
9.462958574295043945e+00
9.408184528350830078e+00
8.686193227767944336e+00
9.041754961013793945e+00
9.359870433807373047e+00
9.469024419784545898e+00
9.449455976486206055e+00
9.642434358596801758e+00
9.226786136627197266e+00
9.554042100906372070e+00
9.885655164718627930e+00
9.179367780685424805e+00
8.860172033309936523e+00
9.759862661361694336e+00
9.453287124633789062e+00
9.507244825363159180e+00
9.056721925735473633e+00
9.254703044891357422e+00
9.561062812805175781e+00
9.300704717636108398e+00
9.177102804183959961e+00
8.946390867233276367e+00
8.880239725112915039e+00
9.361860990524291992e+00
9.553772211074829102e+00
9.171609640121459961e+00
9.328504323959350586e+00
9.403981924057006836e+00
9.388594150543212891e+00
9.173314571380615234e+00
9.659641742706298828e+00
9.578718423843383789e+00
9.501583814620971680e+00
9.442777156829833984e+00
9.362978458404541016e+00
9.779147148132324219e+00
9.733081817626953125e+00
9.268249273300170898e+00
9.518130302429199219e+00
9.303102254867553711e+00
9.368713855743408203e+00
9.490819931030273438e+00
9.487587213516235352e+00
9.210752010345458984e+00
9.195155382156372070e+00
9.014523267745971680e+00
9.493467569351196289e+00
9.710525989532470703e+00
9.491427421569824219e+00
9.646008253097534180e+00
9.179547548294067383e+00
9.290531635284423828e+00
9.367968082427978516e+00
9.492157220840454102e+00
9.467063903808593750e+00
9.429372072219848633e+00
9.443235397338867188e+00
9.313108921051025391e+00
8.897430419921875000e+00
9.041343450546264648e+00
9.029837608337402344e+00
9.210221290588378906e+00
9.721321582794189453e+00
9.124192953109741211e+00
9.268707036972045898e+00
9.289387226104736328e+00
9.519662618637084961e+00
1.033288455009460449e+01
9.223427772521972656e+00
9.341877698898315430e+00
8.905338048934936523e+00
9.590605258941650391e+00
9.558335065841674805e+00
9.395713806152343750e+00
9.353179216384887695e+00
9.647358179092407227e+00
9.756550788879394531e+00
8.969626903533935547e+00
9.267891645431518555e+00
9.457045078277587891e+00
9.340551614761352539e+00
9.392449855804443359e+00
9.690226793289184570e+00
8.889072656631469727e+00
9.192770242691040039e+00
9.721178770065307617e+00
9.482168674468994141e+00
9.470797538757324219e+00
9.652657270431518555e+00
9.358779668807983398e+00
9.540902376174926758e+00
8.844696044921875000e+00
9.902873516082763672e+00
9.360243558883666992e+00
9.630260705947875977e+00
9.502873897552490234e+00
9.346765995025634766e+00
9.020943403244018555e+00
9.197199344635009766e+00
9.152815818786621094e+00
9.279888868331909180e+00
9.333064079284667969e+00
9.363367795944213867e+00
9.333245277404785156e+00
9.070367336273193359e+00
9.336623191833496094e+00
9.897135019302368164e+00
9.636697769165039062e+00
9.169840574264526367e+00
9.845141887664794922e+00
9.148855924606323242e+00
9.756139755249023438e+00
9.187664985656738281e+00
9.711856126785278320e+00
9.424331426620483398e+00
9.740471601486206055e+00
9.124876737594604492e+00
9.110147953033447266e+00
9.520031452178955078e+00
9.350290775299072266e+00
9.116783618927001953e+00
8.763810873031616211e+00
9.156076908111572266e+00
9.462872028350830078e+00
9.027522563934326172e+00
9.445358991622924805e+00
9.549822807312011719e+00
9.260769367218017578e+00
8.998460531234741211e+00
4.486728191375732422e+00
