4.856800985336303711e+01
4.768371582031250000e-07
4.768371582031250000e-07
4.916496777534484863e+01
9.536743164062500000e-07
4.768371582031250000e-07
4.755097484588623047e+01
4.768371582031250000e-07
4.768371582031250000e-07
4.682692456245422363e+01
4.768371582031250000e-07
4.768371582031250000e-07
4.360111474990844727e+01
7.152557373046875000e-07
7.152557373046875000e-07
4.399870204925537109e+01
9.536743164062500000e-07
7.152557373046875000e-07
4.235234642028808594e+01
7.152557373046875000e-07
4.768371582031250000e-07
4.266309499740600586e+01
4.768371582031250000e-07
2.384185791015625000e-07
4.013702321052551270e+01
7.152557373046875000e-07
4.768371582031250000e-07
4.023618268966674805e+01
9.536743164062500000e-07
7.152557373046875000e-07
3.954885768890380859e+01
7.152557373046875000e-07
4.768371582031250000e-07
3.973125934600830078e+01
7.152557373046875000e-07
7.152557373046875000e-07
3.972661614418029785e+01
9.536743164062500000e-07
7.152557373046875000e-07
3.892157459259033203e+01
2.384185791015625000e-07
2.384185791015625000e-07
3.757898020744323730e+01
4.768371582031250000e-07
4.768371582031250000e-07
3.852373409271240234e+01
7.152557373046875000e-07
4.768371582031250000e-07
3.691598725318908691e+01
7.152557373046875000e-07
4.768371582031250000e-07
3.799765944480895996e+01
4.768371582031250000e-07
4.768371582031250000e-07
3.741353487968444824e+01
7.152557373046875000e-07
4.768371582031250000e-07
3.825492262840270996e+01
4.768371582031250000e-07
7.152557373046875000e-07
3.719761824607849121e+01
7.152557373046875000e-07
4.768371582031250000e-07
3.692060279846191406e+01
4.768371582031250000e-07
7.152557373046875000e-07
3.732105374336242676e+01
4.768371582031250000e-07
7.152557373046875000e-07
3.601613879203796387e+01
4.768371582031250000e-07
4.768371582031250000e-07
3.682675886154174805e+01
9.536743164062500000e-07
4.768371582031250000e-07
3.693509292602539062e+01
4.768371582031250000e-07
7.152557373046875000e-07
3.625455451011657715e+01
7.152557373046875000e-07
9.536743164062500000e-07
3.701413917541503906e+01
9.536743164062500000e-07
7.152557373046875000e-07
3.692312932014465332e+01
4.768371582031250000e-07
4.768371582031250000e-07
3.632947802543640137e+01
4.768371582031250000e-07
4.768371582031250000e-07
3.679151201248168945e+01
7.152557373046875000e-07
4.768371582031250000e-07
3.548733782768249512e+01
7.152557373046875000e-07
4.768371582031250000e-07
3.726914525032043457e+01
7.152557373046875000e-07
9.536743164062500000e-07
3.664755892753601074e+01
9.536743164062500000e-07
7.152557373046875000e-07
3.573429250717163086e+01
9.536743164062500000e-07
4.768371582031250000e-07
3.729082393646240234e+01
4.768371582031250000e-07
4.768371582031250000e-07
3.501301980018615723e+01
4.768371582031250000e-07
4.768371582031250000e-07
3.690806031227111816e+01
4.768371582031250000e-07
4.768371582031250000e-07
3.694915413856506348e+01
4.768371582031250000e-07
4.768371582031250000e-07
3.471524262428283691e+01
4.768371582031250000e-07
4.768371582031250000e-07
3.480704092979431152e+01
9.536743164062500000e-07
2.384185791015625000e-07
3.690763688087463379e+01
4.768371582031250000e-07
7.152557373046875000e-07
3.471133446693420410e+01
7.152557373046875000e-07
4.768371582031250000e-07
3.551487684249877930e+01
4.768371582031250000e-07
4.768371582031250000e-07
3.657379317283630371e+01
4.768371582031250000e-07
7.152557373046875000e-07
3.473127412796020508e+01
7.152557373046875000e-07
7.152557373046875000e-07
3.639998674392700195e+01
7.152557373046875000e-07
4.768371582031250000e-07
3.528117680549621582e+01
4.768371582031250000e-07
7.152557373046875000e-07
3.629346418380737305e+01
9.536743164062500000e-07
7.152557373046875000e-07
3.588192486763000488e+01
4.768371582031250000e-07
1.192092895507812500e-06
3.514311289787292480e+01
7.152557373046875000e-07
4.768371582031250000e-07
3.513351345062255859e+01
4.768371582031250000e-07
4.768371582031250000e-07
3.565842795372009277e+01
4.768371582031250000e-07
4.768371582031250000e-07
3.396594595909118652e+01
4.768371582031250000e-07
4.768371582031250000e-07
3.515680146217346191e+01
9.536743164062500000e-07
7.152557373046875000e-07
3.565639042854309082e+01
9.536743164062500000e-07
4.768371582031250000e-07
3.749722337722778320e+01
4.768371582031250000e-07
4.768371582031250000e-07
3.501268720626831055e+01
4.768371582031250000e-07
4.768371582031250000e-07
3.524346828460693359e+01
4.768371582031250000e-07
4.768371582031250000e-07
3.501322197914123535e+01
4.768371582031250000e-07
7.152557373046875000e-07
3.570262551307678223e+01
4.768371582031250000e-07
4.768371582031250000e-07
3.446200132369995117e+01
4.768371582031250000e-07
4.768371582031250000e-07
3.470816302299499512e+01
9.536743164062500000e-07
2.384185791015625000e-07
3.583057475090026855e+01
7.152557373046875000e-07
4.768371582031250000e-07
3.656382513046264648e+01
4.768371582031250000e-07
7.152557373046875000e-07
3.465788483619689941e+01
7.152557373046875000e-07
2.384185791015625000e-07
3.524702763557434082e+01
7.152557373046875000e-07
4.768371582031250000e-07
3.519461131095886230e+01
4.768371582031250000e-07
2.384185791015625000e-07
3.506390643119812012e+01
4.768371582031250000e-07
2.384185791015625000e-07
3.586385774612426758e+01
7.152557373046875000e-07
4.768371582031250000e-07
3.410970520973205566e+01
4.768371582031250000e-07
7.152557373046875000e-07
3.354941439628601074e+01
4.768371582031250000e-07
4.768371582031250000e-07
3.403479599952697754e+01
7.152557373046875000e-07
7.152557373046875000e-07
3.562090373039245605e+01
4.768371582031250000e-07
4.768371582031250000e-07
3.196757030487060547e+01
9.536743164062500000e-07
4.768371582031250000e-07
3.479541850090026855e+01
7.152557373046875000e-07
4.768371582031250000e-07
3.347931027412414551e+01
4.768371582031250000e-07
4.768371582031250000e-07
3.486740326881408691e+01
4.768371582031250000e-07
4.768371582031250000e-07
3.517973065376281738e+01
4.768371582031250000e-07
7.152557373046875000e-07
3.504627323150634766e+01
7.152557373046875000e-07
7.152557373046875000e-07
3.580044603347778320e+01
9.536743164062500000e-07
7.152557373046875000e-07
3.522885704040527344e+01
4.768371582031250000e-07
4.768371582031250000e-07
3.464420413970947266e+01
4.768371582031250000e-07
4.768371582031250000e-07
3.382126712799072266e+01
4.768371582031250000e-07
7.152557373046875000e-07
3.566826868057250977e+01
7.152557373046875000e-07
7.152557373046875000e-07
3.357785248756408691e+01
7.152557373046875000e-07
7.152557373046875000e-07
3.457543182373046875e+01
7.152557373046875000e-07
4.768371582031250000e-07
3.394918990135192871e+01
4.768371582031250000e-07
7.152557373046875000e-07
3.477222537994384766e+01
9.536743164062500000e-07
4.768371582031250000e-07
3.329113745689392090e+01
9.536743164062500000e-07
4.768371582031250000e-07
3.334007453918457031e+01
4.768371582031250000e-07
4.768371582031250000e-07
3.486417055130004883e+01
7.152557373046875000e-07
7.152557373046875000e-07
3.400360631942749023e+01
4.768371582031250000e-07
4.768371582031250000e-07
3.316201233863830566e+01
4.768371582031250000e-07
7.152557373046875000e-07
3.452290797233581543e+01
9.536743164062500000e-07
4.768371582031250000e-07
3.347073459625244141e+01
4.768371582031250000e-07
4.768371582031250000e-07
3.466116142272949219e+01
9.536743164062500000e-07
4.768371582031250000e-07
3.377620863914489746e+01
7.152557373046875000e-07
7.152557373046875000e-07
3.479180526733398438e+01
7.152557373046875000e-07
4.768371582031250000e-07
3.419736337661743164e+01
7.152557373046875000e-07
4.768371582031250000e-07
3.631313347816467285e+01
4.768371582031250000e-07
4.768371582031250000e-07
3.442645192146301270e+01
7.152557373046875000e-07
4.768371582031250000e-07
3.327489709854125977e+01
7.152557373046875000e-07
4.768371582031250000e-07
3.427731847763061523e+01
4.768371582031250000e-07
4.768371582031250000e-07
3.500416874885559082e+01
9.536743164062500000e-07
4.768371582031250000e-07
3.369673132896423340e+01
7.152557373046875000e-07
4.768371582031250000e-07
3.409201169013977051e+01
7.152557373046875000e-07
4.768371582031250000e-07
3.466376328468322754e+01
4.768371582031250000e-07
4.768371582031250000e-07
3.550931882858276367e+01
4.768371582031250000e-07
4.768371582031250000e-07
3.417653799057006836e+01
7.152557373046875000e-07
7.152557373046875000e-07
3.437218356132507324e+01
7.152557373046875000e-07
4.768371582031250000e-07
3.559905934333801270e+01
4.768371582031250000e-07
7.152557373046875000e-07
3.432689261436462402e+01
4.768371582031250000e-07
4.768371582031250000e-07
3.297353911399841309e+01
4.768371582031250000e-07
4.768371582031250000e-07
3.462028574943542480e+01
7.152557373046875000e-07
7.152557373046875000e-07
3.449582982063293457e+01
7.152557373046875000e-07
4.768371582031250000e-07
3.417223691940307617e+01
4.768371582031250000e-07
4.768371582031250000e-07
3.388092470169067383e+01
4.768371582031250000e-07
4.768371582031250000e-07
3.344642782211303711e+01
7.152557373046875000e-07
7.152557373046875000e-07
3.347763895988464355e+01
7.152557373046875000e-07
4.768371582031250000e-07
3.306419086456298828e+01
7.152557373046875000e-07
4.768371582031250000e-07
3.461663198471069336e+01
7.152557373046875000e-07
7.152557373046875000e-07
3.496811294555664062e+01
4.768371582031250000e-07
4.768371582031250000e-07
3.430355405807495117e+01
7.152557373046875000e-07
9.536743164062500000e-07
3.563849067687988281e+01
4.768371582031250000e-07
7.152557373046875000e-07
3.351464581489562988e+01
9.536743164062500000e-07
7.152557373046875000e-07
3.336934804916381836e+01
7.152557373046875000e-07
4.768371582031250000e-07
3.519388890266418457e+01
4.768371582031250000e-07
4.768371582031250000e-07
3.453099822998046875e+01
4.768371582031250000e-07
1.192092895507812500e-06
3.506345152854919434e+01
4.768371582031250000e-07
7.152557373046875000e-07
3.582766413688659668e+01
4.768371582031250000e-07
7.152557373046875000e-07
3.353167653083801270e+01
9.536743164062500000e-07
7.152557373046875000e-07
3.342676544189453125e+01
4.768371582031250000e-07
4.768371582031250000e-07
3.362969708442687988e+01
7.152557373046875000e-07
7.152557373046875000e-07
3.501399135589599609e+01
4.768371582031250000e-07
9.536743164062500000e-07
3.431266450881958008e+01
4.768371582031250000e-07
7.152557373046875000e-07
3.560881423950195312e+01
4.768371582031250000e-07
4.768371582031250000e-07
3.384901404380798340e+01
4.768371582031250000e-07
9.536743164062500000e-07
3.502351546287536621e+01
9.536743164062500000e-07
4.768371582031250000e-07
3.315786576271057129e+01
4.768371582031250000e-07
4.768371582031250000e-07
3.408554029464721680e+01
4.768371582031250000e-07
4.768371582031250000e-07
3.464242625236511230e+01
4.768371582031250000e-07
4.768371582031250000e-07
3.450452423095703125e+01
4.768371582031250000e-07
4.768371582031250000e-07
3.464873743057250977e+01
7.152557373046875000e-07
9.536743164062500000e-07
3.479882526397705078e+01
4.768371582031250000e-07
7.152557373046875000e-07
3.416337847709655762e+01
4.768371582031250000e-07
4.768371582031250000e-07
3.364512133598327637e+01
4.768371582031250000e-07
4.768371582031250000e-07
3.372194242477416992e+01
4.768371582031250000e-07
7.152557373046875000e-07
3.581097888946533203e+01
7.152557373046875000e-07
4.768371582031250000e-07
3.395391345024108887e+01
4.768371582031250000e-07
4.768371582031250000e-07
3.468571877479553223e+01
7.152557373046875000e-07
7.152557373046875000e-07
3.338102149963378906e+01
7.152557373046875000e-07
9.536743164062500000e-07
3.372065758705139160e+01
7.152557373046875000e-07
7.152557373046875000e-07
3.369303131103515625e+01
4.768371582031250000e-07
7.152557373046875000e-07
3.426576590538024902e+01
4.768371582031250000e-07
4.768371582031250000e-07
3.415033340454101562e+01
7.152557373046875000e-07
7.152557373046875000e-07
3.403588962554931641e+01
7.152557373046875000e-07
7.152557373046875000e-07
3.363571906089782715e+01
4.768371582031250000e-07
4.768371582031250000e-07
3.366019868850708008e+01
4.768371582031250000e-07
4.768371582031250000e-07
3.560333681106567383e+01
4.768371582031250000e-07
7.152557373046875000e-07
3.423134422302246094e+01
7.152557373046875000e-07
9.536743164062500000e-07
3.399154758453369141e+01
4.768371582031250000e-07
7.152557373046875000e-07
3.588961386680603027e+01
4.768371582031250000e-07
7.152557373046875000e-07
3.441315221786499023e+01
7.152557373046875000e-07
7.152557373046875000e-07
3.428598046302795410e+01
7.152557373046875000e-07
9.536743164062500000e-07
3.337832403182983398e+01
4.768371582031250000e-07
4.768371582031250000e-07
3.459015464782714844e+01
4.768371582031250000e-07
4.768371582031250000e-07
3.518156337738037109e+01
4.768371582031250000e-07
9.536743164062500000e-07
3.443950772285461426e+01
7.152557373046875000e-07
7.152557373046875000e-07
3.338025641441345215e+01
7.152557373046875000e-07
4.768371582031250000e-07
3.310123705863952637e+01
4.768371582031250000e-07
7.152557373046875000e-07
3.218387341499328613e+01
1.430511474609375000e-06
7.152557373046875000e-07
3.393157815933227539e+01
4.768371582031250000e-07
7.152557373046875000e-07
3.343953037261962891e+01
4.768371582031250000e-07
4.768371582031250000e-07
3.458104276657104492e+01
7.152557373046875000e-07
7.152557373046875000e-07
3.448928713798522949e+01
4.768371582031250000e-07
4.768371582031250000e-07
3.276819515228271484e+01
7.152557373046875000e-07
9.536743164062500000e-07
3.267970705032348633e+01
4.768371582031250000e-07
4.768371582031250000e-07
3.425381565093994141e+01
4.768371582031250000e-07
7.152557373046875000e-07
3.416421842575073242e+01
4.768371582031250000e-07
4.768371582031250000e-07
3.400806546211242676e+01
7.152557373046875000e-07
4.768371582031250000e-07
3.411370706558227539e+01
4.768371582031250000e-07
7.152557373046875000e-07
3.443053293228149414e+01
4.768371582031250000e-07
7.152557373046875000e-07
3.385509157180786133e+01
7.152557373046875000e-07
4.768371582031250000e-07
3.368527746200561523e+01
4.768371582031250000e-07
4.768371582031250000e-07
3.393204140663146973e+01
4.768371582031250000e-07
4.768371582031250000e-07
3.551549959182739258e+01
7.152557373046875000e-07
4.768371582031250000e-07
3.461983990669250488e+01
7.152557373046875000e-07
9.536743164062500000e-07
3.445832538604736328e+01
4.768371582031250000e-07
7.152557373046875000e-07
3.317354607582092285e+01
4.768371582031250000e-07
4.768371582031250000e-07
3.097161865234375000e+01
9.536743164062500000e-07
4.768371582031250000e-07
3.503408527374267578e+01
4.768371582031250000e-07
4.768371582031250000e-07
3.395153236389160156e+01
9.536743164062500000e-07
4.768371582031250000e-07
3.364885497093200684e+01
4.768371582031250000e-07
4.768371582031250000e-07
3.555011463165283203e+01
7.152557373046875000e-07
4.768371582031250000e-07
3.523245859146118164e+01
4.768371582031250000e-07
4.768371582031250000e-07
3.495815157890319824e+01
4.768371582031250000e-07
4.768371582031250000e-07
3.369738507270812988e+01
4.768371582031250000e-07
4.768371582031250000e-07
3.362605500221252441e+01
9.536743164062500000e-07
7.152557373046875000e-07
3.237826037406921387e+01
7.152557373046875000e-07
4.768371582031250000e-07
3.499375820159912109e+01
7.152557373046875000e-07
2.384185791015625000e-07
3.347924613952636719e+01
2.384185791015625000e-07
7.152557373046875000e-07
3.341705799102783203e+01
7.152557373046875000e-07
4.768371582031250000e-07
3.331872391700744629e+01
7.152557373046875000e-07
7.152557373046875000e-07
3.295746350288391113e+01
9.536743164062500000e-07
4.768371582031250000e-07
3.354776954650878906e+01
4.768371582031250000e-07
4.768371582031250000e-07
3.381697535514831543e+01
4.768371582031250000e-07
4.768371582031250000e-07
3.339795041084289551e+01
4.768371582031250000e-07
1.192092895507812500e-06
3.384766292572021484e+01
9.536743164062500000e-07
4.768371582031250000e-07
3.545353293418884277e+01
7.152557373046875000e-07
4.768371582031250000e-07
3.420401144027709961e+01
4.768371582031250000e-07
7.152557373046875000e-07
3.225934338569641113e+01
7.152557373046875000e-07
4.768371582031250000e-07
3.400348806381225586e+01
4.768371582031250000e-07
4.768371582031250000e-07
3.357270669937133789e+01
7.152557373046875000e-07
4.768371582031250000e-07
3.335958504676818848e+01
7.152557373046875000e-07
4.768371582031250000e-07
3.344524550437927246e+01
7.152557373046875000e-07
7.152557373046875000e-07
3.373885703086853027e+01
4.768371582031250000e-07
4.768371582031250000e-07
3.497668099403381348e+01
4.768371582031250000e-07
9.536743164062500000e-07
3.110134243965148926e+01
7.152557373046875000e-07
4.768371582031250000e-07
3.363074183464050293e+01
7.152557373046875000e-07
7.152557373046875000e-07
3.448900318145751953e+01
9.536743164062500000e-07
4.768371582031250000e-07
3.416126513481140137e+01
7.152557373046875000e-07
7.152557373046875000e-07
3.443030238151550293e+01
4.768371582031250000e-07
7.152557373046875000e-07
3.389531540870666504e+01
4.768371582031250000e-07
7.152557373046875000e-07
3.346978592872619629e+01
7.152557373046875000e-07
4.768371582031250000e-07
3.323383712768554688e+01
4.768371582031250000e-07
4.768371582031250000e-07
3.501558256149291992e+01
7.152557373046875000e-07
4.768371582031250000e-07
3.409673261642456055e+01
4.768371582031250000e-07
7.152557373046875000e-07
3.415666151046752930e+01
9.536743164062500000e-07
4.768371582031250000e-07
3.380625319480895996e+01
4.768371582031250000e-07
9.536743164062500000e-07
3.577519154548645020e+01
7.152557373046875000e-07
4.768371582031250000e-07
3.260390639305114746e+01
7.152557373046875000e-07
7.152557373046875000e-07
3.451859235763549805e+01
9.536743164062500000e-07
7.152557373046875000e-07
3.368612599372863770e+01
4.768371582031250000e-07
4.768371582031250000e-07
3.178297948837280273e+01
9.536743164062500000e-07
7.152557373046875000e-07
3.393208360671997070e+01
7.152557373046875000e-07
7.152557373046875000e-07
3.453218245506286621e+01
9.536743164062500000e-07
7.152557373046875000e-07
3.402392959594726562e+01
7.152557373046875000e-07
4.768371582031250000e-07
3.369764661788940430e+01
4.768371582031250000e-07
4.768371582031250000e-07
3.358057713508605957e+01
4.768371582031250000e-07
7.152557373046875000e-07
3.435166549682617188e+01
4.768371582031250000e-07
4.768371582031250000e-07
3.342504262924194336e+01
7.152557373046875000e-07
7.152557373046875000e-07
3.549693036079406738e+01
4.768371582031250000e-07
7.152557373046875000e-07
3.428068995475769043e+01
7.152557373046875000e-07
7.152557373046875000e-07
3.447268891334533691e+01
7.152557373046875000e-07
4.768371582031250000e-07
3.386952900886535645e+01
4.768371582031250000e-07
4.768371582031250000e-07
3.292988276481628418e+01
2.384185791015625000e-07
4.768371582031250000e-07
3.425798630714416504e+01
7.152557373046875000e-07
7.152557373046875000e-07
3.540322160720825195e+01
7.152557373046875000e-07
7.152557373046875000e-07
3.447434282302856445e+01
4.768371582031250000e-07
4.768371582031250000e-07
3.285346031188964844e+01
7.152557373046875000e-07
4.768371582031250000e-07
3.348078203201293945e+01
7.152557373046875000e-07
2.384185791015625000e-07
3.461799192428588867e+01
7.152557373046875000e-07
9.536743164062500000e-07
3.307980251312255859e+01
4.768371582031250000e-07
9.536743164062500000e-07
3.316372871398925781e+01
4.768371582031250000e-07
4.768371582031250000e-07
3.284795284271240234e+01
4.768371582031250000e-07
9.536743164062500000e-07
3.480556058883666992e+01
7.152557373046875000e-07
4.768371582031250000e-07
3.415722298622131348e+01
4.768371582031250000e-07
7.152557373046875000e-07
3.526316976547241211e+01
7.152557373046875000e-07
4.768371582031250000e-07
3.338136339187622070e+01
7.152557373046875000e-07
7.152557373046875000e-07
3.466821956634521484e+01
4.768371582031250000e-07
4.768371582031250000e-07
3.380013012886047363e+01
4.768371582031250000e-07
7.152557373046875000e-07
3.307706022262573242e+01
7.152557373046875000e-07
7.152557373046875000e-07
3.493567132949829102e+01
4.768371582031250000e-07
9.536743164062500000e-07
3.410907340049743652e+01
7.152557373046875000e-07
4.768371582031250000e-07
3.316541838645935059e+01
4.768371582031250000e-07
9.536743164062500000e-07
3.476089525222778320e+01
9.536743164062500000e-07
7.152557373046875000e-07
3.492304563522338867e+01
4.768371582031250000e-07
9.536743164062500000e-07
3.352477073669433594e+01
7.152557373046875000e-07
4.768371582031250000e-07
3.249154424667358398e+01
7.152557373046875000e-07
4.768371582031250000e-07
3.426284646987915039e+01
7.152557373046875000e-07
4.768371582031250000e-07
3.419896721839904785e+01
7.152557373046875000e-07
4.768371582031250000e-07
3.361885285377502441e+01
7.152557373046875000e-07
4.768371582031250000e-07
3.410013437271118164e+01
7.152557373046875000e-07
4.768371582031250000e-07
3.495972990989685059e+01
4.768371582031250000e-07
9.536743164062500000e-07
3.286508655548095703e+01
7.152557373046875000e-07
4.768371582031250000e-07
3.372485494613647461e+01
4.768371582031250000e-07
7.152557373046875000e-07
3.316750121116638184e+01
7.152557373046875000e-07
4.768371582031250000e-07
3.287157416343688965e+01
4.768371582031250000e-07
7.152557373046875000e-07
3.449216508865356445e+01
4.768371582031250000e-07
7.152557373046875000e-07
3.649358367919921875e+01
4.768371582031250000e-07
4.768371582031250000e-07
3.335533070564270020e+01
7.152557373046875000e-07
7.152557373046875000e-07
3.344550895690917969e+01
4.768371582031250000e-07
7.152557373046875000e-07
3.414551162719726562e+01
7.152557373046875000e-07
4.768371582031250000e-07
3.300739645957946777e+01
4.768371582031250000e-07
2.384185791015625000e-07
3.400197672843933105e+01
4.768371582031250000e-07
4.768371582031250000e-07
3.344995903968811035e+01
1.192092895507812500e-06
4.768371582031250000e-07
3.136796021461486816e+01
7.152557373046875000e-07
4.768371582031250000e-07
3.324061131477355957e+01
4.768371582031250000e-07
4.768371582031250000e-07
3.399695277214050293e+01
7.152557373046875000e-07
4.768371582031250000e-07
3.342391967773437500e+01
9.536743164062500000e-07
7.152557373046875000e-07
3.266420722007751465e+01
4.768371582031250000e-07
4.768371582031250000e-07
3.351656436920166016e+01
4.768371582031250000e-07
9.536743164062500000e-07
3.380829977989196777e+01
7.152557373046875000e-07
7.152557373046875000e-07
3.478241515159606934e+01
9.536743164062500000e-07
4.768371582031250000e-07
3.311186432838439941e+01
4.768371582031250000e-07
7.152557373046875000e-07
3.322239542007446289e+01
7.152557373046875000e-07
4.768371582031250000e-07
3.253971076011657715e+01
4.768371582031250000e-07
4.768371582031250000e-07
3.322786307334899902e+01
4.768371582031250000e-07
4.768371582031250000e-07
3.454001736640930176e+01
7.152557373046875000e-07
7.152557373046875000e-07
3.504063153266906738e+01
7.152557373046875000e-07
4.768371582031250000e-07
3.326105475425720215e+01
4.768371582031250000e-07
4.768371582031250000e-07
3.397000980377197266e+01
7.152557373046875000e-07
7.152557373046875000e-07
3.640000009536743164e+01
4.768371582031250000e-07
7.152557373046875000e-07
3.350019383430480957e+01
4.768371582031250000e-07
7.152557373046875000e-07
3.315751433372497559e+01
4.768371582031250000e-07
4.768371582031250000e-07
3.396322703361511230e+01
7.152557373046875000e-07
7.152557373046875000e-07
3.006085443496704102e+01
7.152557373046875000e-07
4.768371582031250000e-07
3.415686821937561035e+01
4.768371582031250000e-07
7.152557373046875000e-07
3.419311928749084473e+01
4.768371582031250000e-07
4.768371582031250000e-07
3.453678011894226074e+01
4.768371582031250000e-07
4.768371582031250000e-07
3.423130702972412109e+01
4.768371582031250000e-07
4.768371582031250000e-07
3.428667569160461426e+01
4.768371582031250000e-07
7.152557373046875000e-07
3.447063422203063965e+01
4.768371582031250000e-07
4.768371582031250000e-07
3.301777338981628418e+01
4.768371582031250000e-07
4.768371582031250000e-07
3.203745222091674805e+01
4.768371582031250000e-07
7.152557373046875000e-07
3.308887386322021484e+01
4.768371582031250000e-07
4.768371582031250000e-07
3.094803118705749512e+01
4.768371582031250000e-07
4.768371582031250000e-07
3.315659976005554199e+01
7.152557373046875000e-07
2.384185791015625000e-07
3.459644865989685059e+01
4.768371582031250000e-07
9.536743164062500000e-07
3.558109617233276367e+01
4.768371582031250000e-07
7.152557373046875000e-07
3.398459124565124512e+01
4.768371582031250000e-07
7.152557373046875000e-07
3.326885795593261719e+01
2.384185791015625000e-07
4.768371582031250000e-07
3.417275118827819824e+01
7.152557373046875000e-07
4.768371582031250000e-07
3.372133612632751465e+01
4.768371582031250000e-07
4.768371582031250000e-07
3.240023064613342285e+01
4.768371582031250000e-07
4.768371582031250000e-07
3.404725694656372070e+01
4.768371582031250000e-07
1.192092895507812500e-06
3.335181570053100586e+01
4.768371582031250000e-07
7.152557373046875000e-07
3.538614392280578613e+01
7.152557373046875000e-07
4.768371582031250000e-07
3.337065696716308594e+01
4.768371582031250000e-07
4.768371582031250000e-07
2.881977415084838867e+01
7.152557373046875000e-07
4.768371582031250000e-07
3.231166410446166992e+01
4.768371582031250000e-07
4.768371582031250000e-07
3.281106448173522949e+01
2.384185791015625000e-07
7.152557373046875000e-07
3.470858216285705566e+01
7.152557373046875000e-07
7.152557373046875000e-07
3.390194249153137207e+01
1.430511474609375000e-06
4.768371582031250000e-07
3.476391577720642090e+01
9.536743164062500000e-07
7.152557373046875000e-07
3.260197329521179199e+01
9.536743164062500000e-07
7.152557373046875000e-07
3.391858124732971191e+01
7.152557373046875000e-07
7.152557373046875000e-07
3.333521747589111328e+01
7.152557373046875000e-07
4.768371582031250000e-07
3.338847422599792480e+01
9.536743164062500000e-07
7.152557373046875000e-07
3.399378085136413574e+01
4.768371582031250000e-07
4.768371582031250000e-07
3.397104763984680176e+01
7.152557373046875000e-07
4.768371582031250000e-07
3.329893326759338379e+01
7.152557373046875000e-07
7.152557373046875000e-07
3.358642244338989258e+01
4.768371582031250000e-07
9.536743164062500000e-07
3.326467871665954590e+01
7.152557373046875000e-07
7.152557373046875000e-07
3.387315225601196289e+01
9.536743164062500000e-07
4.768371582031250000e-07
3.413888692855834961e+01
4.768371582031250000e-07
4.768371582031250000e-07
3.333433842658996582e+01
4.768371582031250000e-07
7.152557373046875000e-07
3.398863291740417480e+01
7.152557373046875000e-07
9.536743164062500000e-07
3.435046958923339844e+01
7.152557373046875000e-07
2.384185791015625000e-07
3.358828306198120117e+01
7.152557373046875000e-07
9.536743164062500000e-07
3.301731872558593750e+01
4.768371582031250000e-07
7.152557373046875000e-07
3.387141156196594238e+01
4.768371582031250000e-07
4.768371582031250000e-07
3.272421932220458984e+01
7.152557373046875000e-07
9.536743164062500000e-07
3.391250634193420410e+01
9.536743164062500000e-07
4.768371582031250000e-07
3.268126964569091797e+01
4.768371582031250000e-07
4.768371582031250000e-07
3.346598315238952637e+01
7.152557373046875000e-07
7.152557373046875000e-07
3.262699127197265625e+01
4.768371582031250000e-07
4.768371582031250000e-07
3.541168117523193359e+01
7.152557373046875000e-07
4.768371582031250000e-07
3.297000312805175781e+01
7.152557373046875000e-07
7.152557373046875000e-07
3.234988164901733398e+01
4.768371582031250000e-07
4.768371582031250000e-07
3.440243530273437500e+01
4.768371582031250000e-07
4.768371582031250000e-07
3.443352055549621582e+01
4.768371582031250000e-07
7.152557373046875000e-07
3.559255194664001465e+01
7.152557373046875000e-07
9.536743164062500000e-07
3.416935873031616211e+01
7.152557373046875000e-07
4.768371582031250000e-07
3.350280141830444336e+01
4.768371582031250000e-07
4.768371582031250000e-07
3.388422751426696777e+01
7.152557373046875000e-07
7.152557373046875000e-07
3.330467605590820312e+01
4.768371582031250000e-07
4.768371582031250000e-07
3.513475441932678223e+01
9.536743164062500000e-07
4.768371582031250000e-07
3.278103113174438477e+01
7.152557373046875000e-07
4.768371582031250000e-07
3.476727008819580078e+01
7.152557373046875000e-07
4.768371582031250000e-07
3.377726292610168457e+01
4.768371582031250000e-07
4.768371582031250000e-07
3.351470351219177246e+01
7.152557373046875000e-07
4.768371582031250000e-07
3.200199794769287109e+01
4.768371582031250000e-07
7.152557373046875000e-07
3.283074688911437988e+01
7.152557373046875000e-07
7.152557373046875000e-07
3.421822237968444824e+01
2.384185791015625000e-07
4.768371582031250000e-07
3.342133855819702148e+01
7.152557373046875000e-07
4.768371582031250000e-07
3.419142103195190430e+01
4.768371582031250000e-07
4.768371582031250000e-07
3.369600415229797363e+01
9.536743164062500000e-07
7.152557373046875000e-07
3.321503186225891113e+01
7.152557373046875000e-07
7.152557373046875000e-07
3.528202033042907715e+01
4.768371582031250000e-07
7.152557373046875000e-07
3.192347717285156250e+01
9.536743164062500000e-07
4.768371582031250000e-07
3.404444026947021484e+01
4.768371582031250000e-07
4.768371582031250000e-07
3.332470154762268066e+01
4.768371582031250000e-07
4.768371582031250000e-07
3.500218605995178223e+01
4.768371582031250000e-07
4.768371582031250000e-07
3.305239534378051758e+01
4.768371582031250000e-07
7.152557373046875000e-07
3.293468403816223145e+01
7.152557373046875000e-07
7.152557373046875000e-07
3.465726828575134277e+01
4.768371582031250000e-07
4.768371582031250000e-07
3.384288763999938965e+01
4.768371582031250000e-07
7.152557373046875000e-07
3.376901960372924805e+01
7.152557373046875000e-07
7.152557373046875000e-07
3.222136497497558594e+01
7.152557373046875000e-07
7.152557373046875000e-07
3.296629166603088379e+01
4.768371582031250000e-07
7.152557373046875000e-07
3.434822726249694824e+01
7.152557373046875000e-07
4.768371582031250000e-07
3.322198748588562012e+01
4.768371582031250000e-07
9.536743164062500000e-07
3.365077352523803711e+01
7.152557373046875000e-07
7.152557373046875000e-07
3.328320002555847168e+01
4.768371582031250000e-07
7.152557373046875000e-07
3.319719982147216797e+01
7.152557373046875000e-07
7.152557373046875000e-07
3.359193253517150879e+01
4.768371582031250000e-07
7.152557373046875000e-07
3.298625445365905762e+01
7.152557373046875000e-07
7.152557373046875000e-07
3.233166456222534180e+01
7.152557373046875000e-07
4.768371582031250000e-07
3.440985846519470215e+01
4.768371582031250000e-07
7.152557373046875000e-07
3.337999081611633301e+01
7.152557373046875000e-07
4.768371582031250000e-07
3.300064802169799805e+01
4.768371582031250000e-07
4.768371582031250000e-07
3.395425367355346680e+01
4.768371582031250000e-07
7.152557373046875000e-07
3.478867244720458984e+01
7.152557373046875000e-07
4.768371582031250000e-07
3.301847171783447266e+01
7.152557373046875000e-07
4.768371582031250000e-07
3.328587865829467773e+01
9.536743164062500000e-07
4.768371582031250000e-07
3.283794045448303223e+01
4.768371582031250000e-07
7.152557373046875000e-07
3.301650071144104004e+01
4.768371582031250000e-07
7.152557373046875000e-07
3.285692167282104492e+01
7.152557373046875000e-07
4.768371582031250000e-07
3.356295037269592285e+01
2.384185791015625000e-07
4.768371582031250000e-07
3.286560750007629395e+01
4.768371582031250000e-07
4.768371582031250000e-07
3.339952182769775391e+01
7.152557373046875000e-07
9.536743164062500000e-07
3.365531086921691895e+01
7.152557373046875000e-07
4.768371582031250000e-07
3.363518524169921875e+01
4.768371582031250000e-07
7.152557373046875000e-07
3.377841162681579590e+01
7.152557373046875000e-07
4.768371582031250000e-07
3.362970685958862305e+01
7.152557373046875000e-07
4.768371582031250000e-07
3.479911708831787109e+01
4.768371582031250000e-07
4.768371582031250000e-07
3.266407442092895508e+01
7.152557373046875000e-07
2.384185791015625000e-07
3.343836379051208496e+01
4.768371582031250000e-07
4.768371582031250000e-07
3.504369378089904785e+01
7.152557373046875000e-07
7.152557373046875000e-07
3.312322831153869629e+01
9.536743164062500000e-07
4.768371582031250000e-07
3.508928394317626953e+01
4.768371582031250000e-07
4.768371582031250000e-07
3.294515132904052734e+01
4.768371582031250000e-07
4.768371582031250000e-07
3.301832723617553711e+01
7.152557373046875000e-07
7.152557373046875000e-07
3.337503242492675781e+01
4.768371582031250000e-07
4.768371582031250000e-07
3.401764822006225586e+01
7.152557373046875000e-07
4.768371582031250000e-07
3.473991060256958008e+01
4.768371582031250000e-07
9.536743164062500000e-07
3.455701851844787598e+01
7.152557373046875000e-07
9.536743164062500000e-07
3.256818342208862305e+01
7.152557373046875000e-07
4.768371582031250000e-07
3.383394885063171387e+01
7.152557373046875000e-07
4.768371582031250000e-07
3.601705431938171387e+01
7.152557373046875000e-07
9.536743164062500000e-07
3.006674075126647949e+01
4.768371582031250000e-07
4.768371582031250000e-07
3.310280513763427734e+01
4.768371582031250000e-07
4.768371582031250000e-07
3.403520894050598145e+01
4.768371582031250000e-07
4.768371582031250000e-07
3.221447896957397461e+01
9.536743164062500000e-07
4.768371582031250000e-07
3.362307739257812500e+01
4.768371582031250000e-07
2.384185791015625000e-07
3.352950358390808105e+01
7.152557373046875000e-07
4.768371582031250000e-07
3.343806695938110352e+01
9.536743164062500000e-07
4.768371582031250000e-07
3.313778114318847656e+01
7.152557373046875000e-07
4.768371582031250000e-07
3.472041511535644531e+01
9.536743164062500000e-07
4.768371582031250000e-07
3.309330201148986816e+01
4.768371582031250000e-07
7.152557373046875000e-07
3.383635210990905762e+01
7.152557373046875000e-07
7.152557373046875000e-07
3.451881337165832520e+01
4.768371582031250000e-07
4.768371582031250000e-07
3.382240700721740723e+01
7.152557373046875000e-07
9.536743164062500000e-07
3.254660081863403320e+01
7.152557373046875000e-07
4.768371582031250000e-07
3.206587338447570801e+01
4.768371582031250000e-07
7.152557373046875000e-07
3.270963144302368164e+01
7.152557373046875000e-07
4.768371582031250000e-07
3.396606087684631348e+01
7.152557373046875000e-07
4.768371582031250000e-07
3.216403913497924805e+01
4.768371582031250000e-07
7.152557373046875000e-07
3.441629028320312500e+01
7.152557373046875000e-07
4.768371582031250000e-07
3.385261559486389160e+01
4.768371582031250000e-07
4.768371582031250000e-07
3.397485709190368652e+01
4.768371582031250000e-07
9.536743164062500000e-07
3.361390733718872070e+01
4.768371582031250000e-07
7.152557373046875000e-07
3.434843873977661133e+01
4.768371582031250000e-07
4.768371582031250000e-07
3.280197787284851074e+01
7.152557373046875000e-07
9.536743164062500000e-07
3.362573790550231934e+01
4.768371582031250000e-07
4.768371582031250000e-07
3.465022659301757812e+01
4.768371582031250000e-07
4.768371582031250000e-07
3.184509420394897461e+01
4.768371582031250000e-07
4.768371582031250000e-07
3.366886496543884277e+01
4.768371582031250000e-07
9.536743164062500000e-07
3.380097532272338867e+01
4.768371582031250000e-07
4.768371582031250000e-07
3.290561199188232422e+01
4.768371582031250000e-07
4.768371582031250000e-07
3.441735911369323730e+01
4.768371582031250000e-07
4.768371582031250000e-07
3.326745367050170898e+01
9.536743164062500000e-07
7.152557373046875000e-07
3.397541284561157227e+01
4.768371582031250000e-07
4.768371582031250000e-07
3.384926462173461914e+01
4.768371582031250000e-07
7.152557373046875000e-07
3.431122326850891113e+01
7.152557373046875000e-07
4.768371582031250000e-07
3.343863248825073242e+01
1.192092895507812500e-06
4.768371582031250000e-07
3.440102481842041016e+01
7.152557373046875000e-07
7.152557373046875000e-07
3.326695966720581055e+01
4.768371582031250000e-07
4.768371582031250000e-07
3.357283568382263184e+01
4.768371582031250000e-07
4.768371582031250000e-07
3.331826663017272949e+01
4.768371582031250000e-07
4.768371582031250000e-07
3.366485881805419922e+01
4.768371582031250000e-07
7.152557373046875000e-07
3.234920382499694824e+01
4.768371582031250000e-07
7.152557373046875000e-07
3.449020361900329590e+01
4.768371582031250000e-07
4.768371582031250000e-07
3.373281145095825195e+01
4.768371582031250000e-07
7.152557373046875000e-07
3.433891558647155762e+01
4.768371582031250000e-07
7.152557373046875000e-07
3.286233806610107422e+01
4.768371582031250000e-07
7.152557373046875000e-07
3.436280298233032227e+01
7.152557373046875000e-07
4.768371582031250000e-07
3.375010991096496582e+01
4.768371582031250000e-07
4.768371582031250000e-07
3.306824088096618652e+01
4.768371582031250000e-07
7.152557373046875000e-07
3.346622371673583984e+01
4.768371582031250000e-07
7.152557373046875000e-07
3.652037239074707031e+01
4.768371582031250000e-07
4.768371582031250000e-07
3.417132544517517090e+01
4.768371582031250000e-07
4.768371582031250000e-07
3.430132174491882324e+01
4.768371582031250000e-07
4.768371582031250000e-07
3.308885860443115234e+01
7.152557373046875000e-07
9.536743164062500000e-07
3.565249156951904297e+01
7.152557373046875000e-07
4.768371582031250000e-07
3.374158787727355957e+01
4.768371582031250000e-07
4.768371582031250000e-07
3.280447816848754883e+01
4.768371582031250000e-07
4.768371582031250000e-07
3.320049190521240234e+01
4.768371582031250000e-07
4.768371582031250000e-07
3.487809062004089355e+01
7.152557373046875000e-07
4.768371582031250000e-07
3.304138898849487305e+01
4.768371582031250000e-07
7.152557373046875000e-07
3.367491817474365234e+01
7.152557373046875000e-07
4.768371582031250000e-07
3.357292151451110840e+01
7.152557373046875000e-07
7.152557373046875000e-07
3.386810255050659180e+01
4.768371582031250000e-07
4.768371582031250000e-07
3.216606116294860840e+01
7.152557373046875000e-07
7.152557373046875000e-07
3.537989807128906250e+01
9.536743164062500000e-07
9.536743164062500000e-07
3.178004550933837891e+01
7.152557373046875000e-07
1.192092895507812500e-06
3.338293266296386719e+01
4.768371582031250000e-07
4.768371582031250000e-07
3.318659305572509766e+01
7.152557373046875000e-07
7.152557373046875000e-07
3.485214185714721680e+01
7.152557373046875000e-07
4.768371582031250000e-07
3.436378931999206543e+01
9.536743164062500000e-07
9.536743164062500000e-07
3.355786824226379395e+01
4.768371582031250000e-07
7.152557373046875000e-07
3.439313673973083496e+01
4.768371582031250000e-07
7.152557373046875000e-07
3.436483240127563477e+01
4.768371582031250000e-07
9.536743164062500000e-07
3.375114989280700684e+01
1.192092895507812500e-06
4.768371582031250000e-07
3.329758167266845703e+01
7.152557373046875000e-07
7.152557373046875000e-07
3.300536656379699707e+01
4.768371582031250000e-07
9.536743164062500000e-07
3.260175967216491699e+01
7.152557373046875000e-07
4.768371582031250000e-07
3.441990041732788086e+01
4.768371582031250000e-07
7.152557373046875000e-07
3.384418129920959473e+01
7.152557373046875000e-07
4.768371582031250000e-07
3.199469208717346191e+01
7.152557373046875000e-07
7.152557373046875000e-07
3.526435804367065430e+01
7.152557373046875000e-07
4.768371582031250000e-07
3.397651290893554688e+01
7.152557373046875000e-07
7.152557373046875000e-07
3.247894716262817383e+01
4.768371582031250000e-07
4.768371582031250000e-07
3.438634610176086426e+01
1.192092895507812500e-06
4.768371582031250000e-07
3.295250797271728516e+01
4.768371582031250000e-07
4.768371582031250000e-07
3.511289906501770020e+01
7.152557373046875000e-07
1.192092895507812500e-06
3.313546442985534668e+01
7.152557373046875000e-07
4.768371582031250000e-07
3.352920174598693848e+01
4.768371582031250000e-07
7.152557373046875000e-07
3.299935698509216309e+01
7.152557373046875000e-07
4.768371582031250000e-07
3.346415257453918457e+01
7.152557373046875000e-07
4.768371582031250000e-07
3.305788087844848633e+01
4.768371582031250000e-07
9.536743164062500000e-07
3.408774375915527344e+01
4.768371582031250000e-07
9.536743164062500000e-07
3.238718867301940918e+01
9.536743164062500000e-07
7.152557373046875000e-07
3.458699440956115723e+01
7.152557373046875000e-07
4.768371582031250000e-07
3.409951066970825195e+01
7.152557373046875000e-07
7.152557373046875000e-07
3.316815185546875000e+01
7.152557373046875000e-07
7.152557373046875000e-07
3.420393228530883789e+01
7.152557373046875000e-07
9.536743164062500000e-07
3.325348329544067383e+01
7.152557373046875000e-07
7.152557373046875000e-07
3.234230971336364746e+01
7.152557373046875000e-07
7.152557373046875000e-07
3.497659206390380859e+01
9.536743164062500000e-07
9.536743164062500000e-07
3.355200910568237305e+01
7.152557373046875000e-07
7.152557373046875000e-07
3.343902111053466797e+01
9.536743164062500000e-07
4.768371582031250000e-07
3.498118400573730469e+01
7.152557373046875000e-07
7.152557373046875000e-07
3.469370675086975098e+01
4.768371582031250000e-07
1.192092895507812500e-06
3.255055713653564453e+01
7.152557373046875000e-07
7.152557373046875000e-07
3.415822958946228027e+01
4.768371582031250000e-07
7.152557373046875000e-07
3.477531194686889648e+01
4.768371582031250000e-07
7.152557373046875000e-07
3.245553183555603027e+01
9.536743164062500000e-07
9.536743164062500000e-07
3.408918285369873047e+01
9.536743164062500000e-07
7.152557373046875000e-07
3.282741641998291016e+01
4.768371582031250000e-07
7.152557373046875000e-07
3.092295193672180176e+01
7.152557373046875000e-07
4.768371582031250000e-07
3.430496001243591309e+01
7.152557373046875000e-07
7.152557373046875000e-07
3.324568200111389160e+01
7.152557373046875000e-07
7.152557373046875000e-07
3.389815425872802734e+01
4.768371582031250000e-07
7.152557373046875000e-07
3.207455205917358398e+01
1.192092895507812500e-06
7.152557373046875000e-07
3.408711862564086914e+01
4.768371582031250000e-07
1.192092895507812500e-06
3.329697465896606445e+01
7.152557373046875000e-07
4.768371582031250000e-07
3.437621068954467773e+01
7.152557373046875000e-07
7.152557373046875000e-07
3.463188838958740234e+01
4.768371582031250000e-07
4.768371582031250000e-07
3.467307186126708984e+01
4.768371582031250000e-07
4.768371582031250000e-07
3.511377120018005371e+01
9.536743164062500000e-07
4.768371582031250000e-07
3.388721799850463867e+01
4.768371582031250000e-07
4.768371582031250000e-07
3.306585264205932617e+01
4.768371582031250000e-07
4.768371582031250000e-07
3.321521615982055664e+01
9.536743164062500000e-07
7.152557373046875000e-07
3.413147115707397461e+01
7.152557373046875000e-07
4.768371582031250000e-07
3.453720593452453613e+01
4.768371582031250000e-07
4.768371582031250000e-07
3.368481755256652832e+01
9.536743164062500000e-07
7.152557373046875000e-07
3.348071694374084473e+01
7.152557373046875000e-07
4.768371582031250000e-07
3.519495058059692383e+01
7.152557373046875000e-07
1.192092895507812500e-06
3.466719484329223633e+01
4.768371582031250000e-07
4.768371582031250000e-07
3.258196449279785156e+01
7.152557373046875000e-07
4.768371582031250000e-07
3.402035641670227051e+01
4.768371582031250000e-07
4.768371582031250000e-07
3.484068965911865234e+01
7.152557373046875000e-07
7.152557373046875000e-07
3.305788636207580566e+01
4.768371582031250000e-07
4.768371582031250000e-07
3.467773842811584473e+01
7.152557373046875000e-07
4.768371582031250000e-07
3.418031144142150879e+01
9.536743164062500000e-07
7.152557373046875000e-07
3.368462729454040527e+01
4.768371582031250000e-07
7.152557373046875000e-07
3.486273908615112305e+01
2.384185791015625000e-07
7.152557373046875000e-07
3.347029972076416016e+01
4.768371582031250000e-07
4.768371582031250000e-07
3.325553703308105469e+01
4.768371582031250000e-07
4.768371582031250000e-07
3.454401993751525879e+01
9.536743164062500000e-07
7.152557373046875000e-07
3.395929217338562012e+01
4.768371582031250000e-07
4.768371582031250000e-07
3.370239973068237305e+01
4.768371582031250000e-07
7.152557373046875000e-07
3.367894840240478516e+01
7.152557373046875000e-07
7.152557373046875000e-07
3.442499637603759766e+01
7.152557373046875000e-07
4.768371582031250000e-07
3.445960092544555664e+01
9.536743164062500000e-07
4.768371582031250000e-07
3.144188475608825684e+01
4.768371582031250000e-07
4.768371582031250000e-07
3.376999759674072266e+01
7.152557373046875000e-07
4.768371582031250000e-07
3.361145758628845215e+01
7.152557373046875000e-07
7.152557373046875000e-07
3.538596224784851074e+01
2.384185791015625000e-07
7.152557373046875000e-07
3.405544281005859375e+01
4.768371582031250000e-07
7.152557373046875000e-07
3.287551808357238770e+01
4.768371582031250000e-07
7.152557373046875000e-07
3.309949326515197754e+01
7.152557373046875000e-07
2.384185791015625000e-07
3.406466531753540039e+01
4.768371582031250000e-07
7.152557373046875000e-07
3.507521629333496094e+01
7.152557373046875000e-07
4.768371582031250000e-07
3.343723964691162109e+01
7.152557373046875000e-07
4.768371582031250000e-07
3.374693942070007324e+01
7.152557373046875000e-07
7.152557373046875000e-07
3.433838415145874023e+01
4.768371582031250000e-07
7.152557373046875000e-07
3.462658238410949707e+01
7.152557373046875000e-07
7.152557373046875000e-07
3.249704861640930176e+01
4.768371582031250000e-07
7.152557373046875000e-07
3.409378719329833984e+01
7.152557373046875000e-07
4.768371582031250000e-07
3.466642999649047852e+01
7.152557373046875000e-07
7.152557373046875000e-07
3.429091143608093262e+01
4.768371582031250000e-07
4.768371582031250000e-07
3.454236888885498047e+01
4.768371582031250000e-07
7.152557373046875000e-07
3.343685817718505859e+01
9.536743164062500000e-07
4.768371582031250000e-07
3.387114477157592773e+01
4.768371582031250000e-07
4.768371582031250000e-07
3.348592233657836914e+01
7.152557373046875000e-07
4.768371582031250000e-07
3.421636843681335449e+01
7.867813110351562500e-06
7.152557373046875000e-07
3.405179905891418457e+01
9.536743164062500000e-07
4.768371582031250000e-07
3.350938773155212402e+01
4.768371582031250000e-07
7.152557373046875000e-07
3.298265600204467773e+01
7.152557373046875000e-07
7.152557373046875000e-07
3.299449157714843750e+01
4.768371582031250000e-07
4.768371582031250000e-07
3.332794237136840820e+01
7.152557373046875000e-07
4.768371582031250000e-07
3.543308067321777344e+01
9.536743164062500000e-07
9.536743164062500000e-07
3.337131977081298828e+01
4.768371582031250000e-07
7.152557373046875000e-07
3.290116500854492188e+01
4.768371582031250000e-07
9.536743164062500000e-07
3.400029850006103516e+01
7.152557373046875000e-07
7.152557373046875000e-07
3.234962940216064453e+01
7.152557373046875000e-07
7.152557373046875000e-07
3.359100294113159180e+01
9.536743164062500000e-07
4.768371582031250000e-07
3.204440379142761230e+01
4.768371582031250000e-07
4.768371582031250000e-07
3.375262165069580078e+01
7.152557373046875000e-07
4.768371582031250000e-07
3.395404434204101562e+01
7.152557373046875000e-07
4.768371582031250000e-07
3.318639278411865234e+01
4.768371582031250000e-07
7.152557373046875000e-07
3.209731030464172363e+01
4.768371582031250000e-07
7.152557373046875000e-07
3.357820940017700195e+01
4.768371582031250000e-07
7.152557373046875000e-07
3.277208828926086426e+01
7.152557373046875000e-07
4.768371582031250000e-07
3.276866412162780762e+01
7.152557373046875000e-07
4.768371582031250000e-07
3.354838180541992188e+01
9.536743164062500000e-07
4.768371582031250000e-07
3.445500302314758301e+01
4.768371582031250000e-07
4.768371582031250000e-07
3.416713595390319824e+01
4.768371582031250000e-07
7.152557373046875000e-07
3.407278823852539062e+01
4.768371582031250000e-07
4.768371582031250000e-07
3.396688485145568848e+01
4.768371582031250000e-07
4.768371582031250000e-07
3.309421896934509277e+01
7.152557373046875000e-07
4.768371582031250000e-07
3.356101298332214355e+01
4.768371582031250000e-07
4.768371582031250000e-07
3.386772751808166504e+01
4.768371582031250000e-07
7.152557373046875000e-07
3.363071680068969727e+01
4.768371582031250000e-07
4.768371582031250000e-07
3.491024875640869141e+01
7.152557373046875000e-07
4.768371582031250000e-07
3.347660231590270996e+01
4.768371582031250000e-07
9.536743164062500000e-07
3.457521367073059082e+01
4.768371582031250000e-07
4.768371582031250000e-07
3.373670196533203125e+01
7.152557373046875000e-07
1.192092895507812500e-06
3.455864596366882324e+01
4.768371582031250000e-07
4.768371582031250000e-07
3.359912824630737305e+01
4.768371582031250000e-07
9.536743164062500000e-07
3.419026064872741699e+01
4.768371582031250000e-07
9.536743164062500000e-07
3.339043569564819336e+01
9.536743164062500000e-07
4.768371582031250000e-07
3.380072855949401855e+01
7.152557373046875000e-07
4.768371582031250000e-07
3.358265495300292969e+01
7.152557373046875000e-07
7.152557373046875000e-07
3.384458017349243164e+01
4.768371582031250000e-07
4.768371582031250000e-07
3.377706098556518555e+01
4.768371582031250000e-07
4.768371582031250000e-07
3.404235339164733887e+01
7.152557373046875000e-07
4.768371582031250000e-07
3.352609825134277344e+01
4.768371582031250000e-07
4.768371582031250000e-07
3.396834802627563477e+01
4.768371582031250000e-07
4.768371582031250000e-07
3.283879303932189941e+01
4.768371582031250000e-07
7.152557373046875000e-07
3.272217011451721191e+01
9.536743164062500000e-07
7.152557373046875000e-07
3.376678156852722168e+01
4.768371582031250000e-07
4.768371582031250000e-07
3.369726824760437012e+01
7.152557373046875000e-07
9.536743164062500000e-07
3.228785371780395508e+01
4.768371582031250000e-07
4.768371582031250000e-07
3.353113603591918945e+01
4.768371582031250000e-07
2.384185791015625000e-07
3.330765199661254883e+01
4.768371582031250000e-07
4.768371582031250000e-07
3.335646414756774902e+01
4.768371582031250000e-07
4.768371582031250000e-07
3.343387508392333984e+01
7.152557373046875000e-07
4.768371582031250000e-07
3.300188708305358887e+01
9.536743164062500000e-07
4.768371582031250000e-07
3.514008688926696777e+01
7.152557373046875000e-07
4.768371582031250000e-07
3.343251347541809082e+01
7.152557373046875000e-07
7.152557373046875000e-07
3.488404846191406250e+01
9.536743164062500000e-07
7.152557373046875000e-07
3.442030811309814453e+01
7.152557373046875000e-07
7.152557373046875000e-07
3.378460311889648438e+01
9.536743164062500000e-07
9.536743164062500000e-07
3.419669389724731445e+01
7.152557373046875000e-07
4.768371582031250000e-07
3.490317130088806152e+01
4.768371582031250000e-07
7.152557373046875000e-07
3.458434844017028809e+01
4.768371582031250000e-07
7.152557373046875000e-07
3.288098740577697754e+01
4.768371582031250000e-07
7.152557373046875000e-07
3.418164730072021484e+01
9.536743164062500000e-07
4.768371582031250000e-07
3.463276052474975586e+01
4.768371582031250000e-07
7.152557373046875000e-07
3.413629794120788574e+01
4.768371582031250000e-07
7.152557373046875000e-07
3.534466195106506348e+01
7.152557373046875000e-07
7.152557373046875000e-07
3.479239392280578613e+01
4.768371582031250000e-07
4.768371582031250000e-07
3.358774590492248535e+01
4.768371582031250000e-07
7.152557373046875000e-07
3.446093535423278809e+01
9.536743164062500000e-07
7.152557373046875000e-07
3.473718047142028809e+01
4.768371582031250000e-07
7.152557373046875000e-07
3.032723021507263184e+01
4.768371582031250000e-07
4.768371582031250000e-07
3.309595084190368652e+01
4.768371582031250000e-07
9.536743164062500000e-07
3.435935211181640625e+01
7.152557373046875000e-07
4.768371582031250000e-07
3.326144671440124512e+01
4.768371582031250000e-07
4.768371582031250000e-07
3.249110221862792969e+01
7.152557373046875000e-07
4.768371582031250000e-07
3.359629702568054199e+01
4.768371582031250000e-07
7.152557373046875000e-07
3.239990091323852539e+01
4.768371582031250000e-07
4.768371582031250000e-07
3.336098456382751465e+01
7.152557373046875000e-07
4.768371582031250000e-07
3.234554672241210938e+01
4.768371582031250000e-07
7.152557373046875000e-07
3.257007956504821777e+01
4.768371582031250000e-07
7.152557373046875000e-07
3.480782556533813477e+01
7.152557373046875000e-07
7.152557373046875000e-07
3.437709689140319824e+01
7.152557373046875000e-07
4.768371582031250000e-07
3.350880861282348633e+01
7.152557373046875000e-07
7.152557373046875000e-07
3.498607778549194336e+01
4.768371582031250000e-07
7.152557373046875000e-07
3.394370603561401367e+01
7.152557373046875000e-07
4.768371582031250000e-07
3.509578728675842285e+01
7.152557373046875000e-07
4.768371582031250000e-07
3.337390875816345215e+01
4.768371582031250000e-07
7.152557373046875000e-07
3.488132739067077637e+01
7.152557373046875000e-07
7.152557373046875000e-07
3.438667511940002441e+01
9.536743164062500000e-07
9.536743164062500000e-07
3.256784915924072266e+01
7.152557373046875000e-07
7.152557373046875000e-07
3.345772933959960938e+01
7.152557373046875000e-07
7.152557373046875000e-07
3.329352092742919922e+01
9.536743164062500000e-07
4.768371582031250000e-07
3.322529506683349609e+01
4.768371582031250000e-07
4.768371582031250000e-07
3.146661043167114258e+01
9.536743164062500000e-07
1.192092895507812500e-06
3.446919608116149902e+01
7.152557373046875000e-07
7.152557373046875000e-07
3.103781652450561523e+01
1.430511474609375000e-06
9.536743164062500000e-07
3.378240418434143066e+01
4.768371582031250000e-07
4.768371582031250000e-07
3.355479097366333008e+01
9.536743164062500000e-07
4.768371582031250000e-07
3.354630947113037109e+01
7.152557373046875000e-07
4.768371582031250000e-07
3.377357649803161621e+01
4.768371582031250000e-07
7.152557373046875000e-07
3.413782835006713867e+01
4.768371582031250000e-07
7.152557373046875000e-07
3.388310003280639648e+01
4.768371582031250000e-07
1.192092895507812500e-06
3.434169602394104004e+01
7.152557373046875000e-07
7.152557373046875000e-07
3.333654189109802246e+01
9.536743164062500000e-07
4.768371582031250000e-07
3.401751112937927246e+01
4.768371582031250000e-07
4.768371582031250000e-07
3.224656558036804199e+01
4.768371582031250000e-07
7.152557373046875000e-07
3.246413040161132812e+01
7.152557373046875000e-07
4.768371582031250000e-07
3.313806438446044922e+01
7.152557373046875000e-07
7.152557373046875000e-07
3.300192117691040039e+01
7.152557373046875000e-07
4.768371582031250000e-07
3.357558155059814453e+01
4.768371582031250000e-07
4.768371582031250000e-07
3.340722870826721191e+01
7.152557373046875000e-07
4.768371582031250000e-07
3.219346642494201660e+01
9.536743164062500000e-07
9.536743164062500000e-07
3.392400646209716797e+01
7.152557373046875000e-07
4.768371582031250000e-07
3.232561206817626953e+01
7.152557373046875000e-07
7.152557373046875000e-07
3.267907977104187012e+01
4.768371582031250000e-07
4.768371582031250000e-07
3.371775293350219727e+01
4.768371582031250000e-07
7.152557373046875000e-07
3.387919282913208008e+01
7.152557373046875000e-07
4.768371582031250000e-07
3.438136863708496094e+01
4.768371582031250000e-07
9.536743164062500000e-07
3.503139209747314453e+01
4.768371582031250000e-07
4.768371582031250000e-07
3.210942053794860840e+01
7.152557373046875000e-07
4.768371582031250000e-07
2.758266091346740723e+01
4.768371582031250000e-07
4.768371582031250000e-07
3.325018930435180664e+01
7.152557373046875000e-07
4.768371582031250000e-07
3.387848043441772461e+01
7.152557373046875000e-07
4.768371582031250000e-07
3.308923959732055664e+01
7.152557373046875000e-07
4.768371582031250000e-07
3.368932676315307617e+01
2.384185791015625000e-07
7.152557373046875000e-07
3.261492586135864258e+01
4.768371582031250000e-07
4.768371582031250000e-07
3.368862438201904297e+01
7.152557373046875000e-07
4.768371582031250000e-07
3.343048071861267090e+01
4.768371582031250000e-07
4.768371582031250000e-07
3.319012951850891113e+01
9.536743164062500000e-07
4.768371582031250000e-07
3.288567304611206055e+01
7.152557373046875000e-07
9.536743164062500000e-07
3.486972308158874512e+01
4.768371582031250000e-07
7.152557373046875000e-07
3.552190923690795898e+01
9.536743164062500000e-07
4.768371582031250000e-07
3.311516737937927246e+01
9.536743164062500000e-07
4.768371582031250000e-07
3.392462110519409180e+01
7.152557373046875000e-07
7.152557373046875000e-07
3.393530821800231934e+01
9.536743164062500000e-07
4.768371582031250000e-07
3.286938285827636719e+01
7.152557373046875000e-07
4.768371582031250000e-07
3.446651220321655273e+01
7.152557373046875000e-07
9.536743164062500000e-07
3.070453000068664551e+01
7.152557373046875000e-07
7.152557373046875000e-07
3.337823724746704102e+01
4.768371582031250000e-07
4.768371582031250000e-07
3.398386001586914062e+01
4.768371582031250000e-07
7.152557373046875000e-07
3.440800523757934570e+01
4.768371582031250000e-07
7.152557373046875000e-07
3.421489191055297852e+01
4.768371582031250000e-07
4.768371582031250000e-07
3.409992504119873047e+01
7.152557373046875000e-07
4.768371582031250000e-07
3.373949956893920898e+01
4.768371582031250000e-07
7.152557373046875000e-07
3.146966648101806641e+01
7.152557373046875000e-07
4.768371582031250000e-07
3.420955657958984375e+01
4.768371582031250000e-07
4.768371582031250000e-07
3.483093929290771484e+01
9.536743164062500000e-07
4.768371582031250000e-07
3.369054198265075684e+01
4.768371582031250000e-07
4.768371582031250000e-07
3.400814914703369141e+01
4.768371582031250000e-07
4.768371582031250000e-07
3.323731017112731934e+01
9.536743164062500000e-07
7.152557373046875000e-07
3.346524477005004883e+01
4.768371582031250000e-07
7.152557373046875000e-07
3.493711709976196289e+01
4.768371582031250000e-07
7.152557373046875000e-07
3.489368534088134766e+01
7.152557373046875000e-07
4.768371582031250000e-07
3.258244872093200684e+01
4.768371582031250000e-07
9.536743164062500000e-07
3.238005232810974121e+01
7.152557373046875000e-07
4.768371582031250000e-07
3.324204897880554199e+01
4.768371582031250000e-07
4.768371582031250000e-07
3.317481565475463867e+01
9.536743164062500000e-07
4.768371582031250000e-07
3.422772455215454102e+01
4.768371582031250000e-07
7.152557373046875000e-07
3.344388461112976074e+01
4.768371582031250000e-07
9.536743164062500000e-07
3.356740498542785645e+01
4.768371582031250000e-07
4.768371582031250000e-07
3.352928566932678223e+01
7.152557373046875000e-07
7.152557373046875000e-07
3.312015867233276367e+01
4.768371582031250000e-07
7.152557373046875000e-07
3.398755168914794922e+01
7.152557373046875000e-07
7.152557373046875000e-07
3.380099797248840332e+01
4.768371582031250000e-07
4.768371582031250000e-07
3.440097284317016602e+01
9.536743164062500000e-07
7.152557373046875000e-07
3.342235183715820312e+01
4.768371582031250000e-07
1.192092895507812500e-06
3.332691264152526855e+01
7.152557373046875000e-07
4.768371582031250000e-07
3.481418633460998535e+01
7.152557373046875000e-07
9.536743164062500000e-07
3.413933038711547852e+01
9.536743164062500000e-07
4.768371582031250000e-07
3.289288759231567383e+01
4.768371582031250000e-07
4.768371582031250000e-07
3.378218531608581543e+01
7.152557373046875000e-07
4.768371582031250000e-07
3.407688784599304199e+01
4.768371582031250000e-07
1.192092895507812500e-06
3.459387588500976562e+01
9.536743164062500000e-07
4.768371582031250000e-07
3.294088602066040039e+01
7.152557373046875000e-07
7.152557373046875000e-07
3.414235401153564453e+01
7.152557373046875000e-07
4.768371582031250000e-07
3.381330680847167969e+01
7.152557373046875000e-07
7.152557373046875000e-07
3.441709876060485840e+01
4.768371582031250000e-07
4.768371582031250000e-07
3.436911487579345703e+01
4.768371582031250000e-07
7.152557373046875000e-07
3.383579206466674805e+01
4.768371582031250000e-07
4.768371582031250000e-07
3.355815124511718750e+01
9.536743164062500000e-07
7.152557373046875000e-07
3.425238513946533203e+01
9.536743164062500000e-07
4.768371582031250000e-07
3.276891851425170898e+01
4.768371582031250000e-07
4.768371582031250000e-07
3.417684197425842285e+01
4.768371582031250000e-07
9.536743164062500000e-07
3.384411931037902832e+01
4.768371582031250000e-07
7.152557373046875000e-07
3.439972424507141113e+01
7.152557373046875000e-07
4.768371582031250000e-07
3.254767084121704102e+01
7.152557373046875000e-07
4.768371582031250000e-07
3.356171751022338867e+01
7.152557373046875000e-07
7.152557373046875000e-07
3.335568308830261230e+01
7.152557373046875000e-07
7.152557373046875000e-07
3.520380020141601562e+01
1.192092895507812500e-06
4.768371582031250000e-07
3.416225504875183105e+01
4.768371582031250000e-07
9.536743164062500000e-07
3.431880092620849609e+01
4.768371582031250000e-07
7.152557373046875000e-07
3.425117707252502441e+01
9.536743164062500000e-07
7.152557373046875000e-07
3.469125890731811523e+01
7.152557373046875000e-07
4.768371582031250000e-07
3.273150944709777832e+01
7.152557373046875000e-07
1.430511474609375000e-06
3.471766853332519531e+01
7.152557373046875000e-07
4.768371582031250000e-07
3.396114850044250488e+01
4.768371582031250000e-07
7.152557373046875000e-07
3.404710698127746582e+01
7.152557373046875000e-07
4.768371582031250000e-07
3.204459261894226074e+01
4.768371582031250000e-07
7.152557373046875000e-07
3.366970443725585938e+01
7.152557373046875000e-07
4.768371582031250000e-07
3.294267272949218750e+01
4.768371582031250000e-07
4.768371582031250000e-07
