9.984384059906005859e+00
9.800428152084350586e+00
9.514825344085693359e+00
9.379678726196289062e+00
9.513104915618896484e+00
9.495686769485473633e+00
9.486367464065551758e+00
9.711796045303344727e+00
9.487029314041137695e+00
9.573322534561157227e+00
9.774259090423583984e+00
9.166278600692749023e+00
9.812687158584594727e+00
9.216031074523925781e+00
9.926703929901123047e+00
9.760836362838745117e+00
9.486408472061157227e+00
9.617686510086059570e+00
9.519109010696411133e+00
9.738546133041381836e+00
9.421055555343627930e+00
9.684941768646240234e+00
9.535872220993041992e+00
9.233498573303222656e+00
9.523200750350952148e+00
9.773673772811889648e+00
9.356150865554809570e+00
9.532170057296752930e+00
9.598195791244506836e+00
9.563988685607910156e+00
9.405678272247314453e+00
9.597139358520507812e+00
9.475379228591918945e+00
9.808823585510253906e+00
9.543842554092407227e+00
9.269428491592407227e+00
9.665825366973876953e+00
9.614455461502075195e+00
9.525965929031372070e+00
9.771631479263305664e+00
9.458668947219848633e+00
1.005953526496887207e+01
9.742456197738647461e+00
9.555920839309692383e+00
9.648840904235839844e+00
9.404664993286132812e+00
9.875546693801879883e+00
9.455304622650146484e+00
9.398904561996459961e+00
9.570606231689453125e+00
9.681011199951171875e+00
9.566996097564697266e+00
9.731717109680175781e+00
9.506475925445556641e+00
9.152658462524414062e+00
9.930107116699218750e+00
8.651259183883666992e+00
9.335446119308471680e+00
8.976377964019775391e+00
9.889647483825683594e+00
9.456739187240600586e+00
9.376661539077758789e+00
9.859061241149902344e+00
9.291261911392211914e+00
9.483757734298706055e+00
9.857149839401245117e+00
9.934690952301025391e+00
9.278898954391479492e+00
9.624692201614379883e+00
1.013883852958679199e+01
9.271689414978027344e+00
9.389446258544921875e+00
9.366296768188476562e+00
9.396405696868896484e+00
9.397876024246215820e+00
9.885441303253173828e+00
9.872549533843994141e+00
9.229440689086914062e+00
9.619795799255371094e+00
9.237133979797363281e+00
9.684660911560058594e+00
9.586607933044433594e+00
9.536773681640625000e+00
9.525368928909301758e+00
9.463552951812744141e+00
9.758595943450927734e+00
9.251685619354248047e+00
9.765745401382446289e+00
9.588678836822509766e+00
9.480028390884399414e+00
9.989499330520629883e+00
9.648220062255859375e+00
9.529016733169555664e+00
8.965442657470703125e+00
9.899363040924072266e+00
9.385901451110839844e+00
6.849149465560913086e+00
5.788691282272338867e+00
5.783036947250366211e+00
9.028585433959960938e+00
9.661166191101074219e+00
9.070121765136718750e+00
9.502536058425903320e+00
9.938138008117675781e+00
9.244303226470947266e+00
9.559103727340698242e+00
9.508562803268432617e+00
9.525760889053344727e+00
9.481742858886718750e+00
9.248813629150390625e+00
9.282141685485839844e+00
8.668209314346313477e+00
8.783725500106811523e+00
8.290472269058227539e+00
9.258330106735229492e+00
8.614570379257202148e+00
8.714663028717041016e+00
9.447861433029174805e+00
1.001408624649047852e+01
9.352583885192871094e+00
7.597458839416503906e+00
7.879787206649780273e+00
7.932006835937500000e+00
9.260147571563720703e+00
9.652157783508300781e+00
9.500667810440063477e+00
8.496375560760498047e+00
8.690469264984130859e+00
8.978813648223876953e+00
9.214769840240478516e+00
9.167270421981811523e+00
9.543482780456542969e+00
9.681880474090576172e+00
9.044055461883544922e+00
9.084562778472900391e+00
9.553252458572387695e+00
9.353211164474487305e+00
9.511010169982910156e+00
7.538453102111816406e+00
7.599920272827148438e+00
7.239645242691040039e+00
9.223345756530761719e+00
9.447198867797851562e+00
9.431274890899658203e+00
9.418909788131713867e+00
9.229410409927368164e+00
9.239866018295288086e+00
9.461745500564575195e+00
9.509723186492919922e+00
9.359723567962646484e+00
8.881365776062011719e+00
9.284652948379516602e+00
8.720945119857788086e+00
9.149757385253906250e+00
8.907268524169921875e+00
9.367335796356201172e+00
9.068057537078857422e+00
9.223545789718627930e+00
9.779231548309326172e+00
9.719997167587280273e+00
9.670930624008178711e+00
9.273962736129760742e+00
9.625502586364746094e+00
9.495984554290771484e+00
9.357136487960815430e+00
9.276834964752197266e+00
8.820861577987670898e+00
9.318795442581176758e+00
9.483140945434570312e+00
9.615807771682739258e+00
9.453708887100219727e+00
6.867053985595703125e+00
6.925490617752075195e+00
6.879106044769287109e+00
9.298029661178588867e+00
9.616649150848388672e+00
9.223792791366577148e+00
9.502266883850097656e+00
9.570890426635742188e+00
9.524273872375488281e+00
8.870894908905029297e+00
9.458011388778686523e+00
9.412248134613037109e+00
9.093446016311645508e+00
9.521804571151733398e+00
9.390025615692138672e+00
9.522435903549194336e+00
9.305109977722167969e+00
9.617162704467773438e+00
9.037072181701660156e+00
9.247484207153320312e+00
9.668951511383056641e+00
9.400765657424926758e+00
9.445360898971557617e+00
9.215317010879516602e+00
9.621689081192016602e+00
9.093200922012329102e+00
9.569908380508422852e+00
9.675295829772949219e+00
9.536269187927246094e+00
9.461912393569946289e+00
9.411900758743286133e+00
8.840023517608642578e+00
9.993898868560791016e+00
9.606199979782104492e+00
9.446614980697631836e+00
9.530239343643188477e+00
9.602282285690307617e+00
9.407455205917358398e+00
9.230938434600830078e+00
9.631834030151367188e+00
9.277924776077270508e+00
9.794215679168701172e+00
9.489321708679199219e+00
9.177266597747802734e+00
9.731029510498046875e+00
9.426114797592163086e+00
9.450673818588256836e+00
9.536013364791870117e+00
9.757269382476806641e+00
9.489120244979858398e+00
9.093077659606933594e+00
9.322676181793212891e+00
9.472386360168457031e+00
9.683996915817260742e+00
9.624826908111572266e+00
9.177056312561035156e+00
9.540312767028808594e+00
9.502205371856689453e+00
9.785934925079345703e+00
9.570559263229370117e+00
9.772027969360351562e+00
9.949034452438354492e+00
9.870192527770996094e+00
9.309664964675903320e+00
9.191882848739624023e+00
9.282832145690917969e+00
9.296187400817871094e+00
9.594898700714111328e+00
4.522490024566650391e+00
9.220278739929199219e+00
9.880819559097290039e+00
9.232280731201171875e+00
9.228740692138671875e+00
9.567854881286621094e+00
9.390164136886596680e+00
9.357563972473144531e+00
9.831609725952148438e+00
9.481108188629150391e+00
9.261229276657104492e+00
9.496225833892822266e+00
8.919897079467773438e+00
9.506340980529785156e+00
8.920001268386840820e+00
9.483855009078979492e+00
9.794397830963134766e+00
9.512318611145019531e+00
9.586818933486938477e+00
1.036382246017456055e+01
9.493442535400390625e+00
9.176103830337524414e+00
9.377770185470581055e+00
9.701539039611816406e+00
9.362548112869262695e+00
9.504706382751464844e+00
9.673406600952148438e+00
9.256402492523193359e+00
9.672230958938598633e+00
9.441609621047973633e+00
9.754459142684936523e+00
9.404555082321166992e+00
9.528136730194091797e+00
9.560062170028686523e+00
9.837871074676513672e+00
9.445000171661376953e+00
9.388273954391479492e+00
9.488393545150756836e+00
9.716888427734375000e+00
9.584055185317993164e+00
9.580062150955200195e+00
9.386172056198120117e+00
9.808194160461425781e+00
9.641349315643310547e+00
9.589032888412475586e+00
9.444628477096557617e+00
9.365887165069580078e+00
9.659032106399536133e+00
9.711740493774414062e+00
9.290649890899658203e+00
9.501054048538208008e+00
9.777634143829345703e+00
1.053356266021728516e+01
9.796924352645874023e+00
9.686079740524291992e+00
9.177794456481933594e+00
9.655357837677001953e+00
8.568552494049072266e+00
9.365618228912353516e+00
9.059651613235473633e+00
9.589126348495483398e+00
9.389167308807373047e+00
9.153196573257446289e+00
9.720706462860107422e+00
9.087659358978271484e+00
9.641001224517822266e+00
9.895755529403686523e+00
9.870256662368774414e+00
9.063930988311767578e+00
9.614816188812255859e+00
9.859243392944335938e+00
9.365871906280517578e+00
9.262804746627807617e+00
9.610050916671752930e+00
9.434683084487915039e+00
9.504080533981323242e+00
1.007241082191467285e+01
9.745239019393920898e+00
9.275586366653442383e+00
9.737415790557861328e+00
9.037655115127563477e+00
9.778970956802368164e+00
9.510406732559204102e+00
9.396307945251464844e+00
9.385114908218383789e+00
9.342629909515380859e+00
9.690526962280273438e+00
9.240757226943969727e+00
9.741532087326049805e+00
9.362515449523925781e+00
9.509245872497558594e+00
1.000790405273437500e+01
9.754941940307617188e+00
9.508612155914306641e+00
8.876558780670166016e+00
9.713100433349609375e+00
9.203980922698974609e+00
9.855556249618530273e+00
9.682553768157958984e+00
9.693433284759521484e+00
8.854531049728393555e+00
9.451643705368041992e+00
8.868512153625488281e+00
9.636040449142456055e+00
9.795266151428222656e+00
9.187575578689575195e+00
9.542926311492919922e+00
9.697896003723144531e+00
9.735944032669067383e+00
9.765161752700805664e+00
9.176138162612915039e+00
9.302879095077514648e+00
9.466581344604492188e+00
9.871105194091796875e+00
9.480988740921020508e+00
9.843663454055786133e+00
9.161336660385131836e+00
9.046188592910766602e+00
9.381993770599365234e+00
1.007572174072265625e+01
9.472160339355468750e+00
9.438347816467285156e+00
9.609055042266845703e+00
1.000533127784729004e+01
9.393620491027832031e+00
9.607218742370605469e+00
9.737385511398315430e+00
9.109610795974731445e+00
9.700183868408203125e+00
9.693872690200805664e+00
9.529692888259887695e+00
9.284694433212280273e+00
9.765037536621093750e+00
9.915187835693359375e+00
9.116175174713134766e+00
9.289165973663330078e+00
9.511523008346557617e+00
9.518821239471435547e+00
9.624201059341430664e+00
9.388503313064575195e+00
9.667769193649291992e+00
9.240057468414306641e+00
9.436550617218017578e+00
9.603765010833740234e+00
9.578655481338500977e+00
9.165013074874877930e+00
9.516369104385375977e+00
9.206263065338134766e+00
9.502326250076293945e+00
9.546820640563964844e+00
9.374629974365234375e+00
9.247018575668334961e+00
9.622322797775268555e+00
9.734555721282958984e+00
9.098302841186523438e+00
8.935490131378173828e+00
9.551826715469360352e+00
9.405436992645263672e+00
9.195393323898315430e+00
9.921783447265625000e+00
9.554425001144409180e+00
9.483576297760009766e+00
9.245525121688842773e+00
1.031777715682983398e+01
9.491066455841064453e+00
9.211459875106811523e+00
9.538954734802246094e+00
9.022634744644165039e+00
9.453935623168945312e+00
9.600129842758178711e+00
9.639085054397583008e+00
9.675970077514648438e+00
9.558930873870849609e+00
9.455845832824707031e+00
9.779615402221679688e+00
9.235238075256347656e+00
9.568012714385986328e+00
9.300963163375854492e+00
9.500812292098999023e+00
9.454792737960815430e+00
9.665282011032104492e+00
9.388156652450561523e+00
9.979466676712036133e+00
9.669198751449584961e+00
9.194483041763305664e+00
9.706355810165405273e+00
9.612154006958007812e+00
9.617341756820678711e+00
9.156499862670898438e+00
9.643855333328247070e+00
8.965895652770996094e+00
8.896800518035888672e+00
9.531645774841308594e+00
9.658112764358520508e+00
9.676345825195312500e+00
9.388565063476562500e+00
9.686718940734863281e+00
9.420449256896972656e+00
9.863745689392089844e+00
9.483637332916259766e+00
9.634715795516967773e+00
9.212380886077880859e+00
9.777076959609985352e+00
8.933223009109497070e+00
9.892461299896240234e+00
9.454936504364013672e+00
9.401659965515136719e+00
9.403506755828857422e+00
9.617190122604370117e+00
9.434854745864868164e+00
9.501588106155395508e+00
9.432971000671386719e+00
9.312678098678588867e+00
9.699559688568115234e+00
9.194830656051635742e+00
9.334997177124023438e+00
9.962757825851440430e+00
9.381483078002929688e+00
9.428795099258422852e+00
9.491918563842773438e+00
9.739853143692016602e+00
9.806043148040771484e+00
9.375641345977783203e+00
9.453714609146118164e+00
9.503173828125000000e+00
9.533865213394165039e+00
9.818042993545532227e+00
9.349576473236083984e+00
9.698875427246093750e+00
9.536607265472412109e+00
9.564941406250000000e+00
9.662549495697021484e+00
9.707255601882934570e+00
9.758803606033325195e+00
9.592117309570312500e+00
9.847389698028564453e+00
9.566272258758544922e+00
9.540412902832031250e+00
9.239494323730468750e+00
9.699811220169067383e+00
4.549055337905883789e+00
9.368991613388061523e+00
9.892082214355468750e+00
9.280454158782958984e+00
9.347162246704101562e+00
9.600192785263061523e+00
9.557749986648559570e+00
9.503806829452514648e+00
9.583087205886840820e+00
9.370260477066040039e+00
9.498959064483642578e+00
9.773968935012817383e+00
8.936706781387329102e+00
9.278739929199218750e+00
9.008860826492309570e+00
9.745564222335815430e+00
9.863038778305053711e+00
9.651830196380615234e+00
9.660266399383544922e+00
9.579491138458251953e+00
9.722049236297607422e+00
9.423721313476562500e+00
9.290138244628906250e+00
9.492202520370483398e+00
9.032490015029907227e+00
9.418210268020629883e+00
9.992027521133422852e+00
9.408026695251464844e+00
9.461689949035644531e+00
9.223580121994018555e+00
9.248567342758178711e+00
9.515215635299682617e+00
9.543203115463256836e+00
9.635909318923950195e+00
9.723915100097656250e+00
9.483730077743530273e+00
9.340327978134155273e+00
9.614916086196899414e+00
9.779607534408569336e+00
9.801692247390747070e+00
9.636167526245117188e+00
9.521375179290771484e+00
9.815171718597412109e+00
9.546352863311767578e+00
9.403349161148071289e+00
9.172120571136474609e+00
9.418516635894775391e+00
9.619629144668579102e+00
9.402425765991210938e+00
9.439147949218750000e+00
9.387205839157104492e+00
9.606247663497924805e+00
9.506616592407226562e+00
9.699886322021484375e+00
9.700278043746948242e+00
9.181537389755249023e+00
9.641406059265136719e+00
8.883193016052246094e+00
9.746051549911499023e+00
9.234297513961791992e+00
9.557289600372314453e+00
9.304895877838134766e+00
9.264951467514038086e+00
9.865873575210571289e+00
9.178750038146972656e+00
9.637153148651123047e+00
9.868250846862792969e+00
9.612102985382080078e+00
9.136751413345336914e+00
9.394927024841308594e+00
9.738030433654785156e+00
9.487040519714355469e+00
9.238189220428466797e+00
9.565631628036499023e+00
9.415171146392822266e+00
9.493614673614501953e+00
9.987861156463623047e+00
9.575950860977172852e+00
9.268265247344970703e+00
9.661058664321899414e+00
9.220763206481933594e+00
9.716668844223022461e+00
9.550634860992431641e+00
9.628958463668823242e+00
9.710735082626342773e+00
9.329717159271240234e+00
9.512645244598388672e+00
9.064798593521118164e+00
9.774148702621459961e+00
9.483933448791503906e+00
9.386245727539062500e+00
9.686373949050903320e+00
9.656601428985595703e+00
9.592133760452270508e+00
8.966960906982421875e+00
9.629123449325561523e+00
9.370034217834472656e+00
9.440445899963378906e+00
9.646531105041503906e+00
9.610382318496704102e+00
9.066589832305908203e+00
9.571047782897949219e+00
9.012702226638793945e+00
9.741143941879272461e+00
9.847524404525756836e+00
9.385602712631225586e+00
9.686789989471435547e+00
9.569738626480102539e+00
9.542866468429565430e+00
9.213465929031372070e+00
9.022632837295532227e+00
9.082998037338256836e+00
9.264189958572387695e+00
9.720946311950683594e+00
9.202962875366210938e+00
9.735036373138427734e+00
9.028742551803588867e+00
9.038692474365234375e+00
9.191453456878662109e+00
9.951376676559448242e+00
9.349703311920166016e+00
9.647343397140502930e+00
9.630261659622192383e+00
9.772406101226806641e+00
9.154134035110473633e+00
9.676038503646850586e+00
9.513557672500610352e+00
9.215521335601806641e+00
9.821291923522949219e+00
9.757637500762939453e+00
9.338103055953979492e+00
9.380633354187011719e+00
9.756407737731933594e+00
9.730067253112792969e+00
9.155608892440795898e+00
9.264144182205200195e+00
9.685237169265747070e+00
9.585098028182983398e+00
1.003785490989685059e+01
9.581090927124023438e+00
9.687139034271240234e+00
9.499757766723632812e+00
9.508078336715698242e+00
9.412815809249877930e+00
9.603794336318969727e+00
9.429983377456665039e+00
9.491117238998413086e+00
9.309721469879150391e+00
9.288279771804809570e+00
9.396148681640625000e+00
9.397002935409545898e+00
9.819252252578735352e+00
9.839900016784667969e+00
9.600528478622436523e+00
9.214666843414306641e+00
9.327301502227783203e+00
9.636198043823242188e+00
9.399934291839599609e+00
9.422754764556884766e+00
9.944393396377563477e+00
9.743993282318115234e+00
9.696796417236328125e+00
9.306988716125488281e+00
9.812791585922241211e+00
9.460271596908569336e+00
9.190271377563476562e+00
9.498717069625854492e+00
8.957771062850952148e+00
9.298697948455810547e+00
9.580764770507812500e+00
9.594678640365600586e+00
9.728883266448974609e+00
9.387779951095581055e+00
9.313908815383911133e+00
9.836119174957275391e+00
9.408545017242431641e+00
9.702228069305419922e+00
9.432750940322875977e+00
1.062883543968200684e+01
9.636965751647949219e+00
9.823407411575317383e+00
9.471098184585571289e+00
9.799173593521118164e+00
9.622339487075805664e+00
9.586584329605102539e+00
9.717502117156982422e+00
9.697439432144165039e+00
1.083448839187622070e+01
9.156783342361450195e+00
9.642662525177001953e+00
9.132742643356323242e+00
9.038678884506225586e+00
9.715909004211425781e+00
9.389232873916625977e+00
9.531253576278686523e+00
9.138548851013183594e+00
9.507666349411010742e+00
8.940739870071411133e+00
9.496977806091308594e+00
9.463374376296997070e+00
9.569395303726196289e+00
9.268946170806884766e+00
9.777127027511596680e+00
9.013723850250244141e+00
9.770434617996215820e+00
9.334126710891723633e+00
9.523904800415039062e+00
9.412673711776733398e+00
9.615887403488159180e+00
9.412761211395263672e+00
9.348945856094360352e+00
9.489338636398315430e+00
9.432699203491210938e+00
9.861599445343017578e+00
9.308628559112548828e+00
9.194292545318603516e+00
1.007242465019226074e+01
1.050771212577819824e+01
9.413184404373168945e+00
9.494181871414184570e+00
9.908706665039062500e+00
9.702078580856323242e+00
9.350351810455322266e+00
9.636715173721313477e+00
9.484999179840087891e+00
9.617867946624755859e+00
9.582002401351928711e+00
9.231338024139404297e+00
9.375291109085083008e+00
9.393972635269165039e+00
9.596562147140502930e+00
9.350725173950195312e+00
9.725435018539428711e+00
9.748263597488403320e+00
9.626241922378540039e+00
9.523069620132446289e+00
9.551466464996337891e+00
9.565993070602416992e+00
9.267502546310424805e+00
9.508027553558349609e+00
4.560162305831909180e+00
9.320819377899169922e+00
1.001362633705139160e+01
9.488418817520141602e+00
9.468825340270996094e+00
9.511132717132568359e+00
9.562739133834838867e+00
9.532001972198486328e+00
9.663379192352294922e+00
9.445656061172485352e+00
9.401798486709594727e+00
9.573208808898925781e+00
9.151460886001586914e+00
9.468985795974731445e+00
8.975348234176635742e+00
9.467173576354980469e+00
9.634172439575195312e+00
9.430212020874023438e+00
9.635192155838012695e+00
9.380253314971923828e+00
9.795823097229003906e+00
9.569178104400634766e+00
9.453096866607666016e+00
9.629681348800659180e+00
9.308698892593383789e+00
9.447100400924682617e+00
9.744932174682617188e+00
9.202220916748046875e+00
9.625823736190795898e+00
9.524614572525024414e+00
9.423177242279052734e+00
9.382727146148681641e+00
9.395252227783203125e+00
9.492234945297241211e+00
9.608216762542724609e+00
9.337200880050659180e+00
9.173072814941406250e+00
9.474502801895141602e+00
9.440200805664062500e+00
9.772477388381958008e+00
9.545532226562500000e+00
9.207189798355102539e+00
9.526757001876831055e+00
9.839329004287719727e+00
9.407486915588378906e+00
9.277046442031860352e+00
9.547591447830200195e+00
9.313711404800415039e+00
9.384255886077880859e+00
9.250839471817016602e+00
9.391067981719970703e+00
9.605089426040649414e+00
9.534163475036621094e+00
9.579506397247314453e+00
9.737887144088745117e+00
9.111202955245971680e+00
9.593980073928833008e+00
8.758300781250000000e+00
9.418835401535034180e+00
9.188934087753295898e+00
9.562046766281127930e+00
9.231329917907714844e+00
9.162557363510131836e+00
9.696524858474731445e+00
9.132573366165161133e+00
9.738511323928833008e+00
9.928107500076293945e+00
9.882499694824218750e+00
9.039755344390869141e+00
9.692646741867065430e+00
9.480551719665527344e+00
9.251815557479858398e+00
9.128067970275878906e+00
9.175628423690795898e+00
9.210299015045166016e+00
9.305987834930419922e+00
9.988989114761352539e+00
9.558782815933227539e+00
9.349719762802124023e+00
9.903649330139160156e+00
8.945812463760375977e+00
9.634923934936523438e+00
9.527668714523315430e+00
9.603053331375122070e+00
9.590268373489379883e+00
9.480134725570678711e+00
9.435157775878906250e+00
9.203454732894897461e+00
9.843781709671020508e+00
9.413016319274902344e+00
9.579396009445190430e+00
9.762887001037597656e+00
9.585704326629638672e+00
9.293201208114624023e+00
1.059250903129577637e+01
9.633510112762451172e+00
9.062048673629760742e+00
9.212685108184814453e+00
9.239457845687866211e+00
9.677403450012207031e+00
8.875580310821533203e+00
9.345360994338989258e+00
8.807403802871704102e+00
9.383314847946166992e+00
9.788454771041870117e+00
9.288465499877929688e+00
9.341356992721557617e+00
9.434545993804931641e+00
9.805395841598510742e+00
9.517493724822998047e+00
8.929120302200317383e+00
9.166722059249877930e+00
9.460648536682128906e+00
9.968045711517333984e+00
9.263337612152099609e+00
9.587205171585083008e+00
8.665105819702148438e+00
8.940978527069091797e+00
9.419411897659301758e+00
9.993522405624389648e+00
9.633082628250122070e+00
9.394790887832641602e+00
9.524313211441040039e+00
9.794549703598022461e+00
9.387115955352783203e+00
9.523153305053710938e+00
9.342582941055297852e+00
9.134463787078857422e+00
9.524140834808349609e+00
9.620580911636352539e+00
9.933916807174682617e+00
9.342137813568115234e+00
9.602183580398559570e+00
9.699134111404418945e+00
9.106299161911010742e+00
9.154373168945312500e+00
9.571678876876831055e+00
9.501030921936035156e+00
9.647857666015625000e+00
9.520557403564453125e+00
9.808566093444824219e+00
9.487237215042114258e+00
9.446423053741455078e+00
9.450414896011352539e+00
9.726783990859985352e+00
9.212479352951049805e+00
9.236838817596435547e+00
9.100350856781005859e+00
9.611141443252563477e+00
9.304431676864624023e+00
9.126812219619750977e+00
9.362678766250610352e+00
9.639374732971191406e+00
9.602235555648803711e+00
9.338963985443115234e+00
9.062342882156372070e+00
9.468315362930297852e+00
9.316245794296264648e+00
9.224746465682983398e+00
9.828118562698364258e+00
9.586294412612915039e+00
9.463043451309204102e+00
8.999312162399291992e+00
9.490385532379150391e+00
9.363118886947631836e+00
9.461989402770996094e+00
9.330613851547241211e+00
8.847520589828491211e+00
9.502451181411743164e+00
9.463385105133056641e+00
9.693741559982299805e+00
9.568436861038208008e+00
9.484329462051391602e+00
9.178343534469604492e+00
9.679501533508300781e+00
9.294722318649291992e+00
9.609728813171386719e+00
9.213924407958984375e+00
9.374192237854003906e+00
9.573161602020263672e+00
9.461749553680419922e+00
9.404124975204467773e+00
9.913129329681396484e+00
9.727351903915405273e+00
9.141124486923217773e+00
9.536399602890014648e+00
9.532288789749145508e+00
9.374965429306030273e+00
9.033288955688476562e+00
9.706130266189575195e+00
8.895486593246459961e+00
9.046761274337768555e+00
9.573397159576416016e+00
9.611198425292968750e+00
9.470787525177001953e+00
9.292451381683349609e+00
9.189622163772583008e+00
8.946958303451538086e+00
9.254038572311401367e+00
9.816172361373901367e+00
9.458432674407958984e+00
9.410477399826049805e+00
9.678589105606079102e+00
8.781836748123168945e+00
9.721875429153442383e+00
9.142772436141967773e+00
9.264934062957763672e+00
9.277604341506958008e+00
9.564135074615478516e+00
9.347429513931274414e+00
9.356198787689208984e+00
9.225498914718627930e+00
9.178011894226074219e+00
9.537052869796752930e+00
9.221102476119995117e+00
9.253449440002441406e+00
9.802113294601440430e+00
9.317405700683593750e+00
9.197840213775634766e+00
9.362779617309570312e+00
9.493930339813232422e+00
9.477943420410156250e+00
9.322297334671020508e+00
9.219452857971191406e+00
9.789856195449829102e+00
9.382775306701660156e+00
9.449063062667846680e+00
8.989385843276977539e+00
9.594374179840087891e+00
9.464529514312744141e+00
9.294170618057250977e+00
9.480535030364990234e+00
9.859696626663208008e+00
9.623100280761718750e+00
9.759372472763061523e+00
9.551373720169067383e+00
9.270537614822387695e+00
9.331892013549804688e+00
9.186609029769897461e+00
9.427415847778320312e+00
4.581368684768676758e+00
9.258817672729492188e+00
9.817712783813476562e+00
9.244050264358520508e+00
8.995334625244140625e+00
9.681083202362060547e+00
8.971849679946899414e+00
9.349916219711303711e+00
9.610197782516479492e+00
9.305300951004028320e+00
9.344696283340454102e+00
9.346280813217163086e+00
9.051423311233520508e+00
9.317580938339233398e+00
8.973050355911254883e+00
9.517796993255615234e+00
9.517989873886108398e+00
9.443004369735717773e+00
9.411969423294067383e+00
9.477921724319458008e+00
9.494731187820434570e+00
9.240703344345092773e+00
9.156681537628173828e+00
9.394667148590087891e+00
8.991097211837768555e+00
9.398661851882934570e+00
9.407768964767456055e+00
9.165496349334716797e+00
9.427018642425537109e+00
9.489713430404663086e+00
9.633074998855590820e+00
9.300121784210205078e+00
9.447140693664550781e+00
9.376708030700683594e+00
9.443401336669921875e+00
9.408216476440429688e+00
8.977223157882690430e+00
9.485388517379760742e+00
9.620310783386230469e+00
9.705278396606445312e+00
9.610024213790893555e+00
9.524922609329223633e+00
9.700791597366333008e+00
9.462741613388061523e+00
9.390157222747802734e+00
9.516387224197387695e+00
9.543119192123413086e+00
9.625365495681762695e+00
9.301002979278564453e+00
9.211014509201049805e+00
9.362776756286621094e+00
9.447918653488159180e+00
9.526629209518432617e+00
9.611771106719970703e+00
9.566110134124755859e+00
9.080863952636718750e+00
9.601606845855712891e+00
8.429048061370849609e+00
9.487100124359130859e+00
9.307089567184448242e+00
9.619761943817138672e+00
9.178647756576538086e+00
9.180939197540283203e+00
9.715016365051269531e+00
9.273372650146484375e+00
9.643712520599365234e+00
9.868240833282470703e+00
9.986089944839477539e+00
8.902721405029296875e+00
9.369594573974609375e+00
9.835428953170776367e+00
9.476010560989379883e+00
9.402873516082763672e+00
9.329760551452636719e+00
9.236718893051147461e+00
9.324784755706787109e+00
9.907867908477783203e+00
9.754527091979980469e+00
9.352250576019287109e+00
9.604423999786376953e+00
9.252341985702514648e+00
9.605074405670166016e+00
9.530056953430175781e+00
9.535979270935058594e+00
9.751860380172729492e+00
9.248325109481811523e+00
9.444211244583129883e+00
9.177583694458007812e+00
9.884012937545776367e+00
9.435280561447143555e+00
9.547814846038818359e+00
9.742163896560668945e+00
9.583140611648559570e+00
9.354744911193847656e+00
8.864532232284545898e+00
9.797511816024780273e+00
9.445737361907958984e+00
1.139748644828796387e+01
9.597238540649414062e+00
9.627318859100341797e+00
8.847075462341308594e+00
9.500734090805053711e+00
8.773465156555175781e+00
9.457292079925537109e+00
9.693473815917968750e+00
9.300462484359741211e+00
9.436734676361083984e+00
9.617038488388061523e+00
9.545372724533081055e+00
9.244044065475463867e+00
9.057853221893310547e+00
9.127421855926513672e+00
9.568888902664184570e+00
9.773962259292602539e+00
9.366709470748901367e+00
9.478008031845092773e+00
8.872971296310424805e+00
8.831837177276611328e+00
9.307267189025878906e+00
9.945950269699096680e+00
9.346694231033325195e+00
9.306093215942382812e+00
9.268494844436645508e+00
9.570620298385620117e+00
9.420109272003173828e+00
9.321159124374389648e+00
9.392411231994628906e+00
9.104944229125976562e+00
9.543957471847534180e+00
9.517389774322509766e+00
1.000262379646301270e+01
9.354218244552612305e+00
9.792175054550170898e+00
9.898542881011962891e+00
9.053621053695678711e+00
9.173464298248291016e+00
9.355154275894165039e+00
9.683197498321533203e+00
9.663595199584960938e+00
9.477426767349243164e+00
9.800542354583740234e+00
9.147520542144775391e+00
9.368578433990478516e+00
9.448528528213500977e+00
9.567637205123901367e+00
9.147522926330566406e+00
9.342336654663085938e+00
8.929677724838256836e+00
9.273829936981201172e+00
9.450467348098754883e+00
9.273945569992065430e+00
9.277512550354003906e+00
9.457441091537475586e+00
9.600304841995239258e+00
9.394068241119384766e+00
8.998010635375976562e+00
9.461851596832275391e+00
9.409825801849365234e+00
9.359179735183715820e+00
9.759084463119506836e+00
9.482364892959594727e+00
9.213121175765991211e+00
9.084796428680419922e+00
9.502127170562744141e+00
9.041285276412963867e+00
9.148569345474243164e+00
9.277177333831787109e+00
8.802279472351074219e+00
9.651220321655273438e+00
9.736161708831787109e+00
9.859915018081665039e+00
9.580844163894653320e+00
9.439617395401000977e+00
9.581552743911743164e+00
9.783644914627075195e+00
9.506328582763671875e+00
9.300441741943359375e+00
9.016652584075927734e+00
9.492508649826049805e+00
9.289515018463134766e+00
9.369354486465454102e+00
9.401399850845336914e+00
9.726618528366088867e+00
9.656267881393432617e+00
9.499696493148803711e+00
9.804513692855834961e+00
9.450275659561157227e+00
9.687370777130126953e+00
9.220100402832031250e+00
9.688834667205810547e+00
9.033270120620727539e+00
8.931299209594726562e+00
9.456948041915893555e+00
9.352040290832519531e+00
9.580478429794311523e+00
9.153731346130371094e+00
9.272232055664062500e+00
9.092246055603027344e+00
9.257393836975097656e+00
9.607140302658081055e+00
9.543424367904663086e+00
9.655435085296630859e+00
9.672704219818115234e+00
9.087324857711791992e+00
1.000405263900756836e+01
9.509390830993652344e+00
9.307587862014770508e+00
9.500281095504760742e+00
9.660409212112426758e+00
9.460405111312866211e+00
9.270132780075073242e+00
9.280459880828857422e+00
9.224047422409057617e+00
9.721014976501464844e+00
9.620681762695312500e+00
9.077710151672363281e+00
9.730198144912719727e+00
9.643782615661621094e+00
9.561541318893432617e+00
9.461723089218139648e+00
9.405917406082153320e+00
9.356242179870605469e+00
9.271661996841430664e+00
9.260183572769165039e+00
9.436284065246582031e+00
9.309016227722167969e+00
9.629081964492797852e+00
9.168085575103759766e+00
9.342319726943969727e+00
9.494715213775634766e+00
9.541741132736206055e+00
9.624020814895629883e+00
9.606548547744750977e+00
9.845867156982421875e+00
9.487658023834228516e+00
9.650681734085083008e+00
9.327946901321411133e+00
9.439919471740722656e+00
9.336669921875000000e+00
9.534725904464721680e+00
4.533358097076416016e+00
9.241703271865844727e+00
9.736943244934082031e+00
9.071753978729248047e+00
9.169709682464599609e+00
9.609770774841308594e+00
9.306778907775878906e+00
9.486555099487304688e+00
9.512740612030029297e+00
9.359269618988037109e+00
9.425380945205688477e+00
9.417920351028442383e+00
8.906575918197631836e+00
9.537371635437011719e+00
8.928597211837768555e+00
9.529897689819335938e+00
9.485580682754516602e+00
9.234095573425292969e+00
9.466768980026245117e+00
9.543248414993286133e+00
9.709883213043212891e+00
9.354015350341796875e+00
9.169289112091064453e+00
9.605700731277465820e+00
8.958033084869384766e+00
9.528885126113891602e+00
9.690411329269409180e+00
9.207990169525146484e+00
9.426092386245727539e+00
9.355115413665771484e+00
9.226797342300415039e+00
9.494048357009887695e+00
9.560592412948608398e+00
9.256366252899169922e+00
9.516745328903198242e+00
9.354873895645141602e+00
9.315918684005737305e+00
9.305871486663818359e+00
9.594722747802734375e+00
9.736144304275512695e+00
9.471498489379882812e+00
9.374260902404785156e+00
9.804212570190429688e+00
9.485438108444213867e+00
9.362555503845214844e+00
9.373938798904418945e+00
9.407207489013671875e+00
9.413958072662353516e+00
9.236513376235961914e+00
9.442473649978637695e+00
9.701069831848144531e+00
9.568728446960449219e+00
9.313362121582031250e+00
9.470471620559692383e+00
9.444193363189697266e+00
9.071258068084716797e+00
9.691448450088500977e+00
8.609245300292968750e+00
9.551956176757812500e+00
9.099412679672241211e+00
9.606908798217773438e+00
9.195868253707885742e+00
9.210951328277587891e+00
9.550209999084472656e+00
9.206077814102172852e+00
9.432685136795043945e+00
9.738232374191284180e+00
9.635599613189697266e+00
9.159747362136840820e+00
9.556663274765014648e+00
9.431763887405395508e+00
9.258125066757202148e+00
8.941871643066406250e+00
9.392228126525878906e+00
9.392142295837402344e+00
9.307218074798583984e+00
9.893212318420410156e+00
9.463428735733032227e+00
9.119429588317871094e+00
9.524486064910888672e+00
9.328350067138671875e+00
9.666315793991088867e+00
9.530974626541137695e+00
9.688300132751464844e+00
9.795623064041137695e+00
9.265127182006835938e+00
9.640682458877563477e+00
9.306297540664672852e+00
9.784527778625488281e+00
9.445099115371704102e+00
9.578525543212890625e+00
9.536477565765380859e+00
9.636652708053588867e+00
9.324558258056640625e+00
8.924176216125488281e+00
9.775728940963745117e+00
9.587534666061401367e+00
1.261712384223937988e+01
9.467564105987548828e+00
9.534579038619995117e+00
8.983979463577270508e+00
9.573053121566772461e+00
8.783927202224731445e+00
9.505063772201538086e+00
9.680875301361083984e+00
9.231576204299926758e+00
9.613799095153808594e+00
9.863715410232543945e+00
9.765814065933227539e+00
9.087004184722900391e+00
8.980810403823852539e+00
8.789791822433471680e+00
9.380605220794677734e+00
9.844691991806030273e+00
9.295410156250000000e+00
9.697206974029541016e+00
8.892172336578369141e+00
8.954204559326171875e+00
9.620182752609252930e+00
9.811245679855346680e+00
9.255338907241821289e+00
9.249360084533691406e+00
9.688396215438842773e+00
9.554118394851684570e+00
8.997198820114135742e+00
9.448261976242065430e+00
9.383805990219116211e+00
9.209265470504760742e+00
9.496208906173706055e+00
9.435630798339843750e+00
9.368221521377563477e+00
9.351133108139038086e+00
9.741084814071655273e+00
9.840179443359375000e+00
9.143906354904174805e+00
9.315305233001708984e+00
9.371643066406250000e+00
9.324502229690551758e+00
9.628877878189086914e+00
9.617031812667846680e+00
9.732089281082153320e+00
9.402422666549682617e+00
9.527643442153930664e+00
9.573908805847167969e+00
9.891502857208251953e+00
9.680123090744018555e+00
9.324700832366943359e+00
8.956666707992553711e+00
9.271495819091796875e+00
9.308870792388916016e+00
9.193087339401245117e+00
9.222543239593505859e+00
9.693742036819458008e+00
9.545278787612915039e+00
9.138161897659301758e+00
8.915256977081298828e+00
9.482302904129028320e+00
9.150672435760498047e+00
9.253470182418823242e+00
9.735773563385009766e+00
9.573935031890869141e+00
9.411065340042114258e+00
9.160989046096801758e+00
9.886469841003417969e+00
9.479741811752319336e+00
9.233094215393066406e+00
9.375913381576538086e+00
9.004972934722900391e+00
9.485305309295654297e+00
9.658499479293823242e+00
9.673917770385742188e+00
9.501865625381469727e+00
9.688623189926147461e+00
9.221968650817871094e+00
9.573142766952514648e+00
9.332529783248901367e+00
9.582715988159179688e+00
9.413756608963012695e+00
9.303401470184326172e+00
9.320861816406250000e+00
9.461864709854125977e+00
9.538716077804565430e+00
9.865361213684082031e+00
9.699349641799926758e+00
9.449656724929809570e+00
9.604814291000366211e+00
9.529696226119995117e+00
9.370363950729370117e+00
9.217519283294677734e+00
9.488528013229370117e+00
9.072008848190307617e+00
8.951483488082885742e+00
9.469532489776611328e+00
9.250610589981079102e+00
9.693597316741943359e+00
9.442152261734008789e+00
9.396380186080932617e+00
9.072572946548461914e+00
9.536622285842895508e+00
9.729431152343750000e+00
9.687180280685424805e+00
9.426100969314575195e+00
9.435673475265502930e+00
9.025081872940063477e+00
9.885924100875854492e+00
1.046000361442565918e+01
9.199055910110473633e+00
9.254401683807373047e+00
9.512092590332031250e+00
9.529229164123535156e+00
9.244503021240234375e+00
9.161023139953613281e+00
9.074348211288452148e+00
9.403080463409423828e+00
9.225620269775390625e+00
9.065137624740600586e+00
9.979288101196289062e+00
9.267292976379394531e+00
9.267854452133178711e+00
9.201736211776733398e+00
9.504239797592163086e+00
9.651504755020141602e+00
9.264789819717407227e+00
9.080086708068847656e+00
9.734911680221557617e+00
9.462147474288940430e+00
9.355144739151000977e+00
9.124432086944580078e+00
9.379220008850097656e+00
9.227859973907470703e+00
9.385797262191772461e+00
9.446474552154541016e+00
9.784747362136840820e+00
9.931993484497070312e+00
9.816482305526733398e+00
9.511530637741088867e+00
9.202680349349975586e+00
9.209473609924316406e+00
9.355882883071899414e+00
9.750810623168945312e+00
4.525498628616333008e+00
9.370620012283325195e+00
9.842588424682617188e+00
9.208047628402709961e+00
9.283648729324340820e+00
9.531204938888549805e+00
9.144091129302978516e+00
9.318730831146240234e+00
9.525877475738525391e+00
9.280157327651977539e+00
9.355531215667724609e+00
9.685973882675170898e+00
9.012543201446533203e+00
9.412823677062988281e+00
9.037284851074218750e+00
9.509223699569702148e+00
9.640002489089965820e+00
9.505095720291137695e+00
9.548267602920532227e+00
9.325863122940063477e+00
9.689855575561523438e+00
9.623827457427978516e+00
9.086550474166870117e+00
9.519973993301391602e+00
8.979793071746826172e+00
9.317600250244140625e+00
9.541102409362792969e+00
9.109210014343261719e+00
9.538293123245239258e+00
9.446085214614868164e+00
9.545871973037719727e+00
9.181339025497436523e+00
9.383022785186767578e+00
9.294658899307250977e+00
9.556997776031494141e+00
9.173879623413085938e+00
9.009479761123657227e+00
9.453706026077270508e+00
9.654019117355346680e+00
9.725792646408081055e+00
9.505217313766479492e+00
9.545176744461059570e+00
9.870238780975341797e+00
9.539240121841430664e+00
9.468734979629516602e+00
9.395066499710083008e+00
9.486905097961425781e+00
9.536911725997924805e+00
9.341166019439697266e+00
9.119607925415039062e+00
9.326643228530883789e+00
9.491712331771850586e+00
9.521657228469848633e+00
9.613387823104858398e+00
9.538290262222290039e+00
9.363886833190917969e+00
9.783151865005493164e+00
8.617014884948730469e+00
9.247158527374267578e+00
9.032832145690917969e+00
9.534560680389404297e+00
9.170515775680541992e+00
9.139365196228027344e+00
9.578321695327758789e+00
9.243166685104370117e+00
9.453373193740844727e+00
1.001659393310546875e+01
9.577452898025512695e+00
9.054216384887695312e+00
9.379255771636962891e+00
9.647509098052978516e+00
9.547249794006347656e+00
9.166892528533935547e+00
9.370115756988525391e+00
9.261694192886352539e+00
9.303190231323242188e+00
9.826845645904541016e+00
9.604254722595214844e+00
9.197952508926391602e+00
9.566063404083251953e+00
9.059253692626953125e+00
9.503784179687500000e+00
9.205653667449951172e+00
9.535426378250122070e+00
9.683023691177368164e+00
9.242706060409545898e+00
9.459605455398559570e+00
8.977829217910766602e+00
9.671312332153320312e+00
9.537823438644409180e+00
9.367012023925781250e+00
9.725877761840820312e+00
9.642844438552856445e+00
9.388403177261352539e+00
8.844946622848510742e+00
9.815895080566406250e+00
9.427531242370605469e+00
9.301549911499023438e+00
9.744231700897216797e+00
9.598459959030151367e+00
8.893064260482788086e+00
9.432782411575317383e+00
8.884334802627563477e+00
9.291996002197265625e+00
9.753169298171997070e+00
8.978346109390258789e+00
9.352818012237548828e+00
9.787116765975952148e+00
9.632339477539062500e+00
9.219846010208129883e+00
9.226584196090698242e+00
9.078048944473266602e+00
9.469171762466430664e+00
9.749705553054809570e+00
9.380215167999267578e+00
9.695813417434692383e+00
8.978560447692871094e+00
8.783246517181396484e+00
9.297523975372314453e+00
9.842609405517578125e+00
9.498746633529663086e+00
9.273032665252685547e+00
9.634805917739868164e+00
9.511163949966430664e+00
9.160893678665161133e+00
9.511403322219848633e+00
9.378089189529418945e+00
9.068807363510131836e+00
9.576648950576782227e+00
9.725781917572021484e+00
9.396788358688354492e+00
9.360515356063842773e+00
9.512107610702514648e+00
9.694494009017944336e+00
8.969685792922973633e+00
9.101871013641357422e+00
9.280775070190429688e+00
9.345712184906005859e+00
9.514037132263183594e+00
9.653852701187133789e+00
9.696638584136962891e+00
9.407811641693115234e+00
9.517044544219970703e+00
9.413263797760009766e+00
9.661920309066772461e+00
9.179840087890625000e+00
9.288162469863891602e+00
9.040446043014526367e+00
9.272574901580810547e+00
9.410068035125732422e+00
9.340883016586303711e+00
9.476951837539672852e+00
9.578125953674316406e+00
9.384145498275756836e+00
9.133555412292480469e+00
9.120350360870361328e+00
9.236856937408447266e+00
9.577012062072753906e+00
9.154252529144287109e+00
9.764134645462036133e+00
9.551838874816894531e+00
9.211964845657348633e+00
9.026382207870483398e+00
9.713809728622436523e+00
9.375764608383178711e+00
9.314896345138549805e+00
9.390712738037109375e+00
8.750586271286010742e+00
9.460444450378417969e+00
9.453388929367065430e+00
9.583590984344482422e+00
9.491417884826660156e+00
9.526212453842163086e+00
9.325979709625244141e+00
9.559754848480224609e+00
9.066444873809814453e+00
9.351047754287719727e+00
9.188214302062988281e+00
9.408504724502563477e+00
9.528307437896728516e+00
9.488474130630493164e+00
9.228730201721191406e+00
1.001459097862243652e+01
9.597016572952270508e+00
9.288443088531494141e+00
9.667868375778198242e+00
9.684922218322753906e+00
9.469313859939575195e+00
9.014603853225708008e+00
9.544545412063598633e+00
8.916541814804077148e+00
9.139776945114135742e+00
9.585610389709472656e+00
9.619250774383544922e+00
9.546763181686401367e+00
9.312773704528808594e+00
9.361688137054443359e+00
9.019462823867797852e+00
9.678404092788696289e+00
9.361803531646728516e+00
9.526291847229003906e+00
9.313529729843139648e+00
9.565264463424682617e+00
8.945416688919067383e+00
9.762992858886718750e+00
9.749725818634033203e+00
9.355333328247070312e+00
9.306290149688720703e+00
9.468381643295288086e+00
9.621653318405151367e+00
9.291520118713378906e+00
9.431091070175170898e+00
9.302001714706420898e+00
9.741183996200561523e+00
9.479986190795898438e+00
9.205642461776733398e+00
9.872346162796020508e+00
9.418834209442138672e+00
9.046119928359985352e+00
9.356191158294677734e+00
9.575565814971923828e+00
9.434372425079345703e+00
9.224186897277832031e+00
9.350780487060546875e+00
9.497691154479980469e+00
9.693251371383666992e+00
9.432117462158203125e+00
9.118003845214843750e+00
9.065403699874877930e+00
9.854796886444091797e+00
9.390245437622070312e+00
9.574676990509033203e+00
9.899926424026489258e+00
9.801333189010620117e+00
9.678169250488281250e+00
9.523787736892700195e+00
9.272022247314453125e+00
9.498008012771606445e+00
9.098781585693359375e+00
9.445920228958129883e+00
4.514775514602661133e+00
9.185297727584838867e+00
9.765363216400146484e+00
9.157032251358032227e+00
9.195104837417602539e+00
9.384339332580566406e+00
9.230021715164184570e+00
9.296204805374145508e+00
9.608754158020019531e+00
9.341497421264648438e+00
9.615186214447021484e+00
9.536904096603393555e+00
8.993562221527099609e+00
9.474894523620605469e+00
8.880224704742431641e+00
9.268801212310791016e+00
9.527642965316772461e+00
9.313621759414672852e+00
9.562709093093872070e+00
9.389276027679443359e+00
9.498255014419555664e+00
9.122167825698852539e+00
9.226611375808715820e+00
9.448943853378295898e+00
9.348290205001831055e+00
9.248847723007202148e+00
9.638885974884033203e+00
9.241252183914184570e+00
9.451045989990234375e+00
9.345555782318115234e+00
9.425141334533691406e+00
9.335204362869262695e+00
9.440654516220092773e+00
9.451339483261108398e+00
9.610134840011596680e+00
9.144996643066406250e+00
9.010563373565673828e+00
9.181176424026489258e+00
9.421228170394897461e+00
9.664114952087402344e+00
9.471416950225830078e+00
9.441064596176147461e+00
9.593561410903930664e+00
9.759089469909667969e+00
9.416433095932006836e+00
9.427039861679077148e+00
9.326921939849853516e+00
9.536051273345947266e+00
9.540600776672363281e+00
9.174060821533203125e+00
9.569504737854003906e+00
9.426829576492309570e+00
9.542211532592773438e+00
9.751750946044921875e+00
9.483048677444458008e+00
9.099967479705810547e+00
9.658554077148437500e+00
8.841651439666748047e+00
9.406375169754028320e+00
9.080620527267456055e+00
9.602103471755981445e+00
9.448647975921630859e+00
9.118679761886596680e+00
9.764462232589721680e+00
9.266929388046264648e+00
9.682117462158203125e+00
9.830362319946289062e+00
9.817871809005737305e+00
9.110300064086914062e+00
9.500916242599487305e+00
9.629956483840942383e+00
9.363240957260131836e+00
9.478034496307373047e+00
9.194529294967651367e+00
9.505267143249511719e+00
9.444889783859252930e+00
9.863731861114501953e+00
9.565021991729736328e+00
9.039816141128540039e+00
9.617261648178100586e+00
8.976499319076538086e+00
9.671335697174072266e+00
9.391848802566528320e+00
9.361322164535522461e+00
9.583754301071166992e+00
9.216702461242675781e+00
9.530379533767700195e+00
9.081603765487670898e+00
9.637172222137451172e+00
9.585995435714721680e+00
9.524742364883422852e+00
9.818177700042724609e+00
9.702123641967773438e+00
9.466289281845092773e+00
8.932129383087158203e+00
9.863133907318115234e+00
9.316930770874023438e+00
9.144533634185791016e+00
9.153253316879272461e+00
9.407588481903076172e+00
9.007011890411376953e+00
9.574110031127929688e+00
9.043862342834472656e+00
9.487672567367553711e+00
9.985099554061889648e+00
9.372017621994018555e+00
9.409773826599121094e+00
9.570606708526611328e+00
9.854626417160034180e+00
9.439461469650268555e+00
9.161043405532836914e+00
9.264222621917724609e+00
9.403248548507690430e+00
9.799305438995361328e+00
9.099555730819702148e+00
9.652913093566894531e+00
8.733884572982788086e+00
8.888837814331054688e+00
9.397092819213867188e+00
9.831429481506347656e+00
9.538851261138916016e+00
9.465042829513549805e+00
9.522563695907592773e+00
9.585717439651489258e+00
8.844879388809204102e+00
9.395111799240112305e+00
9.164274454116821289e+00
9.357685089111328125e+00
9.563668966293334961e+00
9.589431524276733398e+00
9.209337472915649414e+00
9.105548858642578125e+00
9.374726057052612305e+00
1.125402855873107910e+01
9.293027877807617188e+00
9.422134399414062500e+00
9.312207698822021484e+00
9.446333646774291992e+00
9.570981502532958984e+00
9.521813392639160156e+00
9.666284084320068359e+00
9.345559835433959961e+00
9.215051174163818359e+00
9.512560367584228516e+00
9.615304946899414062e+00
9.210249185562133789e+00
9.473997831344604492e+00
9.154802560806274414e+00
9.423793315887451172e+00
9.573727607727050781e+00
9.265665292739868164e+00
9.317456007003784180e+00
9.590158462524414062e+00
9.533962249755859375e+00
8.958778858184814453e+00
9.085097789764404297e+00
9.420056343078613281e+00
9.061800003051757812e+00
9.203999757766723633e+00
9.626069068908691406e+00
9.592381477355957031e+00
9.598718404769897461e+00
9.091265439987182617e+00
9.609886646270751953e+00
9.141156911849975586e+00
9.232731342315673828e+00
9.452651023864746094e+00
8.938403844833374023e+00
9.490696430206298828e+00
9.476820230484008789e+00
9.309421300888061523e+00
9.214976549148559570e+00
9.432534456253051758e+00
9.305070877075195312e+00
9.540904521942138672e+00
9.447429180145263672e+00
9.643263339996337891e+00
9.315244197845458984e+00
9.425875425338745117e+00
9.451139688491821289e+00
9.580746173858642578e+00
9.346617460250854492e+00
9.702655315399169922e+00
9.748331785202026367e+00
9.162825822830200195e+00
9.483712434768676758e+00
9.510224580764770508e+00
9.585056543350219727e+00
9.373160123825073242e+00
9.688036203384399414e+00
9.156868457794189453e+00
9.112453460693359375e+00
9.450017929077148438e+00
9.608192443847656250e+00
9.591789007186889648e+00
9.484158039093017578e+00
9.484288930892944336e+00
9.037960052490234375e+00
9.501057147979736328e+00
9.244102478027343750e+00
9.333647489547729492e+00
9.216060638427734375e+00
9.653042554855346680e+00
8.921794414520263672e+00
9.965898036956787109e+00
9.378515243530273438e+00
9.219898462295532227e+00
9.275622367858886719e+00
9.407843351364135742e+00
9.545084953308105469e+00
9.306945323944091797e+00
9.339517831802368164e+00
9.203998804092407227e+00
9.478116989135742188e+00
9.228732347488403320e+00
9.133554697036743164e+00
9.857631921768188477e+00
9.638797760009765625e+00
9.488245248794555664e+00
9.396230936050415039e+00
9.972151994705200195e+00
9.545209169387817383e+00
9.369695425033569336e+00
9.394797086715698242e+00
9.455216646194458008e+00
9.568518161773681641e+00
9.319480657577514648e+00
8.924186468124389648e+00
9.215256690979003906e+00
9.351993560791015625e+00
9.659150123596191406e+00
9.545672655105590820e+00
9.696377277374267578e+00
9.585649013519287109e+00
9.547647237777709961e+00
9.468624353408813477e+00
9.338081359863281250e+00
9.284173011779785156e+00
9.136355876922607422e+00
9.434242963790893555e+00
4.544046878814697266e+00
9.398581266403198242e+00
9.949370622634887695e+00
9.417149066925048828e+00
9.968911170959472656e+00
9.391307115554809570e+00
9.148475646972656250e+00
9.406039953231811523e+00
9.754618644714355469e+00
9.385687112808227539e+00
9.347136497497558594e+00
9.471898555755615234e+00
8.878373146057128906e+00
9.658415555953979492e+00
9.059028148651123047e+00
9.397405385971069336e+00
9.353614330291748047e+00
9.178153038024902344e+00
9.385457992553710938e+00
9.353015422821044922e+00
9.567355871200561523e+00
9.457240581512451172e+00
9.377989768981933594e+00
9.393285512924194336e+00
9.054736614227294922e+00
9.295455694198608398e+00
9.589902639389038086e+00
9.243955850601196289e+00
9.167680263519287109e+00
9.367093324661254883e+00
9.440358877182006836e+00
9.386441707611083984e+00
9.497910499572753906e+00
9.533820390701293945e+00
9.815720796585083008e+00
9.425428152084350586e+00
9.084568023681640625e+00
9.376628637313842773e+00
9.548156261444091797e+00
9.446745157241821289e+00
9.402137994766235352e+00
9.389810800552368164e+00
9.832495689392089844e+00
9.674344301223754883e+00
9.575337171554565430e+00
9.383170843124389648e+00
9.393562793731689453e+00
9.442360877990722656e+00
9.449952840805053711e+00
9.399496078491210938e+00
9.287454128265380859e+00
9.596814870834350586e+00
9.404817819595336914e+00
9.660405158996582031e+00
9.671504020690917969e+00
9.084324836730957031e+00
9.891136407852172852e+00
8.611660003662109375e+00
9.388041973114013672e+00
9.025257825851440430e+00
9.633968830108642578e+00
9.468804597854614258e+00
9.175825595855712891e+00
9.833393573760986328e+00
9.127545118331909180e+00
9.247063875198364258e+00
9.781028509140014648e+00
9.576404571533203125e+00
8.950940370559692383e+00
9.373538494110107422e+00
9.751653432846069336e+00
9.522738695144653320e+00
9.325491189956665039e+00
9.271113634109497070e+00
9.117198467254638672e+00
9.334570884704589844e+00
9.759894371032714844e+00
9.525473117828369141e+00
9.292949676513671875e+00
9.736253261566162109e+00
9.160966157913208008e+00
9.698788642883300781e+00
9.578518152236938477e+00
9.608027935028076172e+00
9.618898391723632812e+00
9.221875905990600586e+00
9.527319669723510742e+00
8.982245683670043945e+00
9.778136253356933594e+00
9.243732929229736328e+00
9.497831344604492188e+00
9.728831052780151367e+00
9.410148382186889648e+00
9.297730445861816406e+00
9.094302654266357422e+00
9.548099756240844727e+00
9.127692461013793945e+00
9.381664276123046875e+00
9.543725728988647461e+00
9.635017395019531250e+00
8.840017318725585938e+00
9.645197153091430664e+00
8.913925409317016602e+00
9.325879096984863281e+00
9.754620313644409180e+00
9.051052808761596680e+00
9.347201585769653320e+00
9.569601297378540039e+00
9.555792331695556641e+00
9.542114019393920898e+00
9.093036413192749023e+00
9.090135574340820312e+00
9.395161628723144531e+00
9.761690378189086914e+00
9.037350654602050781e+00
9.591955184936523438e+00
8.929587364196777344e+00
9.184724569320678711e+00
9.253893613815307617e+00
9.886789560317993164e+00
9.455889701843261719e+00
9.187629461288452148e+00
9.490964412689208984e+00
9.797877788543701172e+00
9.172154664993286133e+00
9.498709917068481445e+00
9.444952726364135742e+00
9.242431640625000000e+00
9.631336212158203125e+00
9.541653394699096680e+00
9.180087089538574219e+00
9.307936668395996094e+00
9.601993799209594727e+00
9.636658906936645508e+00
9.099638462066650391e+00
9.343533992767333984e+00
9.507553577423095703e+00
9.525621891021728516e+00
9.645256280899047852e+00
9.433040380477905273e+00
9.724801301956176758e+00
9.117327928543090820e+00
9.378343820571899414e+00
9.266741991043090820e+00
9.623520851135253906e+00
9.476162910461425781e+00
9.188293695449829102e+00
9.408193826675415039e+00
9.244170904159545898e+00
9.370462417602539062e+00
9.361629724502563477e+00
9.339720964431762695e+00
9.302715539932250977e+00
9.484389305114746094e+00
9.032530546188354492e+00
8.846119880676269531e+00
9.409448146820068359e+00
9.177948474884033203e+00
9.078075885772705078e+00
9.687899827957153320e+00
9.445347785949707031e+00
9.326171636581420898e+00
9.049358606338500977e+00
9.566178321838378906e+00
9.426556587219238281e+00
9.288440465927124023e+00
9.662586212158203125e+00
8.843410253524780273e+00
9.558225393295288086e+00
9.456232309341430664e+00
9.546907424926757812e+00
9.778807640075683594e+00
9.524056911468505859e+00
9.506135225296020508e+00
9.653298377990722656e+00
9.124161481857299805e+00
9.521687746047973633e+00
9.299728393554687500e+00
9.557894706726074219e+00
9.335316896438598633e+00
9.430651664733886719e+00
9.332761764526367188e+00
9.756846666336059570e+00
9.764346837997436523e+00
9.179761409759521484e+00
9.718454599380493164e+00
9.439477682113647461e+00
9.551913976669311523e+00
9.254025459289550781e+00
9.714285612106323242e+00
9.141795396804809570e+00
9.090140581130981445e+00
9.454459905624389648e+00
9.350470066070556641e+00
9.480258464813232422e+00
9.298187971115112305e+00
9.326058864593505859e+00
9.133715867996215820e+00
9.374677658081054688e+00
9.405435800552368164e+00
9.599143981933593750e+00
9.327887535095214844e+00
9.584308624267578125e+00
9.066843271255493164e+00
9.668247699737548828e+00
9.367704153060913086e+00
9.239438056945800781e+00
9.468027591705322266e+00
9.587383508682250977e+00
9.595198631286621094e+00
9.488338947296142578e+00
9.446595191955566406e+00
9.336559295654296875e+00
9.880423784255981445e+00
9.295042276382446289e+00
9.153008222579956055e+00
9.796692848205566406e+00
9.542312860488891602e+00
9.318172454833984375e+00
9.441404819488525391e+00
9.601495265960693359e+00
9.392930746078491211e+00
9.362237691879272461e+00
9.301141262054443359e+00
9.609439134597778320e+00
9.295731067657470703e+00
9.478377819061279297e+00
9.114953756332397461e+00
9.267826557159423828e+00
9.661842346191406250e+00
9.547580718994140625e+00
9.605420589447021484e+00
9.642515659332275391e+00
9.643152475357055664e+00
9.536582708358764648e+00
9.396361827850341797e+00
9.298813104629516602e+00
9.395395040512084961e+00
8.961534261703491211e+00
9.510324954986572266e+00
4.486612558364868164e+00
9.310142993927001953e+00
9.816884040832519531e+00
9.134414672851562500e+00
8.998643875122070312e+00
9.797321557998657227e+00
9.334528207778930664e+00
9.492054462432861328e+00
9.649858951568603516e+00
9.301185607910156250e+00
9.393431663513183594e+00
9.593533992767333984e+00
8.815125226974487305e+00
9.367389917373657227e+00
9.044568538665771484e+00
9.539598226547241211e+00
9.408477783203125000e+00
9.358563899993896484e+00
9.579720258712768555e+00
9.448745965957641602e+00
9.413937807083129883e+00
9.460475683212280273e+00
9.197711944580078125e+00
9.670233726501464844e+00
8.859489917755126953e+00
9.300359249114990234e+00
9.689738035202026367e+00
9.274168014526367188e+00
9.762604236602783203e+00
9.379523277282714844e+00
9.527001142501831055e+00
9.243466138839721680e+00
9.326656579971313477e+00
9.403788328170776367e+00
9.435410261154174805e+00
9.252714157104492188e+00
8.935359716415405273e+00
9.416221618652343750e+00
9.567242622375488281e+00
9.664546489715576172e+00
9.549054145812988281e+00
9.271780967712402344e+00
9.432296514511108398e+00
9.744172334671020508e+00
9.353139400482177734e+00
9.343365907669067383e+00
9.244983911514282227e+00
9.237540245056152344e+00
9.274524688720703125e+00
9.387866258621215820e+00
9.401865959167480469e+00
9.564589977264404297e+00
9.241838216781616211e+00
9.505209922790527344e+00
9.496381759643554688e+00
9.108883142471313477e+00
9.616374731063842773e+00
8.753715276718139648e+00
9.453755617141723633e+00
9.191737890243530273e+00
9.773939132690429688e+00
9.004899263381958008e+00
9.054968118667602539e+00
9.610315322875976562e+00
9.160863637924194336e+00
9.676004886627197266e+00
9.876105785369873047e+00
9.806778669357299805e+00
9.087424039840698242e+00
9.663861751556396484e+00
9.477619886398315430e+00
9.375061988830566406e+00
9.228613615036010742e+00
9.315859079360961914e+00
9.200090408325195312e+00
9.152834653854370117e+00
9.865898132324218750e+00
9.601323843002319336e+00
9.128579139709472656e+00
9.377226114273071289e+00
9.058892011642456055e+00
9.538672447204589844e+00
9.297329187393188477e+00
9.687445163726806641e+00
9.600130319595336914e+00
9.141232013702392578e+00
9.596240282058715820e+00
8.993450403213500977e+00
9.531850337982177734e+00
9.184312343597412109e+00
9.300001382827758789e+00
9.929082393646240234e+00
9.787149190902709961e+00
9.383673429489135742e+00
8.862889528274536133e+00
9.714720010757446289e+00
9.275857448577880859e+00
9.312693119049072266e+00
9.495464324951171875e+00
9.660592794418334961e+00
9.113021612167358398e+00
9.563791036605834961e+00
8.843853473663330078e+00
9.231158733367919922e+00
9.847229957580566406e+00
9.145021438598632812e+00
9.410518646240234375e+00
9.370418548583984375e+00
9.616852998733520508e+00
9.223168611526489258e+00
9.268502712249755859e+00
9.189540147781372070e+00
9.234089374542236328e+00
9.857237815856933594e+00
9.234442472457885742e+00
9.541213035583496094e+00
8.763381481170654297e+00
8.931267261505126953e+00
9.054589748382568359e+00
9.687260866165161133e+00
9.338530302047729492e+00
9.335208892822265625e+00
9.392421245574951172e+00
9.472142934799194336e+00
9.024997472763061523e+00
9.443281888961791992e+00
9.315572738647460938e+00
9.255895853042602539e+00
9.636643171310424805e+00
9.628105401992797852e+00
9.335654497146606445e+00
9.481083869934082031e+00
9.699590682983398438e+00
9.649872303009033203e+00
8.985694169998168945e+00
9.289837598800659180e+00
9.396779775619506836e+00
9.490133762359619141e+00
9.637182235717773438e+00
9.367790222167968750e+00
9.782322883605957031e+00
9.496505022048950195e+00
9.253039360046386719e+00
9.420636892318725586e+00
9.771925687789916992e+00
9.292193889617919922e+00
9.290702342987060547e+00
8.960173130035400391e+00
9.076929092407226562e+00
9.410474061965942383e+00
9.274667978286743164e+00
9.261322259902954102e+00
9.445232391357421875e+00
9.491204500198364258e+00
9.343058109283447266e+00
9.045473098754882812e+00
9.501274108886718750e+00
9.054611444473266602e+00
9.291653394699096680e+00
9.582617044448852539e+00
9.565723419189453125e+00
9.302065134048461914e+00
9.247954845428466797e+00
9.683748722076416016e+00
9.257739782333374023e+00
9.127805709838867188e+00
9.406239271163940430e+00
9.007075071334838867e+00
9.456889152526855469e+00
9.318187475204467773e+00
9.386206626892089844e+00
9.385324001312255859e+00
9.490858793258666992e+00
9.329249620437622070e+00
9.801657676696777344e+00
8.923971652984619141e+00
9.322575330734252930e+00
9.198183774948120117e+00
9.458428382873535156e+00
9.269447565078735352e+00
9.292803764343261719e+00
9.362624168395996094e+00
9.782751560211181641e+00
9.774314880371093750e+00
1.217375516891479492e+01
9.643909215927124023e+00
9.522263288497924805e+00
9.540268182754516602e+00
9.275521039962768555e+00
9.606316089630126953e+00
8.993650674819946289e+00
8.831463098526000977e+00
9.478486299514770508e+00
9.363060474395751953e+00
9.598397970199584961e+00
9.312377214431762695e+00
9.406110763549804688e+00
9.152701377868652344e+00
9.342490673065185547e+00
9.465085744857788086e+00
9.488693952560424805e+00
9.280902624130249023e+00
9.574872732162475586e+00
8.911376237869262695e+00
9.776157379150390625e+00
9.405743598937988281e+00
9.550844430923461914e+00
9.131950378417968750e+00
9.440352678298950195e+00
9.251672267913818359e+00
9.211732387542724609e+00
9.435137033462524414e+00
9.319364547729492188e+00
9.701774358749389648e+00
9.397500514984130859e+00
9.249655485153198242e+00
9.880074977874755859e+00
9.573158264160156250e+00
9.271959066390991211e+00
9.303528308868408203e+00
9.668019294738769531e+00
9.579250097274780273e+00
9.480597019195556641e+00
9.124251127243041992e+00
9.432746171951293945e+00
9.373790740966796875e+00
9.603157043457031250e+00
9.185230970382690430e+00
9.375144720077514648e+00
9.148372173309326172e+00
9.352326869964599609e+00
9.660362958908081055e+00
9.592509031295776367e+00
9.658363103866577148e+00
9.511687278747558594e+00
9.571104764938354492e+00
9.295907258987426758e+00
9.344858646392822266e+00
9.115953445434570312e+00
9.454504966735839844e+00
4.518143653869628906e+00
