1.041110563278198242e+01
9.628947019577026367e+00
9.593206167221069336e+00
9.771589279174804688e+00
9.744497776031494141e+00
9.498037099838256836e+00
9.841290473937988281e+00
9.294003725051879883e+00
1.008837962150573730e+01
9.580949783325195312e+00
9.469510078430175781e+00
9.526425838470458984e+00
9.550497055053710938e+00
9.573256492614746094e+00
9.581256389617919922e+00
9.592897653579711914e+00
9.915886163711547852e+00
9.406025648117065430e+00
9.665855407714843750e+00
9.590852499008178711e+00
9.735130786895751953e+00
9.498641490936279297e+00
9.301581859588623047e+00
9.440153837203979492e+00
9.545330524444580078e+00
9.494314908981323242e+00
9.524436950683593750e+00
9.649606704711914062e+00
1.024804472923278809e+01
9.732785940170288086e+00
9.341383218765258789e+00
9.579874277114868164e+00
9.469614028930664062e+00
9.662833213806152344e+00
9.751931428909301758e+00
9.717181205749511719e+00
9.220862865447998047e+00
9.466928243637084961e+00
9.673020839691162109e+00
8.991743326187133789e+00
9.748410940170288086e+00
9.468573331832885742e+00
9.564159393310546875e+00
9.665326595306396484e+00
9.763216018676757812e+00
9.651879787445068359e+00
9.703411579132080078e+00
9.811186075210571289e+00
9.296169281005859375e+00
9.801072359085083008e+00
9.365372419357299805e+00
9.385902643203735352e+00
9.575952291488647461e+00
9.677255392074584961e+00
1.019107222557067871e+01
9.155531167984008789e+00
9.213039398193359375e+00
9.509696722030639648e+00
9.446503877639770508e+00
9.640293359756469727e+00
9.884940147399902344e+00
9.772901535034179688e+00
9.664373636245727539e+00
9.641845226287841797e+00
9.430372238159179688e+00
9.689543247222900391e+00
9.651453018188476562e+00
9.672065734863281250e+00
9.740340471267700195e+00
9.491525888442993164e+00
9.695933580398559570e+00
9.546715497970581055e+00
9.439655542373657227e+00
9.364338397979736328e+00
9.716665983200073242e+00
9.279362916946411133e+00
9.524043083190917969e+00
9.332339525222778320e+00
9.356483221054077148e+00
9.836503505706787109e+00
9.726870298385620117e+00
9.727823734283447266e+00
9.657316207885742188e+00
9.282785892486572266e+00
9.374734640121459961e+00
9.466787099838256836e+00
9.520731210708618164e+00
8.949807167053222656e+00
9.377201795578002930e+00
9.328198194503784180e+00
6.361270189285278320e+00
6.310582876205444336e+00
6.129794120788574219e+00
9.449100017547607422e+00
9.648055791854858398e+00
9.779311656951904297e+00
9.660176515579223633e+00
9.700406551361083984e+00
9.669923543930053711e+00
9.699629306793212891e+00
9.672911643981933594e+00
9.857069015502929688e+00
9.118183851242065430e+00
9.867724180221557617e+00
1.001726222038269043e+01
9.730287790298461914e+00
9.281480550765991211e+00
9.389032125473022461e+00
8.865993022918701172e+00
9.162523508071899414e+00
8.786175251007080078e+00
5.116517305374145508e+00
5.079074144363403320e+00
4.996466875076293945e+00
9.803128242492675781e+00
9.690836191177368164e+00
9.819038391113281250e+00
9.355264186859130859e+00
9.351795196533203125e+00
9.384759187698364258e+00
9.642666578292846680e+00
9.863049507141113281e+00
9.533205986022949219e+00
9.165205955505371094e+00
8.874921321868896484e+00
9.813847064971923828e+00
9.195391893386840820e+00
9.676844596862792969e+00
9.102375745773315430e+00
8.928889989852905273e+00
8.459868907928466797e+00
8.608918190002441406e+00
9.448294878005981445e+00
9.597597122192382812e+00
9.843092203140258789e+00
8.736235618591308594e+00
8.725475788116455078e+00
8.863590955734252930e+00
8.865898370742797852e+00
8.599927902221679688e+00
8.470067024230957031e+00
9.109569787979125977e+00
9.281346082687377930e+00
9.308012723922729492e+00
9.511317253112792969e+00
9.710539579391479492e+00
9.624818086624145508e+00
8.970413208007812500e+00
9.046205282211303711e+00
9.523301601409912109e+00
1.042932534217834473e+01
9.192909479141235352e+00
9.488912582397460938e+00
9.138183116912841797e+00
9.610249042510986328e+00
9.370024204254150391e+00
7.696319341659545898e+00
7.449377536773681641e+00
7.617200136184692383e+00
9.600364685058593750e+00
9.193274259567260742e+00
9.540441036224365234e+00
9.515501499176025391e+00
9.311444282531738281e+00
9.900054454803466797e+00
9.722909450531005859e+00
9.398109436035156250e+00
9.355600118637084961e+00
9.289967775344848633e+00
9.423391580581665039e+00
9.788912296295166016e+00
8.915032863616943359e+00
9.904426336288452148e+00
9.413408041000366211e+00
9.264022111892700195e+00
9.485308170318603516e+00
9.895164966583251953e+00
8.517371892929077148e+00
7.363707065582275391e+00
7.789565324783325195e+00
9.259236335754394531e+00
9.793081045150756836e+00
9.362742662429809570e+00
9.574460029602050781e+00
9.767668485641479492e+00
9.393588304519653320e+00
9.691715717315673828e+00
9.662721633911132812e+00
9.426581621170043945e+00
9.593094110488891602e+00
9.319380998611450195e+00
9.056536912918090820e+00
9.534702301025390625e+00
9.587069511413574219e+00
9.773412466049194336e+00
8.935992240905761719e+00
9.128401517868041992e+00
8.726913213729858398e+00
9.456372261047363281e+00
9.425056219100952148e+00
9.655080795288085938e+00
9.516898870468139648e+00
9.419750452041625977e+00
9.448860645294189453e+00
9.477643728256225586e+00
9.742609739303588867e+00
9.939779281616210938e+00
9.512974977493286133e+00
9.431928873062133789e+00
9.281233072280883789e+00
9.461859703063964844e+00
8.983109712600708008e+00
9.390929698944091797e+00
9.603293180465698242e+00
9.709105014801025391e+00
9.503818750381469727e+00
9.593414306640625000e+00
9.663140535354614258e+00
9.674837350845336914e+00
8.017537355422973633e+00
7.938685655593872070e+00
8.536588191986083984e+00
9.465795993804931641e+00
9.650599241256713867e+00
9.570737361907958984e+00
9.459935903549194336e+00
9.242052316665649414e+00
9.891119003295898438e+00
9.937691211700439453e+00
9.375745773315429688e+00
9.749871253967285156e+00
1.000884222984313965e+01
9.205482482910156250e+00
9.876757383346557617e+00
9.447956562042236328e+00
8.903160572052001953e+00
9.461491823196411133e+00
9.428944587707519531e+00
9.652290821075439453e+00
4.624036073684692383e+00
9.691981315612792969e+00
9.723048210144042969e+00
9.663826942443847656e+00
9.613415956497192383e+00
9.751872062683105469e+00
9.475790739059448242e+00
9.857831239700317383e+00
9.273956537246704102e+00
9.982550382614135742e+00
9.675799608230590820e+00
9.510700464248657227e+00
9.601916074752807617e+00
9.385208129882812500e+00
9.477429151535034180e+00
9.556403875350952148e+00
9.543086051940917969e+00
9.643601417541503906e+00
9.491172313690185547e+00
9.606842279434204102e+00
9.356129169464111328e+00
9.685620546340942383e+00
9.286892652511596680e+00
9.385420560836791992e+00
9.370577812194824219e+00
1.161972045898437500e+01
9.590049028396606445e+00
9.264925479888916016e+00
9.503367900848388672e+00
9.939705848693847656e+00
9.547407150268554688e+00
9.364384412765502930e+00
9.370429515838623047e+00
9.515864610671997070e+00
9.754283666610717773e+00
9.690719604492187500e+00
9.626830816268920898e+00
9.438719749450683594e+00
9.301639556884765625e+00
9.608574867248535156e+00
8.716381311416625977e+00
9.448913335800170898e+00
9.407681226730346680e+00
9.384336709976196289e+00
9.525280475616455078e+00
9.625918388366699219e+00
9.748386859893798828e+00
9.638693094253540039e+00
9.733635187149047852e+00
8.437687158584594727e+00
8.802252054214477539e+00
8.578774213790893555e+00
9.139440059661865234e+00
9.502404451370239258e+00
9.463336467742919922e+00
9.914501905441284180e+00
8.919797182083129883e+00
9.530199766159057617e+00
9.418706893920898438e+00
9.320867538452148438e+00
9.478438615798950195e+00
9.590753316879272461e+00
9.749148845672607422e+00
9.625435113906860352e+00
9.405768871307373047e+00
9.260244369506835938e+00
9.387871265411376953e+00
9.544077157974243164e+00
9.647915363311767578e+00
9.739073038101196289e+00
9.672561645507812500e+00
9.730583429336547852e+00
9.631814479827880859e+00
9.378655195236206055e+00
9.403137207031250000e+00
9.684331178665161133e+00
9.470820188522338867e+00
9.463773250579833984e+00
9.395081281661987305e+00
9.351867675781250000e+00
9.710682153701782227e+00
9.746168375015258789e+00
9.835955858230590820e+00
9.615532398223876953e+00
9.212459325790405273e+00
9.194599151611328125e+00
9.470590353012084961e+00
9.359383821487426758e+00
9.065061569213867188e+00
9.083341598510742188e+00
8.938892126083374023e+00
9.099529266357421875e+00
9.173960208892822266e+00
9.359761714935302734e+00
9.480426311492919922e+00
9.411593437194824219e+00
9.946113586425781250e+00
9.502764940261840820e+00
9.739793300628662109e+00
9.521580696105957031e+00
9.682310104370117188e+00
9.443800449371337891e+00
9.702373027801513672e+00
8.993813514709472656e+00
9.667777538299560547e+00
9.917042732238769531e+00
9.767521381378173828e+00
9.456389904022216797e+00
9.337099790573120117e+00
8.457050085067749023e+00
8.785448551177978516e+00
8.548999071121215820e+00
9.598118066787719727e+00
9.487434625625610352e+00
9.710007190704345703e+00
9.479785680770874023e+00
9.644092321395874023e+00
9.828750133514404297e+00
9.440971374511718750e+00
9.281566858291625977e+00
9.614208936691284180e+00
9.577140808105468750e+00
1.000075006484985352e+01
1.002291345596313477e+01
9.277397871017456055e+00
9.151967287063598633e+00
9.779797792434692383e+00
9.308742284774780273e+00
9.809108972549438477e+00
9.295202016830444336e+00
9.453616142272949219e+00
9.063474416732788086e+00
9.067358016967773438e+00
9.624343156814575195e+00
9.597943544387817383e+00
1.008746623992919922e+01
9.343768119812011719e+00
9.602248191833496094e+00
9.846758604049682617e+00
9.707767486572265625e+00
9.347233057022094727e+00
9.306350469589233398e+00
9.294316768646240234e+00
9.434175729751586914e+00
9.406426191329956055e+00
9.465867042541503906e+00
9.874248981475830078e+00
9.978532075881958008e+00
9.108162403106689453e+00
9.506060123443603516e+00
9.486004590988159180e+00
9.933332204818725586e+00
9.183392524719238281e+00
9.434785842895507812e+00
9.295464992523193359e+00
9.719177722930908203e+00
9.619296550750732422e+00
9.700170755386352539e+00
9.399143695831298828e+00
9.710033416748046875e+00
9.509618997573852539e+00
9.553117513656616211e+00
9.539248228073120117e+00
9.622810602188110352e+00
9.724914550781250000e+00
9.895573139190673828e+00
9.972855567932128906e+00
9.329735040664672852e+00
9.453210353851318359e+00
9.316585302352905273e+00
9.275863409042358398e+00
9.540762662887573242e+00
8.886254310607910156e+00
9.899558782577514648e+00
9.282483577728271484e+00
9.901868581771850586e+00
9.476232290267944336e+00
9.935248851776123047e+00
9.602136373519897461e+00
9.001029253005981445e+00
9.602076768875122070e+00
9.025956392288208008e+00
9.596868753433227539e+00
9.344424247741699219e+00
9.516348361968994141e+00
9.706862449645996094e+00
9.410104751586914062e+00
9.362242698669433594e+00
9.631040573120117188e+00
9.594519853591918945e+00
9.650875568389892578e+00
9.396721839904785156e+00
9.151489257812500000e+00
9.552225589752197266e+00
9.743312120437622070e+00
9.821783781051635742e+00
9.584648370742797852e+00
9.520071744918823242e+00
9.328679084777832031e+00
9.516928195953369141e+00
9.712683200836181641e+00
9.694409132003784180e+00
9.676697492599487305e+00
9.492094516754150391e+00
9.420655488967895508e+00
9.617652893066406250e+00
9.419720888137817383e+00
9.856297016143798828e+00
9.531558513641357422e+00
9.395725965499877930e+00
9.350698709487915039e+00
9.489563703536987305e+00
9.267047166824340820e+00
9.509930372238159180e+00
9.676499843597412109e+00
9.864766836166381836e+00
9.814343929290771484e+00
9.272673368453979492e+00
9.723872900009155273e+00
9.752494573593139648e+00
9.148181915283203125e+00
9.270327806472778320e+00
9.614691495895385742e+00
9.406760931015014648e+00
9.770505666732788086e+00
9.582106828689575195e+00
9.228195905685424805e+00
9.196784496307373047e+00
9.970612049102783203e+00
9.788880348205566406e+00
9.006938219070434570e+00
9.437339305877685547e+00
9.979569673538208008e+00
9.571983575820922852e+00
9.798546314239501953e+00
9.787268877029418945e+00
9.092402458190917969e+00
9.749954700469970703e+00
9.747109413146972656e+00
9.671074390411376953e+00
4.538680315017700195e+00
9.755514144897460938e+00
9.838152408599853516e+00
9.507585525512695312e+00
1.004275250434875488e+01
9.637728691101074219e+00
9.330414772033691406e+00
9.493431568145751953e+00
9.182604074478149414e+00
1.010675811767578125e+01
1.139967179298400879e+01
9.562525033950805664e+00
9.400385856628417969e+00
9.572908639907836914e+00
9.381178855895996094e+00
9.668926239013671875e+00
9.461595535278320312e+00
9.861940383911132812e+00
9.230807304382324219e+00
9.548570871353149414e+00
9.655720949172973633e+00
9.738389253616333008e+00
9.350110530853271484e+00
9.253833293914794922e+00
9.226451873779296875e+00
9.544600963592529297e+00
9.492903947830200195e+00
9.462355375289916992e+00
1.065617585182189941e+01
1.008489823341369629e+01
9.377839565277099609e+00
9.476818084716796875e+00
9.613812208175659180e+00
9.669539690017700195e+00
9.277618646621704102e+00
9.260924339294433594e+00
9.259397029876708984e+00
9.052100896835327148e+00
9.264470577239990234e+00
9.760941267013549805e+00
8.884289741516113281e+00
9.524806976318359375e+00
9.329708814620971680e+00
9.345461606979370117e+00
9.526782989501953125e+00
9.644390344619750977e+00
9.631169319152832031e+00
9.642643213272094727e+00
9.704365015029907227e+00
9.308430910110473633e+00
9.896517515182495117e+00
9.131615161895751953e+00
9.366303682327270508e+00
9.527806043624877930e+00
9.347786903381347656e+00
9.938546895980834961e+00
9.051316976547241211e+00
9.498091459274291992e+00
9.426492214202880859e+00
9.333647966384887695e+00
9.376735687255859375e+00
9.762953281402587891e+00
9.934261798858642578e+00
9.818249702453613281e+00
9.483679294586181641e+00
9.484739542007446289e+00
9.492099761962890625e+00
9.652704477310180664e+00
9.506925582885742188e+00
9.583296298980712891e+00
9.651686668395996094e+00
9.822111368179321289e+00
9.587418794631958008e+00
9.543844223022460938e+00
9.283474683761596680e+00
9.793565750122070312e+00
9.118669986724853516e+00
9.071637868881225586e+00
9.313613891601562500e+00
9.350926637649536133e+00
9.886616468429565430e+00
9.642382860183715820e+00
9.664397954940795898e+00
9.739198207855224609e+00
9.299669981002807617e+00
9.429688930511474609e+00
9.489071369171142578e+00
9.298311710357666016e+00
9.096647977828979492e+00
9.343808412551879883e+00
9.258830070495605469e+00
9.617285490036010742e+00
9.747362852096557617e+00
9.613807439804077148e+00
9.581308364868164062e+00
9.397057771682739258e+00
9.695069551467895508e+00
9.640791654586791992e+00
9.856893539428710938e+00
9.580558776855468750e+00
9.727613687515258789e+00
9.517556428909301758e+00
9.644839286804199219e+00
9.217448234558105469e+00
9.676136493682861328e+00
9.762844562530517578e+00
9.730426073074340820e+00
9.287794589996337891e+00
9.175468444824218750e+00
9.516917943954467773e+00
9.900924444198608398e+00
9.496803283691406250e+00
9.603870153427124023e+00
9.308919668197631836e+00
9.609687805175781250e+00
9.658557891845703125e+00
9.264295101165771484e+00
9.764573335647583008e+00
9.310023069381713867e+00
9.364550828933715820e+00
9.489957332611083984e+00
9.707325220108032227e+00
9.965083837509155273e+00
9.822796583175659180e+00
9.208148241043090820e+00
9.032850027084350586e+00
9.655009984970092773e+00
9.393142223358154297e+00
9.657627582550048828e+00
9.332453966140747070e+00
9.644246101379394531e+00
9.395182132720947266e+00
9.778014659881591797e+00
1.012129116058349609e+01
9.494670152664184570e+00
9.791204452514648438e+00
9.386799097061157227e+00
9.559409618377685547e+00
9.659133195877075195e+00
9.622647762298583984e+00
9.438841819763183594e+00
9.538739919662475586e+00
9.233079671859741211e+00
9.671659231185913086e+00
9.392077445983886719e+00
9.335137605667114258e+00
9.915402412414550781e+00
9.594945192337036133e+00
9.140077352523803711e+00
9.446092128753662109e+00
9.555112838745117188e+00
9.988376855850219727e+00
9.479603052139282227e+00
9.433102846145629883e+00
9.194594860076904297e+00
9.928826093673706055e+00
9.598470687866210938e+00
9.813791036605834961e+00
9.456479549407958984e+00
9.460496664047241211e+00
1.024098110198974609e+01
9.509021997451782227e+00
9.539095401763916016e+00
9.658044815063476562e+00
9.344890594482421875e+00
9.835922956466674805e+00
9.826022624969482422e+00
9.372399806976318359e+00
9.622620582580566406e+00
9.640301465988159180e+00
9.645939588546752930e+00
9.964234828948974609e+00
8.966897249221801758e+00
9.929364442825317383e+00
9.400580883026123047e+00
9.445445060729980469e+00
9.448664665222167969e+00
9.676026582717895508e+00
9.712138891220092773e+00
9.138094902038574219e+00
9.711296319961547852e+00
9.059852123260498047e+00
9.939088344573974609e+00
9.442478656768798828e+00
9.556767702102661133e+00
9.777617692947387695e+00
9.427003383636474609e+00
9.384371280670166016e+00
9.472764253616333008e+00
9.648630619049072266e+00
9.609175920486450195e+00
9.211984395980834961e+00
9.283722877502441406e+00
9.520907163619995117e+00
9.587841510772705078e+00
9.829689741134643555e+00
9.657943248748779297e+00
9.436947345733642578e+00
9.391009569168090820e+00
9.394516706466674805e+00
9.637637615203857422e+00
9.880417823791503906e+00
9.473872184753417969e+00
9.573138713836669922e+00
9.477439165115356445e+00
9.583327531814575195e+00
9.521387338638305664e+00
9.816872119903564453e+00
9.566463470458984375e+00
9.633268356323242188e+00
9.286469697952270508e+00
9.475041866302490234e+00
9.378504276275634766e+00
9.495549440383911133e+00
9.442514419555664062e+00
9.903721332550048828e+00
9.893197774887084961e+00
9.469810485839843750e+00
9.737133502960205078e+00
9.438718080520629883e+00
9.109484434127807617e+00
9.323722600936889648e+00
9.648210525512695312e+00
9.350829601287841797e+00
9.838006496429443359e+00
9.565586328506469727e+00
9.252412319183349609e+00
9.235137224197387695e+00
9.672070741653442383e+00
9.881802558898925781e+00
9.199552774429321289e+00
9.670523881912231445e+00
9.795314550399780273e+00
9.475866794586181641e+00
9.737793684005737305e+00
9.885926246643066406e+00
9.126255273818969727e+00
9.708078861236572266e+00
1.131402373313903809e+01
9.544494152069091797e+00
4.544509172439575195e+00
9.609467983245849609e+00
9.500049352645874023e+00
9.632447481155395508e+00
9.497701168060302734e+00
9.574839353561401367e+00
9.374767303466796875e+00
9.646276712417602539e+00
9.324059486389160156e+00
1.007765936851501465e+01
9.319168806076049805e+00
9.340241193771362305e+00
9.387240409851074219e+00
9.582310676574707031e+00
9.454481601715087891e+00
9.803633689880371094e+00
9.495198249816894531e+00
9.817566156387329102e+00
9.325994968414306641e+00
9.638305902481079102e+00
9.301901102066040039e+00
9.681601524353027344e+00
9.392077684402465820e+00
9.064970016479492188e+00
9.269183635711669922e+00
9.465634346008300781e+00
9.602827072143554688e+00
9.436547756195068359e+00
9.290236234664916992e+00
1.023981595039367676e+01
9.461551904678344727e+00
9.336767673492431641e+00
9.380871057510375977e+00
9.295427083969116211e+00
9.735073566436767578e+00
9.687239170074462891e+00
9.557435750961303711e+00
9.321460247039794922e+00
9.584580659866333008e+00
9.726075887680053711e+00
8.769414424896240234e+00
9.584282636642456055e+00
9.278625488281250000e+00
9.621854066848754883e+00
9.767415523529052734e+00
9.497232437133789062e+00
9.666149616241455078e+00
9.644400596618652344e+00
9.812095642089843750e+00
9.467127084732055664e+00
9.804698944091796875e+00
9.277025938034057617e+00
9.347413063049316406e+00
9.502194166183471680e+00
9.629037618637084961e+00
1.001780891418457031e+01
8.994750738143920898e+00
9.614883184432983398e+00
9.257358312606811523e+00
9.389714002609252930e+00
9.343035697937011719e+00
9.714328050613403320e+00
9.861182212829589844e+00
9.855487346649169922e+00
1.066282486915588379e+01
9.432626485824584961e+00
9.661859750747680664e+00
9.368501186370849609e+00
9.295684814453125000e+00
9.497846603393554688e+00
9.651349067687988281e+00
9.653727293014526367e+00
9.558798551559448242e+00
1.034492921829223633e+01
9.540274381637573242e+00
9.723458528518676758e+00
9.123192071914672852e+00
9.294538736343383789e+00
9.385380506515502930e+00
9.274610996246337891e+00
9.862230539321899414e+00
9.788905143737792969e+00
9.661638736724853516e+00
9.797320365905761719e+00
9.563817501068115234e+00
9.228659152984619141e+00
9.283525705337524414e+00
9.286142349243164062e+00
9.185300827026367188e+00
9.162964105606079102e+00
9.384034633636474609e+00
9.590167284011840820e+00
9.707315206527709961e+00
9.846572399139404297e+00
9.397214412689208984e+00
9.442134857177734375e+00
9.592330455780029297e+00
9.720414638519287109e+00
9.794088602066040039e+00
9.787257194519042969e+00
9.496203899383544922e+00
9.620535373687744141e+00
9.649255514144897461e+00
8.956378459930419922e+00
9.689543962478637695e+00
9.892337799072265625e+00
9.685496330261230469e+00
9.514731168746948242e+00
9.278637409210205078e+00
1.178801989555358887e+01
9.833195686340332031e+00
9.525857925415039062e+00
9.661591529846191406e+00
9.537556886672973633e+00
9.663849830627441406e+00
9.769310474395751953e+00
9.573788881301879883e+00
9.463062047958374023e+00
9.720381021499633789e+00
9.361594438552856445e+00
9.512056827545166016e+00
9.689573526382446289e+00
9.886125802993774414e+00
9.556625366210937500e+00
9.398824453353881836e+00
8.924663305282592773e+00
9.641450643539428711e+00
9.451888322830200195e+00
9.808336734771728516e+00
9.240213632583618164e+00
9.325110435485839844e+00
9.070758581161499023e+00
8.976459264755249023e+00
9.657836437225341797e+00
9.476366519927978516e+00
9.852660894393920898e+00
9.417790889739990234e+00
9.516292572021484375e+00
9.669666528701782227e+00
9.497842788696289062e+00
9.210362434387207031e+00
9.081433057785034180e+00
9.400964260101318359e+00
9.670668363571166992e+00
9.502084016799926758e+00
9.546180725097656250e+00
9.820126295089721680e+00
9.738709449768066406e+00
9.205214023590087891e+00
9.178297519683837891e+00
9.602475166320800781e+00
9.752731800079345703e+00
9.323605537414550781e+00
9.566322565078735352e+00
9.461867570877075195e+00
9.772508621215820312e+00
9.512504816055297852e+00
9.541253805160522461e+00
9.354393482208251953e+00
9.468802452087402344e+00
9.539688348770141602e+00
9.394598484039306641e+00
9.224797248840332031e+00
9.762033462524414062e+00
9.409099817276000977e+00
1.001285815238952637e+01
9.741526126861572266e+00
9.365205049514770508e+00
9.361044883728027344e+00
9.439246654510498047e+00
9.391784429550170898e+00
9.763746738433837891e+00
8.898955345153808594e+00
9.798817873001098633e+00
9.418117523193359375e+00
9.448286771774291992e+00
9.607696294784545898e+00
9.806780338287353516e+00
9.691104650497436523e+00
9.330828428268432617e+00
9.758595943450927734e+00
8.907295227050781250e+00
9.769625902175903320e+00
9.296209096908569336e+00
9.246812820434570312e+00
9.606594562530517578e+00
9.130886554718017578e+00
9.327173948287963867e+00
9.250652313232421875e+00
9.382485628128051758e+00
9.535942077636718750e+00
9.317760467529296875e+00
9.317755937576293945e+00
9.621179580688476562e+00
9.596411466598510742e+00
9.874626636505126953e+00
1.043792629241943359e+01
9.453321456909179688e+00
9.340594530105590820e+00
9.476347208023071289e+00
9.614109754562377930e+00
1.008585929870605469e+01
1.221875286102294922e+01
9.445236921310424805e+00
9.451641082763671875e+00
9.382309675216674805e+00
9.408768415451049805e+00
9.761370658874511719e+00
9.582246780395507812e+00
9.442339181900024414e+00
9.641743183135986328e+00
9.846278667449951172e+00
9.539616107940673828e+00
9.534301519393920898e+00
9.524330377578735352e+00
9.736097335815429688e+00
9.500176191329956055e+00
9.301106691360473633e+00
9.671308755874633789e+00
9.475789308547973633e+00
9.120692014694213867e+00
9.172937154769897461e+00
9.693515539169311523e+00
9.217249631881713867e+00
9.795416116714477539e+00
9.560825109481811523e+00
9.301493167877197266e+00
9.218877077102661133e+00
9.829399108886718750e+00
9.492501020431518555e+00
9.224007368087768555e+00
9.497595548629760742e+00
9.945973873138427734e+00
9.356193304061889648e+00
9.676287412643432617e+00
9.680666446685791016e+00
8.932734012603759766e+00
9.550204515457153320e+00
9.424859285354614258e+00
9.404868841171264648e+00
4.571640491485595703e+00
9.554492235183715820e+00
9.587428331375122070e+00
9.456115961074829102e+00
9.506889343261718750e+00
9.580070495605468750e+00
9.488781690597534180e+00
9.811543226242065430e+00
9.240528106689453125e+00
9.904323339462280273e+00
9.523098468780517578e+00
9.194355010986328125e+00
9.390914201736450195e+00
9.499057531356811523e+00
9.385745525360107422e+00
9.408085584640502930e+00
9.354538440704345703e+00
9.695996999740600586e+00
9.422939300537109375e+00
9.584415197372436523e+00
9.273867368698120117e+00
9.790692329406738281e+00
9.465257406234741211e+00
9.409755229949951172e+00
9.448637962341308594e+00
9.297557830810546875e+00
9.461143016815185547e+00
9.356407642364501953e+00
9.217629432678222656e+00
9.947652816772460938e+00
9.568547487258911133e+00
9.526197671890258789e+00
9.739621162414550781e+00
9.509531974792480469e+00
9.572217226028442383e+00
9.504252195358276367e+00
9.476070880889892578e+00
9.366792440414428711e+00
9.405548334121704102e+00
9.630813360214233398e+00
9.136294841766357422e+00
9.550115346908569336e+00
9.414816379547119141e+00
9.320324659347534180e+00
9.756632804870605469e+00
9.727189540863037109e+00
9.605142116546630859e+00
9.767160892486572266e+00
9.655465126037597656e+00
9.418094158172607422e+00
9.786905050277709961e+00
9.355721235275268555e+00
9.122402667999267578e+00
9.479480028152465820e+00
9.527773380279541016e+00
9.990832090377807617e+00
8.738225221633911133e+00
9.420007944107055664e+00
9.197573423385620117e+00
9.538427352905273438e+00
9.348722457885742188e+00
9.534170150756835938e+00
9.624783754348754883e+00
9.434879541397094727e+00
1.012862420082092285e+01
9.451545238494873047e+00
9.581396579742431641e+00
9.311007738113403320e+00
9.322833299636840820e+00
9.567921161651611328e+00
9.590130805969238281e+00
9.624104261398315430e+00
9.670485973358154297e+00
9.403940200805664062e+00
9.424172163009643555e+00
9.949287891387939453e+00
9.283171653747558594e+00
9.416861772537231445e+00
9.395315647125244141e+00
9.119151830673217773e+00
9.803381681442260742e+00
9.585980415344238281e+00
9.627683877944946289e+00
9.650803565979003906e+00
9.431338071823120117e+00
9.250559329986572266e+00
9.386162996292114258e+00
9.320677280426025391e+00
9.024294376373291016e+00
9.075378894805908203e+00
9.278852224349975586e+00
9.549529552459716797e+00
9.523679018020629883e+00
9.634914159774780273e+00
9.559677362442016602e+00
9.507009983062744141e+00
9.544349431991577148e+00
9.751562118530273438e+00
9.788538217544555664e+00
9.607914447784423828e+00
9.466766834259033203e+00
9.509515047073364258e+00
9.759006977081298828e+00
9.406319379806518555e+00
9.639847517013549805e+00
9.824693918228149414e+00
9.748626708984375000e+00
9.705762863159179688e+00
9.233256816864013672e+00
9.531893014907836914e+00
9.830825328826904297e+00
9.464854001998901367e+00
9.652426958084106445e+00
9.732007741928100586e+00
9.681441783905029297e+00
9.584523916244506836e+00
9.559287071228027344e+00
9.621567010879516602e+00
9.293337583541870117e+00
9.342447042465209961e+00
9.721938133239746094e+00
9.655683517456054688e+00
9.832112789154052734e+00
9.677918672561645508e+00
9.091440439224243164e+00
9.065230846405029297e+00
9.742419958114624023e+00
9.018233060836791992e+00
9.769738674163818359e+00
9.548277378082275391e+00
9.548421859741210938e+00
9.245889186859130859e+00
9.181727647781372070e+00
9.407739877700805664e+00
9.511336088180541992e+00
9.933307409286499023e+00
9.412171125411987305e+00
9.669627904891967773e+00
9.763699293136596680e+00
9.483779668807983398e+00
9.225027322769165039e+00
9.242046833038330078e+00
9.340242385864257812e+00
9.565252780914306641e+00
9.349954128265380859e+00
9.472070455551147461e+00
9.885476112365722656e+00
9.691484689712524414e+00
9.343595743179321289e+00
9.540869235992431641e+00
9.693779468536376953e+00
9.842987537384033203e+00
9.304028034210205078e+00
9.421595811843872070e+00
9.412190198898315430e+00
9.848227262496948242e+00
9.540348768234252930e+00
9.700504064559936523e+00
9.354606628417968750e+00
9.504490137100219727e+00
9.541375637054443359e+00
9.458404064178466797e+00
9.202513217926025391e+00
9.516673564910888672e+00
9.446517705917358398e+00
9.803099870681762695e+00
9.818643808364868164e+00
9.377611160278320312e+00
9.456280231475830078e+00
9.119953393936157227e+00
9.282942056655883789e+00
9.644407749176025391e+00
8.969636917114257812e+00
9.927355766296386719e+00
9.580734968185424805e+00
9.389082431793212891e+00
9.488882064819335938e+00
9.814469099044799805e+00
9.858249664306640625e+00
9.078623056411743164e+00
9.617671012878417969e+00
9.128466367721557617e+00
9.994922637939453125e+00
9.382197618484497070e+00
9.534562349319458008e+00
9.688457012176513672e+00
9.215650081634521484e+00
9.280472040176391602e+00
9.508770227432250977e+00
9.461536884307861328e+00
9.644591331481933594e+00
9.251275539398193359e+00
9.387957096099853516e+00
9.421359062194824219e+00
9.661491632461547852e+00
9.939460754394531250e+00
9.568719625473022461e+00
9.546633243560791016e+00
9.260414361953735352e+00
9.494958162307739258e+00
9.673665285110473633e+00
9.815567255020141602e+00
9.422137022018432617e+00
9.361523628234863281e+00
9.389217376708984375e+00
9.809712648391723633e+00
9.483673095703125000e+00
9.837866306304931641e+00
9.615222215652465820e+00
9.346803426742553711e+00
9.327428340911865234e+00
9.596522569656372070e+00
9.354664802551269531e+00
9.616037607192993164e+00
9.774211883544921875e+00
9.786614656448364258e+00
9.615085124969482422e+00
9.451375007629394531e+00
9.754137277603149414e+00
9.428242444992065430e+00
9.107797861099243164e+00
9.280504465103149414e+00
9.695016384124755859e+00
1.090716457366943359e+01
9.760798454284667969e+00
9.586922645568847656e+00
9.670629024505615234e+00
9.386126756668090820e+00
9.841335773468017578e+00
9.848501920700073242e+00
9.128750801086425781e+00
9.311156511306762695e+00
9.783493041992187500e+00
9.458652019500732422e+00
9.805646896362304688e+00
9.952443122863769531e+00
9.094949007034301758e+00
9.499074935913085938e+00
1.017112135887145996e+01
9.750680685043334961e+00
4.616019964218139648e+00
9.782694339752197266e+00
1.002316403388977051e+01
9.566910266876220703e+00
9.413216590881347656e+00
9.542806863784790039e+00
9.389496564865112305e+00
9.785683631896972656e+00
9.158166408538818359e+00
9.885884761810302734e+00
1.062870144844055176e+01
9.545880794525146484e+00
9.635101556777954102e+00
1.005002856254577637e+01
9.382477045059204102e+00
9.625039339065551758e+00
9.337906122207641602e+00
9.713521718978881836e+00
9.323671340942382812e+00
9.629493474960327148e+00
9.650575399398803711e+00
9.634895324707031250e+00
9.394330501556396484e+00
9.172877550125122070e+00
9.470556020736694336e+00
8.768407583236694336e+00
8.769406795501708984e+00
8.661335468292236328e+00
9.353923082351684570e+00
9.916648626327514648e+00
9.520267009735107422e+00
9.516356229782104492e+00
9.622325897216796875e+00
9.547905445098876953e+00
9.848024368286132812e+00
9.639831781387329102e+00
9.516885042190551758e+00
9.201363086700439453e+00
9.258148431777954102e+00
9.682620763778686523e+00
9.015618562698364258e+00
9.684125423431396484e+00
9.475788354873657227e+00
9.346365690231323242e+00
9.501657485961914062e+00
9.630955457687377930e+00
9.616928577423095703e+00
9.712599039077758789e+00
9.785562753677368164e+00
9.605645895004272461e+00
9.733040571212768555e+00
9.383604764938354492e+00
9.174755811691284180e+00
9.485814571380615234e+00
9.565991163253784180e+00
9.979254007339477539e+00
8.926158189773559570e+00
9.394327163696289062e+00
9.408591270446777344e+00
9.412892341613769531e+00
9.494132995605468750e+00
9.939103603363037109e+00
9.779279947280883789e+00
9.672762155532836914e+00
9.580977678298950195e+00
9.337334871292114258e+00
9.588668107986450195e+00
9.964525938034057617e+00
9.717023849487304688e+00
9.634086608886718750e+00
1.049268960952758789e+01
9.796326637268066406e+00
9.407694339752197266e+00
9.553596973419189453e+00
9.547400474548339844e+00
9.835862398147583008e+00
9.145375728607177734e+00
9.375097751617431641e+00
9.310672044754028320e+00
9.352021694183349609e+00
9.812469720840454102e+00
9.537033319473266602e+00
9.676966428756713867e+00
9.774243593215942383e+00
9.380608320236206055e+00
9.174425125122070312e+00
9.453379869461059570e+00
9.397440195083618164e+00
9.065677642822265625e+00
9.372481822967529297e+00
9.181177377700805664e+00
9.729170083999633789e+00
9.710601806640625000e+00
9.735812664031982422e+00
9.434278249740600586e+00
9.568444728851318359e+00
9.842545986175537109e+00
9.488074064254760742e+00
9.708907842636108398e+00
9.741245508193969727e+00
9.636312961578369141e+00
9.509751558303833008e+00
9.742584228515625000e+00
9.125959873199462891e+00
9.718634128570556641e+00
9.697955131530761719e+00
9.955430507659912109e+00
9.544434785842895508e+00
9.316397428512573242e+00
9.430996179580688477e+00
9.978497743606567383e+00
9.606050014495849609e+00
9.721502542495727539e+00
9.606274366378784180e+00
9.574158191680908203e+00
9.471273660659790039e+00
9.648252725601196289e+00
9.516392946243286133e+00
9.143292903900146484e+00
9.310739755630493164e+00
9.401778697967529297e+00
9.810390472412109375e+00
9.936980485916137695e+00
9.565103769302368164e+00
9.144330263137817383e+00
9.043613195419311523e+00
9.660133361816406250e+00
9.231106519699096680e+00
9.775530815124511719e+00
9.463464260101318359e+00
9.832082509994506836e+00
8.975215911865234375e+00
9.225481271743774414e+00
9.581010103225708008e+00
9.506554126739501953e+00
1.004009652137756348e+01
9.315925836563110352e+00
9.489533662796020508e+00
9.587517261505126953e+00
9.752901077270507812e+00
9.249190568923950195e+00
9.604686737060546875e+00
9.360876083374023438e+00
9.562283515930175781e+00
9.134284973144531250e+00
9.392748355865478516e+00
9.806653976440429688e+00
9.394660472869873047e+00
8.942571401596069336e+00
9.206001758575439453e+00
9.318083524703979492e+00
9.719053268432617188e+00
9.597099065780639648e+00
9.587048053741455078e+00
9.126857995986938477e+00
9.647628784179687500e+00
9.594473600387573242e+00
9.719522476196289062e+00
9.394888877868652344e+00
9.597880601882934570e+00
9.554360389709472656e+00
9.439028501510620117e+00
9.233779430389404297e+00
9.766047239303588867e+00
9.423361301422119141e+00
1.000399088859558105e+01
9.865891695022583008e+00
9.475336790084838867e+00
9.318233489990234375e+00
9.487459897994995117e+00
9.334043264389038086e+00
9.657326221466064453e+00
8.900799989700317383e+00
9.893247604370117188e+00
9.450272083282470703e+00
9.623986005783081055e+00
9.554368972778320312e+00
9.906671285629272461e+00
1.032446074485778809e+01
9.042912244796752930e+00
9.536612033843994141e+00
8.980712413787841797e+00
9.853139638900756836e+00
9.492360591888427734e+00
9.637109041213989258e+00
9.837197065353393555e+00
9.391748189926147461e+00
9.625457525253295898e+00
9.562319517135620117e+00
9.491734266281127930e+00
9.618891239166259766e+00
9.353400230407714844e+00
9.091165065765380859e+00
9.681599855422973633e+00
9.570663213729858398e+00
9.687274456024169922e+00
9.466531038284301758e+00
9.316250324249267578e+00
9.212615728378295898e+00
9.514024257659912109e+00
9.797848939895629883e+00
9.904472112655639648e+00
9.450028657913208008e+00
9.403041124343872070e+00
9.501502990722656250e+00
9.835345506668090820e+00
9.662524223327636719e+00
9.985070466995239258e+00
9.487418174743652344e+00
9.518806695938110352e+00
9.517138004302978516e+00
9.588644981384277344e+00
9.235773801803588867e+00
9.589172840118408203e+00
9.649458408355712891e+00
9.781788110733032227e+00
9.790021419525146484e+00
9.349167585372924805e+00
9.717056035995483398e+00
9.602878808975219727e+00
9.142108678817749023e+00
9.261411905288696289e+00
9.670732021331787109e+00
9.233097791671752930e+00
9.670959711074829102e+00
9.633699178695678711e+00
9.552162170410156250e+00
9.191065549850463867e+00
9.826986789703369141e+00
9.514802694320678711e+00
9.081448316574096680e+00
9.316216230392456055e+00
9.861097097396850586e+00
9.531178951263427734e+00
9.888323783874511719e+00
9.714095830917358398e+00
9.032625675201416016e+00
9.676867485046386719e+00
9.589754343032836914e+00
9.801181554794311523e+00
4.664095163345336914e+00
9.577824831008911133e+00
9.442292213439941406e+00
9.599970102310180664e+00
9.664384841918945312e+00
9.720079183578491211e+00
9.393269062042236328e+00
9.784852743148803711e+00
9.289974212646484375e+00
1.000297141075134277e+01
9.515239238739013672e+00
9.559599876403808594e+00
9.557077646255493164e+00
9.660558700561523438e+00
9.472398519515991211e+00
9.698154449462890625e+00
9.391965150833129883e+00
9.665190219879150391e+00
9.299240827560424805e+00
9.666595220565795898e+00
9.485532522201538086e+00
9.767113924026489258e+00
1.056299948692321777e+01
9.444226503372192383e+00
9.524984359741210938e+00
9.389422655105590820e+00
9.647574663162231445e+00
9.591875076293945312e+00
9.405570745468139648e+00
1.003960418701171875e+01
9.488607168197631836e+00
9.590736389160156250e+00
9.474832296371459961e+00
9.340873956680297852e+00
9.681963205337524414e+00
9.694537401199340820e+00
9.678413629531860352e+00
8.919310092926025391e+00
9.332930326461791992e+00
9.737746000289916992e+00
8.860907316207885742e+00
9.415045976638793945e+00
9.464044570922851562e+00
9.323105096817016602e+00
9.590149641036987305e+00
9.713076591491699219e+00
9.445630073547363281e+00
9.781700849533081055e+00
9.738018512725830078e+00
9.405089855194091797e+00
9.549785852432250977e+00
9.400793790817260742e+00
9.066240549087524414e+00
9.537912607192993164e+00
9.523773431777954102e+00
1.008658075332641602e+01
9.128928184509277344e+00
9.382173538208007812e+00
9.384460210800170898e+00
9.344308853149414062e+00
9.515188694000244141e+00
9.496539831161499023e+00
9.847001552581787109e+00
9.597611188888549805e+00
9.192011117935180664e+00
9.161605358123779297e+00
9.355270624160766602e+00
9.324418783187866211e+00
9.249924659729003906e+00
9.634581804275512695e+00
9.444547176361083984e+00
9.712397575378417969e+00
9.419368267059326172e+00
9.320216417312622070e+00
9.451574087142944336e+00
9.514698505401611328e+00
9.339506387710571289e+00
9.399694681167602539e+00
9.225657701492309570e+00
9.331849813461303711e+00
9.660083293914794922e+00
9.615568399429321289e+00
9.443510532379150391e+00
9.426077604293823242e+00
9.151539564132690430e+00
9.307731151580810547e+00
9.355280399322509766e+00
9.318932294845581055e+00
9.041630029678344727e+00
9.108562231063842773e+00
9.297650814056396484e+00
9.482767343521118164e+00
9.687874794006347656e+00
9.580503940582275391e+00
9.291686534881591797e+00
9.632370948791503906e+00
9.683270215988159180e+00
9.438943386077880859e+00
9.625442504882812500e+00
9.710154294967651367e+00
9.368826389312744141e+00
9.457625389099121094e+00
9.530086994171142578e+00
9.123388528823852539e+00
9.709352970123291016e+00
9.790460824966430664e+00
9.687603473663330078e+00
9.155114412307739258e+00
9.157337665557861328e+00
9.507174491882324219e+00
9.904865026473999023e+00
9.502406120300292969e+00
9.651206970214843750e+00
9.501177549362182617e+00
9.703241109848022461e+00
9.570346355438232422e+00
9.396172761917114258e+00
9.575975418090820312e+00
9.308615446090698242e+00
9.069340944290161133e+00
9.347146034240722656e+00
9.465260267257690430e+00
1.000601696968078613e+01
9.530165910720825195e+00
9.043626308441162109e+00
8.942537069320678711e+00
9.725033998489379883e+00
9.167721271514892578e+00
9.899302482604980469e+00
9.052765607833862305e+00
9.357324361801147461e+00
9.125650167465209961e+00
9.186409473419189453e+00
9.396441698074340820e+00
9.438026428222656250e+00
9.973978996276855469e+00
9.475328683853149414e+00
9.424571275711059570e+00
9.548870325088500977e+00
9.520673513412475586e+00
9.268526554107666016e+00
9.079521179199218750e+00
9.469473361968994141e+00
9.733527421951293945e+00
9.407371282577514648e+00
9.261327743530273438e+00
9.762196779251098633e+00
9.501603364944458008e+00
9.100592851638793945e+00
9.339354753494262695e+00
9.508889675140380859e+00
9.697552919387817383e+00
9.368173599243164062e+00
9.412233829498291016e+00
9.115339756011962891e+00
9.626231193542480469e+00
9.603724718093872070e+00
1.073311042785644531e+01
9.440837144851684570e+00
9.559791326522827148e+00
9.686048269271850586e+00
9.489449739456176758e+00
9.144058227539062500e+00
9.565553426742553711e+00
9.393011808395385742e+00
9.988613367080688477e+00
9.629776477813720703e+00
9.241249799728393555e+00
9.268676757812500000e+00
9.150372028350830078e+00
9.233235120773315430e+00
9.638952732086181641e+00
8.696208477020263672e+00
9.678095102310180664e+00
9.236663579940795898e+00
9.226345062255859375e+00
9.441660404205322266e+00
9.631064653396606445e+00
9.517127990722656250e+00
9.339633703231811523e+00
9.483829021453857422e+00
8.850543737411499023e+00
9.674654722213745117e+00
9.251313209533691406e+00
1.007011365890502930e+01
9.523448705673217773e+00
9.277436494827270508e+00
9.248391628265380859e+00
9.539418458938598633e+00
9.608141422271728516e+00
9.477161645889282227e+00
9.184146881103515625e+00
8.971716880798339844e+00
9.767254352569580078e+00
9.554455518722534180e+00
9.651155471801757812e+00
9.572686433792114258e+00
9.533826351165771484e+00
8.989409446716308594e+00
9.280433177947998047e+00
9.555297374725341797e+00
9.762706279754638672e+00
9.470706224441528320e+00
9.389730215072631836e+00
9.676550626754760742e+00
9.309242010116577148e+00
9.146050453186035156e+00
9.758120298385620117e+00
9.569379568099975586e+00
9.629386901855468750e+00
9.518887281417846680e+00
9.380532741546630859e+00
9.403575897216796875e+00
9.378327608108520508e+00
9.503255844116210938e+00
9.633994102478027344e+00
9.589902639389038086e+00
9.175873994827270508e+00
9.561806440353393555e+00
9.345767021179199219e+00
8.957129716873168945e+00
9.344305038452148438e+00
9.714679241180419922e+00
9.340163230895996094e+00
9.890277147293090820e+00
9.336665153503417969e+00
9.225980520248413086e+00
9.342145442962646484e+00
9.719669580459594727e+00
9.451044559478759766e+00
9.102380275726318359e+00
9.406451940536499023e+00
9.720681190490722656e+00
9.360591173171997070e+00
9.789486646652221680e+00
9.594135999679565430e+00
8.975311756134033203e+00
9.185649633407592773e+00
9.872357368469238281e+00
9.623303651809692383e+00
4.538812637329101562e+00
9.733492851257324219e+00
9.518027782440185547e+00
9.343704223632812500e+00
9.597861051559448242e+00
9.374657630920410156e+00
9.521500825881958008e+00
9.816645622253417969e+00
9.196383953094482422e+00
9.968416690826416016e+00
9.475620269775390625e+00
9.446202516555786133e+00
9.644000291824340820e+00
9.375703573226928711e+00
9.397785425186157227e+00
9.614531993865966797e+00
9.435922145843505859e+00
9.724189519882202148e+00
9.343665838241577148e+00
9.537574529647827148e+00
9.474710464477539062e+00
9.821551084518432617e+00
1.003758859634399414e+01
9.127444982528686523e+00
9.657381296157836914e+00
9.394573688507080078e+00
9.366123914718627930e+00
9.331104040145874023e+00
9.296370029449462891e+00
9.913006782531738281e+00
9.446736335754394531e+00
9.470092773437500000e+00
9.462011814117431641e+00
9.373815774917602539e+00
9.861214160919189453e+00
9.599719047546386719e+00
9.318682432174682617e+00
9.104812383651733398e+00
9.265908479690551758e+00
9.397930383682250977e+00
8.843427419662475586e+00
9.442517280578613281e+00
9.102946996688842773e+00
9.307913064956665039e+00
9.583544731140136719e+00
9.743897438049316406e+00
9.537335634231567383e+00
9.573372364044189453e+00
9.626929044723510742e+00
9.260629892349243164e+00
9.690732002258300781e+00
9.446048974990844727e+00
9.262383222579956055e+00
9.555917501449584961e+00
9.380059957504272461e+00
9.773712396621704102e+00
8.894015550613403320e+00
9.378327846527099609e+00
9.115940332412719727e+00
9.301524400711059570e+00
9.267992496490478516e+00
9.496651649475097656e+00
9.689431905746459961e+00
9.528248548507690430e+00
9.381783246994018555e+00
9.088366985321044922e+00
9.516214609146118164e+00
9.261480093002319336e+00
9.367352724075317383e+00
9.462878704071044922e+00
9.572983980178833008e+00
9.685377359390258789e+00
9.557772397994995117e+00
8.830747365951538086e+00
8.830093383789062500e+00
9.163862705230712891e+00
9.073241233825683594e+00
9.105615615844726562e+00
9.362699031829833984e+00
9.242736101150512695e+00
9.826114416122436523e+00
9.587776899337768555e+00
9.392404079437255859e+00
9.463742256164550781e+00
9.197247505187988281e+00
9.327355623245239258e+00
9.459957122802734375e+00
9.316335916519165039e+00
8.970036506652832031e+00
8.969684839248657227e+00
9.091231346130371094e+00
9.489038467407226562e+00
9.620617628097534180e+00
9.610250473022460938e+00
9.288365125656127930e+00
9.559214115142822266e+00
9.609572410583496094e+00
9.537272453308105469e+00
9.566244840621948242e+00
9.355178833007812500e+00
9.338032245635986328e+00
9.591386556625366211e+00
9.575050115585327148e+00
8.959981203079223633e+00
9.580447435379028320e+00
9.725126981735229492e+00
9.593595743179321289e+00
9.392140150070190430e+00
9.158199548721313477e+00
9.584530591964721680e+00
9.831977605819702148e+00
9.692744016647338867e+00
9.790804624557495117e+00
9.125896215438842773e+00
9.420191764831542969e+00
9.788154840469360352e+00
9.293025016784667969e+00
9.604035139083862305e+00
9.065150022506713867e+00
8.911953449249267578e+00
9.383191347122192383e+00
9.376709461212158203e+00
9.801987409591674805e+00
9.509425163269042969e+00
9.042136907577514648e+00
8.934044122695922852e+00
9.588257312774658203e+00
9.283121109008789062e+00
9.456788063049316406e+00
9.083940267562866211e+00
9.297799348831176758e+00
8.868565082550048828e+00
9.011207580566406250e+00
9.649464607238769531e+00
9.586694955825805664e+00
9.922187328338623047e+00
9.252810478210449219e+00
9.580795526504516602e+00
9.650554418563842773e+00
1.003242850303649902e+01
9.366731166839599609e+00
9.303947925567626953e+00
9.287255287170410156e+00
9.511436462402343750e+00
9.325595378875732422e+00
9.192170619964599609e+00
9.665851593017578125e+00
9.285519123077392578e+00
9.245802402496337891e+00
9.496144771575927734e+00
9.645099878311157227e+00
9.873115539550781250e+00
9.297630548477172852e+00
9.565871000289916992e+00
9.007584810256958008e+00
9.621496677398681641e+00
9.337136983871459961e+00
9.823451995849609375e+00
9.189654827117919922e+00
9.321145534515380859e+00
9.494143009185791016e+00
9.371470451354980469e+00
9.452633380889892578e+00
9.655613660812377930e+00
9.289656162261962891e+00
9.777531862258911133e+00
9.686023712158203125e+00
9.042798519134521484e+00
9.364007711410522461e+00
1.074697613716125488e+01
9.429162263870239258e+00
9.790021419525146484e+00
8.817465066909790039e+00
9.681742668151855469e+00
9.189834117889404297e+00
9.512759208679199219e+00
9.455729961395263672e+00
9.802918434143066406e+00
9.536921977996826172e+00
9.251145362854003906e+00
9.427927970886230469e+00
9.137638568878173828e+00
9.748939514160156250e+00
9.459070682525634766e+00
9.594093561172485352e+00
9.825598478317260742e+00
9.438819169998168945e+00
9.301994562149047852e+00
9.531078338623046875e+00
9.304943561553955078e+00
9.438082933425903320e+00
9.114753007888793945e+00
9.090664386749267578e+00
9.479928493499755859e+00
9.736754179000854492e+00
9.755544424057006836e+00
9.349017858505249023e+00
9.274984121322631836e+00
8.962045192718505859e+00
9.138143539428710938e+00
9.731039047241210938e+00
9.773169755935668945e+00
9.320950746536254883e+00
9.343850851058959961e+00
9.498886108398437500e+00
9.589286327362060547e+00
9.417474746704101562e+00
1.002135610580444336e+01
9.520327806472778320e+00
9.274289608001708984e+00
9.195089101791381836e+00
9.628277778625488281e+00
9.150314569473266602e+00
9.361334800720214844e+00
1.122980856895446777e+01
9.621289253234863281e+00
9.467349529266357422e+00
9.160866260528564453e+00
9.593187808990478516e+00
9.414674043655395508e+00
9.031618833541870117e+00
9.071968555450439453e+00
9.642970800399780273e+00
9.236755371093750000e+00
9.860966205596923828e+00
9.418184757232666016e+00
9.274771928787231445e+00
9.038469552993774414e+00
9.530325174331665039e+00
9.453086853027343750e+00
9.102835178375244141e+00
9.199229001998901367e+00
9.711514711380004883e+00
9.256091356277465820e+00
9.853105306625366211e+00
9.869183540344238281e+00
9.254534244537353516e+00
9.576776266098022461e+00
9.427346467971801758e+00
9.593176364898681641e+00
4.579020261764526367e+00
9.559832572937011719e+00
9.718812942504882812e+00
9.572885036468505859e+00
9.570822000503540039e+00
9.373884677886962891e+00
9.324667930603027344e+00
9.418746948242187500e+00
9.090306043624877930e+00
9.771910429000854492e+00
9.585085153579711914e+00
9.506144046783447266e+00
9.431304454803466797e+00
9.419927120208740234e+00
9.278088331222534180e+00
9.470023632049560547e+00
9.195562601089477539e+00
9.699947357177734375e+00
9.436365604400634766e+00
9.565164089202880859e+00
9.220870494842529297e+00
9.852432012557983398e+00
9.573131322860717773e+00
9.176652431488037109e+00
9.448096036911010742e+00
9.454489469528198242e+00
9.655959129333496094e+00
9.667700529098510742e+00
9.294849872589111328e+00
9.965808629989624023e+00
9.625259637832641602e+00
9.316774129867553711e+00
9.445390701293945312e+00
9.403173923492431641e+00
9.535006999969482422e+00
9.697625160217285156e+00
9.578925848007202148e+00
9.100752115249633789e+00
9.315063714981079102e+00
9.795593738555908203e+00
8.912392377853393555e+00
9.672496318817138672e+00
9.432309150695800781e+00
9.480913877487182617e+00
9.469479084014892578e+00
9.652710914611816406e+00
9.400254726409912109e+00
9.593803882598876953e+00
9.355686426162719727e+00
1.022055077552795410e+01
9.706748485565185547e+00
9.405436038970947266e+00
9.178550481796264648e+00
9.599180221557617188e+00
9.545776128768920898e+00
1.120625114440917969e+01
8.975265502929687500e+00
9.239272356033325195e+00
9.252325057983398438e+00
9.307575702667236328e+00
9.411300420761108398e+00
9.399636507034301758e+00
9.666603803634643555e+00
9.567173480987548828e+00
9.635473012924194336e+00
9.350729227066040039e+00
9.361241817474365234e+00
9.218132019042968750e+00
9.170668363571166992e+00
9.535926342010498047e+00
9.478475093841552734e+00
9.592204809188842773e+00
9.495132684707641602e+00
9.505955219268798828e+00
9.293264389038085938e+00
9.586581707000732422e+00
9.190778493881225586e+00
9.330986022949218750e+00
9.274909257888793945e+00
9.200553417205810547e+00
9.827695131301879883e+00
9.525552988052368164e+00
9.656831979751586914e+00
9.378401756286621094e+00
9.188813924789428711e+00
9.337215900421142578e+00
9.212194204330444336e+00
9.226406097412109375e+00
8.797713041305541992e+00
8.861863374710083008e+00
8.960099220275878906e+00
9.592366218566894531e+00
9.630757331848144531e+00
9.851084709167480469e+00
9.301626205444335938e+00
9.488125085830688477e+00
9.549863100051879883e+00
9.481863498687744141e+00
9.801543235778808594e+00
9.532175540924072266e+00
9.482249975204467773e+00
9.471436500549316406e+00
9.522859334945678711e+00
9.094435453414916992e+00
9.711128711700439453e+00
9.576666355133056641e+00
9.871515274047851562e+00
9.446235418319702148e+00
9.378414392471313477e+00
9.605729579925537109e+00
9.795655250549316406e+00
9.537437677383422852e+00
9.740508556365966797e+00
9.216052532196044922e+00
9.364736557006835938e+00
9.506682634353637695e+00
9.427244186401367188e+00
9.593686103820800781e+00
9.201343536376953125e+00
9.274555683135986328e+00
9.342314481735229492e+00
9.873303651809692383e+00
9.953148603439331055e+00
9.443110466003417969e+00
9.063597917556762695e+00
8.860460281372070312e+00
9.794400215148925781e+00
9.291240453720092773e+00
9.846291542053222656e+00
9.094986915588378906e+00
9.294908285140991211e+00
8.990533590316772461e+00
9.176094770431518555e+00
9.432483196258544922e+00
9.535097837448120117e+00
9.808007001876831055e+00
9.192011117935180664e+00
9.251513481140136719e+00
9.299994945526123047e+00
9.774810314178466797e+00
9.124395847320556641e+00
9.075191259384155273e+00
9.456679821014404297e+00
9.672482252120971680e+00
9.462101459503173828e+00
9.278331279754638672e+00
9.696770191192626953e+00
9.514790534973144531e+00
9.131833791732788086e+00
9.271190404891967773e+00
9.393669366836547852e+00
9.904498100280761719e+00
9.073813676834106445e+00
9.297652959823608398e+00
9.236822605133056641e+00
9.619945049285888672e+00
9.521314382553100586e+00
9.808951377868652344e+00
9.291264533996582031e+00
9.513235807418823242e+00
9.577696084976196289e+00
9.109862565994262695e+00
9.230216026306152344e+00
9.524934053421020508e+00
9.308649063110351562e+00
9.790743589401245117e+00
9.580244064331054688e+00
9.239879131317138672e+00
9.275826692581176758e+00
9.280252456665039062e+00
9.387428760528564453e+00
9.641378164291381836e+00
8.841797590255737305e+00
9.609097003936767578e+00
9.350637435913085938e+00
9.229964733123779297e+00
9.489671707153320312e+00
9.760602235794067383e+00
9.583407640457153320e+00
9.130921840667724609e+00
9.443497419357299805e+00
9.048981428146362305e+00
9.730154991149902344e+00
9.403825521469116211e+00
9.264330387115478516e+00
9.661737442016601562e+00
8.994768381118774414e+00
9.437503337860107422e+00
9.495139598846435547e+00
9.371135234832763672e+00
9.523812294006347656e+00
9.317118167877197266e+00
9.157312631607055664e+00
9.218864917755126953e+00
9.559415340423583984e+00
9.621432542800903320e+00
9.397717714309692383e+00
9.452128171920776367e+00
9.205753803253173828e+00
9.088111877441406250e+00
9.590038776397705078e+00
9.575013875961303711e+00
9.384621858596801758e+00
9.265468835830688477e+00
9.322347879409790039e+00
9.570246696472167969e+00
9.516687154769897461e+00
9.970939159393310547e+00
9.647433280944824219e+00
9.589882612228393555e+00
9.463000774383544922e+00
9.584853649139404297e+00
9.171533346176147461e+00
9.611443519592285156e+00
9.595600128173828125e+00
9.750430822372436523e+00
9.529218912124633789e+00
9.257671356201171875e+00
9.569723844528198242e+00
9.461153030395507812e+00
9.270491123199462891e+00
9.037044048309326172e+00
9.424655675888061523e+00
9.290810823440551758e+00
9.721556425094604492e+00
9.466763257980346680e+00
9.508725166320800781e+00
9.104467868804931641e+00
9.777295351028442383e+00
9.396201848983764648e+00
9.102039575576782227e+00
9.226054668426513672e+00
9.839066982269287109e+00
9.363705158233642578e+00
9.795373678207397461e+00
1.027753591537475586e+01
8.752646207809448242e+00
9.438451528549194336e+00
9.362471342086791992e+00
9.690497875213623047e+00
4.420224905014038086e+00
9.500753879547119141e+00
9.683942079544067383e+00
9.138212442398071289e+00
9.669365882873535156e+00
9.533580303192138672e+00
9.509810924530029297e+00
9.518936395645141602e+00
9.143732786178588867e+00
9.721675157546997070e+00
9.579435825347900391e+00
9.498808860778808594e+00
9.393879413604736328e+00
9.363954067230224609e+00
9.355044364929199219e+00
9.499379396438598633e+00
9.400308370590209961e+00
9.648927450180053711e+00
9.216048002243041992e+00
9.713697910308837891e+00
9.438443422317504883e+00
9.679943561553955078e+00
9.244856357574462891e+00
9.161710023880004883e+00
9.212805271148681641e+00
9.341792821884155273e+00
9.346938371658325195e+00
9.355876684188842773e+00
9.545066118240356445e+00
9.935583591461181641e+00
9.501586198806762695e+00
9.423143625259399414e+00
9.500319242477416992e+00
9.423104047775268555e+00
9.641398429870605469e+00
9.754672050476074219e+00
9.747185945510864258e+00
9.183098554611206055e+00
9.333677053451538086e+00
9.672632455825805664e+00
8.909151315689086914e+00
9.403793811798095703e+00
9.408463716506958008e+00
9.784262895584106445e+00
9.186444282531738281e+00
9.440738916397094727e+00
9.478389501571655273e+00
9.813738822937011719e+00
9.690112113952636719e+00
9.368681192398071289e+00
9.771392822265625000e+00
9.468446731567382812e+00
9.225276947021484375e+00
9.313656330108642578e+00
9.379109859466552734e+00
9.876833677291870117e+00
8.800216913223266602e+00
9.210245847702026367e+00
9.232723474502563477e+00
9.407007217407226562e+00
9.244865417480468750e+00
9.521175861358642578e+00
9.688799858093261719e+00
9.475784301757812500e+00
9.529524803161621094e+00
9.669387340545654297e+00
9.362746953964233398e+00
9.299592494964599609e+00
9.484722137451171875e+00
9.568607568740844727e+00
9.666159391403198242e+00
9.620916128158569336e+00
9.665016412734985352e+00
9.484414815902709961e+00
9.618574619293212891e+00
9.651870250701904297e+00
9.147480249404907227e+00
9.235927104949951172e+00
9.399074077606201172e+00
9.201602697372436523e+00
9.550191879272460938e+00
9.613942384719848633e+00
1.070235776901245117e+01
9.566560268402099609e+00
9.334416866302490234e+00
9.197819471359252930e+00
9.443831682205200195e+00
9.209230899810791016e+00
8.938343524932861328e+00
9.268927097320556641e+00
9.061111211776733398e+00
9.668702125549316406e+00
9.707858562469482422e+00
9.809544324874877930e+00
9.424371242523193359e+00
9.651969194412231445e+00
9.610095024108886719e+00
9.496808052062988281e+00
9.679332971572875977e+00
9.455146074295043945e+00
9.302131414413452148e+00
9.449934005737304688e+00
9.723179101943969727e+00
9.125427007675170898e+00
9.622273921966552734e+00
9.802073717117309570e+00
9.417105197906494141e+00
9.429334640502929688e+00
9.298853158950805664e+00
9.211990118026733398e+00
9.730637311935424805e+00
9.525920152664184570e+00
9.601775884628295898e+00
9.492541790008544922e+00
9.712262868881225586e+00
9.486460685729980469e+00
9.419543504714965820e+00
9.654671430587768555e+00
9.247800588607788086e+00
9.234024524688720703e+00
9.296596050262451172e+00
9.735396862030029297e+00
9.979518175125122070e+00
9.439512252807617188e+00
9.001718044281005859e+00
8.905982494354248047e+00
9.553442955017089844e+00
9.373936176300048828e+00
9.742199182510375977e+00
9.352495193481445312e+00
9.356633901596069336e+00
9.118040800094604492e+00
9.147616863250732422e+00
9.255998849868774414e+00
9.244213819503784180e+00
9.937506437301635742e+00
9.373859882354736328e+00
9.612111806869506836e+00
9.592051744461059570e+00
9.370712995529174805e+00
9.191078662872314453e+00
9.282535791397094727e+00
9.230705738067626953e+00
9.450575828552246094e+00
9.365505456924438477e+00
9.223822832107543945e+00
9.805838584899902344e+00
9.599382162094116211e+00
9.110177755355834961e+00
9.200138568878173828e+00
9.564244508743286133e+00
9.789865970611572266e+00
8.976366519927978516e+00
9.155950069427490234e+00
8.941942453384399414e+00
9.525612115859985352e+00
9.429854631423950195e+00
9.595757007598876953e+00
9.265701055526733398e+00
9.546992063522338867e+00
9.614137411117553711e+00
9.160663127899169922e+00
9.267717599868774414e+00
9.666131258010864258e+00
9.283674955368041992e+00
1.006182575225830078e+01
9.826987266540527344e+00
9.199347019195556641e+00
9.370112657546997070e+00
9.274992227554321289e+00
9.193858861923217773e+00
9.430479049682617188e+00
8.666039705276489258e+00
9.641755342483520508e+00
9.135708332061767578e+00
1.014020514488220215e+01
9.509401321411132812e+00
9.658231258392333984e+00
9.591797351837158203e+00
9.214854955673217773e+00
9.672209739685058594e+00
8.930134773254394531e+00
9.781307935714721680e+00
9.405184745788574219e+00
9.300165176391601562e+00
9.520051479339599609e+00
8.945270061492919922e+00
9.393323659896850586e+00
9.356757164001464844e+00
9.689885377883911133e+00
9.573167562484741211e+00
9.258016824722290039e+00
8.891634464263916016e+00
9.357221841812133789e+00
9.451562643051147461e+00
9.651143074035644531e+00
9.510825634002685547e+00
9.346239328384399414e+00
9.088461637496948242e+00
9.191316843032836914e+00
9.615600109100341797e+00
9.631572723388671875e+00
9.319014310836791992e+00
9.391779661178588867e+00
9.396612405776977539e+00
9.421852350234985352e+00
9.268101930618286133e+00
9.776543140411376953e+00
9.395854473114013672e+00
9.389287710189819336e+00
9.301827192306518555e+00
9.349859237670898438e+00
9.197829008102416992e+00
9.308929204940795898e+00
9.588636159896850586e+00
9.637344121932983398e+00
9.562351942062377930e+00
9.270870447158813477e+00
9.710847616195678711e+00
9.211003780364990234e+00
8.896011590957641602e+00
9.186106920242309570e+00
9.524451732635498047e+00
9.219396829605102539e+00
9.842494964599609375e+00
9.374859094619750977e+00
9.474550724029541016e+00
9.119752407073974609e+00
9.614668846130371094e+00
9.434223413467407227e+00
9.004679441452026367e+00
9.293816566467285156e+00
9.768249273300170898e+00
9.359287977218627930e+00
9.760481595993041992e+00
9.925458431243896484e+00
8.920134544372558594e+00
9.518413305282592773e+00
9.321599960327148438e+00
9.507361888885498047e+00
4.665429830551147461e+00
