1.581049394607543945e+01
1.551218485832214355e+01
1.473944568634033203e+01
1.439627051353454590e+01
1.525579667091369629e+01
1.546978998184204102e+01
1.569105100631713867e+01
1.562931132316589355e+01
1.480319190025329590e+01
1.573811411857604980e+01
1.583971548080444336e+01
1.520330119132995605e+01
1.542684483528137207e+01
1.558641958236694336e+01
1.490354847908020020e+01
1.517251086235046387e+01
1.552393245697021484e+01
1.508832001686096191e+01
1.504951262474060059e+01
1.534930253028869629e+01
1.495633125305175781e+01
1.484443712234497070e+01
1.535837912559509277e+01
1.432657551765441895e+01
1.444080877304077148e+01
1.512017798423767090e+01
1.363167023658752441e+01
1.461613273620605469e+01
1.441814041137695312e+01
1.495522952079772949e+01
1.440362763404846191e+01
1.438248801231384277e+01
1.433829998970031738e+01
1.468328499794006348e+01
1.502479481697082520e+01
1.504428958892822266e+01
1.334823107719421387e+01
1.359402632713317871e+01
1.404346084594726562e+01
1.493366765975952148e+01
1.420777606964111328e+01
1.442640948295593262e+01
1.406155276298522949e+01
1.472358274459838867e+01
1.440024304389953613e+01
1.469910335540771484e+01
1.374555206298828125e+01
1.265668344497680664e+01
1.429884505271911621e+01
1.469225168228149414e+01
1.316797423362731934e+01
1.433019328117370605e+01
1.474436378479003906e+01
1.431923580169677734e+01
1.436440992355346680e+01
1.445256805419921875e+01
1.430512380599975586e+01
1.310878372192382812e+01
1.480569291114807129e+01
1.488301014900207520e+01
1.414832568168640137e+01
1.410365271568298340e+01
1.469031643867492676e+01
1.375811100006103516e+01
1.471055936813354492e+01
1.411037945747375488e+01
1.420894670486450195e+01
1.452101087570190430e+01
1.482395172119140625e+01
1.412400746345520020e+01
1.393894171714782715e+01
1.453154206275939941e+01
1.459849834442138672e+01
1.414528775215148926e+01
1.467141675949096680e+01
1.415092182159423828e+01
1.421213722229003906e+01
1.479814028739929199e+01
1.337889122962951660e+01
1.406379055976867676e+01
1.376668882369995117e+01
1.459162402153015137e+01
1.432027387619018555e+01
1.468801999092102051e+01
1.355091810226440430e+01
1.418268775939941406e+01
1.411689710617065430e+01
1.431822752952575684e+01
1.438836407661437988e+01
1.461315441131591797e+01
1.453109383583068848e+01
1.436049580574035645e+01
1.463398981094360352e+01
1.443165183067321777e+01
1.421441650390625000e+01
1.311452054977416992e+01
1.419134902954101562e+01
1.301880645751953125e+01
1.397443819046020508e+01
1.452859425544738770e+01
1.412354540824890137e+01
1.321999406814575195e+01
1.379778552055358887e+01
1.424919223785400391e+01
1.395853972434997559e+01
1.477428627014160156e+01
1.453587508201599121e+01
1.410742712020874023e+01
1.399684762954711914e+01
1.532352161407470703e+01
1.353150939941406250e+01
1.444041824340820312e+01
1.324422478675842285e+01
1.443158745765686035e+01
1.438466024398803711e+01
1.385182595252990723e+01
1.463588547706604004e+01
1.376909136772155762e+01
1.426042580604553223e+01
1.469486951828002930e+01
1.454083037376403809e+01
1.490887951850891113e+01
1.408903574943542480e+01
1.393569040298461914e+01
1.456873917579650879e+01
1.450391197204589844e+01
1.294716835021972656e+01
1.356872153282165527e+01
1.471514606475830078e+01
1.450397372245788574e+01
1.297157430648803711e+01
1.284384965896606445e+01
1.406070065498352051e+01
1.439201712608337402e+01
1.390409445762634277e+01
1.398193001747131348e+01
1.461378979682922363e+01
1.429702091217041016e+01
1.415352678298950195e+01
1.468211960792541504e+01
1.411558079719543457e+01
1.430562496185302734e+01
1.370862889289855957e+01
1.491330051422119141e+01
1.422475409507751465e+01
1.475113439559936523e+01
1.331223368644714355e+01
1.483515858650207520e+01
1.346175909042358398e+01
1.385093760490417480e+01
1.427635455131530762e+01
1.379194712638854980e+01
1.474553751945495605e+01
1.364257335662841797e+01
1.271690893173217773e+01
1.433860325813293457e+01
1.397082924842834473e+01
1.428808045387268066e+01
1.430292797088623047e+01
1.476239585876464844e+01
1.480228281021118164e+01
1.416090059280395508e+01
1.425228881835937500e+01
1.431455802917480469e+01
1.387504148483276367e+01
1.456139063835144043e+01
1.398989915847778320e+01
1.413054227828979492e+01
1.370539808273315430e+01
1.400751900672912598e+01
1.310973811149597168e+01
1.406240582466125488e+01
1.436565351486206055e+01
1.450943350791931152e+01
1.477142167091369629e+01
1.455785250663757324e+01
1.459687376022338867e+01
1.417776942253112793e+01
1.383412337303161621e+01
1.436166858673095703e+01
1.391965007781982422e+01
1.412759280204772949e+01
1.481685495376586914e+01
1.459541583061218262e+01
1.319437623023986816e+01
1.363892197608947754e+01
1.438842821121215820e+01
1.309341669082641602e+01
1.444597387313842773e+01
1.390559148788452148e+01
1.447174501419067383e+01
1.392676424980163574e+01
1.490747761726379395e+01
1.408817315101623535e+01
1.434839606285095215e+01
1.331565332412719727e+01
1.447155380249023438e+01
1.440183568000793457e+01
1.372025799751281738e+01
1.343814373016357422e+01
1.425157904624938965e+01
1.414984226226806641e+01
1.347931385040283203e+01
1.480707597732543945e+01
1.372112965583801270e+01
1.404557371139526367e+01
1.413287401199340820e+01
1.341827797889709473e+01
1.358807301521301270e+01
1.441046833992004395e+01
1.468283843994140625e+01
1.369844985008239746e+01
1.395371699333190918e+01
1.448121833801269531e+01
1.441254162788391113e+01
1.421478700637817383e+01
1.357899093627929688e+01
1.435701990127563477e+01
1.472230410575866699e+01
1.399257683753967285e+01
1.431348323822021484e+01
1.434807920455932617e+01
1.424835085868835449e+01
1.447105622291564941e+01
1.457806658744812012e+01
1.420146536827087402e+01
1.418991947174072266e+01
1.455067515373229980e+01
1.428299188613891602e+01
1.510391592979431152e+01
1.437117147445678711e+01
1.333639192581176758e+01
1.421689558029174805e+01
1.462937164306640625e+01
1.434810805320739746e+01
1.375929760932922363e+01
1.365727329254150391e+01
1.464280080795288086e+01
1.405034971237182617e+01
1.450091218948364258e+01
1.350613951683044434e+01
1.395426440238952637e+01
1.396690583229064941e+01
1.384086728096008301e+01
1.363144683837890625e+01
1.339313602447509766e+01
1.435935711860656738e+01
1.429359006881713867e+01
1.336070990562438965e+01
1.461749196052551270e+01
1.424856376647949219e+01
1.455149579048156738e+01
1.469739031791687012e+01
1.483971476554870605e+01
1.430086922645568848e+01
1.459322857856750488e+01
1.346002531051635742e+01
1.367678236961364746e+01
1.461606574058532715e+01
1.412852072715759277e+01
1.359476566314697266e+01
1.415860366821289062e+01
1.409390735626220703e+01
1.400824189186096191e+01
1.467073178291320801e+01
1.375025820732116699e+01
1.494547367095947266e+01
1.438057804107666016e+01
1.368775916099548340e+01
1.455121350288391113e+01
1.428502798080444336e+01
1.372267389297485352e+01
1.438105750083923340e+01
1.432637095451354980e+01
1.427220535278320312e+01
1.413837099075317383e+01
1.437392807006835938e+01
1.457546663284301758e+01
1.344184064865112305e+01
1.450387668609619141e+01
1.411484217643737793e+01
1.292131066322326660e+01
1.411248469352722168e+01
1.432672190666198730e+01
1.446884274482727051e+01
1.341024923324584961e+01
1.382346057891845703e+01
1.450456237792968750e+01
1.376989603042602539e+01
1.432020974159240723e+01
1.463275766372680664e+01
1.458859443664550781e+01
1.444999170303344727e+01
1.412833023071289062e+01
1.435369062423706055e+01
1.346624755859375000e+01
1.431932926177978516e+01
1.398987293243408203e+01
1.433722281455993652e+01
1.505106925964355469e+01
1.299009561538696289e+01
1.336140942573547363e+01
1.388125300407409668e+01
1.260509872436523438e+01
1.357590627670288086e+01
1.361269235610961914e+01
1.378083014488220215e+01
1.399967694282531738e+01
1.438996481895446777e+01
1.462736773490905762e+01
1.433196544647216797e+01
1.352276206016540527e+01
1.433259105682373047e+01
1.461461114883422852e+01
1.410752844810485840e+01
1.372818922996520996e+01
1.426114654541015625e+01
1.428415226936340332e+01
1.387713837623596191e+01
1.408685469627380371e+01
1.378194379806518555e+01
1.421871948242187500e+01
1.375996041297912598e+01
1.459581017494201660e+01
1.318099594116210938e+01
1.335509467124938965e+01
1.414383864402770996e+01
1.411897635459899902e+01
1.255081319808959961e+01
1.374390745162963867e+01
1.408621883392333984e+01
1.398367643356323242e+01
1.354938101768493652e+01
1.408166027069091797e+01
1.400895619392395020e+01
1.436701297760009766e+01
1.454276394844055176e+01
1.443302083015441895e+01
1.352933335304260254e+01
1.356648445129394531e+01
1.340019845962524414e+01
1.347069001197814941e+01
1.369396018981933594e+01
1.406060504913330078e+01
1.409122037887573242e+01
1.448119878768920898e+01
1.454732370376586914e+01
1.363032960891723633e+01
1.416867303848266602e+01
1.401525640487670898e+01
1.419832777976989746e+01
1.406206226348876953e+01
1.417889857292175293e+01
1.375628185272216797e+01
1.427848720550537109e+01
1.418890619277954102e+01
1.431209540367126465e+01
1.482085561752319336e+01
1.430983328819274902e+01
1.407564830780029297e+01
1.403577375411987305e+01
1.350111031532287598e+01
1.443589591979980469e+01
1.433672475814819336e+01
1.410915422439575195e+01
1.471177363395690918e+01
1.404251265525817871e+01
1.445728921890258789e+01
1.349341225624084473e+01
1.341848826408386230e+01
1.431599330902099609e+01
1.383265590667724609e+01
1.405678248405456543e+01
1.458484339714050293e+01
1.290288829803466797e+01
1.396901869773864746e+01
1.409524536132812500e+01
1.459903550148010254e+01
1.432827520370483398e+01
1.449807095527648926e+01
1.450708913803100586e+01
1.448014688491821289e+01
1.405281972885131836e+01
1.449853396415710449e+01
1.429262447357177734e+01
1.436116170883178711e+01
1.350593781471252441e+01
1.419193816184997559e+01
1.455250620841979980e+01
1.409303712844848633e+01
1.429981660842895508e+01
1.423572444915771484e+01
1.368985319137573242e+01
1.407425475120544434e+01
1.350012826919555664e+01
1.405486631393432617e+01
1.356623172760009766e+01
1.363113403320312500e+01
1.433395719528198242e+01
1.424486041069030762e+01
1.226852107048034668e+01
1.335939168930053711e+01
1.407868146896362305e+01
1.310058665275573730e+01
1.419779396057128906e+01
1.392001080513000488e+01
1.451726317405700684e+01
1.397324061393737793e+01
1.410052394866943359e+01
1.416924643516540527e+01
1.415370941162109375e+01
1.350693678855895996e+01
1.443887448310852051e+01
1.441108989715576172e+01
1.467857646942138672e+01
1.412755107879638672e+01
1.438489603996276855e+01
1.367621040344238281e+01
1.459221816062927246e+01
1.372999668121337891e+01
1.363750505447387695e+01
1.424988079071044922e+01
1.411265492439270020e+01
1.401889061927795410e+01
1.368949079513549805e+01
1.438906645774841309e+01
1.355151510238647461e+01
1.371101522445678711e+01
1.380716443061828613e+01
1.437030911445617676e+01
1.343040204048156738e+01
1.349296951293945312e+01
1.442735528945922852e+01
1.392041635513305664e+01
1.366514730453491211e+01
1.374789094924926758e+01
1.390975451469421387e+01
1.429703545570373535e+01
1.399224138259887695e+01
1.423198676109313965e+01
1.426501226425170898e+01
1.255476140975952148e+01
1.399539828300476074e+01
1.458822035789489746e+01
1.373761796951293945e+01
1.385850620269775391e+01
1.402094507217407227e+01
1.450312590599060059e+01
1.437774562835693359e+01
1.449639630317687988e+01
1.389639806747436523e+01
1.394981956481933594e+01
1.438724660873413086e+01
1.342630863189697266e+01
1.439586424827575684e+01
1.426173496246337891e+01
1.421340703964233398e+01
1.360889959335327148e+01
1.446867990493774414e+01
1.416468811035156250e+01
1.430294442176818848e+01
1.352401328086853027e+01
1.392391800880432129e+01
1.426832413673400879e+01
1.306155633926391602e+01
1.359453654289245605e+01
1.437187147140502930e+01
1.412511038780212402e+01
1.348934674263000488e+01
1.335108065605163574e+01
1.460944771766662598e+01
1.361107277870178223e+01
1.447076296806335449e+01
1.453590726852416992e+01
1.378095173835754395e+01
1.392704725265502930e+01
1.387331509590148926e+01
1.386695194244384766e+01
1.367343211174011230e+01
1.373951411247253418e+01
1.438427591323852539e+01
1.377475976943969727e+01
1.395973920822143555e+01
1.446841716766357422e+01
1.431267094612121582e+01
1.392045831680297852e+01
1.386244106292724609e+01
1.453580522537231445e+01
1.462520194053649902e+01
1.401500368118286133e+01
1.426181077957153320e+01
1.433957409858703613e+01
1.348293304443359375e+01
1.441588139533996582e+01
1.278136110305786133e+01
1.376851630210876465e+01
1.477289605140686035e+01
1.388173127174377441e+01
1.390344762802124023e+01
1.357904958724975586e+01
1.427369594573974609e+01
1.335510492324829102e+01
1.334261274337768555e+01
1.406869912147521973e+01
1.453368878364562988e+01
1.412356829643249512e+01
1.384986329078674316e+01
1.374408030509948730e+01
1.352122235298156738e+01
1.414562368392944336e+01
1.244162321090698242e+01
1.361475872993469238e+01
1.442325115203857422e+01
1.451706171035766602e+01
1.425527167320251465e+01
1.353799772262573242e+01
1.343319749832153320e+01
1.419646501541137695e+01
1.348581933975219727e+01
1.484547901153564453e+01
1.338802123069763184e+01
1.372583675384521484e+01
1.441981387138366699e+01
1.447917342185974121e+01
1.382276892662048340e+01
1.362634158134460449e+01
1.429157185554504395e+01
1.440956044197082520e+01
1.351547813415527344e+01
1.402042198181152344e+01
1.451354312896728516e+01
1.432369160652160645e+01
1.409257674217224121e+01
1.390193724632263184e+01
1.366953372955322266e+01
1.436288309097290039e+01
1.393912386894226074e+01
1.450237822532653809e+01
1.423072147369384766e+01
1.431153368949890137e+01
1.425301742553710938e+01
1.338709807395935059e+01
1.446742868423461914e+01
1.354435539245605469e+01
1.381004190444946289e+01
1.366036653518676758e+01
1.433150124549865723e+01
1.465004253387451172e+01
1.366702461242675781e+01
1.464584970474243164e+01
1.411708760261535645e+01
1.408448004722595215e+01
1.402250742912292480e+01
1.457903695106506348e+01
1.408305764198303223e+01
1.408944344520568848e+01
1.363088035583496094e+01
1.376950263977050781e+01
1.340367197990417480e+01
1.397103953361511230e+01
1.289122319221496582e+01
1.396563410758972168e+01
1.409770965576171875e+01
1.396147942543029785e+01
1.448447966575622559e+01
1.454854488372802734e+01
1.360377788543701172e+01
1.424503803253173828e+01
1.434725069999694824e+01
1.373121619224548340e+01
1.392411780357360840e+01
1.399681639671325684e+01
1.422762417793273926e+01
1.389291763305664062e+01
1.430020093917846680e+01
1.342399454116821289e+01
1.427558469772338867e+01
1.485373425483703613e+01
1.344344115257263184e+01
1.445238780975341797e+01
1.459634566307067871e+01
1.398829293251037598e+01
1.449540424346923828e+01
1.336655187606811523e+01
1.491036105155944824e+01
1.432118892669677734e+01
1.387095832824707031e+01
1.371602392196655273e+01
1.448974728584289551e+01
1.426226186752319336e+01
1.440368270874023438e+01
1.383290266990661621e+01
1.431729435920715332e+01
1.338193607330322266e+01
1.459351348876953125e+01
1.497209715843200684e+01
1.362318038940429688e+01
1.444989538192749023e+01
1.388772153854370117e+01
1.407678437232971191e+01
1.373647046089172363e+01
1.447098660469055176e+01
1.458041954040527344e+01
1.455071425437927246e+01
1.333267045021057129e+01
1.404431319236755371e+01
1.455219268798828125e+01
1.428529620170593262e+01
1.452142333984375000e+01
1.376820158958435059e+01
1.436681127548217773e+01
1.295573163032531738e+01
1.407403945922851562e+01
1.480209612846374512e+01
1.362475395202636719e+01
1.428953456878662109e+01
1.441665768623352051e+01
1.473648452758789062e+01
1.438791847229003906e+01
1.452101588249206543e+01
1.463750123977661133e+01
1.445215535163879395e+01
1.459330248832702637e+01
1.427104759216308594e+01
1.448489451408386230e+01
1.352630805969238281e+01
1.439454317092895508e+01
1.472459983825683594e+01
1.460534286499023438e+01
1.470046997070312500e+01
1.413787412643432617e+01
1.436168479919433594e+01
1.350329279899597168e+01
1.495806097984313965e+01
1.444257783889770508e+01
1.368339896202087402e+01
1.409502172470092773e+01
1.422737979888916016e+01
1.472345638275146484e+01
1.415210866928100586e+01
1.476245379447937012e+01
1.370298147201538086e+01
1.436368298530578613e+01
1.417792868614196777e+01
1.377123403549194336e+01
1.454862594604492188e+01
1.372745752334594727e+01
1.344056653976440430e+01
1.359680962562561035e+01
1.414697718620300293e+01
1.363528037071228027e+01
1.486290478706359863e+01
1.476135444641113281e+01
1.413041329383850098e+01
1.460296201705932617e+01
1.396888065338134766e+01
1.409785556793212891e+01
1.398560810089111328e+01
1.437051439285278320e+01
1.376997613906860352e+01
1.459871172904968262e+01
1.386702370643615723e+01
1.436725950241088867e+01
1.454091739654541016e+01
1.472628927230834961e+01
1.347147798538208008e+01
1.408278274536132812e+01
1.415623974800109863e+01
1.384167289733886719e+01
1.457694244384765625e+01
1.463617086410522461e+01
1.396956920623779297e+01
1.411463046073913574e+01
1.417350292205810547e+01
1.425166082382202148e+01
1.433152270317077637e+01
1.435353946685791016e+01
1.358347821235656738e+01
1.450467967987060547e+01
1.439342379570007324e+01
1.417204475402832031e+01
1.434665536880493164e+01
1.420709824562072754e+01
1.410112524032592773e+01
1.340455341339111328e+01
1.430108809471130371e+01
1.455730295181274414e+01
1.434807252883911133e+01
1.449546813964843750e+01
1.451807188987731934e+01
1.413102269172668457e+01
1.479423832893371582e+01
1.474064397811889648e+01
1.428330183029174805e+01
1.414796829223632812e+01
1.439717507362365723e+01
1.362750577926635742e+01
1.460008597373962402e+01
1.446372461318969727e+01
1.427793312072753906e+01
1.449466109275817871e+01
1.420538115501403809e+01
1.436774277687072754e+01
1.430639815330505371e+01
1.455175423622131348e+01
1.395552277565002441e+01
1.421652817726135254e+01
1.428875541687011719e+01
1.416208243370056152e+01
1.498514556884765625e+01
1.380100607872009277e+01
1.445971918106079102e+01
1.488697004318237305e+01
1.425416874885559082e+01
1.427891612052917480e+01
1.446764206886291504e+01
1.447609949111938477e+01
1.440852737426757812e+01
1.434174990653991699e+01
1.385580015182495117e+01
1.404424023628234863e+01
1.414005947113037109e+01
1.438880753517150879e+01
1.406770467758178711e+01
1.381092929840087891e+01
1.475102758407592773e+01
1.299082922935485840e+01
1.400437474250793457e+01
1.388041496276855469e+01
1.353641200065612793e+01
1.358516812324523926e+01
1.411959052085876465e+01
1.423747897148132324e+01
1.461698198318481445e+01
1.350727462768554688e+01
1.444316148757934570e+01
1.416559028625488281e+01
1.408611726760864258e+01
1.418613982200622559e+01
1.496988916397094727e+01
1.429605174064636230e+01
1.433074617385864258e+01
1.343965458869934082e+01
1.358435034751892090e+01
1.400327301025390625e+01
1.343191003799438477e+01
1.357737970352172852e+01
1.473178672790527344e+01
1.416156816482543945e+01
1.480413532257080078e+01
1.397315263748168945e+01
1.468212151527404785e+01
1.437176966667175293e+01
1.419572257995605469e+01
1.323768663406372070e+01
1.496739888191223145e+01
1.429837608337402344e+01
1.449145841598510742e+01
1.433795404434204102e+01
1.354700660705566406e+01
1.404914283752441406e+01
1.382506966590881348e+01
1.468167519569396973e+01
1.473793244361877441e+01
1.483394908905029297e+01
1.390590810775756836e+01
1.452758121490478516e+01
1.483051848411560059e+01
1.480129814147949219e+01
1.429115724563598633e+01
1.423655939102172852e+01
1.440301775932312012e+01
1.464246368408203125e+01
1.380814003944396973e+01
1.449854326248168945e+01
1.437670993804931641e+01
1.437296605110168457e+01
1.457009983062744141e+01
1.411347579956054688e+01
1.446008944511413574e+01
1.439326429367065430e+01
1.424429678916931152e+01
1.450781965255737305e+01
1.422258138656616211e+01
1.483013367652893066e+01
1.504755544662475586e+01
1.331853008270263672e+01
1.409491872787475586e+01
1.488646554946899414e+01
1.413802146911621094e+01
1.389957880973815918e+01
1.415178227424621582e+01
1.401439690589904785e+01
1.407482457160949707e+01
1.468592143058776855e+01
1.431000518798828125e+01
1.396735215187072754e+01
1.474526953697204590e+01
1.429915642738342285e+01
1.409236264228820801e+01
1.390032768249511719e+01
1.347124838829040527e+01
1.457262945175170898e+01
1.415401840209960938e+01
1.466099047660827637e+01
1.442074680328369141e+01
1.352256107330322266e+01
1.378276801109313965e+01
1.413451933860778809e+01
1.254710769653320312e+01
1.495934081077575684e+01
1.380865716934204102e+01
1.437842702865600586e+01
1.432905888557434082e+01
1.442385506629943848e+01
1.442003273963928223e+01
1.497074174880981445e+01
1.447928905487060547e+01
1.443264436721801758e+01
1.379007005691528320e+01
1.353439903259277344e+01
1.415033292770385742e+01
1.492839193344116211e+01
1.354252696037292480e+01
1.373526692390441895e+01
1.369182705879211426e+01
1.418507599830627441e+01
1.427685284614562988e+01
1.315825963020324707e+01
1.467506146430969238e+01
1.390435910224914551e+01
1.389345788955688477e+01
1.380369544029235840e+01
1.419010543823242188e+01
1.393246102333068848e+01
1.437727952003479004e+01
1.423353791236877441e+01
1.397927069664001465e+01
1.342853474617004395e+01
1.426679468154907227e+01
1.472353625297546387e+01
1.434588646888732910e+01
1.327415037155151367e+01
1.405125951766967773e+01
1.448026156425476074e+01
1.481724214553833008e+01
1.445949769020080566e+01
1.502501273155212402e+01
1.471356177330017090e+01
1.343948650360107422e+01
1.440796828269958496e+01
1.392936491966247559e+01
1.290144491195678711e+01
1.420394992828369141e+01
1.448984527587890625e+01
1.389012503623962402e+01
1.448608303070068359e+01
1.466576576232910156e+01
1.485794043540954590e+01
1.382375836372375488e+01
1.438280344009399414e+01
1.458621525764465332e+01
1.446853351593017578e+01
1.355995607376098633e+01
1.344618344306945801e+01
1.415333056449890137e+01
1.447022294998168945e+01
1.421165347099304199e+01
1.322404003143310547e+01
1.463565087318420410e+01
1.387921452522277832e+01
1.419197297096252441e+01
1.425340819358825684e+01
1.429347658157348633e+01
1.369752860069274902e+01
1.402519249916076660e+01
1.373205041885375977e+01
1.420266604423522949e+01
1.340337324142456055e+01
1.461871886253356934e+01
1.462831091880798340e+01
1.326127147674560547e+01
1.422467732429504395e+01
1.454483866691589355e+01
1.427505397796630859e+01
1.451540136337280273e+01
1.318877625465393066e+01
1.373256635665893555e+01
1.423416018486022949e+01
1.353861641883850098e+01
1.428463792800903320e+01
1.390450429916381836e+01
1.454578161239624023e+01
1.424645948410034180e+01
1.467807722091674805e+01
1.444548463821411133e+01
1.172552824020385742e+01
1.413451647758483887e+01
1.331550621986389160e+01
1.454774451255798340e+01
1.370651531219482422e+01
1.378344798088073730e+01
1.491089105606079102e+01
1.364396023750305176e+01
1.446346879005432129e+01
1.391142988204956055e+01
1.442320942878723145e+01
1.428655385971069336e+01
1.425077080726623535e+01
1.410116624832153320e+01
1.346579384803771973e+01
1.378874778747558594e+01
1.363909912109375000e+01
1.446806573867797852e+01
1.296293067932128906e+01
1.407895112037658691e+01
1.386672663688659668e+01
1.397918868064880371e+01
1.438002181053161621e+01
1.416849708557128906e+01
1.417677927017211914e+01
1.302129793167114258e+01
1.433610677719116211e+01
1.365022134780883789e+01
1.405357575416564941e+01
1.418996047973632812e+01
1.447717523574829102e+01
1.421179938316345215e+01
1.321310853958129883e+01
1.397936820983886719e+01
1.427253866195678711e+01
1.387487816810607910e+01
1.402295637130737305e+01
1.406052374839782715e+01
1.442847800254821777e+01
1.423922848701477051e+01
1.387072253227233887e+01
1.340498709678649902e+01
1.424458384513854980e+01
1.423610138893127441e+01
1.383750891685485840e+01
1.436994338035583496e+01
1.432337403297424316e+01
1.355329561233520508e+01
1.416814565658569336e+01
1.299051094055175781e+01
1.472651553153991699e+01
1.343193721771240234e+01
1.396578121185302734e+01
1.358881950378417969e+01
1.391706681251525879e+01
1.368305683135986328e+01
1.386561727523803711e+01
1.432279133796691895e+01
1.374707245826721191e+01
1.412086033821105957e+01
1.427677059173583984e+01
1.436292695999145508e+01
1.372537326812744141e+01
1.395046877861022949e+01
1.410247874259948730e+01
1.453488183021545410e+01
1.413238668441772461e+01
1.462555336952209473e+01
1.421420764923095703e+01
1.348006463050842285e+01
1.370231533050537109e+01
1.384994792938232422e+01
1.315411734580993652e+01
1.463122010231018066e+01
1.401298403739929199e+01
1.453287863731384277e+01
1.413436722755432129e+01
1.453293299674987793e+01
1.365698647499084473e+01
1.314174127578735352e+01
1.408789181709289551e+01
1.378823065757751465e+01
1.448159027099609375e+01
1.348580694198608398e+01
1.349322247505187988e+01
1.341836810111999512e+01
1.415240073204040527e+01
1.443044996261596680e+01
1.408560585975646973e+01
1.488837623596191406e+01
1.358815312385559082e+01
1.407026314735412598e+01
1.351628780364990234e+01
1.355997538566589355e+01
1.427496862411499023e+01
1.390078115463256836e+01
1.332303404808044434e+01
1.363389205932617188e+01
1.422806143760681152e+01
1.334940338134765625e+01
1.368768548965454102e+01
1.336747145652770996e+01
1.391535210609436035e+01
1.285585165023803711e+01
1.358936762809753418e+01
1.397883892059326172e+01
1.404484772682189941e+01
1.346923041343688965e+01
1.404107546806335449e+01
1.455617666244506836e+01
1.326545715332031250e+01
1.399905610084533691e+01
1.327311754226684570e+01
1.384878897666931152e+01
1.365499877929687500e+01
1.376971530914306641e+01
1.422413730621337891e+01
1.410425853729248047e+01
1.356309556961059570e+01
1.432798862457275391e+01
1.338259339332580566e+01
1.336743664741516113e+01
1.458259129524230957e+01
1.476899242401123047e+01
1.361429834365844727e+01
1.433190584182739258e+01
1.334362149238586426e+01
1.409879326820373535e+01
1.409673023223876953e+01
1.390804076194763184e+01
1.356188583374023438e+01
1.411436748504638672e+01
1.380037808418273926e+01
1.406009268760681152e+01
1.360733175277709961e+01
1.379111146926879883e+01
1.355779695510864258e+01
1.320892286300659180e+01
1.370770978927612305e+01
1.415008115768432617e+01
1.336372208595275879e+01
1.366149616241455078e+01
1.444932031631469727e+01
1.439613509178161621e+01
1.404706215858459473e+01
1.355189108848571777e+01
1.345813465118408203e+01
1.368163967132568359e+01
1.407028675079345703e+01
1.440695095062255859e+01
1.275290226936340332e+01
1.425663399696350098e+01
1.398727679252624512e+01
1.418105983734130859e+01
1.377452468872070312e+01
