2.953072071075439453e+00
2.945805430412292480e+00
3.244290351867675781e+00
3.269295334815979004e+00
3.348038673400878906e+00
3.422961990038553726e+00
3.564046689442225802e+00
3.593178898096084595e+00
3.667518960105048187e+00
3.763928341865539373e+00
3.784993670203469218e+00
3.810472945372263442e+00
3.798696793042696473e+00
3.828929134777613985e+00
3.877659273147583185e+00
3.875860348343849182e+00
3.885686467675601552e+00
3.863445454173617843e+00
3.879360211522955737e+00
3.877256548404693692e+00
3.883241346904209745e+00
3.875020254742015613e+00
3.867126972778983873e+00
3.851938555637995254e+00
3.829251708984374947e+00
3.796891294992887023e+00
3.798768882398252167e+00
3.786814068044935144e+00
3.757785353167303555e+00
3.735424677530924331e+00
3.717070241128244579e+00
3.715310335159301758e+00
3.691769086953365253e+00
3.672198358704061860e+00
3.657027918951852197e+00
3.648832784758673675e+00
3.628582116719838879e+00
3.611084737275775947e+00
3.600026375208145613e+00
3.582619214057922274e+00
3.564341835859345053e+00
3.548876365025838364e+00
3.534006473629973666e+00
3.518029321323741687e+00
3.505503124660915848e+00
3.483297918153845707e+00
3.470573765166262259e+00
3.457296803593635559e+00
3.443788523576697624e+00
3.434456562995910733e+00
3.423971470664529448e+00
3.413224270710578434e+00
3.402960259959382672e+00
3.389132989777459137e+00
3.383439371802590134e+00
3.372024574450084078e+00
3.365783377697593171e+00
3.354562837502052197e+00
3.353783607482910156e+00
3.342980190118153949e+00
3.331088351421668925e+00
3.320114801006932570e+00
3.315213593225630362e+00
3.305368673056364059e+00
3.295420283537644490e+00
3.287524779637654770e+00
3.282818296062412600e+00
3.276493139126721577e+00
3.268156918926515608e+00
3.260759350231715814e+00
3.253419086966716112e+00
3.245516250530878555e+00
3.239099561351619361e+00
3.234389156908602292e+00
3.231278018951416087e+00
3.228022302451886816e+00
3.220958235975984074e+00
3.216931058810307498e+00
3.216949414603317958e+00
3.216399863362312317e+00
3.212533488685702210e+00
3.207933908555565594e+00
3.207384316318006245e+00
3.200361422130039823e+00
3.198269664540010382e+00
3.191337133562841988e+00
3.187435476259253608e+00
3.184257824312556995e+00
3.179815873671113735e+00
3.177721373240153024e+00
3.173157519036597041e+00
3.167109466117361105e+00
3.163755065651350229e+00
3.159073056058680606e+00
3.156074978175916090e+00
3.152850734690824996e+00
3.151426332513081796e+00
3.148416915718390108e+00
3.144636161399610330e+00
3.139288098812103467e+00
3.136035817684513560e+00
3.133427449301177337e+00
3.130893054517727592e+00
3.126596487485445497e+00
3.124295100711640849e+00
3.121648981886090191e+00
3.118095856960688916e+00
3.113102846675448898e+00
3.110805043386756896e+00
3.108349845626137586e+00
3.105154787097965219e+00
3.102533282978193974e+00
3.100221273118415777e+00
3.099798547594170728e+00
3.099770626814469132e+00
3.097856934728293599e+00
3.097525203329885013e+00
3.096121701143555782e+00
3.091672827215755870e+00
3.088910432656605920e+00
3.086940808729691899e+00
3.086715934706516062e+00
3.084544377598335885e+00
3.082751449077360206e+00
3.078836526870727397e+00
3.078575090756491939e+00
3.075354112414863117e+00
3.073961371555924416e+00
3.073438261830529594e+00
3.070923271545996869e+00
3.070830379733602289e+00
3.071600159009297837e+00
3.069122811009112883e+00
3.070454207818899661e+00
3.069749256416603345e+00
3.066929570015739070e+00
3.065725439656389995e+00
3.063666514728380363e+00
3.061123782782245950e+00
3.060430884361267090e+00
3.058848753043100555e+00
3.057282108656117714e+00
3.055478832938454570e+00
3.055061406559414383e+00
3.052450819673209192e+00
3.052575289386592505e+00
3.051110930994254566e+00
3.051268923926997889e+00
3.051522730180881382e+00
3.050011628468831226e+00
3.049549686987668373e+00
3.048960321827938635e+00
3.046714365092757504e+00
3.045018518125856222e+00
3.043595281724007062e+00
3.043946451101547712e+00
3.041031653714028060e+00
3.039706101900414570e+00
3.038058060520099968e+00
3.037029193341731936e+00
3.037151926052496176e+00
3.036332043600670882e+00
3.035843979361598333e+00
3.035241102300039184e+00
3.033039724465572462e+00
3.032456603394933392e+00
3.032227306308860726e+00
3.031976410320826876e+00
3.030592402057534773e+00
3.029706165369819182e+00
3.029865581389756368e+00
3.027030253133108584e+00
3.026319342541556878e+00
3.024897959040499185e+00
3.023663695199148904e+00
3.022119671106338501e+00
3.021487906827764913e+00
3.020839279957031831e+00
3.020423224518419048e+00
3.018383689721425345e+00
3.019341202730632112e+00
3.017698405863164623e+00
3.016385255615567917e+00
3.015557600104290525e+00
3.014140931980029858e+00
3.012604604485214388e+00
3.010308055316700759e+00
3.009055145243380913e+00
3.007273033182456867e+00
3.007090407923648012e+00
3.006692847656329715e+00
3.006420941402514924e+00
2.617286920547485352e+00
2.762878775596618652e+00
2.743351618448893081e+00
2.786879658699035645e+00
2.796120643615722656e+00
2.837221384048461914e+00
2.832549571990966797e+00
2.852611333131790161e+00
2.855507320827908035e+00
2.839856243133545011e+00
2.823111143979159188e+00
2.823365251223246108e+00
2.834199355198786741e+00
2.825385672705514217e+00
2.821623754501342951e+00
2.809415832161903381e+00
2.811717720592723069e+00
2.819763170348273285e+00
2.845393318878977063e+00
2.836645162105560392e+00
2.820309673036847986e+00
2.816253196109424817e+00
2.816151795179947737e+00
2.817279110352198135e+00
2.815062580108642631e+00
2.818501784251286502e+00
2.820751720004611496e+00
2.817384081227438664e+00
2.814958753256962432e+00
2.825020821889241418e+00
2.831368461731941455e+00
2.834665976464748383e+00
2.834566051309758805e+00
2.838948347989250554e+00
2.833452796936035245e+00
2.833376136091020570e+00
2.828955772760751941e+00
2.818132620108754871e+00
2.822249760994544499e+00
2.824026709794998258e+00
2.821874979065685629e+00
2.817832697005498765e+00
2.819136231444602902e+00
2.815499154004183602e+00
2.813358725441826635e+00
2.815067415652067861e+00
2.819952031399341141e+00
2.813297092914581299e+00
2.809061950566817512e+00
2.808304171562194806e+00
2.807508749120375846e+00
2.811893298075749392e+00
2.811433940563561773e+00
2.807064396363717407e+00
2.807529527490789434e+00
2.806778303214481962e+00
2.799812341991223974e+00
2.796778259606196748e+00
2.795503676947900917e+00
2.793895045916239273e+00
2.791863253859222738e+00
2.790769242471264455e+00
2.788322331413390032e+00
2.786245588213205338e+00
2.789317853634174060e+00
2.786963936054345226e+00
2.785853894788827390e+00
2.784025742727167518e+00
2.786891370579816396e+00
2.786397600173950106e+00
2.784341523345087666e+00
2.778942320081922546e+00
2.781523795977030922e+00
2.777889077727858869e+00
2.773510411580403456e+00
2.774580999424582917e+00
2.775834709018855762e+00
2.773947403981135373e+00
2.771996941747544518e+00
2.774596199393272400e+00
2.771531902713540330e+00
2.770452513927366578e+00
2.770187949559774765e+00
2.769764165083567153e+00
2.773671276429120258e+00
2.770183521647786140e+00
2.768705066593213804e+00
2.768680697137659408e+00
2.769157165891668715e+00
2.766657657093472000e+00
2.762917649614942128e+00
2.761920374372730969e+00
2.760246284546390871e+00
2.760165833412332681e+00
2.758954577696950849e+00
2.760052492221196641e+00
2.761370034561943854e+00
2.760895147615549661e+00
2.759707723001036950e+00
2.757568442821502597e+00
2.756397849262350874e+00
2.756014466285705566e+00
2.755022048950195312e+00
2.757009648359738829e+00
2.756493650163923004e+00
2.757848930808733279e+00
2.756692061914461700e+00
2.756925618207012985e+00
2.756735782010839575e+00
2.757753957401622547e+00
2.756802127167985450e+00
2.754302935940878605e+00
2.752729266090730764e+00
2.752612509225544013e+00
2.750681968357251872e+00
2.748837890296147002e+00
2.748521132346911422e+00
2.746088842214164050e+00
2.744887524292248582e+00
2.746772825717926025e+00
2.746945225502833932e+00
2.745658321458785078e+00
2.746515942782890463e+00
2.743864470912564357e+00
2.742788835525512781e+00
2.742191959941198132e+00
2.740345968036201008e+00
2.741107201203703880e+00
2.739157314448393610e+00
2.738449722069960401e+00
2.737735535352284533e+00
2.739383618036905776e+00
2.739267508786423555e+00
2.738644612369252496e+00
2.736877972991378360e+00
2.734960373710183745e+00
2.734050225167378834e+00
2.733574801597042470e+00
2.732614525788121806e+00
2.731917168412889563e+00
2.730596195721457065e+00
2.730109820903186879e+00
2.729845323762693621e+00
2.728407296869489684e+00
2.727764654159545721e+00
2.727118204717766670e+00
2.725484854510041188e+00
2.724469097884925528e+00
2.723726430995352388e+00
2.722946767807006729e+00
2.721026278489472983e+00
2.719536754645799359e+00
2.718483010148690315e+00
2.717274710729524756e+00
2.716409001811858293e+00
2.715764086980086311e+00
2.714563573241993044e+00
2.712797939022884908e+00
2.711809725131628657e+00
2.712235926091671079e+00
2.711395907846296804e+00
2.711723105407055634e+00
2.712175122067972399e+00
2.710954792615844156e+00
2.709365652546738001e+00
2.708675690444119155e+00
2.706574666999771228e+00
2.705401525610969138e+00
2.704256986019879516e+00
2.703610383763032754e+00
2.701750069333796134e+00
2.700875462487686729e+00
2.700117888478185346e+00
2.697745083392351528e+00
2.696890532629830695e+00
2.695732901042157792e+00
2.694800523714830476e+00
2.694322879394788206e+00
2.692123563595990365e+00
2.690854248735639942e+00
2.689887997853821933e+00
2.688726870568244109e+00
2.687831537319662623e+00
2.688255573096482554e+00
2.686689269864881435e+00
2.685321265651333889e+00
2.685144048323605759e+00
2.684961476224533961e+00
2.684572583153134406e+00
2.683870408409520181e+00
2.682409101755831138e+00
2.680579903225103866e+00
2.567641258239746094e+00
2.412343382835388184e+00
2.473169008890787612e+00
2.481569707393646240e+00
2.472506093978881658e+00
2.439443548520406235e+00
2.453739098140171659e+00
2.472968876361846924e+00
2.510611772537231445e+00
2.523708081245422452e+00
2.522313313050703609e+00
2.502608080705007065e+00
2.500768056282630436e+00
2.488346236092703556e+00
2.493511295318603604e+00
2.486451715230941772e+00
2.492480418261359798e+00
2.498154891861809723e+00
2.487934539192601324e+00
2.486577212810516357e+00
2.490894328980219008e+00
2.487781167030334473e+00
2.480437226917432625e+00
2.481215973695119370e+00
2.475467748641967614e+00
2.468663224807152279e+00
2.464603909739741638e+00
2.463219548974718176e+00
2.454911034682701221e+00
2.451217842102050959e+00
2.448116225581015382e+00
2.442522868514060974e+00
2.438079198201497544e+00
2.443397711305057118e+00
2.448947109494890473e+00
2.447696473863389954e+00
2.443883612349226464e+00
2.441518821214374579e+00
2.443672436934250847e+00
2.442308574914932251e+00
2.444927971537520062e+00
2.444363696234566952e+00
2.443209648132324219e+00
2.445687646215612077e+00
2.447364759445190607e+00
2.446560533150382799e+00
2.445977946545215165e+00
2.445374518632888794e+00
2.445160515454350758e+00
2.442642655372619487e+00
2.442841053009033203e+00
2.443738946547874935e+00
2.445787942634438661e+00
2.445116948198389206e+00
2.444833217967640415e+00
2.444814405270985258e+00
2.441153237694188238e+00
2.444474446362462583e+00
2.444810402595390730e+00
2.445128130912780584e+00
2.443655397071212931e+00
2.442114860780777441e+00
2.441479300695752475e+00
2.440170060843229294e+00
2.439053876583392899e+00
2.438415350336017084e+00
2.439865973458361204e+00
2.441298137692843984e+00
2.440555655437967264e+00
2.439547368458339083e+00
2.443867058821127536e+00
2.444689856635199554e+00
2.447077215534366967e+00
2.444434681454220382e+00
2.443409395217895685e+00
2.441049917748099762e+00
2.440727373222252083e+00
2.441412824850815788e+00
2.442607227760025257e+00
2.441172826290130438e+00
2.441326859556598450e+00
2.440545326325951336e+00
2.437588091356208686e+00
2.436907657555171358e+00
2.436385303385117496e+00
2.436951207560162036e+00
2.434361186520806797e+00
2.432345799424431743e+00
2.431110001681895838e+00
2.429513377613491620e+00
2.426066244041526598e+00
2.424073154511658945e+00
2.422484920870873193e+00
2.422851975927961643e+00
2.421616566808600268e+00
2.422644833723703872e+00
2.421596858919281114e+00
2.421549218041556095e+00
2.419358039143109540e+00
2.418389041423797625e+00
2.419546318526315076e+00
2.419998173620186765e+00
2.419442199966282736e+00
2.419583572791172976e+00
2.418939778918311578e+00
2.418065698641651107e+00
2.418159342257776068e+00
2.415480927184776139e+00
2.416716315330715403e+00
2.416066757115450603e+00
2.415199191720636129e+00
2.414947160652705538e+00
2.412826116106151275e+00
2.412265748308415780e+00
2.411073788352634750e+00
2.408916818684545103e+00
2.406949943966335770e+00
2.404434040441351339e+00
2.403499481056918796e+00
2.402896912892659387e+00
2.401530726882052047e+00
2.400850159222962521e+00
2.400498419273190187e+00
2.399018145376635935e+00
2.398860769271850657e+00
2.396175848113165863e+00
2.396194917949165948e+00
2.395663812756538391e+00
2.395322570505068249e+00
2.395176515212425805e+00
2.395723250076061017e+00
2.395212926647879659e+00
2.393335763673137162e+00
2.391580498040612124e+00
2.388744859342221805e+00
2.388188667157117084e+00
2.387915793996657765e+00
2.389010140861290044e+00
2.388175818559934882e+00
2.388306479794638282e+00
2.388690503776496055e+00
2.388593737508209802e+00
2.387791093412812593e+00
2.387685490979088776e+00
2.387276794170511085e+00
2.387573993369324743e+00
2.386113766910267664e+00
2.386754446738474922e+00
2.386066339159972127e+00
2.385899930000304980e+00
2.385567243525524184e+00
2.384566148644999384e+00
2.384388926761602079e+00
2.383364454492346240e+00
2.382497673649941916e+00
2.382140398025512695e+00
2.381138342960624765e+00
2.380450597292260273e+00
2.379678177383710569e+00
2.379095190763473422e+00
2.378860775728403265e+00
2.378412086286662674e+00
2.377756155341680611e+00
2.378082932495489299e+00
2.378646177234071679e+00
2.377381660852087464e+00
2.378171138420790420e+00
2.378578503926595200e+00
2.377076558107455106e+00
2.375468902026905749e+00
2.376345764126694071e+00
2.375646309797153855e+00
2.374688863754272461e+00
2.374929528126771494e+00
2.373370249611990612e+00
2.373138095844875561e+00
2.374295761356246093e+00
2.374151990654763011e+00
2.372826360457436223e+00
2.372541570663452060e+00
2.372341369397073851e+00
2.371940206695388742e+00
2.371112841726001008e+00
2.370914229880208612e+00
2.369971838512936024e+00
2.369586735643366193e+00
2.367140763583667873e+00
2.368037970776253776e+00
2.368013832304212585e+00
2.367099191013135595e+00
2.366136339946566913e+00
2.365941462417443741e+00
2.128253459930419922e+00
2.148071765899658203e+00
2.077287991841634263e+00
2.117159008979797363e+00
2.124320316314697088e+00
2.146530628204345703e+00
2.139781747545514978e+00
2.151700317859649658e+00
2.182881037394205581e+00
2.174123311042785556e+00
2.164422750473022461e+00
2.158180614312489976e+00
2.164503372632540223e+00
2.157520617757524573e+00
2.169592380523681641e+00
2.160589277744293213e+00
2.158306219998527897e+00
2.155876874923706055e+00
2.152972095891048987e+00
2.156799054145813077e+00
2.152615796952020766e+00
2.153536168011751961e+00
2.149503168852433088e+00
2.145914167165756226e+00
2.149099922180175870e+00
2.148942406360919488e+00
2.150276519634105377e+00
2.149140392030988611e+00
2.150647294932398257e+00
2.149186992645263583e+00
2.149223096909061770e+00
2.145159125328063965e+00
2.139856374625003888e+00
2.145258945577285026e+00
2.145160157339913720e+00
2.142899142371283538e+00
2.143016544548240976e+00
2.147274588283739405e+00
2.148934327639066222e+00
2.143588310480117887e+00
2.145721022675676881e+00
2.145020467894418026e+00
2.150845888049103483e+00
2.151791789314963399e+00
2.150844383239745916e+00
2.152596421863721687e+00
2.153780003811450516e+00
2.152867833773294937e+00
2.149721719780746554e+00
2.149428997039795064e+00
2.149971522536932245e+00
2.149873522611764898e+00
2.144495770616351216e+00
2.142059538099500671e+00
2.145403402501886436e+00
2.144556190286363684e+00
2.142682242811771776e+00
2.139599251336064878e+00
2.139232431427906977e+00
2.137290559212366770e+00
2.137578333010439202e+00
2.135691502401905861e+00
2.134134415596250722e+00
2.133753234520554543e+00
2.131318242733295065e+00
2.132251797300396490e+00
2.133591915244486881e+00
2.130278538255130361e+00
2.131527976713318839e+00
2.130492189952305271e+00
2.131018900535476046e+00
2.129869573646121506e+00
2.129056035655818579e+00
2.128952248676402981e+00
2.127435897191365388e+00
2.124747637071107587e+00
2.126546581070144271e+00
2.127314873230762959e+00
2.127248323416408127e+00
2.128268873691558927e+00
2.128357145521375671e+00
2.130073477582233643e+00
2.130523469074662835e+00
2.134916430427914680e+00
2.133906302732579974e+00
2.132051251655401103e+00
2.130239182505114126e+00
2.129554122686386108e+00
2.129449113031451457e+00
2.132147388988070880e+00
2.132707048248458914e+00
2.129978367815847040e+00
2.127636058356172200e+00
2.129617797567489479e+00
2.129934617092734683e+00
2.128675142923990737e+00
2.128102744977498961e+00
2.129035884020279656e+00
2.127380636003282532e+00
2.126135725975036639e+00
2.127626072062124063e+00
2.125539950295990632e+00
2.124554235958358461e+00
2.125782787799835205e+00
2.127651723225911340e+00
2.126809189904411035e+00
2.125732814040139473e+00
2.125522194085297745e+00
2.126110649983817158e+00
2.127857177907770403e+00
2.128806644731813691e+00
2.128936126828193665e+00
2.129382504826098366e+00
2.129075092181824669e+00
2.130372491090194220e+00
2.128571003675460815e+00
2.127936123782752986e+00
2.129055238376229564e+00
2.127154175974741879e+00
2.127777798970540424e+00
2.128082121699309326e+00
2.128029442224346202e+00
2.126492674757794799e+00
2.128042494097063475e+00
2.127540493011474521e+00
2.127799764512077196e+00
2.124311846072279408e+00
2.123724219389259815e+00
2.123368826023368072e+00
2.123235032191643334e+00
2.122677338032322059e+00
2.122379388773079967e+00
2.121944435557028275e+00
2.120454475950838802e+00
2.119262221124436962e+00
2.118783438030411137e+00
2.118702020958392218e+00
2.118068538714146243e+00
2.118584517094728614e+00
2.118022095305578834e+00
2.117278248705762422e+00
2.116784675860069243e+00
2.117177468913418625e+00
2.116540855003727906e+00
2.116814698021987518e+00
2.117261422007051141e+00
2.116723851281769431e+00
2.115933857254079786e+00
2.115699951280683333e+00
2.114953326384226617e+00
2.113960250323971390e+00
2.113826924248745520e+00
2.113619720234590549e+00
2.113719152165697945e+00
2.113489044866254218e+00
2.112189560364454266e+00
2.112180219334401698e+00
2.111376560941527369e+00
2.110846160342858102e+00
2.110040923207998187e+00
2.109313457648946510e+00
2.109086390630698471e+00
2.109079449454699606e+00
2.108130638919225586e+00
2.109235356793258909e+00
2.108788055827818919e+00
2.109087910480841987e+00
2.109536685404323375e+00
2.109255028194224391e+00
2.108848306010751017e+00
2.108915632231193715e+00
2.108126952897670492e+00
2.107298839298975768e+00
2.105960212219720518e+00
2.106593856130327680e+00
2.107279978692531586e+00
2.107357176683716915e+00
2.106788357322135763e+00
2.106606033927235444e+00
2.106640040212207410e+00
2.107141930095398408e+00
2.105945537378499655e+00
2.105879224714685805e+00
2.106284657250280024e+00
2.105793679727090417e+00
2.104273797363363396e+00
2.104361854135033738e+00
2.103883482040243003e+00
2.103395721899769200e+00
2.104241652237741622e+00
2.103265199985803857e+00
2.101804131021102418e+00
2.060912132263183594e+00
2.009682893753051758e+00
2.071505069732666016e+00
2.070643424987792969e+00
2.112265300750732600e+00
2.154150088628133286e+00
2.136776447296142578e+00
2.132720053195953369e+00
2.108366966247558594e+00
2.117151212692260920e+00
2.109368064186789571e+00
2.105893194675445557e+00
2.101581536806546691e+00
2.079030488218580164e+00
2.075705281893412302e+00
2.065831460058689117e+00
2.057756409925572960e+00
2.047739413049486146e+00
2.041938831931666254e+00
2.057241797447204590e+00
2.057701860155378260e+00
2.055964058095758773e+00
2.057649975237639151e+00
2.057202647129694473e+00
2.062561635971069229e+00
2.062602290740379818e+00
2.062910159428914536e+00
2.056942024401255953e+00
2.045061222438154580e+00
2.041720672448476215e+00
2.036582296894442479e+00
2.041710618883371353e+00
2.042105880650606942e+00
2.034492461120381179e+00
2.036742683819362298e+00
2.032735695441564072e+00
2.032280544976930337e+00
2.028960331490165192e+00
2.029122850833795066e+00
2.026011082530021490e+00
2.029578927086620688e+00
2.021435555957612706e+00
2.022023650102837244e+00
2.025520384311676025e+00
2.029166226916843119e+00
2.027518368285635031e+00
2.025835645959732201e+00
2.024769609173139084e+00
2.024444010792946447e+00
2.021919062137603973e+00
2.023475350118150828e+00
2.020536016959410652e+00
2.020245522822973872e+00
2.019047417022563629e+00
2.019375499812039454e+00
2.017265768987791752e+00
2.013782869305527079e+00
2.012539584061195264e+00
2.009336758468110773e+00
2.011173836390177438e+00
2.011153064790319078e+00
2.008061628187856495e+00
2.006783402155316143e+00
2.005038250237703323e+00
2.006360043012179073e+00
2.006524523099263657e+00
2.007255401184309562e+00
2.008107693756327805e+00
2.005253563756528301e+00
2.005451236452375330e+00
2.002291692814357038e+00
2.004615694284439087e+00
2.003521076620441654e+00
2.001399644323297533e+00
2.000731825828552246e+00
1.999666656318463742e+00
1.998119505968960929e+00
1.994086806590740446e+00
1.992142327224152076e+00
1.992346292734146207e+00
1.991043220331639496e+00
1.991964532107841634e+00
1.990366221910499611e+00
1.988324718815939862e+00
1.989509949964635593e+00
1.988643030787623278e+00
1.989325624772872114e+00
1.991497123783285028e+00
1.990477963779749393e+00
1.990362911754184339e+00
1.989138582250574050e+00
1.987947629845660646e+00
1.985726191151526709e+00
1.986343945594544191e+00
1.985780802525972000e+00
1.986738024900357003e+00
1.987417566407587044e+00
1.988439561152944846e+00
1.988196009337299897e+00
1.988781619071960494e+00
1.987647549940807945e+00
1.988811196065416453e+00
1.987112760543823242e+00
1.986386814942726620e+00
1.985549758729480585e+00
1.983973002658700135e+00
1.984695843447034536e+00
1.983772034998293243e+00
1.983683774230676988e+00
1.984702266346324517e+00
1.983549816114408504e+00
1.983993221606527024e+00
1.984195040390554832e+00
1.983615576175221218e+00
1.982439456815304979e+00
1.983231524968969373e+00
1.983972102148920058e+00
1.982660763344522348e+00
1.982110613534430410e+00
1.980488204956054599e+00
1.979939257803042141e+00
1.979766592627665966e+00
1.979182844239521843e+00
1.979000039639011499e+00
1.978038022041320732e+00
1.977347789302704717e+00
1.977222635051396837e+00
1.976081975735723972e+00
1.975132049516189925e+00
1.975067267051109798e+00
1.974220764545993934e+00
1.974857947140028935e+00
1.977465162599893356e+00
1.977515705485842101e+00
1.976954051300331416e+00
1.976770379087504192e+00
1.976074986214185314e+00
1.975785500761391367e+00
1.976319957980149145e+00
1.976683776719229568e+00
1.976784368778796930e+00
1.976790914233301777e+00
1.976753584154836041e+00
1.978225543267197128e+00
1.979152103128104301e+00
1.978380715193813755e+00
1.978735827264331615e+00
1.978131298277829186e+00
1.978409905561664850e+00
1.979638114770253532e+00
1.979402775006578352e+00
1.979934781005508126e+00
1.980022495868159371e+00
1.978753746329964036e+00
1.978357224310598017e+00
1.977457468326275114e+00
1.976021267805889048e+00
1.975735959372942885e+00
1.974394610093074709e+00
1.973173858225345523e+00
1.973169988726977131e+00
1.972315280525772652e+00
1.971584856875834957e+00
1.970596028537284994e+00
1.971125611391934429e+00
1.972467988370412817e+00
1.972321474623537352e+00
1.972507598854246647e+00
1.972196729930900228e+00
1.971108631526722554e+00
1.970617776028594115e+00
1.970814465783363056e+00
1.970386699444985901e+00
1.970139787800010645e+00
1.970189533914838531e+00
1.969824339178475547e+00
1.969928866052358174e+00
1.968884211577726306e+00
1.968176517406655446e+00
1.967618897888395502e+00
1.969449926476452228e+00
1.967967552143138787e+00
1.967461475257665127e+00
1.966687436984932980e+00
1.965709338961420860e+00
1.965566651154589950e+00
1.964134401816097775e+00
1.963017903109814277e+00
1.963236917894353395e+00
1.963674501996291344e+00
1.963636400187826814e+00
1.964468903218706375e+00
2.034430980682373047e+00
1.926689386367797852e+00
1.951146205266316658e+00
1.938735604286193848e+00
1.930297660827636763e+00
1.942165017127990723e+00
1.939270871026175458e+00
1.942252978682518005e+00
1.931099454561869377e+00
1.935600221157073975e+00
1.941616177558898926e+00
1.944823722044626946e+00
1.944685587516197689e+00
1.970938086509704590e+00
1.964345614115397209e+00
1.955429881811141968e+00
1.964847704943488704e+00
1.963057306077745201e+00
1.956621973138106485e+00
1.949260598421096891e+00
1.941992152304876429e+00
1.942353400317105461e+00
1.945474956346594730e+00
1.940750425060590034e+00
1.937157301902771023e+00
1.936879575252532959e+00
1.930004362706784882e+00
1.930209853819438326e+00
1.926870037769449207e+00
1.927887674172719334e+00
1.928109411270387819e+00
1.929904632270336151e+00
1.930587017174923092e+00
1.931685798308428570e+00
1.930198553630283920e+00
1.930578986803690666e+00
1.929647932181487224e+00
1.931685519845862231e+00
1.924488284648993019e+00
1.926474294066429227e+00
1.927707526741958333e+00
1.926539006687346012e+00
1.930487305618995952e+00
1.928966901519081789e+00
1.927354836463928134e+00
1.925406507823778313e+00
1.918953796650501031e+00
1.919001835087935204e+00
1.917813595460385656e+00
1.915335891246795708e+00
1.912492731038261784e+00
1.912231200016461852e+00
1.911289239829441211e+00
1.910069507581216408e+00
1.911032006957314122e+00
1.911133453249931335e+00
1.913510040233009635e+00
1.914286747060973015e+00
1.910395626294410842e+00
1.911667724450429207e+00
1.911741123824823196e+00
1.912827226423448046e+00
1.913057864658416207e+00
1.911108851432800293e+00
1.909564825204702609e+00
1.909247503136143553e+00
1.906410722590204498e+00
1.905570619246538921e+00
1.901672831480053949e+00
1.904279264381953718e+00
1.905736535367831275e+00
1.908065936631626602e+00
1.906753556369102265e+00
1.904513968003762825e+00
1.905095049540201924e+00
1.906659044717487594e+00
1.905380410033387095e+00
1.905480296183855060e+00
1.903322717811487985e+00
1.903669671714305789e+00
1.903316899582191857e+00
1.902248843414027446e+00
1.900681805897908028e+00
1.898924833252316535e+00
1.899194014773649242e+00
1.900546333124471188e+00
1.899654680284960540e+00
1.898515147241679024e+00
1.897220705332381074e+00
1.897796473238203330e+00
1.896737369862231626e+00
