6.267892968750000000e+04
5.718597656250000000e+04
6.512041406250000000e+04
5.258266406250000000e+04
5.377573437500000000e+04
4.298587500000000000e+04
4.971528125000000000e+04
3.700859375000000000e+04
3.422064843750000000e+04
3.314646093750000000e+04
2.275625781250000000e+04
2.165443750000000000e+04
1.551000781250000000e+04
1.476111718750000000e+04
2.346517187500000000e+04
8.925890625000000000e+03
8.896007812500000000e+03
7.174492187500000000e+03
7.904164062500000000e+03
5.407492187500000000e+03
5.383203125000000000e+03
5.184812500000000000e+03
3.877484375000000000e+03
2.585851562500000000e+03
1.844671875000000000e+03
1.107804687500000000e+03
3.158570312500000000e+03
1.960976562500000000e+03
1.021445312500000000e+03
1.865710937500000000e+03
1.375234375000000000e+03
2.135523437500000000e+03
8.747343750000000000e+02
2.195500000000000000e+03
1.897484375000000000e+03
1.802382812500000000e+03
6.102265625000000000e+02
1.253742187500000000e+03
8.513281250000000000e+02
8.415468750000000000e+02
8.241484375000000000e+02
1.334390625000000000e+03
9.710859375000000000e+02
9.740546875000000000e+02
9.202343750000000000e+02
6.360312500000000000e+02
1.142187500000000000e+03
6.370703125000000000e+02
8.202968750000000000e+02
1.088585937500000000e+03
1.254421875000000000e+03
7.130781250000000000e+02
9.490312500000000000e+02
7.980000000000000000e+02
6.438359375000000000e+02
9.707031250000000000e+02
8.603984375000000000e+02
6.300937500000000000e+02
1.002398437500000000e+03
8.618359375000000000e+02
6.966718750000000000e+02
7.100390625000000000e+02
6.664062500000000000e+02
6.732109375000000000e+02
6.532343750000000000e+02
1.010406250000000000e+03
9.025625000000000000e+02
8.227656250000000000e+02
6.251875000000000000e+02
6.028125000000000000e+02
6.263281250000000000e+02
6.666250000000000000e+02
6.776250000000000000e+02
5.032578125000000000e+02
7.800859375000000000e+02
1.174570312500000000e+03
5.443671875000000000e+02
6.513125000000000000e+02
7.167968750000000000e+02
1.247804687500000000e+03
6.161953125000000000e+02
7.391093750000000000e+02
1.088640625000000000e+03
5.641250000000000000e+02
8.614765625000000000e+02
6.719218750000000000e+02
6.807421875000000000e+02
7.102343750000000000e+02
8.260546875000000000e+02
6.641796875000000000e+02
5.449296875000000000e+02
5.586015625000000000e+02
9.439375000000000000e+02
8.945937500000000000e+02
1.118015625000000000e+03
6.841484375000000000e+02
6.903437500000000000e+02
5.574375000000000000e+02
6.552578125000000000e+02
8.403984375000000000e+02
6.133437500000000000e+02
6.379453125000000000e+02
8.101953125000000000e+02
5.646328125000000000e+02
6.055468750000000000e+02
5.551718750000000000e+02
7.505312500000000000e+02
5.645078125000000000e+02
6.618359375000000000e+02
6.430859375000000000e+02
8.861875000000000000e+02
6.741171875000000000e+02
6.800156250000000000e+02
1.038476562500000000e+03
8.038828125000000000e+02
5.463906250000000000e+02
1.052617187500000000e+03
8.338828125000000000e+02
6.234687500000000000e+02
5.999453125000000000e+02
5.931171875000000000e+02
1.077710937500000000e+03
7.256171875000000000e+02
6.285156250000000000e+02
5.420937500000000000e+02
1.233742187500000000e+03
9.264453125000000000e+02
9.068671875000000000e+02
7.164531250000000000e+02
6.353984375000000000e+02
7.993906250000000000e+02
8.311093750000000000e+02
8.563984375000000000e+02
5.689531250000000000e+02
1.047195312500000000e+03
5.925468750000000000e+02
6.100546875000000000e+02
8.995390625000000000e+02
6.755546875000000000e+02
7.133437500000000000e+02
5.631640625000000000e+02
7.275625000000000000e+02
6.492109375000000000e+02
7.604765625000000000e+02
7.391484375000000000e+02
7.307109375000000000e+02
7.481328125000000000e+02
6.047343750000000000e+02
1.037937500000000000e+03
6.502890625000000000e+02
9.341171875000000000e+02
8.260156250000000000e+02
7.679062500000000000e+02
6.241640625000000000e+02
7.337421875000000000e+02
7.676640625000000000e+02
5.616015625000000000e+02
8.543281250000000000e+02
5.916406250000000000e+02
5.743359375000000000e+02
7.402343750000000000e+02
8.599843750000000000e+02
1.054734375000000000e+03
5.737421875000000000e+02
6.078437500000000000e+02
6.458750000000000000e+02
6.273828125000000000e+02
7.070312500000000000e+02
7.553125000000000000e+02
6.714062500000000000e+02
6.601640625000000000e+02
5.679531250000000000e+02
6.577812500000000000e+02
5.791640625000000000e+02
5.945546875000000000e+02
6.662578125000000000e+02
5.978125000000000000e+02
5.802656250000000000e+02
9.418671875000000000e+02
5.782812500000000000e+02
6.606328125000000000e+02
5.359218750000000000e+02
8.092890625000000000e+02
6.092812500000000000e+02
6.431718750000000000e+02
1.180031250000000000e+03
5.604921875000000000e+02
5.979140625000000000e+02
6.133359375000000000e+02
6.961171875000000000e+02
7.938203125000000000e+02
6.199687500000000000e+02
6.749062500000000000e+02
6.285781250000000000e+02
5.921093750000000000e+02
6.422265625000000000e+02
6.562187500000000000e+02
7.830390625000000000e+02
6.635156250000000000e+02
6.153515625000000000e+02
6.016171875000000000e+02
5.563671875000000000e+02
5.492734375000000000e+02
5.903437500000000000e+02
5.637421875000000000e+02
5.394453125000000000e+02
7.900312500000000000e+02
6.514531250000000000e+02
6.472734375000000000e+02
5.829140625000000000e+02
6.777031250000000000e+02
5.258281250000000000e+02
5.500156250000000000e+02
6.585000000000000000e+02
5.468671875000000000e+02
6.551640625000000000e+02
7.158750000000000000e+02
5.927734375000000000e+02
5.602890625000000000e+02
5.099296875000000000e+02
5.947421875000000000e+02
1.940000000000000000e+03
5.883359375000000000e+02
5.810703125000000000e+02
5.376015625000000000e+02
9.500859375000000000e+02
5.154687500000000000e+02
5.374531250000000000e+02
4.927265625000000000e+02
5.475312500000000000e+02
5.517578125000000000e+02
6.859140625000000000e+02
8.040078125000000000e+02
6.459843750000000000e+02
1.012554687500000000e+03
5.914921875000000000e+02
5.817656250000000000e+02
5.303437500000000000e+02
9.397812500000000000e+02
6.204140625000000000e+02
5.423671875000000000e+02
5.183828125000000000e+02
5.163125000000000000e+02
5.820546875000000000e+02
5.882265625000000000e+02
5.990937500000000000e+02
6.391093750000000000e+02
7.167500000000000000e+02
5.186562500000000000e+02
5.051953125000000000e+02
9.636406250000000000e+02
5.173828125000000000e+02
6.998515625000000000e+02
5.397890625000000000e+02
5.428046875000000000e+02
5.966640625000000000e+02
5.248046875000000000e+02
5.059218750000000000e+02
5.253671875000000000e+02
5.491953125000000000e+02
6.477343750000000000e+02
5.866640625000000000e+02
6.775078125000000000e+02
5.120468750000000000e+02
1.199476562500000000e+03
5.950703125000000000e+02
5.195312500000000000e+02
5.450390625000000000e+02
6.211796875000000000e+02
5.044218750000000000e+02
5.660703125000000000e+02
5.747656250000000000e+02
4.915078125000000000e+02
5.141796875000000000e+02
5.325937500000000000e+02
5.138750000000000000e+02
1.515000000000000000e+03
5.444609375000000000e+02
5.666796875000000000e+02
5.014765625000000000e+02
5.278359375000000000e+02
4.801250000000000000e+02
5.230781250000000000e+02
5.145000000000000000e+02
6.340625000000000000e+02
6.591562500000000000e+02
5.395937500000000000e+02
5.494062500000000000e+02
5.223984375000000000e+02
5.099062500000000000e+02
5.223906250000000000e+02
5.150546875000000000e+02
4.684296875000000000e+02
5.212656250000000000e+02
4.720312500000000000e+02
6.385468750000000000e+02
5.108203125000000000e+02
4.908984375000000000e+02
4.976953125000000000e+02
8.914531250000000000e+02
5.692265625000000000e+02
5.493515625000000000e+02
7.652500000000000000e+02
5.124453125000000000e+02
5.154687500000000000e+02
6.365000000000000000e+02
4.829843750000000000e+02
5.193281250000000000e+02
4.815390625000000000e+02
5.524687500000000000e+02
5.011328125000000000e+02
1.150828125000000000e+03
5.127812500000000000e+02
4.870546875000000000e+02
1.169593750000000000e+03
5.039218750000000000e+02
6.570937500000000000e+02
5.069687500000000000e+02
5.106093750000000000e+02
7.546406250000000000e+02
4.814609375000000000e+02
4.739218750000000000e+02
4.890546875000000000e+02
5.388671875000000000e+02
4.799296875000000000e+02
8.546562500000000000e+02
5.000000000000000000e+02
5.997421875000000000e+02
5.186328125000000000e+02
6.480781250000000000e+02
5.118125000000000000e+02
4.869687500000000000e+02
4.617890625000000000e+02
5.537968750000000000e+02
5.391015625000000000e+02
4.539687500000000000e+02
4.613828125000000000e+02
5.595546875000000000e+02
4.877031250000000000e+02
4.946406250000000000e+02
4.720000000000000000e+02
4.693906250000000000e+02
4.564296875000000000e+02
4.695000000000000000e+02
4.375859375000000000e+02
4.718828125000000000e+02
5.094140625000000000e+02
4.823906250000000000e+02
5.197109375000000000e+02
4.918046875000000000e+02
4.473437500000000000e+02
5.792031250000000000e+02
4.595000000000000000e+02
8.993515625000000000e+02
4.887656250000000000e+02
5.049687500000000000e+02
4.491875000000000000e+02
5.729296875000000000e+02
4.712812500000000000e+02
5.233906250000000000e+02
5.473515625000000000e+02
4.856718750000000000e+02
4.949140625000000000e+02
5.685781250000000000e+02
5.545859375000000000e+02
6.261328125000000000e+02
4.848906250000000000e+02
4.723281250000000000e+02
4.784531250000000000e+02
4.639531250000000000e+02
4.284140625000000000e+02
4.241953125000000000e+02
7.274296875000000000e+02
4.487734375000000000e+02
4.758515625000000000e+02
4.609453125000000000e+02
4.644218750000000000e+02
4.279843750000000000e+02
4.486953125000000000e+02
7.270468750000000000e+02
4.729843750000000000e+02
5.659375000000000000e+02
4.790390625000000000e+02
4.551953125000000000e+02
5.884921875000000000e+02
4.518515625000000000e+02
4.986328125000000000e+02
4.823046875000000000e+02
4.855234375000000000e+02
4.202500000000000000e+02
4.271484375000000000e+02
4.500156250000000000e+02
7.829921875000000000e+02
6.043359375000000000e+02
4.470625000000000000e+02
4.357031250000000000e+02
4.823593750000000000e+02
4.421718750000000000e+02
4.597109375000000000e+02
5.021640625000000000e+02
4.453828125000000000e+02
5.216562500000000000e+02
4.360546875000000000e+02
4.477734375000000000e+02
4.621015625000000000e+02
4.625468750000000000e+02
4.401484375000000000e+02
4.338828125000000000e+02
4.484843750000000000e+02
5.091718750000000000e+02
4.240859375000000000e+02
4.416718750000000000e+02
3.993281250000000000e+02
4.014453125000000000e+02
4.616875000000000000e+02
4.788125000000000000e+02
4.297343750000000000e+02
6.019375000000000000e+02
5.413828125000000000e+02
6.326875000000000000e+02
4.103750000000000000e+02
4.884609375000000000e+02
7.023125000000000000e+02
4.279687500000000000e+02
4.248906250000000000e+02
4.604140625000000000e+02
5.569687500000000000e+02
4.085312500000000000e+02
4.579375000000000000e+02
4.459921875000000000e+02
6.442500000000000000e+02
4.403203125000000000e+02
4.416796875000000000e+02
4.350234375000000000e+02
4.275234375000000000e+02
4.340859375000000000e+02
4.027343750000000000e+02
4.652890625000000000e+02
3.893125000000000000e+02
4.963437500000000000e+02
4.296328125000000000e+02
6.102031250000000000e+02
4.199843750000000000e+02
4.457265625000000000e+02
4.549140625000000000e+02
3.929609375000000000e+02
4.346875000000000000e+02
4.658046875000000000e+02
4.049062500000000000e+02
4.654531250000000000e+02
5.097734375000000000e+02
4.876015625000000000e+02
4.197265625000000000e+02
4.099531250000000000e+02
4.241562500000000000e+02
4.636562500000000000e+02
4.896953125000000000e+02
4.266328125000000000e+02
4.217187500000000000e+02
4.682734375000000000e+02
5.734375000000000000e+02
4.462968750000000000e+02
4.706718750000000000e+02
3.899375000000000000e+02
4.364062500000000000e+02
5.022890625000000000e+02
3.732734375000000000e+02
4.323906250000000000e+02
4.211562500000000000e+02
4.829843750000000000e+02
4.619765625000000000e+02
4.015000000000000000e+02
4.724609375000000000e+02
3.967187500000000000e+02
3.664453125000000000e+02
4.715000000000000000e+02
4.712031250000000000e+02
3.849453125000000000e+02
3.905078125000000000e+02
3.993437500000000000e+02
3.613046875000000000e+02
3.922812500000000000e+02
3.722734375000000000e+02
3.832656250000000000e+02
5.887656250000000000e+02
4.077578125000000000e+02
4.242265625000000000e+02
4.054531250000000000e+02
4.189921875000000000e+02
4.428359375000000000e+02
4.046640625000000000e+02
3.829687500000000000e+02
7.048125000000000000e+02
3.848828125000000000e+02
4.069765625000000000e+02
3.685781250000000000e+02
4.213437500000000000e+02
4.063984375000000000e+02
3.707890625000000000e+02
3.957812500000000000e+02
4.253437500000000000e+02
3.583437500000000000e+02
3.988359375000000000e+02
4.063671875000000000e+02
4.143984375000000000e+02
4.109062500000000000e+02
6.195703125000000000e+02
3.818515625000000000e+02
5.319062500000000000e+02
3.791718750000000000e+02
4.642187500000000000e+02
6.533984375000000000e+02
4.810000000000000000e+02
4.120703125000000000e+02
4.546484375000000000e+02
3.786328125000000000e+02
5.335312500000000000e+02
4.118046875000000000e+02
3.725546875000000000e+02
3.876015625000000000e+02
4.158593750000000000e+02
5.966250000000000000e+02
3.829531250000000000e+02
3.754062500000000000e+02
3.722109375000000000e+02
4.185312500000000000e+02
3.520078125000000000e+02
4.117578125000000000e+02
3.682578125000000000e+02
4.021484375000000000e+02
4.682656250000000000e+02
8.616171875000000000e+02
3.758906250000000000e+02
3.779375000000000000e+02
4.029140625000000000e+02
3.720390625000000000e+02
3.978593750000000000e+02
3.501953125000000000e+02
3.774218750000000000e+02
3.882968750000000000e+02
4.056718750000000000e+02
3.386953125000000000e+02
3.698828125000000000e+02
3.703671875000000000e+02
4.857265625000000000e+02
3.941953125000000000e+02
4.267500000000000000e+02
5.885937500000000000e+02
4.163984375000000000e+02
3.515000000000000000e+02
4.055781250000000000e+02
4.437734375000000000e+02
3.859296875000000000e+02
3.406953125000000000e+02
3.360312500000000000e+02
3.722656250000000000e+02
3.507343750000000000e+02
4.866562500000000000e+02
4.328828125000000000e+02
3.507265625000000000e+02
3.967578125000000000e+02
4.043046875000000000e+02
3.755859375000000000e+02
3.492421875000000000e+02
4.635859375000000000e+02
3.859062500000000000e+02
4.344531250000000000e+02
5.040859375000000000e+02
3.552421875000000000e+02
3.838984375000000000e+02
3.475468750000000000e+02
3.725703125000000000e+02
3.674375000000000000e+02
3.709296875000000000e+02
3.767812500000000000e+02
5.231328125000000000e+02
4.217578125000000000e+02
3.788750000000000000e+02
4.702187500000000000e+02
3.252109375000000000e+02
3.695390625000000000e+02
4.564609375000000000e+02
5.160078125000000000e+02
4.208984375000000000e+02
4.010703125000000000e+02
3.308828125000000000e+02
3.716562500000000000e+02
3.379062500000000000e+02
5.987812500000000000e+02
3.631562500000000000e+02
3.973203125000000000e+02
3.084453125000000000e+02
3.477031250000000000e+02
4.030937500000000000e+02
3.390546875000000000e+02
3.768359375000000000e+02
3.640234375000000000e+02
3.212968750000000000e+02
3.409921875000000000e+02
3.436328125000000000e+02
3.651484375000000000e+02
3.297500000000000000e+02
3.492187500000000000e+02
3.142031250000000000e+02
3.226484375000000000e+02
3.450390625000000000e+02
3.298828125000000000e+02
3.829375000000000000e+02
3.335078125000000000e+02
5.050546875000000000e+02
4.333203125000000000e+02
3.201640625000000000e+02
3.533359375000000000e+02
3.965000000000000000e+02
3.203828125000000000e+02
3.320703125000000000e+02
3.949218750000000000e+02
3.260156250000000000e+02
3.369609375000000000e+02
3.776718750000000000e+02
3.473984375000000000e+02
3.278906250000000000e+02
3.528515625000000000e+02
3.281250000000000000e+02
3.139843750000000000e+02
3.358750000000000000e+02
3.434531250000000000e+02
5.361406250000000000e+02
2.926406250000000000e+02
3.521250000000000000e+02
3.639765625000000000e+02
3.226406250000000000e+02
3.170078125000000000e+02
3.202421875000000000e+02
3.325390625000000000e+02
3.199843750000000000e+02
4.481953125000000000e+02
2.975468750000000000e+02
3.510625000000000000e+02
4.061796875000000000e+02
3.071796875000000000e+02
3.060703125000000000e+02
3.545468750000000000e+02
3.129296875000000000e+02
4.098515625000000000e+02
3.698281250000000000e+02
4.965078125000000000e+02
3.383984375000000000e+02
3.420546875000000000e+02
3.231484375000000000e+02
3.293359375000000000e+02
3.316796875000000000e+02
4.250937500000000000e+02
3.702109375000000000e+02
3.626093750000000000e+02
3.882812500000000000e+02
3.574218750000000000e+02
3.239687500000000000e+02
5.193750000000000000e+02
6.797343750000000000e+02
3.322187500000000000e+02
4.113046875000000000e+02
3.242734375000000000e+02
3.342500000000000000e+02
3.437734375000000000e+02
3.458125000000000000e+02
3.068281250000000000e+02
3.296093750000000000e+02
2.977578125000000000e+02
3.601171875000000000e+02
3.235390625000000000e+02
3.292734375000000000e+02
3.541015625000000000e+02
3.601796875000000000e+02
3.017187500000000000e+02
3.612421875000000000e+02
3.193125000000000000e+02
3.364140625000000000e+02
3.619375000000000000e+02
3.854218750000000000e+02
3.616328125000000000e+02
3.198515625000000000e+02
3.173828125000000000e+02
3.295781250000000000e+02
3.150703125000000000e+02
4.284062500000000000e+02
3.027031250000000000e+02
3.514218750000000000e+02
3.566796875000000000e+02
3.172109375000000000e+02
3.239843750000000000e+02
3.047812500000000000e+02
3.284140625000000000e+02
3.329296875000000000e+02
3.048359375000000000e+02
3.723281250000000000e+02
3.339140625000000000e+02
3.515859375000000000e+02
2.869687500000000000e+02
6.029765625000000000e+02
2.993906250000000000e+02
4.359218750000000000e+02
2.802421875000000000e+02
2.960000000000000000e+02
3.773593750000000000e+02
3.809140625000000000e+02
2.920078125000000000e+02
3.078906250000000000e+02
3.017890625000000000e+02
3.377968750000000000e+02
3.162343750000000000e+02
3.252187500000000000e+02
2.977031250000000000e+02
3.253515625000000000e+02
3.121796875000000000e+02
3.202500000000000000e+02
2.956718750000000000e+02
3.669296875000000000e+02
3.350625000000000000e+02
3.206484375000000000e+02
3.143593750000000000e+02
3.564375000000000000e+02
3.179765625000000000e+02
3.363437500000000000e+02
3.475390625000000000e+02
3.754765625000000000e+02
3.003750000000000000e+02
3.565156250000000000e+02
3.152890625000000000e+02
3.057187500000000000e+02
3.431093750000000000e+02
2.779687500000000000e+02
3.246484375000000000e+02
3.047031250000000000e+02
3.063750000000000000e+02
3.541562500000000000e+02
2.864296875000000000e+02
3.041406250000000000e+02
3.823593750000000000e+02
2.903671875000000000e+02
3.109375000000000000e+02
3.716953125000000000e+02
3.321953125000000000e+02
3.143281250000000000e+02
2.853359375000000000e+02
3.152890625000000000e+02
3.231796875000000000e+02
3.311718750000000000e+02
2.760546875000000000e+02
2.941875000000000000e+02
3.361562500000000000e+02
3.248593750000000000e+02
3.162578125000000000e+02
2.895781250000000000e+02
2.873125000000000000e+02
3.085078125000000000e+02
3.402890625000000000e+02
3.109453125000000000e+02
3.283437500000000000e+02
3.470078125000000000e+02
3.114687500000000000e+02
2.989765625000000000e+02
3.192187500000000000e+02
3.065937500000000000e+02
3.136015625000000000e+02
3.535078125000000000e+02
2.687421875000000000e+02
2.731562500000000000e+02
3.119296875000000000e+02
3.055390625000000000e+02
3.087500000000000000e+02
3.288125000000000000e+02
3.695390625000000000e+02
3.298125000000000000e+02
3.007812500000000000e+02
3.468281250000000000e+02
2.782109375000000000e+02
3.038984375000000000e+02
3.279296875000000000e+02
2.915859375000000000e+02
2.864218750000000000e+02
2.746015625000000000e+02
3.056640625000000000e+02
3.067500000000000000e+02
2.862812500000000000e+02
2.917343750000000000e+02
3.165937500000000000e+02
3.717031250000000000e+02
4.128671875000000000e+02
3.085781250000000000e+02
3.016171875000000000e+02
3.023281250000000000e+02
3.065000000000000000e+02
3.004921875000000000e+02
4.457734375000000000e+02
3.063593750000000000e+02
2.994140625000000000e+02
3.382265625000000000e+02
3.179921875000000000e+02
3.126406250000000000e+02
3.016875000000000000e+02
3.593593750000000000e+02
3.365156250000000000e+02
2.820078125000000000e+02
4.800859375000000000e+02
2.885390625000000000e+02
2.777578125000000000e+02
3.377265625000000000e+02
3.222968750000000000e+02
2.837109375000000000e+02
6.545703125000000000e+02
2.939531250000000000e+02
3.869843750000000000e+02
2.770703125000000000e+02
2.783437500000000000e+02
3.371640625000000000e+02
3.036250000000000000e+02
2.556406250000000000e+02
3.777421875000000000e+02
3.122109375000000000e+02
3.076640625000000000e+02
3.940859375000000000e+02
2.663906250000000000e+02
3.255937500000000000e+02
2.829921875000000000e+02
2.980234375000000000e+02
3.220468750000000000e+02
3.087578125000000000e+02
3.063906250000000000e+02
2.791015625000000000e+02
4.499687500000000000e+02
2.848437500000000000e+02
3.042031250000000000e+02
3.010234375000000000e+02
2.926171875000000000e+02
3.218437500000000000e+02
2.966328125000000000e+02
4.934921875000000000e+02
3.062500000000000000e+02
3.189062500000000000e+02
3.127343750000000000e+02
2.667656250000000000e+02
3.016953125000000000e+02
2.804609375000000000e+02
3.007109375000000000e+02
2.874609375000000000e+02
2.778828125000000000e+02
3.121796875000000000e+02
3.788046875000000000e+02
2.983828125000000000e+02
2.843750000000000000e+02
5.582265625000000000e+02
3.042968750000000000e+02
2.692968750000000000e+02
2.931796875000000000e+02
3.306875000000000000e+02
3.221796875000000000e+02
2.772031250000000000e+02
2.702421875000000000e+02
2.851015625000000000e+02
2.665156250000000000e+02
2.969375000000000000e+02
2.907812500000000000e+02
2.907109375000000000e+02
3.028046875000000000e+02
3.269296875000000000e+02
3.370625000000000000e+02
3.380312500000000000e+02
2.937343750000000000e+02
3.137656250000000000e+02
3.221953125000000000e+02
2.766015625000000000e+02
3.004218750000000000e+02
3.066328125000000000e+02
3.119843750000000000e+02
2.905703125000000000e+02
3.176875000000000000e+02
3.195625000000000000e+02
2.716953125000000000e+02
3.291093750000000000e+02
3.010312500000000000e+02
2.956015625000000000e+02
2.700312500000000000e+02
3.272500000000000000e+02
3.696171875000000000e+02
2.796093750000000000e+02
2.894687500000000000e+02
2.717265625000000000e+02
3.002109375000000000e+02
2.859140625000000000e+02
2.742656250000000000e+02
3.085625000000000000e+02
2.678750000000000000e+02
2.781875000000000000e+02
2.915390625000000000e+02
2.966015625000000000e+02
2.429765625000000000e+02
2.803125000000000000e+02
2.826718750000000000e+02
2.789375000000000000e+02
3.515234375000000000e+02
2.732421875000000000e+02
3.300078125000000000e+02
2.814296875000000000e+02
2.657421875000000000e+02
2.905390625000000000e+02
2.910234375000000000e+02
2.756953125000000000e+02
2.873750000000000000e+02
2.636796875000000000e+02
2.632187500000000000e+02
3.521562500000000000e+02
3.202812500000000000e+02
2.607187500000000000e+02
3.128437500000000000e+02
2.955078125000000000e+02
2.831953125000000000e+02
3.224843750000000000e+02
2.790859375000000000e+02
2.825703125000000000e+02
2.630859375000000000e+02
2.658828125000000000e+02
2.688593750000000000e+02
2.723281250000000000e+02
2.612031250000000000e+02
2.628203125000000000e+02
2.599453125000000000e+02
2.691406250000000000e+02
2.667968750000000000e+02
2.634765625000000000e+02
2.671484375000000000e+02
2.799609375000000000e+02
2.879609375000000000e+02
2.990234375000000000e+02
2.771015625000000000e+02
2.888671875000000000e+02
2.846406250000000000e+02
2.959531250000000000e+02
3.252031250000000000e+02
2.630078125000000000e+02
2.882968750000000000e+02
2.657968750000000000e+02
2.781250000000000000e+02
2.863281250000000000e+02
3.394453125000000000e+02
2.619843750000000000e+02
2.954609375000000000e+02
2.452968750000000000e+02
6.477734375000000000e+02
2.679531250000000000e+02
2.894296875000000000e+02
2.714531250000000000e+02
2.959140625000000000e+02
2.841015625000000000e+02
2.853046875000000000e+02
2.657812500000000000e+02
2.916171875000000000e+02
3.012578125000000000e+02
2.751171875000000000e+02
3.179375000000000000e+02
3.023046875000000000e+02
2.680390625000000000e+02
2.876328125000000000e+02
2.550390625000000000e+02
2.979687500000000000e+02
2.842656250000000000e+02
2.727109375000000000e+02
2.567109375000000000e+02
2.836171875000000000e+02
2.693359375000000000e+02
2.946953125000000000e+02
3.052968750000000000e+02
2.581093750000000000e+02
3.228046875000000000e+02
3.165390625000000000e+02
2.502578125000000000e+02
2.832187500000000000e+02
3.047890625000000000e+02
2.921484375000000000e+02
2.763515625000000000e+02
7.851328125000000000e+02
2.937187500000000000e+02
2.644843750000000000e+02
2.787812500000000000e+02
2.565000000000000000e+02
2.822890625000000000e+02
2.304375000000000000e+02
3.866875000000000000e+02
2.794843750000000000e+02
3.086640625000000000e+02
2.692656250000000000e+02
2.641171875000000000e+02
3.507734375000000000e+02
3.303046875000000000e+02
2.770000000000000000e+02
2.975546875000000000e+02
2.679609375000000000e+02
2.506875000000000000e+02
2.734062500000000000e+02
2.865000000000000000e+02
2.716250000000000000e+02
2.473515625000000000e+02
2.653046875000000000e+02
2.710546875000000000e+02
2.737656250000000000e+02
2.670859375000000000e+02
2.390703125000000000e+02
2.989296875000000000e+02
4.162812500000000000e+02
2.608203125000000000e+02
2.682734375000000000e+02
2.740937500000000000e+02
2.460546875000000000e+02
2.443984375000000000e+02
2.757031250000000000e+02
2.665312500000000000e+02
3.321796875000000000e+02
2.815156250000000000e+02
2.452500000000000000e+02
5.009375000000000000e+02
2.420781250000000000e+02
2.776875000000000000e+02
2.687890625000000000e+02
2.658359375000000000e+02
2.740234375000000000e+02
2.520312500000000000e+02
2.838906250000000000e+02
2.668359375000000000e+02
2.432265625000000000e+02
2.918281250000000000e+02
2.639843750000000000e+02
2.825312500000000000e+02
2.831171875000000000e+02
2.683828125000000000e+02
2.818281250000000000e+02
2.517812500000000000e+02
2.602968750000000000e+02
2.739921875000000000e+02
2.680468750000000000e+02
2.789375000000000000e+02
2.390312500000000000e+02
2.640859375000000000e+02
2.759140625000000000e+02
2.434218750000000000e+02
2.961328125000000000e+02
2.674062500000000000e+02
2.486875000000000000e+02
2.909453125000000000e+02
2.540156250000000000e+02
3.029296875000000000e+02
2.464843750000000000e+02
