9.001340866088867188e-01
1.891729831695556641e+00
1.091901302337646484e+00
1.160938978195190430e+00
1.968334436416625977e+00
2.231796264648437500e+00
1.731840610504150391e+00
1.769087791442871094e+00
9.742808341979980469e-01
2.119994401931762695e+00
1.874896049499511719e+00
1.178185701370239258e+00
8.231356143951416016e-01
1.163539886474609375e+00
1.807581424713134766e+00
1.073331832885742188e+00
1.975429534912109375e+00
1.221284866333007812e+00
7.818095684051513672e-01
1.062016248703002930e+00
1.075055837631225586e+00
7.203090190887451172e-01
1.138775825500488281e+00
2.084441900253295898e+00
1.733070135116577148e+00
1.693728446960449219e+00
8.504879474639892578e-01
6.750528812408447266e-01
1.858073949813842773e+00
1.116472482681274414e+00
8.715560436248779297e-01
6.717643737792968750e-01
6.624989509582519531e-01
1.229406595230102539e+00
1.086225748062133789e+00
2.499408006668090820e+00
1.420352220535278320e+00
1.187231302261352539e+00
7.682027816772460938e-01
1.552055120468139648e+00
6.771893501281738281e-01
1.023234128952026367e+00
1.317429780960083008e+00
1.436942577362060547e+00
8.022224903106689453e-01
1.215837955474853516e+00
6.671748161315917969e-01
2.000834941864013672e+00
6.671471595764160156e-01
1.834919691085815430e+00
1.188552141189575195e+00
6.660640239715576172e-01
1.478731393814086914e+00
1.431001663208007812e+00
1.407377243041992188e+00
6.577889919281005859e-01
7.705025672912597656e-01
1.739912509918212891e+00
8.191747665405273438e-01
8.176894187927246094e-01
2.150212049484252930e+00
1.794721364974975586e+00
1.842011690139770508e+00
1.259405374526977539e+00
1.466032743453979492e+00
9.735817909240722656e-01
6.623184680938720703e-01
1.437641859054565430e+00
1.430709362030029297e+00
1.108281135559082031e+00
1.412463426589965820e+00
1.145043373107910156e+00
1.247290372848510742e+00
1.193047285079956055e+00
8.195569515228271484e-01
6.679427623748779297e-01
1.115722417831420898e+00
1.625590801239013672e+00
8.732135295867919922e-01
2.218360900878906250e+00
6.655724048614501953e-01
1.429496049880981445e+00
6.747114658355712891e-01
2.230326175689697266e+00
6.820738315582275391e-01
1.499800920486450195e+00
6.753416061401367188e-01
9.102668762207031250e-01
6.738772392272949219e-01
1.706220865249633789e+00
1.079529285430908203e+00
1.361989021301269531e+00
2.271538019180297852e+00
1.055601835250854492e+00
1.341928482055664062e+00
1.314196109771728516e+00
1.775124788284301758e+00
9.308841228485107422e-01
6.680874824523925781e-01
1.249835252761840820e+00
2.173571348190307617e+00
7.154948711395263672e-01
6.646008491516113281e-01
2.538086414337158203e+00
6.652648448944091797e-01
1.056667804718017578e+00
6.721289157867431641e-01
1.274679422378540039e+00
7.128179073333740234e-01
1.896245241165161133e+00
6.675493717193603516e-01
9.141962528228759766e-01
1.287804365158081055e+00
7.958023548126220703e-01
8.876605033874511719e-01
6.664335727691650391e-01
1.265883445739746094e+00
1.472332715988159180e+00
7.077975273132324219e-01
2.419700384140014648e+00
1.778329610824584961e+00
1.215824604034423828e+00
1.553109169006347656e+00
1.561133384704589844e+00
1.377127170562744141e+00
1.070117950439453125e+00
1.039830684661865234e+00
1.332983493804931641e+00
1.572705507278442383e+00
8.522303104400634766e-01
6.689305305480957031e-01
6.657280921936035156e-01
1.196027278900146484e+00
1.358686923980712891e+00
1.805686473846435547e+00
1.493810892105102539e+00
1.749249219894409180e+00
6.905021667480468750e-01
1.040369272232055664e+00
6.945822238922119141e-01
8.477771282196044922e-01
6.682462692260742188e-01
1.323179721832275391e+00
1.754215717315673828e+00
1.024096250534057617e+00
1.325762271881103516e+00
8.620493412017822266e-01
9.657664299011230469e-01
9.459919929504394531e-01
6.762638092041015625e-01
1.192047119140625000e+00
9.195609092712402344e-01
1.881169319152832031e+00
2.076788902282714844e+00
1.388108253479003906e+00
1.993392944335937500e+00
1.506077766418457031e+00
1.435080289840698242e+00
1.670667409896850586e+00
1.250927686691284180e+00
1.109172821044921875e+00
7.128343582153320312e-01
1.430939912796020508e+00
6.696982383728027344e-01
6.644122600555419922e-01
1.900736093521118164e+00
1.648956537246704102e+00
6.753861904144287109e-01
7.009181976318359375e-01
1.487730264663696289e+00
1.341430902481079102e+00
7.617182731628417969e-01
1.265689373016357422e+00
1.074280500411987305e+00
1.204071998596191406e+00
6.937408447265625000e-01
7.634098529815673828e-01
6.665356159210205078e-01
1.407863378524780273e+00
1.260478734970092773e+00
1.785055875778198242e+00
1.646966457366943359e+00
1.191002130508422852e+00
2.149983406066894531e+00
6.764478683471679688e-01
1.449271202087402344e+00
1.279925107955932617e+00
1.226471424102783203e+00
1.450274944305419922e+00
6.661274433135986328e-01
7.056367397308349609e-01
1.414560079574584961e+00
1.862973690032958984e+00
1.585417509078979492e+00
7.437241077423095703e-01
7.812466621398925781e-01
6.886513233184814453e-01
8.468804359436035156e-01
6.709034442901611328e-01
9.569869041442871094e-01
6.802606582641601562e-01
1.728487253189086914e+00
2.051302194595336914e+00
1.457912921905517578e+00
1.508610963821411133e+00
6.767277717590332031e-01
1.305648565292358398e+00
9.003057479858398438e-01
1.491441249847412109e+00
1.771767377853393555e+00
6.677646636962890625e-01
6.650726795196533203e-01
1.865038871765136719e+00
7.197105884552001953e-01
1.114755630493164062e+00
7.521369457244873047e-01
1.510446786880493164e+00
1.614955663681030273e+00
7.063164710998535156e-01
6.630492210388183594e-01
2.519123315811157227e+00
7.524874210357666016e-01
1.224189281463623047e+00
1.403595209121704102e+00
1.605532884597778320e+00
8.242485523223876953e-01
1.768555164337158203e+00
1.464702367782592773e+00
1.308248519897460938e+00
2.208278656005859375e+00
1.059710025787353516e+00
1.504308700561523438e+00
1.576434612274169922e+00
6.583721637725830078e-01
6.913237571716308594e-01
6.658384799957275391e-01
8.963758945465087891e-01
7.667834758758544922e-01
2.409103631973266602e+00
1.140335559844970703e+00
1.112314939498901367e+00
7.543044090270996094e-01
7.000753879547119141e-01
8.171370029449462891e-01
6.825346946716308594e-01
1.879962921142578125e+00
8.648092746734619141e-01
6.908190250396728516e-01
1.372358322143554688e+00
1.934888124465942383e+00
6.598017215728759766e-01
9.797489643096923828e-01
9.844307899475097656e-01
1.548501014709472656e+00
1.294876337051391602e+00
6.692392826080322266e-01
1.580800533294677734e+00
8.798706531524658203e-01
1.170490264892578125e+00
2.684361696243286133e+00
6.610400676727294922e-01
9.919486045837402344e-01
6.639690399169921875e-01
6.590921878814697266e-01
1.557532787322998047e+00
6.752433776855468750e-01
2.432102918624877930e+00
9.066486358642578125e-01
1.139341115951538086e+00
9.793503284454345703e-01
1.033901929855346680e+00
1.785317659378051758e+00
8.377935886383056641e-01
6.758499145507812500e-01
1.264642715454101562e+00
6.623928546905517578e-01
7.226006984710693359e-01
1.070859193801879883e+00
6.593575477600097656e-01
1.088570594787597656e+00
1.245841264724731445e+00
1.104568004608154297e+00
1.460583448410034180e+00
6.731762886047363281e-01
6.642892360687255859e-01
6.705634593963623047e-01
7.260665893554687500e-01
9.429454803466796875e-01
1.373721837997436523e+00
8.699541091918945312e-01
7.589409351348876953e-01
1.153466224670410156e+00
1.511433601379394531e+00
1.814851760864257812e+00
2.662273645401000977e+00
6.733803749084472656e-01
6.773960590362548828e-01
1.380795240402221680e+00
1.511238336563110352e+00
2.057144403457641602e+00
1.761095762252807617e+00
8.864037990570068359e-01
1.533267021179199219e+00
1.141418218612670898e+00
7.571349143981933594e-01
1.316012144088745117e+00
1.199775218963623047e+00
1.824787855148315430e+00
6.571831703186035156e-01
1.579699277877807617e+00
9.511501789093017578e-01
2.182564973831176758e+00
1.446291446685791016e+00
1.789786577224731445e+00
6.692850589752197266e-01
9.504764080047607422e-01
7.010104656219482422e-01
1.263975143432617188e+00
6.634202003479003906e-01
9.274630546569824219e-01
9.462091922760009766e-01
1.898293256759643555e+00
1.834385871887207031e+00
1.028623819351196289e+00
1.879994392395019531e+00
9.979574680328369141e-01
1.348510503768920898e+00
8.186578750610351562e-01
1.667662143707275391e+00
1.196663856506347656e+00
6.896824836730957031e-01
1.642692327499389648e+00
1.163641452789306641e+00
8.353750705718994141e-01
1.590716838836669922e+00
9.391040802001953125e-01
1.020755529403686523e+00
2.352688312530517578e+00
6.644201278686523438e-01
2.085977077484130859e+00
1.478683471679687500e+00
6.899194717407226562e-01
1.875409126281738281e+00
1.493904590606689453e+00
1.163532972335815430e+00
1.014188289642333984e+00
1.518315315246582031e+00
6.629590988159179688e-01
9.420611858367919922e-01
9.605765342712402344e-01
1.623583316802978516e+00
1.427940607070922852e+00
1.112882137298583984e+00
1.607123136520385742e+00
7.933275699615478516e-01
6.814992427825927734e-01
2.251329183578491211e+00
1.267899751663208008e+00
7.903153896331787109e-01
2.082698822021484375e+00
6.699233055114746094e-01
6.646399497985839844e-01
1.619177579879760742e+00
1.718647956848144531e+00
1.663841009140014648e+00
1.524535417556762695e+00
6.654610633850097656e-01
1.792581796646118164e+00
1.443208932876586914e+00
6.729013919830322266e-01
9.880404472351074219e-01
1.042657613754272461e+00
7.029967308044433594e-01
1.520616769790649414e+00
6.669654846191406250e-01
2.040465116500854492e+00
1.173343420028686523e+00
1.297763347625732422e+00
1.315815210342407227e+00
9.288406372070312500e-01
1.352155923843383789e+00
1.314049482345581055e+00
1.035156488418579102e+00
9.467866420745849609e-01
9.456348419189453125e-01
1.875624895095825195e+00
9.348700046539306641e-01
1.248935937881469727e+00
1.376552343368530273e+00
6.661536693572998047e-01
1.427641868591308594e+00
1.491289377212524414e+00
8.548417091369628906e-01
6.892025470733642578e-01
1.116881608963012695e+00
2.235427141189575195e+00
2.019829988479614258e+00
6.707630157470703125e-01
2.054666042327880859e+00
6.707518100738525391e-01
9.620153903961181641e-01
1.922318220138549805e+00
1.106633424758911133e+00
9.737601280212402344e-01
6.826472282409667969e-01
1.266014337539672852e+00
1.044815540313720703e+00
1.409341812133789062e+00
6.733975410461425781e-01
1.274024486541748047e+00
1.951628923416137695e+00
1.103795766830444336e+00
1.052175045013427734e+00
1.370158433914184570e+00
7.822039127349853516e-01
1.308686017990112305e+00
8.676707744598388672e-01
1.151245355606079102e+00
1.183377504348754883e+00
2.022981166839599609e+00
1.137626409530639648e+00
1.093944787979125977e+00
1.083012342453002930e+00
7.696926593780517578e-01
1.022139549255371094e+00
1.089826107025146484e+00
1.741846323013305664e+00
1.360536336898803711e+00
8.262019157409667969e-01
2.107227802276611328e+00
1.194498300552368164e+00
1.904033422470092773e+00
1.086223602294921875e+00
1.277923107147216797e+00
8.890583515167236328e-01
1.917075395584106445e+00
1.446709156036376953e+00
1.348680019378662109e+00
1.382233858108520508e+00
7.544505596160888672e-01
1.339399576187133789e+00
1.686900377273559570e+00
7.334001064300537109e-01
9.806382656097412109e-01
8.063273429870605469e-01
1.483311176300048828e+00
6.667635440826416016e-01
1.195496082305908203e+00
1.816649675369262695e+00
1.751881122589111328e+00
9.412920475006103516e-01
2.320881366729736328e+00
9.510846138000488281e-01
7.302069664001464844e-01
1.545831680297851562e+00
1.027361631393432617e+00
1.196138381958007812e+00
6.669170856475830078e-01
1.186599493026733398e+00
2.036157846450805664e+00
1.591333866119384766e+00
6.661314964294433594e-01
1.619303941726684570e+00
1.191231250762939453e+00
1.631968259811401367e+00
1.681555271148681641e+00
1.278786420822143555e+00
6.683187484741210938e-01
1.911498308181762695e+00
6.997158527374267578e-01
1.049114227294921875e+00
6.767358779907226562e-01
6.749668121337890625e-01
1.700944900512695312e+00
1.276959180831909180e+00
7.925269603729248047e-01
9.434292316436767578e-01
6.878700256347656250e-01
1.236088037490844727e+00
1.806436538696289062e+00
1.636165857315063477e+00
1.668729543685913086e+00
1.197549104690551758e+00
1.094387292861938477e+00
9.901988506317138672e-01
6.805858612060546875e-01
6.753127574920654297e-01
1.310712575912475586e+00
1.602744579315185547e+00
6.727559566497802734e-01
1.578671693801879883e+00
1.480299949645996094e+00
1.116372823715209961e+00
1.044376134872436523e+00
1.160881757736206055e+00
1.480188131332397461e+00
1.345443725585937500e+00
6.633825302124023438e-01
6.616230010986328125e-01
2.033680438995361328e+00
6.972885131835937500e-01
6.871643066406250000e-01
1.465348958969116211e+00
6.715328693389892578e-01
1.238651275634765625e+00
1.601942300796508789e+00
1.488551378250122070e+00
1.820533752441406250e+00
9.902873039245605469e-01
1.602816104888916016e+00
8.089506626129150391e-01
1.021586179733276367e+00
1.207241773605346680e+00
1.672647953033447266e+00
6.937663555145263672e-01
1.756917238235473633e+00
1.042057991027832031e+00
1.495175838470458984e+00
8.778052330017089844e-01
1.300297975540161133e+00
1.090399742126464844e+00
6.897859573364257812e-01
1.024307727813720703e+00
7.089586257934570312e-01
6.712930202484130859e-01
6.661913394927978516e-01
9.401087760925292969e-01
2.249101161956787109e+00
1.800728082656860352e+00
1.131207466125488281e+00
8.194808959960937500e-01
1.729713439941406250e+00
6.728761196136474609e-01
1.631608486175537109e+00
6.636793613433837891e-01
1.108750581741333008e+00
1.855700731277465820e+00
1.286404132843017578e+00
1.221883535385131836e+00
1.358463525772094727e+00
7.879521846771240234e-01
1.085135459899902344e+00
1.666442394256591797e+00
8.904066085815429688e-01
7.214295864105224609e-01
9.634802341461181641e-01
1.349941015243530273e+00
1.847825050354003906e+00
1.530446529388427734e+00
1.037428855895996094e+00
1.802518844604492188e+00
1.083085775375366211e+00
6.857147216796875000e-01
1.221253156661987305e+00
6.650850772857666016e-01
8.630242347717285156e-01
1.029044389724731445e+00
1.136606693267822266e+00
7.204201221466064453e-01
1.070791959762573242e+00
1.169581174850463867e+00
1.003708600997924805e+00
1.009412765502929688e+00
7.345893383026123047e-01
1.781853199005126953e+00
1.345647811889648438e+00
7.067761421203613281e-01
6.674437522888183594e-01
1.689442634582519531e+00
1.737030506134033203e+00
1.209202766418457031e+00
1.078179597854614258e+00
1.247554302215576172e+00
2.159445285797119141e+00
9.496500492095947266e-01
6.715195178985595703e-01
7.199168205261230469e-01
1.574161529541015625e+00
7.094147205352783203e-01
2.664434194564819336e+00
1.928207397460937500e+00
1.019035577774047852e+00
1.598380088806152344e+00
7.133238315582275391e-01
1.533869981765747070e+00
1.320392370223999023e+00
7.607972621917724609e-01
1.488174438476562500e+00
1.751353025436401367e+00
1.524273157119750977e+00
1.061514139175415039e+00
7.120280265808105469e-01
1.115900754928588867e+00
7.389547824859619141e-01
1.940097808837890625e+00
2.330194711685180664e+00
9.684386253356933594e-01
7.070875167846679688e-01
7.564833164215087891e-01
1.580456018447875977e+00
7.013871669769287109e-01
1.745716810226440430e+00
2.381172895431518555e+00
1.679602384567260742e+00
1.234423875808715820e+00
7.111058235168457031e-01
1.061267375946044922e+00
2.093303918838500977e+00
1.040846824645996094e+00
1.287781953811645508e+00
1.003356695175170898e+00
1.826833486557006836e+00
7.266519069671630859e-01
1.306156396865844727e+00
1.747283935546875000e+00
1.337079286575317383e+00
1.471443891525268555e+00
1.114627838134765625e+00
7.106573581695556641e-01
1.910490512847900391e+00
1.020761251449584961e+00
1.758129835128784180e+00
1.992367744445800781e+00
1.011846065521240234e+00
7.530732154846191406e-01
9.184648990631103516e-01
1.200858354568481445e+00
1.035332918167114258e+00
2.146940469741821289e+00
1.076913595199584961e+00
1.256368160247802734e+00
9.089415073394775391e-01
1.332278728485107422e+00
2.407461166381835938e+00
7.934567928314208984e-01
7.074470520019531250e-01
9.214324951171875000e-01
1.029042005538940430e+00
1.985161781311035156e+00
1.095816612243652344e+00
1.426950693130493164e+00
1.127177238464355469e+00
8.565688133239746094e-01
1.078634977340698242e+00
8.098099231719970703e-01
1.147140741348266602e+00
7.918772697448730469e-01
1.207311153411865234e+00
1.323985099792480469e+00
7.686965465545654297e-01
9.628579616546630859e-01
1.810145378112792969e+00
1.442799091339111328e+00
7.047307491302490234e-01
7.137985229492187500e-01
1.018779754638671875e+00
7.168834209442138672e-01
7.073273658752441406e-01
1.258013963699340820e+00
2.022393465042114258e+00
1.738076925277709961e+00
1.403537273406982422e+00
8.861262798309326172e-01
1.036768674850463867e+00
2.018536567687988281e+00
7.089059352874755859e-01
1.652007341384887695e+00
1.280310392379760742e+00
1.375294208526611328e+00
9.965610504150390625e-01
1.520063877105712891e+00
8.439476490020751953e-01
1.038349628448486328e+00
7.923252582550048828e-01
1.124730348587036133e+00
1.632553100585937500e+00
1.179862976074218750e+00
7.082374095916748047e-01
1.891457557678222656e+00
1.076030492782592773e+00
8.993027210235595703e-01
7.403924465179443359e-01
1.735971689224243164e+00
1.568417310714721680e+00
1.165735244750976562e+00
1.114665508270263672e+00
7.392728328704833984e-01
8.682730197906494141e-01
1.056488752365112305e+00
8.472626209259033203e-01
2.162178277969360352e+00
1.081234931945800781e+00
1.631996393203735352e+00
8.783497810363769531e-01
1.009031057357788086e+00
1.258982419967651367e+00
7.070319652557373047e-01
1.484850168228149414e+00
1.205668210983276367e+00
8.774869441986083984e-01
8.822076320648193359e-01
1.214453220367431641e+00
2.127637147903442383e+00
7.108805179595947266e-01
9.463632106781005859e-01
2.054443120956420898e+00
2.557901620864868164e+00
1.952391862869262695e+00
1.622394561767578125e+00
1.465614557266235352e+00
1.546138525009155273e+00
1.009225606918334961e+00
1.478152513504028320e+00
1.735874891281127930e+00
7.060432434082031250e-01
1.387608528137207031e+00
1.307386159896850586e+00
7.330105304718017578e-01
7.095050811767578125e-01
8.020379543304443359e-01
7.083485126495361328e-01
9.170470237731933594e-01
7.069129943847656250e-01
1.189510822296142578e+00
7.118647098541259766e-01
9.877731800079345703e-01
2.202889680862426758e+00
9.528231620788574219e-01
7.325859069824218750e-01
7.005591392517089844e-01
9.279594421386718750e-01
7.100782394409179688e-01
7.398240566253662109e-01
7.104692459106445312e-01
7.083878517150878906e-01
9.670891761779785156e-01
2.595853090286254883e+00
1.865938663482666016e+00
1.891864299774169922e+00
1.778479337692260742e+00
1.994496822357177734e+00
1.241330623626708984e+00
7.989785671234130859e-01
7.454783916473388672e-01
9.038789272308349609e-01
7.077326774597167969e-01
1.215678453445434570e+00
1.395470380783081055e+00
7.112264633178710938e-01
1.066946029663085938e+00
1.437385320663452148e+00
1.477873563766479492e+00
7.144842147827148438e-01
1.682167291641235352e+00
9.814131259918212891e-01
1.149776935577392578e+00
7.086601257324218750e-01
7.208321094512939453e-01
1.946831941604614258e+00
1.126199483871459961e+00
1.262895822525024414e+00
2.330836772918701172e+00
1.304335594177246094e+00
1.765540599822998047e+00
1.670944929122924805e+00
1.187599658966064453e+00
1.370893716812133789e+00
1.985908031463623047e+00
3.468913555145263672e+00
7.185957431793212891e-01
9.709210395812988281e-01
1.306202173233032227e+00
1.443350076675415039e+00
1.985473871231079102e+00
1.175194025039672852e+00
7.789018154144287109e-01
1.920011281967163086e+00
7.299535274505615234e-01
1.566844224929809570e+00
9.384651184082031250e-01
7.734189033508300781e-01
1.453995227813720703e+00
9.561114311218261719e-01
9.026896953582763672e-01
2.178347826004028320e+00
1.854536771774291992e+00
1.400897264480590820e+00
1.347932577133178711e+00
2.153706073760986328e+00
1.659794330596923828e+00
7.172148227691650391e-01
1.561566114425659180e+00
1.072494745254516602e+00
1.343775749206542969e+00
1.532892942428588867e+00
1.481693983078002930e+00
9.047508239746093750e-01
1.266426324844360352e+00
1.412661552429199219e+00
1.536971569061279297e+00
7.096409797668457031e-01
1.774653673171997070e+00
1.309453010559082031e+00
1.335142374038696289e+00
1.743336439132690430e+00
1.434370756149291992e+00
1.226972341537475586e+00
1.556796550750732422e+00
7.003126144409179688e-01
1.201110601425170898e+00
1.648694753646850586e+00
8.105008602142333984e-01
1.170412302017211914e+00
8.749413490295410156e-01
1.157553195953369141e+00
1.468669891357421875e+00
1.186981678009033203e+00
1.822563171386718750e+00
1.341922998428344727e+00
7.840135097503662109e-01
2.386195659637451172e+00
1.264048337936401367e+00
2.390049219131469727e+00
6.992585659027099609e-01
7.063438892364501953e-01
1.467981815338134766e+00
7.381575107574462891e-01
7.356550693511962891e-01
1.093744754791259766e+00
9.314136505126953125e-01
1.579815864562988281e+00
1.395257472991943359e+00
7.165915966033935547e-01
1.238052845001220703e+00
7.004532814025878906e-01
1.744734048843383789e+00
3.572399616241455078e+00
1.605951309204101562e+00
1.053603649139404297e+00
1.009916782379150391e+00
1.134603023529052734e+00
9.598453044891357422e-01
1.266441345214843750e+00
2.276647090911865234e+00
1.979021549224853516e+00
1.155312061309814453e+00
1.942435264587402344e+00
1.610382318496704102e+00
1.009105682373046875e+00
1.669568300247192383e+00
7.032351493835449219e-01
1.241070985794067383e+00
1.788087844848632812e+00
1.241962909698486328e+00
2.138561248779296875e+00
1.081438779830932617e+00
1.253430366516113281e+00
1.538104057312011719e+00
1.018468379974365234e+00
1.160926103591918945e+00
1.221143007278442383e+00
8.489544391632080078e-01
1.952178001403808594e+00
7.123208045959472656e-01
1.466786861419677734e+00
7.536828517913818359e-01
1.561083555221557617e+00
1.636430025100708008e+00
9.858291149139404297e-01
2.614202737808227539e+00
9.014530181884765625e-01
1.284937381744384766e+00
1.837444543838500977e+00
7.073421478271484375e-01
7.071535587310791016e-01
1.533685445785522461e+00
7.812356948852539062e-01
1.111403465270996094e+00
1.300448417663574219e+00
1.413202047348022461e+00
8.876204490661621094e-01
1.199931383132934570e+00
7.636857032775878906e-01
2.273713350296020508e+00
8.588733673095703125e-01
9.529561996459960938e-01
1.007949352264404297e+00
1.209745168685913086e+00
8.370964527130126953e-01
1.229332447052001953e+00
6.669368743896484375e-01
1.477141380310058594e+00
1.034411191940307617e+00
6.808247566223144531e-01
1.797384262084960938e+00
1.052350044250488281e+00
1.631687879562377930e+00
7.372231483459472656e-01
9.317736625671386719e-01
1.065027236938476562e+00
2.282131433486938477e+00
9.313445091247558594e-01
1.269083976745605469e+00
8.341128826141357422e-01
1.337951183319091797e+00
1.475054502487182617e+00
1.695942640304565430e+00
1.850270509719848633e+00
2.088801383972167969e+00
6.614921092987060547e-01
1.450204133987426758e+00
6.592619419097900391e-01
6.666808128356933594e-01
1.569172382354736328e+00
6.557357311248779297e-01
1.393935441970825195e+00
8.104479312896728516e-01
7.427287101745605469e-01
1.008889436721801758e+00
1.073861837387084961e+00
7.975313663482666016e-01
7.744917869567871094e-01
8.547413349151611328e-01
9.866523742675781250e-01
7.913541793823242188e-01
9.871294498443603516e-01
2.911063432693481445e+00
9.865005016326904297e-01
8.826134204864501953e-01
6.545572280883789062e-01
6.913912296295166016e-01
8.474416732788085938e-01
1.077135562896728516e+00
9.471507072448730469e-01
1.064935922622680664e+00
1.974161624908447266e+00
1.636942386627197266e+00
1.140768289566040039e+00
7.404034137725830078e-01
8.962731361389160156e-01
8.351912498474121094e-01
1.364002704620361328e+00
1.189165115356445312e+00
7.909789085388183594e-01
7.944509983062744141e-01
1.214284181594848633e+00
1.846718788146972656e+00
6.551680564880371094e-01
1.189055204391479492e+00
6.587467193603515625e-01
7.685062885284423828e-01
6.610488891601562500e-01
1.113940238952636719e+00
1.336455821990966797e+00
2.253952503204345703e+00
1.146016120910644531e+00
1.233547449111938477e+00
1.466998815536499023e+00
2.052089214324951172e+00
9.006750583648681641e-01
1.126791715621948242e+00
9.197211265563964844e-01
6.620774269104003906e-01
1.436476707458496094e+00
1.278020620346069336e+00
1.766860246658325195e+00
1.054178953170776367e+00
6.645631790161132812e-01
1.184303998947143555e+00
1.680713176727294922e+00
6.648318767547607422e-01
1.327720642089843750e+00
6.649332046508789062e-01
1.332712650299072266e+00
1.394556522369384766e+00
1.412427425384521484e+00
1.551360845565795898e+00
6.840741634368896484e-01
1.579270124435424805e+00
1.243913650512695312e+00
9.718809127807617188e-01
1.121100187301635742e+00
1.358713150024414062e+00
1.689601182937622070e+00
2.790120601654052734e+00
6.926250457763671875e-01
1.314009428024291992e+00
1.460116147994995117e+00
7.764449119567871094e-01
6.620230674743652344e-01
6.662347316741943359e-01
2.459043502807617188e+00
1.158335447311401367e+00
6.954438686370849609e-01
8.432536125183105469e-01
8.412401676177978516e-01
9.551348686218261719e-01
6.579406261444091797e-01
6.597809791564941406e-01
6.815819740295410156e-01
6.574184894561767578e-01
1.615926027297973633e+00
6.750533580780029297e-01
6.611099243164062500e-01
6.594533920288085938e-01
1.886670112609863281e+00
8.524961471557617188e-01
6.614527702331542969e-01
2.803682327270507812e+00
2.037967205047607422e+00
6.491932868957519531e-01
1.066031932830810547e+00
2.303029060363769531e+00
1.254261732101440430e+00
6.584932804107666016e-01
2.334039449691772461e+00
1.699860811233520508e+00
6.607503890991210938e-01
1.631617546081542969e+00
1.498666286468505859e+00
9.497368335723876953e-01
1.126405715942382812e+00
1.269771814346313477e+00
1.012832880020141602e+00
1.013586282730102539e+00
1.268802881240844727e+00
6.595449447631835938e-01
1.365305900573730469e+00
6.585366725921630859e-01
6.589057445526123047e-01
1.983578920364379883e+00
6.674225330352783203e-01
6.566555500030517578e-01
1.054727792739868164e+00
2.301545381546020508e+00
8.755316734313964844e-01
8.180291652679443359e-01
6.847133636474609375e-01
1.418733835220336914e+00
6.606962680816650391e-01
7.936353683471679688e-01
6.613619327545166016e-01
6.746964454650878906e-01
1.175719976425170898e+00
1.236991643905639648e+00
1.270753622055053711e+00
7.047090530395507812e-01
1.781088352203369141e+00
1.576676607131958008e+00
4.536875486373901367e+00
6.644649505615234375e-01
