3.750873088836669922e+00
2.766770839691162109e+00
2.398023366928100586e+00
2.318771123886108398e+00
1.877958536148071289e+00
2.147884607315063477e+00
1.090216159820556641e+00
2.531467676162719727e+00
2.053621053695678711e+00
1.901496410369873047e+00
2.627602815628051758e+00
2.451362609863281250e+00
1.776790857315063477e+00
2.411578416824340820e+00
2.104339122772216797e+00
2.734798908233642578e+00
2.892858028411865234e+00
1.498645544052124023e+00
1.955845355987548828e+00
2.380852222442626953e+00
2.019645690917968750e+00
1.956887960433959961e+00
2.341380357742309570e+00
1.522639989852905273e+00
2.669762849807739258e+00
2.068297386169433594e+00
2.365885972976684570e+00
2.257551908493041992e+00
2.047117233276367188e+00
1.974761724472045898e+00
1.925974369049072266e+00
1.905676603317260742e+00
2.414773225784301758e+00
1.527138710021972656e+00
1.123253583908081055e+00
2.105803012847900391e+00
2.311884403228759766e+00
1.436201572418212891e+00
1.301856279373168945e+00
2.909669399261474609e+00
1.149637699127197266e+00
2.658840179443359375e+00
2.413341760635375977e+00
2.057126998901367188e+00
2.538058280944824219e+00
1.651451110839843750e+00
2.793852329254150391e+00
1.695533275604248047e+00
3.378636121749877930e+00
2.579131364822387695e+00
2.720003843307495117e+00
1.636325359344482422e+00
2.343644857406616211e+00
1.331785917282104492e+00
1.726281642913818359e+00
2.969865083694458008e+00
1.734687566757202148e+00
1.007338523864746094e+00
2.079461574554443359e+00
2.632750988006591797e+00
8.789963722229003906e-01
4.090040683746337891e+00
1.989680767059326172e+00
2.444047451019287109e+00
2.481365203857421875e+00
3.064406871795654297e+00
1.485746860504150391e+00
2.825823783874511719e+00
2.520174264907836914e+00
2.242459058761596680e+00
2.083754062652587891e+00
4.115222930908203125e+00
3.198351621627807617e+00
2.337433576583862305e+00
1.240595817565917969e+00
1.784322023391723633e+00
2.941318750381469727e+00
1.903170824050903320e+00
2.374813795089721680e+00
2.099835157394409180e+00
2.012743234634399414e+00
3.128970861434936523e+00
2.076495170593261719e+00
1.533475637435913086e+00
1.870478391647338867e+00
3.070254564285278320e+00
1.482100725173950195e+00
1.749492645263671875e+00
1.872942924499511719e+00
2.716589927673339844e+00
1.846358537673950195e+00
2.279633283615112305e+00
2.596108198165893555e+00
3.189711093902587891e+00
1.259313106536865234e+00
2.525331974029541016e+00
1.955034255981445312e+00
1.735468864440917969e+00
1.860566616058349609e+00
1.319704771041870117e+00
2.281617164611816406e+00
2.653744220733642578e+00
2.973536729812622070e+00
2.127180576324462891e+00
1.809091329574584961e+00
2.497777938842773438e+00
1.937348127365112305e+00
2.296194553375244141e+00
1.779307126998901367e+00
2.607367038726806641e-01
2.161660432815551758e+00
2.995996475219726562e+00
1.697219133377075195e+00
2.588346481323242188e+00
2.812206029891967773e+00
2.816738367080688477e+00
2.335477352142333984e+00
2.576154708862304688e+00
1.848397970199584961e+00
1.460066080093383789e+00
1.712524414062500000e+00
3.029139041900634766e-01
2.333857059478759766e+00
9.836432933807373047e-01
3.277493715286254883e+00
1.462294340133666992e+00
2.071595907211303711e+00
1.248817205429077148e+00
3.472448587417602539e+00
2.795848369598388672e+00
2.436620950698852539e+00
2.556894063949584961e+00
2.215762376785278320e+00
2.530579090118408203e+00
2.694405555725097656e+00
1.761014938354492188e+00
1.927644252777099609e+00
2.553777694702148438e+00
3.060917615890502930e+00
2.129618167877197266e+00
1.886339187622070312e+00
2.233096599578857422e+00
2.713154792785644531e+00
2.750225067138671875e+00
2.256345272064208984e+00
1.655903577804565430e+00
2.615510463714599609e+00
1.851422548294067383e+00
2.661941289901733398e+00
3.144320011138916016e+00
2.297871112823486328e+00
2.044094324111938477e+00
2.809507369995117188e+00
9.692873954772949219e-01
2.427136421203613281e+00
2.716350078582763672e+00
2.827821969985961914e+00
2.194697141647338867e+00
2.025711774826049805e+00
2.579468727111816406e+00
2.722707271575927734e+00
2.648372888565063477e+00
5.620567798614501953e-01
3.152106523513793945e+00
2.206509590148925781e+00
3.249246597290039062e+00
2.176878690719604492e+00
1.197785854339599609e+00
2.386782407760620117e+00
2.463015079498291016e+00
1.789430141448974609e+00
3.721360206604003906e+00
3.772675514221191406e+00
3.620625734329223633e+00
2.467665433883666992e+00
2.807533025741577148e+00
2.993738412857055664e+00
4.122010231018066406e+00
2.143595933914184570e+00
3.360003709793090820e+00
2.093999147415161133e+00
2.511151075363159180e+00
2.068827152252197266e+00
7.860569953918457031e-01
3.556033611297607422e+00
1.109249353408813477e+00
3.952126264572143555e+00
3.164381027221679688e+00
1.365820169448852539e+00
2.790356397628784180e+00
2.104754686355590820e+00
2.271271944046020508e+00
2.621755361557006836e+00
1.662045955657958984e+00
2.457507610321044922e+00
2.342302083969116211e+00
2.439588785171508789e+00
2.225891351699829102e+00
3.014535903930664062e+00
2.086775064468383789e+00
1.830212831497192383e+00
2.797616958618164062e+00
2.686671733856201172e+00
2.326751232147216797e+00
3.848340749740600586e+00
2.736449241638183594e+00
1.029710769653320312e+00
2.013144254684448242e+00
1.738972187042236328e+00
3.339118957519531250e+00
2.977024793624877930e+00
1.566251039505004883e+00
2.292516946792602539e+00
2.793300867080688477e+00
1.885707855224609375e+00
1.162837505340576172e+00
3.248573780059814453e+00
2.229682922363281250e+00
3.081096410751342773e+00
2.158998727798461914e+00
2.671173095703125000e+00
3.484940290451049805e+00
1.304850578308105469e+00
2.128615379333496094e+00
2.258736848831176758e+00
2.861124277114868164e+00
1.539736509323120117e+00
-6.029431819915771484e-01
2.576623201370239258e+00
1.057089567184448242e+00
1.962324619293212891e+00
1.857621669769287109e+00
2.031684160232543945e+00
2.285111188888549805e+00
1.327859640121459961e+00
3.351490020751953125e+00
2.738249540328979492e+00
2.006699800491333008e+00
2.484161615371704102e+00
1.980199575424194336e+00
2.989315748214721680e+00
3.523048877716064453e+00
3.135496854782104492e+00
2.778527498245239258e+00
2.171483516693115234e+00
1.559536218643188477e+00
2.365761041641235352e+00
2.392610788345336914e+00
2.986707925796508789e+00
2.463467597961425781e+00
2.487194776535034180e+00
3.428115367889404297e+00
2.286223173141479492e+00
1.563633441925048828e+00
2.698654651641845703e+00
1.922446489334106445e+00
3.087991476058959961e+00
1.596220254898071289e+00
2.809421777725219727e+00
2.209243059158325195e+00
2.842973232269287109e+00
1.947941303253173828e+00
1.959847450256347656e+00
1.983790874481201172e+00
1.936501741409301758e+00
2.063531160354614258e+00
2.170077800750732422e+00
1.518694400787353516e+00
3.180529356002807617e+00
2.441515207290649414e+00
3.070984125137329102e+00
2.051437854766845703e+00
3.450126886367797852e+00
2.826966047286987305e+00
2.123936891555786133e+00
2.783225536346435547e+00
2.669720888137817383e+00
2.587492227554321289e+00
2.596376895904541016e+00
2.534186840057373047e+00
2.537834644317626953e+00
1.713890314102172852e+00
2.234150648117065430e+00
2.019346952438354492e+00
3.350552797317504883e+00
2.960381031036376953e+00
2.203276872634887695e+00
1.114065647125244141e+00
2.576227664947509766e+00
2.119814157485961914e+00
2.425382852554321289e+00
1.577702999114990234e+00
1.460811138153076172e+00
2.845875501632690430e+00
2.827592849731445312e+00
1.846842765808105469e+00
2.229273557662963867e+00
2.237624883651733398e+00
2.131871461868286133e+00
2.577246189117431641e+00
3.483434200286865234e+00
1.946261882781982422e+00
2.738395690917968750e+00
3.228343486785888672e+00
3.305074691772460938e+00
4.138553857803344727e+00
1.462384939193725586e+00
2.953649520874023438e+00
2.130520343780517578e+00
1.212690353393554688e+00
6.730937957763671875e-01
2.177825927734375000e+00
1.363400697708129883e+00
2.295962572097778320e+00
1.914402723312377930e+00
4.446581363677978516e+00
3.710731744766235352e+00
2.768260955810546875e+00
2.874562978744506836e+00
4.230917930603027344e+00
9.685935974121093750e-01
3.162182807922363281e+00
3.608839988708496094e+00
4.632930040359497070e+00
2.653381347656250000e+00
3.307460784912109375e+00
2.364767074584960938e+00
1.681055545806884766e+00
3.200069427490234375e+00
3.825614452362060547e+00
2.137368440628051758e+00
2.697915792465209961e+00
2.278707742691040039e+00
2.945770502090454102e+00
1.992896318435668945e+00
1.945851087570190430e+00
1.586893081665039062e+00
1.862730503082275391e+00
1.755359172821044922e+00
1.355061292648315430e+00
2.245184659957885742e+00
1.656085014343261719e+00
1.884438753128051758e+00
2.164829015731811523e+00
3.008229732513427734e+00
2.793522596359252930e+00
2.413723945617675781e+00
1.789802789688110352e+00
2.069419860839843750e+00
1.079938173294067383e+00
2.154346942901611328e+00
1.968337059020996094e+00
2.996876478195190430e+00
1.565400123596191406e+00
1.194152593612670898e+00
2.467962980270385742e+00
-1.048779487609863281e-02
1.978238582611083984e+00
1.125710725784301758e+00
1.367497444152832031e+00
2.276564598083496094e+00
1.318190097808837891e+00
5.376384258270263672e-01
2.385125637054443359e+00
1.440365791320800781e+00
1.558490753173828125e+00
2.832731723785400391e+00
1.969673156738281250e+00
2.053360462188720703e+00
2.969172239303588867e+00
2.388086318969726562e+00
1.864612102508544922e+00
1.878758430480957031e+00
2.252606153488159180e+00
1.118431806564331055e+00
2.254412889480590820e+00
1.446877241134643555e+00
1.837104797363281250e+00
2.287254095077514648e+00
1.876876115798950195e+00
1.349211215972900391e+00
1.938477754592895508e+00
1.549993515014648438e+00
3.037207841873168945e+00
3.347880840301513672e+00
2.116803169250488281e+00
1.843570470809936523e+00
1.828962564468383789e+00
2.968792200088500977e+00
2.756333351135253906e+00
1.911036491394042969e+00
2.996186733245849609e+00
1.891889810562133789e+00
1.850678920745849609e+00
2.376554012298583984e+00
1.493093967437744141e+00
2.413984298706054688e+00
1.862437725067138672e+00
1.743228197097778320e+00
9.010512828826904297e-01
1.960940122604370117e+00
3.243499755859375000e+00
1.557117462158203125e+00
2.559945583343505859e+00
2.432174682617187500e+00
1.946849107742309570e+00
2.141912221908569336e+00
2.103025436401367188e+00
1.952914237976074219e+00
2.123180627822875977e+00
1.957578182220458984e+00
1.974178075790405273e+00
1.380916118621826172e+00
3.145014762878417969e+00
2.093022823333740234e+00
3.024822473526000977e+00
1.740965366363525391e+00
3.326540708541870117e+00
2.640165328979492188e+00
1.591619968414306641e+00
1.498390674591064453e+00
2.261740922927856445e+00
1.042193174362182617e+00
2.287172079086303711e+00
2.014838218688964844e+00
2.734889507293701172e+00
2.551362276077270508e+00
2.386875867843627930e+00
3.208996057510375977e+00
1.793789625167846680e+00
2.169730424880981445e+00
2.068835020065307617e+00
2.505555152893066406e+00
2.338397264480590820e+00
1.751297712326049805e+00
1.784223318099975586e+00
2.859712123870849609e+00
2.547583818435668945e+00
2.375180721282958984e+00
3.408621311187744141e+00
1.085185766220092773e+00
1.076200723648071289e+00
3.104521512985229492e+00
2.178833723068237305e+00
2.169034719467163086e+00
1.593137741088867188e+00
2.879809617996215820e+00
3.161815643310546875e+00
1.393285036087036133e+00
1.129837274551391602e+00
1.120331764221191406e+00
4.405438899993896484e-01
2.586617946624755859e+00
3.016753196716308594e+00
2.085818290710449219e+00
2.286401271820068359e+00
2.394622087478637695e+00
1.146931648254394531e+00
2.215188026428222656e+00
8.552999496459960938e-01
2.708944320678710938e+00
1.589078903198242188e+00
2.136263370513916016e+00
2.646995544433593750e+00
2.891704082489013672e+00
2.019777536392211914e+00
2.915623188018798828e+00
1.483740329742431641e+00
2.645382404327392578e+00
1.456591129302978516e+00
2.128059864044189453e+00
3.590884923934936523e+00
2.486917018890380859e+00
2.099543094635009766e+00
2.144494056701660156e+00
3.053291559219360352e+00
2.858487129211425781e+00
2.000806093215942383e+00
2.083108186721801758e+00
2.582602977752685547e+00
1.652726173400878906e+00
2.327100038528442383e+00
3.051531076431274414e+00
2.637356042861938477e+00
3.238520622253417969e+00
1.642575979232788086e+00
1.422022581100463867e+00
1.928400993347167969e+00
2.210487604141235352e+00
2.203041553497314453e+00
2.357461452484130859e+00
2.495541572570800781e+00
2.135598897933959961e+00
1.420418500900268555e+00
2.729604482650756836e+00
1.643391847610473633e+00
2.506435632705688477e+00
2.212113857269287109e+00
2.398099660873413086e+00
6.716902256011962891e-01
1.741127967834472656e+00
2.900416612625122070e+00
2.678286314010620117e+00
1.025023221969604492e+00
2.919098615646362305e+00
2.249157905578613281e+00
5.832915306091308594e-01
2.480346918106079102e+00
2.283082723617553711e+00
1.996610641479492188e+00
1.804123163223266602e+00
1.490123987197875977e+00
8.653118610382080078e-01
1.019897222518920898e+00
1.334424495697021484e+00
2.321686744689941406e-01
2.409070968627929688e+00
2.847614288330078125e+00
2.060023069381713867e+00
1.677712440490722656e+00
1.712720394134521484e+00
2.551376819610595703e+00
2.713496923446655273e+00
1.726276159286499023e+00
1.535869836807250977e+00
2.452496290206909180e+00
2.516042947769165039e+00
1.903495311737060547e+00
2.669882535934448242e+00
2.634435653686523438e+00
1.164130687713623047e+00
3.106361389160156250e+00
3.705848932266235352e+00
2.356766939163208008e+00
2.223074674606323242e+00
1.732343435287475586e+00
1.740412473678588867e+00
1.108632087707519531e+00
3.079922914505004883e+00
1.561388254165649414e+00
1.462430238723754883e+00
1.874901056289672852e+00
2.116299867630004883e+00
1.795316219329833984e+00
1.639258861541748047e+00
2.969082593917846680e+00
2.625620841979980469e+00
1.962280273437500000e+00
2.288321495056152344e+00
8.496930599212646484e-01
1.740718126296997070e+00
1.658422946929931641e+00
1.580432891845703125e+00
1.791859149932861328e+00
2.545243740081787109e+00
1.700218439102172852e+00
2.187548875808715820e+00
2.819107055664062500e+00
1.567386865615844727e+00
2.330165386199951172e+00
1.583487510681152344e+00
1.848067522048950195e+00
2.085784435272216797e+00
1.950842142105102539e+00
1.768620014190673828e+00
1.102905511856079102e+00
2.523440122604370117e+00
9.450843334197998047e-01
2.955979347229003906e+00
2.236457586288452148e+00
1.571774482727050781e+00
2.628971815109252930e+00
2.346372365951538086e+00
1.810207128524780273e+00
1.998286485671997070e+00
1.951738119125366211e+00
3.954427480697631836e+00
6.037952899932861328e-01
2.232747793197631836e+00
6.571116447448730469e-01
2.092184066772460938e+00
1.228697538375854492e+00
1.360451936721801758e+00
2.056800842285156250e+00
6.769473552703857422e-01
1.297407627105712891e+00
2.389534235000610352e+00
2.133646726608276367e+00
1.967822790145874023e+00
2.114362239837646484e+00
2.058490037918090820e+00
2.337334156036376953e+00
1.180192947387695312e+00
2.937706470489501953e+00
1.786501884460449219e+00
1.581943273544311523e+00
1.702873229980468750e+00
1.635299205780029297e+00
1.524129629135131836e+00
2.477731704711914062e+00
8.873598575592041016e-01
1.589788675308227539e+00
1.071507930755615234e+00
2.528962135314941406e+00
1.855911493301391602e+00
1.368376493453979492e+00
2.742031812667846680e+00
1.661230564117431641e+00
2.734048128128051758e+00
1.802137374877929688e+00
2.715870380401611328e+00
1.101221799850463867e+00
1.676558732986450195e+00
2.584051847457885742e+00
2.699515104293823242e+00
1.673328638076782227e+00
2.251985549926757812e+00
1.964618206024169922e+00
2.225741624832153320e+00
1.039844512939453125e+00
1.717031002044677734e+00
2.021104574203491211e+00
1.588879346847534180e+00
2.484029531478881836e+00
1.290514230728149414e+00
2.289407968521118164e+00
2.303321599960327148e+00
1.701181888580322266e+00
1.470485210418701172e+00
1.776296615600585938e+00
1.223935127258300781e+00
1.992469549179077148e+00
1.517524719238281250e+00
1.834378480911254883e+00
2.317197561264038086e+00
8.409020900726318359e-01
1.794575214385986328e+00
1.496573448181152344e+00
1.105668067932128906e+00
2.317549705505371094e+00
1.753303289413452148e+00
1.710212707519531250e+00
2.107418060302734375e+00
2.288924217224121094e+00
1.662225723266601562e+00
2.341234207153320312e+00
1.128237247467041016e+00
2.568305253982543945e+00
7.156343460083007812e-01
1.937744379043579102e+00
2.797145605087280273e+00
1.471622228622436523e+00
5.317323207855224609e-01
1.529435157775878906e+00
1.778464317321777344e+00
2.912006378173828125e+00
4.163765907287597656e-01
1.023620128631591797e+00
2.500410079956054688e+00
1.065284013748168945e+00
1.963161706924438477e+00
2.215177536010742188e+00
1.181069135665893555e+00
1.446749925613403320e+00
1.502379894256591797e+00
1.167140722274780273e+00
1.646253347396850586e+00
1.975061178207397461e+00
2.238428115844726562e+00
1.474776506423950195e+00
1.819694995880126953e+00
1.852329015731811523e+00
1.845066070556640625e+00
4.950995445251464844e-01
2.997929334640502930e+00
2.386159181594848633e+00
2.702502250671386719e+00
1.761080741882324219e+00
2.302729845046997070e+00
1.638946294784545898e+00
1.869240045547485352e+00
2.559499502182006836e+00
1.396321058273315430e+00
1.545171976089477539e+00
1.121775627136230469e+00
1.687337636947631836e+00
9.703807830810546875e-01
9.490094184875488281e-01
2.753186464309692383e+00
3.585219383239746094e-01
1.205027341842651367e+00
1.460214853286743164e+00
1.531461954116821289e+00
1.184909820556640625e+00
1.712306022644042969e+00
1.507900714874267578e+00
1.374366044998168945e+00
-2.449393272399902344e-01
2.362588644027709961e+00
8.103668689727783203e-01
3.131884813308715820e+00
1.701114177703857422e+00
1.336648225784301758e+00
1.928577184677124023e+00
1.269135951995849609e+00
2.106292009353637695e+00
6.991949081420898438e-01
1.357669830322265625e+00
1.210788249969482422e+00
2.113167047500610352e+00
1.698259115219116211e+00
1.999217033386230469e+00
1.304445743560791016e+00
2.051251649856567383e+00
1.973027706146240234e+00
1.679244995117187500e+00
2.206323385238647461e+00
1.918677568435668945e+00
1.022045135498046875e+00
1.872842073440551758e+00
1.719063043594360352e+00
1.761428117752075195e+00
1.595843315124511719e+00
1.280448436737060547e+00
1.355941295623779297e+00
1.824156999588012695e+00
1.648883104324340820e+00
2.499085664749145508e+00
1.214432001113891602e+00
1.600625038146972656e+00
1.300034761428833008e+00
2.101212501525878906e+00
2.645941972732543945e+00
2.447009325027465820e+00
1.556589126586914062e+00
1.551974296569824219e+00
1.955727577209472656e+00
8.588914871215820312e-01
1.298967361450195312e+00
1.341771602630615234e+00
2.375845670700073242e+00
1.487774848937988281e-01
1.042944669723510742e+00
7.937850952148437500e-01
2.118604898452758789e+00
2.916018247604370117e+00
1.998908519744873047e+00
1.289395093917846680e+00
1.113648414611816406e+00
1.921469926834106445e+00
2.028439044952392578e+00
1.855050325393676758e+00
2.314871549606323242e+00
1.770112037658691406e+00
2.570918798446655273e+00
1.723270893096923828e+00
2.102945804595947266e+00
2.233818292617797852e+00
1.418294429779052734e+00
3.167047739028930664e+00
1.719192743301391602e+00
5.052993297576904297e-01
1.898165464401245117e+00
1.430076599121093750e+00
1.206353902816772461e+00
1.616510391235351562e+00
1.229796409606933594e+00
1.057970762252807617e+00
3.404134511947631836e+00
1.517170190811157227e+00
1.480033397674560547e+00
6.500098705291748047e-01
2.553996562957763672e+00
1.686569213867187500e+00
2.380298614501953125e+00
1.044278621673583984e+00
1.677519798278808594e+00
2.679069519042968750e+00
1.889679431915283203e+00
1.847504377365112305e+00
2.218362569808959961e+00
-1.863903999328613281e-01
2.401580095291137695e+00
2.328814744949340820e+00
2.931463241577148438e+00
1.959885597229003906e+00
2.362019538879394531e+00
1.794699907302856445e+00
1.946499347686767578e+00
2.027700662612915039e+00
2.554658412933349609e+00
1.889308214187622070e+00
1.875043869018554688e+00
1.977340221405029297e+00
1.038315773010253906e+00
2.115981817245483398e+00
1.275086641311645508e+00
8.953394889831542969e-01
1.459431648254394531e+00
3.962707519531250000e-01
1.575023889541625977e+00
1.136418581008911133e+00
2.213550090789794922e+00
1.339603185653686523e+00
1.206195831298828125e+00
1.758008956909179688e+00
1.793672561645507812e+00
2.217309474945068359e+00
1.918349027633666992e+00
2.633665323257446289e+00
1.424213886260986328e+00
-2.363765239715576172e-01
2.400127172470092773e+00
2.341514825820922852e+00
2.124074697494506836e+00
1.649137973785400391e+00
6.301767826080322266e-01
1.299909114837646484e+00
6.222944259643554688e-01
2.093952894210815430e+00
1.707020998001098633e+00
8.697800636291503906e-01
1.534011840820312500e+00
1.480509757995605469e+00
2.362151384353637695e+00
1.676727771759033203e+00
3.041567087173461914e+00
9.104294776916503906e-01
7.498886585235595703e-01
1.344098091125488281e+00
2.196189880371093750e+00
1.936328887939453125e+00
2.122442960739135742e+00
2.610573053359985352e+00
1.379622220993041992e+00
1.921705722808837891e+00
1.004630088806152344e+00
2.163192272186279297e+00
2.339324235916137695e+00
2.418136596679687500e+00
1.879164218902587891e+00
2.291084289550781250e+00
1.334229469299316406e+00
2.335987091064453125e+00
1.489067316055297852e+00
1.398932218551635742e+00
1.245962858200073242e+00
2.572519302368164062e+00
2.215715408325195312e+00
9.212608337402343750e-01
1.738900423049926758e+00
2.397009134292602539e+00
2.431221008300781250e+00
1.823503732681274414e+00
2.234157085418701172e+00
7.348017692565917969e-01
7.853801250457763672e-01
2.310301065444946289e+00
1.572626590728759766e+00
1.270583868026733398e+00
2.041692256927490234e+00
1.374517440795898438e+00
2.393218040466308594e+00
2.139063358306884766e+00
2.267055034637451172e+00
2.844310998916625977e+00
1.698477268218994141e+00
1.141027212142944336e+00
1.930272102355957031e+00
1.764288425445556641e+00
2.265137672424316406e+00
2.260324716567993164e+00
1.048007249832153320e+00
1.970759153366088867e+00
1.582554340362548828e+00
1.680231571197509766e+00
1.866665840148925781e+00
1.597351312637329102e+00
2.006836414337158203e+00
2.178547143936157227e+00
2.340004444122314453e+00
1.797411680221557617e+00
2.481222152709960938e+00
1.661169528961181641e+00
2.028094530105590820e+00
1.744584798812866211e+00
2.111452817916870117e+00
1.246832132339477539e+00
2.585121631622314453e+00
1.585645198822021484e+00
2.419251918792724609e+00
3.023812532424926758e+00
2.688821554183959961e+00
1.556153774261474609e+00
1.209064483642578125e+00
2.786333560943603516e+00
2.407190799713134766e+00
3.391179323196411133e+00
2.628232717514038086e+00
9.105591773986816406e-01
3.905999660491943359e-01
2.384256601333618164e+00
1.631928682327270508e+00
4.552416801452636719e-01
9.702529907226562500e-01
2.619791746139526367e+00
1.408248901367187500e+00
3.019914627075195312e+00
2.542767763137817383e+00
2.146537542343139648e+00
2.661978721618652344e+00
2.642670631408691406e+00
1.939645528793334961e+00
2.887260437011718750e+00
2.921369314193725586e+00
8.423504829406738281e-01
2.408313035964965820e+00
3.183652877807617188e+00
2.709651947021484375e+00
2.887367963790893555e+00
2.383866548538208008e+00
3.595412492752075195e+00
2.072213172912597656e+00
2.251632213592529297e+00
3.520386934280395508e+00
1.294112205505371094e+00
3.658206224441528320e+00
2.621194124221801758e+00
1.498491287231445312e+00
1.378536939620971680e+00
2.683012723922729492e+00
4.932250976562500000e-01
2.456449747085571289e+00
2.505435466766357422e+00
7.112166881561279297e-01
2.587252378463745117e+00
1.241192102432250977e+00
8.879108428955078125e-01
1.941802024841308594e+00
1.938913822174072266e+00
1.068027019500732422e+00
1.896661043167114258e+00
1.269221305847167969e+00
1.947478055953979492e+00
2.384453058242797852e+00
6.119825839996337891e-01
1.346830129623413086e+00
1.452808618545532227e+00
2.293226718902587891e+00
1.342600584030151367e+00
2.158823013305664062e+00
2.161872625350952148e+00
1.319658994674682617e+00
2.295092105865478516e+00
1.435292959213256836e+00
1.646772384643554688e+00
2.097130060195922852e+00
1.421346426010131836e+00
1.899930477142333984e+00
1.804119825363159180e+00
3.572042465209960938e+00
1.123769998550415039e+00
2.149690151214599609e+00
1.616237878799438477e+00
2.204974651336669922e+00
1.624557495117187500e+00
2.529683589935302734e+00
2.428645610809326172e+00
9.779901504516601562e-01
1.782133340835571289e+00
1.265715599060058594e+00
1.754990100860595703e+00
1.465494632720947266e+00
6.735508441925048828e-01
3.632377386093139648e+00
3.446398735046386719e+00
2.124770879745483398e+00
2.077619552612304688e+00
3.558811664581298828e+00
3.480990886688232422e+00
4.112514257431030273e+00
2.908642530441284180e+00
3.573712348937988281e+00
2.373597383499145508e+00
1.783549308776855469e+00
1.456861257553100586e+00
3.132672309875488281e+00
2.410344839096069336e+00
3.530871868133544922e+00
2.888316392898559570e+00
3.644046068191528320e+00
3.355657339096069336e+00
2.503244161605834961e+00
2.310796737670898438e+00
3.480224370956420898e+00
3.494150161743164062e+00
2.119286298751831055e+00
3.910111904144287109e+00
3.352443933486938477e+00
3.106734752655029297e+00
3.809337854385375977e+00
3.104726552963256836e+00
2.081833600997924805e+00
1.454283475875854492e+00
2.280877590179443359e+00
3.310222387313842773e+00
2.575528383255004883e+00
3.799480676651000977e+00
2.706823348999023438e+00
1.535681247711181641e+00
3.678957939147949219e+00
4.073643207550048828e+00
3.049809455871582031e+00
4.092691421508789062e+00
1.823345422744750977e+00
3.483374834060668945e+00
3.754513740539550781e+00
2.079646587371826172e+00
1.893711328506469727e+00
2.655720949172973633e+00
3.587304830551147461e+00
2.390674352645874023e+00
3.156072616577148438e+00
2.783445119857788086e+00
3.816090583801269531e+00
3.156840562820434570e+00
1.400003910064697266e+00
2.695433616638183594e+00
4.064353704452514648e+00
3.618091106414794922e+00
3.724637269973754883e+00
3.486661672592163086e+00
3.327306747436523438e+00
3.962224245071411133e+00
2.112384796142578125e+00
4.354494094848632812e+00
3.298040866851806641e+00
2.928938865661621094e+00
3.639652490615844727e+00
3.974389791488647461e+00
2.051566600799560547e+00
1.866401672363281250e+00
3.468907594680786133e+00
4.258302211761474609e+00
3.219594717025756836e+00
4.219614744186401367e+00
3.976888418197631836e+00
3.462699174880981445e+00
3.300467967987060547e+00
3.232756137847900391e+00
3.033033847808837891e+00
