3.330355882644653320e+00
3.224969387054443359e+00
4.070598602294921875e+00
3.594685554504394531e+00
3.549262285232543945e+00
3.606792688369750977e+00
4.756805419921875000e+00
3.804935455322265625e+00
4.007277488708496094e+00
4.567176342010498047e+00
3.855109691619873047e+00
4.545110702514648438e+00
4.143268108367919922e+00
4.126640319824218750e+00
4.671195983886718750e+00
3.959817171096801758e+00
3.833061218261718750e+00
3.811823129653930664e+00
4.357668876647949219e+00
3.852520465850830078e+00
4.277305126190185547e+00
3.722754478454589844e+00
3.815835475921630859e+00
3.734458923339843750e+00
2.955391883850097656e+00
2.964936733245849609e+00
3.647885799407958984e+00
3.156780242919921875e+00
2.854555130004882812e+00
3.179625272750854492e+00
3.149446487426757812e+00
3.298568964004516602e+00
2.919164657592773438e+00
3.481010437011718750e+00
3.440337657928466797e+00
3.039058208465576172e+00
2.621310710906982422e+00
2.950402498245239258e+00
2.923942089080810547e+00
3.093230247497558594e+00
2.706224441528320312e+00
2.836404561996459961e+00
2.797550678253173828e+00
2.833691120147705078e+00
2.998653411865234375e+00
3.024726629257202148e+00
3.193165779113769531e+00
2.934249877929687500e+00
2.975130796432495117e+00
2.935264587402343750e+00
3.171168327331542969e+00
2.763763666152954102e+00
2.732807874679565430e+00
2.805228710174560547e+00
2.872680187225341797e+00
3.027084350585937500e+00
3.081419944763183594e+00
2.841701984405517578e+00
2.987644910812377930e+00
2.520073890686035156e+00
3.012211561203002930e+00
2.782883167266845703e+00
2.801590919494628906e+00
2.976278305053710938e+00
2.804933547973632812e+00
2.815191268920898438e+00
3.800886154174804688e+00
2.952559947967529297e+00
2.812109470367431641e+00
2.677811622619628906e+00
2.833134174346923828e+00
2.828313827514648438e+00
2.896816730499267578e+00
2.661252975463867188e+00
2.714488744735717773e+00
3.339711427688598633e+00
2.995409011840820312e+00
2.907988071441650391e+00
2.705444335937500000e+00
2.747445106506347656e+00
2.798235177993774414e+00
2.911729812622070312e+00
3.103639125823974609e+00
2.810388565063476562e+00
2.741060018539428711e+00
3.070081949234008789e+00
3.209114789962768555e+00
2.854432106018066406e+00
2.935675144195556641e+00
2.877686262130737305e+00
2.875909805297851562e+00
2.804181098937988281e+00
2.757558345794677734e+00
2.913501262664794922e+00
3.049698352813720703e+00
2.958048343658447266e+00
2.864468812942504883e+00
2.687742233276367188e+00
2.924566268920898438e+00
3.041337013244628906e+00
3.045022964477539062e+00
2.876274585723876953e+00
2.933056831359863281e+00
2.849560737609863281e+00
2.717366695404052734e+00
2.727359294891357422e+00
2.642930030822753906e+00
3.003505229949951172e+00
2.756225585937500000e+00
2.977927684783935547e+00
2.887752056121826172e+00
3.088371276855468750e+00
2.968962669372558594e+00
2.935519456863403320e+00
3.243074178695678711e+00
2.825400114059448242e+00
3.171022415161132812e+00
2.778428077697753906e+00
2.864695310592651367e+00
2.887157678604125977e+00
2.675382614135742188e+00
2.938335418701171875e+00
2.917142629623413086e+00
2.944740772247314453e+00
2.840398788452148438e+00
3.222282171249389648e+00
2.929026603698730469e+00
3.020873546600341797e+00
2.651660442352294922e+00
2.872939109802246094e+00
3.472243785858154297e+00
2.864506244659423828e+00
3.097849369049072266e+00
2.707915306091308594e+00
2.936490774154663086e+00
2.886166334152221680e+00
2.832129716873168945e+00
2.682909011840820312e+00
3.050115585327148438e+00
3.293505430221557617e+00
2.808301448822021484e+00
2.805510997772216797e+00
2.924272537231445312e+00
2.598844528198242188e+00
3.195608615875244141e+00
2.785400629043579102e+00
3.235911846160888672e+00
2.840968132019042969e+00
3.173369407653808594e+00
3.001781940460205078e+00
2.822139501571655273e+00
2.993494033813476562e+00
2.855535507202148438e+00
2.924896240234375000e+00
2.943323135375976562e+00
3.080631256103515625e+00
2.907149314880371094e+00
2.915496349334716797e+00
2.910952568054199219e+00
2.656153202056884766e+00
2.890812873840332031e+00
3.485184669494628906e+00
3.156437397003173828e+00
2.988754987716674805e+00
3.021110057830810547e+00
3.006708621978759766e+00
2.914910793304443359e+00
2.991531133651733398e+00
2.849514484405517578e+00
3.032381534576416016e+00
2.728754997253417969e+00
2.855245828628540039e+00
2.818994998931884766e+00
2.941104888916015625e+00
2.760836124420166016e+00
2.929701328277587891e+00
2.774546146392822266e+00
2.877058982849121094e+00
3.101042032241821289e+00
2.881829261779785156e+00
2.845568418502807617e+00
2.737811326980590820e+00
2.900129318237304688e+00
3.256404161453247070e+00
3.062063217163085938e+00
2.916367769241333008e+00
2.834346532821655273e+00
2.898816585540771484e+00
2.759139537811279297e+00
2.830028533935546875e+00
3.061348199844360352e+00
2.675789117813110352e+00
2.695628643035888672e+00
2.810861825942993164e+00
2.725277185440063477e+00
2.765352725982666016e+00
2.891082286834716797e+00
2.908189773559570312e+00
2.847116231918334961e+00
3.071673393249511719e+00
2.749017715454101562e+00
2.696651935577392578e+00
2.937952518463134766e+00
3.084888935089111328e+00
2.860551834106445312e+00
2.847658872604370117e+00
2.981158494949340820e+00
2.894408702850341797e+00
2.913275480270385742e+00
2.542769908905029297e+00
2.828201770782470703e+00
2.640329837799072266e+00
2.749419689178466797e+00
2.763780593872070312e+00
2.705684661865234375e+00
2.879061937332153320e+00
2.724208831787109375e+00
2.890563011169433594e+00
2.900273799896240234e+00
2.868693351745605469e+00
2.781157493591308594e+00
3.068142652511596680e+00
2.767707824707031250e+00
2.717736482620239258e+00
2.873017787933349609e+00
2.992668151855468750e+00
2.562266349792480469e+00
2.959726810455322266e+00
2.680943965911865234e+00
2.746914863586425781e+00
2.697244882583618164e+00
2.875768899917602539e+00
3.125792503356933594e+00
2.804247140884399414e+00
2.934322834014892578e+00
2.558758735656738281e+00
2.911066532135009766e+00
2.714334726333618164e+00
2.948628425598144531e+00
2.800563335418701172e+00
2.508925437927246094e+00
2.770604133605957031e+00
2.776909351348876953e+00
2.638337135314941406e+00
2.997053623199462891e+00
2.645667552947998047e+00
2.877155780792236328e+00
2.897321462631225586e+00
2.907417297363281250e+00
2.852654457092285156e+00
3.005605936050415039e+00
2.783625125885009766e+00
2.870335340499877930e+00
2.758689403533935547e+00
2.840247631072998047e+00
2.695934534072875977e+00
2.697325706481933594e+00
2.610144138336181641e+00
3.001159429550170898e+00
2.782873630523681641e+00
2.670054435729980469e+00
2.642776012420654297e+00
2.919369697570800781e+00
2.975306987762451172e+00
3.088526964187622070e+00
2.994088172912597656e+00
2.796623945236206055e+00
2.806833028793334961e+00
2.903895616531372070e+00
2.795011043548583984e+00
2.842395782470703125e+00
2.628754138946533203e+00
2.740089416503906250e+00
2.667660951614379883e+00
2.722565650939941406e+00
2.510746002197265625e+00
3.180884361267089844e+00
2.603421688079833984e+00
2.536537647247314453e+00
2.801667213439941406e+00
2.751919269561767578e+00
2.542611598968505859e+00
2.668591499328613281e+00
2.741674900054931641e+00
2.641068935394287109e+00
2.844185352325439453e+00
2.641752004623413086e+00
2.605695247650146484e+00
2.773660898208618164e+00
2.725465297698974609e+00
2.731986522674560547e+00
2.593007802963256836e+00
2.535224199295043945e+00
2.977554798126220703e+00
2.511671543121337891e+00
2.807919502258300781e+00
2.782444238662719727e+00
2.790003299713134766e+00
2.732078790664672852e+00
2.819887399673461914e+00
2.629120588302612305e+00
2.603195667266845703e+00
2.848768949508666992e+00
2.656238555908203125e+00
2.848155260086059570e+00
2.456804752349853516e+00
2.689330339431762695e+00
2.704074859619140625e+00
2.921473503112792969e+00
2.557865142822265625e+00
2.504747390747070312e+00
3.058915615081787109e+00
2.683708190917968750e+00
2.530782222747802734e+00
3.114287853240966797e+00
2.681112289428710938e+00
2.423901081085205078e+00
2.549325704574584961e+00
2.560588359832763672e+00
2.842536926269531250e+00
2.721227645874023438e+00
2.470192193984985352e+00
2.781519651412963867e+00
2.459471702575683594e+00
2.569588184356689453e+00
2.803823471069335938e+00
2.555471420288085938e+00
2.647673606872558594e+00
2.753698348999023438e+00
2.591393709182739258e+00
2.553524017333984375e+00
2.583880901336669922e+00
2.479160785675048828e+00
2.608564615249633789e+00
2.537422180175781250e+00
2.491842746734619141e+00
2.540246725082397461e+00
2.550902843475341797e+00
2.647853851318359375e+00
2.656894445419311523e+00
2.794026136398315430e+00
2.452829360961914062e+00
2.637544393539428711e+00
2.665138244628906250e+00
2.643795013427734375e+00
2.500591754913330078e+00
2.528625488281250000e+00
2.780691385269165039e+00
2.652772188186645508e+00
2.648837804794311523e+00
2.589995861053466797e+00
2.733436822891235352e+00
2.759986400604248047e+00
3.360830307006835938e+00
2.881334066390991211e+00
2.619288921356201172e+00
2.643085002899169922e+00
2.473602771759033203e+00
2.467950820922851562e+00
2.657223939895629883e+00
2.778333187103271484e+00
2.577884197235107422e+00
2.415529489517211914e+00
2.569301128387451172e+00
2.793394327163696289e+00
2.517269134521484375e+00
2.691207885742187500e+00
2.609483242034912109e+00
2.650995016098022461e+00
2.570455551147460938e+00
2.653768062591552734e+00
2.486091136932373047e+00
2.701247215270996094e+00
2.505761623382568359e+00
2.540568828582763672e+00
2.497122764587402344e+00
2.382681369781494141e+00
2.337044000625610352e+00
2.644646883010864258e+00
2.669882297515869141e+00
2.562912464141845703e+00
2.331183433532714844e+00
2.739814043045043945e+00
2.367276668548583984e+00
2.619750261306762695e+00
2.541475296020507812e+00
2.454920530319213867e+00
2.491765022277832031e+00
2.418899297714233398e+00
2.453700065612792969e+00
2.265033721923828125e+00
2.578245639801025391e+00
2.606455087661743164e+00
2.637678861618041992e+00
2.667871475219726562e+00
2.623703241348266602e+00
2.598001956939697266e+00
2.437701225280761719e+00
2.560459136962890625e+00
2.609966993331909180e+00
2.364437103271484375e+00
2.516052722930908203e+00
2.360397815704345703e+00
2.521641731262207031e+00
2.610494136810302734e+00
2.624766826629638672e+00
2.514185905456542969e+00
2.503729581832885742e+00
2.538274288177490234e+00
2.446180820465087891e+00
2.235131740570068359e+00
2.345612049102783203e+00
2.271159887313842773e+00
2.370356559753417969e+00
2.482916831970214844e+00
2.641584634780883789e+00
2.424015998840332031e+00
2.604562282562255859e+00
2.692044734954833984e+00
2.576294422149658203e+00
2.267311096191406250e+00
2.570352792739868164e+00
2.584264516830444336e+00
2.486383914947509766e+00
2.434620618820190430e+00
2.424817323684692383e+00
2.535961866378784180e+00
2.285966396331787109e+00
2.513171672821044922e+00
2.587139606475830078e+00
2.422625064849853516e+00
2.317000865936279297e+00
2.475040435791015625e+00
2.356009006500244141e+00
2.500010490417480469e+00
2.542005538940429688e+00
2.481443643569946289e+00
2.692955255508422852e+00
2.133145809173583984e+00
2.543356418609619141e+00
2.581391811370849609e+00
2.594170808792114258e+00
2.340120315551757812e+00
2.330154180526733398e+00
2.259388923645019531e+00
2.388438463211059570e+00
2.538831710815429688e+00
2.520181179046630859e+00
2.457487106323242188e+00
2.544458866119384766e+00
2.553388118743896484e+00
2.666174650192260742e+00
2.391542434692382812e+00
2.314763784408569336e+00
2.328354358673095703e+00
2.499598503112792969e+00
2.515861511230468750e+00
2.407167434692382812e+00
2.346732139587402344e+00
2.441805124282836914e+00
2.431696891784667969e+00
2.310741186141967773e+00
2.239914417266845703e+00
2.502053737640380859e+00
2.287876129150390625e+00
2.387065887451171875e+00
2.132270336151123047e+00
2.431327819824218750e+00
2.459063768386840820e+00
2.487475395202636719e+00
2.417753458023071289e+00
2.241086483001708984e+00
2.524854898452758789e+00
2.389397621154785156e+00
2.303473472595214844e+00
2.421177625656127930e+00
2.338157176971435547e+00
2.351342201232910156e+00
2.581807136535644531e+00
2.395642518997192383e+00
2.115239620208740234e+00
2.181824684143066406e+00
2.346158504486083984e+00
2.342510700225830078e+00
2.447964668273925781e+00
2.367865562438964844e+00
2.324125766754150391e+00
2.565368652343750000e+00
2.770599365234375000e+00
2.454680919647216797e+00
2.489662647247314453e+00
2.362899780273437500e+00
2.341657876968383789e+00
2.273856639862060547e+00
2.445015430450439453e+00
2.404598712921142578e+00
2.358204126358032227e+00
2.133484363555908203e+00
2.237351655960083008e+00
2.255897283554077148e+00
2.684653759002685547e+00
2.467717170715332031e+00
2.536889076232910156e+00
2.231979131698608398e+00
2.308131694793701172e+00
2.340511322021484375e+00
2.149913311004638672e+00
2.401932239532470703e+00
2.555489778518676758e+00
2.303870439529418945e+00
2.410326480865478516e+00
2.640046596527099609e+00
2.466873645782470703e+00
2.355792284011840820e+00
2.361274242401123047e+00
2.446898460388183594e+00
2.471382379531860352e+00
2.360309123992919922e+00
2.282150745391845703e+00
2.344758510589599609e+00
2.484468936920166016e+00
2.461520433425903320e+00
2.221984863281250000e+00
2.163757562637329102e+00
2.267048835754394531e+00
2.448522806167602539e+00
2.123414754867553711e+00
2.488597393035888672e+00
2.407330036163330078e+00
2.519491672515869141e+00
2.374069690704345703e+00
2.591727733612060547e+00
2.286567687988281250e+00
2.295403957366943359e+00
2.471310615539550781e+00
2.327545404434204102e+00
2.312340021133422852e+00
2.095045804977416992e+00
2.475065469741821289e+00
2.311364173889160156e+00
2.196924686431884766e+00
2.365317583084106445e+00
2.155168056488037109e+00
2.363582849502563477e+00
2.418010711669921875e+00
2.198533773422241211e+00
2.469137191772460938e+00
2.440627098083496094e+00
2.535119056701660156e+00
2.292793273925781250e+00
2.382261276245117188e+00
2.332808256149291992e+00
2.266324520111083984e+00
2.453019142150878906e+00
2.208408117294311523e+00
2.158691406250000000e+00
2.153965711593627930e+00
2.325229883193969727e+00
2.234503030776977539e+00
2.169280529022216797e+00
2.306364536285400391e+00
2.131821155548095703e+00
2.129520893096923828e+00
2.182701349258422852e+00
2.426459789276123047e+00
2.348882198333740234e+00
2.420625686645507812e+00
2.509468317031860352e+00
2.244449615478515625e+00
2.418517351150512695e+00
2.145075082778930664e+00
2.307921409606933594e+00
2.372416496276855469e+00
2.098015069961547852e+00
2.411017894744873047e+00
2.399510860443115234e+00
2.319863080978393555e+00
2.222237825393676758e+00
2.378309726715087891e+00
2.147601842880249023e+00
2.326004981994628906e+00
2.563822507858276367e+00
2.165490388870239258e+00
2.330302238464355469e+00
2.450623273849487305e+00
2.167333602905273438e+00
2.205580949783325195e+00
2.176673412322998047e+00
2.101376533508300781e+00
2.303976774215698242e+00
2.481171607971191406e+00
1.879615187644958496e+00
2.207492828369140625e+00
2.301640510559082031e+00
2.363595724105834961e+00
2.225891590118408203e+00
2.208822488784790039e+00
2.081708431243896484e+00
2.327000141143798828e+00
2.127144336700439453e+00
1.993825912475585938e+00
2.318667650222778320e+00
2.284666061401367188e+00
2.177004337310791016e+00
2.140568733215332031e+00
2.124970674514770508e+00
2.153718948364257812e+00
2.274327754974365234e+00
2.184888362884521484e+00
2.420211315155029297e+00
2.103200435638427734e+00
2.001744508743286133e+00
2.289850950241088867e+00
2.309091329574584961e+00
2.148652553558349609e+00
2.256902694702148438e+00
2.352089881896972656e+00
2.231948375701904297e+00
2.291906356811523438e+00
2.377848386764526367e+00
2.056931018829345703e+00
2.516020536422729492e+00
2.432769536972045898e+00
2.125428676605224609e+00
2.020412445068359375e+00
2.259366512298583984e+00
2.225182533264160156e+00
1.959978699684143066e+00
2.095853805541992188e+00
2.295775890350341797e+00
2.167139530181884766e+00
2.027297973632812500e+00
2.036740064620971680e+00
2.089411258697509766e+00
2.317576169967651367e+00
2.160226345062255859e+00
2.045109272003173828e+00
2.055294275283813477e+00
2.017671823501586914e+00
2.082312107086181641e+00
2.013597965240478516e+00
2.239184379577636719e+00
2.030121088027954102e+00
2.087562322616577148e+00
2.408913373947143555e+00
2.102944135665893555e+00
2.104712247848510742e+00
2.218145847320556641e+00
2.153217315673828125e+00
2.166003704071044922e+00
2.138406515121459961e+00
2.207792758941650391e+00
2.261025905609130859e+00
2.070550203323364258e+00
2.271943569183349609e+00
2.145561695098876953e+00
2.140808343887329102e+00
2.330803871154785156e+00
2.286807298660278320e+00
2.348715543746948242e+00
2.084130764007568359e+00
2.027863979339599609e+00
2.092294454574584961e+00
2.171348333358764648e+00
2.239356040954589844e+00
2.079504728317260742e+00
2.089159488677978516e+00
2.103878974914550781e+00
1.848249673843383789e+00
2.134715795516967773e+00
2.050745010375976562e+00
1.920700430870056152e+00
2.049055576324462891e+00
2.188418865203857422e+00
1.884028196334838867e+00
2.124741077423095703e+00
2.107523202896118164e+00
1.967723488807678223e+00
2.350335597991943359e+00
2.209635496139526367e+00
2.229303121566772461e+00
1.985242605209350586e+00
2.000891208648681641e+00
2.202503681182861328e+00
1.938982009887695312e+00
2.191788434982299805e+00
2.056498050689697266e+00
2.196553707122802734e+00
2.254713773727416992e+00
1.988621473312377930e+00
2.058496236801147461e+00
2.077926397323608398e+00
2.134215116500854492e+00
2.131005287170410156e+00
2.019019603729248047e+00
2.317379474639892578e+00
2.192381143569946289e+00
2.061660766601562500e+00
2.045010089874267578e+00
2.429535865783691406e+00
1.892885923385620117e+00
2.306543350219726562e+00
2.005998373031616211e+00
1.975452899932861328e+00
2.015109062194824219e+00
2.098398923873901367e+00
2.072511672973632812e+00
2.026743888854980469e+00
1.918578982353210449e+00
1.853313803672790527e+00
1.873287320137023926e+00
2.034411907196044922e+00
2.104698181152343750e+00
2.132203102111816406e+00
2.108000755310058594e+00
2.126646280288696289e+00
1.874965667724609375e+00
1.985506296157836914e+00
2.337704181671142578e+00
2.153049707412719727e+00
2.235296964645385742e+00
2.219747066497802734e+00
2.036719322204589844e+00
2.070250272750854492e+00
1.944704532623291016e+00
2.336403608322143555e+00
2.070221185684204102e+00
2.362248897552490234e+00
1.961524724960327148e+00
2.205464124679565430e+00
2.221213340759277344e+00
1.862169027328491211e+00
2.126808166503906250e+00
1.971505761146545410e+00
2.214513778686523438e+00
2.304302215576171875e+00
1.996263265609741211e+00
1.916677713394165039e+00
2.079572200775146484e+00
2.285665035247802734e+00
1.997197389602661133e+00
2.079518079757690430e+00
2.006542921066284180e+00
2.060301780700683594e+00
2.113184928894042969e+00
2.019454956054687500e+00
2.092803001403808594e+00
1.888219594955444336e+00
2.000687599182128906e+00
2.088846445083618164e+00
2.155632734298706055e+00
2.108628273010253906e+00
2.126274585723876953e+00
1.921660065650939941e+00
2.124869823455810547e+00
2.069840908050537109e+00
2.036219596862792969e+00
2.018669843673706055e+00
2.116249084472656250e+00
2.128134727478027344e+00
2.025146961212158203e+00
2.059326171875000000e+00
2.035672187805175781e+00
2.008539915084838867e+00
2.035181760787963867e+00
2.104089021682739258e+00
2.045702695846557617e+00
2.031660079956054688e+00
2.140093803405761719e+00
1.980087757110595703e+00
2.087018966674804688e+00
2.091285705566406250e+00
2.051588773727416992e+00
2.089790105819702148e+00
1.897846937179565430e+00
2.234979152679443359e+00
1.889566659927368164e+00
2.127123832702636719e+00
2.078176021575927734e+00
2.148626565933227539e+00
1.954951524734497070e+00
2.078612804412841797e+00
2.016290664672851562e+00
2.176622390747070312e+00
2.088833808898925781e+00
1.959969878196716309e+00
2.184827089309692383e+00
2.103332281112670898e+00
2.164038658142089844e+00
2.056515216827392578e+00
1.954552054405212402e+00
2.018333196640014648e+00
2.234234094619750977e+00
1.966328620910644531e+00
2.145118713378906250e+00
2.038847446441650391e+00
1.987759590148925781e+00
2.033569335937500000e+00
2.085744857788085938e+00
2.115366935729980469e+00
1.960027456283569336e+00
1.909427762031555176e+00
2.087810754776000977e+00
2.134233474731445312e+00
2.087093114852905273e+00
1.941115379333496094e+00
2.081099033355712891e+00
2.221243858337402344e+00
1.927037358283996582e+00
1.899068474769592285e+00
2.307948350906372070e+00
2.037336111068725586e+00
2.128654479980468750e+00
1.791360497474670410e+00
2.013536930084228516e+00
1.878173351287841797e+00
1.915850877761840820e+00
1.872329711914062500e+00
2.149825572967529297e+00
2.183433771133422852e+00
1.901160836219787598e+00
1.977580547332763672e+00
1.808286905288696289e+00
2.055363416671752930e+00
1.983812928199768066e+00
1.911325454711914062e+00
1.767866134643554688e+00
2.284823417663574219e+00
2.049708843231201172e+00
1.839993476867675781e+00
1.898530364036560059e+00
1.949798464775085449e+00
2.181786060333251953e+00
2.017203569412231445e+00
2.170210361480712891e+00
2.089569091796875000e+00
1.976633548736572266e+00
2.120075225830078125e+00
2.107373237609863281e+00
2.208641529083251953e+00
1.950692057609558105e+00
1.864631295204162598e+00
2.184602737426757812e+00
1.980877280235290527e+00
1.946223378181457520e+00
1.981700062751770020e+00
1.775291681289672852e+00
1.895992517471313477e+00
1.939327955245971680e+00
2.058433532714843750e+00
1.928428888320922852e+00
2.010414361953735352e+00
2.256800651550292969e+00
2.057095766067504883e+00
1.945346593856811523e+00
2.092342376708984375e+00
1.908485889434814453e+00
1.995118856430053711e+00
1.909778118133544922e+00
1.954464793205261230e+00
1.957094550132751465e+00
2.094465732574462891e+00
1.894603013992309570e+00
1.863008618354797363e+00
2.096775054931640625e+00
1.946079730987548828e+00
2.034996032714843750e+00
1.783361673355102539e+00
1.857623219490051270e+00
2.157182455062866211e+00
2.084078788757324219e+00
2.032553672790527344e+00
2.120581865310668945e+00
2.016194105148315430e+00
2.080590009689331055e+00
2.120671749114990234e+00
2.159546852111816406e+00
1.938255429267883301e+00
1.856939792633056641e+00
1.892921566963195801e+00
2.071439266204833984e+00
2.045775175094604492e+00
1.813471794128417969e+00
2.080092906951904297e+00
1.919899702072143555e+00
1.923284292221069336e+00
2.043572902679443359e+00
1.886136412620544434e+00
2.100196838378906250e+00
1.976282358169555664e+00
2.006286382675170898e+00
2.046182155609130859e+00
1.974595546722412109e+00
1.869248151779174805e+00
1.978668689727783203e+00
1.954488515853881836e+00
1.741053700447082520e+00
1.941025018692016602e+00
1.977885723114013672e+00
1.779467105865478516e+00
2.100133895874023438e+00
1.881994247436523438e+00
1.957727432250976562e+00
1.901506066322326660e+00
1.701975703239440918e+00
1.958684325218200684e+00
2.191081762313842773e+00
1.995033264160156250e+00
1.990294694900512695e+00
2.067870855331420898e+00
1.884661674499511719e+00
2.069674491882324219e+00
2.147305965423583984e+00
1.906054973602294922e+00
2.196027755737304688e+00
2.080929756164550781e+00
1.888711452484130859e+00
2.226529836654663086e+00
2.107590198516845703e+00
1.913535594940185547e+00
1.717058658599853516e+00
1.800055265426635742e+00
1.912638306617736816e+00
1.816659569740295410e+00
1.795009374618530273e+00
2.005329132080078125e+00
1.849214673042297363e+00
1.948137044906616211e+00
2.210312366485595703e+00
1.899967432022094727e+00
1.882198572158813477e+00
1.828862905502319336e+00
2.019848346710205078e+00
2.087814331054687500e+00
1.866374969482421875e+00
2.099241256713867188e+00
1.980626106262207031e+00
1.823783040046691895e+00
2.030451536178588867e+00
1.823641896247863770e+00
2.065904617309570312e+00
1.860404610633850098e+00
1.862603902816772461e+00
2.082443237304687500e+00
1.995156288146972656e+00
1.911880731582641602e+00
1.914807915687561035e+00
1.840676069259643555e+00
2.182656526565551758e+00
1.912619590759277344e+00
2.135148525238037109e+00
1.871717691421508789e+00
2.015053749084472656e+00
2.072467327117919922e+00
1.996095895767211914e+00
1.780086517333984375e+00
2.146715641021728516e+00
2.099309444427490234e+00
1.954205274581909180e+00
2.060394525527954102e+00
1.995275259017944336e+00
1.924732208251953125e+00
1.770575046539306641e+00
1.939458370208740234e+00
2.130219459533691406e+00
1.996259927749633789e+00
2.010515451431274414e+00
2.010426998138427734e+00
2.039960384368896484e+00
1.895399689674377441e+00
2.094419002532958984e+00
2.002744913101196289e+00
1.933999300003051758e+00
2.147737979888916016e+00
2.092279911041259766e+00
1.917711615562438965e+00
1.937928080558776855e+00
2.097525119781494141e+00
1.974372029304504395e+00
1.637886404991149902e+00
2.097703456878662109e+00
2.103925704956054688e+00
1.943091511726379395e+00
2.044426679611206055e+00
1.884681463241577148e+00
1.984393358230590820e+00
1.729221343994140625e+00
2.054115772247314453e+00
1.906175374984741211e+00
1.900628805160522461e+00
1.920915007591247559e+00
1.751101374626159668e+00
1.969331264495849609e+00
1.851988792419433594e+00
1.931769371032714844e+00
1.927160024642944336e+00
1.855506062507629395e+00
1.844560980796813965e+00
1.977870464324951172e+00
1.929288506507873535e+00
1.886247634887695312e+00
1.892816066741943359e+00
1.987852692604064941e+00
1.818285703659057617e+00
2.095465183258056641e+00
2.046628475189208984e+00
1.891474008560180664e+00
1.855400562286376953e+00
2.132974147796630859e+00
1.995411872863769531e+00
1.886353492736816406e+00
1.948553323745727539e+00
1.749860763549804688e+00
1.723706007003784180e+00
1.916728019714355469e+00
2.024802207946777344e+00
2.077052116394042969e+00
1.838638067245483398e+00
1.857780337333679199e+00
1.998822689056396484e+00
1.887114048004150391e+00
1.984650611877441406e+00
2.014387130737304688e+00
1.841667652130126953e+00
2.000010967254638672e+00
1.917617082595825195e+00
1.952154636383056641e+00
1.948875188827514648e+00
1.773419380187988281e+00
1.934163093566894531e+00
1.908526539802551270e+00
1.923267006874084473e+00
1.884411096572875977e+00
1.869741559028625488e+00
2.056482791900634766e+00
1.883853435516357422e+00
1.971633672714233398e+00
1.868595838546752930e+00
1.871689677238464355e+00
2.081117630004882812e+00
1.716859102249145508e+00
1.933443069458007812e+00
1.910298585891723633e+00
1.689148426055908203e+00
1.789620637893676758e+00
1.954202413558959961e+00
1.847404718399047852e+00
1.965401291847229004e+00
1.691267013549804688e+00
2.073750257492065430e+00
1.804292678833007812e+00
