5.905219554901123047e+00
5.226083040237426758e+00
5.331619262695312500e+00
4.880474328994750977e+00
5.176710605621337891e+00
5.079353094100952148e+00
4.572700977325439453e+00
4.867554426193237305e+00
4.776819705963134766e+00
4.759930372238159180e+00
5.153677463531494141e+00
4.994096755981445312e+00
5.290785074234008789e+00
5.176751852035522461e+00
5.311023712158203125e+00
5.187793731689453125e+00
4.795708894729614258e+00
4.935931921005249023e+00
5.022880315780639648e+00
4.911376476287841797e+00
4.525512218475341797e+00
5.143501996994018555e+00
5.240202903747558594e+00
5.055272340774536133e+00
5.300492048263549805e+00
4.925327301025390625e+00
4.727673530578613281e+00
5.025578498840332031e+00
5.264194250106811523e+00
5.044329643249511719e+00
4.777842760086059570e+00
4.866186618804931641e+00
4.714335441589355469e+00
5.137731790542602539e+00
5.100535154342651367e+00
5.324162960052490234e+00
5.132456541061401367e+00
5.062735557556152344e+00
5.009949207305908203e+00
5.049297332763671875e+00
4.992605924606323242e+00
4.974145650863647461e+00
5.296894073486328125e+00
5.132600307464599609e+00
5.042650461196899414e+00
5.206272363662719727e+00
4.906860589981079102e+00
4.989294528961181641e+00
5.343026638031005859e+00
5.262441158294677734e+00
5.078893661499023438e+00
4.983509778976440430e+00
4.830572366714477539e+00
5.039741516113281250e+00
5.251415252685546875e+00
5.105913400650024414e+00
5.210127592086791992e+00
5.213519573211669922e+00
5.225528478622436523e+00
5.159016847610473633e+00
5.039209604263305664e+00
5.218481063842773438e+00
5.066097497940063477e+00
5.151587247848510742e+00
5.046565771102905273e+00
4.989467144012451172e+00
5.291640758514404297e+00
5.094313859939575195e+00
4.932943105697631836e+00
4.790191173553466797e+00
5.249058961868286133e+00
4.977484464645385742e+00
4.931366682052612305e+00
4.960406064987182617e+00
4.611881494522094727e+00
5.166022062301635742e+00
4.872987747192382812e+00
4.915429353713989258e+00
4.990961790084838867e+00
5.040611028671264648e+00
5.124832153320312500e+00
5.162038087844848633e+00
5.137568235397338867e+00
5.002590179443359375e+00
5.240066528320312500e+00
5.152784824371337891e+00
5.207033157348632812e+00
5.130920171737670898e+00
4.932128190994262695e+00
5.201818466186523438e+00
5.242938756942749023e+00
4.994161605834960938e+00
5.154937028884887695e+00
5.062935829162597656e+00
4.909566164016723633e+00
4.997102737426757812e+00
4.916391372680664062e+00
4.846788644790649414e+00
5.277859687805175781e+00
4.819897413253784180e+00
4.878984451293945312e+00
5.237504243850708008e+00
5.029835224151611328e+00
4.738552808761596680e+00
4.888300657272338867e+00
5.424372434616088867e+00
4.776884555816650391e+00
4.760193347930908203e+00
5.088104724884033203e+00
4.969388484954833984e+00
5.187227249145507812e+00
4.860606431961059570e+00
4.647480726242065430e+00
4.572497367858886719e+00
4.814388036727905273e+00
4.630393028259277344e+00
4.634676694869995117e+00
4.945028305053710938e+00
4.905419349670410156e+00
5.608627080917358398e+00
5.192785501480102539e+00
4.820677280426025391e+00
5.181963682174682617e+00
5.120321035385131836e+00
5.155044555664062500e+00
5.088285207748413086e+00
5.128570318222045898e+00
4.915930032730102539e+00
5.304566383361816406e+00
5.208124399185180664e+00
5.093752145767211914e+00
5.102165460586547852e+00
4.931978940963745117e+00
5.256396532058715820e+00
5.059657096862792969e+00
5.260972499847412109e+00
4.931309223175048828e+00
4.811051607131958008e+00
4.724751234054565430e+00
5.111227035522460938e+00
4.999949216842651367e+00
4.365755558013916016e+00
4.428544282913208008e+00
4.309201478958129883e+00
4.660637855529785156e+00
4.873299360275268555e+00
5.434123039245605469e+00
4.933955669403076172e+00
4.558640241622924805e+00
4.670925617218017578e+00
4.643858194351196289e+00
4.793627262115478516e+00
4.976504564285278320e+00
4.976941347122192383e+00
5.102458477020263672e+00
5.045207023620605469e+00
4.807819604873657227e+00
4.804610490798950195e+00
5.081378698348999023e+00
5.251077413558959961e+00
5.088320255279541016e+00
5.063705444335937500e+00
5.082089424133300781e+00
5.102638006210327148e+00
5.025818586349487305e+00
5.096545696258544922e+00
5.033645153045654297e+00
5.064459800720214844e+00
5.262192487716674805e+00
5.141543626785278320e+00
5.004884004592895508e+00
5.077946186065673828e+00
4.976297855377197266e+00
5.055192947387695312e+00
5.172346353530883789e+00
5.249982118606567383e+00
5.016051054000854492e+00
5.074387311935424805e+00
4.954158067703247070e+00
4.936785697937011719e+00
4.976884365081787109e+00
5.110713243484497070e+00
4.848030090332031250e+00
5.171920299530029297e+00
5.196503639221191406e+00
4.942653179168701172e+00
5.047243118286132812e+00
4.884280681610107422e+00
5.017896413803100586e+00
4.900067090988159180e+00
5.081158876419067383e+00
5.071185350418090820e+00
4.578248739242553711e+00
4.786906480789184570e+00
4.927313804626464844e+00
4.777872085571289062e+00
4.974101781845092773e+00
4.993398904800415039e+00
4.950958967208862305e+00
4.006937026977539062e+00
4.650222778320312500e+00
4.411505222320556641e+00
5.005232810974121094e+00
4.731177091598510742e+00
4.994150876998901367e+00
4.965939521789550781e+00
5.170872688293457031e+00
5.177138328552246094e+00
5.116826295852661133e+00
5.038800239562988281e+00
5.034132957458496094e+00
5.231695175170898438e+00
5.129091501235961914e+00
5.150964736938476562e+00
4.978362083435058594e+00
5.005587339401245117e+00
5.280607461929321289e+00
4.834070682525634766e+00
4.904144287109375000e+00
4.681809663772583008e+00
4.618646144866943359e+00
4.822266578674316406e+00
4.923611164093017578e+00
4.832988977432250977e+00
4.676919937133789062e+00
4.972543239593505859e+00
5.152735948562622070e+00
4.880789518356323242e+00
5.375358104705810547e+00
4.852672576904296875e+00
4.986892700195312500e+00
4.414178371429443359e+00
4.841248989105224609e+00
4.652685880661010742e+00
4.949892282485961914e+00
5.184927940368652344e+00
5.023136377334594727e+00
4.800233125686645508e+00
5.037453889846801758e+00
4.928203821182250977e+00
5.183211565017700195e+00
5.050927162170410156e+00
5.090081214904785156e+00
5.037787437438964844e+00
5.011954545974731445e+00
5.010099411010742188e+00
4.911506652832031250e+00
4.950564622879028320e+00
5.145961761474609375e+00
5.215056419372558594e+00
4.497416496276855469e+00
4.502250194549560547e+00
4.736941099166870117e+00
4.858865737915039062e+00
4.771704435348510742e+00
4.836893558502197266e+00
5.256392002105712891e+00
5.228936195373535156e+00
5.104511022567749023e+00
4.857213735580444336e+00
4.882801532745361328e+00
4.749819993972778320e+00
5.194968938827514648e+00
5.054526090621948242e+00
5.321058273315429688e+00
4.867603540420532227e+00
5.152698755264282227e+00
5.064455747604370117e+00
5.138761043548583984e+00
4.875338554382324219e+00
5.171219587326049805e+00
5.095824956893920898e+00
4.947271108627319336e+00
5.124094963073730469e+00
4.975639104843139648e+00
5.039448499679565430e+00
5.129958391189575195e+00
5.169483184814453125e+00
4.896872520446777344e+00
5.057388544082641602e+00
5.004613161087036133e+00
4.781089782714843750e+00
4.572245121002197266e+00
4.787094593048095703e+00
5.082356214523315430e+00
5.035585403442382812e+00
5.158437967300415039e+00
4.767226457595825195e+00
5.146880149841308594e+00
5.270873546600341797e+00
5.202752828598022461e+00
4.935437202453613281e+00
4.983637571334838867e+00
5.214846372604370117e+00
4.677303552627563477e+00
5.289546728134155273e+00
5.148043394088745117e+00
5.265731096267700195e+00
5.073389291763305664e+00
4.332094430923461914e+00
4.745863914489746094e+00
4.464334011077880859e+00
4.801737785339355469e+00
4.665470838546752930e+00
4.666643857955932617e+00
5.177948951721191406e+00
5.120381355285644531e+00
5.098008632659912109e+00
5.161243915557861328e+00
4.839082717895507812e+00
5.090747594833374023e+00
4.937582969665527344e+00
5.205981254577636719e+00
5.152418613433837891e+00
5.044034004211425781e+00
5.138453483581542969e+00
4.747929573059082031e+00
5.061822175979614258e+00
5.108490228652954102e+00
5.303333997726440430e+00
5.268004417419433594e+00
4.449455022811889648e+00
4.514636039733886719e+00
4.593468427658081055e+00
4.534916877746582031e+00
4.776946067810058594e+00
4.930479764938354492e+00
4.554111003875732422e+00
4.644676446914672852e+00
4.647856473922729492e+00
4.684644699096679688e+00
4.785623311996459961e+00
5.035279750823974609e+00
5.091107368469238281e+00
4.888030529022216797e+00
5.138245820999145508e+00
4.911513090133666992e+00
5.029459476470947266e+00
4.793724775314331055e+00
4.782433986663818359e+00
4.732430696487426758e+00
4.618214607238769531e+00
4.836316585540771484e+00
4.779881715774536133e+00
4.447541236877441406e+00
