1.581160000000000000e+05
1.600240000000000000e+05
1.608930000000000000e+05
1.611350000000000000e+05
1.565380000000000000e+05
1.511040000000000000e+05
1.536190000000000000e+05
1.547050000000000000e+05
1.478170000000000000e+05
1.531870000000000000e+05
1.534670000000000000e+05
1.513920000000000000e+05
1.470700000000000000e+05
1.448750000000000000e+05
1.501920000000000000e+05
1.438970000000000000e+05
1.478960000000000000e+05
1.395580000000000000e+05
1.398470000000000000e+05
1.396420000000000000e+05
1.336480000000000000e+05
1.357520000000000000e+05
1.334680000000000000e+05
1.280490000000000000e+05
1.223990000000000000e+05
1.343330000000000000e+05
1.248830000000000000e+05
1.155850000000000000e+05
1.226960000000000000e+05
1.158770000000000000e+05
1.061230000000000000e+05
1.164050000000000000e+05
1.068580000000000000e+05
1.058960000000000000e+05
1.036060000000000000e+05
1.060070000000000000e+05
1.047180000000000000e+05
1.081080000000000000e+05
1.052930000000000000e+05
1.041620000000000000e+05
9.371500000000000000e+04
9.843500000000000000e+04
8.977300000000000000e+04
9.634700000000000000e+04
8.125500000000000000e+04
8.276300000000000000e+04
9.456700000000000000e+04
9.315000000000000000e+04
7.647200000000000000e+04
7.970800000000000000e+04
6.727300000000000000e+04
5.782700000000000000e+04
5.604800000000000000e+04
6.231800000000000000e+04
4.689700000000000000e+04
5.348200000000000000e+04
5.721900000000000000e+04
5.409900000000000000e+04
4.728600000000000000e+04
4.867200000000000000e+04
4.513700000000000000e+04
4.812500000000000000e+04
4.642700000000000000e+04
4.716700000000000000e+04
4.108800000000000000e+04
3.565900000000000000e+04
4.824500000000000000e+04
4.820800000000000000e+04
4.055900000000000000e+04
4.828700000000000000e+04
3.844700000000000000e+04
3.895600000000000000e+04
4.292900000000000000e+04
3.250400000000000000e+04
3.633700000000000000e+04
3.808000000000000000e+04
2.713500000000000000e+04
3.130200000000000000e+04
4.122600000000000000e+04
3.071000000000000000e+04
3.240200000000000000e+04
3.314200000000000000e+04
3.222400000000000000e+04
3.705100000000000000e+04
3.601200000000000000e+04
3.349800000000000000e+04
2.590600000000000000e+04
3.231300000000000000e+04
3.326700000000000000e+04
2.764300000000000000e+04
2.515100000000000000e+04
2.835600000000000000e+04
3.221600000000000000e+04
2.715500000000000000e+04
2.938500000000000000e+04
2.051700000000000000e+04
2.563200000000000000e+04
3.068300000000000000e+04
2.286100000000000000e+04
2.706100000000000000e+04
2.316400000000000000e+04
2.509900000000000000e+04
2.176000000000000000e+04
2.869200000000000000e+04
2.579300000000000000e+04
2.223800000000000000e+04
2.441700000000000000e+04
2.403300000000000000e+04
2.465100000000000000e+04
1.904400000000000000e+04
2.183300000000000000e+04
2.228300000000000000e+04
1.712300000000000000e+04
2.311700000000000000e+04
2.380600000000000000e+04
2.130000000000000000e+04
2.009100000000000000e+04
2.184100000000000000e+04
2.095400000000000000e+04
3.065800000000000000e+04
1.957800000000000000e+04
2.606800000000000000e+04
2.734900000000000000e+04
2.356100000000000000e+04
1.920700000000000000e+04
3.102600000000000000e+04
1.988600000000000000e+04
2.077700000000000000e+04
1.854900000000000000e+04
2.021400000000000000e+04
2.875300000000000000e+04
2.040400000000000000e+04
3.078000000000000000e+04
1.746700000000000000e+04
2.446500000000000000e+04
1.732500000000000000e+04
2.182500000000000000e+04
2.453000000000000000e+04
1.759800000000000000e+04
2.560500000000000000e+04
2.031000000000000000e+04
1.938500000000000000e+04
1.872600000000000000e+04
1.644400000000000000e+04
2.176200000000000000e+04
1.603900000000000000e+04
2.023100000000000000e+04
2.058300000000000000e+04
2.382000000000000000e+04
2.100400000000000000e+04
2.343600000000000000e+04
2.256700000000000000e+04
1.947100000000000000e+04
2.657200000000000000e+04
1.997700000000000000e+04
1.969300000000000000e+04
2.001500000000000000e+04
2.786900000000000000e+04
1.861300000000000000e+04
2.135400000000000000e+04
1.988300000000000000e+04
1.760200000000000000e+04
2.355600000000000000e+04
2.281400000000000000e+04
2.044400000000000000e+04
2.110500000000000000e+04
2.201500000000000000e+04
2.141200000000000000e+04
2.143200000000000000e+04
2.407100000000000000e+04
2.158900000000000000e+04
2.407000000000000000e+04
2.533700000000000000e+04
2.021000000000000000e+04
2.130700000000000000e+04
1.848000000000000000e+04
1.546600000000000000e+04
2.001200000000000000e+04
1.979800000000000000e+04
2.334600000000000000e+04
1.962300000000000000e+04
2.209000000000000000e+04
2.041500000000000000e+04
1.881400000000000000e+04
2.172000000000000000e+04
2.149100000000000000e+04
1.631900000000000000e+04
1.976600000000000000e+04
2.249900000000000000e+04
2.059900000000000000e+04
2.486100000000000000e+04
2.194600000000000000e+04
1.707100000000000000e+04
2.014400000000000000e+04
1.834600000000000000e+04
2.629400000000000000e+04
2.420000000000000000e+04
2.290100000000000000e+04
2.056800000000000000e+04
1.966100000000000000e+04
1.389000000000000000e+04
1.287800000000000000e+04
1.229800000000000000e+04
1.180900000000000000e+04
1.174200000000000000e+04
1.202300000000000000e+04
1.665600000000000000e+04
1.239300000000000000e+04
1.202100000000000000e+04
1.396900000000000000e+04
1.321000000000000000e+04
9.763000000000000000e+03
1.318100000000000000e+04
1.185300000000000000e+04
1.068600000000000000e+04
1.338200000000000000e+04
1.192200000000000000e+04
1.355700000000000000e+04
1.158200000000000000e+04
1.214900000000000000e+04
1.055200000000000000e+04
1.362100000000000000e+04
1.075600000000000000e+04
1.140200000000000000e+04
1.286600000000000000e+04
1.555600000000000000e+04
1.476500000000000000e+04
1.751800000000000000e+04
1.517400000000000000e+04
1.331000000000000000e+04
1.283200000000000000e+04
1.315000000000000000e+04
1.579000000000000000e+04
1.461200000000000000e+04
1.642900000000000000e+04
1.308900000000000000e+04
1.233100000000000000e+04
1.262000000000000000e+04
1.326500000000000000e+04
1.191900000000000000e+04
1.955500000000000000e+04
1.317600000000000000e+04
1.512600000000000000e+04
1.901300000000000000e+04
1.455600000000000000e+04
1.320200000000000000e+04
1.192100000000000000e+04
1.520700000000000000e+04
1.291200000000000000e+04
1.933900000000000000e+04
7.238000000000000000e+03
1.034200000000000000e+04
1.140500000000000000e+04
1.196600000000000000e+04
1.024200000000000000e+04
8.484000000000000000e+03
8.179000000000000000e+03
1.212400000000000000e+04
9.435000000000000000e+03
1.398000000000000000e+04
1.025800000000000000e+04
9.271000000000000000e+03
8.979000000000000000e+03
8.989000000000000000e+03
1.146600000000000000e+04
1.006400000000000000e+04
1.355000000000000000e+04
1.027500000000000000e+04
1.222800000000000000e+04
1.430900000000000000e+04
1.055300000000000000e+04
1.201400000000000000e+04
1.056800000000000000e+04
1.224300000000000000e+04
1.038000000000000000e+04
1.786200000000000000e+04
1.191700000000000000e+04
1.204900000000000000e+04
1.283300000000000000e+04
1.427500000000000000e+04
9.749000000000000000e+03
9.435000000000000000e+03
1.860900000000000000e+04
1.889800000000000000e+04
1.042600000000000000e+04
2.106700000000000000e+04
1.249200000000000000e+04
2.106000000000000000e+04
1.339900000000000000e+04
2.003700000000000000e+04
1.809000000000000000e+04
9.563000000000000000e+03
1.435700000000000000e+04
1.223400000000000000e+04
1.230900000000000000e+04
1.348200000000000000e+04
2.431800000000000000e+04
1.454400000000000000e+04
2.271300000000000000e+04
2.589600000000000000e+04
1.355700000000000000e+04
9.929000000000000000e+03
1.338100000000000000e+04
1.445800000000000000e+04
1.377100000000000000e+04
1.821200000000000000e+04
1.395000000000000000e+04
1.377700000000000000e+04
1.256500000000000000e+04
1.378000000000000000e+04
1.352100000000000000e+04
1.414800000000000000e+04
1.128200000000000000e+04
1.734100000000000000e+04
1.748000000000000000e+04
1.406800000000000000e+04
1.600800000000000000e+04
1.567400000000000000e+04
1.564900000000000000e+04
1.473600000000000000e+04
1.674900000000000000e+04
1.515300000000000000e+04
1.414500000000000000e+04
1.427000000000000000e+04
1.186400000000000000e+04
1.441300000000000000e+04
1.585800000000000000e+04
1.213200000000000000e+04
1.307300000000000000e+04
1.324300000000000000e+04
1.421000000000000000e+04
1.409100000000000000e+04
2.134200000000000000e+04
1.690100000000000000e+04
1.623000000000000000e+04
1.286800000000000000e+04
1.412700000000000000e+04
1.666800000000000000e+04
2.208200000000000000e+04
1.799200000000000000e+04
1.450000000000000000e+04
1.583800000000000000e+04
1.613400000000000000e+04
1.495300000000000000e+04
1.347500000000000000e+04
1.581800000000000000e+04
1.467300000000000000e+04
1.894500000000000000e+04
1.274600000000000000e+04
1.664500000000000000e+04
1.351400000000000000e+04
9.989000000000000000e+03
1.220200000000000000e+04
9.543000000000000000e+03
9.044000000000000000e+03
1.378200000000000000e+04
1.522600000000000000e+04
1.008400000000000000e+04
1.103800000000000000e+04
1.433400000000000000e+04
1.125100000000000000e+04
1.117600000000000000e+04
1.134700000000000000e+04
9.670000000000000000e+03
1.389300000000000000e+04
1.322000000000000000e+04
1.179900000000000000e+04
1.182200000000000000e+04
1.553200000000000000e+04
1.453700000000000000e+04
1.066200000000000000e+04
1.211000000000000000e+04
1.097300000000000000e+04
