5.152585268020629883e+00
5.114795684814453125e+00
4.695112228393554688e+00
4.144730806350708008e+00
4.859314680099487305e+00
4.271930932998657227e+00
4.514137983322143555e+00
5.158878326416015625e+00
5.229948520660400391e+00
5.643387556076049805e+00
5.284845829010009766e+00
5.445184230804443359e+00
5.625912666320800781e+00
5.577853679656982422e+00
5.462112665176391602e+00
5.536854267120361328e+00
5.376798868179321289e+00
5.535890340805053711e+00
5.925649642944335938e+00
5.712174654006958008e+00
5.728118658065795898e+00
5.623360395431518555e+00
5.977661371231079102e+00
6.202009916305541992e+00
6.061511039733886719e+00
5.620430469512939453e+00
5.756509542465209961e+00
5.978042602539062500e+00
5.622521877288818359e+00
5.302092790603637695e+00
5.638666391372680664e+00
5.592869281768798828e+00
5.826672315597534180e+00
5.659965753555297852e+00
5.305325984954833984e+00
6.086820363998413086e+00
5.423937559127807617e+00
5.320961952209472656e+00
6.115577459335327148e+00
5.720553398132324219e+00
5.052839279174804688e+00
5.114908218383789062e+00
5.289394378662109375e+00
5.213861227035522461e+00
4.945539236068725586e+00
4.942491531372070312e+00
5.130266189575195312e+00
4.350907802581787109e+00
5.022655725479125977e+00
4.825674533843994141e+00
5.033758878707885742e+00
5.013173341751098633e+00
5.005371809005737305e+00
4.390408754348754883e+00
4.620060920715332031e+00
4.649296283721923828e+00
5.052719593048095703e+00
4.415301561355590820e+00
4.692294359207153320e+00
4.647791862487792969e+00
4.401358842849731445e+00
4.272927999496459961e+00
4.322866439819335938e+00
4.634991645812988281e+00
4.616793632507324219e+00
3.958919048309326172e+00
4.570786952972412109e+00
4.166116476058959961e+00
4.169754981994628906e+00
4.427464723587036133e+00
4.398582458496093750e+00
3.687263488769531250e+00
4.594559669494628906e+00
4.382893562316894531e+00
4.562934637069702148e+00
4.095493078231811523e+00
4.174253463745117188e+00
4.273576974868774414e+00
3.933041810989379883e+00
4.315436601638793945e+00
4.140831947326660156e+00
4.062680244445800781e+00
4.211350917816162109e+00
3.906133174896240234e+00
4.220550537109375000e+00
3.883557319641113281e+00
4.375682115554809570e+00
3.788653850555419922e+00
4.094497203826904297e+00
4.156600475311279297e+00
3.949063539505004883e+00
4.173437595367431641e+00
3.792430400848388672e+00
3.832961559295654297e+00
3.700923442840576172e+00
3.526339054107666016e+00
4.278629541397094727e+00
3.933465719223022461e+00
4.103522300720214844e+00
4.180395841598510742e+00
4.351011753082275391e+00
4.505342960357666016e+00
3.995039701461791992e+00
3.667083978652954102e+00
3.575160026550292969e+00
3.741586685180664062e+00
4.018013238906860352e+00
4.198799848556518555e+00
3.550315141677856445e+00
4.168204545974731445e+00
3.720937728881835938e+00
3.550793170928955078e+00
3.900028467178344727e+00
4.051164150238037109e+00
3.918764352798461914e+00
3.791046142578125000e+00
3.722696542739868164e+00
4.063730716705322266e+00
4.067000389099121094e+00
3.601413249969482422e+00
4.444696426391601562e+00
4.239382743835449219e+00
4.199438810348510742e+00
4.114375352859497070e+00
3.560145378112792969e+00
4.133526802062988281e+00
4.129960536956787109e+00
4.187693595886230469e+00
3.879045724868774414e+00
3.566889762878417969e+00
3.720265388488769531e+00
3.578818559646606445e+00
4.055183410644531250e+00
3.440197229385375977e+00
3.858502388000488281e+00
3.834335565567016602e+00
4.185792922973632812e+00
3.855244874954223633e+00
3.917204618453979492e+00
3.515035152435302734e+00
3.478354930877685547e+00
4.271671295166015625e+00
3.452005624771118164e+00
3.680968046188354492e+00
3.949657678604125977e+00
3.682807445526123047e+00
4.395300626754760742e+00
3.939061880111694336e+00
4.033728599548339844e+00
4.250778675079345703e+00
3.928970813751220703e+00
3.294994831085205078e+00
3.918878078460693359e+00
3.814048528671264648e+00
4.009891271591186523e+00
4.139401912689208984e+00
3.713995695114135742e+00
4.372601985931396484e+00
3.655745267868041992e+00
3.814798831939697266e+00
4.265318632125854492e+00
4.065836191177368164e+00
3.859103918075561523e+00
4.268385648727416992e+00
4.482374191284179688e+00
4.267978668212890625e+00
4.261011600494384766e+00
4.160619735717773438e+00
3.785295724868774414e+00
3.990165948867797852e+00
4.268008947372436523e+00
4.000454664230346680e+00
4.028560876846313477e+00
3.658552408218383789e+00
3.803478002548217773e+00
4.085232973098754883e+00
4.059029340744018555e+00
3.562636613845825195e+00
3.378525972366333008e+00
4.055585622787475586e+00
4.022528171539306641e+00
3.965338945388793945e+00
4.209835052490234375e+00
3.691889286041259766e+00
4.045738697052001953e+00
4.447865724563598633e+00
3.980388641357421875e+00
3.744535684585571289e+00
3.821512937545776367e+00
4.150076150894165039e+00
3.961042642593383789e+00
3.829048156738281250e+00
3.947289228439331055e+00
3.768123149871826172e+00
4.100472927093505859e+00
3.898432731628417969e+00
3.646473407745361328e+00
3.858457565307617188e+00
3.639127731323242188e+00
4.072968006134033203e+00
3.674528360366821289e+00
3.927127838134765625e+00
3.859330892562866211e+00
3.808984279632568359e+00
3.687232732772827148e+00
3.536828041076660156e+00
3.864659786224365234e+00
3.940702438354492188e+00
3.957936525344848633e+00
3.480050563812255859e+00
3.556411743164062500e+00
4.031991720199584961e+00
3.524058103561401367e+00
3.663127422332763672e+00
4.176293373107910156e+00
3.978702545166015625e+00
4.143265008926391602e+00
3.525456905364990234e+00
4.094726800918579102e+00
3.921121120452880859e+00
3.653261423110961914e+00
3.665404081344604492e+00
3.578870296478271484e+00
3.947540044784545898e+00
3.880116224288940430e+00
3.844395875930786133e+00
3.596740245819091797e+00
4.039908647537231445e+00
4.082807540893554688e+00
4.235926389694213867e+00
4.019831657409667969e+00
3.492172956466674805e+00
4.075834274291992188e+00
4.168387174606323242e+00
3.649394035339355469e+00
4.210378170013427734e+00
4.104231357574462891e+00
4.154087781906127930e+00
4.367348670959472656e+00
4.250331401824951172e+00
4.082333803176879883e+00
3.920458316802978516e+00
3.994139432907104492e+00
4.044747591018676758e+00
3.535696506500244141e+00
4.250627994537353516e+00
3.626385211944580078e+00
4.211835145950317383e+00
3.729150533676147461e+00
3.928509235382080078e+00
3.497995138168334961e+00
3.809917449951171875e+00
3.755532503128051758e+00
3.528687715530395508e+00
4.089369058609008789e+00
3.949305057525634766e+00
3.893870592117309570e+00
3.836482286453247070e+00
4.183340072631835938e+00
3.750788927078247070e+00
3.533412694931030273e+00
4.031450271606445312e+00
4.081851959228515625e+00
3.729164838790893555e+00
3.990755796432495117e+00
3.759756803512573242e+00
3.770971536636352539e+00
3.370677232742309570e+00
4.381529569625854492e+00
3.767455339431762695e+00
3.989526748657226562e+00
3.813331365585327148e+00
3.615429878234863281e+00
4.252656936645507812e+00
3.712440967559814453e+00
3.922197341918945312e+00
4.112742662429809570e+00
4.082053422927856445e+00
3.800544738769531250e+00
3.940139532089233398e+00
4.348150968551635742e+00
3.934555292129516602e+00
3.976943969726562500e+00
4.384913682937622070e+00
3.598855733871459961e+00
3.798277139663696289e+00
3.842565298080444336e+00
3.614725828170776367e+00
4.094564914703369141e+00
3.867062568664550781e+00
4.244188070297241211e+00
4.074633836746215820e+00
3.986938238143920898e+00
3.371360540390014648e+00
4.022768497467041016e+00
3.671161413192749023e+00
3.605073928833007812e+00
3.834133863449096680e+00
4.058590650558471680e+00
4.150810003280639648e+00
4.013195514678955078e+00
3.984389781951904297e+00
4.251701354980468750e+00
3.874538421630859375e+00
4.091036319732666016e+00
3.790607213973999023e+00
3.962762355804443359e+00
4.197927236557006836e+00
3.675024271011352539e+00
3.384450197219848633e+00
3.821575403213500977e+00
3.825881242752075195e+00
3.979746580123901367e+00
3.290142297744750977e+00
3.972518205642700195e+00
3.378244161605834961e+00
4.050494909286499023e+00
4.034511089324951172e+00
3.797742843627929688e+00
3.939329385757446289e+00
4.006935358047485352e+00
4.307574510574340820e+00
4.057405471801757812e+00
3.652273654937744141e+00
4.024377822875976562e+00
4.131500005722045898e+00
3.945081472396850586e+00
4.251882076263427734e+00
3.882462024688720703e+00
3.362231016159057617e+00
3.943824291229248047e+00
3.798500537872314453e+00
3.725446462631225586e+00
3.666574239730834961e+00
4.396639347076416016e+00
3.653853178024291992e+00
3.873100996017456055e+00
4.064041376113891602e+00
3.760715007781982422e+00
3.996043205261230469e+00
3.388266563415527344e+00
3.554932117462158203e+00
3.950933933258056641e+00
3.942271709442138672e+00
4.177145957946777344e+00
3.644396305084228516e+00
4.027482509613037109e+00
3.997244834899902344e+00
4.003198146820068359e+00
3.884530067443847656e+00
3.883629322052001953e+00
3.911216259002685547e+00
4.811052322387695312e+00
3.793101310729980469e+00
3.932369947433471680e+00
3.983035564422607422e+00
3.845467329025268555e+00
3.648145198822021484e+00
4.027949333190917969e+00
3.461750030517578125e+00
3.571112155914306641e+00
3.726343631744384766e+00
3.986903905868530273e+00
3.852250099182128906e+00
4.052660465240478516e+00
3.722568511962890625e+00
4.028338432312011719e+00
4.149992227554321289e+00
3.696081876754760742e+00
4.298787832260131836e+00
4.100673913955688477e+00
3.779488563537597656e+00
4.254814624786376953e+00
4.270333051681518555e+00
4.357722282409667969e+00
3.405066728591918945e+00
3.798473834991455078e+00
4.113936901092529297e+00
4.266554117202758789e+00
4.026391029357910156e+00
4.468717813491821289e+00
4.138698577880859375e+00
4.183228015899658203e+00
4.112453222274780273e+00
4.039032697677612305e+00
4.459181547164916992e+00
3.980399608612060547e+00
3.924550294876098633e+00
4.117483854293823242e+00
4.069732427597045898e+00
3.701441287994384766e+00
3.780496597290039062e+00
4.461093664169311523e+00
4.212499856948852539e+00
3.823049783706665039e+00
3.593450546264648438e+00
3.961668014526367188e+00
4.121644496917724609e+00
3.807714462280273438e+00
3.769722938537597656e+00
3.944538354873657227e+00
3.839493274688720703e+00
4.073948621749877930e+00
4.052642345428466797e+00
3.982056856155395508e+00
4.039653062820434570e+00
3.539166450500488281e+00
4.148571729660034180e+00
3.810356140136718750e+00
4.188806533813476562e+00
3.816212654113769531e+00
4.056133270263671875e+00
3.881888866424560547e+00
3.961864233016967773e+00
3.972659349441528320e+00
3.745718479156494141e+00
3.465662002563476562e+00
3.130708932876586914e+00
4.234804391860961914e+00
4.151082515716552734e+00
3.922780513763427734e+00
3.637564420700073242e+00
4.068170070648193359e+00
3.787655115127563477e+00
3.406403303146362305e+00
4.119504451751708984e+00
4.089109420776367188e+00
4.257433414459228516e+00
3.867956399917602539e+00
4.095990419387817383e+00
4.021074295043945312e+00
3.730459213256835938e+00
4.377665042877197266e+00
3.906349182128906250e+00
4.156471729278564453e+00
3.846685886383056641e+00
3.571183681488037109e+00
4.063872575759887695e+00
4.219767570495605469e+00
3.612202167510986328e+00
3.741988420486450195e+00
4.352211236953735352e+00
3.636121988296508789e+00
4.055191278457641602e+00
4.165058374404907227e+00
3.428390741348266602e+00
4.023038148880004883e+00
3.684968233108520508e+00
4.031950473785400391e+00
4.523372888565063477e+00
3.954429149627685547e+00
3.843473434448242188e+00
4.129141092300415039e+00
3.950589895248413086e+00
3.689468860626220703e+00
3.142288684844970703e+00
4.012933731079101562e+00
4.049923181533813477e+00
4.185212373733520508e+00
3.860808610916137695e+00
3.955612421035766602e+00
3.810135602951049805e+00
3.698220014572143555e+00
4.201660871505737305e+00
3.755743026733398438e+00
4.150026798248291016e+00
3.625213861465454102e+00
3.900534152984619141e+00
4.226070642471313477e+00
3.480828523635864258e+00
3.771579504013061523e+00
3.745476007461547852e+00
4.053350687026977539e+00
4.266714334487915039e+00
3.575285196304321289e+00
3.630757331848144531e+00
3.690181732177734375e+00
3.961763620376586914e+00
4.230325937271118164e+00
3.715707063674926758e+00
3.361812829971313477e+00
4.294344902038574219e+00
4.044608831405639648e+00
4.200703859329223633e+00
4.345865249633789062e+00
3.971957206726074219e+00
3.672320604324340820e+00
4.101794481277465820e+00
3.547644138336181641e+00
3.929911136627197266e+00
3.987397432327270508e+00
4.192315101623535156e+00
3.899853229522705078e+00
4.085835695266723633e+00
4.041940450668334961e+00
4.140312910079956055e+00
4.130315303802490234e+00
4.234214067459106445e+00
4.013764858245849609e+00
3.961711406707763672e+00
4.046057939529418945e+00
4.585493087768554688e+00
3.936414241790771484e+00
4.317073345184326172e+00
4.226057052612304688e+00
3.769161462783813477e+00
4.209492683410644531e+00
3.950200557708740234e+00
4.223101854324340820e+00
4.203436374664306641e+00
4.095977783203125000e+00
4.007459640502929688e+00
4.255917787551879883e+00
3.610922336578369141e+00
3.918329715728759766e+00
3.688816308975219727e+00
3.764046669006347656e+00
4.039721012115478516e+00
4.065371036529541016e+00
3.957100391387939453e+00
3.945348024368286133e+00
3.643040180206298828e+00
3.519344329833984375e+00
3.860774040222167969e+00
3.579887866973876953e+00
3.608086824417114258e+00
4.104803323745727539e+00
4.145357131958007812e+00
4.081187248229980469e+00
4.182879924774169922e+00
3.875339508056640625e+00
3.844851732254028320e+00
3.975061655044555664e+00
3.879863023757934570e+00
4.297681093215942383e+00
3.908839464187622070e+00
4.082459211349487305e+00
3.995510339736938477e+00
3.923454046249389648e+00
3.907403945922851562e+00
3.954105138778686523e+00
3.938364744186401367e+00
3.917048454284667969e+00
4.083627939224243164e+00
3.938713788986206055e+00
3.980027675628662109e+00
3.573245763778686523e+00
3.675950765609741211e+00
4.117679357528686523e+00
4.044560909271240234e+00
3.794842958450317383e+00
3.871248722076416016e+00
3.801140785217285156e+00
3.834295511245727539e+00
3.724408149719238281e+00
3.832367420196533203e+00
4.038618803024291992e+00
4.151097536087036133e+00
3.946858406066894531e+00
3.669709444046020508e+00
3.734473705291748047e+00
4.191849708557128906e+00
4.005433559417724609e+00
3.823232173919677734e+00
4.251100778579711914e+00
4.158823966979980469e+00
4.155188083648681641e+00
4.235242843627929688e+00
3.873525857925415039e+00
4.054209232330322266e+00
3.629096269607543945e+00
4.184869527816772461e+00
3.521848917007446289e+00
4.381220817565917969e+00
3.576704263687133789e+00
3.738829612731933594e+00
4.048456192016601562e+00
3.803166389465332031e+00
4.109221220016479492e+00
3.920614242553710938e+00
4.169705390930175781e+00
4.108883142471313477e+00
3.955419063568115234e+00
3.652393579483032227e+00
4.018129587173461914e+00
3.533761501312255859e+00
4.601117849349975586e+00
3.998377323150634766e+00
3.630728244781494141e+00
3.604008674621582031e+00
4.076967716217041016e+00
4.191814661026000977e+00
3.629480838775634766e+00
3.997265577316284180e+00
4.054176568984985352e+00
4.357387065887451172e+00
4.252450227737426758e+00
4.337116479873657227e+00
3.272857904434204102e+00
3.510712385177612305e+00
4.280407190322875977e+00
3.735488176345825195e+00
4.136212348937988281e+00
3.920618772506713867e+00
3.739642143249511719e+00
4.353874683380126953e+00
4.018102407455444336e+00
4.059622049331665039e+00
3.894675731658935547e+00
4.031601905822753906e+00
3.944823503494262695e+00
4.145972490310668945e+00
3.690755367279052734e+00
3.614202976226806641e+00
4.160949230194091797e+00
4.176008224487304688e+00
4.212772607803344727e+00
4.189123153686523438e+00
3.732062101364135742e+00
3.935233592987060547e+00
4.150824308395385742e+00
3.829929590225219727e+00
3.973128080368041992e+00
3.854622602462768555e+00
4.052724838256835938e+00
4.033387184143066406e+00
4.269994020462036133e+00
3.834882497787475586e+00
3.995503425598144531e+00
3.667970895767211914e+00
4.210017681121826172e+00
4.114046573638916016e+00
3.855269432067871094e+00
3.938806533813476562e+00
3.723410606384277344e+00
4.114942789077758789e+00
3.689527988433837891e+00
3.645310163497924805e+00
3.863401412963867188e+00
3.901385784149169922e+00
3.708465814590454102e+00
3.643310308456420898e+00
3.877079725265502930e+00
4.396162986755371094e+00
4.032187461853027344e+00
3.742149829864501953e+00
4.075474262237548828e+00
3.964811801910400391e+00
4.110393762588500977e+00
3.806120634078979492e+00
3.585058450698852539e+00
4.472730875015258789e+00
4.076854228973388672e+00
4.164041757583618164e+00
4.210157155990600586e+00
4.473271846771240234e+00
4.197521686553955078e+00
4.131903648376464844e+00
3.628368616104125977e+00
3.804755210876464844e+00
4.093477964401245117e+00
4.120450258255004883e+00
3.927378892898559570e+00
3.766097784042358398e+00
4.185393095016479492e+00
3.809323549270629883e+00
4.112821578979492188e+00
3.800977468490600586e+00
4.121232032775878906e+00
4.247123956680297852e+00
4.035476207733154297e+00
3.644588232040405273e+00
3.713354349136352539e+00
3.749423503875732422e+00
4.241439819335937500e+00
3.913048267364501953e+00
3.757184982299804688e+00
4.009269952774047852e+00
3.947345733642578125e+00
3.726031780242919922e+00
3.930613994598388672e+00
3.995979309082031250e+00
3.904297351837158203e+00
3.885660171508789062e+00
3.830223798751831055e+00
4.005778551101684570e+00
3.657475471496582031e+00
3.517488718032836914e+00
3.825220584869384766e+00
3.655203342437744141e+00
4.016378164291381836e+00
3.996596813201904297e+00
4.273200035095214844e+00
4.163277149200439453e+00
4.007105588912963867e+00
3.984243631362915039e+00
4.201223373413085938e+00
4.073749065399169922e+00
3.880566358566284180e+00
3.987650632858276367e+00
3.903270244598388672e+00
3.651609182357788086e+00
4.074588060379028320e+00
4.200441598892211914e+00
4.239409923553466797e+00
4.233579874038696289e+00
3.775475978851318359e+00
4.371438503265380859e+00
3.712171792984008789e+00
4.196061372756958008e+00
3.820278882980346680e+00
3.966299533843994141e+00
4.197871208190917969e+00
4.078786849975585938e+00
4.057623863220214844e+00
4.285388708114624023e+00
4.496379852294921875e+00
3.036747217178344727e+00
3.843144893646240234e+00
4.174098968505859375e+00
4.085137605667114258e+00
3.745990991592407227e+00
4.385295867919921875e+00
4.211534023284912109e+00
4.158312320709228516e+00
3.845510959625244141e+00
4.165409088134765625e+00
3.694783687591552734e+00
4.150574207305908203e+00
3.900721311569213867e+00
3.723403215408325195e+00
3.891360044479370117e+00
3.865994930267333984e+00
4.176323413848876953e+00
4.133350133895874023e+00
4.311115503311157227e+00
4.275396823883056641e+00
3.741544246673583984e+00
4.072775125503540039e+00
3.928998470306396484e+00
4.085599184036254883e+00
3.965580940246582031e+00
3.633512735366821289e+00
4.092326641082763672e+00
4.041224718093872070e+00
3.847715854644775391e+00
3.220868110656738281e+00
3.923928022384643555e+00
3.903397321701049805e+00
3.424351453781127930e+00
4.225723981857299805e+00
4.163786888122558594e+00
3.951250553131103516e+00
3.889301061630249023e+00
3.957847118377685547e+00
3.998579740524291992e+00
4.084441423416137695e+00
3.972179889678955078e+00
4.265629053115844727e+00
3.858972072601318359e+00
4.281461954116821289e+00
3.871984720230102539e+00
4.151648044586181641e+00
3.705418109893798828e+00
3.958578824996948242e+00
3.536736965179443359e+00
4.220453977584838867e+00
3.726974964141845703e+00
4.197397947311401367e+00
4.347137451171875000e+00
3.638023138046264648e+00
3.941630363464355469e+00
4.658951997756958008e+00
3.714983701705932617e+00
3.909424543380737305e+00
4.031141042709350586e+00
4.132894277572631836e+00
4.101631879806518555e+00
4.293779850006103516e+00
3.991604566574096680e+00
3.975815057754516602e+00
4.417339801788330078e+00
3.741854906082153320e+00
4.013853788375854492e+00
3.892232656478881836e+00
3.671929359436035156e+00
3.969111442565917969e+00
3.785921096801757812e+00
4.109789609909057617e+00
3.707010269165039062e+00
4.063082456588745117e+00
3.807202816009521484e+00
3.837862730026245117e+00
3.838069677352905273e+00
4.048882961273193359e+00
4.132194280624389648e+00
4.066667556762695312e+00
4.297771930694580078e+00
4.226242065429687500e+00
3.838877201080322266e+00
3.976449251174926758e+00
3.814630985260009766e+00
3.415258169174194336e+00
4.129269123077392578e+00
3.948710918426513672e+00
4.390845775604248047e+00
4.110157966613769531e+00
4.029013156890869141e+00
4.040523290634155273e+00
3.543865680694580078e+00
3.213829994201660156e+00
3.954289913177490234e+00
3.981960058212280273e+00
4.202410697937011719e+00
4.126132011413574219e+00
4.507712602615356445e+00
3.875174283981323242e+00
3.966705322265625000e+00
3.725501060485839844e+00
3.818744659423828125e+00
3.927244424819946289e+00
3.459804296493530273e+00
3.919968128204345703e+00
4.088972806930541992e+00
3.381567955017089844e+00
3.657302618026733398e+00
4.179383516311645508e+00
4.203267097473144531e+00
4.099958181381225586e+00
4.187417984008789062e+00
4.303620338439941406e+00
3.975881814956665039e+00
3.523467779159545898e+00
3.974531888961791992e+00
3.997628211975097656e+00
3.830133914947509766e+00
3.648803949356079102e+00
4.026601791381835938e+00
3.861011505126953125e+00
4.122461080551147461e+00
3.975102663040161133e+00
4.583001852035522461e+00
3.470210075378417969e+00
4.139386177062988281e+00
3.962070703506469727e+00
4.088392257690429688e+00
4.279356956481933594e+00
4.209315776824951172e+00
3.464854955673217773e+00
3.766023874282836914e+00
4.269706726074218750e+00
3.628818988800048828e+00
4.288633584976196289e+00
4.246677637100219727e+00
4.123381376266479492e+00
4.048261642456054688e+00
4.235940933227539062e+00
4.091233491897583008e+00
3.608841419219970703e+00
3.825952053070068359e+00
4.042512893676757812e+00
3.777303457260131836e+00
4.196984529495239258e+00
3.895858287811279297e+00
4.287585973739624023e+00
4.101168632507324219e+00
3.754443883895874023e+00
4.236696958541870117e+00
3.609767675399780273e+00
4.285528182983398438e+00
4.112937450408935547e+00
4.104051351547241211e+00
3.281687259674072266e+00
4.050472974777221680e+00
4.414140701293945312e+00
4.146700859069824219e+00
3.957822799682617188e+00
4.255309104919433594e+00
3.726612091064453125e+00
3.728940486907958984e+00
3.921925544738769531e+00
3.879683256149291992e+00
4.042737483978271484e+00
4.087575674057006836e+00
3.748449087142944336e+00
3.808712482452392578e+00
3.794862508773803711e+00
4.081247806549072266e+00
4.005182981491088867e+00
4.067205667495727539e+00
4.352360248565673828e+00
3.879445314407348633e+00
4.110512256622314453e+00
3.835349321365356445e+00
3.990833997726440430e+00
3.962066411972045898e+00
3.914208173751831055e+00
3.849472045898437500e+00
3.811267137527465820e+00
4.277740001678466797e+00
3.903452396392822266e+00
4.381768941879272461e+00
4.194244146347045898e+00
4.119030952453613281e+00
3.674156904220581055e+00
3.342572212219238281e+00
4.167225360870361328e+00
3.571101188659667969e+00
3.989193916320800781e+00
3.615494728088378906e+00
3.948691368103027344e+00
3.753579854965209961e+00
4.000720739364624023e+00
3.669610500335693359e+00
4.120649576187133789e+00
3.591963529586791992e+00
3.668257951736450195e+00
4.073742151260375977e+00
3.851925849914550781e+00
4.169548749923706055e+00
4.116518974304199219e+00
4.134131669998168945e+00
4.111970186233520508e+00
4.181330204010009766e+00
3.955317974090576172e+00
4.274682760238647461e+00
3.630798578262329102e+00
4.013782262802124023e+00
4.065328359603881836e+00
3.654249906539916992e+00
3.942836046218872070e+00
3.568000793457031250e+00
4.047526836395263672e+00
3.858477592468261719e+00
3.513413190841674805e+00
4.187605381011962891e+00
4.166875362396240234e+00
4.031922340393066406e+00
3.808568954467773438e+00
3.894424438476562500e+00
3.508734226226806641e+00
3.967979192733764648e+00
3.453134536743164062e+00
3.758525371551513672e+00
3.955610752105712891e+00
3.845500946044921875e+00
4.367632865905761719e+00
3.852701425552368164e+00
4.196088314056396484e+00
3.964543342590332031e+00
4.128810644149780273e+00
4.239665985107421875e+00
4.570225954055786133e+00
4.090525865554809570e+00
3.511287927627563477e+00
4.040844440460205078e+00
4.168746232986450195e+00
4.211779832839965820e+00
3.624858856201171875e+00
3.861812829971313477e+00
3.939830541610717773e+00
3.414701223373413086e+00
3.764403581619262695e+00
4.203983306884765625e+00
3.635154485702514648e+00
4.056812524795532227e+00
3.786974906921386719e+00
3.651453256607055664e+00
4.300942897796630859e+00
3.941953659057617188e+00
3.887492656707763672e+00
3.752791643142700195e+00
4.148424386978149414e+00
3.884557723999023438e+00
4.165938138961791992e+00
3.674138545989990234e+00
3.839207649230957031e+00
4.129078626632690430e+00
3.724583864212036133e+00
4.122912168502807617e+00
4.077225685119628906e+00
3.959102630615234375e+00
3.993246555328369141e+00
3.915284633636474609e+00
3.881906986236572266e+00
4.090703964233398438e+00
3.918144702911376953e+00
3.988492012023925781e+00
4.013445377349853516e+00
3.950863122940063477e+00
4.392866611480712891e+00
4.395559072494506836e+00
4.068707704544067383e+00
3.880651950836181641e+00
3.916790723800659180e+00
3.925334453582763672e+00
3.778595924377441406e+00
3.755708932876586914e+00
4.143008232116699219e+00
3.742357492446899414e+00
4.020412683486938477e+00
4.170094013214111328e+00
4.226942777633666992e+00
3.770578145980834961e+00
4.229651927947998047e+00
4.266341447830200195e+00
4.067034006118774414e+00
3.912031173706054688e+00
3.835428953170776367e+00
4.274106979370117188e+00
3.879155874252319336e+00
3.849664449691772461e+00
3.492638111114501953e+00
4.287940502166748047e+00
3.955118656158447266e+00
3.878310441970825195e+00
4.028867483139038086e+00
4.202610254287719727e+00
4.264261960983276367e+00
3.765927076339721680e+00
3.902178049087524414e+00
3.396755695343017578e+00
4.015491008758544922e+00
3.859219074249267578e+00
3.976134300231933594e+00
4.269531488418579102e+00
4.230198621749877930e+00
4.173552274703979492e+00
4.067299842834472656e+00
3.800827264785766602e+00
3.978774070739746094e+00
4.430405378341674805e+00
4.237035036087036133e+00
4.136348724365234375e+00
4.279378890991210938e+00
4.237419366836547852e+00
3.596790313720703125e+00
4.205222129821777344e+00
4.113605260848999023e+00
3.967514514923095703e+00
3.797865152359008789e+00
4.202103137969970703e+00
3.696364879608154297e+00
3.778393507003784180e+00
4.059014081954956055e+00
4.260258436203002930e+00
4.338984966278076172e+00
4.185874700546264648e+00
4.159520149230957031e+00
4.002191781997680664e+00
4.189202785491943359e+00
4.235557317733764648e+00
3.840243577957153320e+00
3.393809080123901367e+00
4.143918514251708984e+00
4.077357292175292969e+00
4.055922985076904297e+00
4.052025079727172852e+00
4.133862733840942383e+00
4.057449817657470703e+00
4.181490421295166016e+00
3.804227590560913086e+00
3.982004404067993164e+00
4.205631494522094727e+00
3.987032651901245117e+00
4.411909580230712891e+00
4.056478500366210938e+00
3.709528207778930664e+00
4.306095838546752930e+00
3.989630460739135742e+00
3.933101415634155273e+00
3.842097282409667969e+00
4.277122974395751953e+00
4.346538543701171875e+00
4.278876066207885742e+00
3.984844923019409180e+00
3.809731245040893555e+00
3.790503501892089844e+00
3.945396661758422852e+00
3.860564947128295898e+00
4.144291400909423828e+00
3.641849279403686523e+00
3.745716094970703125e+00
4.161540031433105469e+00
3.736049175262451172e+00
3.650486469268798828e+00
3.509082317352294922e+00
3.612171649932861328e+00
4.104506731033325195e+00
4.186080455780029297e+00
4.255267620086669922e+00
4.014062643051147461e+00
3.897585153579711914e+00
3.866132974624633789e+00
4.182555675506591797e+00
3.889531612396240234e+00
3.660775423049926758e+00
3.526409626007080078e+00
3.727537393569946289e+00
3.961085081100463867e+00
4.270285606384277344e+00
3.596518039703369141e+00
3.971858024597167969e+00
3.749830007553100586e+00
4.086724042892456055e+00
3.942118406295776367e+00
3.964674234390258789e+00
3.638370513916015625e+00
3.595641613006591797e+00
3.380493879318237305e+00
4.098249197006225586e+00
3.660977125167846680e+00
3.844441652297973633e+00
3.834492206573486328e+00
3.859033107757568359e+00
4.018541336059570312e+00
3.767099142074584961e+00
4.201025009155273438e+00
4.063075065612792969e+00
4.070129871368408203e+00
4.300275564193725586e+00
4.060106277465820312e+00
4.101631879806518555e+00
4.135262727737426758e+00
3.935554504394531250e+00
3.542742967605590820e+00
4.348254203796386719e+00
4.253517389297485352e+00
3.946236133575439453e+00
4.059157609939575195e+00
4.058189153671264648e+00
4.308134555816650391e+00
4.140598058700561523e+00
3.941171407699584961e+00
4.075364589691162109e+00
4.353132486343383789e+00
3.951347351074218750e+00
3.998627662658691406e+00
3.852449893951416016e+00
4.321892023086547852e+00
4.168521642684936523e+00
3.570587873458862305e+00
4.279448270797729492e+00
3.994756221771240234e+00
4.368141889572143555e+00
3.975388526916503906e+00
4.096803426742553711e+00
3.541340589523315430e+00
3.808697462081909180e+00
3.966874122619628906e+00
3.935892820358276367e+00
4.033662796020507812e+00
3.810088634490966797e+00
3.606530666351318359e+00
3.893703699111938477e+00
3.821805000305175781e+00
3.688289642333984375e+00
3.915396928787231445e+00
3.878064632415771484e+00
4.105988979339599609e+00
3.861464738845825195e+00
4.019215106964111328e+00
4.057305335998535156e+00
4.168731451034545898e+00
3.874370098114013672e+00
3.890705347061157227e+00
3.802456617355346680e+00
3.941676139831542969e+00
3.895745277404785156e+00
3.818784475326538086e+00
3.781916141510009766e+00
3.818921804428100586e+00
3.908773899078369141e+00
3.933371067047119141e+00
4.509013652801513672e+00
3.638482809066772461e+00
3.828394651412963867e+00
3.851574659347534180e+00
3.855843067169189453e+00
4.315731525421142578e+00
4.600775241851806641e+00
3.908354043960571289e+00
4.192091464996337891e+00
3.615679502487182617e+00
4.076702594757080078e+00
3.975017309188842773e+00
3.954490184783935547e+00
3.745845556259155273e+00
3.752148866653442383e+00
3.900440216064453125e+00
3.952223062515258789e+00
3.339944124221801758e+00
3.440763473510742188e+00
4.135827302932739258e+00
3.782895088195800781e+00
3.892722606658935547e+00
3.873649835586547852e+00
4.119793891906738281e+00
4.016957759857177734e+00
4.099264621734619141e+00
3.893380403518676758e+00
4.112775564193725586e+00
4.118199110031127930e+00
4.208652973175048828e+00
4.048509120941162109e+00
4.072237968444824219e+00
3.886404752731323242e+00
3.949508666992187500e+00
4.232365131378173828e+00
4.184069395065307617e+00
4.018839359283447266e+00
4.203554153442382812e+00
3.877118825912475586e+00
3.753767013549804688e+00
3.726654767990112305e+00
4.107341289520263672e+00
3.900000095367431641e+00
3.890853881835937500e+00
4.069669246673583984e+00
4.148469924926757812e+00
4.008621454238891602e+00
3.530763149261474609e+00
3.961325168609619141e+00
3.857809782028198242e+00
4.256121873855590820e+00
4.222810268402099609e+00
3.837687969207763672e+00
4.210946083068847656e+00
3.721773862838745117e+00
4.361676692962646484e+00
3.806781053543090820e+00
3.922697305679321289e+00
4.116871595382690430e+00
4.019720554351806641e+00
3.727266550064086914e+00
4.091331958770751953e+00
4.188059568405151367e+00
4.428599119186401367e+00
4.304401397705078125e+00
4.299736976623535156e+00
4.132561445236206055e+00
4.092980146408081055e+00
4.044543504714965820e+00
4.112819433212280273e+00
3.890063047409057617e+00
4.010626792907714844e+00
3.795491933822631836e+00
4.148951292037963867e+00
4.494453668594360352e+00
4.067255258560180664e+00
4.050446748733520508e+00
3.501911878585815430e+00
4.335319280624389648e+00
3.899210691452026367e+00
4.085214138031005859e+00
3.549377679824829102e+00
4.032768249511718750e+00
4.017985343933105469e+00
4.273944377899169922e+00
3.989789962768554688e+00
4.017832040786743164e+00
4.041455984115600586e+00
4.214938163757324219e+00
4.108404159545898438e+00
3.626109838485717773e+00
4.065809488296508789e+00
4.136732578277587891e+00
4.249430894851684570e+00
4.345489263534545898e+00
3.814392328262329102e+00
3.958170890808105469e+00
3.994359970092773438e+00
4.538891553878784180e+00
4.140292882919311523e+00
4.029602050781250000e+00
4.057937860488891602e+00
4.142754077911376953e+00
4.162983417510986328e+00
3.788561582565307617e+00
3.930563926696777344e+00
3.728691577911376953e+00
3.943289518356323242e+00
4.037186861038208008e+00
4.005625486373901367e+00
4.352215051651000977e+00
3.519436359405517578e+00
3.759445190429687500e+00
3.803111553192138672e+00
3.768584012985229492e+00
3.862744808197021484e+00
4.061614990234375000e+00
4.128888368606567383e+00
3.946161985397338867e+00
3.794048309326171875e+00
3.963998794555664062e+00
4.054092168807983398e+00
3.680271148681640625e+00
3.789777517318725586e+00
4.037606239318847656e+00
3.792364597320556641e+00
4.117511272430419922e+00
4.096793651580810547e+00
4.008151054382324219e+00
4.235556602478027344e+00
4.034197092056274414e+00
4.008102178573608398e+00
3.671005964279174805e+00
3.506900787353515625e+00
4.303972959518432617e+00
4.214623212814331055e+00
4.039217233657836914e+00
4.282795190811157227e+00
4.289997816085815430e+00
4.231887578964233398e+00
3.974940299987792969e+00
4.171485185623168945e+00
4.211152315139770508e+00
4.086147069931030273e+00
4.144508123397827148e+00
3.896916627883911133e+00
3.945751905441284180e+00
4.378720283508300781e+00
3.936273097991943359e+00
4.242199420928955078e+00
4.249538421630859375e+00
3.998979091644287109e+00
4.160946607589721680e+00
3.791038513183593750e+00
4.222305059432983398e+00
4.038079261779785156e+00
4.242198228836059570e+00
4.070307493209838867e+00
4.032584905624389648e+00
4.195442199707031250e+00
3.845018386840820312e+00
3.760383129119873047e+00
4.375082969665527344e+00
4.033351421356201172e+00
3.907607555389404297e+00
3.762619972229003906e+00
3.918345212936401367e+00
3.815715551376342773e+00
4.540056228637695312e+00
3.751537084579467773e+00
3.725120544433593750e+00
3.930577993392944336e+00
4.395368099212646484e+00
4.263921022415161133e+00
4.282555580139160156e+00
4.038516998291015625e+00
3.952482223510742188e+00
3.868442535400390625e+00
4.106704235076904297e+00
3.966506004333496094e+00
4.080988168716430664e+00
4.017278909683227539e+00
4.342076301574707031e+00
4.125073909759521484e+00
4.046929597854614258e+00
3.920588016510009766e+00
4.237338066101074219e+00
4.140603303909301758e+00
4.029877901077270508e+00
3.958067655563354492e+00
3.982280254364013672e+00
3.827886581420898438e+00
3.927811861038208008e+00
4.186472177505493164e+00
3.968317031860351562e+00
4.003098487854003906e+00
4.009575843811035156e+00
4.018330335617065430e+00
3.784173727035522461e+00
4.216158628463745117e+00
3.983812570571899414e+00
4.191024065017700195e+00
3.801722049713134766e+00
3.944765806198120117e+00
4.011629104614257812e+00
3.602423429489135742e+00
4.151562452316284180e+00
4.014712572097778320e+00
4.101022720336914062e+00
4.160017490386962891e+00
3.630042552947998047e+00
4.327012538909912109e+00
4.300593376159667969e+00
3.888414382934570312e+00
4.117512226104736328e+00
4.018857955932617188e+00
4.108459234237670898e+00
4.241859674453735352e+00
4.228276014328002930e+00
4.156986474990844727e+00
4.197405338287353516e+00
3.765797376632690430e+00
4.136051893234252930e+00
3.782746791839599609e+00
4.150051116943359375e+00
3.943028688430786133e+00
4.054247617721557617e+00
3.502442598342895508e+00
4.216408014297485352e+00
4.293208360671997070e+00
3.391093969345092773e+00
4.248091220855712891e+00
4.072894334793090820e+00
4.505206108093261719e+00
3.903519392013549805e+00
3.685387134552001953e+00
4.244132995605468750e+00
3.804234504699707031e+00
4.244651556015014648e+00
4.149392127990722656e+00
4.135444164276123047e+00
4.393663167953491211e+00
3.997609376907348633e+00
4.507879018783569336e+00
4.089204072952270508e+00
4.418035984039306641e+00
3.816035032272338867e+00
4.172678470611572266e+00
4.301481485366821289e+00
3.874695301055908203e+00
4.138290166854858398e+00
3.816646575927734375e+00
3.969489097595214844e+00
3.847612619400024414e+00
4.176294088363647461e+00
4.189392328262329102e+00
4.223794937133789062e+00
4.159634828567504883e+00
4.478762626647949219e+00
3.671864271163940430e+00
4.014407634735107422e+00
3.769782304763793945e+00
3.792564868927001953e+00
3.992781162261962891e+00
3.943822860717773438e+00
4.281684637069702148e+00
4.425239562988281250e+00
3.914549112319946289e+00
3.822991132736206055e+00
4.203456163406372070e+00
4.359263896942138672e+00
3.814333200454711914e+00
3.144334554672241211e+00
4.249413013458251953e+00
4.188902139663696289e+00
4.223901748657226562e+00
3.759204149246215820e+00
3.864501237869262695e+00
4.051558494567871094e+00
3.845634698867797852e+00
4.168175458908081055e+00
3.996582984924316406e+00
3.583540439605712891e+00
4.301741123199462891e+00
4.126942396163940430e+00
4.066131114959716797e+00
4.262685775756835938e+00
3.802340745925903320e+00
4.263336181640625000e+00
3.891702890396118164e+00
3.881478309631347656e+00
4.082183599472045898e+00
4.129760980606079102e+00
3.523734569549560547e+00
4.075954198837280273e+00
3.548127174377441406e+00
4.228268384933471680e+00
3.772220849990844727e+00
3.899110317230224609e+00
4.011605501174926758e+00
4.111510753631591797e+00
4.008175611495971680e+00
4.113629341125488281e+00
3.903080940246582031e+00
3.662301301956176758e+00
4.188361883163452148e+00
3.799465417861938477e+00
3.779134035110473633e+00
4.035291910171508789e+00
4.119324445724487305e+00
3.960207223892211914e+00
4.059732913970947266e+00
3.760789871215820312e+00
3.955340385437011719e+00
4.057523012161254883e+00
3.945571422576904297e+00
3.887879848480224609e+00
4.245439291000366211e+00
3.514371156692504883e+00
3.661017179489135742e+00
4.207973718643188477e+00
3.982182979583740234e+00
4.001495838165283203e+00
4.501337051391601562e+00
4.069083690643310547e+00
4.259330511093139648e+00
4.194456100463867188e+00
3.972636938095092773e+00
4.154079198837280273e+00
3.952098846435546875e+00
4.045478820800781250e+00
3.738163948059082031e+00
3.571128606796264648e+00
4.106808185577392578e+00
4.064792394638061523e+00
3.955469131469726562e+00
4.158228397369384766e+00
3.847653150558471680e+00
3.385667562484741211e+00
4.241833925247192383e+00
3.607743740081787109e+00
3.351851463317871094e+00
4.028634309768676758e+00
4.015406608581542969e+00
4.017387866973876953e+00
3.677819490432739258e+00
3.976394653320312500e+00
4.152283430099487305e+00
4.203153610229492188e+00
3.745856285095214844e+00
4.025401830673217773e+00
4.019962549209594727e+00
4.211382150650024414e+00
3.860314607620239258e+00
4.126788377761840820e+00
3.807687044143676758e+00
4.062370777130126953e+00
3.974955081939697266e+00
3.581439495086669922e+00
4.699620962142944336e+00
3.782922267913818359e+00
4.086175203323364258e+00
4.081942796707153320e+00
4.129438161849975586e+00
4.023221969604492188e+00
4.624399185180664062e+00
4.090371608734130859e+00
4.162903547286987305e+00
4.003923177719116211e+00
3.786578178405761719e+00
3.615083694458007812e+00
4.396306753158569336e+00
3.589756965637207031e+00
4.327492952346801758e+00
4.137315988540649414e+00
3.482925891876220703e+00
3.915401697158813477e+00
3.588636398315429688e+00
3.962661027908325195e+00
4.078443527221679688e+00
4.139243364334106445e+00
4.071813344955444336e+00
4.453951835632324219e+00
4.120924234390258789e+00
4.150598287582397461e+00
4.056345701217651367e+00
4.385489463806152344e+00
4.226961612701416016e+00
4.543028593063354492e+00
4.234623193740844727e+00
4.321954488754272461e+00
4.239584207534790039e+00
4.119210004806518555e+00
3.807190656661987305e+00
4.092348814010620117e+00
4.225517749786376953e+00
4.218021392822265625e+00
4.047733068466186523e+00
4.257390499114990234e+00
4.305257081985473633e+00
4.060638666152954102e+00
4.089724540710449219e+00
4.257580995559692383e+00
3.851033210754394531e+00
4.043266057968139648e+00
3.854059219360351562e+00
4.093161344528198242e+00
4.419059514999389648e+00
4.141174077987670898e+00
4.046073913574218750e+00
4.029656171798706055e+00
4.101654291152954102e+00
4.492048025131225586e+00
4.338059186935424805e+00
3.890415430068969727e+00
4.132397890090942383e+00
4.113351821899414062e+00
3.966639280319213867e+00
3.985236644744873047e+00
4.314775943756103516e+00
3.764489889144897461e+00
3.932465076446533203e+00
4.031796693801879883e+00
3.659045696258544922e+00
3.839696168899536133e+00
4.269335031509399414e+00
3.853516340255737305e+00
3.650146245956420898e+00
3.880334377288818359e+00
3.819215297698974609e+00
4.022102117538452148e+00
3.884551525115966797e+00
3.971007585525512695e+00
3.939125299453735352e+00
4.361173868179321289e+00
4.238175868988037109e+00
3.904940605163574219e+00
3.679210901260375977e+00
3.447098255157470703e+00
3.569485664367675781e+00
3.286533117294311523e+00
3.913989305496215820e+00
3.946882724761962891e+00
3.196856021881103516e+00
4.140696048736572266e+00
3.838995933532714844e+00
3.964982271194458008e+00
4.076347351074218750e+00
3.565554141998291016e+00
4.023243904113769531e+00
3.821915388107299805e+00
3.587680339813232422e+00
3.871085882186889648e+00
3.846455335617065430e+00
4.072628736495971680e+00
3.565973997116088867e+00
3.826476335525512695e+00
4.120660781860351562e+00
4.081534862518310547e+00
4.033817768096923828e+00
3.597630977630615234e+00
3.713093519210815430e+00
4.197499990463256836e+00
3.801039457321166992e+00
3.580650806427001953e+00
3.611294269561767578e+00
3.998978853225708008e+00
3.928984403610229492e+00
4.073986053466796875e+00
4.039175510406494141e+00
4.072854757308959961e+00
4.005884408950805664e+00
3.422745466232299805e+00
4.012935400009155273e+00
3.676742076873779297e+00
3.770411252975463867e+00
4.131313562393188477e+00
3.395681381225585938e+00
3.974112987518310547e+00
4.144040822982788086e+00
4.584949731826782227e+00
4.075110197067260742e+00
4.151586294174194336e+00
4.069809198379516602e+00
3.731451034545898438e+00
4.331813335418701172e+00
4.136946201324462891e+00
4.316278219223022461e+00
3.874694585800170898e+00
3.974389791488647461e+00
4.155512809753417969e+00
3.981933355331420898e+00
4.305505990982055664e+00
3.884422779083251953e+00
4.167250871658325195e+00
4.320449352264404297e+00
4.128494262695312500e+00
3.688595056533813477e+00
4.248828172683715820e+00
4.016675710678100586e+00
4.116284847259521484e+00
4.034212112426757812e+00
4.038985729217529297e+00
4.165499210357666016e+00
3.948389768600463867e+00
4.234388113021850586e+00
4.378876209259033203e+00
3.971350431442260742e+00
3.891112089157104492e+00
4.205492019653320312e+00
3.876942873001098633e+00
3.461281299591064453e+00
3.787508487701416016e+00
3.885050296783447266e+00
3.593047380447387695e+00
4.275956869125366211e+00
4.367855787277221680e+00
4.162266016006469727e+00
4.170383453369140625e+00
4.082323789596557617e+00
4.412873268127441406e+00
3.728719711303710938e+00
4.173420190811157227e+00
4.357083559036254883e+00
3.787455320358276367e+00
4.307816505432128906e+00
4.091670036315917969e+00
3.305734872817993164e+00
4.050390005111694336e+00
3.972029447555541992e+00
4.341264009475708008e+00
3.969148635864257812e+00
4.081616640090942383e+00
3.993876218795776367e+00
3.942215919494628906e+00
4.070522069931030273e+00
3.838973283767700195e+00
4.072664499282836914e+00
4.183902978897094727e+00
4.150593757629394531e+00
3.705649614334106445e+00
4.196621894836425781e+00
3.676424026489257812e+00
4.386804342269897461e+00
4.024295091629028320e+00
4.106812000274658203e+00
4.177010536193847656e+00
3.824792146682739258e+00
3.809617280960083008e+00
4.096518039703369141e+00
4.013954162597656250e+00
4.026894569396972656e+00
3.863592624664306641e+00
3.727252483367919922e+00
3.881067276000976562e+00
4.098825931549072266e+00
3.939289569854736328e+00
3.759230136871337891e+00
4.072316646575927734e+00
4.417408466339111328e+00
3.950599670410156250e+00
4.085409164428710938e+00
3.981681108474731445e+00
4.346588850021362305e+00
3.939758777618408203e+00
3.984578847885131836e+00
4.129096269607543945e+00
4.135434389114379883e+00
3.917229413986206055e+00
4.136820077896118164e+00
3.550834894180297852e+00
3.723559379577636719e+00
4.231749296188354492e+00
4.297744750976562500e+00
4.260293960571289062e+00
4.120173692703247070e+00
4.093745470046997070e+00
3.939519643783569336e+00
3.886281490325927734e+00
3.785833120346069336e+00
4.227915287017822266e+00
3.864773511886596680e+00
4.327030420303344727e+00
3.956336259841918945e+00
3.810256481170654297e+00
4.096562862396240234e+00
4.124729156494140625e+00
4.478895902633666992e+00
3.805303812026977539e+00
4.254793167114257812e+00
3.859655380249023438e+00
4.195429086685180664e+00
3.937014579772949219e+00
3.510334014892578125e+00
3.944545269012451172e+00
3.628150939941406250e+00
4.153589725494384766e+00
3.912926435470581055e+00
4.198909282684326172e+00
3.892614841461181641e+00
3.465774774551391602e+00
3.973912239074707031e+00
4.051526069641113281e+00
4.249135732650756836e+00
4.270239830017089844e+00
4.127779483795166016e+00
4.251095771789550781e+00
3.581747770309448242e+00
4.124370336532592773e+00
4.190055370330810547e+00
4.133051395416259766e+00
4.044794321060180664e+00
4.236963272094726562e+00
4.115761041641235352e+00
4.432755470275878906e+00
4.266570568084716797e+00
4.032001018524169922e+00
3.994174718856811523e+00
3.737320184707641602e+00
3.746445178985595703e+00
3.991165161132812500e+00
3.950366020202636719e+00
4.008226871490478516e+00
4.423438549041748047e+00
4.206294059753417969e+00
4.282659292221069336e+00
4.219024658203125000e+00
4.106142282485961914e+00
4.206441402435302734e+00
3.985646963119506836e+00
4.082951784133911133e+00
4.207108259201049805e+00
3.983193874359130859e+00
3.853993654251098633e+00
4.557994842529296875e+00
4.422641754150390625e+00
3.548945903778076172e+00
4.219173669815063477e+00
4.045926570892333984e+00
3.815298318862915039e+00
4.274571418762207031e+00
3.445231914520263672e+00
3.828739166259765625e+00
4.275401592254638672e+00
3.994278430938720703e+00
4.095018386840820312e+00
4.142069816589355469e+00
4.357945203781127930e+00
4.283057689666748047e+00
4.144652843475341797e+00
4.214209318161010742e+00
3.224170684814453125e+00
4.137412548065185547e+00
4.147283077239990234e+00
4.106030702590942383e+00
3.917330265045166016e+00
3.813055515289306641e+00
3.843156337738037109e+00
4.054855108261108398e+00
4.155290365219116211e+00
3.664702653884887695e+00
4.318328380584716797e+00
4.161822319030761719e+00
4.439750432968139648e+00
3.866524457931518555e+00
4.192183971405029297e+00
4.125855207443237305e+00
4.034148216247558594e+00
4.142140388488769531e+00
4.253500223159790039e+00
3.971081256866455078e+00
3.987211942672729492e+00
3.798745632171630859e+00
3.985841512680053711e+00
4.056226730346679688e+00
4.097790956497192383e+00
4.011687517166137695e+00
4.236777782440185547e+00
4.000807523727416992e+00
4.192282915115356445e+00
4.315859556198120117e+00
3.613291978836059570e+00
3.814796686172485352e+00
4.060968875885009766e+00
4.122858047485351562e+00
3.572830677032470703e+00
3.511276483535766602e+00
4.359314441680908203e+00
3.844488859176635742e+00
4.276779890060424805e+00
4.113729000091552734e+00
3.973441600799560547e+00
3.736228227615356445e+00
4.207267999649047852e+00
3.852011919021606445e+00
3.973697662353515625e+00
3.778213262557983398e+00
3.531182527542114258e+00
4.392808914184570312e+00
4.027370691299438477e+00
4.381300210952758789e+00
4.165417671203613281e+00
3.625984191894531250e+00
3.733382463455200195e+00
4.070658445358276367e+00
3.882119178771972656e+00
3.971950054168701172e+00
4.035350084304809570e+00
4.156038761138916016e+00
3.504731893539428711e+00
4.074039220809936523e+00
3.882060050964355469e+00
3.792981624603271484e+00
3.879262447357177734e+00
4.322891473770141602e+00
4.197114706039428711e+00
4.411587953567504883e+00
3.705559968948364258e+00
4.263537645339965820e+00
4.018860578536987305e+00
4.332297563552856445e+00
3.816577672958374023e+00
4.050147771835327148e+00
3.742623805999755859e+00
3.967112302780151367e+00
3.931447982788085938e+00
3.511965751647949219e+00
3.860336303710937500e+00
4.136196851730346680e+00
4.177928447723388672e+00
3.864689350128173828e+00
3.726757287979125977e+00
3.270477294921875000e+00
3.914506435394287109e+00
3.505635261535644531e+00
3.895066499710083008e+00
3.822084188461303711e+00
3.615296840667724609e+00
4.023226976394653320e+00
3.952158689498901367e+00
3.707672119140625000e+00
4.182533502578735352e+00
3.814940690994262695e+00
4.372521638870239258e+00
3.495032310485839844e+00
3.972531318664550781e+00
3.954918146133422852e+00
4.025437116622924805e+00
3.969456434249877930e+00
4.305399179458618164e+00
4.287536144256591797e+00
4.172198295593261719e+00
3.829542636871337891e+00
3.673619985580444336e+00
3.781364202499389648e+00
3.962729930877685547e+00
4.060348033905029297e+00
4.061342954635620117e+00
3.697264194488525391e+00
4.319725036621093750e+00
3.624654531478881836e+00
3.882979631423950195e+00
4.093761444091796875e+00
4.434704303741455078e+00
4.322332859039306641e+00
4.227381229400634766e+00
3.829790592193603516e+00
3.614035367965698242e+00
3.727812767028808594e+00
3.745770931243896484e+00
3.862137556076049805e+00
3.952121734619140625e+00
3.873263597488403320e+00
4.000110149383544922e+00
3.879137992858886719e+00
3.888851404190063477e+00
3.937373399734497070e+00
4.014554262161254883e+00
4.003875732421875000e+00
3.855487823486328125e+00
4.377762794494628906e+00
4.571870565414428711e+00
4.129510641098022461e+00
3.600434064865112305e+00
4.401308059692382812e+00
3.675137281417846680e+00
4.427584886550903320e+00
3.754120349884033203e+00
4.249030828475952148e+00
4.066158056259155273e+00
4.008802413940429688e+00
3.711910963058471680e+00
4.011074304580688477e+00
4.153983831405639648e+00
4.011677026748657227e+00
3.960884094238281250e+00
3.702139377593994141e+00
3.576570987701416016e+00
4.293579339981079102e+00
3.830146789550781250e+00
4.185151100158691406e+00
4.225634098052978516e+00
3.939836740493774414e+00
4.051604032516479492e+00
3.757188320159912109e+00
3.760472297668457031e+00
4.173886775970458984e+00
3.974924564361572266e+00
3.810948133468627930e+00
4.022411584854125977e+00
3.854429006576538086e+00
3.503895044326782227e+00
3.845787763595581055e+00
4.258491039276123047e+00
4.033091306686401367e+00
3.929151773452758789e+00
3.958001136779785156e+00
4.307795286178588867e+00
4.126479148864746094e+00
4.324818372726440430e+00
3.941553115844726562e+00
4.402738809585571289e+00
4.031752109527587891e+00
3.755744695663452148e+00
3.764265537261962891e+00
3.942643404006958008e+00
4.151490688323974609e+00
4.400302410125732422e+00
4.312777519226074219e+00
3.899943351745605469e+00
3.597214460372924805e+00
4.100710153579711914e+00
3.571431159973144531e+00
3.768108606338500977e+00
3.810585737228393555e+00
3.733867168426513672e+00
3.767868995666503906e+00
4.277114391326904297e+00
4.127028465270996094e+00
4.209332466125488281e+00
4.119063138961791992e+00
4.195069074630737305e+00
3.990914583206176758e+00
4.185000419616699219e+00
3.856157064437866211e+00
3.794266223907470703e+00
4.186474084854125977e+00
4.155967473983764648e+00
4.276340246200561523e+00
4.421833038330078125e+00
3.861659765243530273e+00
3.769276380538940430e+00
4.192641496658325195e+00
3.694280862808227539e+00
4.171205520629882812e+00
3.495792150497436523e+00
3.977302312850952148e+00
4.141128301620483398e+00
3.685755968093872070e+00
4.176165103912353516e+00
4.171118259429931641e+00
4.083339452743530273e+00
4.050708532333374023e+00
3.785692214965820312e+00
4.425411462783813477e+00
3.920904159545898438e+00
3.854339599609375000e+00
3.820529699325561523e+00
4.361033201217651367e+00
4.172376632690429688e+00
3.920495271682739258e+00
3.920168399810791016e+00
3.825755834579467773e+00
3.563555955886840820e+00
3.945366621017456055e+00
3.794333934783935547e+00
3.889084577560424805e+00
3.942213773727416992e+00
3.926218271255493164e+00
4.036697626113891602e+00
3.694329261779785156e+00
4.090853691101074219e+00
3.983613491058349609e+00
4.023605823516845703e+00
4.462090253829956055e+00
3.596351146697998047e+00
4.197534322738647461e+00
3.653089523315429688e+00
4.189680099487304688e+00
4.332258462905883789e+00
4.021278858184814453e+00
4.037991285324096680e+00
3.806921005249023438e+00
3.898049831390380859e+00
3.822264909744262695e+00
4.276587963104248047e+00
4.087131500244140625e+00
4.207033395767211914e+00
3.749718427658081055e+00
3.357070684432983398e+00
3.262535572052001953e+00
4.038024425506591797e+00
4.161346912384033203e+00
4.022857904434204102e+00
4.096563816070556641e+00
4.136252403259277344e+00
4.548809766769409180e+00
3.713064432144165039e+00
4.256149291992187500e+00
4.028208494186401367e+00
3.391820430755615234e+00
3.932613611221313477e+00
4.256940841674804688e+00
4.292592525482177734e+00
4.097872018814086914e+00
4.134225368499755859e+00
3.942038536071777344e+00
3.970718622207641602e+00
4.159391880035400391e+00
4.007528305053710938e+00
3.645797729492187500e+00
3.912789821624755859e+00
4.081539630889892578e+00
4.088336467742919922e+00
4.353036165237426758e+00
4.293746471405029297e+00
3.981518507003784180e+00
4.226853370666503906e+00
3.719470024108886719e+00
4.154396295547485352e+00
3.779389142990112305e+00
4.231097936630249023e+00
4.361095428466796875e+00
3.966522455215454102e+00
4.133749723434448242e+00
4.458978652954101562e+00
4.323375463485717773e+00
3.945284605026245117e+00
3.997077703475952148e+00
3.958083629608154297e+00
3.808729648590087891e+00
4.434756278991699219e+00
3.933449029922485352e+00
3.431903600692749023e+00
4.006624460220336914e+00
3.846634626388549805e+00
4.030558109283447266e+00
4.361876487731933594e+00
4.162860870361328125e+00
3.885351657867431641e+00
3.789277791976928711e+00
3.803278684616088867e+00
4.343868970870971680e+00
3.931312799453735352e+00
4.053462505340576172e+00
4.483960866928100586e+00
4.245584011077880859e+00
4.273322105407714844e+00
3.801300764083862305e+00
4.265811204910278320e+00
3.910103559494018555e+00
3.989944696426391602e+00
3.952633142471313477e+00
4.018569469451904297e+00
4.243298530578613281e+00
4.053562402725219727e+00
4.041210651397705078e+00
4.291236639022827148e+00
3.932995557785034180e+00
4.201151132583618164e+00
4.343098878860473633e+00
3.859688282012939453e+00
3.832663059234619141e+00
3.962404012680053711e+00
3.842528343200683594e+00
3.700859785079956055e+00
4.165735483169555664e+00
4.063396930694580078e+00
3.932385683059692383e+00
3.779726982116699219e+00
4.025762081146240234e+00
3.888429164886474609e+00
3.651616811752319336e+00
3.728547811508178711e+00
3.947348356246948242e+00
3.988958597183227539e+00
4.478793382644653320e+00
3.886647701263427734e+00
4.114496231079101562e+00
3.585421562194824219e+00
4.118829727172851562e+00
4.444557428359985352e+00
3.893355369567871094e+00
4.399602174758911133e+00
4.103957653045654297e+00
3.966486692428588867e+00
3.857627391815185547e+00
4.245463132858276367e+00
3.917867898941040039e+00
3.930682897567749023e+00
3.816910982131958008e+00
4.306147575378417969e+00
3.183619976043701172e+00
3.683447837829589844e+00
3.957046508789062500e+00
3.915174961090087891e+00
3.933473348617553711e+00
4.096587419509887695e+00
3.879558801651000977e+00
4.139777183532714844e+00
4.110241413116455078e+00
3.841893672943115234e+00
4.074692010879516602e+00
3.975492238998413086e+00
4.188993215560913086e+00
3.922272920608520508e+00
3.979863166809082031e+00
3.981493234634399414e+00
3.774546861648559570e+00
4.290330410003662109e+00
4.471325397491455078e+00
4.109305381774902344e+00
4.098583936691284180e+00
4.015604496002197266e+00
4.240652799606323242e+00
3.821667909622192383e+00
4.243450403213500977e+00
4.102212905883789062e+00
4.269118547439575195e+00
4.197700738906860352e+00
4.190660238265991211e+00
4.218196868896484375e+00
3.922384738922119141e+00
3.906452655792236328e+00
3.895963191986083984e+00
4.080640316009521484e+00
3.684399843215942383e+00
4.177749395370483398e+00
3.693625211715698242e+00
3.632755041122436523e+00
4.032680749893188477e+00
4.329520225524902344e+00
4.089627027511596680e+00
4.251639366149902344e+00
4.055792093276977539e+00
4.161052465438842773e+00
4.262016773223876953e+00
4.020934820175170898e+00
3.925474405288696289e+00
4.570960044860839844e+00
3.925679683685302734e+00
4.052589654922485352e+00
3.685929059982299805e+00
4.437095403671264648e+00
3.626016378402709961e+00
4.141010284423828125e+00
4.248111009597778320e+00
3.761457920074462891e+00
4.146725654602050781e+00
4.197010517120361328e+00
3.536763906478881836e+00
4.308746337890625000e+00
4.052281856536865234e+00
3.807677507400512695e+00
3.826583385467529297e+00
3.908126592636108398e+00
4.384289503097534180e+00
4.010040044784545898e+00
3.642313480377197266e+00
4.011069536209106445e+00
4.138373851776123047e+00
4.023563623428344727e+00
4.205704450607299805e+00
3.615508794784545898e+00
4.122539281845092773e+00
3.767840385437011719e+00
4.091085433959960938e+00
4.127175569534301758e+00
4.295316696166992188e+00
4.044370889663696289e+00
3.796102046966552734e+00
3.625952959060668945e+00
4.252301216125488281e+00
4.081830978393554688e+00
4.119945526123046875e+00
3.976818799972534180e+00
4.053878784179687500e+00
4.141292810440063477e+00
4.299682855606079102e+00
4.030856370925903320e+00
4.107833147048950195e+00
4.157789945602416992e+00
3.418079614639282227e+00
3.572270870208740234e+00
4.209660291671752930e+00
4.445185661315917969e+00
3.984046459197998047e+00
4.008054018020629883e+00
4.386820316314697266e+00
4.472583293914794922e+00
4.066610097885131836e+00
3.938287973403930664e+00
4.429265737533569336e+00
3.744410991668701172e+00
3.861425161361694336e+00
4.455971717834472656e+00
3.773104190826416016e+00
4.186256408691406250e+00
4.016153812408447266e+00
3.919752836227416992e+00
3.843951463699340820e+00
4.141130685806274414e+00
4.168094635009765625e+00
4.104186058044433594e+00
3.934309482574462891e+00
3.811736583709716797e+00
3.792938947677612305e+00
4.129308700561523438e+00
3.752516269683837891e+00
3.911616563796997070e+00
3.850013256072998047e+00
3.832413434982299805e+00
4.147908449172973633e+00
4.116208791732788086e+00
3.867247581481933594e+00
3.920633792877197266e+00
3.910928487777709961e+00
4.732580900192260742e+00
4.030498743057250977e+00
4.240876197814941406e+00
4.249181509017944336e+00
4.449277162551879883e+00
4.310010910034179688e+00
4.144555330276489258e+00
3.922010421752929688e+00
4.503759622573852539e+00
3.712157726287841797e+00
3.941220283508300781e+00
4.140103816986083984e+00
3.664838075637817383e+00
4.143179178237915039e+00
3.865058183670043945e+00
4.170767068862915039e+00
3.940480470657348633e+00
4.088268756866455078e+00
4.470807790756225586e+00
3.744794845581054688e+00
4.105242967605590820e+00
3.925913095474243164e+00
4.080655336380004883e+00
4.197315692901611328e+00
3.979789733886718750e+00
4.266286611557006836e+00
4.203013658523559570e+00
4.332810401916503906e+00
4.038662910461425781e+00
3.868031740188598633e+00
3.884517669677734375e+00
4.206252336502075195e+00
4.178822517395019531e+00
3.999684810638427734e+00
4.210250616073608398e+00
4.144687175750732422e+00
3.758851289749145508e+00
4.152391910552978516e+00
4.317224979400634766e+00
3.942410945892333984e+00
4.026436805725097656e+00
3.704593420028686523e+00
3.485709905624389648e+00
3.948071479797363281e+00
4.279399633407592773e+00
4.225083351135253906e+00
4.229032278060913086e+00
3.891013383865356445e+00
3.748471975326538086e+00
4.187470912933349609e+00
4.259744405746459961e+00
3.801332473754882812e+00
4.122943162918090820e+00
4.713010549545288086e+00
3.750638484954833984e+00
3.926413536071777344e+00
4.134625434875488281e+00
4.023291587829589844e+00
3.242047786712646484e+00
4.301570415496826172e+00
3.728049755096435547e+00
3.922626018524169922e+00
4.163732290267944336e+00
4.105173110961914062e+00
4.190870523452758789e+00
3.866133213043212891e+00
3.999143362045288086e+00
4.419029235839843750e+00
3.717531681060791016e+00
4.121746778488159180e+00
4.177301406860351562e+00
3.954306125640869141e+00
4.251779556274414062e+00
4.214504480361938477e+00
4.004449605941772461e+00
4.254111766815185547e+00
3.825514554977416992e+00
4.480696678161621094e+00
3.991422891616821289e+00
3.754172563552856445e+00
4.071699380874633789e+00
3.652972698211669922e+00
3.406126260757446289e+00
3.614452123641967773e+00
4.135249853134155273e+00
4.280102729797363281e+00
4.044330835342407227e+00
3.851004838943481445e+00
4.055334329605102539e+00
4.127778053283691406e+00
3.858389377593994141e+00
4.311680555343627930e+00
3.980612277984619141e+00
3.911860227584838867e+00
3.968128204345703125e+00
4.319976806640625000e+00
4.294956684112548828e+00
3.945066213607788086e+00
4.128983259201049805e+00
4.073936462402343750e+00
4.205874919891357422e+00
4.118664979934692383e+00
3.732363462448120117e+00
3.776544332504272461e+00
4.282819986343383789e+00
3.852643966674804688e+00
4.246473789215087891e+00
3.580529451370239258e+00
3.614384174346923828e+00
3.605172872543334961e+00
4.126737356185913086e+00
4.014513969421386719e+00
3.822615385055541992e+00
3.624642372131347656e+00
3.747253417968750000e+00
4.148438215255737305e+00
4.092581748962402344e+00
4.329858303070068359e+00
4.136775016784667969e+00
3.961152553558349609e+00
3.489744424819946289e+00
4.085235595703125000e+00
3.822831869125366211e+00
3.849429845809936523e+00
3.861852645874023438e+00
3.121139049530029297e+00
4.267258405685424805e+00
4.501410722732543945e+00
3.977795124053955078e+00
3.815240383148193359e+00
4.274446010589599609e+00
4.121685504913330078e+00
4.405056953430175781e+00
4.180456638336181641e+00
4.369960784912109375e+00
3.783797740936279297e+00
4.081742525100708008e+00
3.918727159500122070e+00
4.086231946945190430e+00
4.252458333969116211e+00
4.005641937255859375e+00
4.343439340591430664e+00
3.856501340866088867e+00
4.016823768615722656e+00
3.841603279113769531e+00
4.163857221603393555e+00
4.185474872589111328e+00
4.224441766738891602e+00
3.932670831680297852e+00
4.149533748626708984e+00
3.462182521820068359e+00
4.056538820266723633e+00
4.357149362564086914e+00
4.045399904251098633e+00
3.702767610549926758e+00
3.703018188476562500e+00
3.900621414184570312e+00
4.118480443954467773e+00
4.457913875579833984e+00
3.441756248474121094e+00
4.392568349838256836e+00
4.349157810211181641e+00
4.521726131439208984e+00
4.086848497390747070e+00
4.128175973892211914e+00
3.853657960891723633e+00
3.891138553619384766e+00
4.151355743408203125e+00
3.873223066329956055e+00
3.958107233047485352e+00
3.203826189041137695e+00
3.982933998107910156e+00
3.601264476776123047e+00
4.217448234558105469e+00
4.148708581924438477e+00
3.693888664245605469e+00
4.167939186096191406e+00
3.717368602752685547e+00
3.845007896423339844e+00
3.906192779541015625e+00
3.870078325271606445e+00
4.145224332809448242e+00
4.314311981201171875e+00
4.609190940856933594e+00
3.948136568069458008e+00
3.868641853332519531e+00
4.040835857391357422e+00
4.024726867675781250e+00
4.071461915969848633e+00
4.214715003967285156e+00
3.710312366485595703e+00
4.141839265823364258e+00
4.329977750778198242e+00
4.121621131896972656e+00
4.078194856643676758e+00
4.207128763198852539e+00
4.221711635589599609e+00
4.141197443008422852e+00
4.165132284164428711e+00
4.381423950195312500e+00
4.216270446777343750e+00
3.822313547134399414e+00
3.949744701385498047e+00
4.304312467575073242e+00
4.109557390213012695e+00
4.205672025680541992e+00
3.806218147277832031e+00
4.412346839904785156e+00
4.714938640594482422e+00
3.803483486175537109e+00
4.534817457199096680e+00
3.912847042083740234e+00
4.023530483245849609e+00
3.712887763977050781e+00
3.821258068084716797e+00
4.563439130783081055e+00
3.865883588790893555e+00
3.857857942581176758e+00
4.033333778381347656e+00
3.880711555480957031e+00
4.200150966644287109e+00
4.343397140502929688e+00
4.192803859710693359e+00
3.858656406402587891e+00
4.014543056488037109e+00
4.185843467712402344e+00
3.887888431549072266e+00
4.261992454528808594e+00
4.506970167160034180e+00
3.956541299819946289e+00
3.809787511825561523e+00
3.516680717468261719e+00
3.804768562316894531e+00
4.003587007522583008e+00
3.932063102722167969e+00
4.291699647903442383e+00
4.214258909225463867e+00
4.044367074966430664e+00
3.997372388839721680e+00
3.735918760299682617e+00
3.609028816223144531e+00
4.036714792251586914e+00
4.029151439666748047e+00
4.369547843933105469e+00
4.004024744033813477e+00
4.038406372070312500e+00
3.605199098587036133e+00
3.842802762985229492e+00
4.051316261291503906e+00
4.524734973907470703e+00
4.000758647918701172e+00
4.456673622131347656e+00
4.283796787261962891e+00
4.234924077987670898e+00
4.317600965499877930e+00
3.969908475875854492e+00
3.920962333679199219e+00
4.262456417083740234e+00
4.005960464477539062e+00
3.963303804397583008e+00
4.234164714813232422e+00
3.838056802749633789e+00
4.068332672119140625e+00
4.232565641403198242e+00
4.288434982299804688e+00
4.260879755020141602e+00
3.861872673034667969e+00
4.348255395889282227e+00
4.090505599975585938e+00
4.142950057983398438e+00
3.937705278396606445e+00
4.121290206909179688e+00
3.882523536682128906e+00
3.695384263992309570e+00
4.066998004913330078e+00
4.352726221084594727e+00
4.568828821182250977e+00
3.714479923248291016e+00
3.895172357559204102e+00
4.078937530517578125e+00
4.031458854675292969e+00
3.940251588821411133e+00
4.192553997039794922e+00
3.760376691818237305e+00
4.037833213806152344e+00
4.200827836990356445e+00
3.764392614364624023e+00
4.115129470825195312e+00
4.115316390991210938e+00
4.397601366043090820e+00
3.905657529830932617e+00
3.974837303161621094e+00
3.978211402893066406e+00
3.790652513504028320e+00
3.861788749694824219e+00
3.998924255371093750e+00
4.237272262573242188e+00
4.437837600708007812e+00
4.099364757537841797e+00
4.130874156951904297e+00
3.932297229766845703e+00
4.022962093353271484e+00
4.242047548294067383e+00
4.181873321533203125e+00
3.854047298431396484e+00
3.962086200714111328e+00
3.780010700225830078e+00
4.045751333236694336e+00
4.083152055740356445e+00
3.383260250091552734e+00
4.058108568191528320e+00
3.828498363494873047e+00
3.787371873855590820e+00
4.017787218093872070e+00
4.288163661956787109e+00
4.043472766876220703e+00
3.841181039810180664e+00
4.234626293182373047e+00
4.006414651870727539e+00
3.934815406799316406e+00
4.228296756744384766e+00
3.481998920440673828e+00
4.127753734588623047e+00
4.022231578826904297e+00
4.292844295501708984e+00
4.297880411148071289e+00
4.351451873779296875e+00
4.139243364334106445e+00
3.827511787414550781e+00
3.809314250946044922e+00
3.935303449630737305e+00
4.198613643646240234e+00
3.976893663406372070e+00
3.961015939712524414e+00
4.114398479461669922e+00
4.312440156936645508e+00
4.270103931427001953e+00
4.028904199600219727e+00
3.800177812576293945e+00
3.848145723342895508e+00
4.073545217514038086e+00
4.317964315414428711e+00
4.197104930877685547e+00
4.014549016952514648e+00
4.079318284988403320e+00
4.333902120590209961e+00
3.988841295242309570e+00
4.039632558822631836e+00
4.369635105133056641e+00
3.999368906021118164e+00
3.816592693328857422e+00
4.220625877380371094e+00
3.765939950942993164e+00
4.157791614532470703e+00
4.134840965270996094e+00
4.159732580184936523e+00
3.904756546020507812e+00
4.225589990615844727e+00
3.943145036697387695e+00
3.795460939407348633e+00
3.896554708480834961e+00
4.124163627624511719e+00
4.096431255340576172e+00
3.663215398788452148e+00
3.684267282485961914e+00
3.976850271224975586e+00
4.399985551834106445e+00
4.050430059432983398e+00
4.511213541030883789e+00
3.837211608886718750e+00
4.060280561447143555e+00
4.065023660659790039e+00
4.156611442565917969e+00
3.738251209259033203e+00
4.033076047897338867e+00
4.204586029052734375e+00
4.223044872283935547e+00
4.044139146804809570e+00
4.188893795013427734e+00
3.830499649047851562e+00
4.157104492187500000e+00
4.192977666854858398e+00
4.338212966918945312e+00
4.056935071945190430e+00
4.031160831451416016e+00
4.268096446990966797e+00
4.270127058029174805e+00
4.334092140197753906e+00
4.209755659103393555e+00
4.493819475173950195e+00
4.053914546966552734e+00
4.446243524551391602e+00
3.768068075180053711e+00
3.842765331268310547e+00
4.018429994583129883e+00
4.141415119171142578e+00
3.966619014739990234e+00
4.076985359191894531e+00
3.999998569488525391e+00
4.306895732879638672e+00
4.211658954620361328e+00
4.251814842224121094e+00
4.126842021942138672e+00
4.080104351043701172e+00
3.900461196899414062e+00
4.147971868515014648e+00
3.834402799606323242e+00
4.114007472991943359e+00
4.243301630020141602e+00
4.265766143798828125e+00
4.201673269271850586e+00
4.191012859344482422e+00
3.937011480331420898e+00
4.312996625900268555e+00
4.308931589126586914e+00
3.810471057891845703e+00
4.259675025939941406e+00
4.057765245437622070e+00
3.717080831527709961e+00
4.075504779815673828e+00
3.779468774795532227e+00
3.932581663131713867e+00
4.068034887313842773e+00
3.918655633926391602e+00
4.139909505844116211e+00
3.919860124588012695e+00
4.163802385330200195e+00
4.234336137771606445e+00
3.816950321197509766e+00
3.952022314071655273e+00
4.127320051193237305e+00
4.242803812026977539e+00
4.077374696731567383e+00
4.330721616744995117e+00
3.467352867126464844e+00
4.106493473052978516e+00
4.170727729797363281e+00
4.051866054534912109e+00
4.235478878021240234e+00
4.188333511352539062e+00
4.390767574310302734e+00
3.907845973968505859e+00
4.142800569534301758e+00
3.992880821228027344e+00
4.128354072570800781e+00
3.709322929382324219e+00
4.245914697647094727e+00
4.402935504913330078e+00
4.382051706314086914e+00
4.007706403732299805e+00
4.285596609115600586e+00
4.373383045196533203e+00
4.399571657180786133e+00
3.881289243698120117e+00
4.330306768417358398e+00
4.226428985595703125e+00
4.344051361083984375e+00
4.003364086151123047e+00
3.973091602325439453e+00
4.189603328704833984e+00
4.215535640716552734e+00
4.368442058563232422e+00
4.299026727676391602e+00
3.896342277526855469e+00
3.845804214477539062e+00
4.090521335601806641e+00
4.014025926589965820e+00
4.078123807907104492e+00
3.816207885742187500e+00
4.209287643432617188e+00
4.048339366912841797e+00
4.192338228225708008e+00
4.004760980606079102e+00
4.100996732711791992e+00
4.199177742004394531e+00
4.170743703842163086e+00
4.474160909652709961e+00
4.032270908355712891e+00
4.043944597244262695e+00
4.001448869705200195e+00
4.174041509628295898e+00
4.165266752243041992e+00
4.115520954132080078e+00
4.503180027008056641e+00
3.911693334579467773e+00
4.324906826019287109e+00
4.049713850021362305e+00
4.418804645538330078e+00
4.177332162857055664e+00
4.473552227020263672e+00
4.163321018218994141e+00
4.043587446212768555e+00
4.169174432754516602e+00
3.995377540588378906e+00
4.718007564544677734e+00
4.166214227676391602e+00
4.469601869583129883e+00
4.031510114669799805e+00
3.801850795745849609e+00
4.084415197372436523e+00
4.186432123184204102e+00
4.233286857604980469e+00
4.339227676391601562e+00
4.163526773452758789e+00
4.314520835876464844e+00
3.925722599029541016e+00
4.335191965103149414e+00
3.838843584060668945e+00
4.044719219207763672e+00
3.865018129348754883e+00
4.037627458572387695e+00
4.231632947921752930e+00
4.190071582794189453e+00
4.107838392257690430e+00
4.363862276077270508e+00
4.086827278137207031e+00
3.637742519378662109e+00
3.995625972747802734e+00
4.011825084686279297e+00
4.054556846618652344e+00
4.386795043945312500e+00
4.139266252517700195e+00
4.345515251159667969e+00
4.309926033020019531e+00
4.207399606704711914e+00
3.703077554702758789e+00
3.948500871658325195e+00
4.072296619415283203e+00
4.473266363143920898e+00
4.257786512374877930e+00
4.176885366439819336e+00
4.121612071990966797e+00
3.955027341842651367e+00
4.404567003250122070e+00
3.821349143981933594e+00
3.978789567947387695e+00
3.823580503463745117e+00
4.090298175811767578e+00
4.021683216094970703e+00
4.000645160675048828e+00
4.154062747955322266e+00
3.716045141220092773e+00
4.017476558685302734e+00
3.996681213378906250e+00
4.287411689758300781e+00
4.180829524993896484e+00
4.172857284545898438e+00
4.331990242004394531e+00
4.203756809234619141e+00
4.448489665985107422e+00
3.962652206420898438e+00
4.188328504562377930e+00
4.204078197479248047e+00
4.205588102340698242e+00
4.398357391357421875e+00
4.256158351898193359e+00
3.813080549240112305e+00
3.826079845428466797e+00
4.122194051742553711e+00
4.169428825378417969e+00
3.858753442764282227e+00
4.259369373321533203e+00
3.956883668899536133e+00
4.397000074386596680e+00
3.911346197128295898e+00
4.432446479797363281e+00
4.767842292785644531e+00
4.353535413742065430e+00
4.538069009780883789e+00
4.367361783981323242e+00
4.103421688079833984e+00
3.932575702667236328e+00
4.151298999786376953e+00
4.341639757156372070e+00
3.972606420516967773e+00
4.344669342041015625e+00
4.200691938400268555e+00
4.189675331115722656e+00
4.219006061553955078e+00
4.154123067855834961e+00
4.108724117279052734e+00
4.347038030624389648e+00
4.178173780441284180e+00
4.341384887695312500e+00
4.130425453186035156e+00
4.113488197326660156e+00
4.478172540664672852e+00
4.107171773910522461e+00
3.661961078643798828e+00
4.145812749862670898e+00
4.359856128692626953e+00
4.036877155303955078e+00
3.902760744094848633e+00
3.975206136703491211e+00
3.995604753494262695e+00
4.180735588073730469e+00
4.129855155944824219e+00
4.055733442306518555e+00
3.673115015029907227e+00
4.413614034652709961e+00
4.042572975158691406e+00
4.246510028839111328e+00
4.394613504409790039e+00
4.003371477127075195e+00
4.089438438415527344e+00
4.033420085906982422e+00
4.340546607971191406e+00
3.724995136260986328e+00
4.184422016143798828e+00
4.057075262069702148e+00
4.103891611099243164e+00
4.019112110137939453e+00
4.416977882385253906e+00
4.505153894424438477e+00
4.093504667282104492e+00
3.784870147705078125e+00
4.389220237731933594e+00
4.016511440277099609e+00
4.210339784622192383e+00
4.245778799057006836e+00
4.026392221450805664e+00
4.017300128936767578e+00
4.113043069839477539e+00
4.029170751571655273e+00
3.983030796051025391e+00
4.107156991958618164e+00
4.068528175354003906e+00
4.130027532577514648e+00
3.977027416229248047e+00
4.292374372482299805e+00
4.215324401855468750e+00
3.879151821136474609e+00
4.229809999465942383e+00
4.379610061645507812e+00
4.240558147430419922e+00
3.917747735977172852e+00
4.093308925628662109e+00
4.120658397674560547e+00
3.902840375900268555e+00
4.174976825714111328e+00
3.991548299789428711e+00
4.441413164138793945e+00
3.807716608047485352e+00
3.846273422241210938e+00
4.077297687530517578e+00
3.773926973342895508e+00
3.634630918502807617e+00
3.396910190582275391e+00
4.142527341842651367e+00
4.361865997314453125e+00
4.346696853637695312e+00
3.936540126800537109e+00
3.656212568283081055e+00
3.744854450225830078e+00
3.714133501052856445e+00
4.276337385177612305e+00
4.247390031814575195e+00
4.079782009124755859e+00
3.894731044769287109e+00
4.616705656051635742e+00
4.208072662353515625e+00
4.310266733169555664e+00
4.064477443695068359e+00
4.017654180526733398e+00
4.077102184295654297e+00
3.856979370117187500e+00
4.127408027648925781e+00
3.686345815658569336e+00
3.884002923965454102e+00
3.717149019241333008e+00
4.083869457244873047e+00
3.961891412734985352e+00
4.083577871322631836e+00
4.236407756805419922e+00
3.819681882858276367e+00
4.157675027847290039e+00
4.260762691497802734e+00
3.700505733489990234e+00
4.408210277557373047e+00
4.359782934188842773e+00
3.796535015106201172e+00
3.740000486373901367e+00
4.113322973251342773e+00
3.864879369735717773e+00
4.084435939788818359e+00
3.923049211502075195e+00
3.548919677734375000e+00
4.093971967697143555e+00
3.982771635055541992e+00
4.296922922134399414e+00
4.426436424255371094e+00
4.570937871932983398e+00
3.978852272033691406e+00
4.369888305664062500e+00
4.210009098052978516e+00
4.222179412841796875e+00
4.124889373779296875e+00
4.158466100692749023e+00
4.009181976318359375e+00
4.141662836074829102e+00
3.973469972610473633e+00
4.222899913787841797e+00
4.195453166961669922e+00
4.011693954467773438e+00
4.123832464218139648e+00
4.293749094009399414e+00
4.381558418273925781e+00
3.883250236511230469e+00
4.059527397155761719e+00
4.207327842712402344e+00
4.413523674011230469e+00
4.181421995162963867e+00
4.000586748123168945e+00
4.059341430664062500e+00
3.954450368881225586e+00
3.854511737823486328e+00
4.264672994613647461e+00
3.806973695755004883e+00
4.191433429718017578e+00
4.295716047286987305e+00
3.710232734680175781e+00
4.057069301605224609e+00
4.023513078689575195e+00
4.295098304748535156e+00
4.352217197418212891e+00
3.485642433166503906e+00
3.985127687454223633e+00
4.066485404968261719e+00
4.093322753906250000e+00
4.278259038925170898e+00
3.924266576766967773e+00
4.126508951187133789e+00
3.546412467956542969e+00
4.173268079757690430e+00
4.091850042343139648e+00
4.242740869522094727e+00
4.177629470825195312e+00
3.912457227706909180e+00
4.039879083633422852e+00
4.183432579040527344e+00
4.216238498687744141e+00
4.216123819351196289e+00
4.228398323059082031e+00
4.162652969360351562e+00
3.876650333404541016e+00
3.880293369293212891e+00
4.218693256378173828e+00
4.092661619186401367e+00
3.953987598419189453e+00
4.192232131958007812e+00
4.225823402404785156e+00
4.287791967391967773e+00
3.973061561584472656e+00
4.070937633514404297e+00
3.862139940261840820e+00
4.324298381805419922e+00
3.777039289474487305e+00
3.991353034973144531e+00
3.685046672821044922e+00
4.253517389297485352e+00
4.401090621948242188e+00
3.824793577194213867e+00
4.191778659820556641e+00
3.917901039123535156e+00
3.983544111251831055e+00
3.959801673889160156e+00
3.928505897521972656e+00
4.199655294418334961e+00
3.744336128234863281e+00
3.945330142974853516e+00
3.936369657516479492e+00
3.996257543563842773e+00
4.173070192337036133e+00
3.824276685714721680e+00
4.306329011917114258e+00
3.534251689910888672e+00
3.972420930862426758e+00
4.178847789764404297e+00
3.843329668045043945e+00
3.796373367309570312e+00
4.359095573425292969e+00
4.215880155563354492e+00
4.119901657104492188e+00
4.135180234909057617e+00
4.211290121078491211e+00
3.943230390548706055e+00
3.887964487075805664e+00
3.885341644287109375e+00
3.777513027191162109e+00
3.776509284973144531e+00
3.979190349578857422e+00
4.099400281906127930e+00
4.172491788864135742e+00
4.009709119796752930e+00
4.302985191345214844e+00
4.277079820632934570e+00
3.861553668975830078e+00
3.719738960266113281e+00
4.381204366683959961e+00
3.506347894668579102e+00
4.015798568725585938e+00
4.172110795974731445e+00
4.133882045745849609e+00
4.064972639083862305e+00
4.354233264923095703e+00
4.040937662124633789e+00
4.044517517089843750e+00
3.904241085052490234e+00
3.926271200180053711e+00
3.999593019485473633e+00
4.046000003814697266e+00
3.910692453384399414e+00
4.033806562423706055e+00
3.826779127120971680e+00
4.126178503036499023e+00
4.040217399597167969e+00
3.737923622131347656e+00
4.191450595855712891e+00
4.080456972122192383e+00
3.962237834930419922e+00
4.182426214218139648e+00
4.111067533493041992e+00
4.311736106872558594e+00
4.060448884963989258e+00
4.062039136886596680e+00
4.245684385299682617e+00
4.142508268356323242e+00
4.213187217712402344e+00
4.113184452056884766e+00
4.001486301422119141e+00
4.290120601654052734e+00
4.085090637207031250e+00
4.025433778762817383e+00
4.327491760253906250e+00
3.861415386199951172e+00
4.368118286132812500e+00
3.944103956222534180e+00
4.161648273468017578e+00
4.085356473922729492e+00
3.876823902130126953e+00
4.528426647186279297e+00
4.398648977279663086e+00
3.950090646743774414e+00
4.009232521057128906e+00
4.174636363983154297e+00
4.415834188461303711e+00
3.965069532394409180e+00
4.308369874954223633e+00
4.311878681182861328e+00
3.994494199752807617e+00
3.899900674819946289e+00
3.998090982437133789e+00
3.873542070388793945e+00
4.150370836257934570e+00
4.021395206451416016e+00
4.474824905395507812e+00
4.042469024658203125e+00
4.304173707962036133e+00
4.114695787429809570e+00
4.112004518508911133e+00
3.918369293212890625e+00
4.171740293502807617e+00
4.067784309387207031e+00
4.214964389801025391e+00
3.889162778854370117e+00
4.409630775451660156e+00
4.288475275039672852e+00
4.434227228164672852e+00
4.103649616241455078e+00
3.982756614685058594e+00
4.475381135940551758e+00
4.392869472503662109e+00
3.623507261276245117e+00
4.106838226318359375e+00
4.108140230178833008e+00
3.927618026733398438e+00
4.165424585342407227e+00
4.072186231613159180e+00
4.138506174087524414e+00
3.930247068405151367e+00
4.083418369293212891e+00
4.441140174865722656e+00
3.947786808013916016e+00
4.169384002685546875e+00
4.121828556060791016e+00
4.050381898880004883e+00
3.792467594146728516e+00
3.720192432403564453e+00
3.441404819488525391e+00
3.951404333114624023e+00
3.981067419052124023e+00
3.956825256347656250e+00
4.186063528060913086e+00
4.107316732406616211e+00
4.009421586990356445e+00
4.211111545562744141e+00
4.327575445175170898e+00
4.217097759246826172e+00
3.746696233749389648e+00
3.884084939956665039e+00
4.138996124267578125e+00
3.453521966934204102e+00
4.148868799209594727e+00
4.477417469024658203e+00
4.341628551483154297e+00
4.199331760406494141e+00
3.933328151702880859e+00
3.976929903030395508e+00
4.225023508071899414e+00
3.924982547760009766e+00
4.239018440246582031e+00
3.989217519760131836e+00
3.808384180068969727e+00
4.328328371047973633e+00
4.191174030303955078e+00
4.019490957260131836e+00
3.748292207717895508e+00
3.903515815734863281e+00
4.183450222015380859e+00
3.920305490493774414e+00
3.907717227935791016e+00
3.793961524963378906e+00
4.009063005447387695e+00
4.268890142440795898e+00
4.046198606491088867e+00
3.739294767379760742e+00
4.348899841308593750e+00
3.863868951797485352e+00
3.483065843582153320e+00
3.799677371978759766e+00
3.823821544647216797e+00
4.304542303085327148e+00
4.142221689224243164e+00
4.255080461502075195e+00
4.173915624618530273e+00
3.621827840805053711e+00
4.092874765396118164e+00
3.830215215682983398e+00
4.281470298767089844e+00
3.786606788635253906e+00
4.059245586395263672e+00
4.081880807876586914e+00
3.797440290451049805e+00
4.319368839263916016e+00
4.203628301620483398e+00
4.089921236038208008e+00
4.354653120040893555e+00
4.120531320571899414e+00
4.068141698837280273e+00
4.177561283111572266e+00
4.125497102737426758e+00
3.864117860794067383e+00
4.056130409240722656e+00
4.084399700164794922e+00
3.814106702804565430e+00
3.931587696075439453e+00
4.010653257369995117e+00
4.021239995956420898e+00
4.191138982772827148e+00
4.065816164016723633e+00
4.023257493972778320e+00
4.165136337280273438e+00
3.790539264678955078e+00
4.134273052215576172e+00
4.105565309524536133e+00
4.038390398025512695e+00
3.918252468109130859e+00
4.216162681579589844e+00
4.021989107131958008e+00
3.699659347534179688e+00
3.949102163314819336e+00
3.854183673858642578e+00
3.885251283645629883e+00
3.858741521835327148e+00
3.889792919158935547e+00
3.951047658920288086e+00
3.841437578201293945e+00
3.452811479568481445e+00
4.235221624374389648e+00
4.081118345260620117e+00
4.091292619705200195e+00
4.099057197570800781e+00
4.028212070465087891e+00
3.987042427062988281e+00
4.286554336547851562e+00
3.894020557403564453e+00
4.209312200546264648e+00
4.008848428726196289e+00
4.133593082427978516e+00
4.018060445785522461e+00
4.030769348144531250e+00
4.126121520996093750e+00
3.985771179199218750e+00
4.136153936386108398e+00
4.084527015686035156e+00
3.958575010299682617e+00
4.014017343521118164e+00
3.924132823944091797e+00
4.189957618713378906e+00
3.858088731765747070e+00
3.683052301406860352e+00
4.314836263656616211e+00
3.801491022109985352e+00
3.985510587692260742e+00
3.466641426086425781e+00
4.100878953933715820e+00
4.003770589828491211e+00
3.609567880630493164e+00
3.738740921020507812e+00
4.111857414245605469e+00
3.860040903091430664e+00
4.249359607696533203e+00
4.078717231750488281e+00
4.377198457717895508e+00
3.687122106552124023e+00
3.914650201797485352e+00
4.355795621871948242e+00
4.180116653442382812e+00
3.911315441131591797e+00
3.706443548202514648e+00
3.819296121597290039e+00
3.670527219772338867e+00
4.090983629226684570e+00
3.846724748611450195e+00
3.712885379791259766e+00
3.652897357940673828e+00
4.032248020172119141e+00
4.176325082778930664e+00
3.861792087554931641e+00
4.211705684661865234e+00
4.495239496231079102e+00
3.967811107635498047e+00
4.208519220352172852e+00
4.006048917770385742e+00
4.225386142730712891e+00
4.091480255126953125e+00
3.684508323669433594e+00
3.939395666122436523e+00
3.520597457885742188e+00
4.087772846221923828e+00
3.867445707321166992e+00
3.966723442077636719e+00
3.821102857589721680e+00
3.888287067413330078e+00
4.065860509872436523e+00
4.147383928298950195e+00
3.984966039657592773e+00
4.541456937789916992e+00
3.977812290191650391e+00
4.082390785217285156e+00
3.829133272171020508e+00
4.016862630844116211e+00
3.638950586318969727e+00
3.783078908920288086e+00
4.051371574401855469e+00
3.783981323242187500e+00
4.138319969177246094e+00
3.632276535034179688e+00
3.758350610733032227e+00
4.188742399215698242e+00
4.420529127120971680e+00
3.956021785736083984e+00
3.872053623199462891e+00
3.835547208786010742e+00
3.764441967010498047e+00
4.069024801254272461e+00
3.862228631973266602e+00
3.744076490402221680e+00
4.324449300765991211e+00
4.130124568939208984e+00
4.103354215621948242e+00
4.002235651016235352e+00
4.153821706771850586e+00
4.283282279968261719e+00
3.833640575408935547e+00
3.566473722457885742e+00
3.924314022064208984e+00
3.914069414138793945e+00
3.870224237442016602e+00
4.055195093154907227e+00
4.042076110839843750e+00
4.025726556777954102e+00
4.072148561477661133e+00
4.004161596298217773e+00
4.137733221054077148e+00
3.889176130294799805e+00
4.179038524627685547e+00
3.654851198196411133e+00
3.892747879028320312e+00
3.986421823501586914e+00
4.040417909622192383e+00
3.626942157745361328e+00
4.032184123992919922e+00
3.808718681335449219e+00
3.967858314514160156e+00
4.070917129516601562e+00
3.997319459915161133e+00
4.487038612365722656e+00
3.991959810256958008e+00
3.948119640350341797e+00
4.100607633590698242e+00
3.673470497131347656e+00
3.829012870788574219e+00
3.921351432800292969e+00
4.260645627975463867e+00
4.022563934326171875e+00
4.271733999252319336e+00
3.749682664871215820e+00
3.936664342880249023e+00
3.809093236923217773e+00
4.218132734298706055e+00
3.973451852798461914e+00
3.884738683700561523e+00
4.470712423324584961e+00
4.111807584762573242e+00
3.777684688568115234e+00
4.161604881286621094e+00
4.039380550384521484e+00
4.003687620162963867e+00
4.155412435531616211e+00
4.194712162017822266e+00
4.196165323257446289e+00
4.157398939132690430e+00
3.715460538864135742e+00
4.181848287582397461e+00
4.127487182617187500e+00
4.033730030059814453e+00
3.748986482620239258e+00
3.570540428161621094e+00
4.254155635833740234e+00
4.167308807373046875e+00
4.134532690048217773e+00
4.069888353347778320e+00
3.815344095230102539e+00
3.944582223892211914e+00
3.903690576553344727e+00
3.873396158218383789e+00
4.177982091903686523e+00
3.766066551208496094e+00
4.201356649398803711e+00
3.920473337173461914e+00
4.524133682250976562e+00
3.969583034515380859e+00
4.119009256362915039e+00
4.099854946136474609e+00
4.084611415863037109e+00
4.462570190429687500e+00
3.951020240783691406e+00
3.963438272476196289e+00
4.081532239913940430e+00
3.907658576965332031e+00
4.001751661300659180e+00
4.250509262084960938e+00
4.414547443389892578e+00
4.125690460205078125e+00
4.166989564895629883e+00
4.061639785766601562e+00
3.931716203689575195e+00
4.043099164962768555e+00
4.441052436828613281e+00
4.344066381454467773e+00
4.241011142730712891e+00
4.171954870223999023e+00
4.163919448852539062e+00
4.150006055831909180e+00
3.816501855850219727e+00
3.834972858428955078e+00
4.078528404235839844e+00
3.654631614685058594e+00
4.076263189315795898e+00
3.995471477508544922e+00
3.732338428497314453e+00
3.554389238357543945e+00
4.131505012512207031e+00
3.932156085968017578e+00
4.215872526168823242e+00
4.307574033737182617e+00
3.873313188552856445e+00
3.954362154006958008e+00
3.977742433547973633e+00
4.163426160812377930e+00
4.172221899032592773e+00
4.088747024536132812e+00
4.200474500656127930e+00
3.785134315490722656e+00
3.781413793563842773e+00
3.996868610382080078e+00
4.089237213134765625e+00
3.903845310211181641e+00
4.046548128128051758e+00
4.396952629089355469e+00
4.051451206207275391e+00
4.024532079696655273e+00
4.016909360885620117e+00
3.705282449722290039e+00
3.966459512710571289e+00
3.912664175033569336e+00
4.444334745407104492e+00
4.185910224914550781e+00
4.279193162918090820e+00
4.311790227890014648e+00
4.228620052337646484e+00
4.347408533096313477e+00
3.954924345016479492e+00
4.336416244506835938e+00
4.629498243331909180e+00
4.147533655166625977e+00
3.740229129791259766e+00
3.813688516616821289e+00
3.973618745803833008e+00
3.886025667190551758e+00
3.842560768127441406e+00
4.065352201461791992e+00
4.150663137435913086e+00
4.126614809036254883e+00
4.110473155975341797e+00
3.987591743469238281e+00
4.346184492111206055e+00
3.849498510360717773e+00
4.302221536636352539e+00
3.919474124908447266e+00
4.167781114578247070e+00
3.854659795761108398e+00
4.140537977218627930e+00
4.157862901687622070e+00
3.936690330505371094e+00
4.085808992385864258e+00
3.824347496032714844e+00
3.697459936141967773e+00
4.210235357284545898e+00
4.067402362823486328e+00
4.411727905273437500e+00
3.933144569396972656e+00
3.492362260818481445e+00
3.946908712387084961e+00
3.779340267181396484e+00
4.413758754730224609e+00
3.741338968276977539e+00
4.358681201934814453e+00
4.042753934860229492e+00
4.195992231369018555e+00
4.091941833496093750e+00
4.246949434280395508e+00
4.123833179473876953e+00
3.263480901718139648e+00
3.647119045257568359e+00
4.084831714630126953e+00
4.201616048812866211e+00
4.067063808441162109e+00
3.896467208862304688e+00
3.870642423629760742e+00
3.832831144332885742e+00
3.983557224273681641e+00
3.616071701049804688e+00
4.268269062042236328e+00
4.089129209518432617e+00
4.119465351104736328e+00
4.362400770187377930e+00
4.289825677871704102e+00
4.162197828292846680e+00
4.086563348770141602e+00
3.563740968704223633e+00
4.201601505279541016e+00
3.670424938201904297e+00
4.249211072921752930e+00
4.247838973999023438e+00
3.886339187622070312e+00
4.108253955841064453e+00
4.108847856521606445e+00
3.734248638153076172e+00
4.023434877395629883e+00
3.811177730560302734e+00
4.018248081207275391e+00
3.822540044784545898e+00
4.032252788543701172e+00
4.143687009811401367e+00
4.161956071853637695e+00
4.422618150711059570e+00
3.955069303512573242e+00
3.912182092666625977e+00
4.039421796798706055e+00
4.391543388366699219e+00
3.615519046783447266e+00
4.174046754837036133e+00
4.338063001632690430e+00
3.965786933898925781e+00
4.420238733291625977e+00
4.253686666488647461e+00
4.243057250976562500e+00
4.212005376815795898e+00
4.134435176849365234e+00
4.114913702011108398e+00
3.991020917892456055e+00
4.492261648178100586e+00
3.869612932205200195e+00
3.940594673156738281e+00
3.637685537338256836e+00
4.221064567565917969e+00
3.993622779846191406e+00
4.144411802291870117e+00
3.958366394042968750e+00
3.427863836288452148e+00
4.261107206344604492e+00
3.626311540603637695e+00
4.229350566864013672e+00
4.407842874526977539e+00
4.276687622070312500e+00
3.706892490386962891e+00
4.064538002014160156e+00
4.484405755996704102e+00
4.165563106536865234e+00
4.054614543914794922e+00
4.138168096542358398e+00
4.173714399337768555e+00
4.195828914642333984e+00
4.307842254638671875e+00
4.154274702072143555e+00
4.443159341812133789e+00
4.017347335815429688e+00
4.295153141021728516e+00
4.457638025283813477e+00
4.048781633377075195e+00
4.064082145690917969e+00
4.024501800537109375e+00
4.215189695358276367e+00
4.100284814834594727e+00
4.653436422348022461e+00
3.899433135986328125e+00
3.902335882186889648e+00
4.300069808959960938e+00
4.261656284332275391e+00
4.199254512786865234e+00
3.522642135620117188e+00
3.909979820251464844e+00
4.301361322402954102e+00
4.255452156066894531e+00
4.327011585235595703e+00
4.074511289596557617e+00
4.490635633468627930e+00
4.324346065521240234e+00
3.864569902420043945e+00
3.886491298675537109e+00
4.018565416336059570e+00
3.764302492141723633e+00
3.785082101821899414e+00
4.042623519897460938e+00
4.012269973754882812e+00
3.625317811965942383e+00
3.991539001464843750e+00
4.229214191436767578e+00
4.183391571044921875e+00
4.475634098052978516e+00
4.031742811203002930e+00
4.347950696945190430e+00
3.538925647735595703e+00
4.382238388061523438e+00
4.225519180297851562e+00
4.305103302001953125e+00
4.259773492813110352e+00
3.697978258132934570e+00
3.963472843170166016e+00
4.084135532379150391e+00
4.350118160247802734e+00
4.453340291976928711e+00
3.699892520904541016e+00
4.078187465667724609e+00
3.945292472839355469e+00
4.316445112228393555e+00
4.415173530578613281e+00
3.879287719726562500e+00
3.928992509841918945e+00
3.443040132522583008e+00
4.059563159942626953e+00
3.961172819137573242e+00
4.019309997558593750e+00
3.971742630004882812e+00
4.162349939346313477e+00
4.372770786285400391e+00
4.176544427871704102e+00
4.496089935302734375e+00
3.988698959350585938e+00
4.333387136459350586e+00
4.252500534057617188e+00
4.209096670150756836e+00
3.877835750579833984e+00
4.136379718780517578e+00
3.896995306015014648e+00
3.768171548843383789e+00
4.766537427902221680e+00
4.533163547515869141e+00
4.024126768112182617e+00
4.204480409622192383e+00
4.127585887908935547e+00
4.149928092956542969e+00
4.134300470352172852e+00
4.402712821960449219e+00
4.644683122634887695e+00
4.072127580642700195e+00
4.113834142684936523e+00
4.353136301040649414e+00
4.395582199096679688e+00
4.455170869827270508e+00
4.320582628250122070e+00
4.339694976806640625e+00
3.930688619613647461e+00
4.236950635910034180e+00
4.368491888046264648e+00
4.149264574050903320e+00
4.423746347427368164e+00
3.824504137039184570e+00
4.146218299865722656e+00
3.927716493606567383e+00
4.249931097030639648e+00
4.314377784729003906e+00
4.478288412094116211e+00
4.273709297180175781e+00
4.387528419494628906e+00
3.873627424240112305e+00
4.110393285751342773e+00
4.260663986206054688e+00
4.061382770538330078e+00
4.213077068328857422e+00
4.378506660461425781e+00
3.670719623565673828e+00
4.394038200378417969e+00
4.006283283233642578e+00
4.310747385025024414e+00
4.206052303314208984e+00
4.593321800231933594e+00
4.346988439559936523e+00
4.394901990890502930e+00
3.869763135910034180e+00
4.227835178375244141e+00
4.363015174865722656e+00
3.900697231292724609e+00
4.073199748992919922e+00
4.282615423202514648e+00
4.271728515625000000e+00
4.069179534912109375e+00
4.291105508804321289e+00
4.307753086090087891e+00
4.506432056427001953e+00
4.448845624923706055e+00
4.531896114349365234e+00
4.231569766998291016e+00
4.310652732849121094e+00
4.355356454849243164e+00
4.269110202789306641e+00
4.068788051605224609e+00
4.434752225875854492e+00
4.321916341781616211e+00
4.124434471130371094e+00
4.005723714828491211e+00
3.873279333114624023e+00
4.054179668426513672e+00
4.323884248733520508e+00
4.326101064682006836e+00
4.264694452285766602e+00
4.237030506134033203e+00
4.412092208862304688e+00
3.859907150268554688e+00
4.211611032485961914e+00
4.215102910995483398e+00
4.331953048706054688e+00
4.186425447463989258e+00
4.011500358581542969e+00
3.715589523315429688e+00
4.014499425888061523e+00
4.213445901870727539e+00
4.248348474502563477e+00
4.050700664520263672e+00
3.731623888015747070e+00
4.086387872695922852e+00
3.918980121612548828e+00
3.773474454879760742e+00
3.645045280456542969e+00
4.028338193893432617e+00
4.381978988647460938e+00
4.200881958007812500e+00
4.111459493637084961e+00
4.093017101287841797e+00
3.370316028594970703e+00
4.400084495544433594e+00
3.966578960418701172e+00
3.852172136306762695e+00
4.156198978424072266e+00
4.250880479812622070e+00
3.547830581665039062e+00
3.730661869049072266e+00
3.627125978469848633e+00
4.446965932846069336e+00
3.806705713272094727e+00
4.095608472824096680e+00
4.407116889953613281e+00
4.012429952621459961e+00
4.057716131210327148e+00
3.780214071273803711e+00
3.713372230529785156e+00
3.638590097427368164e+00
4.063661336898803711e+00
3.921672105789184570e+00
3.504880905151367188e+00
4.009321451187133789e+00
3.923642158508300781e+00
3.966664791107177734e+00
3.912834644317626953e+00
4.185741186141967773e+00
4.367780208587646484e+00
3.784373998641967773e+00
3.986349821090698242e+00
3.966762542724609375e+00
4.322461605072021484e+00
4.142376184463500977e+00
3.997438192367553711e+00
4.245350837707519531e+00
3.941110372543334961e+00
4.110971450805664062e+00
3.880906343460083008e+00
4.008366823196411133e+00
3.987633705139160156e+00
3.957011222839355469e+00
4.039837121963500977e+00
4.116703510284423828e+00
3.779123067855834961e+00
4.131672859191894531e+00
4.124943256378173828e+00
3.906912088394165039e+00
3.860351562500000000e+00
4.030564785003662109e+00
3.868934392929077148e+00
4.116851329803466797e+00
4.210197687149047852e+00
3.363267421722412109e+00
3.778862237930297852e+00
4.080708026885986328e+00
3.841422557830810547e+00
4.365722179412841797e+00
3.648850679397583008e+00
4.048063039779663086e+00
