1.223346138000488281e+01
1.223327255249023438e+01
1.223323949178059955e+01
1.223319864273071289e+01
1.223317184448242223e+01
1.223314793904622455e+01
1.223312950134277344e+01
1.223310661315917969e+01
1.223311159345838739e+01
1.223309860229492152e+01
1.223307886990633797e+01
1.223306163152058978e+01
1.223304792550893971e+01
1.223303890228271484e+01
1.223303273518880196e+01
1.223302394151687622e+01
1.223301483603084705e+01
1.223300806681315045e+01
1.223300195995130046e+01
1.223299698829650950e+01
1.223299312591552734e+01
1.223298848759044333e+01
1.223298653312351369e+01
1.223298295338948627e+01
1.223297874450683587e+01
1.223297298871553807e+01
1.223297172122531506e+01
1.223296921593802367e+01
1.223296366066768215e+01
1.223295955657959055e+01
1.223295568650768672e+01
1.223295143246650696e+01
1.223294659816857610e+01
1.223294230068431254e+01
1.223293955666678379e+01
1.223296136326259997e+01
1.223295840701541337e+01
1.223417773999665847e+01
1.223412675123948290e+01
1.223409197330474818e+01
1.223406031073593425e+01
1.223418748946416912e+01
1.223414691658907216e+01
1.223411739956248923e+01
1.223408328162299341e+01
1.223405539471170123e+01
1.223402524501719313e+01
1.223399704694747925e+01
1.223396852065105911e+01
1.223393312454223647e+01
1.223389868642769684e+01
1.223385491737952613e+01
1.223382152701323911e+01
1.223379585478040887e+01
1.223376782157204445e+01
1.223373098032815065e+01
1.223366498110587131e+01
1.223360870624410701e+01
1.223355847698146981e+01
1.223350866635640521e+01
1.223347477834732722e+01
1.223344629041610254e+01
1.223340005723256851e+01
1.223335573077201843e+01
1.223331844623272247e+01
1.223319241494843368e+01
1.223308781011780688e+01
1.223301086706273644e+01
1.223295511715654094e+01
1.223289455686296812e+01
1.223280687735114292e+01
1.223269633452097516e+01
1.223259403281015878e+01
1.223234398300583337e+01
1.223226178487141880e+01
1.223239765669170254e+01
1.223227311419202223e+01
1.223205134807488825e+01
1.223191322857820573e+01
1.223178871870040929e+01
1.223167373515941492e+01
1.223174526633285808e+01
1.223163349657173704e+01
1.223154236021495933e+01
1.223139551948098536e+01
1.223403162179991277e+01
1.223383936388739279e+01
1.223367090658708101e+01
1.223356639133410440e+01
1.223333745532565686e+01
1.223310297662085233e+01
1.223282951894013770e+01
1.223262217737013380e+01
1.223238998778322895e+01
1.223336451681036685e+01
1.223400808374086957e+01
1.223371245197414048e+01
1.223324475969586977e+01
1.223284193482061788e+01
1.223262226104736250e+01
1.223219933840307938e+01
1.223180310866412057e+01
1.223146745996567830e+01
1.223121836552253150e+01
1.223104068211146789e+01
1.223057385210720938e+01
1.223007590748439277e+01
1.222995249430338482e+01
1.222941431867966955e+01
1.222861520593816564e+01
1.222813031480118973e+01
1.222781185592923769e+01
1.222910374666737177e+01
1.222965958243922202e+01
1.222919323962667626e+01
1.222861685424015477e+01
1.222815642397627833e+01
1.222752483820511138e+01
1.222666317274590497e+01
1.222582931518554616e+01
1.222499264961431820e+01
1.222678901328415080e+01
1.222631601007973323e+01
1.222665709064852813e+01
1.222694555664062577e+01
1.222643364800347143e+01
1.222663904925969725e+01
1.222765031456947327e+01
1.222656383810117298e+01
1.222498834316547089e+01
1.222466779665182557e+01
1.222459886290810260e+01
1.222401322099499232e+01
1.222417600830989137e+01
1.222314532951072330e+01
1.222222603068632196e+01
1.222137905733428731e+01
1.222103039423624615e+01
1.222011898918975170e+01
1.221963480540684266e+01
1.221891705533291450e+01
1.221826181949024459e+01
1.221735266705493039e+01
1.221651211712095453e+01
1.221549434661865163e+01
1.221491340088517674e+01
1.221354869271622157e+01
1.221358564093306320e+01
1.221320172124261028e+01
1.221308629989623995e+01
1.221155652936720770e+01
1.221088976609079424e+01
1.221034695743735377e+01
1.221025107742904048e+01
1.220834078019665192e+01
1.220710880939776999e+01
1.220734090865797228e+01
1.220728525330748759e+01
1.220711812433206767e+01
1.220495506525039708e+01
1.220364497166983142e+01
1.220195863276352100e+01
1.220060670302689410e+01
1.220018969512567253e+01
1.219883827440666479e+01
1.219857327909354616e+01
1.219728224291772811e+01
1.219557241598764996e+01
1.219506624323376620e+01
1.219374950633329568e+01
1.219337316144976668e+01
1.219294538608817113e+01
1.219235840836012308e+01
1.219280359662812252e+01
1.219213134765625028e+01
1.219062437252564912e+01
1.219056329350013534e+01
1.218911413128456367e+01
1.218667793806704758e+01
1.218547923300001301e+01
1.218498723151275520e+01
1.218390469498686812e+01
1.218224747975667377e+01
1.218080963259157912e+01
1.217938224173880890e+01
1.217873680976129336e+01
1.217770951826942216e+01
1.217564451948125281e+01
1.217388944272641815e+01
1.217363054375899445e+01
1.217201303312291572e+01
1.217021562159061432e+01
1.217301750183105469e+01
1.210858345031738281e+01
1.213881969451904297e+01
1.206543898582458496e+01
1.202463359832763601e+01
1.200404437383016010e+01
1.197708443232945008e+01
1.193508613109588623e+01
1.191639582316080670e+01
1.190710620880127024e+01
1.190607747164639640e+01
1.189440417289733887e+01
1.189372612879826541e+01
1.189894907815115843e+01
1.189820899963378942e+01
1.190168023109436035e+01
1.190127950556138003e+01
1.190053574244181256e+01
1.189120839771471516e+01
1.187770223617553711e+01
1.188410513741629515e+01
1.188333719426935353e+01
1.188875198364257812e+01
1.187514948844909668e+01
1.187498138427734418e+01
1.187632678105280881e+01
1.188675770936188947e+01
1.188327697345188660e+01
1.187851774281468842e+01
1.187070229848225900e+01
1.186857383481917871e+01
1.186924719810485840e+01
1.186543383742823821e+01
1.186609517826753546e+01
1.186574126652308792e+01
1.187341904640197754e+01
1.187237517898147132e+01
1.187375297044452793e+01
1.186884246728359038e+01
1.186745407581329381e+01
1.186835112222811084e+01
1.186851147242954774e+01
1.186309579361316757e+01
1.186396936936811919e+01
1.186076210869683223e+01
1.185904167009436527e+01
1.186050059947561763e+01
1.186033560832341571e+01
1.185634186803078194e+01
1.185307895660400312e+01
1.185372251622817075e+01
1.185394177070030786e+01
1.184894550971265126e+01
1.185011337421558508e+01
1.184982747164639605e+01
1.185324004718235535e+01
1.184687749963057612e+01
1.184333381981685207e+01
1.184062075210829867e+01
1.183811286290486642e+01
1.183277286467004963e+01
1.183161378675891484e+01
1.183028688884916768e+01
1.182894849777221680e+01
1.182500187800480695e+01
1.182593977090084181e+01
1.182602633291216065e+01
1.182346719854018247e+01
1.182256529987722260e+01
1.182125519343784958e+01
1.181912020562400301e+01
1.181736889150407599e+01
1.181379468473669547e+01
1.180757275143185225e+01
1.180764516194661518e+01
1.180591494158694665e+01
1.180456291545521097e+01
1.179955923862946321e+01
1.180035173440281326e+01
1.179972120523452794e+01
1.179804421648567114e+01
1.179799055471652913e+01
1.179613058251070612e+01
1.179483288810366659e+01
1.179362050224752956e+01
1.179353585354117406e+01
1.179357102273524482e+01
1.179234378988092580e+01
1.179015690021300600e+01
1.178844493230183943e+01
1.178732219109168433e+01
1.178311704552691985e+01
1.178285368027225566e+01
1.177978795640012066e+01
1.178011514764083145e+01
1.178156840801239014e+01
1.178301582139791925e+01
1.177952401492060375e+01
1.177473688607264002e+01
1.177588569641113203e+01
1.177288050698761879e+01
1.176876790850770327e+01
1.176473659219093726e+01
1.176430608676030154e+01
1.176225789388020893e+01
1.176118861504320812e+01
1.176228958201185648e+01
1.176205144988166040e+01
1.175913728486507281e+01
1.175788044496016127e+01
1.175765402682192651e+01
1.175810562712805662e+01
1.175870910577014428e+01
1.175781854830290207e+01
1.175679269044295516e+01
1.175384898843436332e+01
1.175258564745259093e+01
1.175073609109652217e+01
1.174878503494903903e+01
1.174519128799438406e+01
1.174325497682429464e+01
1.174202828329117487e+01
1.174233306326517301e+01
1.174104095274402226e+01
1.174059358215331983e+01
1.173921877997262087e+01
1.173842822848342493e+01
1.173680818825960159e+01
1.173569787195486569e+01
1.173159449650691144e+01
1.172864025785722752e+01
1.172936045039783792e+01
1.172894443425917110e+01
1.172939576675642748e+01
1.172863356272379498e+01
1.172601166192223054e+01
1.172544477281779329e+01
1.172573408182116594e+01
1.172449945545882599e+01
1.172546896934509242e+01
1.172458422099444952e+01
1.172423089390069606e+01
1.172250380215944965e+01
1.172192790110906024e+01
1.171884708404541087e+01
1.171815272553326359e+01
1.171738231425382715e+01
1.171715434821876300e+01
1.171705029634821393e+01
1.171728169759114557e+01
1.171537649394660541e+01
1.171483950238478755e+01
1.171429351731842594e+01
1.171468972540520959e+01
1.171196146934263105e+01
1.171040921333508678e+01
1.171178661030568868e+01
1.171216956271400988e+01
1.171431486261715627e+01
1.171169211864471471e+01
1.171012821552916350e+01
1.170872178489779181e+01
1.170750638458626369e+01
1.170725239776983528e+01
1.170696209416244926e+01
1.170694946955485527e+01
1.170522597878279036e+01
1.170307951314108763e+01
1.170124268955027524e+01
1.169978710623348483e+01
1.170005250674242170e+01
1.169930561198744634e+01
1.169766687382163362e+01
1.169777080930512447e+01
1.169666441236223520e+01
1.169400784644213509e+01
1.169357108531025169e+01
1.169100783380229736e+01
1.168836140233045207e+01
1.168781932724846762e+01
1.168784975610385324e+01
1.168755301276406122e+01
1.168638325779815901e+01
1.168721923102503268e+01
1.168606109619140554e+01
1.168461636574037676e+01
1.168387152931907025e+01
1.168164853846773177e+01
1.168198303444675723e+01
1.168005373101485489e+01
1.167858278564133556e+01
1.167651268839836121e+01
1.178757476806640625e+01
1.166959667205810547e+01
1.175484975179036518e+01
1.163031911849975586e+01
1.152484760284423793e+01
1.150505558649698834e+01
1.148995631081717406e+01
1.145952415466308594e+01
1.144745614793565558e+01
1.142802486419677699e+01
1.143656583265824800e+01
1.143439714113871197e+01
1.142390617957481957e+01
1.143907608304705015e+01
1.143419284820556570e+01
1.143411582708358765e+01
1.144324543896843416e+01
1.145369243621826172e+01
1.143820757614938799e+01
1.142661943435668981e+01
1.142287490481422019e+01
1.141689040444114056e+01
1.143086632438327932e+01
1.141600561141967773e+01
1.142139282226562536e+01
1.142372494477492140e+01
1.142434985549361670e+01
1.141744630677359496e+01
1.140855341944201307e+01
1.140230223337809257e+01
1.140184270181963555e+01
1.140405598282814026e+01
1.140691632935495115e+01
1.140711798387415321e+01
1.140051452091761952e+01
1.141503304905361560e+01
1.141985643232190917e+01
1.142303218339618809e+01
1.141702642196264073e+01
1.141771116256713903e+01
1.142042974146401058e+01
1.142444812683832112e+01
1.142156683012496643e+01
1.142742124470797371e+01
1.142175439198811837e+01
1.142223007782645894e+01
1.142743019347495270e+01
1.142651182413101196e+01
1.142322520820462017e+01
1.141967655181884744e+01
1.142093325596229647e+01
1.142048479960515017e+01
1.141709477046750543e+01
1.142363818486531635e+01
1.142548382499001214e+01
1.143046336514609251e+01
1.142602801741215224e+01
1.142196127464031363e+01
1.142563152313232422e+01
1.142796335220336879e+01
1.142812320834300621e+01
1.142784836984449903e+01
1.142592025938488121e+01
1.142652668058872223e+01
1.142488035055307272e+01
1.142745976014570708e+01
1.142643460231040820e+01
1.142424935453078305e+01
1.142281201956928705e+01
1.142211697442190932e+01
1.142374351662649268e+01
1.142682495382097052e+01
1.142529458868993508e+01
1.142123838373132649e+01
1.142349543253580713e+01
1.142076443371019856e+01
1.141895726439240732e+01
1.141849000637347800e+01
1.141750597652000643e+01
1.141739040613174438e+01
1.141546288243046448e+01
1.141962985294621191e+01
1.141850466900561223e+01
1.141693837302071657e+01
1.141566416796515959e+01
1.141515696325967433e+01
1.141509574583207076e+01
1.141609563610770550e+01
1.141414018695274102e+01
1.141238118277655644e+01
1.141249218615856797e+01
1.140960634273031538e+01
1.141080123122020495e+01
1.140865379698733051e+01
1.141263895536723894e+01
1.141433596611022949e+01
1.141728694168562797e+01
1.141478018857994847e+01
1.141419772909145181e+01
1.141760522842407255e+01
1.141542262842159516e+01
1.141417919420728566e+01
1.141037878943878425e+01
1.141032663675454906e+01
1.141174304598853695e+01
1.140897706769547426e+01
1.141208783265586213e+01
1.141084062611615302e+01
1.141034575121118344e+01
1.140776209397749419e+01
1.141040582914610191e+01
1.141361216987882266e+01
1.141216465435196881e+01
1.140869768042313481e+01
1.141121732463007454e+01
1.140868959755733059e+01
1.140811718019664767e+01
1.140313955080711317e+01
1.140063255374171192e+01
1.139927779833475796e+01
1.139961414494790404e+01
1.139897054922385244e+01
1.140211713992483311e+01
1.140195974996013106e+01
1.140125627899169913e+01
1.140139488189939421e+01
1.140011155135988297e+01
1.140234205871820450e+01
1.140245820570361701e+01
1.140052072084866985e+01
1.139808571065655229e+01
1.140054102377458101e+01
1.140213261511092746e+01
1.140345285187906299e+01
1.140292453059443645e+01
1.140219962596893311e+01
1.140082564667193488e+01
1.140249002843663284e+01
1.140071654834335568e+01
1.140286252839224623e+01
1.140599542983034809e+01
1.140544224457002009e+01
1.140497536425823988e+01
1.140469358364740948e+01
1.140278217052591181e+01
1.140253127764349195e+01
1.140006243777112971e+01
1.139998501055949376e+01
1.139935706605847265e+01
1.140056877772013344e+01
1.139837306066854161e+01
1.139761348147141362e+01
1.139733634898865233e+01
1.139945700261499972e+01
1.139720185802828922e+01
1.139584054702367588e+01
1.139648218823086623e+01
1.139720759814298567e+01
1.139786988984113947e+01
1.139802378416061401e+01
1.139579496324432561e+01
1.139317782719930072e+01
1.139178301220291267e+01
1.139309595270854736e+01
1.139261153828014095e+01
1.139390391039561123e+01
1.139191223190216284e+01
1.138919498239244810e+01
1.138881186197495232e+01
1.138811370625215424e+01
1.138833112883986054e+01
1.138802760700846761e+01
1.138709587582273919e+01
1.138914603748540699e+01
1.138928098406110578e+01
1.138678436387668924e+01
1.138454864523505172e+01
1.138214768720476755e+01
1.137990342571748670e+01
1.137872872882419095e+01
1.137708511141782353e+01
1.137757973094562836e+01
1.137557506040145761e+01
1.137649293567823250e+01
1.137537278355778803e+01
1.137437248742708640e+01
1.137510312942260171e+01
1.137284861219690235e+01
1.137536860773803049e+01
1.137522492157785514e+01
1.137340412339614915e+01
1.137142204741636853e+01
1.134887790679931641e+01
1.119985532760620117e+01
1.125866285959879498e+01
1.119947147369384766e+01
1.118110694885253942e+01
1.120340617497762103e+01
1.118643256596156554e+01
1.116331422328948975e+01
1.116327783796522333e+01
1.116118783950805593e+01
1.115953913601961922e+01
1.118375047047933002e+01
1.120252631260798459e+01
1.121876280648367796e+01
1.122107416788736955e+01
1.121454620361328125e+01
1.123542516371783151e+01
1.124967347251044458e+01
1.124448982037995926e+01
1.124012141227722239e+01
1.123164935339064741e+01
1.122631528160788861e+01
1.123856780840002934e+01
1.121978374322255512e+01
1.122964687347412038e+01
1.122602646167461771e+01
1.122877587212456518e+01
1.122874518803187804e+01
1.122482480673954441e+01
1.121592359542846751e+01
1.121785862215103613e+01
1.122246602177619934e+01
1.122241794701778517e+01
1.121580825132482140e+01
1.121612695966448037e+01
1.122692219416300397e+01
1.123267725351694502e+01
1.123100847946970049e+01
1.122717872032752418e+01
1.123625798225402761e+01
1.123278254997439518e+01
1.124318729128156313e+01
1.124116706848144531e+01
1.124544826420870614e+01
1.123725452423095739e+01
1.124061970088792961e+01
1.124758168484302345e+01
1.124895175298055072e+01
1.124216932179976425e+01
1.123886636734008704e+01
1.123470304526534669e+01
1.123441261511582567e+01
1.123092710746909084e+01
1.123726850085788342e+01
1.123368214693936373e+01
1.123880549839564758e+01
1.123239811679773226e+01
1.122764738674821494e+01
1.123095737069340139e+01
1.122766358057657854e+01
1.122772357502921636e+01
1.122362564456078360e+01
1.122197278340657611e+01
1.122348782420158386e+01
1.122161482297457269e+01
1.122920887397997269e+01
1.122958534867016311e+01
1.122400285215938709e+01
1.122080638443214262e+01
1.122560513360159717e+01
1.122428863149293754e+01
1.122529402044084357e+01
1.122732459029106167e+01
1.122118073540764804e+01
1.122514129638671854e+01
1.122474035463835129e+01
1.121817071097237672e+01
1.121698472438714411e+01
1.121786074095134467e+01
1.121760373115539622e+01
1.121786202324761206e+01
1.122048424511421061e+01
1.122025079612272336e+01
1.122022900127229228e+01
1.122202424442066793e+01
1.121921630238377787e+01
1.121622151341931506e+01
1.121768611127679982e+01
1.121700968367330198e+01
1.121789611180623325e+01
1.121742461277888303e+01
1.121620844758075286e+01
1.122148913721884433e+01
1.122047909269941535e+01
1.122431413750899409e+01
1.122894561290740967e+01
1.122896237717461254e+01
1.122770001936932083e+01
1.122346396398062573e+01
1.122800186157226499e+01
1.122628319617545323e+01
1.122408558340633533e+01
1.121994872232085250e+01
1.121873206358689501e+01
1.121710853576660227e+01
1.121477783850903798e+01
1.121888624173458560e+01
1.122063168772944763e+01
1.122085133823779657e+01
1.121909547285600084e+01
1.122271059225271372e+01
1.122448964629854551e+01
1.122410603751123404e+01
1.122486471711543565e+01
1.122763608020284920e+01
1.122698691795612191e+01
1.122593582185924532e+01
1.122200153641781561e+01
1.122069180111925135e+01
1.121875271002451591e+01
1.121781962371069596e+01
1.122003523248140944e+01
1.122319990638794884e+01
1.122634607745755098e+01
1.122740433502197277e+01
1.122709612619309283e+01
1.122691025320939140e+01
1.122730511426925659e+01
1.122546463604121314e+01
1.122491547511174126e+01
1.122487328070720558e+01
1.122732696388706941e+01
1.122876999790507213e+01
1.123149435555757059e+01
1.123148634875262175e+01
1.123131089350756540e+01
1.122865298194606787e+01
1.122995412522467973e+01
1.122794387323393295e+01
1.122977093287876649e+01
1.123187082709995543e+01
1.123044985113009631e+01
1.123014125957355702e+01
1.122910380363464355e+01
1.122521418867439991e+01
1.122516851555811179e+01
1.122378725583861403e+01
1.122324690303286943e+01
1.122348295762234827e+01
1.122385009129842182e+01
1.122163218694017495e+01
1.122086546295567544e+01
1.122092746909147820e+01
1.122371953493588848e+01
1.121960658411825840e+01
1.121810575631948659e+01
1.121905201711472344e+01
1.122127899338927470e+01
1.122326605574889768e+01
1.122357353568077087e+01
1.122193646282883250e+01
1.122092072168985943e+01
1.121973440252198806e+01
1.122033307028979721e+01
1.121828440463904109e+01
1.121778778857495418e+01
1.121746248827722958e+01
1.121644715468088727e+01
1.121537158334043660e+01
1.121498319401460542e+01
1.121642886267768091e+01
1.121605111831842549e+01
1.121435746981229364e+01
1.121784939163032568e+01
1.121624861036028165e+01
1.121528623862699980e+01
1.121254153170828083e+01
1.121057570918222446e+01
1.120899848831432521e+01
1.120929883850945430e+01
1.120908801990319326e+01
1.120786116673396116e+01
1.120708259207303392e+01
1.120889030332150682e+01
1.120783431594436230e+01
1.120751980299590755e+01
1.120596468002400847e+01
1.120534159274811437e+01
1.120690347782518437e+01
1.120670896831311758e+01
1.120692438854596951e+01
1.120685280362764935e+01
1.128352165222167969e+01
1.104691696166992188e+01
1.114124711354573627e+01
1.105814862251281738e+01
1.097129478454589879e+01
1.099299335479736328e+01
1.098310743059430727e+01
1.094531798362731934e+01
1.097312566969129755e+01
1.099776096343994070e+01
1.101347411762584372e+01
1.099482051531473736e+01
1.100150981316199683e+01
1.101447480065482054e+01
1.100352331797281913e+01
1.100659400224685669e+01
1.102241723677691354e+01
1.102864408493041992e+01
1.102389752237420417e+01
1.101723151206970286e+01
1.101607626960391073e+01
1.101051889766346292e+01
1.102176409182341210e+01
1.102191917101542096e+01
1.102727378845214901e+01
1.103022472675030130e+01
1.105182089628996600e+01
1.104280468395778136e+01
1.104450012075490051e+01
1.104429038365682025e+01
1.103950072873023203e+01
1.104554352164268494e+01
1.105057690360329303e+01
1.105709662156946571e+01
1.104778941018240879e+01
1.106306253539191431e+01
1.107148773605759118e+01
1.108084442740992515e+01
1.107606115096654698e+01
1.108071365356445348e+01
1.107582894767202930e+01
1.108133704321724977e+01
1.107713379970816625e+01
1.108899779753251558e+01
1.108223461574978330e+01
1.108686836906101369e+01
1.109602100291150606e+01
1.109050436814626117e+01
1.108964314752695479e+01
1.108691606521606410e+01
1.108870485717175036e+01
1.108390534841097264e+01
1.107657878803757079e+01
1.108099312252468494e+01
1.108277424899014640e+01
1.108936248506818423e+01
1.108791567149915203e+01
1.108138444505888920e+01
1.108735305980100527e+01
1.108064481417338065e+01
1.108368459295054009e+01
1.107900174971549667e+01
1.107677721598791720e+01
1.107798235118389130e+01
1.107789063086876524e+01
1.108641355687921681e+01
1.108700513128024490e+01
1.108420850248897693e+01
1.108268415755119918e+01
1.108468149730137497e+01
1.108409113279530622e+01
1.108880545033348852e+01
1.108646318357284777e+01
1.108147792558412270e+01
1.108303817749023423e+01
1.107940253458525071e+01
1.107446296493728433e+01
1.107224310361421971e+01
1.107033422928822120e+01
1.107096960544586217e+01
1.106915478647491113e+01
1.107397486523884034e+01
1.107213454648672801e+01
1.106758828390212201e+01
1.106996462204877041e+01
1.106897762209870173e+01
1.106873974854918785e+01
1.106853524121371102e+01
1.106486828407544820e+01
1.106389847861395914e+01
1.105897193950611168e+01
1.105773481078769827e+01
1.105895455678304096e+01
1.105554577644835135e+01
1.106081009915000557e+01
1.106645314892133136e+01
1.106919751708040600e+01
1.107131441272034955e+01
1.106888044723356579e+01
1.107061359405517642e+01
1.106624182144013879e+01
1.106406635396620786e+01
1.106007675059790785e+01
1.105837326783400343e+01
1.105627901894705722e+01
1.105403437704410230e+01
1.105558350821521785e+01
1.105750018578988580e+01
1.105804639343821627e+01
1.105843387950550394e+01
1.106107120685749301e+01
1.106008123500006590e+01
1.106117921170935148e+01
1.106095072261074108e+01
1.106200711623482036e+01
1.105756396260754748e+01
1.105893896380041319e+01
1.105369125786474171e+01
1.105032377483464145e+01
1.104774136543273855e+01
1.104835313213758319e+01
1.105067223408183175e+01
1.105590277571019087e+01
1.105861110071982090e+01
1.105767541503906237e+01
1.105569179474361441e+01
1.105716428231066573e+01
1.105972230434417725e+01
1.105673136452371708e+01
1.105576197550846906e+01
1.105309847475008134e+01
1.105477244926221481e+01
1.105671713405982004e+01
1.105950632380015897e+01
1.106060225168863909e+01
1.105971942228429405e+01
1.106013980225054816e+01
1.106080174100571867e+01
1.105977033025069289e+01
1.106148806299482068e+01
1.106563357765793043e+01
1.106778439669541925e+01
1.106746796294525836e+01
1.106722524431016730e+01
1.106514596610233703e+01
1.106475297065630414e+01
1.106285462411893405e+01
1.106287332483240071e+01
1.106234902503506490e+01
1.106187124888102247e+01
1.106095067712644919e+01
1.106117709059464360e+01
1.106222248700709088e+01
1.106265959182342939e+01
1.106177436459448948e+01
1.106072293795072170e+01
1.106307976716643005e+01
1.106482481051094879e+01
1.106385691060959964e+01
1.106400358080863988e+01
1.106166125824732838e+01
1.106154281121713190e+01
1.106034568482381353e+01
1.106354029004166684e+01
1.106269365368467383e+01
1.106293000945125726e+01
1.106368967730128183e+01
1.106247715155283551e+01
1.106194537913305531e+01
1.106258185891544166e+01
1.106261489823547706e+01
1.106232541106468048e+01
1.106168223254253391e+01
1.106382296551232969e+01
1.106232272556849949e+01
1.106072214516726326e+01
1.105768046406029370e+01
1.105462045348092381e+01
1.105370423514083811e+01
1.105339834425184442e+01
1.105345716529129696e+01
1.105319004268436700e+01
1.105302965966730255e+01
1.105464562125827932e+01
1.105617832493137698e+01
1.105547446589316074e+01
1.105579774009990146e+01
1.105512058988530555e+01
1.105469845463989920e+01
1.105261884488557556e+01
1.105143135130717447e+01
1.105023363729318042e+01
1.151033306121826172e+01
1.116438055038452148e+01
1.123822498321533203e+01
1.108680582046508789e+01
1.098419494628906179e+01
1.096855401992797852e+01
1.096311228615897093e+01
1.093350553512573242e+01
1.094780688815646741e+01
1.091654920578002930e+01
1.090314995158802347e+01
1.089452385902404785e+01
1.088436075357290456e+01
1.092226607458932008e+01
1.091449044545491454e+01
1.089952456951141357e+01
1.092587773940142526e+01
1.092886855867173956e+01
1.091542966742264653e+01
1.089486265182495117e+01
1.090783655075799885e+01
1.088759435306895895e+01
1.088944472437319533e+01
1.086762853463490863e+01
1.087741603851318395e+01
1.087239115054790872e+01
1.088801246219211194e+01
1.089222257477896605e+01
1.088789903706517670e+01
1.088965133031209298e+01
1.088460008559688497e+01
1.090025785565376282e+01
1.090116070256088676e+01
1.089951658248901367e+01
1.090097225734165676e+01
1.090053767628139880e+01
1.090461573729643874e+01
1.090940342451396816e+01
1.091292650271684650e+01
1.091777510643005300e+01
1.092306630204363493e+01
1.092790322076706744e+01
1.092450310463129171e+01
1.094141260060396981e+01
1.093201548258463518e+01
1.093406465779180081e+01
1.094864561202678210e+01
1.094321966171264648e+01
1.093484656664789867e+01
1.092616125106811609e+01
1.092272549049527086e+01
1.092134193273690990e+01
1.091902768836831150e+01
1.092584242644133319e+01
1.092768556421453319e+01
1.093146790776934019e+01
1.093169965242084629e+01
1.092899657940042424e+01
1.093343582799879243e+01
1.093236074447631800e+01
1.093450727619108598e+01
1.093743748818674355e+01
1.093778573899042073e+01
1.093949517607688904e+01
1.093279801882230373e+01
1.093880423632535148e+01
1.093346083342139430e+01
1.093064958908978568e+01
1.092921444989632818e+01
1.093285898481096474e+01
1.093137563786036459e+01
1.093542509608798596e+01
1.093382772680831216e+01
1.093134947080869956e+01
1.093384410858154254e+01
1.093347917105022304e+01
1.093320918392825369e+01
1.093111420900393682e+01
1.093158003650134091e+01
1.093437896966934275e+01
1.093603081173366931e+01
1.093857673319374690e+01
1.093964030943721255e+01
1.094322060403369790e+01
1.094534333172966534e+01
1.094191673190094782e+01
1.094136606413742641e+01
1.094589190049604888e+01
1.094513807403907357e+01
1.094133012559678875e+01
1.094261339208581951e+01
1.094033677681632710e+01
1.094463558607204057e+01
1.094171306934762455e+01
1.094508155019659768e+01
1.095231398940086365e+01
1.094946008859221465e+01
1.095073553007476264e+01
1.095041821219704303e+01
1.095361767768859806e+01
1.095360590679810819e+01
1.095183830635220446e+01
1.094908599483156664e+01
1.094777811490572361e+01
1.094700117565336761e+01
1.094504131461089536e+01
1.095082333823230769e+01
1.095238253805372430e+01
1.095135377306456981e+01
1.095071910511363633e+01
1.095386115065566024e+01
1.095450518812451968e+01
1.095795906539511932e+01
1.095940289581031202e+01
1.096252682727316063e+01
1.095912703974493674e+01
1.095883346622825627e+01
1.095559411937907512e+01
1.095525316030037466e+01
1.095221118132273297e+01
1.095371143088853039e+01
1.095487992489924167e+01
1.095835131358325043e+01
1.096057821089221562e+01
1.096352225494384847e+01
1.096271565603831455e+01
1.096237073733112055e+01
1.096507572382688522e+01
1.096072617612143851e+01
1.095681089254525986e+01
1.095396548555097560e+01
1.095761217492999506e+01
1.096107477890817705e+01
1.096132498356833374e+01
1.096294525287769517e+01
1.096323706823236854e+01
1.096453905453647160e+01
1.096536961154661327e+01
1.096515778328874902e+01
1.096907959665570864e+01
1.097282658570201619e+01
1.097311542403530105e+01
1.097191435140329574e+01
1.097040963172912598e+01
1.096887205058130732e+01
1.096894462141272086e+01
1.096752883625679331e+01
1.096634170815751297e+01
1.096637512693469141e+01
1.096710149765014641e+01
1.096607057306150779e+01
1.096584325715115149e+01
1.096439963072733192e+01
1.096306326482203097e+01
1.095901516945131426e+01
1.095734076622204967e+01
1.096023332389296989e+01
1.096069579788401072e+01
1.096292225819713728e+01
1.096150252223014832e+01
1.096265282838240829e+01
1.096163079179363464e+01
1.096126384969137924e+01
1.096454866339520784e+01
1.096560418678052429e+01
1.096890696560043921e+01
1.096629548215580563e+01
1.096280920505523682e+01
1.096252030028393953e+01
1.096276479047887520e+01
1.096596954858791051e+01
1.096660163236218821e+01
1.096586773712511054e+01
1.096895997825710189e+01
1.096928990500313894e+01
1.096770575371655632e+01
1.096617173340361084e+01
1.096449507488293662e+01
1.096348980418796693e+01
1.096400160789489675e+01
1.096537669060638542e+01
1.096594510235629194e+01
1.096605173225611374e+01
1.096756995242574995e+01
1.096799974183778481e+01
1.096786167288339264e+01
1.096650777908569907e+01
1.096575067905669520e+01
1.096782851345324694e+01
1.096669892260902834e+01
1.096742184623997929e+01
1.096636347472667694e+01
1.149334144592285156e+01
1.119997406005859375e+01
1.111746915181477924e+01
1.096094560623168945e+01
1.091983757019042933e+01
1.088635126749674420e+01
1.085756383623395571e+01
1.081928491592407227e+01
1.083215554555257221e+01
1.080309667587280309e+01
1.080858776786110553e+01
1.077540310223897357e+01
1.078570043123685451e+01
1.079805578504289976e+01
1.081486562093098946e+01
1.082601857185363770e+01
1.083230315937715460e+01
1.083245674769083600e+01
1.082000360990825527e+01
1.081460766792297434e+01
1.082104864574614034e+01
1.080079416795210356e+01
1.080967869965926376e+01
1.081430848439534564e+01
1.081385364532470739e+01
1.079934641031118581e+01
1.081948064874719684e+01
1.082310458592006164e+01
1.081127419965020486e+01
1.081512082417805942e+01
1.081929631387033730e+01
1.082755768299102783e+01
1.083397946213230867e+01
1.084423671049230187e+01
1.083587799072265589e+01
1.084195778104994012e+01
1.085927530237146321e+01
1.085978518034282558e+01
1.085997911599966237e+01
1.086666557788848841e+01
1.087342946122332243e+01
1.087761813118344278e+01
1.087325646156488546e+01
1.087992830709977632e+01
1.087915895250108456e+01
1.088183378136676360e+01
1.088565079709316841e+01
1.088778762022654156e+01
1.088078720715581227e+01
1.087534347534179702e+01
1.087168960945279039e+01
1.087057221852816014e+01
1.086090784252814601e+01
1.086692183106033838e+01
1.086192528117786793e+01
1.086938301154545350e+01
1.086689877091792589e+01
1.086257978965496207e+01
1.086439822892011264e+01
1.086272180875142368e+01
1.085820101128249959e+01
1.085382670740927402e+01
1.085031621418302095e+01
1.084871229529380798e+01
1.084984720670259861e+01
1.085833451242157821e+01
1.085297476355709279e+01
1.085018169178682257e+01
1.085233610954837502e+01
1.085858881814139210e+01
1.085712217948806035e+01
1.086003303527832031e+01
1.086023271900333853e+01
1.085978926839055170e+01
1.086320542653401766e+01
1.086005535878633133e+01
1.085944619116845011e+01
1.085756001105675317e+01
1.085478360139870979e+01
1.085497909784317017e+01
1.085755337609185034e+01
1.086069833941575880e+01
1.086055094937244014e+01
1.085642418407258525e+01
1.085524929271024774e+01
1.085429110637930883e+01
1.085338260387552189e+01
1.085731386054645853e+01
1.085758124576525674e+01
1.085973410076565138e+01
1.086160215440687260e+01
1.085619957550712300e+01
1.086031528185772643e+01
1.086085993178347309e+01
1.086853225105687137e+01
1.087533012032508850e+01
1.087921375589272444e+01
1.088165749335775523e+01
1.088091042065861203e+01
1.088286746978759822e+01
1.088061625414555600e+01
1.087906596239875334e+01
1.087862077731530697e+01
1.087892779020162770e+01
1.088027887798491022e+01
1.087705648170327244e+01
1.088110908615254857e+01
1.087966155122827594e+01
1.087662440483723181e+01
1.087730436325073313e+01
1.087963740890090492e+01
1.088173426049096193e+01
1.088431042696522333e+01
1.088458472804019372e+01
1.088821900409200971e+01
1.088643190778534908e+01
1.088807257627829550e+01
1.088842086468712722e+01
1.088673293490369787e+01
1.088173964818318673e+01
1.088409275653933683e+01
1.088683503573058076e+01
1.089241907073230209e+01
1.089601221392231523e+01
1.089636682128906209e+01
1.089616851958017563e+01
1.089326348642664577e+01
1.089597380906343460e+01
1.089394902813342192e+01
1.089430829561673697e+01
1.089137849006944059e+01
1.089412690653945504e+01
1.089699284833176662e+01
1.089945447266991430e+01
1.089825580738208899e+01
1.089822736207176668e+01
1.089779956149358853e+01
1.090116735817729499e+01
1.090094249368571511e+01
1.090467880112784194e+01
1.090799834204058349e+01
1.090763844906444291e+01
1.090786323680744374e+01
1.090882905986573981e+01
1.090784109707536409e+01
1.090718641019847368e+01
1.090749272846040263e+01
1.090991116858817378e+01
1.091103666420750962e+01
1.091226336161295585e+01
1.090889853673265542e+01
1.090823046784651851e+01
1.090654097663031763e+01
1.090689439278144413e+01
1.090666967207385696e+01
1.090558303319490818e+01
1.090894913521541909e+01
1.090707990791224269e+01
1.090582343167478996e+01
1.090706257224082876e+01
1.090488077838968728e+01
1.090585952923621704e+01
1.090684312106641585e+01
1.091069133688763948e+01
1.091206780635949336e+01
1.091324316162660857e+01
1.091237696916043376e+01
1.091230658122471375e+01
1.091243634985748834e+01
1.091235127729528109e+01
1.091408315736647872e+01
1.091514174328293940e+01
1.091537742945500256e+01
1.091841668644170582e+01
1.091805365426199792e+01
1.091742498224431834e+01
1.091686352228714263e+01
1.091574571373757330e+01
1.091440922188359330e+01
1.091548463503519706e+01
1.091701826864843206e+01
1.091899145566500096e+01
1.091787865643944322e+01
1.091908026778179597e+01
1.092038352553908886e+01
1.092020508550828417e+01
1.092083141510499367e+01
1.091979845533979621e+01
1.092338619534931432e+01
1.092259246424624841e+01
1.092238135113141873e+01
1.092103769878546338e+01
1.102222156524658203e+01
1.079957818984985352e+01
1.093788560231526752e+01
1.086989903450012207e+01
1.082203540802001918e+01
1.086867252985636334e+01
1.083562401362827821e+01
1.078592073917388916e+01
1.077398056454128650e+01
1.077405004501342844e+01
1.079478896747935934e+01
1.077026335398356061e+01
1.076611445500300412e+01
1.081179278237479124e+01
1.079039026896158937e+01
1.078410732746124268e+01
1.082556359908160104e+01
1.083511294258965307e+01
1.082732802943179529e+01
1.081071844100952184e+01
1.082382874261765338e+01
1.080083196813409963e+01
1.082588154336680475e+01
1.081626784801483154e+01
1.082675704956054652e+01
1.082415140592134861e+01
1.084138757211190729e+01
1.084003090858459473e+01
1.084510523697425555e+01
1.084946502049763950e+01
1.084102805968253769e+01
1.085739877820014954e+01
1.085633165186101756e+01
1.085744479123283845e+01
1.085717934199741919e+01
1.087219733662075427e+01
1.088544853313549154e+01
1.088731241226196289e+01
1.088840758494841765e+01
1.089372100830078161e+01
1.089920974359279704e+01
1.090660903567359519e+01
1.089310233537540817e+01
1.090082938020879588e+01
1.089851657019721110e+01
1.090179772998975594e+01
1.090681644196205902e+01
1.090551229317983051e+01
1.090187259596221381e+01
1.089096946716308523e+01
1.089231219946169382e+01
1.089463925361633301e+01
1.089581898023497430e+01
1.090904891049420478e+01
1.091300719868053015e+01
1.091331926413944764e+01
1.091448549638714738e+01
1.090802360403126769e+01
1.091280326196702788e+01
1.090486129124959369e+01
1.089850841584752850e+01
1.089631577460996503e+01
1.089124668969048315e+01
1.089170293509960175e+01
1.089290294647216761e+01
1.089489289486047063e+01
1.089125814010847826e+01
1.088372661085689685e+01
1.088462654058483992e+01
1.088107633590698242e+01
1.088066917741802442e+01
1.088836754692925268e+01
1.088784436003802547e+01
1.088745713878322263e+01
1.089108520507812550e+01
1.089655359167801763e+01
1.089361268823797069e+01
1.089242014518150903e+01
1.089312177971948614e+01
1.089365643262863159e+01
1.089163304552619849e+01
1.089621605524202685e+01
1.089377791623035030e+01
1.089304526646932025e+01
1.089246470507453424e+01
1.089092955478402125e+01
1.089184719392623002e+01
1.089379662817174754e+01
1.089259859149375664e+01
1.089064088397555885e+01
1.089281810508979476e+01
1.089118933677673340e+01
1.089478980853993484e+01
1.089587536263973178e+01
1.090102332265753482e+01
1.090748600165049176e+01
1.091220416236169477e+01
1.091205693264396892e+01
1.091006129679053771e+01
1.091502813339233313e+01
1.091171598906564277e+01
1.090951702641505783e+01
1.090250868010289409e+01
1.090021498386676413e+01
1.089913286481584898e+01
1.089592237292595556e+01
1.090106764463620692e+01
1.090311061011420435e+01
1.090105862573746087e+01
1.090247859087857307e+01
1.090657960187207465e+01
1.090779780490057860e+01
1.091327952494663478e+01
1.091402492188570861e+01
1.091618673905082382e+01
1.091386834506330850e+01
1.091485974727532771e+01
1.091324962195703563e+01
1.090951870669837831e+01
1.090379598140716588e+01
1.090417323624792090e+01
1.090696713181792710e+01
1.091152016709490447e+01
1.091361987975335879e+01
1.091474849700927763e+01
1.091351782329498832e+01
1.091230506596602723e+01
1.091579265892505646e+01
1.091254647572835346e+01
1.091109815010657691e+01
1.091124139305289553e+01
1.091384262027162499e+01
1.091701222900161206e+01
1.091948452992225782e+01
1.092076565071388572e+01
1.092198871864992071e+01
1.092322827081610725e+01
1.092596444530763478e+01
1.092404447185049854e+01
1.092622401373727037e+01
1.093152519658947597e+01
1.093040898820044227e+01
1.092951913313432222e+01
1.093027465873294446e+01
1.092967468787883867e+01
1.092817997605833291e+01
1.092658602137144008e+01
1.092639245858063646e+01
1.092493537928434044e+01
1.092869265874226947e+01
1.092799985645622662e+01
1.092966724069494866e+01
1.093015266867244861e+01
1.092842389391614333e+01
1.092370435037920551e+01
1.092218007796850010e+01
1.092578614593311492e+01
1.092605251601979788e+01
1.092795427190432811e+01
1.092780206203460658e+01
1.092811298962705635e+01
1.092758283497374805e+01
1.092485914639900102e+01
1.092641574580494890e+01
1.092715169733220826e+01
1.093037362845547200e+01
1.092862142345862431e+01
1.092748943396976991e+01
1.092722913640490567e+01
1.092697161506204040e+01
1.092828011094478136e+01
1.092812657356262207e+01
1.092713481153366928e+01
1.093075192659750705e+01
1.093059970855712848e+01
1.093036040392789054e+01
1.093068336766991955e+01
1.092791976821556510e+01
1.092592009752156379e+01
1.092619056171841052e+01
1.092652234978438663e+01
1.092683612383329006e+01
1.092578295410656608e+01
1.092848772069682184e+01
1.092881973369701498e+01
1.092837023478682390e+01
1.092779603743935724e+01
1.092604548373120821e+01
1.092860146174355229e+01
1.092811368641100422e+01
1.092797358248246198e+01
1.092759811878204346e+01
1.089319896697998047e+01
1.083125162124633789e+01
1.093568070729573627e+01
1.084436917304992676e+01
1.085279216766357457e+01
1.090487400690714459e+01
1.089733655112130251e+01
1.088045835494995117e+01
1.088640827602810290e+01
1.083947925567627024e+01
1.083816684376109762e+01
1.083527390162150006e+01
1.083737938220684427e+01
1.084419638769967165e+01
1.084356098175048899e+01
1.085612970590591431e+01
1.086655274559469753e+01
1.087234083811441998e+01
1.088000909905684566e+01
1.086245036125183105e+01
1.087194547199067607e+01
1.086828366192904305e+01
1.088041670426078511e+01
1.089081478118896484e+01
1.089607604980468736e+01
1.089478026903592678e+01
1.092131533446135272e+01
1.090415549278259277e+01
1.090185313389219068e+01
1.090395059585571325e+01
1.089181398576305781e+01
1.090761539340019226e+01
1.089548743854869528e+01
1.090214187958661185e+01
1.089894098554338697e+01
1.090001180436876105e+01
1.091009805009171707e+01
1.090248559650621907e+01
1.088832630255283540e+01
1.089376549720764231e+01
1.089249699290205875e+01
1.088657349631899862e+01
1.087811099651247915e+01
1.088737143169749899e+01
1.087436203426784864e+01
1.087458316139552927e+01
1.088719096082322224e+01
1.088771220048268695e+01
1.088279027354960604e+01
1.087903427124023459e+01
1.087785380494360865e+01
1.087653822165269091e+01
1.087399076065927161e+01
1.088655383498580420e+01
1.088741274746981524e+01
1.088777395657130675e+01
1.088778545981959311e+01
1.088223389921517281e+01
1.089180699041334321e+01
1.088120470046997035e+01
1.088199953173027623e+01
1.087760342321088203e+01
1.087362669384668656e+01
1.087492217123508453e+01
1.087018379798302270e+01
1.087156428712787104e+01
1.087135297860672267e+01
1.087266718640047003e+01
1.087293224058289454e+01
1.087451289040701674e+01
1.087442379266443382e+01
1.087369305557674792e+01
1.087037287672904995e+01
1.086615601101437178e+01
1.086955825805664055e+01
1.087225439673975913e+01
1.086878045812829718e+01
1.086786101414607053e+01
1.086375871489319600e+01
1.086168015003204346e+01
1.086307692822114923e+01
1.086302105973406462e+01
1.086206182227077299e+01
1.086213116418747759e+01
1.086154926524442743e+01
1.086369480088699646e+01
1.086481813452709666e+01
1.086354302276264505e+01
1.086095864585276338e+01
1.086022452248467296e+01
1.086257843394855804e+01
1.085604624126268547e+01
1.085288843544580573e+01
1.085146299321600694e+01
1.085736164293791184e+01
1.086579105257987976e+01
1.086878169934774263e+01
1.087167053806538419e+01
1.086657427778147600e+01
1.086683813095092788e+01
1.086601508489929735e+01
1.086295159657796283e+01
1.085899765977581666e+01
1.085646621997539896e+01
1.085415142604282934e+01
1.084993160895581532e+01
1.085579772307493940e+01
1.085907182870087873e+01
1.085915788598016896e+01
1.085990635265003590e+01
1.086383408898705838e+01
1.086328888790948000e+01
1.086536951824627018e+01
1.086800912388584095e+01
1.086974289106286129e+01
1.086395165838044186e+01
1.086134492433988186e+01
1.086033956075118745e+01
1.085835791034858744e+01
1.085431129932403493e+01
1.085083184360472686e+01
1.085304240711399792e+01
1.085810724118860726e+01
1.086084505819505175e+01
1.086082463073730509e+01
1.085824983082120454e+01
1.085747596410315730e+01
1.086185679584741592e+01
1.085812532439712363e+01
1.085425695272592428e+01
1.085330653008613844e+01
1.085375269976529289e+01
1.085647377931982049e+01
1.086116292583408693e+01
1.086208443111843458e+01
1.086363309271195376e+01
1.086399226641132820e+01
1.086178170770838669e+01
1.086023636001477222e+01
1.086575279917035708e+01
1.087062889802540511e+01
1.087119359029850507e+01
1.086849562771670463e+01
1.086654556459850696e+01
1.086504986203950018e+01
1.086423952285557526e+01
1.086065740650203004e+01
1.086050770733807624e+01
1.085869915213360848e+01
1.085666826883951863e+01
1.085657529009888478e+01
1.085781486410843755e+01
1.085736917981914473e+01
1.085938366976651359e+01
1.085807637860698094e+01
1.085766215202135854e+01
1.086126484233103007e+01
1.086078816425951210e+01
1.086393730595426810e+01
1.086401219367980886e+01
1.086346950886412444e+01
1.086471052523012482e+01
1.086612067193341424e+01
1.087109811131547055e+01
1.087198178840406015e+01
1.087494321616299153e+01
1.087386909644760813e+01
1.086974686668032675e+01
1.086831128385645329e+01
1.086883505652932591e+01
1.087030093432866984e+01
1.086804905603098348e+01
1.086559855731236368e+01
1.086937622640324719e+01
1.086818453107561311e+01
1.086591401967135262e+01
1.086504243322684893e+01
1.086367254578665431e+01
1.086182178198958326e+01
1.086223340034484863e+01
1.086368871130337332e+01
1.086495202976268715e+01
1.086431324025972245e+01
1.086512029689291303e+01
1.086722220859012111e+01
1.086673883212509928e+01
1.086630144986239266e+01
1.086604964479487023e+01
1.086792948889353916e+01
1.086725359464946550e+01
1.086692516466709968e+01
1.086515641212463379e+01
1.140440654754638672e+01
1.106166362762451172e+01
1.102911440531412701e+01
1.085862207412719727e+01
1.080828609466552770e+01
1.082840204238891602e+01
1.084269305637904601e+01
1.079685568809509277e+01
1.078257815043131451e+01
1.076705980300903320e+01
1.078008365631103516e+01
1.073379906018575092e+01
1.074666412060077292e+01
1.077652420316423765e+01
1.078815949757893833e+01
1.079314357042312622e+01
1.082028641420252235e+01
1.082085508770412829e+01
1.081962349540308921e+01
1.081301579475402797e+01
1.080340744200206871e+01
1.081418813358653708e+01
1.082675722370976956e+01
1.081424899895985980e+01
1.082347679138183594e+01
1.082562534625713724e+01
1.083437534614845532e+01
1.083391227040972105e+01
1.082311676288473201e+01
1.081882286071777344e+01
1.082157015031383906e+01
1.083697155117988586e+01
1.083127510186397657e+01
1.084096787957584240e+01
1.083516477857317284e+01
1.084575062327914807e+01
1.084240936588596682e+01
1.084189171540109697e+01
1.084618106255164527e+01
1.085283064842224121e+01
1.084988859223156510e+01
1.086320584160941038e+01
1.085136202878730316e+01
1.086369416930458698e+01
1.085844491322835204e+01
1.085698183723117971e+01
1.086685827945141014e+01
1.087260776758193970e+01
1.086578958861681876e+01
1.085785852432250920e+01
1.085005971497180433e+01
1.085008956835820193e+01
1.084602480114631007e+01
1.086025827902334662e+01
1.086229258450594770e+01
1.086436779158455934e+01
1.086574335265577851e+01
1.085869299132248500e+01
1.087011983839131979e+01
1.086417810122171979e+01
1.086195301618732323e+01
1.085210890923776894e+01
1.085130305517287397e+01
1.084950165450572968e+01
1.084991612067589450e+01
1.085219474272294526e+01
1.085283955531333788e+01
1.085491055600783383e+01
1.085606450619904884e+01
1.085949959073747983e+01
1.086112950553356704e+01
1.086379426055484387e+01
1.086311562420570631e+01
1.086065398035822760e+01
1.086616210937500071e+01
1.086535895498175286e+01
1.086210659572056336e+01
1.086052071742522429e+01
1.086416266236124173e+01
1.086687095165252614e+01
1.086681199956823285e+01
1.087160758274357519e+01
1.086518281913665440e+01
1.086496634710402631e+01
1.086444741417379944e+01
1.086757840666660080e+01
1.086581905408837301e+01
1.086087022044441852e+01
1.085961826195877578e+01
1.085948380364312094e+01
1.086048157660515834e+01
1.085566512398097849e+01
1.085876957062752091e+01
1.085784781232793250e+01
1.086347152308413833e+01
1.086894911527633667e+01
1.087487335794979693e+01
1.087446063878584823e+01
1.087214759865192448e+01
1.087394932746887122e+01
1.087323000879571033e+01
1.086982208139756167e+01
1.086810424026933752e+01
1.086700327579791647e+01
1.086817830403645857e+01
1.086378884765337105e+01
1.086609115778842849e+01
1.086579178880762164e+01
1.086733995665104047e+01
1.086766168420965073e+01
1.087176340120332796e+01
1.086926925182342529e+01
1.087143008476864914e+01
1.087191252122845597e+01
1.086804930645486600e+01
1.086292398386988189e+01
1.086454008379553038e+01
1.086103256678177154e+01
1.085708032335553774e+01
1.085091621875762868e+01
1.084890338014965216e+01
1.085127141827442543e+01
1.085477816573972554e+01
1.085623339683778887e+01
1.085636265563964820e+01
1.085616240425715340e+01
1.085687817551019663e+01
1.085873589664697647e+01
1.085540784052176022e+01
1.085393538108238864e+01
1.085541998885060089e+01
1.085828554269039259e+01
1.085977634630705246e+01
1.086414026858201609e+01
1.086674283345540282e+01
1.086830911916844933e+01
1.086871736067054961e+01
1.087045510609944721e+01
1.087018736832433419e+01
1.087180032048906675e+01
1.087429009430797322e+01
1.087431983544792935e+01
1.087392620940308419e+01
1.087158364057540894e+01
1.087028677710171465e+01
1.086780422027796966e+01
1.086761143094017434e+01
1.086853012523135575e+01
1.086566391247230889e+01
1.086659133911132891e+01
1.086228065617037153e+01
1.086113090891587163e+01
1.086152315451428763e+01
1.086189562314516621e+01
1.085843180994833723e+01
1.085800051077818296e+01
1.086125925999538211e+01
1.086272476292863765e+01
1.086408288823733592e+01
1.086170988082885813e+01
1.086235044017341522e+01
1.086025000795905981e+01
1.085955009577464558e+01
1.086261163688287468e+01
1.086100554610743707e+01
1.086282518685582232e+01
1.085942647557058649e+01
1.085510494595482278e+01
1.085501625693055949e+01
1.085347615410299937e+01
1.085368678444310220e+01
1.085321947585704727e+01
1.085285524136758184e+01
1.085605998422907703e+01
1.085704940250941597e+01
1.085348253900354543e+01
1.085192260634427619e+01
1.085141284278269502e+01
1.085242758383298067e+01
1.085217674043443381e+01
1.085323429634557968e+01
1.085372877644968526e+01
1.085470231895238236e+01
1.085631569572116994e+01
1.085755076021761489e+01
1.085634279763826804e+01
1.085696411132812500e+01
1.085585264956697493e+01
1.085849615127321321e+01
1.085962920439870771e+01
1.085935767907746730e+01
1.085632881025473218e+01
1.162787818908691406e+01
1.098301458358764648e+01
1.104113864898681641e+01
1.100432205200195312e+01
1.092014732360839879e+01
1.092647234598795514e+01
1.094112600599016538e+01
1.091201281547546387e+01
1.093185424804687500e+01
1.095782222747802770e+01
1.095216040177778716e+01
1.093599851926167865e+01
1.090678853255051806e+01
1.090175478799002562e+01
1.085701351165771555e+01
1.086572343111038208e+01
1.089318079106947934e+01
1.088847716649373432e+01
1.086269965924714676e+01
1.084175143241882289e+01
1.085294319334484214e+01
1.084763461893255077e+01
1.086078647945238274e+01
1.083636073271433453e+01
1.083386074066162053e+01
1.081080194619985768e+01
1.081239343572545941e+01
1.081352693693978395e+01
1.080033331903918103e+01
1.078877852757771727e+01
1.079057327393562637e+01
1.081388086080551147e+01
1.081351407368977924e+01
1.081009045769186550e+01
1.080382096426827587e+01
1.082525976498921771e+01
1.084065228539544101e+01
1.084194891076338862e+01
1.084320386250813861e+01
1.085580224990844656e+01
1.085762575196056900e+01
1.087164054598127017e+01
1.086596003244089559e+01
1.087571449713273530e+01
1.087291584014892543e+01
1.087692088666169532e+01
1.089363719047384116e+01
1.088819678624471088e+01
1.088070225229068733e+01
1.087342203140258867e+01
1.086932141173119604e+01
1.086607845012958151e+01
1.086505637978607730e+01
1.086878981413664569e+01
1.087061708623712697e+01
1.087882661819458008e+01
1.087907011467113882e+01
1.086902999877929688e+01
1.086730034068479434e+01
1.086284009615580182e+01
1.086213554319788166e+01
1.085531082460957109e+01
1.085746678851899638e+01
1.085954360663890839e+01
1.085417137145996058e+01
1.086147186972878131e+01
1.085750622535819510e+01
1.085370683670043945e+01
1.085272419970968549e+01
1.085184575489589065e+01
1.085258847894802869e+01
1.085572600364685059e+01
1.085382053950061554e+01
1.085034419394828120e+01
1.085166791280110665e+01
1.085045722911232424e+01
1.084655985894141317e+01
1.083715321467473025e+01
1.083861503118201064e+01
1.083682997226715017e+01
1.083282084523895605e+01
1.083627414703369141e+01
1.083486932731536534e+01
1.083345481327601867e+01
1.083106220469755243e+01
1.083485059959943975e+01
1.083338975358283385e+01
1.083862823789769969e+01
1.083551372570937943e+01
1.083412871890597806e+01
1.083509086776565766e+01
1.083391851964204200e+01
1.083520517041606368e+01
1.082962065554679754e+01
1.083599066483347073e+01
1.084447332223256488e+01
1.085197052513201221e+01
1.085158763613019595e+01
1.084995247619320580e+01
1.085164994239807079e+01
1.084811315442075852e+01
1.084139636918610172e+01
1.083777281381551560e+01
1.083575705381540111e+01
1.083276073819115126e+01
1.083113674847584917e+01
1.083697104231219477e+01
1.083748141041508362e+01
1.083285615203577379e+01
1.083446042320944969e+01
1.083065840575072158e+01
1.082498976162501769e+01
1.083019267563271271e+01
1.083189892350581651e+01
1.083342890532120428e+01
1.082851329343072244e+01
1.083097949394812964e+01
1.082729258779752080e+01
1.082857709772446597e+01
1.083043653964996267e+01
1.083066116679798441e+01
1.083229377621509926e+01
1.083680259890672559e+01
1.083895730972290039e+01
1.083815867614746153e+01
1.083936361282590788e+01
1.084026336669921875e+01
1.084403990954160690e+01
1.083982755232226936e+01
1.083787543223454364e+01
1.083694956684840527e+01
1.083996821894790230e+01
1.084209483010428343e+01
1.084607671623799341e+01
1.084554804342764456e+01
1.084460695350871440e+01
1.084404643956762193e+01
1.084727346033289841e+01
1.084634769906242902e+01
1.084927813666207363e+01
1.085106558833561863e+01
1.084966613876987473e+01
1.085107062413142209e+01
1.084859112898508648e+01
1.084880148788978360e+01
1.084579427274939079e+01
1.084366001726007767e+01
1.084448289871215820e+01
1.084451777823019292e+01
1.084627329508463589e+01
1.084750944731251288e+01
1.084485635004545578e+01
1.084554232179728928e+01
1.084526738253506828e+01
1.084329555880638907e+01
1.084347334886208536e+01
1.084577880543508321e+01
1.084598562385462550e+01
1.084866001920880052e+01
1.084957193136215281e+01
1.084924530242540897e+01
1.084986388241803290e+01
1.084932867880979224e+01
1.085258861867392888e+01
1.085120989481608156e+01
1.085397446873676408e+01
1.085308027552987298e+01
1.085029213769095335e+01
1.084919467903453238e+01
1.084818265578326013e+01
1.085062236674347780e+01
1.084912194762119064e+01
1.084857125916232867e+01
1.084981055095278002e+01
1.084832347869873104e+01
1.084720322760668587e+01
1.084642678061447540e+01
1.084358145145887775e+01
1.084218783884741022e+01
1.084161108334859236e+01
1.084162743183789246e+01
1.084256728664859359e+01
1.084264695839803672e+01
1.084168756526449506e+01
1.084591086104109436e+01
1.084318838324598033e+01
1.084377394385516347e+01
1.084339844419601029e+01
1.084684954749213404e+01
1.084740332051327272e+01
1.084716761424279419e+01
1.084650055070718189e+01
1.091376495361328125e+01
1.072184514999389648e+01
1.085547606150309186e+01
1.088934850692749023e+01
1.088246746063232351e+01
1.093777402242024799e+01
1.092792892456054688e+01
1.094700670242309570e+01
1.094304731157090949e+01
1.092324266433715785e+01
1.093919970772483197e+01
1.091121379534403424e+01
1.091420393723707960e+01
1.093494054249354797e+01
1.091753762563069685e+01
1.090461260080337524e+01
1.092539680705350946e+01
1.093101644515991211e+01
1.092018639413934089e+01
1.090105366706848145e+01
1.089947764078775982e+01
1.086506904255260153e+01
1.087794262429942194e+01
1.086175195376078229e+01
1.086539623260498111e+01
1.084630250930786133e+01
1.085736906969988702e+01
1.086163101877484927e+01
1.085115745149809818e+01
1.083819395701090471e+01
1.083746436334425489e+01
1.085166421532630920e+01
1.084741063551469331e+01
1.084592620064230495e+01
1.082732761928013332e+01
1.084393196635776135e+01
1.086225914310764651e+01
1.086486291885375977e+01
1.085540240850204086e+01
1.086986482143402100e+01
1.086118067764654427e+01
1.087476782571701861e+01
1.087618151376413778e+01
1.088922301205721688e+01
1.088350728352864571e+01
1.087775568340135735e+01
1.089473671608782901e+01
1.089405349890390973e+01
1.088754770707110886e+01
1.088058109283447195e+01
1.087779224620145868e+01
1.088282390741201588e+01
1.088463858838351328e+01
1.089129854131627972e+01
1.089356210882013443e+01
1.089595918995993529e+01
1.089274501800537109e+01
1.088797419646690656e+01
1.089624164064051826e+01
1.089876241683959890e+01
1.089762884671570831e+01
1.089856669210618456e+01
1.089926887693859214e+01
1.089492468535900116e+01
1.089014989412747880e+01
1.089913495381673236e+01
1.089600396512159719e+01
1.089487873806672980e+01
1.089554743835891415e+01
1.089639316286359438e+01
1.089680643484626010e+01
1.089565429422590448e+01
1.088897631919547315e+01
1.088521506335284172e+01
1.088550961812337192e+01
1.088217843206305169e+01
1.087843092385824662e+01
1.086815533271202661e+01
1.086625927309446737e+01
1.086241877079010010e+01
1.086357006025903083e+01
1.086809237410382600e+01
1.086419135403920322e+01
1.086643141791934042e+01
1.086867620804730628e+01
1.086776956292085927e+01
1.086661020914713482e+01
1.086779358170249310e+01
1.086472408423263047e+01
1.086164081361558686e+01
1.086293611421689853e+01
1.086030654285265129e+01
1.086126783842681576e+01
1.085497569023294595e+01
1.086002684141460151e+01
1.086653797825177570e+01
1.087082275901873096e+01
1.086816921039503470e+01
1.086364531276201895e+01
1.086519632339477504e+01
1.085851089553077564e+01
1.085126874961104981e+01
1.084984666398428033e+01
1.084905683077298733e+01
1.084847143264043901e+01
1.084596194861070195e+01
1.085152552060991837e+01
1.085312759434735419e+01
1.085360553286491125e+01
1.085465638420798484e+01
1.085549791868742453e+01
1.085873030764716063e+01
1.086274736961432197e+01
1.086345357225652286e+01
1.086550950589387377e+01
1.086341613736645861e+01
1.086457426120073322e+01
1.085800111899941633e+01
1.085868996532023445e+01
1.085452189445495641e+01
1.085274548964066987e+01
1.085261057243972616e+01
1.085882183788268485e+01
1.086036396026611328e+01
1.085831833648681588e+01
1.085721843204801118e+01
1.085779030116524346e+01
1.086109327524900436e+01
1.085774329281592543e+01
1.085532972629253656e+01
1.085470420167646388e+01
1.085511464783639646e+01
1.085491053502362391e+01
1.085958346324180468e+01
1.085959915584987989e+01
1.085921603090622867e+01
1.085948706021274113e+01
1.086212358612945117e+01
1.086126700065118733e+01
1.086234062058585081e+01
1.086508566944311660e+01
1.086529549746446222e+01
1.086546469068193765e+01
1.086262375778622058e+01
1.086197497926909428e+01
1.086080687666592581e+01
1.086070915144317084e+01
1.086088052311459151e+01
1.085851707074466255e+01
1.085978932698567689e+01
1.085806333150295266e+01
1.085827274071542803e+01
1.085546239217122455e+01
1.085557002525825077e+01
1.085382014859107258e+01
1.084949620564778705e+01
1.085177533338024425e+01
1.085411744178095894e+01
1.085727697048547213e+01
1.085835794806480337e+01
1.085852548350458591e+01
1.085759467254450250e+01
1.085629455004733046e+01
1.085757996396320557e+01
1.085789986234722804e+01
1.085743923072355344e+01
1.085349305090076122e+01
1.085352340766361756e+01
1.085451089418851467e+01
1.085498281927669773e+01
1.085517462234050967e+01
1.085539302715035426e+01
1.085452769395243955e+01
1.085658325546089209e+01
1.085401347569056973e+01
1.085394684293053302e+01
1.085320916148902270e+01
1.085210311010982132e+01
1.084999535203646026e+01
1.085013297928704112e+01
1.085055882891238710e+01
1.085238224595457623e+01
1.085242733668759918e+01
1.085369579688362407e+01
1.085662579923062765e+01
1.085626784704064818e+01
1.085361786194663658e+01
1.085267579809148231e+01
1.085479841787348398e+01
1.085205855118601015e+01
1.085279595539831909e+01
1.085368494192759137e+01
1.097735023498535156e+01
1.077736282348632812e+01
1.085698318481445312e+01
1.083679342269897461e+01
1.080555629730224609e+01
1.085971323649088482e+01
1.082603563581194273e+01
1.077877759933471680e+01
1.079857497745090100e+01
1.077577476501464915e+01
1.078339429335160737e+01
1.074833909670511822e+01
1.073738354903001024e+01
1.074944850376674133e+01
1.075030199686686139e+01
1.073968142271041870e+01
1.079528825423296823e+01
1.079675722122192383e+01
1.078977389084665361e+01
1.075252618789672887e+01
1.076541964213053326e+01
1.076319503784179688e+01
1.078168632673180660e+01
1.076996421813964844e+01
1.078244483947753984e+01
1.077575661585881228e+01
1.080700997953061737e+01
1.079479697772434754e+01
1.078888488637990051e+01
1.076243569056193117e+01
1.076833780350223613e+01
1.077796697616577148e+01
1.078406461079915424e+01
1.078080491458668355e+01
1.077621904100690564e+01
1.078847204314337915e+01
1.080632428865174965e+01
1.080071185764513508e+01
1.079721558399689485e+01
1.079436647891998291e+01
1.079747358182581429e+01
1.080914815266927143e+01
1.079864297911178284e+01
1.081308167630975881e+01
1.081444725460476342e+01
1.080404068076092194e+01
1.081525415055295269e+01
1.081850353876749615e+01
1.081216524085220065e+01
1.081199666976928775e+01
1.081092503491569978e+01
1.080383427326495749e+01
1.080170798751543160e+01
1.080290630128648566e+01
1.079913858933882231e+01
1.080077336515699038e+01
1.080033290595338968e+01
1.079714273584299988e+01
1.080748216984635768e+01
1.079666587511698417e+01
1.079246472530677714e+01
1.078583851168232499e+01
1.078172346145387728e+01
1.078450782597064972e+01
1.078417582878699754e+01
1.079485143314708395e+01
1.079728257478173070e+01
1.080030786289888312e+01
1.080220016534777727e+01
1.080537974493844189e+01
1.080293234972886651e+01
1.080687704351213263e+01
1.080909991590944053e+01
1.080590575450175450e+01
1.080613642374674477e+01
1.080651953345850913e+01
1.080339263321517329e+01
1.080132030829405210e+01
1.080327520491201732e+01
1.080395950078964162e+01
1.080606571244604730e+01
1.080608132990395198e+01
1.080695310845432466e+01
1.080967295737493572e+01
1.080741885690128079e+01
1.081117559033770981e+01
1.080608184858300191e+01
1.080919364365664315e+01
1.080777591533875182e+01
1.080009140438503756e+01
1.080385528815971696e+01
1.080111727507218156e+01
1.080469338611889896e+01
1.080668822755204950e+01
1.081008772599069623e+01
1.081351055701573749e+01
1.081634073159129272e+01
1.081780079432896180e+01
1.081744840410020636e+01
1.082003580093383732e+01
1.081902118720630668e+01
1.081608658210904039e+01
1.080964245842498528e+01
1.081027733362638088e+01
1.080749148414248495e+01
1.080240551030860807e+01
1.080499646373998424e+01
1.080653438744721662e+01
1.080441110943435490e+01
1.080341749191284251e+01
1.080657452076405001e+01
1.080998369625636535e+01
1.081211977933360480e+01
1.081259100060713862e+01
1.081378085924231414e+01
1.081368318097344705e+01
1.081487335302890962e+01
1.081441706317966300e+01
1.080991007700687767e+01
1.080750926335652728e+01
1.080827810744608719e+01
1.080963273908271205e+01
1.081396483599655056e+01
1.081242746691549961e+01
1.081222375488281173e+01
1.080970985170394627e+01
1.080956495840718468e+01
1.081403271853923798e+01
1.081389924722124363e+01
1.081037200047419589e+01
1.080967084870083639e+01
1.081476611802072263e+01
1.081419903891427126e+01
1.081890964508056641e+01
1.081762137236418475e+01
1.082012571306789539e+01
1.082105049773724481e+01
1.082222809307817180e+01
1.082070627143914798e+01
1.082396364212036133e+01
1.082700741544682899e+01
1.082655854963920561e+01
1.082732836850039604e+01
1.082863142755296515e+01
1.082820208319302324e+01
1.082575475353084116e+01
1.082680825473499908e+01
1.082634886535438312e+01
1.082736309102717698e+01
1.082653923670450880e+01
1.082328850070372361e+01
1.082581795516767009e+01
1.082388667810976202e+01
1.082618451428103690e+01
1.082439121738556942e+01
1.082238443692525287e+01
1.082558788007991346e+01
1.082542149628264916e+01
1.082817181401282802e+01
1.082802001237869227e+01
1.082575322974542686e+01
1.082478762261661487e+01
1.082130534517253118e+01
1.082339444393064909e+01
1.082156010830041204e+01
1.082474799903042317e+01
1.082450997472523291e+01
1.082305174214499388e+01
1.082069776749469803e+01
1.081958049325382021e+01
1.082098931875842318e+01
1.082126494341118317e+01
1.081788689277075655e+01
1.082065238075694857e+01
1.081874323163713747e+01
1.081701190905137544e+01
1.081631154529118888e+01
1.081193561768263933e+01
1.081032830776448961e+01
1.080937596427069813e+01
1.081120664375263019e+01
1.081157830521300589e+01
1.081126249031942343e+01
1.081337061653966458e+01
1.081719975342621609e+01
1.081619485732047714e+01
1.081354926104214087e+01
1.081219142548581402e+01
1.081471777214574992e+01
1.081379283101935052e+01
1.081550358477687368e+01
1.081390049556891064e+01
1.102474594116210938e+01
1.092246150970458984e+01
1.091143925984700580e+01
1.073502779006958008e+01
1.067953357696533168e+01
1.069974088668823242e+01
1.074948133741106382e+01
1.074468529224395752e+01
1.078880034552680200e+01
1.080056877136230398e+01
1.078780417008833403e+01
1.077296829223632812e+01
1.077435170687162014e+01
1.081412683214460024e+01
1.083467089335123745e+01
1.084451234340667725e+01
1.086547941320082700e+01
1.086222722795274542e+01
1.085202949925472815e+01
1.080941209793090785e+01
1.080901236761183881e+01
1.079604183543812113e+01
1.080250541023586131e+01
1.079043896993001361e+01
1.079153808593749986e+01
1.079745189960186380e+01
1.082240224767614301e+01
1.081611500467572817e+01
1.081650566232615418e+01
1.080611104965209890e+01
1.079959097216206132e+01
1.081129339337348938e+01
1.080575073126590624e+01
1.080623570610495143e+01
1.080789664132254480e+01
1.081361060672336194e+01
1.081707320342192702e+01
1.081771295949032385e+01
1.082265675373566438e+01
1.083121490478515625e+01
1.083234749770745964e+01
1.084309387207031250e+01
1.084045348056527125e+01
1.085269056666981058e+01
1.084881600273980062e+01
1.084651797750721869e+01
1.084879262396629862e+01
1.085020935535430908e+01
1.083973037953279395e+01
1.083449750900268604e+01
1.082215950535792892e+01
1.082037806510925293e+01
1.081474680270788724e+01
1.082450409288759552e+01
1.082933725877241571e+01
1.082658493518829346e+01
1.082281950900429202e+01
1.080581719299842547e+01
1.081660160775911983e+01
1.081283349990844656e+01
1.081237106635922274e+01
1.081173007718978418e+01
1.081015836624872151e+01
1.080618949234485626e+01
1.079938213641827005e+01
1.080533341205481257e+01
1.080355691198092849e+01
1.080486405597013544e+01
1.080669228926948833e+01
1.080532936368669716e+01
1.080613614471865347e+01
1.080875378184848401e+01
1.080975655333636531e+01
1.080775758382436358e+01
1.080907065073649065e+01
1.081272136537652351e+01
1.080936260966511497e+01
1.080636489085662078e+01
1.080953984320918160e+01
1.080989181995391846e+01
1.080967588777895294e+01
1.081857741751321988e+01
1.081347528710422701e+01
1.081453070186433330e+01
1.081087360382080043e+01
1.081517247266547699e+01
1.081064738350353061e+01
1.081359350681304932e+01
1.081515988339199197e+01
1.081073041492038378e+01
1.081293957050030130e+01
1.081250742207402737e+01
1.081483220541348977e+01
1.081275949072330533e+01
1.082001751347591956e+01
1.082593184709548950e+01
1.082947226652165007e+01
1.082819863728114562e+01
1.082970023877692967e+01
1.082961833953857500e+01
1.082530929074428983e+01
1.081774063671336528e+01
1.081219800004681275e+01
1.080793563219217113e+01
1.080234969911121112e+01
1.079494214507768746e+01
1.080117752396057718e+01
1.080166545620670959e+01
1.079638898482016529e+01
1.080019952600652466e+01
1.080393995680250541e+01
1.080398269210543027e+01
1.080424068248377445e+01
1.080702320734659772e+01
1.081076289467189611e+01
1.081086174372969033e+01
1.081113827534210969e+01
1.081066379708758873e+01
1.080935822815454372e+01
1.080609375635782854e+01
1.080760627935740636e+01
1.081071941188124441e+01
1.081740176193113179e+01
1.081984674546026426e+01
1.081908808135986355e+01
1.082037131748502290e+01
1.081920637295940679e+01
1.082275854796171188e+01
1.082080931256907874e+01
1.081691282712496260e+01
1.081921717228780189e+01
1.082246612780021877e+01
1.082488812898334629e+01
1.082704344792152540e+01
1.082549115640145843e+01
1.082479057592504113e+01
1.082524653246803048e+01
1.082863742717798239e+01
1.082958926742882966e+01
1.083158943993704604e+01
1.083526112170929601e+01
1.083256823580030037e+01
1.083081677576878654e+01
1.082774644427829358e+01
1.082294200371051573e+01
1.082411798059123775e+01
1.082230648378125615e+01
1.082156163292962070e+01
1.082078340389584525e+01
1.082119351069132485e+01
1.082081499794461088e+01
1.082241504443319258e+01
1.082273076250662136e+01
1.082250954888083783e+01
1.081926110175348121e+01
1.081704869025792881e+01
1.082161944079551041e+01
1.082485440411145206e+01
1.082674267007119973e+01
1.082608442902565038e+01
1.082403679367918414e+01
1.082502455770233496e+01
1.082627456173574920e+01
1.082919082408998079e+01
1.082798070618600583e+01
1.083125190849763797e+01
1.082849869756641503e+01
1.082683938457852335e+01
1.082719078853990879e+01
1.082673169304342764e+01
1.082694328598111611e+01
1.082880096657331670e+01
1.082757836821451392e+01
1.083041015712694133e+01
1.083015938895089292e+01
1.082825204459103752e+01
1.082708263936015847e+01
1.082245817613065952e+01
1.082297148251666741e+01
1.082153726153903506e+01
1.082342738999846254e+01
1.082465730394635806e+01
1.082548793417508470e+01
1.082639887540236678e+01
1.083009330646411783e+01
1.082976984208630000e+01
1.083010334892068904e+01
1.082957406754189300e+01
1.083138591019564778e+01
1.082983769366615689e+01
1.082992330521189039e+01
1.082755348086357117e+01
1.140059852600097656e+01
1.101462078094482422e+01
1.098521423339843750e+01
1.087506151199340820e+01
1.084953994750976491e+01
1.085521062215169330e+01
1.078670883178710938e+01
1.077775216102600098e+01
1.081014113956027600e+01
1.081698875427246165e+01
1.083465983650901165e+01
1.082189170519510846e+01
1.082544686244084353e+01
1.082558788572038999e+01
1.084660930633544851e+01
1.084043604135513306e+01
1.088766737545237895e+01
1.088687101999918561e+01
1.088612626728258626e+01
1.088534617424011230e+01
1.087250141870407916e+01
1.085544139688665233e+01
1.087203631193741593e+01
1.085723646481831928e+01
1.086179309844970753e+01
1.083142394285935595e+01
1.084936724768744654e+01
1.085151580401829285e+01
1.083858368314545650e+01
1.081679890950520750e+01
1.082211635958763907e+01
1.082646873593330383e+01
1.082765492525967765e+01
1.081972980499267578e+01
1.081333896092006164e+01
1.082283915413750464e+01
1.082855835476437178e+01
1.082524638426931318e+01
1.081861747839512056e+01
1.082872037887573313e+01
1.082818722143405843e+01
1.084193270547049437e+01
1.082337445990983760e+01
1.083395192839882526e+01
1.082722148895263636e+01
1.082025546612946876e+01
1.083145429732951648e+01
1.082836512724558453e+01
1.082216924550581894e+01
1.080695407867431612e+01
1.080091076271206774e+01
1.079867051197932248e+01
1.079859697593832912e+01
1.079971242834020551e+01
1.079530003287575468e+01
1.079686793259211974e+01
1.079989167263633298e+01
1.078256644873783543e+01
1.078677406957594087e+01
1.078346689542134662e+01
1.078415335983526546e+01
1.078142379945324336e+01
1.077646101088750896e+01
1.077592052519321442e+01
1.077324185004601098e+01
1.077827692031860352e+01
1.077502625024140848e+01
1.077082781230702047e+01
1.077556274248206059e+01
1.077104158401489187e+01
1.077452703932641320e+01
1.078124833106994629e+01
1.077959171713215092e+01
1.077715240942465336e+01
1.077821074167887438e+01
1.077916895715813972e+01
1.077651025103284255e+01
1.077413041775043112e+01
1.077592843695531855e+01
1.078042927980422938e+01
1.077243876751558282e+01
1.077639273899357519e+01
1.077736214557326022e+01
1.077028004328409772e+01
1.077089605892405721e+01
1.076672549580418803e+01
1.076025833480659522e+01
1.076420831680297852e+01
1.076091035564293996e+01
1.076101171705457915e+01
1.076553589957100954e+01
1.076522623974343951e+01
1.076483390151813424e+01
1.076415783293703754e+01
1.076526387867174606e+01
1.076957125465075116e+01
1.077234861039623759e+01
1.077357815723029866e+01
1.077036944302645516e+01
1.077195552825927649e+01
1.077001216624042712e+01
1.076522830888336735e+01
1.076210941388769093e+01
1.075871558372790915e+01
1.075813385191417915e+01
1.075690916349303095e+01
1.076065348687573042e+01
1.076063728332519531e+01
1.076129641226672184e+01
1.076360025405883825e+01
1.076385945672387479e+01
1.076600536278315978e+01
1.076729386253694543e+01
1.076904517725894372e+01
1.077022909081500579e+01
1.076558282457549076e+01
1.076579018128223986e+01
1.076629348528587293e+01
1.076656759085775406e+01
1.076757384141286167e+01
1.076683231227654147e+01
1.077126939961167551e+01
1.077578760937946534e+01
1.077462025611631269e+01
1.077239083862304625e+01
1.077145266154455783e+01
1.077150467249352239e+01
1.077359388023614883e+01
1.076624905046566560e+01
1.076511382323045041e+01
1.076658302045050419e+01
1.076962845253221879e+01
1.077117651745789040e+01
1.077558264091833351e+01
1.077696246394404689e+01
1.077563144880182655e+01
1.077189837407021678e+01
1.077469258377517392e+01
1.077551738135248627e+01
1.077846449443272192e+01
1.077816990250391349e+01
1.077544540082904589e+01
1.077484126857944347e+01
1.077500844001770020e+01
1.077252291317643795e+01
1.076936130654321921e+01
1.076728100030600643e+01
1.076997456035098466e+01
1.077035024502133354e+01
1.076998458862304631e+01
1.076849988596328878e+01
1.076985368603154214e+01
1.077018999585918380e+01
1.076964841570172915e+01
1.076876588636829091e+01
1.076716883977254291e+01
1.077036887976773905e+01
1.077340603478347170e+01
1.077403101531214702e+01
1.077469671368598902e+01
1.077457539931587505e+01
1.077137637432710626e+01
1.077184482878702632e+01
1.077427913502948975e+01
1.077393440477775854e+01
1.077461681595767828e+01
1.077262195427260671e+01
1.077038347153436604e+01
1.076767669203718825e+01
1.076674511853386385e+01
1.076878618496900408e+01
1.076928908880366897e+01
1.076771618727314639e+01
1.076891085197185660e+01
1.076870295388357945e+01
1.076833507689562630e+01
1.076751673962436762e+01
1.076592313037829385e+01
1.076606478771017983e+01
1.076754096349080392e+01
1.076771872610018477e+01
1.076806106148185371e+01
1.076965343496187089e+01
1.077113003834434224e+01
1.077545593364818721e+01
1.077526904177922162e+01
1.077498199850480098e+01
1.077117372573690268e+01
1.077393339046094844e+01
1.077211079848440001e+01
1.077279056928544776e+01
1.077028581996758838e+01
1.106138038635253906e+01
1.085632753372192383e+01
1.093482398986816406e+01
1.091804456710815430e+01
1.087641773223876918e+01
1.085849666595458984e+01
1.084018230438232422e+01
1.079175055027008057e+01
1.077321169111463739e+01
1.080985193252563548e+01
1.081166120008988862e+01
1.079097270965576172e+01
1.078713505084698099e+01
1.078753307887486024e+01
1.079453722635904889e+01
1.081987977027893066e+01
1.084212953904095755e+01
1.082997698254055408e+01
1.082176052896600105e+01
1.077779278755187953e+01
1.079669402894519692e+01
1.079630994796752930e+01
1.081554280156674608e+01
1.079209983348846436e+01
1.079899272918701136e+01
1.078205787218534084e+01
1.078811052110460089e+01
1.077120341573442808e+01
1.077103572056211256e+01
1.076602045694986920e+01
1.076119115275721327e+01
1.078098279237747192e+01
1.078668215780547257e+01
1.077913505890790091e+01
1.077007481711251380e+01
1.078607498274909204e+01
1.080033405407055014e+01
1.080182341525429202e+01
1.079617175077780722e+01
1.079852616786956787e+01
1.080163532350121436e+01
1.080588842573619957e+01
1.080075581129207229e+01
1.080803409489718270e+01
1.080564295450846402e+01
1.080464576638263274e+01
1.081796451325112152e+01
1.082357543706893921e+01
1.082262196832773604e+01
1.081300205230712841e+01
1.080805382074094290e+01
1.081010246276855469e+01
1.080334627403403225e+01
1.080880525377061652e+01
1.080951316139914731e+01
1.080376688071659608e+01
1.080503967352080785e+01
1.079495494119052168e+01
1.080349105899616902e+01
1.078795383771260497e+01
1.079026020550337073e+01
1.078364586061046992e+01
1.077912683335561539e+01
1.077162927389144897e+01
1.076654266944298399e+01
1.077391014677105474e+01
1.077758373431305472e+01
1.078018926171695568e+01
1.078081048053243940e+01
1.078351693834577318e+01
1.078896424468134541e+01
1.078333441416422467e+01
1.078150017620765944e+01
1.077911665632918137e+01
1.077740688323974538e+01
1.078204062110499351e+01
1.078067632154984956e+01
1.077872539177919009e+01
1.077294068396845894e+01
1.076987590789794957e+01
1.076889942310474524e+01
1.076772417673250537e+01
1.076784861231424806e+01
1.076492390178498759e+01
1.076483934065874948e+01
1.076661374957062556e+01
1.076477907991957395e+01
1.076669292016462798e+01
1.076334205370270780e+01
1.076281849543253522e+01
1.076071165944193808e+01
1.075280582386514361e+01
1.075326992363058132e+01
1.075390795443920311e+01
1.075578733745374116e+01
1.076145229736963849e+01
1.076730869725807338e+01
1.076376362236178608e+01
1.076513637195933981e+01
1.076950511932373011e+01
1.076513404657345063e+01
1.076343868293014161e+01
1.075787499807413283e+01
1.075781039091256908e+01
1.075434317815871488e+01
1.075029154543606680e+01
1.075692749023437500e+01
1.075553954972161108e+01
1.075221940136830767e+01
1.075378015691583755e+01
1.075771226968851124e+01
1.075845413548605833e+01
1.076320307233692297e+01
1.076487521957932891e+01
1.076803229788075278e+01
1.076180412029397893e+01
1.075827774634728051e+01
1.075859478772696853e+01
1.075678194671117893e+01
1.075446094671885255e+01
1.075163246186311561e+01
1.075273166719030193e+01
1.075833968806072960e+01
1.076035216546827833e+01
1.075988563537597642e+01
1.075582946292937692e+01
1.075665986068605484e+01
1.075728252530097961e+01
1.075282630624697155e+01
1.075216080592228884e+01
1.075584957617839699e+01
1.076120642459753718e+01
1.076562819803567805e+01
1.076886335059777977e+01
1.076954827485261212e+01
1.077046830513898001e+01
1.076587473737062339e+01
1.076514863276827150e+01
1.076509435914403312e+01
1.076382763726370762e+01
1.076633727973234578e+01
1.076633576272239168e+01
1.076526075643259261e+01
1.076533369223276715e+01
1.076008149508772149e+01
1.075934147508177041e+01
1.075908029647100506e+01
1.075614996858545247e+01
1.075556374236241197e+01
1.075935089747111029e+01
1.075641896708911638e+01
1.075547296749918047e+01
1.075439461228115157e+01
1.075329999180583229e+01
1.074985423549528996e+01
1.074894021718930048e+01
1.075270394003315388e+01
1.075619323344170297e+01
1.075905079511726470e+01
1.075584179759025538e+01
1.075670092446463499e+01
1.075512963165471625e+01
1.075354822427948598e+01
1.075776433944702148e+01
1.075934355764677974e+01
1.076215477449348157e+01
1.076083048517832452e+01
1.075580447060721312e+01
1.075605505316920585e+01
1.075563268661499094e+01
1.075868543546799394e+01
1.075859900962474747e+01
1.075773762829730984e+01
1.075573979301014127e+01
1.075379140581403448e+01
1.075396091287786327e+01
1.075509679115424788e+01
1.075274946448508295e+01
1.075182969610118278e+01
1.075412315262688523e+01
1.075354650402596057e+01
1.075618619709224433e+01
1.075543093029918573e+01
1.075573014176410247e+01
1.076044940432986685e+01
1.076195245148033308e+01
1.076228206042937430e+01
1.075949379738340994e+01
1.076248725003035567e+01
1.075874798925299380e+01
1.075871121571326050e+01
1.075858312348524670e+01
1.139433479309082031e+01
1.097847032546997070e+01
1.079364808400472064e+01
1.079325342178344727e+01
1.070666923522949254e+01
1.077109082539876361e+01
1.079416629246303039e+01
1.076360607147216797e+01
1.077065531412760357e+01
1.077156219482421839e+01
1.079225678877397065e+01
1.079650855064392090e+01
1.076875239152174757e+01
1.079750183650425477e+01
1.080118160247802805e+01
1.079426193237304688e+01
1.082795255324419870e+01
1.082988007863362689e+01
1.082182763752184407e+01
1.081623287200927663e+01
1.082921069008963499e+01
1.083574334057894539e+01
1.084297205054241608e+01
1.082567179203033447e+01
1.082081729888916044e+01
1.081245422363281250e+01
1.083050720779984033e+01
1.083414207186017642e+01
1.083267225068190953e+01
1.082248344421386754e+01
1.081736632316343183e+01
1.082757508754730225e+01
1.082871581568862496e+01
1.082614326477050781e+01
1.083050139290945957e+01
1.084471986028883173e+01
1.085753345489501953e+01
1.085516149119326990e+01
1.084681581839537046e+01
1.085277841091155970e+01
1.085418403439405566e+01
1.086153573081606893e+01
1.084950420468352483e+01
1.085773424668745513e+01
1.085566491021050339e+01
1.084384064052416008e+01
1.085621898732286894e+01
1.085431857903798480e+01
1.084114783150809203e+01
1.084590789794921939e+01
1.084357246698117727e+01
1.083712874926053615e+01
1.084020988896208060e+01
1.084503641834965393e+01
1.083899974822998047e+01
1.083723516123635378e+01
1.083709290153101890e+01
1.082651355348784428e+01
1.083689112582449177e+01
1.084196627934773716e+01
1.082896218534375876e+01
1.082762053705030958e+01
1.081798789614722800e+01
1.081547451019287109e+01
1.081545926607572028e+01
1.082438338886607809e+01
1.082462518606612889e+01
1.081888872034409488e+01
1.081284839519556051e+01
1.081119582312447669e+01
1.080956610827378839e+01
1.081227142281002429e+01
1.081659318323004726e+01
1.080549629314525717e+01
1.080380434672037815e+01
1.080257127159520181e+01
1.079826164245605469e+01
1.079578651526035493e+01
1.079395119147964621e+01
1.079492036104202235e+01
1.078442873778166522e+01
1.078440355673068929e+01
1.078374172118772911e+01
1.078051299140566854e+01
1.077816614263197970e+01
1.078174271694449438e+01
1.078802672199819312e+01
1.078803387555208992e+01
1.078955674975105872e+01
1.078266519970364001e+01
1.078331867679134781e+01
1.077978834898575577e+01
1.078413300873130964e+01
1.078759567788306661e+01
1.079410533905029368e+01
1.079876971244812012e+01
1.080587847208239438e+01
1.080807269349390154e+01
1.080780788383098567e+01
1.080917043685913015e+01
1.080641620938140512e+01
1.080344565709432025e+01
1.079681917764608201e+01
1.079484216066507152e+01
1.079407940819150014e+01
1.079391560464535083e+01
1.079985527680299029e+01
1.080226473455075897e+01
1.080297553211177153e+01
1.080405699123035745e+01
1.080643152975821231e+01
1.080856113774435912e+01
1.080974953575471886e+01
1.080864012868780755e+01
1.081145336316979488e+01
1.080827405534941654e+01
1.081012561178614995e+01
1.081003904342651367e+01
1.080840699011538142e+01
1.080832664966583323e+01
1.080902333693070894e+01
1.081320449172473275e+01
1.081735855195580420e+01
1.081746259043293534e+01
1.081526861572265652e+01
1.081291072330777681e+01
1.081572038545383307e+01
1.081768575310707092e+01
1.081323171216388168e+01
1.081088670583871725e+01
1.081140175302520134e+01
1.081401629881425386e+01
1.081695826967856000e+01
1.081841043927776269e+01
1.081734852967438876e+01
1.081549681635463855e+01
1.081382784182137868e+01
1.081190057422803719e+01
1.081209090802309269e+01
1.081554356983729726e+01
1.081753173449360794e+01
1.081661979917069516e+01
1.081823152262014176e+01
1.081948316759533313e+01
1.081780819728456677e+01
1.081431416289447078e+01
1.081276131325027556e+01
1.081319152342306644e+01
1.081026988061482541e+01
1.081051406224568723e+01
1.080752310847604569e+01
1.080797921356401936e+01
1.080824843263314428e+01
1.080794698541814647e+01
1.080407863739998042e+01
1.080308999770726963e+01
1.080531035259271100e+01
1.080848254433161060e+01
1.080923695834177778e+01
1.080552287697792124e+01
1.080597843738816621e+01
1.080515614851021411e+01
1.080457951832402763e+01
1.080823883196202750e+01
1.080976139993378560e+01
1.081178490512342272e+01
1.081259151847062761e+01
1.081070990789504194e+01
1.080901287575445302e+01
1.080842852311975832e+01
1.081047573981926391e+01
1.081098585905030696e+01
1.080764515275900095e+01
1.080953786564969477e+01
1.080823996407645105e+01
1.080800292708656940e+01
1.080870836872165519e+01
1.080582861418134755e+01
1.080431341991744176e+01
1.080405862066480793e+01
1.080501525309863098e+01
1.080513803775493997e+01
1.080620803728781176e+01
1.080655634921530073e+01
1.081110431052542964e+01
1.080958670441822278e+01
1.080852320359989882e+01
1.080763093461381708e+01
1.081088360781392055e+01
1.080925551966616993e+01
1.081006378653161804e+01
1.080916762351989746e+01
1.136318397521972656e+01
1.111197423934936523e+01
1.109841537475585938e+01
1.098156690597534180e+01
1.092882308959960902e+01
1.087169329325358014e+01
1.089066314697265625e+01
1.087881648540496826e+01
1.087882423400878906e+01
1.087107334136962855e+01
1.084880932894620109e+01
1.080507834752400775e+01
1.078952569227952196e+01
1.079274790627615843e+01
1.081597849527994804e+01
1.081127035617828369e+01
1.084096560758702843e+01
1.083977031707763672e+01
1.082833214810020017e+01
1.082055926322937012e+01
1.082745865413120789e+01
1.081427478790283203e+01
1.083447912464971097e+01
1.081404431660970111e+01
1.081713222503662131e+01
1.080441295183621975e+01
1.081324428982204822e+01
1.080538541930062379e+01
1.081507755147999816e+01
1.079902515411376918e+01
1.079652613978232090e+01
1.081838184595108032e+01
1.082302041487260347e+01
1.083113350587732704e+01
1.080647212437220972e+01
1.081715965270996094e+01
1.082896093420080241e+01
1.083527012875205564e+01
1.083493897853753474e+01
1.084449548721313406e+01
1.083776213483112549e+01
1.083508219037737241e+01
1.083153170208598226e+01
1.083718932758678122e+01
1.083042522006564745e+01
1.083419206868047269e+01
1.083989119022450609e+01
1.083893704414367676e+01
1.082818334929797111e+01
1.082047412872314496e+01
1.081526634739894455e+01
1.081707798517667385e+01
1.081259101291872504e+01
1.081602629908809021e+01
1.081269553791393001e+01
1.081086250713893371e+01
1.079888829013757601e+01
1.079329556432263537e+01
1.080112576888779508e+01
1.078863722483317034e+01
1.077952380258528997e+01
1.077430594351983828e+01
1.077347261943514312e+01
1.076817546784877777e+01
1.076791999523456234e+01
1.077479378382364850e+01
1.077320658270992482e+01
1.077153386789209755e+01
1.077073488373687304e+01
1.077285799298967639e+01
1.077850771621919002e+01
1.077550575468275262e+01
1.077640138913507251e+01
1.077223357638797197e+01
1.077832449595133468e+01
1.077692834954512691e+01
1.077458394038212752e+01
1.077145830790201764e+01
1.077052512349961688e+01
1.076886752843856776e+01
1.076525854181360309e+01
1.076928080582037239e+01
1.076058026968714643e+01
1.076110300563630595e+01
1.076254908617804951e+01
1.075821387490560888e+01
1.076232045272301008e+01
1.076113427769054098e+01
1.075943133536349450e+01
1.075889508989122234e+01
1.075901526147192655e+01
1.075540227475373634e+01
1.075810274513818854e+01
1.075518145459763630e+01
1.076050277509187403e+01
1.076800414919853210e+01
1.077587225019317252e+01
1.077785247685957870e+01
1.077480563732108720e+01
1.077579753875732393e+01
1.077338775785842806e+01
1.077323356329226023e+01
1.076525883535737016e+01
1.076098801539494509e+01
1.075961746942429365e+01
1.075753607839908277e+01
1.076247295486592748e+01
1.076310795324820013e+01
1.076308593400027824e+01
1.076220406618985237e+01
1.076280028540808864e+01
1.076357184137616763e+01
1.076524650101113068e+01
1.076288434078818845e+01
1.076995132280432621e+01
1.076199060472948865e+01
1.076295815981351467e+01
1.076049635773998148e+01
1.076068018264129300e+01
1.075827595392862968e+01
1.075911154628785127e+01
1.076033822043997290e+01
1.076634441158635802e+01
1.076158071333362187e+01
1.076223063659668000e+01
1.076099475981697218e+01
1.076270659138837260e+01
1.076504839956760406e+01
1.076266511281331439e+01
1.075995982243464510e+01
1.076195505011172671e+01
1.076377496574864168e+01
1.076749482549222847e+01
1.077105659513331126e+01
1.077331947750515440e+01
1.077221815025105123e+01
1.077122414721189614e+01
1.077081111548603509e+01
1.076937739283060935e+01
1.077410907064165357e+01
1.077601226509040089e+01
1.077590777168811265e+01
1.077623085875611153e+01
1.077779603004455566e+01
1.077516741259344712e+01
1.077267238538559191e+01
1.077374149504161949e+01
1.077401185035705566e+01
1.077393147129340534e+01
1.077673992156982408e+01
1.077744155530108472e+01
1.077915130790911213e+01
1.077835589764164936e+01
1.077778792071652170e+01
1.077690267870503149e+01
1.077585035104018019e+01
1.077809034335385441e+01
1.078022596504114894e+01
1.078156441862478232e+01
1.078006690740585327e+01
1.077819066610395460e+01
1.078054004834022095e+01
1.077993472514708273e+01
1.078254733434537549e+01
1.078095232645670620e+01
1.078235737674207506e+01
1.077773950770943401e+01
1.077353127797444721e+01
1.077427720177103154e+01
1.077436301287482756e+01
1.077633784667790273e+01
1.077763109983399836e+01
1.077733868394972916e+01
1.077781828518571494e+01
1.077532531193324417e+01
1.077494025772268138e+01
1.077130067146430648e+01
1.076923333928826132e+01
1.076973113800560355e+01
1.077268679936726947e+01
1.077114734860414913e+01
1.077289094505729317e+01
1.077289269139857808e+01
1.077522252953570892e+01
1.078064074645171289e+01
1.077888063717913880e+01
1.078132850218584160e+01
1.077698080083157173e+01
1.078020027705601258e+01
1.077811510688380103e+01
1.077794322168639773e+01
1.077886506418387036e+01
1.057993316650390625e+01
1.064965677261352539e+01
1.070520273844400982e+01
1.065222311019897461e+01
1.063657073974609446e+01
1.067459869384765625e+01
1.070724078587123351e+01
1.069458460807800293e+01
1.062649069892035669e+01
1.063653144836425746e+01
1.065741044824773631e+01
1.064961091677347760e+01
1.065769114861121558e+01
1.068138367789132204e+01
1.070889771779378208e+01
1.072643667459487915e+01
1.076526322084314735e+01
1.075800085067749023e+01
1.075124233647396643e+01
1.074564347267150843e+01
1.074605505807059203e+01
1.073223911632191019e+01
1.072056654225225003e+01
1.071830332279205322e+01
1.073094615936279261e+01
1.072234927690946193e+01
1.072896438174777600e+01
1.072994310515267458e+01
1.071945723171891807e+01
1.070458234151204380e+01
1.069622802734375000e+01
1.070504289865493774e+01
1.070478791901559568e+01
1.069283263823565377e+01
1.069443694523402577e+01
1.069953979386223608e+01
1.070854024629335122e+01
1.070443145852339839e+01
1.070680713653564453e+01
1.070727357864379847e+01
1.071031912361703320e+01
1.072640157881237144e+01
1.072806728717892710e+01
1.074356081269004193e+01
1.073351908789740605e+01
1.073628838165946675e+01
1.073840236663818359e+01
1.074118518829345703e+01
1.073902881388761621e+01
1.073670764923095788e+01
1.073504459156709601e+01
1.073097953429588891e+01
1.072137996385682257e+01
1.072564179809005225e+01
1.072410782900723625e+01
1.072616357462746706e+01
1.072459232598020407e+01
1.072297875634555098e+01
1.072204777345818982e+01
1.070604011217753104e+01
1.070323320294989955e+01
1.069449260157923476e+01
1.068873316144186347e+01
1.068850056827068329e+01
1.068467376415546077e+01
1.069778433713045906e+01
1.069810935632506421e+01
1.069464916341445004e+01
1.069720779640087116e+01
1.070048356737409279e+01
1.070688451847559897e+01
1.071034636762407111e+01
1.070860182095880297e+01
1.070888386545954596e+01
1.071100851694742850e+01
1.070983249262759607e+01
1.070812682362345925e+01
1.069627638352223009e+01
1.069658401344395848e+01
1.069061216115951574e+01
1.069066781173517633e+01
1.069425895737438736e+01
1.069179294770022537e+01
1.069139427230471640e+01
1.069396366792566688e+01
1.069827790592992045e+01
1.070363028296108965e+01
1.070838543501767326e+01
1.070969434802451836e+01
1.070354948043823207e+01
1.070555976196959769e+01
1.070241631632265822e+01
1.070846971901514166e+01
1.071027918064847917e+01
1.071449145266884173e+01
1.072261190414428711e+01
1.072528481237667108e+01
1.072636727897488385e+01
1.072448371155093483e+01
1.072820391654968297e+01
1.072880539091506868e+01
1.072633193520938732e+01
1.072560865902206295e+01
1.072459890292241091e+01
1.072356580098469969e+01
1.072384299872056523e+01
1.072909348033299004e+01
1.073269360153763330e+01
1.073420452852861651e+01
1.073191173726862147e+01
1.073468257285453120e+01
1.073490876810891237e+01
1.073750796360252124e+01
1.073771001581560114e+01
1.074183087556258442e+01
1.073879927602307482e+01
1.073995945596287349e+01
1.073589615094459582e+01
1.073249715115843728e+01
1.072656217416127511e+01
1.072556402663554032e+01
1.072807843567895070e+01
1.073348361689869890e+01
1.073414601049115547e+01
1.073274724578857509e+01
1.073419750304449138e+01
1.073250561811792636e+01
1.073750931769609451e+01
1.073153175679288118e+01
1.072820965693547102e+01
1.073047795186515962e+01
1.073436226989283782e+01
1.073877694553002371e+01
1.074008861940298587e+01
1.074207315091733506e+01
1.074462279852698821e+01
1.074642846880168001e+01
1.074802664051885159e+01
1.074656577762082321e+01
1.075039330210004529e+01
1.074899972415139437e+01
1.074683895917005927e+01
1.074721286346862392e+01
1.075024332602818866e+01
1.074923919151569152e+01
1.074419276355064135e+01
1.074119066381130061e+01
1.073891633910101895e+01
1.073448650948953365e+01
1.073535816192626946e+01
1.073251251195440226e+01
1.073491938490616704e+01
1.073542558757308285e+01
1.073495305668224020e+01
1.073498705587079449e+01
1.073112915112421994e+01
1.073538986133162432e+01
1.073518451859679423e+01
1.073452410308070171e+01
1.073431852459907532e+01
1.073565618147761214e+01
1.073590569437286035e+01
1.073362450511909039e+01
1.073683139172995915e+01
1.073606788750850782e+01
1.073817525427025465e+01
1.073461473202277006e+01
1.073518771216982870e+01
1.073648387299486906e+01
1.073594040590174004e+01
1.073704279514781135e+01
1.073611831665039062e+01
1.073523028599733564e+01
1.073569713241752588e+01
1.073520568847656165e+01
1.073260308395732565e+01
1.073237748873435926e+01
1.073267883665106304e+01
1.073404168283473226e+01
1.073483050664265903e+01
1.073125854513263100e+01
1.073408565940437676e+01
1.073729604710646690e+01
1.073730634606402923e+01
1.074225047343486139e+01
1.074107221377793131e+01
1.074089029893518088e+01
1.073893673876498589e+01
1.073985970209515273e+01
1.073890802483809637e+01
1.073910009673752697e+01
1.073596667746702771e+01
1.112614345550537109e+01
1.089314699172973633e+01
1.078966935475667377e+01
1.078277945518493652e+01
1.065717334747314382e+01
1.072494840621948242e+01
1.072225693293980164e+01
1.070314204692840576e+01
1.068976063198513415e+01
1.068399734497070241e+01
1.065117879347367769e+01
1.066057030359903912e+01
1.068003177642822266e+01
1.074547583716256227e+01
1.077030175526936873e+01
1.077770185470581055e+01
1.081840621723848272e+01
1.081709358427259637e+01
1.082891313653243159e+01
1.080081233978271449e+01
1.079534167335146932e+01
1.078467945619062895e+01
1.077391748842985741e+01
1.075684014956156354e+01
1.077357933044433658e+01
1.074591842064490699e+01
1.078183018719708564e+01
1.077887569155011782e+01
1.076659432772932412e+01
1.074682528177897112e+01
1.074538317034321366e+01
1.075272226333618164e+01
1.073967014659534769e+01
1.074373320972218160e+01
1.071964999607631164e+01
1.072730000813802143e+01
1.073319272737245278e+01
1.072401445790340979e+01
1.071910437559470175e+01
1.072468492984771693e+01
1.070958753911460271e+01
1.072360658645629883e+01
1.071750394688096186e+01
1.072559993917291798e+01
1.071771710713704451e+01
1.071986115497091596e+01
1.072384396005184115e+01
1.071092621485392193e+01
1.070359261181889821e+01
1.069647678375244126e+01
1.069843509150486405e+01
1.069672071016751858e+01
1.068999689929890096e+01
1.070540738988805707e+01
1.071050699407404139e+01
1.071373222555432925e+01
1.071582926365367072e+01
1.070943123718787859e+01
1.071731058217711308e+01
1.070948421160380093e+01
1.070835582545546316e+01
1.070999296249881816e+01
1.071307227725074362e+01
1.071102872490882874e+01
1.070562964219313429e+01
1.070714300329034963e+01
1.070629823029930883e+01
1.070354102639591076e+01
1.070134827710580083e+01
1.070494394302368235e+01
1.070569747602435839e+01
1.070833811495039178e+01
1.070751327357880101e+01
1.070823598552394529e+01
1.070715605417887417e+01
1.070186151956256992e+01
1.069597835045356327e+01
1.069173638025919537e+01
1.069089421139487683e+01
1.069262920618057322e+01
1.068805985391875879e+01
1.069368080976532731e+01
1.069176385488854919e+01
1.069190696307591004e+01
1.069380245208740199e+01
1.069463496984437434e+01
1.069706462991648621e+01
1.069761153784665275e+01
1.069321622741356315e+01
1.069292728635999978e+01
1.069338373037484935e+01
1.069223279538361915e+01
1.069627801833614278e+01
1.069869641040233788e+01
1.070348492672568952e+01
1.071198506156603436e+01
1.071750572047282724e+01
1.071705253756776166e+01
1.072103720000295901e+01
1.072153600692749009e+01
1.072151397478462442e+01
1.072047969406726331e+01
1.071839207584418219e+01
1.071564829349517822e+01
1.071264729272751559e+01
1.071021825862380616e+01
1.071310811622120518e+01
1.071298067658035791e+01
1.071368863167019114e+01
1.071655374873768274e+01
1.071922634743355474e+01
1.071980980464390321e+01
1.072127381890221010e+01
1.072418062310469722e+01
1.072784599635911995e+01
1.072562077127654057e+01
1.072543855813833424e+01
1.072014894323833900e+01
1.072333510583188421e+01
1.071894619464874232e+01
1.071620280683533188e+01
1.071538757887042870e+01
1.071905160919437527e+01
1.072133649549176582e+01
1.072031214141845723e+01
1.071918144680204854e+01
1.072024403219147892e+01
1.072487563639879227e+01
1.072351822372554864e+01
1.072255659103393555e+01
1.072531670286455174e+01
1.072841166727470608e+01
1.073223734260501772e+01
1.073425430326319407e+01
1.073310139973958321e+01
1.073216995070962376e+01
1.073415778501190410e+01
1.073624310977217000e+01
1.073361416000256519e+01
1.073577051162719798e+01
1.073815092127373916e+01
1.073545505631137864e+01
1.073349157079950089e+01
1.073771514495213886e+01
1.073660285555083149e+01
1.073466238910204673e+01
1.073632186448493009e+01
1.073521042514491697e+01
1.073188178171247387e+01
1.073285973230997747e+01
1.073276169252711476e+01
1.073204885031047695e+01
1.072978620591506527e+01
1.073215812831729998e+01
1.072618709071990040e+01
1.072561392417320825e+01
1.072848405048346088e+01
1.073002660727199142e+01
1.073256553793853207e+01
1.073122801780700719e+01
1.073053936928695862e+01
1.072705486674367670e+01
1.072494949153595911e+01
1.072890942271162906e+01
1.072663390419699958e+01
1.072554515930543495e+01
1.072443469841323171e+01
1.071912228493463459e+01
1.071969004636685519e+01
1.072049399544211035e+01
1.072052363345497561e+01
1.072033270015272954e+01
1.072080352540650061e+01
1.072596149334962412e+01
1.072422228676932221e+01
1.072090710835023408e+01
1.072076431640797445e+01
1.071963533122887746e+01
1.071675565922060436e+01
1.071608218616909447e+01
1.071586232685911000e+01
1.071656379070910781e+01
1.071549132091751488e+01
1.071762093772058932e+01
1.072026837323162951e+01
1.071647759919525456e+01
1.071732351231702474e+01
1.071740937740244703e+01
1.072078727540515786e+01
1.072335000791047754e+01
1.072617898811220449e+01
1.072594077388445477e+01
