1.807483673095703125e+00
2.160037040710449219e+00
2.438980102539062500e+00
2.181945085525512695e+00
2.399861812591552734e+00
2.468887805938720703e+00
2.520226478576660156e+00
2.417732477188110352e+00
2.436628580093383789e+00
2.399731636047363281e+00
2.384765148162841797e+00
2.530490875244140625e+00
2.443696022033691406e+00
2.228037595748901367e+00
2.347861766815185547e+00
2.543655633926391602e+00
2.485734701156616211e+00
2.386734008789062500e+00
2.352237701416015625e+00
2.284214258193969727e+00
2.443488359451293945e+00
2.468523025512695312e+00
2.438450336456298828e+00
2.416497230529785156e+00
2.383073568344116211e+00
2.548640251159667969e+00
2.492917776107788086e+00
2.501188755035400391e+00
2.549365043640136719e+00
2.507407665252685547e+00
2.519214630126953125e+00
2.415437698364257812e+00
2.399548530578613281e+00
2.490248918533325195e+00
2.446353435516357422e+00
2.478163003921508789e+00
2.395340204238891602e+00
2.520366668701171875e+00
2.255266666412353516e+00
2.469059467315673828e+00
2.450004577636718750e+00
2.417564868927001953e+00
2.503741264343261719e+00
2.347101688385009766e+00
2.485996246337890625e+00
2.359772682189941406e+00
2.457020521163940430e+00
2.452082395553588867e+00
2.506385803222656250e+00
2.501095771789550781e+00
2.264541625976562500e+00
2.414695739746093750e+00
2.339439392089843750e+00
2.494994878768920898e+00
2.428988456726074219e+00
2.453638315200805664e+00
2.512145280838012695e+00
2.339181900024414062e+00
2.360997200012207031e+00
2.539907217025756836e+00
2.504271745681762695e+00
2.455925941467285156e+00
2.411616086959838867e+00
2.289226770401000977e+00
2.387346982955932617e+00
2.303176403045654297e+00
2.373763322830200195e+00
2.425640106201171875e+00
2.454262733459472656e+00
2.468005657196044922e+00
2.456137895584106445e+00
2.364956855773925781e+00
2.313191890716552734e+00
2.396109104156494141e+00
2.438087940216064453e+00
2.450765848159790039e+00
2.397382497787475586e+00
2.449870824813842773e+00
2.218602657318115234e+00
2.464899778366088867e+00
2.374230384826660156e+00
2.310033321380615234e+00
2.151842594146728516e+00
2.444238662719726562e+00
2.291771173477172852e+00
2.427874326705932617e+00
2.236455440521240234e+00
2.314546108245849609e+00
2.475389480590820312e+00
2.410378217697143555e+00
2.417244195938110352e+00
2.271905183792114258e+00
2.442497730255126953e+00
2.500322818756103516e+00
2.412850618362426758e+00
2.330846309661865234e+00
2.349260807037353516e+00
2.436369657516479492e+00
2.547761917114257812e+00
1.409970331192016602e+01
2.428757190704345703e+00
2.313471794128417969e+00
2.446721553802490234e+00
2.470469951629638672e+00
2.418398618698120117e+00
2.435638904571533203e+00
2.501512289047241211e+00
2.478147745132446289e+00
2.403454780578613281e+00
2.487652301788330078e+00
2.437012434005737305e+00
2.381148576736450195e+00
2.562080621719360352e+00
2.310137510299682617e+00
2.337944269180297852e+00
2.413996219635009766e+00
2.359047889709472656e+00
2.359173774719238281e+00
2.489799976348876953e+00
2.404226303100585938e+00
2.477196931838989258e+00
2.475643396377563477e+00
2.357360839843750000e+00
2.427619218826293945e+00
2.526015758514404297e+00
2.541695594787597656e+00
2.423462152481079102e+00
2.282550573348999023e+00
2.154569149017333984e+00
2.414107799530029297e+00
2.409750938415527344e+00
2.407196044921875000e+00
2.488677501678466797e+00
2.244300127029418945e+00
2.475152254104614258e+00
2.419262647628784180e+00
2.449167966842651367e+00
2.214349031448364258e+00
2.537403821945190430e+00
2.270362377166748047e+00
2.500124454498291016e+00
2.350579738616943359e+00
2.328663825988769531e+00
2.429782867431640625e+00
2.481103181838989258e+00
2.345385074615478516e+00
2.491802453994750977e+00
2.329279422760009766e+00
2.401145935058593750e+00
2.521151781082153320e+00
2.330350875854492188e+00
2.429049015045166016e+00
2.398096799850463867e+00
2.389771699905395508e+00
2.365256547927856445e+00
2.554258346557617188e+00
2.449044942855834961e+00
2.453586339950561523e+00
2.383389711380004883e+00
2.527871370315551758e+00
2.440844297409057617e+00
2.412544727325439453e+00
2.385450124740600586e+00
2.396224260330200195e+00
2.386707544326782227e+00
2.379362821578979492e+00
2.239056110382080078e+00
2.370751142501831055e+00
2.424142599105834961e+00
2.434265136718750000e+00
2.268802642822265625e+00
2.355083703994750977e+00
2.334776878356933594e+00
2.512405633926391602e+00
2.379935979843139648e+00
2.293113470077514648e+00
2.205327033996582031e+00
2.368362426757812500e+00
2.378360271453857422e+00
2.403836727142333984e+00
2.371772289276123047e+00
2.329088926315307617e+00
2.402497768402099609e+00
2.410396337509155273e+00
2.276434659957885742e+00
2.151298046112060547e+00
2.358099460601806641e+00
2.258115530014038086e+00
2.400285959243774414e+00
2.226158857345581055e+00
2.303037166595458984e+00
2.485888004302978516e+00
2.355277061462402344e+00
2.401154994964599609e+00
2.275359869003295898e+00
2.391299724578857422e+00
2.392016649246215820e+00
2.309868335723876953e+00
2.440073966979980469e+00
1.343183779716491699e+01
2.397559881210327148e+00
2.404195308685302734e+00
2.390509843826293945e+00
2.377226829528808594e+00
2.365236759185791016e+00
2.330783367156982422e+00
2.423730611801147461e+00
2.382549762725830078e+00
2.259353876113891602e+00
2.256028652191162109e+00
2.261072635650634766e+00
2.394702196121215820e+00
2.363170385360717773e+00
2.160378694534301758e+00
2.413711547851562500e+00
2.320979595184326172e+00
2.270919084548950195e+00
2.391326189041137695e+00
2.275263547897338867e+00
2.244216203689575195e+00
2.359287500381469727e+00
2.264294862747192383e+00
2.175822734832763672e+00
2.313733577728271484e+00
2.215420007705688477e+00
2.318822860717773438e+00
2.347916603088378906e+00
2.310059070587158203e+00
2.347381591796875000e+00
2.263207435607910156e+00
2.370633363723754883e+00
2.313925027847290039e+00
2.296176910400390625e+00
2.168341398239135742e+00
2.417466640472412109e+00
2.310174703598022461e+00
2.298063993453979492e+00
2.374316215515136719e+00
2.376119136810302734e+00
2.359773159027099609e+00
2.187008380889892578e+00
2.298141002655029297e+00
2.381072759628295898e+00
2.446371316909790039e+00
2.249246835708618164e+00
2.139037132263183594e+00
2.214951753616333008e+00
2.206357955932617188e+00
2.196100234985351562e+00
2.197168827056884766e+00
2.201470375061035156e+00
2.236005783081054688e+00
2.200695514678955078e+00
2.275973081588745117e+00
2.347048521041870117e+00
2.213158369064331055e+00
2.285306930541992188e+00
2.224317312240600586e+00
2.282166004180908203e+00
2.225813388824462891e+00
2.285046100616455078e+00
2.227530241012573242e+00
2.360893726348876953e+00
2.164424657821655273e+00
2.250535726547241211e+00
2.282564163208007812e+00
2.089251756668090820e+00
2.286354064941406250e+00
2.216425657272338867e+00
2.317254543304443359e+00
2.300616741180419922e+00
2.050159692764282227e+00
2.237290620803833008e+00
2.205971002578735352e+00
2.294028282165527344e+00
2.339810609817504883e+00
2.308150053024291992e+00
2.389032125473022461e+00
2.220894098281860352e+00
2.336002826690673828e+00
2.110616683959960938e+00
2.264764308929443359e+00
2.362707614898681641e+00
2.286240816116333008e+00
2.317858934402465820e+00
2.270418405532836914e+00
2.251845359802246094e+00
2.210892677307128906e+00
2.260083675384521484e+00
2.278453588485717773e+00
2.274329185485839844e+00
2.334721326828002930e+00
2.386581182479858398e+00
2.321989297866821289e+00
2.224405050277709961e+00
2.279545545578002930e+00
2.316895008087158203e+00
2.270645618438720703e+00
2.238802909851074219e+00
1.511870574951171875e+01
2.235514879226684570e+00
2.325901031494140625e+00
2.311423301696777344e+00
2.114002704620361328e+00
2.254160642623901367e+00
2.273471832275390625e+00
2.118472337722778320e+00
2.167694330215454102e+00
2.226117849349975586e+00
2.245634555816650391e+00
2.214817523956298828e+00
2.223953723907470703e+00
2.198550701141357422e+00
2.265994071960449219e+00
2.276731729507446289e+00
2.294399499893188477e+00
2.206891298294067383e+00
2.285821676254272461e+00
2.223634481430053711e+00
2.226331472396850586e+00
2.248610258102416992e+00
2.242128610610961914e+00
2.282594919204711914e+00
2.284870862960815430e+00
2.269925832748413086e+00
2.239299297332763672e+00
2.141557693481445312e+00
2.187764167785644531e+00
2.187215328216552734e+00
2.337563514709472656e+00
2.295245409011840820e+00
2.198273181915283203e+00
2.293468952178955078e+00
2.292486429214477539e+00
2.198667287826538086e+00
2.090101242065429688e+00
2.263170003890991211e+00
2.162382364273071289e+00
2.127923488616943359e+00
2.236742496490478516e+00
2.259786128997802734e+00
2.155936717987060547e+00
2.185578823089599609e+00
2.114709615707397461e+00
2.240444183349609375e+00
2.121083021163940430e+00
2.157353401184082031e+00
2.275050878524780273e+00
2.206192016601562500e+00
2.222995281219482422e+00
2.166902542114257812e+00
2.279022693634033203e+00
2.148855924606323242e+00
2.149297475814819336e+00
2.251460790634155273e+00
2.248918771743774414e+00
2.249728918075561523e+00
2.331745624542236328e+00
2.149679660797119141e+00
2.091001272201538086e+00
2.075308561325073242e+00
2.151905298233032227e+00
2.177270650863647461e+00
2.008986473083496094e+00
2.225494861602783203e+00
2.187818288803100586e+00
2.094819784164428711e+00
2.299491882324218750e+00
2.247229576110839844e+00
2.243467807769775391e+00
2.193898439407348633e+00
2.116815567016601562e+00
2.149877548217773438e+00
2.271735429763793945e+00
2.163462162017822266e+00
2.154209136962890625e+00
2.319298267364501953e+00
2.191559553146362305e+00
2.329101324081420898e+00
2.243058204650878906e+00
2.227895736694335938e+00
2.123268365859985352e+00
2.232384204864501953e+00
2.315062284469604492e+00
2.256301641464233398e+00
2.215600013732910156e+00
2.165139913558959961e+00
2.322736501693725586e+00
2.242228269577026367e+00
2.155415534973144531e+00
2.189961194992065430e+00
2.069358587265014648e+00
2.222224712371826172e+00
2.238258838653564453e+00
2.141018152236938477e+00
2.251745462417602539e+00
2.067414760589599609e+00
2.152892351150512695e+00
2.195075511932373047e+00
1.338582706451416016e+01
2.252914667129516602e+00
2.178142786026000977e+00
2.232784509658813477e+00
2.137159824371337891e+00
2.119054555892944336e+00
2.266695976257324219e+00
2.265575170516967773e+00
2.121306180953979492e+00
2.262254238128662109e+00
2.033688068389892578e+00
2.214526653289794922e+00
2.188861608505249023e+00
2.171498298645019531e+00
2.148114919662475586e+00
2.245325088500976562e+00
2.346624612808227539e+00
2.275064229965209961e+00
2.093413829803466797e+00
2.225788593292236328e+00
2.255191564559936523e+00
2.133483171463012695e+00
2.186089754104614258e+00
2.173496484756469727e+00
2.261480331420898438e+00
2.098538875579833984e+00
2.214597940444946289e+00
2.250339746475219727e+00
2.186127662658691406e+00
2.256205558776855469e+00
2.083906650543212891e+00
2.257471561431884766e+00
2.262292861938476562e+00
2.136956214904785156e+00
2.224641561508178711e+00
2.222088575363159180e+00
2.101233959197998047e+00
2.293628692626953125e+00
2.253079175949096680e+00
2.188490867614746094e+00
2.180006265640258789e+00
2.152876853942871094e+00
2.112756967544555664e+00
2.187586307525634766e+00
2.231844425201416016e+00
2.148642778396606445e+00
2.215672254562377930e+00
2.214257240295410156e+00
2.163571357727050781e+00
2.220673561096191406e+00
2.328740119934082031e+00
2.238973379135131836e+00
2.274166822433471680e+00
2.207495212554931641e+00
2.072389841079711914e+00
2.238801240921020508e+00
2.225555658340454102e+00
2.166191577911376953e+00
2.104132890701293945e+00
2.130608558654785156e+00
2.239861011505126953e+00
2.293834447860717773e+00
2.297421932220458984e+00
2.171541690826416016e+00
2.186843872070312500e+00
2.134165287017822266e+00
2.297840595245361328e+00
2.275828123092651367e+00
2.344822645187377930e+00
2.290623426437377930e+00
2.150336503982543945e+00
2.281866788864135742e+00
2.239724159240722656e+00
2.180990457534790039e+00
2.224829673767089844e+00
2.202424287796020508e+00
2.136677980422973633e+00
2.233447790145874023e+00
2.267382383346557617e+00
2.177648544311523438e+00
2.086680650711059570e+00
2.169559240341186523e+00
2.230136156082153320e+00
2.233793020248413086e+00
2.272253036499023438e+00
2.163763761520385742e+00
2.171119689941406250e+00
2.130502223968505859e+00
2.153811216354370117e+00
2.238308191299438477e+00
2.224134683609008789e+00
2.144645452499389648e+00
2.158648252487182617e+00
2.232518196105957031e+00
2.131329298019409180e+00
2.201245784759521484e+00
2.239037275314331055e+00
2.311939001083374023e+00
2.204103469848632812e+00
2.216118574142456055e+00
1.402351951599121094e+01
2.363056182861328125e+00
2.150581598281860352e+00
2.048804044723510742e+00
2.239826917648315430e+00
2.203361034393310547e+00
2.116460800170898438e+00
2.225051641464233398e+00
2.283482313156127930e+00
2.172000885009765625e+00
2.180815458297729492e+00
2.210115909576416016e+00
2.178858757019042969e+00
2.237941741943359375e+00
2.338877677917480469e+00
2.251378774642944336e+00
2.111064672470092773e+00
2.219134569168090820e+00
2.375536203384399414e+00
2.294088602066040039e+00
2.145016431808471680e+00
2.112414360046386719e+00
2.208577632904052734e+00
2.239321470260620117e+00
2.231727600097656250e+00
2.164182424545288086e+00
2.219937562942504883e+00
2.063186883926391602e+00
2.166984558105468750e+00
2.151907920837402344e+00
2.245302915573120117e+00
2.153161764144897461e+00
2.302275180816650391e+00
2.224000215530395508e+00
2.251432418823242188e+00
2.233017683029174805e+00
2.146651268005371094e+00
2.155414819717407227e+00
2.110690355300903320e+00
2.236276626586914062e+00
2.226522684097290039e+00
2.178979873657226562e+00
2.167844057083129883e+00
2.084852695465087891e+00
2.339636802673339844e+00
2.157341241836547852e+00
2.345198392868041992e+00
2.138856649398803711e+00
2.190516233444213867e+00
2.057578563690185547e+00
2.223635673522949219e+00
2.154329538345336914e+00
2.256562471389770508e+00
2.120386123657226562e+00
2.181240558624267578e+00
2.197895050048828125e+00
2.183336496353149414e+00
2.175103664398193359e+00
2.260302305221557617e+00
2.080317020416259766e+00
2.344374656677246094e+00
2.041522264480590820e+00
2.265172958374023438e+00
2.150560617446899414e+00
2.174666643142700195e+00
2.127242326736450195e+00
2.156969547271728516e+00
2.179684638977050781e+00
2.227357625961303711e+00
2.191810131072998047e+00
2.234571695327758789e+00
2.276277303695678711e+00
2.248460769653320312e+00
2.225176095962524414e+00
2.159722328186035156e+00
2.276197910308837891e+00
2.300787210464477539e+00
2.121105909347534180e+00
2.084090232849121094e+00
2.188202857971191406e+00
2.331305027008056641e+00
2.275721073150634766e+00
2.137394428253173828e+00
2.036281347274780273e+00
2.105028390884399414e+00
2.241572856903076172e+00
2.215927839279174805e+00
2.054213523864746094e+00
2.206011533737182617e+00
2.198514461517333984e+00
2.193945646286010742e+00
2.186363458633422852e+00
2.156332731246948242e+00
2.152413606643676758e+00
2.202500820159912109e+00
2.154876232147216797e+00
2.114406585693359375e+00
2.248525619506835938e+00
2.355660438537597656e+00
2.260971546173095703e+00
1.467094230651855469e+01
2.278166770935058594e+00
2.211883783340454102e+00
2.227381944656372070e+00
2.319762706756591797e+00
2.132499217987060547e+00
2.181618928909301758e+00
2.238931179046630859e+00
2.212107896804809570e+00
2.239032030105590820e+00
2.191288471221923828e+00
2.269770383834838867e+00
2.268300533294677734e+00
2.262979745864868164e+00
2.136543989181518555e+00
2.265561580657958984e+00
2.324843168258666992e+00
2.275309801101684570e+00
2.222195625305175781e+00
2.256140470504760742e+00
2.326286792755126953e+00
2.156515598297119141e+00
2.279253244400024414e+00
2.234485864639282227e+00
2.317148447036743164e+00
2.241158723831176758e+00
2.265097856521606445e+00
2.314325094223022461e+00
2.206158638000488281e+00
2.244661808013916016e+00
2.125619173049926758e+00
2.256726741790771484e+00
2.177136421203613281e+00
2.326397657394409180e+00
2.245201110839843750e+00
2.341251134872436523e+00
2.316229343414306641e+00
2.197265386581420898e+00
2.262298345565795898e+00
2.181139230728149414e+00
2.143684387207031250e+00
2.250713825225830078e+00
2.320612907409667969e+00
2.154829740524291992e+00
2.232026576995849609e+00
2.271584749221801758e+00
2.210182189941406250e+00
2.360577583312988281e+00
2.208971261978149414e+00
2.084216833114624023e+00
2.264418601989746094e+00
2.297215938568115234e+00
2.236919879913330078e+00
2.166676759719848633e+00
2.148970603942871094e+00
2.348229646682739258e+00
2.128701925277709961e+00
2.260863065719604492e+00
2.356482744216918945e+00
2.203577041625976562e+00
2.177598237991333008e+00
2.092948913574218750e+00
2.262556791305541992e+00
2.140507221221923828e+00
2.226413011550903320e+00
2.283201694488525391e+00
2.298042774200439453e+00
2.256810426712036133e+00
2.221832036972045898e+00
2.098318576812744141e+00
2.295424699783325195e+00
2.273954153060913086e+00
2.229198694229125977e+00
2.206355810165405273e+00
2.081028938293457031e+00
2.155132770538330078e+00
2.198508024215698242e+00
2.187829017639160156e+00
2.122802734375000000e+00
2.179092168807983398e+00
2.114526987075805664e+00
2.194082021713256836e+00
2.177216768264770508e+00
2.187787771224975586e+00
2.248709917068481445e+00
2.114084243774414062e+00
2.304115533828735352e+00
2.244911432266235352e+00
2.073778390884399414e+00
2.317017316818237305e+00
2.068584203720092773e+00
2.155051231384277344e+00
2.269294261932373047e+00
2.177841186523437500e+00
2.123659133911132812e+00
2.091156005859375000e+00
2.142278909683227539e+00
2.172931432723999023e+00
2.259106159210205078e+00
2.151682853698730469e+00
1.386182498931884766e+01
2.156943321228027344e+00
2.269664525985717773e+00
2.131361722946166992e+00
2.206047773361206055e+00
2.173306226730346680e+00
2.265165567398071289e+00
2.338337898254394531e+00
2.263865947723388672e+00
2.223193645477294922e+00
2.128625154495239258e+00
2.083026409149169922e+00
2.190134525299072266e+00
2.196744441986083984e+00
2.204905509948730469e+00
2.243130683898925781e+00
2.170554399490356445e+00
2.181439638137817383e+00
2.284708976745605469e+00
2.254845142364501953e+00
2.275539875030517578e+00
2.201618432998657227e+00
2.195987939834594727e+00
2.113857507705688477e+00
2.248194456100463867e+00
2.148238420486450195e+00
2.098035573959350586e+00
2.239207983016967773e+00
2.339228630065917969e+00
2.144894361495971680e+00
2.227593421936035156e+00
2.147108793258666992e+00
2.192668437957763672e+00
2.160627365112304688e+00
2.222523927688598633e+00
2.125225305557250977e+00
2.079931497573852539e+00
2.110549926757812500e+00
2.165522575378417969e+00
2.212009668350219727e+00
2.277455329895019531e+00
2.224666357040405273e+00
2.142420291900634766e+00
2.142835617065429688e+00
2.227958202362060547e+00
2.213661432266235352e+00
2.217410564422607422e+00
2.131153821945190430e+00
2.174431800842285156e+00
2.156634330749511719e+00
2.130561113357543945e+00
2.191663026809692383e+00
2.275171041488647461e+00
2.221795082092285156e+00
2.324414253234863281e+00
2.213458776473999023e+00
2.111861467361450195e+00
2.151640176773071289e+00
2.130012750625610352e+00
2.164760351181030273e+00
2.127189397811889648e+00
2.262470006942749023e+00
2.164900064468383789e+00
2.180980205535888672e+00
2.172963142395019531e+00
2.270257472991943359e+00
2.239174365997314453e+00
2.181332349777221680e+00
2.265992879867553711e+00
2.214912176132202148e+00
2.129979372024536133e+00
2.238859891891479492e+00
2.323781967163085938e+00
2.250622510910034180e+00
2.142874717712402344e+00
2.271859884262084961e+00
2.219134330749511719e+00
2.216718912124633789e+00
2.243883848190307617e+00
2.192504167556762695e+00
2.206679821014404297e+00
2.278239250183105469e+00
2.221694469451904297e+00
2.175496101379394531e+00
2.045045852661132812e+00
2.026670932769775391e+00
2.167594432830810547e+00
2.312226772308349609e+00
2.142061233520507812e+00
2.298555135726928711e+00
2.172962188720703125e+00
2.160386562347412109e+00
2.316947698593139648e+00
2.225531339645385742e+00
2.246871948242187500e+00
2.215378522872924805e+00
2.181814432144165039e+00
2.226883888244628906e+00
2.174088716506958008e+00
2.140593767166137695e+00
1.491136932373046875e+01
2.205633640289306641e+00
2.132705450057983398e+00
2.120473146438598633e+00
2.272111654281616211e+00
2.161655664443969727e+00
2.231603860855102539e+00
2.166320562362670898e+00
2.175239324569702148e+00
2.297410249710083008e+00
2.232929229736328125e+00
2.084512233734130859e+00
2.187900304794311523e+00
2.269995212554931641e+00
2.266663789749145508e+00
2.298615694046020508e+00
2.133448600769042969e+00
2.136058807373046875e+00
2.247969388961791992e+00
2.301226139068603516e+00
2.294088602066040039e+00
2.253361940383911133e+00
2.271463155746459961e+00
2.177111864089965820e+00
2.170477151870727539e+00
2.063319206237792969e+00
2.314583063125610352e+00
2.208586931228637695e+00
2.234961271286010742e+00
2.145294666290283203e+00
2.205336809158325195e+00
2.235138654708862305e+00
2.298094034194946289e+00
2.160379409790039062e+00
2.219141721725463867e+00
2.189940214157104492e+00
2.386571168899536133e+00
2.160147190093994141e+00
2.276909351348876953e+00
2.130627155303955078e+00
2.262814760208129883e+00
2.165549755096435547e+00
2.165849447250366211e+00
2.213726758956909180e+00
2.170311689376831055e+00
2.128204345703125000e+00
2.231876373291015625e+00
2.052451848983764648e+00
2.233385801315307617e+00
2.087416648864746094e+00
2.115273714065551758e+00
2.221400022506713867e+00
2.296360254287719727e+00
2.145053386688232422e+00
2.344938039779663086e+00
2.211215019226074219e+00
2.161163806915283203e+00
2.252093315124511719e+00
2.349234819412231445e+00
2.129580020904541016e+00
2.047290086746215820e+00
2.275985240936279297e+00
2.259763717651367188e+00
2.273683309555053711e+00
2.292926788330078125e+00
2.137396574020385742e+00
2.141826152801513672e+00
2.252986669540405273e+00
2.330621480941772461e+00
2.206268787384033203e+00
2.169162273406982422e+00
2.165878295898437500e+00
2.203591585159301758e+00
2.359539031982421875e+00
2.215799331665039062e+00
2.212269306182861328e+00
2.173660516738891602e+00
2.147548437118530273e+00
2.101544857025146484e+00
2.301939010620117188e+00
2.206445693969726562e+00
2.307816028594970703e+00
2.109496116638183594e+00
2.241143226623535156e+00
2.202152252197265625e+00
2.266675710678100586e+00
2.261584758758544922e+00
2.187954902648925781e+00
2.301181316375732422e+00
2.272567749023437500e+00
2.191347122192382812e+00
2.204390048980712891e+00
2.209265947341918945e+00
2.308648109436035156e+00
2.214430093765258789e+00
2.159605979919433594e+00
2.166022300720214844e+00
2.198950529098510742e+00
2.308354854583740234e+00
2.224767446517944336e+00
1.418257403373718262e+01
2.296818256378173828e+00
2.348245620727539062e+00
2.223024606704711914e+00
2.071707248687744141e+00
2.209159612655639648e+00
2.224150180816650391e+00
2.188205242156982422e+00
2.247554779052734375e+00
2.241382598876953125e+00
2.200245380401611328e+00
2.242010354995727539e+00
2.184407949447631836e+00
2.191571474075317383e+00
2.134123325347900391e+00
2.185846805572509766e+00
2.167381763458251953e+00
2.174254894256591797e+00
2.192556858062744141e+00
2.140106678009033203e+00
2.312749624252319336e+00
2.225789785385131836e+00
2.288611650466918945e+00
2.175808668136596680e+00
2.259754180908203125e+00
2.215077877044677734e+00
2.142361402511596680e+00
2.331486225128173828e+00
2.222132921218872070e+00
2.189928293228149414e+00
2.171422481536865234e+00
2.075234651565551758e+00
2.210327386856079102e+00
2.082083463668823242e+00
2.207423925399780273e+00
2.199064016342163086e+00
2.189568996429443359e+00
2.207749128341674805e+00
2.219897270202636719e+00
2.293562173843383789e+00
2.225561857223510742e+00
2.154842615127563477e+00
2.164008855819702148e+00
2.209247112274169922e+00
2.231150865554809570e+00
2.108831405639648438e+00
2.203824758529663086e+00
2.208753585815429688e+00
2.086705446243286133e+00
2.216978073120117188e+00
2.235307455062866211e+00
2.125027418136596680e+00
2.214888811111450195e+00
2.188599109649658203e+00
2.206122636795043945e+00
2.217644929885864258e+00
2.039920091629028320e+00
2.185257196426391602e+00
2.152832984924316406e+00
2.220559597015380859e+00
2.261764526367187500e+00
2.126509428024291992e+00
2.165819644927978516e+00
2.156617403030395508e+00
2.202052354812622070e+00
2.296141386032104492e+00
2.207227468490600586e+00
2.145735979080200195e+00
2.082342624664306641e+00
2.197811126708984375e+00
2.344367504119873047e+00
2.166996479034423828e+00
2.198265075683593750e+00
2.279170751571655273e+00
2.230273723602294922e+00
2.273295164108276367e+00
2.108079910278320312e+00
2.127856016159057617e+00
2.198817491531372070e+00
2.145751714706420898e+00
2.219630718231201172e+00
2.234957218170166016e+00
2.315603494644165039e+00
2.164568185806274414e+00
2.037440299987792969e+00
2.205696582794189453e+00
2.184548616409301758e+00
2.193623781204223633e+00
2.220532655715942383e+00
2.161756038665771484e+00
2.193194150924682617e+00
2.275572538375854492e+00
2.216776847839355469e+00
2.274087667465209961e+00
2.168562650680541992e+00
2.174014568328857422e+00
2.227215290069580078e+00
2.289573907852172852e+00
2.212360620498657227e+00
2.213811159133911133e+00
1.420903038978576660e+01
2.103974103927612305e+00
2.233997106552124023e+00
2.122802495956420898e+00
2.293155670166015625e+00
2.201004505157470703e+00
2.304578065872192383e+00
2.303445339202880859e+00
2.131685256958007812e+00
2.113539695739746094e+00
2.198168754577636719e+00
2.169739723205566406e+00
2.225856781005859375e+00
2.168156862258911133e+00
2.141768455505371094e+00
2.304703474044799805e+00
2.224403858184814453e+00
2.265317440032958984e+00
2.167356491088867188e+00
2.097188472747802734e+00
2.020098447799682617e+00
2.242992877960205078e+00
2.314939975738525391e+00
2.241753578186035156e+00
2.080273151397705078e+00
2.218533277511596680e+00
2.224373340606689453e+00
2.304489374160766602e+00
2.275270223617553711e+00
2.156742334365844727e+00
2.193236351013183594e+00
2.312443733215332031e+00
2.181389808654785156e+00
2.256332159042358398e+00
2.174142837524414062e+00
2.226900815963745117e+00
2.256258487701416016e+00
2.300920963287353516e+00
2.255937099456787109e+00
2.046035766601562500e+00
2.224814176559448242e+00
2.246063947677612305e+00
2.147883176803588867e+00
2.225971221923828125e+00
2.274654388427734375e+00
2.245086193084716797e+00
2.354717969894409180e+00
2.249468564987182617e+00
2.180835485458374023e+00
2.208011150360107422e+00
2.127897739410400391e+00
2.138523101806640625e+00
2.098486423492431641e+00
2.295062065124511719e+00
2.076016187667846680e+00
2.264575481414794922e+00
2.385941743850708008e+00
2.333309412002563477e+00
2.203501462936401367e+00
2.267304897308349609e+00
1.960340738296508789e+00
2.320483684539794922e+00
2.183007717132568359e+00
2.071164608001708984e+00
2.188270807266235352e+00
2.250858068466186523e+00
2.104027509689331055e+00
2.123649120330810547e+00
2.210410118103027344e+00
2.096894741058349609e+00
2.228651762008666992e+00
2.058368206024169922e+00
2.242918968200683594e+00
2.278412818908691406e+00
2.166741609573364258e+00
2.309242725372314453e+00
2.136418342590332031e+00
2.213033437728881836e+00
2.120785236358642578e+00
2.140174150466918945e+00
2.248863458633422852e+00
2.144688129425048828e+00
2.147110223770141602e+00
2.275999784469604492e+00
2.204571247100830078e+00
2.267657279968261719e+00
2.215399503707885742e+00
2.251482009887695312e+00
2.174784660339355469e+00
2.272807359695434570e+00
2.270836830139160156e+00
2.195557355880737305e+00
2.346304655075073242e+00
2.240381717681884766e+00
2.228352308273315430e+00
2.270920038223266602e+00
2.240028619766235352e+00
2.108480930328369141e+00
2.242471218109130859e+00
2.143731594085693359e+00
1.368395590782165527e+01
2.338654041290283203e+00
2.343566656112670898e+00
2.048026323318481445e+00
2.116954088211059570e+00
2.237559080123901367e+00
2.127838850021362305e+00
2.129531383514404297e+00
2.300577878952026367e+00
2.215023994445800781e+00
2.214526653289794922e+00
2.084843635559082031e+00
2.125642538070678711e+00
2.187114715576171875e+00
2.237364530563354492e+00
2.259329319000244141e+00
2.246444463729858398e+00
2.177102804183959961e+00
2.171323060989379883e+00
2.256487607955932617e+00
2.253155231475830078e+00
2.290620803833007812e+00
2.334482908248901367e+00
2.298901557922363281e+00
2.256530523300170898e+00
2.127435445785522461e+00
2.247222423553466797e+00
2.213809967041015625e+00
2.156504154205322266e+00
2.341256380081176758e+00
2.294518947601318359e+00
2.331526041030883789e+00
2.198085308074951172e+00
2.215219020843505859e+00
2.270709753036499023e+00
2.229176044464111328e+00
2.238835573196411133e+00
2.287461757659912109e+00
2.313288688659667969e+00
2.212999343872070312e+00
2.160185337066650391e+00
2.244320154190063477e+00
2.159591436386108398e+00
2.155363559722900391e+00
2.309650659561157227e+00
2.361711978912353516e+00
2.158547878265380859e+00
2.136993408203125000e+00
2.304575681686401367e+00
2.085842847824096680e+00
2.292592763900756836e+00
2.224216461181640625e+00
2.276711463928222656e+00
2.148918628692626953e+00
2.232619047164916992e+00
2.337628126144409180e+00
2.322611808776855469e+00
2.225732088088989258e+00
2.223636388778686523e+00
2.252608776092529297e+00
2.315204620361328125e+00
2.159449100494384766e+00
2.080693483352661133e+00
2.187417030334472656e+00
2.312775850296020508e+00
2.255628347396850586e+00
2.124832630157470703e+00
2.130483627319335938e+00
2.129580259323120117e+00
2.138813734054565430e+00
2.229627609252929688e+00
2.230337858200073242e+00
2.175585985183715820e+00
2.148177385330200195e+00
2.165065288543701172e+00
2.281095027923583984e+00
2.259582281112670898e+00
2.160925388336181641e+00
2.131538391113281250e+00
2.140904664993286133e+00
2.318856954574584961e+00
2.186138629913330078e+00
2.263582229614257812e+00
2.266490936279296875e+00
2.216713905334472656e+00
2.303524494171142578e+00
2.209988832473754883e+00
2.225014209747314453e+00
2.236350297927856445e+00
2.118898630142211914e+00
2.083082675933837891e+00
2.095381259918212891e+00
2.185826539993286133e+00
2.158798933029174805e+00
2.211533308029174805e+00
2.319056749343872070e+00
2.102136373519897461e+00
2.241468191146850586e+00
2.163177728652954102e+00
2.192473649978637695e+00
1.385187077522277832e+01
2.256883382797241211e+00
2.252742052078247070e+00
2.261076450347900391e+00
2.323465585708618164e+00
2.139009475708007812e+00
2.210095405578613281e+00
2.220732450485229492e+00
2.207390546798706055e+00
2.266674280166625977e+00
2.156023502349853516e+00
2.086777925491333008e+00
2.234641075134277344e+00
2.194941520690917969e+00
2.107937574386596680e+00
2.221226930618286133e+00
2.253172397613525391e+00
2.218759298324584961e+00
2.157803773880004883e+00
2.240253686904907227e+00
2.241954088211059570e+00
2.133939981460571289e+00
2.288399934768676758e+00
2.289402484893798828e+00
2.282467365264892578e+00
2.138698816299438477e+00
2.160004854202270508e+00
2.247402667999267578e+00
2.220907211303710938e+00
2.299141407012939453e+00
2.318657875061035156e+00
2.159257888793945312e+00
2.168534755706787109e+00
2.267752647399902344e+00
2.250698804855346680e+00
2.260449886322021484e+00
2.264917373657226562e+00
2.207322835922241211e+00
2.264765262603759766e+00
2.258262872695922852e+00
2.330128669738769531e+00
2.262058019638061523e+00
2.198951721191406250e+00
2.183303117752075195e+00
2.205835103988647461e+00
2.192634820938110352e+00
2.286453962326049805e+00
2.268738508224487305e+00
2.310380697250366211e+00
2.143815279006958008e+00
2.211194038391113281e+00
2.173266887664794922e+00
2.103797912597656250e+00
2.322626590728759766e+00
2.235358238220214844e+00
2.270867586135864258e+00
2.305382490158081055e+00
2.192906856536865234e+00
2.249281644821166992e+00
2.216001510620117188e+00
2.230337381362915039e+00
2.303724288940429688e+00
2.079969406127929688e+00
2.253569602966308594e+00
2.216823816299438477e+00
2.216605663299560547e+00
2.238895654678344727e+00
2.138068199157714844e+00
2.173379898071289062e+00
2.176194429397583008e+00
2.270129680633544922e+00
2.189040184020996094e+00
2.225771665573120117e+00
2.170576333999633789e+00
2.186406373977661133e+00
2.182015180587768555e+00
2.239943504333496094e+00
2.245553493499755859e+00
2.147789955139160156e+00
2.226594209671020508e+00
2.348453521728515625e+00
2.169214248657226562e+00
2.226374387741088867e+00
2.113784313201904297e+00
2.286987543106079102e+00
2.246890306472778320e+00
2.114144086837768555e+00
2.055347681045532227e+00
2.200673341751098633e+00
2.268262863159179688e+00
2.393680810928344727e+00
2.338170051574707031e+00
2.216496229171752930e+00
2.047675848007202148e+00
2.245986223220825195e+00
2.265952825546264648e+00
2.159489393234252930e+00
2.223194360733032227e+00
2.232396841049194336e+00
2.260935306549072266e+00
1.347586584091186523e+01
2.266200780868530273e+00
2.213135242462158203e+00
2.146067380905151367e+00
2.289302349090576172e+00
2.141391754150390625e+00
2.292851686477661133e+00
2.394371271133422852e+00
2.250557899475097656e+00
2.322681903839111328e+00
2.209552288055419922e+00
2.284007072448730469e+00
2.309532165527343750e+00
2.293425559997558594e+00
2.285332441329956055e+00
2.118227720260620117e+00
2.380754470825195312e+00
2.300769329071044922e+00
2.190879344940185547e+00
2.224761247634887695e+00
2.255918502807617188e+00
2.177003860473632812e+00
2.294498920440673828e+00
2.270553350448608398e+00
2.242235898971557617e+00
2.258668184280395508e+00
2.237179279327392578e+00
2.271167993545532227e+00
2.221761226654052734e+00
2.235698699951171875e+00
2.277165889739990234e+00
2.106906414031982422e+00
2.237554788589477539e+00
2.152296781539916992e+00
2.099046945571899414e+00
2.222018480300903320e+00
2.292662382125854492e+00
2.351672410964965820e+00
2.224881172180175781e+00
2.209183454513549805e+00
2.339479923248291016e+00
2.273928403854370117e+00
2.245822429656982422e+00
2.061975479125976562e+00
2.243551254272460938e+00
2.204615592956542969e+00
2.226068735122680664e+00
2.249851226806640625e+00
2.222278833389282227e+00
2.290140390396118164e+00
2.237623453140258789e+00
2.321360826492309570e+00
2.181857824325561523e+00
2.150240898132324219e+00
2.220145463943481445e+00
2.151973247528076172e+00
2.268774986267089844e+00
2.139328241348266602e+00
2.348677158355712891e+00
2.162462472915649414e+00
2.196010828018188477e+00
2.340382099151611328e+00
2.197863101959228516e+00
2.210868597030639648e+00
2.282203197479248047e+00
2.246464252471923828e+00
2.125122308731079102e+00
2.279986143112182617e+00
2.242595911026000977e+00
2.228553295135498047e+00
2.098591804504394531e+00
2.168289184570312500e+00
2.203788995742797852e+00
2.259393215179443359e+00
2.156678199768066406e+00
2.253296852111816406e+00
2.270095109939575195e+00
2.223043680191040039e+00
2.207475423812866211e+00
2.287069559097290039e+00
2.316792488098144531e+00
2.264371395111083984e+00
2.174241781234741211e+00
2.177207469940185547e+00
2.112166166305541992e+00
2.352018356323242188e+00
2.265668630599975586e+00
2.108215808868408203e+00
2.205760955810546875e+00
2.232195377349853516e+00
2.300404310226440430e+00
2.185230255126953125e+00
2.045524358749389648e+00
2.165601730346679688e+00
2.131672620773315430e+00
2.274231910705566406e+00
2.092053890228271484e+00
2.188434600830078125e+00
2.168831586837768555e+00
2.313862323760986328e+00
1.415276408195495605e+01
2.312278747558593750e+00
2.175941705703735352e+00
2.266311883926391602e+00
2.307554721832275391e+00
2.230295658111572266e+00
2.188718795776367188e+00
2.275492668151855469e+00
2.331047773361206055e+00
2.198986530303955078e+00
2.155901432037353516e+00
2.154764413833618164e+00
2.236798048019409180e+00
2.081678867340087891e+00
2.108623027801513672e+00
2.216070413589477539e+00
2.220307111740112305e+00
2.252053976058959961e+00
2.215146064758300781e+00
2.264626502990722656e+00
2.126370906829833984e+00
2.233199119567871094e+00
2.241173267364501953e+00
2.249297618865966797e+00
2.228223562240600586e+00
2.261808633804321289e+00
2.215476274490356445e+00
2.321243047714233398e+00
2.341671943664550781e+00
2.291169404983520508e+00
2.255193948745727539e+00
2.123604059219360352e+00
2.211762428283691406e+00
2.341154575347900391e+00
2.143560409545898438e+00
2.307984352111816406e+00
2.149400711059570312e+00
2.172198772430419922e+00
2.269048929214477539e+00
2.202460527420043945e+00
2.152992486953735352e+00
2.378511428833007812e+00
2.317546367645263672e+00
2.237101554870605469e+00
2.335150480270385742e+00
2.218822717666625977e+00
2.185933828353881836e+00
2.230507612228393555e+00
2.183910131454467773e+00
2.329823970794677734e+00
2.216522693634033203e+00
2.250762701034545898e+00
2.172116756439208984e+00
2.363999843597412109e+00
2.051891088485717773e+00
2.271849632263183594e+00
2.208547592163085938e+00
2.380922555923461914e+00
2.322732448577880859e+00
2.088828563690185547e+00
2.223497152328491211e+00
2.268596410751342773e+00
2.138911485671997070e+00
2.211267232894897461e+00
2.268713474273681641e+00
2.320270061492919922e+00
2.353881597518920898e+00
2.174794912338256836e+00
2.206847190856933594e+00
2.215592622756958008e+00
2.253203868865966797e+00
2.131394147872924805e+00
2.261476516723632812e+00
2.002585649490356445e+00
2.288197517395019531e+00
2.289744615554809570e+00
2.247776031494140625e+00
2.119359970092773438e+00
2.231527566909790039e+00
2.205995559692382812e+00
2.143569231033325195e+00
2.276475906372070312e+00
2.157983541488647461e+00
2.090486049652099609e+00
2.187073707580566406e+00
2.300577878952026367e+00
2.236078023910522461e+00
2.262586116790771484e+00
2.116945266723632812e+00
2.277461528778076172e+00
2.171996116638183594e+00
2.260832548141479492e+00
2.191004753112792969e+00
2.134959459304809570e+00
2.266640424728393555e+00
2.189128637313842773e+00
2.144666671752929688e+00
2.290672779083251953e+00
2.159688711166381836e+00
2.270071744918823242e+00
1.334509277343750000e+01
2.337190866470336914e+00
2.173221349716186523e+00
2.182879209518432617e+00
2.254515171051025391e+00
2.187558412551879883e+00
2.155862092971801758e+00
2.305666923522949219e+00
2.289646863937377930e+00
2.311824321746826172e+00
2.246638059616088867e+00
2.345331192016601562e+00
2.062951803207397461e+00
2.260105133056640625e+00
2.218116521835327148e+00
2.218780279159545898e+00
2.200588941574096680e+00
2.117978096008300781e+00
2.336149930953979492e+00
2.247797727584838867e+00
2.302164554595947266e+00
2.235718250274658203e+00
2.170316219329833984e+00
2.221065759658813477e+00
2.147661685943603516e+00
2.278855800628662109e+00
2.275460243225097656e+00
2.206670522689819336e+00
2.220829725265502930e+00
2.228096961975097656e+00
2.106105804443359375e+00
2.268900394439697266e+00
2.200831174850463867e+00
2.199250221252441406e+00
2.321454763412475586e+00
2.129642724990844727e+00
2.333029985427856445e+00
2.069029092788696289e+00
2.136890888214111328e+00
2.296466827392578125e+00
2.258753061294555664e+00
2.357835531234741211e+00
2.233611345291137695e+00
2.284421443939208984e+00
2.134740591049194336e+00
2.316068887710571289e+00
2.287414312362670898e+00
2.161391019821166992e+00
2.227689266204833984e+00
2.246918678283691406e+00
2.148049831390380859e+00
2.242698907852172852e+00
2.184422492980957031e+00
2.247554540634155273e+00
2.329779863357543945e+00
2.150483369827270508e+00
2.277976274490356445e+00
2.246484518051147461e+00
2.239363431930541992e+00
2.224931478500366211e+00
2.238365173339843750e+00
2.320065736770629883e+00
2.166998386383056641e+00
2.247676134109497070e+00
2.318499803543090820e+00
2.176187515258789062e+00
2.326984405517578125e+00
2.244881629943847656e+00
2.194114208221435547e+00
2.171432495117187500e+00
2.295509099960327148e+00
2.317876815795898438e+00
2.283139944076538086e+00
2.025493621826171875e+00
2.139788150787353516e+00
2.118721961975097656e+00
2.094903230667114258e+00
2.006189346313476562e+00
2.233866214752197266e+00
2.203357934951782227e+00
2.152737140655517578e+00
2.163849830627441406e+00
2.176401376724243164e+00
2.174452781677246094e+00
2.273270368576049805e+00
2.090120077133178711e+00
2.284642934799194336e+00
2.288966178894042969e+00
2.050723314285278320e+00
2.219624042510986328e+00
2.331071615219116211e+00
2.207921743392944336e+00
2.205807447433471680e+00
2.209445714950561523e+00
2.136594057083129883e+00
2.230002880096435547e+00
2.318161964416503906e+00
2.136395692825317383e+00
2.121493816375732422e+00
2.272120237350463867e+00
1.396045994758605957e+01
2.289522409439086914e+00
2.226481914520263672e+00
2.199022531509399414e+00
2.164194107055664062e+00
2.353067159652709961e+00
2.298520565032958984e+00
2.338778734207153320e+00
2.229451656341552734e+00
2.268136739730834961e+00
2.195340633392333984e+00
2.193824291229248047e+00
2.209912538528442383e+00
2.060047864913940430e+00
2.168884038925170898e+00
2.126362800598144531e+00
2.180500268936157227e+00
2.322818756103515625e+00
2.261183261871337891e+00
2.160187482833862305e+00
2.269212722778320312e+00
2.201899290084838867e+00
2.207200288772583008e+00
2.306366443634033203e+00
2.250669240951538086e+00
2.083223342895507812e+00
2.230732202529907227e+00
2.210844278335571289e+00
2.218552827835083008e+00
1.978364706039428711e+00
2.003393173217773438e+00
2.277832746505737305e+00
2.313550949096679688e+00
2.124830484390258789e+00
2.175380945205688477e+00
2.175513029098510742e+00
2.285356283187866211e+00
2.220362424850463867e+00
2.119716644287109375e+00
2.148620605468750000e+00
2.214967727661132812e+00
2.093444824218750000e+00
2.090635061264038086e+00
2.164335966110229492e+00
2.262898683547973633e+00
2.283164739608764648e+00
2.152943372726440430e+00
2.196213245391845703e+00
2.369111299514770508e+00
2.210520505905151367e+00
2.253058671951293945e+00
2.260671377182006836e+00
2.349181890487670898e+00
2.194092035293579102e+00
2.281142711639404297e+00
2.196878194808959961e+00
2.142855882644653320e+00
2.284013748168945312e+00
2.366778850555419922e+00
2.217340707778930664e+00
2.362399816513061523e+00
2.204137086868286133e+00
2.167376756668090820e+00
2.300995588302612305e+00
2.153760433197021484e+00
2.199549913406372070e+00
2.270352840423583984e+00
2.203472137451171875e+00
2.259108066558837891e+00
2.127106428146362305e+00
2.144371509552001953e+00
2.261321306228637695e+00
2.169661998748779297e+00
2.124278545379638672e+00
2.323884010314941406e+00
2.297058582305908203e+00
2.216272354125976562e+00
2.151356220245361328e+00
2.079859495162963867e+00
2.230736017227172852e+00
2.213443756103515625e+00
2.222071647644042969e+00
2.227949619293212891e+00
2.297280550003051758e+00
2.252426147460937500e+00
2.227860450744628906e+00
2.260713577270507812e+00
2.254001379013061523e+00
2.157558441162109375e+00
2.283408641815185547e+00
2.311993360519409180e+00
2.144546031951904297e+00
2.270268678665161133e+00
2.254268646240234375e+00
2.169461488723754883e+00
2.176456212997436523e+00
2.278792381286621094e+00
2.263020038604736328e+00
2.248430728912353516e+00
2.054434299468994141e+00
1.249974155426025391e+01
2.260611534118652344e+00
2.271339893341064453e+00
2.113858699798583984e+00
2.201291799545288086e+00
2.292032003402709961e+00
2.350381612777709961e+00
2.176249504089355469e+00
2.299032211303710938e+00
2.109627962112426758e+00
2.242627859115600586e+00
2.226028680801391602e+00
2.246542453765869141e+00
2.173461675643920898e+00
2.286790609359741211e+00
2.217799901962280273e+00
2.267867088317871094e+00
2.192269325256347656e+00
2.293524265289306641e+00
2.100067615509033203e+00
2.212478637695312500e+00
2.132717847824096680e+00
2.230664014816284180e+00
2.292212009429931641e+00
2.235969781875610352e+00
2.346529006958007812e+00
2.237519264221191406e+00
2.380589246749877930e+00
2.205440998077392578e+00
2.229458332061767578e+00
2.345656156539916992e+00
2.206103324890136719e+00
2.347169876098632812e+00
2.084654092788696289e+00
2.148389339447021484e+00
2.252379417419433594e+00
2.156070947647094727e+00
2.308130502700805664e+00
2.220477581024169922e+00
2.254397869110107422e+00
2.215076684951782227e+00
2.153242826461791992e+00
2.185330867767333984e+00
2.269144296646118164e+00
2.240952253341674805e+00
2.214687824249267578e+00
2.329742431640625000e+00
2.322078943252563477e+00
2.314220190048217773e+00
2.249453783035278320e+00
2.271805524826049805e+00
2.343885898590087891e+00
2.248796701431274414e+00
2.193355560302734375e+00
2.302074193954467773e+00
2.274867057800292969e+00
2.188665151596069336e+00
2.274539709091186523e+00
2.096835851669311523e+00
2.136215209960937500e+00
2.248638153076171875e+00
2.325778245925903320e+00
2.246846199035644531e+00
2.235196352005004883e+00
2.273231029510498047e+00
2.064404487609863281e+00
2.331380605697631836e+00
2.348034620285034180e+00
2.207755088806152344e+00
2.234006404876708984e+00
2.288943052291870117e+00
2.269281387329101562e+00
2.292453050613403320e+00
2.143857955932617188e+00
2.281816005706787109e+00
2.110507488250732422e+00
2.265258073806762695e+00
2.289621829986572266e+00
2.222985744476318359e+00
2.062311649322509766e+00
2.228013515472412109e+00
2.153747558593750000e+00
2.201056957244873047e+00
2.188420057296752930e+00
2.093000888824462891e+00
2.215201854705810547e+00
2.171932458877563477e+00
2.186911344528198242e+00
2.165878772735595703e+00
2.281248331069946289e+00
2.236104488372802734e+00
2.207379579544067383e+00
2.300626277923583984e+00
2.259654998779296875e+00
2.293095111846923828e+00
2.197986364364624023e+00
2.270700693130493164e+00
2.233319759368896484e+00
2.383253335952758789e+00
2.224587202072143555e+00
1.417834138870239258e+01
2.141506433486938477e+00
2.287451505661010742e+00
2.122914075851440430e+00
2.135231494903564453e+00
2.217993974685668945e+00
2.243263006210327148e+00
2.212979555130004883e+00
2.238912343978881836e+00
2.225959300994873047e+00
2.365357637405395508e+00
2.260516881942749023e+00
2.160618543624877930e+00
2.288073062896728516e+00
2.234876632690429688e+00
2.242369413375854492e+00
2.329576969146728516e+00
2.299170494079589844e+00
2.134406089782714844e+00
2.234906435012817383e+00
2.116677761077880859e+00
2.324720621109008789e+00
2.192666769027709961e+00
2.231143474578857422e+00
2.212320327758789062e+00
2.179246902465820312e+00
2.108205556869506836e+00
2.372954368591308594e+00
2.172011852264404297e+00
2.270830392837524414e+00
2.294811248779296875e+00
2.214899539947509766e+00
2.169435024261474609e+00
2.256474971771240234e+00
2.121454000473022461e+00
2.223701238632202148e+00
2.139323234558105469e+00
2.252427816390991211e+00
2.308431148529052734e+00
2.250857114791870117e+00
2.169297695159912109e+00
2.318076610565185547e+00
2.288222312927246094e+00
2.270023584365844727e+00
2.231260299682617188e+00
2.300434827804565430e+00
2.168040990829467773e+00
2.123086929321289062e+00
2.224945783615112305e+00
2.293247938156127930e+00
2.201457262039184570e+00
2.340008735656738281e+00
2.186455965042114258e+00
2.209656238555908203e+00
2.268475294113159180e+00
2.237869501113891602e+00
2.241240978240966797e+00
2.121381998062133789e+00
2.286883354187011719e+00
2.097387790679931641e+00
2.211052656173706055e+00
2.166040182113647461e+00
2.224752664566040039e+00
2.165692806243896484e+00
2.314473628997802734e+00
2.299633264541625977e+00
2.257604837417602539e+00
2.344167470932006836e+00
2.343730926513671875e+00
2.153688430786132812e+00
1.946226596832275391e+00
2.147955894470214844e+00
2.224940061569213867e+00
2.138760566711425781e+00
2.288090467453002930e+00
2.195444822311401367e+00
2.213681221008300781e+00
2.194108009338378906e+00
2.225824832916259766e+00
2.242531538009643555e+00
2.146759986877441406e+00
2.168925046920776367e+00
2.177724599838256836e+00
2.379810333251953125e+00
2.177683591842651367e+00
2.208807468414306641e+00
2.272689580917358398e+00
2.117143869400024414e+00
2.240213394165039062e+00
2.281180143356323242e+00
2.178475379943847656e+00
2.183049917221069336e+00
2.245563507080078125e+00
2.298880815505981445e+00
2.315665006637573242e+00
2.237034559249877930e+00
2.102477788925170898e+00
2.306041955947875977e+00
2.339699268341064453e+00
2.310091495513916016e+00
1.436523580551147461e+01
2.280641555786132812e+00
2.229994297027587891e+00
2.288488388061523438e+00
2.129601716995239258e+00
2.148582935333251953e+00
2.223705291748046875e+00
2.195646047592163086e+00
2.175973892211914062e+00
2.204946041107177734e+00
2.263550996780395508e+00
2.202531814575195312e+00
2.239315986633300781e+00
2.229643344879150391e+00
2.257955074310302734e+00
2.185980081558227539e+00
2.316190958023071289e+00
2.195787906646728516e+00
2.252614974975585938e+00
2.335112810134887695e+00
2.294563293457031250e+00
2.269793748855590820e+00
2.280691862106323242e+00
2.318856477737426758e+00
2.277551651000976562e+00
2.342247486114501953e+00
2.348716020584106445e+00
2.255169153213500977e+00
2.145288705825805664e+00
2.133666753768920898e+00
2.201513290405273438e+00
2.279055118560791016e+00
2.248913049697875977e+00
2.218903779983520508e+00
2.197896242141723633e+00
2.262568235397338867e+00
2.269058704376220703e+00
2.297453403472900391e+00
2.274904727935791016e+00
2.163464307785034180e+00
2.143447875976562500e+00
2.235390901565551758e+00
2.122989654541015625e+00
2.167853832244873047e+00
2.254649639129638672e+00
2.276114940643310547e+00
2.214893817901611328e+00
2.360892295837402344e+00
2.210208415985107422e+00
2.281959295272827148e+00
2.132847785949707031e+00
2.162653207778930664e+00
2.247146368026733398e+00
2.278102874755859375e+00
2.148784399032592773e+00
2.198753118515014648e+00
2.180585622787475586e+00
2.293061971664428711e+00
2.165557146072387695e+00
2.150399208068847656e+00
2.196176528930664062e+00
2.319437026977539062e+00
2.323724746704101562e+00
2.258477449417114258e+00
2.201855421066284180e+00
2.236816406250000000e+00
2.204927444458007812e+00
2.305340528488159180e+00
2.203241586685180664e+00
2.243148088455200195e+00
2.223144531250000000e+00
2.046286344528198242e+00
2.151954889297485352e+00
2.154559373855590820e+00
2.217257738113403320e+00
2.149256229400634766e+00
2.232943773269653320e+00
2.339731693267822266e+00
2.313873291015625000e+00
2.263610839843750000e+00
2.268231391906738281e+00
2.156987667083740234e+00
2.196410894393920898e+00
2.270085334777832031e+00
2.187465667724609375e+00
2.324671745300292969e+00
2.227767705917358398e+00
2.252320051193237305e+00
2.319915771484375000e+00
2.194623231887817383e+00
2.173984527587890625e+00
2.226963043212890625e+00
2.157492637634277344e+00
2.164551973342895508e+00
2.319159984588623047e+00
2.198240756988525391e+00
2.083085060119628906e+00
2.194259881973266602e+00
2.222985506057739258e+00
2.235498905181884766e+00
1.373664593696594238e+01
2.201967954635620117e+00
2.260483026504516602e+00
2.247089147567749023e+00
2.287649631500244141e+00
2.107215642929077148e+00
2.217556476593017578e+00
2.242510318756103516e+00
2.304928541183471680e+00
2.297407388687133789e+00
2.349271535873413086e+00
2.230820178985595703e+00
2.313956975936889648e+00
2.282472372055053711e+00
2.305503606796264648e+00
2.274519205093383789e+00
2.243591547012329102e+00
2.252870321273803711e+00
2.178257703781127930e+00
2.251137495040893555e+00
2.219692707061767578e+00
2.214141368865966797e+00
2.318550825119018555e+00
2.232273340225219727e+00
2.188214540481567383e+00
2.193898200988769531e+00
2.228418350219726562e+00
2.309560537338256836e+00
2.206320524215698242e+00
2.165307998657226562e+00
2.141642808914184570e+00
2.272536277770996094e+00
2.271801233291625977e+00
2.289530992507934570e+00
2.205533027648925781e+00
2.268605470657348633e+00
2.143117666244506836e+00
2.212247848510742188e+00
2.156987905502319336e+00
2.127987384796142578e+00
2.137852430343627930e+00
2.217577934265136719e+00
2.246596574783325195e+00
2.222704410552978516e+00
2.349335908889770508e+00
2.209713935852050781e+00
2.238564729690551758e+00
2.217438459396362305e+00
2.271864891052246094e+00
2.148960828781127930e+00
2.265321969985961914e+00
2.141314506530761719e+00
2.189568996429443359e+00
2.291829586029052734e+00
2.284497022628784180e+00
2.165726184844970703e+00
2.232973814010620117e+00
2.308901071548461914e+00
2.328043699264526367e+00
2.331719398498535156e+00
2.013885974884033203e+00
2.263563632965087891e+00
2.289821147918701172e+00
2.159560203552246094e+00
2.109958410263061523e+00
2.288392782211303711e+00
2.307695150375366211e+00
2.264401912689208984e+00
2.273286581039428711e+00
2.229360818862915039e+00
2.340412855148315430e+00
2.106648206710815430e+00
2.237594127655029297e+00
2.197037696838378906e+00
2.183459758758544922e+00
2.319420814514160156e+00
2.213014841079711914e+00
2.213006734848022461e+00
2.123770236968994141e+00
2.238390684127807617e+00
2.280404806137084961e+00
2.259057044982910156e+00
2.163533449172973633e+00
2.270891666412353516e+00
2.254130840301513672e+00
2.173036098480224609e+00
2.167087316513061523e+00
2.200210094451904297e+00
2.146592140197753906e+00
2.261697053909301758e+00
2.375307321548461914e+00
2.251958847045898438e+00
2.344243526458740234e+00
2.300954818725585938e+00
2.301293611526489258e+00
2.288802623748779297e+00
2.219642162322998047e+00
2.323662281036376953e+00
2.234037876129150391e+00
2.295147657394409180e+00
1.419433188438415527e+01
2.097680807113647461e+00
2.302733182907104492e+00
2.261680364608764648e+00
2.269181013107299805e+00
2.256946563720703125e+00
2.312886238098144531e+00
2.253968238830566406e+00
2.177958488464355469e+00
2.267328023910522461e+00
2.195559263229370117e+00
2.302295923233032227e+00
2.155768394470214844e+00
2.089048624038696289e+00
2.140838384628295898e+00
2.304401636123657227e+00
2.373120546340942383e+00
2.328145742416381836e+00
2.302848100662231445e+00
2.192541122436523438e+00
2.203064441680908203e+00
2.357592821121215820e+00
2.248815298080444336e+00
2.239548683166503906e+00
2.180654048919677734e+00
2.095860719680786133e+00
2.148530960083007812e+00
2.233888387680053711e+00
2.242990255355834961e+00
2.271253347396850586e+00
2.011324167251586914e+00
2.328217983245849609e+00
2.296644687652587891e+00
2.411036491394042969e+00
2.376715183258056641e+00
2.182753562927246094e+00
2.205190420150756836e+00
2.142082452774047852e+00
2.191346168518066406e+00
2.310090780258178711e+00
2.315484523773193359e+00
2.227001905441284180e+00
2.184538841247558594e+00
2.309222459793090820e+00
2.267868757247924805e+00
2.167783021926879883e+00
2.262713432312011719e+00
2.197317838668823242e+00
2.363792896270751953e+00
2.247948169708251953e+00
2.249500513076782227e+00
2.184545993804931641e+00
2.261056184768676758e+00
2.233183383941650391e+00
2.244343519210815430e+00
2.297289848327636719e+00
2.230382204055786133e+00
2.340390682220458984e+00
2.217642784118652344e+00
2.309050321578979492e+00
2.138148784637451172e+00
2.270808458328247070e+00
2.224030971527099609e+00
2.179703712463378906e+00
2.234521627426147461e+00
2.232378482818603516e+00
2.055645942687988281e+00
2.319766521453857422e+00
2.335597753524780273e+00
2.379606008529663086e+00
2.332155227661132812e+00
2.319300413131713867e+00
2.344217777252197266e+00
2.307651281356811523e+00
2.212758779525756836e+00
2.170600175857543945e+00
2.254632711410522461e+00
2.353688240051269531e+00
2.256043195724487305e+00
2.289474248886108398e+00
2.289207220077514648e+00
2.125715494155883789e+00
2.344129085540771484e+00
2.260484218597412109e+00
2.198933124542236328e+00
2.133779287338256836e+00
2.192132711410522461e+00
2.286307096481323242e+00
2.097579956054687500e+00
2.227228403091430664e+00
2.220062255859375000e+00
2.090078830718994141e+00
2.141738414764404297e+00
2.278480291366577148e+00
2.399651765823364258e+00
2.257896423339843750e+00
2.283606529235839844e+00
2.238696575164794922e+00
2.287282466888427734e+00
2.285378694534301758e+00
1.382983756065368652e+01
2.271868705749511719e+00
2.331543684005737305e+00
2.256163597106933594e+00
2.174368381500244141e+00
2.202416181564331055e+00
2.162635803222656250e+00
2.328346252441406250e+00
2.259802341461181641e+00
2.158354043960571289e+00
2.211381435394287109e+00
2.196398973464965820e+00
2.167878389358520508e+00
2.329143047332763672e+00
2.246762275695800781e+00
2.175787448883056641e+00
2.212703466415405273e+00
2.210381984710693359e+00
2.282622337341308594e+00
2.191509008407592773e+00
2.303456306457519531e+00
2.260424375534057617e+00
2.249396324157714844e+00
2.345436811447143555e+00
2.357583761215209961e+00
2.339834690093994141e+00
2.217062473297119141e+00
2.144708156585693359e+00
2.354564189910888672e+00
2.217408657073974609e+00
2.181931972503662109e+00
2.100765466690063477e+00
2.111108541488647461e+00
2.257840871810913086e+00
2.314123630523681641e+00
2.176276445388793945e+00
2.173286199569702148e+00
2.014822721481323242e+00
2.229750633239746094e+00
2.272541284561157227e+00
2.282950401306152344e+00
2.247063398361206055e+00
2.281238079071044922e+00
2.222623348236083984e+00
2.220830678939819336e+00
2.177065372467041016e+00
2.295409679412841797e+00
2.384372472763061523e+00
2.159557342529296875e+00
2.340569734573364258e+00
2.229032993316650391e+00
2.269281387329101562e+00
2.202048778533935547e+00
2.174904346466064453e+00
2.281674861907958984e+00
2.180329084396362305e+00
2.117113351821899414e+00
2.224246978759765625e+00
2.195276260375976562e+00
2.258093118667602539e+00
2.349417209625244141e+00
2.158632040023803711e+00
2.251663208007812500e+00
2.273617029190063477e+00
2.297443151473999023e+00
2.226989507675170898e+00
2.142393827438354492e+00
2.213562726974487305e+00
2.252509355545043945e+00
2.247020006179809570e+00
2.259046554565429688e+00
2.268471956253051758e+00
2.182382822036743164e+00
2.320573568344116211e+00
2.282022714614868164e+00
2.255899667739868164e+00
2.158509254455566406e+00
2.205754995346069336e+00
2.180487871170043945e+00
2.256099700927734375e+00
2.218780994415283203e+00
2.181659460067749023e+00
2.085418701171875000e+00
2.208878755569458008e+00
2.297775268554687500e+00
2.291890144348144531e+00
2.274212598800659180e+00
2.054360628128051758e+00
2.224797487258911133e+00
2.267390966415405273e+00
2.319363594055175781e+00
2.251259326934814453e+00
2.274981737136840820e+00
2.244327306747436523e+00
2.205463647842407227e+00
2.214242458343505859e+00
2.234020471572875977e+00
2.252400636672973633e+00
2.288208484649658203e+00
2.301091432571411133e+00
1.386172223091125488e+01
2.238813638687133789e+00
2.169556379318237305e+00
2.328130245208740234e+00
2.241558313369750977e+00
2.250726699829101562e+00
2.247916221618652344e+00
2.264152050018310547e+00
2.317787170410156250e+00
2.273756027221679688e+00
2.166189432144165039e+00
2.307490587234497070e+00
2.096864461898803711e+00
2.331331729888916016e+00
2.282025814056396484e+00
2.271157026290893555e+00
2.251051187515258789e+00
2.333658218383789062e+00
2.286911487579345703e+00
2.221488475799560547e+00
2.240725278854370117e+00
2.259233713150024414e+00
2.314730405807495117e+00
2.248394489288330078e+00
2.312518358230590820e+00
2.336962461471557617e+00
2.216575622558593750e+00
2.287647247314453125e+00
2.224478483200073242e+00
2.288558006286621094e+00
2.253711938858032227e+00
2.262956380844116211e+00
2.244929313659667969e+00
2.185075044631958008e+00
2.193748712539672852e+00
2.286095857620239258e+00
2.206241607666015625e+00
2.275402307510375977e+00
2.035986900329589844e+00
2.287725925445556641e+00
2.313777446746826172e+00
2.195606708526611328e+00
2.191443920135498047e+00
2.203562498092651367e+00
2.243538379669189453e+00
2.286949634552001953e+00
2.206148862838745117e+00
2.094873189926147461e+00
2.169585943222045898e+00
2.261740922927856445e+00
2.384924411773681641e+00
2.190868854522705078e+00
2.235951662063598633e+00
2.275006771087646484e+00
2.342074632644653320e+00
2.238698959350585938e+00
2.058204650878906250e+00
2.285391092300415039e+00
2.213452816009521484e+00
2.336008787155151367e+00
2.154754161834716797e+00
2.056210279464721680e+00
2.192842721939086914e+00
2.227314472198486328e+00
2.239262819290161133e+00
2.132289171218872070e+00
2.153897762298583984e+00
2.167156457901000977e+00
2.285806894302368164e+00
2.198880672454833984e+00
2.188787698745727539e+00
2.215701818466186523e+00
2.285159826278686523e+00
2.325209617614746094e+00
2.319950580596923828e+00
2.256199121475219727e+00
2.210457801818847656e+00
2.312223196029663086e+00
2.330206394195556641e+00
2.303843259811401367e+00
2.301159381866455078e+00
2.044775009155273438e+00
2.073275566101074219e+00
2.239147901535034180e+00
2.103966951370239258e+00
2.260751485824584961e+00
2.297018527984619141e+00
2.230998516082763672e+00
2.235343933105468750e+00
2.268408060073852539e+00
2.228902101516723633e+00
2.163559675216674805e+00
2.235275745391845703e+00
2.155999898910522461e+00
2.295222043991088867e+00
2.270101547241210938e+00
2.228498935699462891e+00
2.243653297424316406e+00
2.148013591766357422e+00
2.244274377822875977e+00
1.368421745300292969e+01
2.085317373275756836e+00
2.242759466171264648e+00
2.181748628616333008e+00
2.204422712326049805e+00
2.175284862518310547e+00
2.227980375289916992e+00
2.160172700881958008e+00
2.190812349319458008e+00
2.230790853500366211e+00
2.226350545883178711e+00
2.087940692901611328e+00
2.229371547698974609e+00
2.269998073577880859e+00
2.270636796951293945e+00
2.228332281112670898e+00
2.277749300003051758e+00
2.235328197479248047e+00
2.273438692092895508e+00
2.342516422271728516e+00
2.342432498931884766e+00
2.214272737503051758e+00
2.212950944900512695e+00
2.094411134719848633e+00
2.090200662612915039e+00
2.261804103851318359e+00
2.250154733657836914e+00
2.170041561126708984e+00
2.252483129501342773e+00
2.172614336013793945e+00
2.222482919692993164e+00
2.191157341003417969e+00
2.268580198287963867e+00
2.098772048950195312e+00
2.218080282211303711e+00
2.330200433731079102e+00
2.327574014663696289e+00
2.247611522674560547e+00
2.262921094894409180e+00
2.316829681396484375e+00
2.279026746749877930e+00
2.255306720733642578e+00
2.269587039947509766e+00
2.283280611038208008e+00
2.332510948181152344e+00
2.327563762664794922e+00
2.290116548538208008e+00
2.292824029922485352e+00
2.193732261657714844e+00
2.214415550231933594e+00
2.264118909835815430e+00
2.279090404510498047e+00
2.296811103820800781e+00
2.044595003128051758e+00
2.259963750839233398e+00
2.216317892074584961e+00
2.273860692977905273e+00
2.359575033187866211e+00
2.261664628982543945e+00
2.259280681610107422e+00
2.209275960922241211e+00
2.332426309585571289e+00
2.217246294021606445e+00
2.257410526275634766e+00
2.154959678649902344e+00
2.245564937591552734e+00
2.166656017303466797e+00
2.106668710708618164e+00
2.201698064804077148e+00
2.261796951293945312e+00
2.271763086318969727e+00
2.243785619735717773e+00
2.211011409759521484e+00
2.203430414199829102e+00
2.125148057937622070e+00
2.252358913421630859e+00
2.252181053161621094e+00
2.210927724838256836e+00
2.279339075088500977e+00
2.175018072128295898e+00
2.186002492904663086e+00
2.110850572586059570e+00
2.350875854492187500e+00
2.144007444381713867e+00
2.247912645339965820e+00
2.254666328430175781e+00
2.304744720458984375e+00
2.201616764068603516e+00
2.343893527984619141e+00
2.246670246124267578e+00
2.175189733505249023e+00
2.268158435821533203e+00
2.275195598602294922e+00
2.385411024093627930e+00
2.361302375793457031e+00
2.223301649093627930e+00
2.270490169525146484e+00
2.170176982879638672e+00
2.313193321228027344e+00
2.359783411026000977e+00
1.403472208976745605e+01
2.229860067367553711e+00
2.096024751663208008e+00
2.349857091903686523e+00
2.194647789001464844e+00
2.261599063873291016e+00
2.260315656661987305e+00
2.216206789016723633e+00
2.129888534545898438e+00
2.154759407043457031e+00
2.146528720855712891e+00
2.146171092987060547e+00
2.282352924346923828e+00
2.237829685211181641e+00
2.303005456924438477e+00
2.092308044433593750e+00
2.210663795471191406e+00
2.289138078689575195e+00
2.319641351699829102e+00
2.192173957824707031e+00
2.264453887939453125e+00
2.247308492660522461e+00
2.368551015853881836e+00
2.350795507431030273e+00
2.244406700134277344e+00
2.265503644943237305e+00
2.218669176101684570e+00
2.285477876663208008e+00
2.365130901336669922e+00
2.274657726287841797e+00
2.265783309936523438e+00
2.277433156967163086e+00
2.259712696075439453e+00
2.227991580963134766e+00
2.213773965835571289e+00
2.156868219375610352e+00
2.200464725494384766e+00
2.263530731201171875e+00
2.332663774490356445e+00
2.318007230758666992e+00
2.186218500137329102e+00
2.284517765045166016e+00
2.177173852920532227e+00
2.125208139419555664e+00
2.219754695892333984e+00
2.256188869476318359e+00
2.238276004791259766e+00
2.202342987060546875e+00
2.231646060943603516e+00
2.224360704421997070e+00
2.094848155975341797e+00
2.252766132354736328e+00
2.181786298751831055e+00
2.258178234100341797e+00
2.203010797500610352e+00
2.378619432449340820e+00
2.147368192672729492e+00
2.321847200393676758e+00
2.296929597854614258e+00
2.263320922851562500e+00
2.203640699386596680e+00
2.077881813049316406e+00
2.341593503952026367e+00
2.246664285659790039e+00
2.323246240615844727e+00
2.215668916702270508e+00
2.209393501281738281e+00
2.125984907150268555e+00
2.251776695251464844e+00
2.218097925186157227e+00
2.269908189773559570e+00
2.190682172775268555e+00
2.199433803558349609e+00
2.302316427230834961e+00
2.329614877700805664e+00
2.373396396636962891e+00
2.145072460174560547e+00
2.143442630767822266e+00
2.168600559234619141e+00
2.291221857070922852e+00
2.211590051651000977e+00
2.240084886550903320e+00
2.218572378158569336e+00
2.220530986785888672e+00
2.279231548309326172e+00
2.149346351623535156e+00
2.221007108688354492e+00
2.251732826232910156e+00
2.077656507492065430e+00
2.260240793228149414e+00
2.222116470336914062e+00
2.192101240158081055e+00
2.255434274673461914e+00
2.165379762649536133e+00
2.232711315155029297e+00
2.172184467315673828e+00
2.301410198211669922e+00
2.259089946746826172e+00
2.209276199340820312e+00
2.242099761962890625e+00
1.401341128349304199e+01
2.216826200485229492e+00
2.307025671005249023e+00
2.338587284088134766e+00
2.232779979705810547e+00
2.202850580215454102e+00
2.229893684387207031e+00
2.213958024978637695e+00
2.195901870727539062e+00
2.318368196487426758e+00
2.322193145751953125e+00
2.260419368743896484e+00
2.293456077575683594e+00
2.357746601104736328e+00
2.228010177612304688e+00
2.247655868530273438e+00
2.256905794143676758e+00
2.369555950164794922e+00
2.212447166442871094e+00
2.264377832412719727e+00
2.198968648910522461e+00
2.247337102890014648e+00
2.240956783294677734e+00
2.266448259353637695e+00
2.250257968902587891e+00
2.276146173477172852e+00
2.324585676193237305e+00
2.299862384796142578e+00
2.254576921463012695e+00
2.340950012207031250e+00
2.290081024169921875e+00
2.279697418212890625e+00
2.203214168548583984e+00
2.233777284622192383e+00
2.199765205383300781e+00
2.122207164764404297e+00
2.118317842483520508e+00
2.227259159088134766e+00
2.238550186157226562e+00
2.217305660247802734e+00
2.311499834060668945e+00
2.280381202697753906e+00
2.171586513519287109e+00
2.225162982940673828e+00
2.268032073974609375e+00
2.360099554061889648e+00
2.231836557388305664e+00
2.238938331604003906e+00
2.316756486892700195e+00
2.215421676635742188e+00
2.358538627624511719e+00
2.252249717712402344e+00
2.185858726501464844e+00
2.208894014358520508e+00
2.351876735687255859e+00
2.262963056564331055e+00
2.307383537292480469e+00
2.151192903518676758e+00
2.145214319229125977e+00
2.274942159652709961e+00
2.073158502578735352e+00
2.143296480178833008e+00
2.235785245895385742e+00
2.291624307632446289e+00
2.208459377288818359e+00
2.258044004440307617e+00
2.262302160263061523e+00
2.167804479598999023e+00
2.222619533538818359e+00
2.239857673645019531e+00
2.361894369125366211e+00
2.294193744659423828e+00
2.338654041290283203e+00
2.308988809585571289e+00
2.352399110794067383e+00
2.233492612838745117e+00
2.383603572845458984e+00
2.179619312286376953e+00
2.271915435791015625e+00
2.190348863601684570e+00
2.265015125274658203e+00
2.318705797195434570e+00
2.255825757980346680e+00
2.213040590286254883e+00
2.223928213119506836e+00
2.295583009719848633e+00
2.206631660461425781e+00
2.337532997131347656e+00
2.312647581100463867e+00
2.257652521133422852e+00
2.251085281372070312e+00
2.334410667419433594e+00
2.352765798568725586e+00
2.414175987243652344e+00
2.321434020996093750e+00
2.340741395950317383e+00
2.185797452926635742e+00
2.234440565109252930e+00
2.353975296020507812e+00
2.242441892623901367e+00
1.428920102119445801e+01
2.318434476852416992e+00
2.265579700469970703e+00
2.327078342437744141e+00
2.146470785140991211e+00
2.229394912719726562e+00
2.241413593292236328e+00
2.263259410858154297e+00
2.182334423065185547e+00
2.300963163375854492e+00
2.157176971435546875e+00
2.196216106414794922e+00
2.246419429779052734e+00
2.395071029663085938e+00
2.277229547500610352e+00
2.191643476486206055e+00
2.214199542999267578e+00
2.249098777770996094e+00
2.200368165969848633e+00
2.291236162185668945e+00
2.231844663619995117e+00
2.251677513122558594e+00
2.224158048629760742e+00
2.154989004135131836e+00
2.297686338424682617e+00
2.181084871292114258e+00
2.340410470962524414e+00
2.248872995376586914e+00
2.285064458847045898e+00
2.286369562149047852e+00
2.341778755187988281e+00
2.347708463668823242e+00
2.314735174179077148e+00
2.249361038208007812e+00
2.115762948989868164e+00
2.293648481369018555e+00
2.352176666259765625e+00
2.331063032150268555e+00
2.267903089523315430e+00
2.184901952743530273e+00
2.240297079086303711e+00
2.379959106445312500e+00
2.167286872863769531e+00
2.212837696075439453e+00
2.253265857696533203e+00
2.349702596664428711e+00
2.330967664718627930e+00
2.216341495513916016e+00
2.239803314208984375e+00
2.241155385971069336e+00
2.356981515884399414e+00
2.217217206954956055e+00
2.106137275695800781e+00
2.355604887008666992e+00
2.263072967529296875e+00
2.267079114913940430e+00
2.313247680664062500e+00
2.270445823669433594e+00
2.204637289047241211e+00
2.333794593811035156e+00
2.154263019561767578e+00
2.262001276016235352e+00
2.204136371612548828e+00
2.369102716445922852e+00
2.298208236694335938e+00
2.239230155944824219e+00
2.416446208953857422e+00
2.145411491394042969e+00
2.229238748550415039e+00
2.278629302978515625e+00
2.416556835174560547e+00
2.253831148147583008e+00
2.369279384613037109e+00
2.198200941085815430e+00
2.189589262008666992e+00
2.356679201126098633e+00
2.059655189514160156e+00
2.230787754058837891e+00
2.377493143081665039e+00
2.287503957748413086e+00
2.259424924850463867e+00
2.328147411346435547e+00
2.310678005218505859e+00
2.149924755096435547e+00
2.251410484313964844e+00
2.148058414459228516e+00
2.252097845077514648e+00
2.282463788986206055e+00
2.180443286895751953e+00
2.413059234619140625e+00
2.080105781555175781e+00
2.312329292297363281e+00
2.237310886383056641e+00
2.350606918334960938e+00
2.388946771621704102e+00
2.104856967926025391e+00
2.289094209671020508e+00
2.280532360076904297e+00
2.340572118759155273e+00
2.369717359542846680e+00
1.414979648590087891e+01
2.322393417358398438e+00
2.197688817977905273e+00
2.256650447845458984e+00
2.338618755340576172e+00
2.247187137603759766e+00
2.238879442214965820e+00
2.261324405670166016e+00
2.204875469207763672e+00
2.161228179931640625e+00
2.061177492141723633e+00
2.249609470367431641e+00
2.425919294357299805e+00
2.285612583160400391e+00
2.241314888000488281e+00
2.237059354782104492e+00
2.265674352645874023e+00
2.333055496215820312e+00
2.245943307876586914e+00
2.294461727142333984e+00
2.228537082672119141e+00
2.178011655807495117e+00
2.217404603958129883e+00
2.323531866073608398e+00
2.340423583984375000e+00
2.184802770614624023e+00
2.358534097671508789e+00
2.227430582046508789e+00
2.260406970977783203e+00
2.270159244537353516e+00
2.223827123641967773e+00
2.193325996398925781e+00
2.270584344863891602e+00
2.265162706375122070e+00
2.299162626266479492e+00
2.215863466262817383e+00
2.198061466217041016e+00
2.142545700073242188e+00
2.194849252700805664e+00
2.320534229278564453e+00
2.249723672866821289e+00
2.184721469879150391e+00
2.215154170989990234e+00
2.282737731933593750e+00
2.116788864135742188e+00
2.242871522903442383e+00
2.362043619155883789e+00
2.315573215484619141e+00
2.268771886825561523e+00
2.107383012771606445e+00
2.286362648010253906e+00
2.372246265411376953e+00
2.307267904281616211e+00
2.096109628677368164e+00
2.311829566955566406e+00
2.369504690170288086e+00
2.204194068908691406e+00
2.211532831192016602e+00
2.336314201354980469e+00
2.362070560455322266e+00
2.302186489105224609e+00
2.238471269607543945e+00
2.131228685379028320e+00
2.196634769439697266e+00
2.220652818679809570e+00
2.224930524826049805e+00
2.179885864257812500e+00
2.280725240707397461e+00
2.300206661224365234e+00
2.263478994369506836e+00
2.153746843338012695e+00
2.375887155532836914e+00
2.208028793334960938e+00
2.300145864486694336e+00
2.282885551452636719e+00
2.213111162185668945e+00
2.306757450103759766e+00
2.206205368041992188e+00
2.127084255218505859e+00
2.324863195419311523e+00
2.123145580291748047e+00
2.274132490158081055e+00
2.338168144226074219e+00
2.300352096557617188e+00
2.222785949707031250e+00
2.379806756973266602e+00
2.238989591598510742e+00
2.228194952011108398e+00
2.264977931976318359e+00
2.240699052810668945e+00
2.282587051391601562e+00
2.052812576293945312e+00
2.380929708480834961e+00
2.238851785659790039e+00
2.226015567779541016e+00
2.164577245712280273e+00
2.351736307144165039e+00
2.245932579040527344e+00
2.268910169601440430e+00
2.098305463790893555e+00
1.406958985328674316e+01
2.258601903915405273e+00
2.248535156250000000e+00
2.246625423431396484e+00
2.233631610870361328e+00
2.318171977996826172e+00
2.259793519973754883e+00
2.153795480728149414e+00
2.400526046752929688e+00
2.280855417251586914e+00
2.288419008255004883e+00
2.189177513122558594e+00
2.244569778442382812e+00
2.316071987152099609e+00
2.314458131790161133e+00
2.063335180282592773e+00
2.280571222305297852e+00
2.136965513229370117e+00
2.368872404098510742e+00
2.451295137405395508e+00
2.331226587295532227e+00
2.285325765609741211e+00
2.400485992431640625e+00
2.268066406250000000e+00
2.275688886642456055e+00
2.245808362960815430e+00
2.273991584777832031e+00
2.354009866714477539e+00
2.195237874984741211e+00
2.288329601287841797e+00
2.298493862152099609e+00
2.207397699356079102e+00
2.327419757843017578e+00
2.104059934616088867e+00
2.286485195159912109e+00
2.257923126220703125e+00
2.332060813903808594e+00
2.244405031204223633e+00
2.279751539230346680e+00
2.330101013183593750e+00
2.189618349075317383e+00
2.235967159271240234e+00
2.110248088836669922e+00
2.216294765472412109e+00
2.287604331970214844e+00
2.255963802337646484e+00
2.243922472000122070e+00
2.125948667526245117e+00
2.159509420394897461e+00
2.282562017440795898e+00
2.156171560287475586e+00
2.310632467269897461e+00
2.334906339645385742e+00
2.271350860595703125e+00
2.298527240753173828e+00
2.151271104812622070e+00
2.261019229888916016e+00
2.254853010177612305e+00
2.047520637512207031e+00
2.228563547134399414e+00
2.274051666259765625e+00
2.257072210311889648e+00
2.254952192306518555e+00
2.262763977050781250e+00
2.323621988296508789e+00
2.278598308563232422e+00
2.197993516921997070e+00
2.284015893936157227e+00
2.202570438385009766e+00
2.308066129684448242e+00
2.272101640701293945e+00
2.248594760894775391e+00
2.277617931365966797e+00
2.220770120620727539e+00
2.267867088317871094e+00
2.171818256378173828e+00
2.409333705902099609e+00
2.260937690734863281e+00
2.298989057540893555e+00
2.054501533508300781e+00
2.252239227294921875e+00
2.245324611663818359e+00
2.159291982650756836e+00
2.275817871093750000e+00
2.227792501449584961e+00
2.216187477111816406e+00
2.282980442047119141e+00
2.210539579391479492e+00
2.283502817153930664e+00
2.122804641723632812e+00
2.251745939254760742e+00
2.299898147583007812e+00
2.261985063552856445e+00
2.253852844238281250e+00
2.105509042739868164e+00
2.228754758834838867e+00
2.337359189987182617e+00
2.352352857589721680e+00
2.257679939270019531e+00
2.133505582809448242e+00
1.534807109832763672e+01
2.369833230972290039e+00
2.170426607131958008e+00
2.257055521011352539e+00
2.331139326095581055e+00
2.289430856704711914e+00
2.135903596878051758e+00
2.296861410140991211e+00
2.323042392730712891e+00
2.313928365707397461e+00
2.309645175933837891e+00
2.343489170074462891e+00
2.305720567703247070e+00
2.262324333190917969e+00
2.185536146163940430e+00
2.380759000778198242e+00
2.393041610717773438e+00
2.310748100280761719e+00
2.263964891433715820e+00
2.355108261108398438e+00
2.312501668930053711e+00
2.250613927841186523e+00
2.215777397155761719e+00
2.333841085433959961e+00
2.238269805908203125e+00
2.251235485076904297e+00
2.207496643066406250e+00
2.359312057495117188e+00
2.289867639541625977e+00
2.210517168045043945e+00
2.309696197509765625e+00
2.228115797042846680e+00
2.293383121490478516e+00
2.180720806121826172e+00
2.247527599334716797e+00
2.304967403411865234e+00
2.242383003234863281e+00
2.289310216903686523e+00
2.263296842575073242e+00
2.322916746139526367e+00
2.231316566467285156e+00
2.327957391738891602e+00
2.258965730667114258e+00
2.211271762847900391e+00
2.161932706832885742e+00
2.401425838470458984e+00
2.199826240539550781e+00
2.310036420822143555e+00
2.322976589202880859e+00
2.307507276535034180e+00
2.269767045974731445e+00
2.345573663711547852e+00
2.314655780792236328e+00
2.308207988739013672e+00
2.250432014465332031e+00
2.301376342773437500e+00
2.382454395294189453e+00
2.282405853271484375e+00
2.228204011917114258e+00
2.303864240646362305e+00
2.216936111450195312e+00
2.280762434005737305e+00
2.326852798461914062e+00
2.309825897216796875e+00
2.210808515548706055e+00
2.108325719833374023e+00
2.276343345642089844e+00
2.354431390762329102e+00
2.242398500442504883e+00
2.275515794754028320e+00
2.174101829528808594e+00
2.286642313003540039e+00
2.111845493316650391e+00
2.246948957443237305e+00
2.207694530487060547e+00
2.090536832809448242e+00
2.214002609252929688e+00
2.358099460601806641e+00
2.109869241714477539e+00
2.314144849777221680e+00
2.294088125228881836e+00
2.322347640991210938e+00
2.195333719253540039e+00
2.215495824813842773e+00
2.270885944366455078e+00
2.161153316497802734e+00
2.140208721160888672e+00
2.220921993255615234e+00
2.293395757675170898e+00
2.191678524017333984e+00
2.204942464828491211e+00
2.153524875640869141e+00
2.356841325759887695e+00
2.231353759765625000e+00
2.364641427993774414e+00
2.371407747268676758e+00
2.165262937545776367e+00
2.267842769622802734e+00
2.285331249237060547e+00
2.345381259918212891e+00
1.438907122611999512e+01
2.225317478179931641e+00
2.305606126785278320e+00
2.344529867172241211e+00
2.265987396240234375e+00
2.330855369567871094e+00
2.219656944274902344e+00
2.273978471755981445e+00
2.364497423171997070e+00
2.228419542312622070e+00
2.227955579757690430e+00
2.221759080886840820e+00
2.298240900039672852e+00
2.254666566848754883e+00
2.207430601119995117e+00
2.308689832687377930e+00
2.290604352951049805e+00
2.339220762252807617e+00
2.248687505722045898e+00
2.312189102172851562e+00
2.132268428802490234e+00
2.173990011215209961e+00
2.248697757720947266e+00
2.211241006851196289e+00
2.058228731155395508e+00
2.338583946228027344e+00
2.180770397186279297e+00
2.386660575866699219e+00
2.266124725341796875e+00
2.306404829025268555e+00
2.212393045425415039e+00
2.390872478485107422e+00
2.231330156326293945e+00
2.261036157608032227e+00
2.116563320159912109e+00
2.258795261383056641e+00
2.301024198532104492e+00
2.336557388305664062e+00
2.259074449539184570e+00
2.273598432540893555e+00
2.268277883529663086e+00
2.138520956039428711e+00
2.334930896759033203e+00
2.247803926467895508e+00
2.262257099151611328e+00
2.195542812347412109e+00
2.334214210510253906e+00
2.317773342132568359e+00
2.320031881332397461e+00
2.339531898498535156e+00
2.212317466735839844e+00
2.089199066162109375e+00
2.210386276245117188e+00
2.230574607849121094e+00
2.410071134567260742e+00
2.367347002029418945e+00
2.187799930572509766e+00
2.238977193832397461e+00
2.348851919174194336e+00
2.289244413375854492e+00
2.392352581024169922e+00
2.227778673171997070e+00
2.339995622634887695e+00
2.372703552246093750e+00
2.182500600814819336e+00
2.198019027709960938e+00
2.124880552291870117e+00
2.217914819717407227e+00
2.290919065475463867e+00
2.249477863311767578e+00
2.403723239898681641e+00
2.309406280517578125e+00
2.320554971694946289e+00
2.232178926467895508e+00
2.212609767913818359e+00
2.290745973587036133e+00
2.296951055526733398e+00
2.135747909545898438e+00
2.267629861831665039e+00
2.293275594711303711e+00
2.349558115005493164e+00
2.124316215515136719e+00
2.340752363204956055e+00
2.274143934249877930e+00
2.332137107849121094e+00
2.192550897598266602e+00
2.310660123825073242e+00
2.346150636672973633e+00
2.164001464843750000e+00
2.193892240524291992e+00
2.229615211486816406e+00
2.203890085220336914e+00
2.358041048049926758e+00
2.271591663360595703e+00
2.352917671203613281e+00
2.277281999588012695e+00
2.376430749893188477e+00
2.262381792068481445e+00
2.213860034942626953e+00
2.340348482131958008e+00
1.420678973197937012e+01
2.290084362030029297e+00
2.160261869430541992e+00
2.296658754348754883e+00
2.357784032821655273e+00
2.285463809967041016e+00
2.307552576065063477e+00
2.366729497909545898e+00
2.147814512252807617e+00
2.234005928039550781e+00
2.369289398193359375e+00
2.223119497299194336e+00
2.262223482131958008e+00
2.319419145584106445e+00
2.249691963195800781e+00
2.342842578887939453e+00
2.211910486221313477e+00
2.296529769897460938e+00
2.162174463272094727e+00
2.330475091934204102e+00
2.301438093185424805e+00
2.162843465805053711e+00
2.237535715103149414e+00
2.381096363067626953e+00
2.358407974243164062e+00
2.251167297363281250e+00
2.174155473709106445e+00
2.351030826568603516e+00
2.202554702758789062e+00
2.298166513442993164e+00
2.418869733810424805e+00
2.253841876983642578e+00
2.200547695159912109e+00
2.171653985977172852e+00
2.258491992950439453e+00
2.122779130935668945e+00
2.182626008987426758e+00
2.211676120758056641e+00
2.212092161178588867e+00
2.233169078826904297e+00
2.223779201507568359e+00
2.091310977935791016e+00
2.195225715637207031e+00
2.284613370895385742e+00
2.166707992553710938e+00
2.329542160034179688e+00
2.400299072265625000e+00
2.183003187179565430e+00
2.292350769042968750e+00
2.264631032943725586e+00
2.307157039642333984e+00
2.160544872283935547e+00
2.221548318862915039e+00
2.286982774734497070e+00
2.330010652542114258e+00
2.238094568252563477e+00
2.181116104125976562e+00
2.277427434921264648e+00
2.302827358245849609e+00
2.333028793334960938e+00
2.388537168502807617e+00
2.283112287521362305e+00
2.379754066467285156e+00
2.350936412811279297e+00
2.201821327209472656e+00
2.304527282714843750e+00
2.220466613769531250e+00
2.331879377365112305e+00
2.234359264373779297e+00
2.254890203475952148e+00
2.272364616394042969e+00
2.229876518249511719e+00
2.204843044281005859e+00
2.129127264022827148e+00
2.224229097366333008e+00
2.185669183731079102e+00
2.072788000106811523e+00
2.235965967178344727e+00
2.185282707214355469e+00
2.253220319747924805e+00
2.257629632949829102e+00
2.098287343978881836e+00
2.141628742218017578e+00
2.104207038879394531e+00
2.233827590942382812e+00
2.261268615722656250e+00
2.219005584716796875e+00
2.272363185882568359e+00
2.249589920043945312e+00
2.259472846984863281e+00
2.221085548400878906e+00
2.158406019210815430e+00
2.234353542327880859e+00
2.205812454223632812e+00
2.236771583557128906e+00
2.154967546463012695e+00
2.198106050491333008e+00
2.271781921386718750e+00
2.311060905456542969e+00
2.240681886672973633e+00
1.560879778861999512e+01
2.304455041885375977e+00
2.176038503646850586e+00
2.290591716766357422e+00
2.175756692886352539e+00
2.241425275802612305e+00
2.204025268554687500e+00
2.277199268341064453e+00
2.195500135421752930e+00
2.102008342742919922e+00
2.144805431365966797e+00
2.115599632263183594e+00
2.189602613449096680e+00
2.217953205108642578e+00
2.244709014892578125e+00
2.070166826248168945e+00
2.092754125595092773e+00
2.286268472671508789e+00
2.262982368469238281e+00
2.170191526412963867e+00
2.235280036926269531e+00
2.257860422134399414e+00
2.210735797882080078e+00
2.091852426528930664e+00
2.225466966629028320e+00
2.169337987899780273e+00
2.258733510971069336e+00
2.193589210510253906e+00
2.201818943023681641e+00
2.186743497848510742e+00
2.137921571731567383e+00
2.269476652145385742e+00
2.183245897293090820e+00
2.177711725234985352e+00
2.211131334304809570e+00
2.163754463195800781e+00
2.200524806976318359e+00
2.242002010345458984e+00
2.344269037246704102e+00
2.091812610626220703e+00
2.119771480560302734e+00
2.184794664382934570e+00
2.247180700302124023e+00
2.188326358795166016e+00
2.045782566070556641e+00
2.208695411682128906e+00
2.298096656799316406e+00
2.233946323394775391e+00
2.315064907073974609e+00
2.231467723846435547e+00
2.183259963989257812e+00
2.122629404067993164e+00
2.161295652389526367e+00
2.275038719177246094e+00
2.266113042831420898e+00
2.196568012237548828e+00
2.169997692108154297e+00
2.209196329116821289e+00
2.220944166183471680e+00
2.304499149322509766e+00
2.244252204895019531e+00
2.343108415603637695e+00
2.320315122604370117e+00
2.262828111648559570e+00
2.239080905914306641e+00
2.195646047592163086e+00
2.210046529769897461e+00
2.205981969833374023e+00
2.211796045303344727e+00
2.293698072433471680e+00
2.214217662811279297e+00
2.109657764434814453e+00
2.217602252960205078e+00
2.241225481033325195e+00
2.220977067947387695e+00
2.262676954269409180e+00
2.219639062881469727e+00
2.340192556381225586e+00
2.258633613586425781e+00
2.362995862960815430e+00
2.244265794754028320e+00
2.321689844131469727e+00
2.280739307403564453e+00
2.228991270065307617e+00
2.276282310485839844e+00
2.277709007263183594e+00
2.226728439331054688e+00
2.163869380950927734e+00
2.251075506210327148e+00
2.051577329635620117e+00
2.236478805541992188e+00
2.214375734329223633e+00
2.116083145141601562e+00
2.248016834259033203e+00
2.210853099822998047e+00
2.160278320312500000e+00
2.240421056747436523e+00
2.188272953033447266e+00
2.288053274154663086e+00
2.151681661605834961e+00
1.587084770202636719e+01
2.190102815628051758e+00
2.187146425247192383e+00
2.231775283813476562e+00
2.455700874328613281e+00
2.159540891647338867e+00
2.211308717727661133e+00
2.289840221405029297e+00
2.177009344100952148e+00
2.276334285736083984e+00
2.258643627166748047e+00
2.329810619354248047e+00
2.233297109603881836e+00
2.232045173645019531e+00
2.183948516845703125e+00
2.202589035034179688e+00
2.317683935165405273e+00
2.184293031692504883e+00
2.244395017623901367e+00
2.262426853179931641e+00
2.034343481063842773e+00
2.255762815475463867e+00
2.196574211120605469e+00
2.095532417297363281e+00
2.249724149703979492e+00
2.213410854339599609e+00
2.228478908538818359e+00
2.230442047119140625e+00
2.100420713424682617e+00
2.146350622177124023e+00
2.118565559387207031e+00
2.152828931808471680e+00
2.187396287918090820e+00
2.245517492294311523e+00
2.237108945846557617e+00
2.247649669647216797e+00
2.204845666885375977e+00
2.069192886352539062e+00
2.226989507675170898e+00
2.069380760192871094e+00
2.178092479705810547e+00
2.217979907989501953e+00
2.251257181167602539e+00
2.262764692306518555e+00
2.299420356750488281e+00
2.189495563507080078e+00
2.206571102142333984e+00
2.205092906951904297e+00
2.270018815994262695e+00
2.329543590545654297e+00
2.153399229049682617e+00
2.189943790435791016e+00
2.242351531982421875e+00
2.257064342498779297e+00
2.243530988693237305e+00
2.123707294464111328e+00
2.246274948120117188e+00
2.205368041992187500e+00
2.226141452789306641e+00
2.074373722076416016e+00
2.137584686279296875e+00
2.272664070129394531e+00
2.270290613174438477e+00
2.316227436065673828e+00
2.127683877944946289e+00
2.207562923431396484e+00
2.162921190261840820e+00
2.431313753128051758e+00
2.074155807495117188e+00
2.257369279861450195e+00
2.232853651046752930e+00
2.332605361938476562e+00
2.348539113998413086e+00
2.133543252944946289e+00
2.122460603713989258e+00
2.320854187011718750e+00
2.299074649810791016e+00
2.288393974304199219e+00
2.226169824600219727e+00
2.293848037719726562e+00
2.289598703384399414e+00
2.238363981246948242e+00
2.211928844451904297e+00
2.209458589553833008e+00
2.282232999801635742e+00
2.189379930496215820e+00
2.247476339340209961e+00
2.154807329177856445e+00
2.089095592498779297e+00
2.253558158874511719e+00
2.185315132141113281e+00
2.190511465072631836e+00
2.161561250686645508e+00
2.174910306930541992e+00
2.282879114151000977e+00
2.279076576232910156e+00
2.122432231903076172e+00
2.241581201553344727e+00
2.222407579421997070e+00
2.149224758148193359e+00
1.654562449455261230e+01
2.299343585968017578e+00
2.164808273315429688e+00
2.306286096572875977e+00
2.217401027679443359e+00
2.285434722900390625e+00
2.218438148498535156e+00
2.136756420135498047e+00
2.105829000473022461e+00
2.257730245590209961e+00
2.120903253555297852e+00
2.220275163650512695e+00
2.028508186340332031e+00
2.336220026016235352e+00
2.129712343215942383e+00
2.119483232498168945e+00
2.211918354034423828e+00
2.175466299057006836e+00
2.124085426330566406e+00
2.151060581207275391e+00
2.127072334289550781e+00
2.267784833908081055e+00
2.179742097854614258e+00
2.229160070419311523e+00
2.304386377334594727e+00
2.285561323165893555e+00
2.331155061721801758e+00
2.188398838043212891e+00
2.290418386459350586e+00
2.193245410919189453e+00
2.021283149719238281e+00
2.169911861419677734e+00
2.063281297683715820e+00
2.119256973266601562e+00
2.083791494369506836e+00
2.108129978179931641e+00
2.230990886688232422e+00
2.273622274398803711e+00
2.266212701797485352e+00
2.152381658554077148e+00
2.268949508666992188e+00
2.249929428100585938e+00
2.260397672653198242e+00
2.267926454544067383e+00
2.228642702102661133e+00
2.341498613357543945e+00
2.337761878967285156e+00
2.199739694595336914e+00
2.275241851806640625e+00
2.291450023651123047e+00
2.239229917526245117e+00
2.382240533828735352e+00
2.135411977767944336e+00
2.162131071090698242e+00
2.201211929321289062e+00
2.203776121139526367e+00
2.166781902313232422e+00
2.301946163177490234e+00
2.264406204223632812e+00
2.182335853576660156e+00
2.200371265411376953e+00
2.126462936401367188e+00
2.229088068008422852e+00
2.256911993026733398e+00
2.156455516815185547e+00
2.234541893005371094e+00
2.340683698654174805e+00
2.515587806701660156e+00
2.275629520416259766e+00
2.214091062545776367e+00
2.340545654296875000e+00
2.243425369262695312e+00
2.140046834945678711e+00
2.269916057586669922e+00
2.174985885620117188e+00
2.222958803176879883e+00
2.377939224243164062e+00
2.336066007614135742e+00
2.241539716720581055e+00
2.555919170379638672e+00
2.731485605239868164e+00
2.641359567642211914e+00
2.632796287536621094e+00
2.541823387145996094e+00
2.440649032592773438e+00
2.671625375747680664e+00
2.601826667785644531e+00
2.710341453552246094e+00
2.460531711578369141e+00
2.437361955642700195e+00
2.498423576354980469e+00
2.638065338134765625e+00
2.705671072006225586e+00
2.652010202407836914e+00
2.605207204818725586e+00
2.863918781280517578e+00
2.888996362686157227e+00
2.748224735260009766e+00
2.840707778930664062e+00
2.983570098876953125e+00
1.715633296966552734e+01
2.852484941482543945e+00
2.856838703155517578e+00
2.834829807281494141e+00
2.897632837295532227e+00
2.693159818649291992e+00
2.635259389877319336e+00
2.577598810195922852e+00
2.717718362808227539e+00
2.719991207122802734e+00
2.687687397003173828e+00
2.721755027770996094e+00
2.511453390121459961e+00
2.551086187362670898e+00
2.621891736984252930e+00
2.719833612442016602e+00
2.599791526794433594e+00
2.637349843978881836e+00
2.492078542709350586e+00
2.740399122238159180e+00
2.655580520629882812e+00
2.650050163269042969e+00
2.653953075408935547e+00
2.621819496154785156e+00
2.733939170837402344e+00
2.832746505737304688e+00
2.457949161529541016e+00
2.746985673904418945e+00
2.623846292495727539e+00
2.641487360000610352e+00
2.847332954406738281e+00
2.757674455642700195e+00
2.695560693740844727e+00
2.626770734786987305e+00
2.737753868103027344e+00
2.603831291198730469e+00
2.673512697219848633e+00
2.591219663619995117e+00
2.763365507125854492e+00
2.642385721206665039e+00
2.739474773406982422e+00
2.904508590698242188e+00
2.802215099334716797e+00
2.889905452728271484e+00
2.915046215057373047e+00
2.878815174102783203e+00
2.602225780487060547e+00
2.725365877151489258e+00
2.618189334869384766e+00
2.652832269668579102e+00
2.640321016311645508e+00
2.901467561721801758e+00
2.853659152984619141e+00
2.887569427490234375e+00
2.799123287200927734e+00
2.778776884078979492e+00
2.847674369812011719e+00
2.780328512191772461e+00
2.631663084030151367e+00
2.765758514404296875e+00
2.638266324996948242e+00
2.700563669204711914e+00
2.739263296127319336e+00
2.749203681945800781e+00
2.765392541885375977e+00
2.706779241561889648e+00
2.707496404647827148e+00
2.731583833694458008e+00
2.674475193023681641e+00
2.767108440399169922e+00
2.773574352264404297e+00
2.911715507507324219e+00
2.857894659042358398e+00
2.654372692108154297e+00
2.727915287017822266e+00
2.737213850021362305e+00
2.999426364898681641e+00
2.723929405212402344e+00
2.736116170883178711e+00
2.672366857528686523e+00
2.709209918975830078e+00
2.764481544494628906e+00
2.773954629898071289e+00
2.694612741470336914e+00
2.766765356063842773e+00
2.641334056854248047e+00
2.708974361419677734e+00
2.740965127944946289e+00
2.731268882751464844e+00
2.825676918029785156e+00
2.842203617095947266e+00
2.760346174240112305e+00
3.104194402694702148e+00
2.822935342788696289e+00
2.819976329803466797e+00
3.030989885330200195e+00
2.681378364562988281e+00
2.773116111755371094e+00
2.754484891891479492e+00
2.809629678726196289e+00
1.674449062347412109e+01
2.638268470764160156e+00
2.670152902603149414e+00
2.865115880966186523e+00
2.828204631805419922e+00
2.929620504379272461e+00
2.661362409591674805e+00
2.787418603897094727e+00
2.837719202041625977e+00
2.727429628372192383e+00
2.811245679855346680e+00
2.821606636047363281e+00
2.800941467285156250e+00
2.766083955764770508e+00
2.944994688034057617e+00
2.732179880142211914e+00
2.802577495574951172e+00
2.693207740783691406e+00
2.685121297836303711e+00
2.706826210021972656e+00
2.833464145660400391e+00
2.745906591415405273e+00
2.813034534454345703e+00
2.681258678436279297e+00
2.613796472549438477e+00
2.777814149856567383e+00
2.802727937698364258e+00
2.706080198287963867e+00
2.743449687957763672e+00
2.712910175323486328e+00
2.905893802642822266e+00
2.726555109024047852e+00
2.797161579132080078e+00
3.470501184463500977e+00
2.821168422698974609e+00
2.707688570022583008e+00
2.798467397689819336e+00
2.803225040435791016e+00
2.673674106597900391e+00
2.635177850723266602e+00
2.758964776992797852e+00
2.815236330032348633e+00
2.766686439514160156e+00
2.743824481964111328e+00
2.810334682464599609e+00
2.807603597640991211e+00
2.730152130126953125e+00
2.799443006515502930e+00
2.766362905502319336e+00
2.852517843246459961e+00
2.899533987045288086e+00
2.570741891860961914e+00
2.758030652999877930e+00
3.345198631286621094e+00
2.602173089981079102e+00
2.670349597930908203e+00
2.653769016265869141e+00
2.485054969787597656e+00
2.747167587280273438e+00
2.589623689651489258e+00
2.688502311706542969e+00
2.597215890884399414e+00
2.794140100479125977e+00
2.575459957122802734e+00
2.601543188095092773e+00
2.658405303955078125e+00
2.672659873962402344e+00
2.658753395080566406e+00
2.757333993911743164e+00
3.119493722915649414e+00
2.281674623489379883e+00
2.179576635360717773e+00
2.297795057296752930e+00
2.274394512176513672e+00
2.138987064361572266e+00
2.104496240615844727e+00
2.170464754104614258e+00
2.226139307022094727e+00
2.238944768905639648e+00
2.118630647659301758e+00
2.230338573455810547e+00
2.080135583877563477e+00
2.185059309005737305e+00
2.163810729980468750e+00
2.216057538986206055e+00
2.210688114166259766e+00
2.259629726409912109e+00
2.169584989547729492e+00
2.223820209503173828e+00
2.278349399566650391e+00
2.329174280166625977e+00
2.209079027175903320e+00
2.287120103836059570e+00
2.206887245178222656e+00
2.191232681274414062e+00
2.120924949645996094e+00
2.195840358734130859e+00
2.233644008636474609e+00
2.235104322433471680e+00
2.207732915878295898e+00
1.589854288101196289e+01
2.264260053634643555e+00
2.234332799911499023e+00
2.180401086807250977e+00
2.224669456481933594e+00
2.212681770324707031e+00
2.353222370147705078e+00
2.277524232864379883e+00
2.156211853027343750e+00
2.130629301071166992e+00
2.222619295120239258e+00
2.249428272247314453e+00
2.234482526779174805e+00
2.248367786407470703e+00
2.139478683471679688e+00
2.297976255416870117e+00
2.267030477523803711e+00
2.148778915405273438e+00
2.253133058547973633e+00
2.262463569641113281e+00
2.312410831451416016e+00
2.283668041229248047e+00
2.051887989044189453e+00
2.242992877960205078e+00
2.083807706832885742e+00
2.133321285247802734e+00
2.216335058212280273e+00
2.084374189376831055e+00
2.087207555770874023e+00
2.040571928024291992e+00
2.203752040863037109e+00
2.249694108963012695e+00
2.167911529541015625e+00
2.270329475402832031e+00
2.256158590316772461e+00
2.182546138763427734e+00
2.079268932342529297e+00
2.053146123886108398e+00
2.124963998794555664e+00
2.219612836837768555e+00
2.126410007476806641e+00
