2.039381027221679688e+00
1.652093410491943359e+00
9.672105312347412109e-01
3.238396406173706055e+00
1.081802845001220703e+00
2.245123863220214844e+00
1.390321016311645508e+00
2.138511419296264648e+00
1.728201627731323242e+00
1.336667060852050781e+00
2.009008407592773438e+00
1.692304849624633789e+00
1.543918848037719727e+00
9.929268360137939453e-01
1.295941114425659180e+00
1.511683464050292969e+00
2.099792480468750000e+00
2.513581275939941406e+00
9.541661739349365234e-01
1.172159910202026367e+00
1.816809892654418945e+00
1.598910808563232422e+00
1.373821258544921875e+00
2.294251680374145508e+00
2.144317388534545898e+00
1.897427320480346680e+00
1.168626308441162109e+00
1.606199026107788086e+00
2.719388008117675781e+00
9.818077087402343750e-01
1.691632986068725586e+00
2.207479238510131836e+00
2.709632873535156250e+00
1.989606380462646484e+00
1.659659385681152344e+00
1.872270822525024414e+00
2.135612726211547852e+00
1.754525899887084961e+00
2.190891981124877930e+00
1.205615043640136719e+00
1.136046409606933594e+00
1.026089668273925781e+00
1.087842464447021484e+00
9.553251266479492188e-01
2.033769130706787109e+00
1.803794384002685547e+00
1.414997577667236328e+00
1.167083263397216797e+00
1.929602622985839844e+00
2.540521621704101562e+00
1.428470373153686523e+00
1.510717391967773438e+00
2.063949823379516602e+00
8.824064731597900391e-01
1.843875885009765625e+00
1.607967615127563477e+00
2.701080799102783203e+00
1.339841127395629883e+00
2.522832155227661133e+00
2.312010049819946289e+00
2.455100059509277344e+00
1.106873035430908203e+00
1.767738819122314453e+00
1.562415361404418945e+00
1.537687301635742188e+00
1.300716638565063477e+00
7.315843105316162109e-01
1.966234683990478516e+00
2.067501783370971680e+00
2.274880170822143555e+00
1.983238220214843750e+00
7.065920829772949219e-01
9.316608905792236328e-01
2.481565237045288086e+00
1.698627948760986328e+00
1.607640743255615234e+00
2.206336736679077148e+00
9.903094768524169922e-01
1.709328651428222656e+00
2.294519901275634766e+00
2.135823249816894531e+00
1.675848722457885742e+00
7.347021102905273438e-01
3.012965440750122070e+00
1.725647687911987305e+00
1.546389102935791016e+00
1.379635810852050781e+00
2.171191215515136719e+00
1.026629209518432617e+00
3.166182041168212891e+00
2.239516496658325195e+00
2.076537132263183594e+00
2.351464033126831055e+00
1.056571483612060547e+00
7.545385360717773438e-01
1.454967975616455078e+00
2.426239967346191406e+00
1.968088388442993164e+00
1.620126008987426758e+00
9.947547912597656250e-01
1.848417282104492188e+00
9.333558082580566406e-01
1.687443256378173828e+00
2.328326702117919922e+00
1.214841842651367188e+00
8.330242633819580078e-01
1.235115528106689453e+00
1.573099613189697266e+00
2.454808712005615234e+00
2.710591316223144531e+00
2.088587999343872070e+00
9.755725860595703125e-01
8.853888511657714844e-01
1.526624202728271484e+00
1.514455795288085938e+00
1.153190612792968750e+00
1.638803005218505859e+00
1.556283950805664062e+00
1.625506639480590820e+00
1.653653144836425781e+00
2.321270704269409180e+00
1.673526287078857422e+00
9.320094585418701172e-01
1.848903656005859375e+00
1.560569047927856445e+00
3.425618648529052734e+00
2.188034057617187500e+00
1.653120040893554688e+00
2.104215621948242188e+00
1.758934259414672852e+00
7.950005531311035156e-01
2.397625684738159180e+00
1.893620252609252930e+00
2.336579322814941406e+00
1.804351806640625000e+00
1.800008296966552734e+00
2.389133691787719727e+00
1.976039648056030273e+00
2.007859945297241211e+00
1.257945775985717773e+00
1.275510311126708984e+00
2.038982152938842773e+00
2.205361366271972656e+00
6.981170177459716797e-01
1.825417280197143555e+00
2.360528707504272461e+00
2.464524745941162109e+00
1.398544788360595703e+00
