3.117645978927612305e+00
3.041380167007446289e+00
3.934146642684936523e+00
3.530862569808959961e+00
3.894522428512573242e+00
3.817697048187255859e+00
4.439504146575927734e+00
3.918293237686157227e+00
4.155464172363281250e+00
4.177403450012207031e+00
3.928162574768066406e+00
4.300046920776367188e+00
3.975142002105712891e+00
3.904949665069580078e+00
4.933850765228271484e+00
3.731617927551269531e+00
3.932853221893310547e+00
3.912162542343139648e+00
3.959499835968017578e+00
3.813537836074829102e+00
3.965388774871826172e+00
3.709909200668334961e+00
3.546306133270263672e+00
3.318653106689453125e+00
3.176322937011718750e+00
2.865004062652587891e+00
3.795015096664428711e+00
3.186736583709716797e+00
2.871348381042480469e+00
3.165376424789428711e+00
3.053266763687133789e+00
3.527254581451416016e+00
2.740995407104492188e+00
3.271060228347778320e+00
3.054035186767578125e+00
3.065748214721679688e+00
2.638802051544189453e+00
2.661685228347778320e+00
3.006818294525146484e+00
2.893900871276855469e+00
2.689311265945434570e+00
2.935764789581298828e+00
2.705890655517578125e+00
2.909271717071533203e+00
3.093631029129028320e+00
2.557289123535156250e+00
3.053194046020507812e+00
2.629055738449096680e+00
2.660355567932128906e+00
3.053836822509765625e+00
3.077283620834350586e+00
2.807674407958984375e+00
2.771923542022705078e+00
2.742275714874267578e+00
2.741623401641845703e+00
2.942252159118652344e+00
2.947876930236816406e+00
2.635642290115356445e+00
2.784494876861572266e+00
2.782744407653808594e+00
2.686026573181152344e+00
2.603468418121337891e+00
2.913849830627441406e+00
2.755026102066040039e+00
2.537704944610595703e+00
2.955042839050292969e+00
2.719674110412597656e+00
2.833645343780517578e+00
2.645935535430908203e+00
2.486539840698242188e+00
2.578661441802978516e+00
2.782488107681274414e+00
2.553359031677246094e+00
2.451494455337524414e+00
2.514918804168701172e+00
2.727611303329467773e+00
2.516988515853881836e+00
2.787503957748413086e+00
2.797586441040039062e+00
2.850119829177856445e+00
2.754128694534301758e+00
2.720541000366210938e+00
2.739775419235229492e+00
2.674767971038818359e+00
2.830425262451171875e+00
2.663036823272705078e+00
2.952615261077880859e+00
2.799026966094970703e+00
2.662092208862304688e+00
2.614705085754394531e+00
2.729668617248535156e+00
2.787617206573486328e+00
2.705477237701416016e+00
3.002486228942871094e+00
2.920701503753662109e+00
2.527173519134521484e+00
2.783286571502685547e+00
2.595835208892822266e+00
2.922310590744018555e+00
2.768129587173461914e+00
2.720798492431640625e+00
2.874320030212402344e+00
2.977158069610595703e+00
2.800451040267944336e+00
2.711265087127685547e+00
2.805028915405273438e+00
2.749020099639892578e+00
2.718363046646118164e+00
2.842698574066162109e+00
2.934961557388305664e+00
3.011137008666992188e+00
2.678410053253173828e+00
2.689021587371826172e+00
2.740248203277587891e+00
2.640045881271362305e+00
2.317047357559204102e+00
2.747809410095214844e+00
2.645206689834594727e+00
2.913957118988037109e+00
2.759813070297241211e+00
2.746986150741577148e+00
2.911209344863891602e+00
2.749014854431152344e+00
2.643251419067382812e+00
2.644094228744506836e+00
3.032331466674804688e+00
2.984938144683837891e+00
2.950696945190429688e+00
2.751246929168701172e+00
3.085169792175292969e+00
2.982458114624023438e+00
2.857703447341918945e+00
2.928770065307617188e+00
2.588629007339477539e+00
3.036224126815795898e+00
2.972732543945312500e+00
3.028038024902343750e+00
2.691524028778076172e+00
3.299910783767700195e+00
2.886467218399047852e+00
2.835458517074584961e+00
2.629734516143798828e+00
2.662959098815917969e+00
2.654390811920166016e+00
2.909348964691162109e+00
2.881108045578002930e+00
2.707628726959228516e+00
2.793230533599853516e+00
