1.626150000000000000e+05
1.672540000000000000e+05
1.736990000000000000e+05
1.692400000000000000e+05
1.592140000000000000e+05
1.626450000000000000e+05
1.467660000000000000e+05
1.613070000000000000e+05
1.289500000000000000e+05
1.431990000000000000e+05
1.212550000000000000e+05
8.731700000000000000e+04
7.843300000000000000e+04
1.044680000000000000e+05
9.347900000000000000e+04
6.581100000000000000e+04
6.849800000000000000e+04
5.559000000000000000e+04
4.785100000000000000e+04
3.691300000000000000e+04
3.119800000000000000e+04
3.165500000000000000e+04
2.034000000000000000e+04
2.549500000000000000e+04
1.126900000000000000e+04
6.427000000000000000e+03
1.170900000000000000e+04
7.791000000000000000e+03
5.128000000000000000e+03
8.949000000000000000e+03
8.502000000000000000e+03
4.774000000000000000e+03
2.091000000000000000e+03
6.725000000000000000e+03
7.690000000000000000e+03
1.038500000000000000e+04
1.582000000000000000e+03
6.194000000000000000e+03
2.857000000000000000e+03
3.967000000000000000e+03
2.139000000000000000e+03
7.805000000000000000e+03
2.436000000000000000e+03
2.175000000000000000e+03
2.441000000000000000e+03
1.376000000000000000e+03
2.620000000000000000e+03
1.423000000000000000e+03
1.544000000000000000e+03
3.713000000000000000e+03
5.851000000000000000e+03
1.109000000000000000e+03
2.404000000000000000e+03
1.263000000000000000e+03
3.868000000000000000e+03
1.404000000000000000e+03
2.881000000000000000e+03
1.405000000000000000e+03
4.016000000000000000e+03
1.295000000000000000e+03
1.458000000000000000e+03
1.899000000000000000e+03
1.420000000000000000e+03
1.540000000000000000e+03
4.000000000000000000e+03
1.252000000000000000e+03
2.713000000000000000e+03
2.062000000000000000e+03
1.394000000000000000e+03
1.051000000000000000e+03
1.229000000000000000e+03
1.404000000000000000e+03
2.996000000000000000e+03
8.020000000000000000e+02
1.427000000000000000e+03
4.505000000000000000e+03
6.780000000000000000e+02
1.471000000000000000e+03
1.643000000000000000e+03
2.169000000000000000e+03
1.371000000000000000e+03
2.112000000000000000e+03
1.839000000000000000e+03
1.368000000000000000e+03
4.930000000000000000e+03
1.107000000000000000e+03
2.283000000000000000e+03
1.078000000000000000e+03
2.003000000000000000e+03
1.570000000000000000e+03
6.640000000000000000e+02
8.470000000000000000e+02
2.089000000000000000e+03
3.621000000000000000e+03
1.946000000000000000e+03
1.210000000000000000e+03
2.952000000000000000e+03
6.710000000000000000e+02
7.770000000000000000e+02
1.170000000000000000e+03
1.533000000000000000e+03
1.565000000000000000e+03
1.006000000000000000e+03
6.300000000000000000e+02
8.250000000000000000e+02
7.290000000000000000e+02
1.686000000000000000e+03
7.220000000000000000e+02
1.340000000000000000e+03
1.096000000000000000e+03
1.493000000000000000e+03
2.297000000000000000e+03
1.197000000000000000e+03
1.578000000000000000e+03
1.227000000000000000e+03
9.410000000000000000e+02
3.872000000000000000e+03
2.391000000000000000e+03
8.680000000000000000e+02
9.780000000000000000e+02
1.377000000000000000e+03
1.691000000000000000e+03
2.531000000000000000e+03
1.015000000000000000e+03
6.830000000000000000e+02
2.772000000000000000e+03
4.673000000000000000e+03
4.093000000000000000e+03
1.559000000000000000e+03
1.063000000000000000e+03
1.713000000000000000e+03
1.873000000000000000e+03
1.147000000000000000e+03
7.820000000000000000e+02
2.818000000000000000e+03
7.280000000000000000e+02
2.644000000000000000e+03
2.142500000000000000e+04
1.035000000000000000e+03
1.048000000000000000e+03
6.940000000000000000e+02
1.602000000000000000e+03
2.564000000000000000e+03
1.850000000000000000e+03
1.608000000000000000e+03
1.692000000000000000e+03
5.100000000000000000e+03
6.870000000000000000e+02
