1.590551376342773438e+01
1.519126391410827637e+01
1.656122946739196777e+01
1.673278498649597168e+01
1.522789311408996582e+01
1.467308068275451660e+01
1.541810846328735352e+01
1.582645201683044434e+01
1.536143803596496582e+01
1.538737535476684570e+01
1.475818371772766113e+01
1.468267893791198730e+01
1.436514759063720703e+01
1.615986251831054688e+01
1.664990234375000000e+01
1.491819047927856445e+01
1.518136143684387207e+01
1.499457859992980957e+01
1.462070369720458984e+01
1.469455289840698242e+01
1.552197742462158203e+01
1.502320098876953125e+01
1.518392515182495117e+01
1.505622220039367676e+01
1.420539307594299316e+01
1.428814935684204102e+01
1.454805731773376465e+01
1.476135087013244629e+01
1.479127860069274902e+01
1.520345878601074219e+01
1.387476086616516113e+01
1.457836604118347168e+01
1.418037152290344238e+01
1.415591120719909668e+01
1.352273297309875488e+01
1.481941509246826172e+01
1.391632723808288574e+01
1.444443321228027344e+01
1.377948284149169922e+01
1.460451722145080566e+01
1.420668649673461914e+01
1.449137187004089355e+01
1.318321204185485840e+01
1.454241347312927246e+01
1.444062733650207520e+01
1.447946667671203613e+01
1.416797280311584473e+01
1.471536636352539062e+01
1.391896367073059082e+01
1.322367501258850098e+01
1.427101612091064453e+01
1.461755394935607910e+01
1.428890538215637207e+01
1.373102378845214844e+01
1.396733260154724121e+01
1.426317906379699707e+01
1.410832095146179199e+01
1.451968097686767578e+01
1.438645315170288086e+01
1.448303318023681641e+01
1.456641054153442383e+01
1.396795010566711426e+01
1.324570059776306152e+01
1.448816561698913574e+01
1.450466299057006836e+01
1.476466751098632812e+01
1.499019336700439453e+01
1.431225514411926270e+01
1.414001774787902832e+01
1.362722921371459961e+01
1.443979644775390625e+01
1.402561855316162109e+01
1.436308455467224121e+01
1.385128450393676758e+01
1.445284295082092285e+01
1.439581155776977539e+01
1.400786566734313965e+01
1.297913408279418945e+01
1.394144010543823242e+01
1.443176364898681641e+01
1.380554103851318359e+01
1.431349420547485352e+01
1.341628479957580566e+01
1.413173365592956543e+01
1.411201214790344238e+01
1.419509387016296387e+01
1.448347163200378418e+01
1.455555796623229980e+01
1.355887866020202637e+01
1.488295960426330566e+01
1.362182378768920898e+01
1.401248860359191895e+01
1.368089652061462402e+01
1.400478982925415039e+01
1.433576798439025879e+01
1.391906905174255371e+01
1.466870164871215820e+01
1.442412614822387695e+01
1.435850358009338379e+01
1.333583378791809082e+01
1.386045217514038086e+01
1.390942621231079102e+01
1.460212802886962891e+01
1.371096372604370117e+01
1.407440900802612305e+01
1.360737514495849609e+01
1.429745936393737793e+01
1.423783659934997559e+01
1.422107338905334473e+01
1.519563317298889160e+01
1.465471339225769043e+01
1.368448638916015625e+01
1.401423025131225586e+01
1.390610241889953613e+01
1.477464389801025391e+01
1.448410630226135254e+01
1.464969110488891602e+01
1.453178000450134277e+01
1.412791228294372559e+01
1.410377550125122070e+01
1.377166700363159180e+01
1.550898838043212891e+01
1.396813869476318359e+01
1.472078394889831543e+01
1.416641950607299805e+01
1.415273094177246094e+01
1.409380412101745605e+01
1.337575054168701172e+01
1.404009008407592773e+01
1.425237083435058594e+01
1.348566937446594238e+01
1.374875736236572266e+01
1.451828074455261230e+01
1.388018202781677246e+01
1.346358871459960938e+01
1.429195618629455566e+01
1.456930756568908691e+01
1.385143756866455078e+01
1.456633400917053223e+01
1.497549200057983398e+01
1.435714578628540039e+01
1.412189459800720215e+01
1.386715483665466309e+01
1.417836737632751465e+01
1.467114567756652832e+01
1.429788136482238770e+01
1.408397793769836426e+01
1.454784584045410156e+01
