1.528207397460937500e+01
1.532638978958129883e+01
1.631074595451354980e+01
1.610228371620178223e+01
1.504312133789062500e+01
1.627220654487609863e+01
1.521460843086242676e+01
1.529313731193542480e+01
1.561066031455993652e+01
1.461726665496826172e+01
1.509013462066650391e+01
1.501818180084228516e+01
1.525847840309143066e+01
1.615992593765258789e+01
1.424674367904663086e+01
1.409806680679321289e+01
1.543526840209960938e+01
1.568491315841674805e+01
1.448820519447326660e+01
1.500235295295715332e+01
1.476598620414733887e+01
1.493217802047729492e+01
1.390531349182128906e+01
1.460682940483093262e+01
1.510022664070129395e+01
1.459498214721679688e+01
1.405514025688171387e+01
1.434343504905700684e+01
1.488958930969238281e+01
1.484637236595153809e+01
1.478816318511962891e+01
1.468165588378906250e+01
1.428018140792846680e+01
1.402145695686340332e+01
1.331734967231750488e+01
1.436052966117858887e+01
1.505268049240112305e+01
1.420322012901306152e+01
1.461742687225341797e+01
1.431871676445007324e+01
1.453241610527038574e+01
1.420780754089355469e+01
1.436385607719421387e+01
1.472085523605346680e+01
1.379665780067443848e+01
1.445874524116516113e+01
1.437110972404479980e+01
1.466542649269104004e+01
1.508370757102966309e+01
1.492067623138427734e+01
1.460102987289428711e+01
1.487560701370239258e+01
1.426174354553222656e+01
1.474940776824951172e+01
1.419561886787414551e+01
1.491918349266052246e+01
1.432054162025451660e+01
1.460591483116149902e+01
1.450678777694702148e+01
1.439145588874816895e+01
1.441326475143432617e+01
1.377049326896667480e+01
1.421134734153747559e+01
1.314884877204895020e+01
1.376591801643371582e+01
1.469173216819763184e+01
1.440192484855651855e+01
1.387782740592956543e+01
1.433678174018859863e+01
1.438870954513549805e+01
1.432524895668029785e+01
1.381059527397155762e+01
1.473768258094787598e+01
1.416675281524658203e+01
1.298094797134399414e+01
1.395331597328186035e+01
1.417763876914978027e+01
1.475007629394531250e+01
1.333372759819030762e+01
1.391554856300354004e+01
1.419132184982299805e+01
1.460089015960693359e+01
1.364813971519470215e+01
1.428263688087463379e+01
1.378584241867065430e+01
1.384315228462219238e+01
1.379351520538330078e+01
1.367571544647216797e+01
1.468237638473510742e+01
1.373442506790161133e+01
1.437772440910339355e+01
1.424716734886169434e+01
1.455683445930480957e+01
1.351132655143737793e+01
1.389463067054748535e+01
1.478574657440185547e+01
1.359191322326660156e+01
1.317895483970642090e+01
1.386554002761840820e+01
1.320974898338317871e+01
1.453806018829345703e+01
1.480862879753112793e+01
1.348051381111145020e+01
1.427973842620849609e+01
1.410467910766601562e+01
1.386102056503295898e+01
1.413675355911254883e+01
1.436284685134887695e+01
1.419861125946044922e+01
1.305470061302185059e+01
1.437114381790161133e+01
1.423789238929748535e+01
1.413440442085266113e+01
1.429010915756225586e+01
1.412073302268981934e+01
1.460124135017395020e+01
1.475926780700683594e+01
1.340478539466857910e+01
1.401263093948364258e+01
1.436721444129943848e+01
1.463527107238769531e+01
1.567473506927490234e+01
1.414973568916320801e+01
1.467500424385070801e+01
1.372376441955566406e+01
1.401947474479675293e+01
1.450902962684631348e+01
1.371003031730651855e+01
1.445386600494384766e+01
1.413963317871093750e+01
1.440293574333190918e+01
1.338146781921386719e+01
1.345705795288085938e+01
1.432886338233947754e+01
1.424351954460144043e+01
1.485052871704101562e+01
1.428586506843566895e+01
1.404781460762023926e+01
1.392670631408691406e+01
1.466417145729064941e+01
1.498391675949096680e+01
1.412401771545410156e+01
1.371366477012634277e+01
1.349728608131408691e+01
1.504008507728576660e+01
1.383635425567626953e+01
1.417065858840942383e+01
1.404879331588745117e+01
