1.449413585662841797e+01
1.570322871208190918e+01
1.439136838912963867e+01
1.558336138725280762e+01
1.434548830986022949e+01
1.542474913597106934e+01
1.542057180404663086e+01
1.487405228614807129e+01
1.488797497749328613e+01
1.497527122497558594e+01
1.535032367706298828e+01
1.522625494003295898e+01
1.579164767265319824e+01
1.424229502677917480e+01
1.522371649742126465e+01
1.477715182304382324e+01
1.522024202346801758e+01
1.513383674621582031e+01
1.482757997512817383e+01
1.545122432708740234e+01
1.533609032630920410e+01
1.481165862083435059e+01
1.459372472763061523e+01
1.433224749565124512e+01
1.465764427185058594e+01
1.485787868499755859e+01
1.438884425163269043e+01
1.434637498855590820e+01
1.456723713874816895e+01
1.599352121353149414e+01
1.423842239379882812e+01
1.453060221672058105e+01
1.398769187927246094e+01
1.451306581497192383e+01
1.436963129043579102e+01
1.409304904937744141e+01
1.423608279228210449e+01
1.331768083572387695e+01
1.447275233268737793e+01
1.335376691818237305e+01
1.468060207366943359e+01
1.382568788528442383e+01
1.433600902557373047e+01
1.449435067176818848e+01
1.389885354042053223e+01
1.446929311752319336e+01
1.355599212646484375e+01
1.431753134727478027e+01
1.410682249069213867e+01
1.438859748840332031e+01
1.451197385787963867e+01
1.225721240043640137e+01
1.443777942657470703e+01
1.391242170333862305e+01
1.356246542930603027e+01
1.396070361137390137e+01
1.451233768463134766e+01
1.357751226425170898e+01
1.402335476875305176e+01
1.353785610198974609e+01
1.375290560722351074e+01
1.452581930160522461e+01
1.382559514045715332e+01
1.471628952026367188e+01
1.335568118095397949e+01
1.421854901313781738e+01
1.479841279983520508e+01
1.395968198776245117e+01
1.348174595832824707e+01
1.444619965553283691e+01
1.443511629104614258e+01
1.442418909072875977e+01
1.270792055130004883e+01
1.418468809127807617e+01
1.359407615661621094e+01
1.375677895545959473e+01
1.367883467674255371e+01
1.438325190544128418e+01
1.235148334503173828e+01
1.454473853111267090e+01
1.461013245582580566e+01
1.447607159614562988e+01
1.427963280677795410e+01
1.421384215354919434e+01
1.386583352088928223e+01
1.356220674514770508e+01
1.345623421669006348e+01
1.316129708290100098e+01
1.382603192329406738e+01
1.403344535827636719e+01
1.379069471359252930e+01
1.436721396446228027e+01
1.412871170043945312e+01
1.435664677619934082e+01
1.418554353713989258e+01
1.376824307441711426e+01
1.383612823486328125e+01
1.373308229446411133e+01
1.436265516281127930e+01
1.365969514846801758e+01
1.428966546058654785e+01
1.433869433403015137e+01
1.446598958969116211e+01
1.460120582580566406e+01
1.462693142890930176e+01
1.458430147171020508e+01
1.342726969718933105e+01
1.347820901870727539e+01
1.418007516860961914e+01
1.411508917808532715e+01
1.426140189170837402e+01
1.322364664077758789e+01
1.407265114784240723e+01
1.437180280685424805e+01
1.419878602027893066e+01
1.417136287689208984e+01
1.442923331260681152e+01
1.434974098205566406e+01
1.415117263793945312e+01
1.411863064765930176e+01
1.356197977066040039e+01
1.471077752113342285e+01
1.415849232673645020e+01
1.288658928871154785e+01
1.401805806159973145e+01
1.369303035736083984e+01
1.440246701240539551e+01
1.381677150726318359e+01
1.358275580406188965e+01
1.346048951148986816e+01
1.400050854682922363e+01
1.485389137268066406e+01
1.412310552597045898e+01
1.391818594932556152e+01
1.443349909782409668e+01
1.385362410545349121e+01
1.428769278526306152e+01
1.369340538978576660e+01
1.463760447502136230e+01
1.368901276588439941e+01
1.505359172821044922e+01
1.428832030296325684e+01
1.415869355201721191e+01
1.420234799385070801e+01
1.419222021102905273e+01
1.423752331733703613e+01
1.373943018913269043e+01
1.433194780349731445e+01
