0.000000000000000000e+00
3.906250000000000000e-03
5.208333333333333044e-03
3.906250000000000000e-03
3.125000000000000173e-03
9.114583333333333912e-03
1.674107142857142808e-02
2.636718750000000000e-02
3.472222222222222376e-02
4.062500000000000139e-02
4.971590909090908839e-02
5.794270833333333565e-02
6.850961538461539102e-02
7.756696428571428770e-02
8.437500000000000555e-02
9.228515625000000000e-02
9.650735294117647467e-02
1.037326388888888951e-01
1.101973684210526272e-01
1.171875000000000000e-01
1.242559523809523836e-01
1.278409090909090884e-01
1.321331521739130543e-01
1.380208333333333426e-01
1.465625000000000122e-01
1.520432692307692180e-01
1.550925925925925875e-01
1.573660714285714246e-01
1.619073275862069061e-01
1.669270833333333370e-01
1.703629032258064391e-01
1.730957031250000000e-01
1.763731060606060497e-01
1.764705882352941291e-01
1.801339285714285698e-01
1.818576388888888951e-01
1.841216216216216284e-01
1.856496710526315819e-01
1.883012820512820484e-01
1.902343750000000111e-01
1.932164634146341375e-01
1.936383928571428492e-01
1.945857558139534871e-01
1.986860795454545581e-01
2.005208333333333426e-01
2.034646739130434867e-01
2.052859042553191460e-01
2.073567708333333426e-01
2.087053571428571508e-01
2.104687500000000100e-01
2.127757352941176405e-01
2.131911057692307820e-01
2.152122641509433831e-01
2.162905092592592726e-01
2.180397727272727348e-01
2.198660714285714246e-01
2.214912280701754332e-01
2.222521551724137845e-01
2.228548728813559421e-01
2.223958333333333204e-01
2.247694672131147486e-01
2.265625000000000000e-01
2.271825396825396803e-01
2.293701171875000000e-01
2.300480769230769107e-01
2.299952651515151381e-01
2.313432835820895539e-01
2.317325367647058709e-01
2.333559782608695676e-01
2.338169642857142738e-01
2.348151408450704358e-01
2.356770833333333426e-01
2.361943493150684970e-01
2.374366554054054002e-01
2.380208333333333204e-01
2.396175986842105365e-01
2.407670454545454419e-01
2.418870192307692180e-01
2.434731012658227778e-01
2.448242187499999889e-01
2.464313271604938183e-01
2.476181402439024404e-01
2.492469879518072196e-01
2.497209821428571508e-01
2.500000000000000000e-01
2.504542151162790775e-01
2.509877873563218231e-01
2.521306818181818232e-01
2.530723314606741492e-01
2.539062500000000000e-01
2.554945054945054750e-01
2.560292119565217295e-01
2.568044354838709409e-01
2.583942819148936088e-01
2.599506578947368696e-01
2.618001302083333148e-01
2.632087628865979467e-01
2.637914540816326259e-01
2.649147727272727071e-01
2.659374999999999933e-01
2.671720297029702706e-01
2.680759803921568540e-01
2.687348300970873738e-01
2.691556490384615641e-01
2.691964285714285587e-01
2.699734669811320598e-01
2.700058411214953380e-01
2.711950231481481399e-01
2.720040137614678777e-01
2.733664772727272818e-01
2.741413288288288563e-01
2.746233258928571508e-01
2.752350663716814361e-01
2.756990131578947456e-01
2.767663043478260643e-01
2.772764008620689502e-01
2.778445512820512664e-01
2.779396186440677985e-01
2.784269957983193100e-01
2.792317708333333370e-01
2.798295454545454697e-01
2.797771516393442459e-01
2.806148373983740063e-01
2.812500000000000000e-01
2.818125000000000213e-01
2.824280753968254065e-01
2.827878937007873850e-01
2.834472656250000000e-01
2.840358527131782718e-01
2.841346153846153744e-01
2.844704198473282375e-01
2.846827651515151381e-01
2.851856203007518964e-01
2.857392723880596841e-01
2.860532407407407329e-01
2.869944852941176405e-01
2.873517335766423431e-01
2.881000905797101441e-01
2.885004496402877594e-01
2.887276785714285587e-01
2.893395390070921946e-01
2.897777288732394374e-01
2.899366258741258862e-01
2.899848090277777901e-01
2.907866379310344862e-01
2.913099315068493067e-01
2.911352040816326259e-01
2.918074324324324564e-01
