1.628840000000000000e+05
1.601430000000000000e+05
1.681230000000000000e+05
1.638190000000000000e+05
1.595070000000000000e+05
1.547380000000000000e+05
1.465840000000000000e+05
1.604150000000000000e+05
1.381770000000000000e+05
1.408060000000000000e+05
1.266650000000000000e+05
8.611800000000000000e+04
7.624200000000000000e+04
1.036410000000000000e+05
9.507500000000000000e+04
8.309300000000000000e+04
7.004700000000000000e+04
4.684800000000000000e+04
5.678300000000000000e+04
3.877300000000000000e+04
2.915900000000000000e+04
2.576500000000000000e+04
2.167400000000000000e+04
1.903400000000000000e+04
1.058300000000000000e+04
7.861000000000000000e+03
1.334400000000000000e+04
7.245000000000000000e+03
3.538000000000000000e+03
7.248000000000000000e+03
1.034100000000000000e+04
5.109000000000000000e+03
3.242000000000000000e+03
4.851000000000000000e+03
6.972000000000000000e+03
9.821000000000000000e+03
3.811000000000000000e+03
5.894000000000000000e+03
2.466000000000000000e+03
3.373000000000000000e+03
3.741000000000000000e+03
5.947000000000000000e+03
2.672000000000000000e+03
2.775000000000000000e+03
5.329000000000000000e+03
8.710000000000000000e+02
2.613000000000000000e+03
1.724000000000000000e+03
1.817000000000000000e+03
3.946000000000000000e+03
6.170000000000000000e+03
1.004000000000000000e+03
1.860000000000000000e+03
1.496000000000000000e+03
3.166000000000000000e+03
5.149000000000000000e+03
2.094000000000000000e+03
9.130000000000000000e+02
3.765000000000000000e+03
1.785000000000000000e+03
1.014000000000000000e+03
1.806000000000000000e+03
1.196000000000000000e+03
2.328000000000000000e+03
3.333000000000000000e+03
1.255000000000000000e+03
1.626000000000000000e+03
1.829000000000000000e+03
1.712000000000000000e+03
9.370000000000000000e+02
8.640000000000000000e+02
1.530000000000000000e+03
2.497000000000000000e+03
6.530000000000000000e+02
2.368000000000000000e+03
3.891000000000000000e+03
6.900000000000000000e+02
2.703000000000000000e+03
1.782000000000000000e+03
2.179000000000000000e+03
1.185000000000000000e+03
2.504000000000000000e+03
3.102000000000000000e+03
1.247000000000000000e+03
5.693000000000000000e+03
1.309000000000000000e+03
2.347000000000000000e+03
1.016000000000000000e+03
1.791000000000000000e+03
1.568000000000000000e+03
6.300000000000000000e+02
8.840000000000000000e+02
2.886000000000000000e+03
1.253800000000000000e+04
3.152000000000000000e+03
1.446000000000000000e+03
3.086000000000000000e+03
7.100000000000000000e+02
8.860000000000000000e+02
1.421000000000000000e+03
9.910000000000000000e+02
1.604000000000000000e+03
1.046000000000000000e+03
1.515000000000000000e+03
9.810000000000000000e+02
7.890000000000000000e+02
2.384000000000000000e+03
7.110000000000000000e+02
9.820000000000000000e+02
9.580000000000000000e+02
1.235000000000000000e+03
1.481000000000000000e+03
1.015000000000000000e+03
2.281000000000000000e+03
1.171000000000000000e+03
1.069000000000000000e+03
2.335000000000000000e+03
2.412000000000000000e+03
4.496000000000000000e+03
1.209000000000000000e+03
1.436000000000000000e+03
1.616000000000000000e+03
2.199000000000000000e+03
1.223000000000000000e+03
8.560000000000000000e+02
2.990000000000000000e+03
2.924000000000000000e+03
4.916000000000000000e+03
1.328000000000000000e+03
1.202000000000000000e+03
1.687000000000000000e+03
1.459000000000000000e+03
9.680000000000000000e+02
6.830000000000000000e+02
2.894000000000000000e+03
1.696000000000000000e+03
2.653000000000000000e+03
8.940000000000000000e+02
1.187000000000000000e+03
1.965000000000000000e+03
6.650000000000000000e+02
1.550000000000000000e+03
2.798000000000000000e+03
1.211000000000000000e+03
1.909000000000000000e+03
1.580000000000000000e+03
2.837000000000000000e+03
7.490000000000000000e+02
