1.558089804649353027e+01
1.602721261978149414e+01
1.613330602645874023e+01
1.579124546051025391e+01
1.509231734275817871e+01
1.597568106651306152e+01
1.579211878776550293e+01
1.537138414382934570e+01
1.552857446670532227e+01
1.483233523368835449e+01
1.595171356201171875e+01
1.495976996421813965e+01
1.542547988891601562e+01
1.571533870697021484e+01
1.595776510238647461e+01
1.539005136489868164e+01
1.518022537231445312e+01
1.564410948753356934e+01
1.525146198272705078e+01
1.526908659934997559e+01
1.534982657432556152e+01
1.490360569953918457e+01
1.496210861206054688e+01
1.535645604133605957e+01
1.423966979980468750e+01
1.514650487899780273e+01
1.468412113189697266e+01
1.398544621467590332e+01
1.520063996315002441e+01
1.520894503593444824e+01
1.456185150146484375e+01
1.377675342559814453e+01
1.439991879463195801e+01
1.484624791145324707e+01
1.499223041534423828e+01
1.499163794517517090e+01
1.420895099639892578e+01
1.456951904296875000e+01
1.508460617065429688e+01
1.473027610778808594e+01
1.442327260971069336e+01
1.432185959815979004e+01
1.491234183311462402e+01
1.423195242881774902e+01
1.465701961517333984e+01
1.410407876968383789e+01
1.438706088066101074e+01
1.469171333312988281e+01
1.383512401580810547e+01
1.484134578704833984e+01
1.444328474998474121e+01
1.430290246009826660e+01
1.477783703804016113e+01
1.449018859863281250e+01
1.412405204772949219e+01
1.418778967857360840e+01
1.449016475677490234e+01
1.429890608787536621e+01
1.409216022491455078e+01
1.440618872642517090e+01
1.386023569107055664e+01
1.419187188148498535e+01
1.378750538825988770e+01
1.410461187362670898e+01
1.507909464836120605e+01
1.405678582191467285e+01
1.428388810157775879e+01
1.481762719154357910e+01
1.456221985816955566e+01
1.417959403991699219e+01
1.490255618095397949e+01
1.436922359466552734e+01
1.457920169830322266e+01
1.377084112167358398e+01
1.468457984924316406e+01
1.460648703575134277e+01
1.451881790161132812e+01
1.445943808555603027e+01
1.484034895896911621e+01
1.463999915122985840e+01
1.513843011856079102e+01
1.455700778961181641e+01
1.404658651351928711e+01
1.465931129455566406e+01
1.449394559860229492e+01
1.423478746414184570e+01
1.434869980812072754e+01
1.446751189231872559e+01
1.390987014770507812e+01
1.476026344299316406e+01
1.494902610778808594e+01
1.514585208892822266e+01
1.479542732238769531e+01
1.391616463661193848e+01
1.479697585105895996e+01
1.484115219116210938e+01
1.475911498069763184e+01
1.466554999351501465e+01
1.433750987052917480e+01
1.469240856170654297e+01
1.485031485557556152e+01
1.455963087081909180e+01
1.425279998779296875e+01
1.491537332534790039e+01
1.448615980148315430e+01
1.395806145668029785e+01
1.474508810043334961e+01
1.460688591003417969e+01
1.454104876518249512e+01
1.357155752182006836e+01
1.408104133605957031e+01
1.434736347198486328e+01
1.416658902168273926e+01
1.407964920997619629e+01
1.431561613082885742e+01
1.466345953941345215e+01
1.401877856254577637e+01
1.488094210624694824e+01
1.424698734283447266e+01
1.457730078697204590e+01
1.417074298858642578e+01
1.436547780036926270e+01
1.442172479629516602e+01
1.344290566444396973e+01
1.468827867507934570e+01
1.410285377502441406e+01
1.422878813743591309e+01
1.461345553398132324e+01
1.372171926498413086e+01
1.372009491920471191e+01
1.433974719047546387e+01
1.423293519020080566e+01
1.491165065765380859e+01
1.434874367713928223e+01
1.477280974388122559e+01
1.427127599716186523e+01
1.497018241882324219e+01
1.438377308845520020e+01
1.442851066589355469e+01
1.481936669349670410e+01
1.356192827224731445e+01
1.427551937103271484e+01
1.448926186561584473e+01
1.432770037651062012e+01
1.408076071739196777e+01
1.392669415473937988e+01
1.387246561050415039e+01
1.422522044181823730e+01
