0.000000000000000000e+00
0.000000000000000000e+00
0.000000000000000000e+00
0.000000000000000000e+00
0.000000000000000000e+00
0.000000000000000000e+00
2.790178571428571274e-04
4.882812500000000000e-04
1.193576388888888985e-03
2.050781250000000087e-03
2.485795454545454506e-03
3.255208333333333478e-03
3.981370192307692041e-03
4.394531250000000000e-03
4.752604166666666262e-03
4.577636718750000000e-03
5.112591911764705933e-03
5.588107638888888985e-03
5.910773026315789200e-03
5.957031249999999653e-03
6.231398809523809937e-03
6.392045454545454940e-03
6.623641304347826012e-03
6.713867187500000000e-03
6.679687499999999861e-03
6.723257211538461939e-03
6.872106481481481642e-03
6.905691964285714038e-03
6.936961206896552143e-03
6.998697916666666956e-03
7.024949596774193381e-03
6.958007812500000000e-03
6.954308712121212016e-03
7.036994485294117800e-03
7.142857142857142634e-03
7.107204861111111015e-03
7.126266891891891962e-03
7.144325657894736933e-03
7.136418269230769031e-03
7.226562500000000347e-03
7.169397865853658833e-03
7.184709821428571057e-03
7.108466569767441477e-03
7.124467329545454940e-03
7.139756944444444232e-03
7.069463315217391040e-03
7.106050531914893248e-03
7.059733072916666956e-03
7.015306122448979574e-03
6.933593749999999653e-03
6.874234068627450844e-03
6.817157451923076990e-03
6.762234669811320771e-03
6.727430555555555941e-03
6.658380681818181976e-03
6.591796875000000000e-03
6.561814692982456156e-03
6.465517241379310255e-03
6.389036016949152866e-03
6.363932291666666609e-03
6.275614754098360684e-03
6.253150201612903310e-03
6.231398809523809937e-03
6.225585937500000000e-03
6.189903846153845847e-03
6.140506628787878972e-03
6.121735074626865995e-03
6.103515625000000000e-03
6.114130434782608960e-03
6.068638392857142981e-03
6.010673415492957979e-03
6.022135416666666956e-03
6.019905821917807993e-03
5.951752533783783924e-03
5.898437500000000035e-03
5.885074013157894600e-03
5.834009740259740034e-03
5.809294871794871973e-03
5.748121044303797743e-03
5.749511718750000173e-03
5.726755401234568180e-03
5.752191310975610095e-03
5.788780120481927700e-03
5.754743303571428943e-03
5.755974264705882720e-03
5.757176598837209121e-03
5.735901580459770374e-03
5.748401988636363952e-03
5.782566713483146097e-03
5.761718750000000347e-03
5.741328983516483936e-03
5.710767663043478035e-03
5.733366935483871080e-03
5.713929521276596077e-03
5.705180921052631533e-03
5.696614583333333044e-03
5.698292525773195581e-03
5.709901147959183833e-03
5.671953914141414019e-03
5.712890624999999653e-03
5.704672029702970160e-03
5.706188725490195755e-03
5.736119538834951077e-03
5.756084735576923010e-03
5.784970238095238360e-03
5.822523584905659952e-03
5.831994742990654311e-03
5.859375000000000000e-03
5.850415711009174582e-03
5.877130681818182149e-03
5.894566441441441082e-03
5.911690848214285962e-03
5.902585730088495859e-03
5.927905701754386178e-03
5.961277173913043757e-03
5.943561422413793163e-03
5.926148504273504036e-03
5.950410487288135784e-03
5.949645483193276990e-03
5.937428638087838446e-03
