0.000000000000000000e+00
0.000000000000000000e+00
0.000000000000000000e+00
2.441406250000000000e-04
1.953125000000000108e-04
1.627604166666666576e-04
4.185267857142856911e-04
9.765625000000000000e-04
2.387152777777777971e-03
2.929687500000000000e-03
3.373579545454545494e-03
3.824869791666666522e-03
4.582331730769230969e-03
4.952566964285714038e-03
5.208333333333333044e-03
5.798339843750000000e-03
6.261488970588235600e-03
6.564670138888888985e-03
6.784539473684210800e-03
7.275390625000000173e-03
7.533482142857142981e-03
7.590553977272727036e-03
7.770040760869565029e-03
7.853190104166666088e-03
8.046875000000000208e-03
8.300781250000000000e-03
8.355034722222222029e-03
8.335658482142857886e-03
8.351293103448275204e-03
8.528645833333332524e-03
8.631552419354837982e-03
8.544921875000000000e-03
8.493134469696969960e-03
8.501838235294116933e-03
8.482142857142856499e-03
8.409288194444444059e-03
8.287584459459458944e-03
8.223684210526315333e-03
8.138020833333333912e-03
8.178710937500000000e-03
8.098323170731707571e-03
8.045014880952380126e-03
7.880632267441860586e-03
7.901278409090909879e-03
7.899305555555555247e-03
7.812500000000000000e-03
7.750166223404255338e-03
7.629394531250000000e-03
7.573341836734693612e-03
7.519531250000000173e-03
7.391237745098038978e-03
7.324218750000000000e-03
7.241303066037736193e-03
7.143373842592592657e-03
7.137784090909091335e-03
7.080078125000000000e-03
7.041529605263157666e-03
7.088496767241379490e-03
7.034560381355932542e-03
6.949869791666666262e-03
6.948002049180328210e-03
6.898941532258064460e-03
6.851438492063492008e-03
6.851196289062500000e-03
6.790865384615384776e-03
6.732362689393939052e-03
6.675606343283581844e-03
6.663602941176470333e-03
6.666100543478260983e-03
6.598772321428571404e-03
6.588358274647887654e-03
6.605360243055555941e-03
6.528253424657534318e-03
6.479624155405405359e-03
6.432291666666666886e-03
6.399054276315789200e-03
6.353997564935064991e-03
6.297576121794871973e-03
6.254944620253164930e-03
6.274414062499999827e-03
6.317515432098765732e-03
6.276200457317073107e-03
6.306475903614458187e-03
6.277901785714285962e-03
6.295955882352941360e-03
6.279523982558139414e-03
6.241020114942528486e-03
6.203391335227272964e-03
6.177580758426966419e-03
6.163194444444444232e-03
6.170587225274725036e-03
6.177819293478260983e-03
6.163894489247311557e-03
6.160654920212766013e-03
6.178042763157894426e-03
6.195068359375000000e-03
6.181539948453607970e-03
6.168287627551020426e-03
6.165167297979797997e-03
6.142578125000000035e-03
6.159112004950495316e-03
6.156173406862744911e-03
6.191216626213592519e-03
6.225585937500000000e-03
6.222098214285713864e-03
6.218676297169811566e-03
6.233571845794392240e-03
6.266276041666666956e-03
6.280461582568807634e-03
6.321022727272727210e-03
6.360853040540540189e-03
6.417410714285714038e-03
6.412472345132743355e-03
6.433319627192982289e-03
6.411345108695652023e-03
6.372912176724137602e-03
6.418603098290598039e-03
6.446967690677965837e-03
6.450236344537814762e-03
6.426777150192999367e-03
