0.000000000000000000e+00
0.000000000000000000e+00
0.000000000000000000e+00
0.000000000000000000e+00
0.000000000000000000e+00
0.000000000000000000e+00
0.000000000000000000e+00
3.662109375000000000e-04
1.193576388888888985e-03
2.050781250000000087e-03
3.107244318181818024e-03
4.150390625000000000e-03
5.033052884615384949e-03
5.789620535714285962e-03
6.510416666666666956e-03
6.774902343750000000e-03
6.950827205882352533e-03
7.541232638888888985e-03
7.658305921052631533e-03
8.105468750000000694e-03
8.463541666666666088e-03
8.433948863636363952e-03
8.491847826086956069e-03
8.666992187500000000e-03
8.906249999999999237e-03
8.826622596153846020e-03
9.006076388888888118e-03
8.963448660714285962e-03
8.991109913793104286e-03
8.886718749999999653e-03
8.946572580645162018e-03
8.789062500000000000e-03
8.937026515151515887e-03
8.932674632352940666e-03
8.900669642857142461e-03
8.951822916666666088e-03
8.868243243243242868e-03
9.020353618421052266e-03
8.989383012820512109e-03
8.959960937500000694e-03
8.884336890243902524e-03
8.765811011904761987e-03
8.652797965116278828e-03
8.589311079545454072e-03
8.506944444444443712e-03
8.449388586956521965e-03
8.352726063829786496e-03
8.341471354166666088e-03
8.211096938775509779e-03
8.164062499999999445e-03
8.157169117647059334e-03
8.094200721153846020e-03
8.033608490566038554e-03
7.975260416666666088e-03
7.865767045454545581e-03
7.812500000000000000e-03
7.761101973684210800e-03
7.644127155172413673e-03
7.580773305084745513e-03
7.633463541666666435e-03
7.540343237704917947e-03
7.497479838709677699e-03
7.455977182539682939e-03
7.415771484375000000e-03
7.346754807692307612e-03
7.294625946969696996e-03
7.229477611940298559e-03
7.166245404411764400e-03
7.104846014492753950e-03
7.045200892857142981e-03
7.000990316901408231e-03
6.985134548611111015e-03
6.929580479452054735e-03
6.875527871621621434e-03
6.835937500000000000e-03
6.797388980263157666e-03
6.734476461038961005e-03
6.660657051282051037e-03
6.638152689873417535e-03
6.616210937500000347e-03
6.570698302469135492e-03
6.573932926829268060e-03
6.553557981927710802e-03
6.591796875000000000e-03
6.583180147058823560e-03
6.574763808139535287e-03
6.566540948275862398e-03
6.569602272727272964e-03
6.572594803370786741e-03
6.618923611111111015e-03
6.642771291208791028e-03
6.613026494565217052e-03
6.541918682795699186e-03
6.493101728723403923e-03
6.506990131578947213e-03
6.540934244791666956e-03
6.533907860824742474e-03
6.546954719387754890e-03
6.520280934343434046e-03
6.542968750000000173e-03
6.584545173267326509e-03
6.606158088235294067e-03
6.608388956310679713e-03
6.601186899038461939e-03
6.594122023809523801e-03
6.624041863207546892e-03
6.662529205607476725e-03
6.727430555555555941e-03
6.818018922018348298e-03
6.871448863636363431e-03
6.932713963963964277e-03
6.905691964285714038e-03
6.922358960176990851e-03
6.930167214912280778e-03
6.954823369565217572e-03
6.962217133620689745e-03
6.969484508547008940e-03
6.984904661016948756e-03
6.991859243697479305e-03
6.997683753192607443e-03
