2.084724831581115723e+01
2.066985106468200684e+01
2.062741112709045410e+01
2.061176371574401855e+01
2.032384872436523438e+01
2.043772888183593750e+01
2.061903882026672363e+01
2.030468750000000000e+01
2.038597393035888672e+01
2.033263707160949707e+01
2.020007967948913574e+01
2.091237497329711914e+01
2.017039871215820312e+01
2.055349636077880859e+01
2.031019926071166992e+01
2.049945878982543945e+01
2.057852625846862793e+01
2.042058801651000977e+01
2.040353536605834961e+01
2.062293481826782227e+01
2.063429188728332520e+01
2.028537130355834961e+01
2.033432388305664062e+01
2.101903891563415527e+01
2.045369648933410645e+01
2.127616000175476074e+01
2.249913406372070312e+01
2.201225638389587402e+01
2.097158765792846680e+01
2.062253713607788086e+01
2.057873749732971191e+01
2.049315905570983887e+01
2.038414049148559570e+01
2.016095757484436035e+01
2.121629190444946289e+01
2.072826790809631348e+01
2.037903475761413574e+01
2.063499617576599121e+01
2.037104558944702148e+01
2.025300955772399902e+01
2.038895034790039062e+01
2.029935169219970703e+01
2.039012694358825684e+01
2.064344716072082520e+01
2.059869813919067383e+01
2.082515740394592285e+01
2.088603401184082031e+01
2.164140748977661133e+01
2.058910942077636719e+01
2.034983682632446289e+01
2.034056138992309570e+01
2.061740040779113770e+01
2.056723403930664062e+01
2.022359108924865723e+01
2.103182792663574219e+01
2.059824800491333008e+01
2.052138805389404297e+01
2.066553354263305664e+01
2.035215425491333008e+01
2.060466575622558594e+01
2.019897150993347168e+01
2.061696910858154297e+01
2.037290143966674805e+01
2.050860619544982910e+01
2.049253916740417480e+01
2.091259908676147461e+01
2.045777940750122070e+01
2.054675340652465820e+01
2.043241596221923828e+01
2.027947449684143066e+01
2.034453582763671875e+01
2.033344650268554688e+01
2.062164497375488281e+01
2.035650444030761719e+01
2.036604094505310059e+01
2.027354145050048828e+01
2.092014956474304199e+01
2.033895301818847656e+01
2.046261954307556152e+01
2.055513596534729004e+01
2.049627637863159180e+01
2.055448269844055176e+01
2.044316458702087402e+01
2.035209941864013672e+01
2.086842155456542969e+01
2.037596750259399414e+01
2.035899639129638672e+01
2.069120573997497559e+01
2.029729890823364258e+01
2.046285748481750488e+01
2.046934890747070312e+01
2.033734941482543945e+01
2.062195134162902832e+01
2.030735254287719727e+01
2.056694364547729492e+01
2.070258760452270508e+01
2.019422197341918945e+01
2.127716970443725586e+01
2.051285076141357422e+01
2.457095894813537598e+02
1.961090159416198730e+01
2.152763342857360840e+01
2.059225797653198242e+01
2.063858413696289062e+01
2.029354739189147949e+01
2.030716228485107422e+01
2.048517656326293945e+01
2.071312594413757324e+01
2.037299680709838867e+01
2.034797835350036621e+01
2.034164047241210938e+01
2.048503303527832031e+01
2.020071339607238770e+01
2.055398559570312500e+01
2.036381173133850098e+01
2.039674925804138184e+01
2.059885668754577637e+01
2.026375460624694824e+01
2.073743867874145508e+01
1.571590113639831543e+01
