0.000000000000000000e+00
0.000000000000000000e+00
0.000000000000000000e+00
0.000000000000000000e+00
0.000000000000000000e+00
0.000000000000000000e+00
0.000000000000000000e+00
2.929687500000000000e-03
7.812500000000000000e-03
9.765625000000000000e-03
1.367187500000000000e-02
1.562500000000000000e-02
1.562500000000000000e-02
1.562500000000000000e-02
1.660156250000000000e-02
1.074218750000000000e-02
9.765625000000000000e-03
1.757812500000000000e-02
9.765625000000000000e-03
1.660156250000000000e-02
1.562500000000000000e-02
7.812500000000000000e-03
9.765625000000000000e-03
1.269531250000000000e-02
1.464843750000000000e-02
6.835937500000000000e-03
1.367187500000000000e-02
7.812500000000000000e-03
9.765625000000000000e-03
5.859375000000000000e-03
1.074218750000000000e-02
3.906250000000000000e-03
1.367187500000000000e-02
8.789062500000000000e-03
7.812500000000000000e-03
1.074218750000000000e-02
5.859375000000000000e-03
1.464843750000000000e-02
7.812500000000000000e-03
7.812500000000000000e-03
5.859375000000000000e-03
3.906250000000000000e-03
3.906250000000000000e-03
5.859375000000000000e-03
4.882812500000000000e-03
5.859375000000000000e-03
3.906250000000000000e-03
7.812500000000000000e-03
1.953125000000000000e-03
5.859375000000000000e-03
7.812500000000000000e-03
4.882812500000000000e-03
4.882812500000000000e-03
4.882812500000000000e-03
1.953125000000000000e-03
4.882812500000000000e-03
4.882812500000000000e-03
9.765625000000000000e-04
3.906250000000000000e-03
1.074218750000000000e-02
1.953125000000000000e-03
4.882812500000000000e-03
4.882812500000000000e-03
4.882812500000000000e-03
2.929687500000000000e-03
3.906250000000000000e-03
2.929687500000000000e-03
2.929687500000000000e-03
2.929687500000000000e-03
2.929687500000000000e-03
3.906250000000000000e-03
5.859375000000000000e-03
2.929687500000000000e-03
2.929687500000000000e-03
3.906250000000000000e-03
3.906250000000000000e-03
1.953125000000000000e-03
9.765625000000000000e-04
4.882812500000000000e-03
4.882812500000000000e-03
2.929687500000000000e-03
6.835937500000000000e-03
4.882812500000000000e-03
9.765625000000000000e-03
5.859375000000000000e-03
5.859375000000000000e-03
5.859375000000000000e-03
6.835937500000000000e-03
6.835937500000000000e-03
1.074218750000000000e-02
8.789062500000000000e-03
3.906250000000000000e-03
0.000000000000000000e+00
1.953125000000000000e-03
7.812500000000000000e-03
9.765625000000000000e-03
5.859375000000000000e-03
7.812500000000000000e-03
3.906250000000000000e-03
8.789062500000000000e-03
1.074218750000000000e-02
8.789062500000000000e-03
6.835937500000000000e-03
5.859375000000000000e-03
5.859375000000000000e-03
9.765625000000000000e-03
1.074218750000000000e-02
1.367187500000000000e-02
1.660156250000000000e-02
1.269531250000000000e-02
1.367187500000000000e-02
3.906250000000000000e-03
8.789062500000000000e-03
7.812500000000000000e-03
9.765625000000000000e-03
7.812500000000000000e-03
7.812500000000000000e-03
8.789062500000000000e-03
7.812500000000000000e-03
7.936508394777774811e-03
