1.223346138000488281e+01
1.223326969146728516e+01
1.223323567708333393e+01
1.223317289352416992e+01
1.223316078186035227e+01
1.223310581843058209e+01
1.223307950156075563e+01
1.223303020000457764e+01
1.223303529951307489e+01
1.223303804397582972e+01
1.223302138935435934e+01
1.223301450411478619e+01
1.223300148890568728e+01
1.223299837112426758e+01
1.223299070994059257e+01
1.223298436403274536e+01
1.223297932568718416e+01
1.223297431733873175e+01
1.223296933425100264e+01
1.223296542167663503e+01
1.223295847574869732e+01
1.223295450210571289e+01
1.223295249109682814e+01
1.223294822374979596e+01
1.223294380187988217e+01
1.223294261785653880e+01
1.223294212200023523e+01
1.223293866430010191e+01
1.223293689201618051e+01
1.223293704986572195e+01
1.223293476720010098e+01
1.223293051123619080e+01
1.223292813156590242e+01
1.223292218937593390e+01
1.223291236332484644e+01
1.223268932766384509e+01
1.223268918733339028e+01
1.223427451284308098e+01
1.223423353830973248e+01
1.223418915271759033e+01
1.223414888614561491e+01
1.223410701751708984e+01
1.223407516923061600e+01
1.223404531045393462e+01
1.223400686052110409e+01
1.223396832010020319e+01
1.223393174435230080e+01
1.223389830191930194e+01
1.223387101231789131e+01
1.223384496688842837e+01
1.223380948982986816e+01
1.223375683564406202e+01
1.223372131923459527e+01
1.223368913156014948e+01
1.223365225358442743e+01
1.223362081391470824e+01
1.223356104733651151e+01
1.223351126703722791e+01
1.223345727435613028e+01
1.223340729077657052e+01
1.223335056617611727e+01
1.223332235890050157e+01
1.223322429354228724e+01
1.223319520056247711e+01
1.223311031048114472e+01
1.223300672299934178e+01
1.223292497378676735e+01
1.223288022770601202e+01
1.223281846530195516e+01
1.223268442153930735e+01
1.223259247524637594e+01
1.223240669568379779e+01
1.223228215518063067e+01
1.223210704648816893e+01
1.223204603830973269e+01
1.223220668340984219e+01
1.223210769504695783e+01
1.223192372688880347e+01
1.223172015178052696e+01
1.223141566514968837e+01
1.223125496617069885e+01
1.223166950737557812e+01
1.223158581285591673e+01
1.223138766061692095e+01
1.223127507602467290e+01
1.223394462674163030e+01
1.223365220256235375e+01
1.223379460248080086e+01
1.223365628317500686e+01
1.223379370371500663e+01
1.223364171877012119e+01
1.223342567941416803e+01
1.223322499182916445e+01
1.223285372713778862e+01
1.223391858151084577e+01
1.223392828305562396e+01
1.223378641580798032e+01
1.223349939073835024e+01
1.223322837521331508e+01
1.223304189682006893e+01
1.223278712282086289e+01
1.223213840933406971e+01
1.223181820841668888e+01
1.223143271299508861e+01
1.223126539502825061e+01
1.223090795301041567e+01
1.223073188389573218e+01
1.223046888245476538e+01
1.223022155586732573e+01
1.222980497533624877e+01
1.222937438724277293e+01
1.222896527392523680e+01
1.223012955420840164e+01
1.223076110973692820e+01
1.223037748751433007e+01
1.222990967487466740e+01
1.222970845964219855e+01
1.222922956337363054e+01
1.222884521163812188e+01
1.222820523579915353e+01
1.222784173193056745e+01
1.222940945234454979e+01
1.222890033566854839e+01
1.222978568077087402e+01
1.222983591461181696e+01
1.222840789764646452e+01
1.222855989200862403e+01
1.222970242798328400e+01
1.222922644504281031e+01
1.222785904957697944e+01
1.222736662216768977e+01
1.222705336050553804e+01
1.222624660434579447e+01
1.222651219012132273e+01
1.222573513454861072e+01
1.222418741618885640e+01
1.222362701388171047e+01
1.222271038138348054e+01
1.222158781230020885e+01
1.222174661500113402e+01
1.222033437093099018e+01
1.221996569969284785e+01
1.221925059231844735e+01
1.221856060955259515e+01
1.221726940418111873e+01
1.221681326382780775e+01
1.221597374377607537e+01
1.221604921366717278e+01
1.221590530472313851e+01
1.221573699315388950e+01
1.221491929237416230e+01
1.221415683470274338e+01
1.221297517788955567e+01
1.221403674955491958e+01
1.221290564383229871e+01
1.221227634870088963e+01
1.221205778182691759e+01
1.221234295036219386e+01
1.221141670634911414e+01
1.221007265448570323e+01
1.220933110373360719e+01
1.220790512767838898e+01
1.220704009050240479e+01
1.220606437543543343e+01
1.220589052836100308e+01
1.220471227025411132e+01
1.220312348097384358e+01
1.220153959592183490e+01
1.220013467799982365e+01
1.219886714149923890e+01
1.219787301515277989e+01
1.219793844777484360e+01
1.219693836035756007e+01
1.219774902277979400e+01
1.219573199680873365e+01
1.219430583173578420e+01
1.219416860806739855e+01
1.219357483574513701e+01
1.219192167633738677e+01
1.219094373914930607e+01
1.218963079294447027e+01
1.218779462248414447e+01
1.218617412171077241e+01
1.218483126681783979e+01
1.218393302092681019e+01
1.218277832256850424e+01
1.218157927875212820e+01
1.217974951419424556e+01
1.217914841667054127e+01
1.217769972148694535e+01
1.217598909108426497e+01
1.217451750238736530e+01
1.217309737823170046e+01
1.217137816026038699e+01
1.216989628229385723e+01
1.216961746313134007e+01
1.216873796821245612e+01
1.216764824318163285e+01
1.216798316054607731e+01
1.216761270046234067e+01
1.216739498442085221e+01
1.216588539180188988e+01
1.216460814264607571e+01
1.216237090615665295e+01
1.216104240417480398e+01
1.215889981649454299e+01
1.215865751625834967e+01
1.215771453197185892e+01
1.215615836513099524e+01
1.215535327366420226e+01
1.215401993430621275e+01
1.215253204219746053e+01
1.215167107828346182e+01
1.215052921972542244e+01
1.214997017439021576e+01
1.214795821242862317e+01
1.214707313484859874e+01
1.214571988254512114e+01
1.214466691996953251e+01
1.214424795237454546e+01
1.214181134495799874e+01
1.213937942401782877e+01
1.213776998135006480e+01
1.213718610150473509e+01
1.213537499321831525e+01
1.213473401027443188e+01
1.213244352886855282e+01
1.213028820355733295e+01
1.212890281427375072e+01
1.212935897578363864e+01
1.212835669827151541e+01
1.212664056235346344e+01
1.212500680669694475e+01
1.212404726713131708e+01
1.212340171083490858e+01
1.212151463961197173e+01
1.212090113997962426e+01
1.212000520690148697e+01
1.211998423971391681e+01
1.211770185629526786e+01
1.211569460002218612e+01
1.211475897623487796e+01
1.211336146853097695e+01
1.211229913742815789e+01
1.211227984525719492e+01
1.211085006667346420e+01
1.211010346431963924e+01
1.210859808229630907e+01
1.210829102466384022e+01
1.210769212722778398e+01
1.210669830975779426e+01
1.210573021192399246e+01
1.210381942115753517e+01
1.210260520394392891e+01
1.210195895924287690e+01
1.210042186081409454e+01
1.209889669455442984e+01
1.209737391065257484e+01
1.209583028403028138e+01
1.209449246846712533e+01
1.209442525622488418e+01
1.209420648967946832e+01
1.209324327621169815e+01
1.209142581983046050e+01
1.209059560163965763e+01
1.208827711765031232e+01
1.208650889735989864e+01
1.208396953255383011e+01
1.208262855501423161e+01
1.208165853994863959e+01
1.208040774440413401e+01
1.207916937505497579e+01
1.207802492008977779e+01
1.207664166401772654e+01
1.207549847342751193e+01
1.207456632627957127e+01
1.207296886512949108e+01
1.207081676730149056e+01
1.206899216696352894e+01
1.206762158189501122e+01
1.206620177340252908e+01
1.206570270890039787e+01
1.206514838390552491e+01
1.206419712389019239e+01
1.206251607526812641e+01
1.206141281794834796e+01
1.206107878269634170e+01
1.205932342674997138e+01
1.205834536898919929e+01
1.205621569403286664e+01
1.205517356584162236e+01
1.205423692481158504e+01
1.205418678843527580e+01
1.205227582957468790e+01
1.205143851910607289e+01
1.205064183634680752e+01
1.204942533383867165e+01
1.204894782392770658e+01
1.204754871508748160e+01
1.204557242075602197e+01
1.204443346384751834e+01
1.204449428154143220e+01
1.204322130373208743e+01
1.204177126131559739e+01
1.204002982905653596e+01
1.203852872910842464e+01
1.203730270994602591e+01
1.203640574294251309e+01
1.203524777187112882e+01
1.203311651906659563e+01
1.203172154748554767e+01
1.203033464077191539e+01
1.202808404806703813e+01
1.202848979621935754e+01
1.202762128133622355e+01
1.202705355535579557e+01
1.202541312208687074e+01
1.202314400822861451e+01
1.202211009895539995e+01
1.202175045609474147e+01
1.201990727397883063e+01
1.201953665514169955e+01
1.201829047542607398e+01
1.201694136195712659e+01
1.201616987668550962e+01
1.201594128345419321e+01
1.201553236526815915e+01
1.201360278304030338e+01
1.201223655747062935e+01
1.201207845283277109e+01
1.201036020780257907e+01
1.200954403072954690e+01
1.200789308118390686e+01
1.200688630235409349e+01
1.200609596309377203e+01
1.200587293647584453e+01
1.200576419151147611e+01
1.200447085623205012e+01
1.200411783910430685e+01
1.200228122823378563e+01
1.200142500477452501e+01
1.200040725797240526e+01
1.199924191511059668e+01
1.199839045280634053e+01
1.199718539472939227e+01
1.199578749375536191e+01
1.199417325330398931e+01
1.199283644796788018e+01
1.199184313886145148e+01
1.199126325062343135e+01
1.199095618419158171e+01
1.198884701999750924e+01
1.198632064689657817e+01
1.198478484288447277e+01
1.198386355655294011e+01
1.198239780811781330e+01
1.198110660050763521e+01
1.197942936753427468e+01
1.197761303468667116e+01
1.197580551041497188e+01
1.197519657684495265e+01
1.197382090763492535e+01
1.197401666247155028e+01
1.197279662352341845e+01
1.197116482617103905e+01
1.196923192081555598e+01
1.196802476316446828e+01
1.196596680257631462e+01
1.196449963639422087e+01
1.196286682180456218e+01
1.196150526267820347e+01
1.195933371205483731e+01
1.195750125036162892e+01
1.195603590980570630e+01
1.195506282552083377e+01
1.195468569816427085e+01
1.195483161157258856e+01
1.195417461698017370e+01
1.195264283836988817e+01
1.195057352216620217e+01
1.194878927366001342e+01
1.194693582095400863e+01
1.194712537511521866e+01
1.194567577044007400e+01
1.168601322174072266e+01
1.166721391677856445e+01
1.167378520965576172e+01
1.158902359008789062e+01
1.153835945129394602e+01
1.153485107421875000e+01
1.149388286045619445e+01
1.145347261428833008e+01
1.144761572943793482e+01
1.144467449188232422e+01
1.144873801144686531e+01
1.144259866078694721e+01
1.144975060683030321e+01
1.147917556762695312e+01
1.146187133789062429e+01
1.145951610803604126e+01
1.148526242200066072e+01
1.148914702733357807e+01
1.147620788373445144e+01
1.146946024894714355e+01
1.146602748689197426e+01
1.145838364687833000e+01
1.148673439025878906e+01
1.147480773925781250e+01
1.147556877136230469e+01
1.146760823176457400e+01
1.147925447534631793e+01
1.148268621308463011e+01
1.147217076400230695e+01
1.146312268575032611e+01
1.145975162136939218e+01
1.146932455897331238e+01
1.146829486615730076e+01
1.147444318322574475e+01
1.147418776920863515e+01
1.148173313670688245e+01
1.148429445318273601e+01
1.148499074735139480e+01
1.148465237250694848e+01
1.149160826206207275e+01
1.149342241519834928e+01
1.149742855344499937e+01
1.149002476625664215e+01
1.149599758061495614e+01
1.149742397732204857e+01
1.149630036561385360e+01
1.150271703841838367e+01
1.150644034147262573e+01
1.150026537447559605e+01
1.149447368621826193e+01
1.148965130600274698e+01
1.149147204252389720e+01
1.149166652391541632e+01
1.149892649827180158e+01
1.149673196619207260e+01
1.149949582985469299e+01
1.149215853841681145e+01
1.148685246500475721e+01
1.149090438778117473e+01
1.149204983711242711e+01
1.149024552204569893e+01
1.148913620364281485e+01
1.148709521217951668e+01
1.148559340834617615e+01
1.148140188363882253e+01
1.148287501479640227e+01
1.147822408533808058e+01
1.147702469545252235e+01
1.147749816507533005e+01
1.148168052945818296e+01
1.147922266033333827e+01
1.148309159278869629e+01
1.148034927942981476e+01
1.147569960516852383e+01
1.147356519063313840e+01
1.147206941403840652e+01
1.146862319847206102e+01
1.146339504535381693e+01
1.146008363554749288e+01
1.145875251293182373e+01
1.145810289736147247e+01
1.146212718544936848e+01
1.146131339705133989e+01
1.145911987622578998e+01
1.145600580327651130e+01
1.145662017201268412e+01
1.145631243168622682e+01
1.145542468807914105e+01
1.145375885052627396e+01
1.145208690431382870e+01
1.145100403880024942e+01
1.144698846858480756e+01
1.144618352254231830e+01
1.144508383121896244e+01
1.144844984757272854e+01
1.145068812370300293e+01
1.145311299550164641e+01
1.145214632579258485e+01
1.144741224038480532e+01
1.145087102890014563e+01
1.144717140953139456e+01
1.144348513846303916e+01
1.144019005599531091e+01
1.143968029205615622e+01
1.143727964673723463e+01
1.143413638168910751e+01
1.143528874120979744e+01
1.143437530376293054e+01
1.143317690683067411e+01
1.143138933181762695e+01
1.143121233931532821e+01
1.143019081013543214e+01
1.143122846046380303e+01
1.143111191297832363e+01
1.143082724032194797e+01
1.142858397549596283e+01
1.142792953589023774e+01
1.142344698663485225e+01
1.142036140666288446e+01
1.141668597857157330e+01
1.141686439514160156e+01
1.141801977157592773e+01
1.142264121916235986e+01
1.142153894516729551e+01
1.142178546905517500e+01
1.142073789475456103e+01
1.141968823981097358e+01
1.142053262144327164e+01
1.141873073577880859e+01
1.141580550120426985e+01
1.141446254817584105e+01
1.141548517978552546e+01
1.141642417047256863e+01
1.141721237951250245e+01
1.141807207178186445e+01
1.141813018742729646e+01
1.141702573316810820e+01
1.141732169579768552e+01
1.141686529392818805e+01
1.141840609822954455e+01
1.142017482865786704e+01
1.142119906653820571e+01
1.141950917410683886e+01
1.141914959086312109e+01
1.141536581762905733e+01
1.141468784253891222e+01
1.141448361533028688e+01
1.141425209432034826e+01
1.141427963692069802e+01
1.141688824971516958e+01
1.141425161803794985e+01
1.141469349359211094e+01
1.141455495123769737e+01
1.141775039573768602e+01
1.141529291214481390e+01
1.141521820655235864e+01
1.141727668616422342e+01
1.141854643519920565e+01
1.142223741423408967e+01
1.142091170549392665e+01
1.141934629997111195e+01
1.141790161015075000e+01
1.141637535914321688e+01
1.141793040531437597e+01
1.141620883941650355e+01
1.141775540845939929e+01
1.141663666114121867e+01
1.141475894905271993e+01
1.141311988604844707e+01
1.141177622851203388e+01
1.141039316835459161e+01
1.141040166034254888e+01
1.140957226505169331e+01
1.141213533248024348e+01
1.140989625113351025e+01
1.140719730745662375e+01
1.140595864441435303e+01
1.140326262591929840e+01
1.140084697147987391e+01
1.140023078918457067e+01
1.139993585407404630e+01
1.140109522264082287e+01
1.140039949469227665e+01
1.140111638152080964e+01
1.139968529778557915e+01
1.139839897360852916e+01
1.139827116287965758e+01
1.139580852427381075e+01
1.139857362817834918e+01
1.139859184465910324e+01
1.139627066707111780e+01
1.139474430183569531e+01
1.139294893630428085e+01
1.139051499809186474e+01
1.139166571788298832e+01
1.139361476898193359e+01
1.139524532453662786e+01
1.139301585187815569e+01
1.139466616376560459e+01
1.139513856410980175e+01
1.139490396585037502e+01
1.139344021353391057e+01
1.139227357873775759e+01
1.138990869241602333e+01
1.138758501657625466e+01
1.138597307390379676e+01
1.138648905731053773e+01
1.138707781755007176e+01
1.138481316269870014e+01
1.138674165180751174e+01
1.138663763344570334e+01
1.138577045134778309e+01
1.138496985457872590e+01
1.138617569932313778e+01
1.138563852975534907e+01
1.138334571873700263e+01
1.138118871346047456e+01
1.137844898503854729e+01
1.137827295799777971e+01
1.137885280955921452e+01
1.137814496760994132e+01
1.137631252649668134e+01
1.137526847001148411e+01
1.137410641568047609e+01
1.137386257595486150e+01
1.137542211903934941e+01
1.137308609328080955e+01
1.137156000053673388e+01
1.137002777116267360e+01
1.137263009029886085e+01
1.137171450115385518e+01
1.137094376416041897e+01
1.136923255838549629e+01
1.136984941286918449e+01
1.136793460845947301e+01
1.136605048179626465e+01
1.136490099943136833e+01
1.136390111827048877e+01
1.136539966790745915e+01
1.136281369527180907e+01
1.136050851513241255e+01
1.136091625591940080e+01
1.136039064352404360e+01
1.135972225470621133e+01
1.136112534659249462e+01
1.135965935001528315e+01
1.136099345095244573e+01
1.136041115945385371e+01
1.136158890322030324e+01
1.136086924362182593e+01
1.136055417839749460e+01
1.136095241137913270e+01
1.136005438929018752e+01
1.135783641544852607e+01
1.135581734975179025e+01
1.135439800098538399e+01
1.135384683571900766e+01
1.135381022164987996e+01
1.135254879439659526e+01
1.135053208057697027e+01
1.135136290436960316e+01
1.135190007522816025e+01
1.135144286282615589e+01
1.134933003873535995e+01
1.134882654513952893e+01
1.134712159006219245e+01
1.134501904405458106e+01
1.134245919469577224e+01
1.134068760995971203e+01
1.133871562745835959e+01
1.133745010840496903e+01
1.133668935298919678e+01
1.133574506040021213e+01
1.133414867846635055e+01
1.133317952936345918e+01
1.133347989165264558e+01
1.133229200590388430e+01
1.133032306149709179e+01
1.132945759065689550e+01
1.132767299583979970e+01
1.132858686005941884e+01
1.133031201869883375e+01
1.133181564883713932e+01
1.133067657913960247e+01
1.132932461186459250e+01
1.132814304978697528e+01
1.132764094881064310e+01
1.132637131545278741e+01
1.132558368894055612e+01
1.132401068128388566e+01
1.132384177991205121e+01
1.132319625109842320e+01
1.132356638143493832e+01
1.132182422624964246e+01
1.132126024213887838e+01
1.132045517418835701e+01
1.132001405452638387e+01
1.131835174880571770e+01
1.131739384195078912e+01
1.131546224276224777e+01
1.131455051067263540e+01
1.131554262211780681e+01
1.131589255631953606e+01
1.131273144169857581e+01
1.131149391424460404e+01
1.130993768592285953e+01
1.130975528493378057e+01
1.130932806993459749e+01
1.130706240521279682e+01
1.130602601266676466e+01
1.130431301877429640e+01
1.130304040052951997e+01
1.130232926755667577e+01
1.130158907896394105e+01
1.130110110328310924e+01
1.130139814449261948e+01
1.130053299985097404e+01
1.129873062229756364e+01
1.129732511036074705e+01
1.129753258228302037e+01
1.129671423011851061e+01
1.129774505603387524e+01
1.129708133614838239e+01
1.129630075560675806e+01
1.129600604424109811e+01
1.129710570434851213e+01
1.129771706525703401e+01
1.129585984858070979e+01
1.129556378767483160e+01
1.129641272804953900e+01
1.129581220920712603e+01
1.129501447907413336e+01
1.129385292637455507e+01
1.129280401275543433e+01
1.129199822553947818e+01
1.129184529611042542e+01
1.129354597765189538e+01
1.129367258703920207e+01
1.129261082955869533e+01
1.129158636261435156e+01
1.128971643811446768e+01
1.128881902025456974e+01
1.128799859705888764e+01
1.128838450686876094e+01
1.128836795419886485e+01
1.128665037100025614e+01
1.128605801365217509e+01
1.128525152151611977e+01
1.128495954442502480e+01
1.128468129021780797e+01
1.128543176406469151e+01
1.128507816520604301e+01
1.128312052815899236e+01
1.128258465642982955e+01
1.128194266843124183e+01
1.128221775440687580e+01
1.128143922821814193e+01
1.127991302319745159e+01
1.127901916982071562e+01
1.127830944591098294e+01
1.127830569829967189e+01
1.127761427737072708e+01
1.127741525192891281e+01
1.127692127751780049e+01
1.127562804809988428e+01
1.127405472791911478e+01
1.127399657402766131e+01
1.127320124532865364e+01
1.127257885713241237e+01
1.127053933530240393e+01
1.127037342667900965e+01
1.126864939607599680e+01
1.126742075339718774e+01
1.126663857730314611e+01
1.126747081756591840e+01
1.126805194388044562e+01
1.126812758306609474e+01
1.126816031541773810e+01
1.126672657938934563e+01
1.126508192012184573e+01
1.126429927004916820e+01
1.126407833748463005e+01
1.126530115909426932e+01
1.126439421370600336e+01
1.153211402893066406e+01
1.120038032531738281e+01
1.124070994059244732e+01
1.109278726577758789e+01
1.102727336883544851e+01
1.105017264684041400e+01
1.103025041307721743e+01
1.100172483921051025e+01
1.098605314890543561e+01
1.097219305038452219e+01
1.099123200503262687e+01
1.098186763127644916e+01
1.099613285064697266e+01
1.101606716428484312e+01
1.100387808481852225e+01
1.100341528654098511e+01
1.104834517310647435e+01
1.105048418045043945e+01
1.104666900634765625e+01
1.103731117248535121e+01
1.103304390680222369e+01
1.101916581934148631e+01
1.105006147467571687e+01
1.103400735060373883e+01
1.103588668823242180e+01
1.102600893607506372e+01
1.105099409597891302e+01
1.104981493949890137e+01
1.105147236791150256e+01
1.104695768356323171e+01
1.105381854887931503e+01
1.106422498822212219e+01
1.106007526860092582e+01
1.106263780593872070e+01
1.106052025386265392e+01
1.107094995180765729e+01
1.107800664128483881e+01
1.107081112108732590e+01
1.107065252157357982e+01
1.107380945682525564e+01
1.107886132961366243e+01
1.108962479091825948e+01
1.108801735279172007e+01
1.109956988421353508e+01
1.108913421630859375e+01
1.109138783164646291e+01
1.109858516936606598e+01
1.109264846642812152e+01
1.108337748780542498e+01
1.107952461242675746e+01
1.107975385703292481e+01
1.107878538278433034e+01
1.107243545100373971e+01
1.108091092992711957e+01
1.108452522971413323e+01
1.108440727846963014e+01
1.107926377078943148e+01
1.106790297606895734e+01
1.105959842164637763e+01
1.105557586352030519e+01
1.105328211237172553e+01
1.104710741966001386e+01
1.104583697848849866e+01
1.104643748700618744e+01
1.104343562492957531e+01
1.104836791934389062e+01
1.104666358321460251e+01
1.104008877978605341e+01
1.103621969361236133e+01
1.103970906393868567e+01
1.104101999041060367e+01
1.104590441120995337e+01
1.104488355819493073e+01
1.104024927036182291e+01
1.103804753621419188e+01
1.103469698052657222e+01
1.103057601235129681e+01
1.102714531238262552e+01
1.102632184571857721e+01
1.102431893348693848e+01
1.102410013881730499e+01
1.103377523654844694e+01
1.103487135416053810e+01
1.103689978236243796e+01
1.103586813982795256e+01
1.103612782234369405e+01
1.103468217520878270e+01
1.103323513811284862e+01
1.103106871615634788e+01
1.102861566543579031e+01
1.102703516823904906e+01
1.102458583790322955e+01
1.102754501629901185e+01
1.102495079852165105e+01
1.102881349262438349e+01
1.103433227539062500e+01
1.103839013011185166e+01
1.103829734179438304e+01
1.103538592174799682e+01
1.103792430877685504e+01
1.103563542885355453e+01
1.103418630712172543e+01
1.102948609139155423e+01
1.103021003649785037e+01
1.102914481390090273e+01
1.102620276864969462e+01
1.103147361434508689e+01
1.103168769235964142e+01
1.103020655780757231e+01
1.102966944954611961e+01
1.103078654864886943e+01
1.103327253886631532e+01
1.103422514316254954e+01
1.103452127021655649e+01
1.103749104375424572e+01
1.103486501759496186e+01
1.103621060624081807e+01
1.103252375327934587e+01
1.103160900628867225e+01
1.102850267887115443e+01
1.102580687625349043e+01
1.102730662705468312e+01
1.103111003472553087e+01
1.103183627897693242e+01
1.103260690307617153e+01
1.103308750334240074e+01
1.103127273048941603e+01
1.103579615801572800e+01
1.103313336631124386e+01
1.102981744912954554e+01
1.102840056674171088e+01
1.102906335483897848e+01
1.103053949829330982e+01
1.103331276196152366e+01
1.103282503905119682e+01
1.103119159446043085e+01
1.103023808890015545e+01
1.103181007634038480e+01
1.103005314559387706e+01
1.103218506404331833e+01
1.103298873089729426e+01
1.103488314319664276e+01
1.103334267489560006e+01
1.103339889976713373e+01
1.103064560725771059e+01
1.103002320903621225e+01
1.102972687182783318e+01
1.102871630642865242e+01
1.102858141444673556e+01
1.103101466496785399e+01
1.103122795812341472e+01
1.103125005646755774e+01
1.103123416152654990e+01
1.103063632296277419e+01
1.102795170199486563e+01
1.102694211862026030e+01
1.102921390533447266e+01
1.102761909026133935e+01
1.103021766854532082e+01
1.103043184280395472e+01
1.103015022988645200e+01
1.102790850180166693e+01
1.102708662653261840e+01
1.102891976077382097e+01
1.102885092532996048e+01
1.103184230069079952e+01
1.103120007771931732e+01
1.102825285707201353e+01
1.102806161846634936e+01
1.102694278604844058e+01
1.102855057186550525e+01
1.102892554083535792e+01
1.102790710140514996e+01
1.102965579635795557e+01
1.102814456939697330e+01
1.102531791817058249e+01
1.102509241050246125e+01
1.102290162075771462e+01
1.102092806853395679e+01
1.102064061694674990e+01
1.102222055361415798e+01
1.102261369830959481e+01
1.102279322785757998e+01
1.102524757903555219e+01
1.102726531673122068e+01
1.102720735406362884e+01
1.102729836122237472e+01
1.102592290208694870e+01
1.102916769502024152e+01
1.102823223816721132e+01
1.102793419423527688e+01
1.102649783591429333e+01
1.102433768455228602e+01
1.102297890554998361e+01
1.102616341908772846e+01
1.102919935206977620e+01
1.103183909963230214e+01
1.102932725771509048e+01
1.103146538662551102e+01
1.103231383800506649e+01
1.103195382113480427e+01
1.103266327924067447e+01
1.103049939254234602e+01
1.102941504179262644e+01
1.102659764638761253e+01
1.102472933519233855e+01
1.102782004812489447e+01
1.102879178524017334e+01
1.102856185219504681e+01
1.102921158472696916e+01
1.102732950364243969e+01
1.102707432351022376e+01
1.102600545390670916e+01
1.102810024992327875e+01
1.102860746605451681e+01
1.102698066941013977e+01
1.102660322848552887e+01
1.102359364885802684e+01
1.102324604226029692e+01
1.102421079115434210e+01
1.102337854911838733e+01
1.102146815824079162e+01
1.102163965285091685e+01
1.102137773803302245e+01
1.102146001180013002e+01
1.102380970305046226e+01
1.102257713872430678e+01
1.102196211145635196e+01
1.102153741844876933e+01
1.102531149905660790e+01
1.102490971305153522e+01
1.102418700168872689e+01
1.102359091877425712e+01
1.102585608735043721e+01
1.102613895903242458e+01
1.102445869122521316e+01
1.102471711363973483e+01
1.102418181074767567e+01
1.102624053236829660e+01
1.102311168511708495e+01
1.102062105044289808e+01
1.102175113583399302e+01
1.102082263491281289e+01
1.102059001219077139e+01
1.102228887519057920e+01
1.102151197340430322e+01
1.102373769505303969e+01
1.102379159389003682e+01
1.102469035229050931e+01
1.102407392883300830e+01
1.102352838402250335e+01
1.102506320817130003e+01
1.102423476042012496e+01
1.102165879602507381e+01
1.101976994907154683e+01
1.101832468435168266e+01
1.101741315418644263e+01
1.101588220004887475e+01
1.101416567577818562e+01
1.101370063928457377e+01
1.101376307695761447e+01
1.101516715988858053e+01
1.101374963027896037e+01
1.101145657264825140e+01
1.101082877393038828e+01
1.100912854904519023e+01
1.100852288378311883e+01
1.100586576248282888e+01
1.100541224355591297e+01
1.100338892053674833e+01
1.100206503920889389e+01
1.100156735322054757e+01
1.100050452864650374e+01
1.099928053626178759e+01
1.099926383625377291e+01
1.100060049347255564e+01
1.100110260932454054e+01
1.099980657563792796e+01
1.099920324099961100e+01
1.099883240291050512e+01
1.099975363979135956e+01
1.100256607380319096e+01
1.100491446235575843e+01
1.100390643804845681e+01
1.100327457628752015e+01
1.100197606653600246e+01
1.100356767900314026e+01
1.100293742285834497e+01
1.100268559967357795e+01
1.100100767201390717e+01
1.100203848704439658e+01
1.100237859111942740e+01
1.100439272480206299e+01
1.100366899594157744e+01
1.100421629113666100e+01
1.100311577964473386e+01
1.100355187811032742e+01
1.100423434276708790e+01
1.100325085885548759e+01
1.100160985310872341e+01
1.100120687643158846e+01
1.100152555048860492e+01
1.100380120104295578e+01
1.100188127316926590e+01
1.100182360352062716e+01
1.100139236761853567e+01
1.100052883570667994e+01
1.099901271176028494e+01
1.099802328930703510e+01
1.099751678589851700e+01
1.099603377584475794e+01
1.099581275536463743e+01
1.099530500040267533e+01
1.099421024626227705e+01
1.099410829392690481e+01
1.099605875981004921e+01
1.099540278738605537e+01
1.099502782101901133e+01
1.099471765775291843e+01
1.099484639763832128e+01
1.099420605121743222e+01
1.099552174976893859e+01
1.099536469108180015e+01
1.099508556318871833e+01
1.099525728372427125e+01
1.099778231813863805e+01
1.099812964051506192e+01
1.099663906853373518e+01
1.099628762706072571e+01
1.099814957994403208e+01
1.099778785878437937e+01
1.099705913555191295e+01
1.099708558560849703e+01
1.099621663407651262e+01
1.099502061302982092e+01
1.099648792403084840e+01
1.099777896892423179e+01
1.099874592391696915e+01
1.099784600699545756e+01
1.099631296606624886e+01
1.099537134310367215e+01
1.099422800610637019e+01
1.099377133338861512e+01
1.099510970781015828e+01
1.099620371279509179e+01
1.099521779738409677e+01
1.099489038615817726e+01
1.099457323962244537e+01
1.099447527724214169e+01
1.099454925809587813e+01
1.099639041878898560e+01
1.099542753533883577e+01
1.099350571835007351e+01
1.099267813310784803e+01
1.099302566152223370e+01
1.099523130427585471e+01
1.099450901309315221e+01
1.099320351478107760e+01
1.099256051151201241e+01
1.099175031185150075e+01
1.099248834594134827e+01
1.099187132008168000e+01
1.099371519430281374e+01
1.099418563371176205e+01
1.099295177982278027e+01
1.099225180266333446e+01
1.099224247529656040e+01
1.099110080884850582e+01
1.099011770108850961e+01
1.098911239263173734e+01
1.098885809443389050e+01
1.098702213584735787e+01
1.098646420895573961e+01
1.098592680915791675e+01
1.098689948781331438e+01
1.098799460238598691e+01
1.098868595953013028e+01
1.098939084502124253e+01
1.098876058080265494e+01
1.098868064629404095e+01
1.098870067145880824e+01
1.098922957425342162e+01
1.099094735237699183e+01
1.099011752780598350e+01
1.120047855377197266e+01
1.101376771926879883e+01
1.105686918894449811e+01
1.099428915977478027e+01
1.086607952117919851e+01
1.088489198684692383e+01
1.085013294219970703e+01
1.083850908279418945e+01
1.086181820763481909e+01
1.082500104904174876e+01
1.082865376905961519e+01
1.081074396769205670e+01
1.081932207254263112e+01
1.084001111984252930e+01
1.084181086222330670e+01
1.082961809635162354e+01
1.086640700171975560e+01
1.087258323033650775e+01
1.088040176190827957e+01
1.086734571456909215e+01
1.087216631571451764e+01
1.085860902612859569e+01
1.087385442982549222e+01
1.085568213462829590e+01
1.085836421966552656e+01
1.085865394885723489e+01
1.087937768300374408e+01
1.086778494289943175e+01
1.086287314316322039e+01
1.085576995213826557e+01
1.085140212889640488e+01
1.086690405011177063e+01
1.087072470693877335e+01
1.088018930659574579e+01
1.087609953199114088e+01
1.088265185885959241e+01
1.088807219427985196e+01
1.089103590814690925e+01
1.088616366264147572e+01
1.089513154029846120e+01
1.089579447304330273e+01
1.090935416448683881e+01
1.090313563235970484e+01
1.091191931204362398e+01
1.090423253377278634e+01
1.090702857141909377e+01
1.091122856545955599e+01
1.091057336330413818e+01
1.090490668160574828e+01
1.089928157806396491e+01
1.089906116560393734e+01
1.089699004246638303e+01
1.088992687441268004e+01
1.089805876767193915e+01
1.090053643313321174e+01
1.089758990492139468e+01
1.089474639557955626e+01
1.089306717905505018e+01
1.090130469758631904e+01
1.089691565831502196e+01
1.089884612599357183e+01
1.089827571376677540e+01
1.089570258912586098e+01
1.089502222836017609e+01
1.089125207754281810e+01
1.089352220477479882e+01
1.089068388583055125e+01
1.088352618497960655e+01
1.088955707826476171e+01
1.089004344940185476e+01
1.089251719730001078e+01
1.090024394459194568e+01
1.090010981363792908e+01
1.089776737625534508e+01
1.089466243743896534e+01
1.089665727866323408e+01
1.089116101450734320e+01
1.088949979879917329e+01
1.088820700102214545e+01
1.088702832460403513e+01
1.088820040667498468e+01
1.088831648012486930e+01
1.088855969762227538e+01
1.088954438482012144e+01
1.088949330273796612e+01
1.089033531588177262e+01
1.088669414081792652e+01
1.088641449538144279e+01
1.088401597269465348e+01
1.088443726433647996e+01
1.088406406654106462e+01
1.088272676260575089e+01
1.088258250041674557e+01
1.088183769266656142e+01
1.088161690360621314e+01
1.088734975457191467e+01
1.088861176402298447e+01
1.088856693189971381e+01
1.088780767267400584e+01
1.088808574676513707e+01
1.088586374792722111e+01
1.088118750441308080e+01
1.087451485754216840e+01
1.087430964066432004e+01
1.087267758505685045e+01
1.086738366900749853e+01
1.086882890719119565e+01
1.086690364943610376e+01
1.086525028998698694e+01
1.086488840796730670e+01
1.086465667174743110e+01
1.086421804768698607e+01
1.086853670440943809e+01
1.086843675479554250e+01
1.087355963665506131e+01
1.087160972069049691e+01
1.087356200584998511e+01
1.087114306627693772e+01
1.087095425709956764e+01
1.086710656483968052e+01
1.086657576127485747e+01
1.087149499674312381e+01
1.087724068494347129e+01
1.087843778056483046e+01
1.088083506011962953e+01
1.088068224134899253e+01
1.088058619611845224e+01
1.088681017607450485e+01
1.088303628818009194e+01
1.088239914087148819e+01
1.088054546327081340e+01
1.088200488235011321e+01
1.088498109803163949e+01
1.088971535127554446e+01
1.089001404091163927e+01
1.088909533444572908e+01
1.088910585946410237e+01
1.088950190336807999e+01
1.088947484819151512e+01
1.089174348967415895e+01
1.089131325525594995e+01
1.089099360183930720e+01
1.089243688116540376e+01
1.089310458633634759e+01
1.089248933463261082e+01
1.089153485755397810e+01
1.089166669131947174e+01
1.089132258054372393e+01
1.088981027411134406e+01
1.089082805633544915e+01
1.089054024298459566e+01
1.089105827557413164e+01
1.089166855032927117e+01
1.089412635332578105e+01
1.089134415042015824e+01
1.088831151448763279e+01
1.089028038948204902e+01
1.089180216608168195e+01
1.089760236320255693e+01
1.089806804656982386e+01
1.089709556769139986e+01
1.089649187488320514e+01
1.089743409420083609e+01
1.090114252741743961e+01
1.090117495565703365e+01
1.090140708096056166e+01
1.090228432523990065e+01
1.089975577876681356e+01
1.089911658947284323e+01
1.089745644401101465e+01
1.089712181983635375e+01
1.089787231489669495e+01
1.089719601449249708e+01
1.089939896265665631e+01
1.089862133571079816e+01
1.089793901009993071e+01
1.089685611940373100e+01
1.089446039414137957e+01
1.089253535883386625e+01
1.089182178179422955e+01
1.089273309971087578e+01
1.089556982229044202e+01
1.089546157232399182e+01
1.089865822895713521e+01
1.090084488842938448e+01
1.090027927070535618e+01
1.089995159822351845e+01
1.089807948660343229e+01
1.090147567426086184e+01
1.090140760321366109e+01
1.090045775668159145e+01
1.089809817572434802e+01
1.089561959993036311e+01
1.089406050357622036e+01
1.089734115600585973e+01
1.090022083204619818e+01
1.090443153671806797e+01
1.090153765919232676e+01
1.090357659210511798e+01
1.090455168247222950e+01
1.090450181059576451e+01
1.090429719603887904e+01
1.090227101706518908e+01
1.090168688344020431e+01
1.089985145010599332e+01
1.089819830829657477e+01
1.089971161810096412e+01
1.090209158108784671e+01
1.090085318442166695e+01
1.090300011407761360e+01
1.090280242666814026e+01
1.090060595746310312e+01
1.090114805731974812e+01
1.090382148172253807e+01
1.090364960958791407e+01
1.090161412733572455e+01
1.090042715907646276e+01
1.089958201854600794e+01
1.089938328799591716e+01
1.090228107192299589e+01
1.090023448564348207e+01
1.089916325904227534e+01
1.089897601807598626e+01
1.089747155138424439e+01
1.089835461510552328e+01
1.090084215603043560e+01
1.089801172012799668e+01
1.089937509151927131e+01
1.089915704935398644e+01
1.090296768105548431e+01
1.090140367896009899e+01
1.090150360403389840e+01
1.090107507255456021e+01
1.090382925261799052e+01
1.090243033145336327e+01
1.090131099749419619e+01
1.090130625294230704e+01
1.090066516699911148e+01
1.090297521008607262e+01
1.090122243563334159e+01
1.089864053765767871e+01
1.089947871925417111e+01
1.089811073899759641e+01
1.089815181982321768e+01
1.090037524554194270e+01
1.090008623231717166e+01
1.090291167656902438e+01
1.090194720606650058e+01
1.090511373343716706e+01
1.090390206146240182e+01
1.090287859031403706e+01
1.090442271459670209e+01
1.090284816455464068e+01
1.090133339589036332e+01
1.090004698435465436e+01
1.090013268217444420e+01
1.089888854342211921e+01
1.089777758694434340e+01
1.089586630567160341e+01
1.089519138336181570e+01
1.089675326000228317e+01
1.089876058083454247e+01
1.089856420089083500e+01
1.089775751937519388e+01
1.089827273746706382e+01
1.089698794372099755e+01
1.089608254236228468e+01
1.089366538133194240e+01
1.089324227584782179e+01
1.089169896443684848e+01
1.089082428274119430e+01
1.088975507020950317e+01
1.088913539914421058e+01
1.088962404223254055e+01
1.089044341347434219e+01
1.089184066523676364e+01
1.089197020410200345e+01
1.089052477500421467e+01
1.088952726275262783e+01
1.088929477759769959e+01
1.089105309455844406e+01
1.089274027668837874e+01
1.089443680254393598e+01
1.089342280508766692e+01
1.089255895781935379e+01
1.089125216424048403e+01
1.089189764016181350e+01
1.089052246676551050e+01
1.088886519369369488e+01
1.088704521902676348e+01
1.088850571609444629e+01
1.088811357707193395e+01
1.089020013320974911e+01
1.088827466964721680e+01
1.088954536631955961e+01
1.088928623135025475e+01
1.088901665234806515e+01
1.089025129727869157e+01
1.088855301018143962e+01
1.088770324071248297e+01
1.088855744041873841e+01
1.088991892100959369e+01
1.089289585277192351e+01
1.089098106559954182e+01
1.089129165899558060e+01
1.089142310697268812e+01
1.089118596241606163e+01
1.088990304686806354e+01
1.088869802542874687e+01
1.088736643329743359e+01
1.088725571157081262e+01
1.088509089213151171e+01
1.088493058628167631e+01
1.088492962661062791e+01
1.088470716325063492e+01
1.088632074488869250e+01
1.088597737201004811e+01
1.088478735857789559e+01
1.088458416977646159e+01
1.088453406691551173e+01
1.088291739823290882e+01
1.088466151456655240e+01
1.088427165713472711e+01
1.088428003111003406e+01
1.088325435638427763e+01
1.088572206672715303e+01
1.088656132374334717e+01
1.088491712837684489e+01
1.088575723758222047e+01
1.088788258523651997e+01
1.088842449015360891e+01
1.088829803754048164e+01
1.088708785059931827e+01
1.088718065101943289e+01
1.088609673514294940e+01
1.088746622062864766e+01
1.088972528610455903e+01
1.089057863675630955e+01
1.089038784736025711e+01
1.088964184031767068e+01
1.088826203276335036e+01
1.088709677590264135e+01
1.088651454413944997e+01
1.088828182497689845e+01
1.089016847748687233e+01
1.088897334357906566e+01
1.088754244153025574e+01
1.088707417181168502e+01
1.088696163363306368e+01
1.088714834485735139e+01
1.088912045514142157e+01
1.088835233991796336e+01
1.088746941866347839e+01
1.088686946017593904e+01
1.088671468009411392e+01
1.088830023401238911e+01
1.088703521760571924e+01
1.088646657773236370e+01
1.088473205778924147e+01
1.088451543384128151e+01
1.088573366519156593e+01
1.088500367212032138e+01
1.088787831550787288e+01
1.088760903641417777e+01
1.088619941815938041e+01
1.088523279513166209e+01
1.088511656675416717e+01
1.088425200140994598e+01
1.088370956637995057e+01
1.088236079087128516e+01
1.088195105190225753e+01
1.088102739087996973e+01
1.088025996640284632e+01
1.087938031283291984e+01
1.088089098866780624e+01
1.088206497912711335e+01
1.088378520479885303e+01
1.088505849636420919e+01
1.088409270837627751e+01
1.088437126561215074e+01
1.088406732764456919e+01
1.088554104710124548e+01
1.088726942595240388e+01
1.088606455941590312e+01
1.142850399017333984e+01
1.113347339630126953e+01
1.114845657348632812e+01
1.102779150009155273e+01
1.087330360412597585e+01
1.087593507766723633e+01
1.082834243774414062e+01
1.078818023204803467e+01
1.079433419969346808e+01
1.078387899398803640e+01
1.076369484988125969e+01
1.076500503222147564e+01
1.075641287290132908e+01
1.078391626902988953e+01
1.078251883188883475e+01
1.079143029451370239e+01
1.078470684500301502e+01
1.077800130844116211e+01
1.076969744029798015e+01
1.076239190101623500e+01
1.074236824398949075e+01
1.073381471633911133e+01
1.075519026880678908e+01
1.074102556705474854e+01
1.075761398315429673e+01
1.075240003145658108e+01
1.078565996664541693e+01
1.078075514520917544e+01
1.078781598189781477e+01
1.077669680913289341e+01
1.078300282262986620e+01
1.079181244969367981e+01
1.079209608020204492e+01
1.080255062439862357e+01
1.079634037017822301e+01
1.080906150076124383e+01
1.082522848490122236e+01
1.082619890413786301e+01
1.082997368543576044e+01
1.083781614303588903e+01
1.084502320173310075e+01
1.086363538106282611e+01
1.085702441459478251e+01
1.086900180036371388e+01
1.086422108544243770e+01
1.086127716562022272e+01
1.087387472517946918e+01
1.087137633562088013e+01
1.086301484399912276e+01
1.086346090316772539e+01
1.085404629800833831e+01
1.085075479287367628e+01
1.085017661328585703e+01
1.086029776820430115e+01
1.085644226074218821e+01
1.086064665658133421e+01
1.085975866150437774e+01
1.085381716695325061e+01
1.086362206733832991e+01
1.085945510864257812e+01
1.085942601375892558e+01
1.086075482829924610e+01
1.085055828094482422e+01
1.084913311898708344e+01
1.084695598895733148e+01
1.085292362444328518e+01
1.084909672523612478e+01
1.084382632199455720e+01
1.084534497191940616e+01
1.084619909014020678e+01
1.084655475616455078e+01
1.085140654775831415e+01
1.085144082160845258e+01
1.085554561099490556e+01
1.085675014495849666e+01
1.085827309206912439e+01
1.085284360662683234e+01
1.084976196289062500e+01
1.084526054768622672e+01
1.084545910358428955e+01
1.084325192298418195e+01
1.084737438108862939e+01
1.084379510994417117e+01
1.084551586423601499e+01
1.084072511336382760e+01
1.084698486328125000e+01
1.084382224905079894e+01
1.084284563498063569e+01
1.083872882971602891e+01
1.083633803261650996e+01
1.083735495347243116e+01
1.083368581274281439e+01
1.083554995957241296e+01
1.083064704245709287e+01
1.083109210164923475e+01
1.083687448501586914e+01
1.084197262636165071e+01
1.084272903325606308e+01
1.084028148651123047e+01
1.084250462532043535e+01
1.084044733141908523e+01
1.083931524613324271e+01
1.083183708931635891e+01
1.082742593838618284e+01
1.082667905716668955e+01
1.082288687184171927e+01
1.082853065027254758e+01
1.083028168148464587e+01
1.083114924999552109e+01
1.083422419808127657e+01
1.083846774401965440e+01
1.084131453718457827e+01
1.084400565223356239e+01
1.084749799025686201e+01
1.085322413237198624e+01
1.085035814087966344e+01
1.085339523380638127e+01
1.084747063911567366e+01
1.084798035501431990e+01
1.084600604375203403e+01
1.084708926303327559e+01
1.085276193306094328e+01
1.085658133126855951e+01
1.085731144105234414e+01
1.085863273620605440e+01
1.085775538853236633e+01
1.085701148716483466e+01
1.086168836802244186e+01
1.085678304627884216e+01
1.085682626870962331e+01
1.085634959563044255e+01
1.085776235118056832e+01
1.085822278933417451e+01
1.086065928615740894e+01
1.086104111848054110e+01
1.086308839741875154e+01
1.086303613481730501e+01
1.086674681953761912e+01
1.086638889724402190e+01
1.087025642395019531e+01
1.087004748134748233e+01
1.086832671769907854e+01
1.086871234520331875e+01
1.086744550201627924e+01
1.086542941126330142e+01
1.086383767977152814e+01
1.086489037105015321e+01
1.086467434264518062e+01
1.086132385586732241e+01
1.086498311996459876e+01
1.086319934769182005e+01
1.086306781517831865e+01
1.086400454028759199e+01
1.086500526403451872e+01
1.086205845494424160e+01
1.086153098864433098e+01
1.086282447644859417e+01
1.086386800717703949e+01
1.086626350354848469e+01
1.086646008491516113e+01
1.086712276861534399e+01
1.086436834453064648e+01
1.086216269534058299e+01
1.086604372466482715e+01
1.086595708673650584e+01
1.086777914575783655e+01
1.086683408086171454e+01
1.086417591004144612e+01
1.086292711517514498e+01
1.086234954946181297e+01
1.086415715245475511e+01
1.086310606779054133e+01
1.086040378857210165e+01
1.086507024436161473e+01
1.086183691842215460e+01
1.086117886413227396e+01
1.085898354632706209e+01
1.085745057631074673e+01
1.085546305459304861e+01
1.085527283350626604e+01
1.085573618978426680e+01
1.085709442935147173e+01
1.085779861804566160e+01
1.085946089806764014e+01
1.086240387478390268e+01
1.086044259737896667e+01
1.085938489883341340e+01
1.085876811311600143e+01
1.086218718876914302e+01
1.086159482253225228e+01
1.086139920619145727e+01
1.085811570783456226e+01
1.085626977218865186e+01
1.085389478919432271e+01
1.085622358566675416e+01
1.085790551438623552e+01
1.086124215876390409e+01
1.086107042100694464e+01
1.086383731401146413e+01
1.086315835952758846e+01
1.086203187022043082e+01
1.086137290048127113e+01
1.085844735206641509e+01
1.085716014749863589e+01
1.085602800322742034e+01
1.085515513003451105e+01
1.085821621659873237e+01
1.085894624545023923e+01
1.085797099519574438e+01
1.086110467002505331e+01
1.086356411161015956e+01
1.086160028655574017e+01
1.086142565498889390e+01
1.086370881695613733e+01
1.086406494406766754e+01
1.086362514672456037e+01
1.086117207399711049e+01
1.085918444012283146e+01
1.085778903090246139e+01
1.085699132139032486e+01
1.085604606818289852e+01
1.085516568347140520e+01
1.085541792728441202e+01
1.085415352242333498e+01
1.085324456108940971e+01
1.085596823059352012e+01
1.085186865466281780e+01
1.085085161108719731e+01
1.084864128729141441e+01
1.085189113202302380e+01
1.084931739790614991e+01
1.084815783747311357e+01
1.084721459646593367e+01
1.085011528292272764e+01
1.085013507680690026e+01
1.084924626754502164e+01
1.084876415397547511e+01
1.084837564901143558e+01
1.085095952644507733e+01
1.084856923023859743e+01
1.084592501454333480e+01
1.084758825144491823e+01
1.084715718398859430e+01
1.084759271340291953e+01
1.084915112086704880e+01
1.084705905991841135e+01
1.084840111597346812e+01
1.084867126326407138e+01
1.085039457068385893e+01
1.084985928726196214e+01
1.084922396139319645e+01
1.085049419932895276e+01
1.084854236044902542e+01
1.084632207089521749e+01
1.084289893356024059e+01
1.084344862028956413e+01
1.084413378155185015e+01
1.084320734822472865e+01
1.084207876124437320e+01
1.084095404331500667e+01
1.084347449043244715e+01
1.084526781635429948e+01
1.084534691132520123e+01
1.084462133320895028e+01
1.084316392214793012e+01
1.084101236673225976e+01
1.083897765656089085e+01
1.083835932034165062e+01
1.083707052181201291e+01
1.083670797348022496e+01
1.083593833402514051e+01
1.083406411549624337e+01
1.083314387352911901e+01
1.083301134527164677e+01
1.083314775293523624e+01
1.083415607438571193e+01
1.083405235097726838e+01
1.083200285932142926e+01
1.083119281303925341e+01
1.083075724669865281e+01
1.083150918967358933e+01
1.083426754187184926e+01
1.083706828814934475e+01
1.083526302727175405e+01
1.083514165041739474e+01
1.083362551335688195e+01
1.083449454756148533e+01
1.083350232574674799e+01
1.083328096924356032e+01
1.083115360654633541e+01
1.083291249094959774e+01
1.083233282664050812e+01
1.083414503820113417e+01
1.083316617758095646e+01
1.083337923793469493e+01
1.083258327600118243e+01
1.083316355682783971e+01
1.083412461312825315e+01
1.083287491367812194e+01
1.083356309572855558e+01
1.083558549278994398e+01
1.083850837543310774e+01
1.084044800497124328e+01
1.083823849339234258e+01
1.083765549268878914e+01
1.083636129915324631e+01
1.083445676996187501e+01
1.083316706062911372e+01
1.083379247659232547e+01
1.083267414646763882e+01
1.083131791081075868e+01
1.083106171779143523e+01
1.083116243746333929e+01
1.083033155331945707e+01
1.082917310321141890e+01
1.083065803141533578e+01
1.083013381717332990e+01
1.082895663099468919e+01
1.082881092800989364e+01
1.082979717254638707e+01
1.082974681675991135e+01
1.083122807852229741e+01
1.083078437545351136e+01
1.083011163605583960e+01
1.082956927666297275e+01
1.083220271537640400e+01
1.083235432102775064e+01
1.083094284301850863e+01
1.082991071312623177e+01
1.083254119410659300e+01
1.083325064506415458e+01
1.083279606520411420e+01
1.083280902152304925e+01
1.083414527470480238e+01
1.083286318707821927e+01
1.083402090980893107e+01
1.083607107100217881e+01
1.083678386338363708e+01
1.083565241045656435e+01
1.083362546247594516e+01
1.083291081459291583e+01
1.083246923747815593e+01
1.083077775493655182e+01
1.083294536069382019e+01
1.083159351625304367e+01
1.083097156072627598e+01
1.083076836808614196e+01
1.083026426413963605e+01
1.083002980732302944e+01
1.083016581399100176e+01
1.083193864306153742e+01
1.083129268342798390e+01
1.082924631026919116e+01
1.082819823626071098e+01
1.082827932599564669e+01
1.082868006791961335e+01
1.082782485438328202e+01
1.082577162481553046e+01
1.082426602461876008e+01
1.082385032971700056e+01
1.082441060232653918e+01
1.082445096969604492e+01
1.082600834218595232e+01
1.082584959072071129e+01
1.082520790100097585e+01
1.082492553731782792e+01
1.082548164346887276e+01
1.082524472734202448e+01
1.082582630374567323e+01
1.082475901423273790e+01
1.082422286545170032e+01
1.082308944322729616e+01
1.082226558153495155e+01
1.082195794773611830e+01
1.082322806803385440e+01
1.082452878038933974e+01
1.082620770735196736e+01
1.082673605409248729e+01
1.082557911986096855e+01
1.082456134244015367e+01
1.082350342167331192e+01
1.082414453067080551e+01
1.082580238471765810e+01
1.082399623956843548e+01
1.092692184448242188e+01
1.083481168746948242e+01
1.079375775655110736e+01
1.066554594039916992e+01
1.062861175537109304e+01
1.066878032684326172e+01
1.070900889805385070e+01
1.069339346885681152e+01
1.068723699781629755e+01
1.066821689605712820e+01
1.066786081140691600e+01
1.065321413675943951e+01
1.066439804664024926e+01
1.069056279318673219e+01
1.066223538716634067e+01
1.066270983219146729e+01
1.069820875280043637e+01
1.070740254720052143e+01
1.070195945940519699e+01
1.070430889129638707e+01
1.071085112435477171e+01
1.070850047198208976e+01
1.070284117823061720e+01
1.069926075140635113e+01
1.071132358551025376e+01
1.070162248611450195e+01
1.072629628358063947e+01
1.072246544701712523e+01
1.072922285671891807e+01
1.071780767440795934e+01
1.071285453919441544e+01
1.072835707664489746e+01
1.073082915219393563e+01
1.073990661957684623e+01
1.073803116934640123e+01
1.076109340455797003e+01
1.078015108366270347e+01
1.077378702163696289e+01
1.077661504500951573e+01
1.077903308868408239e+01
1.078466717789812712e+01
1.079362172172183065e+01
1.078429774350898285e+01
1.080131459236145020e+01
1.078855743408203161e+01
1.078366292041281049e+01
1.080030867393980643e+01
1.079492944478988647e+01
1.079198734127745318e+01
1.079290208816528285e+01
1.078910124535654091e+01
1.078948266689593893e+01
1.078250183249419614e+01
1.079221091447053205e+01
1.079050655364990163e+01
1.079515588283538818e+01
1.079402336321379074e+01
1.079070793349167445e+01
1.080148360688807685e+01
1.079880781173705984e+01
1.079365600523401447e+01
1.078358596371066191e+01
1.078054287320091653e+01
1.078339140117168427e+01
1.078037354395939751e+01
1.078243251280351167e+01
1.078010944821941308e+01
1.077678880972020714e+01
1.077969602225483392e+01
1.077654161453247106e+01
1.077839812426499932e+01
1.078248711427052875e+01
1.077435297508762346e+01
1.076891134880684575e+01
1.076981136322021548e+01
1.076930387396561528e+01
1.076700078047715259e+01
1.076424538783538054e+01
1.076454682893390924e+01
1.076470348834991420e+01
1.076359612264750965e+01
1.076774433182507096e+01
1.076491894779435121e+01
1.076257270858401327e+01
1.076295860514921365e+01
1.076099058639171524e+01
1.076057836379127863e+01
1.076299715042114258e+01
1.076248093937220141e+01
1.076172362433539575e+01
1.076186514424753682e+01
1.076154123181882127e+01
1.076336447397867779e+01
1.076740389681877019e+01
1.077121330060457005e+01
1.077843171358108521e+01
1.078391383849468355e+01
1.078064772547507744e+01
1.078096805919300394e+01
1.078814479827880923e+01
1.078400197359595047e+01
1.078034997453876542e+01
1.077255297170101933e+01
1.076980265287252614e+01
1.077010446275983568e+01
1.076481989194762079e+01
1.077048869444945112e+01
1.076950619838855872e+01
1.076888236649539543e+01
1.076825525110418091e+01
1.077341291066762530e+01
1.077671529565538755e+01
1.078163025442477796e+01
1.078411059630544599e+01
1.078692137676736529e+01
1.078401292603591344e+01
1.078642623444907755e+01
1.078664347276849256e+01
1.078405971687380926e+01
1.078508532842000278e+01
1.078526717572172799e+01
1.078595210685104533e+01
1.078980500911309548e+01
1.079140383966507422e+01
1.079036720275878913e+01
1.078774795834980260e+01
1.078527563200222161e+01
1.078840170800685883e+01
1.078554671679356325e+01
1.078216421420757598e+01
1.078417170138759396e+01
1.078782075101679006e+01
1.079034105458653947e+01
1.079460440109025221e+01
1.079410979659469128e+01
1.079312818891861880e+01
1.079330627413561672e+01
1.079400281629700586e+01
1.079224240694114556e+01
1.079667844091143003e+01
1.079568621452818533e+01
1.079492818133931742e+01
1.079288145212026784e+01
1.079408811198340601e+01
1.078971397794526155e+01
1.078698343120209202e+01
1.078760952203452206e+01
1.078922912881180984e+01
1.078572488951203034e+01
1.078469686508178782e+01
1.078404524468428249e+01
1.078295156202818283e+01
1.078438879773507786e+01
1.078588895054606667e+01
1.078398748213245106e+01
1.078243599793849761e+01
1.078699621577171719e+01
1.079003930997244964e+01
1.079121248377194142e+01
1.079110398888587952e+01
1.078824482201049051e+01
1.078820403416951557e+01
1.078659321486584233e+01
1.079141865125516553e+01
1.079218832651774029e+01
1.079503718916192057e+01
1.079293710171819498e+01
1.079093929699489074e+01
1.079112959190233134e+01
1.079209893170525092e+01
1.079641986869232007e+01
1.079763414693433177e+01
1.079487332029838775e+01
1.079923104143690793e+01
1.079802633558000835e+01
1.079606492411006613e+01
1.079342316772978272e+01
1.079186340396323907e+01
1.078912841008362200e+01
1.078824307123820070e+01
1.078887426260426530e+01
1.078934797349866948e+01
1.079039764925430411e+01
1.079345017412434515e+01
1.079783689653551271e+01
1.079744221061788600e+01
1.079792274128307028e+01
1.079694117383754026e+01
1.079932847098698723e+01
1.079992379138344205e+01
1.079879229979989397e+01
1.079942586521307568e+01
1.079881980876230863e+01
1.079719009596047918e+01
1.079854608682485662e+01
1.080195768512025190e+01
1.080622738387984150e+01
1.080458924264618759e+01
1.080797226584736492e+01
1.080822675228118968e+01
1.080721032916016888e+01
1.080656996339854636e+01
1.080547052298860677e+01
1.080571557961258300e+01
1.080340723177281781e+01
1.080081487859337130e+01
1.080482469549501623e+01
1.080642929902443505e+01
1.080538480019455250e+01
1.080742911838349762e+01
1.080795862098440807e+01
1.080641216601965482e+01
1.080547820346456156e+01
1.080819992707154498e+01
1.080831546783447195e+01
1.080789736023655578e+01
1.080692479797222560e+01
1.080413516945795216e+01
1.080356853519944771e+01
1.080451748154380098e+01
1.080484548629139319e+01
1.080352335148029574e+01
1.080187745799932841e+01
1.080020830886704530e+01
1.080107332441541956e+01
1.080348811107399243e+01
1.080029901428894767e+01
1.080017931419506461e+01
1.079829032764684626e+01
1.080142663872760345e+01
1.079959078784628801e+01
1.079938270305765080e+01
1.080082569613477261e+01
1.080397765249268538e+01
1.080242769363078637e+01
1.080094474453037101e+01
1.080040626284442418e+01
1.079842683247157531e+01
1.080163833586241928e+01
1.080100122690200770e+01
1.079947339053965294e+01
1.080108526324437612e+01
1.080033930633293693e+01
1.079898189716651835e+01
1.080106041188142818e+01
1.079936498548926416e+01
1.080201310763957601e+01
1.080096422856853877e+01
1.080249349371975143e+01
1.080069365310668950e+01
1.080084974357331440e+01
1.080347235619075796e+01
1.080241683914727346e+01
1.080164346544761322e+01
1.079982643127441477e+01
1.079890044033527374e+01
1.079782093359802531e+01
1.079751141866048236e+01
1.079759381268475593e+01
1.079583509518550066e+01
1.079741601834352061e+01
1.079746414868886184e+01
1.079644245611850728e+01
1.079603152925317922e+01
1.079480109664629062e+01
1.079278406343962082e+01
1.079193749588526963e+01
1.079200352483720948e+01
1.078963939142049888e+01
1.078935364970454458e+01
1.078916495488578597e+01
1.078875804648679804e+01
1.078809248047434011e+01
1.078761103901549845e+01
1.078922949357466265e+01
1.079164484272832425e+01
1.079196768805438467e+01
1.079047220216380687e+01
1.079101485248962256e+01
1.079002964156014599e+01
1.079174147297054809e+01
1.079532984131616935e+01
1.079678682050940886e+01
1.079514694549668086e+01
1.079460406721683974e+01
1.079337355140205901e+01
1.079450689375608263e+01
1.079432143436537928e+01
1.079330626821023031e+01
1.079338817267582407e+01
1.079497194126299497e+01
1.079549096708428380e+01
1.079714873056769697e+01
1.079641063521508393e+01
1.079709197222176265e+01
1.079792703164590328e+01
1.079745604775168744e+01
1.079983994464746289e+01
1.079754952842176507e+01
1.079617185274759983e+01
1.079552906771434984e+01
1.079776375814778966e+01
1.079978746470838402e+01
1.079812309616490396e+01
1.079624869549860655e+01
1.079757818209579590e+01
1.079694006109082416e+01
1.079646370627663288e+01
1.079579588819090219e+01
1.079411745071411133e+01
1.079395595010837106e+01
1.079319749734340483e+01
1.079305147286802047e+01
1.079118302825150266e+01
1.079079080611940356e+01
1.079128546352627893e+01
1.079121868843535914e+01
1.078981767810365611e+01
1.078940252525305610e+01
1.079057433307170832e+01
1.078907427980892386e+01
1.079022620479512717e+01
1.079046608715234612e+01
1.078872930562054755e+01
1.078809950901911741e+01
1.079097021430547976e+01
1.079167825366378963e+01
1.079005797607142725e+01
1.079001507860548870e+01
1.079154954968076829e+01
1.079014091261203845e+01
1.078921768464237729e+01
1.078920446287046353e+01
1.078847319494464507e+01
1.078800912543908908e+01
1.078957420871371298e+01
1.079209591160895876e+01
1.079279226099951039e+01
1.079201483656171412e+01
1.078983007599325816e+01
1.078788085836818844e+01
1.078771208322536168e+01
1.078695214107502309e+01
1.078898924450541585e+01
1.079158155745354186e+01
1.079059685172373229e+01
1.078997561430037955e+01
1.079001544535845092e+01
1.079061709297420713e+01
1.079100467681884723e+01
1.079288440823894568e+01
1.079220939224416576e+01
1.079095556783270915e+01
1.079077010504943424e+01
1.079034381920183172e+01
1.079057291116607331e+01
1.079003677047601251e+01
1.078830710203287957e+01
1.078735430459790301e+01
1.078743330902523390e+01
1.078941589577376270e+01
1.078859924874911691e+01
1.078883618494038998e+01
1.078950596117711314e+01
1.078792892351542498e+01
1.078582336863533442e+01
1.078627729285965131e+01
1.078649810604427195e+01
1.078535296535750376e+01
1.078333872202280475e+01
1.078269276271933208e+01
1.078144989218763072e+01
1.078035776480912489e+01
1.078019976998395535e+01
1.078100284322102809e+01
1.078232627980252545e+01
1.078312578378368691e+01
1.078436575490961680e+01
1.078347140188896525e+01
1.078327710503026005e+01
1.078248160655104293e+01
1.078445197899304198e+01
1.078589392081875786e+01
1.078557739390528702e+01
1.116587162017822266e+01
1.097914361953735352e+01
1.093073622385660748e+01
1.082421517372131348e+01
1.080381946563720774e+01
1.074910322825113873e+01
1.071509783608572874e+01
1.068098521232604980e+01
1.065158197614881708e+01
1.067537279129028249e+01
1.068812430988658591e+01
1.065873805681864361e+01
1.067907326038067239e+01
1.071495996202741274e+01
1.073068192799886056e+01
1.072891741991043091e+01
1.075436732348273772e+01
1.073317538367377466e+01
1.073257431231047043e+01
1.072453179359436071e+01
1.075272346678234214e+01
1.072059223868630085e+01
1.073402421370796489e+01
1.071052030722300152e+01
1.071169826507568423e+01
1.070385415737445456e+01
1.072907744513617700e+01
1.071426790101187621e+01
1.071211436699176645e+01
1.070553299585978202e+01
1.070227127690469082e+01
1.071257397532463074e+01
1.071153169689756446e+01
1.072062326880062244e+01
1.071013472420828627e+01
1.071500266922844702e+01
1.072629614134092613e+01
1.071767616271972656e+01
1.071715760842347720e+01
1.071484885215759242e+01
1.071378526455018587e+01
1.072781163170224161e+01
1.071606125942496313e+01
1.072922799803993854e+01
1.072434270646837007e+01
1.072174281659333595e+01
1.073690302828524956e+01
1.074087923765182495e+01
1.073786990496576976e+01
1.073033914566040004e+01
1.072449626174627646e+01
1.072750240105849073e+01
1.072270398769738620e+01
1.073870081371731189e+01
1.074193737723610553e+01
1.074437146527426634e+01
1.074029743462278219e+01
1.073745406907180211e+01
1.074220287193686296e+01
1.073681108156839947e+01
1.073867902599397262e+01
1.073193416287822188e+01
1.072681940169561443e+01
1.072781385481357574e+01
1.072645617264967655e+01
1.072916426803126555e+01
1.073278387268977419e+01
1.073352482739616853e+01
1.073480668275252548e+01
1.073323575428553944e+01
1.073313774861080461e+01
1.073485751946767230e+01
1.073827505764895918e+01
1.073746503366006344e+01
1.073972696940104221e+01
1.073501692320171230e+01
1.073275334494454469e+01
1.072725783861600490e+01
1.072233478932441031e+01
1.072286382913589442e+01
1.072185030101258008e+01
1.072835651258142953e+01
1.072544943568218123e+01
1.072020378566923604e+01
1.072254874285529702e+01
1.072702532036359990e+01
1.072586458578877000e+01
1.072574517943642292e+01
1.072185571006174776e+01
1.072075677447848818e+01
1.072004546699943184e+01
1.071954731319261711e+01
1.072225634256998639e+01
1.072204106919308941e+01
1.072889081051475202e+01
1.073509118954340558e+01
1.073990267330838222e+01
1.073700742332302838e+01
1.073900668789642054e+01
1.073942135810852072e+01
1.073600694448641057e+01
1.073253396913117008e+01
1.072789861623523322e+01
1.073010803185976414e+01
1.072533559345063736e+01
1.072331465415234852e+01
1.072919314375547550e+01
1.073279502656724738e+01
1.073249078453133976e+01
1.073612930991432890e+01
1.074136678162995828e+01
1.074581870862415833e+01
1.075139484574309456e+01
1.075147755940755268e+01
1.075736438917077109e+01
1.075462246763295227e+01
1.075485601995745277e+01
1.075421387462292699e+01
1.075423903425200578e+01
1.075294501781463552e+01
1.075513040526839248e+01
1.075832047227953225e+01
1.076058814196082558e+01
1.076148423840922774e+01
1.076122190856933614e+01
1.075975763230096760e+01
1.075578664043756838e+01
1.075925128161907196e+01
1.075210740584735802e+01
1.075206617942223097e+01
1.075501369883996006e+01
1.075503775567719345e+01
1.075871615302293804e+01
1.076213469434140357e+01
1.076396370640507527e+01
1.076585114002227783e+01
1.076487383181161306e+01
1.076368244143499808e+01
1.076186884735985672e+01
1.076373765127999427e+01
1.076672978096820010e+01
1.076576519684052791e+01
1.076506488639991588e+01
1.076543887456258197e+01
1.076139615815261230e+01
1.075915754657902212e+01
1.075873154361231876e+01
1.075902716533557779e+01
1.075519296786929146e+01
1.075809427897135429e+01
1.075654254054391679e+01
1.075751655352743086e+01
1.075732644399007221e+01
1.075726209987293558e+01
1.075603080872566508e+01
1.075499876951560019e+01
1.075823769296050791e+01
1.075770494002330224e+01
1.076187247750144316e+01
1.076197167038917613e+01
1.076060404688675298e+01
1.076223405790917731e+01
1.076026115534495808e+01
1.076288609969906673e+01
1.076202469450054799e+01
1.076414384612117914e+01
1.076270335305950532e+01
1.075952412968590188e+01
1.075871060162606341e+01
1.076009843489702966e+01
1.076368440103809654e+01
1.076393088629079386e+01
1.076369744780435767e+01
1.076252667109171490e+01
1.076073460715157637e+01
1.075946172259070721e+01
1.075530786568162078e+01
1.075316093744856616e+01
1.075323126169556431e+01
1.075332877900865292e+01
1.075247715059564868e+01
1.075518232911497662e+01
1.075545022266158668e+01
1.075778023574663322e+01
1.076260844565726593e+01
1.076285829338976185e+01
1.076137253562396801e+01
1.076059165914007920e+01
1.076421033768426838e+01
1.076145077253642768e+01
1.076221206425372223e+01
1.076069966952005963e+01
1.075877188647966953e+01
1.075779852916284973e+01
1.075960829319098089e+01
1.076155012481066642e+01
1.076627752623582168e+01
1.076633672521571938e+01
1.077026056644305463e+01
1.077059006214141768e+01
1.077184721249252952e+01
1.077169948521227028e+01
1.077178359853810363e+01
1.076934958906734607e+01
1.076800556182861257e+01
1.076776894319404754e+01
1.077159899098861651e+01
1.077373591753152660e+01
1.077213737268767346e+01
1.077429517110188861e+01
1.077263011751581701e+01
1.077264174875223368e+01
1.077154438932176994e+01
1.077361959386094625e+01
1.077364740149919342e+01
1.077239308975360998e+01
1.077053897172075203e+01
1.076974787843336756e+01
1.076999091666583119e+01
1.076945891380310094e+01
1.076682256897110790e+01
1.076600991927825568e+01
1.076445898133008505e+01
1.076332997850009399e+01
1.076351872762044337e+01
1.076596600186508290e+01
1.076284285894049475e+01
1.076105046690556044e+01
1.076079572652625238e+01
1.076387984234353823e+01
1.076214434470965209e+01
1.076332192585386061e+01
1.076344213362927071e+01
1.076499007298396116e+01
1.076358198612294359e+01
1.076314108654604063e+01
1.076286643869263138e+01
1.076202996438290960e+01
1.076464688528531788e+01
1.076087747812271189e+01
1.075749692481583075e+01
1.075860343491735449e+01
1.075931870888290121e+01
1.075958276967533322e+01
1.076249062285131330e+01
1.076210243333645877e+01
1.076504962164380785e+01
1.076280819985174375e+01
1.076503796941305247e+01
1.076440550994873036e+01
1.076446641868804122e+01
1.076683187484741211e+01
1.076625996992993173e+01
1.076362951158538550e+01
1.076247141968970134e+01
1.076230505853891373e+01
1.075970707607640442e+01
1.075810480487439058e+01
1.075761726187923273e+01
1.075766688493581924e+01
1.075963074768183247e+01
1.076101163689416751e+01
1.076099686930841415e+01
1.076052560228290034e+01
1.075867770572878257e+01
1.075746824866847007e+01
1.075559822182530390e+01
1.075362916846773587e+01
1.075176104648405762e+01
1.075084723013418753e+01
1.075095518400748240e+01
1.074874185113345959e+01
1.074691505571861327e+01
1.074616042366863233e+01
1.074733196605335550e+01
1.074779124881910164e+01
1.074801153052154490e+01
1.074708465535006141e+01
1.074677691237473631e+01
1.074624638557434153e+01
1.074875665304923800e+01
1.075067244861142868e+01
1.075165045977481348e+01
1.075180811277577497e+01
1.074968288488555324e+01
1.074786390958132465e+01
1.074872872223006759e+01
1.074873699082268530e+01
1.074742051226870032e+01
1.074629772778215120e+01
1.074793079218913583e+01
1.074813768308456652e+01
1.075040371995737054e+01
1.074921077287116056e+01
1.074973946264234570e+01
1.075082034355885341e+01
1.074923220226660270e+01
1.075006855894255153e+01
1.074923247397942738e+01
1.074760282834370884e+01
1.074833269531148616e+01
1.074974930049567767e+01
1.075190008119387919e+01
1.074995632234372600e+01
1.074947911246878185e+01
1.074900153415654991e+01
1.074684605924625025e+01
1.074672247527481694e+01
1.074639228401060542e+01
1.074430559835126253e+01
1.074342736860563541e+01
1.074334993729224585e+01
1.074363570472302953e+01
1.074253016368598779e+01
1.074171709030393629e+01
1.074376858638811782e+01
1.074332386762937830e+01
1.074296054000374667e+01
1.074304407293146291e+01
1.074371932744979929e+01
1.074120511444186832e+01
1.074351534636124406e+01
1.074302925487790006e+01
1.074250023453323877e+01
1.074160920363206095e+01
1.074350554226366228e+01
1.074455722902163757e+01
1.074357604398960042e+01
1.074325259478258943e+01
1.074576388561364304e+01
1.074576442695456358e+01
1.074422987685146147e+01
1.074340844655538163e+01
1.074290539119058074e+01
1.074290338487767471e+01
1.074490626369203916e+01
1.074763052116869488e+01
1.074787194912250143e+01
1.074629621308813476e+01
1.074605800684760659e+01
1.074589687638268742e+01
1.074573924248678658e+01
1.074572674109011317e+01
1.074731107368025640e+01
1.074860971146735622e+01
1.074772562181329505e+01
1.074753113782371550e+01
1.074745615597428916e+01
1.074791039026910688e+01
1.074738535472324941e+01
1.074884948024043396e+01
1.074839491464874897e+01
1.074710818120508016e+01
1.074584159473914902e+01
1.074587434849268952e+01
1.074742962537186841e+01
1.074655233377836083e+01
1.074548357159065759e+01
1.074531515063017473e+01
1.074496348434024462e+01
1.074578544109481903e+01
1.074527813453041958e+01
1.074615636147743380e+01
1.074618105835967086e+01
1.074591785587676540e+01
1.074565266260032459e+01
1.074620652263755716e+01
1.074560349920521674e+01
1.074554944749123919e+01
1.074390468855161984e+01
1.074291296339420576e+01
1.074218222915485299e+01
1.074180204938627803e+01
1.074193086726142710e+01
1.074262077840169205e+01
1.074326996600374251e+01
1.074494879694769089e+01
1.074627340912188167e+01
1.074587251014004963e+01
1.074517441297832221e+01
1.074456321536086634e+01
1.074535000386662453e+01
1.074700710107389945e+01
1.074624487840084619e+01
1.112849807739257812e+01
1.101823806762695312e+01
1.095512930552164654e+01
1.088540339469909668e+01
1.084886512756347621e+01
1.079890298843383789e+01
1.078551878247942319e+01
1.070842063426971436e+01
1.069053279028998560e+01
1.070702095031738210e+01
1.070808982849121094e+01
1.073873702685038189e+01
1.073219101245586771e+01
1.076075397218976626e+01
1.076594664255778078e+01
1.075613516569137573e+01
1.078033929712632144e+01
1.076789654625786596e+01
1.075206355044716311e+01
1.074266080856323313e+01
1.075187546866280641e+01
1.073657252571799603e+01
1.074300123297649812e+01
1.071847172578175922e+01
1.071464340209960930e+01
1.071855302957388112e+01
1.074839146931966205e+01
1.074291556222098265e+01
1.073223383673306230e+01
1.073702656428019253e+01
1.073206209367321406e+01
1.074396550655364990e+01
1.074278487581195307e+01
1.073118341670316767e+01
1.071039872850690600e+01
1.073262816005282971e+01
1.074640384880272137e+01
1.072949168556614907e+01
1.073418666154910284e+01
1.074251475334167516e+01
1.072789871401903028e+01
1.073758079892113138e+01
1.074233614012252502e+01
1.074824896725741219e+01
1.073434615665011904e+01
1.072671966967375390e+01
1.074080698540870138e+01
1.074076831340789795e+01
1.073951871054513063e+01
1.073648931503295856e+01
1.073694937836890162e+01
1.073575993684621999e+01
1.073583136864428234e+01
1.074527286600183551e+01
1.074636634479869457e+01
1.074978549139840212e+01
1.075544648421438154e+01
1.074802275361685844e+01
1.075522715358410863e+01
1.075150300661722902e+01
1.075081601690073541e+01
1.074982423167074863e+01
1.074498385474795370e+01
1.073779201507568359e+01
1.073212312551645198e+01
1.074125021154230275e+01
1.073867723835048338e+01
1.073365051606122123e+01
1.073092955437259377e+01
1.073252143859863317e+01
1.073286933630285134e+01
1.073218542999691394e+01
1.073772502272096396e+01
1.073797570048151861e+01
1.073691916147867786e+01
1.073556022895009932e+01
1.073466087935806890e+01
1.072659326211000064e+01
1.072506728353379657e+01
1.072316694259643555e+01
1.071691973415421906e+01
1.072531297730236588e+01
1.071921543902661433e+01
1.071448264803205142e+01
1.071289767097024281e+01
1.071701140736424662e+01
1.071902913060681506e+01
1.071944180401888680e+01
1.071757582332311109e+01
1.071752649943033830e+01
1.071331499959086386e+01
1.070993189189745110e+01
1.071594818689489870e+01
1.071260989980494749e+01
1.071760117380242683e+01
1.072323505083719830e+01
1.073083667165225386e+01
1.072909932233849339e+01
1.072221922633623770e+01
1.072739401817321792e+01
1.072728535680487560e+01
1.072377139446782124e+01
1.072187010755816772e+01
1.072306105723747827e+01
1.071990956806001272e+01
1.072599721404741402e+01
1.073307573015444660e+01
1.073381479581197162e+01
1.073364176443957341e+01
1.073091099478981647e+01
1.073261106336438964e+01
1.073694585902350340e+01
1.074398544615348960e+01
1.074538887592784064e+01
1.075088604636814260e+01
1.075049473499429631e+01
1.075063078627627178e+01
1.075001156532158220e+01
1.074733574650868562e+01
1.074387374718983956e+01
1.074420157345858406e+01
1.074608427579285674e+01
1.075232387170559001e+01
1.075214810525217324e+01
1.075080962371826132e+01
1.074658184202890610e+01
1.074610345945583489e+01
1.074968902766704559e+01
1.074764806170796305e+01
1.074767066515408942e+01
1.075095514486764259e+01
1.075602877501285448e+01
1.075949458789108348e+01
1.076516949952538305e+01
1.076307601222285548e+01
1.076396249322330334e+01
1.076287481210527552e+01
1.076720890100451555e+01
1.076632982020755414e+01
1.077056500571114661e+01
1.077306974018719110e+01
1.077124025452304856e+01
1.077019705472292621e+01
1.077024196916156384e+01
1.076914969477160255e+01
1.076424553622938163e+01
1.076393894922165728e+01
1.076511886313154953e+01
1.076389182173965686e+01
1.076750455856323185e+01
1.076528340143873130e+01
1.076482482332932378e+01
1.076146429971931795e+01
1.076353528902128076e+01
1.076066553669591030e+01
1.075852969365242195e+01
1.076092207355863728e+01
1.076388955418067717e+01
1.076488807966124384e+01
1.076466399431228638e+01
1.076360223900457314e+01
1.076240045052987604e+01
1.076244329674843669e+01
1.076586205784867367e+01
1.076653598438609727e+01
1.076811866300651843e+01
1.076990254910406186e+01
1.076854094437190490e+01
1.076613780027310519e+01
1.076513933293959724e+01
1.076556625700833436e+01
1.076348081854886729e+01
1.076158036248532390e+01
1.076515537568892533e+01
1.076110461643764005e+01
1.075970178300684132e+01
1.075613381768350507e+01
1.075142227129989791e+01
1.075120457590625200e+01
1.074989713033040317e+01
1.075204174294656134e+01
1.075322335106985960e+01
1.075589164879804116e+01
1.075908138959304061e+01
1.076216857497756507e+01
1.076204300952214155e+01
1.076203974045534117e+01
1.076117176197944758e+01
1.076327144784271361e+01
1.076240185687416506e+01
1.076010359020133222e+01
1.075717765092849731e+01
1.075625788238999725e+01
1.075477604030333900e+01
1.075524974236121523e+01
1.075880967840856428e+01
1.076215084676210054e+01
1.076151463479706649e+01
1.076323133976615232e+01
1.076533907413482716e+01
1.076520052003623285e+01
1.076354995576461882e+01
1.076164953109666023e+01
1.076100303612503417e+01
1.076076820187452299e+01
1.075927968164092086e+01
1.076397124580715037e+01
1.076519885429969214e+01
1.076298323088285436e+01
1.076600972130185063e+01
1.076568116282964738e+01
1.076250697531790124e+01
1.075954067874962128e+01
1.076115179953174028e+01
1.076169017525606364e+01
1.075983575096836731e+01
1.075926477898101119e+01
1.075702696546502146e+01
1.075707240953837385e+01
1.075701307383450533e+01
1.075744034693791384e+01
1.075534108307984482e+01
1.075376498645731083e+01
1.075305919987814818e+01
1.075327830844455335e+01
1.075519574848951443e+01
1.075185265310010152e+01
1.075097111233493763e+01
1.074990911775280900e+01
1.075211706990781124e+01
1.074998254487008786e+01
1.075065147465672943e+01
1.074821450065645578e+01
1.074923651442568584e+01
1.074722556256233297e+01
1.074567675994614468e+01
1.074550356241218196e+01
1.074373855510679654e+01
1.074646219548819914e+01
1.074399329026540073e+01
1.073972215692037402e+01
1.073964806627636115e+01
1.073814124040642959e+01
1.073736067287257434e+01
1.073929306341677226e+01
1.073885890526500120e+01
1.074136308523324779e+01
1.073964472739927167e+01
1.074279884736700730e+01
1.074259955596923888e+01
1.074313554725798880e+01
1.074682301188272149e+01
1.074622953739090825e+01
1.074495013680045119e+01
1.074204059675628109e+01
1.074322685599327087e+01
1.074141323520051827e+01
1.074128038199373059e+01
1.074068340831741786e+01
1.074114989867577208e+01
1.074215496180157992e+01
1.074402286078183621e+01
1.074362910020487405e+01
1.074345457915103808e+01
1.074224934487972583e+01
1.073932096653414803e+01
1.073916003766577809e+01
1.073763700029743262e+01
1.073681240365407774e+01
1.073404219238846302e+01
1.073296779548110180e+01
1.073228312590542899e+01
1.073200698824592614e+01
1.073191889881217520e+01
1.073332453987815249e+01
1.073481340684752539e+01
1.073498311369858094e+01
1.073265942223638092e+01
1.073050421711364599e+01
1.073004576138087707e+01
1.073315908221587556e+01
1.073540406869658348e+01
1.073672930511905932e+01
1.073464301270498389e+01
1.073322404225667270e+01
1.073088900359360487e+01
1.073064628959948230e+01
1.073069224423832324e+01
1.072972460684066753e+01
1.072886002968097507e+01
1.073063097295072943e+01
1.073175147461564549e+01
1.073380202075320256e+01
1.073354083340184140e+01
1.073435205362610922e+01
1.073167412989848302e+01
1.073220182669283140e+01
1.073449375805438777e+01
1.073498118920469757e+01
1.073449028968811092e+01
1.073624699297933560e+01
1.073742268417055179e+01
1.074005135765956886e+01
1.073938320812426106e+01
1.074017966848905026e+01
1.073821984708698807e+01
1.073817898939797466e+01
1.073740366527012391e+01
1.073667531800501607e+01
1.073628714161534425e+01
1.073642627679266681e+01
1.073650336876893618e+01
1.073694449720291288e+01
1.073583622343221222e+01
1.073576105511377676e+01
1.073643259458903998e+01
1.073612593401117721e+01
1.073621207663098254e+01
1.073487974483765051e+01
1.073399738669395376e+01
1.073202621899661224e+01
1.073464910732293021e+01
1.073478137745576788e+01
1.073398325178358270e+01
1.073319160167987540e+01
1.073619642725751433e+01
1.073748343289809881e+01
1.073558291865558090e+01
1.073615718829957899e+01
1.073846292784719836e+01
1.073792663009505333e+01
1.073522126243775077e+01
1.073535419154811521e+01
1.073443248314771736e+01
1.073315695577593054e+01
1.073249351694470377e+01
1.073469523364783029e+01
1.073541710080479739e+01
1.073379622940468536e+01
1.073275724018321320e+01
1.073119182810405903e+01
1.073028212541725246e+01
1.072957931941174259e+01
1.073141468402951304e+01
1.073313765042069967e+01
1.073224858190282838e+01
1.073174517024147434e+01
1.073142304913750955e+01
1.073190648098046651e+01
1.073231930324009475e+01
1.073369949427764958e+01
1.073410593921487965e+01
1.073315537752578308e+01
1.073292533421920503e+01
1.073307334470077379e+01
1.073441116997365263e+01
1.073342051091982263e+01
1.073135331755909760e+01
1.072919876130510453e+01
1.072912176715003163e+01
1.073079020957207064e+01
1.073138516779103924e+01
1.073349911976123394e+01
1.073317566284766578e+01
1.073273147426239404e+01
1.073028940450949698e+01
1.073052507135458811e+01
1.073072065218635274e+01
1.073055772858906565e+01
1.072914598825815524e+01
1.072853097118778720e+01
1.072714365169566086e+01
1.072621717785382778e+01
1.072592304862119228e+01
1.072729127248128300e+01
1.072823373053936180e+01
1.073005663874294768e+01
1.073116521734409190e+01
1.073092237940564253e+01
1.073009037971496582e+01
1.072999039347090466e+01
1.072976273891189258e+01
1.073140615707277945e+01
1.073161017607338685e+01
1.118749618530273438e+01
1.082626581192016602e+01
1.059508260091145893e+01
1.065304374694824219e+01
1.063073196411132848e+01
1.061618836720784564e+01
1.061290413992745485e+01
1.057245922088623047e+01
1.057077174716525647e+01
1.050851783752441371e+01
1.049554972215132231e+01
1.050247756640116314e+01
1.053135747175950243e+01
1.057643066133771548e+01
1.058099276224772112e+01
1.057863116264343262e+01
1.062461134966681975e+01
1.059574031829833984e+01
1.060805591784025559e+01
1.060235080718994105e+01
1.062023530687604556e+01
1.062255057421597648e+01
1.064129124517026170e+01
1.063545346260070801e+01
1.064176666259765547e+01
1.064041497157170291e+01
1.066465271843804175e+01
1.067137207303728452e+01
1.066204202586206939e+01
1.066103897094726527e+01
1.064936545587355177e+01
1.067430844902992249e+01
1.067248012080337105e+01
1.067545747756958008e+01
1.066251185280936120e+01
1.067833113670349121e+01
1.069770006231359538e+01
1.069528195732518228e+01
1.069601349952893443e+01
1.070717637538909983e+01
1.071126381943865447e+01
1.072395236151558962e+01
1.071505551005518697e+01
1.072754740715026855e+01
1.071797820197211415e+01
1.071294896498970317e+01
1.072357230490826474e+01
1.072292468945185284e+01
1.071191174643380251e+01
1.070675434112548885e+01
1.070555213853424625e+01
1.070578301869905857e+01
1.070617862917342222e+01
1.071917049973099267e+01
1.070694791620427999e+01
1.070889466149466429e+01
1.070618552492375919e+01
1.069749010020288971e+01
1.071000171920000454e+01
1.071155161857604909e+01
1.070801017323478277e+01
1.070888653109150468e+01
1.070293291788252610e+01
1.070124115049839020e+01
1.070113394810603147e+01
1.070554668253118358e+01
1.070440275277664455e+01
1.070321520637063450e+01
1.070525376693062114e+01
1.070267312186104824e+01
1.070473911392856614e+01
1.070999923017289923e+01
1.070818217813152096e+01
1.070382384996156411e+01
1.070449153900146477e+01
1.070590262663991865e+01
1.069443650679154878e+01
1.068811317590566823e+01
1.068819822238970474e+01
1.069037164449691701e+01
1.068613006450511804e+01
1.068436485383568701e+01
1.068668331008359651e+01
1.068915018581208720e+01
1.068769873450784047e+01
1.068436180159103088e+01
1.068536983139213525e+01
1.068977708166295848e+01
1.069159748848904457e+01
1.068412397172715878e+01
1.068158204214913454e+01
1.067988104405610450e+01
1.068147469592350873e+01
1.068168725358678905e+01
1.068652277494731706e+01
1.069352523485819439e+01
1.070247911669544294e+01
1.070497371712509427e+01
1.070479000939263159e+01
1.070946028709411557e+01
1.070883219312913326e+01
1.070350266437904452e+01
1.069743709193850023e+01
1.069498780140509986e+01
1.069539479755219880e+01
1.069546652739902726e+01
1.069949560967561197e+01
1.070025174706070459e+01
1.069842870519795497e+01
1.070028543472290039e+01
1.070313794763238668e+01
1.070423271826335387e+01
1.070799078983543140e+01
1.070944463997556539e+01
1.071338216532831566e+01
1.071155378736298580e+01
1.071325909378182217e+01
1.071167688046471511e+01
1.071241892486059299e+01
1.070905238787333147e+01
1.070541868131022767e+01
1.070939372797481326e+01
1.071260725967283101e+01
1.071615495220307324e+01
1.071798886871337864e+01
1.071344685176062228e+01
1.071253204345703125e+01
1.071445701271295547e+01
1.071040452912796326e+01
1.070829644569983863e+01
1.071036766867601209e+01
1.071011892954508404e+01
1.071056361664506795e+01
1.071340600768131956e+01
1.071584652088306555e+01
1.071313447812024222e+01
1.071154577018570642e+01
1.071343030100283400e+01
1.071237459800226155e+01
1.071676965441022666e+01
1.071732715850180817e+01
1.071806607447879500e+01
1.071672126796695679e+01
1.071573165390226556e+01
1.071079375826079350e+01
1.070916785279365513e+01
1.070795437430038000e+01
1.070842368538315270e+01
1.070673093859781311e+01
1.070984767913818381e+01
1.070978781719081496e+01
1.070987481192538660e+01
1.070746878704993499e+01
1.070790108767422844e+01
1.070703295430829449e+01
1.070742476903475193e+01
1.070972253714397482e+01
1.071153658854810509e+01
1.071450373811541823e+01
1.071437534093856847e+01
1.071198440338513791e+01
1.071229878178349182e+01
1.071155308214433433e+01
1.071549210897306104e+01
1.071441211700439489e+01
1.071398762048008990e+01
1.071303741660660691e+01
1.070954738912128335e+01
1.070919045329799246e+01
1.070765787573421690e+01
1.070989498896905623e+01
1.071122672391492259e+01
1.070940560688173093e+01
1.071115483360729037e+01
1.071051847730364059e+01
1.070878416299819946e+01
1.070962822369936518e+01
1.070486840237392556e+01
1.070182865292000329e+01
1.070283335049947127e+01
1.070483310446554803e+01
1.070407361774654120e+01
1.070437362024692973e+01
1.070676362514495850e+01
1.071029541943524421e+01
1.070708973177017675e+01
1.070576740713680408e+01
1.070674639052533017e+01
1.070858741941906089e+01
1.070642053202578836e+01
1.070638842857320938e+01
1.070423513154188733e+01
1.070421487679753270e+01
1.070192728829138140e+01
1.070318663670466464e+01
1.070605650240061202e+01
1.071146506101346851e+01
1.070875878285879956e+01
1.071227643477856795e+01
1.071018961429595961e+01
1.070913348506339169e+01
1.070972360006653368e+01
1.070839667202803902e+01
1.070742490712334138e+01
1.070503605633247268e+01
1.070356628269825094e+01
1.070798774387525398e+01
1.071019888382691576e+01
1.070792572806326426e+01
1.070988619214012516e+01
1.070855916280881992e+01
1.070840670477669221e+01
1.070739053896335413e+01
1.071049923763096956e+01
1.071239227472349675e+01
1.071083375259681958e+01
1.071085112435477171e+01
1.070862397360145479e+01
1.070871816487072792e+01
1.070983197472312298e+01
1.070797623768111784e+01
1.070686536221890783e+01
1.070771976864391384e+01
1.070828080177307129e+01
1.070874156528049070e+01
1.071021935370116118e+01
1.070519826695782584e+01
1.070665639325192053e+01
1.070436750436974371e+01
1.070695532093877311e+01
1.070486885335022187e+01
1.070388305187225342e+01
1.070312012520982492e+01
1.070631233851114850e+01
1.070617835673880158e+01
1.070508821131819310e+01
1.070503239692011910e+01
1.070552676465331032e+01
1.070637778357980707e+01
1.070333862702051775e+01
1.070088200945082590e+01
1.070136582555849714e+01
1.069977798775880906e+01
1.070065966590506079e+01
1.070129384799879446e+01
1.070157740755779052e+01
1.070484807327208721e+01
1.070406665725092665e+01
1.070569551230434513e+01
1.070496115493774347e+01
1.070565281446236483e+01
1.070774474219670402e+01
1.070648498685934769e+01
1.070366128410880080e+01
1.070263336780024588e+01
1.070340251550078392e+01
1.070259043771469187e+01
1.070090633954188597e+01
1.070016269241981099e+01
1.070127192643972514e+01
1.070243341073222609e+01
1.070259017434739057e+01
1.070218107636890537e+01
1.070181661663633399e+01
1.070191050115621323e+01
1.069972165186602453e+01
1.069782002052564351e+01
1.069665091073335184e+01
1.069658780009329924e+01
1.069549086182205677e+01
1.069526112475518431e+01
1.069461491528679353e+01
1.069430060613722944e+01
1.069379776585711106e+01
1.069409417585893074e+01
1.069634110340173727e+01
1.069796135623532507e+01
1.069828316805173962e+01
1.069859680052726425e+01
1.069702459403446682e+01
1.069941150420925347e+01
1.070223592190032313e+01
1.070537559387961934e+01
1.070572241595093566e+01
1.070559020460697575e+01
1.070461128474949142e+01
1.070572083503111749e+01
1.070522887839211279e+01
1.070555198233845395e+01
1.070473227336488975e+01
1.070701793460911411e+01
1.070751722871440670e+01
1.070950054715517830e+01
1.070687788359972892e+01
1.070699084976972237e+01
1.070818763488047765e+01
1.070860204792986003e+01
1.070736577846859916e+01
1.070601181999895424e+01
1.070418227513631138e+01
1.070452109999038903e+01
1.070617497677834606e+01
1.070826495834703174e+01
1.070873904228210449e+01
1.070712270893034379e+01
1.070582918092316227e+01
1.070659625336091025e+01
1.070545679872686229e+01
1.070625272460739907e+01
1.070568879035211296e+01
1.070583249671666159e+01
1.070438510332352067e+01
1.070442208238303117e+01
1.070474778315064235e+01
1.070304610539996482e+01
1.070547989350330909e+01
1.070556053679072228e+01
1.070382306560780350e+01
1.070424643429842781e+01
1.070325348079204630e+01
1.070300677706519465e+01
1.070428909278064111e+01
1.070232714366617621e+01
1.070160168777277399e+01
1.070085526099571815e+01
1.070292301412009017e+01
1.070308744798012768e+01
1.070061889799629817e+01
1.070067141628555163e+01
1.070261468887329137e+01
1.070326615532359327e+01
1.070264912226113907e+01
1.070280895004043309e+01
1.070332688485790840e+01
1.070148389161522751e+01
1.070265912158148680e+01
1.070445742451472526e+01
1.070631337306908648e+01
1.070501135373185875e+01
1.070509340903338291e+01
1.070563479113089400e+01
1.070457371773078492e+01
1.070302436372629096e+01
1.070490388537562154e+01
1.070660080840622186e+01
1.070518774793327132e+01
1.070487937597445161e+01
1.070355537568015691e+01
1.070445013456153305e+01
1.070557224001203345e+01
1.070721652636840560e+01
1.070641627907752991e+01
1.070569656793524160e+01
1.070488010826757375e+01
1.070581230109846160e+01
1.070590748411885862e+01
1.070525477112842161e+01
1.070448750224193368e+01
1.070490906165502842e+01
1.070363443162706218e+01
1.070451568962794653e+01
1.070355125026808274e+01
1.070429841611667854e+01
1.070536774069398334e+01
1.070415646539975540e+01
1.070305027206087445e+01
1.070328507956107167e+01
1.070277802581372484e+01
1.070203003198473724e+01
1.070064568132967509e+01
1.070031343187604556e+01
1.069995705030297728e+01
1.069894842551796366e+01
1.069900726379557732e+01
1.070046934000651007e+01
1.070155060544927039e+01
1.070339147987669293e+01
1.070492985387327778e+01
1.070456243379134875e+01
1.070420405990198987e+01
1.070511431456237972e+01
1.070667870506566288e+01
1.070810539106164860e+01
1.070744921512025094e+01
1.026468086242675781e+01
1.037460422515869141e+01
1.050003687540690045e+01
1.056261205673217773e+01
1.060619621276855540e+01
1.061225636800130268e+01
1.059054197583879819e+01
1.054331707954406738e+01
1.052101325988769531e+01
1.050969200134277415e+01
1.055894036726518159e+01
1.056039126714070697e+01
1.055256586808424757e+01
1.058124399185180664e+01
1.058221645355224538e+01
1.059986734390258789e+01
1.064512869890998381e+01
1.066540331310696033e+01
1.066481846257259924e+01
1.063727960586547816e+01
1.060420817420596151e+01
1.060349949923428703e+01
1.062862064527428707e+01
1.061357812086741070e+01
1.061035762786865178e+01
1.060730666380662157e+01
1.063464955930356659e+01
1.061958582060677614e+01
1.061632580592714525e+01
1.061747198104858469e+01
1.062965537655738046e+01
1.065060397982597351e+01
1.065410278782700004e+01
1.066982370264389957e+01
1.065661811828613281e+01
1.067228121227688220e+01
1.068802601582295253e+01
1.068485244951750168e+01
1.068915357345189854e+01
1.069769165515899623e+01
1.069029810370468425e+01
1.070022085734776063e+01
1.069599961125573451e+01
1.071494598822160249e+01
1.069573930104573556e+01
1.069557245917942190e+01
1.071096974230827215e+01
1.071174552043279071e+01
1.070946753754907732e+01
1.069790750503540089e+01
1.069186506084367316e+01
1.069303527245154761e+01
1.069051172148506623e+01
1.070592406943992358e+01
1.070934585224498470e+01
1.070516232081821961e+01
1.070098431905110736e+01
1.069423706778164629e+01
1.070191612890211275e+01
1.069681132634480747e+01
1.069057921112560905e+01
1.068976074649441621e+01
1.068857105194576285e+01
1.068818460404872894e+01
1.069366122025709842e+01
1.070173324238170309e+01
1.069074266348312108e+01
1.068475040267495579e+01
1.067536706509797462e+01
1.067813542229788659e+01
1.067616826715603651e+01
1.068052862750159449e+01
1.068292449271842237e+01
1.067867741713652663e+01
1.067761449178059863e+01
1.067260840064600913e+01
1.066672790824592809e+01
1.066130081812540631e+01
1.065874958038330078e+01
1.065643521547317540e+01
1.065312532731044470e+01
1.065941220958058366e+01
1.065994495943368214e+01
1.066151177315484944e+01
1.065775636785170555e+01
1.065780993395073395e+01
1.066154767178941043e+01
1.066873132098804788e+01
1.067036397269602510e+01
1.067107425265841947e+01
1.066987320617005075e+01
1.066953646618386919e+01
1.067109141811247852e+01
1.067162538082041578e+01
1.067823288566187756e+01
1.068356863657633404e+01
1.068847752600601098e+01
1.068940170443787885e+01
1.068315154374247911e+01
1.068654295921325748e+01
1.068792478164824011e+01
1.068740366954429533e+01
1.068077819787182925e+01
1.068143763908973121e+01
1.067818006787981311e+01
1.067926095566659583e+01
1.068510730244288887e+01
1.068648224406772229e+01
1.068517493326729628e+01
1.068173419778997335e+01
1.068296941121419330e+01
1.068772598675319152e+01
1.069445780526220346e+01
1.069635004746286455e+01
1.070193836378014574e+01
1.069692231868875432e+01
1.069617020370613858e+01
1.069561096773309217e+01
1.069545481385303098e+01
1.069074969291687083e+01
1.068864771945417402e+01
1.069327355994552775e+01
1.070003685524793191e+01
1.070115187091212050e+01
1.069841468048095656e+01
1.069837002527146197e+01
1.069690444525771333e+01
1.070236118137836456e+01
1.069944700344588462e+01
1.070001005759606016e+01
1.070121638465473701e+01
1.070381875471635347e+01
1.070671425726180637e+01
1.071044652853439061e+01
1.071107124752468565e+01
1.071226377346936331e+01
1.071132908424321784e+01
1.071469364304473437e+01
1.071192434022752416e+01
1.071702627454485146e+01
1.072007630395551026e+01
1.071566989388264446e+01
1.071177295871547841e+01
1.071128874354892346e+01
1.070602052622827927e+01
1.070349586826481314e+01
1.070253154858439970e+01
1.070150398563694338e+01
1.069950686205153545e+01
1.070353078206380282e+01
1.070469553107457372e+01
1.070131097341838711e+01
1.070087245866364078e+01
1.069648016892470288e+01
1.069622903639270461e+01
1.069501816309415432e+01
1.069952480656326266e+01
1.069967227646067087e+01
1.070094217144468374e+01
1.069896604418754649e+01
1.069799178579579291e+01
1.069600568582982270e+01
1.069309981761534445e+01
1.069699121103054118e+01
1.069747857180508710e+01
1.069947332933724660e+01
1.069892268266506541e+01
1.069534982386089439e+01
1.069463152575069564e+01
1.069233054553761164e+01
1.069574452561941769e+01
1.069614830127982152e+01
1.069465901259052920e+01
1.069961017849801621e+01
1.069929331098284031e+01
1.069924708388068524e+01
1.069546212449585632e+01
1.069380373365423686e+01
1.069376180425036615e+01
1.069423869450887032e+01
1.069325432329546643e+01
1.069575160938304847e+01
1.069534074543603808e+01
1.069619870185852051e+01
1.070193102553084152e+01
1.070139422980687982e+01
1.069813924677231753e+01
1.069709473467887761e+01
1.069836217385751276e+01
1.069755332846390594e+01
1.069712770172438709e+01
1.069437549014886280e+01
1.069158186443111447e+01
1.069230242856998991e+01
1.069275086231720806e+01
1.069420910854728923e+01
1.069801974901693065e+01
1.069694374065206510e+01
1.070041598986141729e+01
1.070023505210876458e+01
1.069965186522374623e+01
1.070008445022129706e+01
1.069987147664788907e+01
1.069996184928744398e+01
1.069949651113370592e+01
1.069825159461752939e+01
1.070130748103782103e+01
1.070474684238433838e+01
1.070221912803832431e+01
1.070298218500046517e+01
1.070294412278451013e+01
1.070113734029374086e+01
1.070029569903449840e+01
1.070167252727758189e+01
1.070190025595731598e+01
1.070156804720560650e+01
1.069891383790750083e+01
1.069741203150617892e+01
1.069687142655185319e+01
1.069878359274430757e+01
1.069820761356957917e+01
1.069522837905196511e+01
1.069283942149893640e+01
1.069235202244349914e+01
1.069215991973876889e+01
1.069349083436273951e+01
1.068980932445778187e+01
1.068918570300989046e+01
1.068682689750038328e+01
1.068808085400125307e+01
1.068811103688689990e+01
1.068717580006040357e+01
1.068656337721665039e+01
1.068991708347940062e+01
1.069184559761209741e+01
1.069088286060397941e+01
1.069101918699369236e+01
1.069077959781935228e+01
1.069330509935961615e+01
1.069097326596577879e+01
1.068872365120535584e+01
1.068926670531596024e+01
1.068901520795782822e+01
1.068771285307211905e+01
1.068954295333550952e+01
1.068996746947125764e+01
1.069202636610641122e+01
1.069304228213525576e+01
1.069132635966841072e+01
1.068964448928833022e+01
1.069126905388091231e+01
1.069303788457598081e+01
1.069268940183013861e+01
1.068992388342309141e+01
1.068848978304395558e+01
1.068807499483227730e+01
1.068686176552382960e+01
1.068562723499860034e+01
1.068533815656389585e+01
1.068574620026808475e+01
1.068616031047484860e+01
1.068714810873715848e+01
1.068685265820289310e+01
1.068706992178252335e+01
1.068478287031065754e+01
1.068077035057813617e+01
1.067890177951769815e+01
1.067861386555344261e+01
1.067750019300382824e+01
1.067587342438874387e+01
1.067586449063572118e+01
1.067507041903103016e+01
1.067312029953841268e+01
1.067260607837760489e+01
1.067300945975563664e+01
1.067547641629758104e+01
1.067731790163887062e+01
1.067677921528438922e+01
1.067558212006818508e+01
1.067491457121712806e+01
1.067734750225026374e+01
1.068022988704924892e+01
1.068208161006967849e+01
1.068166731109081802e+01
1.068152282447145751e+01
1.068069294949511594e+01
1.068288033515318780e+01
1.067958678139580542e+01
1.067944938501272212e+01
1.067975787458748727e+01
1.068122257481735637e+01
1.068233791116165854e+01
1.068466530887747012e+01
1.068384202321370502e+01
1.068448644088486432e+01
1.068435373821774093e+01
1.068343302216192647e+01
1.068614034524700074e+01
1.068489718357456120e+01
1.068256176630655929e+01
1.068484037659096941e+01
1.068744551740734750e+01
1.068935838390891746e+01
1.068935703917553504e+01
1.068848930421422772e+01
1.068778384588902242e+01
1.068718414741540990e+01
1.068568089410856103e+01
1.068412203001744487e+01
1.068462995713756847e+01
1.068335708851216381e+01
1.068163458506266217e+01
1.068191674875375163e+01
1.068099827675303004e+01
1.068023796989804275e+01
1.068146820008000297e+01
1.068113263548360692e+01
1.067946180607537876e+01
1.067870132003831962e+01
1.067839282453060079e+01
1.067686592232772469e+01
1.067777195628385378e+01
1.067652407371591927e+01
1.067590929255073462e+01
1.067590821779691268e+01
1.067863317208787421e+01
1.067999517224979655e+01
1.067824287530852523e+01
1.067822038366439408e+01
1.068059860576282816e+01
1.068043598739762245e+01
1.067867842639785181e+01
1.067865038347673767e+01
1.067804562974118987e+01
1.067765273193814934e+01
1.067873189846674542e+01
1.068115051280850913e+01
1.068268360047650845e+01
1.068173506126291272e+01
1.068162742783041530e+01
1.068069288807530626e+01
1.068063823242633603e+01
1.067879514722017831e+01
1.068059176899665985e+01
1.068235489389170745e+01
1.068260083997869714e+01
1.068221966471383411e+01
1.068249054886828908e+01
1.068291161053501703e+01
1.068231714521135522e+01
1.068430260987023672e+01
1.068316504901105723e+01
1.068135408233988315e+01
1.067982607372736581e+01
1.068102925797583325e+01
1.068223752332537302e+01
1.068216590988201986e+01
1.068005780800760718e+01
1.068115676943638270e+01
1.068176734182569732e+01
1.068406215995302411e+01
1.068381937300961404e+01
1.068532766126732447e+01
1.068483605751624488e+01
1.068381630884457856e+01
1.068309749280168752e+01
1.068398280754401242e+01
1.068146603003792094e+01
1.068079162483939015e+01
1.067950697202940269e+01
1.067843513283125390e+01
1.067823016258978086e+01
1.067861678453297181e+01
1.067888445267702835e+01
1.068056016286214138e+01
1.068179330166350027e+01
1.068305122314776945e+01
1.068484503125387519e+01
1.068421406104256377e+01
1.068382457682960940e+01
1.068300253450088277e+01
1.068332847874826186e+01
1.068532458671390550e+01
1.068520927834720879e+01
