1.223325729370117188e+01
1.223321771621704102e+01
1.223319657643636127e+01
1.223312258720397949e+01
1.223309841156005895e+01
1.223309214909871478e+01
1.223306696755545531e+01
1.223304986953735352e+01
1.223306126064724353e+01
1.223305778503418040e+01
1.223305112665349803e+01
1.223304375012715717e+01
1.223303442734938429e+01
1.223303726741245789e+01
1.223303070068359411e+01
1.223302173614501953e+01
1.223300395292394249e+01
1.223299784130520251e+01
1.223299016450580723e+01
1.223298587799072301e+01
1.223297963823590884e+01
1.223297600312666411e+01
1.223297222800876760e+01
1.223296741644541363e+01
1.223295959472656236e+01
1.223295439206636814e+01
1.223294706697817169e+01
1.223294568061828613e+01
1.223294291002997092e+01
1.223293914794921911e+01
1.223293227534140293e+01
1.223293048143386841e+01
1.223292853615500775e+01
1.223292317109949501e+01
1.223291843959263403e+01
1.223291566636827277e+01
1.223291041399981438e+01
1.223290388207686519e+01
1.223290091294508741e+01
1.223289780616760325e+01
1.223289682806991863e+01
1.223288847151256675e+01
1.223288709063862711e+01
1.223285740072076955e+01
1.223285348680284201e+01
1.223284151243126949e+01
1.223282917509687628e+01
1.223281264305114746e+01
1.223280918354890723e+01
1.223279472351074304e+01
1.223277484669404913e+01
1.223275800851675221e+01
1.223274247151500838e+01
1.223273151892202826e+01
1.223282257426868824e+01
1.223274402959006224e+01
1.223280399724056799e+01
1.223276401388234191e+01
1.223274019209005026e+01
1.223270448048909564e+01
1.223268066468786053e+01
1.223264588079144843e+01
1.223262157137431849e+01
1.223255579173564911e+01
1.223252234825721096e+01
1.223247597434303913e+01
1.223242164725687964e+01
1.223237292906817331e+01
1.223233225725699214e+01
1.223401260375976562e+01
1.223392330760687230e+01
1.223386756579081158e+01
1.223375473283741499e+01
1.223359743324486004e+01
1.223341243743896456e+01
1.223331211742601887e+01
1.223318113599504819e+01
1.223307867539234728e+01
1.223291777357270504e+01
1.223278496265411341e+01
1.223262112228958642e+01
1.223246091749610009e+01
1.223234434012907101e+01
1.223222783633640809e+01
1.223210892396814664e+01
1.223197164091953049e+01
1.223182914996969295e+01
1.223163753206079640e+01
1.223153552580415493e+01
1.223144482506646114e+01
1.223122144007420786e+01
1.223096928389176163e+01
1.223074538733369643e+01
1.223152711543631099e+01
1.223125308187384341e+01
1.223109870155652423e+01
1.223103222404558643e+01
1.223076468097920255e+01
1.223057112067636787e+01
1.223044474601745613e+01
1.222998180955943504e+01
1.222970626868453614e+01
1.223073581584448988e+01
1.223045034591968161e+01
1.223001090458461171e+01
1.223055860231507452e+01
1.223037400646744466e+01
1.223009794729727240e+01
1.223005660520781035e+01
1.223014368577436883e+01
1.223031995962331919e+01
1.223092986856188169e+01
1.223050305695660356e+01
1.222992572449801330e+01
1.222940283236296288e+01
1.222885694997063943e+01
1.222848971277220720e+01
1.222886534060462083e+01
1.222964177812848696e+01
1.222940503756205288e+01
1.222888290783590470e+01
1.222813376442330835e+01
1.222746768424181418e+01
1.222717302845370391e+01
1.222709740447998072e+01
1.222723357639615571e+01
1.222677192537803315e+01
1.222562350332736969e+01
1.222518878020057365e+01
1.222431555527907143e+01
1.222458663241553900e+01
1.222325835083470125e+01
1.222162995302587518e+01
1.222124316087409568e+01
1.222143598485875948e+01
1.222033946654375924e+01
1.221967411737372444e+01
1.221850478821906449e+01
1.221794286220193726e+01
1.221755374499729641e+01
1.221568036586680250e+01
1.221471822093909942e+01
1.221505751309694965e+01
1.221405088239245984e+01
1.221301331355653907e+01
1.221449714817412868e+01
1.221374454628042550e+01
1.221248914100028315e+01
1.221200149331316887e+01
1.221103274027506558e+01
1.220999245296250990e+01
1.220908843843560554e+01
1.220727671205607834e+01
1.220699048971200895e+01
1.220760358995006989e+01
1.220614093389266586e+01
1.220489359813131358e+01
1.220446092871170940e+01
1.220472261440828987e+01
1.220366265773773229e+01
1.220274804986041595e+01
1.220202120439505933e+01
1.220063636054290512e+01
1.219921082403601709e+01
1.219802602710145933e+01
1.219632452654551358e+01
1.219576415901412503e+01
1.219509915510813336e+01
1.219475615800485180e+01
1.219362286399392481e+01
1.219266317601789495e+01
1.219172775468160985e+01
1.219064611644414065e+01
1.218900997885342363e+01
1.218769771575927763e+01
1.218718111515045166e+01
1.218571071301476394e+01
1.218482800815882250e+01
1.218410345961927632e+01
1.218252849578857422e+01
1.218126974053145695e+01
1.218037883527986232e+01
1.217959794320695366e+01
1.217926681041717529e+01
1.217774623664649702e+01
1.217662190878263040e+01
1.217532994275424585e+01
1.217550033204098980e+01
1.217367071827883507e+01
1.217222375367817122e+01
1.217050374615254782e+01
1.216936869422594647e+01
1.216896033904713015e+01
1.216784086424050848e+01
1.216710808093731266e+01
1.216640913729765039e+01
1.216505228323379662e+01
1.216344111856788146e+01
1.216265444539899221e+01
1.216140342235565264e+01
1.215960257326192462e+01
1.215988062868023789e+01
1.215822899165411819e+01
1.215762663822548006e+01
1.215651582857457669e+01
1.215535136565421404e+01
1.215349251291026178e+01
1.215200577332423215e+01
1.215135322461287970e+01
1.215084023248581602e+01
1.214955167634792232e+01
1.214831220878745022e+01
1.214760517066633128e+01
1.214716369414997921e+01
1.214678849508596059e+01
1.214615144553007831e+01
1.214612620656940756e+01
1.214383362848824355e+01
1.214281329934455478e+01
1.214050341519442533e+01
1.213919376356030000e+01
1.213811233022191516e+01
1.213810442595203831e+01
1.213660033685820494e+01
1.213532364315456746e+01
1.213517453185225037e+01
1.213461541499335361e+01
1.213367376829448574e+01
1.213221821930731181e+01
1.212998586737591289e+01
1.212728724954448190e+01
1.212519237912934322e+01
1.212397269220311280e+01
1.212263961531158252e+01
1.212191946151408750e+01
1.211998376603853877e+01
1.211964742845623810e+01
1.211815702213960577e+01
1.211790187388783302e+01
1.211643145481745343e+01
1.211592279727033628e+01
1.211399279744171942e+01
1.211302024150581502e+01
1.211103283772703065e+01
1.211060014062998214e+01
1.210959223227772341e+01
1.211002419738151836e+01
1.210906430598228134e+01
1.210805445215309462e+01
1.210711557769775304e+01
1.210562652800662597e+01
1.210487862238808354e+01
1.210246589720955868e+01
1.210059224526713173e+01
1.209929900823854965e+01
1.209772631525993347e+01
1.209667447012222219e+01
1.209538162216659707e+01
1.209471785792052501e+01
1.209291028976440430e+01
1.209175211442384601e+01
1.209095514821642148e+01
1.208977395046799863e+01
1.208881504607923141e+01
1.208689469391444860e+01
1.208395725623109307e+01
1.208219347821639289e+01
1.208064234434668727e+01
1.207893155675838415e+01
1.207673674336186131e+01
1.207615825258937647e+01
1.207468669905382086e+01
1.207348131871485464e+01
1.207210515363373027e+01
1.207132374156605081e+01
1.207124790938004288e+01
1.206960236724963664e+01
1.206818195041135056e+01
1.206663696740263170e+01
1.206507912703922791e+01
1.206320388970426016e+01
1.206203713315598591e+01
1.206083178772943221e+01
1.205909995629753872e+01
1.205755666766250300e+01
1.205693121223182906e+01
1.205568750560906643e+01
1.205428141024377631e+01
1.205237415670111112e+01
1.205087573939356282e+01
1.204994635893307198e+01
1.204910713679169909e+01
1.204844751130191938e+01
1.204801800461853389e+01
1.204686368845276867e+01
1.204574021455403887e+01
1.204479829550592207e+01
1.204259431442158323e+01
1.204066894684348199e+01
1.203942857424418200e+01
1.203838390844604866e+01
1.203879378489311236e+01
1.203852472840362609e+01
1.203817164897918701e+01
1.203836163380106861e+01
1.203687983868168843e+01
1.203562947127252158e+01
1.203369257047578955e+01
1.203350111581746873e+01
1.203259465002244433e+01
1.203212241881146660e+01
1.202993019727560231e+01
1.202905592446129113e+01
1.202859559332489248e+01
1.202778043292817678e+01
1.202739131601550859e+01
1.202603081724245015e+01
1.202495452293060119e+01
1.202304362652817460e+01
1.202132154107093776e+01
1.202041947136044087e+01
1.201934481259458565e+01
1.201826874169033665e+01
1.201710255646411341e+01
1.201560216756967314e+01
1.201453975665788754e+01
1.201469879267047958e+01
1.201349383447228369e+01
1.201180200663743491e+01
1.201032531622684374e+01
1.200967398294869426e+01
1.200887011619935585e+01
1.200710968212322349e+01
1.200505705793460720e+01
1.200516751132794369e+01
1.200397260699953428e+01
1.200226298991579732e+01
1.200098010350966682e+01
1.199959398511588482e+01
1.199848783997928336e+01
1.199644180756510181e+01
1.199484108205427191e+01
1.199362346382252298e+01
1.199166257159654414e+01
1.199026811295661332e+01
1.198897936440616618e+01
1.198753982181164268e+01
1.198610537627647687e+01
1.198463781515301818e+01
1.198418787819998599e+01
1.198388346104200686e+01
1.198178245533596353e+01
1.198144110336519930e+01
1.197940337725278326e+01
1.197857942984137658e+01
1.197694204898362713e+01
1.197554983945787832e+01
1.197421472432227141e+01
1.197287292799245684e+01
1.197142891883850169e+01
1.196978982465749297e+01
1.196885136609578026e+01
1.196739833348381943e+01
1.196632893792875585e+01
1.196664068666222924e+01
1.196642735225906762e+01
1.196447015653189183e+01
1.196287904614987596e+01
1.196162797829646074e+01
1.196107807417173596e+01
1.195954435919172987e+01
1.195835617793503580e+01
1.195687846012473443e+01
1.195609162070534381e+01
1.195506227620442630e+01
1.195556671568687968e+01
1.195459829274792263e+01
1.195345919220535791e+01
1.195361846984219056e+01
1.195214405561748272e+01
1.195087000328724791e+01
1.194967379245458439e+01
1.194786401205834814e+01
1.194706832161779353e+01
1.152495574951171875e+01
1.136389541625976562e+01
1.144750531514485736e+01
1.146776962280273438e+01
1.143543205261230433e+01
1.140339469909667969e+01
1.140180315290178648e+01
1.138575220108032227e+01
1.141183132595486072e+01
1.142460918426513672e+01
1.143654337796297860e+01
1.141367864608764648e+01
1.141691105182354349e+01
1.149772698538643922e+01
1.149615910847981759e+01
1.148109817504882812e+01
1.147909136379466410e+01
1.147223096423678967e+01
1.146557336104543623e+01
1.146350474357604909e+01
1.148646132151285748e+01
1.150775363228537884e+01
1.150245401133661716e+01
1.150102718671162982e+01
1.148926116943359332e+01
1.148172807693481445e+01
1.147376756314878143e+01
1.148204755783081055e+01
1.148183710821743730e+01
1.147459046045939068e+01
1.148574259973341505e+01
1.149312809109687805e+01
1.148884371555212702e+01
1.148344598096959679e+01
1.148174476623535156e+01
1.147082291709052271e+01
1.146876964053592118e+01
1.146219338868793614e+01
1.146003126486753843e+01
1.145662524700164830e+01
1.146574246011129183e+01
1.146217071442377033e+01
1.145723019089809647e+01
1.145819297703829598e+01
1.146240795983208471e+01
1.145915572539619731e+01
1.145691549017074173e+01
1.145464636882146259e+01
1.145402431488037109e+01
1.145481885910034237e+01
1.144987070794199013e+01
1.144863376250633813e+01
1.145110481190231688e+01
1.144786760542127801e+01
1.144749960465864724e+01
1.145432172502790102e+01
1.145609429008082358e+01
1.145581120458142443e+01
1.146093711206468413e+01
1.145625130335489850e+01
1.145577091467185049e+01
1.145908195741714941e+01
1.145448366800943951e+01
1.145312991738319397e+01
1.145301651587853087e+01
1.144913115645899993e+01
1.144769026628181052e+01
1.144441235766691278e+01
1.144460914445959965e+01
1.144501979010445680e+01
1.144821367129473622e+01
1.145660671922895624e+01
1.145389438002076865e+01
1.145645017881651206e+01
1.145782656351725315e+01
1.145465161925868003e+01
1.145841656722031665e+01
1.145769026340582464e+01
1.145439700838885777e+01
1.145246300697326625e+01
1.144850553112265423e+01
1.144723560751938152e+01
1.144639685067785706e+01
1.144491480645679360e+01
1.143981013578527062e+01
1.143746006766030909e+01
1.143455851763144260e+01
1.143526123870502786e+01
1.143683479609114428e+01
1.144154689576890682e+01
1.143933170444362801e+01
1.143718253011288866e+01
1.143400863934588685e+01
1.143020628868265298e+01
1.142670967704371421e+01
1.142567164699236493e+01
1.142459568534929737e+01
1.142323057992117796e+01
1.142381557310470441e+01
1.142646756172180211e+01
1.142267384859595047e+01
1.142084150688321031e+01
1.142084036521541179e+01
1.141846506412212747e+01
1.141808928535098033e+01
1.141924186022776411e+01
1.141736986926782826e+01
1.141422511030126508e+01
1.141430639564444149e+01
1.141242467706853780e+01
1.141365747194032387e+01
1.141721153259277344e+01
1.141775249379925938e+01
1.141557251779656745e+01
1.141511263640030549e+01
1.141232405037715480e+01
1.141099644522381595e+01
1.141250784922454287e+01
1.141204434883694674e+01
1.141037883758544957e+01
1.140741153590935397e+01
1.140545078183783900e+01
1.140272868551859098e+01
1.140183597226296719e+01
1.140201772308349604e+01
1.139928290200611904e+01
1.139714361175777491e+01
1.139306136965751648e+01
1.139502486147621774e+01
1.139411313717181784e+01
1.139363933155554776e+01
1.139096277410333791e+01
1.138984764787487514e+01
1.138955951804545386e+01
1.139054785127992986e+01
1.138820696578306269e+01
1.138958546018948503e+01
1.138748581513114644e+01
1.138733712889307625e+01
1.138467648369925378e+01
1.138258141321493433e+01
1.138194952548389693e+01
1.138108732983782545e+01
1.138034829828474237e+01
1.137945228445118850e+01
1.137978800028970738e+01
1.138257572926631589e+01
1.137951191051586264e+01
1.138027863214479929e+01
1.138085334777832003e+01
1.138018500725954496e+01
1.137818684076007969e+01
1.137562780442580745e+01
1.137651661464146180e+01
1.137580544256394965e+01
1.137693637456649398e+01
1.137464564621068952e+01
1.137469212012954856e+01
1.137687133693095198e+01
1.137839193344116140e+01
1.137708884292507783e+01
1.137901028291678784e+01
1.137732824079829541e+01
1.137652109308940673e+01
1.137403802004727460e+01
1.137408548378082607e+01
1.137260832758006934e+01
1.137316629432496562e+01
1.137294311636298438e+01
1.137207841873168945e+01
1.136935408631263478e+01
1.136807394027709961e+01
1.136711496011370137e+01
1.136460832617748729e+01
1.136543933868408196e+01
1.136697464097629862e+01
1.136714292515469182e+01
1.136576366424560547e+01
1.136813405638966401e+01
1.136729802025688940e+01
1.136467060068035728e+01
1.136232649625002722e+01
1.136014437024059198e+01
1.135927263031835110e+01
1.135842394957671253e+01
1.135793302905175040e+01
1.135597041838946808e+01
1.135849611302639595e+01
1.135724242780574400e+01
1.135633160942479236e+01
1.135577892383355803e+01
1.135509354372819324e+01
1.135542755423432126e+01
1.135503603256854888e+01
1.135717715238913428e+01
1.135629653930664062e+01
1.135586654837361387e+01
1.135372962855329426e+01
1.135252387559593679e+01
1.135118645191192677e+01
1.134808708779254438e+01
1.134936468199928150e+01
1.134762507001754628e+01
1.134864494379828948e+01
1.134933814537234475e+01
1.134827052273796610e+01
1.134555197913865499e+01
1.134401850058482175e+01
1.134654493195018077e+01
1.134635628291538723e+01
1.134548425900427659e+01
1.134437587576092454e+01
1.134337963408707495e+01
1.134303068446221729e+01
1.134421484304028915e+01
1.134508263623273017e+01
1.134718237494543480e+01
1.134609204913498104e+01
1.134751622535322291e+01
1.134637019417502657e+01
1.134919338312623793e+01
1.134843077960315050e+01
1.134781461125532154e+01
1.134748457159314761e+01
1.134549139234754733e+01
1.134425272983787281e+01
1.134248167197609725e+01
1.134328198014644151e+01
1.134237971992992478e+01
1.134018162022466214e+01
1.133886682832395820e+01
1.133679358301491646e+01
1.133657057193215856e+01
1.133577077816694256e+01
1.133418560028076172e+01
1.133330267566745597e+01
1.133309841156005859e+01
1.133234519718073940e+01
1.133360289330263093e+01
1.133380367358525653e+01
1.133572074288649212e+01
1.133369046991521678e+01
1.133380280404424489e+01
1.133227622313577676e+01
1.133386051800786198e+01
1.133316280008331489e+01
1.133236568852474768e+01
1.133160199657563183e+01
1.133066342824912986e+01
1.133047695922851617e+01
1.132951079896721680e+01
1.132877747217814068e+01
1.132736662913688086e+01
1.132699972062598981e+01
1.132600104014078823e+01
1.132560822367668152e+01
1.132547534393429345e+01
1.132526481983273570e+01
1.132438870286389232e+01
1.132267865767845727e+01
1.132088790542777978e+01
1.132039969568034188e+01
1.131952368805163722e+01
1.131833690946752391e+01
1.131749409009825591e+01
1.131665450648257654e+01
1.131520589907071184e+01
1.131361895888598923e+01
1.131367016902200362e+01
1.131329990669533103e+01
1.131366638943717895e+01
1.131249049831839137e+01
1.131256385076613569e+01
1.131099410300707220e+01
1.131151821136474567e+01
1.131292796480482821e+01
1.131237290998658551e+01
1.131178026062121411e+01
1.131077411268774391e+01
1.131048215457371242e+01
1.130969923161951307e+01
1.130846807804513432e+01
1.130836893223199802e+01
1.130764364860427129e+01
1.130658826326069111e+01
1.130639946544087060e+01
1.130541101648417168e+01
1.130485038624869532e+01
1.130368804931640625e+01
1.130281629233524754e+01
1.130160389733068804e+01
1.130136098927014565e+01
1.130217152162623506e+01
1.130174118158768692e+01
1.130069893335891962e+01
1.129930360574980064e+01
1.129877624447498263e+01
1.129914796432392698e+01
1.129743886711605505e+01
1.129575473785400419e+01
1.129670113978591850e+01
1.129684018772958964e+01
1.129733233247259605e+01
1.129814008976283901e+01
1.129840400883408869e+01
1.129703861124375308e+01
1.129677896157926398e+01
1.129424615959068312e+01
1.129478231139939126e+01
1.129472118808377168e+01
1.129474510793900599e+01
1.129332132828541368e+01
1.129313895192009198e+01
1.129400816692668208e+01
1.129386078062511700e+01
1.129483788224715290e+01
1.129502788327093832e+01
1.129480334048001211e+01
1.129264261132123615e+01
1.129079368710517883e+01
1.129046371792707149e+01
1.129052311441172662e+01
1.129021188127736153e+01
1.128951062096489721e+01
1.128807885390061649e+01
1.128804430347278753e+01
1.128839956219407803e+01
1.128761399664529996e+01
1.128628920349306597e+01
1.128522685657848079e+01
1.128524682312933614e+01
1.128508552298488432e+01
1.128439732285233177e+01
1.128362866647229268e+01
1.128351024513814060e+01
1.128287300325575337e+01
1.128095288092729298e+01
1.127992872937896607e+01
1.127891418715845440e+01
1.127904369690839026e+01
1.127719078735172609e+01
1.127693210847196603e+01
1.127621701576966906e+01
1.127438349224800263e+01
1.127365130272464455e+01
1.127261359981029720e+01
1.127184375081350964e+01
1.127058011910011004e+01
1.126949129131940097e+01
1.127048200062342964e+01
1.127073385504915493e+01
1.127086804400790854e+01
1.127033671576308116e+01
1.126941757148268586e+01
1.126898562740272247e+01
1.126681041985415277e+01
1.126630285140179133e+01
1.126592700574651040e+01
1.126570722319621609e+01
1.126465266545613630e+01
1.126334251657417340e+01
1.126174685704773992e+01
1.126184448525925319e+01
1.126165130374195833e+01
1.126243576938158775e+01
1.126426429175288213e+01
1.126354219348294272e+01
1.126271729106488451e+01
1.126154065325977349e+01
1.126175050477723794e+01
1.126026413447130636e+01
1.125905464285163404e+01
1.125809446033140304e+01
1.125756024039365322e+01
1.125647554016113361e+01
1.125715734096283605e+01
1.125686844843452050e+01
1.125628623760566427e+01
1.125753539092937139e+01
1.125696245494641801e+01
1.125653284428313583e+01
1.125514827598451895e+01
1.125460753428406946e+01
1.125536534591758375e+01
1.090258121490478516e+01
1.091039276123046875e+01
1.094407240549723248e+01
1.101817989349365234e+01
1.099019927978515554e+01
1.097980483373006244e+01
1.100533771514892578e+01
1.097494566440582275e+01
1.106457032097710425e+01
1.105090713500976562e+01
1.103593037345192585e+01
1.102184073130289654e+01
1.101899029658390994e+01
1.108430780683245054e+01
1.107682342529296804e+01
1.106211876869201660e+01
1.106659692876479184e+01
1.105687401029798700e+01
1.107182813945569499e+01
1.105844297409057653e+01
1.108449073064894819e+01
1.110404630140824800e+01
1.109830114115839450e+01
1.107604841391245465e+01
1.106896579742431719e+01
1.105075010886559106e+01
1.104553056646276410e+01
1.103817473139081606e+01
1.103713176990377498e+01
1.104551922480265347e+01
1.105682345359556074e+01
1.105417227745056152e+01
1.105028782468853521e+01
1.105075381783878186e+01
1.104718739645821657e+01
1.105045289463467029e+01
1.104383079425708658e+01
1.103470433385748528e+01
1.103873460720746991e+01
1.103785388469696116e+01
1.104409378330882063e+01
1.104311604726882123e+01
1.104570723688879674e+01
1.105293778939680571e+01
1.105847178565131372e+01
1.105155575793722456e+01
1.104924238489029342e+01
1.104739904403686523e+01
1.104680917700942722e+01
1.104505382537841740e+01
1.104105066785625411e+01
1.103488155511709401e+01
1.103569588571224536e+01
1.102914479926780444e+01
1.103728358528830711e+01
1.104098202501024595e+01
1.104952236644008678e+01
1.104642933812634631e+01
1.104305647187313788e+01
1.103803404172261615e+01
1.103850660167756637e+01
1.104532215672154649e+01
1.103939605894542808e+01
1.103348819911479950e+01
1.103576151040884135e+01
1.103549828673854094e+01
1.103299518129718848e+01
1.103141115693485119e+01
1.102956950146218951e+01
1.102669610977172887e+01
1.102318873875577765e+01
1.103383760982089612e+01
1.102983572711683280e+01
1.103370930697466790e+01
1.103820164998372455e+01
1.103566145896911621e+01
1.104082988144515376e+01
1.103939926929962922e+01
1.103423809099800934e+01
1.103576661348342824e+01
1.103304223661069550e+01
1.103597481657819124e+01
1.103551230373152769e+01
1.103342392331077981e+01
1.103215832429773613e+01
1.103119444292645035e+01
1.102775944238421602e+01
1.103503277085044232e+01
1.104213141323475433e+01
1.104834915796915773e+01
1.104837065476637648e+01
1.104604144718335945e+01
1.104205045392436446e+01
1.103926199040514433e+01
1.103499261956465816e+01
1.103401680787404437e+01
1.103247255148346895e+01
1.102677571043676252e+01
1.102763362845989192e+01
1.103263595581054624e+01
1.103063418133424101e+01
1.103020515628889520e+01
1.103623444825700162e+01
1.103443654683920094e+01
1.103449241093226796e+01
1.103551429172731879e+01
1.103495398191648036e+01
1.103742778742754815e+01
1.103781739506152704e+01
1.103569619438864891e+01
1.103955690710394144e+01
1.104251249347414365e+01
1.104150338299506551e+01
1.103859816099468105e+01
1.103779106969418677e+01
1.103606460834371639e+01
1.103716017242170722e+01
1.103646220191050453e+01
1.103660371924648764e+01
1.103681293328603097e+01
1.103471627511268771e+01
1.103123201307703205e+01
1.102788753819659462e+01
1.102513144862267325e+01
1.102566793060302786e+01
1.102065891689724353e+01
1.101841994157926230e+01
1.101687039434909821e+01
1.101750960830570136e+01
1.101702371744009135e+01
1.101778181818605340e+01
1.101585362174294147e+01
1.101183624554397511e+01
1.101153607154960135e+01
1.101621290842692069e+01
1.101370034498326866e+01
1.101631429073584378e+01
1.101838943923729097e+01
1.101870298728668374e+01
1.101709519113813052e+01
1.101565691765318533e+01
1.101654542331964137e+01
1.101626482209959157e+01
1.101978180805842022e+01
1.101831586771997884e+01
1.101875000130640281e+01
1.102011041576359496e+01
1.102008945233113124e+01
1.102149480141249249e+01
1.102019451141357465e+01
1.101942243639206964e+01
1.101682824837534014e+01
1.101435210658054764e+01
1.101414250708245568e+01
1.101399042683262941e+01
1.101485912005106549e+01
1.101204713590585449e+01
1.101273980925354756e+01
1.101348574656360491e+01
1.101482546925544703e+01
1.101459132958643217e+01
1.101669911985044159e+01
1.101422071164371097e+01
1.101232911319267416e+01
1.100986892237807702e+01
1.101071656468402971e+01
1.100879950723248335e+01
1.100858093443370933e+01
1.100927172892192374e+01
1.100835514629588374e+01
1.100486146915725882e+01
1.100225027771883290e+01
1.100180263188532948e+01
1.100005621745668627e+01
1.100127434866768894e+01
1.100200723518024759e+01
1.100151935404976911e+01
1.099927235721202301e+01
1.100063222746609348e+01
1.099862038294474331e+01
1.099633907086282747e+01
1.099598822750887983e+01
1.099413643508660954e+01
1.099358087000639550e+01
1.099340203774941926e+01
1.099149465560913086e+01
1.099018649238953671e+01
1.099312869031378526e+01
1.099121750221050675e+01
1.098872483404059075e+01
1.098810958862304688e+01
1.098600668708483319e+01
1.098650459922039424e+01
1.098598423200784246e+01
1.098960058750250468e+01
1.098756652948807755e+01
1.098784958892667341e+01
1.098653365626479683e+01
1.098575815363745001e+01
1.098480928421020586e+01
1.098269905735604191e+01
1.098482926529232806e+01
1.098371911636126974e+01
1.098608641063465718e+01
1.098693910924399830e+01
1.098567088599343933e+01
1.098397361368372849e+01
1.098242652874726488e+01
1.098482394332520684e+01
1.098403703144618504e+01
1.098224949497747183e+01
1.098173459520879724e+01
1.098050901027912296e+01
1.097841348380685922e+01
1.098015137605888825e+01
1.098112730626706757e+01
1.098396804475564537e+01
1.098285578806465956e+01
1.098461702860653588e+01
1.098394149866971148e+01
1.098639349700099288e+01
1.098485230540370061e+01
1.098574338579391707e+01
1.098546398963246951e+01
1.098422465430365591e+01
1.098292237256480597e+01
1.098185846353942630e+01
1.098394947302968916e+01
1.098341634492166108e+01
1.098169170047925824e+01
1.098135611298796377e+01
1.098023380493295598e+01
1.097921503255295583e+01
1.097862297856909564e+01
1.097731985944382771e+01
1.097697090294401612e+01
1.097783253263320624e+01
1.097891299063418025e+01
1.098210013561168985e+01
1.098230485518773314e+01
1.098463643734880435e+01
1.098350913071435286e+01
1.098394877822310889e+01
1.098146349093953056e+01
1.098255116598946657e+01
1.098240742644643397e+01
1.098094054079248849e+01
1.098024770905894698e+01
1.098086514530411684e+01
1.098124870681762744e+01
1.097948651484759175e+01
1.097873259347582575e+01
1.097756916920658199e+01
1.097617504164928448e+01
1.097584339590633640e+01
1.097557144239544868e+01
1.097543894177744761e+01
1.097717866601870007e+01
1.097553996597938131e+01
1.097343257390535776e+01
1.097161923331775846e+01
1.096978129321382234e+01
1.097069415393437808e+01
1.097038738294081206e+01
1.097062182516421913e+01
1.096989777572172997e+01
1.096967411041259766e+01
1.096899843927639573e+01
1.096746112156977837e+01
1.096619782271208621e+01
1.096642536078871899e+01
1.096559306803871614e+01
1.096546189514272029e+01
1.096404847611476008e+01
1.096410360856489774e+01
1.096653117649797160e+01
1.096621731988789783e+01
1.096539685709013412e+01
1.096520202390609278e+01
1.096430935859680211e+01
1.096385021481225586e+01
1.096215428359119670e+01
1.096295532994893840e+01
1.096220075916236603e+01
1.096107669294926090e+01
1.096032222000869005e+01
1.095959127738500705e+01
1.095979405111736682e+01
1.095924202546116355e+01
1.095788105931775291e+01
1.095721740329388538e+01
1.095694974677203426e+01
1.095809257559401928e+01
1.095829631844345364e+01
1.095712495254258023e+01
1.095614711336187419e+01
1.095555328279231944e+01
1.095616991567931642e+01
1.095562371282673197e+01
1.095516141573587987e+01
1.095590968147860877e+01
1.095606631790565366e+01
1.095628756973216156e+01
1.095688907096260500e+01
1.095830622188380588e+01
1.095677825828003726e+01
1.095828616114315146e+01
1.095669639265382500e+01
1.095776850814572434e+01
1.095634870529174876e+01
1.095721740354679064e+01
1.095605114790109447e+01
1.095747559520002312e+01
1.095894280816339439e+01
1.095889448135618238e+01
1.095942018907281401e+01
1.095924245972738653e+01
1.095913460269663986e+01
1.095820713342170372e+01
1.095656609237193990e+01
1.095653311708634448e+01
1.095641440042057368e+01
1.095582423785891635e+01
1.095570761774793134e+01
1.095495486626258241e+01
1.095461619851048063e+01
1.095598542216356464e+01
1.095521275590105681e+01
1.095427628201191972e+01
1.095255478656653203e+01
1.095376381485123574e+01
1.095345916518245843e+01
1.095305193651903863e+01
1.095296798637527225e+01
1.095342835383628710e+01
1.095330792097818318e+01
1.095176006000190583e+01
1.095161184897789575e+01
1.095122964965910306e+01
1.095095438957214284e+01
1.094908470981631510e+01
1.094824692240932507e+01
1.094780499316513023e+01
1.094634298945582174e+01
1.094544883396314461e+01
1.094487915700570646e+01
1.094424642403462400e+01
1.094276017156140490e+01
1.094273148020222486e+01
1.094466693060738649e+01
1.094596718519161982e+01
1.094656403227285857e+01
1.094686786446287741e+01
1.094622879513239511e+01
1.094618466336962115e+01
1.094438109772928591e+01
1.094301487952053442e+01
1.094274981994202633e+01
1.094295821282856984e+01
1.094203676912519718e+01
1.094193317751475014e+01
1.094137374340500024e+01
1.094109185273982199e+01
1.094031132708538934e+01
1.094099358597846816e+01
1.094282655507488933e+01
1.094175641997958337e+01
1.094143353596977519e+01
1.094108700946094537e+01
1.094154302236196230e+01
1.094085951956777159e+01
1.094041381600082552e+01
1.093968198893856503e+01
1.093919706344604492e+01
1.093828816477457622e+01
1.094052388059331982e+01
1.093996729205710849e+01
1.094072511461046027e+01
1.094256856007437584e+01
1.094182754817761882e+01
1.094092479215206382e+01
1.094107302321189401e+01
1.094100547023603909e+01
1.094253405246780098e+01
1.090322589874267578e+01
1.073250722885131836e+01
1.080910873413085938e+01
1.083294963836669922e+01
1.076125831604003835e+01
1.073030281066894531e+01
1.070642525809151735e+01
1.070941317081451416e+01
1.081303691864013672e+01
1.078586320877075266e+01
1.077719827131791597e+01
1.076309577624003033e+01
1.076184903658353420e+01
1.083199466977800718e+01
1.083119424184163471e+01
1.084698832035064697e+01
1.085675822987276007e+01
1.086587948269314197e+01
1.086743736267089844e+01
1.084477448463439941e+01
1.088809181395031089e+01
1.090041047876531444e+01
1.089608354153840430e+01
1.088430468241373639e+01
1.086722011566162038e+01
1.086618064000056272e+01
1.086246977912055200e+01
1.086349364689418273e+01
1.085704402265877633e+01
1.085204909642537352e+01
1.086571954911755000e+01
1.087581425905227661e+01
1.087143054152980071e+01
1.086976382311652678e+01
1.086651464189801963e+01
1.086772754457261847e+01
1.085490030855745935e+01
1.084260114870573410e+01
1.083999572656093413e+01
1.083819663524627686e+01
1.084771816904951969e+01
1.084705193837483783e+01
1.084628504376078695e+01
1.084612525593150778e+01
1.084853055742051886e+01
1.085252915257992967e+01
1.084312183298963106e+01
1.083918762207031250e+01
1.083978711342325063e+01
1.083487384796142550e+01
1.083469925674737588e+01
1.083333015441894531e+01
1.083692975314158247e+01
1.082547871271769147e+01
1.083327295129949341e+01
1.084069771426064577e+01
1.084846575218334586e+01
1.085079454553538270e+01
1.086010016425181313e+01
1.085569740931193117e+01
1.085490258013615872e+01
1.086339422964280566e+01
1.086142792777409660e+01
1.086094038188457489e+01
1.086534783289982720e+01
1.086147601676709762e+01
1.085725973613226536e+01
1.085611441556145174e+01
1.085456346428912688e+01
1.085265248162405882e+01
1.085623003731311265e+01
1.086842946211496930e+01
1.086533955351947078e+01
1.086895369194649419e+01
1.087293248494466091e+01
1.087258003887377278e+01
1.087496114706064176e+01
1.087242039656027792e+01
1.087131523180611481e+01
1.087399226427078247e+01
1.087240554668285242e+01
1.087404701186389389e+01
1.087563928351344877e+01
1.087442807924179888e+01
1.087268425436580799e+01
1.087210087443506978e+01
1.087065262630068041e+01
1.087511966445229206e+01
1.088154599907692877e+01
1.088652826944987062e+01
1.088324186304113361e+01
1.088010456251061520e+01
1.087794964287870592e+01
1.087799329960599870e+01
1.087603020918996677e+01
1.087620606025060077e+01
1.087591136853719576e+01
1.087229661552273541e+01
1.087277989435677661e+01
1.087456164360046351e+01
1.087111241746656987e+01
1.087001788382436729e+01
1.087266394235555467e+01
1.086981643163240818e+01
1.086535252162388332e+01
1.086762359907042352e+01
1.086633397039966020e+01
1.087002657077930579e+01
1.087472705666078276e+01
1.087354425083507259e+01
1.087581647408975094e+01
1.087571673733847533e+01
1.087461581272361499e+01
1.087495245013320577e+01
1.087215045431385896e+01
1.086780890103044150e+01
1.086896658351278688e+01
1.086946447016829076e+01
1.086757649493818612e+01
1.086651108264923060e+01
1.086453771197106200e+01
1.086267626871828185e+01
1.085973639604521956e+01
1.085952727256282735e+01
1.085895069885253861e+01
1.085627991055685371e+01
1.085488506377212659e+01
1.085327873378992081e+01
1.085625708380410792e+01
1.085659597103412288e+01
1.085682448904022834e+01
1.085560299410964546e+01
1.085360981647233380e+01
1.085423362788869461e+01
1.085698338967782561e+01
1.085387299341313927e+01
1.085587800158201333e+01
1.085483187523441018e+01
1.085414118046383258e+01
1.085151859692164855e+01
1.085068269147940612e+01
1.085077455681814307e+01
1.084946207566694731e+01
1.085321556197272486e+01
1.085172276990167006e+01
1.085315014564827685e+01
1.085512012040534024e+01
1.085267985833657711e+01
1.085409984972652886e+01
1.085313758850097621e+01
1.085221502796703597e+01
1.085078408216175205e+01
1.084877537122738822e+01
1.085032176352166466e+01
1.084940092640538367e+01
1.085146954732063485e+01
1.084874837717432960e+01
1.084904321839537822e+01
1.085068977403940593e+01
1.085155678987502981e+01
1.084959368379960232e+01
1.085259947953400861e+01
1.084948267673422251e+01
1.084922600373989177e+01
1.084600134184866249e+01
1.084546711933182017e+01
1.084359131316224989e+01
1.084311070896330342e+01
1.084412314623770612e+01
1.084335649714750360e+01
1.084252893436721976e+01
1.084501143943431778e+01
1.084438708751876845e+01
1.084262732253677619e+01
1.084452725001743900e+01
1.084512057087638226e+01
1.084410775179243380e+01
1.084308642483829033e+01
1.084572362100611898e+01
1.084282827907138369e+01
1.083868546248799447e+01
1.083598820717780065e+01
1.083549239466099223e+01
1.083371996361276324e+01
1.083434459067679789e+01
1.083435373408820013e+01
1.083346544357544516e+01
1.083753129269214455e+01
1.083454774927209918e+01
1.083396989420840661e+01
1.083427618436164330e+01
1.083326447506745716e+01
1.083439289844097786e+01
1.083345134971068013e+01
1.083688864096617088e+01
1.083612745635363517e+01
1.083533889267045147e+01
1.083378259100095242e+01
1.083330491799205930e+01
1.083246636390686035e+01
1.083025278499470367e+01
1.083103529769595319e+01
1.083044336816947428e+01
1.083359770681343903e+01
1.083601333804246813e+01
1.083530009371563096e+01
1.083383382345743229e+01
1.083458848641468997e+01
1.083754464199668455e+01
1.083807036081949882e+01
1.083774960775510898e+01
1.083671022361179581e+01
1.083523208546526639e+01
1.083505703132843223e+01
1.083771464769230342e+01
1.083824910057915503e+01
1.084147525383030697e+01
1.084089533779599179e+01
1.084337643836731324e+01
1.084267539111050738e+01
1.084762156387260035e+01
1.084703159761858338e+01
1.084967645722119833e+01
1.085069546529224915e+01
1.084975677914089687e+01
1.085039411392887132e+01
1.084966072216958288e+01
1.085325701613175298e+01
1.085267818650824623e+01
1.085205046612283475e+01
1.085189569151246758e+01
1.085015033442398646e+01
1.085034011873564452e+01
1.085032951729929351e+01
1.084853373182580860e+01
1.084835020566390718e+01
1.085139380426849520e+01
1.085399647320018168e+01
1.085546033452245496e+01
1.085462835232416801e+01
1.085649109282434210e+01
1.085545087057696811e+01
1.085752853346459723e+01
1.085671347868247061e+01
1.085984110540273306e+01
1.085926335032393375e+01
1.085706026254877798e+01
1.085557768806334522e+01
1.085433409970448260e+01
1.085498147583007800e+01
1.085462925063661288e+01
1.085293766430446105e+01
1.085244744568474218e+01
1.085017553089171827e+01
1.085015346676695636e+01
1.085003319010138512e+01
1.085080389846623561e+01
1.084973745198212924e+01
1.084720054096236730e+01
1.084471596204317478e+01
1.084220155445551903e+01
1.084370893740472042e+01
1.084347911298048395e+01
1.084319013537782617e+01
1.084434547424316442e+01
1.084262632068834797e+01
1.084093396047527946e+01
1.084072697340552516e+01
1.084100762973487520e+01
1.084153942885222222e+01
1.084147429026360854e+01
1.083978873491287231e+01
1.084208440605974033e+01
1.084159369364272152e+01
1.084184519681063641e+01
1.084320834063101557e+01
1.084179891662046735e+01
1.084057083404321453e+01
1.083990649083181879e+01
1.083907136235918323e+01
1.083841965291848020e+01
1.083855414559655195e+01
1.084003612936174932e+01
1.083975621344337981e+01
1.083979382431297900e+01
1.083981698709768082e+01
1.084048151554546280e+01
1.084057307243347168e+01
1.083947582970853496e+01
1.083943057224668394e+01
1.083776279986928870e+01
1.083828000499777566e+01
1.084016731900159769e+01
1.084006706873575787e+01
1.083894697609594360e+01
1.083862679069106605e+01
1.083679252521758940e+01
1.083803180080132122e+01
1.083748398337475827e+01
1.083730803171793688e+01
1.083803302663505264e+01
1.083909770510843984e+01
1.084104152087724593e+01
1.084261584281921387e+01
1.084476399656201906e+01
1.084251594543457031e+01
1.084452988192778911e+01
1.084303918132534328e+01
1.084457443138542310e+01
1.084460524282147809e+01
1.084514173894066502e+01
1.084299494669987673e+01
1.084519392994646125e+01
1.084566385123380350e+01
1.084555387951078842e+01
1.084723326526110654e+01
1.084762913195492651e+01
1.084718394729326363e+01
1.084592198578167910e+01
1.084633089900016856e+01
1.084629691649820238e+01
1.084688850959635609e+01
1.084676987615532262e+01
1.084662813610500720e+01
1.084568911625788701e+01
1.084560455720117567e+01
1.084741484790766997e+01
1.084672878718957634e+01
1.084557521379464973e+01
1.084413702415697500e+01
1.084576938375605515e+01
1.084508275698466484e+01
1.084367878372604821e+01
1.084316497220250675e+01
1.084305559699215138e+01
1.084424769594555826e+01
1.084440275752579730e+01
1.084339744240574532e+01
1.084321871619660627e+01
1.084307158975040153e+01
1.084226802087599317e+01
1.084209538342659940e+01
1.084155814501703929e+01
1.083986672689748332e+01
1.083962262471516880e+01
1.083854622923569799e+01
1.083884428007801937e+01
1.083843580607710244e+01
1.083938789640934885e+01
1.084145541054861894e+01
1.084308639482894776e+01
1.084484525702216473e+01
1.084594467746637392e+01
1.084501379627292472e+01
1.084442018320862644e+01
1.084399745705422369e+01
1.084314978623590520e+01
1.084302575628184684e+01
1.084245385831444963e+01
1.084163604312472806e+01
1.084088673419899607e+01
1.084013333505029841e+01
1.084001791247323254e+01
1.083999603397243661e+01
1.084127601205486080e+01
1.084296928989431308e+01
1.084247272086078517e+01
1.084162060592485588e+01
1.084023430676964317e+01
1.084170239938272040e+01
1.084172108488262865e+01
1.084108423930342546e+01
1.084080517132224664e+01
1.084115470539439841e+01
1.084087382761637386e+01
1.084357726827580848e+01
1.084265664401674201e+01
1.084384559449695473e+01
1.084471952443387011e+01
1.084528879115456057e+01
1.084458095570561831e+01
1.084394591516225148e+01
1.084307664866235754e+01
1.084455685375816181e+01
1.091535186767578125e+01
1.079183816909790039e+01
1.078653367360433002e+01
1.092793154716491699e+01
1.081008224487304759e+01
1.073225879669189453e+01
1.069973972865513367e+01
1.068020653724670410e+01
1.073899629380967902e+01
1.076396465301513672e+01
1.073542421514337697e+01
1.071768633524576764e+01
1.073550767164963915e+01
1.080529233387538390e+01
1.080123144785563127e+01
1.080326747894287109e+01
1.081377696990966797e+01
1.079233906004163934e+01
1.080469909467195144e+01
1.080286221504211497e+01
1.083248637971423989e+01
1.085296921296553130e+01
1.084975955797278324e+01
1.084479045867919922e+01
1.082848976135253949e+01
1.082274279227623559e+01
1.080873171488443951e+01
1.080519240243094359e+01
1.079132244504731197e+01
1.078735434214274136e+01
1.078161202707598321e+01
1.079175674915313721e+01
1.078695456186930279e+01
1.079076887579525135e+01
1.079347852979387490e+01
1.079154769579569439e+01
1.078063763798894037e+01
1.076953411102294922e+01
1.077893579923189549e+01
1.077697353363037180e+01
1.077840830640094971e+01
1.077953772317795611e+01
1.076945395802342631e+01
1.076953994144092874e+01
1.077987278832329565e+01
1.077702288005663078e+01
1.077563922963243925e+01
1.076581541697184186e+01
1.076688262394496398e+01
1.077012777328491211e+01
1.077333384869145405e+01
1.077349697626554104e+01
1.077315494249451788e+01
1.076001582322297345e+01
1.077220367084849961e+01
1.078553143569401307e+01
1.079491429579885420e+01
1.079345415378439021e+01
1.080617324376510346e+01
1.080160942077636754e+01
1.080250408610359614e+01
1.080876115060621778e+01
1.080894556499662862e+01
1.081405046582221985e+01
1.081593001439021151e+01
1.081048851302175784e+01
1.081485550439179910e+01
1.081388439851648720e+01
1.081077172099680084e+01
1.080892305374145579e+01
1.081562837412659484e+01
1.082748198509216309e+01
1.082025669045644278e+01
1.082634424518894534e+01
1.082913041432698620e+01
1.082778066083004553e+01
1.082822698122495098e+01
1.082175553150666047e+01
1.081640574298327451e+01
1.081713171005248952e+01
1.081255613727334186e+01
1.081221582831405925e+01
1.081459781922489682e+01
1.081286881083533835e+01
1.081260443294749507e+01
1.081308236233023656e+01
1.081205380099943270e+01
1.081549268419092336e+01
1.082181065805842302e+01
1.082920143339369012e+01
1.082840482481233302e+01
1.082465166630952247e+01
1.082274581540015390e+01
1.082171025174729451e+01
1.081513122759367285e+01
1.081480934222539325e+01
1.081558803676329994e+01
1.080891652009925075e+01
1.081065464019775391e+01
1.081682774543762271e+01
1.081367861870491787e+01
1.081158414541506296e+01
1.081722766913256528e+01
1.081507872618161770e+01
1.081097137814476383e+01
1.081645593103372782e+01
1.081289630069910856e+01
1.081688427925109863e+01
1.081790891699834667e+01
1.081480516953901727e+01
1.081795482807331332e+01
1.081987329040254942e+01
1.082297596889259594e+01
1.082007996241251568e+01
1.081982251872187106e+01
1.081809529764898947e+01
1.081453216585338595e+01
1.081078847788148067e+01
1.080926515274689059e+01
1.080734662214914898e+01
1.080357602805145589e+01
1.080132149868324198e+01
1.079926482254896669e+01
1.079827346340302441e+01
1.079756546783447213e+01
1.079279798931545642e+01
1.079152115498940745e+01
1.078958738595247269e+01
1.079247040711632089e+01
1.079188053424541849e+01
1.079074802835479119e+01
1.078731939286896591e+01
1.078457166198501049e+01
1.078265523910522461e+01
1.078586043605097977e+01
1.078555215807521961e+01
1.079010020903427147e+01
1.079084812385448444e+01
1.078967486868659442e+01
1.078554544448852504e+01
1.078439173461697642e+01
1.078190837779515299e+01
1.078244598762138828e+01
1.078547115458382422e+01
1.078695449171395104e+01
1.078906583786010742e+01
1.079224379533002143e+01
1.079119698421375162e+01
1.079195482778869142e+01
1.079102730433146107e+01
1.078871385309080466e+01
1.078766366682554612e+01
1.078543054044636307e+01
1.078626557139607200e+01
1.078589771024642374e+01
1.078636070398184010e+01
1.078272094240613832e+01
1.078164957746674801e+01
1.078163005420996789e+01
1.078260765075683558e+01
1.078335576027816956e+01
1.077888969727504431e+01
1.077594123442480090e+01
1.077358005104995442e+01
1.077102927005652155e+01
1.077220719119152470e+01
1.077098808745424208e+01
1.077138254756019187e+01
1.077250933223927554e+01
1.076959909551283978e+01
1.076917439734029536e+01
1.076774461879286626e+01
1.076517857016855650e+01
1.076536548000642668e+01
1.076681497846330871e+01
1.076809397610750985e+01
1.076757160553150960e+01
1.076460804564229612e+01
1.076635978208573796e+01
1.076522342893812478e+01
1.076353793908219281e+01
1.076186472505003522e+01
1.076000525260883656e+01
1.076122946324555762e+01
1.076244921297640467e+01
1.076052050436696739e+01
1.075889302830007566e+01
1.076319316092957834e+01
1.076006601727197953e+01
1.076009719246312279e+01
1.075770980275738253e+01
1.075632869203885456e+01
1.075848366930077127e+01
1.075803501581408383e+01
1.076169850765130498e+01
1.076248396659383921e+01
1.076469346835528462e+01
1.076520192502725060e+01
1.076486322029152021e+01
1.076405056953430162e+01
1.076176065473414134e+01
1.076570986757183945e+01
1.076512327335150943e+01
1.076783432680017860e+01
1.077058896320622061e+01
1.076830543592138234e+01
1.076743791183987753e+01
1.076756510826257518e+01
1.077073956904799168e+01
1.077188142140706439e+01
1.077001946797303056e+01
1.076999652610634861e+01
1.076833956454281527e+01
1.076675234553969851e+01
1.076988568860430995e+01
1.077177948421902087e+01
1.077465276674191585e+01
1.077506861118001602e+01
1.077779299592318552e+01
1.077679846937006225e+01
1.078142152328836367e+01
1.078166713370933216e+01
1.078324379087029072e+01
1.078212463429995971e+01
1.078170106252034444e+01
1.078027963638305664e+01
1.077779954750632463e+01
1.078134717439350254e+01
1.078143769476611524e+01
1.078190334154211882e+01
1.078161516643705831e+01
1.077900139627785592e+01
1.077850431843376988e+01
1.077729060099675173e+01
1.077697163439811590e+01
1.077620590339272688e+01
1.077928897600133773e+01
1.077933424861491218e+01
1.078284330248333944e+01
1.078181217511494872e+01
1.078402238663796098e+01
1.078249263369347410e+01
1.078439986852951904e+01
1.078230443547983697e+01
1.078453348120864597e+01
1.078533716511920204e+01
1.078405700328378991e+01
1.078359853836797910e+01
1.078307575777352589e+01
1.078506156539916994e+01
1.078429070506912701e+01
1.078336739540100098e+01
1.078208086141955668e+01
1.078213265937144349e+01
1.078180250654033578e+01
1.078133711591362953e+01
1.078346039070693507e+01
1.078521297883617791e+01
1.078302033987744935e+01
1.078072468317471966e+01
1.077926408102685940e+01
1.078149458834233165e+01
1.078097470359657173e+01
1.078019999735283108e+01
1.077995018869076205e+01
1.077900454155484589e+01
1.077704546781961348e+01
1.077662708866062502e+01
1.077511452742225551e+01
1.077580311386673451e+01
1.077582031334458179e+01
1.077313439285053853e+01
1.077504304040482630e+01
1.077318624162325911e+01
1.077269195903431331e+01
1.077645742374917681e+01
1.077661156223999406e+01
1.077585051557142926e+01
1.077586011305504776e+01
1.077467379570007289e+01
1.077399545038298001e+01
1.077379274706468593e+01
1.077490766141102974e+01
1.077315552805510990e+01
1.077294181689881469e+01
1.077356447873415668e+01
1.077324071744593148e+01
1.077196543746524426e+01
1.077215064025667779e+01
1.077048157659070249e+01
1.077032610968625903e+01
1.076967703153009204e+01
1.077180776498423498e+01
1.077260086812129636e+01
1.077129215628413839e+01
1.077066658960806400e+01
1.077034544703936270e+01
1.077198012563206220e+01
1.077026888997259668e+01
1.077003519694010336e+01
1.076955341263070842e+01
1.076902418262911176e+01
1.077107750228529248e+01
1.077314545920020628e+01
1.077585540521340235e+01
1.077430923000659746e+01
1.077619999006439144e+01
1.077524100650440531e+01
1.077746249634085274e+01
1.077883115276213566e+01
1.078126346490007492e+01
1.077871027359595679e+01
1.078154072136924668e+01
1.078354905365378968e+01
1.078341808924599299e+01
1.078473029559171614e+01
1.078606466540026787e+01
1.078528369747617788e+01
1.078463027918226658e+01
1.078386246860027242e+01
1.078353598110400924e+01
1.078475686185848659e+01
1.078502503268120805e+01
1.078411577366016516e+01
1.078356624603271463e+01
1.078483099147586088e+01
1.078610042257046508e+01
1.078603816032409668e+01
1.078694265591699697e+01
1.078497766147960313e+01
1.078627906753217403e+01
1.078597256648971303e+01
1.078542949917080129e+01
1.078572529375909994e+01
1.078488494816111043e+01
1.078479818219230246e+01
1.078394501287081120e+01
1.078377358306794420e+01
1.078328647726053369e+01
1.078374284575967224e+01
1.078235114704478903e+01
1.078202728081864947e+01
1.078116993862407824e+01
1.077936798195506185e+01
1.077853487263555188e+01
1.077941065165348888e+01
1.077829376627457592e+01
1.077695161172713334e+01
1.077703129186329711e+01
1.077870015825544137e+01
1.078006512894589619e+01
1.078149335492740946e+01
1.078182188309623513e+01
1.078136279488687421e+01
1.078125324249267614e+01
1.077882277831602664e+01
1.077902287127924907e+01
1.077832513148558213e+01
1.077893188604073238e+01
1.077836071650187222e+01
1.077742843944940532e+01
1.077696069432885650e+01
1.077706791743759318e+01
1.077643871045374624e+01
1.077777751504558346e+01
1.078024811301726515e+01
1.077891797005967867e+01
1.077883608444877339e+01
1.077808083945173578e+01
1.077971519779514686e+01
1.077803025155697192e+01
1.077717622633903183e+01
1.077713119312521606e+01
1.077760542140287470e+01
1.077713174184163414e+01
1.077902782977895590e+01
1.077845316160895095e+01
1.077991017084273118e+01
1.078200072285996924e+01
1.078227586495248858e+01
1.078126273317912798e+01
1.078072202642550614e+01
1.077963606931522023e+01
1.078151393615324594e+01
1.080838871002197266e+01
1.046957588195800781e+01
1.054186693827311139e+01
1.067548942565917969e+01
1.067352333068847692e+01
1.065555858612060547e+01
1.064611148834228516e+01
1.064595925807952881e+01
1.067952103084988025e+01
1.069732332229614258e+01
1.067070709575306253e+01
1.065756074587504010e+01
1.065756350297194288e+01
1.073764596666608462e+01
1.072476857503255232e+01
1.070055842399597168e+01
1.069907435248879857e+01
1.069164387385050397e+01
1.072571006574128738e+01
1.072489399909973073e+01
1.075634969983782163e+01
1.078909258408979888e+01
1.077705188419507820e+01
1.077661184469858746e+01
1.076256752014160156e+01
1.074326606897207448e+01
1.073653849848994568e+01
1.073013469151088195e+01
1.072548011253620004e+01
1.071579389572143626e+01
1.073682858867029921e+01
1.074940270185470581e+01
1.074804381168249812e+01
1.074927013060625924e+01
1.074137287139892649e+01
1.074820746315850073e+01
1.074002294282655434e+01
1.073090869502017419e+01
1.073971787477150919e+01
1.073966150283813548e+01
1.075085207311118474e+01
1.075185957409086690e+01
1.074653496853140844e+01
1.075634347308765726e+01
1.076032435099283902e+01
1.075790349296901560e+01
1.075565571480609073e+01
1.075449562072753906e+01
1.074918497825155406e+01
1.074314245223999009e+01
1.074564000671985120e+01
1.074383526581984327e+01
1.074740762530632665e+01
1.073230383131239130e+01
1.074090316078879681e+01
1.074542536054338804e+01
1.075891879566928822e+01
1.076144606491615008e+01
1.075883309315826963e+01
1.075476522445678640e+01
1.075398610849849490e+01
1.076415060412499258e+01
1.076705626835898677e+01
1.076648756861686707e+01
1.076716000483586200e+01
1.076002222118955665e+01
1.075862164283866385e+01
1.075160803514368446e+01
1.075048880646194149e+01
1.075361194610595739e+01
1.075989494861011764e+01
1.076829957962036133e+01
1.076440557715010904e+01
1.077164582948426919e+01
1.077443305969238274e+01
1.076988965586612146e+01
1.077140554205163703e+01
1.076992662136371237e+01
1.077015607568282185e+01
1.077394658327102661e+01
1.077154957806622626e+01
1.077443575277561116e+01
1.077679802998002678e+01
1.077603504771277976e+01
1.076850326762479959e+01
1.076131592240444412e+01
1.075876084689436318e+01
1.076325878230008293e+01
1.076884916927037672e+01
1.077266036139594263e+01
1.077268497760479349e+01
1.076867128455120515e+01
1.076774283378354902e+01
1.076538448130830794e+01
1.076257619355854267e+01
1.076015109817186932e+01
1.075932560753576617e+01
1.075968081610543337e+01
1.076397339984624146e+01
1.076847361564636252e+01
1.076668609959064149e+01
1.076503038406372070e+01
1.077078974825664659e+01
1.076357839657710080e+01
1.076369718824114052e+01
1.076603632153205226e+01
1.076520645284207056e+01
1.077076684104071802e+01
1.077566920289205932e+01
1.077398393804376830e+01
1.077616636602728128e+01
1.077528744084494505e+01
1.077152024328181135e+01
1.077145516244988777e+01
1.077096662936003391e+01
1.076854160736347055e+01
1.076352976122472960e+01
1.076533164008189125e+01
1.076470900784019591e+01
1.076294867197672467e+01
1.076382551902581852e+01
1.076394370344818618e+01
1.075845395840280361e+01
1.075751363077471368e+01
1.075678636169433666e+01
1.075697788359626905e+01
1.075599626105601381e+01
1.075853315740823746e+01
1.076216896559840919e+01
1.076049303641686095e+01
1.075652037322066157e+01
1.075372602722861615e+01
1.075530754892449714e+01
1.075487859213530051e+01
1.075839274371111820e+01
1.075504758077509315e+01
1.075555309936077997e+01
1.075598187377487491e+01
1.075470005007956509e+01
1.075388317108154368e+01
1.075433750017314871e+01
1.075325337933822389e+01
1.075353357008287070e+01
1.075688605838351819e+01
1.075784321489005180e+01
1.076049749818566781e+01
1.076522876454048472e+01
1.076434113528277337e+01
1.076630698594470914e+01
1.076667055130004869e+01
1.076392428290765046e+01
1.076215424663142173e+01
1.075960102579952071e+01
1.075934549430748000e+01
1.075907111014089246e+01
1.076090726485619165e+01
1.075878710655649684e+01
1.075898521761351034e+01
1.075776791722519654e+01
1.075914053320884634e+01
1.075889212448404386e+01
1.076249773119702802e+01
1.075845614825289687e+01
1.075962917397661833e+01
1.075755814639004804e+01
1.075475797308496695e+01
1.075470327617165545e+01
1.075443579469408384e+01
1.075212272666615121e+01
1.075030693727381070e+01
1.074815864451447389e+01
1.074565968402596461e+01
1.074453648252983307e+01
1.074447355599238918e+01
1.074837973458426355e+01
1.075112729722803273e+01
1.075009369715458973e+01
1.074816807736171853e+01
1.075103275469561481e+01
1.075207024150424573e+01
1.075112587312308499e+01
1.075119308848957367e+01
1.075128231152810621e+01
1.075095582008361816e+01
1.075225120750633501e+01
1.075038310020200605e+01
1.074992963209509256e+01
1.075425894716952691e+01
1.075336824649225420e+01
1.075146627928081244e+01
1.075142579802667875e+01
1.075282961626847644e+01
1.075324490403881939e+01
1.075062280831877715e+01
1.075409449063814549e+01
1.075185371904957066e+01
1.075086125020448335e+01
1.074952851883088734e+01
1.074827606354526566e+01
1.074600878715515151e+01
1.074405736116627530e+01
1.074666217294069881e+01
1.074351420191121242e+01
1.074712143224828331e+01
1.075087640343642903e+01
1.074808993848782102e+01
1.074832696960744016e+01
1.074911970358628466e+01
1.075266033154355227e+01
1.075336160659790075e+01
1.075234056536055327e+01
1.075179952495502889e+01
1.075081682429067342e+01
1.075090714927031676e+01
1.075221241795739502e+01
1.075191840419062927e+01
1.075482015126311808e+01
1.075427700620178761e+01
1.075586574589280708e+01
1.075561379952864272e+01
1.075726080588086120e+01
1.075625690683588331e+01
1.075609132313407557e+01
1.075483576314789858e+01
1.075304966396755724e+01
1.075387219623126889e+01
1.075331600542110522e+01
1.075504179168165741e+01
1.075477995726739522e+01
1.075442487467890196e+01
1.075412561160661440e+01
1.075424487015296648e+01
1.075494459258640312e+01
1.075504596416766745e+01
1.075421006628807596e+01
1.075417282217640036e+01
1.075690905655486596e+01
1.075838506121595373e+01
1.076153058886029257e+01
1.076140425602594952e+01
1.076275905830731539e+01
1.076029215174273013e+01
1.076119056748755121e+01
1.075991595377687560e+01
1.076274404720384226e+01
1.076238506208590451e+01
1.076108512801197392e+01
1.075979246247199228e+01
1.075894138228941088e+01
1.076092853546142614e+01
1.076116544411951814e+01
1.076038641021365194e+01
1.076019943373005461e+01
1.076023940964946668e+01
1.075932474323347421e+01
1.075998824834823608e+01
1.076175594700913507e+01
1.076383525271748454e+01
1.076256250506662582e+01
1.076335020798903308e+01
1.076248641763153735e+01
1.076463862411848460e+01
1.076448302033282900e+01
1.076467714887676763e+01
1.076597690942152497e+01
1.076595637672825845e+01
1.076558908183922902e+01
1.076358989815213718e+01
1.076394371826852492e+01
1.076286879998666279e+01
1.076205193424576834e+01
1.076056353835498669e+01
1.076014787373525294e+01
1.075906018097035144e+01
1.075749570673162303e+01
1.075930336592853998e+01
1.075963184549489959e+01
1.075851289488428719e+01
1.075663786036993841e+01
1.075504726001194555e+01
1.075387892943684243e+01
1.075476634248774133e+01
1.075592299147966457e+01
1.075535629165004714e+01
1.075478849912944668e+01
1.075555290875735004e+01
1.075551456026083841e+01
1.075395715898937610e+01
1.075318705416880682e+01
1.075213591476966535e+01
1.075096744524244663e+01
1.075017355892756221e+01
1.075303454610674869e+01
1.075241818071222610e+01
1.075169841960325101e+01
1.075000806112547203e+01
1.074925243814384856e+01
1.075085146795183277e+01
1.074857489799576094e+01
1.074728808403015101e+01
1.074837669106416982e+01
1.074836651063123227e+01
1.075035776950345223e+01
1.075129920557925622e+01
1.075405048620505433e+01
1.075401673285789705e+01
1.075399717523531251e+01
1.075170812049469404e+01
1.075367865516144050e+01
1.075476887918287794e+01
1.075633747554668673e+01
1.075473201580536653e+01
1.075674675828732596e+01
1.075749464399495636e+01
1.075704895201183575e+01
1.075904333742358965e+01
1.075794040667897811e+01
1.075902269471366424e+01
1.075836008245294728e+01
1.075871374309062922e+01
1.075934166774571565e+01
1.075951150041189308e+01
1.075931966267872220e+01
1.075878592773720044e+01
1.075868799356313765e+01
1.075806841821026971e+01
1.075945754736570770e+01
1.075878278511326513e+01
1.075809745440729515e+01
1.075720562212394960e+01
1.075911818098085604e+01
1.075824060784765024e+01
1.075675633290150479e+01
1.075627643333937655e+01
1.075595843756376802e+01
1.075557019029344907e+01
1.075528083710712934e+01
1.075583758720984839e+01
1.075498317335910770e+01
1.075631057234371468e+01
1.075543373141470482e+01
1.075595398953086423e+01
1.075571540076252930e+01
1.075428480880204951e+01
1.075358908832937033e+01
1.075317181328128591e+01
1.075329138291328768e+01
1.075272956661794410e+01
1.075086156686602479e+01
1.075228977748325931e+01
1.075217646954745732e+01
1.075299930030649342e+01
1.075346209982637014e+01
1.075363494582095392e+01
1.075354035337206327e+01
1.075191191608986152e+01
1.075190547601181557e+01
1.075050851086664494e+01
1.075002836849031951e+01
1.074839030636681514e+01
1.074745585317426766e+01
1.074621410001048716e+01
1.074561975284713000e+01
1.074612215587070985e+01
1.074724650709596396e+01
1.074975011908942868e+01
1.074877273809032729e+01
1.074841479633165520e+01
1.074745529712377135e+01
1.074943439638292553e+01
1.074846561771197528e+01
1.074849719385946933e+01
1.074786866829797916e+01
1.074693802206274107e+01
1.074662047322591185e+01
1.074881939685091048e+01
1.074790684171317423e+01
1.074936524900809864e+01
1.075135522152943501e+01
1.075124967725653313e+01
1.075023580285820834e+01
1.075149960792501602e+01
1.075098224470571751e+01
1.075321692329576351e+01
1.058630466461181641e+01
1.042490625381469727e+01
1.053184159596761127e+01
1.058625841140747070e+01
1.050052375793456960e+01
1.056828991572062115e+01
1.056161512647356382e+01
1.050573265552520752e+01
1.060323407914903449e+01
1.056706266403198313e+01
1.054830108989368753e+01
1.059439682960510254e+01
1.061107466771052366e+01
1.068701062883649477e+01
1.067633336385091170e+01
1.066604232788085938e+01
1.066714342902688450e+01
1.067235724131266217e+01
1.068502335799367842e+01
1.067016143798828054e+01
1.068678656078520284e+01
1.070534576069224997e+01
1.069564404694930282e+01
1.068893460432688336e+01
1.067628032684326200e+01
1.066102306659405130e+01
1.065795644124349018e+01
1.067693471908569336e+01
1.067350114625075719e+01
1.067293030420939104e+01
1.068089457481138105e+01
1.068288329243659973e+01
1.069083817799886127e+01
1.067888997582828381e+01
1.067583392007010268e+01
1.067467835214402960e+01
1.066901093560296054e+01
1.065302181243896484e+01
1.065178563044621463e+01
1.064877138137817347e+01
1.066396231767607894e+01
1.065410350617908364e+01
1.064919950795728099e+01
1.065376546166159955e+01
1.066108438703748895e+01
1.065845132910686921e+01
1.066176576817289323e+01
1.066394992669423480e+01
1.066240232817980704e+01
1.066601440429687564e+01
1.066589796776865029e+01
1.066420230498680688e+01
1.066365092655397895e+01
1.065798365628277899e+01
1.067017936706542969e+01
1.067569323948451476e+01
1.067694302609092283e+01
1.067617748523580623e+01
1.068884290274927196e+01
1.068290974299113039e+01
1.068322813315469766e+01
1.069670689490533633e+01
1.069621173919193247e+01
1.069146203994750977e+01
1.069367656707763636e+01
1.069288555781046490e+01
1.069427671005476732e+01
1.069152517879710551e+01
1.069054215196250190e+01
1.068384242738996193e+01
1.068902107023857084e+01
1.070330961545308490e+01
1.069881507141949406e+01
1.070773696899414062e+01
1.071143675486246671e+01
1.070656649689925288e+01
1.070825872792826061e+01
1.070416094706608767e+01
1.069970662080788948e+01
1.070343673229217529e+01
1.070653994289445343e+01
1.070710310121861930e+01
1.070454507850738857e+01
1.070175416128975954e+01
1.069919944090001707e+01
1.070040670661039073e+01
1.069921324718957578e+01
1.070482148907401410e+01
1.070978087521670830e+01
1.071627248128255161e+01
1.072217828100854220e+01
1.072192882454913665e+01
1.071724724513228288e+01
1.071711539207620767e+01
1.071653489564594430e+01
1.071226980288823505e+01
1.071342215587183411e+01
1.070617315720538620e+01
1.071106905889029370e+01
1.071592805862426800e+01
1.071602263308987801e+01
1.071549028508803403e+01
1.071711331895254204e+01
1.071307808619279101e+01
1.071230827513195294e+01
1.071328470841893576e+01
1.071355718095725962e+01
1.071843774230391944e+01
1.072149290732287419e+01
1.072071052898060195e+01
1.072021745561479378e+01
1.072360341889517699e+01
1.072674356308658616e+01
1.072694060676976235e+01
1.072208434395168197e+01
1.072268452315494969e+01
1.072211890750461194e+01
1.072225967504210331e+01
1.072173652328362969e+01
1.071709776719411167e+01
1.071726650048878504e+01
1.071352088646810508e+01
1.070769404589645291e+01
1.070831869494530508e+01
1.070882104492187459e+01
1.070696800474136623e+01
1.070483490801233017e+01
1.070475309342145920e+01
1.070576746888863084e+01
1.070731938435481112e+01
1.070543311024440136e+01
1.070551999409993549e+01
1.070388284123929878e+01
1.070102357864379883e+01
1.070487957000732493e+01
1.070317691213944400e+01
1.070505117847971732e+01
1.070345561400703716e+01
1.070205584875971283e+01
1.069976053237915004e+01
1.069886745290553343e+01
1.069651342445695974e+01
1.069746482288920753e+01
1.070076670249303241e+01
1.069988829514075945e+01
1.070177755617115523e+01
1.070299398331415119e+01
1.070263306514636881e+01
1.070288221628073799e+01
1.070556730906168674e+01
1.070579509861421919e+01
1.070480555609652917e+01
1.070461291269539217e+01
1.070530317975329027e+01
1.070535331849128902e+01
1.070598121178455919e+01
1.070418577133470350e+01
1.070449172394185133e+01
1.070271836886615802e+01
1.070396882891654933e+01
1.070424651507265068e+01
1.070858106495421680e+01
1.070810929982940074e+01
1.070836328878635335e+01
1.070483681649872665e+01
1.070268059351358048e+01
1.070331096649169922e+01
1.070114669913337302e+01
1.069937227463581131e+01
1.069804883283727293e+01
1.069610191367523022e+01
1.069538619906403376e+01
1.069532869592567437e+01
1.069431873847698355e+01
1.069307035718645338e+01
1.069420304623517204e+01
1.069452946873034449e+01
1.069425306963116995e+01
1.069686435187995066e+01
1.069629901250203474e+01
1.069476886348829758e+01
1.069246338749979941e+01
1.068853743610486262e+01
1.068751578745634667e+01
1.068747552407754497e+01
1.068739637764551276e+01
1.068643644404283854e+01
1.069041129376025978e+01
1.068939772106352315e+01
1.068814058805766898e+01
1.068789529051456100e+01
1.068794152140617371e+01
1.068907018770208062e+01
1.068910673967341829e+01
1.069325263194548725e+01
1.069427433792425575e+01
1.069261915429594545e+01
1.069344811006025786e+01
1.069344881910774525e+01
1.069342988491058399e+01
1.069204250259778988e+01
1.069557589351540727e+01
1.069435688544963980e+01
1.069618594880197548e+01
1.069879880300382347e+01
1.069806790120393281e+01
1.069778982798258404e+01
1.069817618681834226e+01
1.070145183088676788e+01
1.070130060740879685e+01
1.070077064478001816e+01
1.070041386586315291e+01
1.069985220465861531e+01
1.069705984971233548e+01
1.069861878683400747e+01
1.069950946613594311e+01
1.070279316528601576e+01
1.070438822037583115e+01
1.070734112883267386e+01
1.070648782903497853e+01
1.071065490170301970e+01
1.070984165947716527e+01
1.071190173743551632e+01
1.071051870073590884e+01
1.070840157402886206e+01
1.070763561366933558e+01
1.070672638510817443e+01
1.070934657464947648e+01
1.070943465503542669e+01
1.070901551868604606e+01
1.070693755046629825e+01
1.070546961241755035e+01
1.070468971759976284e+01
1.070463323593139648e+01
1.070198308660628861e+01
1.070120579913511172e+01
1.070364067222498683e+01
1.070597858188532925e+01
1.070962656491969867e+01
1.071052081982294801e+01
1.071323764769368125e+01
1.071290774778886323e+01
1.071334741929921641e+01
1.071067994930705147e+01
1.071396438053676015e+01
1.071484972015628934e+01
1.071292535496144183e+01
1.071296998377769150e+01
1.071193346919783629e+01
1.071308858871459968e+01
1.071266435342005963e+01
1.071382224749005019e+01
1.071379828547300583e+01
1.071350087143304819e+01
1.071129405451755900e+01
1.071254105865955353e+01
1.071438430162719335e+01
1.071583723467449722e+01
1.071442783016956035e+01
1.071277029330913777e+01
1.071076078889927174e+01
1.071350556293516654e+01
1.071263243671605814e+01
1.071230604431845990e+01
1.071391447175223810e+01
1.071135772977556577e+01
1.070968845453155183e+01
1.070844454195962037e+01
1.070776536296291503e+01
1.070840136563336387e+01
1.070879645189235951e+01
1.070730734923306571e+01
1.070805065797798861e+01
1.070671118784994924e+01
1.070817302703857443e+01
1.071091309146604686e+01
1.071174720392330393e+01
1.071054489835560730e+01
1.070985837478364289e+01
1.070989723886762413e+01
1.071012159259293917e+01
1.070903724643355481e+01
1.071026490349651716e+01
1.070955203620480845e+01
1.070759788312409988e+01
1.070886059074135055e+01
1.070727014707771296e+01
1.070740711688995361e+01
1.070693524238560101e+01
1.070717151904928244e+01
1.070787286266838123e+01
1.070799925555921561e+01
1.071039881397025972e+01
1.071095064383785811e+01
1.071139136168916295e+01
1.071168658862242751e+01
1.071071250029284627e+01
1.071300819896211642e+01
1.071124712519821109e+01
1.070893244425455748e+01
1.071090184335296769e+01
1.071139857626908665e+01
1.071094414739325451e+01
1.071205403302845127e+01
1.071386320708228013e+01
1.071217048869413446e+01
1.071368013686388210e+01
1.071231811077563734e+01
1.071508196796799872e+01
1.071703350313248215e+01
1.071814757221381420e+01
1.071751592098138239e+01
1.071914526601188022e+01
1.072147708030263402e+01
1.072144434187147333e+01
1.072372681883316936e+01
1.072431936173784983e+01
1.072507556579397914e+01
1.072519900582053509e+01
1.072480204999446940e+01
1.072400733020818109e+01
1.072582281598393195e+01
1.072501403407046716e+01
1.072524597026683679e+01
1.072486283522385797e+01
1.072510933729768468e+01
1.072638314215050492e+01
1.072664126826495590e+01
1.072620480835981205e+01
1.072460547649499141e+01
1.072610786242067249e+01
1.072521442677601300e+01
1.072520903567294148e+01
1.072522261899388418e+01
1.072520741135326716e+01
1.072409387429555316e+01
1.072302938851829168e+01
1.072272169237306194e+01
1.072139954074645729e+01
1.072055464071386055e+01
1.071821304779947681e+01
1.071774436158743526e+01
1.071793456953399115e+01
1.071536965980086187e+01
1.071535169905510543e+01
1.071408683302774634e+01
1.071361286976839011e+01
1.071326940087066326e+01
1.071289387678348604e+01
1.071469567980085102e+01
1.071483030346383991e+01
1.071502880345691366e+01
1.071531403571282759e+01
1.071506450944027655e+01
1.071451088811310193e+01
1.071260117412952972e+01
1.071247098158721478e+01
1.071136689585680379e+01
1.071134923493961821e+01
1.071020249260796398e+01
1.070859278206019560e+01
1.070768464862971037e+01
1.070772614229480801e+01
1.070731046173598777e+01
1.070764761362990214e+01
1.070990957718729319e+01
1.071031971393554016e+01
1.071106153467427191e+01
1.070997539768374018e+01
1.071159308407757749e+01
1.071046669592433176e+01
1.070923901373340215e+01
1.070929845088928012e+01
1.071082432384796945e+01
1.070943009948730484e+01
1.071137484844694754e+01
1.071171765618362137e+01
1.071226804723184500e+01
1.071440986341410984e+01
1.071469075052361752e+01
1.071417969731208153e+01
1.071417967311998964e+01
1.071405848759583890e+01
1.071534597046394488e+01
1.044373703002929688e+01
1.030916070938110352e+01
1.043788528442382812e+01
1.059958028793334961e+01
1.054962902069091868e+01
1.058447949091593365e+01
1.054401533944266234e+01
1.055708003044128418e+01
1.066557566324869732e+01
1.064059629440307653e+01
1.066330866380171294e+01
1.063469028472900391e+01
1.066839885711669922e+01
1.072582932880946593e+01
1.070853583017984967e+01
1.071516191959381104e+01
1.073614389756146537e+01
1.073645178476969342e+01
1.075924873352050781e+01
1.072887606620788503e+01
1.076154967716762023e+01
1.079640761288729500e+01
1.078951022935950199e+01
1.077782038847605328e+01
1.075424686431884780e+01
1.073794728059035108e+01
1.074230155238398865e+01
1.074587225914001465e+01
1.074786419704042650e+01
1.074334719975789376e+01
1.075486038577172110e+01
1.076627492904663086e+01
1.075608215910015630e+01
1.075424533731797183e+01
1.075697013310023742e+01
1.075489033593071753e+01
1.075023336668272300e+01
1.074335416994596848e+01
1.073608053647554783e+01
1.074326071739196742e+01
1.075116571565953727e+01
1.074929982139950724e+01
1.074730970693189036e+01
1.074809902364557423e+01
1.075649623870849680e+01
1.075606070394101366e+01
1.075151778282003256e+01
1.074367523193359375e+01
1.073955874540367894e+01
1.074164985656738303e+01
1.074069507449281069e+01
1.073296337861281202e+01
1.072500297258484991e+01
1.072404167387220575e+01
1.071580550453879610e+01
1.072057652473449707e+01
1.073453826235051700e+01
1.073139332080709529e+01
1.074349804247840012e+01
1.073667211532592702e+01
1.073515785717573401e+01
1.074326745925411153e+01
1.073810522896902953e+01
1.073730978369712830e+01
1.074030369978684618e+01
1.073912757815736718e+01
1.073491284384656375e+01
1.073244653028600304e+01
1.073744739311328900e+01
1.072620853696550647e+01
1.072829363379679890e+01
1.073956273661719507e+01
1.073714970889156817e+01
1.074166987393353523e+01
1.074346454620361335e+01
1.073912875275862788e+01
1.074080189791592765e+01
1.073626932731041528e+01
1.073688761795623314e+01
1.073972319364547801e+01
1.073487703299816687e+01
1.073645562660403385e+01
1.073692398760692157e+01
1.073578354290553527e+01
1.073732323366052910e+01
1.073054132905117264e+01
1.072735443334469885e+01
1.073372470248829202e+01
1.073955891641338134e+01
1.074677427079942404e+01
1.074861922630896949e+01
1.074880701562632623e+01
1.075307634825347591e+01
1.075178071285816017e+01
1.074898511986983429e+01
1.074821979800860028e+01
1.074803807563388425e+01
1.074821129623724403e+01
1.075078148312038806e+01
1.075705906867981021e+01
1.075455011235605340e+01
1.075076477200377134e+01
1.075313807922659493e+01
1.074755927232595631e+01
1.074153297969273169e+01
1.074349254032351020e+01
1.074238348452844427e+01
1.074642615848117444e+01
1.074777622397886567e+01
1.074418213584206327e+01
1.074991019137270776e+01
1.075241656814302793e+01
1.075122132765508276e+01
1.074945917464139100e+01
1.074645523403001945e+01
1.074461280888524506e+01
1.074316245674068071e+01
1.074095351009045629e+01
1.073810994925619156e+01
1.073784942626953054e+01
1.073777597600763478e+01
1.073562970708628228e+01
1.073296714410549235e+01
1.073135292914605898e+01
1.073366702270507744e+01
1.073233926863897381e+01
1.073014783483790602e+01
1.073284770548343658e+01
1.073798519696376097e+01
1.073478826376108053e+01
1.073518732667879227e+01
1.073587690700184183e+01
1.073555446567391947e+01
1.073198316346353565e+01
1.073446956210666237e+01
1.073520762780133353e+01
1.073723309927613201e+01
1.073662519454956055e+01
1.073841901820340539e+01
1.073808552878243638e+01
1.073898192331300550e+01
1.073847864715146372e+01
1.074004553414724938e+01
1.074342627657784277e+01
1.074316913341653823e+01
1.074022157878091832e+01
1.074460086044000207e+01
1.074282171919539230e+01
1.074592370154873677e+01
1.074456610361735009e+01
1.074371162313499184e+01
1.074494693153782876e+01
1.074347971623240028e+01
1.074245569922707233e+01
1.074325247118549953e+01
1.074655238787333111e+01
1.074569578838955763e+01
1.074532761151277604e+01
1.074807589309020628e+01
1.075078867673873972e+01
1.075053183632607734e+01
1.075316677564456214e+01
1.075286989270543714e+01
1.075080271465022363e+01
1.074828383705832735e+01
1.075012427065745868e+01
1.074779780039530230e+01
1.074817839122953878e+01
1.074745117277788609e+01
1.074496429667753361e+01
1.074088697266160430e+01
1.073832668814548263e+01
1.073667001448614755e+01
1.073513159806701012e+01
1.073673206329345753e+01
1.073498965393413229e+01
1.073392556616141924e+01
1.073231925321428903e+01
1.073195861837717402e+01
1.073182945251464915e+01
1.072974382052763964e+01
1.072874412955818535e+01
1.072854387564737344e+01
1.072840979306594100e+01
1.072818554027660554e+01
1.072688940519927669e+01
1.072458221823136348e+01
1.072851000948155153e+01
1.072736582680354012e+01
1.072412671540912754e+01
1.072346745236381871e+01
1.072223035494486432e+01
1.072438334924569325e+01
1.072389938905067019e+01
1.072638902419652673e+01
1.072748014878253464e+01
1.072613455680421168e+01
1.072549608500316864e+01
1.072439110818220698e+01
1.072444547176361063e+01
1.072283072495341827e+01
1.072625576151479621e+01
1.072545526062913801e+01
1.072783753918666427e+01
1.072593102338837490e+01
1.072350957555678264e+01
1.072146196411427610e+01
1.071979570388793945e+01
1.072160978180369639e+01
1.071936104184105254e+01
1.071825169387021859e+01
1.071622447247775156e+01
1.071876272461224033e+01
1.071746805226691457e+01
1.071532050288000804e+01
1.071487154342510095e+01
1.071748032547911222e+01
1.071648583280930822e+01
1.071953399431759912e+01
1.071929776018316183e+01
1.072215304655187218e+01
1.072098684310913086e+01
1.072428440299269248e+01
1.072165249500955930e+01
1.071919051700168168e+01
1.071896694402779104e+01
1.071795824025696042e+01
1.071935373858401697e+01
1.071890997157867353e+01
1.071786681465480662e+01
1.071652914022470426e+01
1.071315233049721627e+01
1.071355238083606132e+01
1.071280904509063525e+01
1.071214550099474394e+01
1.071204870838229972e+01
1.071255703616242805e+01
1.071435111310301735e+01
1.071732590088784498e+01
1.071604684591293299e+01
1.071849536895751953e+01
1.071653886668938327e+01
1.071718372925809426e+01
1.071517723896464425e+01
1.071757643174152008e+01
1.071956363538416390e+01
1.071903721041042346e+01
1.071847980637704190e+01
1.071781183342378263e+01
1.072013617324829049e+01
1.071959631946457314e+01
1.071924094926743365e+01
1.071944793505159765e+01
1.071695093845757896e+01
1.071651860031427184e+01
1.071744211390614510e+01
1.071948690080457212e+01
1.072080436972684581e+01
1.071962434628755467e+01
1.071706644571744427e+01
1.071570249900964100e+01
1.071746570281399968e+01
1.071477835259963385e+01
1.071473155238411579e+01
1.071630274574711628e+01
1.071601352476535851e+01
1.071393321248029551e+01
1.071277151178957787e+01
1.071331086566457103e+01
1.071397542600278463e+01
1.071377555030738371e+01
1.071057626079110570e+01
1.071122220147660364e+01
1.071163850631156933e+01
1.071176227916370749e+01
1.071512874313022756e+01
1.071443551197809363e+01
1.071339263504357575e+01
1.071334958503750556e+01
1.071179669925144751e+01
1.070962866854413065e+01
1.070999837090783124e+01
1.071194514958681587e+01
1.071009551639288304e+01
1.071014221592953319e+01
1.070987271929120688e+01
1.071044975706093894e+01
1.070918242798911280e+01
1.070833990895624410e+01
1.070731191306278696e+01
1.070569931764373273e+01
1.070592428886727099e+01
1.070858155989402860e+01
1.070952818345050339e+01
1.070906652353577648e+01
1.070723084823505289e+01
1.070689302502256446e+01
1.070758777656811134e+01
1.070641567077126410e+01
1.070591633796691866e+01
1.070678451132536679e+01
1.070638401145177099e+01
1.070694593234424197e+01
1.070806057515897258e+01
1.071103531884365445e+01
1.070933735292721423e+01
1.071151196607161005e+01
1.071090030360531564e+01
1.071275061079599311e+01
1.071419994600357484e+01
1.071505246361735608e+01
1.071441385990534023e+01
1.071695141594249989e+01
1.071798841512886646e+01
1.071746124994187177e+01
1.071921639201007359e+01
1.071900272068541149e+01
1.071969977564781651e+01
1.072031799304448008e+01
1.071863827705383265e+01
1.071909972811785039e+01
1.071965995338392474e+01
1.071887525316362400e+01
1.071742473413914887e+01
1.071645958533653875e+01
1.071583548645300432e+01
1.071791204108375339e+01
1.071613802851700115e+01
1.071484851837158203e+01
1.071309744228016214e+01
1.071588060142770615e+01
1.071588921546936035e+01
1.071576549484207064e+01
1.071600564225705021e+01
1.071600434886875419e+01
1.071704918713796673e+01
1.071701358546135374e+01
1.071573359303220485e+01
1.071477191497442583e+01
1.071381674654343463e+01
1.071297691994048940e+01
1.071392228031716165e+01
1.071327423284769687e+01
1.071171669350114009e+01
1.071157926200092625e+01
1.071051146391499209e+01
1.071068117872782288e+01
1.070969376618834801e+01
1.071025464732872301e+01
1.071245436532156781e+01
1.071278172137051143e+01
1.071340845660729890e+01
1.071386503970656712e+01
1.071325193017216115e+01
1.071377440439143669e+01
1.071276825197626970e+01
1.071202570116486541e+01
1.071150009592152230e+01
1.071155614507563669e+01
1.071150436401367223e+01
1.070996162171509170e+01
1.070847923057513995e+01
1.070836211433095464e+01
1.070701999192709408e+01
1.070715477564563578e+01
1.070886929048215030e+01
1.070853048319387746e+01
1.070829632489577499e+01
1.070769762282126081e+01
1.070702945863878419e+01
1.070612081748777378e+01
1.070565484159736158e+01
1.070436207410797103e+01
1.070451983538541008e+01
1.070402932993570921e+01
1.070616895087221820e+01
1.070510242219312680e+01
1.070558013613261927e+01
1.070743911058732856e+01
1.070767140388488770e+01
1.070632941078326184e+01
1.070627729306046305e+01
1.070503291635538190e+01
1.070689312757008693e+01
1.018014526367187500e+01
1.013857650756835938e+01
1.041577466328938861e+01
1.049232578277587891e+01
1.054280529022216761e+01
1.049305740992228131e+01
1.039532116481236024e+01
1.044983148574829102e+01
1.055410883161756708e+01
1.058817586898803675e+01
1.059381094845858406e+01
1.060149931907653809e+01
1.058905007289006228e+01
1.065392037800380187e+01
1.066968752543131593e+01
1.064546245336532593e+01
1.064922663744758147e+01
1.065280516942342182e+01
1.068973536240427080e+01
1.068673453330993617e+01
1.071319997878301677e+01
1.073826594786210542e+01
1.074119041277014652e+01
1.074543583393096924e+01
1.071741069793701229e+01
1.069290927740243724e+01
1.069587407288728009e+01
1.070757004192897277e+01
1.070766439109013035e+01
1.069946912129720040e+01
1.072245794726956269e+01
1.074042260646820068e+01
1.073759628064704685e+01
1.072979439006132196e+01
1.072111810956682554e+01
1.073205296198526959e+01
1.073463509533856453e+01
1.072202471682899905e+01
1.070846452468480869e+01
1.070271012783050502e+01
1.071496800678532324e+01
1.071747153145926390e+01
1.069311572230139440e+01
1.069873023033142090e+01
1.070796792772081218e+01
1.070918081117712894e+01
1.070467573531130512e+01
1.069779731829961200e+01
1.070003363550925712e+01
1.070053823471069343e+01
1.069773129855885152e+01
1.069691850588871951e+01
1.068830805004767726e+01
1.068029451370239258e+01
1.068368481722744967e+01
1.068118253776005311e+01
1.069003434766802840e+01
1.068650538345863055e+01
1.069106664495953041e+01
1.068735577265421632e+01
1.068807642577124462e+01
1.070048529101956269e+01
1.068766224573528945e+01
1.068801023066043854e+01
1.069800486931434058e+01
1.069983816146850586e+01
1.069862526566235061e+01
1.069607999745537263e+01
1.070265807276186720e+01
1.070237280981881334e+01
1.070540480546548245e+01
1.071675329738193128e+01
1.071130595795095708e+01
1.071655562117293137e+01
1.072288956960042405e+01
1.071967940581472334e+01
1.071958517099355745e+01
1.071813424428304096e+01
1.071666060821919508e+01
1.071959321498870921e+01
1.071713953842351508e+01
1.071981504486828385e+01
1.072019632178616888e+01
1.071821591967628073e+01
1.072090139950022980e+01
1.071800025673799794e+01
1.071553493368214660e+01
1.072434325651689058e+01
1.072975079397137321e+01
1.073763706419203068e+01
1.073980529491717917e+01
1.073139616717462985e+01
1.073315892168270658e+01
1.073491028521923241e+01
1.073395679875424058e+01
1.073390281200408936e+01
1.073404247244608811e+01
1.073218034238231411e+01
1.073053500628230594e+01
1.073639223098754947e+01
1.073338644575364498e+01
1.073310779122745373e+01
1.073589556425520541e+01
1.073628346736614603e+01
1.073312159946986633e+01
1.073599809970495755e+01
1.073326871996728116e+01
1.073552922849301972e+01
1.073725153546814504e+01
1.073599783290516285e+01
1.074031532562530877e+01
1.074080024446759829e+01
1.074069659477841476e+01
1.073659110487553114e+01
1.073419228429379757e+01
1.072932354335127236e+01
1.072773042499509621e+01
1.072702712527776114e+01
1.072606400081089539e+01
1.072803151607513428e+01
1.072345944081456182e+01
1.072131009180037786e+01
1.071787369735841899e+01
1.071982167613121817e+01
1.071762573242187422e+01
1.071759980065482054e+01
1.071249816924568243e+01
1.071324549615383148e+01
1.071118050952290446e+01
1.071043765728290253e+01
1.070819425218887844e+01
1.070766512552897076e+01
1.070798688902890738e+01
1.070804469265154957e+01
1.070973289631031200e+01
1.070683530498953395e+01
1.071000605952130691e+01
1.070682808281718756e+01
1.070545982113845085e+01
1.070493950843811071e+01
1.070418136677843535e+01
1.070376924729682955e+01
1.070448291218364112e+01
1.070645203855302618e+01
1.070552882490486901e+01
1.070931424833323931e+01
1.071153532404477993e+01
1.071085069630597175e+01
1.071411488680231550e+01
1.071160185496012396e+01
1.071000217917739228e+01
1.070573259654798015e+01
1.070407664853762952e+01
1.070342600810063338e+01
1.070514189197171184e+01
1.070724152907347104e+01
1.070645547368723882e+01
1.070524941215032300e+01
1.070821154492456273e+01
1.070823237299919128e+01
1.071012884933755949e+01
1.071363468523378693e+01
1.071077866934559886e+01
1.071176776071874137e+01
1.070930970509846958e+01
1.071001600357423378e+01
1.070674166993466692e+01
1.070695555777776775e+01
1.070511065150153662e+01
1.070363460989559456e+01
1.070360047635976386e+01
1.070163068660469996e+01
1.070173028163138085e+01
1.069971107066362670e+01
1.069983589172363203e+01
1.069835506785999613e+01
1.069943272326625738e+01
1.069680368766356082e+01
1.069972999935043667e+01
1.069781625535753022e+01
1.069701216892642925e+01
1.069674081068772509e+01
1.069479944927444848e+01
1.069483498386714793e+01
1.069446106472530822e+01
1.069301758530319368e+01
1.069039368756952157e+01
1.069307919258766937e+01
1.069019836849636462e+01
1.068954406537507751e+01
1.068811237874455422e+01
1.068713016311327557e+01
1.068663419713628038e+01
1.068551305888854408e+01
1.068976084391275982e+01
1.069040250778198242e+01
1.068854125744195116e+01
1.068855707573168168e+01
1.068652853654257662e+01
1.068462685585021887e+01
1.068181001843504596e+01
1.068524367738478276e+01
1.068367840621271725e+01
1.068607645408780016e+01
1.068746769602705804e+01
1.068595175141269671e+01
1.068504779465532550e+01
1.068409113700573343e+01
1.068497642261559832e+01
1.068485825856526716e+01
1.068462302673484565e+01
1.068375064292044030e+01
1.068278843248394239e+01
1.068255609441026266e+01
1.068482428262400141e+01
1.068625439537895971e+01
1.068965446454588708e+01
1.069037406816395119e+01
1.069207795025551100e+01
1.069084476124156602e+01
1.069400817560394401e+01
1.069230132919174103e+01
1.069413476781460126e+01
1.069325203129223389e+01
1.069100838555229949e+01
1.069033289377668261e+01
1.069017759818862778e+01
1.069184255181697374e+01
1.068923062736811147e+01
1.068888019478839446e+01
1.068833511319511409e+01
1.068608269198187521e+01
1.068682189663080706e+01
1.068593801596225923e+01
1.068512786297088013e+01
1.068391730421680563e+01
1.068504278770478955e+01
1.068591892018037726e+01
1.068890986582225366e+01
1.068764623403549230e+01
1.068906725096010035e+01
1.068780205072450329e+01
1.068870717507821588e+01
1.068664555862301668e+01
1.068896061255007446e+01
1.068983342007892823e+01
1.068747570254059376e+01
1.068781087859984424e+01
1.068874681235317325e+01
1.068927499389648439e+01
1.068993817667562141e+01
1.068825204031807985e+01
1.068586465586786716e+01
1.068510490327369489e+01
1.068431295133104442e+01
1.068494543805718422e+01
1.068601557438475602e+01
1.068743077359458304e+01
1.068645827834670570e+01
1.068441552382249071e+01
1.068150946372313470e+01
1.068419382226376158e+01
1.068442444746938413e+01
1.068428398623611031e+01
1.068427062124576210e+01
1.068299349447838331e+01
1.068164537551251314e+01
1.068090509656649978e+01
1.068134262836555592e+01
1.068255120030155858e+01
1.068181618553246004e+01
1.067998656104592747e+01
1.067870108635870885e+01
1.067763216478111055e+01
1.067882742101495985e+01
1.068123494369396198e+01
1.068007758722408518e+01
1.067742547714452961e+01
1.067530438207810839e+01
1.067505810941968569e+01
1.067479372873000898e+01
1.067476907351338333e+01
1.067499880234681342e+01
1.067338500224368758e+01
1.067343471594024074e+01
1.067298518694364162e+01
1.067328396242254662e+01
1.067433901627858539e+01
1.067571243365330602e+01
1.067464958717083157e+01
1.067467443721810483e+01
1.067450560282354566e+01
1.067651520491460104e+01
1.067619717850977068e+01
1.067329795643434664e+01
1.067292448314460529e+01
1.067056650746149593e+01
1.067137643314847928e+01
1.067118972918660269e+01
1.067176020304362005e+01
1.067317321371794492e+01
1.067428375395718021e+01
1.067570393313669186e+01
1.067633222592504438e+01
1.067889896768038405e+01
1.067858647053537879e+01
1.068032864561298467e+01
1.067945951300782070e+01
1.068077851267694278e+01
1.068225553881737433e+01
1.068379089073352795e+01
1.068258748299036220e+01
1.068415351721425388e+01
1.068516308790559144e+01
1.068549602750747951e+01
1.068757406367531360e+01
1.068778924911932293e+01
1.068896813362649389e+01
1.068771265741425935e+01
1.068711859285831522e+01
1.068770985588477807e+01
1.068806189187565181e+01
1.068813454477410652e+01
1.068818006103421503e+01
1.068776986635648285e+01
1.068864905175987268e+01
1.068877599290386904e+01
1.068868280329355436e+01
1.068727797360405773e+01
1.068517407792987228e+01
1.068727310618605131e+01
1.068688000828386819e+01
1.068708116800577379e+01
1.068533013966269074e+01
1.068573079180361596e+01
1.068614873715809388e+01
1.068497597499134244e+01
1.068274251102695871e+01
1.068126934749186852e+01
1.068022318166844897e+01
1.067786758176742090e+01
1.067817166813632923e+01
1.067939412976145341e+01
1.067876761458640900e+01
1.067816670735677143e+01
1.067763044654978444e+01
1.067672645667787990e+01
1.067651721526836539e+01
1.067492050291132522e+01
1.067563395091465495e+01
1.067625369916953915e+01
1.067757039991292167e+01
1.067945835610624705e+01
1.067914791161057586e+01
1.067897312809044230e+01
1.067800731605358422e+01
1.067845761542226768e+01
1.067676103847652769e+01
1.067536677357878183e+01
1.067539064884185862e+01
1.067435533782451706e+01
1.067392894576267715e+01
1.067454174924487909e+01
1.067379331326746694e+01
1.067387961818747399e+01
1.067599518572697903e+01
1.067480932854176778e+01
1.067325396641441060e+01
1.067094914506121306e+01
1.067135265453441662e+01
1.067210456560242804e+01
1.067141816180239466e+01
1.066991306949237028e+01
1.066870973709432846e+01
1.066705821482340433e+01
1.066952746726096990e+01
1.066869281647376155e+01
1.066973556791033140e+01
1.067093508224688669e+01
1.067016405557331282e+01
1.066950344225865877e+01
1.067037055380057353e+01
1.067004291195782351e+01
1.067191420623781717e+01
1.062455177307128906e+01
1.056050729751586914e+01
1.053774388631184955e+01
1.071879267692565918e+01
1.069890499114990234e+01
1.060706249872843365e+01
1.055252497536795531e+01
1.050264966487884521e+01
1.057767083909776495e+01
1.055536451339721715e+01
1.055965883081609569e+01
1.052554845809936523e+01
1.052072290273813060e+01
1.058842032296317015e+01
1.058543395996093750e+01
1.058042562007904053e+01
1.056973535874310599e+01
1.055524640613132092e+01
1.059858367317601235e+01
1.061961255073547328e+01
1.065643460409981813e+01
1.068968005613847261e+01
1.068164472994597070e+01
1.067173914114634137e+01
1.067008655548095675e+01
1.065512316043560404e+01
1.062871823487458478e+01
1.063508544649396548e+01
1.062928275404305367e+01
1.062052125930786062e+01
1.064169080795780253e+01
1.065720075368881226e+01
1.064652191508900003e+01
1.064705094169167943e+01
1.064833523886544420e+01
1.065234224001566510e+01
1.064956878971409182e+01
1.064477325740613445e+01
1.063171557891063124e+01
1.061542692184448278e+01
1.062587314698754248e+01
1.061851592290969037e+01
1.061478348665459137e+01
1.061348295211791992e+01
1.061499739752875371e+01
1.062524239913276958e+01
1.062359911330202777e+01
1.060997654994328876e+01
1.060596915653773742e+01
1.060952425003051758e+01
1.061335234548531403e+01
1.061186475020188524e+01
1.061780746028108346e+01
1.061974297629462427e+01
1.063035713542591409e+01
1.063957103661128478e+01
1.065308478840610462e+01
1.065037002234623387e+01
1.066339358636888335e+01
1.065559926033020055e+01
1.065592270210141024e+01
1.066818661843576699e+01
1.066840395851740730e+01
1.067060500383377075e+01
1.067046335660494272e+01
1.066141515789609961e+01
1.066311373639462623e+01
1.066019062434925679e+01
1.066339145881542194e+01
1.065757333210536473e+01
1.066489865746296672e+01
1.067751019530826184e+01
1.066728143822656882e+01
1.067140157802684897e+01
1.067520791371663336e+01
1.067401154417740727e+01
1.067559186514321823e+01
1.067562468846639057e+01
1.067015890531902045e+01
1.067142525911331141e+01
1.066597287448835907e+01
1.066997194290161133e+01
1.066820894953716170e+01
1.066526001975649862e+01
1.066331239588120461e+01
1.065850486311801681e+01
1.066059412901428871e+01
1.066729088263078218e+01
1.067549111869897693e+01
1.068416042327880788e+01
1.067496529254284532e+01
1.067307869247768259e+01
1.067487164979339909e+01
1.067586198766180772e+01
1.067313704239694694e+01
1.066989341378211975e+01
1.067154688687668695e+01
1.067260021092940292e+01
1.067231008741590692e+01
1.067863949775695787e+01
1.067929595531803599e+01
1.067715269911522924e+01
1.068569899068295292e+01
1.068382547451899534e+01
1.068278547014508995e+01
1.068491030639072648e+01
1.068091267737272787e+01
1.068514693224871515e+01
1.068842504658830350e+01
1.068680954846468900e+01
1.069313220290450417e+01
1.069526780503136720e+01
1.069347811167219042e+01
1.068775846247087458e+01
1.068575412916100476e+01
1.068419598710947938e+01
1.068294561011159516e+01
1.067718027405819647e+01
1.067715704140542954e+01
1.067623678048451730e+01
1.067484486792698384e+01
1.067469266203583267e+01
1.067252321165751638e+01
1.066991732966515372e+01
1.067419758605957014e+01
1.067032553657652905e+01
1.066899601493294725e+01
1.066785379499197006e+01
1.066517712349115499e+01
1.066344253099881634e+01
1.066655249996039778e+01
1.066464858344106936e+01
1.066204771601167778e+01
1.066375829924398388e+01
1.066708123242413642e+01
1.066271309992846383e+01
1.066440030258067395e+01
1.066144619126250781e+01
1.065916403763585762e+01
1.065756130899701759e+01
1.065989802069697845e+01
1.065938451928152197e+01
1.065899460132305521e+01
1.066273735629187769e+01
1.066225088711442659e+01
1.066193209608940151e+01
1.066529133206322122e+01
1.066453509072999672e+01
1.066586863114529748e+01
1.066417822519938063e+01
1.066319133430127231e+01
1.066638374956030511e+01
1.066536471422980803e+01
1.066838413709169942e+01
1.066400420896468582e+01
1.066777706146240234e+01
1.066776740930642298e+01
1.066573449629771630e+01
1.066268700173815809e+01
1.066426153182983327e+01
1.066517929408861320e+01
1.066835049052297357e+01
1.066629838650943363e+01
1.066412801858855453e+01
1.065846827535918351e+01
1.065824498325945413e+01
1.065727358949398607e+01
1.065721914881751609e+01
1.065620671785794826e+01
1.065548058678122167e+01
1.065553973013894584e+01
1.065549339250076599e+01
1.065449315550699438e+01
1.065266963805275324e+01
1.065383207593645309e+01
1.065441084449941478e+01
1.065544232406185188e+01
1.065342254317208592e+01
1.065552523415847830e+01
1.065444650650024450e+01
1.065249117961904624e+01
1.064910794876434075e+01
1.064892676619232681e+01
1.064610226257987691e+01
1.064265944506670891e+01
1.064345014736216477e+01
1.064215720273594101e+01
1.064630994390934049e+01
1.064173189798990826e+01
1.064054129249171154e+01
1.064083238172281476e+01
1.063934113581975360e+01
1.064099221896631065e+01
1.064001953478940976e+01
1.064245622096917643e+01
1.064163578773031382e+01
1.064133208415229959e+01
1.064294202881630014e+01
1.064073341695507580e+01
1.063987758159637487e+01
1.063909807252646722e+01
1.063929120148762664e+01
1.063869784031008336e+01
1.064156644484576120e+01
1.064490216883217499e+01
1.064393689794447795e+01
1.064320971078918809e+01
1.064046218303533742e+01
1.063789155038349854e+01
1.063876024427868039e+01
1.063794828026215633e+01
1.063761167256337359e+01
1.063749685421795910e+01
1.063458347766198919e+01
1.063690740452256378e+01
1.063691874345143695e+01
1.063932153816047332e+01
1.063868538830258359e+01
1.064085245785647871e+01
1.063981557759371732e+01
1.064337697180148190e+01
1.064299255663210175e+01
1.064459000574633762e+01
1.064284909623009767e+01
1.063877378675672780e+01
1.063750916033719562e+01
1.063815464742383199e+01
1.064144313544557718e+01
1.064210989173322730e+01
1.064164429125578515e+01
1.064132525704123822e+01
1.063820335371740988e+01
1.063848891688007114e+01
1.063741212828546523e+01
1.063904463585386928e+01
1.063825975030155568e+01
1.063782760362584945e+01
1.063966937826461212e+01
1.064245313780078384e+01
1.064450834989547801e+01
1.064674174043647525e+01
1.064650538736138508e+01
1.064560388243247502e+01
1.064537632660787558e+01
1.064746950499865541e+01
1.064888994092863683e+01
1.064756735905944574e+01
1.064756365360752177e+01
1.064492157472664147e+01
1.064277381134033185e+01
1.064264051277798906e+01
1.064250622098407995e+01
1.064080092087093554e+01
1.063908124908687647e+01
1.063891472161984986e+01
1.064047590643167496e+01
1.064176208035955185e+01
1.064254067664922587e+01
1.064115255863970333e+01
1.063961673516493533e+01
1.063930895136690680e+01
1.063818866787975992e+01
1.063918451301951862e+01
1.063868283502983303e+01
1.063988673372088734e+01
1.064009501521748646e+01
1.063644472043612410e+01
1.063634071065418674e+01
1.063572607075857768e+01
1.063450602778681997e+01
1.063246578835913247e+01
1.063089115128797602e+01
1.063128004318628506e+01
1.063081545725356136e+01
1.063006813742897805e+01
1.063340004630710744e+01
1.063275223260321845e+01
1.063246705034653949e+01
1.062938375712295525e+01
1.063006855419703811e+01
1.062968941006372070e+01
1.062991547077260179e+01
1.063176247761864524e+01
1.063168224482469171e+01
1.063118496610407249e+01
1.063258577226758916e+01
1.063269894297530094e+01
1.063213953375816345e+01
1.063088788953206887e+01
1.063005532560677402e+01
1.062938196962232063e+01
1.062867424586047882e+01
1.063149168385580623e+01
1.063206177666073771e+01
1.063012392076395329e+01
1.062965440105747561e+01
1.062861457978836199e+01
1.063016451445201938e+01
1.062960774922450646e+01
1.062958854357401606e+01
1.063161099392710263e+01
1.063358103202668303e+01
1.063632886716635007e+01
1.063761476780238979e+01
1.064024451521576431e+01
1.063925031587189274e+01
1.064082287033528296e+01
1.063966890124531517e+01
1.064189493926211938e+01
1.064372826853106169e+01
1.064454508594378090e+01
1.064377825688093182e+01
1.064668053331466524e+01
1.064836645430060713e+01
1.064962800343831439e+01
1.065187744551067084e+01
1.065299245912569859e+01
1.065288937466699437e+01
1.065328524777881825e+01
1.065212766826152802e+01
1.065261947477346638e+01
1.065328646890865372e+01
1.065281045104697100e+01
1.065271463217558612e+01
1.065423415844256994e+01
1.065510530705832259e+01
1.065654284800958251e+01
1.065709688896086149e+01
1.065661245131565060e+01
1.065677867658210509e+01
1.065877953324793381e+01
1.065801230108881548e+01
1.065701171657344659e+01
1.065656219984956898e+01
1.065637959722262629e+01
1.065566969769341554e+01
1.065540582277654558e+01
1.065483330269537099e+01
1.065442208484210873e+01
1.065404869528377674e+01
1.065160217173288260e+01
1.065071853559616777e+01
1.065113477734713143e+01
1.064996940313383611e+01
1.064987784952357153e+01
1.064888138026860354e+01
1.064794842997614133e+01
1.064732951953493334e+01
1.064716738889415559e+01
1.064953127997262072e+01
1.065172627712586717e+01
1.065357963605360503e+01
1.065353765838882438e+01
1.065328589401676140e+01
1.065317664885185067e+01
1.065193288245897563e+01
1.065079707725375258e+01
1.064996214285909204e+01
1.065079809895464891e+01
1.065140122042761917e+01
1.065126884809161112e+01
1.065042058407272485e+01
1.065032194731320914e+01
1.064978289866185435e+01
1.065042138034350216e+01
1.065264893880958752e+01
1.065242055586313441e+01
1.065129342804784329e+01
1.065124888277958348e+01
1.065325227943626629e+01
1.065311857310909538e+01
1.065325776992305684e+01
1.065165866923396187e+01
1.064988742155187218e+01
1.064860556030273386e+01
1.065039720941097201e+01
1.064899606982972280e+01
1.065052843346166789e+01
1.065239173063816658e+01
1.065110996396917997e+01
1.065086626318183072e+01
1.065006212164594324e+01
1.064921179888453828e+01
1.065137354295514882e+01
