7.446666717529296875e+00
7.136063098907470703e+00
7.421362559000651338e+00
7.387479543685913086e+00
7.444028282165527699e+00
7.506800015767415069e+00
7.452147483825683594e+00
7.458913207054138184e+00
7.412237061394585602e+00
7.490688800811767578e+00
7.527259219776500032e+00
7.517869154612223603e+00
7.548051980825571050e+00
7.492734568459646916e+00
7.496918710072835168e+00
7.522859424352645874e+00
7.515895815456614670e+00
7.502620855967204072e+00
7.485018755260266943e+00
7.490803027153015492e+00
7.520891439347040297e+00
7.503885615955699251e+00
7.497436274652895527e+00
7.479958236217498779e+00
7.463817424774170206e+00
7.453439712524414062e+00
7.435656088369864136e+00
7.438676459448678280e+00
7.425884904532597197e+00
7.429615243275960346e+00
7.420795286855390138e+00
7.415128871798515320e+00
7.441995721874815395e+00
7.433185086530797570e+00
7.417386640821184152e+00
7.405546771155463226e+00
7.399565361641548655e+00
7.403879705228303187e+00
7.394608240861159310e+00
7.383893942832946422e+00
7.375805715235268067e+00
7.366117795308430694e+00
7.357422008070835240e+00
7.342090931805697274e+00
7.341087955898708550e+00
7.339701424474301739e+00
7.329235837814655596e+00
7.329373985528945923e+00
7.325485900956756780e+00
7.320460443496703995e+00
7.349060329736447628e+00
7.361116014994108170e+00
7.366578578948974609e+00
7.381301765088681854e+00
7.384695547277277505e+00
7.378990284034183667e+00
7.391663777200799146e+00
7.391328269037707344e+00
7.387136119907185439e+00
7.396129306157430250e+00
7.401991132830009867e+00
7.400888819848337796e+00
7.407190481821696260e+00
7.406331405043601990e+00
7.402708985255315177e+00
7.399978746067393587e+00
7.398083786466228773e+00
7.403319968896753700e+00
7.408963542053665030e+00
7.405537891387939275e+00
7.401129292770170842e+00
7.409408284558190338e+00
7.411171958871083376e+00
7.411220273456057939e+00
7.411383132934570739e+00
7.420209759160091956e+00
7.418364586768212199e+00
7.421273365998879434e+00
7.428604983076264823e+00
7.424923026561737416e+00
7.430368988602249480e+00
7.432239788334544350e+00
7.442487073231892403e+00
7.470249902634393813e+00
7.466248927396886614e+00
7.467086991598439916e+00
7.459543776238101387e+00
7.459796314889734603e+00
7.463514472661393562e+00
7.456955035527546904e+00
7.454714748885605147e+00
7.451789519061213340e+00
7.445738192527525001e+00
7.437795816583836483e+00
7.452236461639404119e+00
7.453819667299588225e+00
7.452504698763188884e+00
7.449309237149297047e+00
7.440356399073745131e+00
7.447840957641601811e+00
7.442217033688384831e+00
7.435854313420314554e+00
7.425572376806758967e+00
7.415996569853562370e+00
7.412719944545201223e+00
7.405082662150545225e+00
7.392185786060083252e+00
7.385694468462908446e+00
7.376306035103054271e+00
7.375300294702703319e+00
7.364046955967809005e+00
7.354149060589926457e+00
7.342751519869914034e+00
7.335309262861285262e+00
7.320278499437415043e+00
7.304402186952787979e+00
7.301857434786283463e+00
7.297581797939235670e+00
7.290841475254347337e+00
7.287075610955556115e+00
7.280851632110343807e+00
7.284329617609743401e+00
7.280444199476784561e+00
7.276235588135257615e+00
7.271830257415771825e+00
7.272882385859413823e+00
7.263366383830393680e+00
7.260597884654998779e+00
7.249002848484719763e+00
7.239011456416203139e+00
7.228850248205752393e+00
7.219831824302673340e+00
7.224361279853304119e+00
7.233272926131291136e+00
7.224640987537525483e+00
7.218653286204618880e+00
7.211405301616139241e+00
7.211411683455757782e+00
7.201500439815384347e+00
7.191177671296255625e+00
7.182521850504773653e+00
7.177170632590709864e+00
7.168731916200864696e+00
7.170904162857267394e+00
7.165044893067458176e+00
7.152414560317993164e+00
7.151582617338012149e+00
7.142572161313649914e+00
7.135845110720436146e+00
7.129464899698893632e+00
7.135883811293848744e+00
7.142624654267963891e+00
7.147859214957243523e+00
7.150266675205974032e+00
7.153695930973175798e+00
7.157163873696938516e+00
7.162412130149307110e+00
7.165648496603663986e+00
7.167466493522596238e+00
7.167762118577956976e+00
7.171973989617010048e+00
7.176141135486555633e+00
7.176668904310354868e+00
7.179995298385620117e+00
7.181341934204101385e+00
7.182029132383415337e+00
7.180511740153421307e+00
7.180537019457135628e+00
7.182674436174201205e+00
7.184756178014418460e+00
7.184300626230518461e+00
7.178929376047711308e+00
7.177120864735862860e+00
7.174834317174450860e+00
7.174055783408028297e+00
7.173405324870889999e+00
7.175643697296831824e+00
7.175850846794213922e+00
7.177382149509877074e+00
7.178309732013278932e+00
7.176738077764353463e+00
7.174699052349551742e+00
7.175404916044141324e+00
7.172453333502230244e+00
7.171106085906157723e+00
7.169686255916472462e+00
7.170224031662558062e+00
7.168449074664014375e+00
7.179620064124859091e+00
7.180970086549457676e+00
7.182755278043098102e+00
7.182170731325943969e+00
7.182898113764629500e+00
7.182895564541373901e+00
7.180941985203669553e+00
7.182085638143578699e+00
7.178748859366789858e+00
7.177443954679700866e+00
7.176180856311740186e+00
7.175689241886138880e+00
7.182208979307715957e+00
7.186936598012943378e+00
7.190154115554734382e+00
7.199605294302398484e+00
7.202902642692007973e+00
7.205473216991980401e+00
7.208289648599670585e+00
7.210752817300649653e+00
7.210479191045441993e+00
7.208581265949067785e+00
7.212392608136362071e+00
7.212859873501759722e+00
7.216104852201793207e+00
7.219948603728107095e+00
7.219843287800634002e+00
7.219587228916309662e+00
7.218573965784591095e+00
7.220695841203042420e+00
7.221379341055813583e+00
7.223134738748723471e+00
7.224656899050889258e+00
7.229549373592342398e+00
7.229105044908052946e+00
7.229744896292686462e+00
7.231548413170708400e+00
7.233558013375881224e+00
7.232455656917085030e+00
7.233314332209135777e+00
7.233430531347682546e+00
7.233606863021850408e+00
7.230029766693776061e+00
7.234222777958573936e+00
7.236219621011627190e+00
7.240298065364870084e+00
7.240841936557851355e+00
7.246368410223621659e+00
7.246755931950822571e+00
7.245786759031920710e+00
7.244539604027401047e+00
7.240867114067077281e+00
7.236947277274864199e+00
7.234449839789020231e+00
7.233684932253487965e+00
7.230691303972338169e+00
7.230156894605986651e+00
7.228674725788395428e+00
7.229494519561891153e+00
7.227669041002950046e+00
7.234504460330947850e+00
7.234141271591186140e+00
7.238657763279766399e+00
7.242277158631218903e+00
7.248411975830440390e+00
7.253526884739793346e+00
7.258087208691764936e+00
7.262637702748179436e+00
7.264937501009335996e+00
7.267706410829410935e+00
7.268606961003602152e+00
7.274158494289104659e+00
7.275667678350689727e+00
7.275825336689257128e+00
7.278443604821034363e+00
7.280827894355311969e+00
7.281727243819326567e+00
7.283790398361091434e+00
7.283252991094125051e+00
7.283179217310093989e+00
7.286649397314702625e+00
7.286152389314439759e+00
7.286704598317727211e+00
7.288389922941432175e+00
7.289951860686361584e+00
7.289436303786117399e+00
7.291099636771462222e+00
7.294850596483202665e+00
7.294007988182646507e+00
7.292654678975935667e+00
7.292769808068497284e+00
7.293753007480076711e+00
7.293466111519158801e+00
7.295474312829632879e+00
7.294874718669446700e+00
7.295713033474666709e+00
7.294960853509735443e+00
7.292252950735025330e+00
7.294901681694003770e+00
7.296189564797613158e+00
7.295633274791150313e+00
7.297963341351213273e+00
7.301649285345962248e+00
7.301064793377706863e+00
7.300049676016328704e+00
7.301966389831231474e+00
7.301060468059475284e+00
7.300566816652143132e+00
7.301299035749853061e+00
7.301995459819000445e+00
7.303309769136052232e+00
7.303565737406413128e+00
7.307124489565624437e+00
7.309726039305427747e+00
7.314053714865504929e+00
7.317383948125336879e+00
7.320594940810907225e+00
7.323728221693849072e+00
7.324677986120168072e+00
7.329147564900385881e+00
7.330423543368342898e+00
7.332814324286676566e+00
7.333779494478771532e+00
7.336873681117326740e+00
7.339281225356812044e+00
7.340140283487404993e+00
7.342368318164159469e+00
7.342657730549196238e+00
7.343021893726914051e+00
7.344337467877370074e+00
7.345302341126349610e+00
7.346715863049030126e+00
7.347804882073328159e+00
7.349230717427982285e+00
7.351318168935391917e+00
7.353558936236817445e+00
7.354879122513991341e+00
7.356208363925021310e+00
7.358155147015866149e+00
7.358464998442951988e+00
7.359830278031369133e+00
7.360649088657263306e+00
7.361368032380533499e+00
7.362458501953676127e+00
7.362212219753780928e+00
7.362385123075839033e+00
7.363801473646021556e+00
7.366669204973039342e+00
7.367632284362521489e+00
7.367388935484123991e+00
7.369292145281766793e+00
7.369039553754469729e+00
7.369971413766184476e+00
7.371590948941414645e+00
7.373187694883207577e+00
7.374193727970123291e+00
7.375976042816604128e+00
7.376788946934517810e+00
7.377164989108654147e+00
7.376482061956120440e+00
7.381286916213595894e+00
7.380956187929426093e+00
7.387049059582571964e+00
7.392137030308896684e+00
7.394691854968624689e+00
7.398205389410762223e+00
7.400806259101544882e+00
7.404681032963013720e+00
7.406045733379716722e+00
7.409564413837880004e+00
7.412837659416092073e+00
7.415201837486691261e+00
7.416271660136383836e+00
7.418596419181612944e+00
7.420194889888290568e+00
7.423332168505742068e+00
7.425014894302576884e+00
7.427199849665490738e+00
7.428421840355896144e+00
7.430450391510258434e+00
7.431460654509423058e+00
7.432007973902933884e+00
7.432455292930500335e+00
7.433645106131030467e+00
7.434266820350217131e+00
7.436070040585523344e+00
7.435694032033284273e+00
7.441419952727378551e+00
7.442071435306052862e+00
7.443558588229789663e+00
7.446327379322303486e+00
7.447362051512065761e+00
7.448138235747970626e+00
7.449275377533198572e+00
7.450558783180097677e+00
7.451125438014666535e+00
8.995622634887695312e+00
8.869754314422607422e+00
8.816747347513834043e+00
8.801656007766723633e+00
8.781966590881348012e+00
8.728827317555746035e+00
8.719812801906041244e+00
8.670532107353210449e+00
8.642121526930067077e+00
8.560929298400878906e+00
8.535578207536177686e+00
8.514240423838296934e+00
8.435391976283145965e+00
8.410675491605486442e+00
8.387420749664306285e+00
8.392336696386337280e+00
8.372777966892018142e+00
8.373160070843166380e+00
8.381438230213365870e+00
8.356492829322814231e+00
8.340656802767799860e+00
8.313554308631204037e+00
8.314750609190568298e+00
8.270545899868011475e+00
8.261351871490479226e+00
8.235964866784902583e+00
8.206768954241717040e+00
8.201357875551495979e+00
8.186294489893420234e+00
8.178173542022705078e+00
8.178858080217915827e+00
8.158118486404418945e+00
8.164503473224062446e+00
8.141188481274772570e+00
8.134721728733607549e+00
8.131298515531751647e+00
8.125291347503662109e+00
8.122743644212421898e+00
8.107002001542310765e+00
8.093711543083191629e+00
8.081289454204279465e+00
8.090376831236339328e+00
8.081143312676008605e+00
8.072906038977883725e+00
8.060181766086154553e+00
8.053304568580959000e+00
8.049699702161424497e+00
8.044464548428853945e+00
8.042389402584154467e+00
8.036007518768309765e+00
8.052786658791934116e+00
8.061531763810377171e+00
8.066149315744075565e+00
8.072303436420581235e+00
8.073336583917791742e+00
8.073609488351005226e+00
8.079303055478815665e+00
8.070002687388452500e+00
8.053688792859093226e+00
8.050277884801229078e+00
8.035082942149678331e+00
8.024261436154764837e+00
8.021199332343208255e+00
8.016647771000862122e+00
8.019328850966234157e+00
8.013313553550027279e+00
8.009252469931075424e+00
8.004998431486242794e+00
8.001448513805001994e+00
7.993984896796090034e+00
7.981996898919764050e+00
7.977293332417805694e+00
7.969157199337058017e+00
7.964826487206123851e+00
7.957445576985676894e+00
7.954955929204037268e+00
7.948264060082373739e+00
7.948016013854589445e+00
7.942230532440958335e+00
7.933394020795821788e+00
7.924941563311918458e+00
7.919348228268507484e+00
7.915832261005079751e+00
7.913342061496916102e+00
7.908399621178122452e+00
7.903742823489876557e+00
7.896166620583369600e+00
7.891918653791600846e+00
7.891676634884952080e+00
7.885216723548041706e+00
7.881979009607335662e+00
7.875527060550192360e+00
7.870201623567971261e+00
7.861247072828576599e+00
7.863800048828125000e+00
7.860219359397888184e+00
7.858608162280210863e+00
7.857158544112224696e+00
7.855371089896770798e+00
7.847278151512146138e+00
7.852147786924154715e+00
7.859422005859076243e+00
7.866844755931965416e+00
7.870661932688492790e+00
7.876044895535423862e+00
7.878123098949216363e+00
7.879140207700640275e+00
7.880466933603639923e+00
7.884445273548091215e+00
7.885280227661132457e+00
7.883288349117244742e+00
7.883043685129710987e+00
7.882984376586644082e+00
7.880349941420973003e+00
7.877576973127282223e+00
7.874798080016827129e+00
7.878461719578147893e+00
7.881245140301978758e+00
7.877882737071574049e+00
7.875193750858306529e+00
7.875436447868662704e+00
7.876681394264346103e+00
7.881553723560116076e+00
7.884638674797550095e+00
7.884609161376952891e+00
7.884481638196914943e+00
7.883020213269811727e+00
7.882314175367355347e+00
7.879841342452884589e+00
7.878431312854473845e+00
7.876328330003578237e+00
7.877170309875950238e+00
7.875272636126754655e+00
7.874399562380206774e+00
7.871315345057734447e+00
7.869009375572204590e+00
7.867285004497444945e+00
7.863574280255082982e+00
7.859726387819797822e+00
7.858351070540291694e+00
7.853886749727506000e+00
7.853498247307791225e+00
7.850114699010248387e+00
7.847078094879786470e+00
7.846287756952746051e+00
7.842776478153385966e+00
7.842227433003535531e+00
7.840531429728946122e+00
7.836316883163964242e+00
7.835129337310791087e+00
7.840570228778763529e+00
7.843940603105645337e+00
7.844960998086368598e+00
7.847609885327227808e+00
7.850666181502803376e+00
7.852042662791716587e+00
7.852636312982838263e+00
7.854193337355988014e+00
7.854306997743043084e+00
7.852251115441322149e+00
7.852325744510437744e+00
7.853540429362544373e+00
7.852509785283563026e+00
7.851232104185150718e+00
7.848581155141194365e+00
7.847039202609694009e+00
7.846743135395164437e+00
7.846222783837999870e+00
7.847615436689387991e+00
7.847821277730605338e+00
7.845784346262614228e+00
7.845212343127228927e+00
7.843361082793660621e+00
7.841044560246084316e+00
7.840083599090576172e+00
7.840893981131640267e+00
7.837664439853301523e+00
7.835913360788580917e+00
7.833617287641130744e+00
7.831045876608954792e+00
7.827275926895563174e+00
7.825003851901043639e+00
7.825201183068947408e+00
7.823147838530332798e+00
7.824157846296155405e+00
7.822531482224823307e+00
7.821429456619018339e+00
7.821065940755478785e+00
7.822643862830267913e+00
7.821953642995733702e+00
7.821649596329134368e+00
7.821837216615676880e+00
7.819892957420546686e+00
7.817423859822381083e+00
7.815731124388865858e+00
7.815940757187044952e+00
7.812822804233144680e+00
7.811205040324818327e+00
7.809753101674755449e+00
7.808285315036773255e+00
7.812308878447878691e+00
7.812768107593649702e+00
7.813690620102906159e+00
7.821222003768472320e+00
7.820548746062487844e+00
7.820176467154789535e+00
7.819239869785769237e+00
7.818316996097564697e+00
7.818068111912485740e+00
7.816014612288702423e+00
7.816662743193278473e+00
7.816904454861047569e+00
7.816801084599024563e+00
7.818618306489748093e+00
7.819386069719181265e+00
7.817947392110471405e+00
7.814830859135922125e+00
7.815066337585449219e+00
7.812650650059251412e+00
7.810173663226041008e+00
7.808416323424464345e+00
7.806339936213450237e+00
7.805335624335592470e+00
7.802287797842707207e+00
7.799937174055311395e+00
7.797647773692037987e+00
7.796614846469021920e+00
7.795693374516670993e+00
7.794326890503995742e+00
7.792528882233992427e+00
7.789302561706278993e+00
7.786995207441264277e+00
7.786212726723994670e+00
7.784480296648466080e+00
7.782176973464641101e+00
7.780874512963375622e+00
7.777938897096658089e+00
7.774280233543460206e+00
7.772718180173610492e+00
7.769939426581064623e+00
7.767335017192412927e+00
7.766454180410085506e+00
7.765753928525947813e+00
7.763789352823476264e+00
7.762385753709442504e+00
7.759495200180426266e+00
7.758790238183519428e+00
7.757789961753353225e+00
7.758092428306977872e+00
7.756281505584716740e+00
7.755338174888337655e+00
7.754876634431263405e+00
7.755562865215798851e+00
7.755407637498509921e+00
7.754569883907542760e+00
7.753862276673316956e+00
7.756395284303895465e+00
7.754208394723344888e+00
7.752344205112531306e+00
7.748995733261108576e+00
7.748028687590383434e+00
7.745503139859847508e+00
7.743991859058916738e+00
7.741055038842287850e+00
7.738879761605892860e+00
7.737524502259447878e+00
7.733956858459929862e+00
7.731484155156719495e+00
7.732096227128266719e+00
7.726871774814746630e+00
7.723582735800655463e+00
7.722050971844616640e+00
7.720201937706915984e+00
7.719977608562386351e+00
7.717853348471901853e+00
7.716507863307344728e+00
7.712538615891219251e+00
7.709798902058772718e+00
7.707388103649180700e+00
7.704969421454838319e+00
7.702985919667308501e+00
7.700666190884637885e+00
7.697634312794823686e+00
7.695606674946529502e+00
7.691905791299385342e+00
7.688265046873293151e+00
7.685212839771231152e+00
7.682992168598705263e+00
7.679063788747292563e+00
7.676493488509079199e+00
7.673930377894660815e+00
7.671635755120891353e+00
7.669100834647950116e+00
7.665745490262297679e+00
7.663962619587526781e+00
7.661756890851098234e+00
7.659341555251818257e+00
7.656846568088403693e+00
7.654065503723246344e+00
7.651118439038594232e+00
7.651198578831365005e+00
7.652901748947749994e+00
7.654967438663192958e+00
7.655959243837155981e+00
7.657552282927466258e+00
7.658369876200856297e+00
7.658502227708648746e+00
7.658742184762830973e+00
7.659992623869269046e+00
7.659902260380406780e+00
7.660824633104624581e+00
7.661055305065253229e+00
7.661430520371506958e+00
7.661303599169300149e+00
7.661656114790174499e+00
7.660673604735845466e+00
7.660091720544953020e+00
7.660081302594838881e+00
7.659228351796308232e+00
7.658323667943477631e+00
7.658597698092831862e+00
7.659085346304851605e+00
7.657727883696186844e+00
7.657234277254269195e+00
7.657108547504131835e+00
7.656990443270630387e+00
7.656008070032895851e+00
7.654917991742855143e+00
7.653638441149587024e+00
7.653885261940233775e+00
7.653955144104280350e+00
7.653664621962121828e+00
7.653621422993886370e+00
7.652821379507373400e+00
7.651821320092500045e+00
7.652059844561985180e+00
7.651885305738590937e+00
7.650147501533553829e+00
7.649518638937171211e+00
7.649247476633857623e+00
7.648479303656435135e+00
7.648441399747167857e+00
7.647993066915617533e+00
7.647024143573849742e+00
7.646498080267422282e+00
7.646206610464636455e+00
7.645388853309477817e+00
7.644923081343200977e+00
7.648072308319004087e+00
7.645644253322056549e+00
7.645900400275857933e+00
7.645568855784156348e+00
7.643447778717992414e+00
7.641122058286505592e+00
7.638319850975358705e+00
7.636782255065575065e+00
7.634865322700735923e+00
7.632512215129490407e+00
7.630900106722266152e+00
7.627623883883158484e+00
7.625496769215591719e+00
7.623122499792615692e+00
7.620686730734244740e+00
7.619335695937439645e+00
7.617199845509986744e+00
7.614154289328986636e+00
7.612565083464744475e+00
7.610144638496896263e+00
7.607197317004526838e+00
7.604477915892729811e+00
7.600510905695090358e+00
7.598087103136124121e+00
7.596178261907746254e+00
7.593816017722063272e+00
7.592028302510579252e+00
7.597652754885085180e+00
7.593552003804821204e+00
7.590900508184281748e+00
7.589816761520103761e+00
7.586624249659086772e+00
7.584731303487862952e+00
7.582893662427732551e+00
7.580824098761336671e+00
7.578269184877474807e+00
8.336240768432617188e+00
8.203820228576660156e+00
8.177874247233072325e+00
8.154162406921386719e+00
8.102677536010741477e+00
8.121768633524576231e+00
8.115761620657783837e+00
8.052654564380645752e+00
8.019721296098497376e+00
7.955300664901733043e+00
7.928717743266712858e+00
7.912810285886128447e+00
7.880393505096435547e+00
7.863415547779628589e+00
7.850949891408284920e+00
7.848246186971664429e+00
7.822845655329087045e+00
7.826294819513957002e+00
7.837335310484233375e+00
7.826968216896057484e+00
7.838546548570905159e+00
7.807065898721868180e+00
7.814154231030007836e+00
7.799966593583424590e+00
7.788488540649414205e+00
7.774174983684833506e+00
7.758147804825394012e+00
7.756292939186096191e+00
7.739710117208546514e+00
7.725818030039468987e+00
7.726322543236516793e+00
7.708052515983581543e+00
7.718307235024192359e+00
7.705739217645981576e+00
7.703880160195486937e+00
7.699265546268886595e+00
7.696437101106385903e+00
7.696636902658562818e+00
7.695615230462490075e+00
7.684365677833556951e+00
7.674436929749279379e+00
7.672791901088896083e+00
7.669891679009725571e+00
7.664844263683665559e+00
7.661411232418483763e+00
7.660059566083162075e+00
7.658829191897777555e+00
7.654080023368199370e+00
7.645237494488151597e+00
7.646662569046020153e+00
7.654898708941889396e+00
7.661619525689345345e+00
7.664287729083366862e+00
7.661400326976069763e+00
7.657262992858886896e+00
7.653751994882311394e+00
7.653569723430432958e+00
7.645136307025778066e+00
7.639257285554529986e+00
7.636092678705851178e+00
7.626576861397165175e+00
7.618387322272023532e+00
7.614495845068068647e+00
7.609929136931896210e+00
7.603583306532639696e+00
7.600673877831661152e+00
7.598838606877113655e+00
7.593034632065716494e+00
7.590043855750042034e+00
7.582916797910417728e+00
7.579844662840937275e+00
7.584977110226948760e+00
7.577793310766351098e+00
7.572508386663488800e+00
7.564005877176920301e+00
7.561296174400730763e+00
7.559482772628982161e+00
7.558805147806803681e+00
7.557864853098422486e+00
7.554877042770385742e+00
7.548300743103027344e+00
7.545051656118253014e+00
7.542459585580481018e+00
7.546256445703052762e+00
7.543910907296573320e+00
7.542619056479875184e+00
7.535646805818053906e+00
7.532626227899030802e+00
7.528143496995561179e+00
7.526585314008924499e+00
7.520719711597148915e+00
7.516143093938413067e+00
7.519111920428532159e+00
7.513999071527035056e+00
7.516329524391576200e+00
7.512651572624842622e+00
7.510588527954730864e+00
7.511499307593521024e+00
7.510292698638608044e+00
7.507947587966919301e+00
7.506076987427060310e+00
7.506917467304304203e+00
7.505562573960683714e+00
7.500251527015979747e+00
7.497546522957938109e+00
7.492420322490188411e+00
7.482884692254467396e+00
7.477855898715831451e+00
7.476005681064150643e+00
7.467924746600064445e+00
7.459140442513130687e+00
7.448132566043308422e+00
7.440687804095513336e+00
7.435062124018083196e+00
7.428677243771760530e+00
7.421435516456077686e+00
7.420329664507482548e+00
7.413773932699429636e+00
7.406635548888134579e+00
7.399598884582519354e+00
7.392545873468572282e+00
7.385444023570076233e+00
7.381841202092364718e+00
7.373546546505343358e+00
7.367587882995605852e+00
7.362720262436639906e+00
7.358074218269408107e+00
7.349033609032630920e+00
7.340285685635352664e+00
7.334746008652906823e+00
7.329000200024087697e+00
