1.051440453529357910e+01
4.181253433227539062e+00
4.188349962234497070e+00
4.076550960540771484e+00
4.119661331176757812e+00
4.129360675811767578e+00
4.123965024948120117e+00
4.140170574188232422e+00
4.121374130249023438e+00
4.111099243164062500e+00
4.082500934600830078e+00
4.135627269744873047e+00
4.126159191131591797e+00
4.111231327056884766e+00
4.099270105361938477e+00
4.145771503448486328e+00
4.125164031982421875e+00
4.146106719970703125e+00
4.111353635787963867e+00
4.114871978759765625e+00
4.159258604049682617e+00
4.129956722259521484e+00
4.158216476440429688e+00
4.102439403533935547e+00
4.110396862030029297e+00
4.116636753082275391e+00
4.148345708847045898e+00
4.154286861419677734e+00
4.113511323928833008e+00
4.139599800109863281e+00
4.129440069198608398e+00
4.104472875595092773e+00
4.111546993255615234e+00
4.107205390930175781e+00
4.125600337982177734e+00
4.109212875366210938e+00
4.079913854598999023e+00
4.139174222946166992e+00
4.099618434906005859e+00
4.121243715286254883e+00
4.075659275054931641e+00
4.146040678024291992e+00
4.176511049270629883e+00
4.161476373672485352e+00
4.122264862060546875e+00
4.122828722000122070e+00
4.086958408355712891e+00
4.167940378189086914e+00
4.070009708404541016e+00
4.154109001159667969e+00
5.752504825592041016e+00
4.125471591949462891e+00
4.132059335708618164e+00
4.117500543594360352e+00
4.117550611495971680e+00
4.111236333847045898e+00
4.075910806655883789e+00
4.135432481765747070e+00
4.132200241088867188e+00
4.107891082763671875e+00
4.112352848052978516e+00
4.125555038452148438e+00
4.110526084899902344e+00
4.131199598312377930e+00
4.093188047409057617e+00
4.128781080245971680e+00
4.107969045639038086e+00
4.136898994445800781e+00
4.118872404098510742e+00
4.120356559753417969e+00
4.115890741348266602e+00
4.139785051345825195e+00
4.106422424316406250e+00
4.152159690856933594e+00
4.129766225814819336e+00
4.097154140472412109e+00
4.158062219619750977e+00
4.087966203689575195e+00
4.123298883438110352e+00
4.135516881942749023e+00
4.128606081008911133e+00
4.120020866394042969e+00
4.154431819915771484e+00
4.173294544219970703e+00
4.043812513351440430e+00
4.170828104019165039e+00
4.071779251098632812e+00
4.157576084136962891e+00
4.083417415618896484e+00
4.130526542663574219e+00
4.127036333084106445e+00
4.116270065307617188e+00
4.143296241760253906e+00
4.117185831069946289e+00
4.121785640716552734e+00
4.149550437927246094e+00
4.130730867385864258e+00
4.116896867752075195e+00
4.109782695770263672e+00
3.775129127502441406e+01
6.672495841979980469e+00
4.013986587524414062e+00
4.114903926849365234e+00
4.064233303070068359e+00
4.087985754013061523e+00
4.083115577697753906e+00
4.087515592575073242e+00
4.078802108764648438e+00
4.062386751174926758e+00
4.071647644042968750e+00
4.096135854721069336e+00
4.113191366195678711e+00
4.099441766738891602e+00
4.123304367065429688e+00
4.042065858840942383e+00
4.118834972381591797e+00
4.076587677001953125e+00
4.103934288024902344e+00
4.076621770858764648e+00
4.089751958847045898e+00
4.177523851394653320e+00
4.030088663101196289e+00
4.090691089630126953e+00
4.095762252807617188e+00
4.072040796279907227e+00
4.104310989379882812e+00
4.063940048217773438e+00
4.089170455932617188e+00
4.093735694885253906e+00
4.071990489959716797e+00
4.086768627166748047e+00
4.044211387634277344e+00
4.106536149978637695e+00
4.116808652877807617e+00
4.069523334503173828e+00
4.061533689498901367e+00
4.102479457855224609e+00
4.109958171844482422e+00
4.097110033035278320e+00
4.097659587860107422e+00
4.092258930206298828e+00
4.112092256546020508e+00
4.099323987960815430e+00
4.082095623016357422e+00
4.077229022979736328e+00
4.036909818649291992e+00
4.121436834335327148e+00
4.071065902709960938e+00
4.062186956405639648e+00
4.082343101501464844e+00
7.925176858901977539e+00
4.029548883438110352e+00
4.108469724655151367e+00
4.156406402587890625e+00
4.069259166717529297e+00
4.188125848770141602e+00
4.087802410125732422e+00
4.160109281539916992e+00
4.118312358856201172e+00
4.154453516006469727e+00
4.112830638885498047e+00
4.133093595504760742e+00
4.125521659851074219e+00
4.070455789566040039e+00
4.136789321899414062e+00
4.123133659362792969e+00
4.116884946823120117e+00
4.148124217987060547e+00
4.104240417480468750e+00
4.164375782012939453e+00
4.094876766204833984e+00
4.182303667068481445e+00
4.058631420135498047e+00
4.144959449768066406e+00
4.132837295532226562e+00
4.102439641952514648e+00
4.109976530075073242e+00
4.112716436386108398e+00
4.105977535247802734e+00
4.156111717224121094e+00
4.107568979263305664e+00
4.143771648406982422e+00
4.104381084442138672e+00
4.173584461212158203e+00
4.150772333145141602e+00
4.163807153701782227e+00
4.094009876251220703e+00
4.151603698730468750e+00
4.101622581481933594e+00
4.129805564880371094e+00
4.108937025070190430e+00
4.152039766311645508e+00
4.110935688018798828e+00
4.133027076721191406e+00
4.117438554763793945e+00
4.182478666305541992e+00
4.096845865249633789e+00
4.132320880889892578e+00
4.113169670104980469e+00
3.734685182571411133e+01
7.464009046554565430e+00
4.093218803405761719e+00
4.105837106704711914e+00
4.128292798995971680e+00
4.105547189712524414e+00
4.137098550796508789e+00
4.128111362457275391e+00
4.181418895721435547e+00
4.096226930618286133e+00
4.128946781158447266e+00
4.114356517791748047e+00
4.114094495773315430e+00
4.139877796173095703e+00
4.109970569610595703e+00
4.132452487945556641e+00
4.117583274841308594e+00
4.127184391021728516e+00
4.108608961105346680e+00
4.109140634536743164e+00
4.107540130615234375e+00
4.151888370513916016e+00
4.135817289352416992e+00
4.104205608367919922e+00
4.116906404495239258e+00
4.137180566787719727e+00
4.142519712448120117e+00
4.078221559524536133e+00
4.165059328079223633e+00
4.074723005294799805e+00
4.111541986465454102e+00
4.172999143600463867e+00
4.120637893676757812e+00
4.043480873107910156e+00
4.149340629577636719e+00
4.143600702285766602e+00
4.184069156646728516e+00
4.084894418716430664e+00
4.124003410339355469e+00
4.107785701751708984e+00
4.168306589126586914e+00
4.126627683639526367e+00
4.123381853103637695e+00
4.094114065170288086e+00
4.117792129516601562e+00
4.113563776016235352e+00
4.127089262008666992e+00
4.092468261718750000e+00
4.121635437011718750e+00
4.180241584777832031e+00
4.114477872848510742e+00
7.273496627807617188e+00
4.158296585083007812e+00
4.087450027465820312e+00
4.144671916961669922e+00
4.119496822357177734e+00
4.129806518554687500e+00
4.135378122329711914e+00
4.139027118682861328e+00
4.097430944442749023e+00
4.147957324981689453e+00
4.084784030914306641e+00
4.143900156021118164e+00
4.092308044433593750e+00
4.136268854141235352e+00
4.108656883239746094e+00
4.157415628433227539e+00
4.120748281478881836e+00
4.129474639892578125e+00
4.132710456848144531e+00
4.123531818389892578e+00
4.114648342132568359e+00
4.148807525634765625e+00
4.098302841186523438e+00
4.174148559570312500e+00
4.108227014541625977e+00
4.165020465850830078e+00
4.116332292556762695e+00
4.111337423324584961e+00
4.111869096755981445e+00
4.135447263717651367e+00
4.116358518600463867e+00
4.126171112060546875e+00
4.159249544143676758e+00
4.125908851623535156e+00
4.096712112426757812e+00
4.158908605575561523e+00
4.135227203369140625e+00
4.125116825103759766e+00
4.113514184951782227e+00
4.140447139739990234e+00
4.102609395980834961e+00
4.131395339965820312e+00
4.099666118621826172e+00
4.184288978576660156e+00
4.107416391372680664e+00
4.172188520431518555e+00
4.124883413314819336e+00
4.140934228897094727e+00
4.111597061157226562e+00
3.702398729324340820e+01
6.807819604873657227e+00
4.161685705184936523e+00
4.149774074554443359e+00
4.165945529937744141e+00
4.143297195434570312e+00
4.137772560119628906e+00
4.126754760742187500e+00
4.127754449844360352e+00
4.153877496719360352e+00
4.079008102416992188e+00
4.144133329391479492e+00
4.127724170684814453e+00
4.112059831619262695e+00
4.114599704742431641e+00
4.080464601516723633e+00
4.139296770095825195e+00
4.096658706665039062e+00
4.146636962890625000e+00
4.102536439895629883e+00
4.133550167083740234e+00
4.127874135971069336e+00
4.132538557052612305e+00
4.106284141540527344e+00
4.162253618240356445e+00
4.113223314285278320e+00
4.129909276962280273e+00
4.101074457168579102e+00
4.155596017837524414e+00
4.179147481918334961e+00
4.096145391464233398e+00
4.162358522415161133e+00
4.105655193328857422e+00
4.129424571990966797e+00
4.146254301071166992e+00
4.089473009109497070e+00
4.149134874343872070e+00
4.101388931274414062e+00
4.148544311523437500e+00
4.099152565002441406e+00
4.136780500411987305e+00
4.106118917465209961e+00
4.129764080047607422e+00
4.117028713226318359e+00
4.116885662078857422e+00
4.117718219757080078e+00
4.129240512847900391e+00
4.074047565460205078e+00
4.114526748657226562e+00
4.140497684478759766e+00
4.093237638473510742e+00
4.810263395309448242e+00
4.129152536392211914e+00
4.101521730422973633e+00
4.144155025482177734e+00
4.127185821533203125e+00
4.116394758224487305e+00
4.123310089111328125e+00
4.116439342498779297e+00
4.117811679840087891e+00
4.149448156356811523e+00
4.111377716064453125e+00
4.123361349105834961e+00
4.113673448562622070e+00
4.179159879684448242e+00
4.092734336853027344e+00
4.149830579757690430e+00
4.070169687271118164e+00
4.144911289215087891e+00
4.094975948333740234e+00
4.107312440872192383e+00
4.109724998474121094e+00
4.124106407165527344e+00
4.103311777114868164e+00
4.101015329360961914e+00
4.094465732574462891e+00
4.155350685119628906e+00
4.089564561843872070e+00
4.172368764877319336e+00
4.099209070205688477e+00
4.099905490875244141e+00
4.103634834289550781e+00
4.130619287490844727e+00
4.123220682144165039e+00
4.175922870635986328e+00
3.666593313217163086e+00
4.143241882324218750e+00
4.168857574462890625e+00
4.079592466354370117e+00
4.074491977691650391e+00
4.153701543807983398e+00
4.098273754119873047e+00
4.137623071670532227e+00
4.076462984085083008e+00
4.122478961944580078e+00
4.084862709045410156e+00
4.133277416229248047e+00
4.105956554412841797e+00
4.095181703567504883e+00
4.074732065200805664e+00
3.796940422058105469e+01
4.084082126617431641e+00
4.178711652755737305e+00
4.099724769592285156e+00
4.117477416992187500e+00
4.124878406524658203e+00
4.119616985321044922e+00
4.081624031066894531e+00
4.133386373519897461e+00
4.099972009658813477e+00
4.090536355972290039e+00
4.141075134277343750e+00
4.165809631347656250e+00
4.104355335235595703e+00
4.143645524978637695e+00
4.126863002777099609e+00
4.130565643310546875e+00
4.101622819900512695e+00
4.138371229171752930e+00
4.115670680999755859e+00
4.116048574447631836e+00
4.104413747787475586e+00
4.118385076522827148e+00
4.122216701507568359e+00
4.151812791824340820e+00
4.088250875473022461e+00
4.163439989089965820e+00
4.154763936996459961e+00
4.176107645034790039e+00
4.094303369522094727e+00
4.164336442947387695e+00
4.063173294067382812e+00
4.153277873992919922e+00
4.071374177932739258e+00
4.103661775588989258e+00
1.061724758148193359e+01
4.107341766357421875e+00
4.123594045639038086e+00
4.126920700073242188e+00
4.089779138565063477e+00
4.152303695678710938e+00
4.112662553787231445e+00
4.104562997817993164e+00
4.134769201278686523e+00
4.117958068847656250e+00
4.086629390716552734e+00
4.147052526473999023e+00
4.096564769744873047e+00
4.134341716766357422e+00
4.109265565872192383e+00
4.137186765670776367e+00
4.100107431411743164e+00
4.127176523208618164e+00
4.112532138824462891e+00
4.159624576568603516e+00
4.082592487335205078e+00
4.166754484176635742e+00
4.082375049591064453e+00
4.129396438598632812e+00
4.126998424530029297e+00
4.106179714202880859e+00
4.145765066146850586e+00
4.087270498275756836e+00
4.127878665924072266e+00
4.137661695480346680e+00
4.122680902481079102e+00
4.112446546554565430e+00
4.148625612258911133e+00
4.181544780731201172e+00
4.022447347640991211e+00
4.163419485092163086e+00
4.078132390975952148e+00
4.147309303283691406e+00
4.108884811401367188e+00
4.114077091217041016e+00
4.137867212295532227e+00
4.110502719879150391e+00
4.126854896545410156e+00
4.117045402526855469e+00
4.128813028335571289e+00
4.148947477340698242e+00
4.147424221038818359e+00
4.080914735794067383e+00
4.109521389007568359e+00
4.150035858154296875e+00
8.697569370269775391e+00
4.116242408752441406e+00
4.142190456390380859e+00
4.105627298355102539e+00
4.115509271621704102e+00
4.114434719085693359e+00
4.125244855880737305e+00
4.139624357223510742e+00
4.133903503417968750e+00
4.090268135070800781e+00
4.125122785568237305e+00
4.154230117797851562e+00
4.126096963882446289e+00
4.181528806686401367e+00
4.096651792526245117e+00
3.690354585647583008e+01
4.091806411743164062e+00
4.113932132720947266e+00
4.125713825225830078e+00
4.138786077499389648e+00
4.209883689880371094e+00
4.057270050048828125e+00
4.121432542800903320e+00
4.131912469863891602e+00
4.137294054031372070e+00
4.112099885940551758e+00
4.105556249618530273e+00
4.120558738708496094e+00
4.141027688980102539e+00
4.115058422088623047e+00
4.140839576721191406e+00
4.128874540328979492e+00
4.134777069091796875e+00
4.144258975982666016e+00
4.145849227905273438e+00
4.104247331619262695e+00
4.128197669982910156e+00
4.129436969757080078e+00
4.152852058410644531e+00
4.141478538513183594e+00
4.094464778900146484e+00
4.159410476684570312e+00
4.073054075241088867e+00
4.159231424331665039e+00
4.116506576538085938e+00
4.161710977554321289e+00
4.080965280532836914e+00
4.148638010025024414e+00
4.107966184616088867e+00
4.127518892288208008e+00
1.072435855865478516e+01
4.106294393539428711e+00
4.101209402084350586e+00
4.130858421325683594e+00
4.041930198669433594e+00
4.182077646255493164e+00
4.114954948425292969e+00
4.116927623748779297e+00
4.160984754562377930e+00
4.108629941940307617e+00
4.155772924423217773e+00
4.141190528869628906e+00
4.152489662170410156e+00
4.102486610412597656e+00
4.135121345520019531e+00
4.127144098281860352e+00
4.119430303573608398e+00
4.129712104797363281e+00
4.097498416900634766e+00
4.148290634155273438e+00
4.091877222061157227e+00
4.203130483627319336e+00
4.104543209075927734e+00
4.143278598785400391e+00
4.139784097671508789e+00
4.118070602416992188e+00
4.117660045623779297e+00
4.116473436355590820e+00
4.107441663742065430e+00
4.122872352600097656e+00
4.148088932037353516e+00
4.127125263214111328e+00
4.098094940185546875e+00
4.102753877639770508e+00
4.229807376861572266e+00
4.148308753967285156e+00
4.120702028274536133e+00
4.105747222900390625e+00
4.110507011413574219e+00
4.184219837188720703e+00
4.125404596328735352e+00
4.155302524566650391e+00
4.099425077438354492e+00
4.133442401885986328e+00
4.116955995559692383e+00
4.124371051788330078e+00
4.151460170745849609e+00
4.121266603469848633e+00
4.138066768646240234e+00
4.180491447448730469e+00
1.060152149200439453e+01
4.127568960189819336e+00
4.075326681137084961e+00
4.118509769439697266e+00
4.129739999771118164e+00
4.136734485626220703e+00
4.081930875778198242e+00
4.149909734725952148e+00
4.102362394332885742e+00
4.115822315216064453e+00
4.136664152145385742e+00
4.110001325607299805e+00
4.135851383209228516e+00
4.135715961456298828e+00
4.115058898925781250e+00
3.723977208137512207e+01
4.060922145843505859e+00
4.130319833755493164e+00
4.125594377517700195e+00
4.109809160232543945e+00
4.143450498580932617e+00
4.142490386962890625e+00
4.108539104461669922e+00
4.109265565872192383e+00
4.149166107177734375e+00
4.120140075683593750e+00
4.100949048995971680e+00
4.159121274948120117e+00
4.118695259094238281e+00
4.100854873657226562e+00
4.098822116851806641e+00
4.124242782592773438e+00
4.089585304260253906e+00
4.130952596664428711e+00
4.127719640731811523e+00
4.213954210281372070e+00
4.069557666778564453e+00
4.131186008453369141e+00
4.120825290679931641e+00
4.226216077804565430e+00
4.094310760498046875e+00
4.139081478118896484e+00
4.145428180694580078e+00
4.146845340728759766e+00
4.121573448181152344e+00
4.143221616744995117e+00
4.107032775878906250e+00
4.126273155212402344e+00
4.194751262664794922e+00
4.103019237518310547e+00
2.020392346382141113e+01
4.121562719345092773e+00
4.125608682632446289e+00
4.128776311874389648e+00
4.140542745590209961e+00
4.129390954971313477e+00
4.148833274841308594e+00
4.117707252502441406e+00
4.078340053558349609e+00
4.162832021713256836e+00
4.095099687576293945e+00
4.159840106964111328e+00
4.103399276733398438e+00
4.107332229614257812e+00
4.126271486282348633e+00
4.158789157867431641e+00
4.086067199707031250e+00
4.133292436599731445e+00
4.140171051025390625e+00
4.114812135696411133e+00
4.133836746215820312e+00
4.136078357696533203e+00
4.123287916183471680e+00
4.124711036682128906e+00
4.096551418304443359e+00
4.181432247161865234e+00
4.115642547607421875e+00
4.138060808181762695e+00
4.103533267974853516e+00
4.129956483840942383e+00
4.118991136550903320e+00
4.156496047973632812e+00
4.131987094879150391e+00
4.165789604187011719e+00
4.109094858169555664e+00
4.145342826843261719e+00
4.120226621627807617e+00
4.124429941177368164e+00
4.146239757537841797e+00
4.147522449493408203e+00
4.094929456710815430e+00
4.144166707992553711e+00
4.120978355407714844e+00
4.156523466110229492e+00
4.110969066619873047e+00
4.135832786560058594e+00
4.077829360961914062e+00
4.179983139038085938e+00
4.106741189956665039e+00
4.143660783767700195e+00
1.028921580314636230e+01
4.126193284988403320e+00
4.126723766326904297e+00
4.168006420135498047e+00
4.121875047683715820e+00
4.124810695648193359e+00
4.081606864929199219e+00
4.129827976226806641e+00
4.157295942306518555e+00
4.072411298751831055e+00
4.129317283630371094e+00
4.152187347412109375e+00
4.160643100738525391e+00
4.074303627014160156e+00
4.112445116043090820e+00
3.838151597976684570e+01
4.050576448440551758e+00
4.142898082733154297e+00
4.098832607269287109e+00
4.117531061172485352e+00
4.134159803390502930e+00
4.107539892196655273e+00
4.126725196838378906e+00
4.117141008377075195e+00
4.141006231307983398e+00
4.110924482345581055e+00
4.087471246719360352e+00
4.118626594543457031e+00
4.197208166122436523e+00
4.114347219467163086e+00
4.145323038101196289e+00
4.101409196853637695e+00
4.127940177917480469e+00
4.097527503967285156e+00
4.115881681442260742e+00
4.130234718322753906e+00
4.101340532302856445e+00
4.126872301101684570e+00
4.118362665176391602e+00
4.127723455429077148e+00
4.133133172988891602e+00
4.128606796264648438e+00
4.116321802139282227e+00
4.145764589309692383e+00
4.131597757339477539e+00
4.126429080963134766e+00
4.140894889831542969e+00
4.135380744934082031e+00
4.165085554122924805e+00
4.104314327239990234e+00
1.374464154243469238e+01
4.106400966644287109e+00
4.121370792388916016e+00
4.150173664093017578e+00
4.060045480728149414e+00
4.147093057632446289e+00
4.144784450531005859e+00
4.126169443130493164e+00
4.106520652770996094e+00
4.142944335937500000e+00
4.051813364028930664e+00
4.148916482925415039e+00
4.098797798156738281e+00
4.170230150222778320e+00
4.091504096984863281e+00
4.148057222366333008e+00
4.111787319183349609e+00
4.118789196014404297e+00
4.116947889328002930e+00
4.120108604431152344e+00
4.119530439376831055e+00
4.104070663452148438e+00
4.110748529434204102e+00
4.109212398529052734e+00
4.072052717208862305e+00
4.177433967590332031e+00
4.067571640014648438e+00
4.175582170486450195e+00
4.164205074310302734e+00
4.102383613586425781e+00
4.120270967483520508e+00
4.120705127716064453e+00
4.116913318634033203e+00
4.213401556015014648e+00
1.283805513381958008e+01
4.122521877288818359e+00
4.180013895034790039e+00
4.074686288833618164e+00
4.123938560485839844e+00
4.142874479293823242e+00
4.130096673965454102e+00
4.128821372985839844e+00
4.100521564483642578e+00
4.114245176315307617e+00
4.080606937408447266e+00
4.121509313583374023e+00
4.130549669265747070e+00
4.119319677352905273e+00
4.112338304519653320e+00
4.136701107025146484e+00
4.134362697601318359e+00
4.158249139785766602e+00
4.127330541610717773e+00
4.135417461395263672e+00
4.041845083236694336e+00
4.149972438812255859e+00
4.133131265640258789e+00
4.130583047866821289e+00
4.335859298706054688e+00
4.120928525924682617e+00
4.178947687149047852e+00
4.164452075958251953e+00
4.158385038375854492e+00
4.156410932540893555e+00
4.147621154785156250e+00
3.749740600585937500e+01
4.085255622863769531e+00
4.152611494064331055e+00
4.131274461746215820e+00
4.126255989074707031e+00
4.124800920486450195e+00
4.120081901550292969e+00
4.102005720138549805e+00
4.130742311477661133e+00
4.122608423233032227e+00
4.162468910217285156e+00
4.152786970138549805e+00
4.088017463684082031e+00
4.107070207595825195e+00
4.139017343521118164e+00
4.077161073684692383e+00
4.166222572326660156e+00
4.049330711364746094e+00
4.145139932632446289e+00
2.155391049385070801e+01
4.101423263549804688e+00
4.115741014480590820e+00
4.141036748886108398e+00
4.148763895034790039e+00
4.113432884216308594e+00
4.126159906387329102e+00
4.125201463699340820e+00
4.072401285171508789e+00
4.142132759094238281e+00
4.127762317657470703e+00
4.154607295989990234e+00
4.101055860519409180e+00
4.150859355926513672e+00
4.088706254959106445e+00
4.122168779373168945e+00
4.118535041809082031e+00
4.125103712081909180e+00
4.158975362777709961e+00
4.146539688110351562e+00
4.116079092025756836e+00
4.134533643722534180e+00
4.111383199691772461e+00
4.369188785552978516e+00
4.145802736282348633e+00
4.125232934951782227e+00
4.146887540817260742e+00
4.079308509826660156e+00
4.175609350204467773e+00
4.146242380142211914e+00
4.104120969772338867e+00
4.152648210525512695e+00
4.118115186691284180e+00
4.158972501754760742e+00
4.051336288452148438e+00
4.179773330688476562e+00
4.094501018524169922e+00
4.157333135604858398e+00
4.080618143081665039e+00
4.144479036331176758e+00
4.123168468475341797e+00
4.119224548339843750e+00
4.131615638732910156e+00
4.137592077255249023e+00
4.150068998336791992e+00
4.130413293838500977e+00
4.143528223037719727e+00
4.112575531005859375e+00
4.117866516113281250e+00
4.136493444442749023e+00
2.380609393119812012e+01
7.062345981597900391e+00
4.202673435211181641e+00
4.206774473190307617e+00
4.162344932556152344e+00
4.089606761932373047e+00
4.186153650283813477e+00
4.200314521789550781e+00
4.151377916336059570e+00
4.151763439178466797e+00
4.118514776229858398e+00
4.162430763244628906e+00
4.132606267929077148e+00
4.490134954452514648e+00
4.106031894683837891e+00
4.171672821044921875e+00
4.103974103927612305e+00
4.159525156021118164e+00
4.127986669540405273e+00
4.163036346435546875e+00
4.200844526290893555e+00
4.486497163772583008e+00
4.143872022628784180e+00
4.142129421234130859e+00
4.094310522079467773e+00
4.158364295959472656e+00
4.104972362518310547e+00
4.185162067413330078e+00
4.143667697906494141e+00
4.141523361206054688e+00
4.111477851867675781e+00
