7.060806751251220703e+00
7.291671752929687500e+00
7.833067417144775391e+00
7.832490921020507812e+00
7.285229682922363281e+00
6.586509227752685547e+00
8.135890007019042969e+00
7.978924751281738281e+00
7.558589935302734375e+00
7.046458244323730469e+00
7.261436462402343750e+00
7.552095413208007812e+00
7.560853958129882812e+00
8.002774238586425781e+00
7.241947650909423828e+00
7.454060554504394531e+00
7.591400146484375000e+00
7.676186561584472656e+00
7.142753601074218750e+00
6.916089534759521484e+00
7.261080265045166016e+00
7.305265903472900391e+00
7.147271156311035156e+00
7.458843231201171875e+00
7.474941253662109375e+00
7.033395767211914062e+00
7.243280410766601562e+00
7.540419101715087891e+00
7.187952041625976562e+00
7.338794708251953125e+00
7.774146556854248047e+00
7.478086471557617188e+00
6.838647842407226562e+00
7.120508670806884766e+00
7.173108100891113281e+00
6.956371307373046875e+00
7.669674873352050781e+00
6.574129104614257812e+00
6.211122035980224609e+00
6.942356109619140625e+00
7.631372928619384766e+00
7.211203575134277344e+00
7.025556564331054688e+00
6.908672332763671875e+00
6.276263236999511719e+00
6.891995906829833984e+00
6.927080154418945312e+00
6.176966667175292969e+00
6.488626003265380859e+00
7.243886470794677734e+00
8.379555702209472656e+00
7.681334495544433594e+00
7.515109062194824219e+00
7.692113876342773438e+00
8.679617881774902344e+00
8.175077438354492188e+00
8.470549583435058594e+00
7.719269275665283203e+00
7.357777595520019531e+00
7.228881835937500000e+00
8.028484344482421875e+00
7.695529937744140625e+00
7.535404682159423828e+00
7.124980926513671875e+00
8.033443450927734375e+00
6.908394813537597656e+00
7.160002231597900391e+00
7.942969322204589844e+00
7.117671966552734375e+00
8.283177375793457031e+00
7.221535205841064453e+00
7.522922515869140625e+00
7.179296493530273438e+00
7.021128654479980469e+00
7.485799312591552734e+00
7.304255008697509766e+00
7.381670951843261719e+00
7.507399559020996094e+00
6.443616390228271484e+00
7.485960960388183594e+00
6.873823165893554688e+00
7.280739784240722656e+00
6.560356140136718750e+00
7.319934844970703125e+00
7.316262245178222656e+00
7.254146575927734375e+00
6.626832962036132812e+00
7.465896606445312500e+00
7.235164642333984375e+00
6.703234672546386719e+00
7.074969768524169922e+00
6.520894527435302734e+00
6.214726448059082031e+00
7.022618293762207031e+00
7.039809703826904297e+00
7.411253929138183594e+00
7.176217079162597656e+00
6.817672729492187500e+00
6.525858879089355469e+00
6.169355392456054688e+00
6.855695724487304688e+00
6.039217948913574219e+00
7.162677764892578125e+00
6.247560501098632812e+00
6.295428752899169922e+00
6.014646530151367188e+00
5.854089736938476562e+00
6.725329875946044922e+00
6.247879981994628906e+00
7.088776588439941406e+00
6.280425548553466797e+00
7.088512420654296875e+00
6.559124469757080078e+00
6.513099193572998047e+00
5.538506507873535156e+00
6.553739070892333984e+00
6.250317096710205078e+00
6.620372772216796875e+00
7.005727767944335938e+00
6.268777370452880859e+00
5.451980590820312500e+00
5.785436153411865234e+00
6.588006973266601562e+00
6.009831905364990234e+00
5.536399841308593750e+00
5.793883323669433594e+00
6.354361057281494141e+00
6.262241363525390625e+00
4.461569786071777344e+00
5.945590972900390625e+00
7.054686546325683594e+00
6.277669906616210938e+00
5.743888854980468750e+00
6.521963596343994141e+00
5.568348884582519531e+00
6.175491333007812500e+00
5.606335639953613281e+00
5.722690105438232422e+00
5.869905948638916016e+00
6.594686508178710938e+00
6.509368896484375000e+00
6.081816673278808594e+00
6.512217521667480469e+00
6.060416221618652344e+00
6.060872077941894531e+00
6.168904781341552734e+00
5.255301475524902344e+00
6.429791450500488281e+00
6.915772914886474609e+00
6.144401550292968750e+00
8.325315475463867188e+00
7.951523780822753906e+00
8.034610748291015625e+00
8.362175941467285156e+00
7.763497352600097656e+00
8.266588211059570312e+00
7.622235298156738281e+00
7.979506492614746094e+00
7.964379310607910156e+00
7.209263801574707031e+00
6.759034633636474609e+00
7.667346000671386719e+00
7.760461807250976562e+00
7.329760551452636719e+00
7.404704093933105469e+00
7.266710281372070312e+00
7.415325641632080078e+00
7.526209354400634766e+00
7.539279937744140625e+00
7.397384166717529297e+00
6.775750160217285156e+00
6.957182884216308594e+00
7.304347991943359375e+00
7.274820327758789062e+00
7.500691890716552734e+00
6.804741859436035156e+00
6.438094615936279297e+00
7.035530090332031250e+00
7.272756576538085938e+00
6.504287242889404297e+00
6.889834403991699219e+00
6.598553657531738281e+00
7.094573020935058594e+00
7.185514450073242188e+00
6.701335430145263672e+00
7.271181583404541016e+00
7.554146766662597656e+00
7.091162681579589844e+00
6.678664684295654297e+00
6.787907600402832031e+00
6.835122585296630859e+00
7.011013984680175781e+00
7.729004859924316406e+00
6.464334964752197266e+00
7.268725395202636719e+00
7.011370658874511719e+00
6.831215858459472656e+00
6.339388370513916016e+00
6.594655036926269531e+00
7.214521884918212891e+00
8.683908462524414062e+00
9.903417587280273438e+00
7.472636222839355469e+00
7.611426353454589844e+00
7.909156322479248047e+00
7.611076831817626953e+00
8.119793891906738281e+00
7.503901481628417969e+00
8.032805442810058594e+00
7.949932098388671875e+00
7.153596401214599609e+00
7.441633224487304688e+00
7.598160743713378906e+00
7.059821605682373047e+00
7.619726657867431641e+00
7.349373340606689453e+00
6.884774208068847656e+00
7.427196502685546875e+00
7.521746635437011719e+00
7.526811599731445312e+00
7.285663604736328125e+00
7.381327629089355469e+00
7.529950618743896484e+00
7.363957881927490234e+00
7.245564460754394531e+00
7.364449977874755859e+00
7.536753654479980469e+00
7.373763561248779297e+00
6.849433898925781250e+00
5.884627342224121094e+00
6.825600624084472656e+00
6.895847320556640625e+00
7.911813735961914062e+00
7.529151439666748047e+00
6.716177463531494141e+00
7.158076286315917969e+00
7.355671882629394531e+00
6.897685050964355469e+00
9.910002708435058594e+00
6.341030120849609375e+00
9.289408683776855469e+00
6.913644790649414062e+00
6.883113861083984375e+00
7.044148921966552734e+00
6.357933998107910156e+00
7.215165138244628906e+00
7.029441833496093750e+00
6.847379684448242188e+00
7.492684364318847656e+00
7.314489364624023438e+00
8.631862640380859375e+00
8.597677230834960938e+00
8.054935455322265625e+00
8.545646667480468750e+00
8.205365180969238281e+00
7.972612380981445312e+00
8.471352577209472656e+00
7.700180053710937500e+00
8.137629508972167969e+00
7.580076694488525391e+00
7.859348297119140625e+00
7.192300796508789062e+00
6.699131965637207031e+00
7.768911838531494141e+00
7.323020935058593750e+00
7.457239151000976562e+00
7.330660343170166016e+00
7.295854091644287109e+00
7.666420936584472656e+00
7.222664833068847656e+00
7.119738101959228516e+00
7.572310447692871094e+00
7.825741767883300781e+00
7.295184135437011719e+00
7.470044136047363281e+00
7.530735969543457031e+00
7.634839057922363281e+00
7.929003715515136719e+00
7.968790054321289062e+00
7.651942729949951172e+00
7.636576652526855469e+00
7.145745754241943359e+00
8.023115158081054688e+00
7.643119812011718750e+00
7.210058212280273438e+00
7.675650596618652344e+00
7.396661758422851562e+00
6.711886405944824219e+00
7.406646728515625000e+00
7.711729049682617188e+00
6.933670997619628906e+00
7.366400718688964844e+00
6.989853858947753906e+00
6.909931182861328125e+00
6.901441097259521484e+00
7.456536769866943359e+00
7.169075012207031250e+00
7.552618026733398438e+00
6.945921897888183594e+00
6.901333332061767578e+00
8.415838241577148438e+00
9.468263626098632812e+00
8.534069061279296875e+00
8.924537658691406250e+00
9.276147842407226562e+00
8.124989509582519531e+00
8.550148963928222656e+00
7.680914878845214844e+00
8.119348526000976562e+00
7.781158447265625000e+00
8.340571403503417969e+00
8.135520935058593750e+00
7.579382896423339844e+00
7.727076530456542969e+00
7.954492092132568359e+00
7.376896858215332031e+00
7.967818737030029297e+00
7.524490833282470703e+00
7.643683433532714844e+00
7.747189044952392578e+00
8.021396636962890625e+00
7.056529998779296875e+00
8.337374687194824219e+00
7.732638359069824219e+00
7.236322402954101562e+00
7.729042053222656250e+00
7.963084220886230469e+00
7.751127243041992188e+00
7.865499973297119141e+00
7.608644962310791016e+00
7.414478302001953125e+00
7.769927024841308594e+00
7.621627807617187500e+00
7.812657356262207031e+00
8.074434280395507812e+00
8.111030578613281250e+00
7.669328689575195312e+00
8.363308906555175781e+00
7.205677986145019531e+00
8.004394531250000000e+00
7.753305435180664062e+00
8.044231414794921875e+00
7.871326923370361328e+00
7.829817295074462891e+00
7.660186290740966797e+00
7.951799392700195312e+00
7.659159660339355469e+00
8.019157409667968750e+00
7.545614719390869141e+00
7.473164558410644531e+00
8.862702369689941406e+00
8.909621238708496094e+00
8.997650146484375000e+00
8.584971427917480469e+00
8.418891906738281250e+00
8.834619522094726562e+00
8.600824356079101562e+00
8.842050552368164062e+00
8.245668411254882812e+00
7.650730133056640625e+00
7.995311260223388672e+00
8.089231491088867188e+00
8.031796455383300781e+00
7.705355644226074219e+00
8.828965187072753906e+00
8.111954689025878906e+00
8.072919845581054688e+00
7.919454574584960938e+00
7.467680454254150391e+00
7.946809768676757812e+00
7.679960250854492188e+00
7.716001510620117188e+00
7.637508869171142578e+00
8.102589607238769531e+00
7.944980621337890625e+00
8.156631469726562500e+00
7.577889919281005859e+00
7.606172561645507812e+00
8.797503471374511719e+00
8.020265579223632812e+00
7.687108039855957031e+00
8.047473907470703125e+00
7.864676475524902344e+00
8.508201599121093750e+00
8.360490798950195312e+00
8.458347320556640625e+00
9.009864807128906250e+00
8.523095130920410156e+00
8.460664749145507812e+00
7.901345252990722656e+00
8.477012634277343750e+00
7.877248764038085938e+00
8.468725204467773438e+00
8.119527816772460938e+00
8.331829071044921875e+00
8.082460403442382812e+00
8.044524192810058594e+00
1.111206722259521484e+01
8.123586654663085938e+00
8.026041984558105469e+00
7.936877250671386719e+00
7.722588062286376953e+00
7.903141021728515625e+00
7.248396873474121094e+00
7.941156387329101562e+00
7.884923458099365234e+00
7.923558712005615234e+00
7.835185050964355469e+00
7.868187904357910156e+00
7.562715530395507812e+00
7.700130462646484375e+00
7.822977066040039062e+00
8.078169822692871094e+00
7.832586288452148438e+00
7.659392833709716797e+00
7.946548461914062500e+00
7.689461708068847656e+00
7.539078235626220703e+00
8.049745559692382812e+00
7.585524559020996094e+00
7.485709190368652344e+00
7.765368461608886719e+00
7.167122840881347656e+00
7.819482326507568359e+00
7.915838718414306641e+00
7.971920013427734375e+00
7.604804515838623047e+00
7.856201648712158203e+00
7.183104991912841797e+00
7.928872108459472656e+00
7.523175239562988281e+00
7.520313262939453125e+00
7.681962013244628906e+00
8.101791381835937500e+00
8.821201324462890625e+00
8.706956863403320312e+00
8.548610687255859375e+00
8.207933425903320312e+00
8.567077636718750000e+00
8.385761260986328125e+00
7.841001510620117188e+00
8.296435356140136719e+00
8.063344955444335938e+00
7.536546707153320312e+00
8.042463302612304688e+00
7.514724731445312500e+00
7.792053222656250000e+00
7.742108345031738281e+00
8.104483604431152344e+00
7.543015480041503906e+00
7.258937835693359375e+00
7.890252590179443359e+00
7.537113189697265625e+00
8.003292083740234375e+00
7.502394199371337891e+00
8.110178947448730469e+00
7.650763511657714844e+00
7.403111457824707031e+00
7.174982547760009766e+00
7.187625408172607422e+00
7.460118293762207031e+00
7.414343833923339844e+00
7.276042938232421875e+00
8.157354354858398438e+00
7.405039787292480469e+00
7.547578811645507812e+00
7.394970417022705078e+00
7.623415470123291016e+00
7.680871963500976562e+00
7.379553794860839844e+00
7.300311565399169922e+00
7.652206420898437500e+00
7.259882926940917969e+00
7.328079700469970703e+00
7.483758926391601562e+00
6.958299636840820312e+00
7.334133625030517578e+00
7.626681327819824219e+00
7.320327758789062500e+00
7.655668258666992188e+00
7.560832023620605469e+00
7.297309875488281250e+00
7.466035842895507812e+00
7.136094570159912109e+00
8.746777534484863281e+00
8.312800407409667969e+00
8.622847557067871094e+00
8.201547622680664062e+00
8.399068832397460938e+00
8.468071937561035156e+00
7.570702075958251953e+00
7.789301872253417969e+00
7.691917896270751953e+00
7.901751518249511719e+00
7.764679431915283203e+00
8.533231735229492188e+00
8.175405502319335938e+00
7.465990066528320312e+00
8.194374084472656250e+00
7.808204650878906250e+00
7.978338718414306641e+00
8.140490531921386719e+00
7.971752643585205078e+00
7.516211032867431641e+00
7.467050552368164062e+00
7.839735984802246094e+00
7.833069801330566406e+00
7.534007072448730469e+00
8.141678810119628906e+00
7.349392890930175781e+00
7.415458679199218750e+00
7.526855468750000000e+00
7.418849945068359375e+00
7.924804687500000000e+00
7.667436599731445312e+00
7.503577709197998047e+00
7.579777240753173828e+00
7.356489181518554688e+00
7.894292831420898438e+00
7.294222831726074219e+00
7.628689289093017578e+00
7.894375324249267578e+00
7.617208480834960938e+00
7.304918289184570312e+00
7.488172054290771484e+00
7.443999767303466797e+00
7.437664508819580078e+00
7.544975280761718750e+00
7.822096824645996094e+00
7.918396949768066406e+00
7.339040756225585938e+00
7.243888854980468750e+00
7.609814167022705078e+00
7.365529537200927734e+00
8.255546569824218750e+00
8.258709907531738281e+00
8.280916213989257812e+00
8.624045372009277344e+00
8.180920600891113281e+00
8.172001838684082031e+00
7.794502735137939453e+00
8.203590393066406250e+00
8.071010589599609375e+00
7.654154777526855469e+00
7.264493942260742188e+00
7.548358917236328125e+00
7.294227123260498047e+00
7.357589721679687500e+00
7.394918441772460938e+00
7.364332199096679688e+00
7.507752418518066406e+00
7.638775348663330078e+00
8.027057647705078125e+00
7.449011802673339844e+00
7.644401073455810547e+00
7.429951190948486328e+00
7.636797904968261719e+00
7.699564933776855469e+00
7.396845817565917969e+00
7.422853469848632812e+00
7.339864730834960938e+00
7.275365829467773438e+00
7.634536743164062500e+00
7.111258029937744141e+00
7.582686424255371094e+00
7.644244670867919922e+00
7.859598159790039062e+00
7.706454277038574219e+00
6.969812870025634766e+00
8.007448196411132812e+00
7.490446567535400391e+00
7.526082038879394531e+00
7.429178237915039062e+00
7.451088905334472656e+00
7.533664703369140625e+00
7.265777587890625000e+00
7.632921218872070312e+00
7.311212539672851562e+00
7.700420379638671875e+00
7.437574386596679688e+00
7.374265670776367188e+00
7.363130092620849609e+00
7.235972404479980469e+00
7.329534530639648438e+00
8.486879348754882812e+00
8.044736862182617188e+00
8.007320404052734375e+00
8.281328201293945312e+00
7.997844696044921875e+00
7.780773162841796875e+00
7.760333061218261719e+00
7.820773124694824219e+00
7.771196365356445312e+00
8.226192474365234375e+00
7.621753692626953125e+00
7.744336605072021484e+00
7.306098937988281250e+00
7.174530029296875000e+00
7.342892646789550781e+00
7.629677772521972656e+00
7.362245559692382812e+00
7.222860336303710938e+00
7.566189765930175781e+00
7.899689197540283203e+00
7.957877159118652344e+00
7.430390357971191406e+00
7.439862251281738281e+00
7.490950584411621094e+00
7.575177192687988281e+00
7.360060691833496094e+00
7.572994709014892578e+00
7.547348499298095703e+00
7.765791893005371094e+00
7.064834117889404297e+00
7.346889495849609375e+00
7.709239006042480469e+00
7.551137447357177734e+00
6.880662918090820312e+00
7.674136161804199219e+00
7.591071128845214844e+00
7.373576164245605469e+00
7.307495594024658203e+00
7.506714820861816406e+00
7.368369102478027344e+00
7.094967842102050781e+00
7.634188652038574219e+00
7.339235305786132812e+00
7.366229057312011719e+00
7.065412521362304688e+00
7.236868858337402344e+00
7.609528541564941406e+00
7.424982070922851562e+00
7.415761947631835938e+00
7.312071800231933594e+00
7.726895332336425781e+00
7.995967864990234375e+00
7.516481399536132812e+00
7.769988536834716797e+00
7.358231067657470703e+00
7.914890289306640625e+00
7.304689884185791016e+00
6.628059387207031250e+00
7.187708854675292969e+00
7.060446262359619141e+00
7.165336608886718750e+00
6.734367370605468750e+00
6.552571296691894531e+00
6.876661777496337891e+00
7.113901138305664062e+00
7.048874378204345703e+00
6.939217567443847656e+00
6.813547134399414062e+00
7.153081893920898438e+00
6.734158992767333984e+00
7.039544105529785156e+00
7.034372329711914062e+00
6.932988166809082031e+00
7.025041580200195312e+00
6.458038806915283203e+00
7.274290084838867188e+00
6.409468173980712891e+00
7.448926448822021484e+00
6.932631969451904297e+00
6.749533653259277344e+00
6.994526863098144531e+00
7.051110267639160156e+00
7.799824237823486328e+00
7.232939720153808594e+00
6.674431800842285156e+00
6.781004905700683594e+00
7.034188747406005859e+00
7.206516265869140625e+00
6.986033916473388672e+00
6.768829822540283203e+00
6.834010124206542969e+00
6.474967479705810547e+00
6.645850658416748047e+00
6.452116012573242188e+00
6.999925613403320312e+00
7.013484477996826172e+00
7.090601921081542969e+00
6.362571716308593750e+00
6.671095371246337891e+00
6.830085754394531250e+00
7.810209274291992188e+00
1.054660034179687500e+01
8.076864242553710938e+00
8.555211067199707031e+00
8.558671951293945312e+00
7.719153404235839844e+00
8.105045318603515625e+00
7.582340240478515625e+00
8.105293273925781250e+00
7.292126655578613281e+00
8.033294677734375000e+00
7.394250869750976562e+00
7.471660614013671875e+00
7.837531089782714844e+00
7.494697570800781250e+00
7.247544288635253906e+00
7.277280330657958984e+00
7.717093467712402344e+00
7.535674095153808594e+00
7.269577503204345703e+00
7.590867042541503906e+00
7.819931030273437500e+00
7.543398380279541016e+00
7.601507186889648438e+00
7.222923278808593750e+00
7.482246398925781250e+00
8.022164344787597656e+00
7.449279308319091797e+00
7.430133819580078125e+00
7.144330024719238281e+00
7.566976547241210938e+00
7.883125782012939453e+00
7.633552551269531250e+00
7.652670860290527344e+00
7.558790206909179688e+00
7.498787879943847656e+00
7.627803802490234375e+00
7.664665699005126953e+00
7.298656463623046875e+00
7.909207344055175781e+00
7.307944297790527344e+00
7.419604301452636719e+00
7.396484851837158203e+00
7.562565326690673828e+00
7.638495445251464844e+00
7.298721313476562500e+00
7.546986579895019531e+00
7.169452667236328125e+00
7.491418361663818359e+00
7.741120815277099609e+00
8.563893318176269531e+00
7.147809982299804688e+00
7.594006538391113281e+00
7.003827095031738281e+00
6.500115394592285156e+00
6.909090995788574219e+00
6.344428062438964844e+00
6.676446437835693359e+00
7.454614639282226562e+00
6.592247486114501953e+00
6.778874397277832031e+00
6.658415794372558594e+00
6.810936927795410156e+00
6.993473052978515625e+00
8.344253540039062500e+00
6.417820930480957031e+00
6.423484802246093750e+00
6.487382888793945312e+00
6.336760520935058594e+00
6.783418655395507812e+00
6.658766269683837891e+00
6.303944587707519531e+00
6.161397457122802734e+00
6.396497249603271484e+00
6.625165939331054688e+00
6.138386726379394531e+00
6.688544273376464844e+00
6.657589912414550781e+00
7.236097335815429688e+00
6.555466651916503906e+00
6.355903148651123047e+00
6.745693206787109375e+00
6.784589767456054688e+00
6.898857593536376953e+00
8.067512512207031250e+00
7.981999397277832031e+00
8.172542572021484375e+00
7.900275230407714844e+00
7.941969394683837891e+00
7.838633537292480469e+00
7.936966419219970703e+00
7.677392005920410156e+00
7.877039432525634766e+00
7.593309402465820312e+00
7.869069099426269531e+00
7.638023376464843750e+00
7.855975627899169922e+00
1.083538246154785156e+01
8.000690460205078125e+00
7.509408950805664062e+00
7.517637252807617188e+00
7.681863784790039062e+00
7.416577816009521484e+00
7.409517288208007812e+00
8.466810226440429688e+00
7.399309635162353516e+00
7.358069419860839844e+00
7.298103332519531250e+00
7.835311889648437500e+00
7.271984100341796875e+00
7.579829692840576172e+00
7.435507297515869141e+00
7.641012191772460938e+00
7.364003658294677734e+00
7.228908538818359375e+00
7.655461788177490234e+00
7.621422767639160156e+00
7.445282936096191406e+00
7.518372535705566406e+00
7.269166946411132812e+00
7.315111160278320312e+00
7.384924888610839844e+00
7.003377914428710938e+00
7.288199424743652344e+00
7.370098114013671875e+00
7.335632324218750000e+00
7.309455871582031250e+00
7.550382614135742188e+00
7.415828227996826172e+00
7.628039360046386719e+00
7.567516803741455078e+00
7.247172355651855469e+00
7.526615142822265625e+00
7.637310981750488281e+00
7.837369918823242188e+00
7.853616714477539062e+00
7.548841476440429688e+00
7.229607582092285156e+00
7.710292339324951172e+00
7.694990158081054688e+00
7.201327800750732422e+00
7.462006568908691406e+00
7.765344142913818359e+00
7.436294078826904297e+00
7.375525474548339844e+00
7.477433204650878906e+00
7.044159889221191406e+00
7.155249595642089844e+00
7.599112987518310547e+00
7.022580146789550781e+00
6.615454673767089844e+00
7.477447509765625000e+00
7.049933433532714844e+00
7.775408744812011719e+00
7.335951805114746094e+00
7.534461975097656250e+00
7.183571815490722656e+00
7.200706481933593750e+00
7.183658599853515625e+00
7.317608356475830078e+00
6.787585258483886719e+00
7.092972755432128906e+00
6.658087253570556641e+00
7.564742565155029297e+00
6.627490043640136719e+00
7.067388534545898438e+00
6.810276985168457031e+00
7.383203506469726562e+00
7.206820487976074219e+00
6.990353584289550781e+00
7.342521667480468750e+00
7.134599685668945312e+00
6.938660621643066406e+00
7.251883983612060547e+00
7.095312118530273438e+00
7.158487319946289062e+00
7.132561206817626953e+00
7.413969039916992188e+00
7.139975547790527344e+00
7.445125579833984375e+00
7.379500389099121094e+00
7.281591892242431641e+00
7.210069656372070312e+00
7.129279136657714844e+00
7.752355575561523438e+00
7.272156715393066406e+00
7.568118572235107422e+00
7.088301658630371094e+00
7.197311878204345703e+00
7.224500179290771484e+00
6.831827163696289062e+00
6.322705268859863281e+00
6.577402114868164062e+00
6.702395439147949219e+00
6.643463611602783203e+00
8.885196685791015625e+00
7.072270870208740234e+00
6.264389991760253906e+00
6.877237319946289062e+00
6.544918060302734375e+00
6.847444534301757812e+00
6.486598968505859375e+00
6.363103389739990234e+00
6.580876827239990234e+00
6.178711414337158203e+00
6.334824562072753906e+00
6.751770973205566406e+00
6.539621353149414062e+00
6.689350128173828125e+00
6.560086727142333984e+00
6.269174575805664062e+00
6.518127918243408203e+00
6.507589340209960938e+00
6.685334205627441406e+00
6.670387268066406250e+00
