6.325089843750000000e+04
5.748691406250000000e+04
6.626132812500000000e+04
5.328274218750000000e+04
5.428252343750000000e+04
4.332660937500000000e+04
4.950244531250000000e+04
3.663324218750000000e+04
3.497871093750000000e+04
3.437064843750000000e+04
2.224507031250000000e+04
2.227655468750000000e+04
1.586485156250000000e+04
1.470485937500000000e+04
2.451538281250000000e+04
9.001492187500000000e+03
8.767796875000000000e+03
7.569515625000000000e+03
7.881484375000000000e+03
5.338304687500000000e+03
5.484812500000000000e+03
5.587984375000000000e+03
4.110695312500000000e+03
2.653273437500000000e+03
1.882406250000000000e+03
1.092179687500000000e+03
3.202945312500000000e+03
1.979937500000000000e+03
1.057914062500000000e+03
1.921351562500000000e+03
1.478851562500000000e+03
2.150398437500000000e+03
8.521640625000000000e+02
2.173781250000000000e+03
1.900398437500000000e+03
1.769898437500000000e+03
5.965312500000000000e+02
1.354812500000000000e+03
8.609375000000000000e+02
8.190156250000000000e+02
7.999531250000000000e+02
1.114867187500000000e+03
9.751640625000000000e+02
9.642265625000000000e+02
9.802656250000000000e+02
6.386171875000000000e+02
1.085929687500000000e+03
6.181718750000000000e+02
7.756171875000000000e+02
1.116359375000000000e+03
1.250031250000000000e+03
7.039609375000000000e+02
9.645937500000000000e+02
7.792500000000000000e+02
6.562578125000000000e+02
9.666640625000000000e+02
8.664375000000000000e+02
6.323125000000000000e+02
9.861953125000000000e+02
8.650625000000000000e+02
7.103359375000000000e+02
7.274687500000000000e+02
6.582578125000000000e+02
6.997968750000000000e+02
6.424453125000000000e+02
1.028789062500000000e+03
8.787343750000000000e+02
8.090546875000000000e+02
6.269921875000000000e+02
6.050468750000000000e+02
6.232031250000000000e+02
6.618984375000000000e+02
6.900625000000000000e+02
4.952578125000000000e+02
7.853203125000000000e+02
1.152898437500000000e+03
5.355156250000000000e+02
6.316328125000000000e+02
7.149140625000000000e+02
1.322507812500000000e+03
6.230234375000000000e+02
7.364921875000000000e+02
1.109625000000000000e+03
5.500781250000000000e+02
8.728671875000000000e+02
7.116953125000000000e+02
6.879140625000000000e+02
7.012031250000000000e+02
8.296953125000000000e+02
6.596640625000000000e+02
5.389687500000000000e+02
5.616796875000000000e+02
9.441562500000000000e+02
8.993515625000000000e+02
1.124273437500000000e+03
6.830937500000000000e+02
7.489296875000000000e+02
5.462421875000000000e+02
6.465546875000000000e+02
8.450859375000000000e+02
6.111562500000000000e+02
6.543046875000000000e+02
7.851953125000000000e+02
5.726562500000000000e+02
5.977890625000000000e+02
5.497343750000000000e+02
7.419453125000000000e+02
5.666562500000000000e+02
6.883984375000000000e+02
6.526093750000000000e+02
8.806015625000000000e+02
6.835859375000000000e+02
6.927500000000000000e+02
9.807890625000000000e+02
8.149062500000000000e+02
5.465703125000000000e+02
1.066468750000000000e+03
8.386875000000000000e+02
6.347187500000000000e+02
5.963359375000000000e+02
6.001562500000000000e+02
1.075375000000000000e+03
7.280390625000000000e+02
6.228281250000000000e+02
5.426093750000000000e+02
1.205335937500000000e+03
9.058125000000000000e+02
9.187265625000000000e+02
7.300546875000000000e+02
6.424687500000000000e+02
8.177500000000000000e+02
8.077265625000000000e+02
8.974062500000000000e+02
5.646406250000000000e+02
1.117890625000000000e+03
5.982890625000000000e+02
6.126718750000000000e+02
7.238750000000000000e+02
6.676015625000000000e+02
7.163437500000000000e+02
5.646406250000000000e+02
7.209140625000000000e+02
6.560000000000000000e+02
7.680937500000000000e+02
7.306328125000000000e+02
7.370546875000000000e+02
7.736250000000000000e+02
6.051640625000000000e+02
1.050765625000000000e+03
6.404609375000000000e+02
9.095703125000000000e+02
8.054453125000000000e+02
7.524140625000000000e+02
6.182421875000000000e+02
6.742968750000000000e+02
7.653750000000000000e+02
5.628828125000000000e+02
8.638046875000000000e+02
5.753125000000000000e+02
5.719296875000000000e+02
7.544453125000000000e+02
8.496562500000000000e+02
1.053968750000000000e+03
5.814531250000000000e+02
6.060000000000000000e+02
6.423046875000000000e+02
6.137500000000000000e+02
6.974062500000000000e+02
7.188828125000000000e+02
6.560703125000000000e+02
6.517421875000000000e+02
5.768906250000000000e+02
6.406093750000000000e+02
5.851953125000000000e+02
5.950625000000000000e+02
6.672578125000000000e+02
5.871953125000000000e+02
5.900000000000000000e+02
9.280859375000000000e+02
5.849921875000000000e+02
6.532421875000000000e+02
5.463359375000000000e+02
7.888203125000000000e+02
6.120703125000000000e+02
6.715312500000000000e+02
1.095523437500000000e+03
5.575546875000000000e+02
5.418281250000000000e+02
6.288281250000000000e+02
7.028828125000000000e+02
7.713515625000000000e+02
6.138359375000000000e+02
6.852812500000000000e+02
6.243281250000000000e+02
5.873906250000000000e+02
6.221484375000000000e+02
6.617109375000000000e+02
7.702890625000000000e+02
6.455312500000000000e+02
6.655390625000000000e+02
6.024453125000000000e+02
5.542578125000000000e+02
5.448984375000000000e+02
5.875859375000000000e+02
5.746171875000000000e+02
5.512421875000000000e+02
8.303593750000000000e+02
7.015937500000000000e+02
5.816406250000000000e+02
5.826953125000000000e+02
6.701796875000000000e+02
5.247734375000000000e+02
5.493515625000000000e+02
6.498828125000000000e+02
5.412500000000000000e+02
6.552812500000000000e+02
7.163906250000000000e+02
5.872890625000000000e+02
5.572500000000000000e+02
5.081015625000000000e+02
5.919375000000000000e+02
1.807531250000000000e+03
5.863515625000000000e+02
5.764843750000000000e+02
5.353125000000000000e+02
9.022265625000000000e+02
5.125937500000000000e+02
5.679218750000000000e+02
4.955859375000000000e+02
5.489453125000000000e+02
5.482968750000000000e+02
6.517031250000000000e+02
8.119296875000000000e+02
6.348515625000000000e+02
9.567500000000000000e+02
5.871484375000000000e+02
5.813515625000000000e+02
5.233984375000000000e+02
8.861406250000000000e+02
6.283828125000000000e+02
5.376718750000000000e+02
5.192031250000000000e+02
5.141953125000000000e+02
5.642109375000000000e+02
5.841093750000000000e+02
6.164375000000000000e+02
6.442734375000000000e+02
7.503515625000000000e+02
5.202968750000000000e+02
5.053203125000000000e+02
9.575625000000000000e+02
5.546250000000000000e+02
5.393984375000000000e+02
5.396640625000000000e+02
5.485156250000000000e+02
6.109609375000000000e+02
5.313828125000000000e+02
5.024687500000000000e+02
5.251328125000000000e+02
5.514375000000000000e+02
6.512968750000000000e+02
6.242578125000000000e+02
6.815156250000000000e+02
5.215468750000000000e+02
1.206062500000000000e+03
6.141562500000000000e+02
5.251953125000000000e+02
5.600468750000000000e+02
6.431796875000000000e+02
5.005312500000000000e+02
5.599843750000000000e+02
5.832578125000000000e+02
4.904062500000000000e+02
5.136796875000000000e+02
5.353593750000000000e+02
5.180156250000000000e+02
1.538367187500000000e+03
5.541250000000000000e+02
5.549609375000000000e+02
5.096093750000000000e+02
5.288593750000000000e+02
4.858593750000000000e+02
5.267812500000000000e+02
5.146953125000000000e+02
6.309765625000000000e+02
6.782734375000000000e+02
5.491328125000000000e+02
5.360000000000000000e+02
5.709375000000000000e+02
4.958281250000000000e+02
5.226484375000000000e+02
5.143125000000000000e+02
4.664453125000000000e+02
5.211015625000000000e+02
4.695625000000000000e+02
5.957578125000000000e+02
5.037031250000000000e+02
4.935156250000000000e+02
4.977421875000000000e+02
8.876562500000000000e+02
5.457968750000000000e+02
5.423984375000000000e+02
7.562187500000000000e+02
5.177187500000000000e+02
5.103515625000000000e+02
5.566093750000000000e+02
4.832656250000000000e+02
5.174375000000000000e+02
4.875078125000000000e+02
5.695781250000000000e+02
4.992031250000000000e+02
1.071382812500000000e+03
5.144843750000000000e+02
4.871015625000000000e+02
1.146335937500000000e+03
5.027109375000000000e+02
5.900546875000000000e+02
5.061953125000000000e+02
5.118359375000000000e+02
7.468593750000000000e+02
4.891875000000000000e+02
4.695859375000000000e+02
4.900703125000000000e+02
5.505000000000000000e+02
4.980859375000000000e+02
9.031562500000000000e+02
4.961093750000000000e+02
6.259375000000000000e+02
5.541562500000000000e+02
6.514609375000000000e+02
5.118906250000000000e+02
4.758125000000000000e+02
4.620468750000000000e+02
5.617343750000000000e+02
5.355937500000000000e+02
4.596562500000000000e+02
4.630703125000000000e+02
5.541640625000000000e+02
4.836718750000000000e+02
4.961796875000000000e+02
4.731015625000000000e+02
4.688125000000000000e+02
4.530937500000000000e+02
4.728906250000000000e+02
4.402578125000000000e+02
4.786796875000000000e+02
4.986718750000000000e+02
4.799843750000000000e+02
5.304375000000000000e+02
4.905468750000000000e+02
4.461484375000000000e+02
5.761796875000000000e+02
4.568359375000000000e+02
1.036570312500000000e+03
4.998671875000000000e+02
4.989609375000000000e+02
4.460781250000000000e+02
5.727421875000000000e+02
4.679843750000000000e+02
4.926640625000000000e+02
5.333281250000000000e+02
4.847890625000000000e+02
4.937656250000000000e+02
6.134921875000000000e+02
5.666328125000000000e+02
6.348750000000000000e+02
4.801796875000000000e+02
4.679296875000000000e+02
4.893515625000000000e+02
4.689140625000000000e+02
4.260859375000000000e+02
4.241953125000000000e+02
7.770703125000000000e+02
4.447578125000000000e+02
4.731093750000000000e+02
4.661093750000000000e+02
4.584296875000000000e+02
4.491562500000000000e+02
4.618906250000000000e+02
7.176562500000000000e+02
4.787265625000000000e+02
5.603593750000000000e+02
4.704765625000000000e+02
4.358281250000000000e+02
5.930703125000000000e+02
4.541328125000000000e+02
4.217031250000000000e+02
4.783281250000000000e+02
4.922500000000000000e+02
4.201015625000000000e+02
4.414609375000000000e+02
4.526250000000000000e+02
7.101640625000000000e+02
6.072031250000000000e+02
4.362968750000000000e+02
4.440000000000000000e+02
4.878281250000000000e+02
4.520859375000000000e+02
4.602968750000000000e+02
5.014375000000000000e+02
4.937812500000000000e+02
5.374843750000000000e+02
4.305156250000000000e+02
4.468046875000000000e+02
4.572500000000000000e+02
4.607265625000000000e+02
4.388359375000000000e+02
4.243593750000000000e+02
4.412812500000000000e+02
5.121718750000000000e+02
4.069062500000000000e+02
4.420859375000000000e+02
3.971953125000000000e+02
3.992812500000000000e+02
4.570468750000000000e+02
4.859609375000000000e+02
4.285546875000000000e+02
5.978906250000000000e+02
5.363984375000000000e+02
7.419531250000000000e+02
4.097734375000000000e+02
4.773593750000000000e+02
7.356953125000000000e+02
4.283671875000000000e+02
4.271562500000000000e+02
4.425859375000000000e+02
5.711953125000000000e+02
4.105859375000000000e+02
4.587109375000000000e+02
4.410546875000000000e+02
6.404296875000000000e+02
4.313906250000000000e+02
4.433359375000000000e+02
4.346171875000000000e+02
4.308281250000000000e+02
4.326328125000000000e+02
3.999843750000000000e+02
4.680078125000000000e+02
3.875312500000000000e+02
4.934765625000000000e+02
4.240312500000000000e+02
6.487187500000000000e+02
4.239375000000000000e+02
4.431953125000000000e+02
4.609375000000000000e+02
3.931328125000000000e+02
4.359531250000000000e+02
4.936796875000000000e+02
3.971406250000000000e+02
4.711640625000000000e+02
5.185156250000000000e+02
4.811796875000000000e+02
4.145468750000000000e+02
4.405546875000000000e+02
4.247890625000000000e+02
5.464140625000000000e+02
4.235703125000000000e+02
4.263359375000000000e+02
4.176562500000000000e+02
4.659140625000000000e+02
5.602968750000000000e+02
4.489843750000000000e+02
4.875625000000000000e+02
3.901796875000000000e+02
4.393671875000000000e+02
4.747500000000000000e+02
3.687500000000000000e+02
4.317968750000000000e+02
4.196640625000000000e+02
5.008906250000000000e+02
4.432578125000000000e+02
4.069062500000000000e+02
4.614843750000000000e+02
3.972343750000000000e+02
3.695546875000000000e+02
4.832812500000000000e+02
3.999843750000000000e+02
3.861250000000000000e+02
3.926328125000000000e+02
4.026406250000000000e+02
3.649218750000000000e+02
3.927343750000000000e+02
3.797734375000000000e+02
3.929687500000000000e+02
5.183437500000000000e+02
3.778437500000000000e+02
4.400859375000000000e+02
4.058046875000000000e+02
4.188593750000000000e+02
4.269687500000000000e+02
4.071562500000000000e+02
3.893593750000000000e+02
6.381171875000000000e+02
3.840000000000000000e+02
4.001171875000000000e+02
3.675937500000000000e+02
4.775937500000000000e+02
4.046250000000000000e+02
3.739609375000000000e+02
4.376875000000000000e+02
4.643750000000000000e+02
3.617031250000000000e+02
4.016328125000000000e+02
3.925781250000000000e+02
4.172890625000000000e+02
4.116484375000000000e+02
4.033906250000000000e+02
3.740625000000000000e+02
5.336093750000000000e+02
3.752656250000000000e+02
4.638437500000000000e+02
6.664765625000000000e+02
4.790625000000000000e+02
4.304609375000000000e+02
4.603671875000000000e+02
3.834765625000000000e+02
5.121796875000000000e+02
3.887890625000000000e+02
3.723046875000000000e+02
3.868671875000000000e+02
4.195390625000000000e+02
6.002343750000000000e+02
3.713984375000000000e+02
3.738046875000000000e+02
3.726250000000000000e+02
4.157578125000000000e+02
3.577500000000000000e+02
4.043906250000000000e+02
3.893671875000000000e+02
4.046484375000000000e+02
4.664375000000000000e+02
8.403281250000000000e+02
3.708671875000000000e+02
4.205937500000000000e+02
4.050703125000000000e+02
4.116015625000000000e+02
4.009062500000000000e+02
3.472500000000000000e+02
3.737578125000000000e+02
3.917343750000000000e+02
3.969765625000000000e+02
3.421953125000000000e+02
3.590859375000000000e+02
3.666875000000000000e+02
4.815859375000000000e+02
3.871484375000000000e+02
4.139765625000000000e+02
5.104765625000000000e+02
4.154218750000000000e+02
3.506015625000000000e+02
4.073281250000000000e+02
4.465078125000000000e+02
3.724453125000000000e+02
3.437890625000000000e+02
3.341796875000000000e+02
3.716796875000000000e+02
3.673281250000000000e+02
4.915625000000000000e+02
4.376875000000000000e+02
3.520781250000000000e+02
3.920078125000000000e+02
4.015312500000000000e+02
3.829921875000000000e+02
3.761406250000000000e+02
4.636640625000000000e+02
4.904453125000000000e+02
4.391250000000000000e+02
5.135156250000000000e+02
3.555390625000000000e+02
3.735078125000000000e+02
3.349375000000000000e+02
3.725468750000000000e+02
3.683125000000000000e+02
3.978515625000000000e+02
3.800781250000000000e+02
4.916328125000000000e+02
4.199609375000000000e+02
3.864453125000000000e+02
4.803984375000000000e+02
3.425468750000000000e+02
3.687343750000000000e+02
4.422187500000000000e+02
5.528750000000000000e+02
3.664921875000000000e+02
4.033671875000000000e+02
3.345312500000000000e+02
3.650703125000000000e+02
3.464531250000000000e+02
5.970859375000000000e+02
3.575156250000000000e+02
4.016328125000000000e+02
3.041406250000000000e+02
3.443984375000000000e+02
4.775937500000000000e+02
3.388671875000000000e+02
3.771484375000000000e+02
3.758359375000000000e+02
3.163671875000000000e+02
3.395625000000000000e+02
3.572343750000000000e+02
3.624296875000000000e+02
3.271250000000000000e+02
3.546718750000000000e+02
3.109375000000000000e+02
3.242500000000000000e+02
3.465468750000000000e+02
3.334218750000000000e+02
3.594843750000000000e+02
3.378750000000000000e+02
8.267265625000000000e+02
3.430625000000000000e+02
3.190468750000000000e+02
3.569687500000000000e+02
4.001640625000000000e+02
3.196562500000000000e+02
3.370781250000000000e+02
3.917187500000000000e+02
3.266484375000000000e+02
3.225937500000000000e+02
3.813359375000000000e+02
3.495625000000000000e+02
3.282187500000000000e+02
3.529375000000000000e+02
3.277890625000000000e+02
3.218359375000000000e+02
3.328281250000000000e+02
3.464453125000000000e+02
4.601171875000000000e+02
2.947968750000000000e+02
3.441250000000000000e+02
3.670156250000000000e+02
3.226250000000000000e+02
3.205234375000000000e+02
3.201171875000000000e+02
3.338515625000000000e+02
3.173515625000000000e+02
4.418593750000000000e+02
3.000546875000000000e+02
3.229296875000000000e+02
3.857812500000000000e+02
3.115390625000000000e+02
3.068281250000000000e+02
3.538828125000000000e+02
3.216093750000000000e+02
4.081328125000000000e+02
3.635703125000000000e+02
4.689218750000000000e+02
3.399609375000000000e+02
3.373671875000000000e+02
3.235781250000000000e+02
3.284531250000000000e+02
3.264609375000000000e+02
4.195937500000000000e+02
3.678359375000000000e+02
3.598046875000000000e+02
3.751250000000000000e+02
3.634843750000000000e+02
3.212031250000000000e+02
5.203125000000000000e+02
6.645625000000000000e+02
3.269062500000000000e+02
4.362500000000000000e+02
3.262187500000000000e+02
3.121875000000000000e+02
3.434453125000000000e+02
3.451250000000000000e+02
3.083046875000000000e+02
3.333515625000000000e+02
2.985234375000000000e+02
3.671015625000000000e+02
3.213515625000000000e+02
3.296171875000000000e+02
3.507265625000000000e+02
3.629609375000000000e+02
2.972812500000000000e+02
3.383750000000000000e+02
3.200468750000000000e+02
3.408671875000000000e+02
3.452421875000000000e+02
3.866015625000000000e+02
3.653671875000000000e+02
3.193671875000000000e+02
3.148671875000000000e+02
3.272734375000000000e+02
3.142187500000000000e+02
4.760390625000000000e+02
2.996015625000000000e+02
3.498515625000000000e+02
3.110625000000000000e+02
3.137890625000000000e+02
3.172421875000000000e+02
3.057656250000000000e+02
3.254843750000000000e+02
3.239609375000000000e+02
3.074609375000000000e+02
3.742187500000000000e+02
3.579375000000000000e+02
3.063359375000000000e+02
2.848828125000000000e+02
5.581171875000000000e+02
2.997656250000000000e+02
4.280546875000000000e+02
2.826718750000000000e+02
2.857265625000000000e+02
3.792812500000000000e+02
3.814687500000000000e+02
2.901171875000000000e+02
3.079531250000000000e+02
2.997890625000000000e+02
3.304687500000000000e+02
2.925000000000000000e+02
3.261250000000000000e+02
3.017968750000000000e+02
3.293671875000000000e+02
3.082968750000000000e+02
3.162890625000000000e+02
3.016328125000000000e+02
3.787890625000000000e+02
3.329687500000000000e+02
3.228750000000000000e+02
3.157343750000000000e+02
3.545781250000000000e+02
3.194765625000000000e+02
3.276015625000000000e+02
3.351484375000000000e+02
3.691953125000000000e+02
2.998437500000000000e+02
3.576093750000000000e+02
3.189609375000000000e+02
3.006875000000000000e+02
3.400390625000000000e+02
2.627187500000000000e+02
3.261562500000000000e+02
3.055390625000000000e+02
3.064375000000000000e+02
3.532968750000000000e+02
2.869843750000000000e+02
3.112421875000000000e+02
3.678671875000000000e+02
2.916718750000000000e+02
3.126328125000000000e+02
3.716875000000000000e+02
3.082421875000000000e+02
3.130468750000000000e+02
2.873359375000000000e+02
3.326718750000000000e+02
3.223203125000000000e+02
3.370078125000000000e+02
2.755781250000000000e+02
2.961484375000000000e+02
3.345781250000000000e+02
3.209140625000000000e+02
3.163750000000000000e+02
2.885703125000000000e+02
2.891718750000000000e+02
3.096796875000000000e+02
3.528984375000000000e+02
3.065859375000000000e+02
3.292031250000000000e+02
3.427578125000000000e+02
3.113984375000000000e+02
2.975703125000000000e+02
3.123125000000000000e+02
3.080546875000000000e+02
3.130156250000000000e+02
3.333437500000000000e+02
2.665703125000000000e+02
2.747734375000000000e+02
3.165546875000000000e+02
3.382812500000000000e+02
3.122812500000000000e+02
3.231328125000000000e+02
3.875546875000000000e+02
3.344062500000000000e+02
3.010625000000000000e+02
3.535078125000000000e+02
2.709765625000000000e+02
3.019921875000000000e+02
3.266015625000000000e+02
2.915859375000000000e+02
2.869062500000000000e+02
2.757187500000000000e+02
3.046562500000000000e+02
3.036562500000000000e+02
2.889843750000000000e+02
2.891484375000000000e+02
3.130781250000000000e+02
3.837109375000000000e+02
4.275703125000000000e+02
3.049687500000000000e+02
3.449765625000000000e+02
3.033593750000000000e+02
3.065234375000000000e+02
2.978828125000000000e+02
4.378750000000000000e+02
3.053203125000000000e+02
3.010546875000000000e+02
3.349062500000000000e+02
3.012265625000000000e+02
3.157187500000000000e+02
3.048515625000000000e+02
3.689609375000000000e+02
3.381328125000000000e+02
2.779453125000000000e+02
4.910859375000000000e+02
2.869218750000000000e+02
2.733750000000000000e+02
3.355859375000000000e+02
3.230000000000000000e+02
2.809140625000000000e+02
5.219687500000000000e+02
2.927265625000000000e+02
3.286718750000000000e+02
2.759296875000000000e+02
2.784843750000000000e+02
3.353515625000000000e+02
2.976484375000000000e+02
2.558437500000000000e+02
3.770000000000000000e+02
3.150781250000000000e+02
3.048515625000000000e+02
4.235156250000000000e+02
2.637109375000000000e+02
3.214609375000000000e+02
2.835390625000000000e+02
3.005546875000000000e+02
2.852109375000000000e+02
4.103281250000000000e+02
3.046250000000000000e+02
2.797109375000000000e+02
3.769375000000000000e+02
2.853046875000000000e+02
3.042500000000000000e+02
3.010234375000000000e+02
2.911328125000000000e+02
3.228281250000000000e+02
2.914687500000000000e+02
4.238593750000000000e+02
3.171171875000000000e+02
3.155781250000000000e+02
3.907578125000000000e+02
2.642734375000000000e+02
3.066328125000000000e+02
2.827109375000000000e+02
3.302656250000000000e+02
2.860468750000000000e+02
2.802343750000000000e+02
3.125234375000000000e+02
3.691328125000000000e+02
2.924687500000000000e+02
2.836250000000000000e+02
5.209687500000000000e+02
3.036718750000000000e+02
2.672109375000000000e+02
2.915156250000000000e+02
3.202265625000000000e+02
3.175000000000000000e+02
2.826718750000000000e+02
2.768125000000000000e+02
2.875625000000000000e+02
2.618984375000000000e+02
2.978906250000000000e+02
3.067187500000000000e+02
3.069453125000000000e+02
3.174921875000000000e+02
3.304765625000000000e+02
3.388437500000000000e+02
3.709687500000000000e+02
3.028125000000000000e+02
3.124609375000000000e+02
2.738828125000000000e+02
2.781015625000000000e+02
2.990000000000000000e+02
3.083671875000000000e+02
2.926875000000000000e+02
2.916171875000000000e+02
3.194296875000000000e+02
3.144765625000000000e+02
2.715156250000000000e+02
3.191875000000000000e+02
3.043359375000000000e+02
2.959062500000000000e+02
2.808359375000000000e+02
3.185312500000000000e+02
3.685468750000000000e+02
2.793046875000000000e+02
2.912187500000000000e+02
2.712265625000000000e+02
2.902265625000000000e+02
2.876406250000000000e+02
2.722578125000000000e+02
3.130625000000000000e+02
2.678046875000000000e+02
2.751171875000000000e+02
2.965468750000000000e+02
2.949921875000000000e+02
2.448828125000000000e+02
2.800937500000000000e+02
2.817656250000000000e+02
2.797343750000000000e+02
3.411953125000000000e+02
2.729531250000000000e+02
2.953046875000000000e+02
7.348125000000000000e+02
3.085937500000000000e+02
2.932031250000000000e+02
2.926093750000000000e+02
2.930234375000000000e+02
2.884453125000000000e+02
2.652578125000000000e+02
2.625781250000000000e+02
3.525625000000000000e+02
3.204765625000000000e+02
2.635390625000000000e+02
3.088906250000000000e+02
2.963359375000000000e+02
2.890781250000000000e+02
3.198359375000000000e+02
2.762734375000000000e+02
3.070390625000000000e+02
2.628359375000000000e+02
2.694062500000000000e+02
2.653750000000000000e+02
2.761171875000000000e+02
2.549609375000000000e+02
2.677578125000000000e+02
2.610546875000000000e+02
2.692265625000000000e+02
2.673984375000000000e+02
2.633671875000000000e+02
2.719062500000000000e+02
2.808750000000000000e+02
2.901562500000000000e+02
2.979453125000000000e+02
2.806875000000000000e+02
3.089765625000000000e+02
2.861328125000000000e+02
2.902187500000000000e+02
2.722031250000000000e+02
2.617500000000000000e+02
2.881015625000000000e+02
2.628593750000000000e+02
2.784375000000000000e+02
2.846562500000000000e+02
3.680468750000000000e+02
2.633984375000000000e+02
2.918437500000000000e+02
2.473125000000000000e+02
6.350390625000000000e+02
2.674375000000000000e+02
2.897343750000000000e+02
2.712578125000000000e+02
2.904296875000000000e+02
2.836250000000000000e+02
2.862109375000000000e+02
2.673671875000000000e+02
3.005312500000000000e+02
2.986562500000000000e+02
2.767421875000000000e+02
3.210000000000000000e+02
2.949765625000000000e+02
2.713828125000000000e+02
2.870468750000000000e+02
2.665312500000000000e+02
3.032890625000000000e+02
4.674296875000000000e+02
2.714765625000000000e+02
2.597734375000000000e+02
2.836250000000000000e+02
4.092734375000000000e+02
2.960546875000000000e+02
2.958281250000000000e+02
2.600312500000000000e+02
3.253750000000000000e+02
3.558984375000000000e+02
2.601953125000000000e+02
2.839921875000000000e+02
3.066953125000000000e+02
2.804765625000000000e+02
2.811953125000000000e+02
7.604140625000000000e+02
2.881718750000000000e+02
2.655546875000000000e+02
2.759453125000000000e+02
2.587890625000000000e+02
2.798593750000000000e+02
2.279375000000000000e+02
3.015390625000000000e+02
2.774218750000000000e+02
3.086640625000000000e+02
2.677968750000000000e+02
2.631406250000000000e+02
3.286718750000000000e+02
3.085937500000000000e+02
2.745312500000000000e+02
2.984062500000000000e+02
2.677187500000000000e+02
2.527187500000000000e+02
2.756562500000000000e+02
2.859296875000000000e+02
2.736796875000000000e+02
2.507656250000000000e+02
3.244062500000000000e+02
2.743125000000000000e+02
2.735859375000000000e+02
2.645468750000000000e+02
2.454375000000000000e+02
3.028437500000000000e+02
3.036328125000000000e+02
2.579609375000000000e+02
2.663671875000000000e+02
2.734843750000000000e+02
2.468593750000000000e+02
2.430078125000000000e+02
2.739921875000000000e+02
2.679921875000000000e+02
3.378281250000000000e+02
2.808984375000000000e+02
2.762109375000000000e+02
5.513750000000000000e+02
2.416718750000000000e+02
2.800078125000000000e+02
2.729140625000000000e+02
2.667578125000000000e+02
2.743281250000000000e+02
2.486718750000000000e+02
2.786250000000000000e+02
2.673281250000000000e+02
2.428281250000000000e+02
2.913437500000000000e+02
2.643984375000000000e+02
2.836328125000000000e+02
2.775234375000000000e+02
2.669765625000000000e+02
2.708437500000000000e+02
2.507656250000000000e+02
2.613359375000000000e+02
2.744687500000000000e+02
2.671171875000000000e+02
2.815078125000000000e+02
2.372500000000000000e+02
2.622500000000000000e+02
2.779531250000000000e+02
4.872734375000000000e+02
3.000859375000000000e+02
2.665390625000000000e+02
2.534218750000000000e+02
2.864062500000000000e+02
3.210703125000000000e+02
2.987187500000000000e+02
2.621250000000000000e+02
