1.617780000000000000e+05
1.637640000000000000e+05
1.655620000000000000e+05
1.642310000000000000e+05
1.664580000000000000e+05
1.575840000000000000e+05
1.446810000000000000e+05
1.601010000000000000e+05
1.370290000000000000e+05
1.445780000000000000e+05
1.218570000000000000e+05
8.836500000000000000e+04
7.845200000000000000e+04
1.033830000000000000e+05
9.309600000000000000e+04
7.607400000000000000e+04
6.972800000000000000e+04
5.652600000000000000e+04
4.799500000000000000e+04
4.201600000000000000e+04
3.078500000000000000e+04
2.790200000000000000e+04
2.456600000000000000e+04
1.546000000000000000e+04
9.744000000000000000e+03
7.111000000000000000e+03
1.785900000000000000e+04
9.126000000000000000e+03
2.969000000000000000e+03
8.698000000000000000e+03
1.001800000000000000e+04
4.676000000000000000e+03
2.879000000000000000e+03
4.512000000000000000e+03
7.977000000000000000e+03
9.972000000000000000e+03
1.727000000000000000e+03
6.513000000000000000e+03
3.524000000000000000e+03
3.251000000000000000e+03
1.784000000000000000e+03
9.949000000000000000e+03
3.072000000000000000e+03
3.218000000000000000e+03
6.282000000000000000e+03
2.514000000000000000e+03
3.331000000000000000e+03
1.630000000000000000e+03
1.689000000000000000e+03
3.621000000000000000e+03
3.112000000000000000e+03
1.016000000000000000e+03
1.798000000000000000e+03
1.163000000000000000e+03
4.626000000000000000e+03
5.886000000000000000e+03
1.843000000000000000e+03
1.382000000000000000e+03
3.928000000000000000e+03
1.857000000000000000e+03
9.340000000000000000e+02
1.911000000000000000e+03
1.284000000000000000e+03
4.388000000000000000e+03
3.197000000000000000e+03
1.229000000000000000e+03
1.814000000000000000e+03
3.027000000000000000e+03
1.669000000000000000e+03
8.370000000000000000e+02
1.066000000000000000e+03
1.815000000000000000e+03
1.755000000000000000e+03
6.680000000000000000e+02
1.303000000000000000e+03
3.986000000000000000e+03
6.750000000000000000e+02
1.484000000000000000e+03
1.432000000000000000e+03
2.190000000000000000e+03
1.230000000000000000e+03
1.428000000000000000e+03
2.258000000000000000e+03
1.243000000000000000e+03
3.889000000000000000e+03
1.217000000000000000e+03
3.780000000000000000e+03
1.684000000000000000e+03
1.432000000000000000e+03
1.560000000000000000e+03
8.620000000000000000e+02
7.090000000000000000e+02
2.707000000000000000e+03
1.050700000000000000e+04
3.748000000000000000e+03
1.401000000000000000e+03
3.008000000000000000e+03
7.790000000000000000e+02
8.870000000000000000e+02
1.214000000000000000e+03
1.124000000000000000e+03
1.454000000000000000e+03
1.175000000000000000e+03
8.240000000000000000e+02
9.770000000000000000e+02
8.010000000000000000e+02
2.653000000000000000e+03
1.415000000000000000e+03
7.590000000000000000e+02
1.251000000000000000e+03
1.163000000000000000e+03
1.426000000000000000e+03
9.580000000000000000e+02
2.024000000000000000e+03
1.042000000000000000e+03
6.870000000000000000e+02
2.172000000000000000e+03
2.935000000000000000e+03
4.138000000000000000e+03
1.241000000000000000e+03
8.600000000000000000e+02
1.882000000000000000e+03
2.426000000000000000e+03
1.195000000000000000e+03
7.430000000000000000e+02
2.644000000000000000e+03
2.717000000000000000e+03
4.288000000000000000e+03
1.146000000000000000e+03
1.072000000000000000e+03
1.362000000000000000e+03
2.059000000000000000e+03
9.750000000000000000e+02
8.070000000000000000e+02
3.326000000000000000e+03
9.350000000000000000e+02
1.645000000000000000e+03
8.910000000000000000e+02
2.028000000000000000e+03
1.638000000000000000e+03
7.540000000000000000e+02
2.559000000000000000e+03
1.382000000000000000e+03
1.628000000000000000e+03
1.144000000000000000e+03
2.801000000000000000e+03
5.924000000000000000e+03
7.090000000000000000e+02
1.514000000000000000e+03
1.797000000000000000e+03
1.569000000000000000e+03
1.672000000000000000e+03
1.133000000000000000e+03
1.123000000000000000e+03
1.735000000000000000e+03
1.469000000000000000e+03
1.818000000000000000e+03
2.104000000000000000e+03
9.700000000000000000e+02
7.590000000000000000e+02
2.652000000000000000e+03
2.907000000000000000e+03
2.083000000000000000e+03
6.590000000000000000e+02
1.423000000000000000e+03
8.310000000000000000e+02
8.360000000000000000e+02
1.786000000000000000e+03
3.505000000000000000e+03
8.720000000000000000e+02
7.730000000000000000e+02
6.380000000000000000e+02
9.760000000000000000e+02
1.610000000000000000e+03
7.070000000000000000e+02
1.069000000000000000e+03
9.510000000000000000e+02
1.055000000000000000e+03
1.573000000000000000e+03
7.890000000000000000e+02
7.820000000000000000e+02
5.900000000000000000e+02
1.972000000000000000e+03
7.530000000000000000e+02
8.050000000000000000e+02
3.915000000000000000e+03
7.220000000000000000e+02
9.550000000000000000e+02
6.920000000000000000e+02
1.812000000000000000e+03
2.215000000000000000e+03
1.126000000000000000e+03
4.243000000000000000e+03
8.360000000000000000e+02
9.480000000000000000e+02
2.278000000000000000e+03
8.610000000000000000e+02
3.572000000000000000e+03
1.296000000000000000e+03
1.155000000000000000e+03
1.564000000000000000e+03
6.270000000000000000e+02
3.269000000000000000e+03
7.160000000000000000e+02
3.733000000000000000e+03
8.150000000000000000e+02
2.521000000000000000e+03
1.141000000000000000e+03
8.230000000000000000e+02
7.410000000000000000e+02
9.270000000000000000e+02
6.840000000000000000e+02
1.943000000000000000e+03
1.232000000000000000e+03
2.057000000000000000e+03
1.277000000000000000e+03
1.392000000000000000e+03
1.088000000000000000e+03
6.850000000000000000e+02
7.460000000000000000e+02
7.780000000000000000e+02
8.001000000000000000e+03
1.150000000000000000e+03
8.450000000000000000e+02
6.110000000000000000e+02
1.128000000000000000e+03
6.380000000000000000e+02
1.267000000000000000e+03
1.883000000000000000e+03
7.120000000000000000e+02
7.060000000000000000e+02
2.970000000000000000e+03
1.539000000000000000e+03
1.314000000000000000e+03
9.794000000000000000e+03
7.790000000000000000e+02
7.300000000000000000e+02
7.520000000000000000e+02
1.371000000000000000e+03
1.309000000000000000e+03
8.310000000000000000e+02
6.180000000000000000e+02
6.020000000000000000e+02
6.290000000000000000e+02
2.486000000000000000e+03
1.109000000000000000e+03
8.630000000000000000e+02
4.274000000000000000e+03
8.810000000000000000e+02
6.090000000000000000e+02
1.547000000000000000e+03
2.125000000000000000e+03
7.640000000000000000e+02
6.660000000000000000e+02
1.727000000000000000e+03
2.261000000000000000e+03
9.640000000000000000e+02
7.720000000000000000e+02
6.010000000000000000e+02
6.380000000000000000e+02
1.009000000000000000e+03
9.330000000000000000e+02
1.012000000000000000e+03
7.490000000000000000e+02
2.195000000000000000e+03
1.313000000000000000e+03
6.250000000000000000e+02
7.750000000000000000e+02
1.283000000000000000e+03
6.410000000000000000e+02
6.390000000000000000e+02
9.360000000000000000e+02
6.040000000000000000e+02
6.420000000000000000e+02
6.060000000000000000e+02
9.270000000000000000e+02
3.008000000000000000e+03
1.356000000000000000e+03
7.140000000000000000e+02
5.860000000000000000e+02
7.790000000000000000e+02
5.550000000000000000e+02
7.320000000000000000e+02
1.016000000000000000e+03
9.070000000000000000e+02
1.949000000000000000e+03
9.930000000000000000e+02
1.076000000000000000e+03
2.071000000000000000e+03
5.500000000000000000e+02
5.980000000000000000e+02
6.490000000000000000e+02
6.080000000000000000e+02
6.310000000000000000e+02
6.350000000000000000e+02
1.480000000000000000e+03
8.770000000000000000e+02
6.100000000000000000e+02
5.730000000000000000e+02
3.230000000000000000e+03
1.466000000000000000e+03
8.180000000000000000e+02
9.310000000000000000e+02
1.008000000000000000e+03
5.639000000000000000e+03
9.810000000000000000e+02
6.500000000000000000e+02
8.200000000000000000e+02
5.880000000000000000e+02
1.325000000000000000e+03
9.360000000000000000e+02
4.651000000000000000e+03
1.267000000000000000e+03
5.570000000000000000e+02
4.215000000000000000e+03
6.470000000000000000e+02
1.965000000000000000e+03
5.770000000000000000e+02
7.230000000000000000e+02
3.694000000000000000e+03
5.590000000000000000e+02
5.820000000000000000e+02
7.640000000000000000e+02
6.620000000000000000e+02
6.540000000000000000e+02
2.001000000000000000e+03
6.200000000000000000e+02
4.329000000000000000e+03
7.130000000000000000e+02
1.861000000000000000e+03
6.930000000000000000e+02
6.480000000000000000e+02
5.830000000000000000e+02
1.583000000000000000e+03
8.050000000000000000e+02
5.310000000000000000e+02
5.790000000000000000e+02
1.917000000000000000e+03
5.580000000000000000e+02
7.250000000000000000e+02
6.160000000000000000e+02
5.440000000000000000e+02
5.910000000000000000e+02
6.000000000000000000e+02
5.910000000000000000e+02
7.200000000000000000e+02
6.040000000000000000e+02
7.300000000000000000e+02
9.700000000000000000e+02
6.630000000000000000e+02
5.100000000000000000e+02
1.391000000000000000e+03
7.340000000000000000e+02
4.212000000000000000e+03
1.832000000000000000e+03
9.150000000000000000e+02
5.580000000000000000e+02
1.362000000000000000e+03
4.254000000000000000e+03
2.765000000000000000e+03
6.290000000000000000e+02
5.770000000000000000e+02
1.305000000000000000e+03
4.315000000000000000e+03
7.590000000000000000e+02
3.200000000000000000e+03
1.716000000000000000e+03
6.240000000000000000e+02
9.200000000000000000e+02
8.640000000000000000e+02
4.920000000000000000e+02
5.440000000000000000e+02
2.037700000000000000e+04
5.550000000000000000e+02
1.147000000000000000e+03
5.800000000000000000e+02
5.910000000000000000e+02
8.045000000000000000e+03
5.420000000000000000e+02
1.578000000000000000e+03
3.492000000000000000e+03
9.190000000000000000e+02
5.990000000000000000e+02
1.126000000000000000e+03
1.046000000000000000e+03
6.520000000000000000e+02
8.830000000000000000e+02
7.440000000000000000e+02
1.285000000000000000e+03
5.090000000000000000e+02
5.110000000000000000e+02
7.910000000000000000e+02
3.301000000000000000e+03
3.315000000000000000e+03
7.930000000000000000e+02
2.852000000000000000e+03
1.588000000000000000e+03
7.890000000000000000e+02
6.820000000000000000e+02
2.696000000000000000e+03
7.070000000000000000e+02
8.850000000000000000e+02
5.620000000000000000e+02
6.150000000000000000e+02
8.895000000000000000e+03
6.490000000000000000e+02
1.046000000000000000e+03
6.000000000000000000e+02
6.390000000000000000e+02
8.830000000000000000e+02
5.330000000000000000e+02
6.460000000000000000e+02
7.770000000000000000e+02
5.240000000000000000e+02
7.221000000000000000e+03
1.230000000000000000e+03
2.120000000000000000e+03
1.182000000000000000e+03
1.799000000000000000e+03
4.823000000000000000e+03
5.060000000000000000e+02
1.035000000000000000e+03
1.834000000000000000e+03
5.000000000000000000e+02
6.240000000000000000e+02
1.059000000000000000e+03
2.926000000000000000e+03
5.590000000000000000e+02
6.810000000000000000e+02
5.710000000000000000e+02
2.350000000000000000e+03
7.080000000000000000e+02
5.910000000000000000e+02
5.940000000000000000e+02
6.710000000000000000e+02
6.060000000000000000e+02
6.810000000000000000e+02
1.350000000000000000e+03
6.620000000000000000e+02
1.106000000000000000e+03
1.761000000000000000e+03
1.615000000000000000e+03
4.917000000000000000e+03
5.720000000000000000e+02
2.279000000000000000e+03
5.100000000000000000e+02
5.660000000000000000e+02
5.930000000000000000e+02
6.420000000000000000e+02
8.310000000000000000e+02
4.055000000000000000e+03
6.540000000000000000e+02
4.760000000000000000e+02
5.140000000000000000e+02
1.030000000000000000e+03
6.160000000000000000e+02
5.950000000000000000e+02
6.210000000000000000e+02
5.100000000000000000e+02
6.340000000000000000e+02
9.000000000000000000e+02
6.040000000000000000e+02
1.993000000000000000e+03
5.290000000000000000e+02
5.890000000000000000e+02
7.550000000000000000e+02
7.370000000000000000e+02
1.583000000000000000e+03
5.110000000000000000e+02
6.680000000000000000e+02
7.290000000000000000e+02
5.050000000000000000e+02
1.498000000000000000e+03
1.729000000000000000e+03
7.550000000000000000e+02
4.193000000000000000e+03
4.930000000000000000e+02
4.660000000000000000e+02
5.580000000000000000e+02
6.350000000000000000e+02
5.310000000000000000e+02
5.480000000000000000e+02
4.730000000000000000e+02
8.140000000000000000e+02
3.850000000000000000e+03
6.150000000000000000e+02
6.690000000000000000e+02
5.670000000000000000e+02
5.220000000000000000e+02
7.430000000000000000e+02
5.190000000000000000e+02
4.670000000000000000e+02
3.212000000000000000e+03
4.540000000000000000e+02
7.480000000000000000e+02
4.230000000000000000e+03
6.240000000000000000e+02
5.480000000000000000e+02
5.120000000000000000e+02
1.767000000000000000e+03
1.409600000000000000e+04
2.883000000000000000e+03
4.980000000000000000e+02
2.564000000000000000e+03
9.840000000000000000e+02
5.590000000000000000e+02
1.019000000000000000e+03
3.130000000000000000e+03
1.643000000000000000e+03
6.550000000000000000e+02
5.970000000000000000e+02
1.520000000000000000e+03
7.030000000000000000e+02
6.060000000000000000e+02
8.290000000000000000e+02
4.700000000000000000e+02
1.813000000000000000e+03
5.010000000000000000e+02
5.720000000000000000e+02
4.870000000000000000e+02
5.910000000000000000e+02
1.820000000000000000e+03
5.560000000000000000e+02
2.345000000000000000e+03
4.830000000000000000e+02
5.230000000000000000e+02
4.650000000000000000e+02
5.270000000000000000e+02
4.650000000000000000e+02
5.600000000000000000e+02
9.500000000000000000e+02
2.532000000000000000e+03
4.580000000000000000e+02
5.870000000000000000e+02
4.800000000000000000e+02
1.457000000000000000e+03
6.200000000000000000e+02
1.303000000000000000e+03
6.930000000000000000e+02
5.070000000000000000e+02
1.245000000000000000e+03
4.460000000000000000e+02
5.760000000000000000e+02
7.200000000000000000e+02
9.050000000000000000e+02
5.390000000000000000e+02
9.220000000000000000e+02
1.145300000000000000e+04
4.710000000000000000e+02
5.260000000000000000e+02
5.280000000000000000e+02
6.980000000000000000e+02
5.280000000000000000e+02
4.890000000000000000e+02
6.110000000000000000e+02
5.490000000000000000e+02
1.421000000000000000e+03
6.850000000000000000e+02
5.520000000000000000e+02
4.940000000000000000e+02
7.620000000000000000e+02
8.930000000000000000e+02
3.762000000000000000e+03
4.560000000000000000e+02
1.469000000000000000e+03
7.550000000000000000e+02
7.050000000000000000e+02
1.808000000000000000e+03
4.590000000000000000e+02
5.630000000000000000e+02
2.232000000000000000e+03
5.540000000000000000e+02
5.020000000000000000e+02
4.450000000000000000e+02
6.030000000000000000e+02
1.438000000000000000e+03
1.433000000000000000e+03
9.450000000000000000e+02
1.380000000000000000e+03
1.904000000000000000e+03
4.613000000000000000e+03
6.150000000000000000e+02
1.499000000000000000e+03
4.570000000000000000e+02
9.240000000000000000e+02
4.320000000000000000e+02
5.530000000000000000e+02
5.030000000000000000e+02
6.140000000000000000e+02
7.000000000000000000e+02
6.220000000000000000e+02
4.870000000000000000e+02
4.220000000000000000e+02
5.590000000000000000e+02
1.293000000000000000e+03
6.830000000000000000e+02
5.990000000000000000e+02
4.850000000000000000e+02
4.250000000000000000e+02
9.468000000000000000e+03
5.250000000000000000e+02
7.860000000000000000e+02
5.540000000000000000e+02
4.230000000000000000e+02
4.420000000000000000e+02
1.715000000000000000e+03
7.180000000000000000e+02
4.350000000000000000e+02
5.020000000000000000e+02
7.400000000000000000e+02
4.660000000000000000e+02
1.885000000000000000e+03
1.244400000000000000e+04
6.930000000000000000e+02
3.930000000000000000e+02
5.410000000000000000e+02
5.070000000000000000e+02
4.580000000000000000e+02
4.140000000000000000e+02
5.110000000000000000e+02
6.920000000000000000e+02
4.890000000000000000e+02
4.460000000000000000e+02
6.700000000000000000e+02
4.520000000000000000e+02
1.305000000000000000e+03
4.190000000000000000e+02
1.578000000000000000e+03
3.920000000000000000e+02
5.250000000000000000e+02
4.870000000000000000e+02
5.450000000000000000e+02
1.525000000000000000e+03
4.210000000000000000e+02
4.260000000000000000e+02
5.790000000000000000e+02
8.780000000000000000e+02
9.590000000000000000e+02
4.550000000000000000e+02
6.170000000000000000e+02
4.370000000000000000e+02
3.850000000000000000e+02
7.730000000000000000e+02
9.240000000000000000e+02
8.870000000000000000e+02
5.080000000000000000e+02
7.240000000000000000e+02
5.980000000000000000e+02
4.320000000000000000e+02
4.510000000000000000e+02
5.500000000000000000e+02
8.110000000000000000e+02
1.229000000000000000e+03
6.620000000000000000e+02
5.360000000000000000e+02
5.300000000000000000e+02
1.404000000000000000e+03
1.096000000000000000e+03
8.340000000000000000e+02
2.824000000000000000e+03
4.890000000000000000e+02
1.008000000000000000e+03
4.810000000000000000e+02
4.360000000000000000e+02
4.320000000000000000e+02
4.730000000000000000e+02
4.330000000000000000e+02
2.226000000000000000e+03
3.880000000000000000e+02
9.650000000000000000e+02
1.182600000000000000e+04
5.000000000000000000e+02
4.680000000000000000e+02
3.267000000000000000e+03
1.834000000000000000e+03
5.180000000000000000e+02
4.480000000000000000e+02
6.380000000000000000e+02
4.490000000000000000e+02
8.820000000000000000e+02
7.170000000000000000e+02
2.656000000000000000e+03
8.030000000000000000e+02
5.640000000000000000e+02
4.620000000000000000e+02
2.177000000000000000e+03
3.910000000000000000e+02
7.250000000000000000e+02
4.600000000000000000e+02
4.710000000000000000e+02
6.430000000000000000e+02
4.550000000000000000e+02
4.540000000000000000e+02
6.130000000000000000e+02
4.110000000000000000e+02
5.760000000000000000e+02
4.350000000000000000e+02
1.582000000000000000e+03
4.760000000000000000e+02
1.509000000000000000e+03
4.430000000000000000e+02
7.890000000000000000e+02
4.430000000000000000e+02
9.240000000000000000e+02
5.470000000000000000e+02
9.310000000000000000e+02
4.380000000000000000e+02
4.520000000000000000e+02
3.790000000000000000e+02
1.751000000000000000e+03
4.040000000000000000e+02
1.530000000000000000e+03
4.030000000000000000e+02
6.710000000000000000e+02
4.460000000000000000e+02
4.030000000000000000e+02
4.080000000000000000e+02
2.024000000000000000e+03
4.540000000000000000e+02
6.110000000000000000e+02
8.570000000000000000e+02
4.740000000000000000e+02
4.700000000000000000e+02
7.670000000000000000e+02
5.390000000000000000e+02
8.690000000000000000e+02
3.990000000000000000e+02
4.550000000000000000e+02
6.050000000000000000e+02
4.240000000000000000e+02
4.200000000000000000e+02
1.286000000000000000e+03
3.930000000000000000e+02
2.680000000000000000e+03
4.490000000000000000e+02
6.180000000000000000e+02
4.630000000000000000e+02
3.850000000000000000e+02
8.350000000000000000e+02
6.890000000000000000e+02
4.760000000000000000e+02
6.560000000000000000e+02
4.130000000000000000e+02
4.700000000000000000e+02
4.050000000000000000e+02
5.960000000000000000e+02
4.560000000000000000e+02
1.966000000000000000e+03
4.080000000000000000e+02
5.050000000000000000e+02
4.670000000000000000e+02
4.790000000000000000e+02
4.820000000000000000e+02
1.733000000000000000e+03
5.520000000000000000e+02
4.070000000000000000e+02
4.260000000000000000e+02
2.230000000000000000e+03
4.740000000000000000e+02
4.580000000000000000e+02
1.513000000000000000e+03
5.630000000000000000e+02
5.450000000000000000e+02
4.770000000000000000e+02
4.930000000000000000e+02
1.906000000000000000e+03
3.560000000000000000e+02
4.360000000000000000e+02
4.580000000000000000e+02
4.060000000000000000e+02
5.540000000000000000e+02
5.060000000000000000e+02
5.060000000000000000e+02
1.139000000000000000e+03
4.080000000000000000e+02
5.290000000000000000e+02
4.760000000000000000e+02
4.390000000000000000e+02
1.186000000000000000e+03
4.300000000000000000e+02
3.900000000000000000e+02
3.980000000000000000e+02
8.664000000000000000e+03
4.090000000000000000e+02
4.520000000000000000e+02
4.260000000000000000e+02
4.960000000000000000e+02
8.200000000000000000e+02
3.871000000000000000e+03
4.430000000000000000e+02
3.699000000000000000e+03
5.830000000000000000e+02
4.210000000000000000e+02
4.180000000000000000e+02
1.073000000000000000e+04
4.580000000000000000e+02
4.900000000000000000e+02
5.620000000000000000e+02
4.690000000000000000e+02
4.150000000000000000e+02
4.880000000000000000e+02
1.332000000000000000e+03
2.676900000000000000e+04
8.345000000000000000e+03
2.212000000000000000e+03
2.713000000000000000e+03
3.860000000000000000e+02
9.160000000000000000e+02
5.020000000000000000e+02
4.750000000000000000e+02
2.000000000000000000e+03
4.180000000000000000e+02
4.720000000000000000e+02
8.290000000000000000e+02
3.540000000000000000e+02
6.110000000000000000e+02
5.350000000000000000e+02
3.430000000000000000e+02
1.278000000000000000e+03
5.430000000000000000e+02
4.530000000000000000e+02
2.587000000000000000e+03
3.830000000000000000e+02
4.350000000000000000e+02
1.886000000000000000e+03
4.350000000000000000e+02
4.610000000000000000e+02
4.930000000000000000e+02
1.226000000000000000e+03
4.040000000000000000e+02
3.090000000000000000e+03
3.820000000000000000e+02
4.370000000000000000e+02
3.500000000000000000e+02
4.490000000000000000e+02
4.330000000000000000e+02
5.870000000000000000e+02
7.490000000000000000e+02
4.370000000000000000e+02
4.800000000000000000e+02
1.927000000000000000e+03
8.700000000000000000e+02
3.780000000000000000e+02
3.940000000000000000e+02
6.500000000000000000e+02
3.900000000000000000e+02
3.960000000000000000e+02
4.160000000000000000e+02
1.505000000000000000e+03
4.340000000000000000e+02
5.130000000000000000e+02
2.583000000000000000e+03
7.960000000000000000e+02
3.870000000000000000e+02
4.080000000000000000e+02
7.810000000000000000e+02
6.080000000000000000e+02
5.500000000000000000e+02
4.300000000000000000e+02
4.050000000000000000e+02
3.680000000000000000e+02
4.120000000000000000e+02
1.164000000000000000e+03
3.810000000000000000e+02
7.750000000000000000e+02
6.130000000000000000e+02
8.340000000000000000e+02
1.004000000000000000e+03
7.580000000000000000e+02
6.750000000000000000e+02
3.340000000000000000e+02
3.700000000000000000e+02
4.060000000000000000e+02
5.730000000000000000e+02
4.300000000000000000e+02
4.250000000000000000e+02
4.400000000000000000e+02
4.660000000000000000e+02
3.820000000000000000e+02
1.100000000000000000e+03
4.110000000000000000e+02
5.070000000000000000e+02
3.910000000000000000e+02
6.110000000000000000e+02
6.700000000000000000e+02
6.420000000000000000e+02
4.250000000000000000e+02
4.910000000000000000e+02
4.120000000000000000e+02
3.910000000000000000e+02
1.249000000000000000e+03
4.670000000000000000e+02
5.750000000000000000e+02
4.840000000000000000e+02
6.410000000000000000e+02
4.470000000000000000e+02
3.530000000000000000e+02
3.830000000000000000e+02
3.830000000000000000e+02
2.786000000000000000e+03
8.740000000000000000e+02
3.910000000000000000e+02
5.550000000000000000e+02
3.880000000000000000e+02
7.690000000000000000e+02
4.360000000000000000e+02
4.330000000000000000e+02
4.290000000000000000e+02
4.980000000000000000e+02
4.480000000000000000e+02
3.930000000000000000e+02
4.790000000000000000e+02
9.550000000000000000e+02
4.190000000000000000e+02
4.190000000000000000e+02
4.220000000000000000e+02
1.252700000000000000e+04
5.720000000000000000e+02
4.210000000000000000e+02
4.270000000000000000e+02
4.110000000000000000e+02
3.870000000000000000e+02
8.840000000000000000e+02
5.427000000000000000e+03
4.190000000000000000e+02
4.590000000000000000e+02
3.850000000000000000e+02
4.050000000000000000e+02
4.850000000000000000e+02
6.840000000000000000e+02
4.430000000000000000e+02
3.840000000000000000e+02
6.430000000000000000e+02
4.030000000000000000e+02
4.130000000000000000e+02
4.400000000000000000e+02
1.222000000000000000e+03
6.900000000000000000e+02
3.350000000000000000e+02
3.330000000000000000e+02
5.270000000000000000e+02
8.960000000000000000e+02
3.640000000000000000e+02
4.010000000000000000e+02
1.837000000000000000e+03
3.590000000000000000e+02
4.530000000000000000e+02
8.160000000000000000e+02
1.805000000000000000e+03
3.980000000000000000e+02
4.030000000000000000e+02
5.550000000000000000e+02
6.440000000000000000e+02
7.800000000000000000e+02
6.840000000000000000e+02
3.820000000000000000e+02
4.240000000000000000e+02
4.120000000000000000e+02
3.620000000000000000e+02
8.990000000000000000e+02
3.760000000000000000e+02
3.600000000000000000e+02
3.800000000000000000e+02
4.200000000000000000e+02
3.368000000000000000e+03
4.510000000000000000e+02
3.620000000000000000e+02
7.620000000000000000e+02
1.150400000000000000e+04
7.140000000000000000e+02
4.160000000000000000e+02
1.187000000000000000e+03
4.140000000000000000e+02
4.060000000000000000e+02
3.900000000000000000e+02
1.262000000000000000e+03
4.140000000000000000e+02
4.640000000000000000e+02
8.960000000000000000e+02
1.198000000000000000e+03
3.645000000000000000e+03
5.840000000000000000e+02
5.260000000000000000e+02
4.470000000000000000e+02
3.760000000000000000e+02
2.284000000000000000e+03
3.820000000000000000e+02
3.920000000000000000e+02
4.080000000000000000e+02
4.530000000000000000e+02
4.160000000000000000e+03
4.400000000000000000e+02
2.698000000000000000e+03
6.550000000000000000e+02
3.450000000000000000e+02
3.610000000000000000e+02
4.840000000000000000e+02
3.200000000000000000e+02
3.360000000000000000e+02
8.930000000000000000e+02
4.440000000000000000e+02
4.400000000000000000e+02
3.860000000000000000e+02
4.140000000000000000e+02
4.880000000000000000e+02
3.910000000000000000e+02
3.390000000000000000e+02
6.780000000000000000e+02
4.580000000000000000e+02
3.710000000000000000e+02
4.720000000000000000e+02
5.910000000000000000e+02
3.700000000000000000e+02
6.896000000000000000e+03
3.880000000000000000e+02
5.320000000000000000e+02
4.283900000000000000e+04
4.710000000000000000e+02
4.910000000000000000e+02
9.015000000000000000e+03
3.190000000000000000e+02
4.520000000000000000e+02
3.820000000000000000e+02
4.030000000000000000e+02
4.360000000000000000e+02
3.810000000000000000e+02
6.420000000000000000e+02
4.240000000000000000e+02
3.600000000000000000e+02
3.900000000000000000e+02
4.210000000000000000e+02
4.200000000000000000e+02
7.690000000000000000e+02
4.420000000000000000e+02
4.340000000000000000e+02
3.530000000000000000e+02
3.710000000000000000e+02
5.250000000000000000e+02
9.720000000000000000e+02
4.190000000000000000e+02
4.010000000000000000e+02
3.450000000000000000e+02
6.870000000000000000e+02
3.600000000000000000e+02
9.900000000000000000e+02
5.470000000000000000e+02
3.620000000000000000e+02
5.340000000000000000e+02
3.970000000000000000e+02
5.380000000000000000e+02
3.850000000000000000e+02
