2.852427959442138672e+00
2.976611733436584473e+00
3.238013346989949692e+00
3.318255662918090820e+00
3.475974941253662021e+00
3.514301935831705581e+00
3.677284240722656250e+00
3.732695221900939941e+00
3.790132204691568862e+00
3.828671360015869052e+00
3.820455377752130843e+00
3.838344653447469224e+00
3.838073180272028928e+00
3.866853679929460608e+00
3.891411081949869732e+00
3.880265474319458008e+00
3.890343918519861610e+00
3.901793877283731948e+00
3.914388581326133210e+00
3.914906764030456454e+00
3.911353213446481014e+00
3.908286452293395996e+00
3.911277770996093750e+00
3.880902449289957534e+00
3.864233093261718821e+00
3.833682793837327019e+00
3.837544503035368759e+00
3.823945454188755644e+00
3.801705977012371118e+00
3.781851847966512192e+00
3.765585330224806349e+00
3.757077410817146301e+00
3.729496710228197287e+00
3.715620104004354829e+00
3.695957871845790166e+00
3.685672064622243393e+00
3.659751730996209318e+00
3.645411830199392078e+00
3.629663277895022855e+00
3.609208816289901645e+00
3.593748232213462401e+00
3.581549860182262623e+00
3.569571317628372764e+00
3.555881316011602067e+00
3.541665495766533667e+00
3.521648204844930685e+00
3.505942836720892686e+00
3.489195406436920166e+00
3.477465537129616369e+00
3.473430180549621493e+00
3.464586594525505436e+00
3.457567302080301275e+00
3.448389048846262739e+00
3.442169458777815993e+00
3.425581637295809667e+00
3.415841954095022892e+00
3.405723191144173434e+00
3.394871822718916299e+00
3.388963881185499183e+00
3.381728327274322599e+00
3.371109395730691016e+00
3.360002210063318895e+00
3.353776042423551207e+00
3.345764588564634323e+00
3.336763106859647277e+00
3.327196587215770496e+00
3.318831539865750191e+00
3.315768252400790761e+00
3.311195245687512223e+00
3.301570711817060300e+00
3.295162634110786470e+00
3.285605043172836304e+00
3.279041672406131092e+00
3.269820757814355883e+00
3.261680641174316442e+00
3.256487043280350324e+00
3.249276864064204240e+00
3.245481530825296890e+00
3.240095666692226928e+00
3.238971710205078125e+00
3.235914539407800827e+00
3.232085466384887695e+00
3.231936052621128930e+00
3.224992119130634105e+00
3.220540043886970238e+00
3.216806716697160784e+00
3.213818040387383945e+00
3.210354398597370373e+00
3.205776037794820343e+00
3.200353431701659979e+00
3.194899768619746894e+00
3.189264214557149923e+00
3.185572654970230566e+00
3.184288730012609481e+00
3.183903995313142499e+00
3.179027850429216873e+00
3.174162437006370130e+00
3.169345627025681900e+00
3.165778138420798360e+00
3.161653907299041943e+00
3.158452933377558836e+00
3.154936128971623344e+00
3.153175152621222832e+00
3.148836867167399411e+00
3.146175053006126987e+00
3.144987418966473491e+00
3.141892858754808504e+00
3.139300719455436539e+00
3.136335760081579771e+00
3.135132301937450183e+00
3.133940836330791679e+00
3.130399246300969995e+00
3.126817893137974202e+00
3.126874344390735416e+00
3.125891262552012773e+00
3.122282426932762256e+00
3.120519356849865922e+00
3.120589809902643896e+00
3.118389157687916580e+00
3.115874280532201279e+00
3.114089274209392855e+00
3.112530206070571737e+00
3.110800361245628309e+00
3.106240409035836425e+00
3.103176401138305618e+00
3.101192648448641176e+00
3.101395115138977587e+00
3.099116146564483643e+00
3.097148472024488619e+00
3.095656389456528768e+00
3.095170812752410683e+00
3.094978393930377436e+00
3.095769805119449991e+00
3.090836555210512149e+00
3.091523112191094214e+00
3.088806516983929829e+00
3.084967174669251744e+00
3.085663871488709464e+00
3.085016145980615576e+00
3.083256879874638035e+00
3.080618034863302768e+00
3.079708975805363291e+00
3.077768349147343319e+00
3.078680187463760376e+00
3.077603626251220525e+00
3.077252503943769923e+00
3.076027239261030388e+00
3.074509475682232651e+00
3.074585572185132509e+00
3.073090125719706300e+00
3.073422537734177062e+00
3.072683241806532184e+00
3.072294523513395159e+00
3.071121790192343770e+00
3.072057802446426678e+00
3.070975433557461276e+00
3.068305285872927168e+00
3.068355309812328624e+00
3.067905668942433550e+00
3.067358502745628268e+00
3.067220357634266037e+00
3.066799283027648926e+00
3.065839337424997701e+00
3.063080854532195474e+00
3.061865420774979807e+00
3.061732012105275569e+00
3.060348682060927139e+00
3.058898221878778578e+00
3.057613251477303784e+00
3.060022300832411890e+00
3.057547867646691397e+00
3.056613007257150905e+00
3.055935283616788123e+00
3.054584618272452534e+00
3.052486290250505885e+00
3.051350421526215495e+00
3.049896667232621095e+00
3.048735223459393850e+00
3.048818666841730529e+00
3.048422441217634393e+00
3.047114548762200226e+00
3.045802425552200265e+00
3.045327999552742249e+00
3.043796570404716295e+00
3.041955878283526538e+00
3.041474942238099999e+00
3.040735166978071113e+00
3.039300742301535241e+00
3.038477126883451174e+00
3.037208912247105541e+00
3.036095465665088255e+00
3.036077055004581471e+00
2.845021724700927734e+00
2.950859546661376953e+00
2.912976821263631333e+00
2.921982407569885254e+00
2.933759880065918146e+00
2.945877909660339355e+00
2.941371066229684139e+00
2.953433960676193237e+00
2.925998687744140625e+00
2.915599250793456942e+00
2.896656708283857906e+00
2.897334039211273193e+00
2.899964809417724609e+00
2.883528981889997400e+00
2.873042043050130001e+00
2.878684401512145996e+00
2.884373496560489247e+00
2.879190842310587417e+00
2.881940967158267419e+00
2.870186734199523748e+00
2.862155664534795640e+00
2.870814778588034688e+00
2.858874082565307617e+00
2.864563504854837905e+00
2.861156492233276172e+00
2.852568663083590028e+00
2.848345067765977845e+00
2.842445637498582922e+00
2.847928351369397593e+00
2.856523935000101933e+00
2.859317602649811718e+00
2.857768513262271881e+00
2.855292630918098151e+00
2.857885942739598839e+00
2.851808745520455712e+00
2.843200875653161042e+00
2.838233863985216487e+00
2.834367908929523505e+00
2.832753334289942249e+00
2.839005452394485651e+00
2.842020366250014973e+00
2.838095534415471910e+00
2.840472027312877401e+00
2.842781700871207295e+00
2.841788344913058761e+00
2.839887276939723648e+00
2.840730606241429257e+00
2.841525812943776597e+00
2.837465150015694881e+00
2.832509980201721067e+00
2.829283405752743175e+00
2.827639474318577761e+00
2.826784808680696148e+00
2.826273688563594177e+00
2.826274750449440543e+00
2.826797442776816105e+00
2.823493321736653794e+00
2.819979079838456748e+00
2.822579387891090530e+00
2.820357835292816251e+00
2.822760402179155026e+00
2.820198862783370508e+00
2.820454487724909587e+00
2.821478355675935745e+00
2.818618880785428438e+00
2.817842162016666485e+00
2.815888678849633120e+00
2.815706004114712169e+00
2.817880454270735857e+00
2.813900961194719663e+00
2.814971023881938983e+00
2.812474853462643143e+00
2.816706820710064729e+00
2.817355394363403320e+00
2.816662025451660334e+00
2.812919739045594891e+00
2.813672440392630314e+00
2.811364409251090990e+00
2.811860467814192077e+00
2.810406547784805475e+00
2.809532713007043991e+00
2.810028212826426230e+00
2.810110296111508976e+00
2.808091512748173368e+00
2.812201721527997300e+00
2.812787177950836881e+00
2.810938602206350723e+00
2.809032559394836426e+00
2.807478020700175936e+00
2.807051616244845782e+00
2.804980592413262919e+00
2.802772620449895502e+00
2.802070330548029897e+00
2.802256495394605196e+00
2.799039838188572826e+00
2.797358214855194092e+00
2.795373833056577606e+00
2.794316372092889189e+00
2.792410142493970682e+00
2.792193226814270179e+00
2.789413478114817213e+00
2.788950296009288010e+00
2.787194833014775330e+00
2.786467708074129579e+00
2.785678450266520390e+00
2.782406863176597689e+00
2.781341746588733788e+00
2.782208705389941361e+00
2.781042158056836744e+00
2.780535431341691233e+00
2.779758083927738710e+00
2.778843121869223332e+00
2.779270494933677060e+00
2.779615086421631798e+00
2.779035389941671763e+00
2.777283428044154512e+00
2.775479852643787382e+00
2.775023409875772895e+00
2.774109942572457577e+00
2.775451624393463046e+00
2.773490464391787036e+00
2.770398945104880273e+00
2.769807827181932414e+00
2.768219928587636769e+00
2.767665073394775188e+00
2.767704390344165599e+00
2.765598130038404268e+00
2.766889385879039764e+00
2.766862037569977506e+00
2.766655327723576363e+00
2.765800923791550403e+00
2.765311327847567391e+00
2.763374545520409509e+00
2.763594356935415775e+00
2.762218991032353355e+00
2.762330786270253746e+00
2.760736418466498421e+00
2.759266248647717301e+00
2.758786047105308725e+00
2.757748842239379883e+00
2.758607718961458843e+00
2.758423382127788592e+00
2.757285653294383021e+00
2.755607868234316360e+00
2.754884831658725108e+00
2.753347295604339884e+00
2.752624271678275836e+00
2.750772047687221278e+00
2.749869551434612980e+00
2.747341531117757363e+00
2.745694692561168715e+00
2.744470441027691443e+00
2.743886224584641820e+00
2.743811406098402905e+00
2.741637320672312139e+00
2.741518219312032212e+00
2.740269096034347651e+00
2.740201204637938037e+00
2.739917926068575760e+00
2.739974728226661771e+00
2.738436239846744780e+00
2.737900678022408218e+00
2.738716429727940493e+00
2.737589554088871502e+00
2.736579030932801970e+00
2.734885564769606869e+00
2.734496924691571351e+00
2.733690914653596593e+00
2.733373636324730072e+00
2.732936265889335914e+00
2.731107734100163498e+00
2.729837994242823473e+00
2.728931622698127946e+00
2.728278162835658271e+00
2.727667353493826941e+00
2.726108087734742558e+00
2.726488866374991105e+00
2.724042668771208042e+00
2.723269122938869913e+00
2.721764949957529822e+00
2.721630948683174900e+00
2.719978454348805030e+00
2.719043660033595877e+00
2.718132911816887098e+00
2.716285019951897528e+00
2.714310070519806217e+00
2.713538354730860913e+00
2.713714980064554361e+00
2.711724816175995478e+00
2.711317802730359716e+00
2.710427501438799958e+00
2.708996182574624267e+00
2.809055805206298828e+00
2.611006975173950195e+00
2.524258454640706528e+00
2.567496120929718018e+00
2.593329286575317472e+00
2.582069993019104004e+00
2.592206478118896484e+00
2.566117286682128906e+00
2.564287132687038895e+00
2.553523206710815341e+00
2.548463452946056140e+00
2.545493165651957046e+00
2.530546206694382683e+00
2.511719856943403162e+00
2.506280946731567205e+00
2.502392411231994629e+00
2.505763109992532378e+00
2.517282459470960632e+00
2.505335105092902026e+00
2.503423881530761896e+00
2.501739161355154728e+00
2.509559783068570304e+00
2.499702101168425283e+00
2.499702334403991699e+00
2.499929103851318501e+00
2.498385025904728884e+00
2.493904749552408706e+00
2.496263929775782930e+00
2.493044277717327173e+00
2.486468315124511719e+00
2.483036948788550635e+00
2.483323387801647186e+00
2.495160442410093271e+00
2.491304138127495182e+00
2.494420017514909826e+00
2.495166129536098953e+00
2.490324026829487725e+00
2.493124252871463220e+00
2.497333893409142025e+00
2.498209518194198786e+00
2.492810144657041871e+00
2.492079950514293873e+00
2.498353564461996523e+00
2.497884311459281026e+00
2.500473917855156714e+00
2.499300101528997065e+00
2.503496053371023766e+00
2.500572706262270462e+00
2.500820811913937902e+00
2.499948191642761053e+00
2.499979986863977821e+00
2.500184412185962213e+00
2.497877368387186436e+00
2.499342428313361175e+00
2.495593604174527247e+00
2.495569616556167603e+00
2.496947418179428446e+00
2.499532415949065278e+00
2.497961412041874052e+00
2.497580973307291785e+00
2.495410688587876624e+00
2.494744727688451125e+00
2.494426129356263289e+00
2.498570613563060760e+00
2.495779756399301164e+00
2.497006755886655771e+00
2.498742274384000428e+00
2.501401722431182861e+00
2.499666137971739754e+00
2.498001452854701654e+00
2.498145590365772328e+00
2.500235885381698608e+00
2.499168141247475106e+00
2.501235868479754654e+00
2.500103413263956575e+00
2.495748899484935723e+00
2.495871125877677787e+00
2.495946037463652623e+00
2.493557661394529834e+00
2.490906128287315280e+00
2.490026394526163589e+00
2.486908773096596192e+00
2.482993562537503696e+00
2.481738919303530633e+00
2.479796810711131450e+00
2.479142025459644572e+00
2.478564347343883423e+00
2.477418880571018445e+00
2.477787625923585146e+00
2.475993002785576547e+00
2.475216572101299750e+00
2.472185228181921879e+00
2.470953228653118394e+00
2.470381391809341576e+00
2.468831298225804272e+00
2.468709001938501846e+00
2.466047473789490407e+00
2.465586346022936581e+00
2.465264079546687359e+00
2.463055121898650945e+00
2.462335385898552165e+00
2.459290768585952858e+00
2.459459059446760687e+00
2.459104366027391908e+00
2.458969390959966805e+00
2.458906648293980979e+00
2.459592126240240262e+00
2.457311031994996231e+00
2.457062110988371906e+00
2.455903287367387389e+00
2.454436864938821738e+00
2.452276583228792273e+00
2.451984631276763693e+00
2.451857376516910936e+00
2.450468778610229492e+00
2.450791484323041391e+00
2.450554148763672835e+00
2.448663721650333525e+00
2.448282708640860061e+00
2.445803501208623221e+00
2.444635552808272827e+00
2.442937592991063056e+00
2.440418154243531479e+00
2.439777970314025879e+00
2.438939514160156197e+00
2.437302133393666193e+00
2.437146778181781936e+00
2.437127849087119102e+00
2.436627290045568106e+00
2.435384341386648277e+00
2.434314658623615291e+00
2.433999325289870619e+00
2.433901456961954590e+00
2.433534191615545961e+00
2.432529700243914572e+00
2.432485058027155311e+00
2.431715293522298982e+00
2.432183987852456042e+00
2.431155444906770047e+00
2.430312677792140441e+00
2.428625331702807255e+00
2.427936599288188280e+00
2.426228411547787456e+00
2.425444584753778443e+00
2.424104011469873754e+00
2.424370914289395884e+00
2.423142042289785802e+00
2.423949512275489493e+00
2.423816616903215593e+00
2.423712476094563861e+00
2.423753373670262334e+00
2.423043522395585736e+00
2.422324576409034425e+00
2.421092355406129659e+00
2.419300679237611718e+00
2.418987992482307448e+00
2.417868892098688161e+00
2.415006246747849694e+00
2.413730795278488994e+00
2.413737966120243161e+00
2.412834653202791557e+00
2.412469186900574325e+00
2.410624387074101982e+00
2.411366513589533245e+00
2.410759768341526943e+00
2.408605266766375763e+00
2.408269509583889967e+00
2.408647757200967909e+00
2.406918963031655867e+00
2.406936193914974265e+00
2.405861302425986725e+00
2.405503336773362477e+00
2.404941210167945265e+00
2.405229321841535928e+00
2.404581797463553272e+00
2.403432820330966724e+00
2.402495452913187446e+00
2.402050262086846910e+00
2.401300281119746138e+00
2.400066689650217633e+00
2.399440018511608930e+00
2.399982069874857959e+00
2.398393823800842650e+00
2.397439977397089361e+00
2.396709407342446863e+00
2.396383746977775342e+00
2.394685932659210259e+00
2.393814949279135629e+00
2.392270684872985331e+00
2.391444649194416350e+00
2.390904522691097434e+00
2.390540128680720855e+00
2.386547327041625977e+00
2.342613935470581055e+00
2.357636451721191406e+00
2.328851580619812012e+00
2.332877731323242276e+00
2.364489555358886719e+00
2.317864826747349394e+00
2.316484093666076660e+00
2.312325689527723327e+00
2.291970014572143555e+00
2.302181850780140149e+00
2.292603015899658203e+00
2.287367105484008789e+00
2.286844423839024198e+00
2.268861659367879202e+00
2.260855376720428467e+00
2.268725563498104503e+00
2.263813760545518861e+00
2.254963799526816803e+00
2.259373092651367099e+00
2.259427172797066952e+00
2.247569262981414795e+00
2.247480003730110365e+00
2.242566779255867004e+00
2.233922095298767285e+00
2.228621735022618289e+00
2.227763842653345261e+00
2.217526840312140202e+00
2.211971278848319233e+00
2.213066271940867136e+00
2.210757620872989992e+00
2.206569429486989975e+00
2.205956599929116191e+00
2.204661646310020817e+00
2.206175535065787230e+00
2.202424628867043488e+00
2.209714319254901138e+00
2.211409528004495861e+00
2.206059526174496188e+00
2.201204565167427241e+00
2.203463760817923056e+00
2.201832967145102238e+00
2.200315228728360939e+00
2.203175059773705424e+00
2.200285087691412844e+00
2.198116792284924070e+00
2.199122751012761334e+00
2.196566211680571090e+00
2.195698988680936825e+00
2.193247058391571080e+00
2.190365541215036238e+00
2.190384161013823494e+00
2.186450020322259657e+00
2.185900809588255722e+00
2.186209269003434486e+00
2.186258211731910706e+00
2.187211457051728924e+00
2.186990768745027847e+00
2.184260507761421888e+00
2.185434498389561941e+00
2.183572149667583506e+00
2.180836744846836428e+00
2.181181954959082070e+00
2.182237369939684868e+00
2.181922609989459527e+00
2.179072195833379411e+00
2.178914272963111021e+00
2.177224295980789925e+00
2.175590325092923827e+00
2.176515085356576229e+00
2.178136886005670458e+00
2.176617513100306045e+00
2.177793231728958556e+00
2.178062564617878838e+00
2.177248341242472129e+00
2.176070963081560450e+00
2.176680989079661011e+00
2.176365259366157545e+00
2.177526902548874599e+00
2.179274523258209140e+00
2.181780308852960815e+00
2.182181840989647625e+00
2.182624658906316295e+00
2.184839631829942785e+00
2.183012440625359041e+00
2.181592239889987628e+00
2.179713427335366216e+00
2.177903795784169816e+00
2.178323976109536986e+00
2.179102823469373895e+00
2.177824298104086953e+00
2.176539415898530283e+00
2.173714063500845395e+00
2.173160786324359162e+00
2.171093706080787999e+00
2.169012011339267243e+00
2.169100111292809441e+00
2.169905383976138413e+00
2.168622545521668776e+00
2.168124791383743144e+00
2.168911000289539093e+00
2.166872770178551733e+00
2.165746487460090020e+00
2.167348011181904788e+00
2.168945362454369086e+00
2.167183174277251823e+00
2.163975479446838879e+00
2.163983539298728775e+00
2.162377997275886088e+00
2.164646752314133948e+00
2.161804522479976676e+00
2.161655503724302374e+00
2.161035357323367823e+00
2.160629733612662751e+00
2.159536424927089637e+00
2.157672042476719731e+00
2.156872764611855509e+00
2.156802501718876552e+00
2.156618491942141169e+00
2.156950303912162692e+00
2.157066616145047355e+00
2.156365733654772576e+00
2.155174880492977785e+00
2.154963655817893287e+00
2.153873917579650854e+00
2.155842087571583132e+00
2.154640061648811944e+00
2.153511631302535534e+00
2.152885471203530354e+00
2.153215944766998291e+00
2.152458129948332299e+00
2.153467085325356578e+00
2.151890533311026310e+00
2.151172058795815190e+00
2.150998639177393201e+00
2.148246212917215736e+00
2.147378672648520226e+00
2.146812204001606439e+00
2.148428613333393411e+00
2.148653096812112029e+00
2.147989038034533671e+00
2.148622635384680457e+00
2.149628790942105461e+00
2.148577261302206054e+00
2.148318608053799483e+00
2.146132709228829150e+00
2.146260530770230268e+00
2.145694627955152978e+00
2.145481712866149415e+00
2.146045047442118214e+00
2.145944666388808653e+00
2.145753309914940399e+00
2.143205102752236968e+00
2.141189274849829793e+00
2.142054490120180343e+00
2.140988782430306436e+00
2.140991522248383738e+00
2.139932913870751019e+00
2.140227384537270794e+00
2.141967878490686594e+00
2.142086545132702025e+00
2.141630670906585099e+00
2.141447863695811638e+00
2.140978392304443645e+00
2.140559655247312509e+00
2.141691464257527766e+00
2.140656627580791227e+00
2.140692190754981183e+00
2.139413815983653766e+00
2.139908736593583161e+00
2.139039256419354551e+00
2.138397954924161848e+00
2.136116173915091121e+00
2.135923385620117188e+00
2.136212545122419204e+00
2.135859466411850871e+00
2.135736566478923404e+00
2.134297242325343458e+00
2.134253408655773843e+00
2.134248059325748237e+00
2.133948193070638322e+00
2.133469546234214587e+00
2.132604106527860033e+00
2.133092364539270758e+00
2.132069533580058351e+00
2.130990882073679149e+00
2.130610866342636189e+00
2.129779377516279659e+00
2.128816754098922459e+00
2.129162038627423925e+00
2.129136418172826506e+00
2.129091806596075109e+00
1.941108703613281250e+00
1.945715665817260742e+00
1.982433239618937248e+00
1.993739426136016846e+00
2.011966371536254794e+00
2.044466535250345718e+00
2.025760923113141931e+00
2.046247720718383789e+00
2.033097346623738755e+00
2.032072186470031738e+00
2.024503599513660657e+00
2.037512441476186265e+00
2.031794190406799316e+00
2.019288403647286678e+00
2.015427978833516320e+00
2.018088541924953461e+00
2.012860767981585308e+00
2.004237631956736099e+00
2.002760968710247003e+00
2.012086433172226130e+00
2.009603835287548268e+00
2.009116546674208248e+00
2.005910520968229971e+00
2.006639887889226426e+00
2.011441097259521360e+00
2.010143917340498909e+00
2.016865478621588714e+00
2.010034625019346155e+00
2.009925805289169976e+00
2.015209758281707675e+00
2.014221218324476759e+00
2.013509135693311691e+00
2.010208436937042986e+00
2.009051771724925217e+00
2.008965601239885768e+00
2.009725835588243470e+00
2.012306503347448317e+00
2.006898029854423005e+00
2.007815162340799819e+00
2.011508944630622686e+00
2.009789292405291139e+00
2.013316818646022188e+00
2.016445365062979889e+00
2.015977892008694816e+00
2.017955732345581232e+00
2.014052940451580564e+00
2.014253880115265627e+00
2.012893997132778168e+00
2.014548610667793227e+00
2.013964574337005597e+00
2.018357517672519919e+00
2.021257274425946715e+00
2.021303601984707932e+00
2.022270664020820785e+00
2.019054180925542674e+00
2.020233616232872009e+00
2.019300711782355151e+00
2.017866038042923638e+00
2.020146933652586796e+00
2.021512569983800134e+00
2.021880781064267829e+00
2.020480338604219384e+00
2.018942641833471718e+00
2.018707944080233574e+00
2.018099694985609815e+00
2.017123325304551518e+00
2.015360682757932675e+00
2.015518416376675059e+00
2.015147404394288078e+00
2.016190060547419893e+00
2.016390415984140372e+00
2.015828245215945724e+00
2.016001195123751089e+00
2.015433073043823242e+00
2.014310495058695416e+00
2.016350333627901392e+00
2.014956915533387960e+00
2.014224565946138856e+00
2.013487154924416878e+00
2.012340261042118161e+00
2.014388474417321273e+00
2.014723098859554362e+00
2.012363277285932117e+00
2.011191258827845108e+00
2.011898970603942960e+00
2.008868792722391383e+00
2.008649490345483457e+00
2.009528982368382621e+00
2.008085311128851913e+00
2.009067473146650684e+00
2.007944262944735048e+00
2.006595459969147566e+00
2.005577027156788983e+00
2.007004967395295658e+00
2.007551706464667074e+00
2.005731396377086639e+00
2.005129384011337557e+00
2.005206801453415011e+00
2.005703022985747541e+00
2.005777366161346276e+00
2.005606827169361672e+00
2.005716626550637205e+00
2.005987492579858422e+00
2.004573780756730095e+00
2.005250310897827237e+00
2.006491883745733507e+00
2.005337385373694659e+00
2.006244363608183701e+00
2.007070795111699724e+00
2.006373431465842572e+00
2.006654756563203801e+00
2.005599335900374758e+00
2.004428340270456133e+00
2.004533121460362555e+00
2.002034188353496891e+00
2.001831683619268887e+00
2.002527291958148492e+00
2.000696990449549961e+00
2.000906349230213266e+00
1.999078969160715813e+00
1.998499114651325348e+00
1.997171373640904690e+00
1.996703836006846755e+00
1.996828961756921483e+00
1.996005487442016557e+00
1.995837773595537490e+00
1.996080154509056293e+00
1.996567226946353912e+00
1.995810006015984683e+00
1.995361126386202333e+00
1.995014836769977595e+00
1.994136338884180182e+00
1.995509117169487645e+00
1.995652657836230803e+00
1.995025604742544756e+00
1.995740012210958092e+00
1.995044038243537488e+00
1.995109533918076661e+00
1.995336345631441688e+00
1.995710122585296675e+00
1.995408256003197156e+00
1.995853372023139283e+00
1.995323572959099678e+00
1.996227825681368584e+00
1.996710739464595319e+00
1.995074873917723313e+00
1.997470866255208755e+00
1.997640246475065107e+00
1.997915035126193173e+00
1.998546729882558104e+00
1.998692116989994716e+00
1.997731234682233792e+00
1.997001714176601883e+00
1.997442484676063890e+00
1.996944277517257227e+00
1.996078586731201643e+00
1.995077940309123665e+00
1.994591087480134695e+00
1.993939336740745638e+00
1.994175559282302945e+00
1.994220982427182376e+00
1.993739980238455223e+00
1.993538898924376968e+00
1.992753100104448283e+00
1.992839155775127935e+00
1.993528327309941561e+00
1.992909467862751693e+00
1.992440022173382008e+00
1.991689232679513699e+00
1.991568498751696392e+00
1.990896974390710339e+00
1.991050700115603034e+00
1.990524373991640950e+00
1.990291274827102219e+00
1.988928898402622769e+00
1.988635468889366598e+00
1.987988766303843802e+00
1.988146005721574516e+00
1.988240133450683844e+00
1.987013810873031527e+00
1.987514084215322274e+00
1.986699287707988981e+00
1.987030034508210141e+00
1.987531545369521480e+00
1.986529057090346884e+00
1.986898010135978776e+00
1.986403660978225405e+00
1.986081772028131631e+00
1.986439749677345157e+00
1.986011967533513056e+00
1.986478495348186435e+00
1.986348059383559184e+00
1.991265654563903809e+00
1.873469293117523193e+00
1.827456911404927498e+00
1.834102720022201538e+00
1.883505034446716353e+00
1.878106534481048584e+00
1.880890710013253253e+00
1.868652820587158203e+00
1.889613151550292969e+00
1.873258090019226163e+00
1.901531284505670660e+00
1.901110261678695679e+00
1.907351631384629487e+00
1.922910000596727675e+00
1.934665099779764752e+00
1.924138650298118591e+00
1.927415146547205360e+00
1.938749869664510017e+00
1.937766752744975784e+00
1.941071033477783203e+00
1.943144355501447373e+00
1.943676385012540031e+00
1.935248457867166261e+00
1.936659102638562446e+00
1.933472113609314036e+00
1.938561169000772244e+00
1.936534320866620140e+00
1.948367676564625395e+00
1.946905736265511333e+00
1.954432217280069883e+00
1.953973577868553857e+00
1.953505620360374451e+00
1.954994187210545409e+00
1.958192306406357774e+00
1.958134971346173980e+00
1.958792368570963616e+00
1.954757993285720419e+00
1.950109017522711596e+00
1.948314853203602315e+00
1.946850273013114974e+00
1.946866009293533040e+00
1.940685805820283383e+00
1.940555040226426220e+00
1.940661495382135504e+00
1.941063194804721448e+00
1.938777485619420649e+00
1.936544243325578396e+00
1.934859412411848778e+00
1.938174410742156351e+00
1.935398404598235977e+00
1.934800468239129767e+00
1.937148376153065676e+00
1.935383434565562055e+00
1.932043521492569527e+00
1.932096893137151605e+00
1.930838484849248582e+00
1.932439387890330540e+00
1.932702009020180522e+00
1.932249283386489047e+00
1.937358327706654837e+00
1.935242568860288559e+00
1.936243586001857642e+00
1.935040441770402131e+00
1.932690912857651711e+00
1.931846224344693663e+00
1.931472131700226802e+00
1.931528966818282900e+00
1.929086527403663265e+00
1.929472812707873297e+00
1.927965216977255647e+00
1.928728870942558959e+00
1.926794449488322014e+00
1.927050014064736638e+00
1.926632144966641036e+00
1.925559274355570505e+00
1.925686665271457931e+00
1.925595865621195113e+00
1.926159716569460389e+00
1.925316984140420296e+00
1.924947322905063540e+00
1.923880699240131165e+00
1.924150410221844076e+00
1.927031374839415001e+00
1.926696795792806727e+00
1.925520732823540193e+00
1.924884686636370246e+00
1.924724300702412849e+00
1.925299653952772028e+00
1.924510263325123205e+00
1.923092338773939369e+00
1.922801562717982637e+00
