5.230949640274047852e+00
5.008496522903442383e+00
4.445033550262451172e+00
5.160498380661010742e+00
4.966054201126098633e+00
5.958169698715209961e+00
5.578227519989013672e+00
5.688169479370117188e+00
5.958353042602539062e+00
5.378110885620117188e+00
4.579605579376220703e+00
5.494305610656738281e+00
4.568335294723510742e+00
5.718321084976196289e+00
5.170231103897094727e+00
5.703033208847045898e+00
5.333091974258422852e+00
5.898861646652221680e+00
5.553100347518920898e+00
4.340894699096679688e+00
5.531096220016479492e+00
4.901972055435180664e+00
4.634075880050659180e+00
4.797710895538330078e+00
5.055797338485717773e+00
5.622723579406738281e+00
4.927192449569702148e+00
5.293517827987670898e+00
3.782582283020019531e+00
5.238634824752807617e+00
4.549134254455566406e+00
5.580413579940795898e+00
4.488071918487548828e+00
4.289024829864501953e+00
5.469903469085693359e+00
5.215366363525390625e+00
4.872208118438720703e+00
5.707005739212036133e+00
5.120854854583740234e+00
5.486394166946411133e+00
5.541550159454345703e+00
4.672878265380859375e+00
5.375197887420654297e+00
5.757916212081909180e+00
4.644138336181640625e+00
4.874591112136840820e+00
5.749233722686767578e+00
4.871752977371215820e+00
5.323158502578735352e+00
5.086313486099243164e+00
5.451203107833862305e+00
4.673326492309570312e+00
5.399210929870605469e+00
3.394821643829345703e+00
5.691950082778930664e+00
4.919734716415405273e+00
5.853219985961914062e+00
4.926225662231445312e+00
4.972396135330200195e+00
4.874728679656982422e+00
4.270951032638549805e+00
5.818459033966064453e+00
4.378159761428833008e+00
5.488276720046997070e+00
5.380922794342041016e+00
5.700985431671142578e+00
5.240445375442504883e+00
5.967592954635620117e+00
5.054393291473388672e+00
5.244434595108032227e+00
5.655268430709838867e+00
4.743972539901733398e+00
5.210427999496459961e+00
4.781490564346313477e+00
5.667996168136596680e+00
4.667465209960937500e+00
5.568113803863525391e+00
4.974057435989379883e+00
5.811771869659423828e+00
4.697684764862060547e+00
5.351017951965332031e+00
5.703260660171508789e+00
5.654623031616210938e+00
4.661488771438598633e+00
5.101129770278930664e+00
5.779005050659179688e+00
4.927895784378051758e+00
5.553339004516601562e+00
3.992750883102416992e+00
5.355444431304931641e+00
5.396882534027099609e+00
5.467398405075073242e+00
5.785072565078735352e+00
5.351687908172607422e+00
4.775959014892578125e+00
5.687430858612060547e+00
4.799448966979980469e+00
5.585431575775146484e+00
4.319098711013793945e+00
4.731092929840087891e+00
5.758733749389648438e+00
5.759975433349609375e+00
5.193155050277709961e+00
5.542830705642700195e+00
5.583879470825195312e+00
4.785264253616333008e+00
4.180912971496582031e+00
5.282043457031250000e+00
5.880604505538940430e+00
3.946788311004638672e+00
5.258311271667480469e+00
5.424462795257568359e+00
5.695439338684082031e+00
5.619286298751831055e+00
5.666002988815307617e+00
5.105269908905029297e+00
5.315933465957641602e+00
5.633497714996337891e+00
5.566007375717163086e+00
5.804482460021972656e+00
4.940446853637695312e+00
5.598502397537231445e+00
4.782096385955810547e+00
5.772735834121704102e+00
5.414192676544189453e+00
5.532650709152221680e+00
5.712609291076660156e+00
5.295811891555786133e+00
4.378900289535522461e+00
5.150931119918823242e+00
5.383325576782226562e+00
4.590140581130981445e+00
4.898850917816162109e+00
5.368187904357910156e+00
5.337510108947753906e+00
4.668116092681884766e+00
5.320662975311279297e+00
4.240892410278320312e+00
5.749943733215332031e+00
4.906408548355102539e+00
5.027347564697265625e+00
5.090996980667114258e+00
5.428473949432373047e+00
5.681028366088867188e+00
5.652636051177978516e+00
5.575466632843017578e+00
5.759000778198242188e+00
4.336619853973388672e+00
5.085185766220092773e+00
5.654473304748535156e+00
5.651045322418212891e+00
5.780261754989624023e+00
5.346554040908813477e+00
4.701335906982421875e+00
4.440713644027709961e+00
4.551352024078369141e+00
4.376622915267944336e+00
4.828225374221801758e+00
4.900697231292724609e+00
5.027545928955078125e+00
3.986693620681762695e+00
5.703964233398437500e+00
5.730257272720336914e+00
5.516538381576538086e+00
5.155500888824462891e+00
5.361223220825195312e+00
4.834189414978027344e+00
5.135535478591918945e+00
5.491143226623535156e+00
4.281967163085937500e+00
4.472013950347900391e+00
5.135491609573364258e+00
5.457479953765869141e+00
5.632766962051391602e+00
4.854749917984008789e+00
3.822050333023071289e+00
5.203286170959472656e+00
5.179238796234130859e+00
5.151529788970947266e+00
5.119997501373291016e+00
5.727372169494628906e+00
5.710192203521728516e+00
5.067632675170898438e+00
5.289835214614868164e+00
5.126961708068847656e+00
5.669400930404663086e+00
5.700023651123046875e+00
5.632905244827270508e+00
4.975542068481445312e+00
4.457295894622802734e+00
4.915377855300903320e+00
5.384882926940917969e+00
4.236539602279663086e+00
4.821872234344482422e+00
5.028981447219848633e+00
4.703451156616210938e+00
5.826397657394409180e+00
4.926696538925170898e+00
5.013172864913940430e+00
5.718542098999023438e+00
4.833412885665893555e+00
5.310001850128173828e+00
5.521865844726562500e+00
5.517691850662231445e+00
5.756368637084960938e+00
4.571885347366333008e+00
4.587229013442993164e+00
4.819088935852050781e+00
5.523439168930053711e+00
5.049197196960449219e+00
4.594626903533935547e+00
4.991147756576538086e+00
5.859975576400756836e+00
5.002345323562622070e+00
5.689475297927856445e+00
5.738734722137451172e+00
5.608827829360961914e+00
5.777632951736450195e+00
4.783252239227294922e+00
4.969573259353637695e+00
5.569181919097900391e+00
5.565083742141723633e+00
4.433403730392456055e+00
5.470536470413208008e+00
5.509430170059204102e+00
5.574281215667724609e+00
4.328189134597778320e+00
4.270228862762451172e+00
5.876895427703857422e+00
4.942375183105468750e+00
4.596961021423339844e+00
5.727118968963623047e+00
5.483001470565795898e+00
4.963299989700317383e+00
4.732855081558227539e+00
5.080832481384277344e+00
5.691868305206298828e+00
5.072395324707031250e+00
5.393182992935180664e+00
5.385651350021362305e+00
4.616278171539306641e+00
5.180649280548095703e+00
5.676531076431274414e+00
5.712080478668212891e+00
5.295518636703491211e+00
5.482059001922607422e+00
5.064626455307006836e+00
5.107239007949829102e+00
4.935606241226196289e+00
5.010295391082763672e+00
4.777968168258666992e+00
4.796098232269287109e+00
4.695411920547485352e+00
5.239963293075561523e+00
5.740179538726806641e+00
5.961258888244628906e+00
6.046396017074584961e+00
5.036300897598266602e+00
5.127630949020385742e+00
4.575342655181884766e+00
5.091254472732543945e+00
5.814752817153930664e+00
4.673202991485595703e+00
4.076143980026245117e+00
4.923680067062377930e+00
5.254122972488403320e+00
4.637083292007446289e+00
5.513014316558837891e+00
5.336028099060058594e+00
5.160347223281860352e+00
5.768448352813720703e+00
5.729224205017089844e+00
5.444174289703369141e+00
5.592359542846679688e+00
6.026886463165283203e+00
5.684446334838867188e+00
4.732267618179321289e+00
4.648255825042724609e+00
5.648203372955322266e+00
5.649211168289184570e+00
5.766160964965820312e+00
5.358328104019165039e+00
5.441941738128662109e+00
4.245745182037353516e+00
5.399988412857055664e+00
5.568938970565795898e+00
4.796665668487548828e+00
5.125707626342773438e+00
4.843307256698608398e+00
5.677554607391357422e+00
5.198779344558715820e+00
5.501382112503051758e+00
4.800783634185791016e+00
4.994502067565917969e+00
5.638809204101562500e+00
5.715713977813720703e+00
4.869050502777099609e+00
4.566706418991088867e+00
4.713986158370971680e+00
4.459849119186401367e+00
4.959576606750488281e+00
5.489329099655151367e+00
5.153487205505371094e+00
4.305368661880493164e+00
6.124887466430664062e+00
4.715307712554931641e+00
5.002222061157226562e+00
5.380337238311767578e+00
5.631988525390625000e+00
4.923795938491821289e+00
5.543631792068481445e+00
6.010424613952636719e+00
5.312081336975097656e+00
5.601505041122436523e+00
3.962728977203369141e+00
5.217977523803710938e+00
4.730690240859985352e+00
5.490730285644531250e+00
4.321766138076782227e+00
5.751588344573974609e+00
5.137036561965942383e+00
5.458009719848632812e+00
4.661466121673583984e+00
4.445274114608764648e+00
5.163004398345947266e+00
5.907413959503173828e+00
5.672194480895996094e+00
5.823868036270141602e+00
5.825128555297851562e+00
5.610135555267333984e+00
5.692759275436401367e+00
4.212542772293090820e+00
4.680851936340332031e+00
6.036515951156616211e+00
5.195966958999633789e+00
5.082810640335083008e+00
5.149759292602539062e+00
4.960473537445068359e+00
4.931519269943237305e+00
5.435793161392211914e+00
4.788431882858276367e+00
4.712536096572875977e+00
5.453978776931762695e+00
5.268503427505493164e+00
5.587758302688598633e+00
5.906911134719848633e+00
5.663951396942138672e+00
5.303474426269531250e+00
5.450163602828979492e+00
4.660700082778930664e+00
5.811858654022216797e+00
5.657619714736938477e+00
4.967807531356811523e+00
4.825100421905517578e+00
5.663234710693359375e+00
5.596205949783325195e+00
5.604413747787475586e+00
5.050849437713623047e+00
5.859525203704833984e+00
5.497355699539184570e+00
5.967569589614868164e+00
5.529047489166259766e+00
5.769602060317993164e+00
4.992269754409790039e+00
4.966937065124511719e+00
5.708487272262573242e+00
3.193194389343261719e+00
4.305580615997314453e+00
4.900704145431518555e+00
5.173261642456054688e+00
5.498877763748168945e+00
3.769938230514526367e+00
4.598969221115112305e+00
5.748849630355834961e+00
5.351914405822753906e+00
4.859544754028320312e+00
5.935517311096191406e+00
5.597483396530151367e+00
6.030566215515136719e+00
4.974678516387939453e+00
5.226438045501708984e+00
5.405894756317138672e+00
5.842550992965698242e+00
4.585932016372680664e+00
4.736363410949707031e+00
5.761781454086303711e+00
5.916867971420288086e+00
5.476792812347412109e+00
5.583631992340087891e+00
5.485638141632080078e+00
4.989328384399414062e+00
5.208627939224243164e+00
4.650668382644653320e+00
5.430712461471557617e+00
4.218330383300781250e+00
4.306329488754272461e+00
5.466038703918457031e+00
5.343352079391479492e+00
5.688335657119750977e+00
5.279861688613891602e+00
5.300951957702636719e+00
5.430258274078369141e+00
5.871896028518676758e+00
4.327601909637451172e+00
5.139002323150634766e+00
4.531650066375732422e+00
5.438981294631958008e+00
4.808465957641601562e+00
4.954727649688720703e+00
4.991393566131591797e+00
5.669125318527221680e+00
5.593933105468750000e+00
4.995190858840942383e+00
5.265183210372924805e+00
3.721616268157958984e+00
5.767398595809936523e+00
4.846321582794189453e+00
5.407478809356689453e+00
5.046873331069946289e+00
3.999214887619018555e+00
5.629740238189697266e+00
5.523296356201171875e+00
4.984678745269775391e+00
5.417371273040771484e+00
4.257686138153076172e+00
5.128872156143188477e+00
5.488569736480712891e+00
5.477028846740722656e+00
5.316055059432983398e+00
4.968147277832031250e+00
5.398323535919189453e+00
4.736589431762695312e+00
4.994353771209716797e+00
5.043878316879272461e+00
4.995120286941528320e+00
4.813147544860839844e+00
4.867839813232421875e+00
5.483270406723022461e+00
4.546656370162963867e+00
4.697806596755981445e+00
5.053164005279541016e+00
5.337384462356567383e+00
3.555499076843261719e+00
5.360264301300048828e+00
5.645701169967651367e+00
5.525353193283081055e+00
4.551738977432250977e+00
4.612924337387084961e+00
5.939582824707031250e+00
5.528762578964233398e+00
4.607657194137573242e+00
5.391852617263793945e+00
5.290011882781982422e+00
5.201493978500366211e+00
5.687171459197998047e+00
4.851457118988037109e+00
5.830108642578125000e+00
4.811410665512084961e+00
5.238996028900146484e+00
4.374562740325927734e+00
4.953921794891357422e+00
5.348715782165527344e+00
5.432396173477172852e+00
4.326138257980346680e+00
5.962569952011108398e+00
5.667394638061523438e+00
4.679342031478881836e+00
5.034282207489013672e+00
5.377117395401000977e+00
5.870124816894531250e+00
4.562092542648315430e+00
4.739817619323730469e+00
5.173970222473144531e+00
4.828913211822509766e+00
4.979350328445434570e+00
4.856817007064819336e+00
5.071529150009155273e+00
3.900766372680664062e+00
4.933070659637451172e+00
4.867194652557373047e+00
5.371109962463378906e+00
5.116913318634033203e+00
5.040930271148681641e+00
4.614538192749023438e+00
5.889070987701416016e+00
4.964733123779296875e+00
4.149083852767944336e+00
5.021998405456542969e+00
4.412574768066406250e+00
5.359383583068847656e+00
5.384981870651245117e+00
4.338563203811645508e+00
5.218209266662597656e+00
4.667530298233032227e+00
5.742436885833740234e+00
5.572659254074096680e+00
5.325997591018676758e+00
5.419674158096313477e+00
5.029012680053710938e+00
5.362475872039794922e+00
5.452063560485839844e+00
5.693871736526489258e+00
5.002200365066528320e+00
4.897581815719604492e+00
5.510035753250122070e+00
5.191791534423828125e+00
5.667001485824584961e+00
4.639979124069213867e+00
5.000670194625854492e+00
4.009721755981445312e+00
5.832720279693603516e+00
4.512291193008422852e+00
4.910205125808715820e+00
5.580550670623779297e+00
5.582135200500488281e+00
4.245308637619018555e+00
3.872450113296508789e+00
4.523109912872314453e+00
4.468969583511352539e+00
4.862305641174316406e+00
4.226306676864624023e+00
5.531474351882934570e+00
4.631657123565673828e+00
5.410479784011840820e+00
5.003811836242675781e+00
5.419010877609252930e+00
4.383845329284667969e+00
4.194726467132568359e+00
4.570167541503906250e+00
5.010194301605224609e+00
3.823434352874755859e+00
4.909049749374389648e+00
5.104219675064086914e+00
5.887823343276977539e+00
5.800803661346435547e+00
4.958392858505249023e+00
4.593830108642578125e+00
4.637643575668334961e+00
5.038834571838378906e+00
5.475499868392944336e+00
5.830301284790039062e+00
5.383100748062133789e+00
5.805957794189453125e+00
5.232972621917724609e+00
5.093470096588134766e+00
5.573816299438476562e+00
5.941486835479736328e+00
4.569333553314208984e+00
5.558039665222167969e+00
3.571652173995971680e+00
5.588964939117431641e+00
5.666286945343017578e+00
4.954175233840942383e+00
5.682773351669311523e+00
5.156280755996704102e+00
5.219020366668701172e+00
5.514180183410644531e+00
5.599351882934570312e+00
5.860219001770019531e+00
5.453337669372558594e+00
4.652186632156372070e+00
4.735425949096679688e+00
5.543902635574340820e+00
4.419524908065795898e+00
5.864887475967407227e+00
5.392225980758666992e+00
5.818234682083129883e+00
5.456149339675903320e+00
4.691743135452270508e+00
5.686368227005004883e+00
4.893929481506347656e+00
5.492611169815063477e+00
5.311442136764526367e+00
6.003654241561889648e+00
6.130303859710693359e+00
5.231440305709838867e+00
5.660223722457885742e+00
3.909060239791870117e+00
5.089778184890747070e+00
6.179612636566162109e+00
5.133859157562255859e+00
6.217044115066528320e+00
6.206865787506103516e+00
5.845949172973632812e+00
5.740839242935180664e+00
6.135478258132934570e+00
5.720119714736938477e+00
6.193099260330200195e+00
6.062896490097045898e+00
6.099265336990356445e+00
5.826223373413085938e+00
4.864960193634033203e+00
4.620374441146850586e+00
5.207890510559082031e+00
5.939364433288574219e+00
5.133676290512084961e+00
5.656262397766113281e+00
4.383747339248657227e+00
5.262332916259765625e+00
5.880691289901733398e+00
6.120554685592651367e+00
5.262812137603759766e+00
6.138674974441528320e+00
5.230620861053466797e+00
4.738506555557250977e+00
4.819734811782836914e+00
5.067731857299804688e+00
5.961752891540527344e+00
6.135393857955932617e+00
5.941310644149780273e+00
4.823548078536987305e+00
5.277084350585937500e+00
5.978532314300537109e+00
5.235419750213623047e+00
5.805507898330688477e+00
6.239892959594726562e+00
6.111213684082031250e+00
5.848793506622314453e+00
6.177119493484497070e+00
5.732616186141967773e+00
5.881226539611816406e+00
5.576604843139648438e+00
5.941817760467529297e+00
5.761577844619750977e+00
5.799594402313232422e+00
5.255853891372680664e+00
5.224160671234130859e+00
3.879900455474853516e+00
5.926451921463012695e+00
5.245776891708374023e+00
4.573390245437622070e+00
6.228119611740112305e+00
6.088225364685058594e+00
5.734787702560424805e+00
4.875441074371337891e+00
5.276022434234619141e+00
5.136671781539916992e+00
5.993704080581665039e+00
5.422597885131835938e+00
5.848098754882812500e+00
5.906324863433837891e+00
6.112776517868041992e+00
6.067797183990478516e+00
4.480497837066650391e+00
5.638694047927856445e+00
4.571273088455200195e+00
5.982174634933471680e+00
6.165964841842651367e+00
4.687958240509033203e+00
5.543983936309814453e+00
4.557471990585327148e+00
5.893286705017089844e+00
5.517546892166137695e+00
5.333544015884399414e+00
4.090780735015869141e+00
5.600127458572387695e+00
4.798398971557617188e+00
5.265386819839477539e+00
5.344891548156738281e+00
5.972707271575927734e+00
4.872985124588012695e+00
5.960389375686645508e+00
5.322467565536499023e+00
5.986179113388061523e+00
5.158369541168212891e+00
5.857353210449218750e+00
6.173510551452636719e+00
6.162789106369018555e+00
5.545745611190795898e+00
5.917575120925903320e+00
4.499784946441650391e+00
6.041187763214111328e+00
5.254123210906982422e+00
5.673881769180297852e+00
5.644996643066406250e+00
5.358531951904296875e+00
5.495901107788085938e+00
5.744343996047973633e+00
5.071849822998046875e+00
5.452336072921752930e+00
5.505954742431640625e+00
5.512647390365600586e+00
5.656707048416137695e+00
5.543322563171386719e+00
5.800140857696533203e+00
4.015694379806518555e+00
6.139944791793823242e+00
5.657627820968627930e+00
5.063579797744750977e+00
5.207162380218505859e+00
5.519268035888671875e+00
5.550190448760986328e+00
5.029515743255615234e+00
6.018644332885742188e+00
6.074733495712280273e+00
5.503664255142211914e+00
5.321918010711669922e+00
5.473396062850952148e+00
5.448497056961059570e+00
5.176256179809570312e+00
6.022355079650878906e+00
5.670843124389648438e+00
6.103299617767333984e+00
5.678499221801757812e+00
5.321602821350097656e+00
6.300495386123657227e+00
4.448722124099731445e+00
5.577749967575073242e+00
6.040558576583862305e+00
5.662436962127685547e+00
5.390185117721557617e+00
5.870064020156860352e+00
5.593252897262573242e+00
5.951791763305664062e+00
5.642404556274414062e+00
5.764529943466186523e+00
5.868643999099731445e+00
5.333352565765380859e+00
5.898814916610717773e+00
5.719335079193115234e+00
5.652090787887573242e+00
6.309463024139404297e+00
4.729081392288208008e+00
6.157423019409179688e+00
5.684384584426879883e+00
6.127522706985473633e+00
5.572880983352661133e+00
6.163625955581665039e+00
5.198860406875610352e+00
4.357788562774658203e+00
5.675539970397949219e+00
6.208358764648437500e+00
4.905117034912109375e+00
4.444510698318481445e+00
5.332838058471679688e+00
5.039244890213012695e+00
5.284734249114990234e+00
6.162104606628417969e+00
5.776762008666992188e+00
4.764664888381958008e+00
5.780298471450805664e+00
5.975117683410644531e+00
5.711275100708007812e+00
6.005153894424438477e+00
5.192757368087768555e+00
5.544622421264648438e+00
5.570012807846069336e+00
6.257884740829467773e+00
5.743144273757934570e+00
4.322454452514648438e+00
5.970375537872314453e+00
6.138100385665893555e+00
6.320373296737670898e+00
5.741209983825683594e+00
5.658740520477294922e+00
4.808113574981689453e+00
4.693257570266723633e+00
5.567549467086791992e+00
4.795111417770385742e+00
5.664556980133056641e+00
5.705209255218505859e+00
5.685735225677490234e+00
5.168017864227294922e+00
5.018179416656494141e+00
5.299280881881713867e+00
5.246703624725341797e+00
3.998809337615966797e+00
5.251575946807861328e+00
5.026450872421264648e+00
5.093316555023193359e+00
5.043418407440185547e+00
5.944468259811401367e+00
6.157175302505493164e+00
6.040390253067016602e+00
6.112944602966308594e+00
5.895372390747070312e+00
6.055438995361328125e+00
6.043855428695678711e+00
6.087955951690673828e+00
5.559347629547119141e+00
5.605853319168090820e+00
5.560738325119018555e+00
6.253474473953247070e+00
5.904070615768432617e+00
4.986452579498291016e+00
4.330724477767944336e+00
5.994055032730102539e+00
6.260439157485961914e+00
5.243606328964233398e+00
6.159758567810058594e+00
5.974942445755004883e+00
6.151559829711914062e+00
5.670579910278320312e+00
5.693519353866577148e+00
5.426906347274780273e+00
5.069766759872436523e+00
4.158049106597900391e+00
5.220652580261230469e+00
5.113815784454345703e+00
6.261273384094238281e+00
5.015081405639648438e+00
5.505754232406616211e+00
5.992332935333251953e+00
6.192566871643066406e+00
6.314434528350830078e+00
5.918751955032348633e+00
6.216739177703857422e+00
5.830712556838989258e+00
5.134722471237182617e+00
6.068240880966186523e+00
5.712985038757324219e+00
5.995823621749877930e+00
5.813157081604003906e+00
5.956676483154296875e+00
5.282146215438842773e+00
5.558288574218750000e+00
5.109837293624877930e+00
5.448049783706665039e+00
5.579116582870483398e+00
5.714629888534545898e+00
5.892537593841552734e+00
4.303256273269653320e+00
4.648659706115722656e+00
6.105654239654541016e+00
5.410318374633789062e+00
5.430250406265258789e+00
6.383219480514526367e+00
6.262351989746093750e+00
5.488511085510253906e+00
6.131948471069335938e+00
5.949685573577880859e+00
6.051985263824462891e+00
5.591141700744628906e+00
5.853736162185668945e+00
6.138645648956298828e+00
5.878960609436035156e+00
6.179319381713867188e+00
6.093220949172973633e+00
5.086700677871704102e+00
5.895620346069335938e+00
5.649368047714233398e+00
5.237447023391723633e+00
5.125753402709960938e+00
6.128665924072265625e+00
6.126803159713745117e+00
4.626773595809936523e+00
6.070871591567993164e+00
5.769481182098388672e+00
4.809751510620117188e+00
5.658656358718872070e+00
5.310664176940917969e+00
5.912723302841186523e+00
5.567858934402465820e+00
3.955485105514526367e+00
5.864794492721557617e+00
5.423276424407958984e+00
5.223417282104492188e+00
5.824189186096191406e+00
5.164628267288208008e+00
6.038588523864746094e+00
5.888014316558837891e+00
4.981167316436767578e+00
5.641906023025512695e+00
5.686443090438842773e+00
6.077509403228759766e+00
6.397491931915283203e+00
5.353456735610961914e+00
6.213554143905639648e+00
5.830839633941650391e+00
6.378529787063598633e+00
5.262651681900024414e+00
6.102987289428710938e+00
6.156864881515502930e+00
6.068384408950805664e+00
4.747367143630981445e+00
5.600656032562255859e+00
5.633432626724243164e+00
4.907869338989257812e+00
6.075559139251708984e+00
5.648566961288452148e+00
5.667651176452636719e+00
5.240617752075195312e+00
4.679354429244995117e+00
5.635654449462890625e+00
5.253091812133789062e+00
5.765037536621093750e+00
5.827510118484497070e+00
5.956021785736083984e+00
5.089554071426391602e+00
4.985343933105468750e+00
4.436782598495483398e+00
5.181948900222778320e+00
6.007477998733520508e+00
6.023834466934204102e+00
4.980358600616455078e+00
5.888465642929077148e+00
5.903092861175537109e+00
5.187199115753173828e+00
5.073206186294555664e+00
5.153510332107543945e+00
5.448234558105468750e+00
6.019600391387939453e+00
6.658547878265380859e+00
5.386089563369750977e+00
4.759846210479736328e+00
5.481796026229858398e+00
4.622855186462402344e+00
5.248747587203979492e+00
5.718467473983764648e+00
5.495626211166381836e+00
5.616794824600219727e+00
4.108421325683593750e+00
5.266405820846557617e+00
4.656482219696044922e+00
4.475284814834594727e+00
5.263835430145263672e+00
4.715054273605346680e+00
4.112192392349243164e+00
5.165175199508666992e+00
5.058719396591186523e+00
4.982398271560668945e+00
5.926475286483764648e+00
4.583622455596923828e+00
5.351234197616577148e+00
4.948225975036621094e+00
5.578764438629150391e+00
5.175079584121704102e+00
5.542365789413452148e+00
5.243339061737060547e+00
5.736251592636108398e+00
5.298313617706298828e+00
4.249419927597045898e+00
4.392400979995727539e+00
5.591832160949707031e+00
5.187583684921264648e+00
5.694761753082275391e+00
4.030177354812622070e+00
5.549983501434326172e+00
5.665587902069091797e+00
7.022446870803833008e+00
5.388374328613281250e+00
4.963729381561279297e+00
5.741521835327148438e+00
5.567718982696533203e+00
5.939292430877685547e+00
5.054239273071289062e+00
5.494375944137573242e+00
4.903835058212280273e+00
5.629136323928833008e+00
4.969098806381225586e+00
5.682235240936279297e+00
4.917950868606567383e+00
5.948678731918334961e+00
5.261645555496215820e+00
5.413356781005859375e+00
3.302025794982910156e+00
5.728640794754028320e+00
4.571061611175537109e+00
4.866640567779541016e+00
4.997444868087768555e+00
5.648911476135253906e+00
5.456504344940185547e+00
5.365506410598754883e+00
4.827272891998291016e+00
5.681454896926879883e+00
5.341730594635009766e+00
5.614738225936889648e+00
5.055921077728271484e+00
5.992560386657714844e+00
5.542395114898681641e+00
5.502999067306518555e+00
4.107863664627075195e+00
3.954862594604492188e+00
5.307030916213989258e+00
5.156295061111450195e+00
4.795556545257568359e+00
5.111673355102539062e+00
3.161924362182617188e+00
4.700937271118164062e+00
5.410150289535522461e+00
5.681181430816650391e+00
5.756105661392211914e+00
5.286899566650390625e+00
6.521156072616577148e+00
7.080904722213745117e+00
5.333074092864990234e+00
6.047416448593139648e+00
4.266592502593994141e+00
5.153979063034057617e+00
4.627189159393310547e+00
4.936087369918823242e+00
5.472242116928100586e+00
5.156285524368286133e+00
5.538845539093017578e+00
5.620964050292968750e+00
5.601736545562744141e+00
4.215618133544921875e+00
5.428514003753662109e+00
5.367953300476074219e+00
5.500879049301147461e+00
5.101619005203247070e+00
5.449817657470703125e+00
4.922770261764526367e+00
4.745918512344360352e+00
5.105057954788208008e+00
3.809658527374267578e+00
4.836560964584350586e+00
3.865749597549438477e+00
5.314059257507324219e+00
4.860477685928344727e+00
5.629117488861083984e+00
4.955909967422485352e+00
5.160564899444580078e+00
4.193794250488281250e+00
5.429879665374755859e+00
4.604673862457275391e+00
4.978971004486083984e+00
5.535265445709228516e+00
5.067850112915039062e+00
4.598758220672607422e+00
4.841269493103027344e+00
5.781702041625976562e+00
4.680741071701049805e+00
5.269289493560791016e+00
4.645326852798461914e+00
4.863451957702636719e+00
2.873771905899047852e+00
5.385821342468261719e+00
4.090368747711181641e+00
5.927462100982666016e+00
5.104801654815673828e+00
4.590945959091186523e+00
5.161373138427734375e+00
5.871763229370117188e+00
4.609945058822631836e+00
5.982612848281860352e+00
5.395080804824829102e+00
5.776823520660400391e+00
5.905209064483642578e+00
5.112135410308837891e+00
5.972382783889770508e+00
4.586422204971313477e+00
5.033463239669799805e+00
5.774950742721557617e+00
5.502371311187744141e+00
5.672367334365844727e+00
5.464334964752197266e+00
5.259932756423950195e+00
4.911900281906127930e+00
5.725122928619384766e+00
5.266739845275878906e+00
