1.585534811019897461e-01
1.941192299127578735e-01
1.795345048109690256e-01
1.873682737350463867e-01
1.947334349155425970e-01
1.859665513038635254e-01
1.855804537023816869e-01
1.848825812339782715e-01
1.922943658298916225e-01
1.961300373077392578e-01
1.968903704123063647e-01
1.985379718244075775e-01
1.976000448832145040e-01
2.020845104541097448e-01
1.996578286091486576e-01
2.020990261808037758e-01
1.993554997093537340e-01
2.023499665988816032e-01
2.068900567920584355e-01
2.096492566168308147e-01
2.086536777870995618e-01
2.096672701564702146e-01
2.104644328355789185e-01
2.143955547362565994e-01
2.139409881830215410e-01
2.160047183816249661e-01
2.157740902017664109e-01
2.142722904682159424e-01
2.145109875448818759e-01
2.135533233483632443e-01
2.149821096850979829e-01
2.157554691657423973e-01
2.161700775225957327e-01
2.152624380062608256e-01
2.147924695696149522e-01
2.135193265146679287e-01
2.139521756687679799e-01
2.133792772104865509e-01
2.135929736571434145e-01
2.139880456030368860e-01
2.158640107003653996e-01
2.162360591547829725e-01
2.177854194197543780e-01
2.200629304755817861e-01
2.197043716907501332e-01
2.196115579294121711e-01
2.243763443003309599e-01
2.271700333803892136e-01
2.280123215548846283e-01
2.282589232921600209e-01
2.299484639775519201e-01
2.313912728658089335e-01
2.327223122119903564e-01
2.346855573080204038e-01
2.355982926758852791e-01
2.369625637573855303e-01
2.374707110095442275e-01
2.383811520091418668e-01
2.394325551340135416e-01
2.410270313421885302e-01
2.421025790152002422e-01
2.435906423676398591e-01
2.454529612783401815e-01
2.473446330986917019e-01
2.482810052541586099e-01
2.487244416366923838e-01
2.490637960718638799e-01
2.496774126501644375e-01
2.501085767711418439e-01
2.516679691416876530e-01
2.521627604121893240e-01
2.538284526930915108e-01
2.547894144711428943e-01
2.560762972445101426e-01
2.580913178126017504e-01
2.591227520453302513e-01
2.604552217118151769e-01
2.613916332140946985e-01
2.625938257839106060e-01
2.627477679401636346e-01
2.638907230194704190e-01
2.648794305760686085e-01
2.666507790605706085e-01
2.672846214402289644e-01
2.688901287667891382e-01
2.696356568918671925e-01
2.703377909358890552e-01
2.701342475007880717e-01
2.705809008539392657e-01
2.712792770730124703e-01
2.718554063812717025e-01
2.722622852610505073e-01
2.728875356335793700e-01
2.735222346605138410e-01
2.737956197638260480e-01
2.743748637537161694e-01
2.748765693497411955e-01
2.756519250723780678e-01
2.762977667529173398e-01
2.773271611332893127e-01
2.810924498751611877e-01
2.872489816417880815e-01
2.920446948519030972e-01
2.964352160119093638e-01
3.012603507155463545e-01
3.066849064714503581e-01
3.113418012578910710e-01
3.159422358428990441e-01
3.196090320381549388e-01
3.236291741782968967e-01
3.275093793332039538e-01
3.307961020618677139e-01
3.339190016278123507e-01
3.373958214856030424e-01
3.405232924482096690e-01
3.445714426965549304e-01
3.483901912840003390e-01
3.514442027120266987e-01
3.625671400242492792e-01
3.655980842808882469e-01
3.685546372055022446e-01
3.705994259627138909e-01
3.735419175004571213e-01
3.765737676332073791e-01
3.789943525791168444e-01
3.817445467861871888e-01
3.848183157406454002e-01
3.868335701990872622e-01
3.894424796566482438e-01
3.924795909569813723e-01
3.939820498455571807e-01
3.961109250332369713e-01
3.977710396275484506e-01
4.003089134817692796e-01
4.030305816067589753e-01
4.071620902156128374e-01
4.092388372786723849e-01
4.112280548914619138e-01
4.146719435564905631e-01
4.162308099014418450e-01
4.180961375963603288e-01
4.199377040208225331e-01
4.216231068114300595e-01
4.234320328881343021e-01
4.248727138700156281e-01
4.279115320476767348e-01
4.289741214035319716e-01
4.310133890122980760e-01
4.328678816356915093e-01
4.344439897934595507e-01
4.385357102416209130e-01
4.429575889126250443e-01
4.461357357844807914e-01
4.488692943538938329e-01
4.517964695730516955e-01
4.543478506115766757e-01
4.574353799318811586e-01
4.610447398846662659e-01
4.635994147579625135e-01
4.673296099528670422e-01
4.697773280721273537e-01
4.723363689802311249e-01
4.747321216240982245e-01
4.768247333605115101e-01
4.788568762215700825e-01
4.814004580299538483e-01
4.835824072360992432e-01
4.867393550063882635e-01
4.888741710834954568e-01
4.915551047114765093e-01
4.939880578490028484e-01
4.965412715493246476e-01
4.984318550266971237e-01
5.003675196705192896e-01
5.027079164981842485e-01
5.045987467535517634e-01
5.068211102553006331e-01
5.090979148497741802e-01
5.106446055393645267e-01
5.124225681026776114e-01
5.153385221299545682e-01
5.169536102931577837e-01
5.185513696709617149e-01
5.200057222467401319e-01
5.218183019676724266e-01
5.237565449168605225e-01
5.251987520704932688e-01
5.270038854251516414e-01
5.288952496001328996e-01
5.304881574291931967e-01
5.315834453904816348e-01
5.331684600872298452e-01
9.566296339035034180e-01
9.248675107955932617e-01
8.914282123247782019e-01
8.779955953359603882e-01
8.643846869468688743e-01
8.509819010893503455e-01
8.313869408198765187e-01
8.279823437333106995e-01
8.193421496285332450e-01
8.052842259407043679e-01
7.939502867785367402e-01
7.862542768319448205e-01
7.778750841434185492e-01
7.716075352260044484e-01
7.671738664309183386e-01
7.597203515470027924e-01
7.532775612438425972e-01
7.572473287582397461e-01
7.493187063618710342e-01
7.456472575664520042e-01
7.431815635590326430e-01
7.404133514924482462e-01
7.381541158842004346e-01
7.375192791223526001e-01
7.408574080467223988e-01
7.408763307791489394e-01
7.381624822263364027e-01
7.342507115432194142e-01
7.285450244772022632e-01
7.258231242497762414e-01
7.257191634947254277e-01
7.233807276934385300e-01
7.200014320286837188e-01
7.175114838516011284e-01
7.169592380523681641e-01
7.166130940119425086e-01
7.173747726388879364e-01
7.140813093436392256e-01
7.120496019338949933e-01
7.100061297416686568e-01
7.084103968085312397e-01
7.068286282675606547e-01
7.063050408696018856e-01
7.059484124183654785e-01
7.032076464758978407e-01
7.017203180686287789e-01
7.004707874135768231e-01
7.009293635686238977e-01
7.003359612153501335e-01
6.996015334129332963e-01
7.023933892156563052e-01
7.015224030384650256e-01
6.999844650052627903e-01
6.991500964871159018e-01
6.973866245963357136e-01
6.959944186466080485e-01
6.961100059643126059e-01
7.013877465807157874e-01
7.098158638356095729e-01
7.191026826699574714e-01
7.275334889771508662e-01
7.337118502586118529e-01
7.395361188858274870e-01
7.484979070723056793e-01
7.556251525878906472e-01
7.614878813425699500e-01
7.658263978673450767e-01
7.691891158328336697e-01
7.724626427111418447e-01
7.752473013741629781e-01
7.804973998539884716e-01
7.838624268770217896e-01
7.873450582974577117e-01
7.932424625834902931e-01
7.955914195378621656e-01
7.978737942482295731e-01
7.998139432498386769e-01
8.021094340544480117e-01
8.045916134798074548e-01
8.088166147470474687e-01
8.125028418905940741e-01
8.165220763625168354e-01
8.192447021783116901e-01
8.224975324812389132e-01
8.259991954354678478e-01
8.293471045272294839e-01
8.316291570663452148e-01
8.354359865188598633e-01
8.371228414974855037e-01
8.403561161624060194e-01
8.440038771419734465e-01
8.450537952391997676e-01
8.473858109084508872e-01
8.499149800615107830e-01
8.519324974009865326e-01
8.543852859487136575e-01
8.562974690162029612e-01
8.590176902255233227e-01
8.620935961453601859e-01
8.639045649766922130e-01
8.661767025985339652e-01
8.672799508945614466e-01
8.703393722043454295e-01
8.712821677327156067e-01
8.733368288903009535e-01
8.747156909051930773e-01
8.758126536262369477e-01
8.768215620959246559e-01
8.765970681785443253e-01
8.752274903384121840e-01
8.744430133888313472e-01
8.741571903228759766e-01
8.738134366221133043e-01
8.727390436749709046e-01
8.724780160447825894e-01
8.709854817595975573e-01
8.695975312819848035e-01
8.679258808241052670e-01
8.664916082590568003e-01
8.652840326229731538e-01
8.634272853205026133e-01
8.630509112702041685e-01
8.615578253094743344e-01
8.603833937837231938e-01
8.591873030662536825e-01
8.581811322106255302e-01
8.580154372951177555e-01
8.565261024050414562e-01
8.561799406081207486e-01
8.554137660906865337e-01
8.542134907409435485e-01
8.531436482162186863e-01
8.516801613614075617e-01
8.509942635671415845e-01
8.499647171409041579e-01
8.494062533273416538e-01
8.487509998091815611e-01
8.481712302435999717e-01
8.482969446147946568e-01
8.475761869124003312e-01
8.467482603188102308e-01
8.459702558080914869e-01
8.451111124945687170e-01
8.440281359685791740e-01
8.427921196510052004e-01
8.415700736111157987e-01
8.410691063420302482e-01
8.408724754243284139e-01
8.405074457194181559e-01
8.413257086277008412e-01
8.396306444477561470e-01
8.394557437614390549e-01
8.382399760040581960e-01
8.378477251374876200e-01
8.366423849136598312e-01
8.360488403301972182e-01
8.351431891417048226e-01
8.352109506914887627e-01
8.369444529965238688e-01
8.384886678308248742e-01
8.416252606403753500e-01
8.432633394812359962e-01
8.450952969445773011e-01
8.478627790038179013e-01
8.500900156570203592e-01
8.527855862335986803e-01
8.551389132431167495e-01
8.573872890500795485e-01
8.592734566101660754e-01
8.603227212148554237e-01
8.626762004623635960e-01
8.657647887634676298e-01
8.676612725147622163e-01
8.692933941024473254e-01
8.702868097169058625e-01
8.723178786987607625e-01
8.742368581604822442e-01
8.754102443711141435e-01
8.768402687664138551e-01
8.789325584967930816e-01
8.800643949218875939e-01
8.811657857763898205e-01
8.824156213327835063e-01
8.835507472572119436e-01
8.848592883831746247e-01
8.861867506657877813e-01
8.874903907750379961e-01
8.895203201694691364e-01
8.906919423234526123e-01
8.920736127778103874e-01
8.926232953346212584e-01
8.937606898446878168e-01
1.138282299041748047e+00
1.190090179443359375e+00
1.198285182317097908e+00
1.146366059780120850e+00
1.148917770385742276e+00
1.138132929801940918e+00
1.133297954286847764e+00
1.137979239225387573e+00
1.135458469390869141e+00
1.126415061950683638e+00
1.121635296128012937e+00
1.116874963045120239e+00
1.108480435151320220e+00
1.110666709286826093e+00
1.095692030588785837e+00
1.090759441256523132e+00
1.126884095809038921e+00
1.161192549599541657e+00
1.209857087386281949e+00
1.236191475391387851e+00
1.263331606274559427e+00
1.298842039975252938e+00
1.347412648408309321e+00
1.359829912583033318e+00
1.370216646194458043e+00
1.382782601393186095e+00
1.395865109231736900e+00
1.409202034984316176e+00
1.421084145019794409e+00
1.437789130210876509e+00
1.449502195081403100e+00
1.457605604082345963e+00
1.468483596137075686e+00
1.478713736814611046e+00
1.486512388501848525e+00
1.492485562960306877e+00
1.499245801487484542e+00
1.504387061846883755e+00
1.507676347708090780e+00
1.513462606072425887e+00
1.523498116469964803e+00
1.528370953741527760e+00
1.530565783034923522e+00
1.534436342391100716e+00
1.541099868880377866e+00
1.544537230678226569e+00
1.549903025018408043e+00
1.556847475469112396e+00
1.558334807960354507e+00
1.562040548324584943e+00
1.562634692472570030e+00
1.564786347059103244e+00
1.570499109772016455e+00
1.574947686107070366e+00
1.575354441729458932e+00
1.576765264783586806e+00
1.578760603017974384e+00
1.580357082958879111e+00
1.581890193082518437e+00
1.578977773586909050e+00
1.579406445143652693e+00
1.582864476788428565e+00
1.585745302457657990e+00
1.589603947475552559e+00
1.592208735759441662e+00
1.594410941456303465e+00
1.580807000843446719e+00
1.567833350861773667e+00
1.554396438425865723e+00
1.542188467298235111e+00
1.530312412221666696e+00
1.518997833960586075e+00
1.506643160565258599e+00
1.495083766209112541e+00
1.484072396755218515e+00
1.475140242200148721e+00
1.463783110116983366e+00
1.453768364129922386e+00
1.443129425561880730e+00
1.432685919106006622e+00
1.423386361863878014e+00
1.414341962192116720e+00
1.405545284949153206e+00
1.396357834339141846e+00
1.387772858142852783e+00
1.378023459467776934e+00
1.371277256258602861e+00
1.363033042035319609e+00
1.354889124297024239e+00
1.346667104297214035e+00
1.340149756316300289e+00
1.332825152770332755e+00
1.326333807360741357e+00
1.319770021007416139e+00
1.312647503928134229e+00
1.305637171491980553e+00
1.299265017828990398e+00
1.293012345323757195e+00
1.286874350875315098e+00
1.281132738590240461e+00
1.275143569058710957e+00
1.268780686107336297e+00
1.262852661239290741e+00
1.257644562193980686e+00
1.251922899768465935e+00
1.246660396175564456e+00
1.241940073877851436e+00
1.237323272559377907e+00
1.231736900062736062e+00
1.226548407294533405e+00
1.221414835603387594e+00
1.216116051588739699e+00
1.211649746493955737e+00
1.205999194530018581e+00
1.201585381963978572e+00
1.196947263232592817e+00
1.197023116625272277e+00
1.196575932583566537e+00
1.195522970512133742e+00
1.194242641329765320e+00
1.193929621995973189e+00
1.193844897825209861e+00
1.194300668995554870e+00
1.194143928827777978e+00
1.194040286064147915e+00
1.192877813937172071e+00
1.192870064044561973e+00
1.193112287670373917e+00
1.192216317783030499e+00
1.191429786498729992e+00
1.192017703565932507e+00
1.192049939524043589e+00
1.192083431365794643e+00
1.192247227946324095e+00
1.192755360956545330e+00
1.192202461992993179e+00
1.190902229643216126e+00
1.190900282583374992e+00
1.191155283571147194e+00
1.191673070192337036e+00
1.192202161389885218e+00
1.191982333928766291e+00
1.191868301038141897e+00
1.191424327592055077e+00
1.190637620564164889e+00
1.190367807264197442e+00
1.189750274833367705e+00
1.188481241464614868e+00
1.188730901519724270e+00
1.188565932114919121e+00
1.187464544315211867e+00
1.187083815273485721e+00
1.186712146584504524e+00
1.186493924685886991e+00
1.186961272455030914e+00
1.187139965020693300e+00
1.186961981900938046e+00
1.187197209913519291e+00
1.186892711141574352e+00
1.186452576518058688e+00
1.186948699240358618e+00
1.185981715167010231e+00
1.185412891803343527e+00
1.185364255817925150e+00
1.184517715916489022e+00
1.184256559394928354e+00
1.184992551803588867e+00
1.185636723325365960e+00
1.186306193030092215e+00
1.187181187377256419e+00
1.187619862500687073e+00
1.187848987274391810e+00
1.187908960215618093e+00
1.188269463763839795e+00
1.188381304740905753e+00
1.188894216309894114e+00
1.189500110971052127e+00
1.190350970525420049e+00
1.189834365631615043e+00
1.190116092893812372e+00
1.190405723139726035e+00
1.191004439369662826e+00
1.191469750769151403e+00
1.191899534800778371e+00
1.192884564399719238e+00
1.193291039877040438e+00
1.193217095206765554e+00
1.193122444000650040e+00
1.194452369023883076e+00
1.194830888196041663e+00
1.194736057551119446e+00
1.194677801802754402e+00
1.252093076705932617e+00
1.218281686305999756e+00
1.194148778915405273e+00
1.188294708728790283e+00
1.178938412666320712e+00
1.188294132550557380e+00
1.207639047077723848e+00
1.218390375375747681e+00
1.223438209957546707e+00
1.234585523605346680e+00
1.229670849713412117e+00
1.236065308252970452e+00
1.238825293687673801e+00
1.236302282129015273e+00
1.237604403495788485e+00
1.235368706285953522e+00
1.233442657134112164e+00
1.231046881940629723e+00
1.235980127987108768e+00
