5.882919549942016602e+00
3.142395257949829102e+00
3.091659545898437500e+00
3.110174417495727539e+00
3.165909290313720703e+00
3.198445558547973633e+00
3.190151214599609375e+00
3.215340375900268555e+00
3.106468677520751953e+00
3.223886966705322266e+00
3.210902452468872070e+00
3.114360094070434570e+00
3.236435413360595703e+00
3.018354415893554688e+00
3.107655286788940430e+00
3.214956760406494141e+00
3.205235719680786133e+00
3.172191143035888672e+00
3.151348114013671875e+00
3.091828823089599609e+00
3.139307022094726562e+00
3.147509574890136719e+00
3.071872472763061523e+00
3.077239513397216797e+00
3.172706365585327148e+00
3.152647972106933594e+00
3.169294834136962891e+00
3.178165674209594727e+00
3.193456411361694336e+00
3.159932613372802734e+00
3.201872825622558594e+00
3.199338436126708984e+00
3.089810848236083984e+00
3.167258501052856445e+00
3.099049806594848633e+00
3.201576232910156250e+00
3.136750698089599609e+00
3.103950023651123047e+00
3.166896104812622070e+00
3.175627470016479492e+00
3.097142219543457031e+00
3.172177791595458984e+00
3.158860921859741211e+00
3.109767913818359375e+00
3.088321924209594727e+00
2.995227575302124023e+00
3.136214017868041992e+00
3.194572925567626953e+00
3.172776222229003906e+00
3.094823360443115234e+00
5.457363843917846680e+00
3.115971565246582031e+00
3.173000574111938477e+00
3.146924257278442383e+00
3.179007768630981445e+00
3.160445928573608398e+00
3.080464124679565430e+00
3.199906349182128906e+00
3.184965610504150391e+00
3.186028242111206055e+00
3.175807237625122070e+00
3.156468152999877930e+00
3.229377985000610352e+00
3.090967416763305664e+00
3.137884140014648438e+00
3.072616577148437500e+00
3.066679477691650391e+00
3.120882987976074219e+00
3.176851034164428711e+00
3.190078973770141602e+00
3.015171051025390625e+00
3.042702198028564453e+00
3.190586090087890625e+00
3.144568681716918945e+00
3.176685571670532227e+00
3.084414958953857422e+00
3.054912805557250977e+00
3.110424518585205078e+00
3.123612165451049805e+00
3.279567480087280273e+00
3.063440561294555664e+00
3.049878597259521484e+00
3.269855022430419922e+00
3.126519203186035156e+00
3.188279390335083008e+00
3.205575942993164062e+00
3.180639743804931641e+00
3.214762449264526367e+00
3.101759195327758789e+00
3.104805469512939453e+00
3.029274702072143555e+00
3.023130416870117188e+00
3.046262502670288086e+00
3.188476085662841797e+00
3.171471834182739258e+00
3.113242149353027344e+00
3.118328571319580078e+00
3.095175504684448242e+00
3.152090072631835938e+00
3.112365961074829102e+00
4.066508531570434570e+00
3.090452194213867188e+00
3.283074617385864258e+00
3.242792606353759766e+00
3.232394218444824219e+00
2.843112707138061523e+00
3.101407766342163086e+00
3.007924795150756836e+00
2.891960859298706055e+00
3.075491666793823242e+00
3.100679874420166016e+00
3.192647695541381836e+00
3.057616472244262695e+00
3.090438604354858398e+00
3.138334274291992188e+00
3.164394378662109375e+00
3.180155277252197266e+00
3.101898431777954102e+00
3.219395160675048828e+00
3.193479061126708984e+00
3.134940385818481445e+00
3.171111345291137695e+00
3.050675153732299805e+00
3.176204681396484375e+00
3.251554012298583984e+00
3.093410730361938477e+00
3.075421571731567383e+00
3.178620576858520508e+00
3.213569641113281250e+00
3.180210828781127930e+00
3.237881660461425781e+00
2.959777355194091797e+00
3.014744520187377930e+00
3.221817255020141602e+00
3.226831436157226562e+00
3.246411323547363281e+00
3.178647756576538086e+00
3.101604461669921875e+00
3.228190898895263672e+00
3.158220529556274414e+00
3.121932744979858398e+00
3.240432262420654297e+00
3.188695192337036133e+00
3.120519161224365234e+00
3.032832622528076172e+00
3.192425012588500977e+00
2.989910364151000977e+00
3.082181453704833984e+00
3.086537361145019531e+00
2.978395223617553711e+00
3.935075998306274414e+00
3.129134654998779297e+00
3.144533634185791016e+00
3.101875066757202148e+00
3.154463768005371094e+00
3.202350854873657227e+00
3.104748487472534180e+00
3.157776832580566406e+00
3.198818922042846680e+00
3.187510013580322266e+00
2.952049970626831055e+00
3.099330186843872070e+00
3.147854328155517578e+00
2.996373176574707031e+00
3.139969825744628906e+00
3.222194433212280273e+00
3.225495576858520508e+00
3.223899602890014648e+00
3.165300846099853516e+00
3.199330806732177734e+00
3.141072511672973633e+00
3.239425897598266602e+00
3.258614063262939453e+00
3.154419660568237305e+00
2.975550413131713867e+00
3.032013654708862305e+00
3.056354522705078125e+00
3.213152885437011719e+00
3.174412012100219727e+00
3.138314485549926758e+00
3.149999380111694336e+00
3.161396980285644531e+00
3.199519872665405273e+00
3.191747903823852539e+00
3.058256387710571289e+00
3.111300468444824219e+00
2.910456180572509766e+00
3.165781021118164062e+00
3.212617874145507812e+00
3.095215559005737305e+00
2.971420526504516602e+00
3.130801439285278320e+00
3.230709075927734375e+00
3.121093273162841797e+00
3.209142684936523438e+00
3.224436283111572266e+00
3.149852275848388672e+00
3.225044488906860352e+00
3.132414817810058594e+00
3.056391716003417969e+00
4.262261390686035156e+00
2.795624494552612305e+00
2.931662797927856445e+00
3.021183967590332031e+00
3.242062091827392578e+00
3.236795663833618164e+00
3.254221439361572266e+00
2.735732555389404297e+00
2.856244802474975586e+00
2.997575283050537109e+00
3.210192441940307617e+00
3.070404052734375000e+00
2.903476953506469727e+00
3.133521318435668945e+00
3.169508218765258789e+00
3.064192533493041992e+00
3.186800718307495117e+00
3.203352928161621094e+00
3.168087720870971680e+00
3.062227964401245117e+00
3.125988006591796875e+00
3.170708417892456055e+00
3.148862600326538086e+00
3.134783506393432617e+00
3.097365379333496094e+00
3.093504428863525391e+00
3.173661470413208008e+00
3.142739534378051758e+00
3.112428188323974609e+00
2.946595668792724609e+00
3.172405958175659180e+00
3.206319093704223633e+00
3.157730817794799805e+00
3.158502101898193359e+00
3.146497011184692383e+00
3.174551010131835938e+00
3.242783546447753906e+00
3.149124145507812500e+00
3.218004465103149414e+00
2.742999553680419922e+00
2.749428272247314453e+00
2.901239871978759766e+00
3.016771554946899414e+00
3.346924543380737305e+00
2.933304309844970703e+00
3.180472850799560547e+00
3.089392900466918945e+00
3.164937734603881836e+00
2.925183057785034180e+00
3.237391710281372070e+00
4.312355518341064453e+00
3.039289712905883789e+00
3.212269544601440430e+00
3.024123907089233398e+00
2.967613220214843750e+00
2.723329544067382812e+00
2.967833757400512695e+00
3.132835626602172852e+00
3.148685932159423828e+00
3.098770618438720703e+00
3.207356691360473633e+00
3.120558500289916992e+00
3.094212770462036133e+00
3.106369018554687500e+00
2.966474056243896484e+00
3.051553726196289062e+00
3.073334455490112305e+00
3.151788949966430664e+00
3.116644620895385742e+00
3.043671369552612305e+00
3.127123117446899414e+00
2.881472826004028320e+00
3.168055772781372070e+00
3.082456588745117188e+00
3.186157464981079102e+00
3.167507648468017578e+00
3.128049135208129883e+00
3.093030214309692383e+00
3.213474035263061523e+00
3.143516540527343750e+00
3.158916234970092773e+00
3.056092977523803711e+00
3.075242757797241211e+00
3.213192701339721680e+00
3.031984806060791016e+00
3.176493406295776367e+00
3.034131526947021484e+00
3.032618045806884766e+00
3.414454936981201172e+00
3.163689851760864258e+00
3.129592180252075195e+00
3.098916292190551758e+00
3.146127462387084961e+00
3.123580932617187500e+00
3.179068088531494141e+00
3.123053789138793945e+00
3.195736169815063477e+00
3.095078706741333008e+00
3.202408552169799805e+00
3.463738918304443359e+00
4.788649797439575195e+00
2.735931873321533203e+00
3.088898658752441406e+00
3.183997631072998047e+00
3.136145591735839844e+00
3.143899202346801758e+00
3.095534801483154297e+00
3.122713327407836914e+00
3.129254102706909180e+00
3.222569704055786133e+00
3.120861053466796875e+00
3.067561864852905273e+00
3.037708997726440430e+00
3.019348382949829102e+00
3.151119947433471680e+00
2.972846746444702148e+00
3.013190269470214844e+00
3.138719081878662109e+00
3.253974199295043945e+00
3.124180078506469727e+00
3.145584583282470703e+00
3.168070316314697266e+00
3.127520799636840820e+00
3.163791894912719727e+00
3.156467676162719727e+00
3.085321903228759766e+00
3.133248090744018555e+00
3.218932390213012695e+00
3.125948667526245117e+00
3.423511743545532227e+00
2.867442607879638672e+00
3.117397308349609375e+00
3.203656673431396484e+00
3.121561527252197266e+00
3.345039606094360352e+00
3.225204706192016602e+00
3.170817136764526367e+00
3.181177377700805664e+00
3.135824203491210938e+00
3.104637622833251953e+00
3.206197023391723633e+00
3.161066770553588867e+00
3.139906644821166992e+00
3.210813760757446289e+00
3.149179220199584961e+00
3.174472570419311523e+00
3.176254272460937500e+00
3.167820930480957031e+00
3.138383626937866211e+00
3.148290634155273438e+00
4.360729694366455078e+00
2.872922897338867188e+00
2.921095371246337891e+00
2.819807529449462891e+00
3.279001474380493164e+00
3.055899143218994141e+00
2.988182544708251953e+00
2.940438747406005859e+00
2.952943325042724609e+00
3.106730699539184570e+00
3.243317127227783203e+00
3.124064922332763672e+00
2.824343681335449219e+00
3.187978982925415039e+00
3.162894725799560547e+00
3.143920898437500000e+00
3.133830785751342773e+00
2.994647026062011719e+00
2.780900001525878906e+00
2.993646860122680664e+00
3.090527534484863281e+00
3.122686862945556641e+00
3.104398965835571289e+00
3.158730268478393555e+00
3.193997383117675781e+00
3.068451881408691406e+00
3.113127470016479492e+00
3.099250793457031250e+00
3.172071695327758789e+00
3.125533103942871094e+00
3.123420476913452148e+00
3.203112363815307617e+00
3.018057346343994141e+00
3.258648157119750977e+00
3.157977581024169922e+00
3.106730699539184570e+00
3.028491020202636719e+00
3.026852130889892578e+00
3.185668706893920898e+00
3.200157403945922852e+00
3.052044868469238281e+00
3.219579935073852539e+00
3.092032670974731445e+00
2.837019205093383789e+00
3.189584016799926758e+00
3.052977323532104492e+00
3.110411643981933594e+00
3.104059219360351562e+00
3.210678100585937500e+00
2.601901292800903320e+00
4.778492212295532227e+00
3.003931760787963867e+00
3.265744447708129883e+00
3.340186119079589844e+00
3.204836845397949219e+00
3.143779039382934570e+00
3.140565633773803711e+00
3.044036149978637695e+00
3.056985139846801758e+00
3.138919830322265625e+00
3.177225828170776367e+00
3.168508768081665039e+00
3.144628763198852539e+00
3.176625251770019531e+00
3.196062564849853516e+00
3.120885848999023438e+00
3.175228595733642578e+00
3.126340150833129883e+00
3.076287984848022461e+00
3.160646438598632812e+00
3.148460388183593750e+00
3.066631555557250977e+00
3.003170251846313477e+00
3.254993677139282227e+00
3.168004751205444336e+00
3.172268152236938477e+00
2.876665353775024414e+00
2.987498521804809570e+00
2.900254011154174805e+00
3.182424306869506836e+00
3.071604967117309570e+00
3.167234182357788086e+00
2.898453474044799805e+00
3.191926956176757812e+00
3.169785261154174805e+00
3.009879589080810547e+00
3.079423189163208008e+00
3.153070449829101562e+00
3.254096984863281250e+00
3.070814609527587891e+00
3.156005382537841797e+00
3.189888477325439453e+00
3.139325618743896484e+00
3.164646387100219727e+00
3.159895420074462891e+00
3.015207767486572266e+00
3.130807638168334961e+00
3.146876573562622070e+00
3.173195838928222656e+00
3.122895717620849609e+00
4.403222322463989258e+00
2.973948955535888672e+00
2.917772531509399414e+00
2.972872257232666016e+00
2.908243179321289062e+00
2.697547674179077148e+00
2.903539180755615234e+00
2.894822597503662109e+00
2.750932216644287109e+00
3.114944219589233398e+00
3.164364814758300781e+00
3.166981697082519531e+00
3.175795078277587891e+00
3.135587453842163086e+00
3.097962379455566406e+00
3.207412481307983398e+00
3.046323060989379883e+00
3.090167045593261719e+00
3.227239370346069336e+00
3.096107482910156250e+00
3.119756221771240234e+00
3.262011528015136719e+00
3.067223072052001953e+00
3.102534055709838867e+00
2.976622104644775391e+00
3.248301506042480469e+00
3.256098270416259766e+00
3.141207456588745117e+00
3.134308099746704102e+00
3.036635160446166992e+00
3.142694950103759766e+00
3.081436157226562500e+00
3.135404586791992188e+00
2.968012571334838867e+00
3.162970542907714844e+00
3.147331237792968750e+00
3.151121139526367188e+00
3.140455722808837891e+00
2.840972423553466797e+00
3.225188016891479492e+00
3.050133466720581055e+00
3.079319953918457031e+00
3.179563045501708984e+00
3.151824474334716797e+00
3.164403200149536133e+00
3.203258037567138672e+00
3.228672266006469727e+00
2.968318223953247070e+00
3.113381385803222656e+00
2.892031431198120117e+00
4.209579944610595703e+00
3.121726036071777344e+00
2.997719049453735352e+00
2.847808837890625000e+00
3.053519487380981445e+00
3.015364170074462891e+00
3.265705823898315430e+00
3.098168373107910156e+00
2.836166858673095703e+00
2.988649368286132812e+00
3.090411901473999023e+00
3.165099143981933594e+00
3.120810031890869141e+00
3.182957649230957031e+00
3.197272539138793945e+00
3.105797290802001953e+00
3.126135110855102539e+00
3.187450885772705078e+00
3.130520343780517578e+00
3.175482988357543945e+00
2.910120487213134766e+00
3.114275217056274414e+00
3.179719924926757812e+00
3.078590869903564453e+00
3.085529088973999023e+00
3.163054943084716797e+00
3.098149299621582031e+00
3.016437768936157227e+00
3.095039367675781250e+00
3.084833145141601562e+00
3.172356605529785156e+00
2.783835649490356445e+00
3.193807363510131836e+00
3.176490783691406250e+00
3.182493448257446289e+00
3.118953704833984375e+00
3.130897521972656250e+00
2.917302608489990234e+00
2.976494550704956055e+00
3.120312213897705078e+00
3.040452480316162109e+00
3.029406070709228516e+00
3.130374431610107422e+00
3.109893083572387695e+00
3.145457267761230469e+00
3.155523300170898438e+00
3.107301473617553711e+00
3.242779254913330078e+00
3.180581092834472656e+00
3.141766548156738281e+00
4.209441184997558594e+00
3.156546115875244141e+00
3.008984327316284180e+00
3.060522079467773438e+00
2.764045715332031250e+00
2.703966140747070312e+00
2.640615224838256836e+00
3.113703250885009766e+00
3.195968151092529297e+00
3.079968690872192383e+00
3.055804491043090820e+00
3.104763031005859375e+00
3.150579214096069336e+00
2.928385734558105469e+00
3.018926382064819336e+00
3.171988248825073242e+00
3.197932720184326172e+00
3.152363061904907227e+00
3.145048141479492188e+00
3.087692499160766602e+00
3.172706842422485352e+00
3.230465412139892578e+00
3.256631851196289062e+00
3.165537357330322266e+00
3.066959619522094727e+00
3.076245546340942383e+00
3.006082534790039062e+00
3.327213764190673828e+00
3.336685895919799805e+00
3.034360170364379883e+00
2.967109203338623047e+00
2.819618701934814453e+00
2.982431173324584961e+00
2.837600469589233398e+00
2.746491193771362305e+00
2.923080205917358398e+00
3.109881401062011719e+00
3.203189849853515625e+00
2.858539581298828125e+00
3.336988687515258789e+00
2.959089040756225586e+00
2.931689739227294922e+00
2.884391784667968750e+00
3.224827051162719727e+00
2.990555524826049805e+00
