1.844755858182907104e-01
1.808119192719459534e-01
1.635477642218271799e-01
1.601348780095577240e-01
1.631443947553634644e-01
1.648605292042096548e-01
1.752782591751643471e-01
1.883495077490806580e-01
1.845053931077321463e-01
1.855801358819007818e-01
1.899483962492509448e-01
1.927665621042251587e-01
1.951093306908240621e-01
1.971443678651537135e-01
1.962898502747217888e-01
1.959366798400878906e-01
1.940894600223092570e-01
1.927524159351984567e-01
1.929798714424434403e-01
1.920100279152393286e-01
1.965472137644177497e-01
1.979614198207855225e-01
1.992499322994895627e-01
1.968237459659576416e-01
1.997542977333068848e-01
1.978270354179235690e-01
1.995366502691198196e-01
1.998203881084918976e-01
1.998983626735621466e-01
2.003266011675198799e-01
2.010679966019045806e-01
2.021078155376017094e-01
2.030624372489524543e-01
2.038328064715161092e-01
2.042303047009876860e-01
2.051655617025163469e-01
2.086169623039864085e-01
2.092531213634892528e-01
2.087432130789145523e-01
2.099484160542487987e-01
2.112389410414346747e-01
2.123070550816399671e-01
2.128579034361728350e-01
2.128668657758019112e-01
2.137104312578837206e-01
2.135897265828174130e-01
2.138680181604750707e-01
2.160075027495622635e-01
2.158551471573965930e-01
2.155646616220474321e-01
2.181214929795732560e-01
2.204462914512707594e-01
2.234531410460202094e-01
2.268962799398987484e-01
2.283987034450877807e-01
2.297121839863913439e-01
2.321043856311262588e-01
2.347774366880285291e-01
2.354610355223639429e-01
2.369652623931566837e-01
2.376193711992169999e-01
2.388030545365425750e-01
2.401764312433818105e-01
2.415035688318312168e-01
2.436000205003298336e-01
2.447515486767797843e-01
2.469424245072834589e-01
2.469922698595944655e-01
2.482362808524698483e-01
2.494823281254087144e-01
2.501112419954488186e-01
2.506187620262305127e-01
2.510157154030995819e-01
2.515476366152634702e-01
2.518363527456919382e-01
2.527570010800110900e-01
2.533028799218016713e-01
2.531895301280877586e-01
2.538412948952445403e-01
2.554948855191468970e-01
2.558902844234748897e-01
2.566554335559286804e-01
2.564835982868470254e-01
2.572311925746145755e-01
2.570167755379396124e-01
2.573265100634375413e-01
2.574559950280463361e-01
2.567301683805205403e-01
2.564816921949386597e-01
2.571896697084108951e-01
2.576183183835102919e-01
2.577620341402033222e-01
2.583628346522648944e-01
2.582124054748961006e-01
2.585938204275934349e-01
2.593639581464231014e-01
2.601738850173261897e-01
2.608344632447982536e-01
2.609267371772515665e-01
2.614204667508602253e-01
2.653453572846875552e-01
2.688246835388389266e-01
2.729677579645971575e-01
2.763485740870237350e-01
2.797224980025064256e-01
2.834626086196809225e-01
2.882203385930194872e-01
2.917339888711770191e-01
2.953205692385315051e-01
2.978568444197828291e-01
3.002523300615516644e-01
3.025581010484269529e-01
3.049957344753552180e-01
3.071439866172639976e-01
3.095794070026148814e-01
3.123207656217032446e-01
3.154768748925282362e-01
3.175700421808129725e-01
3.202470008816037939e-01
3.222685400396585464e-01
3.252107893878763423e-01
3.270615831506056836e-01
3.288048112053212346e-01
3.311709904622647249e-01
3.327368143796921029e-01
3.348419622532904927e-01
3.359499262777839168e-01
3.384630301734432578e-01
3.401513338782066742e-01
3.414901842291538370e-01
3.441852603022378942e-01
3.459504110117753162e-01
3.475285355085717121e-01
3.491123833540660248e-01
3.509688588204207260e-01
3.526784307597314871e-01
3.544116528147328582e-01
3.552260486328083777e-01
3.573458212957107971e-01
3.586048531745161250e-01
3.599037309276296726e-01
3.617475848172752029e-01
3.632262320993663307e-01
3.644445663731958884e-01
3.654681617843693608e-01
3.670843003751480538e-01
3.678315797833358602e-01
3.690637423581368259e-01
3.701302718196139430e-01
3.707607417305310293e-01
3.745635144955274942e-01
3.790862972995168168e-01
3.827577242079903130e-01
3.854240694796884359e-01
3.886167169578613745e-01
3.916423134505748749e-01
3.951251477382745070e-01
3.982245787223683275e-01
4.007981634177502084e-01
4.034757045097648875e-01
4.056347054169044952e-01
4.077836242906840991e-01
4.097423762814398907e-01
4.123968857272369282e-01
4.151096211238340938e-01
4.166404846382428251e-01
4.187827186134761015e-01
4.212728792890196861e-01
4.231818139376725130e-01
4.252852349596865089e-01
4.271562260668180233e-01
4.288163428563018242e-01
4.305682203845481726e-01
4.321382149368866998e-01
4.352028772660664346e-01
4.374181256544860674e-01
4.402933811905693773e-01
4.419537314705634379e-01
4.433184909587465916e-01
4.451174253390894897e-01
4.469623520394056526e-01
4.488544929977301701e-01
4.507332650201568147e-01
4.523945574689170468e-01
4.539879735257174587e-01
4.562393581514717633e-01
4.572588238008519768e-01
4.583268857541236696e-01
4.596028713479874406e-01
4.616559521932350751e-01
4.633590061783166569e-01
4.649207757320255041e-01
7.501856088638305664e-01
7.378616929054260254e-01
7.299085656801859168e-01
7.236563563346862793e-01
7.259487748146057351e-01
7.250254849592844275e-01
7.340180277824401855e-01
7.262956872582435608e-01
7.252258923318650741e-01
7.069805443286896196e-01
6.968209906057878378e-01
6.886071513096491126e-01
6.883323421845068957e-01
6.844631986958640280e-01
6.772947271664937485e-01
6.738897748291492462e-01
6.689197421073913574e-01
6.608091758357154122e-01
6.555877829852857497e-01
6.508788257837295754e-01
6.489213733446030918e-01
6.472628929398276387e-01
6.459640860557556152e-01
6.475234851241111755e-01
6.467734742164611417e-01
6.435928505200606553e-01
6.428492378305505905e-01
6.412630315337862763e-01
6.378229013804731506e-01
6.325758039951324685e-01
6.318275370905476196e-01
6.318576410412788391e-01
6.278517146905263635e-01
6.260643925736931736e-01
6.230979689529964061e-01
6.197992074820730668e-01
6.176355859717806984e-01
6.156280236808877593e-01
6.132389299380474057e-01
6.095516890287399070e-01
6.094022582216960249e-01
6.075412886483329000e-01
6.075613803641740640e-01
6.082276281985369293e-01
6.075274308522542466e-01
6.075136894765107431e-01
6.083162262084635952e-01
6.081974705060323450e-01
6.075291584949104040e-01
6.054622972011566295e-01
6.062579938009673430e-01
6.044941739394114055e-01
6.027754691411864041e-01
6.024987874207673455e-01
6.008538614619861606e-01
6.011188062173979940e-01
6.031539868890193334e-01
6.030866267352268384e-01
6.090910252878221076e-01
6.147579908370971458e-01
6.189962977268657074e-01
6.226544034096502811e-01
6.268625921673245394e-01
6.336353290826082230e-01
6.370688594304598773e-01
6.404747827486558798e-01
6.440059373627847750e-01
6.470366111573051526e-01
6.494131459706071752e-01
6.517410695552825484e-01
6.547284923808674995e-01
6.559388207064734688e-01
6.582429539667417062e-01
6.605670580992827334e-01
6.643052768707274902e-01
6.680174799341904723e-01
6.717245632951910350e-01
6.712551369116857014e-01
6.757533346550373965e-01
6.771188139915466087e-01
6.794673675372276955e-01
6.829101414215273946e-01
6.844368404652698690e-01
6.868273637124470143e-01
6.888235554975621344e-01
6.902073178180428981e-01
6.930143970182571778e-01
6.940497823736884175e-01
6.958642394355173399e-01
6.962846610281202553e-01
6.973114511468908594e-01
6.980794603409974375e-01
7.010368365113452960e-01
7.022431289896051698e-01
7.039988517761230913e-01
7.072692289948463440e-01
7.083264871970894605e-01
7.091022437932540390e-01
7.107146508765943560e-01
7.122776830196380082e-01
7.139714844156019868e-01
7.209715241310643563e-01
7.229001365819023306e-01
7.236934287043718106e-01
7.242014743032909596e-01
7.250767232112165228e-01
7.256955131192073249e-01
7.260444605792010231e-01
7.268290136932232803e-01
7.267434190620075674e-01
7.270233276728037541e-01
7.278883148516926971e-01
7.282925791445031827e-01
7.287831682907907060e-01
7.288847171741983377e-01
7.298704262437492041e-01
7.297426839160103818e-01
7.308362146555367200e-01
7.305600397727068929e-01
7.310766771435737166e-01
7.310634491857418427e-01
7.303927829031084951e-01
7.298831595637933489e-01
7.284880174744513548e-01
7.282705359458923056e-01
7.289920993267543503e-01
7.281488344425292025e-01
7.280972623266279697e-01
7.284395976584087107e-01
7.279551428097944532e-01
7.280368723032129008e-01
7.278183183886788310e-01
7.270456207425970430e-01
7.281553682996265708e-01
7.281775315602619925e-01
7.282249699620639838e-01
7.274481427930566957e-01
7.271750349065532193e-01
7.269528242323896050e-01
7.264809795788356173e-01
7.258860823955941566e-01
7.259607382223639549e-01
7.259017629223269985e-01
7.261545252468850631e-01
7.261364048924939807e-01
7.257051855733950285e-01
7.250917780966985582e-01
7.251666135884620168e-01
7.256214726691277983e-01
7.256008072694142275e-01
7.252084139167078725e-01
7.247166555178793379e-01
7.247877167720421232e-01
7.253055216430069896e-01
7.255448437506152315e-01
7.254507759442696546e-01
7.256951259959275591e-01
7.257051030291786775e-01
7.289404014371475560e-01
7.314923182129859924e-01
7.341992684773036570e-01
7.362723519772659264e-01
7.397807075933444665e-01
7.427109072848063764e-01
7.453637758890787612e-01
7.464709012623292894e-01
7.497960339763207749e-01
7.528051652369045499e-01
7.547069897313090081e-01
7.580591121140648481e-01
7.604146648568717026e-01
7.624178657004999637e-01
7.643394246266755898e-01
7.656711730463751087e-01
7.675327730178832519e-01
7.693069976839151947e-01
7.717663265217495905e-01
7.743126120460167572e-01
7.759187487916573422e-01
7.776364061567518915e-01
7.795038381334167266e-01
7.814064392676720594e-01
7.828537584002551730e-01
7.849285110183383818e-01
7.861051701210640674e-01
7.878254395659252118e-01
7.893225751458642359e-01
7.913852257931486278e-01
7.930216839704563592e-01
7.939726045257167186e-01
7.953296637659921231e-01
7.967295981943607330e-01
1.127248525619506836e+00
1.074342429637908936e+00
1.055631081263224358e+00
1.063461691141128540e+00
1.083506369590759189e+00
1.089070975780487061e+00
1.090526836259024579e+00
1.094755336642265320e+00
1.082675033145480636e+00
1.085812163352966264e+00
1.077038504860617918e+00
1.067253977060317993e+00
1.066101596905634885e+00
1.063392221927642822e+00
1.057760373751322369e+00
1.047474369406700134e+00
1.080986850401934429e+00
1.105175548129611496e+00
1.132878422737121582e+00
1.165246027708053633e+00
1.187687612715221608e+00
1.209475728598508049e+00
1.238601202550141611e+00
1.257482315103213066e+00
1.277990689277648917e+00
1.288996591017796511e+00
1.304278943273756264e+00
1.316479176282882690e+00
1.329412579536437988e+00
1.339689600467681929e+00
1.352438588296213551e+00
1.363019883632659912e+00
1.368977709250016606e+00
1.378007299759808735e+00
1.391695359774998364e+00
1.397799773348702423e+00
1.406597478969677129e+00
1.411802160112481275e+00
1.419738726738171808e+00
1.423294422030448869e+00
1.430700851649772787e+00
1.435181413378034287e+00
1.441797899645428371e+00
1.447744320739399404e+00
1.452492189407348588e+00
1.457921670830768068e+00
1.461503170906229165e+00
1.463690429925918579e+00
1.468979969316599243e+00
1.474133691787719691e+00
1.478003543965956679e+00
1.479424797571622374e+00
1.481120977761610558e+00
1.484876356743000114e+00
1.488191528753800785e+00
1.494418320911271136e+00
1.496133354672214422e+00
1.499306467072716975e+00
1.504879476660389015e+00
1.506165649493535375e+00
1.506439423951946299e+00
1.509495567890905665e+00
1.515722242612687287e+00
1.519201328977942467e+00
1.519899063843947129e+00
1.521182345621513665e+00
1.507049231386896393e+00
1.494952883790521048e+00
1.484631044277246348e+00
1.473643907478877413e+00
1.462016825105102891e+00
1.452313445508480072e+00
1.441848484620656068e+00
1.430222162523785201e+00
1.419921331405639586e+00
1.410964398007643839e+00
1.402164380271713418e+00
1.393081053709372519e+00
1.385244536248943392e+00
1.375862962752580687e+00
1.366381706279001129e+00
1.357791717459515768e+00
1.349823482783443884e+00
1.342428938973517560e+00
1.334878317748799059e+00
1.325794607400894165e+00
1.318890113940184072e+00
1.310993619263172150e+00
1.303253655353288964e+00
1.295752088891135356e+00
1.288950732121100895e+00
1.282342481872309703e+00
1.276493145573523780e+00
1.270397206570239801e+00
1.263840635199295903e+00
1.256646585961182838e+00
1.250756319036188779e+00
1.244015245413293558e+00
1.238109870992525563e+00
1.233393613696098345e+00
1.228055967552827088e+00
1.221972105549830934e+00
1.216295973768511951e+00
1.211239051360350372e+00
1.206485667682829277e+00
1.201773770575253364e+00
1.197097166676387658e+00
1.192403420254036339e+00
1.187628128113003001e+00
1.182749209620735931e+00
1.178552500836484107e+00
1.173522713993276900e+00
1.168953927217331712e+00
1.164221830535353330e+00
1.160289584035458788e+00
1.155551606725002234e+00
1.155678136226458319e+00
1.156345881142858634e+00
1.156348782928050101e+00
1.155621924499670605e+00
1.155038508994520097e+00
1.155346818146158361e+00
1.155163773191653531e+00
1.154901751106785168e+00
1.153043292045593304e+00
1.152234702829330715e+00
1.152740448478638546e+00
1.151912583038210869e+00
1.151211690533068710e+00
1.150431917263911252e+00
1.151091896850644281e+00
1.150350367481058234e+00
1.150067506876206958e+00
1.148954316751280791e+00
1.149608040738988812e+00
1.149275472935508358e+00
1.148502551726181098e+00
1.147323157044424446e+00
1.146345695574506607e+00
1.145745919006211366e+00
1.145116994989679116e+00
1.144906428918032626e+00
1.143714481717223119e+00
1.143670661995808358e+00
1.143227559533612547e+00
1.142383714653041338e+00
1.141157436938512904e+00
1.140323160870655217e+00
1.139911400791782770e+00
1.140082127650578814e+00
1.139948647938027193e+00
1.139472933584138037e+00
1.139524129091524562e+00
1.138894855589061672e+00
1.138419804649968281e+00
1.137786428515727755e+00
1.136729486808655265e+00
1.136605293313159182e+00
1.135858250489024890e+00
1.135511561110615686e+00
1.135586531636137320e+00
1.135591660384778656e+00
1.135380941300304425e+00
1.134875562496301615e+00
1.135541390288959951e+00
1.135416769478694521e+00
1.135636290033420481e+00
1.135932657335485763e+00
1.136905945617066260e+00
1.136918527589124706e+00
1.135974763081087691e+00
1.135978823830914974e+00
1.135602163097072959e+00
1.135778006123400186e+00
1.136402086189814975e+00
1.136458032849160027e+00
1.136473930151449041e+00
1.136446840642543421e+00
1.136258370716478616e+00
1.135644889209005637e+00
1.135902741008042005e+00
1.135475079109380614e+00
1.135118410561254176e+00
1.134979951316895663e+00
1.134846372539932702e+00
1.134604881207148308e+00
1.135031668578877273e+00
1.135187773311391757e+00
1.135073371980556134e+00
1.134584740274830805e+00
1.134597693750371450e+00
1.134267330480118519e+00
1.116332411766052246e+00
1.193189442157745361e+00
1.185858130455017090e+00
1.179952651262283325e+00
1.151212739944458052e+00
1.150203227996826172e+00
1.140715258462088544e+00
1.153328612446784973e+00
1.142052120632595535e+00
1.141828441619872958e+00
1.143046097321943844e+00
1.137117127577463860e+00
1.138621532000028136e+00
1.146751778466361005e+00
1.148188718159993460e+00
1.153396040201187134e+00
1.154185210957246577e+00
1.150601830747392418e+00
1.150411712495904126e+00
1.152428501844406039e+00
1.150246807507106173e+00
1.144639676267450445e+00
1.144169869630233149e+00
1.146576891342798943e+00
1.139838204383850195e+00
1.135193192041837218e+00
1.131420577013934059e+00
1.125072368553706514e+00
1.121188800910423611e+00
1.126703786849975630e+00
1.122330332956006371e+00
1.116951869800686836e+00
1.115426123142242432e+00
1.113693049725364315e+00
1.111728853838784392e+00
1.105519359310467964e+00
1.101582490109108692e+00
1.100748791506416024e+00
1.098737776279449463e+00
1.097763304412364915e+00
1.097472532493312114e+00
1.096005940721148431e+00
1.091864459736402670e+00
1.089397775855931449e+00
1.087381532457139865e+00
1.087488480236219246e+00
1.088781848866888780e+00
1.088481331864992852e+00
1.085622060055635441e+00
1.083219981193542569e+00
1.080708964198243471e+00
1.077462285757064819e+00
1.076593444032489133e+00
1.077952040566338532e+00
1.077021707187999278e+00
1.074973217078617704e+00
1.072077654955679860e+00
1.069659336887556877e+00
