1.989756226539611816e-01
2.294444441795349121e-01
1.657721400260925293e-01
1.112144216895103455e-01
1.910937726497650146e-01
1.638097465038299561e-01
1.953822076320648193e-01
1.982178688049316406e-01
2.043859958648681641e-01
1.495320647954940796e-01
1.844362616539001465e-01
1.652415692806243896e-01
1.549390554428100586e-01
1.418550461530685425e-01
1.651531159877777100e-01
2.027526199817657471e-01
1.516056954860687256e-01
1.663601994514465332e-01
1.525775790214538574e-01
2.397159636020660400e-01
2.701193392276763916e-01
1.807977855205535889e-01
1.942567378282546997e-01
1.891663670539855957e-01
1.937981098890304565e-01
2.184349298477172852e-01
2.381892204284667969e-01
1.831871718168258667e-01
1.422719955444335938e-01
2.183164358139038086e-01
1.891341358423233032e-01
2.200435847043991089e-01
1.626150608062744141e-01
2.066945880651473999e-01
1.859107762575149536e-01
2.005794346332550049e-01
1.902741342782974243e-01
1.714810580015182495e-01
1.905579268932342529e-01
1.823267936706542969e-01
1.775343865156173706e-01
2.216222882270812988e-01
1.690369695425033569e-01
1.951203942298889160e-01
2.349268198013305664e-01
2.127526104450225830e-01
2.364026308059692383e-01
2.121849060058593750e-01
1.483427435159683228e-01
1.781403273344039917e-01
4.238703846931457520e-01
4.190132617950439453e-01
3.509193062782287598e-01
3.710156679153442383e-01
3.302624523639678955e-01
3.857576847076416016e-01
4.298998713493347168e-01
3.704954385757446289e-01
3.756765425205230713e-01
4.499183595180511475e-01
3.887382149696350098e-01
3.610461354255676270e-01
4.134083688259124756e-01
4.409282803535461426e-01
3.334127962589263916e-01
6.927122473716735840e-01
3.569378554821014404e-01
4.402115345001220703e-01
3.518113493919372559e-01
4.488626420497894287e-01
4.307346343994140625e-01
4.141175746917724609e-01
3.768433332443237305e-01
3.706165552139282227e-01
3.881991505622863770e-01
4.058719277381896973e-01
3.366312384605407715e-01
3.343673944473266602e-01
3.532359302043914795e-01
3.589044809341430664e-01
3.531503081321716309e-01
2.759843468666076660e-01
3.884947896003723145e-01
3.888783454895019531e-01
3.022924065589904785e-01
3.933683037757873535e-01
3.822646141052246094e-01
3.876939415931701660e-01
3.217628598213195801e-01
4.704678058624267578e-01
3.044442534446716309e-01
3.404917120933532715e-01
3.434902429580688477e-01
3.965311646461486816e-01
3.703543543815612793e-01
2.950026988983154297e-01
3.076632022857666016e-01
4.690836369991302490e-01
3.262566626071929932e-01
3.259857892990112305e-01
5.347692966461181641e-01
6.551568508148193359e-01
5.140539407730102539e-01
4.535952210426330566e-01
5.816227197647094727e-01
5.910207033157348633e-01
4.731583893299102783e-01
5.354782342910766602e-01
5.476437807083129883e-01
4.874989688396453857e-01
4.932305216789245605e-01
5.177952051162719727e-01
4.650663137435913086e-01
5.702413320541381836e-01
6.216526031494140625e-01
5.452215671539306641e-01
5.062882900238037109e-01
6.311427354812622070e-01
6.164849996566772461e-01
5.471813678741455078e-01
4.627749621868133545e-01
5.650082826614379883e-01
6.186919212341308594e-01
4.934680163860321045e-01
5.340695977210998535e-01
5.492392182350158691e-01
4.516787528991699219e-01
5.129479169845581055e-01
7.262644767761230469e-01
4.682912826538085938e-01
4.916698336601257324e-01
5.268941521644592285e-01
4.697409272193908691e-01
4.536933600902557373e-01
5.345486402511596680e-01
5.476887226104736328e-01
4.037280082702636719e-01
4.791579842567443848e-01
5.423360466957092285e-01
5.151553750038146973e-01
4.960837066173553467e-01
4.546826481819152832e-01
6.097278594970703125e-01
4.870786666870117188e-01
5.446435809135437012e-01
5.362662672996520996e-01
5.258141160011291504e-01
5.014452934265136719e-01
5.092962384223937988e-01
4.810526072978973389e-01
8.002629280090332031e-01
8.116011619567871094e-01
7.064899206161499023e-01
8.060910701751708984e-01
6.911222934722900391e-01
6.898770332336425781e-01
8.478164672851562500e-01
7.700049877166748047e-01
9.002650976181030273e-01
7.669780254364013672e-01
7.534985542297363281e-01
7.418563961982727051e-01
8.106912970542907715e-01
6.359651684761047363e-01
8.228492736816406250e-01
7.979877591133117676e-01
9.764850139617919922e-01
6.658117771148681641e-01
7.142803072929382324e-01
7.694875001907348633e-01
7.414566874504089355e-01
6.861988306045532227e-01
7.109378576278686523e-01
6.130820512771606445e-01
7.156434655189514160e-01
5.628836154937744141e-01
7.054393291473388672e-01
6.737805604934692383e-01
7.769964337348937988e-01
6.440895199775695801e-01
7.474972605705261230e-01
8.208804130554199219e-01
7.321742773056030273e-01
7.339512705802917480e-01
6.136799454689025879e-01
6.566119194030761719e-01
5.849879980087280273e-01
7.061070203781127930e-01
7.983186841011047363e-01
7.602200508117675781e-01
7.951491475105285645e-01
6.662105321884155273e-01
5.777072906494140625e-01
6.769052743911743164e-01
6.270228624343872070e-01
6.506496071815490723e-01
6.337137222290039062e-01
7.970329523086547852e-01
5.972858667373657227e-01
6.160784959793090820e-01
5.208728313446044922e-01
6.264398694038391113e-01
6.114186644554138184e-01
5.437893867492675781e-01
6.140196323394775391e-01
5.853993892669677734e-01
4.992881417274475098e-01
5.792977213859558105e-01
6.202580332756042480e-01
5.264915227890014648e-01
4.868783056735992432e-01
5.976476669311523438e-01
5.292847156524658203e-01
6.468063592910766602e-01
5.965771675109863281e-01
5.611008405685424805e-01
5.652897357940673828e-01
5.913765430450439453e-01
6.302482485771179199e-01
5.556440949440002441e-01
4.832985997200012207e-01
4.875998497009277344e-01
4.996868968009948730e-01
4.726336598396301270e-01
4.838935732841491699e-01
5.786753296852111816e-01
5.536365509033203125e-01
5.592382550239562988e-01
5.058275461196899414e-01
5.707245469093322754e-01
5.290921926498413086e-01
5.185426473617553711e-01
5.285083055496215820e-01
5.788100957870483398e-01
5.723068714141845703e-01
5.403777956962585449e-01
5.910592675209045410e-01
5.272555351257324219e-01
5.002609491348266602e-01
5.375767350196838379e-01
5.046001672744750977e-01
4.955511987209320068e-01
5.225283503532409668e-01
5.277678966522216797e-01
5.402969121932983398e-01
5.287436246871948242e-01
5.138955712318420410e-01
5.881985425949096680e-01
6.533821225166320801e-01
5.949174165725708008e-01
1.096675634384155273e+00
9.161224365234375000e-01
1.040538787841796875e+00
9.625971317291259766e-01
9.497554302215576172e-01
9.841305017471313477e-01
1.043747425079345703e+00
9.080656766891479492e-01
9.571998119354248047e-01
1.045074224472045898e+00
8.842188119888305664e-01
1.234711885452270508e+00
9.845284223556518555e-01
9.342628121376037598e-01
1.024842739105224609e+00
1.014288902282714844e+00
8.974655270576477051e-01
1.047744870185852051e+00
9.767475128173828125e-01
9.607288241386413574e-01
8.428574204444885254e-01
8.349909782409667969e-01
9.693417549133300781e-01
8.323976993560791016e-01
9.653319120407104492e-01
1.010988235473632812e+00
9.827587008476257324e-01
8.620997667312622070e-01
8.269558548927307129e-01
7.853896617889404297e-01
8.121879100799560547e-01
9.424409866333007812e-01
9.517676234245300293e-01
9.308489561080932617e-01
7.982476949691772461e-01
9.282305240631103516e-01
9.252352714538574219e-01
8.693566322326660156e-01
9.881844520568847656e-01
9.859070777893066406e-01
9.985468983650207520e-01
8.975192308425903320e-01
8.785548210144042969e-01
8.933353424072265625e-01
8.140226602554321289e-01
8.158118724822998047e-01
9.063005447387695312e-01
9.165226221084594727e-01
1.050131082534790039e+00
8.975599408149719238e-01
7.286754250526428223e-01
7.047250270843505859e-01
6.915881633758544922e-01
6.121565699577331543e-01
5.741972327232360840e-01
8.154520988464355469e-01
5.887488126754760742e-01
6.792951226234436035e-01
6.143285036087036133e-01
7.015095949172973633e-01
7.114369869232177734e-01
6.529533267021179199e-01
7.254657745361328125e-01
5.994834303855895996e-01
6.528353691101074219e-01
6.702224612236022949e-01
6.018831729888916016e-01
5.905759334564208984e-01
6.351281404495239258e-01
6.810386180877685547e-01
6.573867201805114746e-01
7.042644023895263672e-01
8.019992709159851074e-01
6.609400510787963867e-01
7.100926637649536133e-01
6.178445219993591309e-01
6.398340463638305664e-01
6.649353504180908203e-01
6.867519617080688477e-01
6.599192619323730469e-01
7.009353637695312500e-01
5.774527192115783691e-01
5.861898660659790039e-01
7.318441867828369141e-01
6.219362020492553711e-01
6.280553936958312988e-01
6.435900926589965820e-01
6.054084300994873047e-01
6.342558860778808594e-01
6.428022384643554688e-01
6.650487780570983887e-01
7.626518011093139648e-01
6.811647415161132812e-01
5.794617533683776855e-01
6.166386008262634277e-01
5.755371451377868652e-01
7.239980101585388184e-01
6.878848075866699219e-01
6.829939484596252441e-01
7.597122788429260254e-01
1.279303908348083496e+00
1.004325866699218750e+00
1.117736458778381348e+00
1.096520662307739258e+00
1.143289327621459961e+00
1.066147923469543457e+00
1.112578272819519043e+00
1.237502813339233398e+00
1.026067972183227539e+00
1.000546932220458984e+00
1.192940115928649902e+00
1.019423723220825195e+00
1.045584440231323242e+00
1.069327712059020996e+00
1.023879170417785645e+00
1.041537761688232422e+00
1.006895542144775391e+00
1.000991106033325195e+00
1.137854218482971191e+00
1.202454566955566406e+00
1.068302631378173828e+00
1.020437479019165039e+00
1.057352304458618164e+00
9.667177200317382812e-01
1.090716958045959473e+00
1.058051109313964844e+00
1.078637599945068359e+00
1.026615142822265625e+00
1.116972923278808594e+00
1.189992547035217285e+00
1.072538018226623535e+00
1.121127247810363770e+00
8.734952807426452637e-01
9.786391258239746094e-01
1.063785910606384277e+00
1.090517759323120117e+00
1.032435894012451172e+00
1.043462514877319336e+00
9.418982267379760742e-01
1.005186319351196289e+00
1.065380334854125977e+00
1.069979310035705566e+00
9.479097127914428711e-01
9.592623114585876465e-01
1.087481021881103516e+00
9.988158941268920898e-01
1.000995874404907227e+00
9.304456710815429688e-01
9.794778823852539062e-01
9.940341711044311523e-01
1.847000479698181152e+00
1.753705739974975586e+00
1.581558585166931152e+00
1.688018679618835449e+00
1.690250873565673828e+00
1.737803220748901367e+00
1.724475622177124023e+00
1.891037106513977051e+00
1.479773521423339844e+00
1.581233143806457520e+00
1.484591841697692871e+00
1.742026925086975098e+00
1.584280729293823242e+00
1.759355902671813965e+00
1.743412017822265625e+00
1.621000409126281738e+00
1.569691419601440430e+00
1.611512184143066406e+00
1.798280000686645508e+00
1.585820317268371582e+00
1.486635327339172363e+00
1.688808798789978027e+00
1.756384730339050293e+00
1.517613768577575684e+00
1.651011824607849121e+00
1.705994963645935059e+00
1.429981708526611328e+00
1.647484779357910156e+00
1.624417066574096680e+00
1.622951626777648926e+00
1.718251705169677734e+00
1.732489228248596191e+00
1.595417857170104980e+00
1.845389842987060547e+00
1.843347072601318359e+00
1.743239521980285645e+00
1.729639887809753418e+00
1.625026822090148926e+00
1.601711034774780273e+00
1.665419697761535645e+00
1.578428626060485840e+00
1.621361732482910156e+00
1.703879594802856445e+00
1.679574131965637207e+00
1.688015699386596680e+00
1.681373834609985352e+00
1.537058353424072266e+00
1.514528989791870117e+00
1.561950922012329102e+00
1.699673056602478027e+00
5.815464854240417480e-01
7.552481889724731445e-01
7.326645851135253906e-01
6.442574262619018555e-01
6.388525962829589844e-01
6.762833595275878906e-01
6.386103034019470215e-01
6.506574749946594238e-01
6.707742214202880859e-01
6.723031997680664062e-01
5.656289458274841309e-01
5.824364423751831055e-01
5.955387949943542480e-01
6.563256978988647461e-01
7.216520905494689941e-01
6.065305471420288086e-01
6.445406675338745117e-01
5.496083498001098633e-01
7.374495267868041992e-01
6.596062183380126953e-01
6.801659464836120605e-01
6.805472373962402344e-01
6.112635731697082520e-01
6.129747629165649414e-01
6.519750952720642090e-01
6.056721210479736328e-01
6.796578168869018555e-01
6.310577392578125000e-01
6.677587628364562988e-01
6.859792470932006836e-01
6.533775925636291504e-01
6.475491523742675781e-01
6.631693840026855469e-01
6.210403442382812500e-01
5.429662466049194336e-01
6.057887077331542969e-01
5.502421259880065918e-01
7.190834879875183105e-01
6.288899183273315430e-01
6.279061436653137207e-01
6.922221183776855469e-01
6.032875180244445801e-01
7.233390808105468750e-01
6.138719320297241211e-01
6.516087055206298828e-01
6.996548771858215332e-01
5.737822055816650391e-01
6.679249405860900879e-01
7.340474128723144531e-01
6.138490438461303711e-01
9.605133533477783203e-01
1.027228116989135742e+00
8.703020811080932617e-01
9.787067770957946777e-01
9.908621311187744141e-01
1.034451842308044434e+00
9.295386672019958496e-01
9.071400165557861328e-01
9.315347671508789062e-01
9.479717016220092773e-01
9.167031049728393555e-01
9.081794619560241699e-01
9.224863052368164062e-01
1.020998001098632812e+00
8.352838754653930664e-01
1.016573667526245117e+00
9.026170372962951660e-01
9.643809199333190918e-01
9.134681820869445801e-01
8.609426617622375488e-01
9.868398904800415039e-01
9.665977358818054199e-01
9.928308725357055664e-01
8.643318414688110352e-01
8.505341410636901855e-01
8.485827445983886719e-01
9.130918979644775391e-01
9.234206676483154297e-01
9.202100634574890137e-01
8.762305974960327148e-01
9.147980213165283203e-01
9.531592726707458496e-01
8.272545337677001953e-01
1.080887079238891602e+00
8.629396557807922363e-01
8.067479133605957031e-01
9.207452535629272461e-01
9.261121749877929688e-01
8.237757682800292969e-01
8.571369647979736328e-01
9.836673140525817871e-01
9.467748403549194336e-01
8.101263046264648438e-01
9.251130819320678711e-01
8.928012847900390625e-01
1.106017351150512695e+00
9.193094968795776367e-01
9.474412202835083008e-01
8.810375928878784180e-01
9.642757177352905273e-01
1.049492120742797852e+00
1.133718848228454590e+00
1.055085182189941406e+00
9.872334599494934082e-01
1.046179771423339844e+00
9.576002955436706543e-01
1.083612918853759766e+00
1.101389050483703613e+00
1.148117899894714355e+00
1.158319592475891113e+00
1.051436185836791992e+00
1.005668997764587402e+00
1.055879354476928711e+00
1.056658267974853516e+00
1.081711769104003906e+00
1.040258646011352539e+00
9.707647562026977539e-01
9.706123471260070801e-01
1.053159952163696289e+00
1.000629305839538574e+00
1.007843971252441406e+00
1.085251092910766602e+00
8.752504587173461914e-01
9.274777173995971680e-01
1.014842987060546875e+00
9.656196236610412598e-01
1.077859997749328613e+00
9.553497433662414551e-01
9.524266719818115234e-01
1.009582757949829102e+00
1.077485799789428711e+00
1.079848051071166992e+00
1.080233812332153320e+00
1.120610237121582031e+00
1.090581297874450684e+00
1.092001199722290039e+00
1.102794170379638672e+00
9.991019964218139648e-01
9.741923809051513672e-01
1.087112665176391602e+00
1.057599544525146484e+00
1.044491052627563477e+00
1.075647711753845215e+00
1.116200923919677734e+00
1.225296735763549805e+00
9.469476938247680664e-01
9.764840602874755859e-01
9.922829866409301758e-01
1.004054665565490723e+00
1.011787295341491699e+00
8.898504376411437988e-01
9.068952202796936035e-01
9.813880920410156250e-01
1.070555686950683594e+00
9.450476765632629395e-01
9.049211740493774414e-01
9.567717313766479492e-01
9.394557476043701172e-01
1.005482196807861328e+00
9.845251441001892090e-01
8.490628004074096680e-01
1.020791769027709961e+00
9.658083915710449219e-01
9.336659312248229980e-01
8.733642101287841797e-01
8.905245661735534668e-01
1.012770056724548340e+00
1.018772840499877930e+00
9.600363969802856445e-01
1.063979387283325195e+00
9.326286315917968750e-01
9.843477010726928711e-01
9.852887392044067383e-01
8.657845854759216309e-01
8.937340974807739258e-01
1.022377610206604004e+00
8.789501190185546875e-01
9.600534439086914062e-01
1.071647524833679199e+00
