1.685364991426467896e-01
1.746145114302635193e-01
1.852025141318639212e-01
1.725475564599037170e-01
1.690643250942230336e-01
1.690561324357986450e-01
1.722768353564398669e-01
1.716936621814966202e-01
1.700431423054801217e-01
1.724307492375373729e-01
1.733400388197465503e-01
1.732610501348972321e-01
1.793849273369862440e-01
1.783692975129400060e-01
1.768218984206517408e-01
1.779849752783775330e-01
1.773032922955120327e-01
1.799217437704404288e-01
1.811908765843039948e-01
1.849702879786491450e-01
1.887874049799782850e-01
1.876594830643046885e-01
1.882396379242772533e-01
1.880870182067155838e-01
1.876849776506424039e-01
1.864826839703779826e-01
1.876527512515032692e-01
1.866945837225232885e-01
1.909018158912658691e-01
1.893386508027712634e-01
1.894542108620366760e-01
1.903203916735947132e-01
1.896378014123800970e-01
1.903460038935436971e-01
1.897583463362285117e-01
1.888716196020444327e-01
1.900414498271168762e-01
1.907411484341872410e-01
1.902344467548223728e-01
1.903470337390899547e-01
1.909123833586529873e-01
1.913183083136876517e-01
1.903386899205141425e-01
1.899563541466539607e-01
1.904482199086083294e-01
1.896579145737316285e-01
1.906579590224205256e-01
1.912866054723660059e-01
1.906756244751871832e-01
1.911137336492538530e-01
1.959594435551587355e-01
2.011229825707582242e-01
2.072707532711748901e-01
2.112842202186584473e-01
2.165864099155772882e-01
2.198540131960596278e-01
2.240961037184062699e-01
2.302514777101319354e-01
2.335534590785786346e-01
2.367052386204401559e-01
2.417397792222069908e-01
2.451191986760785368e-01
2.478920656537252631e-01
2.492086980491876602e-01
2.516910259540264261e-01
2.538248846928278790e-01
2.551347399825480422e-01
2.588757223942700358e-01
2.603018905805504768e-01
2.630578892571585614e-01
2.650114809963065032e-01
2.675641137692663651e-01
2.699051842297593429e-01
2.733207030876262933e-01
2.747231558958689313e-01
2.768116997260796630e-01
2.793490294512216421e-01
2.808745300922638188e-01
2.826631001279323874e-01
2.831406340003013722e-01
2.847271388695563621e-01
2.886520722290364938e-01
2.902493351195232218e-01
2.918861440959431008e-01
2.932358054553761417e-01
2.950749813124191046e-01
2.969054470117064581e-01
2.985523658042604223e-01
3.007514383016007820e-01
3.018976512882444729e-01
3.024673104941190127e-01
3.030938904570496528e-01
3.038288441396528872e-01
3.042517193454377100e-01
3.046376996918728208e-01
3.058767287681500302e-01
3.065768142336422475e-01
3.076824077538081736e-01
3.093423241316670125e-01
3.103850525617599665e-01
3.143849184017370457e-01
3.168227099904827315e-01
3.204829403497640450e-01
3.244906818637481316e-01
3.274129180681137896e-01
3.300070425249495565e-01
3.325547447828489100e-01
3.361536617632265300e-01
3.393072524201979356e-01
3.426957135850732805e-01
3.450232497206679461e-01
3.482373873037951095e-01
3.498391888837898978e-01
3.531416408848344068e-01
3.555677952973739231e-01
3.583859133309331702e-01
3.604944434940305364e-01
3.638154914823629182e-01
3.662597486952773873e-01
3.686565866072972764e-01
3.707393910274032756e-01
3.731062827540225779e-01
3.761246451517430978e-01
3.790376046972890323e-01
3.811047253608703667e-01
3.835865665995885632e-01
3.850148822378924307e-01
3.870452279224991798e-01
3.894614817560181352e-01
3.904485198167654270e-01
3.922888008692792527e-01
3.938509609663125022e-01
3.953387414602408945e-01
3.972358908226241159e-01
3.983113553788926731e-01
3.997552092461025275e-01
4.022674077618731414e-01
4.036940539228743297e-01
4.045588103987330375e-01
4.060097830636160698e-01
4.074646344421603006e-01
4.089137047109469569e-01
4.109271139531702199e-01
4.126379883123768577e-01
4.146059155464172363e-01
4.161903674471868486e-01
4.178101619084675922e-01
4.186866194815249131e-01
4.199673505437453991e-01
4.210812985897064431e-01
4.229958045561582058e-01
4.249721263584337883e-01
4.266469572104659713e-01
4.284833754811968043e-01
4.296074613448112034e-01
4.306122981584988851e-01
4.321353837942621401e-01
4.335140012487580519e-01
4.352176549299707764e-01
4.359641961753368267e-01
4.379977891163796544e-01
4.398346215854456176e-01
4.406173430337496089e-01
4.417637659282219187e-01
4.431714574495951298e-01
4.447382307914365951e-01
4.459752858042003165e-01
4.474179680858339503e-01
4.481475910491491965e-01
4.494594086618984297e-01
4.502892299005162857e-01
4.512433298798494419e-01
4.521678300262186312e-01
4.531757824722377759e-01
4.539625365393502587e-01
4.543843790888786316e-01
4.554171541989859850e-01
4.559203818273008801e-01
4.566008375343663661e-01
4.575778388314776790e-01
4.588570835182021468e-01
4.599093529549274084e-01
4.607274467176427080e-01
4.615651045156561882e-01
4.621467184376072401e-01
4.629192361908574527e-01
4.638777129790362386e-01
4.647159348142907986e-01
4.652447057148766940e-01
4.655693170271421599e-01
4.667394064483842420e-01
4.677796416605512486e-01
5.185447931289672852e-01
5.908042192459106445e-01
6.086316704750061035e-01
5.873653888702392578e-01
6.089211106300354004e-01
6.150841017564138147e-01
6.142018267086574168e-01
6.156290024518966675e-01
6.183175841967264441e-01
6.217092096805572066e-01
6.220064867626536875e-01
6.253210653861364099e-01
6.192846068969140028e-01
6.286469016756329742e-01
6.226311961809793960e-01
6.174890808761119843e-01
6.139675974845886230e-01
6.180970768133798865e-01
6.185696752447831237e-01
6.189544022083282027e-01
6.211056368691580953e-01
6.186807372353293477e-01
6.193100913711215849e-01
6.174036537607511255e-01
6.197414708137511941e-01
6.140232189343526326e-01
6.108657485908932649e-01
6.068137564829417796e-01
6.062908850867172461e-01
6.030107001463572702e-01
5.983473437447701659e-01
5.976122161373496056e-01
5.936306272492264391e-01
5.928849323707467978e-01
5.904991686344146506e-01
5.889878099163373681e-01
5.884709156848288991e-01
5.856201711453890013e-01
5.850522548724443883e-01
5.838641077280044556e-01
5.853995084762573242e-01
5.835589198839097325e-01
5.802204068316969554e-01
5.777947618202730062e-01
5.788598418235778587e-01
5.805486712766729784e-01
5.788319345484388423e-01
5.782747001697620126e-01
5.771956449868728134e-01
5.761113458871841564e-01
5.769997303392372379e-01
5.764997343604381097e-01
5.759068586916293864e-01
5.737809053173771323e-01
5.729884624481200728e-01
5.734293663075992198e-01
5.773316611323440206e-01
5.772886677034969605e-01
5.836680218324823421e-01
5.892402450243632295e-01
5.943696889720979648e-01
6.019821666902110957e-01
6.095443226042247531e-01
6.167823448777198792e-01
6.216991864717923422e-01
6.284321257562348606e-01
6.334039310910808407e-01
6.385950235759511040e-01
6.434453708538110384e-01
6.493709632328578119e-01
6.533208531393132068e-01
6.566081543763478967e-01
6.615785997207850322e-01
6.656155264055406695e-01
6.694676828384399370e-01
6.719037639467340117e-01
6.746254826520944325e-01
6.774476468563079834e-01
6.803958167003679725e-01
6.837829411029815452e-01
6.856753642176404151e-01
6.896816702877602845e-01
6.916592609451477358e-01
6.972334569408780158e-01
6.988164796548731461e-01
7.026490534460821946e-01
7.042069209033045007e-01
7.064118127931248159e-01
7.105253372299537018e-01
7.126714600457085824e-01
7.144710572211296906e-01
7.169662377108698692e-01
7.185626055604668050e-01
7.222014564148923066e-01
7.252104483152690406e-01
7.268454506993293762e-01
7.287154652408718292e-01
7.304297977564285782e-01
7.336756978372130922e-01
7.360363662242889182e-01
7.382803222920635289e-01
7.398445688041985768e-01
7.412948261186914634e-01
7.420633836434438191e-01
7.442256212234497070e-01
7.466000520958090414e-01
7.532811421100223948e-01
7.547721045988576849e-01
7.555544863053418325e-01
7.551143944263458696e-01
7.547255453762707900e-01
7.551794754607337179e-01
7.547534334976061521e-01
7.547634578587716359e-01
7.545672815778980969e-01
7.545555197987062757e-01
7.540215182508158698e-01
7.538971820120083933e-01
7.541634881195902196e-01
7.534275402625402185e-01
7.524563103667960551e-01
7.524695914299761590e-01
7.525452186421650591e-01
7.531964908684453119e-01
7.529918551445007324e-01
7.529227993791065554e-01
7.523639591660086223e-01
7.517123348079621792e-01
7.512361675269844108e-01
7.511546098268948590e-01
7.503351910423686766e-01
7.498150196942415802e-01
7.485967166441723775e-01
7.486147573634759356e-01
7.487043173224837700e-01
7.489695763763259961e-01
7.486517746953198493e-01
7.482280882372371877e-01
7.480216425099819322e-01
7.472970387765339728e-01
7.469165354755753494e-01
7.462462560391761590e-01
7.451794193341181316e-01
7.451412474943531761e-01
7.442668877798935823e-01
7.437495168757765063e-01
7.433323580391553165e-01
7.429911957399265576e-01
7.422436391747238016e-01
7.416077291965484930e-01
7.412178832174136645e-01
7.407949221761602754e-01
7.402973665910608236e-01
7.399285896257921102e-01
7.401132010644482229e-01
7.396213232706754237e-01
7.389011925952450044e-01
7.386614782146260216e-01
7.413008456709999638e-01
7.436243001371621864e-01
7.456485140397681732e-01
7.477937668194005738e-01
7.494356292157084987e-01
7.519064425695233256e-01
7.538981542442784178e-01
7.559601581958402816e-01
7.579044435552494408e-01
7.604666831237929525e-01
7.619818170395122880e-01
7.642373383045196755e-01
7.666595640935396361e-01
7.682073410860327245e-01
7.696724988821613822e-01
7.710844418783296961e-01
7.725088334083557440e-01
7.740759419446642253e-01
7.752717898390387719e-01
7.769616664795393479e-01
7.778952907583567278e-01
7.792915980021158928e-01
7.799613080630645179e-01
7.806434110625759537e-01
7.811457390993670202e-01
7.816026440781095319e-01
7.834375526453997152e-01
7.843550712831558469e-01
7.858179967033671609e-01
7.871915685369613724e-01
7.884707867153106786e-01
7.898959021819265125e-01
7.907746861742429578e-01
7.922852784395217896e-01
1.076873540878295898e+00
1.004734516143798828e+00
9.912603696187337610e-01
9.877390414476394653e-01
9.994445681571960671e-01
9.913249115149179724e-01
9.785865800721305074e-01
9.772342368960380554e-01
9.687470926178826103e-01
9.802370131015777366e-01
9.934339469129388478e-01
9.952381700277328491e-01
9.944025919987604656e-01
9.978060211454119477e-01
9.970195492108663293e-01
9.871663525700569153e-01
1.023860714014838802e+00
1.051534765296512131e+00
1.088963979168942053e+00
1.121743106842040927e+00
1.158314682188488209e+00
1.177086803046139885e+00
1.203084318534187735e+00
1.229666933417320251e+00
1.252060818672180220e+00
1.269657387183262820e+00
1.291851162910461426e+00
1.301184002842221910e+00
1.309838496405502761e+00
1.324909873803456595e+00
1.340069620840011133e+00
1.351939015090465546e+00
1.362576845920447255e+00
1.374117469086366450e+00
1.380476927757263272e+00
1.390108505884806389e+00
1.398329812127190763e+00
1.402443136039533078e+00
1.406780698360540871e+00
1.411930730938911527e+00
1.417747110855288595e+00
1.420014906497228724e+00
1.424851425858431053e+00
1.429343919862400503e+00
1.434279187520345111e+00
1.437059340269669194e+00
1.443723663370660049e+00
1.446830508609612709e+00
1.451052638949180240e+00
1.456930863857269332e+00
1.459978461265563965e+00
1.464124069764063840e+00
1.465997902852184342e+00
1.467099746068318611e+00
1.469424910978837540e+00
1.473060177905219037e+00
1.477318887124981828e+00
1.478286182058268672e+00
1.479517837702217786e+00
1.481687919298807721e+00
1.486282006638949049e+00
1.487805101179307421e+00
1.490861817011757573e+00
1.492423944175243378e+00
1.493971762290367655e+00
1.498097932699954837e+00
1.487308283350361027e+00
1.475463048500173180e+00
1.462955893813699948e+00
1.451233116218021868e+00
1.439200107480438584e+00
1.427275877859857323e+00
1.415913620223737679e+00
1.404127782261049395e+00
1.392668470541636117e+00
1.382283518973149716e+00
1.372555724212101591e+00
1.363272383427008627e+00
1.353154622301270704e+00
1.343427824229002088e+00
1.334816656730793083e+00
1.326310395467572123e+00
1.316595223294683148e+00
1.306936207981336695e+00
1.298122057493995118e+00
1.289395755806634680e+00
1.281580474869958186e+00
1.274011529304764467e+00
1.266263643677314921e+00
1.258172333902782825e+00
1.252624288365081107e+00
1.244963892776033143e+00
1.238011826110142488e+00
1.230792021497767008e+00
1.223223267730913610e+00
1.215676082608600383e+00
1.209739107139331749e+00
1.203503253204482037e+00
1.196476099166003060e+00
1.190006860196590521e+00
1.184143637371535274e+00
1.178385263272360151e+00
1.173178598429392760e+00
1.166849428931107990e+00
1.161352703968683953e+00
1.156409158178095531e+00
1.150891938220674815e+00
1.145186553122820694e+00
1.140174228937254064e+00
1.134487706693735998e+00
1.128826207137322735e+00
1.125066377488630254e+00
1.119976822517614545e+00
1.114497151814008991e+00
1.109271702040796725e+00
1.105005417918336841e+00
1.104247359638540260e+00
1.103060260667639181e+00
1.102609787668500596e+00
1.101658329367637634e+00
1.099765212082665755e+00
1.098511577629652125e+00
1.097960255979522515e+00
1.097745798287853125e+00
1.097714207649231000e+00
1.096488404841650111e+00
1.096846542020482262e+00
1.096258086152374744e+00
1.095758012098859480e+00
1.095508183882786701e+00
1.094825078512876138e+00
1.094227905526305777e+00
1.092901006677096998e+00
1.092140697721225129e+00
1.091742411366215526e+00
1.090924226624124138e+00
1.090955644193356999e+00
1.090921043053917350e+00
1.090788239626575784e+00
1.090373471379280090e+00
1.089950615209890561e+00
1.089264647641652095e+00
1.089542613579676633e+00
1.089444444825251823e+00
1.088930673023750018e+00
1.089087618132160040e+00
1.088207250144205940e+00
1.087777355635488385e+00
1.086743928042034124e+00
1.085909763574600229e+00
1.085191410898372899e+00
1.084324951626752576e+00
1.084036657623216326e+00
1.083458712735733354e+00
1.083648334395501012e+00
1.083168659836817982e+00
1.083143699321017950e+00
1.082690815759610459e+00
1.082444170361045011e+00
1.081089313700795085e+00
1.080348941850366007e+00
1.079607835522404358e+00
1.079404386274653627e+00
1.079036880557129985e+00
1.078505435856905947e+00
1.078164466892380213e+00
1.077440924273279643e+00
1.077019013109661305e+00
1.076520596030195787e+00
1.075810911024317917e+00
1.074765057243101785e+00
1.073779994318651676e+00
1.073143749223279153e+00
1.073066952242248462e+00
1.072598334380558516e+00
1.072282790799032659e+00
1.071761116469647224e+00
1.071290960472621290e+00
1.070918470121628774e+00
1.070714504188961413e+00
1.070367209819140353e+00
1.070174826370490884e+00
1.070152601257699398e+00
1.069262627674185673e+00
1.069235040046073282e+00
1.068561253368213615e+00
1.067682003911166300e+00
1.067630901298624480e+00
1.066835112357265691e+00
1.066030423578463004e+00
1.066127127065708446e+00
1.065988645267983204e+00
1.040109753608703613e+00
1.009210646152496338e+00
9.924104809761047363e-01
1.008173599839210510e+00
1.001735484600067227e+00
9.907775819301605225e-01
9.790089556149074168e-01
9.813525304198265076e-01
9.972037672996520996e-01
9.908033788204193559e-01
9.945619268850847128e-01
9.873607307672500610e-01
9.779537870333745442e-01
9.838394565241677103e-01
9.769637306531270271e-01
9.693931825459003448e-01
9.723964614026686659e-01
9.782402680979834786e-01
9.782441979960391221e-01
9.768691241741180864e-01
9.760109867368426118e-01
9.796376661820844767e-01
9.811676896136739545e-01
9.816298062602678565e-01
9.762746834754943981e-01
9.730066038095034342e-01
9.667736115279020881e-01
9.635406732559204102e-01
9.615378914208247974e-01
9.550309797128041511e-01
9.545985037280667607e-01
9.510912187397480011e-01
9.489560344002463399e-01
9.468332108329323704e-01
9.439725841794694983e-01
9.426599426401985893e-01
9.412103134232598922e-01
9.402082797728086305e-01
9.353558573967371004e-01
9.331119865179061668e-01
9.296315530451332299e-01
9.267604166553133904e-01
9.236403315566307226e-01
9.261325841600244191e-01
9.263095617294311301e-01
9.268921795098677974e-01
9.258023119987325300e-01
9.229525849223136902e-01
9.251192783822819177e-01
9.225479888916016113e-01
9.218088224822399424e-01
9.208971353677603000e-01
9.205043450841363661e-01
9.203449862974660833e-01
9.197537573901090058e-01
9.191866612860134511e-01
9.188136677992971846e-01
9.184075121221870752e-01
