0.000000000000000000e+00
0.000000000000000000e+00
0.000000000000000000e+00
0.000000000000000000e+00
3.125000000000000173e-03
2.604166666666666522e-03
4.464285714285714038e-03
8.789062500000000000e-03
1.128472222222222203e-02
1.171875000000000000e-02
1.420454545454545407e-02
1.497395833333333391e-02
1.682692307692307612e-02
2.176339285714285615e-02
2.395833333333333495e-02
2.587890625000000000e-02
2.849264705882352880e-02
2.951388888888888812e-02
3.495065789473684320e-02
3.867187500000000139e-02
4.241071428571428770e-02
4.580965909090908839e-02
5.129076086956521618e-02
5.436197916666666435e-02
5.812500000000000305e-02
6.280048076923076816e-02
6.423611111111110494e-02
6.724330357142857539e-02
7.031250000000000000e-02
7.369791666666666852e-02
7.812500000000000000e-02
8.056640625000000000e-02
8.333333333333332871e-02
8.570772058823529493e-02
8.772321428571427937e-02
9.006076388888889506e-02
9.375000000000000000e-02
9.601151315789473173e-02
9.715544871794871973e-02
9.863281250000000000e-02
9.984756097560976151e-02
1.011904761904761918e-01
1.026526162790697694e-01
1.047585227272727210e-01
1.064236111111111077e-01
1.092051630434782566e-01
1.115359042553191460e-01
1.114908854166666713e-01
1.133609693877550978e-01
1.140624999999999972e-01
1.153492647058823595e-01
1.185396634615384637e-01
1.216096698113207503e-01
1.234085648148148112e-01
1.251420454545454641e-01
1.266741071428571508e-01
1.282894736842105365e-01
1.302532327586206906e-01
1.305614406779661008e-01
1.319010416666666630e-01
1.333247950819672067e-01
1.344506048387096864e-01
1.360367063492063378e-01
1.380615234375000000e-01
1.389423076923076983e-01
1.413352272727272652e-01
1.420242537313432807e-01
1.431525735294117696e-01
1.454936594202898559e-01
1.469866071428571341e-01
1.495378521126760618e-01
1.509331597222222099e-01
1.522902397260273988e-01
1.543496621621621712e-01
1.553124999999999922e-01
1.566611842105263275e-01
1.583806818181818232e-01
1.590544871794871695e-01
1.594145569620253056e-01
1.605468750000000056e-01
1.613618827160493707e-01
1.617759146341463394e-01
1.620858433734939652e-01
1.626674107142857262e-01
1.631433823529411797e-01
1.641533430232558211e-01
1.651400862068965469e-01
1.660156250000000000e-01
1.666959269662921239e-01
1.669270833333333370e-01
1.670673076923076816e-01
1.675441576086956486e-01
1.680107526881720326e-01
1.689660904255319285e-01
1.700657894736841980e-01
1.702473958333333426e-01
1.704252577319587680e-01
1.708386479591836871e-01
1.721117424242424310e-01
1.732031250000000133e-01
1.737314356435643581e-01
1.747855392156862642e-01
1.755157766990291246e-01
1.763822115384615363e-01
1.773809523809523891e-01
1.776238207547169712e-01
1.780081775700934621e-01
1.786747685185185175e-01
1.790424311926605561e-01
1.796164772727272818e-01
1.797578828828828856e-01
1.800362723214285754e-01
1.808628318584070693e-01
1.814007675438596423e-01
1.819293478260869679e-01
1.819100215517241437e-01
1.820245726495726413e-01
1.820709745762711940e-01
1.825761554621848637e-01
1.825520833333333370e-01
1.836260330578512456e-01
1.838498975409836034e-01
1.837525406504064984e-01
1.839717741935483764e-01
1.839999999999999969e-01
1.839037698412698540e-01
1.839936023622047168e-01
1.843261718750000000e-01
1.842902131782945818e-01
1.849158653846153799e-01
1.852337786259541930e-01
1.848958333333333426e-01
1.846804511278195560e-01
1.844099813432835688e-01
1.842592592592592615e-01
1.841107536764705899e-01
1.844206204379562064e-01
1.844429347826087029e-01
1.848583633093525136e-01
1.852120535714285587e-01
1.853945035460992929e-01
1.859595070422535301e-01
1.861888111888111985e-01
1.861979166666666574e-01
1.859913793103448176e-01
1.864297945205479479e-01
1.865965136054421880e-01
1.870249155405405428e-01
1.869756711409396033e-01
1.869270833333333270e-01
1.875517384105960250e-01
1.877569901315789547e-01
1.876531862745098034e-01
1.880580357142857262e-01
1.885584677419354926e-01
1.889523237179487059e-01
1.891918789808917090e-01
1.889339398734177222e-01
1.894654088050314600e-01
1.896972656250000000e-01
1.903629658385093126e-01
1.899112654320987692e-01
1.897047546012269881e-01
1.895960365853658625e-01
1.888731060606060608e-01
1.881118222891566272e-01
1.874532185628742520e-01
1.876395089285714246e-01
1.876386834319526686e-01
1.880974264705882470e-01
1.886421783625731041e-01
1.892260174418604612e-01
1.898934248554913218e-01
1.905531609195402210e-01
1.914732142857142883e-01
1.923384232954545581e-01
1.927966101694915391e-01
1.932496488764045006e-01
1.941340782122905062e-01
1.947048611111110994e-01
1.952261740331491802e-01
1.959563873626373742e-01
1.964651639344262291e-01
1.967136548913043514e-01
1.972128378378378288e-01
1.974966397849462485e-01
1.980698529411764608e-01
1.983045212765957577e-01
1.986193783068783136e-01
1.990131578947368363e-01
1.991573952879581166e-01
1.993896236012207557e-01
2.265625000000000000e-01
2.265625000000000000e-01
2.343750000000000000e-01
2.285156250000000000e-01
2.374999999999999889e-01
2.408854166666666574e-01
2.410714285714285754e-01
2.587890625000000000e-01
2.638888888888888951e-01
2.632812500000000222e-01
2.649147727272727071e-01
2.643229166666666852e-01
2.650240384615384359e-01
2.717633928571428492e-01
2.729166666666666408e-01
2.763671875000000000e-01
2.766544117647058987e-01
2.743055555555555802e-01
2.750822368421052544e-01
2.785156249999999889e-01
2.790178571428571508e-01
2.794744318181818232e-01
2.788722826086956763e-01
2.802734375000000000e-01
2.815624999999999933e-01
2.806490384615384359e-01
2.818287037037037202e-01
2.832031250000000000e-01
2.823275862068965747e-01
2.825520833333333148e-01
2.820060483870967527e-01
2.822265625000000000e-01
2.831439393939393923e-01
2.821691176470588203e-01
2.819196428571428825e-01
2.816840277777777901e-01
2.810388513513513709e-01
2.806332236842105088e-01
2.788461538461538547e-01
2.787109374999999778e-01
2.808689024390244038e-01
2.821800595238095344e-01
2.821584302325581550e-01
2.810724431818181768e-01
2.805555555555555580e-01
2.788722826086956763e-01
2.779255319148936088e-01
2.773437500000000000e-01
2.788584183673469274e-01
2.778125000000000178e-01
2.783394607843137081e-01
2.776442307692307820e-01
2.780070754716981174e-01
2.779224537037037202e-01
2.776988636363636465e-01
2.779017857142856984e-01
2.782346491228070429e-01
2.785560344827586188e-01
2.799258474576271083e-01
2.805989583333333148e-01
2.799692622950819554e-01
2.807459677419354982e-01
2.810019841269841279e-01
2.821044921875000000e-01
2.812500000000000000e-01
2.807765151515151381e-01
2.804337686567164312e-01
2.810202205882352811e-01
2.826086956521738913e-01
2.825892857142857095e-01
2.834507042253521236e-01
2.840711805555555802e-01
2.842465753424657793e-01
2.851562500000000000e-01
2.857291666666666452e-01
2.860814144736842368e-01
2.858157467532467799e-01
2.856570512820512664e-01
2.856012658227848333e-01
2.862304687500000222e-01
2.866512345679012586e-01
2.870617378048780366e-01
2.876506024096385783e-01
2.880394345238095344e-01
2.887867647058823262e-01
2.883357558139534871e-01
2.885237068965517127e-01
2.884410511363636465e-01
2.885358146067415475e-01
2.888888888888888618e-01
2.888907967032967039e-01
2.893172554347825942e-01
2.893145161290322509e-01
2.901429521276595591e-01
2.903782894736842146e-01
2.910156250000000000e-01
2.917203608247422864e-01
2.923309948979591621e-01
2.934816919191919338e-01
2.939843750000000200e-01
2.950185643564356419e-01
2.954197303921568540e-01
2.958131067961164984e-01
2.955979567307692180e-01
2.959821428571428603e-01
2.959168632075471761e-01
2.962908878504673105e-01
2.965133101851851749e-01
2.971616972477064134e-01
2.973721590909090828e-01
2.976492117117117142e-01
2.981305803571428492e-01
2.986725663716814361e-01
2.992050438596491335e-01
2.988451086956521729e-01
2.987607758620689502e-01
2.988114316239316448e-01
2.985963983050847204e-01
2.981880252100840289e-01
2.981119791666666519e-01
2.975852272727272929e-01
2.973872950819672067e-01
2.965574186991870032e-01
2.958039314516128782e-01
2.949375000000000191e-01
2.943328373015873245e-01
2.937992125984251746e-01
2.936401367187500000e-01
2.925750968992247847e-01
2.924879807692307709e-01
2.918058206106870500e-01
2.911931818181818232e-01
2.907659774436090472e-01
2.910447761194029925e-01
2.910879629629629650e-01
2.910156250000000000e-01
2.903740875912408925e-01
2.900249094202898559e-01
2.896807553956834425e-01
2.890625000000000000e-01
2.885638297872340496e-01
2.886223591549295642e-01
2.884615384615384359e-01
2.885742187500000000e-01
2.882543103448275690e-01
2.883668664383561842e-01
2.885841836734693855e-01
2.885874155405405150e-01
2.884857382550335414e-01
2.880729166666666785e-01
2.880277317880794441e-01
2.883429276315789269e-01
2.880412581699346442e-01
2.880478896103896291e-01
2.883568548387096531e-01
2.884114583333333148e-01
2.885648885350318715e-01
2.887658227848101111e-01
2.884237421383648026e-01
2.887207031249999778e-01
2.886257763975155211e-01
2.889660493827160281e-01
2.888707822085889720e-01
2.891101371951219634e-01
2.889678030303030054e-01
2.893919427710843206e-01
2.899045658682634641e-01
2.903180803571428492e-01
2.905417899408284099e-01
2.908088235294117863e-01
2.912554824561403577e-01
2.917877906976744096e-01
2.920881502890173564e-01
2.922952586206896686e-01
2.919642857142857317e-01
2.926136363636363535e-01
2.929466807909604786e-01
2.927931882022472010e-01
2.925104748603352123e-01
2.930555555555555691e-01
2.935082872928176934e-01
2.939131181318681563e-01
2.940146857923497392e-01
2.939877717391304324e-01
2.938766891891891886e-01
2.938928091397849385e-01
2.936998663101604290e-01
2.938829787234042423e-01
2.939401455026455223e-01
2.940789473684210509e-01
2.942571989528796061e-01
2.944862665310274408e-01
2.890625000000000000e-01
2.851562500000000000e-01
2.916666666666666852e-01
3.125000000000000000e-01
3.250000000000000111e-01
3.307291666666666852e-01
3.337053571428571508e-01
3.398437500000000000e-01
3.394097222222222099e-01
3.304687499999999778e-01
3.295454545454545303e-01
3.274739583333333148e-01
3.245192307692307820e-01
3.270089285714285476e-01
3.307291666666666852e-01
3.383789062500000000e-01
3.386948529411764608e-01
3.359375000000000000e-01
3.363486842105263275e-01
3.371093749999999889e-01
3.374255952380952328e-01
3.377130681818181768e-01
3.444293478260869734e-01
3.453776041666666852e-01
3.406250000000000111e-01
3.395432692307692180e-01
3.370949074074073848e-01
3.353794642857143016e-01
3.353987068965517127e-01
3.385416666666666852e-01
3.389616935483871218e-01
3.398437500000000000e-01
3.394886363636363535e-01
3.428308823529411797e-01
3.419642857142857206e-01
3.422309027777777901e-01
3.433277027027026862e-01
3.441611842105263275e-01
3.437500000000000000e-01
3.441406249999999778e-01
3.452743902439024404e-01
3.465401785714285476e-01
3.464752906976744096e-01
3.444602272727272929e-01
3.437500000000000000e-01
3.435801630434782705e-01
3.422539893617021489e-01
3.437500000000000000e-01
3.442283163265306145e-01
3.459375000000000089e-01
3.458946078431372473e-01
3.448016826923077094e-01
3.444870283018867663e-01
3.451967592592592449e-01
3.454545454545454586e-01
3.466796875000000000e-01
3.462171052631579093e-01
3.463092672413793371e-01
3.473252118644067910e-01
3.473958333333333481e-01
3.469518442622950838e-01
3.482862903225806273e-01
3.490823412698412787e-01
3.496093750000000000e-01
3.496394230769230838e-01
3.513257575757575690e-01
3.508628731343283458e-01
3.500689338235294379e-01
3.497509057971014412e-01
3.487723214285714524e-01
3.477112676056338114e-01
3.475477430555555802e-01
3.473886986301369939e-01
3.474451013513513709e-01
3.471874999999999822e-01
3.475534539473684181e-01
3.463879870129870087e-01
3.464543269230769273e-01
3.465189873417721667e-01
3.462890625000000222e-01
3.454861111111111049e-01
3.455602134146341653e-01
3.447853915662650870e-01
3.438430059523809312e-01
3.429227941176470340e-01
3.418422965116278966e-01
3.415948275862069061e-01
3.413529829545454697e-01
3.419943820224718989e-01
3.420138888888888951e-01
3.418612637362637430e-01
3.423913043478261087e-01
3.420698924731182533e-01
3.418384308510638570e-01
3.410361842105263386e-01
3.410644531250000000e-01
3.410115979381443396e-01
3.404815051020408379e-01
3.395675505050504972e-01
3.391406249999999734e-01
3.381806930693069257e-01
3.373927696078431460e-01
3.370752427184465772e-01
3.368389423076922906e-01
3.369791666666666630e-01
3.371904481132075304e-01
3.367406542056075036e-01
3.367332175925926152e-01
3.360808486238532344e-01
3.357244318181818454e-01
3.355855855855855996e-01
3.351702008928571508e-01
3.349004424778760924e-01
3.342242324561403577e-01
3.337635869565217517e-01
3.333782327586206629e-01
3.327991452991452825e-01
3.322298728813559143e-01
3.313419117647058987e-01
3.307291666666666852e-01
3.303202479338843145e-01
3.297259221311475419e-01
3.291412601626016454e-01
3.280619959677419373e-01
3.280624999999999791e-01
3.275669642857143016e-01
3.264025590551181133e-01
3.262939453125000000e-01
3.259447674418604612e-01
3.256009615384615197e-01
3.249045801526717625e-01
3.245146780303030387e-01
3.244830827067669010e-01
3.241021455223880854e-01
3.233796296296296280e-01
3.230698529411764608e-01
3.228216240875912413e-01
3.226336050724637472e-01
3.220548561151079237e-01
3.214843749999999889e-01
3.207557624113475114e-01
3.205325704225351902e-01
3.198208041958042203e-01
3.200954861111111049e-01
3.200969827586206962e-01
3.197773972602739878e-01
3.197278911564626069e-01
3.197318412162162282e-01
3.197357382550335414e-01
3.191666666666666541e-01
3.190190397350993190e-01
3.183593750000000000e-01
3.180657679738562171e-01
3.180296266233766378e-01
3.181955645161290147e-01
3.176582532051281937e-01
3.174761146496815067e-01
3.174446202531645556e-01
3.172661163522012551e-01
3.165527343749999778e-01
3.161393633540372505e-01
3.153935185185185452e-01
3.150881901840490995e-01
3.148342225609755962e-01
3.148674242424242542e-01
3.147590361445782858e-01
3.144648203592814162e-01
3.139415922619047672e-01
3.136094674556212936e-01
3.136488970588235392e-01
3.132309941520468044e-01
3.134992732558139483e-01
3.135838150289017578e-01
3.137122844827586188e-01
3.137499999999999734e-01
3.137872869318181768e-01
3.135593220338983023e-01
3.137289325842696486e-01
3.141148743016759504e-01
3.142361111111111049e-01
3.147876381215469754e-01
3.154189560439560336e-01
3.158299180327868716e-01
3.157693614130434590e-01
3.160050675675675769e-01
3.156081989247311870e-01
3.157586898395721708e-01
3.156998005319148759e-01
3.158482142857143016e-01
3.157483552631579204e-01
3.160585732984293461e-01
3.162156663275686452e-01
4.375000000000000000e-01
3.984375000000000000e-01
4.010416666666666852e-01
4.042968750000000000e-01
4.031250000000000111e-01
3.997395833333333148e-01
4.073660714285714524e-01
3.935546875000000000e-01
3.914930555555555802e-01
3.921875000000000222e-01
3.927556818181818232e-01
3.951822916666666852e-01
3.936298076923077094e-01
3.922991071428571508e-01
3.921875000000000222e-01
3.940429687500000000e-01
3.947610294117647189e-01
3.945312500000000000e-01
3.935032894736842368e-01
3.964843750000000000e-01
3.895089285714285476e-01
3.884943181818181768e-01
3.882472826086956763e-01
3.876953125000000000e-01
3.893750000000000266e-01
3.867187500000000000e-01
3.862847222222222099e-01
3.872767857142856984e-01
3.865840517241379559e-01
3.848958333333333259e-01
3.833165322580645018e-01
3.842773437500000000e-01
3.839962121212120993e-01
3.837316176470588203e-01
3.805803571428571508e-01
3.812934027777777901e-01
3.807010135135134865e-01
3.811677631578947456e-01
3.796073717948718063e-01
3.787109375000000111e-01
3.790015243902439268e-01
3.783482142857143016e-01
3.782703488372092804e-01
3.778409090909091161e-01
3.786458333333333481e-01
3.778872282608695676e-01
3.776595744680851241e-01
3.767903645833333148e-01
3.786670918367346927e-01
3.776562500000000266e-01
3.782169117647058987e-01
3.781550480769230727e-01
3.776533018867924696e-01
