1.610770000000000000e+05
1.577850000000000000e+05
1.619510000000000000e+05
1.558750000000000000e+05
1.541670000000000000e+05
1.544820000000000000e+05
1.534910000000000000e+05
1.474290000000000000e+05
1.474640000000000000e+05
1.512940000000000000e+05
1.467690000000000000e+05
1.405290000000000000e+05
1.464170000000000000e+05
1.445410000000000000e+05
1.354590000000000000e+05
1.426240000000000000e+05
1.373080000000000000e+05
1.369940000000000000e+05
1.334840000000000000e+05
1.291660000000000000e+05
1.287460000000000000e+05
1.326400000000000000e+05
1.204480000000000000e+05
1.178550000000000000e+05
1.169120000000000000e+05
1.219970000000000000e+05
1.122210000000000000e+05
1.182820000000000000e+05
1.076290000000000000e+05
1.103590000000000000e+05
9.998100000000000000e+04
1.087510000000000000e+05
1.056550000000000000e+05
1.094340000000000000e+05
9.375400000000000000e+04
9.675400000000000000e+04
1.014030000000000000e+05
9.037300000000000000e+04
9.506700000000000000e+04
9.566200000000000000e+04
8.017700000000000000e+04
9.020100000000000000e+04
8.171100000000000000e+04
9.084400000000000000e+04
9.101100000000000000e+04
7.898000000000000000e+04
8.543800000000000000e+04
9.067500000000000000e+04
7.525500000000000000e+04
7.366500000000000000e+04
5.143400000000000000e+04
4.876200000000000000e+04
5.721000000000000000e+04
5.280400000000000000e+04
5.079100000000000000e+04
4.840600000000000000e+04
4.094000000000000000e+04
4.480700000000000000e+04
5.579700000000000000e+04
4.716400000000000000e+04
4.590800000000000000e+04
4.815400000000000000e+04
4.165600000000000000e+04
4.573700000000000000e+04
3.989500000000000000e+04
3.466800000000000000e+04
4.562200000000000000e+04
3.508000000000000000e+04
3.539900000000000000e+04
3.839400000000000000e+04
3.911200000000000000e+04
4.319300000000000000e+04
4.096400000000000000e+04
3.712600000000000000e+04
3.899000000000000000e+04
3.544100000000000000e+04
3.047100000000000000e+04
3.108200000000000000e+04
3.528200000000000000e+04
2.597300000000000000e+04
2.616200000000000000e+04
3.095500000000000000e+04
2.586300000000000000e+04
2.763400000000000000e+04
3.440800000000000000e+04
2.751100000000000000e+04
2.679900000000000000e+04
2.729100000000000000e+04
3.209400000000000000e+04
2.709500000000000000e+04
2.475500000000000000e+04
2.149900000000000000e+04
2.928400000000000000e+04
3.011000000000000000e+04
2.827200000000000000e+04
3.042100000000000000e+04
2.467300000000000000e+04
2.252800000000000000e+04
3.031700000000000000e+04
2.658700000000000000e+04
2.094600000000000000e+04
2.948600000000000000e+04
2.650000000000000000e+04
2.245900000000000000e+04
2.231200000000000000e+04
2.493200000000000000e+04
2.575700000000000000e+04
2.861900000000000000e+04
2.374400000000000000e+04
1.606400000000000000e+04
2.473400000000000000e+04
2.167700000000000000e+04
2.184400000000000000e+04
2.754600000000000000e+04
1.885600000000000000e+04
1.745100000000000000e+04
2.110600000000000000e+04
2.139200000000000000e+04
2.145200000000000000e+04
1.856900000000000000e+04
1.970200000000000000e+04
2.917000000000000000e+04
1.831100000000000000e+04
1.416500000000000000e+04
2.745000000000000000e+04
1.654100000000000000e+04
1.838600000000000000e+04
1.962600000000000000e+04
2.114000000000000000e+04
1.904000000000000000e+04
1.850900000000000000e+04
2.015100000000000000e+04
1.927100000000000000e+04
2.023400000000000000e+04
1.964300000000000000e+04
1.684500000000000000e+04
2.099500000000000000e+04
2.068900000000000000e+04
1.725900000000000000e+04
1.878700000000000000e+04
2.305600000000000000e+04
1.900000000000000000e+04
2.124400000000000000e+04
2.598900000000000000e+04
2.251300000000000000e+04
2.402300000000000000e+04
2.637200000000000000e+04
1.746600000000000000e+04
2.353500000000000000e+04
1.831100000000000000e+04
2.948800000000000000e+04
2.518200000000000000e+04
2.325200000000000000e+04
2.364200000000000000e+04
2.296800000000000000e+04
2.278500000000000000e+04
1.949900000000000000e+04
2.402300000000000000e+04
2.229400000000000000e+04
2.728500000000000000e+04
2.196100000000000000e+04
1.633900000000000000e+04
2.002500000000000000e+04
2.171800000000000000e+04
2.066700000000000000e+04
2.343600000000000000e+04
2.106600000000000000e+04
1.793800000000000000e+04
2.707500000000000000e+04
2.196200000000000000e+04
2.358200000000000000e+04
2.347000000000000000e+04
2.004100000000000000e+04
2.951800000000000000e+04
2.410100000000000000e+04
2.499500000000000000e+04
2.667000000000000000e+04
1.732300000000000000e+04
2.308200000000000000e+04
2.033700000000000000e+04
1.903500000000000000e+04
2.497900000000000000e+04
2.305700000000000000e+04
2.138500000000000000e+04
2.054400000000000000e+04
1.928000000000000000e+04
2.043100000000000000e+04
2.595400000000000000e+04
1.903100000000000000e+04
2.118100000000000000e+04
1.686100000000000000e+04
2.314200000000000000e+04
2.180400000000000000e+04
2.079600000000000000e+04
2.519900000000000000e+04
2.418200000000000000e+04
2.274100000000000000e+04
2.506400000000000000e+04
2.753200000000000000e+04
2.323200000000000000e+04
1.657900000000000000e+04
1.714400000000000000e+04
1.338000000000000000e+04
1.959000000000000000e+04
1.423100000000000000e+04
1.437100000000000000e+04
1.594600000000000000e+04
1.667700000000000000e+04
1.510400000000000000e+04
1.816900000000000000e+04
1.599900000000000000e+04
1.753700000000000000e+04
1.436600000000000000e+04
2.136700000000000000e+04
1.627300000000000000e+04
1.984500000000000000e+04
1.512200000000000000e+04
1.504800000000000000e+04
1.878400000000000000e+04
1.287500000000000000e+04
1.870500000000000000e+04
1.552400000000000000e+04
1.918700000000000000e+04
1.498800000000000000e+04
1.408800000000000000e+04
1.778800000000000000e+04
1.588200000000000000e+04
1.633600000000000000e+04
1.537900000000000000e+04
1.997900000000000000e+04
1.603600000000000000e+04
1.694700000000000000e+04
1.624100000000000000e+04
1.795000000000000000e+04
2.027300000000000000e+04
1.492500000000000000e+04
1.680400000000000000e+04
1.796400000000000000e+04
1.491600000000000000e+04
1.490300000000000000e+04
1.521800000000000000e+04
1.171200000000000000e+04
1.741400000000000000e+04
1.479100000000000000e+04
1.612100000000000000e+04
1.147800000000000000e+04
1.359000000000000000e+04
1.447300000000000000e+04
1.670100000000000000e+04
1.899600000000000000e+04
1.141700000000000000e+04
9.187000000000000000e+03
8.335000000000000000e+03
8.582000000000000000e+03
8.261000000000000000e+03
1.312300000000000000e+04
9.834000000000000000e+03
9.309000000000000000e+03
1.178400000000000000e+04
8.315000000000000000e+03
1.089200000000000000e+04
1.251200000000000000e+04
9.512000000000000000e+03
9.121000000000000000e+03
1.483600000000000000e+04
9.451000000000000000e+03
1.265000000000000000e+04
1.237900000000000000e+04
1.137100000000000000e+04
9.114000000000000000e+03
1.084500000000000000e+04
1.206700000000000000e+04
1.081000000000000000e+04
1.153100000000000000e+04
9.238000000000000000e+03
1.017600000000000000e+04
1.350400000000000000e+04
1.484200000000000000e+04
1.184200000000000000e+04
1.131800000000000000e+04
1.170000000000000000e+04
9.943000000000000000e+03
1.002000000000000000e+04
1.024400000000000000e+04
8.866000000000000000e+03
9.586000000000000000e+03
1.176700000000000000e+04
1.084800000000000000e+04
9.455000000000000000e+03
1.027800000000000000e+04
1.263400000000000000e+04
9.773000000000000000e+03
1.372600000000000000e+04
1.231200000000000000e+04
1.253900000000000000e+04
9.944000000000000000e+03
1.130000000000000000e+04
1.053500000000000000e+04
1.247500000000000000e+04
1.303900000000000000e+04
1.410900000000000000e+04
1.246300000000000000e+04
1.440700000000000000e+04
1.388000000000000000e+04
1.461500000000000000e+04
1.540100000000000000e+04
1.379100000000000000e+04
1.128600000000000000e+04
1.465700000000000000e+04
1.385600000000000000e+04
9.327000000000000000e+03
1.280300000000000000e+04
1.208900000000000000e+04
1.404900000000000000e+04
1.569200000000000000e+04
1.279200000000000000e+04
1.620300000000000000e+04
1.194400000000000000e+04
1.701600000000000000e+04
1.643500000000000000e+04
1.497900000000000000e+04
1.208300000000000000e+04
2.016300000000000000e+04
1.192000000000000000e+04
1.164700000000000000e+04
1.776000000000000000e+04
1.511800000000000000e+04
1.477200000000000000e+04
1.564200000000000000e+04
1.465500000000000000e+04
1.225400000000000000e+04
1.588800000000000000e+04
1.215900000000000000e+04
1.555900000000000000e+04
1.816600000000000000e+04
1.297200000000000000e+04
1.236100000000000000e+04
1.498100000000000000e+04
1.124200000000000000e+04
1.368800000000000000e+04
1.235400000000000000e+04
1.618300000000000000e+04
1.582200000000000000e+04
1.492400000000000000e+04
1.370400000000000000e+04
1.419700000000000000e+04
1.272900000000000000e+04
1.313300000000000000e+04
1.450100000000000000e+04
1.528100000000000000e+04
7.077000000000000000e+03
9.562000000000000000e+03
9.388000000000000000e+03
9.400000000000000000e+03
7.182000000000000000e+03
8.471000000000000000e+03
1.005100000000000000e+04
8.826000000000000000e+03
8.674000000000000000e+03
9.044000000000000000e+03
9.311000000000000000e+03
8.354000000000000000e+03
9.050000000000000000e+03
9.868000000000000000e+03
9.071000000000000000e+03
7.656000000000000000e+03
9.813000000000000000e+03
1.062200000000000000e+04
9.177000000000000000e+03
8.108000000000000000e+03
7.929000000000000000e+03
1.239800000000000000e+04
1.002000000000000000e+04
8.455000000000000000e+03
9.085000000000000000e+03
8.213000000000000000e+03
7.975000000000000000e+03
1.038400000000000000e+04
8.772000000000000000e+03
6.823000000000000000e+03
9.511000000000000000e+03
6.813000000000000000e+03
9.008000000000000000e+03
1.072600000000000000e+04
1.063200000000000000e+04
8.950000000000000000e+03
9.331000000000000000e+03
9.858000000000000000e+03
1.337600000000000000e+04
1.197200000000000000e+04
8.886000000000000000e+03
8.796000000000000000e+03
9.100000000000000000e+03
1.125500000000000000e+04
1.209000000000000000e+04
9.293000000000000000e+03
1.018800000000000000e+04
1.079300000000000000e+04
9.175000000000000000e+03
9.450000000000000000e+03
3.004000000000000000e+03
2.221000000000000000e+03
3.186000000000000000e+03
3.517000000000000000e+03
2.847000000000000000e+03
2.583000000000000000e+03
3.628000000000000000e+03
2.835000000000000000e+03
2.504000000000000000e+03
3.531000000000000000e+03
3.390000000000000000e+03
3.161000000000000000e+03
3.166000000000000000e+03
3.494000000000000000e+03
4.369000000000000000e+03
3.141000000000000000e+03
2.017000000000000000e+03
2.549000000000000000e+03
2.793000000000000000e+03
2.305000000000000000e+03
3.625000000000000000e+03
4.954000000000000000e+03
2.782000000000000000e+03
4.923000000000000000e+03
2.923000000000000000e+03
3.824000000000000000e+03
2.605000000000000000e+03
4.251000000000000000e+03
4.137000000000000000e+03
3.211000000000000000e+03
4.372000000000000000e+03
4.126000000000000000e+03
3.248000000000000000e+03
2.107000000000000000e+03
3.051000000000000000e+03
2.379000000000000000e+03
5.697000000000000000e+03
2.880000000000000000e+03
3.494000000000000000e+03
2.550000000000000000e+03
3.669000000000000000e+03
5.656000000000000000e+03
4.596000000000000000e+03
5.259000000000000000e+03
6.246000000000000000e+03
3.273000000000000000e+03
6.086000000000000000e+03
3.184000000000000000e+03
4.241000000000000000e+03
5.052000000000000000e+03
1.216800000000000000e+04
7.937000000000000000e+03
1.051400000000000000e+04
9.470000000000000000e+03
1.037000000000000000e+04
8.496000000000000000e+03
1.207400000000000000e+04
9.104000000000000000e+03
8.898000000000000000e+03
9.579000000000000000e+03
1.235100000000000000e+04
1.780500000000000000e+04
9.585000000000000000e+03
9.288000000000000000e+03
1.040400000000000000e+04
1.849700000000000000e+04
1.130100000000000000e+04
2.624500000000000000e+04
1.172100000000000000e+04
9.840000000000000000e+03
2.337700000000000000e+04
3.064900000000000000e+04
1.012500000000000000e+04
1.070700000000000000e+04
9.414000000000000000e+03
1.031600000000000000e+04
9.143000000000000000e+03
1.633800000000000000e+04
8.941000000000000000e+03
7.340000000000000000e+03
3.217400000000000000e+04
8.664000000000000000e+03
9.945000000000000000e+03
1.330100000000000000e+04
1.029300000000000000e+04
8.653000000000000000e+03
1.815000000000000000e+04
9.012000000000000000e+03
1.291100000000000000e+04
9.423000000000000000e+03
9.244000000000000000e+03
1.729600000000000000e+04
1.673200000000000000e+04
9.773000000000000000e+03
9.001000000000000000e+03
8.949000000000000000e+03
1.074200000000000000e+04
1.557200000000000000e+04
1.169600000000000000e+04
1.583500000000000000e+04
5.920000000000000000e+03
8.746000000000000000e+03
7.724000000000000000e+03
7.267000000000000000e+03
6.025000000000000000e+03
6.555000000000000000e+03
8.061000000000000000e+03
7.146000000000000000e+03
9.173000000000000000e+03
9.508000000000000000e+03
7.371000000000000000e+03
6.059000000000000000e+03
5.956000000000000000e+03
5.763000000000000000e+03
8.248000000000000000e+03
6.660000000000000000e+03
5.768000000000000000e+03
7.803000000000000000e+03
7.354000000000000000e+03
7.348000000000000000e+03
7.344000000000000000e+03
7.671000000000000000e+03
6.480000000000000000e+03
7.513000000000000000e+03
6.757000000000000000e+03
7.305000000000000000e+03
5.462000000000000000e+03
5.344000000000000000e+03
9.043000000000000000e+03
8.006000000000000000e+03
7.479000000000000000e+03
7.611000000000000000e+03
7.844000000000000000e+03
5.283000000000000000e+03
9.629000000000000000e+03
8.325000000000000000e+03
7.989000000000000000e+03
9.542000000000000000e+03
1.001000000000000000e+04
7.649000000000000000e+03
9.374000000000000000e+03
7.581000000000000000e+03
8.365000000000000000e+03
6.082000000000000000e+03
9.778000000000000000e+03
7.993000000000000000e+03
8.701000000000000000e+03
9.664000000000000000e+03
8.906000000000000000e+03
8.743000000000000000e+03
3.919000000000000000e+03
3.952000000000000000e+03
3.839000000000000000e+03
3.947000000000000000e+03
3.069000000000000000e+03
3.368000000000000000e+03
5.516000000000000000e+03
3.617000000000000000e+03
3.279000000000000000e+03
3.164000000000000000e+03
3.493000000000000000e+03
4.836000000000000000e+03
2.712000000000000000e+03
4.841000000000000000e+03
6.094000000000000000e+03
3.563000000000000000e+03
4.941000000000000000e+03
3.552000000000000000e+03
5.141000000000000000e+03
5.235000000000000000e+03
3.987000000000000000e+03
4.758000000000000000e+03
5.641000000000000000e+03
4.016000000000000000e+03
3.549000000000000000e+03
4.082000000000000000e+03
7.695000000000000000e+03
3.478000000000000000e+03
5.589000000000000000e+03
4.540000000000000000e+03
4.310000000000000000e+03
4.431000000000000000e+03
5.122000000000000000e+03
4.683000000000000000e+03
4.174000000000000000e+03
5.491000000000000000e+03
4.252000000000000000e+03
4.091000000000000000e+03
4.868000000000000000e+03
3.437000000000000000e+03
1.065900000000000000e+04
3.386000000000000000e+03
4.381000000000000000e+03
3.111000000000000000e+03
3.309000000000000000e+03
7.970000000000000000e+03
4.804000000000000000e+03
3.758000000000000000e+03
2.871000000000000000e+03
3.613000000000000000e+03
4.712000000000000000e+03
4.434000000000000000e+03
4.285000000000000000e+03
3.819000000000000000e+03
3.739000000000000000e+03
3.578000000000000000e+03
4.597000000000000000e+03
5.234000000000000000e+03
3.987000000000000000e+03
3.961000000000000000e+03
4.470000000000000000e+03
4.762000000000000000e+03
2.991000000000000000e+03
5.326000000000000000e+03
4.996000000000000000e+03
3.769000000000000000e+03
4.629000000000000000e+03
5.705000000000000000e+03
5.754000000000000000e+03
2.366000000000000000e+03
4.003000000000000000e+03
6.820000000000000000e+03
4.156000000000000000e+03
5.376000000000000000e+03
3.742000000000000000e+03
9.433000000000000000e+03
4.192000000000000000e+03
3.869000000000000000e+03
7.895000000000000000e+03
