1.761168241500854492e-01
1.746376976370811462e-01
1.693861037492752075e-01
1.841530241072177887e-01
1.998206406831741222e-01
2.007414624094963074e-01
2.075570502451487831e-01
2.008377183228731155e-01
1.926609062486224766e-01
2.063565179705619812e-01
2.045685797929763794e-01
1.992029746373494559e-01
2.070110715352571906e-01
2.067294684903962232e-01
2.062050223350525013e-01
2.067929264158010483e-01
2.032421722131616815e-01
1.986574762397342320e-01
1.983956647546667729e-01
1.965007543563842829e-01
2.024025519688924246e-01
2.023530284112149968e-01
2.029867398998011774e-01
2.011797099063793726e-01
2.004573583602905218e-01
1.991664274380757216e-01
2.028940021991729736e-01
2.042653230684144117e-01
2.046089002798343603e-01
2.026692022879918453e-01
2.013517411485795106e-01
2.009174865670502186e-01
2.008502514976443776e-01
2.014053293010767687e-01
2.006435500723975085e-01
1.990748995708094826e-01
1.986544079877234914e-01
1.991676331350678009e-01
1.979501938972717812e-01
1.978538993746042363e-01
1.973201309035464146e-01
1.964334856186594203e-01
1.957543495782586018e-01
1.947881955314766378e-01
1.932510538233651043e-01
1.931597308620162656e-01
1.926523107797541434e-01
1.920114106809099608e-01
1.913571941609285287e-01
1.913005992770195063e-01
1.956668119220172641e-01
1.971919785898465505e-01
1.987559297737085673e-01
2.022575567717905531e-01
2.058605809103358775e-01
2.091347636388880826e-01
2.115261149511002692e-01
2.140303128238381924e-01
2.164141659514378646e-01
2.177331946790218298e-01
2.208590021387475399e-01
2.227641606042461975e-01
2.254259617082656486e-01
2.269510591868311167e-01
2.278158446917167013e-01
2.300004934271176749e-01
2.315567636222981562e-01
2.332511533270864024e-01
2.384663394827773730e-01
2.420349195599555969e-01
2.436417423083748479e-01
2.455809929718573981e-01
2.465797807664087404e-01
2.480120391056344353e-01
2.489350078503290709e-01
2.497429622239188129e-01
2.513713358671634257e-01
2.528246742410537595e-01
2.540695186279997020e-01
2.558999260887503402e-01
2.564189307115696259e-01
2.563897253173153534e-01
2.571073883628270940e-01
2.577378563582897186e-01
2.588223126004723929e-01
2.604554217568663677e-01
2.610201943537284741e-01
2.614065010777928411e-01
2.615403735570693278e-01
2.622033498353428249e-01
2.626120564374294641e-01
2.629169917300991366e-01
2.634250750785233075e-01
2.642629693480247899e-01
2.646972864866256603e-01
2.651314513447384225e-01
2.654630463455140976e-01
2.660972298103935763e-01
2.656871324235742793e-01
2.654860170185566193e-01
2.684269973842224322e-01
2.734554428972449935e-01
2.783999091502531997e-01
2.819660891993687746e-01
2.854143200885682075e-01
2.924921817655833367e-01
2.954527920930185014e-01
2.982404575579696293e-01
3.012233777057140016e-01
3.046787073666399337e-01
3.083206303753294186e-01
3.118179564231208234e-01
3.155630263870796148e-01
3.185607708598438004e-01
3.221353376689164438e-01
3.255755830684612384e-01
3.277168978228528484e-01
3.307445045497457992e-01
3.340829917613197808e-01
3.369283766796191681e-01
3.396730232090989232e-01
3.428585271610588570e-01
3.456356066271541461e-01
3.486155450584427218e-01
3.503886448144912791e-01
3.531715279770276106e-01
3.544677037188387336e-01
3.569382160203531384e-01
3.586671917244445562e-01
3.606006916898947257e-01
3.630019400183481237e-01
3.647672896358100103e-01
3.671148348795740257e-01
3.687378525066731805e-01
3.705514379121638835e-01
3.720759952112155933e-01
3.739219591782910745e-01
3.760808884449627354e-01
3.774358682709632040e-01
3.793799899518489616e-01
3.806716479519580143e-01
3.822450307263454694e-01
3.836321660897115127e-01
3.847613178400529632e-01
3.866463045621740258e-01
3.882887209319088595e-01
3.896804781389885397e-01
3.912554440667500577e-01
3.927883538823799814e-01
3.947915193438529813e-01
3.974206499903407130e-01
4.001290105087192406e-01
4.023206920600405079e-01
4.046254441529125168e-01
4.066949095456831031e-01
4.090557959026250856e-01
4.112583578202375079e-01
4.130873613153832058e-01
4.153192164200656955e-01
4.171444230712950119e-01
4.184689785567869968e-01
4.211773935843396988e-01
4.235120636005342831e-01
4.247900775474746093e-01
4.260104158611008884e-01
4.278660316962793475e-01
4.295406863539518727e-01
4.315123736326183512e-01
4.328625555750886256e-01
4.340590092189171578e-01
4.358424674174938840e-01
4.388867416527382215e-01
4.403863922192182145e-01
4.417104828117907611e-01
4.429681969540459896e-01
4.439331917092204094e-01
4.454575973210361806e-01
4.475034188186184925e-01
4.485573702850821354e-01
4.499198086559772491e-01
4.507728493180722662e-01
4.520100565565811634e-01
4.540483805814076179e-01
4.551522735830234589e-01
4.567601101623999238e-01
4.577355760560241071e-01
4.586936911956511764e-01
4.595342666069243687e-01
4.612448014437205979e-01
4.624594130798390101e-01
4.629893041562035405e-01
4.638002596329897642e-01
8.697414398193359375e-01
7.831794917583465576e-01
7.334675590197244910e-01
7.394904643297195435e-01
7.289111614227294922e-01
7.092608610788980750e-01
6.917239597865513234e-01
6.791992634534835815e-01
6.628648373815748673e-01
6.471031367778777854e-01
6.377749930728565664e-01
6.367428054412206384e-01
6.308259184543902887e-01
6.280825861862727733e-01
6.225833535194397195e-01
6.171112768352031708e-01
6.129112138467676107e-01
6.110111176967620850e-01
6.104981397327623460e-01
6.126019984483719316e-01
6.130528648694356653e-01
6.119644343852996826e-01
6.069042838138082319e-01
6.028384764989217492e-01
5.965206456184387607e-01
5.944675275912651990e-01
5.931575761901007882e-01
5.905455542462212382e-01
5.932004390091731860e-01
5.942688842614491929e-01
5.939768264370579587e-01
5.931778382509946823e-01
5.950649561304034441e-01
5.907376373515409451e-01
5.877050161361694336e-01
5.903623998165130615e-01
5.869467773952999901e-01
5.863828094382035339e-01
5.840822679874224654e-01
5.817658066749572532e-01
5.804023917128400267e-01
5.789562123162406149e-01
5.786012106163557212e-01
5.803068849173459443e-01
5.789092487759059935e-01
5.761646025854608721e-01
5.746981901057223174e-01
5.759194896866878244e-01
5.741299609748684585e-01
5.745495152473449885e-01
5.732640156558915789e-01
5.733125656843185425e-01
5.717762348786840088e-01
5.707492784217551574e-01
5.687487287954851034e-01
5.683101373059409323e-01
5.681052856278001606e-01
5.676243120226366345e-01
5.731109118057509111e-01
5.766824404398600556e-01
5.795249587199726715e-01
5.842354912911692510e-01
5.882088210847642440e-01
5.949222221970558167e-01
5.987562693082368881e-01
6.035319837656888398e-01
6.063438858558882760e-01
6.100797714555964424e-01
6.125055594720701935e-01
6.135711167539869004e-01
6.169575948110768149e-01
6.201247614290978927e-01
6.238699563562053463e-01
6.282871148070773293e-01
6.301707903544108147e-01
6.334686122442546585e-01
6.361689792050944092e-01
6.396304070949554443e-01
6.424597720556621816e-01
6.455938659608364549e-01
6.467265405772645304e-01
6.477590217822934981e-01
6.508197152470968083e-01
6.534676615680966583e-01
6.567516523249009586e-01
6.585685936517493566e-01
6.604988150212957043e-01
6.625132716514847697e-01
6.640412968196226506e-01
6.654023170471191628e-01
6.664555295483096664e-01
6.681637174409368329e-01
6.705005572688195192e-01
6.719210458562728805e-01
6.731162102598893249e-01
6.743366587907075882e-01
6.766999953800869605e-01
6.784418134056792171e-01
6.799964706103006629e-01
6.819623774290084484e-01
6.833340460711186948e-01
6.846063505200778998e-01
6.859708630922928263e-01
6.866946289172539686e-01
6.873585332007635662e-01
6.884737121609022514e-01
6.899422802657724230e-01
6.915092230946929819e-01
6.901745790735297481e-01
6.899502737955613973e-01
6.897435499741150222e-01
6.894105928284781637e-01
6.884729556277789930e-01
6.878471400654107004e-01
6.861770982327668467e-01
6.853038853612439807e-01
6.837989519803951977e-01
6.840316784583916343e-01
6.835759056716406157e-01
6.826825151840846262e-01
6.816337177576112794e-01
6.811869862626810379e-01
6.809960913851977882e-01
6.807929359136088987e-01
6.801910820007324165e-01
6.790867873600551219e-01
6.787713766098022461e-01
6.780729843303561211e-01
6.774268769478613006e-01
6.764718963549687381e-01
6.761572451991889610e-01
6.754363463683561442e-01
6.739675539328640053e-01
6.739942019999917155e-01
6.735537120589503157e-01
6.737593804650446883e-01
6.731919200315962248e-01
6.722272943327392003e-01
6.720968817206595114e-01
6.715101755091121838e-01
6.709520759734701745e-01
6.703229674570997387e-01
6.702540273016149852e-01
6.696422863751649857e-01
6.695756096264411372e-01
6.683914545055937850e-01
6.676334420434472117e-01
6.679578659099500992e-01
6.678918966110920508e-01
6.677898476521174631e-01
6.672123546237187508e-01
6.665179551039871475e-01
6.657237470929139311e-01
6.650568686135402974e-01
6.645470325023897784e-01
6.634732759915865641e-01
6.628565093514265927e-01
6.618474061730541536e-01
6.632039104617616365e-01
6.657484747469425423e-01
6.681971446327541475e-01
6.700747782065544778e-01
6.730824485878271757e-01
6.762816720619434507e-01
6.784202275854168684e-01
6.807341665388589869e-01
6.829808861195684200e-01
6.853078649867148098e-01
6.876585945575195424e-01
6.897130135227652614e-01
6.913959593103643497e-01
6.924099274152932804e-01
6.945628000132609836e-01
6.970883809972083789e-01
6.991237677846635634e-01
7.011364369907162608e-01
7.036010447868519257e-01
7.054473613755086747e-01
7.077400467915242466e-01
7.097162733475367302e-01
7.109318787221750036e-01
7.123231072347242510e-01
7.135646489799999381e-01
7.149866194180820589e-01
7.157038492125433748e-01
7.168446660682719074e-01
7.180820059648809206e-01
7.200414994929699164e-01
7.216862673481936330e-01
7.234880516403600081e-01
7.246318799662964105e-01
7.265814598649740219e-01
9.679082632064819336e-01
9.708107709884643555e-01
9.316727717717488977e-01
9.434591531753540039e-01
9.739903211593627930e-01
9.555701216061910364e-01
9.655459097453525930e-01
9.698029235005378723e-01
9.680953886773850936e-01
9.708843231201171875e-01
9.691225344484503124e-01
9.706273724635442468e-01
9.694414459742032308e-01
9.631779321602412791e-01
9.622520367304484568e-01
9.607796147465705872e-01
9.877861597958732531e-01
1.018690751658545501e+00
1.048470421841270150e+00
1.065454816818237394e+00
1.084032671792166669e+00
1.110461847348646724e+00
1.133826095124949473e+00
1.151224071780840630e+00
1.170683379173278915e+00
1.187854519257178776e+00
1.206992846948129250e+00
1.213565089872905123e+00
1.223589564191883916e+00
1.234416806697845370e+00
1.248479739312202685e+00
1.254692345857620239e+00
1.261740106524843252e+00
1.265478028970606239e+00
1.270755290985107422e+00
1.278790745470258949e+00
1.291965333191124277e+00
1.301043645331734000e+00
1.309187146333547824e+00
1.315016266703605607e+00
1.320818648105714477e+00
1.323562423388163323e+00
1.329239584678827413e+00
1.332775766199285394e+00
1.339967785941230005e+00
1.344373656355816404e+00
1.346982230531408531e+00
1.351394233604272133e+00
1.357414321023590720e+00
1.361477568149566553e+00
1.365049925504946193e+00
1.369786624725048307e+00
1.373678137671272781e+00
1.378752913739946129e+00
1.379732938246293505e+00
1.384419849940708769e+00
1.386631484617266707e+00
1.390634980695000911e+00
1.391794099646099570e+00
1.394714657465616847e+00
1.396225569678134715e+00
1.397050461461467163e+00
1.401029424061850825e+00
1.401007149368524551e+00
1.405537964747502144e+00
1.406414084362261230e+00
1.394545998146284882e+00
1.382524882169330782e+00
1.373274752195330572e+00
1.363876646757125943e+00
1.354830106379280696e+00
1.345044451455275292e+00
1.334416516839641353e+00
1.324180740762401332e+00
1.313736857573191363e+00
1.304850880252687473e+00
1.295654680047716445e+00
1.286150837555909865e+00
1.277647768394856609e+00
1.268502266705036075e+00
1.260324176446891098e+00
1.253579041579874653e+00
1.244791359068399439e+00
1.236234279615538556e+00
1.229099176210515676e+00
1.221449972585190169e+00
1.214885012856845137e+00
1.207414692775769627e+00
1.199257120992360592e+00
1.193040306369463677e+00
1.186322160147048610e+00
1.180209418029888768e+00
1.173677324928263266e+00
1.167444654918731617e+00
1.161926354546295892e+00
1.156175585153202290e+00
1.150235931590660288e+00
1.145048119888013805e+00
1.139866504103246303e+00
1.134765786826610556e+00
1.128745874260911775e+00
1.123887855924811996e+00
1.119137647371847732e+00
1.113506147781243794e+00
1.108629909299668759e+00
1.103452523643115857e+00
1.097795133835801407e+00
1.092503207701223777e+00
1.087859896344876010e+00
1.083525771444494135e+00
1.078830316797033007e+00
1.074823416237320250e+00
1.070119764952532915e+00
1.065992443185103555e+00
1.062404238659402589e+00
1.058250011041246719e+00
1.056503045253264661e+00
1.055073683544740737e+00
1.053469495613033935e+00
1.052236012617747019e+00
1.050845478191848592e+00
1.050600641086453235e+00
1.048791254439005005e+00
1.047574390326776905e+00
1.046312488555908304e+00
1.044917251855608020e+00
1.044186461628891394e+00
1.042909160256385803e+00
1.042596463085144975e+00
1.040856271065198513e+00
1.040426586420481359e+00
1.039221210010123908e+00
1.037661668949557470e+00
1.035914245381284182e+00
1.034532292242403395e+00
1.033631260342457781e+00
1.032116600631797443e+00
1.031227064305457519e+00
1.029262514423123331e+00
1.028212329319545093e+00
1.027334772103221772e+00
1.026576658369789730e+00
1.025841155252256609e+00
1.024661661022239212e+00
1.023299883151876477e+00
1.022231867052104448e+00
1.020999974944964528e+00
1.019866643725214850e+00
1.019321744874019720e+00
1.017969023386637417e+00
1.017774511646750701e+00
1.016901173089679977e+00
1.015848360420052554e+00
1.014226488091728884e+00
1.013194854797855537e+00
1.011747961242993599e+00
1.011138074337297077e+00
1.010561733306208687e+00
1.009850538751614124e+00
1.009290734678506940e+00
1.008235660769184250e+00
1.007233292968184868e+00
1.006162635387818582e+00
1.004997955589759684e+00
1.004439886411031102e+00
1.003361395324569250e+00
1.002752474682059747e+00
1.002780097581091434e+00
1.002858710712229762e+00
1.002253765919629336e+00
1.002439420125637914e+00
1.002425484185994975e+00
1.002858213606597326e+00
1.003371332568683938e+00
1.003539648056030353e+00
1.003753748807040047e+00
1.003909564961147804e+00
1.003811953777677513e+00
1.003266487374651961e+00
1.002947294049792770e+00
1.002878526297722006e+00
1.002052329398773534e+00
1.002381849810073833e+00
1.002968547136887212e+00
1.002341911277255582e+00
1.002221104919269523e+00
1.002452225608621683e+00
1.002408622427189533e+00
1.002252489801437108e+00
1.001944529382805982e+00
1.002751924604645684e+00
1.002444804335633988e+00
8.536512255668640137e-01
8.967318534851074219e-01
9.078818758328756067e-01
9.260835647583007812e-01
9.232049226760864480e-01
9.316776295502980920e-01
9.375505106789725485e-01
9.294281676411628723e-01
9.232916434605916711e-01
9.304602861404418501e-01
9.249937967820600626e-01
9.306688606739044189e-01
9.418498736161452500e-01
9.570981264114379883e-01
9.545896251996358606e-01
9.530053213238716125e-01
9.517559163710650472e-01
9.479639662636650810e-01
9.515427037289267975e-01
9.492585390806198564e-01
9.496532479921976355e-01
9.467936429110440644e-01
9.487090162608934341e-01
9.518304119507471350e-01
9.479948949813842285e-01
9.449485723788921820e-01
9.428722615595217516e-01
9.427208368267331329e-01
9.376026083683145496e-01
9.335809727509816192e-01
9.329586490508048335e-01
9.309324361383914948e-01
9.281788052934588640e-01
9.248887738760780408e-01
9.208483747073582526e-01
9.190296762519412077e-01
9.197111596932282529e-01
9.167607128620147705e-01
9.154007755793057699e-01
9.135553300380706565e-01
9.145313385056286215e-01
9.127020225638434736e-01
9.102204719255136967e-01
9.127348647876218912e-01
9.112212446000841348e-01
9.114146906396617398e-01
9.119721828623020832e-01
9.120494698484739038e-01
9.115451914923531351e-01
9.114074659347534135e-01
9.099787473678588867e-01
9.102700627767122965e-01
9.119662473786551704e-01
9.109097200411336859e-01
9.077033552256497106e-01
9.065294489264488220e-01
9.061877162832963073e-01
9.062464874366233936e-01
