1.780209839344024658e-01
1.680578440427780151e-01
1.605863769849141531e-01
1.625140905380249023e-01
1.630992650985717829e-01
1.656074176232019968e-01
1.788092127868107506e-01
1.856147479265928268e-01
1.842205441660351162e-01
1.924854025244712719e-01
1.908376149155876778e-01
1.902328816552956992e-01
1.922972500324249268e-01
1.971052778618676282e-01
1.950921038786570250e-01
1.971708303317427635e-01
2.026963558267144694e-01
2.075970959332254229e-01
2.084621402778123467e-01
2.069447517395019420e-01
2.051790647563480063e-01
2.038656073537739866e-01
2.027133256196975708e-01
2.038122396916151047e-01
2.038869184255600042e-01
2.032393939219988288e-01
2.017685318434679909e-01
2.013870860849107935e-01
2.007850953217210355e-01
1.999338855346043942e-01
1.989797017266673462e-01
1.977823656052350998e-01
1.973188492384823911e-01
2.013764197335523587e-01
2.019469627312251436e-01
2.011424712836742401e-01
2.015130902464325469e-01
2.013345160766651654e-01
2.014819097060423503e-01
2.012085169553756714e-01
2.003744593480738245e-01
2.000907375698997848e-01
2.003062464470087012e-01
1.993601200255480654e-01
1.981990857256783478e-01
1.987448273145634159e-01
1.990414052567583414e-01
1.978498219201962061e-01
1.999412069515306145e-01
1.999242553114891074e-01
2.038119520042456778e-01
2.082323572383477095e-01
2.101529985666275024e-01
2.129271761686713504e-01
2.142257053743709116e-01
2.189354026424033262e-01
2.209789562120772211e-01
2.241768741915965979e-01
2.265131723577693268e-01
2.288297571241855732e-01
2.321008412075824534e-01
2.350987481974786408e-01
2.372281705103223282e-01
2.389730273280292749e-01
2.421961318988066492e-01
2.443837168993371889e-01
2.464277960026442227e-01
2.486340984263840925e-01
2.506294822779254750e-01
2.529199717300278927e-01
2.552305634172869486e-01
2.567054147107733497e-01
2.610915586964724922e-01
2.622950429449210086e-01
2.635140162706375300e-01
2.653346840096147408e-01
2.672055543630154073e-01
2.692645232264812005e-01
2.702527323478384758e-01
2.724955225363373534e-01
2.735500646594130059e-01
2.749662088548264771e-01
2.758304327726364136e-01
2.776537674168745862e-01
2.788680818151025309e-01
2.798397483867268165e-01
2.809427180166902405e-01
2.813638677312569336e-01
2.826031525148434698e-01
2.837394355071915508e-01
2.849132213946227177e-01
2.855853598726832421e-01
2.860943747143591676e-01
2.872164193937118970e-01
2.886651216368926187e-01
2.888937389167646752e-01
2.894104216823872866e-01
2.897830397194745555e-01
2.900709436096326477e-01
2.919031505286693307e-01
2.963182735856216832e-01
3.001107478550836261e-01
3.045183054162460823e-01
3.084255002725582728e-01
3.121346421184993947e-01
3.156083129205793925e-01
3.192483491708185128e-01
3.221275794009367810e-01
3.255001381723158782e-01
3.299927639690312664e-01
3.339783617773571800e-01
3.360545117674129112e-01
3.386762589216232300e-01
3.418843347513884634e-01
3.454262338254762699e-01
3.487300182981737939e-01
3.512917124053351881e-01
3.544653849834102921e-01
3.570887229773176963e-01
3.587132119884093862e-01
3.609592967535838470e-01
3.631185829395153220e-01
3.662421014008483411e-01
3.689698191179383024e-01
3.718021639585494809e-01
3.735435764704431727e-01
3.760176642438557981e-01
3.776328096864745021e-01
3.787316775830217308e-01
3.808275547165136943e-01
3.832494988468767017e-01
3.848276534541086868e-01
3.863892383817443266e-01
3.881882098850919505e-01
3.900818258523940929e-01
3.914990016423604002e-01
3.932647499507361255e-01
3.952004195771355310e-01
3.982096407696497642e-01
4.009474936340536311e-01
4.022810927308197448e-01
4.033527759389138323e-01
4.055128467458111174e-01
4.068789195476306686e-01
4.087573235404902694e-01
4.108967375877785599e-01
4.124223422639223813e-01
4.136438215705188770e-01
4.154284307420653688e-01
4.165632004539172040e-01
4.204137813768639709e-01
4.236950434156154244e-01
4.268902063954110315e-01
4.299506571192245885e-01
4.330909262741765575e-01
4.370374911679671404e-01
4.401646168178813268e-01
4.445690142014358526e-01
4.469125798475817590e-01
4.500834661535918491e-01
4.527230846770801675e-01
4.559716364299809532e-01
4.584929898289815120e-01
4.603870531952962697e-01
4.626367629477471932e-01
4.643171224069882475e-01
4.664811612424736298e-01
4.684481988882734926e-01
4.700589256702795704e-01
4.720528471995802389e-01
4.736919025754370849e-01
4.752258151596368552e-01
4.768341858090692775e-01
4.787567904454538281e-01
4.798391501392637037e-01
4.818357035348361239e-01
4.831646993166982540e-01
4.849225399032067729e-01
4.862910624822424643e-01
4.878415113521946678e-01
4.890197620042779914e-01
4.900998360999337944e-01
4.918360598588901733e-01
4.935144159294989064e-01
4.951011998427880534e-01
4.965494556292410766e-01
4.981543487884144139e-01
4.990994117837003197e-01
5.006160035177513734e-01
5.012815437034556787e-01
5.028909593820571899e-01
5.039440560309836892e-01
7.398813962936401367e-01
8.188578486442565918e-01
7.692992289861043664e-01
7.737490981817245483e-01
7.695385456085205300e-01
7.696600159009298059e-01
7.690337726048060984e-01
7.652450650930404663e-01
7.490524384710524064e-01
7.433098673820495161e-01
7.253400195728648692e-01
7.146466374397277832e-01
7.222764492034912109e-01
7.180217461926596823e-01
7.030664006868998506e-01
6.917592324316501617e-01
6.895205273347742025e-01
6.863924066225687293e-01
6.819684317237452165e-01
6.745416820049285889e-01
6.706071183795020429e-01
6.642731401053342255e-01
6.602828450824903550e-01
6.572494258483251306e-01
6.593375968933105069e-01
6.574131754728463894e-01
6.570240899368569032e-01
6.514235671077456269e-01
6.494615591805557031e-01
6.459017892678579065e-01
6.420007482651741704e-01
6.393194682896137238e-01
6.355967160427209439e-01
6.346427044447731092e-01
6.320014885493687729e-01
6.291255089971754533e-01
6.276834897092871124e-01
6.251013169163152083e-01
6.232504187486110903e-01
6.205300584435462508e-01
6.170088532494335531e-01
6.149884760379791260e-01
6.121950939644215106e-01
6.092411279678344727e-01
6.088604569435119851e-01
6.070302323154781465e-01
6.051995817651140142e-01
6.040936348338922235e-01
6.032769229947304579e-01
6.050628030300140292e-01
6.029659439535701715e-01
6.016106926477872152e-01
5.992166534909662001e-01
5.992166720054767914e-01
5.966835785995829866e-01
5.955266148916312785e-01
5.939831937614240553e-01
5.927163028511507337e-01
5.982522110817796168e-01
6.046966309348742463e-01
6.127200297644881388e-01
6.167751392049174441e-01
6.230192104029277367e-01
6.314201462082564831e-01
6.358164782707508289e-01
6.404770833976340949e-01
6.468830468939311684e-01
6.512364802115103712e-01
6.553975114787834455e-01
6.616326225655418947e-01
6.669785401351014942e-01
6.710257244606813165e-01
6.743243651030814689e-01
6.776852225129669227e-01
6.822220806280772099e-01
6.856958015184653199e-01
6.894451190124858408e-01
6.929024140804241894e-01
6.946040471143359873e-01
6.990481663495302644e-01
7.016227962794127082e-01
7.049223864223899128e-01
7.072464209723184903e-01
7.112655054245676789e-01
7.127495825290679488e-01
7.149907083705414612e-01
7.168997618658788928e-01
7.213462289761413126e-01
7.241564088323143578e-01
7.262126674254735237e-01
7.287144860723516748e-01
7.304176056514615212e-01
7.338575204854370648e-01
7.348550104714454134e-01
7.389161614995253258e-01
7.412567501887679100e-01
7.428696791535800426e-01
7.449018824465420963e-01
7.476092929189855907e-01
7.479259791970253035e-01
7.494549506371563918e-01
7.523868355680914943e-01
7.546456950960807042e-01
7.553652034929165815e-01
7.564672427518027709e-01
7.581664208533629434e-01
7.591127689196685013e-01
7.600358390697726785e-01
7.586438155502354119e-01
7.571823903105475706e-01
7.564719756981274079e-01
7.551080629761729446e-01
7.535979407551014475e-01
7.522088401673132640e-01
7.520681746627972952e-01
7.507480395765140369e-01
7.497327106121258744e-01
7.484853270195298558e-01
7.470153096844168727e-01
7.456195977826912680e-01
7.453173554140674062e-01
7.444366263072998979e-01
7.435004543967362878e-01
7.434204766346562687e-01
7.426424710750579861e-01
7.410468698020965528e-01
7.403931826587737408e-01
7.389300770591944456e-01
7.374764382839202881e-01
7.362556702815569176e-01
7.352285159908178436e-01
7.345168041911992463e-01
7.326858377546295875e-01
7.319276699824119881e-01
7.307323047408351702e-01
7.298552470610422116e-01
7.286965805683692787e-01
7.274642524080000561e-01
7.303104509981416248e-01
7.291145935654640420e-01
7.281268308771416953e-01
7.274587563645671384e-01
7.261116906896337708e-01
7.250754280636707572e-01
7.243686579424759575e-01
7.237243482919588633e-01
7.226611394055035831e-01
7.215583024395478828e-01
7.199434261994074324e-01
7.185669481754303201e-01
7.171787686695326736e-01
7.163412931718324828e-01
7.150567832335926743e-01
7.143446183823919382e-01
7.141347254476239081e-01
7.128176291783651086e-01
7.119990731500516201e-01
7.108728021760529758e-01
7.145735419021462809e-01
7.179469224065542221e-01
7.229584125998598232e-01
7.259184508411972159e-01
7.304923889095797929e-01
7.342050558910137026e-01
7.384809006344188465e-01
7.417121368000306747e-01
7.443304400957987399e-01
7.477818610412734213e-01
7.508660896995363876e-01
7.543320582193486779e-01
7.578173921122188794e-01
7.607743376216222764e-01
7.630791040514245394e-01
7.665085542476040015e-01
7.690915731021336077e-01
7.714026702398603108e-01
7.745209383425739613e-01
7.773650579907921410e-01
7.805246670818861698e-01
7.828140123022927499e-01
7.855864753380664700e-01
7.881527140245332408e-01
7.902285280774851151e-01
7.926084253451098904e-01
7.959835294130686023e-01
7.980503577698943030e-01
7.996268339335599329e-01
8.024365531003221363e-01
8.047426160050448196e-01
8.069333989369241733e-01
8.089656533371091252e-01
8.106483621522784233e-01
1.231398701667785645e+00
1.194037020206451416e+00
1.217270533243815178e+00
1.192170679569244385e+00
1.188890671730041593e+00
1.187713464101155525e+00
1.190963029861450195e+00
1.197049587965011597e+00
1.208153062396579269e+00
1.203160452842712447e+00
1.201712716709483653e+00
1.214883029460906982e+00
1.212214323190542453e+00
1.212861571993146592e+00
1.207750463485717685e+00
1.214231163263320923e+00
1.250533005770515071e+00
1.266606403721703522e+00
1.288257793376320182e+00
1.309477788209915117e+00
1.332270809582301485e+00
1.349896631457588869e+00
1.363443504209103763e+00
1.378111526370048523e+00
1.392901763916015723e+00
1.404037448076101535e+00
1.416741432967009384e+00
1.425879784992762911e+00
1.439179560233806665e+00
1.441149103641510054e+00
1.450904219381270899e+00
1.454594187438488007e+00
1.461760260842063230e+00
1.472381995004766075e+00
1.472938609123229936e+00
1.478345629241731407e+00
1.487142388885085653e+00
1.502469464352256479e+00
1.511218034304105284e+00
1.515497779846191495e+00
1.520374955200567424e+00
1.525346094653719842e+00
1.528742643289787928e+00
1.531533691016110588e+00
1.536607927746242996e+00
1.547832432000533442e+00
1.552579560178391382e+00
1.555879910786946541e+00
1.555538223714244550e+00
1.557858831882476869e+00
1.560404728440677458e+00
1.566793430310029267e+00
1.569977926758100439e+00
1.575542558122564163e+00
1.578963342579928320e+00
1.584059091550963361e+00
1.582943487585636522e+00
1.581748405407215063e+00
1.584185992257069797e+00
1.588303351402282626e+00
1.589108705520629883e+00
1.591654467967248632e+00
1.591387610586862733e+00
1.597353003919124603e+00
1.599825992951026343e+00
1.601043728264895272e+00
1.587306513715146083e+00
1.572005117640775884e+00
1.557133819745934566e+00
1.543658137321472168e+00
1.530902048231850276e+00
1.516931324369377609e+00
1.503630402969987401e+00
1.491723729951961674e+00
1.479101893107096277e+00
1.468322944484258930e+00
1.458152037936371714e+00
1.446069715114740140e+00
1.434952968283544683e+00
1.423786502331495285e+00
1.412879561200554024e+00
1.402471430417967957e+00
1.393222519432205653e+00
1.382690475810141706e+00
1.373331151289098440e+00
1.363308878832085291e+00
1.353724224128942444e+00
1.344099002805623222e+00
1.333766293659638835e+00
1.324689269065856934e+00
1.315792901175362628e+00
1.307400503884191156e+00
1.299899545408064405e+00
1.291984600589630494e+00
1.284058735245152461e+00
1.275837069998184914e+00
1.268856508215678192e+00
1.260679562481082261e+00
1.254353985641941893e+00
1.246644053459167401e+00
1.239576913932762592e+00
1.232080565363752989e+00
1.225818677434643567e+00
1.218986856249662631e+00
1.212619675341106706e+00
1.205939068546834969e+00
1.198826475399676905e+00
1.192124455615326317e+00
1.185701142483895021e+00
1.180264678055589878e+00
1.175348067337328217e+00
1.169137032702565193e+00
1.164225339098314160e+00
1.158504007416859105e+00
1.152957870908405402e+00
1.147206644045895452e+00
1.147261014860919470e+00
1.146063774824142456e+00
1.144620767661503447e+00
1.143584618469079439e+00
1.142335917831452496e+00
1.141506330400216873e+00
1.141230828878356141e+00
1.139940786265557726e+00
1.138766942024231010e+00
1.137982442265465188e+00
1.136967368951932622e+00
1.136586687527596951e+00
1.135606458020764764e+00
1.134953723503993039e+00
1.134064305829637798e+00
1.133660431161071402e+00
1.132708903542138490e+00
1.131854670261269291e+00
1.130952366193135550e+00
1.130852658082457163e+00
1.130263572191670063e+00
1.129276898028193976e+00
1.128268036053335033e+00
1.126377586381775986e+00
1.125113484284556487e+00
1.124000079195264457e+00
1.123038948415876259e+00
1.122304250382714752e+00
1.121813557476832868e+00
1.120919287204742432e+00
1.120295076143174029e+00
1.119936703024683844e+00
1.120040797547205980e+00
1.118603219191233400e+00
1.117973761842740332e+00
1.117627181504902145e+00
1.117053223591224720e+00
1.116673548500259239e+00
1.116294473986471747e+00
1.115525572727888104e+00
1.114789870134584415e+00
1.113059645589393964e+00
1.112317640451515155e+00
1.111502260714769319e+00
1.110770212937586043e+00
1.110128175329279099e+00
1.109628436755548897e+00
1.109194456077203572e+00
1.108621136347452740e+00
1.108466008341456144e+00
1.109590619624017949e+00
1.110173079939115626e+00
1.110314207669545805e+00
1.111031164842493313e+00
1.111533774269951813e+00
1.112593286952306970e+00
1.112400181720711645e+00
1.113025676244976836e+00
1.114012448447091241e+00
1.115278697826645571e+00
1.116000623352783494e+00
1.116719164205401071e+00
1.117998971619419635e+00
1.118941896491580490e+00
1.119848934984997602e+00
1.120317442076546710e+00
1.120389352079297574e+00
1.121458564115607182e+00
1.122293182321496996e+00
1.122979560206013305e+00
1.124039825908640600e+00
1.124464976026656737e+00
1.124533665243280023e+00
1.124612513968819005e+00
1.125705337649240523e+00
1.126392833267648941e+00
1.227619886398315430e+00
1.240113735198974609e+00
1.228815952936808342e+00
1.230291247367858887e+00
1.235145020484924361e+00
1.242158035437266106e+00
1.222405450684683759e+00
1.216184020042419434e+00
1.208157539367675781e+00
1.198096251487732022e+00
1.199159318750554926e+00
1.204893390337626213e+00
1.192792800756601101e+00
1.188848137855529785e+00
1.193297147750854492e+00
1.193810805678367615e+00
1.189327436334946642e+00
1.187098774645063637e+00
1.186146616935729980e+00
1.184192860126495273e+00
1.180459249587286097e+00
1.178094170310280520e+00
1.178980391958485585e+00
1.179047668973604912e+00
1.165899658203124911e+00
1.155127048492431641e+00
1.144756317138671875e+00
1.138628493462290114e+00
1.132339787894281802e+00
1.125861857334772731e+00
1.120583911095896168e+00
1.113479955121874809e+00
1.109696426174857420e+00
1.104647890609853356e+00
1.097353633812495621e+00
1.090381966696845062e+00
1.085978214805190634e+00
1.083589469131670535e+00
1.078352873141948942e+00
1.072324518859386400e+00
1.068314091461460835e+00
1.062850211347852403e+00
1.059344166933104070e+00
1.053770902481946159e+00
1.048371958732605025e+00
1.043427375347717900e+00
1.042392856263099743e+00
1.039056235303481346e+00
1.036172848574969274e+00
1.032883750200271677e+00
1.028346401803633681e+00
1.026923990020385258e+00
1.025355423396488330e+00
