2.274723768234252930e+00
6.473612785339355469e-02
6.287384033203125000e-02
6.656861305236816406e-02
6.546425819396972656e-02
6.195282936096191406e-02
6.831669807434082031e-02
7.046794891357421875e-02
6.756711006164550781e-02
5.832672119140625000e-02
6.514978408813476562e-02
6.346845626831054688e-02
6.332921981811523438e-02
6.096553802490234375e-02
6.847405433654785156e-02
6.371831893920898438e-02
7.191705703735351562e-02
6.530904769897460938e-02
6.340312957763671875e-02
6.173563003540039062e-02
6.120991706848144531e-02
6.257128715515136719e-02
6.445121765136718750e-02
6.144404411315917969e-02
6.277847290039062500e-02
6.144094467163085938e-02
6.637024879455566406e-02
6.682944297790527344e-02
6.315994262695312500e-02
6.181931495666503906e-02
6.761765480041503906e-02
7.462716102600097656e-02
6.704711914062500000e-02
6.545639038085937500e-02
5.925011634826660156e-02
6.720137596130371094e-02
8.982086181640625000e-02
6.710195541381835938e-02
6.141805648803710938e-02
6.654405593872070312e-02
5.966401100158691406e-02
6.554889678955078125e-02
6.532096862792968750e-02
6.581401824951171875e-02
6.137752532958984375e-02
6.364202499389648438e-02
6.948757171630859375e-02
6.186079978942871094e-02
6.822109222412109375e-02
6.574821472167968750e-02
2.321143865585327148e+00
5.849146842956542969e-02
5.338501930236816406e-02
5.984115600585937500e-02
5.405092239379882812e-02
5.256795883178710938e-02
5.430483818054199219e-02
5.747389793395996094e-02
5.412650108337402344e-02
5.267548561096191406e-02
6.291580200195312500e-02
5.008602142333984375e-02
5.447721481323242188e-02
5.220794677734375000e-02
5.416107177734375000e-02
5.393362045288085938e-02
5.402255058288574219e-02
5.254411697387695312e-02
5.382704734802246094e-02
4.962897300720214844e-02
5.691385269165039062e-02
6.705260276794433594e-02
6.242394447326660156e-02
5.184698104858398438e-02
5.612277984619140625e-02
5.321168899536132812e-02
5.526423454284667969e-02
5.809473991394042969e-02
5.268454551696777344e-02
6.378912925720214844e-02
5.733299255371093750e-02
5.791997909545898438e-02
5.533075332641601562e-02
5.711627006530761719e-02
5.295658111572265625e-02
5.562877655029296875e-02
5.684280395507812500e-02
6.333851814270019531e-02
5.575847625732421875e-02
5.927801132202148438e-02
5.192399024963378906e-02
5.643868446350097656e-02
5.437231063842773438e-02
7.343411445617675781e-02
5.241036415100097656e-02
5.426430702209472656e-02
6.688952445983886719e-02
5.762767791748046875e-02
6.743359565734863281e-02
5.352401733398437500e-02
1.565440893173217773e+00
5.705308914184570312e-02
5.215311050415039062e-02
5.394625663757324219e-02
8.094549179077148438e-02
5.377531051635742188e-02
6.739163398742675781e-02
7.574486732482910156e-02
5.644321441650390625e-02
5.514216423034667969e-02
5.493760108947753906e-02
5.026721954345703125e-02
5.311322212219238281e-02
5.554342269897460938e-02
5.004286766052246094e-02
5.489826202392578125e-02
5.067348480224609375e-02
5.514359474182128906e-02
5.353021621704101562e-02
6.005692481994628906e-02
5.360674858093261719e-02
6.337189674377441406e-02
4.948782920837402344e-02
6.686353683471679688e-02
5.415320396423339844e-02
5.176281929016113281e-02
5.272388458251953125e-02
5.166554450988769531e-02
5.874109268188476562e-02
5.907726287841796875e-02
5.500721931457519531e-02
5.357789993286132812e-02
5.547642707824707031e-02
6.328630447387695312e-02
5.223226547241210938e-02
5.126428604125976562e-02
5.329918861389160156e-02
5.705666542053222656e-02
5.768132209777832031e-02
5.672335624694824219e-02
5.653095245361328125e-02
5.388164520263671875e-02
5.574059486389160156e-02
4.939341545104980469e-02
5.291128158569335938e-02
5.111742019653320312e-02
5.310678482055664062e-02
5.414199829101562500e-02
5.312275886535644531e-02
5.254101753234863281e-02
1.540903091430664062e+00
4.763627052307128906e-02
4.458332061767578125e-02
4.825353622436523438e-02
1.240301132202148438e-01
5.524039268493652344e-02
5.364441871643066406e-02
5.443739891052246094e-02
5.406141281127929688e-02
5.266618728637695312e-02
4.811096191406250000e-02
5.025792121887207031e-02
5.315470695495605469e-02
5.070853233337402344e-02
5.439615249633789062e-02
4.652357101440429688e-02
5.209732055664062500e-02
4.961323738098144531e-02
5.127525329589843750e-02
5.196094512939453125e-02
6.426954269409179688e-02
4.554009437561035156e-02
4.738092422485351562e-02
8.008456230163574219e-02
4.944634437561035156e-02
4.954075813293457031e-02
4.789042472839355469e-02
5.218625068664550781e-02
5.543828010559082031e-02
5.168747901916503906e-02
5.044388771057128906e-02
5.445790290832519531e-02
5.035018920898437500e-02
5.071616172790527344e-02
5.303049087524414062e-02
5.909919738769531250e-02
5.412125587463378906e-02
5.073833465576171875e-02
5.106902122497558594e-02
5.126166343688964844e-02
5.103731155395507812e-02
5.198979377746582031e-02
5.363249778747558594e-02
5.753684043884277344e-02
5.533599853515625000e-02
5.142068862915039062e-02
5.371022224426269531e-02
4.531669616699218750e-02
4.963374137878417969e-02
4.795002937316894531e-02
1.897600650787353516e+00
4.751014709472656250e-02
4.330587387084960938e-02
4.483175277709960938e-02
4.674029350280761719e-02
4.458260536193847656e-02
4.243826866149902344e-02
4.893636703491210938e-02
4.183864593505859375e-02
4.600238800048828125e-02
5.016517639160156250e-02
4.446220397949218750e-02
6.887650489807128906e-02
5.018973350524902344e-02
4.097557067871093750e-02
4.348492622375488281e-02
4.939508438110351562e-02
4.758191108703613281e-02
4.210376739501953125e-02
7.671904563903808594e-02
7.437014579772949219e-02
4.501509666442871094e-02
4.428029060363769531e-02
4.689693450927734375e-02
4.570460319519042969e-02
4.459214210510253906e-02
5.190205574035644531e-02
4.608011245727539062e-02
4.910111427307128906e-02
4.514408111572265625e-02
4.306125640869140625e-02
4.837632179260253906e-02
4.687809944152832031e-02
4.981970787048339844e-02
5.374002456665039062e-02
4.409384727478027344e-02
5.115938186645507812e-02
4.040050506591796875e-02
4.920411109924316406e-02
4.381775856018066406e-02
5.152058601379394531e-02
4.788231849670410156e-02
4.613971710205078125e-02
4.576230049133300781e-02
5.121469497680664062e-02
5.058312416076660156e-02
4.426026344299316406e-02
4.434657096862792969e-02
5.745005607604980469e-02
4.283428192138671875e-02
1.788905620574951172e+00
5.484056472778320312e-02
4.315829277038574219e-02
4.553842544555664062e-02
4.676246643066406250e-02
4.769682884216308594e-02
5.294919013977050781e-02
5.028295516967773438e-02
4.577755928039550781e-02
4.322052001953125000e-02
4.435372352600097656e-02
4.107785224914550781e-02
4.738640785217285156e-02
4.000949859619140625e-02
4.467964172363281250e-02
3.933000564575195312e-02
7.402968406677246094e-02
3.949069976806640625e-02
4.299926757812500000e-02
4.469227790832519531e-02
4.824352264404296875e-02
4.366469383239746094e-02
4.819965362548828125e-02
4.278445243835449219e-02
4.390954971313476562e-02
4.082131385803222656e-02
3.959894180297851562e-02
4.139208793640136719e-02
4.538154602050781250e-02
4.328203201293945312e-02
7.015776634216308594e-02
4.660654067993164062e-02
4.631137847900390625e-02
4.552745819091796875e-02
4.348444938659667969e-02
4.488706588745117188e-02
4.223561286926269531e-02
4.395484924316406250e-02
5.034255981445312500e-02
4.368209838867187500e-02
4.526972770690917969e-02
4.459261894226074219e-02
4.052710533142089844e-02
5.366182327270507812e-02
4.351949691772460938e-02
4.217457771301269531e-02
4.228210449218750000e-02
4.768896102905273438e-02
4.070377349853515625e-02
4.915976524353027344e-02
2.080893516540527344e+00
4.443454742431640625e-02
4.355359077453613281e-02
4.336619377136230469e-02
4.577398300170898438e-02
4.206466674804687500e-02
4.872441291809082031e-02
4.075789451599121094e-02
4.311633110046386719e-02
4.503202438354492188e-02
5.251884460449218750e-02
4.222846031188964844e-02
4.004025459289550781e-02
4.643583297729492188e-02
6.136536598205566406e-02
4.197311401367187500e-02
3.991746902465820312e-02
4.244160652160644531e-02
4.333734512329101562e-02
3.851127624511718750e-02
5.186128616333007812e-02
5.051922798156738281e-02
4.198861122131347656e-02
4.198050498962402344e-02
4.557752609252929688e-02
4.438972473144531250e-02
4.651784896850585938e-02
4.519414901733398438e-02
4.288530349731445312e-02
4.235577583312988281e-02
4.723620414733886719e-02
4.582166671752929688e-02
4.792237281799316406e-02
3.984141349792480469e-02
4.542207717895507812e-02
4.392933845520019531e-02
6.767463684082031250e-02
4.469013214111328125e-02
4.604935646057128906e-02
4.065632820129394531e-02
4.109382629394531250e-02
4.331159591674804688e-02
4.483389854431152344e-02
4.446387290954589844e-02
4.136681556701660156e-02
4.052877426147460938e-02
4.575157165527343750e-02
4.493188858032226562e-02
4.393649101257324219e-02
4.371070861816406250e-02
1.688593864440917969e+00
5.052208900451660156e-02
4.657697677612304688e-02
4.121494293212890625e-02
5.167293548583984375e-02
3.945255279541015625e-02
4.132699966430664062e-02
3.703451156616210938e-02
3.740954399108886719e-02
4.242920875549316406e-02
3.829550743103027344e-02
4.380655288696289062e-02
3.860545158386230469e-02
4.109311103820800781e-02
5.611562728881835938e-02
4.127931594848632812e-02
3.878378868103027344e-02
4.017686843872070312e-02
4.341983795166015625e-02
3.618168830871582031e-02
4.838204383850097656e-02
4.468154907226562500e-02
3.964447975158691406e-02
3.799295425415039062e-02
4.403591156005859375e-02
4.240274429321289062e-02
3.879618644714355469e-02
3.980875015258789062e-02
4.489922523498535156e-02
3.825855255126953125e-02
4.689145088195800781e-02
4.168486595153808594e-02
3.989458084106445312e-02
4.168725013732910156e-02
4.341912269592285156e-02
3.821778297424316406e-02
3.623342514038085938e-02
3.765702247619628906e-02
3.452420234680175781e-02
4.935359954833984375e-02
4.252243041992187500e-02
4.013967514038085938e-02
4.384207725524902344e-02
3.894209861755371094e-02
4.457736015319824219e-02
4.585146903991699219e-02
4.084157943725585938e-02
4.116487503051757812e-02
3.753733634948730469e-02
4.189658164978027344e-02
1.804581880569458008e+00
3.683543205261230469e-02
3.811383247375488281e-02
3.646373748779296875e-02
3.771877288818359375e-02
3.967499732971191406e-02
4.423522949218750000e-02
4.283785820007324219e-02
3.596186637878417969e-02
4.285740852355957031e-02
4.231834411621093750e-02
6.102204322814941406e-02
5.893945693969726562e-02
3.667187690734863281e-02
4.504370689392089844e-02
4.267096519470214844e-02
4.346108436584472656e-02
4.671692848205566406e-02
4.492831230163574219e-02
4.128551483154296875e-02
3.785347938537597656e-02
3.583860397338867188e-02
3.642392158508300781e-02
5.755829811096191406e-02
3.565311431884765625e-02
3.952574729919433594e-02
3.762292861938476562e-02
4.356932640075683594e-02
3.732013702392578125e-02
3.893613815307617188e-02
3.817892074584960938e-02
4.256343841552734375e-02
3.926420211791992188e-02
4.244065284729003906e-02
3.491806983947753906e-02
4.361748695373535156e-02
4.230380058288574219e-02
3.734302520751953125e-02
4.957795143127441406e-02
4.523921012878417969e-02
3.788733482360839844e-02
4.533553123474121094e-02
3.799462318420410156e-02
3.726482391357421875e-02
3.634047508239746094e-02
4.360914230346679688e-02
5.725383758544921875e-02
4.386496543884277344e-02
4.099035263061523438e-02
4.133248329162597656e-02
1.692609310150146484e+00
6.113052368164062500e-02
3.792691230773925781e-02
3.719043731689453125e-02
3.699445724487304688e-02
3.865790367126464844e-02
3.814911842346191406e-02
3.882837295532226562e-02
3.715705871582031250e-02
3.445053100585937500e-02
5.266785621643066406e-02
3.684449195861816406e-02
4.059720039367675781e-02
3.898215293884277344e-02
4.697751998901367188e-02
4.197740554809570312e-02
4.033637046813964844e-02
5.304384231567382812e-02
3.976845741271972656e-02
4.687237739562988281e-02
3.961110115051269531e-02
4.559040069580078125e-02
3.714847564697265625e-02
3.674364089965820312e-02
4.089021682739257812e-02
4.157209396362304688e-02
4.245305061340332031e-02
5.655407905578613281e-02
3.635764122009277344e-02
3.490591049194335938e-02
6.064128875732421875e-02
3.992915153503417969e-02
6.069755554199218750e-02
3.274631500244140625e-02
3.920769691467285156e-02
3.757691383361816406e-02
4.252791404724121094e-02
4.271125793457031250e-02
4.490375518798828125e-02
3.865528106689453125e-02
4.032349586486816406e-02
4.019188880920410156e-02
3.661179542541503906e-02
4.095268249511718750e-02
4.406666755676269531e-02
4.170656204223632812e-02
3.652238845825195312e-02
3.784966468811035156e-02
3.861665725708007812e-02
3.698325157165527344e-02
1.848059654235839844e+00
3.898835182189941406e-02
4.434704780578613281e-02
3.978705406188964844e-02
3.821396827697753906e-02
3.451347351074218750e-02
3.672242164611816406e-02
3.903651237487792969e-02
3.767418861389160156e-02
3.798103332519531250e-02
3.609561920166015625e-02
4.897356033325195312e-02
4.109573364257812500e-02
3.991699218750000000e-02
4.280853271484375000e-02
4.160499572753906250e-02
4.063177108764648438e-02
3.641748428344726562e-02
3.841018676757812500e-02
3.799867630004882812e-02
3.983926773071289062e-02
4.757022857666015625e-02
4.575872421264648438e-02
3.969645500183105469e-02
3.936314582824707031e-02
4.344558715820312500e-02
4.123115539550781250e-02
4.600143432617187500e-02
3.698921203613281250e-02
3.949952125549316406e-02
4.207491874694824219e-02
4.471254348754882812e-02
4.074048995971679688e-02
4.334950447082519531e-02
3.915238380432128906e-02
3.791928291320800781e-02
4.120588302612304688e-02
4.021286964416503906e-02
3.610920906066894531e-02
3.616166114807128906e-02
3.589725494384765625e-02
3.749299049377441406e-02
3.966164588928222656e-02
3.870224952697753906e-02
3.637933731079101562e-02
3.502106666564941406e-02
4.089879989624023438e-02
4.081320762634277344e-02
4.118490219116210938e-02
4.748201370239257812e-02
2.137129306793212891e+00
5.623412132263183594e-02
5.092239379882812500e-02
4.019212722778320312e-02
3.892803192138671875e-02
3.621053695678710938e-02
3.349113464355468750e-02
4.018211364746093750e-02
3.863334655761718750e-02
3.655958175659179688e-02
3.204059600830078125e-02
3.934550285339355469e-02
4.106116294860839844e-02
3.627562522888183594e-02
3.849887847900390625e-02
3.691530227661132812e-02
4.018282890319824219e-02
3.878831863403320312e-02
3.424620628356933594e-02
4.430222511291503906e-02
5.361890792846679688e-02
3.364872932434082031e-02
3.985071182250976562e-02
4.208636283874511719e-02
3.542852401733398438e-02
3.646636009216308594e-02
3.950905799865722656e-02
3.718829154968261719e-02
3.472399711608886719e-02
3.907227516174316406e-02
5.245256423950195312e-02
4.443955421447753906e-02
3.501629829406738281e-02
3.126955032348632812e-02
3.358054161071777344e-02
8.026313781738281250e-02
4.182505607604980469e-02
3.754329681396484375e-02
7.226920127868652344e-02
3.827667236328125000e-02
3.745460510253906250e-02
3.772377967834472656e-02
3.957986831665039062e-02
3.608798980712890625e-02
3.391408920288085938e-02
4.460978507995605469e-02
3.669023513793945312e-02
4.150390625000000000e-02
3.929710388183593750e-02
3.390455245971679688e-02
1.943382740020751953e+00
5.819511413574218750e-02
3.914451599121093750e-02
3.561663627624511719e-02
3.781342506408691406e-02
4.152607917785644531e-02
3.970694541931152344e-02
3.766894340515136719e-02
3.757691383361816406e-02
3.437662124633789062e-02
4.542422294616699219e-02
3.479170799255371094e-02
4.084014892578125000e-02
4.395699501037597656e-02
4.574728012084960938e-02
3.182911872863769531e-02
3.639125823974609375e-02
3.864455223083496094e-02
3.531742095947265625e-02
5.867242813110351562e-02
3.184080123901367188e-02
4.035520553588867188e-02
3.880620002746582031e-02
3.971028327941894531e-02
3.525376319885253906e-02
3.727865219116210938e-02
3.704810142517089844e-02
3.644037246704101562e-02
4.115462303161621094e-02
