5.816669225692749023e+00
3.136645317077636719e+00
3.256176233291625977e+00
3.130807161331176758e+00
3.099920511245727539e+00
2.936916828155517578e+00
3.012029409408569336e+00
3.168814420700073242e+00
3.200539827346801758e+00
3.138478994369506836e+00
3.058223962783813477e+00
3.132013082504272461e+00
3.072004795074462891e+00
3.172681808471679688e+00
3.127974271774291992e+00
3.092242240905761719e+00
3.055194854736328125e+00
3.158643245697021484e+00
3.041441202163696289e+00
3.132318496704101562e+00
3.048607587814331055e+00
3.195538997650146484e+00
3.043900966644287109e+00
3.119114637374877930e+00
3.084161996841430664e+00
3.065981388092041016e+00
3.187248468399047852e+00
3.164461135864257812e+00
3.107734680175781250e+00
3.087552547454833984e+00
3.115589380264282227e+00
2.997408151626586914e+00
3.231150150299072266e+00
3.086719274520874023e+00
3.161220312118530273e+00
3.064358949661254883e+00
3.121776580810546875e+00
3.127541542053222656e+00
3.117718219757080078e+00
3.059292316436767578e+00
3.164216279983520508e+00
3.129979610443115234e+00
3.124852895736694336e+00
3.092408180236816406e+00
3.057044029235839844e+00
3.189480066299438477e+00
3.060396671295166016e+00
3.140236616134643555e+00
3.047283649444580078e+00
3.166359663009643555e+00
4.472294092178344727e+00
3.118127584457397461e+00
2.992553710937500000e+00
3.242537021636962891e+00
3.074585199356079102e+00
3.102277517318725586e+00
3.133844614028930664e+00
2.966470718383789062e+00
3.086419343948364258e+00
3.130546092987060547e+00
3.079199790954589844e+00
3.004195213317871094e+00
2.834151744842529297e+00
2.942737817764282227e+00
3.110633850097656250e+00
3.157993793487548828e+00
3.100764036178588867e+00
3.147670984268188477e+00
3.084752082824707031e+00
3.131498098373413086e+00
3.158255815505981445e+00
3.167440891265869141e+00
3.096530675888061523e+00
3.107000350952148438e+00
3.167916297912597656e+00
3.164207458496093750e+00
3.061366558074951172e+00
3.088296890258789062e+00
3.170087099075317383e+00
2.980393409729003906e+00
3.141761779785156250e+00
3.176971197128295898e+00
3.054814815521240234e+00
3.128979921340942383e+00
3.117193937301635742e+00
3.194180488586425781e+00
3.131060123443603516e+00
3.050243377685546875e+00
3.103654861450195312e+00
3.120028495788574219e+00
3.050540208816528320e+00
3.020264387130737305e+00
3.117038011550903320e+00
3.128305673599243164e+00
3.061074256896972656e+00
3.076974630355834961e+00
3.204376935958862305e+00
2.980984210968017578e+00
3.028195381164550781e+00
3.197419404983520508e+00
5.070080518722534180e+00
3.098732233047485352e+00
3.094384670257568359e+00
3.039762496948242188e+00
3.078217983245849609e+00
3.122393608093261719e+00
3.161354303359985352e+00
3.146058082580566406e+00
2.942658662796020508e+00
3.085952281951904297e+00
3.224992513656616211e+00
3.191467523574829102e+00
2.918876171112060547e+00
3.078508377075195312e+00
2.925545692443847656e+00
3.081747770309448242e+00
2.834092855453491211e+00
3.152411937713623047e+00
3.152649641036987305e+00
3.159136056900024414e+00
3.101767063140869141e+00
3.093256235122680664e+00
3.062428951263427734e+00
2.958989381790161133e+00
3.045460224151611328e+00
2.842991352081298828e+00
2.974771976470947266e+00
3.116795301437377930e+00
2.967489957809448242e+00
3.147772789001464844e+00
3.139337301254272461e+00
3.013050317764282227e+00
3.111597061157226562e+00
3.095976114273071289e+00
3.113075494766235352e+00
3.064671754837036133e+00
3.169622898101806641e+00
3.081317901611328125e+00
3.093852519989013672e+00
3.165279150009155273e+00
3.084937572479248047e+00
3.076804637908935547e+00
3.155475616455078125e+00
3.163509368896484375e+00
3.134986162185668945e+00
3.165930032730102539e+00
3.142546653747558594e+00
3.115159749984741211e+00
3.136224269866943359e+00
3.149745225906372070e+00
4.758681058883666992e+00
2.988011598587036133e+00
3.076122522354125977e+00
3.126087665557861328e+00
3.158586740493774414e+00
2.984597206115722656e+00
3.142630100250244141e+00
3.072565317153930664e+00
3.165825366973876953e+00
3.161488771438598633e+00
2.965757369995117188e+00
3.162247896194458008e+00
2.894294738769531250e+00
3.281890153884887695e+00
3.206517219543457031e+00
3.116410970687866211e+00
3.129733800888061523e+00
2.911774396896362305e+00
3.344676733016967773e+00
2.966471433639526367e+00
3.111804723739624023e+00
3.140100955963134766e+00
3.064377307891845703e+00
3.090990304946899414e+00
3.074644565582275391e+00
2.842040538787841797e+00
3.166753768920898438e+00
3.134408950805664062e+00
3.128357172012329102e+00
3.059392213821411133e+00
3.148372411727905273e+00
3.061019420623779297e+00
3.207218647003173828e+00
3.077162742614746094e+00
3.135868072509765625e+00
3.142861843109130859e+00
3.071897029876708984e+00
3.109009742736816406e+00
3.012266874313354492e+00
3.139836549758911133e+00
3.080142736434936523e+00
2.979914903640747070e+00
3.086761474609375000e+00
3.148001909255981445e+00
3.030492067337036133e+00
2.989410161972045898e+00
3.074295043945312500e+00
3.160300731658935547e+00
3.100886344909667969e+00
3.105668067932128906e+00
4.819746017456054688e+00
2.987074375152587891e+00
2.795040369033813477e+00
3.033450603485107422e+00
3.027016401290893555e+00
3.035579919815063477e+00
3.073287725448608398e+00
3.092264413833618164e+00
3.108592748641967773e+00
3.142889022827148438e+00
2.980328559875488281e+00
3.095195055007934570e+00
3.129114151000976562e+00
3.015253543853759766e+00
3.110816717147827148e+00
3.092673301696777344e+00
3.030608415603637695e+00
3.127641677856445312e+00
3.118441104888916016e+00
3.028471231460571289e+00
3.057543039321899414e+00
3.089657068252563477e+00
3.091265916824340820e+00
3.090039730072021484e+00
3.149595260620117188e+00
3.007699728012084961e+00
3.114864826202392578e+00
2.963191747665405273e+00
3.119769334793090820e+00
3.145143747329711914e+00
2.996125936508178711e+00
3.003236293792724609e+00
2.875849485397338867e+00
3.082120418548583984e+00
3.075978994369506836e+00
3.037469863891601562e+00
3.150778293609619141e+00
3.168564319610595703e+00
2.985586881637573242e+00
3.115684986114501953e+00
3.185083150863647461e+00
3.170307159423828125e+00
3.082566738128662109e+00
3.003796339035034180e+00
3.210742712020874023e+00
3.086585760116577148e+00
3.153268098831176758e+00
3.060922145843505859e+00
3.112789869308471680e+00
3.182871341705322266e+00
5.072577714920043945e+00
3.231818437576293945e+00
2.953845739364624023e+00
3.122840881347656250e+00
3.080136299133300781e+00
3.084129571914672852e+00
3.116110801696777344e+00
3.111976623535156250e+00
3.076243638992309570e+00
3.169606685638427734e+00
3.102310657501220703e+00
3.154530048370361328e+00
3.058124065399169922e+00
3.163180112838745117e+00
3.139492750167846680e+00
3.014158010482788086e+00
2.802867650985717773e+00
3.210820674896240234e+00
3.177642345428466797e+00
3.000226974487304688e+00
2.999974012374877930e+00
3.224922418594360352e+00
2.943132400512695312e+00
3.075043678283691406e+00
3.091710329055786133e+00
3.083454608917236328e+00
3.120629072189331055e+00
3.057666063308715820e+00
3.127358436584472656e+00
3.091108560562133789e+00
3.149054050445556641e+00
2.969407320022583008e+00
3.235372066497802734e+00
3.022528409957885742e+00
3.134032011032104492e+00
3.096130132675170898e+00
3.095362663269042969e+00
3.095760822296142578e+00
3.037516832351684570e+00
3.065824508666992188e+00
3.024255990982055664e+00
3.201085805892944336e+00
3.143602132797241211e+00
3.123468637466430664e+00
3.118993997573852539e+00
3.110277175903320312e+00
3.069936275482177734e+00
3.109071254730224609e+00
3.167930841445922852e+00
3.095297813415527344e+00
4.513775825500488281e+00
2.971362829208374023e+00
2.841500282287597656e+00
3.212783336639404297e+00
3.180945158004760742e+00
3.041799783706665039e+00
3.166160583496093750e+00
3.154086828231811523e+00
3.204777240753173828e+00
3.110439062118530273e+00
3.152173757553100586e+00
3.029637813568115234e+00
3.123120069503784180e+00
3.110973834991455078e+00
3.094759225845336914e+00
3.060825109481811523e+00
2.855643272399902344e+00
3.024471521377563477e+00
3.144130945205688477e+00
3.014143228530883789e+00
2.957973003387451172e+00
3.091930866241455078e+00
3.089783668518066406e+00
3.119334220886230469e+00
3.111171007156372070e+00
3.069663763046264648e+00
3.124510049819946289e+00
3.180479764938354492e+00
3.121743440628051758e+00
3.069066286087036133e+00
2.999951124191284180e+00
3.136399984359741211e+00
3.094847679138183594e+00
3.046263217926025391e+00
3.095352172851562500e+00
3.108798027038574219e+00
2.987587928771972656e+00
3.089887619018554688e+00
3.043134450912475586e+00
3.004487276077270508e+00
3.166217565536499023e+00
3.100286960601806641e+00
3.046542167663574219e+00
3.167396068572998047e+00
3.104614734649658203e+00
2.989131689071655273e+00
3.125331401824951172e+00
3.071147680282592773e+00
3.057914257049560547e+00
3.168207883834838867e+00
5.230659008026123047e+00
3.063556909561157227e+00
3.096287965774536133e+00
3.053819894790649414e+00
3.130743026733398438e+00
3.140260219573974609e+00
3.094314336776733398e+00
3.102117776870727539e+00
3.089125871658325195e+00
3.085070371627807617e+00
3.106822967529296875e+00
3.122709035873413086e+00
3.104892015457153320e+00
3.119860410690307617e+00
3.124777078628540039e+00
3.084459304809570312e+00
3.036718368530273438e+00
3.134728193283081055e+00
3.108387708663940430e+00
3.153720855712890625e+00
3.052280426025390625e+00
3.119068622589111328e+00
3.114383220672607422e+00
3.151070117950439453e+00
3.056529760360717773e+00
3.116186380386352539e+00
3.165598392486572266e+00
3.147603750228881836e+00
3.084461688995361328e+00
3.161375761032104492e+00
3.066376686096191406e+00
3.032330989837646484e+00
3.198064088821411133e+00
3.004082918167114258e+00
2.916656255722045898e+00
3.203653335571289062e+00
3.095211505889892578e+00
3.167969942092895508e+00
2.931743383407592773e+00
3.190969228744506836e+00
3.170873641967773438e+00
3.072303056716918945e+00
3.150548219680786133e+00
3.163612127304077148e+00
3.145812988281250000e+00
3.013187646865844727e+00
3.111182928085327148e+00
3.147367477416992188e+00
3.187846183776855469e+00
3.058132410049438477e+00
4.906505584716796875e+00
3.075674772262573242e+00
3.102354526519775391e+00
2.940224647521972656e+00
3.042594432830810547e+00
3.104231357574462891e+00
2.903924465179443359e+00
3.063387155532836914e+00
3.114032268524169922e+00
3.132828712463378906e+00
3.076189041137695312e+00
2.900942802429199219e+00
3.105221271514892578e+00
3.179023981094360352e+00
3.165657520294189453e+00
3.105349063873291016e+00
3.028984785079956055e+00
3.072854042053222656e+00
3.077486991882324219e+00
3.109761953353881836e+00
3.179170370101928711e+00
3.136264085769653320e+00
3.145980834960937500e+00
3.134598493576049805e+00
3.077028036117553711e+00
3.093535661697387695e+00
3.073796033859252930e+00
3.090241909027099609e+00
3.143655300140380859e+00
3.066987752914428711e+00
2.992081165313720703e+00
3.155227899551391602e+00
3.086053848266601562e+00
3.062824010848999023e+00
3.021600008010864258e+00
3.019213676452636719e+00
3.149384975433349609e+00
3.151277065277099609e+00
3.105036973953247070e+00
3.207115173339843750e+00
3.025835990905761719e+00
3.052383422851562500e+00
3.165300846099853516e+00
3.128338098526000977e+00
3.104663610458374023e+00
3.105227947235107422e+00
3.060403108596801758e+00
3.123959541320800781e+00
3.104020118713378906e+00
3.036979913711547852e+00
5.196225404739379883e+00
3.182859182357788086e+00
3.084302902221679688e+00
3.014147520065307617e+00
3.209330320358276367e+00
3.162791013717651367e+00
3.090950965881347656e+00
3.070443391799926758e+00
3.017107248306274414e+00
3.141511917114257812e+00
3.111178874969482422e+00
3.090603590011596680e+00
3.083723306655883789e+00
3.132198333740234375e+00
3.106925725936889648e+00
3.089274644851684570e+00
3.102192163467407227e+00
3.143747091293334961e+00
3.102820396423339844e+00
3.045975208282470703e+00
3.214928150177001953e+00
2.976711750030517578e+00
3.146517515182495117e+00
3.070395708084106445e+00
3.052120923995971680e+00
3.167139768600463867e+00
2.792905330657958984e+00
3.107359647750854492e+00
3.175544977188110352e+00
3.084270715713500977e+00
3.136072158813476562e+00
3.009902477264404297e+00
3.115117311477661133e+00
3.109535217285156250e+00
3.080945730209350586e+00
3.119986295700073242e+00
3.114851713180541992e+00
3.141218662261962891e+00
3.130740404129028320e+00
3.101505994796752930e+00
2.959185600280761719e+00
3.044480323791503906e+00
2.982879638671875000e+00
3.077095270156860352e+00
3.062217950820922852e+00
3.020460128784179688e+00
3.142929792404174805e+00
3.074313163757324219e+00
3.072111606597900391e+00
3.061224222183227539e+00
4.706381797790527344e+00
3.156169891357421875e+00
2.879932880401611328e+00
3.029912471771240234e+00
3.108764648437500000e+00
3.061524391174316406e+00
2.928449630737304688e+00
2.897869825363159180e+00
3.110834836959838867e+00
3.110088825225830078e+00
3.106432914733886719e+00
3.010007381439208984e+00
3.168460130691528320e+00
3.084281682968139648e+00
3.169346570968627930e+00
3.087546586990356445e+00
3.116609811782836914e+00
3.183478116989135742e+00
3.048317909240722656e+00
3.032700300216674805e+00
2.919957876205444336e+00
3.200208425521850586e+00
3.071011543273925781e+00
3.104377746582031250e+00
3.106882333755493164e+00
3.078822851181030273e+00
3.085632085800170898e+00
3.085813760757446289e+00
3.127574682235717773e+00
3.116437673568725586e+00
3.129182577133178711e+00
3.146133661270141602e+00
3.126932382583618164e+00
3.140443563461303711e+00
3.109368324279785156e+00
3.040062427520751953e+00
3.148781299591064453e+00
3.126032114028930664e+00
3.101058483123779297e+00
3.104594707489013672e+00
3.120227813720703125e+00
3.120118141174316406e+00
3.126240253448486328e+00
3.127298831939697266e+00
3.128910779953002930e+00
3.098108053207397461e+00
3.081899166107177734e+00
3.003135204315185547e+00
3.020306348800659180e+00
3.089288473129272461e+00
4.377494573593139648e+00
3.111692190170288086e+00
3.246535062789916992e+00
3.099380493164062500e+00
3.137673377990722656e+00
3.041473865509033203e+00
3.086241245269775391e+00
3.120859622955322266e+00
3.175599813461303711e+00
3.138580083847045898e+00
3.085518598556518555e+00
2.924343585968017578e+00
2.945197343826293945e+00
3.162916660308837891e+00
3.075572013854980469e+00
3.156434774398803711e+00
3.038839817047119141e+00
3.171098470687866211e+00
3.018034458160400391e+00
3.136710405349731445e+00
3.190750837326049805e+00
3.083180904388427734e+00
3.230071783065795898e+00
3.109990596771240234e+00
3.027403593063354492e+00
2.987533330917358398e+00
2.977313518524169922e+00
3.028573274612426758e+00
2.901733160018920898e+00
3.008147239685058594e+00
3.063209533691406250e+00
2.916993141174316406e+00
3.182155609130859375e+00
3.071841478347778320e+00
3.058858156204223633e+00
3.042916536331176758e+00
3.173093557357788086e+00
3.029790163040161133e+00
3.099908590316772461e+00
3.038783550262451172e+00
3.128917217254638672e+00
3.168764829635620117e+00
3.061583280563354492e+00
2.978334665298461914e+00
3.159716367721557617e+00
3.077519655227661133e+00
3.139716863632202148e+00
3.055318355560302734e+00
3.114143133163452148e+00
2.852020740509033203e+00
4.975586891174316406e+00
3.133384227752685547e+00
3.107761621475219727e+00
3.132610082626342773e+00
3.082082033157348633e+00
3.098931550979614258e+00
3.120894670486450195e+00
3.084833145141601562e+00
3.202638864517211914e+00
3.095032691955566406e+00
3.027415513992309570e+00
2.971297264099121094e+00
3.012153148651123047e+00
2.985967397689819336e+00
2.977693796157836914e+00
2.851207733154296875e+00
3.193654298782348633e+00
3.111101388931274414e+00
3.050273656845092773e+00
3.065743684768676758e+00
3.103453397750854492e+00
3.095413446426391602e+00
3.037078380584716797e+00
3.065572023391723633e+00
3.062065124511718750e+00
3.040960550308227539e+00
3.099695444107055664e+00
3.072405576705932617e+00
3.145824432373046875e+00
3.097640514373779297e+00
3.109180927276611328e+00
3.063905715942382812e+00
2.950990200042724609e+00
3.114092588424682617e+00
