0.000000000000000000e+00
0.000000000000000000e+00
0.000000000000000000e+00
1.953125000000000000e-03
6.250000000000000347e-03
1.562500000000000000e-02
2.232142857142857192e-02
2.539062500000000000e-02
3.125000000000000000e-02
4.218750000000000278e-02
5.042613636363636048e-02
5.924479166666666435e-02
6.430288461538460898e-02
7.198660714285713691e-02
8.854166666666667129e-02
9.667968750000000000e-02
1.034007352941176405e-01
1.098090277777777762e-01
1.180098684210526272e-01
1.261718749999999889e-01
1.331845238095238082e-01
1.377840909090909116e-01
1.457201086956521618e-01
1.513671875000000000e-01
1.568749999999999867e-01
1.631610576923076816e-01
1.710069444444444475e-01
1.760602678571428492e-01
1.818426724137930939e-01
1.854166666666666741e-01
1.905241935483870941e-01
1.958007812500000000e-01
1.991003787878787845e-01
2.005974264705882304e-01
2.035714285714285698e-01
2.050781250000000000e-01
2.067145270270270285e-01
2.064144736842105365e-01
2.115384615384615363e-01
2.144531249999999944e-01
