4.783948421478271484e+00
9.172091484069824219e-01
3.307502031326293945e+00
9.132816791534423828e-01
9.134297370910644531e-01
2.512265682220458984e+00
1.833492279052734375e+00
9.076907634735107422e-01
4.087990760803222656e+00
1.485048770904541016e+00
8.801302909851074219e-01
2.751927852630615234e+00
1.119664907455444336e+00
8.561065196990966797e-01
3.416476011276245117e+00
8.528470993041992188e-01
2.314213037490844727e+00
7.812707424163818359e-01
3.939268589019775391e+00
7.462055683135986328e-01
1.384763002395629883e+00
4.939198970794677734e+00
1.479004383087158203e+00
7.162938117980957031e-01
6.828868389129638672e-01
1.949419736862182617e+00
1.821049213409423828e+00
1.400032281875610352e+00
6.617250442504882812e-01
6.659514904022216797e-01
6.698665618896484375e-01
2.191376447677612305e+00
1.648742675781250000e+00
1.436558485031127930e+00
1.424670219421386719e+00
2.485554695129394531e+00
3.320006370544433594e+00
6.703739166259765625e-01
2.616513729095458984e+00
4.075644254684448242e+00
