1.505696463584899902e+01
1.455771231651306152e+01
1.454034829139709473e+01
1.417678403854370117e+01
1.562184381484985352e+01
1.525994539260864258e+01
1.533426570892333984e+01
1.523713994026184082e+01
1.514545178413391113e+01
1.559992098808288574e+01
1.475121974945068359e+01
1.492096424102783203e+01
1.507953190803527832e+01
1.535279917716979980e+01
1.539592576026916504e+01
1.413638043403625488e+01
1.454084777832031250e+01
1.321837711334228516e+01
1.546724510192871094e+01
1.444587993621826172e+01
1.442284727096557617e+01
1.392954969406127930e+01
1.457714700698852539e+01
1.485353088378906250e+01
1.455817842483520508e+01
1.426043033599853516e+01
1.451161479949951172e+01
1.336418414115905762e+01
1.466021633148193359e+01
1.270238041877746582e+01
1.370642137527465820e+01
1.479966425895690918e+01
1.429125237464904785e+01
1.407375597953796387e+01
1.415218186378479004e+01
1.393805289268493652e+01
1.397485446929931641e+01
1.390770435333251953e+01
1.396013426780700684e+01
1.425249743461608887e+01
