9.040691852569580078e-01
1.077308177947998047e+00
2.230638265609741211e+00
2.613958597183227539e+00
1.106087923049926758e+00
6.619383335113525391e+00
8.874006271362304688e-01
1.105556726455688477e+00
1.840667724609375000e+00
8.819224834442138672e-01
2.552216053009033203e+00
1.427774906158447266e+00
8.303675651550292969e-01
1.244853734970092773e+00
3.048788785934448242e+00
1.256535768508911133e+00
8.142700195312500000e-01
1.997436046600341797e+00
8.578944206237792969e-01
2.160931825637817383e+00
2.943270444869995117e+00
2.959827661514282227e+00
7.026133537292480469e-01
1.202406406402587891e+00
3.939059495925903320e+00
3.538314104080200195e+00
6.866090297698974609e-01
6.961395740509033203e-01
8.704590797424316406e-01
1.109220743179321289e+00
3.227678537368774414e+00
7.369964122772216797e-01
9.052710533142089844e-01
1.177245616912841797e+00
6.687896251678466797e-01
6.741068363189697266e-01
6.539683341979980469e-01
3.477731943130493164e+00
6.574232578277587891e-01
6.560642719268798828e-01
