2.137280797958374023e+01
2.063643670082092285e+01
2.087941503524780273e+01
2.033679962158203125e+01
2.040468573570251465e+01
2.092654705047607422e+01
2.073871755599975586e+01
2.092280077934265137e+01
2.045772123336791992e+01
2.016272830963134766e+01
2.026388645172119141e+01
2.063648819923400879e+01
2.026166653633117676e+01
2.044176888465881348e+01
2.013760972023010254e+01
2.092473411560058594e+01
1.948180341720581055e+01
1.989473271369934082e+01
1.932373309135437012e+01
1.985360693931579590e+01
1.930664896965026855e+01
1.924779510498046875e+01
1.958708763122558594e+01
1.949271941184997559e+01
1.853965568542480469e+01
1.902537012100219727e+01
1.875005078315734863e+01
1.969606494903564453e+01
1.838204550743103027e+01
1.930633425712585449e+01
1.943831562995910645e+01
1.948549604415893555e+01
1.822088742256164551e+01
1.949765348434448242e+01
1.918225169181823730e+01
1.932709932327270508e+01
1.940711951255798340e+01
1.921996355056762695e+01
1.879365110397338867e+01
1.870223045349121094e+01
