3.073423624038696289e+00
2.944573402404785156e+00
3.895722866058349609e+00
3.120531797409057617e+00
3.980300664901733398e+00
3.637294054031372070e+00
4.396698474884033203e+00
3.759084939956665039e+00
4.086726188659667969e+00
4.657094001770019531e+00
4.069638729095458984e+00
4.512536048889160156e+00
3.953886032104492188e+00
4.020112514495849609e+00
4.540546894073486328e+00
3.856846332550048828e+00
3.945119142532348633e+00
4.028483390808105469e+00
3.859164714813232422e+00
3.474232196807861328e+00
3.901598930358886719e+00
3.847627162933349609e+00
3.795434474945068359e+00
3.413504838943481445e+00
3.368583202362060547e+00
2.936981916427612305e+00
3.529633045196533203e+00
3.255124092102050781e+00
2.993535041809082031e+00
3.317281484603881836e+00
3.479966163635253906e+00
3.418976783752441406e+00
2.854417800903320312e+00
3.327592849731445312e+00
3.461958885192871094e+00
3.288422822952270508e+00
2.810143947601318359e+00
3.095891475677490234e+00
2.757586479187011719e+00
3.075621604919433594e+00
