6.328828125000000000e+04
5.773682812500000000e+04
6.567421093750000000e+04
5.425285156250000000e+04
5.499532812500000000e+04
4.320079687500000000e+04
5.017274218750000000e+04
3.626321875000000000e+04
3.430440625000000000e+04
3.493443750000000000e+04
2.280001562500000000e+04
2.202770312500000000e+04
1.540287500000000000e+04
1.484921875000000000e+04
2.438876562500000000e+04
8.804218750000000000e+03
8.391750000000000000e+03
7.033625000000000000e+03
7.801546875000000000e+03
5.162453125000000000e+03
5.514890625000000000e+03
5.763234375000000000e+03
4.011085937500000000e+03
2.615640625000000000e+03
1.858218750000000000e+03
1.093132812500000000e+03
3.116007812500000000e+03
1.935070312500000000e+03
1.009703125000000000e+03
1.861781250000000000e+03
1.385765625000000000e+03
2.125765625000000000e+03
8.810625000000000000e+02
2.186773437500000000e+03
1.968078125000000000e+03
1.748226562500000000e+03
6.145546875000000000e+02
1.286273437500000000e+03
8.620312500000000000e+02
8.402265625000000000e+02
