1.815458416938781738e+01
1.694269919395446777e+01
1.840995383262634277e+01
1.726476883888244629e+01
1.840212392807006836e+01
1.879968357086181641e+01
1.798348116874694824e+01
1.841518902778625488e+01
1.790288281440734863e+01
1.434487533569335938e+01
1.757560420036315918e+01
1.713750934600830078e+01
1.800438904762268066e+01
1.724851012229919434e+01
1.836447954177856445e+01
1.339807415008544922e+01
1.524034452438354492e+01
1.321970963478088379e+01
1.626463961601257324e+01
1.586400747299194336e+01
1.616396665573120117e+01
1.741616988182067871e+01
1.586893534660339355e+01
1.785753321647644043e+01
1.437423205375671387e+01
1.814172101020812988e+01
1.487611651420593262e+01
1.633271837234497070e+01
1.511327600479125977e+01
1.524665188789367676e+01
1.678062772750854492e+01
1.516204547882080078e+01
1.611516547203063965e+01
1.478101563453674316e+01
1.557334995269775391e+01
1.338389801979064941e+01
1.555459618568420410e+01
1.582998728752136230e+01
1.634777188301086426e+01
1.550600457191467285e+01
