0.000000000000000000e+00
0.000000000000000000e+00
0.000000000000000000e+00
1.953125000000000000e-03
1.093749999999999931e-02
1.432291666666666609e-02
1.785714285714285615e-02
2.636718750000000000e-02
3.125000000000000000e-02
3.749999999999999861e-02
4.829545454545454419e-02
5.468750000000000000e-02
6.911057692307692735e-02
7.589285714285713691e-02
8.229166666666666574e-02
8.984375000000000000e-02
1.001838235294117696e-01
1.089409722222222238e-01
1.180098684210526272e-01
1.292968750000000056e-01
1.361607142857142738e-01
1.434659090909090884e-01
1.480978260869565133e-01
1.523437500000000000e-01
1.578124999999999944e-01
1.622596153846153910e-01
1.678240740740740700e-01
1.713169642857142738e-01
1.764547413793103314e-01
1.802083333333333315e-01
1.829637096774193450e-01
1.867675781250000000e-01
1.903409090909090884e-01
1.927849264705882304e-01
1.944196428571428603e-01
1.963975694444444475e-01
1.980574324324324287e-01
1.996299342105263275e-01
2.013221153846153910e-01
2.048828125000000111e-01
