0.000000000000000000e+00
0.000000000000000000e+00
0.000000000000000000e+00
7.812500000000000000e-03
4.687500000000000000e-02
3.125000000000000000e-02
3.906250000000000000e-02
8.593750000000000000e-02
7.031250000000000000e-02
9.375000000000000000e-02
1.562500000000000000e-01
1.250000000000000000e-01
2.421875000000000000e-01
1.640625000000000000e-01
1.718750000000000000e-01
2.031250000000000000e-01
2.656250000000000000e-01
2.578125000000000000e-01
2.812500000000000000e-01
3.437500000000000000e-01
2.734375000000000000e-01
2.968750000000000000e-01
2.500000000000000000e-01
2.500000000000000000e-01
2.890625000000000000e-01
2.734375000000000000e-01
3.125000000000000000e-01
2.656250000000000000e-01
3.203125000000000000e-01
2.890625000000000000e-01
2.656250000000000000e-01
3.046875000000000000e-01
3.046875000000000000e-01
2.734375000000000000e-01
2.500000000000000000e-01
2.656250000000000000e-01
2.578125000000000000e-01
2.578125000000000000e-01
2.656250000000000000e-01
3.437500000000000000e-01
