1.617780000000000000e+05
1.637640000000000000e+05
1.655620000000000000e+05
1.642310000000000000e+05
1.664580000000000000e+05
1.575840000000000000e+05
1.446810000000000000e+05
1.601010000000000000e+05
1.370290000000000000e+05
1.445780000000000000e+05
1.218570000000000000e+05
8.836500000000000000e+04
7.845200000000000000e+04
1.033830000000000000e+05
9.309600000000000000e+04
7.607400000000000000e+04
6.972800000000000000e+04
5.652600000000000000e+04
4.799500000000000000e+04
4.201600000000000000e+04
3.078500000000000000e+04
2.790200000000000000e+04
2.456600000000000000e+04
1.546000000000000000e+04
9.744000000000000000e+03
7.111000000000000000e+03
1.785900000000000000e+04
9.126000000000000000e+03
2.969000000000000000e+03
8.698000000000000000e+03
1.001800000000000000e+04
4.676000000000000000e+03
2.879000000000000000e+03
4.512000000000000000e+03
7.977000000000000000e+03
9.972000000000000000e+03
1.727000000000000000e+03
6.513000000000000000e+03
3.524000000000000000e+03
3.251000000000000000e+03
