5.316754102706909180e+00
5.253623485565185547e+00
3.488196849822998047e+00
6.183711051940917969e+00
1.139049053192138672e+00
1.442741870880126953e+00
3.387692451477050781e+00
-1.001535415649414062e+00
5.777528524398803711e+00
4.451074838638305664e+00
5.127719402313232422e+00
6.123196125030517578e+00
3.891497850418090820e+00
3.655125141143798828e+00
4.919873237609863281e+00
5.362215995788574219e+00
4.608431816101074219e+00
5.202012062072753906e+00
5.782194375991821289e+00
5.520241737365722656e+00
4.190163850784301758e+00
5.918853759765625000e+00
5.726147174835205078e+00
5.342456102371215820e+00
4.274042606353759766e+00
2.374015092849731445e+00
4.252649545669555664e+00
5.834666728973388672e+00
5.106428623199462891e+00
5.441948890686035156e+00
4.657443523406982422e+00
5.693120718002319336e+00
4.712504148483276367e+00
5.204169034957885742e+00
3.175160884857177734e+00
3.242806434631347656e+00
5.278068065643310547e+00
5.667485713958740234e+00
4.578733444213867188e+00
4.769928455352783203e+00
