0.000000000000000000e+00
0.000000000000000000e+00
7.812500000000000000e-03
7.812500000000000000e-03
0.000000000000000000e+00
2.343750000000000000e-02
3.906250000000000000e-02
3.906250000000000000e-02
8.593750000000000000e-02
1.250000000000000000e-01
1.328125000000000000e-01
1.406250000000000000e-01
1.875000000000000000e-01
1.640625000000000000e-01
1.953125000000000000e-01
2.343750000000000000e-01
1.640625000000000000e-01
1.875000000000000000e-01
1.796875000000000000e-01
2.500000000000000000e-01
2.343750000000000000e-01
2.656250000000000000e-01
2.656250000000000000e-01
2.343750000000000000e-01
2.734375000000000000e-01
2.421875000000000000e-01
3.125000000000000000e-01
2.734375000000000000e-01
2.968750000000000000e-01
3.203125000000000000e-01
2.890625000000000000e-01
3.437500000000000000e-01
2.500000000000000000e-01
2.578125000000000000e-01
2.421875000000000000e-01
3.046875000000000000e-01
3.515625000000000000e-01
2.968750000000000000e-01
3.046875000000000000e-01
2.812500000000000000e-01
