1.628840000000000000e+05
1.601430000000000000e+05
1.681230000000000000e+05
1.638190000000000000e+05
1.595070000000000000e+05
1.547380000000000000e+05
1.465840000000000000e+05
1.604150000000000000e+05
1.381770000000000000e+05
1.408060000000000000e+05
1.266650000000000000e+05
8.611800000000000000e+04
7.624200000000000000e+04
1.036410000000000000e+05
9.507500000000000000e+04
8.309300000000000000e+04
7.004700000000000000e+04
4.684800000000000000e+04
5.678300000000000000e+04
3.877300000000000000e+04
2.915900000000000000e+04
2.576500000000000000e+04
2.167400000000000000e+04
1.903400000000000000e+04
1.058300000000000000e+04
7.861000000000000000e+03
1.334400000000000000e+04
7.245000000000000000e+03
3.538000000000000000e+03
7.248000000000000000e+03
1.034100000000000000e+04
5.109000000000000000e+03
3.242000000000000000e+03
4.851000000000000000e+03
6.972000000000000000e+03
9.821000000000000000e+03
3.811000000000000000e+03
5.894000000000000000e+03
2.466000000000000000e+03
3.373000000000000000e+03
