2.128624892234802246e+01
2.083110380172729492e+01
2.091221642494201660e+01
2.083545851707458496e+01
1.990933918952941895e+01
2.069652009010314941e+01
2.076652622222900391e+01
2.115250444412231445e+01
2.039083218574523926e+01
2.095372796058654785e+01
2.041903996467590332e+01
2.011000204086303711e+01
1.942302584648132324e+01
2.034505414962768555e+01
2.047135686874389648e+01
2.085847258567810059e+01
2.031593084335327148e+01
2.024080467224121094e+01
2.039291572570800781e+01
2.019194459915161133e+01
2.023709654808044434e+01
1.938194465637207031e+01
1.937859344482421875e+01
1.942871260643005371e+01
1.925690722465515137e+01
1.913598442077636719e+01
1.947622752189636230e+01
1.962167978286743164e+01
1.901605248451232910e+01
1.882122254371643066e+01
2.004261398315429688e+01
1.924580335617065430e+01
1.905363249778747559e+01
1.910947918891906738e+01
1.892112588882446289e+01
1.937438702583312988e+01
1.952876067161560059e+01
1.927398705482482910e+01
1.862036347389221191e+01
1.887184047698974609e+01
