1.301311755180358887e+01
1.165629863739013672e+00
1.100812911987304688e+00
1.121785163879394531e+00
1.125672817230224609e+00
1.134728193283081055e+00
1.197047233581542969e+00
1.135670185089111328e+00
1.105494976043701172e+00
1.174528121948242188e+00
1.122941970825195312e+00
1.175237894058227539e+00
1.124395847320556641e+00
1.129786968231201172e+00
1.094995737075805664e+00
1.094061374664306641e+00
1.141322851181030273e+00
1.114527225494384766e+00
1.145100116729736328e+00
1.177440881729125977e+00
1.133969545364379883e+00
1.116469860076904297e+00
1.111501216888427734e+00
1.134942293167114258e+00
1.137832880020141602e+00
1.140080928802490234e+00
1.162626981735229492e+00
1.103073358535766602e+00
1.171762943267822266e+00
1.182772636413574219e+00
1.166176080703735352e+00
1.187646865844726562e+00
1.194213151931762695e+00
1.184183835983276367e+00
1.135247945785522461e+00
1.102242946624755859e+00
1.100886583328247070e+00
1.208367109298706055e+00
1.165419816970825195e+00
1.142075300216674805e+00
1.137778282165527344e+00
1.162290811538696289e+00
1.155555248260498047e+00
1.134792566299438477e+00
1.139204263687133789e+00
1.135575771331787109e+00
1.145848035812377930e+00
1.128831863403320312e+00
1.086941957473754883e+00
1.226254224777221680e+00
1.230949902534484863e+01
8.296220302581787109e-01
8.233382701873779297e-01
8.224272727966308594e-01
7.942550182342529297e-01
8.482527732849121094e-01
8.171179294586181641e-01
8.942160606384277344e-01
7.989280223846435547e-01
8.042678833007812500e-01
8.155066967010498047e-01
8.231499195098876953e-01
8.201138973236083984e-01
8.094158172607421875e-01
8.189487457275390625e-01
8.271808624267578125e-01
7.823538780212402344e-01
7.909259796142578125e-01
8.373947143554687500e-01
8.112380504608154297e-01
7.854139804840087891e-01
7.919580936431884766e-01
8.288707733154296875e-01
8.174867630004882812e-01
8.144402503967285156e-01
8.172762393951416016e-01
8.479602336883544922e-01
8.181571960449218750e-01
8.266830444335937500e-01
8.346192836761474609e-01
8.350057601928710938e-01
8.134021759033203125e-01
8.163712024688720703e-01
8.202822208404541016e-01
8.029925823211669922e-01
8.203670978546142578e-01
8.253259658813476562e-01
8.058218955993652344e-01
8.247334957122802734e-01
8.251149654388427734e-01
8.238904476165771484e-01
7.816755771636962891e-01
8.250458240509033203e-01
8.242230415344238281e-01
8.256447315216064453e-01
8.199889659881591797e-01
8.167097568511962891e-01
8.353848457336425781e-01
8.167977333068847656e-01
1.040255546569824219e+00
1.216436886787414551e+01
7.807710170745849609e-01
7.825989723205566406e-01
7.861444950103759766e-01
7.833251953125000000e-01
7.936778068542480469e-01
7.680070400238037109e-01
7.779250144958496094e-01
7.841422557830810547e-01
7.863740921020507812e-01
7.788190841674804688e-01
7.753212451934814453e-01
7.916760444641113281e-01
7.983906269073486328e-01
7.748970985412597656e-01
7.824780941009521484e-01
7.849726676940917969e-01
7.948350906372070312e-01
8.013069629669189453e-01
7.838952541351318359e-01
7.773420810699462891e-01
7.932682037353515625e-01
7.766399383544921875e-01
7.968008518218994141e-01
7.893807888031005859e-01
7.736871242523193359e-01
7.897629737854003906e-01
7.768781185150146484e-01
7.967011928558349609e-01
8.079929351806640625e-01
7.857892513275146484e-01
8.113172054290771484e-01
7.979421615600585938e-01
8.026189804077148438e-01
7.920219898223876953e-01
8.044567108154296875e-01
7.931590080261230469e-01
7.743570804595947266e-01
7.771158218383789062e-01
7.919802665710449219e-01
7.950282096862792969e-01
7.730400562286376953e-01
7.794978618621826172e-01
7.856619358062744141e-01
7.727150917053222656e-01
7.829389572143554688e-01
7.990710735321044922e-01
7.872028350830078125e-01
7.929368019104003906e-01
7.915923595428466797e-01
1.209115505218505859e+01
7.744328975677490234e-01
7.709460258483886719e-01
7.842202186584472656e-01
7.935769557952880859e-01
7.999095916748046875e-01
7.708258628845214844e-01
7.891731262207031250e-01
7.675333023071289062e-01
8.000760078430175781e-01
7.790269851684570312e-01
7.817950248718261719e-01
7.808339595794677734e-01
8.052179813385009766e-01
7.697460651397705078e-01
7.870459556579589844e-01
7.775697708129882812e-01
8.019621372222900391e-01
8.049449920654296875e-01
7.843754291534423828e-01
7.739310264587402344e-01
7.727718353271484375e-01
7.914731502532958984e-01
7.796118259429931641e-01
7.933208942413330078e-01
7.893531322479248047e-01
7.944149971008300781e-01
7.666361331939697266e-01
7.763609886169433594e-01
7.882981300354003906e-01
7.846188545227050781e-01
7.883541584014892578e-01
8.011693954467773438e-01
7.918024063110351562e-01
7.712631225585937500e-01
7.943696975708007812e-01
7.872178554534912109e-01
7.895429134368896484e-01
7.854220867156982422e-01
7.860555648803710938e-01
7.851269245147705078e-01
7.645645141601562500e-01
7.770428657531738281e-01
7.874200344085693359e-01
7.819240093231201172e-01
7.826058864593505859e-01
8.072781562805175781e-01
7.879691123962402344e-01
8.495721817016601562e-01
8.654549121856689453e-01
1.205854153633117676e+01
8.175938129425048828e-01
8.653159141540527344e-01
7.960109710693359375e-01
7.870507240295410156e-01
7.972412109375000000e-01
7.825081348419189453e-01
7.706987857818603516e-01
7.601008415222167969e-01
7.918539047241210938e-01
8.285019397735595703e-01
8.219947814941406250e-01
7.583520412445068359e-01
7.665636539459228516e-01
7.717616558074951172e-01
7.570300102233886719e-01
7.709467411041259766e-01
7.463080883026123047e-01
7.497763633728027344e-01
7.734632492065429688e-01
7.646768093109130859e-01
7.637577056884765625e-01
7.554700374603271484e-01
7.810392379760742188e-01
7.596240043640136719e-01
7.474539279937744141e-01
7.766399383544921875e-01
7.626740932464599609e-01
7.882719039916992188e-01
7.577371597290039062e-01
7.604389190673828125e-01
7.471537590026855469e-01
7.560603618621826172e-01
7.500851154327392578e-01
7.576105594635009766e-01
7.475142478942871094e-01
7.553968429565429688e-01
7.483069896697998047e-01
7.646076679229736328e-01
7.568709850311279297e-01
7.693109512329101562e-01
7.642991542816162109e-01
7.666738033294677734e-01
7.614638805389404297e-01
7.669219970703125000e-01
7.585179805755615234e-01
7.795739173889160156e-01
7.737591266632080078e-01
7.912609577178955078e-01
7.730808258056640625e-01
1.213571834564208984e+01
7.914681434631347656e-01
7.805430889129638672e-01
8.052928447723388672e-01
7.802002429962158203e-01
7.610569000244140625e-01
7.750430107116699219e-01
7.747001647949218750e-01
7.638659477233886719e-01
7.696268558502197266e-01
8.109772205352783203e-01
7.606773376464843750e-01
7.806668281555175781e-01
7.709224224090576172e-01
7.636959552764892578e-01
7.599461078643798828e-01
7.498269081115722656e-01
7.496542930603027344e-01
7.475771903991699219e-01
7.629723548889160156e-01
7.669472694396972656e-01
7.611711025238037109e-01
7.603073120117187500e-01
7.596287727355957031e-01
7.578439712524414062e-01
7.557580471038818359e-01
7.676663398742675781e-01
7.551827430725097656e-01
7.505490779876708984e-01
7.584960460662841797e-01
7.570028305053710938e-01
7.693541049957275391e-01
7.531847953796386719e-01
7.435700893402099609e-01
7.798388004302978516e-01
7.594587802886962891e-01
7.538220882415771484e-01
7.531239986419677734e-01
7.451338768005371094e-01
7.662153244018554688e-01
7.640657424926757812e-01
7.625260353088378906e-01
7.578690052032470703e-01
7.578938007354736328e-01
7.489166259765625000e-01
7.580888271331787109e-01
7.758038043975830078e-01
7.600858211517333984e-01
7.724843025207519531e-01
8.197231292724609375e-01
1.193786120414733887e+01
7.596890926361083984e-01
7.468607425689697266e-01
7.669882774353027344e-01
7.589397430419921875e-01
7.545619010925292969e-01
7.555780410766601562e-01
7.490699291229248047e-01
7.512431144714355469e-01
7.491068840026855469e-01
7.571890354156494141e-01
7.553539276123046875e-01
7.681946754455566406e-01
7.405080795288085938e-01
7.545282840728759766e-01
7.537794113159179688e-01
7.780780792236328125e-01
7.536590099334716797e-01
7.612740993499755859e-01
7.499639987945556641e-01
7.740888595581054688e-01
7.531759738922119141e-01
7.417528629302978516e-01
7.682189941406250000e-01
7.581861019134521484e-01
7.606971263885498047e-01
7.540640830993652344e-01
7.842137813568115234e-01
7.618477344512939453e-01
7.478940486907958984e-01
7.633497714996337891e-01
7.615938186645507812e-01
7.563600540161132812e-01
7.674787044525146484e-01
7.522737979888916016e-01
7.561194896697998047e-01
7.587070465087890625e-01
7.565381526947021484e-01
7.458491325378417969e-01
7.528488636016845703e-01
7.469179630279541016e-01
7.692313194274902344e-01
7.421317100524902344e-01
7.644557952880859375e-01
7.679369449615478516e-01
7.589721679687500000e-01
7.681474685668945312e-01
7.629289627075195312e-01
7.505011558532714844e-01
7.589433193206787109e-01
1.215911602973937988e+01
7.696118354797363281e-01
7.540800571441650391e-01
7.451345920562744141e-01
7.612812519073486328e-01
7.686433792114257812e-01
7.512626647949218750e-01
7.611680030822753906e-01
8.037981986999511719e-01
7.891476154327392578e-01
7.541019916534423828e-01
7.787442207336425781e-01
7.611930370330810547e-01
7.591850757598876953e-01
7.723362445831298828e-01
7.708456516265869141e-01
7.702574729919433594e-01
7.662837505340576172e-01
7.571709156036376953e-01
7.932422161102294922e-01
7.647163867950439453e-01
7.738316059112548828e-01
7.640347480773925781e-01
7.568898200988769531e-01
7.622337341308593750e-01
7.600722312927246094e-01
7.866063117980957031e-01
7.545561790466308594e-01
7.425200939178466797e-01
7.494821548461914062e-01
7.884197235107421875e-01
7.790477275848388672e-01
7.795832157135009766e-01
7.672030925750732422e-01
8.434519767761230469e-01
7.895891666412353516e-01
7.425298690795898438e-01
7.818272113800048828e-01
7.636260986328125000e-01
7.505500316619873047e-01
7.490758895874023438e-01
7.668743133544921875e-01
7.603127956390380859e-01
7.527410984039306641e-01
7.386250495910644531e-01
7.838091850280761719e-01
7.637133598327636719e-01
7.456870079040527344e-01
7.640919685363769531e-01
7.919869422912597656e-01
1.201306986808776855e+01
7.708797454833984375e-01
7.495219707489013672e-01
7.531325817108154297e-01
7.605786323547363281e-01
7.915072441101074219e-01
7.525889873504638672e-01
7.345793247222900391e-01
7.470130920410156250e-01
7.413101196289062500e-01
7.698934078216552734e-01
7.678580284118652344e-01
7.836718559265136719e-01
7.552011013031005859e-01
7.575240135192871094e-01
7.716429233551025391e-01
7.445545196533203125e-01
8.356308937072753906e-01
7.671010494232177734e-01
7.653338909149169922e-01
7.730767726898193359e-01
7.844984531402587891e-01
8.105344772338867188e-01
8.330407142639160156e-01
8.057770729064941406e-01
8.101615905761718750e-01
8.423497676849365234e-01
7.997879981994628906e-01
7.691037654876708984e-01
8.239650726318359375e-01
7.887902259826660156e-01
8.007342815399169922e-01
7.889838218688964844e-01
7.729907035827636719e-01
7.950618267059326172e-01
7.711982727050781250e-01
7.662482261657714844e-01
7.570211887359619141e-01
7.388579845428466797e-01
7.406098842620849609e-01
7.813031673431396484e-01
7.543070316314697266e-01
7.640898227691650391e-01
7.783529758453369141e-01
7.932591438293457031e-01
7.537500858306884766e-01
7.581725120544433594e-01
7.606918811798095703e-01
7.661850452423095703e-01
7.706956863403320312e-01
1.209352493286132812e+01
7.799499034881591797e-01
7.854990959167480469e-01
7.630503177642822266e-01
7.571461200714111328e-01
7.370491027832031250e-01
7.567288875579833984e-01
7.423210144042968750e-01
7.531290054321289062e-01
7.591319084167480469e-01
7.409100532531738281e-01
7.560298442840576172e-01
7.446780204772949219e-01
7.455728054046630859e-01
7.437629699707031250e-01
7.870919704437255859e-01
7.807407379150390625e-01
7.719862461090087891e-01
7.945330142974853516e-01
8.165440559387207031e-01
7.541389465332031250e-01
7.509980201721191406e-01
7.399790287017822266e-01
7.488629817962646484e-01
7.624480724334716797e-01
7.656910419464111328e-01
7.971272468566894531e-01
7.985897064208984375e-01
7.629721164703369141e-01
7.513699531555175781e-01
7.378010749816894531e-01
7.393028736114501953e-01
7.447628974914550781e-01
7.792787551879882812e-01
7.969565391540527344e-01
7.420573234558105469e-01
7.382760047912597656e-01
7.434368133544921875e-01
8.031206130981445312e-01
7.638621330261230469e-01
7.867867946624755859e-01
8.027603626251220703e-01
7.502150535583496094e-01
7.500669956207275391e-01
7.590129375457763672e-01
7.558150291442871094e-01
7.416260242462158203e-01
7.374336719512939453e-01
7.742478847503662109e-01
8.007278442382812500e-01
1.202921390533447266e+01
7.431285381317138672e-01
7.360560894012451172e-01
7.791097164154052734e-01
7.751946449279785156e-01
7.740378379821777344e-01
7.796821594238281250e-01
7.555749416351318359e-01
7.776060104370117188e-01
7.597858905792236328e-01
7.764630317687988281e-01
7.480671405792236328e-01
7.591800689697265625e-01
7.555568218231201172e-01
7.464928627014160156e-01
7.366349697113037109e-01
7.368388175964355469e-01
7.373361587524414062e-01
7.513811588287353516e-01
7.392544746398925781e-01
7.322573661804199219e-01
7.552239894866943359e-01
7.341947555541992188e-01
7.399358749389648438e-01
7.402420043945312500e-01
7.333118915557861328e-01
7.491018772125244141e-01
7.345447540283203125e-01
7.369019985198974609e-01
7.473108768463134766e-01
7.680931091308593750e-01
7.695341110229492188e-01
7.403950691223144531e-01
7.381007671356201172e-01
7.444040775299072266e-01
7.413954734802246094e-01
7.483820915222167969e-01
7.370581626892089844e-01
7.365372180938720703e-01
7.313139438629150391e-01
7.326750755310058594e-01
7.391872406005859375e-01
7.336761951446533203e-01
7.584261894226074219e-01
7.410349845886230469e-01
7.570080757141113281e-01
7.724361419677734375e-01
7.656397819519042969e-01
7.695679664611816406e-01
7.729408740997314453e-01
1.182552456855773926e+01
7.368886470794677734e-01
7.365999221801757812e-01
7.567260265350341797e-01
7.422161102294921875e-01
7.357130050659179688e-01
7.453088760375976562e-01
7.670719623565673828e-01
7.767369747161865234e-01
7.591552734375000000e-01
7.618188858032226562e-01
7.548050880432128906e-01
7.349069118499755859e-01
7.358603477478027344e-01
7.392699718475341797e-01
7.339920997619628906e-01
7.398660182952880859e-01
7.519419193267822266e-01
7.638227939605712891e-01
8.060631752014160156e-01
7.913811206817626953e-01
7.836735248565673828e-01
7.494516372680664062e-01
7.472488880157470703e-01
7.628562450408935547e-01
7.324409484863281250e-01
7.360551357269287109e-01
7.412400245666503906e-01
7.347810268402099609e-01
7.484459877014160156e-01
7.444701194763183594e-01
7.351839542388916016e-01
7.339253425598144531e-01
7.574708461761474609e-01
7.428350448608398438e-01
7.281401157379150391e-01
7.404708862304687500e-01
7.334918975830078125e-01
7.506570816040039062e-01
7.487852573394775391e-01
7.411236763000488281e-01
7.428748607635498047e-01
7.437906265258789062e-01
7.447021007537841797e-01
7.455503940582275391e-01
7.757987976074218750e-01
7.394928932189941406e-01
7.361891269683837891e-01
7.311239242553710938e-01
8.125336170196533203e-01
1.188987469673156738e+01
7.353367805480957031e-01
7.462651729583740234e-01
7.680761814117431641e-01
7.648956775665283203e-01
7.662489414215087891e-01
7.413330078125000000e-01
7.546699047088623047e-01
8.030149936676025391e-01
7.935676574707031250e-01
7.450432777404785156e-01
7.514469623565673828e-01
7.747898101806640625e-01
7.648150920867919922e-01
7.352077960968017578e-01
7.503976821899414062e-01
7.820358276367187500e-01
7.446348667144775391e-01
7.510488033294677734e-01
7.641899585723876953e-01
7.537512779235839844e-01
8.105628490447998047e-01
7.794909477233886719e-01
7.688739299774169922e-01
7.765247821807861328e-01
7.674808502197265625e-01
7.703621387481689453e-01
7.571420669555664062e-01
7.691850662231445312e-01
7.712709903717041016e-01
7.601690292358398438e-01
7.743940353393554688e-01
7.734100818634033203e-01
7.739458084106445312e-01
7.513158321380615234e-01
7.748978137969970703e-01
7.758207321166992188e-01
8.018970489501953125e-01
7.986459732055664062e-01
7.737350463867187500e-01
7.641410827636718750e-01
7.597100734710693359e-01
7.394971847534179688e-01
7.415182590484619141e-01
7.523081302642822266e-01
7.613470554351806641e-01
7.549152374267578125e-01
7.753298282623291016e-01
7.611958980560302734e-01
7.932727336883544922e-01
1.225393128395080566e+01
7.482647895812988281e-01
7.506191730499267578e-01
7.435021400451660156e-01
7.631750106811523438e-01
7.563261985778808594e-01
7.583472728729248047e-01
7.310307025909423828e-01
7.316701412200927734e-01
7.342751026153564453e-01
7.623360157012939453e-01
7.616901397705078125e-01
7.679548263549804688e-01
7.588541507720947266e-01
7.461481094360351562e-01
7.386443614959716797e-01
7.464580535888671875e-01
7.474639415740966797e-01
7.421059608459472656e-01
7.393169403076171875e-01
7.378392219543457031e-01
7.440171241760253906e-01
7.421429157257080078e-01
7.499949932098388672e-01
7.481451034545898438e-01
7.354965209960937500e-01
7.419490814208984375e-01
7.545170783996582031e-01
7.446000576019287109e-01
7.568538188934326172e-01
7.696321010589599609e-01
7.998669147491455078e-01
7.585160732269287109e-01
7.850282192230224609e-01
7.787368297576904297e-01
7.619671821594238281e-01
7.472579479217529297e-01
7.486119270324707031e-01
7.616808414459228516e-01
7.438020706176757812e-01
7.532560825347900391e-01
7.586758136749267578e-01
7.622036933898925781e-01
7.365469932556152344e-01
7.541680335998535156e-01
7.471961975097656250e-01
7.496025562286376953e-01
7.565178871154785156e-01
7.598700523376464844e-01
8.252561092376708984e-01
1.179634785652160645e+01
7.462599277496337891e-01
7.325680255889892578e-01
7.385351657867431641e-01
7.294356822967529297e-01
7.305176258087158203e-01
7.325108051300048828e-01
7.394258975982666016e-01
7.320299148559570312e-01
7.411208152770996094e-01
7.438812255859375000e-01
7.296769618988037109e-01
7.348494529724121094e-01
7.501778602600097656e-01
7.482645511627197266e-01
7.418770790100097656e-01
7.381253242492675781e-01
7.756190299987792969e-01
7.422580718994140625e-01
7.459647655487060547e-01
7.382597923278808594e-01
7.480282783508300781e-01
7.683103084564208984e-01
7.730569839477539062e-01
7.439045906066894531e-01
7.531220912933349609e-01
7.733449935913085938e-01
7.508628368377685547e-01
7.516410350799560547e-01
7.602355480194091797e-01
7.423167228698730469e-01
7.486450672149658203e-01
7.490751743316650391e-01
7.413420677185058594e-01
7.622179985046386719e-01
7.462081909179687500e-01
7.406308650970458984e-01
7.404842376708984375e-01
7.495689392089843750e-01
7.301516532897949219e-01
7.349081039428710938e-01
7.537627220153808594e-01
7.398109436035156250e-01
7.373476028442382812e-01
7.494609355926513672e-01
7.407929897308349609e-01
7.353818416595458984e-01
7.321901321411132812e-01
7.385239601135253906e-01
7.656700611114501953e-01
1.196628379821777344e+01
7.363269329071044922e-01
7.385919094085693359e-01
7.444221973419189453e-01
7.514481544494628906e-01
7.430851459503173828e-01
7.359070777893066406e-01
7.421298027038574219e-01
7.731261253356933594e-01
7.628099918365478516e-01
7.641241550445556641e-01
7.602539062500000000e-01
7.357428073883056641e-01
7.468912601470947266e-01
7.250642776489257812e-01
7.442471981048583984e-01
7.473580837249755859e-01
7.346179485321044922e-01
7.361836433410644531e-01
7.503550052642822266e-01
7.398712635040283203e-01
7.297239303588867188e-01
7.479066848754882812e-01
7.393040657043457031e-01
7.366189956665039062e-01
7.385904788970947266e-01
7.377822399139404297e-01
7.488541603088378906e-01
7.353458404541015625e-01
7.327079772949218750e-01
7.304317951202392578e-01
7.598340511322021484e-01
7.298219203948974609e-01
7.451450824737548828e-01
7.399210929870605469e-01
7.377901077270507812e-01
7.333371639251708984e-01
7.486078739166259766e-01
7.354788780212402344e-01
7.357892990112304688e-01
7.443654537200927734e-01
7.409830093383789062e-01
7.322125434875488281e-01
7.348482608795166016e-01
7.498860359191894531e-01
7.381439208984375000e-01
7.269003391265869141e-01
7.406852245330810547e-01
7.398452758789062500e-01
7.798292636871337891e-01
1.174331903457641602e+01
7.458972930908203125e-01
7.375001907348632812e-01
7.400882244110107422e-01
7.329831123352050781e-01
7.340734004974365234e-01
7.344021797180175781e-01
7.321240901947021484e-01
7.348480224609375000e-01
7.372360229492187500e-01
7.308588027954101562e-01
7.351491451263427734e-01
7.463619709014892578e-01
7.265429496765136719e-01
7.374217510223388672e-01
7.367820739746093750e-01
7.404973506927490234e-01
7.316520214080810547e-01
7.349216938018798828e-01
7.281889915466308594e-01
7.343502044677734375e-01
7.280485630035400391e-01
7.384076118469238281e-01
7.736489772796630859e-01
7.330398559570312500e-01
7.329289913177490234e-01
7.319409847259521484e-01
7.421429157257080078e-01
7.359988689422607422e-01
7.263722419738769531e-01
7.283747196197509766e-01
7.338862419128417969e-01
7.319293022155761719e-01
7.285406589508056641e-01
7.323217391967773438e-01
7.402915954589843750e-01
7.392303943634033203e-01
7.479851245880126953e-01
7.287259101867675781e-01
7.334871292114257812e-01
7.310569286346435547e-01
7.342782020568847656e-01
7.254168987274169922e-01
7.348258495330810547e-01
7.272601127624511719e-01
7.420339584350585938e-01
7.304222583770751953e-01
7.402257919311523438e-01
7.339057922363281250e-01
7.405107021331787109e-01
1.186694121360778809e+01
7.455260753631591797e-01
7.270607948303222656e-01
7.390151023864746094e-01
7.342779636383056641e-01
7.268860340118408203e-01
7.501351833343505859e-01
7.318348884582519531e-01
7.535917758941650391e-01
7.416491508483886719e-01
7.421114444732666016e-01
7.399060726165771484e-01
7.408931255340576172e-01
7.367806434631347656e-01
7.356309890747070312e-01
7.374629974365234375e-01
7.376043796539306641e-01
7.487647533416748047e-01
7.493917942047119141e-01
7.342882156372070312e-01
7.398066520690917969e-01
7.459681034088134766e-01
7.315762042999267578e-01
7.622957229614257812e-01
7.285337448120117188e-01
7.333359718322753906e-01
7.371690273284912109e-01
7.402958869934082031e-01
7.313420772552490234e-01
7.551839351654052734e-01
7.404789924621582031e-01
7.567508220672607422e-01
7.524282932281494141e-01
7.449710369110107422e-01
7.635838985443115234e-01
7.243828773498535156e-01
7.369999885559082031e-01
7.336900234222412109e-01
7.393758296966552734e-01
7.403838634490966797e-01
7.432620525360107422e-01
7.374749183654785156e-01
7.414512634277343750e-01
7.371189594268798828e-01
7.383387088775634766e-01
7.451620101928710938e-01
7.575187683105468750e-01
7.387299537658691406e-01
7.390525341033935547e-01
7.708058357238769531e-01
1.200022172927856445e+01
7.354609966278076172e-01
7.747619152069091797e-01
7.340729236602783203e-01
7.351281642913818359e-01
7.435739040374755859e-01
7.391841411590576172e-01
7.304673194885253906e-01
7.321622371673583984e-01
7.467830181121826172e-01
7.676191329956054688e-01
7.384669780731201172e-01
7.489731311798095703e-01
7.495884895324707031e-01
7.253203392028808594e-01
7.435650825500488281e-01
7.327849864959716797e-01
7.352321147918701172e-01
7.354743480682373047e-01
7.367680072784423828e-01
7.420940399169921875e-01
7.399597167968750000e-01
7.353861331939697266e-01
7.291433811187744141e-01
7.353987693786621094e-01
7.367308139801025391e-01
7.421827316284179688e-01
7.297668457031250000e-01
7.342550754547119141e-01
7.311003208160400391e-01
7.342333793640136719e-01
7.346570491790771484e-01
7.284753322601318359e-01
7.343797683715820312e-01
7.303478717803955078e-01
7.348270416259765625e-01
7.307536602020263672e-01
7.372870445251464844e-01
7.345418930053710938e-01
7.320561408996582031e-01
7.548172473907470703e-01
7.339930534362792969e-01
7.260971069335937500e-01
7.275609970092773438e-01
7.289819717407226562e-01
7.430739402770996094e-01
7.339558601379394531e-01
7.440321445465087891e-01
7.304937839508056641e-01
7.329690456390380859e-01
1.172897911071777344e+01
7.380778789520263672e-01
7.317368984222412109e-01
7.348899841308593750e-01
7.455487251281738281e-01
7.313628196716308594e-01
7.366907596588134766e-01
7.408607006072998047e-01
7.341699600219726562e-01
7.385480403900146484e-01
7.429926395416259766e-01
7.454869747161865234e-01
7.421131134033203125e-01
7.396700382232666016e-01
7.459142208099365234e-01
7.401320934295654297e-01
7.434368133544921875e-01
7.431399822235107422e-01
7.527012825012207031e-01
7.579331398010253906e-01
7.443537712097167969e-01
7.555270195007324219e-01
7.330713272094726562e-01
7.410683631896972656e-01
7.409958839416503906e-01
7.361092567443847656e-01
7.492611408233642578e-01
7.430019378662109375e-01
7.437098026275634766e-01
7.420148849487304688e-01
7.354378700256347656e-01
7.501430511474609375e-01
7.399244308471679688e-01
7.424869537353515625e-01
7.389740943908691406e-01
7.430748939514160156e-01
7.355177402496337891e-01
7.379939556121826172e-01
7.358789443969726562e-01
7.276778221130371094e-01
7.414512634277343750e-01
7.499587535858154297e-01
7.428231239318847656e-01
7.376239299774169922e-01
7.267796993255615234e-01
7.361118793487548828e-01
7.362229824066162109e-01
7.374329566955566406e-01
7.361440658569335938e-01
7.642660140991210938e-01
1.193844723701477051e+01
7.404689788818359375e-01
7.492017745971679688e-01
7.409715652465820312e-01
7.550771236419677734e-01
7.502889633178710938e-01
7.694172859191894531e-01
7.491555213928222656e-01
7.627239227294921875e-01
7.487699985504150391e-01
7.668883800506591797e-01
7.574529647827148438e-01
7.478520870208740234e-01
7.651298046112060547e-01
7.526180744171142578e-01
7.450361251831054688e-01
7.538299560546875000e-01
7.360889911651611328e-01
7.460188865661621094e-01
7.664179801940917969e-01
7.419033050537109375e-01
7.581880092620849609e-01
7.422809600830078125e-01
7.529962062835693359e-01
7.662961483001708984e-01
7.584099769592285156e-01
7.551586627960205078e-01
7.680487632751464844e-01
7.665739059448242188e-01
7.807588577270507812e-01
7.582099437713623047e-01
7.691378593444824219e-01
7.551622390747070312e-01
7.667360305786132812e-01
7.539210319519042969e-01
7.593138217926025391e-01
7.492063045501708984e-01
7.474377155303955078e-01
7.618579864501953125e-01
7.573258876800537109e-01
7.505800724029541016e-01
7.497859001159667969e-01
7.526996135711669922e-01
7.495388984680175781e-01
7.562191486358642578e-01
7.502999305725097656e-01
7.518701553344726562e-01
7.467000484466552734e-01
7.448568344116210938e-01
7.511270046234130859e-01
1.182450389862060547e+01
7.309842109680175781e-01
7.332348823547363281e-01
7.305500507354736328e-01
7.551200389862060547e-01
7.307999134063720703e-01
7.330565452575683594e-01
7.311499118804931641e-01
7.396061420440673828e-01
7.340950965881347656e-01
7.311999797821044922e-01
7.345740795135498047e-01
7.235982418060302734e-01
7.342913150787353516e-01
7.407364845275878906e-01
7.432091236114501953e-01
7.325999736785888672e-01
7.542231082916259766e-01
7.638752460479736328e-01
7.357957363128662109e-01
7.503802776336669922e-01
7.480032444000244141e-01
7.405259609222412109e-01
7.574298381805419922e-01
7.402300834655761719e-01
7.633898258209228516e-01
7.851748466491699219e-01
7.878870964050292969e-01
7.746651172637939453e-01
7.846837043762207031e-01
7.557296752929687500e-01
7.450330257415771484e-01
7.367784976959228516e-01
7.437620162963867188e-01
7.382998466491699219e-01
7.602360248565673828e-01
7.457008361816406250e-01
7.560920715332031250e-01
7.513589859008789062e-01
7.483410835266113281e-01
7.348272800445556641e-01
7.267498970031738281e-01
7.431170940399169922e-01
7.477657794952392578e-01
7.682859897613525391e-01
7.654459476470947266e-01
7.605919837951660156e-01
7.598428726196289062e-01
7.393677234649658203e-01
8.182337284088134766e-01
1.191830444335937500e+01
7.655346393585205078e-01
7.689857482910156250e-01
7.629718780517578125e-01
7.767770290374755859e-01
7.608292102813720703e-01
7.866518497467041016e-01
7.493138313293457031e-01
7.389283180236816406e-01
7.442538738250732422e-01
7.399828433990478516e-01
7.289721965789794922e-01
7.389428615570068359e-01
7.401390075683593750e-01
7.646043300628662109e-01
7.347788810729980469e-01
7.451009750366210938e-01
7.396280765533447266e-01
7.427067756652832031e-01
7.519807815551757812e-01
7.473659515380859375e-01
7.796630859375000000e-01
7.634932994842529297e-01
7.841274738311767578e-01
7.561469078063964844e-01
7.424409389495849609e-01
7.481935024261474609e-01
7.723619937896728516e-01
7.671349048614501953e-01
7.722108364105224609e-01
7.711300849914550781e-01
7.775528430938720703e-01
7.525677680969238281e-01
7.779467105865478516e-01
7.538559436798095703e-01
7.554209232330322266e-01
7.540509700775146484e-01
7.401862144470214844e-01
7.413468360900878906e-01
7.647824287414550781e-01
7.693018913269042969e-01
7.805128097534179688e-01
7.467918395996093750e-01
7.288439273834228516e-01
7.426960468292236328e-01
7.369310855865478516e-01
7.414519786834716797e-01
7.584478855133056641e-01
7.633824348449707031e-01
7.668321132659912109e-01
1.193673610687255859e+01
7.489142417907714844e-01
7.372894287109375000e-01
7.484860420227050781e-01
7.525229454040527344e-01
7.425310611724853516e-01
7.427959442138671875e-01
7.368979454040527344e-01
7.370443344116210938e-01
7.587161064147949219e-01
7.394931316375732422e-01
7.480511665344238281e-01
7.447230815887451172e-01
7.440843582153320312e-01
7.337837219238281250e-01
7.489662170410156250e-01
7.544667720794677734e-01
7.479090690612792969e-01
7.329490184783935547e-01
7.875242233276367188e-01
7.500469684600830078e-01
7.455916404724121094e-01
7.355279922485351562e-01
7.268798351287841797e-01
7.551417350769042969e-01
7.512660026550292969e-01
7.531218528747558594e-01
7.444019317626953125e-01
7.470068931579589844e-01
7.481560707092285156e-01
7.448697090148925781e-01
7.386760711669921875e-01
7.417049407958984375e-01
7.519879341125488281e-01
7.366888523101806641e-01
7.363882064819335938e-01
7.411503791809082031e-01
7.328500747680664062e-01
7.364807128906250000e-01
7.465667724609375000e-01
7.763879299163818359e-01
7.386500835418701172e-01
7.353401184082031250e-01
7.399711608886718750e-01
7.412407398223876953e-01
7.493512630462646484e-01
7.294549942016601562e-01
7.466480731964111328e-01
7.521152496337890625e-01
7.836537361145019531e-01
1.183345198631286621e+01
7.484397888183593750e-01
7.385671138763427734e-01
7.443287372589111328e-01
7.423801422119140625e-01
7.367780208587646484e-01
7.366263866424560547e-01
7.345974445343017578e-01
7.338480949401855469e-01
7.458691596984863281e-01
7.350847721099853516e-01
7.468736171722412109e-01
7.478485107421875000e-01
7.923369407653808594e-01
7.460877895355224609e-01
7.655503749847412109e-01
7.428400516510009766e-01
7.359380722045898438e-01
7.338039875030517578e-01
7.364206314086914062e-01
7.440710067749023438e-01
7.519402503967285156e-01
7.280073165893554688e-01
7.374358177185058594e-01
7.321565151214599609e-01
7.305798530578613281e-01
7.378678321838378906e-01
7.483348846435546875e-01
7.498509883880615234e-01
7.379260063171386719e-01
7.454900741577148438e-01
7.366750240325927734e-01
7.324311733245849609e-01
7.315998077392578125e-01
7.300686836242675781e-01
7.507419586181640625e-01
7.381918430328369141e-01
7.311062812805175781e-01
7.354700565338134766e-01
7.551510334014892578e-01
7.460820674896240234e-01
7.357480525970458984e-01
7.288737297058105469e-01
7.424831390380859375e-01
7.350091934204101562e-01
7.514152526855468750e-01
7.507550716400146484e-01
7.318792343139648438e-01
7.299380302429199219e-01
7.407078742980957031e-01
1.184024286270141602e+01
7.264859676361083984e-01
7.365326881408691406e-01
7.399063110351562500e-01
7.493979930877685547e-01
7.558038234710693359e-01
7.548422813415527344e-01
7.425060272216796875e-01
7.362389564514160156e-01
7.514324188232421875e-01
7.509350776672363281e-01
7.421128749847412109e-01
7.357845306396484375e-01
7.467260360717773438e-01
7.285692691802978516e-01
7.507288455963134766e-01
7.385938167572021484e-01
7.467851638793945312e-01
7.280249595642089844e-01
7.520427703857421875e-01
7.336277961730957031e-01
7.332460880279541016e-01
7.511460781097412109e-01
7.385559082031250000e-01
7.304499149322509766e-01
7.424881458282470703e-01
7.366271018981933594e-01
7.242217063903808594e-01
7.494049072265625000e-01
7.423791885375976562e-01
7.284140586853027344e-01
7.496750354766845703e-01
7.538309097290039062e-01
7.317068576812744141e-01
7.368130683898925781e-01
7.389771938323974609e-01
7.481849193572998047e-01
7.383160591125488281e-01
7.313449382781982422e-01
7.426888942718505859e-01
7.356648445129394531e-01
7.289259433746337891e-01
7.302262783050537109e-01
7.338995933532714844e-01
7.446069717407226562e-01
7.588043212890625000e-01
7.455828189849853516e-01
7.302012443542480469e-01
7.705123424530029297e-01
7.672240734100341797e-01
1.176753377914428711e+01
7.320291996002197266e-01
7.381100654602050781e-01
7.399020195007324219e-01
7.224760055541992188e-01
7.360401153564453125e-01
7.359950542449951172e-01
7.319760322570800781e-01
7.488040924072265625e-01
7.392921447753906250e-01
7.405951023101806641e-01
7.343921661376953125e-01
7.443351745605468750e-01
7.371461391448974609e-01
7.340543270111083984e-01
7.331125736236572266e-01
7.291221618652343750e-01
7.326338291168212891e-01
7.454710006713867188e-01
7.394170761108398438e-01
7.470858097076416016e-01
7.349808216094970703e-01
7.342038154602050781e-01
7.278273105621337891e-01
7.553899288177490234e-01
7.382891178131103516e-01
7.388792037963867188e-01
7.434055805206298828e-01
7.467188835144042969e-01
7.322509288787841797e-01
7.398309707641601562e-01
7.332253456115722656e-01
7.407512664794921875e-01
7.339997291564941406e-01
7.372367382049560547e-01
7.387161254882812500e-01
7.386846542358398438e-01
7.355875968933105469e-01
7.393987178802490234e-01
7.373678684234619141e-01
7.412950992584228516e-01
7.401819229125976562e-01
7.718298435211181641e-01
7.630438804626464844e-01
8.014731407165527344e-01
7.490272521972656250e-01
7.458598613739013672e-01
7.706887722015380859e-01
7.453658580780029297e-01
7.442986965179443359e-01
1.172082591056823730e+01
7.420768737792968750e-01
7.490370273590087891e-01
7.592833042144775391e-01
7.341902256011962891e-01
7.453722953796386719e-01
7.414751052856445312e-01
7.493100166320800781e-01
7.448668479919433594e-01
7.419900894165039062e-01
7.426059246063232422e-01
7.396366596221923828e-01
7.285127639770507812e-01
7.433772087097167969e-01
7.422585487365722656e-01
7.509152889251708984e-01
7.410235404968261719e-01
7.447812557220458984e-01
7.354111671447753906e-01
7.501392364501953125e-01
7.636871337890625000e-01
7.709078788757324219e-01
7.351520061492919922e-01
7.629487514495849609e-01
7.633080482482910156e-01
7.611200809478759766e-01
7.421278953552246094e-01
7.421920299530029297e-01
7.520480155944824219e-01
7.538430690765380859e-01
7.270543575286865234e-01
7.444851398468017578e-01
7.408299446105957031e-01
7.433688640594482422e-01
7.572848796844482422e-01
7.446148395538330078e-01
7.485649585723876953e-01
7.377161979675292969e-01
7.464656829833984375e-01
7.547218799591064453e-01
7.529482841491699219e-01
7.473318576812744141e-01
7.356898784637451172e-01
7.389171123504638672e-01
7.401802539825439453e-01
7.431154251098632812e-01
7.421178817749023438e-01
7.385880947113037109e-01
7.383210659027099609e-01
8.752880096435546875e-01
1.193766117095947266e+01
7.470953464508056641e-01
7.392151355743408203e-01
7.524437904357910156e-01
7.729477882385253906e-01
7.588250637054443359e-01
7.303431034088134766e-01
7.311789989471435547e-01
7.467312812805175781e-01
7.380120754241943359e-01
7.282607555389404297e-01
7.272598743438720703e-01
7.299518585205078125e-01
7.328968048095703125e-01
7.384409904479980469e-01
7.652029991149902344e-01
7.533519268035888672e-01
7.313911914825439453e-01
7.549030780792236328e-01
7.365958690643310547e-01
7.312057018280029297e-01
7.303249835968017578e-01
7.371323108673095703e-01
7.353937625885009766e-01
7.392997741699218750e-01
7.407639026641845703e-01
7.290899753570556641e-01
7.347157001495361328e-01
7.246599197387695312e-01
7.385389804840087891e-01
7.309892177581787109e-01
7.272183895111083984e-01
7.331337928771972656e-01
7.255907058715820312e-01
7.268180847167968750e-01
7.269670963287353516e-01
7.330067157745361328e-01
7.308816909790039062e-01
7.314651012420654297e-01
7.385530471801757812e-01
7.257478237152099609e-01
7.325692176818847656e-01
7.305040359497070312e-01
7.639646530151367188e-01
7.332608699798583984e-01
7.297630310058593750e-01
7.254798412322998047e-01
7.254042625427246094e-01
7.426481246948242188e-01
7.303962707519531250e-01
1.178209304809570312e+01
7.361938953399658203e-01
7.380089759826660156e-01
7.474076747894287109e-01
7.357230186462402344e-01
7.254664897918701172e-01
7.524409294128417969e-01
7.378852367401123047e-01
7.505090236663818359e-01
7.299978733062744141e-01
7.307801246643066406e-01
7.560701370239257812e-01
7.304379940032958984e-01
7.283127307891845703e-01
7.313597202301025391e-01
7.300908565521240234e-01
7.330589294433593750e-01
7.413444519042968750e-01
7.292656898498535156e-01
7.319850921630859375e-01
7.294023036956787109e-01
7.214820384979248047e-01
7.308220863342285156e-01
7.466940879821777344e-01
7.247171401977539062e-01
7.296791076660156250e-01
7.349100112915039062e-01
7.329070568084716797e-01
7.360646724700927734e-01
7.258601188659667969e-01
7.353372573852539062e-01
7.308390140533447266e-01
7.338669300079345703e-01
7.374150753021240234e-01
7.366356849670410156e-01
7.652759552001953125e-01
7.779939174652099609e-01
7.343308925628662109e-01
7.440552711486816406e-01
7.659261226654052734e-01
7.404208183288574219e-01
7.367920875549316406e-01
7.507071495056152344e-01
7.371671199798583984e-01
7.320945262908935547e-01
7.397925853729248047e-01
7.311260700225830078e-01
7.343418598175048828e-01
7.458636760711669922e-01
7.702198028564453125e-01
1.194941735267639160e+01
7.393569946289062500e-01
7.276358604431152344e-01
7.334280014038085938e-01
7.295510768890380859e-01
7.271590232849121094e-01
7.311170101165771484e-01
7.319741249084472656e-01
7.288138866424560547e-01
7.221152782440185547e-01
7.247209548950195312e-01
7.380812168121337891e-01
7.337560653686523438e-01
7.302489280700683594e-01
7.355539798736572266e-01
7.359414100646972656e-01
7.365200519561767578e-01
7.296371459960937500e-01
7.297468185424804688e-01
7.289009094238281250e-01
7.376303672790527344e-01
7.371780872344970703e-01
7.322399616241455078e-01
7.382462024688720703e-01
7.390131950378417969e-01
7.367641925811767578e-01
7.289650440216064453e-01
7.259519100189208984e-01
7.237119674682617188e-01
7.313590049743652344e-01
7.257692813873291016e-01
7.274539470672607422e-01
7.337510585784912109e-01
7.245297431945800781e-01
7.397620677947998047e-01
7.680442333221435547e-01
7.377679347991943359e-01
7.326762676239013672e-01
7.392141819000244141e-01
7.318840026855468750e-01
7.369761466979980469e-01
7.326817512512207031e-01
7.348668575286865234e-01
7.242629528045654297e-01
7.409176826477050781e-01
7.305808067321777344e-01
7.257380485534667969e-01
7.355308532714843750e-01
7.423789501190185547e-01
7.328567504882812500e-01
1.177851891517639160e+01
7.377140522003173828e-01
7.320742607116699219e-01
7.419250011444091797e-01
7.453050613403320312e-01
7.371189594268798828e-01
7.523760795593261719e-01
7.323775291442871094e-01
7.236795425415039062e-01
7.477519512176513672e-01
7.364146709442138672e-01
7.394030094146728516e-01
7.494366168975830078e-01
7.392683029174804688e-01
7.300031185150146484e-01
7.457292079925537109e-01
7.345278263092041016e-01
7.332167625427246094e-01
7.394211292266845703e-01
7.465174198150634766e-01
7.322988510131835938e-01
7.331929206848144531e-01
7.207579612731933594e-01
7.688131332397460938e-01
7.449274063110351562e-01
7.486827373504638672e-01
7.329907417297363281e-01
7.348051071166992188e-01
7.438740730285644531e-01
7.292060852050781250e-01
7.531318664550781250e-01
7.315239906311035156e-01
7.338399887084960938e-01
7.331521511077880859e-01
7.585737705230712891e-01
7.307398319244384766e-01
7.438850402832031250e-01
7.462167739868164062e-01
7.323801517486572266e-01
7.256019115447998047e-01
7.363190650939941406e-01
7.569451332092285156e-01
7.308092117309570312e-01
7.386510372161865234e-01
7.537357807159423828e-01
7.417478561401367188e-01
7.407202720642089844e-01
7.399759292602539062e-01
7.468039989471435547e-01
7.606620788574218750e-01
1.174894785881042480e+01
7.365407943725585938e-01
7.340121269226074219e-01
7.301397323608398438e-01
7.248027324676513672e-01
7.330410480499267578e-01
7.367410659790039062e-01
7.416968345642089844e-01
7.268021106719970703e-01
7.282140254974365234e-01
7.297248840332031250e-01
7.284543514251708984e-01
7.297067642211914062e-01
7.260620594024658203e-01
7.420992851257324219e-01
7.264082431793212891e-01
7.405138015747070312e-01
7.346196174621582031e-01
7.304179668426513672e-01
7.232301235198974609e-01
7.366378307342529297e-01
7.316217422485351562e-01
7.270491123199462891e-01
7.307310104370117188e-01
7.282080650329589844e-01
7.435367107391357422e-01
7.353279590606689453e-01
7.230889797210693359e-01
7.232964038848876953e-01
7.371368408203125000e-01
7.298431396484375000e-01
7.263791561126708984e-01
7.359967231750488281e-01
7.352237701416015625e-01
7.408120632171630859e-01
7.395627498626708984e-01
7.393012046813964844e-01
7.339689731597900391e-01
7.442820072174072266e-01
7.323560714721679688e-01
7.327589988708496094e-01
7.331018447875976562e-01
7.250280380249023438e-01
7.363543510437011719e-01
7.447659969329833984e-01
7.335200309753417969e-01
7.289619445800781250e-01
7.361218929290771484e-01
7.364299297332763672e-01
7.396371364593505859e-01
1.168531680107116699e+01
7.366540431976318359e-01
7.342247962951660156e-01
7.273921966552734375e-01
7.240333557128906250e-01
7.242221832275390625e-01
7.269618511199951172e-01
7.443883419036865234e-01
7.343106269836425781e-01
7.340111732482910156e-01
7.288491725921630859e-01
7.335770130157470703e-01
7.259569168090820312e-01
7.290692329406738281e-01
7.327148914337158203e-01
7.370049953460693359e-01
7.534499168395996094e-01
7.428631782531738281e-01
7.367460727691650391e-01
7.523999214172363281e-01
7.330448627471923828e-01
7.384600639343261719e-01
7.329819202423095703e-01
7.296590805053710938e-01
7.303040027618408203e-01
7.315115928649902344e-01
7.389025688171386719e-01
7.369339466094970703e-01
7.315080165863037109e-01
7.268650531768798828e-01
7.225785255432128906e-01
7.381882667541503906e-01
7.312147617340087891e-01
7.923555374145507812e-01
7.379019260406494141e-01
7.340550422668457031e-01
7.268431186676025391e-01
7.369289398193359375e-01
7.334477901458740234e-01
7.349827289581298828e-01
7.346758842468261719e-01
7.426979541778564453e-01
7.268028259277343750e-01
7.397551536560058594e-01
7.334558963775634766e-01
7.391607761383056641e-01
7.377588748931884766e-01
7.292811870574951172e-01
7.396709918975830078e-01
7.907900810241699219e-01
1.186815381050109863e+01
7.257895469665527344e-01
7.369329929351806641e-01
7.281508445739746094e-01
7.291901111602783203e-01
7.455358505249023438e-01
7.304258346557617188e-01
7.512688636779785156e-01
7.393343448638916016e-01
7.407863140106201172e-01
7.324991226196289062e-01
7.483479976654052734e-01
7.297952175140380859e-01
7.427008152008056641e-01
7.486081123352050781e-01
7.307531833648681641e-01
7.571063041687011719e-01
7.570831775665283203e-01
7.439191341400146484e-01
7.373988628387451172e-01
7.347209453582763672e-01
7.387938499450683594e-01
7.416908740997314453e-01
7.554154396057128906e-01
7.406966686248779297e-01
7.570059299468994141e-01
7.342059612274169922e-01
7.320425510406494141e-01
7.442309856414794922e-01
7.308611869812011719e-01
7.346930503845214844e-01
7.556710243225097656e-01
7.359590530395507812e-01
7.431111335754394531e-01
7.727322578430175781e-01
7.441947460174560547e-01
7.307159900665283203e-01
7.373869419097900391e-01
7.462761402130126953e-01
7.342660427093505859e-01
7.387032508850097656e-01
7.547755241394042969e-01
7.414112091064453125e-01
7.461171150207519531e-01
7.482841014862060547e-01
7.471289634704589844e-01
7.396969795227050781e-01
7.289030551910400391e-01
7.321043014526367188e-01
7.336969375610351562e-01
1.185789394378662109e+01
7.289419174194335938e-01
7.738709449768066406e-01
7.304949760437011719e-01
7.492835521697998047e-01
7.268228530883789062e-01
7.485539913177490234e-01
7.413740158081054688e-01
7.285752296447753906e-01
7.554180622100830078e-01
7.437758445739746094e-01
7.496609687805175781e-01
7.504150867462158203e-01
7.427849769592285156e-01
7.494959831237792969e-01
7.389507293701171875e-01
7.633047103881835938e-01
7.402110099792480469e-01
7.387623786926269531e-01
7.538030147552490234e-01
7.513961791992187500e-01
7.395269870758056641e-01
7.365527153015136719e-01
7.407860755920410156e-01
7.308733463287353516e-01
7.376439571380615234e-01
7.506458759307861328e-01
7.405524253845214844e-01
7.381968498229980469e-01
7.454290390014648438e-01
7.499508857727050781e-01
7.443201541900634766e-01
7.486107349395751953e-01
7.631280422210693359e-01
7.513370513916015625e-01
7.387442588806152344e-01
7.386317253112792969e-01
7.505445480346679688e-01
7.427067756652832031e-01
7.380769252777099609e-01
7.412767410278320312e-01
7.312407493591308594e-01
7.506659030914306641e-01
7.384815216064453125e-01
7.484669685363769531e-01
7.521500587463378906e-01
7.252607345581054688e-01
7.519259452819824219e-01
7.465090751647949219e-01
7.619230747222900391e-01
1.177050924301147461e+01
7.373929023742675781e-01
7.325148582458496094e-01
7.280488014221191406e-01
7.513129711151123047e-01
7.440080642700195312e-01
7.417540550231933594e-01
7.295057773590087891e-01
7.341511249542236328e-01
7.484080791473388672e-01
7.429087162017822266e-01
7.377657890319824219e-01
7.442808151245117188e-01
7.275249958038330078e-01
7.315640449523925781e-01
7.426986694335937500e-01
7.339687347412109375e-01
7.441422939300537109e-01
7.503802776336669922e-01
7.299461364746093750e-01
7.242200374603271484e-01
7.382669448852539062e-01
7.423131465911865234e-01
7.395663261413574219e-01
7.420361042022705078e-01
7.312462329864501953e-01
7.402627468109130859e-01
7.413654327392578125e-01
7.444112300872802734e-01
7.432837486267089844e-01
7.314984798431396484e-01
7.270469665527343750e-01
7.431473731994628906e-01
7.372946739196777344e-01
7.355711460113525391e-01
7.393786907196044922e-01
7.378642559051513672e-01
7.334070205688476562e-01
7.456769943237304688e-01
7.452816963195800781e-01
7.332921028137207031e-01
7.321250438690185547e-01
7.442839145660400391e-01
7.346282005310058594e-01
7.391529083251953125e-01
7.489619255065917969e-01
7.386500835418701172e-01
7.409288883209228516e-01
7.430131435394287109e-01
7.413921356201171875e-01
1.177650570869445801e+01
7.332360744476318359e-01
7.439038753509521484e-01
7.247571945190429688e-01
7.235732078552246094e-01
7.423143386840820312e-01
7.522211074829101562e-01
7.248892784118652344e-01
7.258119583129882812e-01
7.436687946319580078e-01
7.394838333129882812e-01
7.409646511077880859e-01
7.294888496398925781e-01
7.245023250579833984e-01
7.426588535308837891e-01
7.417869567871093750e-01
7.432630062103271484e-01
7.265527248382568359e-01
7.324039936065673828e-01
7.490351200103759766e-01
7.215840816497802734e-01
7.445340156555175781e-01
7.311477661132812500e-01
7.274558544158935547e-01
7.299466133117675781e-01
7.308211326599121094e-01
7.455558776855468750e-01
7.380068302154541016e-01
7.263472080230712891e-01
7.263877391815185547e-01
7.369258403778076172e-01
7.256407737731933594e-01
7.369396686553955078e-01
7.218599319458007812e-01
7.517981529235839844e-01
7.236514091491699219e-01
7.304091453552246094e-01
7.471017837524414062e-01
7.251708507537841797e-01
7.415726184844970703e-01
7.404971122741699219e-01
7.303068637847900391e-01
7.367336750030517578e-01
7.332491874694824219e-01
7.476394176483154297e-01
7.331519126892089844e-01
7.378470897674560547e-01
7.297759056091308594e-01
7.367260456085205078e-01
7.695779800415039062e-01
1.176740074157714844e+01
7.269828319549560547e-01
7.260980606079101562e-01
7.284832000732421875e-01
7.322561740875244141e-01
7.402789592742919922e-01
7.260568141937255859e-01
7.263185977935791016e-01
7.708766460418701172e-01
7.273180484771728516e-01
7.283458709716796875e-01
7.287712097167968750e-01
7.297050952911376953e-01
7.348701953887939453e-01
7.446458339691162109e-01
7.212989330291748047e-01
7.253971099853515625e-01
7.359728813171386719e-01
7.378790378570556641e-01
7.298061847686767578e-01
7.366440296173095703e-01
7.431669235229492188e-01
7.326104640960693359e-01
7.344512939453125000e-01
7.244832515716552734e-01
7.357017993927001953e-01
7.375910282135009766e-01
7.377672195434570312e-01
7.224497795104980469e-01
7.350649833679199219e-01
7.238953113555908203e-01
7.395286560058593750e-01
7.810189723968505859e-01
7.305862903594970703e-01
7.392530441284179688e-01
7.411677837371826172e-01
7.364010810852050781e-01
7.342648506164550781e-01
7.263929843902587891e-01
7.315831184387207031e-01
7.294092178344726562e-01
7.252211570739746094e-01
7.265210151672363281e-01
7.302782535552978516e-01
7.383861541748046875e-01
7.382509708404541016e-01
7.331750392913818359e-01
7.265927791595458984e-01
7.256362438201904297e-01
7.510392665863037109e-01
1.172401905059814453e+01
7.353847026824951172e-01
7.371959686279296875e-01
7.332112789154052734e-01
7.308070659637451172e-01
7.362701892852783203e-01
7.531487941741943359e-01
7.359385490417480469e-01
7.445812225341796875e-01
7.267272472381591797e-01
7.327418327331542969e-01
7.275493144989013672e-01
7.249670028686523438e-01
7.335970401763916016e-01
7.437343597412109375e-01
7.391581535339355469e-01
7.283241748809814453e-01
7.292897701263427734e-01
7.361917495727539062e-01
7.616472244262695312e-01
7.301859855651855469e-01
7.270019054412841797e-01
7.336158752441406250e-01
7.287378311157226562e-01
7.425608634948730469e-01
7.325842380523681641e-01
7.281427383422851562e-01
7.283103466033935547e-01
7.358229160308837891e-01
7.379019260406494141e-01
7.390670776367187500e-01
7.308809757232666016e-01
7.263090610504150391e-01
7.312517166137695312e-01
7.328989505767822266e-01
7.333786487579345703e-01
7.354340553283691406e-01
7.318229675292968750e-01
7.297050952911376953e-01
7.291748523712158203e-01
7.236630916595458984e-01
7.294812202453613281e-01
7.433860301971435547e-01
7.255070209503173828e-01
7.278766632080078125e-01
7.387697696685791016e-01
7.279288768768310547e-01
7.293350696563720703e-01
7.315042018890380859e-01
7.863998413085937500e-01
1.164919710159301758e+01
7.261860370635986328e-01
7.353334426879882812e-01
7.297921180725097656e-01
7.439701557159423828e-01
7.381529808044433594e-01
7.374351024627685547e-01
7.370595932006835938e-01
7.278747558593750000e-01
7.449986934661865234e-01
7.364611625671386719e-01
7.508773803710937500e-01
7.289850711822509766e-01
7.391929626464843750e-01
7.390971183776855469e-01
7.343769073486328125e-01
7.486338615417480469e-01
7.271294593811035156e-01
7.321162223815917969e-01
7.746698856353759766e-01
7.284328937530517578e-01
7.403337955474853516e-01
7.386543750762939453e-01
7.381403446197509766e-01
7.477152347564697266e-01
7.453286647796630859e-01
7.298293113708496094e-01
7.314231395721435547e-01
7.302041053771972656e-01
7.509896755218505859e-01
7.385563850402832031e-01
7.359640598297119141e-01
7.373371124267578125e-01
7.364740371704101562e-01
7.337348461151123047e-01
7.337901592254638672e-01
7.232010364532470703e-01
7.381975650787353516e-01
7.318432331085205078e-01
7.294113636016845703e-01
7.230672836303710938e-01
7.371852397918701172e-01
7.386708259582519531e-01
7.379529476165771484e-01
7.374408245086669922e-01
7.281939983367919922e-01
7.338752746582031250e-01
7.282466888427734375e-01
7.429659366607666016e-01
7.388145923614501953e-01
1.174276113510131836e+01
7.265501022338867188e-01
7.518513202667236328e-01
7.437930107116699219e-01
7.273499965667724609e-01
7.312991619110107422e-01
7.411899566650390625e-01
7.557508945465087891e-01
7.378268241882324219e-01
7.514383792877197266e-01
7.534990310668945312e-01
7.247910499572753906e-01
7.355968952178955078e-01
7.388329505920410156e-01
7.368271350860595703e-01
7.471356391906738281e-01
7.368347644805908203e-01
7.339231967926025391e-01
7.358901500701904297e-01
7.402918338775634766e-01
7.388780117034912109e-01
7.410922050476074219e-01
7.358739376068115234e-01
7.407097816467285156e-01
7.540695667266845703e-01
7.260413169860839844e-01
7.400791645050048828e-01
7.416880130767822266e-01
7.373878955841064453e-01
7.374157905578613281e-01
7.378790378570556641e-01
7.331199645996093750e-01
7.265844345092773438e-01
7.406489849090576172e-01
7.410039901733398438e-01
7.387716770172119141e-01
7.295348644256591797e-01
7.333507537841796875e-01
7.342669963836669922e-01
7.362511157989501953e-01
7.362010478973388672e-01
7.389936447143554688e-01
7.368893623352050781e-01
7.338879108428955078e-01
7.557322978973388672e-01
7.312414646148681641e-01
7.272589206695556641e-01
7.441551685333251953e-01
7.362163066864013672e-01
7.761743068695068359e-01
1.167936420440673828e+01
7.364940643310546875e-01
7.289001941680908203e-01
7.296488285064697266e-01
7.402942180633544922e-01
7.424147129058837891e-01
7.291316986083984375e-01
7.253558635711669922e-01
7.186574935913085938e-01
7.361412048339843750e-01
7.229082584381103516e-01
7.211360931396484375e-01
7.274856567382812500e-01
7.342312335968017578e-01
7.213020324707031250e-01
7.297823429107666016e-01
7.310678958892822266e-01
7.333068847656250000e-01
7.360401153564453125e-01
7.304661273956298828e-01
7.369239330291748047e-01
7.376289367675781250e-01
7.435019016265869141e-01
7.271637916564941406e-01
7.289459705352783203e-01
7.377023696899414062e-01
7.286071777343750000e-01
7.263538837432861328e-01
7.578802108764648438e-01
7.308607101440429688e-01
7.224709987640380859e-01
7.260246276855468750e-01
7.245428562164306641e-01
7.291507720947265625e-01
7.201185226440429688e-01
7.409880161285400391e-01
7.220039367675781250e-01
7.286739349365234375e-01
7.271413803100585938e-01
7.330288887023925781e-01
7.364084720611572266e-01
7.343571186065673828e-01
7.274329662322998047e-01
7.346801757812500000e-01
7.350931167602539062e-01
7.216508388519287109e-01
7.414870262145996094e-01
7.245399951934814453e-01
7.320771217346191406e-01
7.434780597686767578e-01
1.188188481330871582e+01
7.351510524749755859e-01
7.306318283081054688e-01
7.326633930206298828e-01
7.305917739868164062e-01
7.340097427368164062e-01
7.586348056793212891e-01
7.496218681335449219e-01
7.624881267547607422e-01
7.371602058410644531e-01
7.311770915985107422e-01
7.268919944763183594e-01
7.280640602111816406e-01
7.268531322479248047e-01
7.300190925598144531e-01
7.393641471862792969e-01
7.205445766448974609e-01
7.390000820159912109e-01
7.354459762573242188e-01
7.389640808105468750e-01
7.338809967041015625e-01
7.394828796386718750e-01
7.301578521728515625e-01
7.310950756072998047e-01
7.337987422943115234e-01
7.381279468536376953e-01
7.268161773681640625e-01
7.298588752746582031e-01
7.324869632720947266e-01
7.386600971221923828e-01
7.424581050872802734e-01
7.364878654479980469e-01
7.319090366363525391e-01
7.576465606689453125e-01
9.443006515502929688e-01
1.252741098403930664e+00
8.835830688476562500e-01
7.663111686706542969e-01
7.732851505279541016e-01
7.635991573333740234e-01
7.602882385253906250e-01
7.615408897399902344e-01
7.636981010437011719e-01
7.722611427307128906e-01
7.706398963928222656e-01
7.822573184967041016e-01
7.776536941528320312e-01
7.663209438323974609e-01
7.716600894927978516e-01
8.458240032196044922e-01
1.218310284614562988e+01
7.640511989593505859e-01
7.586076259613037109e-01
7.534487247467041016e-01
7.654001712799072266e-01
7.634558677673339844e-01
7.699656486511230469e-01
7.700207233428955078e-01
7.633712291717529297e-01
7.625427246093750000e-01
7.551491260528564453e-01
7.530617713928222656e-01
7.641088962554931641e-01
7.913250923156738281e-01
7.564442157745361328e-01
7.719655036926269531e-01
7.624692916870117188e-01
7.645602226257324219e-01
7.559301853179931641e-01
7.596561908721923828e-01
7.668025493621826172e-01
7.558567523956298828e-01
7.535827159881591797e-01
7.602267265319824219e-01
7.601900100708007812e-01
7.655141353607177734e-01
7.666630744934082031e-01
7.517228126525878906e-01
7.469749450683593750e-01
7.615842819213867188e-01
7.599108219146728516e-01
7.662048339843750000e-01
7.732071876525878906e-01
7.684898376464843750e-01
7.763469219207763672e-01
7.618381977081298828e-01
7.675380706787109375e-01
7.634880542755126953e-01
7.554311752319335938e-01
7.701277732849121094e-01
7.548460960388183594e-01
7.618362903594970703e-01
7.606360912322998047e-01
7.645609378814697266e-01
7.669079303741455078e-01
7.599234580993652344e-01
7.820811271667480469e-01
7.545969486236572266e-01
7.727744579315185547e-01
7.632691860198974609e-01
1.188079714775085449e+01
7.625756263732910156e-01
7.657251358032226562e-01
7.731678485870361328e-01
7.596409320831298828e-01
7.623336315155029297e-01
7.683339118957519531e-01
7.725844383239746094e-01
7.606744766235351562e-01
7.609572410583496094e-01
7.944159507751464844e-01
7.749459743499755859e-01
7.701818943023681641e-01
7.622997760772705078e-01
7.666926383972167969e-01
7.535429000854492188e-01
7.694971561431884766e-01
7.517311573028564453e-01
7.729370594024658203e-01
7.734360694885253906e-01
7.554790973663330078e-01
7.586688995361328125e-01
7.813906669616699219e-01
8.091080188751220703e-01
7.695009708404541016e-01
7.814390659332275391e-01
7.482359409332275391e-01
7.772610187530517578e-01
7.705471515655517578e-01
7.794029712677001953e-01
7.558400630950927734e-01
7.586498260498046875e-01
7.669692039489746094e-01
7.654151916503906250e-01
7.634921073913574219e-01
7.619485855102539062e-01
7.559502124786376953e-01
7.596118450164794922e-01
7.611589431762695312e-01
7.836439609527587891e-01
7.646756172180175781e-01
7.624378204345703125e-01
7.558951377868652344e-01
7.617361545562744141e-01
7.566208839416503906e-01
7.533257007598876953e-01
7.681839466094970703e-01
7.716770172119140625e-01
7.716619968414306641e-01
8.333821296691894531e-01
1.200128507614135742e+01
7.615089416503906250e-01
7.587151527404785156e-01
7.596616744995117188e-01
7.767467498779296875e-01
7.699999809265136719e-01
7.611083984375000000e-01
7.511126995086669922e-01
7.707719802856445312e-01
7.549397945404052734e-01
7.628431320190429688e-01
7.662076950073242188e-01
7.574532032012939453e-01
7.690925598144531250e-01
7.655522823333740234e-01
7.753438949584960938e-01
7.550940513610839844e-01
7.666130065917968750e-01
7.555990219116210938e-01
7.586696147918701172e-01
7.503080368041992188e-01
7.669439315795898438e-01
7.717759609222412109e-01
7.665750980377197266e-01
7.626051902770996094e-01
7.729318141937255859e-01
7.512910366058349609e-01
7.634427547454833984e-01
7.573654651641845703e-01
7.543892860412597656e-01
7.490313053131103516e-01
7.732992172241210938e-01
7.834188938140869141e-01
7.669389247894287109e-01
7.650887966156005859e-01
7.630388736724853516e-01
7.630455493927001953e-01
7.676539421081542969e-01
7.663977146148681641e-01
7.587621212005615234e-01
7.662479877471923828e-01
7.613022327423095703e-01
7.645187377929687500e-01
7.763967514038085938e-01
7.575209140777587891e-01
7.645509243011474609e-01
7.558493614196777344e-01
7.679491043090820312e-01
7.611780166625976562e-01
7.620639801025390625e-01
1.198299670219421387e+01
7.610974311828613281e-01
7.688341140747070312e-01
7.695088386535644531e-01
7.609016895294189453e-01
7.595200538635253906e-01
7.731697559356689453e-01
7.599985599517822266e-01
7.622218132019042969e-01
7.719871997833251953e-01
7.780482769012451172e-01
7.582709789276123047e-01
7.560420036315917969e-01
7.650768756866455078e-01
7.541344165802001953e-01
7.664434909820556641e-01
7.592940330505371094e-01
7.863850593566894531e-01
7.582945823669433594e-01
7.540369033813476562e-01
7.803215980529785156e-01
7.711167335510253906e-01
7.676820755004882812e-01
7.611124515533447266e-01
7.634999752044677734e-01
7.631146907806396484e-01
7.686431407928466797e-01
7.707126140594482422e-01
7.637710571289062500e-01
7.702727317810058594e-01
7.548663616180419922e-01
7.584440708160400391e-01
7.694811820983886719e-01
7.667689323425292969e-01
7.726397514343261719e-01
7.475566864013671875e-01
7.733151912689208984e-01
7.702970504760742188e-01
7.595999240875244141e-01
7.674267292022705078e-01
7.554838657379150391e-01
7.617928981781005859e-01
7.692089080810546875e-01
7.953977584838867188e-01
7.679522037506103516e-01
7.604861259460449219e-01
7.568879127502441406e-01
7.525999546051025391e-01
7.702224254608154297e-01
8.712399005889892578e-01
1.195270824432373047e+01
7.690942287445068359e-01
7.622039318084716797e-01
7.654879093170166016e-01
7.694020271301269531e-01
7.799279689788818359e-01
7.656888961791992188e-01
7.585852146148681641e-01
7.599270343780517578e-01
7.652602195739746094e-01
7.790329456329345703e-01
7.691009044647216797e-01
7.833588123321533203e-01
7.675783634185791016e-01
7.653865814208984375e-01
7.680411338806152344e-01
7.639310359954833984e-01
7.544207572937011719e-01
7.636551856994628906e-01
7.699120044708251953e-01
7.691941261291503906e-01
7.658255100250244141e-01
7.603907585144042969e-01
7.723371982574462891e-01
7.621858119964599609e-01
7.571551799774169922e-01
7.694752216339111328e-01
7.734413146972656250e-01
7.638781070709228516e-01
7.671182155609130859e-01
7.699091434478759766e-01
7.611470222473144531e-01
7.654480934143066406e-01
7.748889923095703125e-01
7.641358375549316406e-01
7.689094543457031250e-01
7.736749649047851562e-01
7.674491405487060547e-01
7.625250816345214844e-01
7.637848854064941406e-01
7.635440826416015625e-01
8.121347427368164062e-01
7.450621128082275391e-01
7.677819728851318359e-01
7.819230556488037109e-01
7.628974914550781250e-01
8.728418350219726562e-01
7.553176879882812500e-01
7.430825233459472656e-01
7.520163059234619141e-01
1.185989403724670410e+01
7.585008144378662109e-01
7.327926158905029297e-01
7.316610813140869141e-01
7.424867153167724609e-01
7.372515201568603516e-01
7.641854286193847656e-01
7.614591121673583984e-01
7.778789997100830078e-01
7.735619544982910156e-01
7.922668457031250000e-01
7.443377971649169922e-01
7.434449195861816406e-01
7.317764759063720703e-01
7.473180294036865234e-01
7.520146369934082031e-01
7.377161979675292969e-01
7.413983345031738281e-01
7.344770431518554688e-01
7.454075813293457031e-01
7.379868030548095703e-01
7.277636528015136719e-01
7.342128753662109375e-01
7.349915504455566406e-01
7.366096973419189453e-01
7.404940128326416016e-01
7.295360565185546875e-01
7.692067623138427734e-01
7.508821487426757812e-01
7.516760826110839844e-01
7.600231170654296875e-01
7.504000663757324219e-01
7.661349773406982422e-01
7.614569664001464844e-01
7.744076251983642578e-01
7.517011165618896484e-01
7.467939853668212891e-01
7.457931041717529297e-01
7.605137825012207031e-01
7.459418773651123047e-01
7.440247535705566406e-01
7.388150691986083984e-01
7.575757503509521484e-01
7.598738670349121094e-01
7.608349323272705078e-01
