1.868509173393249512e+00
1.914694011211395264e+00
1.972617427508036370e+00
2.015495389699935913e+00
2.040493369102478027e+00
2.081461449464162339e+00
2.148056626319885254e+00
2.202852770686149597e+00
2.216624750031365387e+00
2.222157394886016935e+00
2.231393499807877934e+00
2.286769837141036987e+00
2.316913467187148079e+00
2.345104311193738855e+00
2.373549977938333999e+00
2.389524273574352264e+00
2.410762106671052951e+00
2.464626967906951904e+00
2.486801818797462982e+00
2.530805605649947942e+00
2.551508352870032859e+00
2.591352045536041260e+00
2.610729709915492691e+00
2.638143107295036316e+00
2.678578782081603826e+00
2.709664697830493463e+00
2.729358377280058701e+00
2.758104124239512789e+00
2.797610451435220469e+00
2.825143039226531982e+00
2.841779105124934812e+00
2.876109246164560318e+00
2.900633439873204100e+00
2.919019043445587158e+00
2.937683313233511839e+00
2.958886626693937316e+00
2.972548397811683341e+00
2.993334949016571045e+00
3.006766383464519965e+00
3.025210508704185397e+00
3.041455661378255737e+00
3.060697916008177089e+00
3.070476789807164320e+00
3.083635582165284550e+00
3.094145830472310177e+00
3.097556199716485104e+00
3.100717739855989308e+00
3.110535574456056107e+00
3.117447884715333295e+00
3.124996769428252996e+00
3.131310264269510757e+00
3.134762926743580813e+00
3.133525549240832042e+00
3.139203833209143646e+00
3.141167404434897836e+00
3.147187737481934811e+00
3.144740516679328746e+00
3.143768834656682554e+00
3.147609470254284059e+00
3.149646363655726145e+00
3.151689152248570380e+00
3.154709114182379981e+00
3.155331299418494773e+00
3.156793212518095970e+00
3.157899304536672780e+00
3.161396147626819086e+00
3.162119009601536135e+00
3.159692001693389152e+00
3.160340735877769536e+00
3.163501778670719577e+00
3.166613375636893046e+00
3.170599644382794846e+00
3.171210378816683217e+00
3.171968954640465910e+00
3.172909531593322896e+00
3.173630229736629449e+00
3.173810610523471798e+00
3.173036518769386305e+00
3.174400813971893776e+00
3.171699680387973785e+00
3.172304084271560409e+00
3.172479302417941405e+00
3.173954160816698344e+00
3.174833205484208776e+00
3.177263976545894764e+00
3.175775609737218730e+00
3.173154330801689849e+00
3.171705000779845296e+00
3.172285598315549571e+00
3.173557460308074951e+00
3.175301655308230941e+00
3.173468215310055296e+00
3.174741484785592593e+00
3.173336730358448321e+00
3.173132947871559750e+00
3.173887075235446442e+00
3.172856474660106674e+00
3.173195450889820801e+00
3.171250688909279969e+00
3.172291263341903811e+00
3.170343485209021317e+00
3.169755700756521577e+00
3.170006639749101129e+00
3.168498725845263486e+00
3.167450240680149687e+00
3.165483653545379639e+00
3.164276890665571162e+00
3.163409984774059769e+00
3.162963966710851782e+00
3.161200674013657785e+00
3.163669125453846043e+00
3.165111434246812738e+00
3.163299643887882873e+00
3.161990516018449160e+00
3.163261891447979313e+00
3.165440044526396157e+00
3.164650373988681320e+00
3.163956119852550763e+00
3.163494954590035935e+00
3.159292589624722591e+00
3.157170365664584644e+00
3.153939496298305389e+00
3.154565426392283989e+00
3.153715305751370046e+00
3.152447669029236010e+00
3.149704126138535898e+00
3.149920873754606276e+00
3.148287176154553890e+00
3.149361701898796717e+00
3.150383636584648706e+00
3.148599587324011573e+00
3.148217315926696180e+00
3.146909304131242369e+00
3.145769079229725040e+00
3.146551761803803693e+00
3.149545118212699890e+00
3.148190090256015594e+00
3.147596213264741927e+00
3.152967045633055410e+00
3.150835829973220648e+00
3.148314422749458608e+00
3.149641079801908550e+00
3.148846842192269513e+00
3.148790178199609269e+00
3.146499078849266162e+00
3.145929953006848745e+00
3.145471705060427059e+00
3.145829183829797149e+00
3.145851563287261232e+00
3.145418274402618231e+00
3.145725053667232540e+00
3.145835765882542212e+00
3.145664379487629780e+00
3.144433912518736385e+00
3.141096040510362286e+00
3.139931778877209201e+00
3.138653537270369664e+00
3.139260783225675144e+00
3.136491543841811946e+00
3.136874433606863022e+00
3.136246185865461555e+00
3.135241095666532196e+00
3.134345119716199779e+00
3.133532420164201415e+00
3.132750857237613484e+00
3.132363131965499203e+00
3.131830460297133190e+00
3.131238212897664130e+00
3.130328873205467044e+00
3.130388814561507083e+00
3.128611682451259313e+00
3.128998879083367157e+00
3.128616967642238400e+00
3.128146751858722041e+00
3.126445063863481977e+00
3.126362752508033527e+00
3.126188133395997770e+00
3.126751163702332637e+00
3.125300741062484011e+00
3.123631104495790289e+00
3.124308885790366475e+00
3.122146417151440811e+00
3.121642555043997014e+00
3.119601861938186449e+00
3.117930701616648204e+00
3.116441283815650554e+00
3.114842106951749123e+00
3.114536760335272714e+00
3.114333316131874252e+00
3.113268861645146490e+00
3.112140480136372123e+00
3.111250752583146095e+00
3.023617744445800781e+00
3.044647932052612305e+00
3.019504785537719727e+00
3.022001564502716064e+00
3.043318223953247248e+00
3.010672052701314438e+00
2.973333154405866541e+00
2.958548843860626221e+00
2.961061636606852066e+00
2.967177438735961736e+00
2.959104624661532235e+00
2.936226944128672134e+00
2.936130982178908333e+00
2.934129221098763729e+00
2.929762013753255179e+00
2.910855114459991455e+00
2.923614698297837045e+00
2.932902839448717103e+00
2.928315589302464605e+00
2.913516283035278320e+00
2.923716976529076028e+00
2.917604099620472180e+00
2.914482427679974119e+00
2.912875890731811523e+00
2.926787481307983274e+00
2.934137500249422548e+00
2.933066871431138978e+00
2.937059768608638155e+00
2.925813255638911592e+00
2.920791490872701068e+00
2.918966762481197019e+00
2.918236799538135529e+00
2.912111954255537594e+00
2.900952402283163423e+00
2.897173357009887873e+00
2.898108601570129395e+00
2.893733591646761472e+00
2.890426516532897949e+00
2.889021317164103042e+00
2.882040691375732600e+00
2.882496682608999716e+00
2.880973821594601691e+00
2.882876290831454913e+00
2.882732662287625480e+00
2.870838811662462131e+00
2.865732084149899883e+00
2.862479823700925241e+00
2.864413415392240037e+00
2.865243576010879423e+00
2.867319869995117010e+00
2.873982747395833481e+00
2.872283797997694954e+00
2.875376548407212685e+00
2.873099026856599014e+00
2.872616889260032114e+00
2.873487319265092932e+00
2.872546053769295504e+00
2.875266190232901753e+00
2.878628803511797507e+00
2.881168921788533677e+00
2.879805306919285712e+00
2.875995705204625441e+00
2.875896332755921492e+00
2.876678351312875748e+00
2.875951572564932057e+00
2.879290541013082017e+00
2.878966107297299626e+00
2.877148863147287017e+00
2.873740987501282707e+00
2.866383467401777185e+00
2.866282103766857770e+00
2.865268326467937943e+00
2.862090146704896032e+00
2.864707283071569410e+00
2.860685901641845774e+00
2.857182069828635651e+00
2.853511686448927165e+00
2.852051362013205527e+00
2.848923034305813839e+00
2.847575616836548029e+00
2.848509129182791977e+00
2.848267392414371990e+00
2.844891131642353077e+00
2.844607892490568446e+00
2.845667443555944143e+00
2.845167786576026980e+00
2.843012289069164922e+00
2.841923291032964372e+00
2.839028417394402481e+00
2.838080798255072867e+00
2.840281161633166462e+00
2.838296203509620863e+00
2.837122037846555145e+00
2.837455275210928551e+00
2.835961484909057528e+00
2.835567536453405868e+00
2.833724754372823007e+00
2.831806815400415456e+00
2.832900861296991035e+00
2.831935570240020628e+00
2.830217897301853469e+00
2.828304012616475571e+00
2.826890271844215707e+00
2.824354247404978757e+00
2.824381056286039637e+00
2.824222306035599761e+00
2.823050296195199760e+00
2.820916582036901321e+00
2.819967698613437879e+00
2.818853970007463072e+00
2.816025070241979567e+00
2.815364737595830835e+00
2.814754336281160452e+00
2.813565950644643543e+00
2.812779387183811153e+00
2.811578495749111894e+00
2.810683666131435388e+00
2.807686910790912371e+00
2.806315293832987390e+00
2.807901440064112464e+00
2.805096226290237915e+00
2.803094975283888513e+00
2.801323020361303318e+00
2.801299714273022268e+00
2.799299915313720799e+00
2.796602351324898983e+00
2.796626286243829362e+00
2.796482529491186142e+00
2.795816059260405329e+00
2.795711607199448778e+00
2.794570992011150334e+00
2.792259579355066634e+00
2.793440236184829839e+00
2.792662330527803771e+00
2.791872413070113357e+00
2.790447448982912082e+00
2.789586617128692492e+00
2.788401325543721665e+00
2.787920883233598879e+00
2.788190405709402686e+00
2.788634134522566477e+00
2.787048984581316002e+00
2.784530036099307271e+00
2.782769901884926789e+00
2.780827165472096407e+00
2.779205284706533607e+00
2.778286794415947725e+00
2.777251891187719313e+00
2.776934180483721981e+00
2.777714281082153125e+00
2.775410069535110047e+00
2.776744803315714716e+00
2.774777580710018565e+00
2.773901315478535246e+00
2.774196444788286975e+00
2.774080878649002546e+00
2.771983969743084586e+00
2.770901734315896370e+00
2.770098428306339677e+00
2.767018938064575106e+00
2.765728863129704784e+00
2.763985632378378021e+00
2.762362970164948361e+00
2.762013909293384195e+00
2.761108290065418469e+00
2.760873590607241024e+00
2.759803794815154809e+00
2.759261488914489746e+00
2.758229846785054562e+00
2.755933842939489065e+00
2.755470503143399696e+00
2.755295265552609507e+00
2.755124823895493069e+00
2.754774914390739404e+00
2.754614930834089037e+00
2.755135305903174459e+00
2.754038490144546270e+00
2.752558148309085961e+00
2.751332031281966906e+00
2.749725025229984077e+00
2.748062754204259939e+00
2.747648326905219207e+00
2.746408724394000966e+00
2.746435771817746563e+00
2.746299319653897619e+00
2.744723116197893553e+00
2.743624618346678368e+00
2.743446489597888505e+00
2.742174119545669253e+00
2.742750117653294684e+00
2.740880998641408439e+00
2.740974418818950653e+00
2.466549634933471680e+00
2.487637162208557129e+00
2.495159387588500977e+00
2.478627860546112061e+00
2.487570762634277344e+00
2.494725386301676284e+00
2.496519633701869356e+00
2.520958781242370605e+00
2.507755173577202790e+00
2.505895185470580877e+00
2.516593673012473165e+00
2.530337393283843994e+00
2.506561774473923698e+00
2.515404718262808537e+00
2.512595605850219904e+00
2.513374775648117065e+00
2.504464261672076031e+00
2.499626583523220535e+00
2.498894315016896961e+00
2.493728840351104648e+00
2.496753386088780058e+00
2.498709180138327657e+00
2.496260808861773928e+00
2.489504357179006089e+00
2.484378948211670046e+00
2.481590564434344781e+00
2.482809384663899888e+00
2.478643161909920956e+00
2.477411640101465640e+00
2.481338159243265729e+00
2.480900710628878514e+00
2.478183776140213013e+00
2.480154550436771466e+00
2.480826798607321138e+00
2.477876513344900999e+00
2.477628224425845627e+00
2.477628984966793624e+00
2.476964166289881586e+00
2.476122911159808648e+00
2.477405399084091187e+00
2.482738279714816976e+00
2.479761083920796860e+00
2.474298183308091481e+00
2.470902632583271252e+00
2.473985269334581183e+00
2.472127328748288555e+00
2.467776014449748700e+00
2.467293774088223923e+00
2.463288681847708439e+00
2.465669412612915057e+00
2.462065584519330219e+00
2.462860565919142708e+00
2.465588322225606532e+00
2.464405532236452423e+00
2.459890855442393942e+00
2.457229158708027494e+00
2.455411492732533230e+00
2.453134298324584961e+00
2.451054597305039273e+00
2.444967428843180191e+00
2.443093635996834045e+00
2.444031642329308252e+00
2.446225556116255362e+00
2.447103541344404221e+00
2.446766519546508700e+00
2.445312474713181139e+00
2.444716859219679073e+00
2.442923300406512066e+00
2.438791848611140622e+00
2.438051257814680017e+00
2.436091275282309176e+00
2.438292688793606278e+00
2.435480238640145068e+00
2.436448029569677320e+00
2.431441418329874704e+00
2.427254617214202881e+00
2.423385867824802364e+00
2.424396985616439348e+00
2.421214049375509880e+00
2.417882323265075684e+00
2.416347962838631958e+00
2.414172381889529539e+00
2.412978123469525116e+00
2.413447155838920999e+00
2.411392613018260356e+00
2.407285210698149935e+00
2.408156756697029888e+00
2.408524865453893327e+00
2.404694458072105245e+00
2.400472810533311740e+00
2.402241463189596526e+00
2.400861024856567383e+00
2.399967283330938006e+00
2.399284834557391388e+00
2.397352005306043310e+00
2.396935274203618516e+00
2.396044170733579559e+00
2.395457491582753562e+00
2.393901540775491554e+00
2.394717841148376269e+00
2.392507458677386456e+00
2.390427584741629641e+00
2.390334557561041073e+00
2.389381846556296818e+00
2.388460947218395525e+00
2.387815956799489214e+00
2.386674063228001241e+00
2.387293742762671478e+00
2.385915045344501273e+00
2.385500480911948440e+00
2.386200511777722966e+00
2.384209081530570984e+00
2.385493183557966024e+00
2.382275959901642537e+00
2.379632178596828407e+00
2.379371708837048960e+00
2.377518816890879627e+00
2.375279966047254554e+00
2.373483928311772573e+00
2.372533412774403772e+00
2.370681112462824203e+00
2.370139036022248735e+00
2.369451927944896674e+00
2.369223673497476756e+00
2.367320194244384890e+00
2.365860553014845991e+00
2.364351058569480024e+00
2.362983031198382378e+00
2.359995438146961000e+00
2.358566980178539385e+00
2.359507630799563049e+00
2.358583364522818471e+00
2.357106125444397904e+00
2.356083160905695806e+00
2.356716709666781817e+00
2.355695222230518748e+00
2.353415269051155168e+00
2.351993680864140401e+00
2.351937310301142503e+00
2.351203093358448459e+00
2.350641178746595283e+00
2.349842176470958055e+00
2.348969590413820363e+00
2.346911767290698059e+00
2.344969594067540797e+00
2.343203279253554872e+00
2.342510529115897633e+00
2.340796210475870165e+00
2.340169894615275581e+00
2.339195843537648312e+00
2.336294757609335804e+00
2.335959174915363867e+00
2.334508320085363575e+00
2.333953873677687252e+00
2.333355258357140194e+00
2.332753747701644897e+00
2.332364398962373020e+00
2.331897437572479248e+00
2.330206277985242824e+00
2.328343939036130905e+00
2.327311766814000649e+00
2.325746720955695679e+00
2.324100768639266068e+00
2.322737608740969240e+00
2.320644604798519417e+00
2.318987697721964114e+00
2.318274307393742184e+00
2.318235210719562733e+00
2.317728315584758114e+00
2.317863380908966153e+00
2.317359823232505889e+00
2.316536805657453346e+00
2.314270627980976602e+00
2.313847767210554629e+00
2.311721273149762723e+00
2.311317414045333862e+00
2.309967542098740445e+00
2.308769812744654981e+00
2.306202211859505802e+00
2.304482463995615849e+00
2.303709887667914291e+00
2.302413358793153897e+00
2.301842415919069573e+00
2.301309476728024883e+00
2.300941420890189715e+00
2.299294706954750911e+00
2.297703772942650158e+00
2.296007782854932344e+00
2.294764932501252908e+00
2.293885721658405430e+00
2.292469407875500575e+00
2.291432466357946396e+00
1.985126495361328125e+00
1.961070895195007324e+00
2.028045972188313950e+00
2.016184777021408081e+00
1.994917416572570712e+00
2.020348846912384033e+00
2.041381682668413244e+00
2.053828999400138855e+00
2.039589630232916839e+00
2.067826282978058039e+00
2.070450165055014669e+00
2.089387605587641250e+00
2.091890949469346062e+00
2.072820697511945642e+00
2.070695114135742365e+00
2.069205626845359802e+00
2.062796620761647048e+00
2.053625802199045669e+00
2.058791091567591547e+00
2.056813234090804965e+00
2.057909221876235151e+00
2.063169983300295662e+00
2.071200541827989738e+00
2.072705989082654465e+00
2.074286675453186124e+00
2.076879716836489198e+00
2.076004712669937913e+00
2.078705732311521448e+00
2.079339804320500029e+00
2.076669196287790786e+00
2.071584324682912648e+00
2.078995347023010254e+00
2.077709299145322763e+00
2.073550595956690223e+00
2.073016827447073940e+00
2.073387934101952546e+00
2.072057040962012930e+00
2.066365929026352521e+00
2.065035688571440708e+00
2.064810851216316134e+00
2.072517863134058391e+00
2.072675435315995074e+00
2.066435406374377060e+00
2.072321146726608276e+00
2.068362037340799819e+00
2.064516085645426990e+00
2.063016229487479869e+00
2.059480381508668412e+00
2.060644074362151468e+00
2.060290205478668035e+00
2.060593626078437435e+00
2.063443126586767207e+00
2.061372372339356662e+00
2.060633922064746049e+00
2.059247105771845110e+00
2.056847614901406551e+00
2.058099027265582137e+00
2.057712735800907744e+00
2.054950665619413641e+00
2.051618512471516720e+00
2.049798086041309642e+00
2.049901220106309374e+00
2.051012364644853037e+00
2.047906536608934402e+00
2.046374658437875471e+00
2.043185508612430645e+00
2.041557514845435239e+00
2.043585742221158963e+00
2.042068208473315938e+00
2.040530768462589961e+00
2.041704317213783870e+00
2.041198679142528061e+00
2.040578656000633817e+00
2.040882216917502046e+00
2.039771299362182599e+00
2.039022599395952540e+00
2.036787444894963883e+00
2.034811499791267408e+00
2.033684920661057216e+00
2.032506892085075290e+00
2.034166097640991211e+00
2.032361581558134400e+00
2.029660777873303346e+00
2.027975451378595473e+00
2.027573772037730482e+00
2.026154763476793352e+00
2.024132507970963335e+00
2.022726263512264477e+00
2.022484070799324130e+00
2.022276877032386011e+00
2.023961338368090779e+00
2.023391525382581158e+00
2.021053905128150863e+00
2.018771720693466332e+00
2.016933503903840741e+00
2.015170885870853912e+00
2.014692547395057431e+00
2.015185628618513025e+00
2.013667605139992656e+00
2.013723237514495779e+00
2.013407504204476339e+00
2.009954323955610800e+00
2.010622654146361210e+00
2.010733629648501886e+00
2.010239082291012558e+00
2.008232124571530441e+00
2.009236080624232645e+00
2.008202750373769607e+00
2.007561332588895908e+00
2.008278427340767447e+00
2.007383513021039345e+00
2.005096602652753912e+00
2.004064155890878496e+00
2.002134092021406797e+00
2.001109292196190825e+00
1.999746590852737427e+00
1.997528582556634902e+00
1.997973626953060355e+00
1.997875063359236592e+00
1.993609567483266121e+00
1.991878906557382534e+00
1.991830357762633730e+00
1.991797549937798673e+00
1.989494064161854370e+00
1.988643243789672832e+00
1.987532667697422095e+00
1.985636267136401178e+00
1.985460291616618633e+00
1.984039579251015928e+00
1.983093507473285388e+00
1.982416939189415750e+00
1.981171485149499034e+00
1.979250606737638751e+00
1.978926932633812807e+00
1.976968299901043835e+00
1.976676579783944510e+00
1.976123126753925430e+00
1.976614303346993173e+00
1.975629560381388483e+00
1.974184716599328260e+00
1.972029960747306188e+00
1.971074403171807932e+00
1.972129566686136704e+00
1.970191140969594246e+00
1.969219257091653796e+00
1.968115941302417182e+00
1.966832273671416109e+00
1.967204392761797482e+00
1.966841082444926947e+00
1.966758838494618633e+00
1.965027699407362771e+00
1.964544717418519992e+00
1.963001975047042880e+00
1.963745006493159639e+00
1.962629132886086758e+00
1.961556427753888610e+00
1.960430557560768783e+00
1.961027891575535698e+00
1.959489214345344177e+00
1.959894757717847824e+00
1.959775436739003451e+00
1.959452431143066109e+00
1.958525329279753313e+00
1.957545230301415140e+00
1.957228561603661765e+00
1.956871154078517971e+00
1.956723440906958711e+00
1.956486236481439489e+00
1.954676558280132204e+00
1.953137763107524183e+00
1.952583316473933017e+00
1.952200549286465359e+00
1.950758246328100354e+00
1.950613524721956704e+00
1.949204734393528593e+00
1.947226852855899137e+00
1.946795153752558738e+00
1.945920444606395350e+00
1.944762397744802085e+00
1.943761551380157382e+00
1.942939386842000626e+00
1.941938031505752393e+00
1.942891550194370209e+00
1.940060084928636908e+00
1.938545749638531657e+00
1.938494232393080274e+00
1.938167361014667023e+00
1.937477714203773571e+00
1.935705555809868805e+00
1.934271675034573201e+00
1.933442716823198460e+00
1.932405658687154526e+00
1.760706901550292969e+00
1.827507615089416504e+00
1.797877351442972893e+00
1.844969630241394043e+00
1.873580479621887118e+00
1.854890127976735359e+00
1.898723142487662274e+00
1.868238523602485657e+00
1.845418307516309975e+00
1.854627978801727251e+00
1.842679381370544434e+00
1.835795054833094353e+00
1.837374347906846284e+00
1.834474240030561143e+00
1.823175668716430664e+00
1.822139829397201538e+00
1.826251289423774349e+00
1.821026570267147537e+00
1.819049151320206503e+00
1.811627095937728971e+00
1.812049763543265302e+00
1.812543776902285408e+00
1.808225709459055919e+00
1.808476025859514946e+00
1.807322926521301332e+00
1.804221075314741851e+00
1.807859045487863137e+00
1.804883220366069185e+00
1.796260426784383801e+00
1.790698842207590680e+00
1.797585537356715113e+00
1.799049451947212219e+00
1.797672141682017832e+00
1.792098164558410645e+00
1.793007339750017470e+00
1.794999937216440911e+00
1.796397112511299854e+00
1.795621821754857184e+00
1.794265386385795358e+00
1.792612344026565552e+00
1.789953984865328085e+00
1.787670813855670726e+00
1.786736751711645699e+00
1.783102758906104368e+00
1.784392327732509997e+00
1.778086504210596441e+00
1.777934363547791774e+00
1.773266457021236420e+00
1.770245715063445413e+00
1.766564586162567174e+00
1.764689172015470708e+00
1.766276687383651733e+00
1.763628979898848703e+00
1.760508075908378212e+00
1.765498449585654495e+00
1.764965536338942487e+00
1.767479124822114667e+00
1.764708364831990117e+00
1.761570269778623521e+00
1.760966104269027666e+00
1.762417382881289685e+00
1.760848818286772755e+00
1.759644652169848333e+00
1.760201500728726387e+00
1.760033301206735512e+00
1.760706874457272697e+00
1.761041699950374850e+00
1.761548082618152433e+00
1.763445797173873286e+00
1.763492851597922240e+00
1.761846967146430298e+00
1.763550662332110885e+00
1.762296523133369375e+00
1.760185512336524649e+00
1.759833037058512462e+00
1.757810881263331293e+00
1.758896067545011377e+00
1.758565671933002950e+00
1.761758630788778923e+00
1.763475017249584109e+00
1.762788420842017700e+00
1.763695767739924092e+00
1.763315854302371921e+00
1.763332287470499748e+00
1.761759808484245848e+00
1.759112535521041520e+00
1.756789826798712983e+00
1.755789735100486082e+00
1.754921329155396892e+00
1.752290725708007812e+00
1.751053977798629591e+00
1.750864650892174801e+00
1.750110492911389981e+00
1.749716094199647243e+00
1.746416925129137487e+00
1.746177475899457932e+00
1.744947540391351692e+00
1.744960562307007468e+00
1.743524135965289545e+00
1.742154736518859881e+00
1.740333463885996634e+00
1.741556659633038073e+00
1.740791386770970561e+00
1.739346372393461460e+00
1.738625717163085893e+00
1.736723090117832324e+00
1.735688684142638660e+00
1.734963999854193695e+00
1.734867404360290077e+00
1.733967781066894531e+00
1.733458500724655016e+00
1.731713502534798277e+00
1.730558620089978294e+00
1.729854413291864290e+00
1.729169983449189596e+00
1.727706180564288374e+00
1.727773526794890158e+00
1.726580839035874781e+00
1.725862239589210256e+00
1.724172005057334811e+00
1.723262368154919733e+00
1.721884682530262500e+00
1.721039501632132263e+00
1.719940780631957544e+00
1.717942655563354570e+00
1.717271986461821109e+00
1.717465216719259447e+00
1.715454984456300735e+00
1.714811111605444527e+00
1.714566642504472105e+00
1.714075555328194334e+00
1.713952436591639650e+00
1.712471599865676763e+00
1.712794869693357480e+00
1.712102715174357082e+00
1.711133267949609182e+00
1.710327682703951080e+00
1.710662249205769037e+00
1.710337372134915324e+00
1.710934205566133848e+00
1.710925640789329627e+00
1.710589700181719186e+00
1.709296184819895092e+00
1.708416390750143288e+00
1.708598145123185752e+00
1.706628236868610093e+00
1.706073880195617676e+00
1.706054701192958989e+00
1.707124995705265436e+00
1.707122094631195131e+00
1.706420872385138621e+00
1.705649644920700370e+00
1.706341914102142976e+00
1.704560558517257851e+00
1.703428872939078964e+00
1.702260133547660592e+00
1.701920518449916875e+00
1.701518580883364162e+00
1.699923710253253617e+00
1.698838962614536374e+00
1.697875752952528350e+00
1.697153241546065727e+00
1.696310330022332113e+00
1.695734431103962159e+00
1.695511315808151620e+00
1.694766402962696095e+00
1.695703923345325936e+00
1.695145767359506506e+00
1.693704301788962141e+00
1.692724499982946051e+00
1.691960663823356414e+00
1.692031770944595337e+00
1.691618568635400388e+00
1.691129137044665498e+00
1.690334278515406963e+00
1.689178126102144128e+00
1.688150734551208787e+00
1.687522147478682344e+00
1.686291704630718646e+00
1.686070168018340976e+00
1.684538583070533724e+00
1.682943103077647384e+00
1.682720444241508018e+00
1.682255442375722110e+00
1.681548712060258133e+00
1.680513476812711238e+00
1.681244341447391655e+00
1.679991562315758191e+00
1.679468200320289206e+00
1.678416158023633420e+00
1.678166880033403086e+00
1.677873602757851357e+00
1.723417162895202637e+00
1.610962450504302979e+00
1.627004782358805413e+00
1.609213143587112427e+00
1.595459461212158203e+00
1.604684770107269287e+00
1.626034515244620282e+00
1.615254029631614685e+00
1.603558699289957756e+00
1.608292651176452592e+00
1.594039624387567633e+00
1.592587381601333618e+00
1.589567991403433078e+00
1.576806298324040068e+00
1.574536085128784180e+00
1.580670073628425598e+00
1.581682625938864328e+00
1.569994131724039788e+00
1.576168537139892578e+00
1.572191667556762651e+00
1.571755011876424080e+00
1.568776661699468500e+00
1.569170589032380381e+00
1.562630236148834229e+00
1.557348756790161159e+00
1.559994468322166927e+00
1.562075191073947433e+00
1.559149094990321505e+00
1.560217742262215435e+00
1.561749867598215769e+00
1.567092983953414453e+00
1.566817108541727066e+00
1.560052535750649172e+00
1.556994020938873291e+00
1.547461949075971344e+00
1.543988853693008423e+00
1.541624268969973954e+00
1.537859038302772818e+00
1.541647831598917717e+00
1.536683303117752031e+00
1.534524228514694499e+00
1.533608609721774041e+00
1.533703759659168275e+00
1.529601232572035396e+00
1.530125053723653261e+00
1.532212394735087413e+00
1.532919351090776150e+00
1.532977292935053582e+00
1.534659908742320722e+00
1.534438755512237629e+00
1.532396061747681948e+00
1.534983630363757845e+00
1.538649298110098318e+00
1.541286364749625770e+00
1.540986271338029345e+00
1.540588787623814238e+00
1.539165547019556879e+00
1.539032594910983320e+00
1.540390372276306152e+00
1.538497622807820653e+00
1.538508016555035773e+00
1.538045942783355713e+00
1.540073084452795671e+00
1.541164945811033249e+00
1.537170817301823478e+00
1.537001813902999503e+00
1.535547019830390658e+00
1.533098755513920608e+00
1.532422074373217535e+00
1.533446519715445433e+00
1.534227639856472925e+00
1.534342318773269653e+00
1.535256060835433312e+00
1.535382868470372308e+00
1.535987919171651228e+00
1.534922425684176028e+00
1.534057612542982119e+00
1.533254323861537927e+00
1.530309794824334713e+00
1.530983695387840182e+00
1.531585872909169144e+00
1.531510294937505900e+00
1.530266682785677679e+00
1.529975432725179774e+00
1.529157209396362349e+00
1.528295403303101985e+00
1.528063042410488848e+00
1.528326115824959475e+00
1.528671157494019939e+00
1.529534555806054019e+00
1.527257585263514184e+00
1.526902938666550913e+00
1.525474952113243798e+00
1.525576298541211129e+00
1.524901903303045980e+00
1.523849486062924141e+00
1.523078713220419322e+00
1.521773613229089772e+00
1.520423388240313312e+00
1.520188390016555813e+00
1.518619717937884861e+00
1.517608833079244546e+00
1.517359040315868768e+00
1.516305146309045560e+00
1.515772616295587349e+00
1.514312554080531337e+00
1.514064237336131935e+00
1.514130574685556008e+00
1.513158472306137758e+00
1.513896476138721914e+00
1.512553972166937655e+00
1.512604567621435470e+00
1.510509945650016395e+00
1.510786005279474153e+00
1.511092379818791853e+00
1.513122684996703660e+00
1.512773879572876456e+00
1.511519576533365994e+00
1.510651351023120981e+00
1.509526761372884218e+00
1.508073881637951530e+00
1.508360381009148821e+00
1.508479825849455613e+00
1.508822070014092187e+00
1.508498305320739696e+00
1.508993166779714956e+00
1.509125113487243652e+00
1.510352849960327148e+00
1.509494295415952259e+00
1.509632760744828550e+00
1.508859599819620145e+00
1.507831022594914305e+00
1.507978234972272569e+00
1.508149212865687039e+00
1.506551268365648122e+00
1.505086249288390743e+00
1.505278054815139210e+00
1.504967196264128670e+00
1.504599741894564247e+00
1.503341690983091006e+00
1.502835068296878962e+00
1.501422657933033644e+00
1.501346101294030566e+00
1.501817984713448517e+00
1.501824234271871727e+00
1.500303942863255413e+00
1.499779484709914845e+00
1.499023244187638548e+00
1.499072626933155350e+00
1.498745133082072023e+00
1.499108316093091142e+00
1.498730214018570761e+00
1.500263965986912584e+00
1.500290409311071604e+00
1.499443991722599234e+00
1.499146946729757790e+00
1.498562591091083140e+00
1.499436938309971268e+00
1.498990506496069575e+00
1.499975958466529757e+00
1.500456101405694520e+00
1.499373561070289185e+00
1.498743664998949621e+00
1.497751019349912394e+00
1.497116580153956544e+00
1.496458493801484657e+00
1.495444782479794510e+00
1.494429369057927781e+00
1.494283719175665937e+00
1.493493617282194208e+00
1.493303008943970500e+00
1.493821845498195966e+00
1.494008760920838785e+00
1.493000166169528242e+00
1.494016096251351566e+00
1.493105359375476837e+00
1.491842744040623892e+00
1.493213467383652571e+00
1.492321585143744578e+00
1.491805519660313939e+00
1.491150523417562379e+00
1.491446247467627995e+00
1.490352039780121762e+00
1.489084938945977488e+00
1.488451694797825242e+00
1.488398887777841129e+00
1.487968821576572287e+00
1.488302122405234851e+00
1.488083993947064476e+00
1.487455355493645826e+00
1.487107095293973780e+00
1.487611196314295059e+00
1.355158567428588867e+00
1.312294483184814453e+00
1.305352290471394783e+00
1.396939814090728760e+00
1.393548655509948775e+00
1.395205557346343994e+00
1.395491821425301593e+00
1.392635181546211243e+00
1.405934002664354088e+00
1.412883543968200595e+00
1.405956051566384035e+00
1.400601118803024292e+00
1.388951714222247835e+00
1.395089157990046846e+00
1.397719232241312559e+00
1.391111142933368683e+00
1.392743370112250911e+00
1.396230518817901611e+00
1.393770274363065997e+00
1.399505400657653720e+00
1.397247848056611508e+00
1.398596454750407725e+00
1.391194213991579831e+00
1.388428444663683647e+00
1.383083910942077610e+00
1.381606106574718718e+00
1.379062418584470429e+00
1.370490401983261108e+00
1.368448232782298213e+00
1.367445691426595111e+00
1.360627574305380616e+00
1.364392273128032684e+00
1.356530175064549315e+00
1.352144490270053678e+00
1.352736864771161729e+00
1.351229604747560264e+00
1.345596593779486483e+00
1.345858388825466712e+00
1.344990626359597208e+00
1.345914864540100009e+00
1.350465585545795655e+00
1.348318471795036722e+00
1.344375075295914046e+00
1.341774786060506708e+00
1.343354344367980957e+00
1.342967891174813966e+00
1.340709876506886555e+00
1.339735793570677513e+00
1.343399422509329755e+00
1.343098583221435494e+00
1.341998806186750715e+00
1.340150906489445681e+00
1.340779961280103016e+00
1.342878672811720131e+00
1.340073566003279204e+00
1.342210241726466524e+00
1.341842565620154692e+00
1.343932197011750374e+00
1.343503151909779758e+00
1.342103985945383604e+00
1.342169441160608434e+00
1.344749987125396729e+00
1.345223178939213726e+00
1.343861615285277367e+00
1.343104052543640181e+00
1.343980379176862305e+00
1.346656648080740482e+00
1.347028862027561003e+00
1.349996027739151616e+00
1.350214179924556168e+00
1.351741701784268335e+00
1.352649690376387603e+00
1.349358475371582822e+00
1.346735730364515993e+00
1.347013508478800414e+00
1.348517196743111768e+00
1.347894965828239089e+00
1.346422742574642895e+00
1.348416969745974026e+00
1.345812092721462294e+00
1.345660031577687210e+00
1.348414381829703634e+00
1.348939176065375944e+00
1.348491284109297306e+00
1.347624519292045964e+00
1.347346298916395346e+00
1.346722434306966809e+00
1.344198065725239921e+00
1.343853228547599921e+00
1.346238678031497438e+00
1.346481471271305352e+00
1.345908996851547856e+00
1.345470988622275765e+00
1.344676850958073322e+00
1.344890141487121493e+00
1.345737498253583908e+00
1.346208261460372979e+00
1.344985753906016379e+00
1.344116614322469649e+00
1.342494448423385611e+00
1.343430672541703341e+00
1.343727315173429693e+00
1.342313165803557418e+00
1.342677539357772343e+00
1.342067990984235459e+00
1.342978758632012104e+00
1.343434907565607128e+00
1.343816602671587868e+00
1.342565838350068486e+00
1.341919411312449961e+00
1.341509748149562586e+00
1.341356527592454606e+00
1.341352176877249613e+00
1.341941569980822146e+00
1.341818768045176524e+00
1.341723430773307468e+00
1.340675937823760266e+00
1.340260217755527838e+00
1.339788084270573387e+00
1.339716452360153243e+00
1.339592373075564113e+00
1.339891195297241211e+00
1.338502851928152770e+00
1.338622565231015527e+00
1.338191115379333551e+00
1.336826408666277777e+00
1.337503837788198924e+00
1.337847291491925716e+00
1.337024325548216375e+00
1.335895862029149006e+00
1.335820078849792480e+00
1.335373887510010738e+00
1.335596989868278683e+00
1.334770249786661589e+00
1.335467874562298762e+00
1.335433750468141945e+00
1.335609263747277842e+00
1.333599016286324712e+00
1.333076820099096560e+00
1.333465003967285067e+00
1.334844521596922018e+00
1.334754378023282007e+00
1.335620956821041538e+00
1.335121565394931320e+00
1.335089742726293105e+00
1.335671402003667074e+00
1.336535158611479313e+00
1.336620733544633177e+00
1.336017099802926156e+00
1.335312744776407934e+00
1.334070328845093689e+00
1.333883970975875854e+00
1.332683468176648400e+00
1.332680192860689949e+00
1.332749814371908759e+00
1.332189610371222965e+00
1.332190200781366629e+00
1.331772402872013039e+00
1.331388346054269034e+00
1.332224415242671878e+00
1.332137153015373610e+00
1.331173319875458061e+00
1.330385273950962954e+00
1.330354457221380127e+00
1.330342651858474223e+00
1.329436758914625871e+00
1.328904511685856882e+00
1.327905622266587704e+00
1.327967535109209507e+00
1.327377803886637953e+00
1.325995781268292761e+00
1.325737614271252696e+00
1.325922739299046471e+00
1.325325928200250303e+00
1.325073890004839106e+00
1.325035922229290009e+00
1.324395483496498827e+00
1.323488404911555616e+00
1.323738068841689097e+00
1.323420286178588867e+00
1.322858271677849640e+00
1.323307336686731617e+00
1.322877350400705865e+00
1.322751809073531071e+00
1.322086907077480111e+00
1.321913245544638738e+00
1.322469870036936168e+00
1.322078834822837390e+00
1.321225020620558022e+00
1.321228841104005403e+00
1.320751564040858028e+00
1.320156552518407578e+00
1.366925716400146484e+00
1.305521667003631592e+00
1.296058654785156250e+00
1.259962677955627441e+00
1.247491502761840731e+00
1.245729724566141838e+00
1.234975048473903048e+00
1.225389465689659119e+00
1.240452090899149651e+00
1.246128237247467130e+00
1.257933128963817149e+00
1.254604270060857063e+00
1.242554096075204617e+00
1.237225770950317383e+00
1.237961069742838482e+00
1.236827336251735687e+00
1.239719741484698101e+00
1.238662163416544670e+00
1.233321961603666583e+00
1.233696776628494307e+00
1.236353153274172723e+00
1.242101078683679694e+00
1.243111848831176758e+00
1.239034399390220642e+00
1.237425651550293049e+00
1.238263460306020969e+00
1.240063790921811737e+00
1.241461119481495512e+00
1.237585071859688579e+00
1.241296199957529600e+00
1.237800409716944605e+00
1.233813147991895676e+00
1.233052647475040287e+00
1.230740122935351177e+00
1.229290604591369629e+00
1.230753693315717934e+00
1.225836786063941641e+00
1.225563723790018100e+00
1.224764533531971455e+00
1.226010015606880277e+00
1.225218051817358988e+00
1.222264877387455595e+00
1.222699997036956088e+00
1.223301502791318107e+00
1.223535996013217497e+00
1.222133525039838631e+00
1.220876965116947321e+00
1.218749890724817986e+00
1.218246452662409496e+00
1.219225280284881530e+00
1.221108990557053575e+00
1.220522511463898896e+00
1.220364226485198378e+00
1.221424206539436730e+00
1.220045482028614403e+00
1.220138251781463623e+00
1.219310434241043906e+00
1.219429879352964097e+00
1.218310610722687315e+00
1.218910411993662457e+00
1.217318894433193410e+00
1.219335083038576295e+00
1.218986108189537454e+00
1.217471672222018242e+00
1.216522304828350443e+00
1.216921865940093994e+00
1.215366374200849364e+00
1.217036895892199322e+00
1.217481267625007080e+00
1.217161454473222992e+00
1.216471413491477360e+00
1.216322422027587891e+00
1.216038307098493254e+00
1.216032252118394164e+00
1.214465754826863586e+00
1.214433991595318396e+00
1.212907370034750354e+00
1.211489741618816618e+00
1.210018431084065593e+00
1.209631776809692472e+00
1.207994210867234131e+00
1.207188197752324443e+00
1.207420445350279259e+00
1.206468322447368013e+00
1.207808703534743344e+00
1.206971710504487483e+00
1.207319245941337549e+00
1.208159070123325796e+00
1.209447923670993852e+00
1.209496388170454129e+00
1.210148813960316483e+00
1.209224979514661014e+00
1.209988394091206176e+00
1.211267336885979873e+00
1.209924268722534224e+00
1.209496309359868293e+00
1.209684566124198390e+00
1.209007984521437651e+00
1.209128041460056480e+00
1.208442585468292307e+00
1.208345755492106433e+00
1.208303866433162232e+00
1.208085017296874453e+00
1.208655539613503693e+00
1.209027152969723629e+00
1.208511152357425233e+00
1.207620805669053610e+00
1.207771642340554230e+00
1.206959686148057376e+00
1.207718968391418457e+00
1.206593913000983065e+00
1.207704858056136477e+00
1.206942518200494474e+00
1.204954534246210462e+00
1.204074733153633447e+00
1.203953986537867671e+00
1.203856599636566882e+00
1.202434556969141477e+00
1.201637166888773978e+00
1.201582729816436768e+00
1.200593594677192177e+00
1.200968004640985631e+00
1.200681137844799018e+00
1.201037783776560230e+00
1.201196252822875898e+00
1.200989632379441119e+00
1.201201174202866540e+00
1.200744209811091423e+00
1.200793520424717098e+00
1.200344634973085745e+00
1.200656518681358698e+00
1.200247930757927239e+00
1.200261200281014018e+00
1.200449457809106724e+00
1.199610861142476503e+00
1.199725745355381790e+00
1.198326189152515653e+00
1.197143160778543214e+00
1.197667365451510868e+00
1.196674332448414368e+00
1.196315100007023347e+00
1.196157562900596938e+00
1.194758714912654618e+00
1.194572287715143677e+00
1.194424096058154916e+00
1.193894088676531018e+00
1.193396239459109109e+00
1.192748565528843896e+00
1.192961017157407433e+00
1.193233382304509371e+00
1.193470197402878297e+00
1.192673487490729212e+00
1.192568283844617438e+00
1.191940428761692816e+00
1.190960724507608814e+00
1.191139044287877313e+00
1.191163045205887672e+00
1.190305207726321646e+00
1.190311325795995412e+00
1.189476770535111472e+00
1.189172303824691301e+00
1.188674401721836693e+00
1.188152579076451110e+00
1.188225086505820149e+00
1.187886292645425446e+00
1.188856424696474123e+00
1.187742003066811103e+00
1.187593261046069104e+00
1.187457282514967183e+00
1.186841032434912346e+00
1.186480915685843351e+00
1.185671936287436390e+00
1.185137376275365861e+00
1.184874154712961980e+00
1.183662740162440663e+00
1.183779297904534733e+00
1.184072895912127388e+00
1.183884929405169650e+00
1.183658139665699549e+00
1.182754324542151458e+00
1.182347617096663805e+00
1.181682761553879635e+00
1.181829034305009740e+00
1.181559289279191294e+00
1.181535612570272953e+00
1.180729208454009083e+00
1.181310977527801898e+00
1.181298514629932184e+00
1.180949725801982542e+00
1.180184511761916299e+00
1.180303660362802765e+00
1.179474436367551560e+00
1.313323140144348145e+00
1.250480949878692627e+00
1.186880230903625488e+00
1.160680323839187622e+00
1.147160029411316007e+00
1.144138077894846672e+00
1.150751948356628418e+00
1.139184758067131042e+00
1.159149938159518722e+00
1.156852376461029008e+00
1.144031687216325199e+00
1.160900563001632690e+00
1.171201660082890506e+00
1.174194565841129911e+00
1.160882612069447761e+00
1.164553079754114151e+00
1.154869528377757248e+00
1.147430472903781418e+00
1.150186632808886111e+00
1.151408755779266269e+00
1.151248341514950813e+00
1.152284074913371592e+00
1.155920738759248056e+00
1.159004613757133484e+00
1.162093472480773881e+00
1.159646969575148345e+00
1.158282765635737732e+00
1.157218085868018109e+00
1.152348300506328638e+00
1.149814792474110892e+00
1.151254150175279101e+00
1.147831182926893234e+00
1.144534591472510243e+00
1.144556876491097830e+00
1.141351587431771453e+00
1.136139669352107529e+00
1.136516308462297564e+00
1.136805893559204916e+00
1.136475289479280226e+00
1.137766887247562364e+00
1.139101623035058797e+00
1.135259493475868631e+00
1.137346169283223629e+00
1.137571810321374333e+00
1.137285999457041452e+00
1.136930005705874880e+00
1.138661149968492214e+00
1.136024766912062889e+00
1.131671414083364136e+00
1.132044541835784957e+00
1.128644895319845132e+00
1.126579145972545382e+00
1.124618756321241309e+00
1.125395974627247497e+00
1.125719808448444770e+00
1.125761375895568239e+00
1.125969986120859856e+00
1.124665962211016890e+00
1.126537031036312309e+00
1.125383300582567747e+00
1.125070316869704490e+00
1.124222585270481689e+00
1.125051444485074104e+00
1.122650683857500553e+00
1.121020853519439697e+00
1.120451747468023562e+00
1.118180298983161070e+00
1.116844618145157231e+00
1.117349326610565186e+00
1.117811174903597049e+00
1.118051774904761597e+00
1.118541963398456573e+00
1.116888019320082970e+00
1.115302629567481274e+00
1.115665283997853585e+00
1.115219490308510641e+00
1.114875980011828638e+00
1.114241108680382730e+00
1.114183067520962522e+00
1.113219314068555788e+00
1.112153939994764862e+00
1.113221262286349100e+00
1.114255713411124393e+00
1.114181519264266562e+00
1.113254481904646820e+00
1.112621768269427935e+00
1.112393566246690391e+00
1.114118976349180334e+00
1.114759674902712439e+00
1.114147299528121859e+00
1.113097630359314305e+00
1.111131721216699342e+00
1.111461317667397086e+00
1.111229952345503147e+00
1.110369095049406285e+00
1.109238567451636071e+00
1.108225075239987811e+00
1.107138278533001285e+00
1.105587964708154791e+00
1.106202794909477261e+00
1.105678789096303571e+00
1.104279205495235949e+00
1.103071046685709433e+00
1.103358499705791473e+00
1.102941812220073814e+00
1.101668825127043894e+00
1.102415899807047683e+00
1.102602168917655945e+00
1.102605995235093062e+00
1.103039899197491680e+00
1.102283170094361164e+00
1.101608536605324096e+00
1.100433686665729160e+00
1.100682488136124126e+00
1.100505603396374266e+00
1.099601117187532839e+00
1.099817080884917253e+00
1.099884730779518538e+00
1.098935218418345627e+00
1.098328308264414410e+00
1.096891183005876735e+00
1.097128727885543276e+00
1.098894573324094903e+00
1.099150100542652941e+00
1.099666130542755083e+00
1.099194550798052727e+00
1.099107123266054975e+00
1.098862749058753252e+00
1.098567624886830574e+00
1.098922727199701077e+00
1.099783217178956329e+00
1.099276662324414122e+00
1.098211559586058872e+00
1.098202430045426725e+00
1.098169269826677175e+00
1.097565589143949305e+00
1.096985519802483378e+00
1.096444542425266233e+00
1.096216299979806852e+00
1.095355179054396499e+00
1.094567417252993780e+00
1.094155495435419123e+00
1.092834621459453981e+00
1.092925736059745079e+00
1.092953696333128777e+00
1.093579606242375934e+00
1.093260733854203082e+00
1.092765749709026180e+00
1.092200642064113714e+00
1.091417792240778617e+00
1.090551079109015165e+00
1.090683599443812213e+00
1.090144480365553781e+00
1.089560761467202932e+00
1.088838137734320810e+00
1.089213001804474112e+00
1.089487377625362186e+00
1.089027848047546154e+00
1.088483199758349729e+00
1.088444730266928673e+00
1.088047745435134273e+00
1.087087030396049370e+00
1.086623694633413573e+00
1.086423089954911214e+00
1.085686693408272507e+00
1.085243215402924788e+00
1.085381818745664528e+00
1.084481854169141668e+00
1.084088456348554663e+00
1.083219261379802845e+00
1.083404081258160234e+00
1.082696557391521486e+00
1.082847554215117025e+00
1.082096387600076648e+00
1.081407733644758062e+00
1.080702627247030145e+00
1.079913567015006626e+00
1.079538706313358354e+00
1.078998384195999138e+00
1.078436979982587918e+00
1.078216010694345695e+00
1.078359956924731966e+00
1.078100515193626485e+00
1.077693118349365653e+00
1.078746074599188809e+00
1.077783062573402173e+00
1.078190888631790134e+00
1.077817076381216710e+00
1.077685506570906782e+00
1.077367893331929283e+00
1.076658150600513286e+00
1.076251417088011975e+00
1.043136715888977051e+00
9.783474504947662354e-01
9.880353013674417761e-01
9.766482561826705933e-01
9.663745522499084251e-01
9.660329719384511682e-01
9.810280033520289988e-01
9.827615916728973389e-01
9.813325802485147742e-01
9.877167105674743430e-01
1.000023332509127449e+00
9.804674635330835608e-01
9.766459052379314887e-01
9.863898030349186330e-01
9.811439712842305871e-01
9.810513518750667572e-01
9.894529896623948106e-01
9.923746486504873010e-01
9.865361483473527038e-01
9.878068894147873369e-01
9.880738797641935856e-01
9.943039390173825653e-01
9.906615174334981733e-01
9.860964467128118249e-01
9.833212995529174716e-01
9.911050062913161485e-01
9.889287948608398438e-01
9.943275962557110992e-01
9.938136544720880261e-01
9.949074824651081839e-01
9.931067939727536986e-01
9.944910462945699692e-01
9.940351789647882130e-01
9.904897703843957846e-01
9.923106806618826603e-01
9.979426132308112374e-01
9.978810613219802894e-01
9.964295657057511413e-01
9.999247667116996086e-01
9.997807905077934487e-01
1.001184066621268576e+00
1.005934248367945427e+00
1.007993702278580761e+00
1.006991385058923161e+00
1.006924042436811551e+00
1.005934294151223263e+00
1.005558499630461400e+00
1.007088620215654373e+00
1.004810266348780345e+00
1.004519518613815388e+00
1.003508561966465873e+00
1.005419039955505855e+00
1.007353088765774229e+00
1.006456396094074890e+00
1.010099587657234954e+00
1.008394497845854110e+00
1.006673627778103430e+00
1.006818260612158955e+00
1.006604983644970419e+00
1.006055699785550539e+00
1.005143440160594981e+00
1.006239657440493263e+00
1.006327648957570320e+00
1.004973955452442169e+00
1.003795750324542713e+00
1.001710402243065179e+00
1.002929493562499053e+00
1.001059502363204956e+00
1.000099565671837887e+00
9.995550649506704799e-01
9.995558253476317656e-01
9.981427689393361780e-01
1.000441002519163458e+00
9.970401896012796028e-01
9.963107124964396544e-01
9.951887977750677461e-01
9.960108438095489625e-01
9.945928271000201715e-01
9.950893227058120738e-01
9.950814008712768333e-01
9.948151862179791527e-01
9.962291528538960161e-01
9.958364748093019303e-01
9.947089070365542351e-01
9.939894227420582595e-01
9.923838709675988357e-01
9.926985625562996240e-01
9.920210377736524698e-01
9.925905265165179125e-01
9.935523284806145883e-01
9.926249961276630840e-01
9.931637379138366084e-01
9.931908916401607224e-01
9.932961280041552321e-01
9.922845394987809264e-01
9.916441645473241806e-01
9.908958999152036595e-01
9.900585114955902100e-01
9.892931026641769154e-01
9.884461432695388350e-01
9.864123174459626942e-01
9.865897239423265797e-01
9.865206589976560636e-01
9.873106301977083721e-01
9.864327152570088186e-01
9.873127684278307781e-01
9.886549828208495150e-01
9.888158920738432389e-01
9.878008283606363182e-01
9.875268453901464571e-01
9.874089413934999948e-01
9.866137137370449839e-01
9.854542064455757977e-01
9.841621565191369658e-01
9.851888900217802281e-01
9.856043452846592334e-01
9.864829070547707079e-01
9.857127115888110191e-01
9.852270483970642090e-01
9.838688875238100762e-01
9.830385840628758087e-01
9.826936834171170476e-01
9.825620229651288451e-01
9.831173270940780640e-01
9.831602911949157697e-01
9.825717135081215581e-01
9.828614315648717126e-01
9.819418909028172493e-01
9.805116482483323681e-01
9.800925708734071762e-01
9.805229433620249457e-01
9.805268920732267413e-01
9.806658952756035497e-01
9.802444652834935157e-01
9.811812890900506456e-01
9.811884467216098749e-01
9.807062962629499170e-01
9.807015342124993929e-01
9.798425140140725187e-01
9.788838309901101153e-01
9.787211739425117907e-01
9.795061265918570959e-01
9.790871368421540932e-01
9.784623007807466966e-01
9.786707471156942395e-01
9.775951231179171863e-01
9.772577780444605677e-01
9.759637012675002055e-01
9.760200673301747676e-01
9.750173596541086285e-01
9.752848136503964316e-01
9.750097115573129747e-01
9.750730484918831431e-01
9.749865199064279286e-01
9.747105267740064916e-01
9.738819270561902552e-01
9.733398738940051143e-01
9.730427306664141129e-01
9.724872697074458117e-01
9.726146031171083450e-01
9.727326146564128084e-01
9.723548591136932373e-01
9.729325928571034288e-01
9.730364963775728349e-01
9.730425393942631063e-01
9.726194294102220583e-01
9.726486602229272860e-01
9.719789805156844320e-01
9.711274617522426267e-01
9.710643347571877859e-01
9.711443436773199434e-01
9.707143719113150437e-01
9.700769930216618375e-01
9.698396475835778796e-01
9.696618468420845627e-01
9.692743515426461842e-01
9.693025566090298639e-01
9.691485233521193177e-01
9.686921119023967908e-01
9.681032177474763190e-01
9.678460030265934044e-01
9.677512259273738371e-01
9.674347336175012080e-01
9.677463708364445472e-01
9.675787013930243763e-01
9.671966949457763141e-01
9.670477697556031371e-01
9.663248949862540682e-01
9.656774814797457474e-01
9.655307612921062432e-01
9.658786095873848065e-01
9.654608291263381270e-01
9.230220317840576172e-01
9.182343482971191406e-01
9.641957680384317664e-01
9.536730796098709106e-01
9.395580172538757768e-01
9.368189076582590369e-01
9.348120008196149078e-01
9.467646628618240356e-01
9.374730322096083146e-01
9.411082029342651145e-01
9.352260231971740723e-01
9.342854221661885950e-01
9.416546271397516765e-01
9.454548316342490377e-01
9.423354784647623994e-01
9.415945932269096375e-01
9.448013305664062500e-01
9.436315099398294715e-01
9.361682189138311738e-01
9.325055867433548196e-01
9.337523806662786363e-01
9.344566058028828115e-01
9.331148240877233935e-01
9.321416343251863745e-01
9.361637425422668635e-01
9.355837977849520426e-01
9.380849158322369652e-01
9.397377286638531890e-01
9.311175490247791675e-01
9.263820489247639456e-01
9.288872595756284545e-01
9.278198890388011932e-01
9.318752108198223860e-01
9.267862123601576796e-01
9.268222979136875317e-01
9.237978077597088777e-01
9.223196893124967488e-01
9.232437140063235459e-01
9.240589508643517469e-01
9.195044279098510964e-01
9.192630982980495302e-01
9.185906960850670488e-01
9.192862011665521305e-01
9.173741449009288340e-01
9.163545714484320204e-01
9.155009531456491656e-01
9.131639954891610511e-01
9.127997420728206635e-01
9.108606820203819510e-01
9.102640533447265980e-01
9.076870796727198876e-01
9.101715729786798992e-01
9.091457825786662950e-01
9.099996741171236803e-01
9.091304269703951446e-01
9.080746386732373443e-01
9.061494668324788782e-01
9.053962045702440564e-01
9.037005295187739984e-01
9.011592050393422149e-01
9.004823712051891471e-01
8.998074819964747562e-01
8.980716060078333118e-01
8.979891659691929817e-01
8.972984827481783610e-01
8.959452564066107128e-01
8.968512593810238354e-01
8.977522534482619276e-01
8.991312056347944281e-01
8.981174494538988196e-01
8.985321379043686996e-01
8.990601077675819397e-01
8.987765091739289280e-01
8.987507997332392362e-01
8.974128890037537110e-01
8.962349311301582855e-01
8.949116839990987060e-01
8.933152296604254250e-01
8.928964771801912725e-01
8.935843095183372276e-01
8.917260802822348786e-01
8.909552649753850195e-01
8.926316700785993374e-01
8.937903429780688080e-01
8.931142140837277088e-01
8.923069786193759123e-01
8.921337929265252820e-01
8.927500566298310902e-01
8.920159601093677892e-01
8.916215750906202331e-01
8.925571140352186461e-01
8.938857951889866982e-01
8.938912012243783733e-01
8.940149152532537169e-01
8.953047037124634011e-01
8.951256101330121728e-01
8.957540976632502039e-01
8.960455260714705883e-01
8.964681872213730029e-01
8.959844964742660345e-01
8.961430752631460717e-01
8.960202675239712367e-01
8.957539177635340799e-01
8.941068821228467245e-01
8.932068983713785659e-01
8.933955470346054417e-01
8.931001129551469075e-01
8.925902595122655603e-01
8.918099441659559368e-01
8.916367541659961926e-01
8.904172708322336538e-01
8.901699861245495615e-01
8.903186706315099341e-01
8.905491991001263097e-01
8.907821691554526078e-01
8.895972576634637585e-01
8.897108068832983996e-01
8.897471857272972739e-01
8.898823266269779708e-01
8.893291031320890161e-01
8.888330528558778809e-01
8.890824874893563656e-01
8.900659879048665735e-01
8.902590717038800783e-01
8.892100167274474831e-01
8.887396128404707607e-01
8.887785612128851209e-01
8.890890390612185001e-01
8.888408199761265172e-01
8.887875171808096164e-01
8.886980832988069512e-01
8.887035986690809963e-01
8.885640510939117886e-01
8.880593140623462833e-01
8.882516794734530707e-01
8.879250073257614062e-01
8.870808229829273417e-01
8.861848457136015655e-01
8.860101897081882338e-01
8.861192294529506297e-01
8.866058406254924140e-01
8.861645816917150809e-01
8.859096373711432548e-01
8.864337561859024772e-01
8.858796173128588025e-01
8.860407067488317301e-01
8.854376462852062701e-01
8.858426048143489551e-01
8.855004946657475395e-01
8.849414090315500525e-01
8.850203085419358073e-01
8.844283807434534239e-01
8.850663693901760221e-01
8.839967440475117177e-01
8.829515560980766287e-01
8.835756217057888495e-01
8.838615280807398111e-01
8.840212429626078672e-01
8.842535333813361653e-01
8.845551431179046187e-01
8.842999727829642387e-01
8.835219461240886307e-01
8.841555882816666267e-01
8.839646323425013330e-01
8.838390697132457730e-01
8.836870329925813339e-01
8.835854805158284142e-01
8.832677868860108195e-01
8.828127281905631119e-01
8.820991947370416808e-01
8.820291663471021559e-01
8.811755183824273585e-01
8.809825529941933686e-01
8.810214783953523865e-01
8.810566571780613643e-01
8.805097195912491292e-01
8.794852067521736760e-01
8.786378800868988037e-01
8.775985677149042985e-01
8.767610900931888107e-01
8.770204551970761653e-01
8.763734970118973733e-01
8.764393033225679197e-01
8.755341421650804090e-01
8.758269938262732701e-01
8.756377033648952146e-01
8.750044665234611996e-01
8.749808241078194104e-01
8.746403767949059160e-01
8.741010016516634895e-01
8.743064188208254928e-01
8.735803117354711267e-01
7.698287963867187500e-01
7.718144059181213379e-01
7.825633684794107703e-01
7.957542240619659424e-01
8.018305540084839089e-01
8.005850414435068396e-01
7.928765330995831695e-01
7.988809645175933838e-01
7.921574778027005159e-01
7.948171257972717063e-01
7.860934029925953359e-01
7.948272675275802612e-01
7.993841538062462782e-01
8.027033380099705129e-01
8.058905522028605439e-01
8.092001117765903473e-01
8.098790259922251655e-01
8.167467614014943811e-01
8.162241640843843626e-01
8.159279018640518411e-01
8.153533396266755551e-01
8.100859820842742920e-01
8.151879206947658663e-01
8.152969578901926306e-01
8.185193061828612837e-01
8.167014259558457168e-01
8.181377649307250977e-01
8.226049968174525828e-01
8.237507178865629553e-01
8.223623633384704590e-01
8.269722827019230227e-01
8.286709245294332504e-01
8.331122669306668671e-01
8.355859781012815457e-01
8.313939980098179472e-01
8.311727444330850867e-01
8.312249457513963824e-01
8.295793486268896455e-01
8.296924737783578641e-01
8.312861800193787065e-01
8.326911112157310280e-01
8.289535726819720063e-01
8.326459540877231280e-01
8.319066857749765065e-01
8.316297491391499985e-01
8.302419587321903105e-01
8.287917565792164432e-01
8.277929959197839471e-01
8.274552882934103071e-01
8.298906445503234641e-01
8.274618258663252179e-01
8.265288586799914849e-01
8.269440363038260688e-01
8.277612196074591866e-01
8.272384816950018038e-01
8.274928757122584910e-01
8.265872514038755670e-01
8.273746998145662390e-01
8.259637608366497963e-01
8.266196062167485703e-01
8.243944058652783458e-01
8.256362618938568598e-01
8.235050647977798510e-01
8.234187718480825424e-01
8.222640835321866071e-01
8.218842383586999478e-01
8.232907003431177984e-01
8.220175899126950236e-01
8.218882092531176742e-01
8.206104644707270523e-01
8.214969811305193881e-01
8.204948471652137032e-01
8.196578303428545542e-01
8.211227397660951777e-01
8.202132447560628314e-01
8.213210984280234772e-01
8.214483710078449574e-01
8.208007491551913004e-01
8.222201006321967487e-01
8.211397141218185203e-01
8.213363959465498354e-01
8.200769875107741802e-01
8.222002279327575991e-01
8.217483574435824334e-01
8.208965315538294671e-01
8.205815380395844461e-01
8.207718497035146887e-01
8.215236223556778850e-01
8.220778080854522774e-01
8.213102903630998819e-01
8.212677856068034687e-01
8.203324455281962857e-01
8.200757932919328086e-01
8.201763712345285784e-01
8.206316690695912852e-01
8.218229978034893302e-01
8.218551075335630562e-01
8.224999606609344482e-01
8.213825370326186537e-01
8.207875782251358165e-01
8.207958989804333694e-01
8.196602960427602502e-01
8.182031541194730861e-01
8.179302169726445637e-01
8.172208814393906451e-01
8.167175757435133354e-01
8.163349333210526693e-01
8.167944368388917464e-01
8.167239996271395963e-01
8.165448172525926473e-01
8.165622128022683723e-01
8.158849834331444173e-01
8.148011823671054144e-01
8.144600882864835301e-01
8.141976154368856244e-01
8.138554779620006396e-01
8.125338218150994773e-01
8.120863518472445364e-01
8.129053336231648608e-01
8.133302326003710725e-01
8.131696512876462890e-01
8.130213642706636268e-01
8.123083012859996233e-01
8.124078377600638667e-01
8.124581527709960893e-01
8.122127358875577130e-01
8.123252124298275811e-01
8.115696939639747143e-01
8.116169779799705664e-01
8.111886249138758886e-01
8.107186123615003348e-01
8.103406506054329217e-01
8.112037670343441587e-01
8.105548815940742946e-01
8.105343394809298996e-01
8.111435884938520413e-01
8.102554957361987054e-01
8.096412329570107369e-01
8.092446460140695352e-01
8.089448618037360372e-01
8.088742684810719119e-01
8.081232917980408770e-01
8.065364031524925315e-01
8.069046061072084886e-01
8.065802109652552287e-01
8.059026529527690830e-01
8.053682174812368810e-01
8.047959055449511734e-01
8.047114246643629620e-01
8.047115333875020093e-01
8.048306778566727271e-01
8.039891594334652725e-01
8.036174205393572523e-01
8.037699437760686960e-01
8.032773310138333622e-01
8.037006167265084988e-01
8.037904455403613868e-01
8.035067010529434173e-01
8.033118214247361166e-01
8.026945739984512329e-01
8.025007936525048180e-01
8.017640676763322372e-01
8.018258060414367172e-01
8.016453963227387902e-01
8.018828410090822478e-01
8.017167495675834310e-01
8.011500582009732918e-01
8.013646591986928192e-01
8.015582258179343444e-01
8.009188627495484880e-01
8.007589128979465398e-01
8.011379792939784528e-01
8.009175975198690178e-01
8.010237754761487805e-01
8.008479584966387010e-01
7.999653907662088725e-01
7.997926079620749640e-01
7.995301521895976649e-01
7.999236786831690482e-01
8.002264198329713807e-01
7.996578707220804993e-01
7.997134416312962069e-01
7.988720646972864436e-01
7.987307812208714886e-01
7.987640693381026225e-01
7.979305514725305581e-01
7.975615772971494932e-01
7.975793610861960925e-01
7.975697343942349526e-01
7.977560705260227092e-01
7.974205566326361128e-01
7.963310964405536652e-01
7.549006938934326172e-01
7.269954085350036621e-01
7.173335949579874304e-01
7.202398777008056641e-01
7.311299800872802512e-01
7.441369493802388879e-01
7.596821955272129445e-01
7.540640383958816528e-01
7.645606464809842073e-01
7.718557834625243697e-01
7.776871811259876699e-01
7.729286104440689087e-01
7.700463212453402262e-01
7.880573230130332174e-01
7.850230971972147476e-01
7.780467532575130463e-01
7.745851874351501465e-01
7.727972103489769706e-01
7.707461024585523512e-01
7.704446166753768921e-01
7.746174392246064633e-01
7.709167139096693155e-01
7.731812959131987295e-01
7.704853142301241187e-01
7.708835577964783248e-01
7.664735798652355658e-01
7.715903012840835684e-01
7.685051113367080688e-01
7.672867877730007447e-01
7.661033411820729055e-01
7.639025392070892817e-01
7.611624728888273239e-01
7.630073536526073008e-01
7.628114626688116129e-01
7.651726484298706499e-01
7.650755279593997038e-01
7.618460526337494931e-01
7.612087757963883483e-01
7.605276810817229727e-01
7.588768601417541504e-01
7.562884005104623109e-01
7.552996959005083832e-01
7.558413383572600841e-01
7.565379196947271678e-01
7.578724357816908341e-01
7.573980598346047310e-01
7.572948121009989153e-01
7.562500859300295142e-01
7.525521735755764663e-01
7.523457169532775657e-01
7.504001505234662028e-01
7.509576643888766778e-01
7.502335141289908638e-01
7.521331034324787446e-01
7.508446509187871598e-01
7.500110896570342245e-01
7.503102055767125744e-01
7.507280892339246448e-01
7.493753130153074649e-01
7.493218868970871194e-01
7.480141696382741623e-01
7.478368724546125001e-01
7.478698662349155812e-01
7.478085309267044067e-01
7.483569429470942058e-01
7.477359690449454366e-01
7.469595661803857256e-01
7.467795934747246678e-01
7.462128979572351106e-01
7.464691238743917934e-01
7.472091518657307807e-01
7.461581288112534294e-01
7.462564314881415806e-01
7.462497667686359692e-01
7.463218164443969904e-01
7.488622790888735947e-01
7.492137899646511556e-01
7.481135848240975106e-01
7.515218997303443338e-01
7.508456684648990853e-01
7.495429221494698258e-01
7.505993814003176778e-01
7.503407331834356375e-01
7.497468569449016185e-01
7.492071621558245020e-01
7.490046516407368182e-01
7.486692132620975659e-01
7.488488392396406290e-01
7.490775940123568510e-01
7.488453620009951628e-01
7.484917162538884394e-01
7.479645305353662676e-01
7.486691494141856085e-01
7.481974204804034967e-01
7.480552980774327620e-01
7.475426035622755316e-01
7.468830900093943459e-01
7.459536918572017283e-01
7.457356308445786119e-01
7.446961677074432906e-01
7.439945015576806542e-01
7.437025051490933070e-01
7.433766838416312472e-01
7.434375211596488953e-01
7.428269619033449622e-01
7.429290273279514079e-01
7.421960084237785304e-01
7.414254822112895660e-01
7.415489275521094381e-01
7.412014067173003928e-01
7.409659463006097457e-01
7.400804087519645691e-01
7.397570098395895855e-01
7.397564863949491754e-01
7.394300232762875957e-01
7.396489972698276905e-01
7.394674501867375405e-01
7.394594883514662431e-01
7.389821635574853609e-01
7.402238180239995025e-01
7.398950669391095580e-01
7.405790564466695480e-01
7.403207033630309075e-01
7.392518803957970341e-01
7.393728356361388698e-01
7.393767564069657627e-01
7.382817592207840951e-01
7.383309262804687023e-01
7.383998239687247223e-01
7.393278594200427545e-01
7.397074194354865684e-01
7.393626530062068491e-01
7.395680273385872860e-01
7.393412243074445334e-01
7.388153473536173133e-01
7.387013514252269708e-01
7.379407965353805832e-01
7.369227301383364237e-01
7.367879285229196329e-01
7.371576262371880572e-01
7.374841587763305562e-01
7.369814200300566220e-01
7.369174202838977283e-01
7.364792674779891968e-01
7.371168897069734216e-01
7.368079656607484651e-01
7.372142859056692865e-01
7.365215763046935038e-01
7.362461462116881572e-01
7.359520200888315378e-01
7.359653928421980851e-01
7.364744536186519364e-01
7.360719294329873819e-01
7.363167327719849498e-01
7.359080099290417065e-01
7.351058920224508020e-01
7.349611266403440757e-01
7.351233725306354216e-01
7.348936826178112947e-01
7.345165841281413588e-01
7.343709031987634139e-01
7.346084552046693306e-01
7.343887997551198366e-01
7.341343829544578758e-01
7.339907563093936993e-01
7.338683899626674556e-01
7.335775294703638094e-01
7.333869043560254930e-01
7.327735801420268702e-01
7.326830527361701817e-01
7.319645825882403756e-01
7.316586610882781505e-01
7.313881258054965029e-01
7.311678165676950281e-01
7.310280122075761833e-01
7.311724197458137064e-01
7.307660027412371528e-01
7.302201768655455227e-01
7.300141939903770361e-01
7.301963074339761217e-01
7.302255798439952761e-01
7.304447741953881135e-01
7.299094802694894302e-01
7.295966213164122305e-01
7.294355363459200658e-01
7.296595534970683472e-01
7.297502287568893298e-01
7.298894169482779137e-01
7.299429821589636935e-01
7.295846164226531538e-01
7.297627660616530232e-01
7.292557355637351302e-01
6.809035539627075195e-01
6.255981326103210449e-01
6.607570846875508996e-01
6.558878868818283081e-01
6.552024960517883745e-01
6.502427657445272180e-01
6.667342271123614106e-01
6.656109616160392761e-01
6.582066549195183525e-01
6.602699697017669900e-01
6.686690178784456817e-01
6.729512711366018030e-01
6.719548335442175890e-01
6.744401454925537109e-01
6.699096322059631126e-01
6.673019938170909882e-01
6.736221103107228325e-01
6.729313797420926058e-01
6.735049611643740830e-01
6.717758566141128762e-01
6.773119568824768066e-01
6.777663501826199921e-01
6.743851174478945332e-01
6.773781354228655127e-01
6.743094515800476252e-01
6.720009469068967123e-01
6.720909100991708796e-01
6.746750793286732106e-01
6.752359558796060535e-01
6.774079203605651855e-01
6.816357374191284180e-01
6.831015162169933319e-01
6.837894175991867662e-01
6.857923462110406820e-01
6.835038968494959732e-01
6.844119346804089510e-01
6.869971220557754554e-01
6.848830533655065889e-01
6.857869166594284804e-01
6.852320179343223128e-01
6.833585195425080361e-01
6.838152621473584380e-01
6.852964869765347800e-01
6.828494424169714305e-01
6.841021312607659111e-01
6.827997876250225806e-01
6.817713481314638946e-01
6.823376106719175604e-01
6.827553279545842679e-01
6.825507986545562567e-01
6.809805701760685004e-01
6.795754363903632189e-01
6.799182127106864204e-01
6.779657204945882532e-01
6.783741550012067911e-01
6.794020831584930420e-01
6.809591232684620854e-01
6.799001847875529858e-01
6.799412228293337801e-01
6.794454276561736616e-01
6.789292781079401262e-01
6.807540818568198482e-01
6.811317669020758858e-01
6.799546796828508377e-01
6.790405090038592606e-01
6.777462661266326904e-01
6.774630137343904401e-01
6.773849708192488661e-01
6.787925967271777328e-01
6.795423090457916038e-01
6.790617863896867279e-01
6.792969745066430587e-01
6.795808607584810090e-01
6.800128777284879522e-01
6.804285502433776722e-01
6.799755025851098589e-01
6.805797110904346914e-01
6.795892509130331272e-01
6.793717824960057161e-01
6.796279609203338401e-01
6.795660139601907845e-01
6.798553830239830731e-01
6.800287566989301480e-01
6.795120288928350183e-01
6.804024731411653093e-01
6.794911075470059236e-01
6.787931439520298316e-01
6.787078895352103292e-01
6.793218368894597958e-01
6.802587641610039482e-01
6.797000693750905320e-01
6.798070643259130907e-01
6.789200773803136801e-01
6.792976710390536965e-01
6.790154256318744475e-01
6.792832203209400177e-01
6.779573811698205166e-01
6.775169329983847799e-01
6.771721641222635535e-01
6.773581832647324052e-01
6.775393609953398455e-01
6.783098105122061794e-01
6.786192968053724739e-01
6.777171011154468072e-01
6.766210726329258129e-01
6.758127206901334283e-01
6.757705846679544770e-01
6.746111876434750521e-01
6.745057390370500228e-01
6.738457929004322278e-01
6.742955156274743622e-01
6.733138901846749125e-01
6.749411336088602109e-01
6.751366372694048712e-01
6.758399735326352520e-01
6.758378523177114294e-01
6.760430529586269888e-01
6.755496652449591855e-01
6.750470199504819968e-01
6.747185915708542314e-01
6.743052857966462810e-01
6.748421499963666026e-01
6.751196016141070011e-01
6.745176401830488278e-01
6.742944250106811532e-01
6.736968372549329009e-01
6.731603741645812988e-01
6.727066929452121258e-01
6.728518314139787515e-01
6.731760905339168044e-01
6.734966740353416359e-01
6.732784618030894785e-01
6.727173202916195693e-01
6.724590703622618237e-01
6.714891230618512674e-01
6.712667503777671740e-01
6.712277092202736384e-01
6.711519740629887654e-01
6.715282248936110809e-01
6.716884008475711987e-01
6.729505958286583489e-01
6.725734640175188295e-01
6.722704480578015618e-01
6.717944414251380003e-01
6.706335125298336086e-01
6.707726100536242075e-01
6.713010157857622895e-01
6.709740729750813815e-01
6.706067999737375107e-01
6.711149752140045388e-01
6.708145883699127010e-01
6.708776139115032455e-01
6.710138059909047659e-01
6.709896252526865723e-01
6.705988099498133570e-01
6.708810272125097507e-01
6.715205721794419436e-01
6.718506024608129623e-01
6.708629509937837909e-01
6.707520678639411482e-01
6.707021823580960884e-01
6.697683566146426237e-01
6.695809631259894701e-01
6.688212377995979008e-01
6.688364372108921430e-01
6.686599861426525404e-01
6.686343907596108416e-01
6.690343841910362244e-01
6.685389170985249763e-01
6.690672681612126471e-01
6.692207901798493674e-01
6.694006452033686161e-01
6.696261880714768910e-01
6.692231208428569555e-01
6.684115396227154893e-01
6.677314029498533365e-01
6.671138106092895370e-01
6.668583636873224307e-01
6.667971211438737944e-01
6.672861788007947714e-01
6.667638552781626204e-01
6.668530077069669826e-01
6.674681240743626232e-01
6.672279637144959974e-01
6.671147884549321061e-01
6.671207620892473100e-01
6.668994200420889085e-01
6.669815065378837948e-01
6.663342370558037464e-01
6.660829641317066452e-01
6.655956828157315597e-01
6.650832540666063997e-01
7.293084859848022461e-01
7.224074006080627441e-01
6.970858176549276086e-01
7.335840612649917603e-01
7.091226816177368386e-01
6.964435974756876258e-01
6.790364469800677094e-01
6.735422983765602112e-01
6.695852677027384070e-01
6.671239733695983887e-01
6.631352793086658926e-01
6.677331129709879187e-01
6.598304235018216390e-01
6.605948592935290131e-01
6.552973747253417747e-01
6.500120274722576141e-01
6.478035590227912977e-01
6.452256109979417342e-01
6.475240494075574782e-01
6.467606902122498003e-01
6.494882787976946625e-01
6.493218947540629893e-01
6.497754506442857680e-01
6.497997716069221497e-01
6.458262300491333097e-01
6.477485620058499594e-01
6.455710044613590659e-01
6.491303592920303345e-01
6.505008134348638782e-01
6.484107335408528794e-01
6.504004539981964594e-01
6.464819870889186859e-01
6.449553424661810253e-01
6.440880877130171767e-01
6.426437599318367555e-01
6.399370647139019930e-01
6.382547037021534253e-01
6.373766990084397399e-01
6.391800932395153012e-01
6.395087018609046936e-01
6.400299144954215702e-01
6.374627309186118307e-01
6.387569197388582865e-01
6.373412094332955302e-01
6.352974957889980789e-01
6.387472904246785932e-01
6.378730636961916778e-01
6.379414374629656104e-01
6.381092850042848763e-01
6.361785650253295454e-01
6.350107426736869565e-01
6.354537354065821209e-01
6.379081246987828857e-01
6.378762942773325006e-01
6.374060869216918723e-01
6.377513323511395660e-01
6.360792799999839264e-01
6.350236288432417053e-01
6.353553806321096120e-01
6.346691111723582468e-01
6.332515868984285312e-01
6.318245001377598147e-01
6.309880727813357293e-01
6.308626839891076088e-01
6.297029321010295666e-01
6.291223394148277581e-01
6.299101550187637955e-01
6.291585906463510458e-01
6.281657288039940168e-01
6.276337836469922937e-01
6.278523718807059728e-01
6.275036591622564774e-01
6.280164628812711092e-01
6.277298597065178454e-01
6.271494317054748802e-01
6.283140551102789351e-01
6.287837492955195007e-01
6.293182724561446895e-01
6.291632041146483223e-01
6.290154345333576202e-01
6.265915985460634996e-01
6.267868433056807964e-01
6.273317602743585519e-01
6.260588502600079597e-01
6.265030685593100390e-01
6.276289231555406412e-01
6.261693383085316089e-01
6.261959563602100820e-01
6.244611070397194652e-01
6.248858100838131646e-01
6.233809158042237231e-01
6.227468913016112051e-01
6.222541242517450888e-01
6.221009803579208297e-01
6.224452087753697960e-01
6.217568342884381982e-01
6.211091538065487416e-01
6.204644429440401288e-01
6.204037798775566825e-01
6.199008303880692017e-01
6.196807121286297404e-01
6.198669210368511484e-01
6.192114254803333662e-01
6.183970576295485522e-01
6.186726087615603831e-01
6.193376110409790636e-01
6.191134046171312688e-01
6.180155122721636696e-01
6.186104192646271205e-01
6.184385809031399672e-01
6.179255316923329966e-01
6.178997403809002309e-01
6.180849761034534762e-01
6.201487267226503119e-01
6.202436172443887008e-01
6.198128744445997595e-01
6.194992793930901298e-01
6.195847361774767803e-01
6.196911936046696212e-01
6.184413944681484976e-01
6.180945787548033366e-01
6.177936704432378523e-01
6.176281169178040598e-01
6.181430355195076665e-01
6.177901287078857440e-01
6.185373900428651206e-01
6.177090486203591357e-01
6.187628335319459438e-01
6.197088305340257008e-01
6.198241774852458752e-01
6.200487822976731289e-01
6.190809666207341966e-01
6.189353896262950183e-01
6.191314263130301976e-01
6.197356303532918220e-01
6.198437253341955167e-01
6.191102697031340973e-01
6.186017519321994618e-01
6.187465894136497946e-01
6.188642276184899149e-01
6.186234845337292843e-01
6.183745214636896526e-01
6.188486781153645921e-01
6.180408601131703872e-01
6.188753526786278103e-01
6.179241766668346347e-01
6.174176602947468728e-01
6.176481057663221197e-01
6.175400766750309689e-01
6.175619924068450617e-01
6.175613533582119397e-01
6.170620035968328310e-01
6.174492037374209596e-01
6.178049046497839925e-01
6.179313432785772386e-01
6.176938036313424085e-01
6.174484149665590005e-01
6.169946902914892339e-01
6.169824082896394613e-01
6.173111177980900033e-01
6.177862194013892250e-01
6.169006598216516535e-01
6.167011946622579233e-01
6.169372620742495927e-01
6.164505064487457719e-01
6.167561033044952623e-01
6.164210693921871043e-01
6.163642408237570702e-01
6.163400945931496455e-01
6.160388808040058173e-01
6.158958926186923755e-01
6.155938192508941809e-01
6.154520175705066043e-01
6.155627858022163501e-01
6.150122129917144909e-01
6.149654481559991837e-01
6.145345674732983765e-01
6.142423670278506220e-01
6.136959493160247803e-01
6.140210140082571488e-01
6.137252013656974148e-01
6.134199979868564245e-01
6.129892724133579884e-01
6.124116702248221245e-01
6.120767872075776328e-01
6.119070477703566491e-01
6.114841226269217556e-01
6.108218477444445904e-01
6.111030750489109264e-01
6.109230959101726866e-01
6.106352423810209595e-01
6.100562267626324919e-01
5.494811534881591797e-01
5.477359890937805176e-01
5.735077460606893274e-01
5.939686596393585205e-01
6.022218585014342818e-01
6.055618723233541223e-01
6.011205911636352539e-01
6.132900714874267578e-01
6.078591876559786833e-01
6.040848731994629128e-01
5.988627563823353261e-01
5.976494550704956055e-01
5.977247449067922824e-01
5.962492525577545166e-01
5.910967787106832239e-01
5.925889872014522552e-01
5.914986519252553032e-01
5.898200505309634245e-01
5.862898481519598359e-01
5.915045112371444258e-01
5.881106115522838351e-01
5.884343792091716319e-01
5.934062807456307320e-01
5.886106615265210840e-01
5.861747574806213112e-01
5.888944795498480822e-01
5.875913368331061593e-01
5.885955052716391744e-01
5.890174199794900867e-01
5.843749602635701645e-01
5.837702193567829712e-01
5.847191438078880310e-01
5.843369798226789591e-01
5.816504183937521999e-01
5.835495488984244750e-01
5.825892686843872070e-01
5.804813568656509437e-01
5.788438869150061006e-01
5.823641526393401602e-01
5.819364637136459351e-01
5.801505591811203510e-01
5.798229362283434662e-01
5.825276166893714747e-01
5.825981795787811279e-01
5.818290604485405471e-01
5.804991113102954126e-01
5.803076700961335987e-01
5.790487291912237433e-01
5.793176925912195685e-01
5.796256411075592085e-01
5.796466913877749150e-01
5.809593326770342570e-01
5.798142709822025065e-01
5.799530369264108698e-01
5.798499746756120565e-01
5.793406675968851838e-01
5.814962313886273826e-01
5.803809350934522326e-01
5.801007282935967124e-01
5.779350792368252998e-01
5.780160549234171219e-01
5.776916016494074713e-01
5.780663230116405149e-01
5.784689416177570820e-01
5.789604650093959082e-01
5.777447390736956123e-01
5.781126845238814260e-01
5.779656930004849480e-01
5.778853387936301322e-01
5.781687868492944027e-01
5.785257392366167650e-01
5.775182143681578673e-01
5.787907589788305884e-01
5.786953346954809563e-01
5.781515872478485418e-01
5.788403227925300598e-01
5.781392722160785258e-01
5.770768954967840925e-01
5.765180425553382282e-01
5.766688439995050208e-01
5.757765714769009779e-01
5.760495157503500163e-01
5.760727916137281523e-01
5.759937021703946947e-01
5.756834573605481564e-01
5.761113100966741563e-01
5.754092250062131653e-01
5.764415064318613169e-01
5.756154874067628269e-01
5.759444802999496016e-01
5.770270513309226912e-01
5.772409455283827873e-01
5.762550071362526616e-01
5.753623922454550454e-01
5.745346401867114094e-01
5.742016130437453958e-01
5.747767447196331370e-01
5.751180314287847040e-01
5.748492991081392001e-01
5.762583470344543324e-01
5.769725258987729033e-01
5.768305746948018120e-01
5.760415126976458078e-01
5.758382741075295241e-01
5.751680555797759054e-01
5.747488697744765895e-01
5.746759939416546947e-01
5.741245823877828558e-01
5.737350982263547117e-01
5.735484383322976276e-01
5.737855208886636360e-01
5.736298433371952443e-01
5.732966766948193182e-01
5.730771830207422868e-01
5.728219141130862502e-01
5.729460002019487463e-01
5.727582380302951304e-01
5.731001041703305265e-01
5.729005562157190035e-01
5.723290652036666648e-01
5.721863739746660960e-01
5.716843287475773527e-01
5.718041159273162810e-01
5.715809930716791998e-01
5.715059199333191176e-01
5.710959760915665928e-01
5.705313440852277651e-01
5.701343549881130457e-01
5.702844222848729716e-01
5.702499130597481480e-01
5.701633689512732861e-01
5.703091483676072659e-01
5.693757975459995402e-01
5.693389793385320585e-01
5.691258247251863578e-01
5.690872601288206045e-01
5.687693111652875055e-01
5.693013985519823628e-01
5.690976387734035802e-01
5.686162997569356170e-01
5.675141196301642932e-01
5.666770101852820485e-01
5.661026139359374154e-01
5.660596117377281189e-01
5.661087858265844153e-01
5.657629027758559470e-01
5.653253445008985523e-01
5.654624857612557953e-01
5.654318112654973527e-01
5.651440354188282944e-01
5.652597617629347981e-01
5.650021280897291609e-01
5.639560744653340230e-01
5.644057439519213348e-01
5.643936876327760865e-01
5.646373618107575210e-01
5.639380231784407727e-01
5.634157921694502580e-01
5.627741465028727186e-01
5.634622115641831908e-01
5.630583265183134456e-01
5.630597702147047690e-01
5.622905728641462986e-01
5.617729376365498961e-01
5.616250632387218555e-01
5.618698756737880995e-01
5.616859263645674893e-01
5.613194202028569668e-01
5.614348948001861572e-01
5.613388115868849226e-01
5.611750502683963138e-01
5.614936367370361170e-01
5.617515718661292290e-01
5.617730441107147143e-01
5.620217066151754759e-01
5.622346477413718846e-01
5.625815602008905625e-01
5.620029324226165635e-01
5.621535694798943661e-01
5.619570530123181307e-01
5.623980777039712109e-01
5.623957501662956160e-01
5.623412689224618344e-01
5.621961883228757673e-01
5.617321591119508462e-01
5.623035337976229897e-01
5.623218646661483078e-01
5.623935223259823868e-01
5.625791035631977355e-01
5.626382357195803818e-01
5.625639089739135068e-01
5.630801869556307793e-01
5.510246753692626953e-01
5.835703015327453613e-01
5.677005449930826453e-01
5.803236663341522217e-01
5.652432560920714888e-01
5.564510722955068323e-01
5.576454826763698192e-01
5.562464147806167603e-01
5.420186320940653113e-01
5.449972093105316384e-01
5.489618073810230703e-01
5.513182282447814941e-01
5.543481890971844184e-01
5.560300733361925873e-01
5.516284068425496567e-01
5.578283742070198059e-01
5.506787492948419516e-01
5.499957584672503508e-01
5.519921889430597917e-01
5.519947752356528792e-01
5.492840650535765201e-01
5.506475987759503754e-01
5.497080204279526372e-01
5.503596973915895196e-01
5.487179791927337957e-01
5.494726288777130874e-01
5.505813062191009521e-01
5.521532094904354482e-01
5.499292961482343811e-01
5.488265176614125496e-01
5.475800191202471190e-01
5.479748211801052094e-01
5.480199185284700958e-01
5.475125680951511420e-01
5.492182016372680886e-01
5.500321090221405029e-01
5.472489732342797897e-01
5.464234093302174911e-01
5.483664022042200603e-01
5.473355136811732802e-01
5.476353626425672916e-01
5.464800759440376909e-01
5.450429091619890531e-01
5.477201539007100495e-01
5.470039347807565955e-01
5.467393793489622178e-01
5.453077871748741590e-01
5.435604763527711603e-01
5.422665428142158239e-01
5.415732371807098211e-01
5.413679293557709382e-01
5.418239637063100300e-01
5.406808054672097574e-01
5.403199703605087167e-01
5.409135753458196305e-01
5.394908525049686432e-01
5.388393606010236647e-01
5.377513766288757324e-01
5.378477128885560399e-01
5.369499400258064270e-01
5.358272409829937244e-01
5.341067616977999144e-01
5.342898420871250442e-01
5.342656108550727367e-01
5.337699830532074419e-01
5.341769560719981103e-01
5.337184583073231181e-01
5.331247422625037258e-01
5.322529898173566920e-01
5.330304282052176212e-01
5.315869223903602059e-01
5.312167579929033545e-01
5.304597995869101412e-01
5.301865713821874992e-01
5.291677709420522513e-01
5.300950521701260909e-01
5.296285481421978414e-01
5.290799496265558011e-01
5.296047522297387955e-01
5.304632384330034700e-01
5.309966865145130388e-01
5.310556557847232462e-01
5.316579338297786617e-01
5.315274237876846941e-01
5.304257676881902750e-01
5.292605865140294075e-01
5.291787361961671765e-01
5.294682840732011231e-01
5.303031972954782569e-01
5.299113303422927634e-01
5.300676000642252639e-01
5.298528130287709637e-01
5.297862563722877116e-01
5.306621285829138390e-01
5.297578112075203016e-01
5.296511535222331313e-01
5.286713356209784553e-01
5.275629190157871129e-01
5.284653573927252657e-01
5.285494926571846497e-01
5.292001930203767968e-01
5.293260657904195199e-01
5.281930198368517404e-01
5.288971888904387963e-01
5.283061961332956580e-01
5.276437266817632921e-01
5.271533502039508212e-01
5.268175466744987601e-01
5.260173106959106226e-01
5.263567428697238926e-01
5.258715327258582928e-01
5.252842277820620742e-01
5.256307317619830499e-01
5.254254030031070277e-01
5.249206338239752467e-01
5.244788871756915771e-01
5.242103165031498646e-01
5.244663908319958656e-01
5.239490040210115218e-01
5.242669055859248139e-01
5.238363678790320943e-01
5.237302159676786584e-01
5.234878993615871279e-01
5.234063330196565555e-01
5.245515565872191921e-01
5.245269002422453530e-01
5.249925701636967146e-01
5.243600739631801844e-01
5.243070525254389658e-01
5.240923418448522053e-01
5.243175421052306273e-01
5.245190971728527218e-01
5.248134158607712374e-01
5.244860193177834917e-01
5.240334667541363123e-01
5.234431977219441423e-01
5.236041208688360094e-01
5.236292855031248195e-01
5.238958959528010606e-01
5.239695653319358382e-01
5.235720929947305091e-01
5.234075564313942497e-01
5.229721154783155690e-01
5.236258500566085550e-01
5.239042218389182715e-01
5.231215204686334719e-01
5.229867873143176915e-01
5.224987439609862783e-01
5.223046523212586667e-01
5.227710725863774499e-01
5.226302587038633707e-01
5.223030496976877046e-01
5.231622284144358259e-01
5.232473517006094310e-01
5.237489559958058427e-01
5.241426403323808936e-01
5.238745763043689552e-01
5.240582042857061529e-01
5.250505475128222077e-01
5.244767367839813232e-01
5.243038407393864064e-01
5.242011401756310196e-01
5.243783591349432394e-01
5.243526946117238463e-01
5.241699888850703815e-01
5.246821661670524328e-01
5.249049372658758372e-01
5.254734202864623782e-01
5.254318423172426034e-01
5.246879649512907751e-01
5.251506882452825486e-01
5.250672474503517151e-01
5.254866117342359422e-01
5.251673749466051477e-01
5.249442245279040131e-01
5.245271973650563746e-01
5.242811709137286114e-01
5.241882886444584333e-01
5.239474415446127020e-01
5.238584751884142188e-01
5.240618486101455975e-01
5.241058545780705735e-01
5.241542844498743303e-01
5.236288788525954585e-01
5.235975342827874357e-01
5.234202162552905602e-01
5.237103684700746831e-01
5.238418854931568003e-01
5.238891956667420802e-01
5.238761233656029637e-01
5.235559693805834636e-01
5.232238403211036948e-01
4.930948615074157715e-01
4.736851006746292114e-01
4.713507493336995258e-01
5.101273506879806519e-01
4.819581270217895286e-01
4.804899245500564575e-01
4.757852554321289062e-01
4.672971591353416443e-01
4.768487347496880302e-01
4.707279920578003041e-01
4.658069908618927002e-01
4.663533841570218219e-01
4.690138812248523248e-01
4.705842030899865525e-01
4.718313892682393651e-01
4.757883585989475250e-01
4.768311170970692126e-01
4.820265041457282296e-01
4.789485711800424705e-01
4.840785175561904685e-01
4.863470736004057438e-01
4.811677011576565577e-01
4.781606715658436868e-01
4.759015900393326892e-01
4.760022819042205589e-01
4.762240499258041382e-01
4.746968889677966041e-01
4.769525645034654038e-01
4.822359814726073224e-01
4.840168267488479392e-01
4.819862804105204956e-01
4.824081622064113617e-01
4.818895892663435654e-01
4.806093556039473524e-01
4.821959478514535324e-01
4.817881012956301556e-01
4.814077607683233118e-01
4.811620594639527404e-01
4.791472821663587678e-01
4.795829735696315876e-01
4.779988818052338662e-01
4.784861590181078150e-01
4.797260137491448084e-01
4.810413244095715357e-01
4.811866713894737968e-01
4.808853845233502788e-01
4.825871250730879858e-01
4.840748527397711887e-01
4.839434994726765082e-01
4.839876616001129173e-01
4.846938065454071687e-01
4.857814587079561930e-01
4.859596007275131524e-01
4.873877796861860734e-01
4.884382388808510278e-01
4.913789129682949453e-01
4.899618541985227282e-01
4.883792092060220691e-01
4.877861399771803441e-01
4.892248277862866757e-01
4.906196784777719366e-01
4.905221241135750976e-01
4.899820221794976005e-01
4.878116678446531296e-01
4.892009826806875128e-01
4.897327513405770882e-01
4.897536235069160915e-01
4.886717761264127713e-01
4.896823029587234477e-01
4.901488091264452063e-01
4.899321584634377946e-01
4.893500672446357003e-01
4.878824075607404165e-01
4.877231556016045633e-01
4.873643541336059593e-01
4.865705888522298683e-01
4.867896089306125162e-01
4.861542804118914596e-01
4.854473796071885339e-01
4.850057117640972359e-01
4.842423918070616340e-01
4.842340640905427041e-01
4.847171917019120202e-01
4.845284017778578312e-01
4.834464585079866206e-01
4.832893880300743739e-01
4.819128126248545807e-01
4.818695444952357798e-01
4.819450267914975883e-01
4.813027160035239227e-01
4.808559846747052502e-01
4.803080898912056584e-01
4.808231095472971783e-01
4.816233886683241039e-01
4.812614729529933189e-01
4.810131049404541836e-01
4.809475479666719955e-01
4.818512663549306407e-01
4.817728171444902729e-01
4.811715832352638222e-01
4.810728855652384173e-01
4.806263549070732277e-01
4.816227668118708283e-01
4.821290032794842140e-01
4.813723847979590742e-01
4.810407954566883748e-01
4.814502596855163574e-01
4.813672522151911659e-01
4.813366453035162196e-01
4.806561740961941553e-01
4.801595372122687277e-01
4.799836304570947454e-01
4.813605879260375309e-01
4.807111244452627052e-01
4.807148285534070808e-01
4.809742770318327088e-01
4.806950275714581000e-01
4.808822385335372873e-01
4.808557106166326811e-01
4.801063582301139943e-01
4.800593027891206233e-01
4.800185348655356954e-01
4.802069559814484134e-01
4.794944402190946531e-01
4.792365596294402841e-01
4.791917091324215949e-01
4.785401002159269113e-01
4.788957827258855104e-01
4.787246425484502077e-01
4.783003841455166216e-01
4.785285548854420479e-01
4.783393955140402554e-01
4.788862948578999634e-01
4.787721471555197450e-01
4.784702972129539211e-01
4.788445663802763930e-01
4.786601336333003442e-01
4.791301272917484755e-01
4.791894158442243645e-01
4.787536993622779624e-01
4.788931513086278624e-01
4.791126874550967196e-01
4.792237967461139281e-01
4.790199049231078643e-01
4.790627477497890196e-01
4.783376520627165562e-01
4.784205472793708891e-01
4.780135112437042255e-01
4.775542016797417744e-01
4.771140658855438366e-01
4.769685305901710803e-01
4.771956270070452644e-01
4.766335448408438591e-01
4.763511310924183340e-01
4.760535778537873242e-01
4.757000849797175523e-01
4.753058712193920510e-01
4.749815199948564381e-01
4.751426761255324038e-01
4.746198903769254795e-01
4.741105798238552937e-01
4.739643294870117818e-01
4.735762511659984964e-01
4.735064341164216817e-01
4.728965175874305649e-01
4.728052395294947696e-01
4.728270554970838147e-01
4.727048056111449181e-01
4.728017498755596182e-01
4.730208901798023668e-01
4.730943849212245200e-01
4.728836833044540167e-01
4.733213589370595109e-01
4.734102915758374164e-01
4.733112008231026846e-01
4.737521271136673762e-01
4.732809548324110605e-01
4.727654902452833041e-01
4.726052863637828505e-01
4.723436211546261920e-01
4.722198542639695629e-01
4.721592820280200997e-01
4.718570559402632814e-01
4.715681003163690321e-01
4.714810202250609428e-01
4.722950504992597942e-01
4.718434985946206583e-01
4.718044590442738717e-01
4.715450560605084496e-01
4.718707567767093103e-01
4.717057325453034022e-01
4.717301130294799805e-01
4.371939301490783691e-01
4.236016869544982910e-01
4.232894976933797015e-01
4.344190359115600586e-01
4.392805635929107888e-01
4.337835460901260376e-01
4.329913939748491480e-01
4.347970969974994659e-01
4.329656594329410191e-01
4.261345356702804787e-01
4.273570694706656514e-01
4.262268965442975177e-01
4.295566357099093180e-01
4.297402650117874146e-01
4.333357830842335945e-01
4.379275310784578323e-01
4.452970746685476766e-01
4.460361186001036149e-01
4.468171769066860977e-01
4.465814396739006265e-01
4.476328009650820672e-01
4.477012645114551992e-01
4.465798748576123023e-01
4.454003224770228253e-01
4.462372112274169966e-01
4.456275380574740153e-01
4.443289416807669201e-01
4.447691185133798020e-01
4.443237226584861865e-01
4.420086751381556156e-01
4.392134479938014646e-01
4.428745647892355919e-01
4.441714783509572162e-01
4.424814450390198717e-01
4.410319030284881592e-01
4.439035596119033089e-01
4.440411047355548591e-01
4.454128750060734054e-01
4.444656700660020721e-01
4.439269691705703957e-01
4.444150154183550416e-01
4.462002501601264326e-01
4.468302449514699459e-01
4.465049525553529963e-01
4.470233857631683572e-01
4.456455882476723640e-01
4.445987920811835803e-01
4.432114319254954471e-01
4.450228536615566388e-01
4.463439589738845692e-01
4.464749857491138174e-01
4.454113640464268942e-01
4.457528101948072252e-01
4.455600965906072464e-01
4.466750600121238146e-01
4.449525454214641185e-01
4.461158576764558403e-01
4.460789612654981751e-01
4.468796025898497115e-01
4.458610638976097107e-01
4.465553999924268824e-01
4.465494362577315246e-01
4.477597337866586202e-01
4.480986879207193851e-01
4.476559340953826793e-01
4.471338522253614500e-01
4.489200350953571617e-01
4.497310620020417704e-01
4.499141746673031017e-01
4.501489038978304102e-01
4.488721871879738923e-01
4.492343436512682420e-01
4.488976177287428149e-01
4.471663446039766954e-01
4.481712126731872692e-01
4.472981079628592926e-01
4.464034496189712153e-01
4.470346650251975640e-01
4.472934298122985264e-01
4.466147266328334697e-01
4.467599090234732895e-01
4.475237247420520426e-01
4.484352462262992667e-01
4.475811868906021118e-01
4.481937773087445454e-01
4.483013343672419548e-01
4.484735744437952087e-01
4.492993087253787099e-01
4.506746212418159536e-01
4.509893529944949409e-01
4.513810918881343004e-01
4.504642966000930171e-01
4.506051370533563638e-01
4.507797303351950280e-01
4.510936777842672329e-01
4.525262753789623393e-01
4.528101796341925667e-01
4.533548358143592583e-01
4.535071786605950339e-01
4.522234687209129578e-01
4.526579436099175124e-01
4.529319367572373078e-01
4.526521485407375422e-01
4.521616281798252479e-01
4.534264754681360254e-01
4.538202173305007636e-01
4.537503371171862088e-01
4.540668532804206792e-01
4.533653521756513260e-01
4.529922528700395246e-01
4.524522208952688751e-01
4.529768020978995891e-01
4.528693461840131440e-01
4.527441459266762780e-01
4.520842116812001099e-01
4.519886780401756177e-01
4.527227384412390587e-01
4.523191058029562561e-01
4.521389378219091704e-01
4.517753501733144383e-01
4.520900712525549037e-01
4.525151682681724519e-01
4.521757999086767899e-01
4.515161451793486269e-01
4.514142837524414142e-01
4.510281857043977882e-01
4.509493520879370165e-01
4.518262590281665325e-01
4.512403570404348585e-01
4.508364140987396462e-01
4.509561132383710369e-01
4.509596366322402017e-01
4.503572217952039880e-01
4.503226664973728477e-01
4.502519534693824044e-01
4.495885058799210521e-01
4.492661356925964355e-01
4.491759620714878554e-01
4.489280379933419107e-01
4.491545449410165869e-01
4.494733804083885231e-01
4.493193385046972410e-01
4.493791394300394315e-01
4.493116483920150395e-01
4.491247717676491447e-01
4.487775157983989183e-01
4.486725259394872545e-01
4.484430531392226138e-01
4.481256048151310845e-01
4.483096595605214341e-01
4.479899339328538566e-01
4.477785143413041680e-01
4.482431022170322299e-01
4.474543236292801707e-01
4.473487227193770899e-01
4.471861229110986602e-01
4.473412255193017772e-01
4.472284118963193444e-01
4.474777536197278582e-01
4.471912311390042194e-01
4.468209580605074227e-01
4.463802837295296477e-01
4.460914941287479341e-01
4.455251404788436176e-01
4.455209648970401837e-01
4.455810079732573370e-01
4.454034365222839797e-01
4.449944008319151045e-01
4.451000491190238995e-01
4.452489802066017521e-01
4.456403518629352689e-01
4.458824876089428901e-01
4.459321917481505193e-01
4.460138618603520233e-01
4.457969616140637914e-01
4.457311814820224538e-01
4.457134043766280418e-01
4.456549042396331095e-01
4.455899649492189307e-01
4.456135077608956441e-01
4.456004110159794696e-01
4.454632547203001280e-01
4.454443749508570916e-01
4.458386219390060856e-01
4.455801184112961333e-01
4.453947077835759827e-01
4.449471278305359712e-01
4.445025976350966967e-01
4.447617153957407199e-01
4.443503033173711869e-01
4.444452850294362545e-01
4.447588562034070492e-01
5.096722245216369629e-01
4.206801950931549072e-01
4.330197771390278949e-01
4.282598868012428284e-01
4.409740269184112549e-01
4.277773946523666382e-01
4.258496505873544113e-01
4.420915693044662476e-01
4.392085174719492779e-01
4.333112746477126853e-01
4.376693720167333379e-01
4.319664662082989826e-01
4.311387836933135986e-01
4.293465380157743261e-01
4.336829364299774059e-01
4.370449539273977280e-01
4.362811183228212375e-01
4.311283843384848824e-01
4.306177418482931007e-01
4.322644487023353799e-01
4.364543542975470869e-01
4.330559833483262344e-01
4.289456217185310671e-01
4.305445986489455090e-01
4.304795670509338201e-01
4.331964598252223131e-01
4.359301019597936477e-01
4.387387463024684520e-01
4.397005027738110639e-01
4.425019760926564572e-01
4.414033178360231569e-01
4.391124453395605087e-01
4.386080503463745117e-01
4.364077711806577664e-01
4.381879568099975586e-01
4.383482808868090497e-01
4.401262104511260986e-01
4.400124165572618096e-01
4.388478169074425117e-01
4.392015837132930978e-01
4.392763928669254914e-01
4.409088066646030812e-01
4.397671077140541951e-01
4.371383637189865112e-01
4.375250134203169106e-01
4.368377593548401494e-01
4.355247331426498891e-01
4.369235504418611526e-01
4.365820769144564406e-01
4.347859603166580045e-01
4.323819513414420279e-01
4.335656498487179267e-01
4.332815284998911554e-01
4.318639856797677479e-01
4.317221717400984149e-01
4.306547407593045995e-01
4.306652054452059786e-01
4.316977668425132642e-01
4.320484743279925932e-01
4.317881931861241585e-01
4.305192124648172247e-01
4.305491159039159244e-01
4.304150503779214376e-01
4.308901606127619743e-01
4.300378698569077840e-01
4.309580393812872945e-01
4.309072934869510041e-01
4.298354225123630079e-01
4.290367861588795795e-01
4.288053934063230099e-01
4.288836041806449173e-01
4.290982228186395186e-01
4.301682032950936985e-01
4.293635471447094232e-01
4.296126341819763161e-01
4.291625689519079079e-01
4.289902707973083928e-01
4.283591367495365732e-01
4.277799695352964560e-01
4.270601887255907059e-01
4.269070996914380856e-01
4.269734395713341013e-01
4.273128164819924302e-01
4.275696426630020142e-01
4.279835448545568077e-01
4.271149985318959952e-01
4.273565428695459412e-01
4.275376749309626745e-01
4.279225247629572793e-01
4.281744811269971862e-01
4.276862989415179395e-01
4.277971289727998672e-01
4.271751610181664938e-01
4.268923639617067667e-01
4.269577575357336729e-01
4.267602485294143544e-01
4.256993820986796906e-01
4.256848480020250514e-01
4.257997563391020535e-01
4.256142801046371438e-01
4.258474967267253386e-01
4.256493168718674669e-01
4.251137691215404191e-01
4.253229077618855825e-01
4.264198169821784568e-01
4.269077910004921428e-01
4.260156979070645611e-01
4.253795141423190040e-01
4.255642743285643070e-01
4.255233965136788199e-01
4.247952506348893209e-01
4.246005716600588231e-01
4.240537599652214329e-01
4.241637232010824765e-01
4.243396505065586410e-01
4.244482918032284613e-01
4.240763268919072737e-01
4.242611628467753970e-01
4.236836836618535496e-01
4.237704453368981716e-01
4.232965862948047109e-01
4.232992358872147975e-01
4.231919617187686056e-01
4.229467963018724852e-01
4.223964860439300417e-01
4.224838612098542612e-01
4.225633756851586709e-01
4.220844116061925888e-01
4.220381827317467027e-01
4.218983721274596199e-01
4.225869758893515127e-01
4.222887589624433891e-01
4.223511225746986453e-01
4.218537391566518635e-01
4.218492289384206395e-01
4.216147360994535465e-01
4.217519270677635990e-01
4.222954246013060908e-01
4.220607698821335352e-01
4.217704153486660501e-01
4.222200817250190696e-01
4.222239043930886560e-01
4.221242505770463338e-01
4.217613991349935532e-01
4.213032070932717366e-01
4.216624422840876130e-01
4.219992685885656236e-01
4.216304069032540403e-01
4.215324515064290956e-01
4.217133514086405244e-01
4.214059890106024442e-01
4.214921911296091728e-01
4.213486411213095417e-01
4.210070474194241852e-01
4.213332349254239051e-01
4.217342875706843741e-01
4.220650027132338278e-01
4.216740402994276771e-01
4.212339378003054358e-01
4.211326772347092628e-01
4.213354500554363224e-01
4.209173332761835251e-01
4.207129707000006880e-01
4.206115536210013328e-01
4.208236743103374033e-01
4.205564244324902501e-01
4.203562029821429902e-01
4.207411401328586265e-01
4.208005550345020329e-01
4.203653758063035650e-01
4.197693474111501288e-01
4.199260397012843371e-01
4.199441819521733121e-01
4.198563307866282623e-01
4.197043091910225843e-01
4.195406198162924261e-01
4.193645623107414289e-01
4.192368488633230750e-01
4.191550717340501442e-01
4.187663710779613857e-01
4.184559137452373290e-01
4.183593664195511264e-01
4.183912133909965525e-01
4.176895028871038806e-01
4.177490862640174663e-01
4.175391347818477317e-01
4.174894508831003548e-01
4.171236512508798011e-01
4.174080957811345249e-01
4.169236223948629139e-01
4.167286260589879165e-01
4.164396005993087901e-01
3.666402697563171387e-01
3.645657002925872803e-01
3.803426027297973633e-01
3.667962104082107544e-01
3.561401784420013539e-01
3.923842559258143292e-01
3.896134836333138840e-01
3.848904967308044434e-01
3.908851179811689835e-01
3.965649694204330666e-01
3.995684358206662012e-01
4.078508689999580383e-01
4.009412779257847670e-01
3.977148043257849319e-01
4.004475812117258560e-01
4.011956322938203812e-01
3.990485107197481174e-01
4.006232553058200474e-01
3.966386976994966118e-01
3.944159626960754284e-01
3.949726507777259199e-01
3.943054797974499537e-01
3.917239165824392688e-01
3.909969391922156201e-01
3.893387413024902433e-01
3.908119419446358100e-01
3.913654784361521588e-01
3.923342557890074356e-01
3.926274231795606751e-01
3.903502265612284194e-01
3.896563322313369993e-01
3.921230165287852287e-01
3.908698441404284685e-01
3.907636079718084798e-01
3.895237505435943381e-01
3.881560721331172581e-01
3.874007036557068906e-01
3.875628372556285117e-01
3.867540688086778533e-01
3.877734459936618694e-01
3.908609856919544323e-01
3.907318697089240400e-01
3.901110319204108556e-01
3.895546109838919357e-01
3.883375624815623151e-01
3.870630789062250998e-01
3.876170439923063427e-01
3.887840112050374164e-01
3.894392604730567142e-01
3.895574229955673373e-01
3.906849126021067486e-01
3.905365346716000441e-01
3.892026200609386977e-01
3.900516872052793294e-01
3.893083420666781369e-01
3.877926298550197215e-01
3.869865024298952405e-01
3.873491667467972577e-01
3.864136848409296943e-01
3.858073045810063717e-01
3.865566483286560495e-01
3.853449802244863220e-01
3.846538265546162738e-01
3.845151443965733051e-01
3.844859833900745039e-01
3.848698464306918310e-01
3.849693652409226230e-01
3.858647784766028876e-01
3.858726326970086662e-01
3.866186176027570642e-01
3.859462481988987226e-01
3.875777485469977246e-01
3.890674640871074064e-01
3.892778315254160071e-01
3.885687021414439002e-01
3.881948951043580620e-01
3.877517704839830159e-01
3.881711512804031372e-01
3.874255573447746293e-01
3.870471384376287238e-01
3.873209603774694920e-01
3.867131951378612875e-01
3.866686221346797847e-01
3.868706456962086038e-01
3.867703595582176468e-01
3.866042726954748709e-01
3.876489952377889514e-01
3.876778188754211874e-01
3.879093926274374549e-01
3.879467735687891494e-01
3.868889739880195244e-01
3.863624227435692449e-01
3.870160925772882510e-01
3.873305977024930624e-01
3.877931607396978841e-01
3.878264439602692737e-01
3.885586550555278351e-01
3.887799716725641175e-01
3.885141836874412835e-01
3.878338748216629273e-01
3.874078301510008315e-01
3.877318358304454038e-01
3.874746812778769312e-01
3.878053504113967431e-01
3.880937218666076771e-01
3.876255272694353882e-01
3.885488905639292168e-01
3.886196450502784061e-01
3.888368784287654090e-01
3.893480184403332878e-01
