1.967411398887634277e+00
2.058459281921386719e+00
2.210623025894165039e+00
1.985942602157592773e+00
2.382862567901611328e+00
2.269059419631958008e+00
2.404192447662353516e+00
2.458488464355468750e+00
2.337551116943359375e+00
2.146507978439331055e+00
2.632143020629882812e+00
2.909811496734619141e+00
2.589056730270385742e+00
2.864347696304321289e+00
2.791775226593017578e+00
2.654803514480590820e+00
2.878382682800292969e+00
3.149099111557006836e+00
3.053994655609130859e+00
3.252580165863037109e+00
3.287666797637939453e+00
3.326054811477661133e+00
3.201825141906738281e+00
3.306287527084350586e+00
3.403019428253173828e+00
3.463646888732910156e+00
3.334898948669433594e+00
3.593615055084228516e+00
3.515013694763183594e+00
3.531311988830566406e+00
3.616112709045410156e+00
3.822886466979980469e+00
3.777699947357177734e+00
3.445261478424072266e+00
3.560373067855834961e+00
3.550326108932495117e+00
3.592082738876342773e+00
3.701565742492675781e+00
3.558945178985595703e+00
3.892200946807861328e+00
3.558762073516845703e+00
3.446574211120605469e+00
3.268853664398193359e+00
3.444402217864990234e+00
3.054572105407714844e+00
3.438822746276855469e+00
3.284782409667968750e+00
3.223698139190673828e+00
3.201017141342163086e+00
3.393710613250732422e+00
3.767512321472167969e+00
3.097338676452636719e+00
3.447104930877685547e+00
3.454337596893310547e+00
3.335175275802612305e+00
3.481543540954589844e+00
3.236698627471923828e+00
3.231040000915527344e+00
3.478693246841430664e+00
3.197191476821899414e+00
3.276468276977539062e+00
3.113766193389892578e+00
3.308282613754272461e+00
3.521998882293701172e+00
3.298550128936767578e+00
3.212468862533569336e+00
3.382159709930419922e+00
3.233581066131591797e+00
3.310095310211181641e+00
3.293968200683593750e+00
3.309637308120727539e+00
3.429581642150878906e+00
3.332005023956298828e+00
3.555389165878295898e+00
3.290564775466918945e+00
3.371836662292480469e+00
3.366888999938964844e+00
3.350275039672851562e+00
3.238882303237915039e+00
3.507490634918212891e+00
3.667268037796020508e+00
2.992367744445800781e+00
3.137247562408447266e+00
3.095888614654541016e+00
3.282700538635253906e+00
3.522817134857177734e+00
3.120172977447509766e+00
3.793427228927612305e+00
3.107706546783447266e+00
3.203789234161376953e+00
3.401649951934814453e+00
3.065534353256225586e+00
2.924652099609375000e+00
3.170507431030273438e+00
3.375076770782470703e+00
2.957298755645751953e+00
3.011149406433105469e+00
3.108886957168579102e+00
3.192441225051879883e+00
3.300503253936767578e+00
3.161376476287841797e+00
3.280872821807861328e+00
3.132140398025512695e+00
3.030254364013671875e+00
3.450340270996093750e+00
3.027452468872070312e+00
3.221730709075927734e+00
3.144613981246948242e+00
3.180864334106445312e+00
2.766838550567626953e+00
2.905617713928222656e+00
3.207438945770263672e+00
3.288378715515136719e+00
3.110366821289062500e+00
3.103147745132446289e+00
3.195010662078857422e+00
3.133643150329589844e+00
3.204703330993652344e+00
3.050995349884033203e+00
3.057479858398437500e+00
2.959626674652099609e+00
3.234027147293090820e+00
3.372908592224121094e+00
3.232033252716064453e+00
3.161270141601562500e+00
3.036249160766601562e+00
2.913687229156494141e+00
3.138893365859985352e+00
3.729681015014648438e+00
3.100514650344848633e+00
2.981121778488159180e+00
3.089699268341064453e+00
3.022215843200683594e+00
3.351577281951904297e+00
3.117338895797729492e+00
3.048632383346557617e+00
3.149784088134765625e+00
3.005487442016601562e+00
3.161698341369628906e+00
3.121761560440063477e+00
2.971463203430175781e+00
3.341066122055053711e+00
3.048480033874511719e+00
3.130563020706176758e+00
3.252194881439208984e+00
3.186893463134765625e+00
2.953191518783569336e+00
3.129636764526367188e+00
2.943454265594482422e+00
3.223002433776855469e+00
2.964934587478637695e+00
3.261296749114990234e+00
3.112926244735717773e+00
4.023109436035156250e+00
3.343557119369506836e+00
2.904145240783691406e+00
3.082735538482666016e+00
3.202555179595947266e+00
3.417224884033203125e+00
3.301627874374389648e+00
3.169534683227539062e+00
3.107431888580322266e+00
3.409885644912719727e+00
2.981188535690307617e+00
2.952395915985107422e+00
3.082118272781372070e+00
3.228371620178222656e+00
2.941434383392333984e+00
2.941952228546142578e+00
2.998024463653564453e+00
3.333559274673461914e+00
3.071668386459350586e+00
3.029723405838012695e+00
3.270010948181152344e+00
2.986792087554931641e+00
2.904054164886474609e+00
3.071478366851806641e+00
3.269350290298461914e+00
3.082265615463256836e+00
3.040642738342285156e+00
3.331560134887695312e+00
3.283963441848754883e+00
3.135323286056518555e+00
3.091517448425292969e+00
2.933340549468994141e+00
2.823051929473876953e+00
2.935458660125732422e+00
3.049742698669433594e+00
3.029711246490478516e+00
3.145109653472900391e+00
2.985658884048461914e+00
2.997552871704101562e+00
2.951413393020629883e+00
3.042139768600463867e+00
3.287614345550537109e+00
3.128591537475585938e+00
3.117733955383300781e+00
3.201404094696044922e+00
2.795221567153930664e+00
2.772585391998291016e+00
2.812494277954101562e+00
2.930696487426757812e+00
2.985333442687988281e+00
3.110855340957641602e+00
3.147251844406127930e+00
3.022014617919921875e+00
2.741648197174072266e+00
3.150721073150634766e+00
3.009525060653686523e+00
2.983846187591552734e+00
2.752799272537231445e+00
2.701414823532104492e+00
3.084641456604003906e+00
3.071221828460693359e+00
2.964071512222290039e+00
3.184768438339233398e+00
2.878006935119628906e+00
2.719789981842041016e+00
3.088395833969116211e+00
3.058557748794555664e+00
2.753643751144409180e+00
2.864949941635131836e+00
2.741002559661865234e+00
2.728609561920166016e+00
2.816845893859863281e+00
3.157071113586425781e+00
2.924793481826782227e+00
2.796459913253784180e+00
2.745322704315185547e+00
2.791709899902343750e+00
2.772918939590454102e+00
2.968654632568359375e+00
2.938763141632080078e+00
2.814520597457885742e+00
2.854163169860839844e+00
2.877480983734130859e+00
2.755732059478759766e+00
2.883314609527587891e+00
2.743552684783935547e+00
2.966851949691772461e+00
2.797667980194091797e+00
2.754199028015136719e+00
3.057303905487060547e+00
2.870883941650390625e+00
2.897310972213745117e+00
2.868854522705078125e+00
3.185685396194458008e+00
3.150723218917846680e+00
3.044638156890869141e+00
2.915059566497802734e+00
3.140477895736694336e+00
2.830905914306640625e+00
2.937142848968505859e+00
2.753616333007812500e+00
2.875329971313476562e+00
2.823967456817626953e+00
2.934079170227050781e+00
2.988207340240478516e+00
2.908413887023925781e+00
2.985038280487060547e+00
2.778492689132690430e+00
2.727472305297851562e+00
2.989780902862548828e+00
2.660443067550659180e+00
2.853504657745361328e+00
2.730730533599853516e+00
2.779575824737548828e+00
2.896479606628417969e+00
2.846669197082519531e+00
2.975814342498779297e+00
2.749669075012207031e+00
2.642365217208862305e+00
3.187922477722167969e+00
2.577279567718505859e+00
2.710440635681152344e+00
3.051157951354980469e+00
2.888504028320312500e+00
3.045213222503662109e+00
2.768664836883544922e+00
2.662547111511230469e+00
2.598760604858398438e+00
2.868047714233398438e+00
2.968669891357421875e+00
2.569105625152587891e+00
2.663275241851806641e+00
3.071409702301025391e+00
3.003294944763183594e+00
2.644548416137695312e+00
2.752830028533935547e+00
2.832309484481811523e+00
2.902192354202270508e+00
2.835829734802246094e+00
2.837917804718017578e+00
2.907962322235107422e+00
2.544691801071166992e+00
2.615983486175537109e+00
2.829636096954345703e+00
2.709631919860839844e+00
2.840283870697021484e+00
2.975321531295776367e+00
2.887441396713256836e+00
2.574904203414916992e+00
2.449819326400756836e+00
2.643488168716430664e+00
2.513004302978515625e+00
3.018027305603027344e+00
2.559986352920532227e+00
2.757620334625244141e+00
2.712266445159912109e+00
2.724948883056640625e+00
2.613838672637939453e+00
2.881810426712036133e+00
2.572501897811889648e+00
2.392465114593505859e+00
2.729640960693359375e+00
2.900078296661376953e+00
2.747189283370971680e+00
2.638020515441894531e+00
2.516517162322998047e+00
2.824945449829101562e+00
2.813586473464965820e+00
2.771384239196777344e+00
2.747399568557739258e+00
2.651131153106689453e+00
2.832360744476318359e+00
2.898939609527587891e+00
2.672788143157958984e+00
2.718499183654785156e+00
2.838722705841064453e+00
2.777364253997802734e+00
2.643852472305297852e+00
2.707376003265380859e+00
2.695360183715820312e+00
2.725115776062011719e+00
2.620017528533935547e+00
2.428668975830078125e+00
2.674129009246826172e+00
2.579252481460571289e+00
2.659713268280029297e+00
2.722190141677856445e+00
2.665513038635253906e+00
2.752723455429077148e+00
2.684339284896850586e+00
2.736793518066406250e+00
2.586964368820190430e+00
2.491844654083251953e+00
2.766012668609619141e+00
2.823818206787109375e+00
2.588795185089111328e+00
2.762385845184326172e+00
2.804864406585693359e+00
2.586805343627929688e+00
2.605148553848266602e+00
2.768797397613525391e+00
2.577517986297607422e+00
2.650505304336547852e+00
2.616092205047607422e+00
2.800584316253662109e+00
2.690244674682617188e+00
2.486806869506835938e+00
2.642962694168090820e+00
2.494070768356323242e+00
2.553571701049804688e+00
2.597113132476806641e+00
2.677678585052490234e+00
2.380613803863525391e+00
2.782664775848388672e+00
2.885329484939575195e+00
2.787540197372436523e+00
2.607810497283935547e+00
2.569176197052001953e+00
2.727676391601562500e+00
2.573226451873779297e+00
2.523159980773925781e+00
2.827134609222412109e+00
2.730091810226440430e+00
2.834823131561279297e+00
2.666823387145996094e+00
2.737082958221435547e+00
2.890135288238525391e+00
2.636959075927734375e+00
2.683849811553955078e+00
2.320520401000976562e+00
2.484093904495239258e+00
2.723218917846679688e+00
2.340735435485839844e+00
2.302441596984863281e+00
2.592869281768798828e+00
2.514580249786376953e+00
2.575384140014648438e+00
2.682873964309692383e+00
2.679289102554321289e+00
2.462822198867797852e+00
2.397112369537353516e+00
2.899429798126220703e+00
2.661694288253784180e+00
2.389442443847656250e+00
2.494765043258666992e+00
2.663441181182861328e+00
2.589773654937744141e+00
2.650406122207641602e+00
2.404897689819335938e+00
2.314197540283203125e+00
2.401227951049804688e+00
2.400969982147216797e+00
2.510435342788696289e+00
2.455090761184692383e+00
2.589818239212036133e+00
2.297945261001586914e+00
2.585103034973144531e+00
2.326899051666259766e+00
2.471227645874023438e+00
2.534998416900634766e+00
2.653474330902099609e+00
2.655200481414794922e+00
2.422082901000976562e+00
2.445492267608642578e+00
2.567856073379516602e+00
2.529372692108154297e+00
2.418313503265380859e+00
2.308595180511474609e+00
2.525515794754028320e+00
2.644716739654541016e+00
2.468125820159912109e+00
2.539776325225830078e+00
2.423528671264648438e+00
2.240794658660888672e+00
2.461340665817260742e+00
2.611598730087280273e+00
2.440948963165283203e+00
2.392891407012939453e+00
2.369392395019531250e+00
2.335797786712646484e+00
2.644859790802001953e+00
2.527047872543334961e+00
2.858634948730468750e+00
2.557265758514404297e+00
2.277637481689453125e+00
2.369935035705566406e+00
2.397835969924926758e+00
2.514272689819335938e+00
2.351515769958496094e+00
2.448490619659423828e+00
2.518610954284667969e+00
2.414225101470947266e+00
2.454391241073608398e+00
2.297363758087158203e+00
2.383807182312011719e+00
2.353496313095092773e+00
2.365689516067504883e+00
2.300474643707275391e+00
2.527842998504638672e+00
2.504296302795410156e+00
2.367129325866699219e+00
2.344987392425537109e+00
2.367435693740844727e+00
2.261460065841674805e+00
2.534891128540039062e+00
2.160148859024047852e+00
2.508249998092651367e+00
2.234530925750732422e+00
2.419697046279907227e+00
2.156568050384521484e+00
2.249349832534790039e+00
2.433671474456787109e+00
2.377135515213012695e+00
2.568076848983764648e+00
2.144103288650512695e+00
2.201347827911376953e+00
2.557426929473876953e+00
2.405835151672363281e+00
2.421674489974975586e+00
3.152322292327880859e+00
2.240722179412841797e+00
2.521493434906005859e+00
2.132396221160888672e+00
2.406954526901245117e+00
2.296156883239746094e+00
2.481528997421264648e+00
2.058315753936767578e+00
2.364374160766601562e+00
2.387917041778564453e+00
2.244850873947143555e+00
2.449475288391113281e+00
2.374761343002319336e+00
2.365265846252441406e+00
2.238394260406494141e+00
2.333361864089965820e+00
2.190658807754516602e+00
2.360515117645263672e+00
2.236236572265625000e+00
2.335797548294067383e+00
2.570285320281982422e+00
2.449433565139770508e+00
2.419066905975341797e+00
2.279450654983520508e+00
2.152530193328857422e+00
2.324834823608398438e+00
2.336055755615234375e+00
2.246761083602905273e+00
2.185092449188232422e+00
2.317465305328369141e+00
2.206674098968505859e+00
2.463876724243164062e+00
2.435079097747802734e+00
2.347918033599853516e+00
2.438738822937011719e+00
2.344289302825927734e+00
2.297749996185302734e+00
2.129612445831298828e+00
2.193122863769531250e+00
2.185353517532348633e+00
2.255892992019653320e+00
2.405225276947021484e+00
2.211253166198730469e+00
2.434723138809204102e+00
2.282095193862915039e+00
2.432899713516235352e+00
2.584183216094970703e+00
2.364258289337158203e+00
2.278388977050781250e+00
2.219568490982055664e+00
2.278167724609375000e+00
2.046617746353149414e+00
2.271153688430786133e+00
2.046901226043701172e+00
2.317968368530273438e+00
2.335909366607666016e+00
2.245730400085449219e+00
2.107850074768066406e+00
2.238820552825927734e+00
2.147903442382812500e+00
2.270052909851074219e+00
2.303635358810424805e+00
2.079105854034423828e+00
2.295768260955810547e+00
2.229002714157104492e+00
2.174707412719726562e+00
2.017588138580322266e+00
2.258245468139648438e+00
2.217796802520751953e+00
2.308618545532226562e+00
2.245860099792480469e+00
2.194311618804931641e+00
2.357959747314453125e+00
2.505326271057128906e+00
2.178707122802734375e+00
2.214705944061279297e+00
2.295840263366699219e+00
2.283010959625244141e+00
2.186435699462890625e+00
2.384488105773925781e+00
2.128161430358886719e+00
2.029524803161621094e+00
2.255815029144287109e+00
1.948049545288085938e+00
2.336513996124267578e+00
2.380524635314941406e+00
2.192284107208251953e+00
2.364315748214721680e+00
2.160518407821655273e+00
2.043525695800781250e+00
2.139097213745117188e+00
2.154620170593261719e+00
2.298488140106201172e+00
2.203607082366943359e+00
2.203154563903808594e+00
1.993598699569702148e+00
2.243687629699707031e+00
2.144266843795776367e+00
2.130040884017944336e+00
2.289601325988769531e+00
1.985036253929138184e+00
1.897184133529663086e+00
2.117625236511230469e+00
2.146166324615478516e+00
2.183721065521240234e+00
1.954786539077758789e+00
2.139376163482666016e+00
1.935761451721191406e+00
2.239866018295288086e+00
2.121433973312377930e+00
2.177323818206787109e+00
2.093630790710449219e+00
2.155666828155517578e+00
2.208364486694335938e+00
2.288347721099853516e+00
2.241532325744628906e+00
2.138417243957519531e+00
2.069768905639648438e+00
2.200096607208251953e+00
2.093461513519287109e+00
2.196394920349121094e+00
2.118989467620849609e+00
2.146573543548583984e+00
1.925067186355590820e+00
2.093263149261474609e+00
2.013758659362792969e+00
2.179676055908203125e+00
1.896328330039978027e+00
1.944312095642089844e+00
2.190581798553466797e+00
2.243120670318603516e+00
2.058630943298339844e+00
1.937496423721313477e+00
1.954993367195129395e+00
2.093112230300903320e+00
2.102437496185302734e+00
2.143268108367919922e+00
2.047178268432617188e+00
1.980987668037414551e+00
2.152766704559326172e+00
2.008057832717895508e+00
2.177054882049560547e+00
1.900805473327636719e+00
2.031033039093017578e+00
2.208807468414306641e+00
2.135295629501342773e+00
2.060486793518066406e+00
1.994458436965942383e+00
2.093258857727050781e+00
2.031670570373535156e+00
2.146912574768066406e+00
2.149743080139160156e+00
2.008103847503662109e+00
2.176299810409545898e+00
1.969188451766967773e+00
2.003915309906005859e+00
2.238567113876342773e+00
2.173255920410156250e+00
1.949053525924682617e+00
2.098963737487792969e+00
2.008754014968872070e+00
2.003586292266845703e+00
2.086122274398803711e+00
2.036405086517333984e+00
2.111356496810913086e+00
1.957404375076293945e+00
2.153467655181884766e+00
1.958820581436157227e+00
1.909279584884643555e+00
2.054589748382568359e+00
1.863774657249450684e+00
2.415513753890991211e+00
2.208382606506347656e+00
2.012159824371337891e+00
2.221414089202880859e+00
1.922800540924072266e+00
2.043784141540527344e+00
2.245088577270507812e+00
2.070468187332153320e+00
2.062755346298217773e+00
2.003888607025146484e+00
1.868116378784179688e+00
1.854729890823364258e+00
1.840370059013366699e+00
2.301843404769897461e+00
1.979111433029174805e+00
1.901624798774719238e+00
1.762729644775390625e+00
2.073344230651855469e+00
2.190656661987304688e+00
2.082628965377807617e+00
1.790661334991455078e+00
2.019730806350708008e+00
2.303900957107543945e+00
2.063429832458496094e+00
2.144422054290771484e+00
1.867635726928710938e+00
1.917335748672485352e+00
2.097475528717041016e+00
1.922028779983520508e+00
2.002714633941650391e+00
1.968881964683532715e+00
2.170113086700439453e+00
1.808246731758117676e+00
1.967404961585998535e+00
1.870917558670043945e+00
1.983701705932617188e+00
1.636113882064819336e+00
1.993665337562561035e+00
1.832008361816406250e+00
1.959885716438293457e+00
1.962269902229309082e+00
1.999786615371704102e+00
1.996754765510559082e+00
1.891541123390197754e+00
1.705281972885131836e+00
1.957713842391967773e+00
2.026408433914184570e+00
1.832731723785400391e+00
1.934711337089538574e+00
1.719676256179809570e+00
1.911635160446166992e+00
2.053695201873779297e+00
1.859411954879760742e+00
1.959658026695251465e+00
2.061004161834716797e+00
2.059880971908569336e+00
1.893284320831298828e+00
1.693634986877441406e+00
1.771210193634033203e+00
1.823184967041015625e+00
1.857967734336853027e+00
2.245116233825683594e+00
2.029227256774902344e+00
1.966219186782836914e+00
1.898209691047668457e+00
1.958922386169433594e+00
2.118870735168457031e+00
1.870659828186035156e+00
1.822803020477294922e+00
1.909417748451232910e+00
1.871675729751586914e+00
1.773695468902587891e+00
1.904850959777832031e+00
1.950794339179992676e+00
1.702002406120300293e+00
2.027541637420654297e+00
1.865975737571716309e+00
1.812291860580444336e+00
2.040755271911621094e+00
1.776029706001281738e+00
1.731908559799194336e+00
1.719196677207946777e+00
1.928398132324218750e+00
1.683565855026245117e+00
1.924293160438537598e+00
1.770471334457397461e+00
1.962946414947509766e+00
1.893717885017395020e+00
2.056701660156250000e+00
1.857627630233764648e+00
1.874830365180969238e+00
1.741427659988403320e+00
1.840598106384277344e+00
1.828342914581298828e+00
1.880406260490417480e+00
1.761764526367187500e+00
2.010096549987792969e+00
1.927474975585937500e+00
1.854946374893188477e+00
1.967656612396240234e+00
1.871688246726989746e+00
1.881337404251098633e+00
1.942481040954589844e+00
1.741352796554565430e+00
1.932868361473083496e+00
1.867031812667846680e+00
1.957834005355834961e+00
1.931160926818847656e+00
2.083762168884277344e+00
2.064947366714477539e+00
1.921785473823547363e+00
1.861444711685180664e+00
1.990210771560668945e+00
1.736231565475463867e+00
1.892021179199218750e+00
2.060250520706176758e+00
1.583827495574951172e+00
1.589007616043090820e+00
1.989946126937866211e+00
1.797625303268432617e+00
1.753602147102355957e+00
1.852033138275146484e+00
1.898468971252441406e+00
2.031336307525634766e+00
1.995614290237426758e+00
1.714485764503479004e+00
1.798541665077209473e+00
1.835550546646118164e+00
2.081670045852661133e+00
1.868270277976989746e+00
1.781489849090576172e+00
1.853096365928649902e+00
1.866843223571777344e+00
1.798740744590759277e+00
1.762629747390747070e+00
1.751409292221069336e+00
2.010312795639038086e+00
1.848051667213439941e+00
1.824494838714599609e+00
1.865407466888427734e+00
1.976803779602050781e+00
1.862877964973449707e+00
2.034660339355468750e+00
1.919802665710449219e+00
1.790334701538085938e+00
1.929962635040283203e+00
1.831417560577392578e+00
1.861769914627075195e+00
1.872372984886169434e+00
1.871359348297119141e+00
1.711134672164916992e+00
1.999585032463073730e+00
1.702306389808654785e+00
1.848689436912536621e+00
1.822278499603271484e+00
1.869970798492431641e+00
1.812059879302978516e+00
1.912170171737670898e+00
1.592610597610473633e+00
1.641189098358154297e+00
1.796881198883056641e+00
1.765423297882080078e+00
1.784685373306274414e+00
1.785500526428222656e+00
1.872725129127502441e+00
1.861260294914245605e+00
1.813318252563476562e+00
1.708854556083679199e+00
1.744526386260986328e+00
1.726907014846801758e+00
1.655695199966430664e+00
1.932215094566345215e+00
1.702613949775695801e+00
1.730522990226745605e+00
1.754882097244262695e+00
1.772331118583679199e+00
1.599470138549804688e+00
1.606805682182312012e+00
1.650004625320434570e+00
1.777528882026672363e+00
2.146458148956298828e+00
1.709731817245483398e+00
1.608337402343750000e+00
1.760975718498229980e+00
1.944850921630859375e+00
1.885893464088439941e+00
1.670216083526611328e+00
1.703361749649047852e+00
1.860133886337280273e+00
1.730272293090820312e+00
1.781252384185791016e+00
1.884981632232666016e+00
1.789297342300415039e+00
1.722923040390014648e+00
1.729769706726074219e+00
1.788472652435302734e+00
1.762803792953491211e+00
1.810505867004394531e+00
1.671135425567626953e+00
1.621633410453796387e+00
1.698037147521972656e+00
1.647946238517761230e+00
1.732407450675964355e+00
2.018145084381103516e+00
2.029110431671142578e+00
1.563900709152221680e+00
1.895293235778808594e+00
1.690620064735412598e+00
2.043262481689453125e+00
1.771973848342895508e+00
1.585721492767333984e+00
1.733330130577087402e+00
1.748163223266601562e+00
1.777263641357421875e+00
1.550550580024719238e+00
1.746933937072753906e+00
1.764611005783081055e+00
1.810844182968139648e+00
1.596516609191894531e+00
1.614435195922851562e+00
1.603035688400268555e+00
1.823682546615600586e+00
1.757589578628540039e+00
1.520638465881347656e+00
1.810041069984436035e+00
1.766658306121826172e+00
1.799525737762451172e+00
1.810776948928833008e+00
1.644668936729431152e+00
1.836613893508911133e+00
1.693195343017578125e+00
1.653822422027587891e+00
1.863664507865905762e+00
1.814238548278808594e+00
1.796534061431884766e+00
1.606192350387573242e+00
1.843150138854980469e+00
1.744720458984375000e+00
1.677634119987487793e+00
1.700386762619018555e+00
1.704140186309814453e+00
1.634956121444702148e+00
1.807745218276977539e+00
1.827794194221496582e+00
1.738336324691772461e+00
1.648557662963867188e+00
1.552971363067626953e+00
1.933520793914794922e+00
1.692228198051452637e+00
1.676264762878417969e+00
1.806848526000976562e+00
1.488666534423828125e+00
1.573813199996948242e+00
1.735027194023132324e+00
1.462940335273742676e+00
1.655476808547973633e+00
1.675593972206115723e+00
1.494971871376037598e+00
1.725010037422180176e+00
1.782290935516357422e+00
1.631963014602661133e+00
1.713251471519470215e+00
1.870990276336669922e+00
1.548285961151123047e+00
1.631108522415161133e+00
1.730341196060180664e+00
1.682569742202758789e+00
1.630127906799316406e+00
1.644966125488281250e+00
1.555982351303100586e+00
1.456751585006713867e+00
1.541449666023254395e+00
1.645259141921997070e+00
1.801452636718750000e+00
1.766074180603027344e+00
1.726006507873535156e+00
1.412582278251647949e+00
1.790916919708251953e+00
1.464536666870117188e+00
1.543332099914550781e+00
1.623842239379882812e+00
1.505117893218994141e+00
1.657957792282104492e+00
1.583277940750122070e+00
1.342002391815185547e+00
1.702376127243041992e+00
1.732046842575073242e+00
1.653710961341857910e+00
1.591058135032653809e+00
1.863013267517089844e+00
1.723001837730407715e+00
1.714751482009887695e+00
1.605614423751831055e+00
1.579678297042846680e+00
1.463047027587890625e+00
1.695403337478637695e+00
1.598618388175964355e+00
1.827681303024291992e+00
1.628318786621093750e+00
1.574508428573608398e+00
1.484536051750183105e+00
1.521771669387817383e+00
1.710541248321533203e+00
1.689595103263854980e+00
1.488743543624877930e+00
1.412186980247497559e+00
1.602674484252929688e+00
1.562159538269042969e+00
1.516399383544921875e+00
1.829995155334472656e+00
1.615549564361572266e+00
1.653365850448608398e+00
1.526686549186706543e+00
1.901112794876098633e+00
1.556936502456665039e+00
1.542309403419494629e+00
1.721035361289978027e+00
1.635644674301147461e+00
1.520616531372070312e+00
1.648442268371582031e+00
1.596779108047485352e+00
1.710529327392578125e+00
1.662117838859558105e+00
1.613568544387817383e+00
1.806077480316162109e+00
1.510039925575256348e+00
1.611344099044799805e+00
1.423728108406066895e+00
1.835171103477478027e+00
1.532470703125000000e+00
1.615812778472900391e+00
1.681690573692321777e+00
1.688181042671203613e+00
1.572705149650573730e+00
1.462732076644897461e+00
1.852608442306518555e+00
1.655015230178833008e+00
1.580606818199157715e+00
1.605692148208618164e+00
1.641999244689941406e+00
1.517600774765014648e+00
1.519334316253662109e+00
1.648183107376098633e+00
1.609597206115722656e+00
1.525379061698913574e+00
1.682125806808471680e+00
1.761234521865844727e+00
1.524023532867431641e+00
1.462927579879760742e+00
1.526758193969726562e+00
1.633989572525024414e+00
1.315365076065063477e+00
1.729036569595336914e+00
1.437363624572753906e+00
1.469790697097778320e+00
1.785975456237792969e+00
1.657062053680419922e+00
1.361575841903686523e+00
1.493163228034973145e+00
1.555323123931884766e+00
1.564390420913696289e+00
1.735849142074584961e+00
1.570184946060180664e+00
1.446485042572021484e+00
1.521233201026916504e+00
1.553304553031921387e+00
1.547061920166015625e+00
1.454455852508544922e+00
1.606163620948791504e+00
1.582254528999328613e+00
1.640932679176330566e+00
1.533753871917724609e+00
1.714189052581787109e+00
1.580157279968261719e+00
1.543452978134155273e+00
1.669427394866943359e+00
1.467413544654846191e+00
1.402418136596679688e+00
1.516914367675781250e+00
1.613281011581420898e+00
1.498192310333251953e+00
1.525417685508728027e+00
1.517632246017456055e+00
1.458189249038696289e+00
1.496575951576232910e+00
1.479401350021362305e+00
1.812945961952209473e+00
1.492444992065429688e+00
1.569254040718078613e+00
1.733216643333435059e+00
1.537684082984924316e+00
1.508633852005004883e+00
1.604934334754943848e+00
1.618467688560485840e+00
1.435708761215209961e+00
1.420392274856567383e+00
1.595318078994750977e+00
1.723059535026550293e+00
1.620900392532348633e+00
1.399822354316711426e+00
1.571796178817749023e+00
1.560625076293945312e+00
1.518704414367675781e+00
1.609038591384887695e+00
1.670488953590393066e+00
1.558929681777954102e+00
1.451045513153076172e+00
1.336706161499023438e+00
1.525383949279785156e+00
1.478116512298583984e+00
1.583900213241577148e+00
1.627839088439941406e+00
1.491875648498535156e+00
1.614055871963500977e+00
1.410935521125793457e+00
1.533281087875366211e+00
1.721735000610351562e+00
1.620180606842041016e+00
1.381167173385620117e+00
1.501451730728149414e+00
1.589106082916259766e+00
1.437134861946105957e+00
1.588091850280761719e+00
1.460841417312622070e+00
1.463459730148315430e+00
1.308726787567138672e+00
1.669425725936889648e+00
1.349339485168457031e+00
1.507716536521911621e+00
1.614998459815979004e+00
1.492495894432067871e+00
1.488569378852844238e+00
1.733541727066040039e+00
1.511956930160522461e+00
1.428024768829345703e+00
1.514062643051147461e+00
1.424596309661865234e+00
1.597190380096435547e+00
1.638709306716918945e+00
1.537772893905639648e+00
1.423021316528320312e+00
1.643201589584350586e+00
1.551916599273681641e+00
1.445002079010009766e+00
1.427764177322387695e+00
1.538711786270141602e+00
1.300038337707519531e+00
1.606630563735961914e+00
1.369109511375427246e+00
1.588414669036865234e+00
1.615089774131774902e+00
1.528507709503173828e+00
1.507411956787109375e+00
1.501172900199890137e+00
1.428982615470886230e+00
1.678345680236816406e+00
1.342232942581176758e+00
1.425150632858276367e+00
1.368475437164306641e+00
1.310080170631408691e+00
1.370330929756164551e+00
1.575888156890869141e+00
1.467338323593139648e+00
1.545890092849731445e+00
1.443753838539123535e+00
1.476844310760498047e+00
1.445410847663879395e+00
1.588899374008178711e+00
1.387862920761108398e+00
1.503153085708618164e+00
1.502119064331054688e+00
1.402280211448669434e+00
1.420096874237060547e+00
1.587246656417846680e+00
1.506595134735107422e+00
1.651846885681152344e+00
1.406657218933105469e+00
1.577260255813598633e+00
1.364946484565734863e+00
1.517728328704833984e+00
1.611803531646728516e+00
1.402111291885375977e+00
1.435479402542114258e+00
1.312508821487426758e+00
1.220212340354919434e+00
1.580828428268432617e+00
1.296082496643066406e+00
1.370400786399841309e+00
1.358099460601806641e+00
1.577673673629760742e+00
1.303429961204528809e+00
1.589262008666992188e+00
1.522979974746704102e+00
1.348720788955688477e+00
1.508445501327514648e+00
1.403949499130249023e+00
1.430554151535034180e+00
1.310812950134277344e+00
1.401919126510620117e+00
1.421967267990112305e+00
1.408123850822448730e+00
1.407146215438842773e+00
1.430474638938903809e+00
1.529209375381469727e+00
1.469716787338256836e+00
1.447418928146362305e+00
1.427655100822448730e+00
1.448529601097106934e+00
1.640478849411010742e+00
1.444591522216796875e+00
1.445465087890625000e+00
1.341316342353820801e+00
1.373759031295776367e+00
1.470577597618103027e+00
1.394961476325988770e+00
1.267994642257690430e+00
1.447441816329956055e+00
1.496895551681518555e+00
1.444009304046630859e+00
1.511701583862304688e+00
1.564219951629638672e+00
1.363875627517700195e+00
1.471626758575439453e+00
1.564554929733276367e+00
1.409160852432250977e+00
1.505453109741210938e+00
1.611076235771179199e+00
1.439848542213439941e+00
1.456313848495483398e+00
1.299765825271606445e+00
1.458128929138183594e+00
1.308800816535949707e+00
1.364302515983581543e+00
1.259025573730468750e+00
1.379662632942199707e+00
1.417061090469360352e+00
1.429168224334716797e+00
1.520219564437866211e+00
1.419104337692260742e+00
1.289276480674743652e+00
1.511348724365234375e+00
1.301156997680664062e+00
1.189944267272949219e+00
1.375330209732055664e+00
1.443286776542663574e+00
1.226173639297485352e+00
1.492663741111755371e+00
1.304782509803771973e+00
1.213874220848083496e+00
1.428551435470581055e+00
1.247462153434753418e+00
1.195922017097473145e+00
1.348056197166442871e+00
1.542964100837707520e+00
1.441389083862304688e+00
1.281484127044677734e+00
1.341378211975097656e+00
1.474529266357421875e+00
1.519742846488952637e+00
1.450560688972473145e+00
1.397539854049682617e+00
1.380391120910644531e+00
1.443326234817504883e+00
1.358011960983276367e+00
1.553923606872558594e+00
1.273998260498046875e+00
1.348366975784301758e+00
1.427484273910522461e+00
1.222403764724731445e+00
1.392659783363342285e+00
1.637840390205383301e+00
1.506321907043457031e+00
1.253641128540039062e+00
1.388099312782287598e+00
1.488314151763916016e+00
1.420699119567871094e+00
1.379720687866210938e+00
1.371603488922119141e+00
1.240521669387817383e+00
1.225348234176635742e+00
1.404533267021179199e+00
1.189841508865356445e+00
1.326279640197753906e+00
1.402949571609497070e+00
1.462114691734313965e+00
1.337452888488769531e+00
1.489130139350891113e+00
1.317036747932434082e+00
1.361544728279113770e+00
1.205360174179077148e+00
1.459613084793090820e+00
1.416884779930114746e+00
1.416956424713134766e+00
1.349480748176574707e+00
1.467020750045776367e+00
1.273322939872741699e+00
1.265940904617309570e+00
1.490156173706054688e+00
1.471335291862487793e+00
1.408999204635620117e+00
1.472332715988159180e+00
1.239268779754638672e+00
1.431390285491943359e+00
1.459161043167114258e+00
1.443572282791137695e+00
1.179458618164062500e+00
1.360893011093139648e+00
1.180567145347595215e+00
1.200328350067138672e+00
1.246199846267700195e+00
1.316951036453247070e+00
1.147540330886840820e+00
1.307311892509460449e+00
1.213925123214721680e+00
1.488484740257263184e+00
1.229445219039916992e+00
1.250203132629394531e+00
1.307334184646606445e+00
1.412685155868530273e+00
1.407042741775512695e+00
1.452470779418945312e+00
1.314698100090026855e+00
1.370499134063720703e+00
1.218483686447143555e+00
1.204690575599670410e+00
1.159849882125854492e+00
1.367491483688354492e+00
1.315401196479797363e+00
1.359158754348754883e+00
1.318200588226318359e+00
1.466133117675781250e+00
1.233652591705322266e+00
1.468224763870239258e+00
1.338813185691833496e+00
1.132755994796752930e+00
1.415202856063842773e+00
1.358471274375915527e+00
1.349851608276367188e+00
1.241614580154418945e+00
1.338586091995239258e+00
1.404691576957702637e+00
1.318823218345642090e+00
1.169062972068786621e+00
1.469995617866516113e+00
1.311827421188354492e+00
1.332900285720825195e+00
1.402091026306152344e+00
1.352417588233947754e+00
1.431761145591735840e+00
1.458200931549072266e+00
1.461842656135559082e+00
1.340889096260070801e+00
1.155973553657531738e+00
1.378566026687622070e+00
1.359864592552185059e+00
1.410233974456787109e+00
1.361560821533203125e+00
1.344071626663208008e+00
1.352517127990722656e+00
1.151125550270080566e+00
1.396862268447875977e+00
1.374668240547180176e+00
1.263990879058837891e+00
1.304052114486694336e+00
1.310267210006713867e+00
1.556916952133178711e+00
1.317407608032226562e+00
1.291534781455993652e+00
1.389069318771362305e+00
1.359087228775024414e+00
1.129523038864135742e+00
1.112673521041870117e+00
1.492028832435607910e+00
1.307987928390502930e+00
1.309988975524902344e+00
1.321437835693359375e+00
1.138000488281250000e+00
1.176702022552490234e+00
1.294106245040893555e+00
1.230411648750305176e+00
1.440483331680297852e+00
1.194461107254028320e+00
1.099563598632812500e+00
1.323480367660522461e+00
1.337277889251708984e+00
1.255081653594970703e+00
1.267303705215454102e+00
1.282154917716979980e+00
1.295633673667907715e+00
1.155953288078308105e+00
1.335894107818603516e+00
1.247173905372619629e+00
1.285090804100036621e+00
1.302901983261108398e+00
1.263524770736694336e+00
1.339828729629516602e+00
1.249622583389282227e+00
1.203659296035766602e+00
1.313709497451782227e+00
1.258699536323547363e+00
1.347357034683227539e+00
1.296461105346679688e+00
1.229758739471435547e+00
1.242676258087158203e+00
1.228281497955322266e+00
1.267876029014587402e+00
1.318681478500366211e+00
1.340735673904418945e+00
1.211617827415466309e+00
1.392667889595031738e+00
1.422191619873046875e+00
1.370138883590698242e+00
1.424787521362304688e+00
1.138179183006286621e+00
1.294785737991333008e+00
1.408889412879943848e+00
1.235231399536132812e+00
1.121833682060241699e+00
1.378652572631835938e+00
1.213550806045532227e+00
1.153653383255004883e+00
1.238234996795654297e+00
1.366526007652282715e+00
1.211339235305786133e+00
1.171795129776000977e+00
1.200526833534240723e+00
1.394831776618957520e+00
1.344504475593566895e+00
1.287505626678466797e+00
1.247523546218872070e+00
1.234195113182067871e+00
1.189552664756774902e+00
1.072217583656311035e+00
1.410646438598632812e+00
1.251313924789428711e+00
1.149304151535034180e+00
1.264846682548522949e+00
1.209864377975463867e+00
1.212462902069091797e+00
1.189902067184448242e+00
1.295072436332702637e+00
1.299092054367065430e+00
1.241159439086914062e+00
1.254315376281738281e+00
1.280571222305297852e+00
1.330460786819458008e+00
1.050226449966430664e+00
1.202161431312561035e+00
1.256476521492004395e+00
1.202594995498657227e+00
1.483319044113159180e+00
1.263034820556640625e+00
1.322289109230041504e+00
1.269533157348632812e+00
1.136035680770874023e+00
1.325039386749267578e+00
1.303865909576416016e+00
1.337586879730224609e+00
1.216255187988281250e+00
1.268844366073608398e+00
1.275332927703857422e+00
1.369864702224731445e+00
1.411820054054260254e+00
1.058895945549011230e+00
1.122643470764160156e+00
1.283858060836791992e+00
1.334158658981323242e+00
1.221824049949645996e+00
1.374317049980163574e+00
1.390258550643920898e+00
1.311958789825439453e+00
1.314044237136840820e+00
1.375647306442260742e+00
1.225744128227233887e+00
1.382924795150756836e+00
1.181487321853637695e+00
1.208426237106323242e+00
1.226535320281982422e+00
1.131784081459045410e+00
1.255343198776245117e+00
1.274631261825561523e+00
1.244596004486083984e+00
1.063927292823791504e+00
1.200807213783264160e+00
1.178641796112060547e+00
1.211825489997863770e+00
1.091942071914672852e+00
1.311978340148925781e+00
1.291395187377929688e+00
1.173941254615783691e+00
1.459903717041015625e+00
1.134820222854614258e+00
1.105692148208618164e+00
1.211800932884216309e+00
1.220225811004638672e+00
1.325193405151367188e+00
1.101006984710693359e+00
1.307144165039062500e+00
1.286428570747375488e+00
1.132646441459655762e+00
9.163882136344909668e-01
1.351984977722167969e+00
1.163683891296386719e+00
1.197781085968017578e+00
1.197980642318725586e+00
1.204622745513916016e+00
1.197694897651672363e+00
1.247515678405761719e+00
1.152270197868347168e+00
1.189435243606567383e+00
1.398087501525878906e+00
1.139087200164794922e+00
1.309370040893554688e+00
1.144815921783447266e+00
1.173425912857055664e+00
1.213201999664306641e+00
1.602956175804138184e+00
1.132288813591003418e+00
1.078403711318969727e+00
1.272567987442016602e+00
1.307940840721130371e+00
1.188323497772216797e+00
1.261636257171630859e+00
1.075721025466918945e+00
1.219583272933959961e+00
1.341623902320861816e+00
1.242836713790893555e+00
1.213797330856323242e+00
1.248312115669250488e+00
1.149420738220214844e+00
1.198895931243896484e+00
1.151495218276977539e+00
1.313391923904418945e+00
1.187541961669921875e+00
1.212226390838623047e+00
1.191640615463256836e+00
1.287160754203796387e+00
1.215619564056396484e+00
1.162929654121398926e+00
1.261875152587890625e+00
1.222514033317565918e+00
1.073238849639892578e+00
1.179262280464172363e+00
1.039128065109252930e+00
1.152081012725830078e+00
1.095715761184692383e+00
1.256988883018493652e+00
1.228679180145263672e+00
1.159507155418395996e+00
1.118232250213623047e+00
1.129536867141723633e+00
1.146345376968383789e+00
1.320358514785766602e+00
1.215291738510131836e+00
1.219383239746093750e+00
1.183965682983398438e+00
1.135776758193969727e+00
1.205630302429199219e+00
1.085280895233154297e+00
1.058013200759887695e+00
1.239274978637695312e+00
1.157620429992675781e+00
9.954001307487487793e-01
1.105849146842956543e+00
1.133338809013366699e+00
1.117667555809020996e+00
1.265378952026367188e+00
1.041953206062316895e+00
1.264973163604736328e+00
1.072024345397949219e+00
1.126673579216003418e+00
1.077550411224365234e+00
1.028874635696411133e+00
1.119362592697143555e+00
1.207253456115722656e+00
1.048353910446166992e+00
1.224120378494262695e+00
1.290791511535644531e+00
1.076775312423706055e+00
1.047964811325073242e+00
1.131587028503417969e+00
1.023573398590087891e+00
1.017925977706909180e+00
1.186732769012451172e+00
1.119724273681640625e+00
1.300779819488525391e+00
1.219613790512084961e+00
1.139796853065490723e+00
1.160200238227844238e+00
1.144042491912841797e+00
9.698663353919982910e-01
1.138574481010437012e+00
9.361311793327331543e-01
1.192013621330261230e+00
1.226721048355102539e+00
1.308289766311645508e+00
1.173719882965087891e+00
1.313600063323974609e+00
1.201010227203369141e+00
1.008829116821289062e+00
1.030159950256347656e+00
1.343222856521606445e+00
1.131734371185302734e+00
1.111476421356201172e+00
1.026653766632080078e+00
1.258749127388000488e+00
1.129514336585998535e+00
1.224834799766540527e+00
1.134505152702331543e+00
1.155115127563476562e+00
1.148764610290527344e+00
1.218865036964416504e+00
1.296779751777648926e+00
1.134610533714294434e+00
1.257524132728576660e+00
1.096146106719970703e+00
1.295199275016784668e+00
1.136409282684326172e+00
1.164335727691650391e+00
1.144439220428466797e+00
1.128768444061279297e+00
1.198422670364379883e+00
1.202868461608886719e+00
1.233530044555664062e+00
1.139451384544372559e+00
1.051205277442932129e+00
1.175188779830932617e+00
1.097389221191406250e+00
1.196969270706176758e+00
1.283974766731262207e+00
1.201672792434692383e+00
1.154165267944335938e+00
9.750378131866455078e-01
1.183483123779296875e+00
1.104330062866210938e+00
1.100885748863220215e+00
1.277537107467651367e+00
1.147671341896057129e+00
1.147700309753417969e+00
1.113210082054138184e+00
1.004338622093200684e+00
1.078956842422485352e+00
1.106970071792602539e+00
1.001313328742980957e+00
9.618917703628540039e-01
1.075172185897827148e+00
1.146901130676269531e+00
1.197292923927307129e+00
1.243954420089721680e+00
1.166242122650146484e+00
1.082493066787719727e+00
1.209866881370544434e+00
9.871592521667480469e-01
1.089365839958190918e+00
1.071210384368896484e+00
1.142617225646972656e+00
9.803669452667236328e-01
1.021274328231811523e+00
1.076168179512023926e+00
1.032618761062622070e+00
9.843270182609558105e-01
1.271796941757202148e+00
1.230963945388793945e+00
1.157693624496459961e+00
1.148806095123291016e+00
1.216341257095336914e+00
1.075835227966308594e+00
1.025720596313476562e+00
1.096017956733703613e+00
1.084290862083435059e+00
1.164498567581176758e+00
1.078058481216430664e+00
1.079726219177246094e+00
1.115227818489074707e+00
1.117842316627502441e+00
1.035509347915649414e+00
1.068072795867919922e+00
1.152095913887023926e+00
1.135030627250671387e+00
1.083274483680725098e+00
1.159183740615844727e+00
1.114730596542358398e+00
1.046713590621948242e+00
1.189973115921020508e+00
1.140518903732299805e+00
1.122152805328369141e+00
1.083627462387084961e+00
9.487988352775573730e-01
1.099538207054138184e+00
1.103193521499633789e+00
1.079992890357971191e+00
1.055101513862609863e+00
1.018816351890563965e+00
1.010255575180053711e+00
1.053033232688903809e+00
1.034092545509338379e+00
1.152658700942993164e+00
1.010662198066711426e+00
1.145528197288513184e+00
1.201299190521240234e+00
1.110662221908569336e+00
1.182845830917358398e+00
1.159775137901306152e+00
1.056636333465576172e+00
1.115117430686950684e+00
1.340264081954956055e+00
1.001101970672607422e+00
1.021232008934020996e+00
1.012954235076904297e+00
1.167919635772705078e+00
1.076527237892150879e+00
1.138317823410034180e+00
1.030498385429382324e+00
1.043842315673828125e+00
1.166568279266357422e+00
9.956326484680175781e-01
1.059700727462768555e+00
9.845249652862548828e-01
1.085583448410034180e+00
1.048267960548400879e+00
1.077785730361938477e+00
1.038737535476684570e+00
1.055372476577758789e+00
1.046655774116516113e+00
1.057544589042663574e+00
1.031498432159423828e+00
1.133426904678344727e+00
1.087829589843750000e+00
9.501165151596069336e-01
1.036609888076782227e+00
1.134809255599975586e+00
1.124303460121154785e+00
1.052495002746582031e+00
1.008458614349365234e+00
1.277974247932434082e+00
9.682472944259643555e-01
1.197478771209716797e+00
1.143221974372863770e+00
1.119120359420776367e+00
9.949081540107727051e-01
9.309304356575012207e-01
1.151762247085571289e+00
9.551327228546142578e-01
1.012205600738525391e+00
1.077952027320861816e+00
9.542095065116882324e-01
1.069701790809631348e+00
1.091226816177368164e+00
1.221110582351684570e+00
1.107370853424072266e+00
1.077540874481201172e+00
1.035024881362915039e+00
1.065981149673461914e+00
1.043612480163574219e+00
1.020853757858276367e+00
1.127577781677246094e+00
1.138849496841430664e+00
1.059889435768127441e+00
1.023439884185791016e+00
1.148425698280334473e+00
1.015240430831909180e+00
1.123037576675415039e+00
1.051822185516357422e+00
1.044233083724975586e+00
9.597366452217102051e-01
1.187082171440124512e+00
1.091990709304809570e+00
9.030389785766601562e-01
1.119763255119323730e+00
9.226326346397399902e-01
9.005086421966552734e-01
9.493157863616943359e-01
1.108522415161132812e+00
1.013891816139221191e+00
1.165888071060180664e+00
9.260002970695495605e-01
1.001030921936035156e+00
1.195374965667724609e+00
9.496517181396484375e-01
1.182565212249755859e+00
9.101417064666748047e-01
9.372133016586303711e-01
1.087769508361816406e+00
8.229838609695434570e-01
1.050114154815673828e+00
9.938675165176391602e-01
1.070139408111572266e+00
1.073526859283447266e+00
9.832104444503784180e-01
1.029033780097961426e+00
9.993582963943481445e-01
1.159714937210083008e+00
1.054901599884033203e+00
1.134738445281982422e+00
1.163174390792846680e+00
1.033885002136230469e+00
1.077180743217468262e+00
1.004445552825927734e+00
1.143140912055969238e+00
9.555238485336303711e-01
1.075231075286865234e+00
1.057351827621459961e+00
1.109114646911621094e+00
1.104811191558837891e+00
1.092418789863586426e+00
1.006825327873229980e+00
8.442031145095825195e-01
1.078651189804077148e+00
9.087747931480407715e-01
9.041937589645385742e-01
1.099676966667175293e+00
9.382191896438598633e-01
9.955842494964599609e-01
1.118004560470581055e+00
1.060755133628845215e+00
9.530010223388671875e-01
9.835940003395080566e-01
1.090342521667480469e+00
1.000491380691528320e+00
1.126163482666015625e+00
1.083152651786804199e+00
1.031879186630249023e+00
1.103333353996276855e+00
9.706217646598815918e-01
1.200462460517883301e+00
1.051292181015014648e+00
1.071870565414428711e+00
1.101674556732177734e+00
1.028521656990051270e+00
9.548876285552978516e-01
1.160453319549560547e+00
1.142538070678710938e+00
9.842852950096130371e-01
9.214288592338562012e-01
9.804011583328247070e-01
1.100124835968017578e+00
1.075478911399841309e+00
1.083881855010986328e+00
9.775813817977905273e-01
9.664962291717529297e-01
9.694253802299499512e-01
9.806023836135864258e-01
1.025606155395507812e+00
9.990962147712707520e-01
8.983019590377807617e-01
9.212126731872558594e-01
9.058054685592651367e-01
9.990702867507934570e-01
9.972221255302429199e-01
9.166084527969360352e-01
9.331294298171997070e-01
1.074931144714355469e+00
9.495793581008911133e-01
1.039411544799804688e+00
1.018562316894531250e+00
1.060345649719238281e+00
1.069059133529663086e+00
1.036944389343261719e+00
8.780016899108886719e-01
1.194637179374694824e+00
9.247556924819946289e-01
1.120709061622619629e+00
9.171923995018005371e-01
9.593734741210937500e-01
9.497340917587280273e-01
9.450243115425109863e-01
1.063059926033020020e+00
9.743967056274414062e-01
9.270266294479370117e-01
9.678348302841186523e-01
8.678970336914062500e-01
1.046991348266601562e+00
1.050489664077758789e+00
1.003746271133422852e+00
1.101951003074645996e+00
9.373506307601928711e-01
1.074469566345214844e+00
9.715620279312133789e-01
1.058855295181274414e+00
1.053168654441833496e+00
1.029423236846923828e+00
1.104974746704101562e+00
1.040173053741455078e+00
9.434573054313659668e-01
9.714354872703552246e-01
1.059276103973388672e+00
1.039606928825378418e+00
9.315116405487060547e-01
9.932117462158203125e-01
8.020561933517456055e-01
1.029250144958496094e+00
9.070590734481811523e-01
1.090931534767150879e+00
9.215867519378662109e-01
1.074567317962646484e+00
1.058529853820800781e+00
9.924534559249877930e-01
9.874536991119384766e-01
8.470830321311950684e-01
1.063252687454223633e+00
9.694336056709289551e-01
1.056199789047241211e+00
7.575639486312866211e-01
1.010408639907836914e+00
9.630165100097656250e-01
9.307425022125244141e-01
9.663960337638854980e-01
9.985760450363159180e-01
9.286975860595703125e-01
8.529773950576782227e-01
1.001935839653015137e+00
1.050220727920532227e+00
8.440954685211181641e-01
1.096885919570922852e+00
1.043276786804199219e+00
1.020489573478698730e+00
9.365580677986145020e-01
9.179214239120483398e-01
9.750568866729736328e-01
1.077137708663940430e+00
9.836760759353637695e-01
1.027749776840209961e+00
9.690454602241516113e-01
8.528460860252380371e-01
9.126799106597900391e-01
9.749164581298828125e-01
1.060240626335144043e+00
1.002862215042114258e+00
9.770366549491882324e-01
9.527878761291503906e-01
8.963565826416015625e-01
1.097616195678710938e+00
8.876277804374694824e-01
9.598223567008972168e-01
9.901889562606811523e-01
8.581541776657104492e-01
9.585784673690795898e-01
8.961308002471923828e-01
9.948476552963256836e-01
8.530429601669311523e-01
1.010230064392089844e+00
8.451675772666931152e-01
1.043935060501098633e+00
8.432908058166503906e-01
8.909238576889038086e-01
1.051521778106689453e+00
9.444623589515686035e-01
1.001631975173950195e+00
9.880541563034057617e-01
9.970353841781616211e-01
8.778355121612548828e-01
9.669010639190673828e-01
9.400112032890319824e-01
9.277740716934204102e-01
9.933795928955078125e-01
8.729790449142456055e-01
9.915201067924499512e-01
9.061479568481445312e-01
9.339661002159118652e-01
1.003765106201171875e+00
8.730396032333374023e-01
1.036106944084167480e+00
1.069302797317504883e+00
1.027404069900512695e+00
9.690052270889282227e-01
9.628101587295532227e-01
8.670643568038940430e-01
9.651527404785156250e-01
9.707005023956298828e-01
9.112780094146728516e-01
9.264052510261535645e-01
1.043377637863159180e+00
8.597314357757568359e-01
1.079916596412658691e+00
8.818240761756896973e-01
1.024542570114135742e+00
9.094794988632202148e-01
1.119246482849121094e+00
9.607049822807312012e-01
9.223724603652954102e-01
9.204745292663574219e-01
7.831858396530151367e-01
8.655998706817626953e-01
9.294654130935668945e-01
8.662213087081909180e-01
8.284131288528442383e-01
8.000649213790893555e-01
9.031846523284912109e-01
8.747313618659973145e-01
9.050334692001342773e-01
9.306573867797851562e-01
8.975630998611450195e-01
9.957170486450195312e-01
9.735665321350097656e-01
1.027604818344116211e+00
9.376840591430664062e-01
8.968024849891662598e-01
1.009048342704772949e+00
9.968675374984741211e-01
9.149346351623535156e-01
9.459513425827026367e-01
1.024180769920349121e+00
9.252488613128662109e-01
9.719605445861816406e-01
9.960891008377075195e-01
8.957672119140625000e-01
8.607546091079711914e-01
9.765611290931701660e-01
1.036963224411010742e+00
9.693743586540222168e-01
8.481889963150024414e-01
9.938927292823791504e-01
9.263863563537597656e-01
8.615193367004394531e-01
1.092714667320251465e+00
9.616051912307739258e-01
9.315313100814819336e-01
8.535364866256713867e-01
8.372337818145751953e-01
1.045383453369140625e+00
7.649306058883666992e-01
9.237029552459716797e-01
8.702992200851440430e-01
8.704088926315307617e-01
9.922571182250976562e-01
8.116913437843322754e-01
1.020908951759338379e+00
8.669758439064025879e-01
1.034518718719482422e+00
8.634668588638305664e-01
1.001124382019042969e+00
9.098214507102966309e-01
9.405925273895263672e-01
9.483557939529418945e-01
9.129830598831176758e-01
8.531169891357421875e-01
9.496549367904663086e-01
9.912339448928833008e-01
9.915164113044738770e-01
8.740559220314025879e-01
8.988313674926757812e-01
8.819773793220520020e-01
9.159603118896484375e-01
9.400001764297485352e-01
9.006664156913757324e-01
1.200270891189575195e+00
8.837143182754516602e-01
8.988735675811767578e-01
8.177962303161621094e-01
8.443570733070373535e-01
8.961267471313476562e-01
8.795459866523742676e-01
8.383014202117919922e-01
9.638127088546752930e-01
7.829062342643737793e-01
8.927013874053955078e-01
9.957032203674316406e-01
8.225528597831726074e-01
7.549608945846557617e-01
8.473658561706542969e-01
8.839822411537170410e-01
9.836409091949462891e-01
8.097821474075317383e-01
9.010609984397888184e-01
9.555724859237670898e-01
9.294551610946655273e-01
7.683568000793457031e-01
1.016254425048828125e+00
1.101719379425048828e+00
9.534891843795776367e-01
9.478468894958496094e-01
8.582397699356079102e-01
8.345191478729248047e-01
9.532759189605712891e-01
8.872618079185485840e-01
8.409336209297180176e-01
1.001057267189025879e+00
9.795882105827331543e-01
9.948278665542602539e-01
9.465810656547546387e-01
7.620773911476135254e-01
8.414778709411621094e-01
7.995895147323608398e-01
9.221472740173339844e-01
8.725624680519104004e-01
9.653075933456420898e-01
8.590345382690429688e-01
8.383648395538330078e-01
8.794388175010681152e-01
7.901300787925720215e-01
8.716318607330322266e-01
9.314122200012207031e-01
9.043356180191040039e-01
9.116714000701904297e-01
8.595089912414550781e-01
8.908493518829345703e-01
9.315958619117736816e-01
8.350740671157836914e-01
9.233204126358032227e-01
9.393656849861145020e-01
9.040428400039672852e-01
8.941985368728637695e-01
8.832033872604370117e-01
7.813080549240112305e-01
9.492703676223754883e-01
9.600042104721069336e-01
9.149866700172424316e-01
9.968179464340209961e-01
9.526964426040649414e-01
9.554008245468139648e-01
8.777675628662109375e-01
8.708057403564453125e-01
8.754499554634094238e-01
9.339953660964965820e-01
9.704180359840393066e-01
1.028308272361755371e+00
9.745517969131469727e-01
9.942300319671630859e-01
7.925934791564941406e-01
8.610174655914306641e-01
1.049882292747497559e+00
8.502676486968994141e-01
9.793808460235595703e-01
8.392306566238403320e-01
9.168810844421386719e-01
8.537461757659912109e-01
8.088963031768798828e-01
8.895611763000488281e-01
8.254108428955078125e-01
9.824612140655517578e-01
8.402913808822631836e-01
8.164141178131103516e-01
9.114999771118164062e-01
9.793497920036315918e-01
8.241136074066162109e-01
8.478871583938598633e-01
8.592932224273681641e-01
8.571720123291015625e-01
8.816628456115722656e-01
9.036940336227416992e-01
7.975260019302368164e-01
1.018631219863891602e+00
8.408778309822082520e-01
8.923349380493164062e-01
8.710289001464843750e-01
7.407246828079223633e-01
8.732922673225402832e-01
9.027366638183593750e-01
8.050239086151123047e-01
6.905463337898254395e-01
8.009642362594604492e-01
8.131788969039916992e-01
7.990989685058593750e-01
8.126361370086669922e-01
7.375735044479370117e-01
8.481632471084594727e-01
8.662520051002502441e-01
9.396805763244628906e-01
9.651204347610473633e-01
7.149558663368225098e-01
7.353785037994384766e-01
8.602852821350097656e-01
9.130504131317138672e-01
8.853037357330322266e-01
8.446019887924194336e-01
8.414024114608764648e-01
8.609688282012939453e-01
9.530038833618164062e-01
8.003985881805419922e-01
8.000776767730712891e-01
9.030606746673583984e-01
9.390423297882080078e-01
8.803416490554809570e-01
8.332542181015014648e-01
8.432120084762573242e-01
7.869045734405517578e-01
8.445982933044433594e-01
7.892126441001892090e-01
8.717572093009948730e-01
9.073696136474609375e-01
8.153851032257080078e-01
8.981593251228332520e-01
1.008887648582458496e+00
9.861309528350830078e-01
8.073822259902954102e-01
7.766255140304565430e-01
8.785471916198730469e-01
9.767520427703857422e-01
9.058377146720886230e-01
8.076888918876647949e-01
7.491957545280456543e-01
9.037307500839233398e-01
8.503645062446594238e-01
7.981318831443786621e-01
9.163500070571899414e-01
7.949536442756652832e-01
8.314923644065856934e-01
9.671177268028259277e-01
8.088169097900390625e-01
9.011154174804687500e-01
9.426289796829223633e-01
9.880231618881225586e-01
9.056537747383117676e-01
8.446977138519287109e-01
6.955168247222900391e-01
8.254156112670898438e-01
8.721805810928344727e-01
8.314699530601501465e-01
8.443486690521240234e-01
8.077565431594848633e-01
8.043889999389648438e-01
8.691677451133728027e-01
7.526997327804565430e-01
7.413026690483093262e-01
7.541702985763549805e-01
8.281146287918090820e-01
7.331672310829162598e-01
7.727159261703491211e-01
7.241352796554565430e-01
8.071150183677673340e-01
8.826874494552612305e-01
8.073579072952270508e-01
8.654701709747314453e-01
8.470190763473510742e-01
8.851370215415954590e-01
8.673345446586608887e-01
7.189809083938598633e-01
8.200767040252685547e-01
7.661445140838623047e-01
7.164840698242187500e-01
7.724121212959289551e-01
6.754126548767089844e-01
9.153915047645568848e-01
7.616957426071166992e-01
8.944957256317138672e-01
8.270046710968017578e-01
7.102956771850585938e-01
8.396428823471069336e-01
8.717889785766601562e-01
8.341509103775024414e-01
8.850535154342651367e-01
8.076044917106628418e-01
9.527940750122070312e-01
8.792059421539306641e-01
7.829909920692443848e-01
7.784272432327270508e-01
8.118559122085571289e-01
9.407546520233154297e-01
8.300573825836181641e-01
9.131537079811096191e-01
9.443207979202270508e-01
9.501351118087768555e-01
8.128933906555175781e-01
8.441391587257385254e-01
7.248394489288330078e-01
8.865073919296264648e-01
8.550888299942016602e-01
8.780990242958068848e-01
8.139529228210449219e-01
8.370307683944702148e-01
8.029091954231262207e-01
7.488053441047668457e-01
8.344972729682922363e-01
7.104010581970214844e-01
7.831916809082031250e-01
7.914588451385498047e-01
8.753596544265747070e-01
8.085340261459350586e-01
7.779141664505004883e-01
8.690427541732788086e-01
7.724145650863647461e-01
7.041285037994384766e-01
8.082162737846374512e-01
7.959018945693969727e-01
7.551613450050354004e-01
9.004473686218261719e-01
8.665962219238281250e-01
8.042551875114440918e-01
9.301363825798034668e-01
8.401035070419311523e-01
8.452945351600646973e-01
7.078551054000854492e-01
8.316279053688049316e-01
9.153603315353393555e-01
8.136589527130126953e-01
7.594428062438964844e-01
7.132999300956726074e-01
9.613919258117675781e-01
9.077602028846740723e-01
6.712986230850219727e-01
8.935536742210388184e-01
7.454615831375122070e-01
7.767837047576904297e-01
8.634063005447387695e-01
8.371342420578002930e-01
8.195179700851440430e-01
7.702070474624633789e-01
8.370823264122009277e-01
7.101718187332153320e-01
7.180219888687133789e-01
6.962719559669494629e-01
8.527345657348632812e-01
8.233916759490966797e-01
8.626783490180969238e-01
8.023419380187988281e-01
6.870301961898803711e-01
6.795134544372558594e-01
7.095700502395629883e-01
6.634824275970458984e-01
8.253091573715209961e-01
7.228063344955444336e-01
6.513452529907226562e-01
8.642892241477966309e-01
6.645842790603637695e-01
8.700144290924072266e-01
7.871714830398559570e-01
8.595880270004272461e-01
6.716694831848144531e-01
8.624148964881896973e-01
8.296326994895935059e-01
7.499851584434509277e-01
6.938009262084960938e-01
8.614767789840698242e-01
8.884516358375549316e-01
8.498245477676391602e-01
8.472242951393127441e-01
8.564373254776000977e-01
8.481415510177612305e-01
8.777414560317993164e-01
7.233166098594665527e-01
7.694512009620666504e-01
6.835963129997253418e-01
6.980353593826293945e-01
7.672250270843505859e-01
7.812239527702331543e-01
7.151094675064086914e-01
7.967360615730285645e-01
8.204089403152465820e-01
8.852602243423461914e-01
8.900533914566040039e-01
9.204950332641601562e-01
7.931072711944580078e-01
8.338128328323364258e-01
8.119645118713378906e-01
1.010287642478942871e+00
8.369924426078796387e-01
7.513260245323181152e-01
8.961255550384521484e-01
8.417950868606567383e-01
8.174580931663513184e-01
7.922979593276977539e-01
7.990128397941589355e-01
8.033456802368164062e-01
9.475477933883666992e-01
7.300659418106079102e-01
7.669264674186706543e-01
7.623489499092102051e-01
7.494858503341674805e-01
7.754636406898498535e-01
7.448602914810180664e-01
8.158472776412963867e-01
8.465945720672607422e-01
7.761810421943664551e-01
7.869554758071899414e-01
8.200585842132568359e-01
9.068234562873840332e-01
8.606326580047607422e-01
8.635686635971069336e-01
7.700209617614746094e-01
8.288705945014953613e-01
9.151146411895751953e-01
8.332362771034240723e-01
7.774840593338012695e-01
7.630746364593505859e-01
7.543174028396606445e-01
8.883547782897949219e-01
7.371053695678710938e-01
7.789927721023559570e-01
7.202110886573791504e-01
7.216429710388183594e-01
7.020874023437500000e-01
8.366905450820922852e-01
7.184441089630126953e-01
7.632119059562683105e-01
7.036034464836120605e-01
7.960129976272583008e-01
6.898052692413330078e-01
8.661006689071655273e-01
7.945525050163269043e-01
8.105257153511047363e-01
7.656972408294677734e-01
8.229638338088989258e-01
7.744584679603576660e-01
7.704768180847167969e-01
7.134614586830139160e-01
7.551074028015136719e-01
6.771423816680908203e-01
7.737340331077575684e-01
6.978132724761962891e-01
7.036098241806030273e-01
6.817375421524047852e-01
7.815781235694885254e-01
7.787120342254638672e-01
8.295385241508483887e-01
7.600672841072082520e-01
7.103036642074584961e-01
7.055094838142395020e-01
7.102341055870056152e-01
7.506833076477050781e-01
6.730377674102783203e-01
7.178308963775634766e-01
6.598333120346069336e-01
8.812991976737976074e-01
7.554675340652465820e-01
8.795508146286010742e-01
6.409686803817749023e-01
7.567558884620666504e-01
6.933026909828186035e-01
9.020891785621643066e-01
7.380768060684204102e-01
8.514447212219238281e-01
7.819873094558715820e-01
7.718057632446289062e-01
7.068823575973510742e-01
7.319827079772949219e-01
6.695785522460937500e-01
8.644875288009643555e-01
6.785939931869506836e-01
7.715563178062438965e-01
7.247207164764404297e-01
7.672244310379028320e-01
6.870571374893188477e-01
7.839426994323730469e-01
7.340899705886840820e-01
7.442638278007507324e-01
7.822695970535278320e-01
8.526558876037597656e-01
8.845608234405517578e-01
7.092530131340026855e-01
7.252738475799560547e-01
8.128023147583007812e-01
6.630332469940185547e-01
8.135917186737060547e-01
8.334208726882934570e-01
6.498774886131286621e-01
7.370855808258056641e-01
6.667034029960632324e-01
7.629185914993286133e-01
7.577289938926696777e-01
7.416905760765075684e-01
8.079823851585388184e-01
7.304135560989379883e-01
7.666477560997009277e-01
7.624731063842773438e-01
7.791879773139953613e-01
8.046194314956665039e-01
7.915787696838378906e-01
7.425099611282348633e-01
7.027668952941894531e-01
6.840327978134155273e-01
7.440859079360961914e-01
7.022894024848937988e-01
7.531850337982177734e-01
6.421508789062500000e-01
7.012948393821716309e-01
6.872773170471191406e-01
6.933495998382568359e-01
6.689472198486328125e-01
7.071130275726318359e-01
7.716608047485351562e-01
7.592897415161132812e-01
9.124261140823364258e-01
7.943915128707885742e-01
6.772658824920654297e-01
8.147066831588745117e-01
7.892479300498962402e-01
7.549366950988769531e-01
7.630276083946228027e-01
7.539650797843933105e-01
6.812961101531982422e-01
7.362893819808959961e-01
7.906253337860107422e-01
7.733773589134216309e-01
6.824579238891601562e-01
6.795579195022583008e-01
7.933231592178344727e-01
8.997025489807128906e-01
7.573582530021667480e-01
8.150296211242675781e-01
7.312917709350585938e-01
7.340890169143676758e-01
6.522283554077148438e-01
7.261582612991333008e-01
9.605176448822021484e-01
6.720267534255981445e-01
6.679438352584838867e-01
7.788681387901306152e-01
7.366060018539428711e-01
6.630378961563110352e-01
7.021961212158203125e-01
7.074389457702636719e-01
7.773431539535522461e-01
7.504175305366516113e-01
7.106267809867858887e-01
7.459281086921691895e-01
7.977044582366943359e-01
7.832136750221252441e-01
7.514942288398742676e-01
7.228448987007141113e-01
6.522607803344726562e-01
7.618167400360107422e-01
7.391890883445739746e-01
8.224949836730957031e-01
7.622656226158142090e-01
7.237186431884765625e-01
6.903573274612426758e-01
8.381428718566894531e-01
6.731473207473754883e-01
7.157765030860900879e-01
6.313183307647705078e-01
6.349378824234008789e-01
8.611457347869873047e-01
7.699533700942993164e-01
7.070699930191040039e-01
6.705256700515747070e-01
6.624481678009033203e-01
7.803621292114257812e-01
6.982746124267578125e-01
7.551667094230651855e-01
7.509707212448120117e-01
8.097872734069824219e-01
6.841811537742614746e-01
6.470807194709777832e-01
7.338196635246276855e-01
7.279580831527709961e-01
5.978016853332519531e-01
7.689603567123413086e-01
6.702847480773925781e-01
7.271259427070617676e-01
7.588337659835815430e-01
6.500446796417236328e-01
6.982241272926330566e-01
7.418984174728393555e-01
7.046154141426086426e-01
7.458893060684204102e-01
7.052589058876037598e-01
8.433307409286499023e-01
6.888698339462280273e-01
6.382760405540466309e-01
8.107732534408569336e-01
6.204957962036132812e-01
6.905294656753540039e-01
7.218164205551147461e-01
6.270251870155334473e-01
6.056544780731201172e-01
7.669100761413574219e-01
8.025732040405273438e-01
7.082862854003906250e-01
7.192498445510864258e-01
7.076339721679687500e-01
6.629681587219238281e-01
6.317214369773864746e-01
7.374813556671142578e-01
7.946174740791320801e-01
7.160922288894653320e-01
7.237209081649780273e-01
6.321217417716979980e-01
6.408088207244873047e-01
6.257023811340332031e-01
7.386325597763061523e-01
5.863893032073974609e-01
6.613980531692504883e-01
7.280882596969604492e-01
7.839819192886352539e-01
6.360594034194946289e-01
7.032188177108764648e-01
6.909270882606506348e-01
6.741153597831726074e-01
6.845014691352844238e-01
6.081096529960632324e-01
6.984993815422058105e-01
7.734948396682739258e-01
6.917292475700378418e-01
6.885637044906616211e-01
7.499020099639892578e-01
6.937785148620605469e-01
7.398912310600280762e-01
6.508109569549560547e-01
7.368254661560058594e-01
6.338052749633789062e-01
6.496727466583251953e-01
6.303141117095947266e-01
6.952773928642272949e-01
6.405639648437500000e-01
6.547026038169860840e-01
7.032210826873779297e-01
5.795298814773559570e-01
7.017655968666076660e-01
6.577487587928771973e-01
7.813097238540649414e-01
7.118366956710815430e-01
7.204179763793945312e-01
7.169672250747680664e-01
6.355550289154052734e-01
6.172143220901489258e-01
6.013040542602539062e-01
7.474336624145507812e-01
6.761422157287597656e-01
6.597484946250915527e-01
7.598475217819213867e-01
6.151242852210998535e-01
7.493477463722229004e-01
7.320770025253295898e-01
8.686292767524719238e-01
6.897140145301818848e-01
5.724227428436279297e-01
6.483137011528015137e-01
7.033512592315673828e-01
7.326453328132629395e-01
7.362922430038452148e-01
7.722628116607666016e-01
7.581872940063476562e-01
6.832549571990966797e-01
7.307206392288208008e-01
5.823968648910522461e-01
5.538333654403686523e-01
6.500138044357299805e-01
6.394314765930175781e-01
6.393906474113464355e-01
7.620342969894409180e-01
7.245594859123229980e-01
6.935668587684631348e-01
7.062797546386718750e-01
7.162275910377502441e-01
7.755873799324035645e-01
6.670151948928833008e-01
6.483576893806457520e-01
7.254098653793334961e-01
6.871085166931152344e-01
7.022867202758789062e-01
7.524423003196716309e-01
7.855502367019653320e-01
6.402119994163513184e-01
7.236727476119995117e-01
8.102916479110717773e-01
6.427164077758789062e-01
6.511561274528503418e-01
5.750799179077148438e-01
7.298836708068847656e-01
5.462471246719360352e-01
6.742436885833740234e-01
6.769583821296691895e-01
7.001361846923828125e-01
7.168388962745666504e-01
6.939071416854858398e-01
7.191922068595886230e-01
6.830919981002807617e-01
6.661972999572753906e-01
6.278373003005981445e-01
6.833236217498779297e-01
6.353830099105834961e-01
6.802555322647094727e-01
6.740598678588867188e-01
7.014645934104919434e-01
6.242742538452148438e-01
8.186683654785156250e-01
8.603256940841674805e-01
6.641266942024230957e-01
5.958238840103149414e-01
8.126696348190307617e-01
6.975917220115661621e-01
6.492069363594055176e-01
6.912570595741271973e-01
6.253375411033630371e-01
7.220343351364135742e-01
6.082953214645385742e-01
7.687108516693115234e-01
6.517091989517211914e-01
6.779919862747192383e-01
7.060152292251586914e-01
5.214072465896606445e-01
6.887650489807128906e-01
6.678954362869262695e-01
7.819145917892456055e-01
7.327537536621093750e-01
6.304664611816406250e-01
7.245846986770629883e-01
6.113247871398925781e-01
6.005412340164184570e-01
6.635213494300842285e-01
6.142252087593078613e-01
6.264494657516479492e-01
8.073840737342834473e-01
6.891214847564697266e-01
5.752952098846435547e-01
7.397293448448181152e-01
7.015969753265380859e-01
5.911897420883178711e-01
6.687036752700805664e-01
7.420648336410522461e-01
7.154662013053894043e-01
7.629581689834594727e-01
6.320718526840209961e-01
5.859873294830322266e-01
7.418547868728637695e-01
7.691776752471923828e-01
6.913752555847167969e-01
6.112105846405029297e-01
6.089510321617126465e-01
7.033126950263977051e-01
6.893371343612670898e-01
5.983008146286010742e-01
5.600652694702148438e-01
6.049151420593261719e-01
6.487006545066833496e-01
7.340360283851623535e-01
7.237166762351989746e-01
6.178827881813049316e-01
7.484165430068969727e-01
6.716276407241821289e-01
7.469102144241333008e-01
6.961373090744018555e-01
6.978263258934020996e-01
6.179633140563964844e-01
5.919014215469360352e-01
6.741962432861328125e-01
5.938396453857421875e-01
6.052734851837158203e-01
6.429246664047241211e-01
6.352686882019042969e-01
9.235206842422485352e-01
7.150557041168212891e-01
7.370842099189758301e-01
6.311133503913879395e-01
7.434214353561401367e-01
7.892273664474487305e-01
6.725844144821166992e-01
6.616476774215698242e-01
7.665748596191406250e-01
7.217457294464111328e-01
7.174602746963500977e-01
6.431962847709655762e-01
6.295421719551086426e-01
6.444533467292785645e-01
6.726285219192504883e-01
5.943955183029174805e-01
6.160514354705810547e-01
6.523610949516296387e-01
7.197221517562866211e-01
6.710187196731567383e-01
6.304155588150024414e-01
6.952924728393554688e-01
6.356146335601806641e-01
7.360450029373168945e-01
6.315628886222839355e-01
5.491214990615844727e-01
6.457587480545043945e-01
5.804270505905151367e-01
7.025119066238403320e-01
6.254197955131530762e-01
6.630162000656127930e-01
7.069522142410278320e-01
6.916680335998535156e-01
7.754724025726318359e-01
6.835456490516662598e-01
7.305235862731933594e-01
6.502885222434997559e-01
7.059433460235595703e-01
6.209374666213989258e-01
5.267312526702880859e-01
5.820189714431762695e-01
5.422642230987548828e-01
6.900579929351806641e-01
7.308665513992309570e-01
6.710535287857055664e-01
7.021942138671875000e-01
6.324239969253540039e-01
5.509533286094665527e-01
6.818170547485351562e-01
7.119017839431762695e-01
5.270913243293762207e-01
7.045201063156127930e-01
6.658236980438232422e-01
6.823346614837646484e-01
6.544526219367980957e-01
7.231494188308715820e-01
6.279942989349365234e-01
6.753422021865844727e-01
6.734409332275390625e-01
6.080821752548217773e-01
8.502781987190246582e-01
5.539165139198303223e-01
6.330895423889160156e-01
7.074652314186096191e-01
6.142015457153320312e-01
5.440923571586608887e-01
6.949436664581298828e-01
6.771634817123413086e-01
5.561903715133666992e-01
6.581513881683349609e-01
5.930743813514709473e-01
6.966924071311950684e-01
5.834510326385498047e-01
5.853146314620971680e-01
6.347424983978271484e-01
6.631152629852294922e-01
5.825070142745971680e-01
6.010131239891052246e-01
6.599678993225097656e-01
5.195597410202026367e-01
6.714391708374023438e-01
6.555343866348266602e-01
6.471744775772094727e-01
5.679892897605895996e-01
6.275476217269897461e-01
5.829106569290161133e-01
5.589482188224792480e-01
7.310264110565185547e-01
5.306284427642822266e-01
5.879827737808227539e-01
5.980843901634216309e-01
6.203420162200927734e-01
6.794748306274414062e-01
6.696704030036926270e-01
5.840076804161071777e-01
4.759025573730468750e-01
6.802312135696411133e-01
5.814645290374755859e-01
6.033935546875000000e-01
5.358904600143432617e-01
7.266697883605957031e-01
5.318645238876342773e-01
6.785948276519775391e-01
5.050852894783020020e-01
6.942835450172424316e-01
5.602709054946899414e-01
6.586436033248901367e-01
6.418007612228393555e-01
5.361893177032470703e-01
6.689267754554748535e-01
7.531450986862182617e-01
4.741754233837127686e-01
5.663822889328002930e-01
6.869981884956359863e-01
6.464199423789978027e-01
6.070656776428222656e-01
6.854948997497558594e-01
5.661547780036926270e-01
5.881860852241516113e-01
7.648769617080688477e-01
6.123011708259582520e-01
6.051331758499145508e-01
6.086891889572143555e-01
7.060524225234985352e-01
6.121276617050170898e-01
5.561819076538085938e-01
5.772749185562133789e-01
6.013367176055908203e-01
7.219040989875793457e-01
6.288532018661499023e-01
4.884318709373474121e-01
6.469686031341552734e-01
6.444120407104492188e-01
7.069577574729919434e-01
5.466963052749633789e-01
7.144131064414978027e-01
6.083320379257202148e-01
6.097095012664794922e-01
6.774560213088989258e-01
6.539554595947265625e-01
7.230044603347778320e-01
6.195344924926757812e-01
7.043526172637939453e-01
6.686937808990478516e-01
5.948475599288940430e-01
7.203148007392883301e-01
4.724864363670349121e-01
5.518028140068054199e-01
5.640218257904052734e-01
6.364344954490661621e-01
6.663479804992675781e-01
5.374324917793273926e-01
6.291231513023376465e-01
4.932781457901000977e-01
6.392122507095336914e-01
6.168949007987976074e-01
5.868107080459594727e-01
6.168460845947265625e-01
5.509828925132751465e-01
6.972023844718933105e-01
6.125571727752685547e-01
5.686773061752319336e-01
7.006840705871582031e-01
7.221505641937255859e-01
6.494061350822448730e-01
6.652435064315795898e-01
5.630479454994201660e-01
6.833049058914184570e-01
6.508777141571044922e-01
8.192573785781860352e-01
6.151576042175292969e-01
6.459467411041259766e-01
6.115409135818481445e-01
5.376063585281372070e-01
7.236934304237365723e-01
7.206426262855529785e-01
5.072221755981445312e-01
5.138993263244628906e-01
6.072043180465698242e-01
5.262916088104248047e-01
6.223958134651184082e-01
6.236134171485900879e-01
5.762783288955688477e-01
5.607513785362243652e-01
6.063708066940307617e-01
5.743044018745422363e-01
5.683485269546508789e-01
5.346053838729858398e-01
6.331816911697387695e-01
4.924735426902770996e-01
5.696243047714233398e-01
5.585751533508300781e-01
5.661687850952148438e-01
5.276506543159484863e-01
6.453467607498168945e-01
5.930246114730834961e-01
4.828409850597381592e-01
6.849285364151000977e-01
6.251635551452636719e-01
5.769677162170410156e-01
5.994958877563476562e-01
5.957850217819213867e-01
5.332425832748413086e-01
5.583807229995727539e-01
5.325648784637451172e-01
6.318812370300292969e-01
5.873832702636718750e-01
5.837994813919067383e-01
5.663907527923583984e-01
5.519641041755676270e-01
5.451463460922241211e-01
7.383176088333129883e-01
6.711593866348266602e-01
5.785633921623229980e-01
6.918703317642211914e-01
6.886183619499206543e-01
5.518083572387695312e-01
4.671092033386230469e-01
5.226339101791381836e-01
6.490142345428466797e-01
5.378316044807434082e-01
5.098800063133239746e-01
6.080327033996582031e-01
6.180498600006103516e-01
5.885540246963500977e-01
4.956724047660827637e-01
6.431879997253417969e-01
5.389640331268310547e-01
5.270293951034545898e-01
7.539072036743164062e-01
4.897858500480651855e-01
5.470066070556640625e-01
6.249438524246215820e-01
5.959551930427551270e-01
6.084108948707580566e-01
5.818067193031311035e-01
5.781136751174926758e-01
6.556093692779541016e-01
6.043951511383056641e-01
5.914512276649475098e-01
4.085973203182220459e-01
6.011670231819152832e-01
6.495510339736938477e-01
6.341309547424316406e-01
4.898128509521484375e-01
6.806141138076782227e-01
6.614694595336914062e-01
5.260590314865112305e-01
5.552283525466918945e-01
6.273927688598632812e-01
5.255471467971801758e-01
5.604513883590698242e-01
6.165177822113037109e-01
6.363956928253173828e-01
4.068137407302856445e-01
6.059118509292602539e-01
5.312604904174804688e-01
5.957051515579223633e-01
5.595901608467102051e-01
4.681574106216430664e-01
6.421325206756591797e-01
6.682355403900146484e-01
5.458114147186279297e-01
6.551337242126464844e-01
4.981806874275207520e-01
6.658514738082885742e-01
4.379723668098449707e-01
5.006832480430603027e-01
6.230764389038085938e-01
6.143423318862915039e-01
6.015095710754394531e-01
5.723085403442382812e-01
6.236836910247802734e-01
5.391337275505065918e-01
6.037282347679138184e-01
5.004560351371765137e-01
5.735976696014404297e-01
7.034492492675781250e-01
4.858397841453552246e-01
5.578274726867675781e-01
6.378614306449890137e-01
6.394306421279907227e-01
5.692226886749267578e-01
5.087912082672119141e-01
5.469758510589599609e-01
5.569782853126525879e-01
5.787329077720642090e-01
6.521571874618530273e-01
5.885113477706909180e-01
5.482815504074096680e-01
5.478775501251220703e-01
5.446039438247680664e-01
6.227374076843261719e-01
5.690528154373168945e-01
5.719159245491027832e-01
6.061608791351318359e-01
5.511078238487243652e-01
6.518948674201965332e-01
5.069512128829956055e-01
5.077582597732543945e-01
6.188069581985473633e-01
5.799617171287536621e-01
4.947612881660461426e-01
5.440502166748046875e-01
6.318049430847167969e-01
4.629830420017242432e-01
5.731283426284790039e-01
6.302554607391357422e-01
5.310027599334716797e-01
5.192928314208984375e-01
6.249859333038330078e-01
5.442907810211181641e-01
5.011047124862670898e-01
6.035397052764892578e-01
5.895668864250183105e-01
6.592233180999755859e-01
5.777518749237060547e-01
6.260480880737304688e-01
5.884401798248291016e-01
6.119671463966369629e-01
6.331946253776550293e-01
6.366814374923706055e-01
5.814886093139648438e-01
4.832747280597686768e-01
5.895369648933410645e-01
5.384970903396606445e-01
6.131060123443603516e-01
5.930706262588500977e-01
5.406692028045654297e-01
6.953022480010986328e-01
5.575001835823059082e-01
6.371322274208068848e-01
5.531053543090820312e-01
6.175163984298706055e-01
6.159528493881225586e-01
5.050646066665649414e-01
5.902532339096069336e-01
5.998065471649169922e-01
5.750151276588439941e-01
4.996379315853118896e-01
5.456046462059020996e-01
5.653340816497802734e-01
6.406495571136474609e-01
4.671075046062469482e-01
6.041185855865478516e-01
6.010614037513732910e-01
4.872880578041076660e-01
5.151335000991821289e-01
4.628832042217254639e-01
4.929201900959014893e-01
5.814742445945739746e-01
5.900357961654663086e-01
5.992883443832397461e-01
5.967140793800354004e-01
5.352542400360107422e-01
5.038403868675231934e-01
5.739146471023559570e-01
5.075468420982360840e-01
5.514172315597534180e-01
4.838619828224182129e-01
5.490398406982421875e-01
6.180992126464843750e-01
5.586093068122863770e-01
5.070061087608337402e-01
5.489434003829956055e-01
5.859432220458984375e-01
5.615590214729309082e-01
5.696119070053100586e-01
5.740491747856140137e-01
4.647568166255950928e-01
5.402505397796630859e-01
5.243052244186401367e-01
5.246522426605224609e-01
6.394325494766235352e-01
5.646879673004150391e-01
5.748132467269897461e-01
5.953441858291625977e-01
4.929576218128204346e-01
6.546256542205810547e-01
5.371863245964050293e-01
5.247374773025512695e-01
6.206551790237426758e-01
5.241545438766479492e-01
6.039484739303588867e-01
5.247381925582885742e-01
5.294279456138610840e-01
5.362818837165832520e-01
5.718510150909423828e-01
5.576671361923217773e-01
6.223689317703247070e-01
5.132918357849121094e-01
5.457961559295654297e-01
5.817469358444213867e-01
5.926346778869628906e-01
6.493555307388305664e-01
5.611644983291625977e-01
5.005160570144653320e-01
5.134351253509521484e-01
7.066457271575927734e-01
5.802761316299438477e-01
4.990939497947692871e-01
4.628883004188537598e-01
5.213329792022705078e-01
5.280058383941650391e-01
5.522833466529846191e-01
6.181274652481079102e-01
5.145715475082397461e-01
5.334021449089050293e-01
5.332310199737548828e-01
5.727269053459167480e-01
6.364377737045288086e-01
4.797465801239013672e-01
4.872700870037078857e-01
5.642613172531127930e-01
4.458312988281250000e-01
4.296739101409912109e-01
4.789804816246032715e-01
5.316498875617980957e-01
5.985515713691711426e-01
5.431834459304809570e-01
5.681697130203247070e-01
5.117683410644531250e-01
5.274318456649780273e-01
5.854076147079467773e-01
5.794464349746704102e-01
5.465009212493896484e-01
5.729615688323974609e-01
6.006653308868408203e-01
5.441468954086303711e-01
5.042663812637329102e-01
5.546333789825439453e-01
4.807660579681396484e-01
4.997691214084625244e-01
6.205677986145019531e-01
5.044273138046264648e-01
4.813019633293151855e-01
4.601838886737823486e-01
6.667606830596923828e-01
4.953767657279968262e-01
4.781818389892578125e-01
6.240923404693603516e-01
5.202398300170898438e-01
5.527962446212768555e-01
5.002450942993164062e-01
5.124740600585937500e-01
6.211504340171813965e-01
4.383631348609924316e-01
4.616395831108093262e-01
4.956254065036773682e-01
5.942300558090209961e-01
4.635186791419982910e-01
4.696359634399414062e-01
4.970176219940185547e-01
4.787144064903259277e-01
4.884561896324157715e-01
4.428473711013793945e-01
5.269699096679687500e-01
6.085541248321533203e-01
5.509306192398071289e-01
4.566030502319335938e-01
5.533858537673950195e-01
5.473755598068237305e-01
5.092618465423583984e-01
4.690059423446655273e-01
6.539720296859741211e-01
5.024306774139404297e-01
5.759447216987609863e-01
5.510255694389343262e-01
5.991344451904296875e-01
5.169821381568908691e-01
5.448226332664489746e-01
5.764865875244140625e-01
8.929219245910644531e-01
6.329298615455627441e-01
6.406711339950561523e-01
4.832585453987121582e-01
4.974966645240783691e-01
5.583704710006713867e-01
5.485171079635620117e-01
4.638644754886627197e-01
5.440573692321777344e-01
5.906533598899841309e-01
6.183940768241882324e-01
3.470581471920013428e-01
4.568106532096862793e-01
5.187262892723083496e-01
5.168796181678771973e-01
5.221400260925292969e-01
4.901372790336608887e-01
5.090358257293701172e-01
5.463872551918029785e-01
5.361357927322387695e-01
5.207386016845703125e-01
4.009435176849365234e-01
5.381888151168823242e-01
4.880494177341461182e-01
5.449851155281066895e-01
6.226227879524230957e-01
5.594584345817565918e-01
4.908745884895324707e-01
5.965998172760009766e-01
4.899246990680694580e-01
5.290514230728149414e-01
4.603911638259887695e-01
5.502480864524841309e-01
6.018859148025512695e-01
4.796064496040344238e-01
4.941102266311645508e-01
5.494633913040161133e-01
5.401098132133483887e-01
4.939529001712799072e-01
4.753929376602172852e-01
5.336917042732238770e-01
5.118285417556762695e-01
4.635492265224456787e-01
5.171504020690917969e-01
4.600570201873779297e-01
5.562687516212463379e-01
6.528229117393493652e-01
4.788062572479248047e-01
5.519263148307800293e-01
5.273417234420776367e-01
5.990685224533081055e-01
6.211653947830200195e-01
5.491528511047363281e-01
4.942716956138610840e-01
5.486904382705688477e-01
5.772695541381835938e-01
5.758467316627502441e-01
4.797630310058593750e-01
5.212520956993103027e-01
4.083217382431030273e-01
4.511150121688842773e-01
4.701243340969085693e-01
5.068031549453735352e-01
5.358855724334716797e-01
5.158717036247253418e-01
4.728084802627563477e-01
5.098455548286437988e-01
4.696794450283050537e-01
5.459162592887878418e-01
5.517593622207641602e-01
5.532945394515991211e-01
6.455959081649780273e-01
5.299305915832519531e-01
5.265434980392456055e-01
4.985353946685791016e-01
5.115120410919189453e-01
5.276926159858703613e-01
5.029405951499938965e-01
5.115568637847900391e-01
5.628312230110168457e-01
4.311501383781433105e-01
4.806220233440399170e-01
5.733017325401306152e-01
4.518847465515136719e-01
5.110490322113037109e-01
5.046762824058532715e-01
5.097486972808837891e-01
5.929514765739440918e-01
6.006972789764404297e-01
4.448345899581909180e-01
6.292672157287597656e-01
5.411731004714965820e-01
5.019045472145080566e-01
5.401276350021362305e-01
5.392912626266479492e-01
5.108423829078674316e-01
4.558992087841033936e-01
4.696944653987884521e-01
4.264320135116577148e-01
5.655508041381835938e-01
5.546853542327880859e-01
5.172982215881347656e-01
4.930351078510284424e-01
5.056813955307006836e-01
4.939987659454345703e-01
5.764474868774414062e-01
5.392286777496337891e-01
5.443980693817138672e-01
5.658133029937744141e-01
5.171929597854614258e-01
5.284509658813476562e-01
5.409500598907470703e-01
5.452089905738830566e-01
4.198381006717681885e-01
5.331740379333496094e-01
5.566093325614929199e-01
5.131675601005554199e-01
4.668558239936828613e-01
5.595783591270446777e-01
4.548273086547851562e-01
5.434798002243041992e-01
4.743472933769226074e-01
6.192406415939331055e-01
4.479075074195861816e-01
4.934375882148742676e-01
5.077689290046691895e-01
5.218453407287597656e-01
6.316398382186889648e-01
4.805727601051330566e-01
4.005504250526428223e-01
5.330336689949035645e-01
5.193035602569580078e-01
4.706361889839172363e-01
5.107461810111999512e-01
5.409371852874755859e-01
4.514146745204925537e-01
5.414900779724121094e-01
4.429500401020050049e-01
5.072844624519348145e-01
5.068812966346740723e-01
4.238368868827819824e-01
4.980564713478088379e-01
5.163564682006835938e-01
4.486825466156005859e-01
4.658452868461608887e-01
4.711389243602752686e-01
4.079133570194244385e-01
5.524644255638122559e-01
4.486311078071594238e-01
4.236775040626525879e-01
4.464711546897888184e-01
5.481150746345520020e-01
4.502476751804351807e-01
5.483151674270629883e-01
4.935184121131896973e-01
4.075401425361633301e-01
3.776423633098602295e-01
4.877859055995941162e-01
5.188376307487487793e-01
4.578022956848144531e-01
5.273820161819458008e-01
5.113914012908935547e-01
5.136717557907104492e-01
5.503181219100952148e-01
5.131088495254516602e-01
5.155712366104125977e-01
5.010130405426025391e-01
5.269536375999450684e-01
4.942342638969421387e-01
5.478605031967163086e-01
5.993610024452209473e-01
6.168303489685058594e-01
5.830852389335632324e-01
5.645298957824707031e-01
5.657132863998413086e-01
4.301626086235046387e-01
4.202178120613098145e-01
4.827056229114532471e-01
5.702678561210632324e-01
4.212519526481628418e-01
5.842608213424682617e-01
4.632274508476257324e-01
5.482747554779052734e-01
5.320127010345458984e-01
5.282698869705200195e-01
4.823666512966156006e-01
4.470174908638000488e-01
4.516005814075469971e-01
4.662656188011169434e-01
4.802058637142181396e-01
4.549724757671356201e-01
4.573400020599365234e-01
5.372359752655029297e-01
4.232705235481262207e-01
5.351402163505554199e-01
4.211503863334655762e-01
4.574082791805267334e-01
4.007286131381988525e-01
5.166738033294677734e-01
4.280140995979309082e-01
5.585251450538635254e-01
6.116591691970825195e-01
5.336392521858215332e-01
3.325363695621490479e-01
4.745080471038818359e-01
3.631313741207122803e-01
5.054870843887329102e-01
5.099691152572631836e-01
4.290364682674407959e-01
4.528549313545227051e-01
5.222212672233581543e-01
4.240584671497344971e-01
6.153807640075683594e-01
4.694962203502655029e-01
4.991749525070190430e-01
4.344965815544128418e-01
5.380871295928955078e-01
5.405558347702026367e-01
4.426664113998413086e-01
4.194199442863464355e-01
4.992634952068328857e-01
5.363084077835083008e-01
4.251030087471008301e-01
4.178971946239471436e-01
5.607488751411437988e-01
5.837788581848144531e-01
5.353395938873291016e-01
4.755122363567352295e-01
4.807433187961578369e-01
4.430063962936401367e-01
4.124671220779418945e-01
5.564169883728027344e-01
4.590563774108886719e-01
4.390340447425842285e-01
4.854377210140228271e-01
5.445221662521362305e-01
5.539788603782653809e-01
5.637477040290832520e-01
4.003087580204010010e-01
5.199936032295227051e-01
4.712748825550079346e-01
5.481212139129638672e-01
3.985955417156219482e-01
4.323552548885345459e-01
4.968421757221221924e-01
4.737587571144104004e-01
4.882190227508544922e-01
4.191690087318420410e-01
4.799585938453674316e-01
5.662337541580200195e-01
4.845462739467620850e-01
5.386433601379394531e-01
5.451010465621948242e-01
4.876584112644195557e-01
6.728742718696594238e-01
4.520031213760375977e-01
5.468071699142456055e-01
4.334467649459838867e-01
4.930343031883239746e-01
4.926749467849731445e-01
6.690487861633300781e-01
4.971286058425903320e-01
6.146636009216308594e-01
5.551350712776184082e-01
5.447707176208496094e-01
5.199674367904663086e-01
4.845226109027862549e-01
4.931014478206634521e-01
5.066061615943908691e-01
4.407387375831604004e-01
4.947268366813659668e-01
4.216022193431854248e-01
4.903654754161834717e-01
4.652855098247528076e-01
4.253080487251281738e-01
4.818225204944610596e-01
3.998151719570159912e-01
4.916599392890930176e-01
4.869948029518127441e-01
4.692781567573547363e-01
4.920990467071533203e-01
4.583758115768432617e-01
3.978018164634704590e-01
3.387157022953033447e-01
4.610183238983154297e-01
5.379288792610168457e-01
4.416294097900390625e-01
4.779254496097564697e-01
5.207770466804504395e-01
5.102551579475402832e-01
4.874526262283325195e-01
5.396527051925659180e-01
4.445372223854064941e-01
4.164987206459045410e-01
5.031379461288452148e-01
5.496992468833923340e-01
4.445604085922241211e-01
4.504627585411071777e-01
5.071610212326049805e-01
4.261958301067352295e-01
4.579263329505920410e-01
5.580014586448669434e-01
4.843093752861022949e-01
4.234091043472290039e-01
5.541505813598632812e-01
4.348960220813751221e-01
4.459647238254547119e-01
4.545499384403228760e-01
4.730303287506103516e-01
5.250595211982727051e-01
4.425725340843200684e-01
4.714596867561340332e-01
5.002024173736572266e-01
5.374848246574401855e-01
4.764526486396789551e-01
4.356380701065063477e-01
4.859216511249542236e-01
4.070322811603546143e-01
4.402875304222106934e-01
4.469887018203735352e-01
4.580781757831573486e-01
4.338662028312683105e-01
4.087690711021423340e-01
4.430561065673828125e-01
5.247904062271118164e-01
4.109438657760620117e-01
5.334508419036865234e-01
5.434817671775817871e-01
4.885887503623962402e-01
5.247148275375366211e-01
4.538840353488922119e-01
5.248141884803771973e-01
4.932446479797363281e-01
3.966577053070068359e-01
4.624624550342559814e-01
3.511080145835876465e-01
4.990301430225372314e-01
4.384651482105255127e-01
5.141295790672302246e-01
4.672009646892547607e-01
4.352813363075256348e-01
3.364203572273254395e-01
5.829170346260070801e-01
4.299811422824859619e-01
4.559006690979003906e-01
4.525223374366760254e-01
4.890678524971008301e-01
4.152437448501586914e-01
5.484716296195983887e-01
4.497319459915161133e-01
3.838110566139221191e-01
3.778899312019348145e-01
5.283275246620178223e-01
5.060162544250488281e-01
5.863553881645202637e-01
3.925719261169433594e-01
4.009208977222442627e-01
3.915186524391174316e-01
3.837767243385314941e-01
5.901490449905395508e-01
4.684324264526367188e-01
4.797658920288085938e-01
4.404776096343994141e-01
4.258118569850921631e-01
4.617905616760253906e-01
4.522380232810974121e-01
4.066142439842224121e-01
5.050328969955444336e-01
5.015804767608642578e-01
3.862403035163879395e-01
3.515176177024841309e-01
5.038306713104248047e-01
4.118648469448089600e-01
4.359821677207946777e-01
4.561697840690612793e-01
4.802535176277160645e-01
4.934892654418945312e-01
5.099388360977172852e-01
5.058043003082275391e-01
4.799326956272125244e-01
5.012524127960205078e-01
4.011331200599670410e-01
4.859697818756103516e-01
4.436458349227905273e-01
3.779505491256713867e-01
4.382955431938171387e-01
4.794126451015472412e-01
4.089774489402770996e-01
4.949327111244201660e-01
5.312013626098632812e-01
4.519467949867248535e-01
4.149975478649139404e-01
4.323910176753997803e-01
4.584927856922149658e-01
4.346300363540649414e-01
4.365426003932952881e-01
4.736548662185668945e-01
5.216922760009765625e-01
5.180431604385375977e-01
4.675364494323730469e-01
3.975978195667266846e-01
3.830814361572265625e-01
4.857660531997680664e-01
4.508489966392517090e-01
5.200986862182617188e-01
5.323486924171447754e-01
4.731781482696533203e-01
5.370764136314392090e-01
4.274154901504516602e-01
3.800230026245117188e-01
4.122845530509948730e-01
4.630985856056213379e-01
5.012536644935607910e-01
4.419447779655456543e-01
4.094201922416687012e-01
5.995037555694580078e-01
4.713050127029418945e-01
4.307047426700592041e-01
4.759935140609741211e-01
3.524726927280426025e-01
4.653565883636474609e-01
4.900426268577575684e-01
4.954253137111663818e-01
3.791491985321044922e-01
3.934926688671112061e-01
4.758647084236145020e-01
4.837719202041625977e-01
5.487922430038452148e-01
5.162719488143920898e-01
4.520427882671356201e-01
4.131159186363220215e-01
4.560936093330383301e-01
5.528870224952697754e-01
4.325276017189025879e-01
4.371869266033172607e-01
4.736406207084655762e-01
4.999521374702453613e-01
4.520186185836791992e-01
5.446007847785949707e-01
4.252826571464538574e-01
4.290804862976074219e-01
4.627815485000610352e-01
4.802085161209106445e-01
5.256610512733459473e-01
4.306885302066802979e-01
3.971482515335083008e-01
4.456357657909393311e-01
4.501995444297790527e-01
4.458139538764953613e-01
4.708208441734313965e-01
4.969491362571716309e-01
5.373315811157226562e-01
4.595967531204223633e-01
4.507489204406738281e-01
4.876486063003540039e-01
4.461477100849151611e-01
4.910909533500671387e-01
4.354563951492309570e-01
3.955096602439880371e-01
4.332889914512634277e-01
4.890843033790588379e-01
3.506631851196289062e-01
4.687940776348114014e-01
5.612130165100097656e-01
4.054502844810485840e-01
4.809049367904663086e-01
4.588008224964141846e-01
5.240821838378906250e-01
3.871950507164001465e-01
4.792200922966003418e-01
4.535467326641082764e-01
4.176280796527862549e-01
4.477605819702148438e-01
4.462177157402038574e-01
4.557554721832275391e-01
5.096052289009094238e-01
5.744647383689880371e-01
4.487031996250152588e-01
4.287059307098388672e-01
4.842504858970642090e-01
4.732816815376281738e-01
5.572275519371032715e-01
5.140569210052490234e-01
4.875785112380981445e-01
5.204881429672241211e-01
4.473100304603576660e-01
4.882703721523284912e-01
3.917163610458374023e-01
4.154684543609619141e-01
3.760994672775268555e-01
4.101682901382446289e-01
4.074410498142242432e-01
4.310384988784790039e-01
4.191541075706481934e-01
4.719098508358001709e-01
3.989560902118682861e-01
4.436995387077331543e-01
4.949281811714172363e-01
4.279775619506835938e-01
3.678722083568572998e-01
4.631916284561157227e-01
5.301091670989990234e-01
4.903559684753417969e-01
4.460743367671966553e-01
4.259174168109893799e-01
5.058456659317016602e-01
4.283171296119689941e-01
4.443140625953674316e-01
4.556762278079986572e-01
4.558122158050537109e-01
3.792202472686767578e-01
4.100293517112731934e-01
3.774732053279876709e-01
4.652173519134521484e-01
3.694242238998413086e-01
4.491708576679229736e-01
3.910590112209320068e-01
4.696168303489685059e-01
5.220955014228820801e-01
4.417963922023773193e-01
4.165876507759094238e-01
4.597755670547485352e-01
4.870201647281646729e-01
4.504884481430053711e-01
3.844262957572937012e-01
4.920604825019836426e-01
5.258264541625976562e-01
4.395315647125244141e-01
4.626130461692810059e-01
5.116011500358581543e-01
5.979235768318176270e-01
3.844404220581054688e-01
4.272503256797790527e-01
3.575035333633422852e-01
4.805800616741180420e-01
4.559941589832305908e-01
3.724657297134399414e-01
4.802717566490173340e-01
5.498567223548889160e-01
5.358086228370666504e-01
4.525073468685150146e-01
4.084631204605102539e-01
4.593130350112915039e-01
4.522370696067810059e-01
4.269796013832092285e-01
3.764362335205078125e-01
3.784261941909790039e-01
4.569918513298034668e-01
4.627441763877868652e-01
3.843709826469421387e-01
5.035111904144287109e-01
4.553201198577880859e-01
4.167222976684570312e-01
3.344207406044006348e-01
4.423780441284179688e-01
3.411710560321807861e-01
4.793946146965026855e-01
4.554250836372375488e-01
3.590143918991088867e-01
4.263509213924407959e-01
4.364241361618041992e-01
4.271820783615112305e-01
4.083263576030731201e-01
4.045386016368865967e-01
4.189378023147583008e-01
4.416169226169586182e-01
4.210404455661773682e-01
3.754057884216308594e-01
5.099766850471496582e-01
4.040108621120452881e-01
3.516950607299804688e-01
4.328824579715728760e-01
4.338872134685516357e-01
3.663672804832458496e-01
4.382022619247436523e-01
4.745012521743774414e-01
4.126105010509490967e-01
5.183085203170776367e-01
4.112126827239990234e-01
4.381889104843139648e-01
3.793688416481018066e-01
3.626314997673034668e-01
3.385919034481048584e-01
4.438838958740234375e-01
4.679652154445648193e-01
4.339921176433563232e-01
3.920185863971710205e-01
4.870707392692565918e-01
3.953402638435363770e-01
4.673429131507873535e-01
4.253943562507629395e-01
4.480991959571838379e-01
4.449817240238189697e-01
4.773280620574951172e-01
4.495996236801147461e-01
3.939083218574523926e-01
3.957836031913757324e-01
4.742673635482788086e-01
4.241604804992675781e-01
3.457773625850677490e-01
3.895014524459838867e-01
3.989723324775695801e-01
4.109731614589691162e-01
3.897879719734191895e-01
3.541038036346435547e-01
3.801494240760803223e-01
4.481700658798217773e-01
4.566823244094848633e-01
4.686239659786224365e-01
3.049190640449523926e-01
4.005057513713836670e-01
4.974521994590759277e-01
4.239697456359863281e-01
3.598433136940002441e-01
3.640008270740509033e-01
3.729214370250701904e-01
5.147689580917358398e-01
4.753742218017578125e-01
4.746142029762268066e-01
3.629403114318847656e-01
4.096409082412719727e-01
4.374105930328369141e-01
4.379604756832122803e-01
3.850784301757812500e-01
3.896497488021850586e-01
4.375249445438385010e-01
5.085767507553100586e-01
3.545591831207275391e-01
4.178563654422760010e-01
3.775462508201599121e-01
3.932902216911315918e-01
4.014022946357727051e-01
3.620207011699676514e-01
3.908377587795257568e-01
3.567981421947479248e-01
3.651898205280303955e-01
3.464835882186889648e-01
4.035630822181701660e-01
4.155513644218444824e-01
4.274790585041046143e-01
5.105870962142944336e-01
4.349199831485748291e-01
4.126997590065002441e-01
4.241950511932373047e-01
4.315353631973266602e-01
4.367968440055847168e-01
3.703802525997161865e-01
3.374613523483276367e-01
5.412325859069824219e-01
4.848146736621856689e-01
4.563894569873809814e-01
5.299065113067626953e-01
4.508879780769348145e-01
4.432175159454345703e-01
4.614952206611633301e-01
3.693511486053466797e-01
3.696829378604888916e-01
4.060043692588806152e-01
5.210137963294982910e-01
4.712248146533966064e-01
3.370620608329772949e-01
4.327383935451507568e-01
4.366864562034606934e-01
4.679670333862304688e-01
4.949609637260437012e-01
4.036176204681396484e-01
4.562139809131622314e-01
4.330456256866455078e-01
3.854590356349945068e-01
4.761624932289123535e-01
4.110936522483825684e-01
5.336309075355529785e-01
3.609253764152526855e-01
2.864700555801391602e-01
4.799376130104064941e-01
4.287854433059692383e-01
5.289876461029052734e-01
3.601241409778594971e-01
4.337186217308044434e-01
4.781561493873596191e-01
4.608258008956909180e-01
3.589824736118316650e-01
4.383286237716674805e-01
3.123811483383178711e-01
4.169910550117492676e-01
4.800135195255279541e-01
3.618945181369781494e-01
4.234263300895690918e-01
3.943109512329101562e-01
4.210858643054962158e-01
4.254553914070129395e-01
4.038067460060119629e-01
4.079600572586059570e-01
3.664683103561401367e-01
3.664814233779907227e-01
3.737893104553222656e-01
4.250757992267608643e-01
4.269411265850067139e-01
3.487871885299682617e-01
3.889605104923248291e-01
3.920421600341796875e-01
3.822095990180969238e-01
3.901699781417846680e-01
4.075639843940734863e-01
4.783453941345214844e-01
3.549147844314575195e-01
4.774766564369201660e-01
3.814461827278137207e-01
3.394789695739746094e-01
4.557562172412872314e-01
4.841072559356689453e-01
3.544323146343231201e-01
3.573436141014099121e-01
3.787993192672729492e-01
3.356779217720031738e-01
3.811968863010406494e-01
3.925128579139709473e-01
4.029869437217712402e-01
4.464932680130004883e-01
3.993417620658874512e-01
5.066757202148437500e-01
5.024700164794921875e-01
4.205984771251678467e-01
4.506025314331054688e-01
3.505280017852783203e-01
4.866678118705749512e-01
4.359711408615112305e-01
3.792224824428558350e-01
3.742384612560272217e-01
4.059618413448333740e-01
3.303399980068206787e-01
4.082016050815582275e-01
3.147832751274108887e-01
3.545691967010498047e-01
3.822392225265502930e-01
4.663384258747100830e-01
4.345981478691101074e-01
4.516922235488891602e-01
3.947808146476745605e-01
3.380499482154846191e-01
3.965109288692474365e-01
4.252464175224304199e-01
4.066572189331054688e-01
4.643016457557678223e-01
3.702270984649658203e-01
4.216523766517639160e-01
4.131060242652893066e-01
3.592991232872009277e-01
4.012649655342102051e-01
2.869434058666229248e-01
4.060547947883605957e-01
4.146680831909179688e-01
3.842659592628479004e-01
3.747025430202484131e-01
3.946852684020996094e-01
4.433143138885498047e-01
3.880284428596496582e-01
4.090115725994110107e-01
3.959226906299591064e-01
3.820958733558654785e-01
4.253724813461303711e-01
4.164919257164001465e-01
4.246699512004852295e-01
4.577557444572448730e-01
3.864491283893585205e-01
4.728609919548034668e-01
4.900078177452087402e-01
3.713017404079437256e-01
2.621391415596008301e-01
4.513189196586608887e-01
4.369547069072723389e-01
3.420380949974060059e-01
4.875137209892272949e-01
3.482667505741119385e-01
3.915702700614929199e-01
4.551898241043090820e-01
3.750918209552764893e-01
3.792523741722106934e-01
4.045884013175964355e-01
3.877030014991760254e-01
3.559625148773193359e-01
3.921188712120056152e-01
4.181235134601593018e-01
3.889882564544677734e-01
4.828740954399108887e-01
3.286829590797424316e-01
3.890818655490875244e-01
4.249943494796752930e-01
3.405203819274902344e-01
4.109839200973510742e-01
3.624494075775146484e-01
4.239140748977661133e-01
3.596354722976684570e-01
4.094151854515075684e-01
3.972302079200744629e-01
2.993346750736236572e-01
3.709989786148071289e-01
3.727437853813171387e-01
4.223799705505371094e-01
3.794029355049133301e-01
4.110867679119110107e-01
5.046694278717041016e-01
4.799156785011291504e-01
4.313558340072631836e-01
3.822837471961975098e-01
