3.868848437500000000e+04
3.866096093750000000e+04
3.854606250000000000e+04
3.768139843750000000e+04
3.822040625000000000e+04
3.738150000000000000e+04
3.693614843750000000e+04
3.634384375000000000e+04
3.661517187500000000e+04
3.461210156250000000e+04
3.554332031250000000e+04
3.389701562500000000e+04
3.230201562500000000e+04
3.335527343750000000e+04
3.125963281250000000e+04
3.090511718750000000e+04
2.834046875000000000e+04
2.764835937500000000e+04
2.667155468750000000e+04
2.518568750000000000e+04
2.303541406250000000e+04
2.205723437500000000e+04
2.041064062500000000e+04
1.923330468750000000e+04
1.830587500000000000e+04
1.705420312500000000e+04
1.718208593750000000e+04
1.345478125000000000e+04
1.326007812500000000e+04
1.393303906250000000e+04
1.114426562500000000e+04
9.340859375000000000e+03
1.087174218750000000e+04
7.843921875000000000e+03
8.444000000000000000e+03
6.972218750000000000e+03
7.004187500000000000e+03
5.933453125000000000e+03
5.444164062500000000e+03
5.773078125000000000e+03
5.622007812500000000e+03
4.821054687500000000e+03
5.406492187500000000e+03
4.700023437500000000e+03
4.312835937500000000e+03
4.424210937500000000e+03
3.333773437500000000e+03
3.171828125000000000e+03
3.484968750000000000e+03
3.265773437500000000e+03
3.551515625000000000e+03
3.428171875000000000e+03
3.321992187500000000e+03
3.796187500000000000e+03
3.105617187500000000e+03
2.860390625000000000e+03
2.863515625000000000e+03
3.138945312500000000e+03
2.705906250000000000e+03
2.356593750000000000e+03
2.943828125000000000e+03
1.824687500000000000e+03
2.397195312500000000e+03
2.086320312500000000e+03
1.940343750000000000e+03
2.039343750000000000e+03
2.017734375000000000e+03
1.779851562500000000e+03
1.825773437500000000e+03
2.281820312500000000e+03
2.061453125000000000e+03
2.042945312500000000e+03
1.884273437500000000e+03
2.585851562500000000e+03
1.680578125000000000e+03
2.348156250000000000e+03
2.044101562500000000e+03
1.546164062500000000e+03
1.853851562500000000e+03
1.322132812500000000e+03
1.779226562500000000e+03
1.632554687500000000e+03
1.796789062500000000e+03
1.686507812500000000e+03
1.776250000000000000e+03
1.567312500000000000e+03
1.900718750000000000e+03
1.648320312500000000e+03
1.683617187500000000e+03
1.961046875000000000e+03
1.341007812500000000e+03
1.893851562500000000e+03
1.709179687500000000e+03
1.732328125000000000e+03
2.064851562500000000e+03
1.250070312500000000e+03
1.566398437500000000e+03
1.300406250000000000e+03
1.671445312500000000e+03
1.571945312500000000e+03
1.667562500000000000e+03
1.421335937500000000e+03
1.428414062500000000e+03
1.338734375000000000e+03
1.466687500000000000e+03
1.725976562500000000e+03
1.669867187500000000e+03
1.550242187500000000e+03
1.774156250000000000e+03
1.245218750000000000e+03
1.511437500000000000e+03
1.224726562500000000e+03
1.200953125000000000e+03
1.406367187500000000e+03
1.456648437500000000e+03
1.405632812500000000e+03
1.308828125000000000e+03
1.224859375000000000e+03
1.609437500000000000e+03
1.024109375000000000e+03
1.154562500000000000e+03
1.266398437500000000e+03
1.483429687500000000e+03
1.210039062500000000e+03
1.452281250000000000e+03
1.589234375000000000e+03
1.033523437500000000e+03
1.057382812500000000e+03
1.235312500000000000e+03
1.201625000000000000e+03
1.306429687500000000e+03
1.507023437500000000e+03
1.108765625000000000e+03
1.240101562500000000e+03
1.348703125000000000e+03
1.155828125000000000e+03
1.342710937500000000e+03
1.601117187500000000e+03
1.241609375000000000e+03
1.301062500000000000e+03
1.067335937500000000e+03
1.343609375000000000e+03
1.155929687500000000e+03
1.440570312500000000e+03
1.176718750000000000e+03
1.885773437500000000e+03
1.197664062500000000e+03
1.377109375000000000e+03
1.246640625000000000e+03
1.163437500000000000e+03
1.136648437500000000e+03
1.227835937500000000e+03
1.032250000000000000e+03
1.393242187500000000e+03
1.231882812500000000e+03
1.227781250000000000e+03
1.173445312500000000e+03
1.314390625000000000e+03
1.115687500000000000e+03
9.822421875000000000e+02
1.335132812500000000e+03
1.151320312500000000e+03
1.057054687500000000e+03
1.156617187500000000e+03
1.117960937500000000e+03
1.383484375000000000e+03
1.130164062500000000e+03
1.184234375000000000e+03
8.923125000000000000e+02
1.039789062500000000e+03
1.001484375000000000e+03
9.965625000000000000e+02
1.352968750000000000e+03
1.130367187500000000e+03
1.220945312500000000e+03
1.233851562500000000e+03
1.092101562500000000e+03
1.090476562500000000e+03
1.152375000000000000e+03
1.163515625000000000e+03
1.108093750000000000e+03
1.087906250000000000e+03
9.142109375000000000e+02
9.896171875000000000e+02
1.056484375000000000e+03
1.162273437500000000e+03
1.133953125000000000e+03
1.082187500000000000e+03
1.055476562500000000e+03
1.016015625000000000e+03
1.274898437500000000e+03
9.646015625000000000e+02
1.067093750000000000e+03
9.944687500000000000e+02
1.051187500000000000e+03
1.135375000000000000e+03
1.156460937500000000e+03
9.395468750000000000e+02
1.114828125000000000e+03
1.059257812500000000e+03
1.401742187500000000e+03
1.154226562500000000e+03
1.149382812500000000e+03
8.478906250000000000e+02
1.236929687500000000e+03
1.046484375000000000e+03
9.084765625000000000e+02
1.117257812500000000e+03
9.351250000000000000e+02
9.072265625000000000e+02
9.315859375000000000e+02
1.216796875000000000e+03
1.329757812500000000e+03
1.169015625000000000e+03
8.400312500000000000e+02
9.346171875000000000e+02
8.899218750000000000e+02
9.943671875000000000e+02
1.164632812500000000e+03
9.435546875000000000e+02
1.193078125000000000e+03
9.059609375000000000e+02
9.571250000000000000e+02
1.111031250000000000e+03
1.082617187500000000e+03
1.027460937500000000e+03
7.965234375000000000e+02
8.391093750000000000e+02
9.068906250000000000e+02
9.444843750000000000e+02
1.394843750000000000e+03
1.017585937500000000e+03
1.224343750000000000e+03
1.100132812500000000e+03
8.526250000000000000e+02
9.823828125000000000e+02
1.011593750000000000e+03
8.803750000000000000e+02
8.567812500000000000e+02
9.014140625000000000e+02
8.059140625000000000e+02
9.690000000000000000e+02
9.222265625000000000e+02
8.684140625000000000e+02
8.825156250000000000e+02
1.078304687500000000e+03
1.000554687500000000e+03
1.076265625000000000e+03
8.576484375000000000e+02
8.665703125000000000e+02
1.049578125000000000e+03
1.038960937500000000e+03
8.301250000000000000e+02
7.190546875000000000e+02
9.609921875000000000e+02
8.969218750000000000e+02
9.332109375000000000e+02
8.092578125000000000e+02
1.054507812500000000e+03
8.930859375000000000e+02
8.772968750000000000e+02
8.404765625000000000e+02
8.628203125000000000e+02
7.973515625000000000e+02
9.256875000000000000e+02
1.078054687500000000e+03
8.775703125000000000e+02
8.701718750000000000e+02
9.394375000000000000e+02
9.820000000000000000e+02
9.307734375000000000e+02
8.709218750000000000e+02
8.041171875000000000e+02
1.094875000000000000e+03
1.014882812500000000e+03
1.006804687500000000e+03
8.244140625000000000e+02
7.961953125000000000e+02
8.560234375000000000e+02
8.476328125000000000e+02
9.278359375000000000e+02
7.918515625000000000e+02
8.450781250000000000e+02
8.559531250000000000e+02
8.263906250000000000e+02
9.703593750000000000e+02
7.988359375000000000e+02
7.724375000000000000e+02
9.743750000000000000e+02
7.251250000000000000e+02
8.532187500000000000e+02
8.514687500000000000e+02
6.741015625000000000e+02
8.530937500000000000e+02
9.519531250000000000e+02
6.956718750000000000e+02
8.723515625000000000e+02
8.302578125000000000e+02
1.019335937500000000e+03
7.090781250000000000e+02
7.806406250000000000e+02
1.030187500000000000e+03
7.997500000000000000e+02
7.742968750000000000e+02
8.505078125000000000e+02
7.351015625000000000e+02
9.932812500000000000e+02
9.741171875000000000e+02
1.136500000000000000e+03
9.095078125000000000e+02
8.067812500000000000e+02
7.798125000000000000e+02
7.628359375000000000e+02
8.214062500000000000e+02
8.053593750000000000e+02
6.848984375000000000e+02
7.462500000000000000e+02
8.543593750000000000e+02
7.014843750000000000e+02
8.846718750000000000e+02
6.685546875000000000e+02
8.128906250000000000e+02
7.019843750000000000e+02
9.418281250000000000e+02
1.189476562500000000e+03
9.160468750000000000e+02
6.869296875000000000e+02
7.407500000000000000e+02
6.895390625000000000e+02
6.699531250000000000e+02
6.263359375000000000e+02
7.508828125000000000e+02
8.178046875000000000e+02
7.282031250000000000e+02
8.045625000000000000e+02
9.042968750000000000e+02
8.114453125000000000e+02
6.775000000000000000e+02
7.770937500000000000e+02
8.446406250000000000e+02
8.401250000000000000e+02
7.827734375000000000e+02
6.723125000000000000e+02
6.996562500000000000e+02
1.064984375000000000e+03
6.593359375000000000e+02
1.063695312500000000e+03
1.017085937500000000e+03
7.323359375000000000e+02
6.737343750000000000e+02
6.866562500000000000e+02
9.582265625000000000e+02
7.270546875000000000e+02
7.235859375000000000e+02
7.154140625000000000e+02
1.120390625000000000e+03
7.147656250000000000e+02
7.504843750000000000e+02
7.226484375000000000e+02
7.248984375000000000e+02
6.990859375000000000e+02
6.957421875000000000e+02
6.306718750000000000e+02
7.172031250000000000e+02
6.654453125000000000e+02
6.177187500000000000e+02
6.985312500000000000e+02
7.195234375000000000e+02
8.427656250000000000e+02
6.498046875000000000e+02
8.217578125000000000e+02
6.600781250000000000e+02
6.698281250000000000e+02
7.506406250000000000e+02
8.567500000000000000e+02
7.169765625000000000e+02
7.645703125000000000e+02
6.637343750000000000e+02
9.457812500000000000e+02
6.553515625000000000e+02
6.504531250000000000e+02
6.416718750000000000e+02
6.795390625000000000e+02
7.419062500000000000e+02
8.826250000000000000e+02
8.994296875000000000e+02
8.088125000000000000e+02
6.563437500000000000e+02
7.000781250000000000e+02
7.165703125000000000e+02
8.193359375000000000e+02
6.136562500000000000e+02
7.524375000000000000e+02
1.025796875000000000e+03
7.971484375000000000e+02
6.931718750000000000e+02
6.793828125000000000e+02
7.219687500000000000e+02
7.760156250000000000e+02
6.823046875000000000e+02
7.108359375000000000e+02
6.676093750000000000e+02
6.746640625000000000e+02
7.100234375000000000e+02
6.594296875000000000e+02
6.948671875000000000e+02
7.284531250000000000e+02
6.883828125000000000e+02
6.227812500000000000e+02
6.143750000000000000e+02
5.821093750000000000e+02
6.770468750000000000e+02
8.820078125000000000e+02
8.005859375000000000e+02
6.380781250000000000e+02
7.211406250000000000e+02
8.379609375000000000e+02
6.461015625000000000e+02
6.673984375000000000e+02
6.226640625000000000e+02
6.031093750000000000e+02
7.717656250000000000e+02
6.991640625000000000e+02
8.449765625000000000e+02
7.304453125000000000e+02
5.754453125000000000e+02
6.391796875000000000e+02
6.202734375000000000e+02
8.195546875000000000e+02
5.971562500000000000e+02
5.713671875000000000e+02
6.933125000000000000e+02
5.791640625000000000e+02
5.473515625000000000e+02
6.199453125000000000e+02
6.567500000000000000e+02
6.067968750000000000e+02
6.113125000000000000e+02
5.937187500000000000e+02
6.030468750000000000e+02
6.045625000000000000e+02
6.577812500000000000e+02
6.963437500000000000e+02
7.452109375000000000e+02
8.222500000000000000e+02
6.027421875000000000e+02
6.878671875000000000e+02
7.073281250000000000e+02
6.558828125000000000e+02
6.064218750000000000e+02
5.594218750000000000e+02
5.711406250000000000e+02
8.425156250000000000e+02
6.528984375000000000e+02
5.918437500000000000e+02
5.543125000000000000e+02
7.555000000000000000e+02
6.397265625000000000e+02
5.660312500000000000e+02
6.160625000000000000e+02
6.524140625000000000e+02
6.455468750000000000e+02
5.310859375000000000e+02
5.632890625000000000e+02
6.219140625000000000e+02
6.151796875000000000e+02
7.616093750000000000e+02
6.294453125000000000e+02
5.717890625000000000e+02
6.515234375000000000e+02
5.638437500000000000e+02
6.765156250000000000e+02
6.424921875000000000e+02
5.369140625000000000e+02
6.723359375000000000e+02
5.683359375000000000e+02
5.108281250000000000e+02
7.041875000000000000e+02
8.761406250000000000e+02
5.247187500000000000e+02
5.818906250000000000e+02
5.214140625000000000e+02
6.221171875000000000e+02
5.619687500000000000e+02
6.133203125000000000e+02
5.467890625000000000e+02
7.085781250000000000e+02
5.758125000000000000e+02
6.597656250000000000e+02
5.506171875000000000e+02
6.737109375000000000e+02
5.164687500000000000e+02
5.687656250000000000e+02
6.717578125000000000e+02
6.337031250000000000e+02
5.662812500000000000e+02
6.536796875000000000e+02
6.502343750000000000e+02
8.961640625000000000e+02
6.645546875000000000e+02
5.275546875000000000e+02
6.499453125000000000e+02
6.416015625000000000e+02
6.167109375000000000e+02
6.858203125000000000e+02
7.068984375000000000e+02
5.855625000000000000e+02
5.490078125000000000e+02
6.124609375000000000e+02
5.267656250000000000e+02
5.182968750000000000e+02
8.218281250000000000e+02
5.067500000000000000e+02
8.841718750000000000e+02
5.395390625000000000e+02
6.275000000000000000e+02
6.379765625000000000e+02
7.549687500000000000e+02
5.797109375000000000e+02
5.573671875000000000e+02
7.318515625000000000e+02
5.808046875000000000e+02
5.062265625000000000e+02
5.363203125000000000e+02
5.711953125000000000e+02
1.045421875000000000e+03
5.762265625000000000e+02
5.605937500000000000e+02
8.984375000000000000e+02
6.733125000000000000e+02
5.653750000000000000e+02
5.705546875000000000e+02
5.748750000000000000e+02
5.807656250000000000e+02
4.688125000000000000e+02
5.350625000000000000e+02
5.166953125000000000e+02
5.277500000000000000e+02
6.535390625000000000e+02
5.986562500000000000e+02
5.160078125000000000e+02
5.351640625000000000e+02
5.106640625000000000e+02
4.731718750000000000e+02
4.922812500000000000e+02
5.656796875000000000e+02
9.518125000000000000e+02
5.559765625000000000e+02
5.402812500000000000e+02
5.099218750000000000e+02
5.000703125000000000e+02
5.329296875000000000e+02
5.225859375000000000e+02
8.235546875000000000e+02
7.407109375000000000e+02
5.209921875000000000e+02
5.880312500000000000e+02
5.967187500000000000e+02
4.895781250000000000e+02
5.105781250000000000e+02
5.698750000000000000e+02
4.813046875000000000e+02
6.007890625000000000e+02
5.517265625000000000e+02
5.837031250000000000e+02
8.263125000000000000e+02
4.867656250000000000e+02
7.061015625000000000e+02
6.370078125000000000e+02
5.183906250000000000e+02
5.248437500000000000e+02
4.999531250000000000e+02
5.100859375000000000e+02
5.455390625000000000e+02
5.251171875000000000e+02
7.862109375000000000e+02
7.618046875000000000e+02
5.550703125000000000e+02
4.876406250000000000e+02
5.172812500000000000e+02
6.696406250000000000e+02
4.419687500000000000e+02
4.930781250000000000e+02
4.332187500000000000e+02
4.323203125000000000e+02
4.517343750000000000e+02
4.844453125000000000e+02
8.782500000000000000e+02
1.004859375000000000e+03
4.366562500000000000e+02
4.459609375000000000e+02
9.280390625000000000e+02
4.799296875000000000e+02
7.434218750000000000e+02
4.116328125000000000e+02
5.533984375000000000e+02
5.014453125000000000e+02
5.106015625000000000e+02
6.813593750000000000e+02
4.630390625000000000e+02
4.955156250000000000e+02
9.126093750000000000e+02
4.215468750000000000e+02
4.544531250000000000e+02
6.976718750000000000e+02
5.786875000000000000e+02
4.818203125000000000e+02
5.537656250000000000e+02
6.384296875000000000e+02
5.200000000000000000e+02
5.367890625000000000e+02
4.976171875000000000e+02
5.947656250000000000e+02
4.978750000000000000e+02
4.127890625000000000e+02
5.159921875000000000e+02
6.325546875000000000e+02
4.460546875000000000e+02
5.582500000000000000e+02
4.114296875000000000e+02
4.862187500000000000e+02
4.102109375000000000e+02
4.534062500000000000e+02
4.646484375000000000e+02
5.141406250000000000e+02
4.444218750000000000e+02
4.672968750000000000e+02
4.520000000000000000e+02
4.740000000000000000e+02
4.838125000000000000e+02
4.360156250000000000e+02
5.180312500000000000e+02
4.675000000000000000e+02
4.587343750000000000e+02
5.482031250000000000e+02
8.918437500000000000e+02
4.539609375000000000e+02
5.114453125000000000e+02
5.458906250000000000e+02
5.244609375000000000e+02
4.538671875000000000e+02
4.187890625000000000e+02
6.578437500000000000e+02
5.611250000000000000e+02
4.913750000000000000e+02
4.830937500000000000e+02
6.128906250000000000e+02
3.973359375000000000e+02
4.045468750000000000e+02
5.358203125000000000e+02
4.598750000000000000e+02
5.318046875000000000e+02
4.198437500000000000e+02
3.958515625000000000e+02
3.803593750000000000e+02
4.467187500000000000e+02
5.278671875000000000e+02
4.395000000000000000e+02
5.600703125000000000e+02
4.128828125000000000e+02
4.134609375000000000e+02
5.865625000000000000e+02
4.275078125000000000e+02
4.441640625000000000e+02
4.886953125000000000e+02
5.148359375000000000e+02
5.266562500000000000e+02
7.642265625000000000e+02
5.240937500000000000e+02
3.680546875000000000e+02
4.921015625000000000e+02
4.112500000000000000e+02
4.577812500000000000e+02
6.425468750000000000e+02
4.737656250000000000e+02
4.160937500000000000e+02
5.308281250000000000e+02
4.444453125000000000e+02
5.064921875000000000e+02
4.907187500000000000e+02
4.300468750000000000e+02
4.377031250000000000e+02
5.247265625000000000e+02
6.691093750000000000e+02
4.645234375000000000e+02
4.285781250000000000e+02
3.669218750000000000e+02
6.651562500000000000e+02
5.697812500000000000e+02
4.599375000000000000e+02
5.663437500000000000e+02
4.728671875000000000e+02
6.758671875000000000e+02
5.299375000000000000e+02
4.436640625000000000e+02
5.401718750000000000e+02
3.937031250000000000e+02
4.658828125000000000e+02
4.622812500000000000e+02
3.821093750000000000e+02
7.924062500000000000e+02
5.012578125000000000e+02
3.844453125000000000e+02
4.997187500000000000e+02
6.617187500000000000e+02
6.820078125000000000e+02
3.810546875000000000e+02
7.022031250000000000e+02
6.348203125000000000e+02
5.342031250000000000e+02
5.437890625000000000e+02
6.620156250000000000e+02
4.242421875000000000e+02
4.304140625000000000e+02
4.042734375000000000e+02
4.253593750000000000e+02
3.721484375000000000e+02
6.493125000000000000e+02
4.809921875000000000e+02
3.609843750000000000e+02
6.960625000000000000e+02
5.341562500000000000e+02
4.873359375000000000e+02
4.107421875000000000e+02
5.291015625000000000e+02
5.533515625000000000e+02
3.348046875000000000e+02
4.794687500000000000e+02
4.391796875000000000e+02
5.381484375000000000e+02
6.328125000000000000e+02
1.229250000000000000e+03
4.091796875000000000e+02
4.101640625000000000e+02
6.525390625000000000e+02
4.980312500000000000e+02
4.678046875000000000e+02
5.881562500000000000e+02
3.936406250000000000e+02
4.454375000000000000e+02
3.779609375000000000e+02
3.588515625000000000e+02
4.164218750000000000e+02
4.943671875000000000e+02
6.575312500000000000e+02
4.044921875000000000e+02
4.818281250000000000e+02
3.850703125000000000e+02
6.878593750000000000e+02
6.716015625000000000e+02
5.827734375000000000e+02
5.579765625000000000e+02
6.132109375000000000e+02
4.213828125000000000e+02
3.974765625000000000e+02
3.959296875000000000e+02
4.408281250000000000e+02
4.105078125000000000e+02
3.906093750000000000e+02
4.806875000000000000e+02
6.762890625000000000e+02
4.117578125000000000e+02
4.085390625000000000e+02
3.747656250000000000e+02
7.065234375000000000e+02
5.659921875000000000e+02
3.881796875000000000e+02
5.109140625000000000e+02
4.463125000000000000e+02
4.800468750000000000e+02
4.755390625000000000e+02
3.886093750000000000e+02
4.222500000000000000e+02
5.670390625000000000e+02
4.142812500000000000e+02
6.429843750000000000e+02
7.880625000000000000e+02
3.213906250000000000e+02
4.328046875000000000e+02
3.751015625000000000e+02
4.761328125000000000e+02
4.075703125000000000e+02
4.663515625000000000e+02
4.053515625000000000e+02
3.748515625000000000e+02
4.801250000000000000e+02
3.165859375000000000e+02
3.948437500000000000e+02
6.007031250000000000e+02
3.404062500000000000e+02
4.169687500000000000e+02
3.779687500000000000e+02
3.444140625000000000e+02
3.646484375000000000e+02
4.274609375000000000e+02
4.030781250000000000e+02
4.249375000000000000e+02
3.942890625000000000e+02
5.598437500000000000e+02
3.431328125000000000e+02
3.796875000000000000e+02
6.353671875000000000e+02
6.036796875000000000e+02
3.839062500000000000e+02
5.576015625000000000e+02
3.715312500000000000e+02
3.867890625000000000e+02
3.341406250000000000e+02
3.686875000000000000e+02
4.014765625000000000e+02
4.378359375000000000e+02
4.876093750000000000e+02
5.380156250000000000e+02
3.556171875000000000e+02
3.508593750000000000e+02
3.172890625000000000e+02
5.774843750000000000e+02
3.368671875000000000e+02
3.500000000000000000e+02
6.435781250000000000e+02
7.096718750000000000e+02
4.733203125000000000e+02
4.920546875000000000e+02
8.916718750000000000e+02
3.113984375000000000e+02
4.579375000000000000e+02
3.211093750000000000e+02
5.400703125000000000e+02
4.420312500000000000e+02
4.547109375000000000e+02
3.500078125000000000e+02
4.048828125000000000e+02
4.544921875000000000e+02
9.154687500000000000e+02
5.251484375000000000e+02
6.234843750000000000e+02
3.249609375000000000e+02
3.577500000000000000e+02
5.337890625000000000e+02
7.783125000000000000e+02
3.451875000000000000e+02
3.761015625000000000e+02
4.048125000000000000e+02
5.589843750000000000e+02
5.660781250000000000e+02
5.332265625000000000e+02
7.631562500000000000e+02
5.212968750000000000e+02
2.891718750000000000e+02
4.058828125000000000e+02
6.480390625000000000e+02
4.317890625000000000e+02
5.731875000000000000e+02
3.548906250000000000e+02
3.530625000000000000e+02
6.153046875000000000e+02
4.993828125000000000e+02
3.457500000000000000e+02
3.100078125000000000e+02
4.653359375000000000e+02
3.827578125000000000e+02
3.902421875000000000e+02
4.218671875000000000e+02
5.245781250000000000e+02
3.246953125000000000e+02
3.702187500000000000e+02
4.131171875000000000e+02
4.375625000000000000e+02
3.454921875000000000e+02
3.607187500000000000e+02
4.355234375000000000e+02
4.037421875000000000e+02
3.480781250000000000e+02
2.867109375000000000e+02
2.687265625000000000e+02
3.014921875000000000e+02
3.368671875000000000e+02
4.851718750000000000e+02
3.856562500000000000e+02
2.804218750000000000e+02
4.685234375000000000e+02
3.666953125000000000e+02
4.128281250000000000e+02
3.214531250000000000e+02
3.668046875000000000e+02
3.245234375000000000e+02
5.895390625000000000e+02
4.378437500000000000e+02
7.282343750000000000e+02
4.202890625000000000e+02
4.291171875000000000e+02
6.609218750000000000e+02
3.218984375000000000e+02
3.585859375000000000e+02
3.050312500000000000e+02
3.679843750000000000e+02
4.459453125000000000e+02
4.394140625000000000e+02
4.017968750000000000e+02
2.585703125000000000e+02
2.786171875000000000e+02
5.354296875000000000e+02
3.028984375000000000e+02
3.873437500000000000e+02
4.463906250000000000e+02
3.730000000000000000e+02
3.745937500000000000e+02
3.567812500000000000e+02
5.317500000000000000e+02
3.569218750000000000e+02
3.612734375000000000e+02
4.964453125000000000e+02
3.788984375000000000e+02
3.970156250000000000e+02
3.632968750000000000e+02
4.524296875000000000e+02
3.501250000000000000e+02
3.985234375000000000e+02
3.492734375000000000e+02
5.113515625000000000e+02
4.382578125000000000e+02
3.036796875000000000e+02
2.929296875000000000e+02
8.248046875000000000e+02
4.437343750000000000e+02
3.120859375000000000e+02
3.184062500000000000e+02
3.388984375000000000e+02
3.964375000000000000e+02
4.663203125000000000e+02
4.391875000000000000e+02
3.282500000000000000e+02
3.991562500000000000e+02
6.846328125000000000e+02
2.935390625000000000e+02
3.210859375000000000e+02
2.721015625000000000e+02
3.492968750000000000e+02
3.397890625000000000e+02
5.514375000000000000e+02
3.372343750000000000e+02
2.936250000000000000e+02
2.921406250000000000e+02
3.019296875000000000e+02
2.988750000000000000e+02
3.642500000000000000e+02
5.795000000000000000e+02
4.160468750000000000e+02
3.448906250000000000e+02
3.603984375000000000e+02
3.352890625000000000e+02
5.382343750000000000e+02
4.052968750000000000e+02
5.871015625000000000e+02
4.309062500000000000e+02
5.098750000000000000e+02
3.534687500000000000e+02
6.430156250000000000e+02
3.326640625000000000e+02
3.961015625000000000e+02
4.240312500000000000e+02
4.063906250000000000e+02
4.805312500000000000e+02
4.597421875000000000e+02
4.512343750000000000e+02
3.161875000000000000e+02
3.187812500000000000e+02
2.915078125000000000e+02
5.927109375000000000e+02
3.478828125000000000e+02
3.795312500000000000e+02
8.607968750000000000e+02
4.046093750000000000e+02
2.780781250000000000e+02
3.976171875000000000e+02
2.981328125000000000e+02
4.009296875000000000e+02
4.383125000000000000e+02
4.215312500000000000e+02
3.374843750000000000e+02
3.073828125000000000e+02
2.781796875000000000e+02
3.682031250000000000e+02
4.525859375000000000e+02
2.899921875000000000e+02
3.551250000000000000e+02
3.342500000000000000e+02
2.981250000000000000e+02
6.511093750000000000e+02
3.067578125000000000e+02
2.851093750000000000e+02
3.426640625000000000e+02
3.795468750000000000e+02
2.881250000000000000e+02
3.285234375000000000e+02
4.910781250000000000e+02
3.762265625000000000e+02
3.688671875000000000e+02
4.610703125000000000e+02
2.768046875000000000e+02
2.696484375000000000e+02
3.761875000000000000e+02
3.567187500000000000e+02
5.441640625000000000e+02
4.824218750000000000e+02
3.097109375000000000e+02
2.965000000000000000e+02
3.890625000000000000e+02
4.984765625000000000e+02
7.020546875000000000e+02
2.979687500000000000e+02
3.076328125000000000e+02
3.980234375000000000e+02
3.892187500000000000e+02
2.824375000000000000e+02
3.652031250000000000e+02
3.891250000000000000e+02
2.654140625000000000e+02
4.682812500000000000e+02
3.984843750000000000e+02
5.231406250000000000e+02
5.082656250000000000e+02
6.982031250000000000e+02
4.037031250000000000e+02
7.308515625000000000e+02
5.130234375000000000e+02
2.731093750000000000e+02
2.720390625000000000e+02
3.683906250000000000e+02
2.984140625000000000e+02
3.002656250000000000e+02
5.934140625000000000e+02
3.927031250000000000e+02
3.075156250000000000e+02
2.608515625000000000e+02
3.019296875000000000e+02
2.555546875000000000e+02
4.011796875000000000e+02
2.811796875000000000e+02
4.655234375000000000e+02
2.953437500000000000e+02
3.554609375000000000e+02
2.949765625000000000e+02
5.192656250000000000e+02
4.076328125000000000e+02
3.066171875000000000e+02
2.878125000000000000e+02
3.383046875000000000e+02
3.361328125000000000e+02
5.061171875000000000e+02
3.541406250000000000e+02
3.221093750000000000e+02
2.317578125000000000e+02
3.461484375000000000e+02
2.811953125000000000e+02
2.885546875000000000e+02
2.578281250000000000e+02
5.753125000000000000e+02
3.041093750000000000e+02
5.567265625000000000e+02
2.653281250000000000e+02
6.168906250000000000e+02
2.932734375000000000e+02
2.705390625000000000e+02
2.969843750000000000e+02
2.453359375000000000e+02
3.917968750000000000e+02
3.116171875000000000e+02
3.121796875000000000e+02
4.332656250000000000e+02
3.363750000000000000e+02
5.758671875000000000e+02
4.787421875000000000e+02
3.822500000000000000e+02
3.484765625000000000e+02
2.947968750000000000e+02
2.774609375000000000e+02
3.321718750000000000e+02
4.576953125000000000e+02
5.801640625000000000e+02
3.895078125000000000e+02
4.364609375000000000e+02
5.512187500000000000e+02
9.078828125000000000e+02
3.618671875000000000e+02
2.429062500000000000e+02
5.823984375000000000e+02
3.560078125000000000e+02
2.428203125000000000e+02
4.988671875000000000e+02
3.060859375000000000e+02
8.748750000000000000e+02
3.256953125000000000e+02
3.248984375000000000e+02
2.921562500000000000e+02
3.130000000000000000e+02
3.274531250000000000e+02
4.176015625000000000e+02
3.517343750000000000e+02
3.635625000000000000e+02
4.736953125000000000e+02
2.461406250000000000e+02
6.046328125000000000e+02
2.901015625000000000e+02
3.287343750000000000e+02
3.014296875000000000e+02
3.330859375000000000e+02
2.866562500000000000e+02
4.362578125000000000e+02
3.355703125000000000e+02
3.762500000000000000e+02
5.017031250000000000e+02
3.231875000000000000e+02
2.594687500000000000e+02
2.727421875000000000e+02
2.768984375000000000e+02
3.165781250000000000e+02
2.485312500000000000e+02
3.083203125000000000e+02
3.647343750000000000e+02
6.773906250000000000e+02
2.408437500000000000e+02
3.417265625000000000e+02
3.868359375000000000e+02
4.581406250000000000e+02
3.634062500000000000e+02
3.220625000000000000e+02
2.287890625000000000e+02
2.645390625000000000e+02
3.332187500000000000e+02
2.586796875000000000e+02
2.943750000000000000e+02
8.051171875000000000e+02
2.521406250000000000e+02
2.798359375000000000e+02
3.673671875000000000e+02
2.302656250000000000e+02
2.727109375000000000e+02
2.845703125000000000e+02
2.544140625000000000e+02
2.723984375000000000e+02
3.821640625000000000e+02
3.624843750000000000e+02
3.311171875000000000e+02
2.448125000000000000e+02
4.568828125000000000e+02
3.071250000000000000e+02
3.170703125000000000e+02
2.519453125000000000e+02
4.183515625000000000e+02
2.610937500000000000e+02
2.946328125000000000e+02
4.794921875000000000e+02
2.662109375000000000e+02
2.710625000000000000e+02
4.836171875000000000e+02
5.474140625000000000e+02
2.794062500000000000e+02
3.038671875000000000e+02
3.460234375000000000e+02
2.663828125000000000e+02
3.110312500000000000e+02
2.679218750000000000e+02
2.780000000000000000e+02
2.834531250000000000e+02
2.991718750000000000e+02
2.636484375000000000e+02
4.067968750000000000e+02
6.461718750000000000e+02
3.571015625000000000e+02
3.008906250000000000e+02
2.294765625000000000e+02
2.363281250000000000e+02
2.863750000000000000e+02
4.243671875000000000e+02
2.801406250000000000e+02
3.815937500000000000e+02
2.644921875000000000e+02
2.574296875000000000e+02
2.501640625000000000e+02
3.437265625000000000e+02
2.636015625000000000e+02
3.936562500000000000e+02
4.997968750000000000e+02
2.819296875000000000e+02
2.535859375000000000e+02
2.929140625000000000e+02
3.162109375000000000e+02
5.867968750000000000e+02
4.360234375000000000e+02
2.486171875000000000e+02
4.594765625000000000e+02
2.596953125000000000e+02
3.748281250000000000e+02
3.520625000000000000e+02
3.371093750000000000e+02
2.710937500000000000e+02
4.409218750000000000e+02
4.943046875000000000e+02
4.161328125000000000e+02
6.663203125000000000e+02
2.687421875000000000e+02
3.261093750000000000e+02
5.058828125000000000e+02
2.644296875000000000e+02
3.014921875000000000e+02
2.026640625000000000e+02
2.937578125000000000e+02
6.799375000000000000e+02
4.728828125000000000e+02
2.492656250000000000e+02
2.326484375000000000e+02
2.158671875000000000e+02
2.866093750000000000e+02
2.530781250000000000e+02
3.332734375000000000e+02
2.806953125000000000e+02
2.586562500000000000e+02
2.559218750000000000e+02
2.678828125000000000e+02
3.190937500000000000e+02
2.511328125000000000e+02
3.045234375000000000e+02
4.262343750000000000e+02
3.831406250000000000e+02
2.344218750000000000e+02
2.826406250000000000e+02
2.396562500000000000e+02
4.280625000000000000e+02
5.170234375000000000e+02
2.962578125000000000e+02
3.081406250000000000e+02
2.938359375000000000e+02
3.332578125000000000e+02
4.346015625000000000e+02
3.748984375000000000e+02
3.372578125000000000e+02
2.221562500000000000e+02
2.520390625000000000e+02
2.298203125000000000e+02
4.215312500000000000e+02
3.177421875000000000e+02
1.996015625000000000e+02
3.956562500000000000e+02
3.053359375000000000e+02
3.605078125000000000e+02
2.481796875000000000e+02
3.756406250000000000e+02
2.717500000000000000e+02
3.701328125000000000e+02
3.392031250000000000e+02
3.170156250000000000e+02
4.721484375000000000e+02
2.309140625000000000e+02
2.803906250000000000e+02
3.472578125000000000e+02
2.787500000000000000e+02
2.205937500000000000e+02
5.560000000000000000e+02
2.345859375000000000e+02
3.829531250000000000e+02
2.884609375000000000e+02
4.035156250000000000e+02
4.421875000000000000e+02
2.257734375000000000e+02
4.338203125000000000e+02
3.681171875000000000e+02
7.262421875000000000e+02
2.321093750000000000e+02
2.711718750000000000e+02
3.995859375000000000e+02
2.824062500000000000e+02
4.328593750000000000e+02
3.028984375000000000e+02
2.690937500000000000e+02
4.038515625000000000e+02
2.794453125000000000e+02
3.214296875000000000e+02
2.355312500000000000e+02
7.508203125000000000e+02
3.096796875000000000e+02
2.077265625000000000e+02
2.681562500000000000e+02
2.259531250000000000e+02
2.178437500000000000e+02
3.050859375000000000e+02
3.380312500000000000e+02
2.473203125000000000e+02
2.614140625000000000e+02
3.730000000000000000e+02
3.378671875000000000e+02
3.603437500000000000e+02
6.505390625000000000e+02
3.023828125000000000e+02
4.309218750000000000e+02
2.346718750000000000e+02
2.843671875000000000e+02
2.597343750000000000e+02
4.134921875000000000e+02
2.261718750000000000e+02
2.016953125000000000e+02
2.525625000000000000e+02
2.801953125000000000e+02
2.545781250000000000e+02
2.852656250000000000e+02
2.416406250000000000e+02
4.970703125000000000e+02
3.528515625000000000e+02
2.546015625000000000e+02
2.876875000000000000e+02
4.210625000000000000e+02
2.504296875000000000e+02
2.287343750000000000e+02
5.070625000000000000e+02
2.786953125000000000e+02
4.628203125000000000e+02
3.599375000000000000e+02
2.346093750000000000e+02
2.262656250000000000e+02
2.101406250000000000e+02
2.168750000000000000e+02
3.029531250000000000e+02
2.865937500000000000e+02
2.261484375000000000e+02
2.840859375000000000e+02
2.487890625000000000e+02
5.493593750000000000e+02
3.056250000000000000e+02
2.328750000000000000e+02
3.985000000000000000e+02
4.206406250000000000e+02
2.778125000000000000e+02
4.041328125000000000e+02
5.111640625000000000e+02
5.693359375000000000e+02
2.788281250000000000e+02
3.130859375000000000e+02
2.217890625000000000e+02
2.256015625000000000e+02
1.973593750000000000e+02
2.828203125000000000e+02
7.763437500000000000e+02
2.200546875000000000e+02
2.156015625000000000e+02
2.649921875000000000e+02
5.092265625000000000e+02
7.350625000000000000e+02
4.581875000000000000e+02
2.325156250000000000e+02
5.530625000000000000e+02
2.270703125000000000e+02
3.906171875000000000e+02
4.495078125000000000e+02
2.182265625000000000e+02
3.891718750000000000e+02
4.563281250000000000e+02
2.433125000000000000e+02
2.575703125000000000e+02
2.268671875000000000e+02
2.257890625000000000e+02
2.491718750000000000e+02
3.839140625000000000e+02
2.595078125000000000e+02
3.135546875000000000e+02
2.910781250000000000e+02
2.056875000000000000e+02
2.667968750000000000e+02
2.836562500000000000e+02
5.179765625000000000e+02
2.616015625000000000e+02
3.395937500000000000e+02
2.934921875000000000e+02
2.570390625000000000e+02
2.567109375000000000e+02
2.957656250000000000e+02
2.400234375000000000e+02
4.569140625000000000e+02
3.011171875000000000e+02
4.599687500000000000e+02
3.917109375000000000e+02
2.106875000000000000e+02
3.710156250000000000e+02
3.223359375000000000e+02
2.840859375000000000e+02
2.366484375000000000e+02
3.737265625000000000e+02
3.024140625000000000e+02
2.083984375000000000e+02
2.875156250000000000e+02
2.133437500000000000e+02
3.060781250000000000e+02
2.486796875000000000e+02
2.015703125000000000e+02
5.376015625000000000e+02
2.076093750000000000e+02
5.650234375000000000e+02
2.876875000000000000e+02
2.418906250000000000e+02
3.560859375000000000e+02
2.453281250000000000e+02
3.790312500000000000e+02
2.337734375000000000e+02
2.783281250000000000e+02
2.837890625000000000e+02
2.900000000000000000e+02
3.563359375000000000e+02
2.151718750000000000e+02
2.374375000000000000e+02
2.986875000000000000e+02
4.113046875000000000e+02
2.945937500000000000e+02
2.210156250000000000e+02
2.320078125000000000e+02
2.319296875000000000e+02
3.568125000000000000e+02
3.141875000000000000e+02
2.491484375000000000e+02
2.666406250000000000e+02
1.995468750000000000e+02
2.229062500000000000e+02
5.098750000000000000e+02
2.325234375000000000e+02
2.169375000000000000e+02
2.423593750000000000e+02
4.574296875000000000e+02
2.622187500000000000e+02
2.480703125000000000e+02
2.042812500000000000e+02
4.169921875000000000e+02
1.934062500000000000e+02
2.402187500000000000e+02
1.993515625000000000e+02
3.615156250000000000e+02
6.431875000000000000e+02
1.933984375000000000e+02
2.337734375000000000e+02
5.819375000000000000e+02
2.303906250000000000e+02
2.406093750000000000e+02
3.332343750000000000e+02
2.821328125000000000e+02
2.137500000000000000e+02
2.049062500000000000e+02
1.910234375000000000e+02
4.593593750000000000e+02
2.886250000000000000e+02
2.390781250000000000e+02
4.979296875000000000e+02
2.157734375000000000e+02
2.311562500000000000e+02
2.600000000000000000e+02
2.480937500000000000e+02
3.668437500000000000e+02
3.086406250000000000e+02
3.070937500000000000e+02
3.269062500000000000e+02
1.878984375000000000e+02
2.647031250000000000e+02
3.083046875000000000e+02
4.097109375000000000e+02
5.483125000000000000e+02
2.225234375000000000e+02
2.593125000000000000e+02
2.057343750000000000e+02
2.338046875000000000e+02
1.998906250000000000e+02
1.767187500000000000e+02
4.010312500000000000e+02
7.660625000000000000e+02
2.118203125000000000e+02
2.635234375000000000e+02
3.760078125000000000e+02
2.139687500000000000e+02
2.425000000000000000e+02
2.917578125000000000e+02
2.082890625000000000e+02
2.508437500000000000e+02
2.032890625000000000e+02
3.113515625000000000e+02
2.414453125000000000e+02
2.634062500000000000e+02
2.579531250000000000e+02
2.527421875000000000e+02
1.711640625000000000e+02
2.095546875000000000e+02
2.341796875000000000e+02
1.982812500000000000e+02
2.883828125000000000e+02
2.309765625000000000e+02
2.726406250000000000e+02
2.714140625000000000e+02
2.457656250000000000e+02
1.902656250000000000e+02
2.520390625000000000e+02
4.222500000000000000e+02
1.946640625000000000e+02
3.575078125000000000e+02
2.055781250000000000e+02
3.131875000000000000e+02
3.269609375000000000e+02
3.464765625000000000e+02
2.388281250000000000e+02
2.078203125000000000e+02
3.059062500000000000e+02
2.348984375000000000e+02
4.426718750000000000e+02
1.809531250000000000e+02
2.553593750000000000e+02
1.905859375000000000e+02
2.986718750000000000e+02
3.225937500000000000e+02
3.142109375000000000e+02
1.865078125000000000e+02
4.042578125000000000e+02
2.435156250000000000e+02
4.979531250000000000e+02
5.656562500000000000e+02
3.935703125000000000e+02
2.125468750000000000e+02
4.932421875000000000e+02
3.092265625000000000e+02
4.130078125000000000e+02
2.164687500000000000e+02
1.836328125000000000e+02
3.001406250000000000e+02
2.602031250000000000e+02
2.005468750000000000e+02
1.696796875000000000e+02
2.533203125000000000e+02
2.930078125000000000e+02
3.625234375000000000e+02
2.225625000000000000e+02
1.937500000000000000e+02
2.693671875000000000e+02
3.297812500000000000e+02
1.917500000000000000e+02
4.807500000000000000e+02
3.169140625000000000e+02
2.618281250000000000e+02
2.970000000000000000e+02
3.949609375000000000e+02
2.791875000000000000e+02
2.481484375000000000e+02
2.578671875000000000e+02
7.809140625000000000e+02
2.874687500000000000e+02
1.882578125000000000e+02
2.202265625000000000e+02
2.456250000000000000e+02
2.759062500000000000e+02
1.702734375000000000e+02
2.347578125000000000e+02
2.175000000000000000e+02
1.838281250000000000e+02
3.431015625000000000e+02
1.275757812500000000e+03
2.645625000000000000e+02
2.097656250000000000e+02
3.632656250000000000e+02
2.459921875000000000e+02
2.577265625000000000e+02
1.902421875000000000e+02
2.353515625000000000e+02
1.796250000000000000e+02
1.854687500000000000e+02
3.640000000000000000e+02
2.597812500000000000e+02
2.377656250000000000e+02
2.708437500000000000e+02
3.277578125000000000e+02
2.503828125000000000e+02
1.712031250000000000e+02
2.235781250000000000e+02
3.375625000000000000e+02
3.283203125000000000e+02
1.924609375000000000e+02
3.755546875000000000e+02
2.146718750000000000e+02
2.636562500000000000e+02
7.746953125000000000e+02
2.516171875000000000e+02
2.684921875000000000e+02
2.722734375000000000e+02
1.702500000000000000e+02
2.587812500000000000e+02
2.521718750000000000e+02
1.906562500000000000e+02
3.502578125000000000e+02
3.204062500000000000e+02
4.473593750000000000e+02
3.506406250000000000e+02
3.333906250000000000e+02
4.987109375000000000e+02
1.872109375000000000e+02
2.329296875000000000e+02
2.832578125000000000e+02
2.126484375000000000e+02
2.105859375000000000e+02
2.731718750000000000e+02
1.719062500000000000e+02
2.468046875000000000e+02
1.738984375000000000e+02
1.841484375000000000e+02
4.618046875000000000e+02
3.480468750000000000e+02
2.824843750000000000e+02
2.278125000000000000e+02
2.240000000000000000e+02
2.658125000000000000e+02
1.916953125000000000e+02
2.400781250000000000e+02
1.922187500000000000e+02
1.786328125000000000e+02
1.990781250000000000e+02
2.699687500000000000e+02
2.081718750000000000e+02
3.885625000000000000e+02
4.037578125000000000e+02
1.734843750000000000e+02
5.379218750000000000e+02
2.979609375000000000e+02
3.144140625000000000e+02
2.310000000000000000e+02
2.856406250000000000e+02
2.712890625000000000e+02
3.032265625000000000e+02
2.451484375000000000e+02
5.254765625000000000e+02
1.820312500000000000e+02
2.086953125000000000e+02
1.645937500000000000e+02
1.833437500000000000e+02
3.097734375000000000e+02
2.637187500000000000e+02
2.461015625000000000e+02
2.270781250000000000e+02
2.230000000000000000e+02
1.578203125000000000e+02
2.491718750000000000e+02
2.003281250000000000e+02
2.130468750000000000e+02
2.017500000000000000e+02
2.683437500000000000e+02
1.960000000000000000e+02
3.423046875000000000e+02
3.299375000000000000e+02
2.077968750000000000e+02
3.265625000000000000e+02
1.089757812500000000e+03
1.550703125000000000e+02
1.770625000000000000e+02
2.072421875000000000e+02
1.990937500000000000e+02
2.181875000000000000e+02
1.689609375000000000e+02
1.965234375000000000e+02
2.135390625000000000e+02
2.753671875000000000e+02
4.065234375000000000e+02
2.683906250000000000e+02
1.822109375000000000e+02
1.482656250000000000e+02
3.298281250000000000e+02
1.888437500000000000e+02
4.465546875000000000e+02
1.779921875000000000e+02
1.967265625000000000e+02
2.527812500000000000e+02
2.620156250000000000e+02
1.831875000000000000e+02
3.367500000000000000e+02
1.810859375000000000e+02
2.215000000000000000e+02
7.718437500000000000e+02
1.787109375000000000e+02
2.021406250000000000e+02
1.971093750000000000e+02
3.946953125000000000e+02
1.595078125000000000e+02
2.257734375000000000e+02
1.839218750000000000e+02
1.729218750000000000e+02
4.419375000000000000e+02
4.665937500000000000e+02
8.675546875000000000e+02
7.510468750000000000e+02
2.178281250000000000e+02
2.969843750000000000e+02
2.455312500000000000e+02
2.658515625000000000e+02
2.072968750000000000e+02
2.647578125000000000e+02
2.057187500000000000e+02
1.558515625000000000e+02
2.255859375000000000e+02
2.048906250000000000e+02
3.357734375000000000e+02
1.795546875000000000e+02
2.634296875000000000e+02
3.051562500000000000e+02
1.576093750000000000e+02
1.882109375000000000e+02
1.811406250000000000e+02
4.306015625000000000e+02
3.141875000000000000e+02
2.265546875000000000e+02
2.081875000000000000e+02
2.067109375000000000e+02
1.918984375000000000e+02
2.306093750000000000e+02
2.545078125000000000e+02
2.900234375000000000e+02
1.863125000000000000e+02
2.421015625000000000e+02
1.989296875000000000e+02
2.060156250000000000e+02
1.776406250000000000e+02
1.801796875000000000e+02
2.186640625000000000e+02
6.148046875000000000e+02
3.310312500000000000e+02
2.084687500000000000e+02
3.453906250000000000e+02
1.719062500000000000e+02
3.286484375000000000e+02
3.422343750000000000e+02
2.082812500000000000e+02
2.107968750000000000e+02
1.967421875000000000e+02
2.577421875000000000e+02
3.684453125000000000e+02
4.503046875000000000e+02
2.894609375000000000e+02
3.211015625000000000e+02
2.122812500000000000e+02
1.627421875000000000e+02
2.487187500000000000e+02
5.133125000000000000e+02
4.485937500000000000e+02
2.615781250000000000e+02
2.170625000000000000e+02
3.948906250000000000e+02
1.710156250000000000e+02
3.432031250000000000e+02
2.114531250000000000e+02
2.194375000000000000e+02
2.714453125000000000e+02
3.324531250000000000e+02
5.039921875000000000e+02
2.169843750000000000e+02
1.705468750000000000e+02
5.298281250000000000e+02
1.789765625000000000e+02
1.557421875000000000e+02
1.669218750000000000e+02
2.808437500000000000e+02
2.533828125000000000e+02
1.704375000000000000e+02
1.698281250000000000e+02
3.087421875000000000e+02
2.172421875000000000e+02
2.111875000000000000e+02
3.847187500000000000e+02
2.822812500000000000e+02
2.913203125000000000e+02
3.090703125000000000e+02
5.360390625000000000e+02
1.656015625000000000e+02
2.001796875000000000e+02
2.128281250000000000e+02
2.207031250000000000e+02
3.972265625000000000e+02
1.519062500000000000e+02
2.600468750000000000e+02
2.636328125000000000e+02
2.052500000000000000e+02
1.645234375000000000e+02
4.882968750000000000e+02
1.631015625000000000e+02
1.910312500000000000e+02
1.842812500000000000e+02
1.951484375000000000e+02
3.135156250000000000e+02
1.746406250000000000e+02
1.861484375000000000e+02
1.799062500000000000e+02
2.299609375000000000e+02
2.276171875000000000e+02
2.813125000000000000e+02
1.778281250000000000e+02
2.199687500000000000e+02
2.065390625000000000e+02
2.007968750000000000e+02
3.340703125000000000e+02
2.247109375000000000e+02
1.840234375000000000e+02
2.571093750000000000e+02
2.435937500000000000e+02
2.907968750000000000e+02
1.814609375000000000e+02
2.635078125000000000e+02
2.248515625000000000e+02
2.610234375000000000e+02
1.791718750000000000e+02
1.863359375000000000e+02
2.088671875000000000e+02
1.737031250000000000e+02
1.634453125000000000e+02
2.928125000000000000e+02
2.018359375000000000e+02
1.899062500000000000e+02
2.033671875000000000e+02
1.855468750000000000e+02
1.915078125000000000e+02
2.492890625000000000e+02
2.984687500000000000e+02
1.646562500000000000e+02
2.410625000000000000e+02
3.854062500000000000e+02
6.645312500000000000e+02
3.084062500000000000e+02
3.119765625000000000e+02
1.972656250000000000e+02
1.846640625000000000e+02
1.854296875000000000e+02
1.754062500000000000e+02
1.470234375000000000e+02
2.045390625000000000e+02
1.731484375000000000e+02
2.115000000000000000e+02
2.625390625000000000e+02
1.767109375000000000e+02
1.943437500000000000e+02
3.027656250000000000e+02
1.902890625000000000e+02
3.890312500000000000e+02
2.729218750000000000e+02
2.771640625000000000e+02
1.982734375000000000e+02
1.461796875000000000e+02
2.205234375000000000e+02
1.829140625000000000e+02
1.456015625000000000e+02
2.099218750000000000e+02
1.778515625000000000e+02
1.245312500000000000e+02
1.623828125000000000e+02
2.139531250000000000e+02
2.808984375000000000e+02
1.603984375000000000e+02
8.100859375000000000e+02
2.080390625000000000e+02
2.245937500000000000e+02
1.809921875000000000e+02
1.849843750000000000e+02
2.071484375000000000e+02
2.083046875000000000e+02
1.717968750000000000e+02
3.089609375000000000e+02
2.276328125000000000e+02
1.544609375000000000e+02
1.993906250000000000e+02
8.564140625000000000e+02
1.893828125000000000e+02
1.696484375000000000e+02
2.317968750000000000e+02
2.587421875000000000e+02
2.108437500000000000e+02
3.213046875000000000e+02
2.960859375000000000e+02
1.471171875000000000e+02
1.838671875000000000e+02
1.913046875000000000e+02
2.032109375000000000e+02
2.672031250000000000e+02
3.502812500000000000e+02
2.833828125000000000e+02
2.983750000000000000e+02
1.528671875000000000e+02
1.959765625000000000e+02
2.233984375000000000e+02
1.754140625000000000e+02
2.669531250000000000e+02
1.696718750000000000e+02
1.816796875000000000e+02
2.037656250000000000e+02
3.462265625000000000e+02
2.024609375000000000e+02
1.692812500000000000e+02
1.521328125000000000e+02
2.387265625000000000e+02
2.251562500000000000e+02
1.545625000000000000e+02
2.455390625000000000e+02
2.341718750000000000e+02
1.549609375000000000e+02
4.462500000000000000e+02
1.992031250000000000e+02
3.044921875000000000e+02
1.836484375000000000e+02
3.165312500000000000e+02
2.464218750000000000e+02
1.693125000000000000e+02
2.936015625000000000e+02
1.600234375000000000e+02
2.738203125000000000e+02
1.720156250000000000e+02
2.115859375000000000e+02
4.479609375000000000e+02
1.633359375000000000e+02
3.026875000000000000e+02
2.860937500000000000e+02
1.659296875000000000e+02
1.351406250000000000e+02
2.014843750000000000e+02
1.787109375000000000e+02
2.197812500000000000e+02
1.939531250000000000e+02
1.700312500000000000e+02
1.583750000000000000e+02
1.776093750000000000e+02
2.416796875000000000e+02
1.942187500000000000e+02
1.795390625000000000e+02
1.468281250000000000e+02
1.411562500000000000e+02
2.787578125000000000e+02
2.805390625000000000e+02
1.759140625000000000e+02
2.426875000000000000e+02
1.347343750000000000e+02
2.334218750000000000e+02
8.056718750000000000e+02
1.793828125000000000e+02
1.547421875000000000e+02
1.384375000000000000e+02
2.080546875000000000e+02
1.671875000000000000e+02
2.039687500000000000e+02
4.350312500000000000e+02
3.447578125000000000e+02
3.130546875000000000e+02
1.880312500000000000e+02
2.008203125000000000e+02
7.047343750000000000e+02
9.720156250000000000e+02
2.378203125000000000e+02
1.802734375000000000e+02
1.720625000000000000e+02
1.590937500000000000e+02
1.720078125000000000e+02
2.222890625000000000e+02
5.405312500000000000e+02
4.099453125000000000e+02
2.149609375000000000e+02
9.613828125000000000e+02
1.813203125000000000e+02
2.627265625000000000e+02
1.745781250000000000e+02
1.298125000000000000e+02
2.278906250000000000e+02
2.594609375000000000e+02
3.269687500000000000e+02
2.505781250000000000e+02
1.568750000000000000e+02
1.829765625000000000e+02
1.469531250000000000e+02
1.452421875000000000e+02
4.134140625000000000e+02
3.269921875000000000e+02
2.543203125000000000e+02
4.770781250000000000e+02
1.445390625000000000e+02
1.970000000000000000e+02
3.875000000000000000e+02
2.202500000000000000e+02
1.917812500000000000e+02
2.775859375000000000e+02
1.394296875000000000e+02
1.925546875000000000e+02
1.586953125000000000e+02
3.711015625000000000e+02
1.711640625000000000e+02
2.553281250000000000e+02
2.058750000000000000e+02
1.607500000000000000e+02
2.705781250000000000e+02
2.046328125000000000e+02
3.116796875000000000e+02
2.772578125000000000e+02
1.866093750000000000e+02
1.453750000000000000e+02
2.407734375000000000e+02
2.658281250000000000e+02
1.655781250000000000e+02
1.757265625000000000e+02
1.973437500000000000e+02
1.648515625000000000e+02
2.300234375000000000e+02
2.391796875000000000e+02
1.198750000000000000e+02
2.400390625000000000e+02
2.056250000000000000e+02
1.550390625000000000e+02
6.265546875000000000e+02
2.115781250000000000e+02
1.674609375000000000e+02
4.599296875000000000e+02
1.451328125000000000e+02
4.290859375000000000e+02
2.010078125000000000e+02
6.188984375000000000e+02
1.806640625000000000e+02
3.217890625000000000e+02
1.609921875000000000e+02
5.260078125000000000e+02
1.787578125000000000e+02
2.686093750000000000e+02
1.776562500000000000e+02
2.065312500000000000e+02
5.394531250000000000e+02
2.489218750000000000e+02
1.363828125000000000e+02
2.101328125000000000e+02
1.719921875000000000e+02
2.296250000000000000e+02
4.745468750000000000e+02
1.248593750000000000e+02
5.570703125000000000e+02
1.703359375000000000e+02
2.775000000000000000e+02
1.646406250000000000e+02
5.058281250000000000e+02
2.204609375000000000e+02
1.590000000000000000e+02
1.513437500000000000e+02
2.249453125000000000e+02
1.379296875000000000e+02
1.903828125000000000e+02
3.733125000000000000e+02
3.620390625000000000e+02
2.660703125000000000e+02
3.097656250000000000e+02
1.584296875000000000e+02
1.393515625000000000e+02
3.254453125000000000e+02
1.877812500000000000e+02
2.485781250000000000e+02
2.429218750000000000e+02
1.646015625000000000e+02
3.257578125000000000e+02
1.649609375000000000e+02
1.668046875000000000e+02
1.686406250000000000e+02
2.194296875000000000e+02
1.960625000000000000e+02
4.806562500000000000e+02
1.563828125000000000e+02
1.488671875000000000e+02
2.332187500000000000e+02
2.041718750000000000e+02
2.209687500000000000e+02
3.387187500000000000e+02
1.406250000000000000e+02
1.533750000000000000e+02
1.691328125000000000e+02
2.072812500000000000e+02
2.341875000000000000e+02
1.925625000000000000e+02
1.617578125000000000e+02
2.178750000000000000e+02
1.431875000000000000e+02
1.933281250000000000e+02
4.700234375000000000e+02
1.999765625000000000e+02
1.552421875000000000e+02
1.651796875000000000e+02
2.682812500000000000e+02
1.985859375000000000e+02
1.421562500000000000e+02
1.592031250000000000e+02
2.749609375000000000e+02
1.724921875000000000e+02
1.531406250000000000e+02
1.861953125000000000e+02
5.077109375000000000e+02
4.039765625000000000e+02
1.294453125000000000e+02
2.050781250000000000e+02
1.401640625000000000e+02
3.715781250000000000e+02
1.362890625000000000e+02
1.240312500000000000e+02
1.298437500000000000e+02
1.341250000000000000e+02
1.347890625000000000e+02
1.370390625000000000e+02
1.713046875000000000e+02
1.549140625000000000e+02
1.650546875000000000e+02
3.643515625000000000e+02
1.901953125000000000e+02
2.204296875000000000e+02
1.441796875000000000e+02
6.717968750000000000e+02
2.066484375000000000e+02
1.290078125000000000e+02
1.452265625000000000e+02
2.046484375000000000e+02
2.160312500000000000e+02
1.933281250000000000e+02
1.959453125000000000e+02
2.188828125000000000e+02
5.643281250000000000e+02
2.540625000000000000e+02
1.526093750000000000e+02
1.601640625000000000e+02
1.578046875000000000e+02
4.845703125000000000e+02
1.965078125000000000e+02
2.865703125000000000e+02
2.420703125000000000e+02
1.331875000000000000e+02
3.443671875000000000e+02
1.842500000000000000e+02
1.774531250000000000e+02
1.579140625000000000e+02
3.052265625000000000e+02
1.278515625000000000e+02
1.475703125000000000e+02
1.319531250000000000e+02
2.483828125000000000e+02
1.686328125000000000e+02
1.317343750000000000e+02
1.642265625000000000e+02
1.910000000000000000e+02
3.568359375000000000e+02
1.991171875000000000e+02
3.222656250000000000e+02
1.657500000000000000e+02
4.602109375000000000e+02
2.040703125000000000e+02
1.791406250000000000e+02
2.312343750000000000e+02
1.778437500000000000e+02
2.179062500000000000e+02
1.898281250000000000e+02
1.943281250000000000e+02
1.763828125000000000e+02
2.697031250000000000e+02
1.935390625000000000e+02
4.332968750000000000e+02
1.361171875000000000e+02
1.156093750000000000e+02
4.797890625000000000e+02
1.246953125000000000e+02
1.630390625000000000e+02
3.414296875000000000e+02
1.303515625000000000e+02
1.343906250000000000e+02
1.852812500000000000e+02
2.386562500000000000e+02
3.752031250000000000e+02
2.537890625000000000e+02
1.536640625000000000e+02
2.532265625000000000e+02
3.903515625000000000e+02
1.529140625000000000e+02
2.117109375000000000e+02
1.723984375000000000e+02
2.066328125000000000e+02
2.130000000000000000e+02
1.623984375000000000e+02
3.799375000000000000e+02
5.329843750000000000e+02
3.386015625000000000e+02
1.405859375000000000e+02
1.606171875000000000e+02
1.639609375000000000e+02
1.196640625000000000e+02
1.442500000000000000e+02
1.325156250000000000e+02
4.169531250000000000e+02
1.728203125000000000e+02
2.161718750000000000e+02
4.360781250000000000e+02
1.681093750000000000e+02
1.776484375000000000e+02
1.605468750000000000e+02
1.750468750000000000e+02
1.583359375000000000e+02
2.120468750000000000e+02
1.926015625000000000e+02
1.948593750000000000e+02
2.145937500000000000e+02
2.296562500000000000e+02
2.145156250000000000e+02
2.163515625000000000e+02
1.278046875000000000e+02
2.150468750000000000e+02
1.512656250000000000e+02
1.103046875000000000e+02
3.120390625000000000e+02
1.319765625000000000e+02
1.562421875000000000e+02
2.286562500000000000e+02
1.614296875000000000e+02
2.052187500000000000e+02
2.205234375000000000e+02
1.448046875000000000e+02
1.484843750000000000e+02
2.975078125000000000e+02
1.490468750000000000e+02
1.425234375000000000e+02
2.472734375000000000e+02
2.456406250000000000e+02
1.596406250000000000e+02
3.531328125000000000e+02
1.276093750000000000e+02
1.897656250000000000e+02
2.009609375000000000e+02
1.525000000000000000e+02
1.833359375000000000e+02
1.506484375000000000e+02
1.633046875000000000e+02
2.726484375000000000e+02
1.445937500000000000e+02
2.052343750000000000e+02
2.255937500000000000e+02
1.682031250000000000e+02
1.684453125000000000e+02
1.619218750000000000e+02
2.097500000000000000e+02
1.134062500000000000e+02
1.352812500000000000e+02
1.412343750000000000e+02
1.354453125000000000e+02
5.603203125000000000e+02
1.453906250000000000e+02
1.207968750000000000e+02
1.658281250000000000e+02
1.500468750000000000e+02
2.404296875000000000e+02
2.181953125000000000e+02
3.800312500000000000e+02
1.276093750000000000e+02
2.034921875000000000e+02
4.653828125000000000e+02
1.408593750000000000e+02
1.596796875000000000e+02
1.954296875000000000e+02
2.790234375000000000e+02
1.289843750000000000e+02
1.713671875000000000e+02
2.515312500000000000e+02
3.718828125000000000e+02
1.363750000000000000e+02
1.966171875000000000e+02
5.383203125000000000e+02
1.548515625000000000e+02
1.167421875000000000e+02
1.957656250000000000e+02
2.399062500000000000e+02
1.780234375000000000e+02
2.013125000000000000e+02
1.200234375000000000e+02
1.560156250000000000e+02
1.312578125000000000e+02
1.221171875000000000e+02
2.000390625000000000e+02
2.198593750000000000e+02
2.265625000000000000e+02
2.324843750000000000e+02
1.363515625000000000e+02
1.159953125000000000e+03
1.754062500000000000e+02
1.343125000000000000e+02
1.567656250000000000e+02
1.390468750000000000e+02
1.275390625000000000e+02
1.740312500000000000e+02
2.828906250000000000e+02
3.596171875000000000e+02
2.637812500000000000e+02
1.446015625000000000e+02
3.363906250000000000e+02
2.562187500000000000e+02
1.350156250000000000e+02
1.418437500000000000e+02
1.568515625000000000e+02
1.989453125000000000e+02
2.253125000000000000e+02
2.852265625000000000e+02
1.267812500000000000e+02
1.421406250000000000e+02
1.969453125000000000e+02
1.419062500000000000e+02
1.014921875000000000e+02
1.249687500000000000e+02
1.767031250000000000e+02
1.203046875000000000e+02
4.257890625000000000e+02
2.237031250000000000e+02
2.626328125000000000e+02
1.428515625000000000e+02
1.497578125000000000e+02
1.108593750000000000e+02
3.263359375000000000e+02
5.484296875000000000e+02
1.639843750000000000e+02
1.772890625000000000e+02
3.351406250000000000e+02
3.707265625000000000e+02
1.861562500000000000e+02
1.457890625000000000e+02
1.277734375000000000e+02
2.375703125000000000e+02
2.052343750000000000e+02
1.807812500000000000e+02
1.499843750000000000e+02
2.934687500000000000e+02
2.414062500000000000e+02
1.176640625000000000e+02
1.581562500000000000e+02
1.158515625000000000e+02
1.934062500000000000e+02
6.856796875000000000e+02
1.508125000000000000e+02
1.772734375000000000e+02
1.772734375000000000e+02
1.319140625000000000e+02
3.035234375000000000e+02
1.717578125000000000e+02
2.875546875000000000e+02
4.405859375000000000e+02
1.563593750000000000e+02
2.346640625000000000e+02
2.579843750000000000e+02
1.384531250000000000e+02
1.788984375000000000e+02
3.470546875000000000e+02
2.945468750000000000e+02
1.333671875000000000e+02
1.196484375000000000e+02
9.884375000000000000e+01
1.100781250000000000e+02
2.775312500000000000e+02
3.721171875000000000e+02
3.219453125000000000e+02
1.392265625000000000e+02
1.238281250000000000e+02
3.747968750000000000e+02
3.679609375000000000e+02
1.257421875000000000e+02
1.998046875000000000e+02
3.779296875000000000e+02
4.896796875000000000e+02
1.231875000000000000e+02
4.184609375000000000e+02
1.618828125000000000e+02
2.028046875000000000e+02
2.316796875000000000e+02
2.553046875000000000e+02
5.357031250000000000e+02
1.908593750000000000e+02
1.457421875000000000e+02
7.773593750000000000e+02
2.780937500000000000e+02
1.407812500000000000e+02
1.718359375000000000e+02
1.367421875000000000e+02
1.934687500000000000e+02
3.745781250000000000e+02
1.815468750000000000e+02
1.168437500000000000e+02
1.417734375000000000e+02
1.617656250000000000e+02
1.253515625000000000e+02
1.583671875000000000e+02
1.749062500000000000e+02
2.182031250000000000e+02
1.284375000000000000e+02
1.645703125000000000e+02
1.557031250000000000e+02
1.311875000000000000e+02
1.828203125000000000e+02
1.780859375000000000e+02
2.074765625000000000e+02
2.104296875000000000e+02
1.311875000000000000e+02
1.300937500000000000e+02
3.720234375000000000e+02
1.441796875000000000e+02
1.035390625000000000e+02
1.438203125000000000e+02
2.777031250000000000e+02
1.424843750000000000e+02
1.299140625000000000e+02
1.470078125000000000e+02
1.583515625000000000e+02
1.065312500000000000e+02
1.273281250000000000e+02
2.020703125000000000e+02
1.090703125000000000e+02
4.255937500000000000e+02
1.941406250000000000e+02
2.999609375000000000e+02
2.327656250000000000e+02
1.239062500000000000e+02
3.367734375000000000e+02
1.309140625000000000e+02
1.868359375000000000e+02
1.185078125000000000e+02
1.471015625000000000e+02
1.988515625000000000e+02
2.437500000000000000e+02
1.338437500000000000e+02
1.418515625000000000e+02
1.518515625000000000e+02
1.656171875000000000e+02
1.998515625000000000e+02
1.211484375000000000e+02
1.236015625000000000e+02
3.062968750000000000e+02
2.790625000000000000e+02
1.951484375000000000e+02
1.500078125000000000e+02
1.462343750000000000e+02
1.365312500000000000e+02
2.276875000000000000e+02
1.280234375000000000e+02
2.663671875000000000e+02
1.226562500000000000e+02
1.374218750000000000e+02
1.400937500000000000e+02
1.305078125000000000e+02
1.551250000000000000e+02
1.121953125000000000e+02
1.248593750000000000e+02
1.281093750000000000e+02
1.160468750000000000e+02
1.762343750000000000e+02
9.854687500000000000e+01
1.301718750000000000e+02
1.491406250000000000e+02
1.620312500000000000e+02
4.096093750000000000e+02
1.078593750000000000e+02
2.193906250000000000e+02
1.700390625000000000e+02
1.085625000000000000e+02
1.920000000000000000e+02
2.949843750000000000e+02
1.582578125000000000e+02
2.504843750000000000e+02
1.899531250000000000e+02
1.431484375000000000e+02
2.783906250000000000e+02
3.240312500000000000e+02
1.739921875000000000e+02
1.253281250000000000e+02
9.734375000000000000e+01
1.159687500000000000e+02
1.794375000000000000e+02
1.218828125000000000e+02
1.085859375000000000e+02
1.802031250000000000e+02
3.101718750000000000e+02
1.806015625000000000e+02
1.334921875000000000e+02
2.792578125000000000e+02
1.439921875000000000e+02
1.501562500000000000e+02
6.174609375000000000e+02
2.325312500000000000e+02
1.320703125000000000e+02
1.093359375000000000e+02
1.186875000000000000e+02
5.519921875000000000e+02
3.437187500000000000e+02
1.421015625000000000e+02
5.485078125000000000e+02
1.335859375000000000e+02
2.761250000000000000e+02
3.013593750000000000e+02
1.964765625000000000e+02
1.090390625000000000e+02
1.479531250000000000e+02
1.108515625000000000e+02
3.343906250000000000e+02
2.572109375000000000e+02
1.747187500000000000e+02
2.762812500000000000e+02
1.511875000000000000e+02
1.286406250000000000e+02
1.520703125000000000e+02
2.321875000000000000e+02
1.156484375000000000e+02
1.481796875000000000e+02
1.968828125000000000e+02
1.951562500000000000e+02
1.092500000000000000e+02
1.650781250000000000e+02
8.912578125000000000e+02
1.800390625000000000e+02
1.602578125000000000e+02
1.585000000000000000e+02
1.452500000000000000e+02
2.383359375000000000e+02
9.975781250000000000e+01
2.284218750000000000e+02
4.518437500000000000e+02
1.550625000000000000e+02
1.346796875000000000e+02
1.213437500000000000e+02
1.153046875000000000e+02
1.228515625000000000e+02
1.436093750000000000e+02
1.567968750000000000e+02
1.317656250000000000e+02
1.491015625000000000e+02
6.517890625000000000e+02
3.595000000000000000e+02
1.129843750000000000e+02
1.069140625000000000e+02
9.974218750000000000e+01
1.133906250000000000e+02
2.716171875000000000e+02
1.898750000000000000e+02
1.232890625000000000e+02
1.614921875000000000e+02
1.453515625000000000e+02
1.981250000000000000e+02
2.443437500000000000e+02
1.422968750000000000e+02
1.654921875000000000e+02
1.034843750000000000e+02
1.901640625000000000e+02
1.541640625000000000e+02
1.289687500000000000e+02
2.315078125000000000e+02
2.540078125000000000e+02
1.419375000000000000e+02
3.671875000000000000e+02
1.164062500000000000e+02
1.325156250000000000e+02
1.526093750000000000e+02
1.031953125000000000e+02
1.157265625000000000e+02
1.051328125000000000e+02
1.636015625000000000e+02
1.118437500000000000e+02
3.759921875000000000e+02
2.101015625000000000e+02
1.300312500000000000e+02
1.245234375000000000e+02
1.555468750000000000e+02
1.220234375000000000e+02
1.079140625000000000e+02
9.332812500000000000e+01
2.253828125000000000e+02
1.116406250000000000e+02
1.093515625000000000e+02
1.319062500000000000e+02
2.866562500000000000e+02
1.581093750000000000e+02
1.810625000000000000e+02
1.136484375000000000e+02
1.429921875000000000e+02
1.329062500000000000e+02
2.342421875000000000e+02
1.760468750000000000e+02
1.215546875000000000e+02
1.179921875000000000e+02
1.371562500000000000e+02
1.470703125000000000e+02
9.116406250000000000e+01
6.645234375000000000e+02
2.728437500000000000e+02
3.237890625000000000e+02
1.219765625000000000e+02
2.005937500000000000e+02
1.376484375000000000e+02
1.640937500000000000e+02
2.474062500000000000e+02
2.036015625000000000e+02
1.930312500000000000e+02
1.255625000000000000e+02
1.188125000000000000e+02
4.273750000000000000e+02
1.172031250000000000e+02
1.036953125000000000e+02
1.108281250000000000e+02
1.997031250000000000e+02
1.647656250000000000e+02
1.292031250000000000e+02
1.319453125000000000e+02
6.554531250000000000e+02
2.962421875000000000e+02
1.542500000000000000e+02
3.251250000000000000e+02
1.334531250000000000e+02
1.208437500000000000e+02
2.982421875000000000e+02
1.134921875000000000e+02
1.196718750000000000e+02
1.245937500000000000e+02
2.093906250000000000e+02
1.863515625000000000e+02
1.622109375000000000e+02
1.057968750000000000e+02
3.042578125000000000e+02
1.281015625000000000e+02
3.386796875000000000e+02
1.014062500000000000e+02
9.820312500000000000e+01
4.289140625000000000e+02
2.959453125000000000e+02
3.085000000000000000e+02
3.489062500000000000e+02
3.915546875000000000e+02
1.039453125000000000e+02
1.017343750000000000e+02
9.391406250000000000e+01
1.203984375000000000e+02
1.163593750000000000e+02
2.037890625000000000e+02
1.408750000000000000e+02
1.163828125000000000e+02
1.619765625000000000e+02
1.221328125000000000e+02
1.576250000000000000e+02
4.891171875000000000e+02
9.894531250000000000e+01
1.735937500000000000e+02
1.548515625000000000e+02
1.853515625000000000e+02
1.546406250000000000e+02
1.459687500000000000e+02
1.212734375000000000e+02
1.277500000000000000e+02
2.660078125000000000e+02
1.493359375000000000e+02
1.418906250000000000e+02
8.938281250000000000e+02
1.156875000000000000e+02
1.006875000000000000e+02
1.600234375000000000e+02
1.018281250000000000e+02
4.429609375000000000e+02
3.463515625000000000e+02
1.303437500000000000e+02
4.463437500000000000e+02
3.722343750000000000e+02
1.386640625000000000e+02
2.564453125000000000e+02
1.196796875000000000e+02
9.586718750000000000e+01
9.876562500000000000e+01
1.755156250000000000e+02
1.041328125000000000e+02
4.167890625000000000e+02
1.251093750000000000e+02
3.751093750000000000e+02
1.472656250000000000e+02
1.650078125000000000e+02
1.124375000000000000e+02
2.433984375000000000e+02
1.055859375000000000e+02
2.304296875000000000e+02
8.342968750000000000e+01
1.051953125000000000e+02
2.033750000000000000e+02
3.007187500000000000e+02
3.722343750000000000e+02
1.432734375000000000e+02
1.207578125000000000e+02
2.327031250000000000e+02
1.205000000000000000e+02
1.830468750000000000e+02
1.396484375000000000e+02
4.956953125000000000e+02
1.456718750000000000e+02
1.711562500000000000e+02
1.722343750000000000e+02
3.317031250000000000e+02
6.780234375000000000e+02
1.410078125000000000e+02
1.044375000000000000e+02
2.988671875000000000e+02
4.738984375000000000e+02
3.501328125000000000e+02
1.690000000000000000e+02
1.266015625000000000e+02
9.607812500000000000e+01
1.422031250000000000e+02
1.005625000000000000e+02
1.236875000000000000e+02
2.438906250000000000e+02
1.452890625000000000e+02
2.873828125000000000e+02
1.787031250000000000e+02
2.159218750000000000e+02
3.356718750000000000e+02
7.330703125000000000e+02
2.388828125000000000e+02
3.091484375000000000e+02
1.041718750000000000e+02
1.509453125000000000e+02
1.106328125000000000e+02
1.522968750000000000e+02
1.095625000000000000e+02
1.616406250000000000e+02
2.099140625000000000e+02
1.019062500000000000e+02
1.261562500000000000e+02
3.653281250000000000e+02
1.612187500000000000e+02
2.500234375000000000e+02
1.657343750000000000e+02
1.006015625000000000e+02
7.247031250000000000e+02
1.428281250000000000e+02
1.768125000000000000e+02
1.314921875000000000e+02
4.876093750000000000e+02
1.092734375000000000e+02
4.580625000000000000e+02
1.733984375000000000e+02
1.273437500000000000e+02
1.267500000000000000e+02
1.023750000000000000e+02
2.273437500000000000e+02
2.786328125000000000e+02
8.525000000000000000e+01
1.091093750000000000e+02
1.665859375000000000e+02
1.427265625000000000e+02
1.352031250000000000e+02
3.631640625000000000e+02
2.472421875000000000e+02
1.569687500000000000e+02
4.043046875000000000e+02
2.544375000000000000e+02
1.307109375000000000e+02
5.275546875000000000e+02
1.044843750000000000e+02
1.289765625000000000e+02
1.675234375000000000e+02
1.238359375000000000e+02
9.905468750000000000e+01
1.202578125000000000e+02
1.406484375000000000e+02
1.682187500000000000e+02
1.568828125000000000e+02
9.667187500000000000e+01
9.371875000000000000e+01
1.165703125000000000e+02
1.218750000000000000e+02
1.360546875000000000e+02
1.967734375000000000e+02
1.225390625000000000e+02
2.120000000000000000e+02
1.133671875000000000e+02
1.640781250000000000e+02
1.143359375000000000e+02
1.736406250000000000e+02
4.188359375000000000e+02
1.136093750000000000e+02
1.997421875000000000e+02
1.473671875000000000e+02
9.970312500000000000e+01
1.155859375000000000e+02
1.292109375000000000e+02
1.103437500000000000e+02
1.571875000000000000e+02
8.600000000000000000e+01
1.870937500000000000e+02
8.335937500000000000e+01
1.404531250000000000e+02
1.156640625000000000e+02
1.952265625000000000e+02
4.834843750000000000e+02
1.203437500000000000e+02
2.585000000000000000e+02
9.334375000000000000e+01
3.425468750000000000e+02
2.819843750000000000e+02
1.997890625000000000e+02
1.067968750000000000e+02
3.126093750000000000e+02
3.044843750000000000e+02
2.105859375000000000e+02
1.333593750000000000e+02
1.114140625000000000e+02
8.733593750000000000e+01
1.433203125000000000e+02
3.567109375000000000e+02
2.214687500000000000e+02
9.734375000000000000e+01
8.817656250000000000e+02
1.397890625000000000e+02
1.097421875000000000e+02
1.767265625000000000e+02
1.130390625000000000e+02
8.619531250000000000e+01
2.463984375000000000e+02
1.469843750000000000e+02
9.315625000000000000e+01
2.967343750000000000e+02
1.563984375000000000e+02
1.995234375000000000e+02
1.635625000000000000e+02
2.776406250000000000e+02
3.080625000000000000e+02
2.276015625000000000e+02
1.740312500000000000e+02
1.262187500000000000e+02
1.752421875000000000e+02
8.056250000000000000e+01
3.015703125000000000e+02
1.862343750000000000e+02
1.053281250000000000e+02
2.774453125000000000e+02
1.031718750000000000e+02
1.390937500000000000e+02
1.363984375000000000e+02
1.065781250000000000e+02
2.027578125000000000e+02
1.155859375000000000e+02
1.420156250000000000e+02
7.517968750000000000e+01
1.515703125000000000e+02
1.651250000000000000e+02
9.825000000000000000e+01
1.484765625000000000e+02
1.167890625000000000e+02
1.155312500000000000e+02
1.675468750000000000e+02
1.039296875000000000e+02
1.442812500000000000e+02
1.234765625000000000e+02
6.021562500000000000e+02
1.395625000000000000e+02
1.230781250000000000e+02
2.107421875000000000e+02
1.240312500000000000e+02
1.255468750000000000e+02
1.012031250000000000e+02
8.144531250000000000e+01
1.301796875000000000e+02
9.964843750000000000e+01
3.604687500000000000e+02
9.310156250000000000e+01
1.311015625000000000e+02
1.842265625000000000e+02
1.004062500000000000e+02
2.703906250000000000e+02
2.075781250000000000e+02
1.995937500000000000e+02
1.324218750000000000e+02
1.028046875000000000e+02
1.086484375000000000e+02
1.030468750000000000e+02
1.368281250000000000e+02
9.802343750000000000e+01
3.940625000000000000e+02
1.020937500000000000e+02
2.027578125000000000e+02
1.242421875000000000e+02
1.293593750000000000e+02
6.868203125000000000e+02
9.830468750000000000e+01
1.200468750000000000e+02
1.113593750000000000e+02
1.257500000000000000e+02
9.349218750000000000e+01
5.550937500000000000e+02
2.839843750000000000e+02
1.772500000000000000e+02
1.398281250000000000e+02
1.314296875000000000e+02
2.208359375000000000e+02
9.403125000000000000e+01
1.350000000000000000e+02
1.144164062500000000e+03
1.437031250000000000e+02
1.221718750000000000e+02
9.599218750000000000e+01
2.933515625000000000e+02
1.229531250000000000e+02
1.493671875000000000e+02
9.272656250000000000e+01
1.593593750000000000e+02
1.035625000000000000e+02
1.085781250000000000e+02
1.719921875000000000e+02
2.205468750000000000e+02
8.349218750000000000e+01
3.567031250000000000e+02
2.676875000000000000e+02
1.666718750000000000e+02
1.882968750000000000e+02
1.246562500000000000e+02
1.007812500000000000e+02
9.285937500000000000e+01
1.586328125000000000e+02
1.008359375000000000e+02
2.067578125000000000e+02
8.894531250000000000e+01
2.526875000000000000e+02
2.632500000000000000e+02
9.262500000000000000e+01
1.796562500000000000e+02
1.368437500000000000e+02
2.310000000000000000e+02
1.108359375000000000e+02
1.257421875000000000e+02
1.371328125000000000e+02
1.317656250000000000e+02
7.980468750000000000e+01
1.241875000000000000e+02
1.063984375000000000e+02
1.266093750000000000e+02
8.132031250000000000e+01
1.936875000000000000e+02
1.677031250000000000e+02
1.229218750000000000e+02
9.405468750000000000e+01
1.319609375000000000e+02
1.140703125000000000e+02
2.898593750000000000e+02
1.169375000000000000e+02
1.128359375000000000e+02
1.017578125000000000e+02
1.035460937500000000e+03
5.651406250000000000e+02
1.823984375000000000e+02
1.267421875000000000e+02
1.377109375000000000e+02
1.049765625000000000e+02
1.329218750000000000e+02
2.852187500000000000e+02
1.782968750000000000e+02
9.056250000000000000e+01
1.093203125000000000e+02
2.130937500000000000e+02
2.451796875000000000e+02
1.100000000000000000e+02
1.320000000000000000e+02
1.012187500000000000e+02
1.160312500000000000e+02
1.771171875000000000e+02
9.221093750000000000e+01
1.069843750000000000e+02
1.205234375000000000e+02
1.330273437500000000e+03
8.894531250000000000e+01
2.202500000000000000e+02
1.597578125000000000e+02
1.080156250000000000e+02
9.617187500000000000e+01
1.077421875000000000e+02
1.774453125000000000e+02
9.242968750000000000e+01
3.059765625000000000e+02
1.678203125000000000e+02
9.640625000000000000e+01
1.049296875000000000e+02
9.563828125000000000e+02
1.028046875000000000e+02
1.434453125000000000e+02
8.978906250000000000e+01
1.002968750000000000e+02
1.027500000000000000e+02
1.521250000000000000e+02
2.124687500000000000e+02
2.162656250000000000e+02
8.602343750000000000e+01
1.004140625000000000e+02
2.007500000000000000e+02
1.057734375000000000e+02
1.137187500000000000e+02
2.028281250000000000e+02
1.463515625000000000e+02
2.541484375000000000e+02
8.501562500000000000e+01
3.912656250000000000e+02
9.012500000000000000e+01
1.394453125000000000e+02
1.476093750000000000e+02
2.446328125000000000e+02
1.246328125000000000e+02
9.684375000000000000e+01
9.756250000000000000e+01
3.177578125000000000e+02
1.135546875000000000e+02
9.875000000000000000e+01
1.845546875000000000e+02
1.047265625000000000e+02
1.191953125000000000e+02
2.003125000000000000e+02
3.224140625000000000e+02
1.558906250000000000e+02
1.163484375000000000e+03
1.538828125000000000e+02
3.372812500000000000e+02
1.103359375000000000e+02
9.029687500000000000e+01
1.097343750000000000e+02
3.295468750000000000e+02
1.160781250000000000e+02
9.313281250000000000e+01
1.005703125000000000e+02
9.609375000000000000e+01
1.520703125000000000e+02
4.615312500000000000e+02
1.347578125000000000e+02
8.261718750000000000e+01
1.088359375000000000e+02
8.094531250000000000e+01
1.871484375000000000e+02
7.261718750000000000e+01
2.286875000000000000e+02
1.344453125000000000e+02
2.757812500000000000e+02
7.604687500000000000e+01
3.209375000000000000e+02
1.004296875000000000e+02
2.688281250000000000e+02
2.866640625000000000e+02
9.274218750000000000e+01
1.118203125000000000e+02
1.264765625000000000e+02
1.071484375000000000e+02
1.418828125000000000e+02
9.307031250000000000e+01
1.178906250000000000e+02
2.072421875000000000e+02
1.146015625000000000e+02
1.259921875000000000e+02
7.374218750000000000e+01
7.649218750000000000e+01
1.120859375000000000e+02
1.246406250000000000e+02
1.421171875000000000e+02
9.560937500000000000e+01
1.336171875000000000e+02
1.891953125000000000e+02
1.311015625000000000e+02
2.240468750000000000e+02
5.874921875000000000e+02
2.217421875000000000e+02
3.749843750000000000e+02
1.059375000000000000e+02
2.043750000000000000e+02
3.400156250000000000e+02
8.767187500000000000e+01
2.185703125000000000e+02
1.460781250000000000e+02
3.218281250000000000e+02
1.135859375000000000e+02
1.474140625000000000e+02
2.234609375000000000e+02
1.451015625000000000e+02
1.142031250000000000e+02
1.586875000000000000e+02
9.325000000000000000e+01
1.175703125000000000e+02
1.079531250000000000e+02
8.152343750000000000e+01
1.027421875000000000e+02
1.393046875000000000e+02
1.041406250000000000e+02
1.401328125000000000e+02
1.222187500000000000e+02
2.790000000000000000e+02
2.417187500000000000e+02
2.011328125000000000e+02
7.871953125000000000e+02
9.967968750000000000e+01
1.213437500000000000e+02
1.795390625000000000e+02
3.629687500000000000e+02
8.875781250000000000e+01
1.746015625000000000e+02
7.447656250000000000e+01
3.130078125000000000e+02
7.630468750000000000e+01
1.635937500000000000e+02
9.397656250000000000e+01
1.624921875000000000e+02
9.475000000000000000e+01
2.290078125000000000e+02
2.439765625000000000e+02
1.007734375000000000e+02
1.286796875000000000e+02
1.222421875000000000e+02
1.085000000000000000e+02
3.359218750000000000e+02
1.065859375000000000e+02
1.233984375000000000e+02
9.732812500000000000e+01
1.579765625000000000e+02
9.235937500000000000e+01
1.116718750000000000e+02
1.028593750000000000e+02
1.892265625000000000e+02
9.543750000000000000e+01
1.292187500000000000e+02
8.934375000000000000e+01
8.614062500000000000e+01
1.023046875000000000e+02
1.923125000000000000e+02
4.311171875000000000e+02
1.796093750000000000e+02
9.089843750000000000e+01
1.553203125000000000e+02
9.540625000000000000e+01
1.782031250000000000e+02
1.017265625000000000e+02
8.052343750000000000e+01
9.113281250000000000e+01
1.027890625000000000e+02
9.545312500000000000e+01
1.428281250000000000e+02
3.113437500000000000e+02
7.484375000000000000e+01
1.028750000000000000e+02
3.149609375000000000e+02
1.504843750000000000e+02
1.363750000000000000e+02
9.752343750000000000e+01
1.089453125000000000e+02
1.081562500000000000e+02
1.742031250000000000e+02
1.225703125000000000e+02
9.200000000000000000e+01
8.410937500000000000e+01
7.605468750000000000e+01
1.281015625000000000e+02
1.959375000000000000e+02
1.973359375000000000e+02
1.053671875000000000e+02
1.965859375000000000e+02
1.197187500000000000e+02
1.136406250000000000e+02
1.938828125000000000e+02
7.789843750000000000e+01
9.194531250000000000e+01
2.039765625000000000e+02
9.542968750000000000e+01
8.963281250000000000e+01
8.868750000000000000e+01
3.379218750000000000e+02
9.500781250000000000e+01
7.225000000000000000e+01
2.236093750000000000e+02
9.597656250000000000e+01
1.008125000000000000e+02
1.329140625000000000e+02
3.202343750000000000e+02
9.335156250000000000e+01
1.142734375000000000e+02
1.138828125000000000e+02
8.224218750000000000e+01
7.689843750000000000e+01
1.336562500000000000e+02
1.222890625000000000e+02
8.768750000000000000e+01
1.229531250000000000e+02
1.151718750000000000e+02
1.335703125000000000e+02
1.025703125000000000e+02
9.404687500000000000e+01
1.006640625000000000e+02
7.951562500000000000e+01
9.975781250000000000e+01
1.450703125000000000e+02
1.189218750000000000e+02
1.128750000000000000e+02
1.266171875000000000e+02
9.719531250000000000e+01
4.428046875000000000e+02
2.320156250000000000e+02
4.077265625000000000e+02
7.335156250000000000e+01
2.217890625000000000e+02
1.494453125000000000e+02
1.047500000000000000e+02
1.606562500000000000e+02
2.474218750000000000e+02
8.985937500000000000e+01
2.788828125000000000e+02
1.318437500000000000e+02
3.349843750000000000e+02
9.148437500000000000e+01
1.034609375000000000e+02
9.050390625000000000e+02
3.475468750000000000e+02
1.076015625000000000e+02
8.684375000000000000e+01
4.485000000000000000e+02
1.107265625000000000e+02
5.098125000000000000e+02
7.528906250000000000e+01
9.761718750000000000e+01
7.502968750000000000e+02
2.087343750000000000e+02
2.068359375000000000e+02
1.988125000000000000e+02
5.669062500000000000e+02
3.777109375000000000e+02
1.023437500000000000e+02
8.153906250000000000e+01
9.221093750000000000e+01
1.091093750000000000e+02
7.860937500000000000e+01
2.164062500000000000e+02
8.696875000000000000e+01
1.265703125000000000e+02
9.774218750000000000e+01
1.079687500000000000e+02
8.610156250000000000e+01
3.449921875000000000e+02
1.081875000000000000e+03
1.184375000000000000e+02
2.054921875000000000e+02
9.668750000000000000e+01
7.860937500000000000e+01
5.244140625000000000e+02
1.740546875000000000e+02
9.399218750000000000e+01
6.770234375000000000e+02
7.629687500000000000e+01
9.723437500000000000e+01
1.912109375000000000e+02
1.190468750000000000e+02
1.574531250000000000e+02
2.455078125000000000e+02
8.086718750000000000e+01
1.565546875000000000e+02
3.611796875000000000e+02
2.416640625000000000e+02
7.980468750000000000e+01
2.125859375000000000e+02
9.840625000000000000e+01
1.050234375000000000e+02
9.044531250000000000e+01
2.027421875000000000e+02
1.068398437500000000e+03
8.439843750000000000e+01
1.118281250000000000e+02
8.425000000000000000e+01
1.777578125000000000e+02
2.688203125000000000e+02
1.334140625000000000e+02
9.455468750000000000e+01
8.339062500000000000e+01
8.614062500000000000e+01
1.975781250000000000e+02
1.039296875000000000e+02
1.342812500000000000e+02
1.375156250000000000e+02
1.607656250000000000e+02
1.783906250000000000e+02
1.623437500000000000e+02
4.951171875000000000e+02
8.485937500000000000e+01
9.999218750000000000e+01
9.296875000000000000e+01
7.794531250000000000e+01
1.960390625000000000e+02
1.182968750000000000e+02
1.888984375000000000e+02
9.433593750000000000e+01
9.578906250000000000e+01
8.698437500000000000e+01
9.614062500000000000e+01
9.378125000000000000e+01
3.288281250000000000e+02
1.192109375000000000e+02
8.040625000000000000e+01
1.317890625000000000e+02
1.248046875000000000e+02
6.801562500000000000e+01
1.003671875000000000e+02
2.468046875000000000e+02
9.877343750000000000e+01
1.430937500000000000e+02
2.203203125000000000e+02
7.463281250000000000e+01
9.485156250000000000e+01
8.646093750000000000e+01
8.188281250000000000e+01
1.381718750000000000e+02
1.334140625000000000e+02
8.252343750000000000e+01
1.856406250000000000e+02
1.237031250000000000e+02
7.170312500000000000e+01
1.156640625000000000e+02
1.067500000000000000e+02
1.998984375000000000e+02
2.373515625000000000e+02
8.471093750000000000e+01
1.196796875000000000e+02
1.115625000000000000e+02
1.097109375000000000e+02
1.296640625000000000e+02
9.100000000000000000e+01
9.299218750000000000e+01
1.425625000000000000e+02
5.715312500000000000e+02
3.717421875000000000e+02
8.290625000000000000e+01
1.476875000000000000e+02
3.078437500000000000e+02
1.243281250000000000e+02
2.751328125000000000e+02
1.794609375000000000e+02
2.707656250000000000e+02
7.415625000000000000e+01
2.371718750000000000e+02
8.844531250000000000e+01
1.010312500000000000e+02
1.095625000000000000e+02
1.151328125000000000e+02
8.604687500000000000e+01
3.643828125000000000e+02
1.139687500000000000e+02
2.986406250000000000e+02
1.579218750000000000e+02
9.141406250000000000e+01
2.350156250000000000e+02
8.134375000000000000e+01
7.247656250000000000e+01
1.176250000000000000e+02
2.293984375000000000e+02
8.631250000000000000e+01
1.029453125000000000e+02
9.920312500000000000e+01
9.903125000000000000e+01
1.367265625000000000e+02
9.506250000000000000e+01
1.599687500000000000e+02
8.430468750000000000e+01
5.920703125000000000e+02
1.345078125000000000e+02
3.487656250000000000e+02
1.561328125000000000e+02
7.964843750000000000e+01
9.915625000000000000e+01
9.265625000000000000e+01
9.280468750000000000e+01
8.890625000000000000e+01
1.726171875000000000e+02
2.435859375000000000e+02
2.716015625000000000e+02
8.339062500000000000e+01
1.446171875000000000e+02
1.001875000000000000e+02
1.228515625000000000e+02
1.686093750000000000e+02
8.525000000000000000e+01
1.008906250000000000e+02
8.320312500000000000e+01
1.112117187500000000e+03
2.714765625000000000e+02
1.104140625000000000e+02
2.452656250000000000e+02
1.044609375000000000e+02
4.792812500000000000e+02
8.800000000000000000e+01
3.992421875000000000e+02
1.525781250000000000e+02
1.702812500000000000e+02
1.630156250000000000e+02
1.108750000000000000e+02
1.629062500000000000e+02
2.702890625000000000e+02
7.898437500000000000e+01
2.624375000000000000e+02
2.290468750000000000e+02
8.214843750000000000e+01
1.002812500000000000e+02
1.786562500000000000e+02
7.385937500000000000e+01
1.311914062500000000e+03
7.500000000000000000e+01
2.469062500000000000e+02
9.659375000000000000e+01
8.130468750000000000e+01
1.087343750000000000e+02
1.286562500000000000e+02
2.603515625000000000e+02
3.788046875000000000e+02
1.016796875000000000e+02
1.086015625000000000e+02
1.291640625000000000e+02
1.523593750000000000e+02
1.645078125000000000e+02
1.921328125000000000e+02
1.375937500000000000e+02
1.223593750000000000e+02
2.019687500000000000e+02
1.159062500000000000e+02
1.143125000000000000e+02
3.548593750000000000e+02
1.892656250000000000e+02
2.189140625000000000e+02
1.770781250000000000e+02
1.672343750000000000e+02
6.640625000000000000e+01
9.051562500000000000e+01
1.120937500000000000e+02
7.307812500000000000e+01
1.844296875000000000e+02
6.731250000000000000e+01
2.108671875000000000e+02
7.578125000000000000e+01
7.195312500000000000e+01
8.832031250000000000e+01
9.434375000000000000e+01
3.117500000000000000e+02
1.420000000000000000e+02
8.654687500000000000e+01
1.400078125000000000e+02
2.165390625000000000e+02
7.360937500000000000e+01
1.193750000000000000e+02
1.066796875000000000e+02
7.561718750000000000e+01
1.502890625000000000e+02
1.056953125000000000e+02
1.442421875000000000e+02
2.613593750000000000e+02
9.848437500000000000e+01
7.559375000000000000e+01
1.019140625000000000e+02
7.588281250000000000e+01
2.349921875000000000e+02
2.261796875000000000e+02
7.302343750000000000e+01
1.989218750000000000e+02
8.154687500000000000e+01
1.557187500000000000e+02
1.209218750000000000e+02
8.133593750000000000e+01
1.126796875000000000e+02
9.556250000000000000e+01
1.001953125000000000e+02
9.324218750000000000e+01
1.777109375000000000e+02
7.837500000000000000e+01
7.807812500000000000e+01
7.308593750000000000e+01
2.182656250000000000e+02
1.133203125000000000e+02
1.337265625000000000e+02
2.342890625000000000e+02
6.824609375000000000e+02
1.116484375000000000e+02
7.709375000000000000e+01
1.315312500000000000e+02
8.456250000000000000e+01
7.717187500000000000e+01
1.877031250000000000e+02
8.239062500000000000e+01
1.821171875000000000e+02
1.250625000000000000e+02
1.234062500000000000e+02
1.497343750000000000e+02
9.092968750000000000e+01
1.293906250000000000e+02
2.110703125000000000e+02
1.519609375000000000e+02
2.046015625000000000e+02
7.285937500000000000e+01
1.349296875000000000e+02
8.553906250000000000e+01
1.155312500000000000e+02
1.592265625000000000e+02
9.556250000000000000e+01
2.354921875000000000e+02
1.316718750000000000e+02
8.063281250000000000e+01
1.916875000000000000e+02
1.338671875000000000e+02
6.575000000000000000e+01
1.382578125000000000e+02
9.591406250000000000e+01
1.634062500000000000e+02
1.712109375000000000e+02
1.193046875000000000e+02
7.425000000000000000e+01
7.098437500000000000e+01
8.971093750000000000e+01
9.162500000000000000e+01
1.180859375000000000e+02
9.432031250000000000e+01
1.237265625000000000e+02
1.772656250000000000e+02
2.598046875000000000e+02
9.900781250000000000e+01
1.997187500000000000e+02
8.771093750000000000e+01
1.179921875000000000e+02
1.212031250000000000e+02
9.735156250000000000e+01
9.728125000000000000e+01
6.975000000000000000e+01
1.693671875000000000e+02
9.075781250000000000e+01
6.903906250000000000e+01
2.014375000000000000e+02
1.216953125000000000e+02
1.647031250000000000e+02
1.005625000000000000e+02
6.285937500000000000e+01
1.070156250000000000e+02
7.075781250000000000e+01
2.040546875000000000e+02
1.565781250000000000e+02
1.482421875000000000e+02
7.795000000000000000e+02
1.121093750000000000e+02
1.296015625000000000e+02
1.020312500000000000e+02
3.529609375000000000e+02
1.467890625000000000e+02
6.859375000000000000e+01
1.523359375000000000e+02
9.074218750000000000e+01
9.502343750000000000e+01
1.223828125000000000e+02
2.419765625000000000e+02
1.571015625000000000e+02
3.628359375000000000e+02
1.641796875000000000e+02
2.651250000000000000e+02
1.566875000000000000e+02
9.362500000000000000e+01
1.346015625000000000e+02
3.700546875000000000e+02
1.718359375000000000e+02
2.543750000000000000e+02
2.045156250000000000e+02
3.665781250000000000e+02
9.758593750000000000e+01
8.141406250000000000e+01
2.534765625000000000e+02
8.178906250000000000e+01
3.069296875000000000e+02
1.455937500000000000e+02
1.261796875000000000e+02
1.670546875000000000e+02
1.926640625000000000e+02
9.685156250000000000e+01
1.135937500000000000e+02
1.365625000000000000e+02
1.168281250000000000e+02
1.101562500000000000e+02
1.163906250000000000e+02
9.777343750000000000e+01
2.128281250000000000e+02
8.122031250000000000e+02
2.429687500000000000e+02
7.931250000000000000e+01
6.760937500000000000e+01
6.303906250000000000e+01
4.438593750000000000e+02
7.628906250000000000e+01
1.533828125000000000e+02
9.514843750000000000e+01
6.159375000000000000e+01
1.568125000000000000e+02
1.837656250000000000e+02
8.046875000000000000e+01
8.807812500000000000e+01
1.374296875000000000e+02
1.513281250000000000e+02
7.946875000000000000e+01
9.368750000000000000e+01
8.907031250000000000e+01
7.423437500000000000e+01
2.609765625000000000e+02
8.769531250000000000e+02
1.997578125000000000e+02
8.567968750000000000e+01
1.105312500000000000e+02
6.975781250000000000e+01
1.393750000000000000e+02
1.378593750000000000e+02
1.771875000000000000e+02
1.096328125000000000e+02
1.012031250000000000e+02
3.382734375000000000e+02
2.803125000000000000e+02
9.505468750000000000e+01
7.841406250000000000e+01
5.538359375000000000e+02
2.971796875000000000e+02
1.567031250000000000e+02
1.308515625000000000e+02
6.999218750000000000e+01
1.353281250000000000e+02
1.974921875000000000e+02
2.704062500000000000e+02
6.577343750000000000e+01
1.086484375000000000e+02
1.104609375000000000e+02
1.697109375000000000e+02
2.495546875000000000e+02
1.317656250000000000e+02
1.164843750000000000e+02
1.206250000000000000e+02
9.076562500000000000e+01
9.253125000000000000e+01
2.536250000000000000e+02
7.538281250000000000e+01
8.602343750000000000e+01
3.692500000000000000e+02
7.739062500000000000e+01
8.488281250000000000e+01
1.038203125000000000e+02
4.121250000000000000e+02
1.941640625000000000e+02
1.404296875000000000e+02
8.043750000000000000e+01
6.835937500000000000e+01
7.821093750000000000e+01
1.055859375000000000e+02
1.350000000000000000e+02
9.828125000000000000e+01
2.119843750000000000e+02
6.684375000000000000e+01
2.288828125000000000e+02
6.910937500000000000e+01
1.005625000000000000e+02
6.360937500000000000e+01
1.126718750000000000e+02
9.899218750000000000e+01
6.196640625000000000e+02
1.256406250000000000e+02
1.039453125000000000e+02
8.197656250000000000e+01
5.717343750000000000e+02
9.992968750000000000e+01
1.104921875000000000e+02
1.834296875000000000e+02
1.796406250000000000e+02
2.116875000000000000e+02
1.676718750000000000e+02
1.886875000000000000e+02
1.002812500000000000e+02
8.575781250000000000e+01
9.131250000000000000e+01
1.589687500000000000e+02
1.490000000000000000e+02
6.470312500000000000e+01
6.561718750000000000e+01
9.125781250000000000e+01
1.132968750000000000e+02
4.179296875000000000e+02
9.695312500000000000e+01
8.089843750000000000e+01
7.062500000000000000e+01
2.243750000000000000e+02
1.956015625000000000e+02
6.243750000000000000e+01
6.045312500000000000e+01
1.098984375000000000e+02
8.211718750000000000e+01
1.593593750000000000e+02
2.187500000000000000e+02
1.199218750000000000e+02
1.611875000000000000e+02
6.882812500000000000e+01
1.686250000000000000e+02
4.856406250000000000e+02
7.570312500000000000e+01
1.463750000000000000e+02
2.700000000000000000e+02
1.089296875000000000e+02
1.014140625000000000e+02
1.243671875000000000e+02
8.698437500000000000e+01
1.818593750000000000e+02
8.261718750000000000e+01
7.282812500000000000e+01
2.204062500000000000e+02
3.047968750000000000e+02
1.352031250000000000e+02
7.099218750000000000e+01
1.386562500000000000e+02
1.160937500000000000e+02
9.039062500000000000e+01
6.431250000000000000e+01
1.193828125000000000e+02
1.105312500000000000e+02
6.460156250000000000e+01
2.014687500000000000e+02
1.063593750000000000e+02
6.767187500000000000e+01
7.115625000000000000e+01
1.676562500000000000e+02
1.980156250000000000e+02
1.222656250000000000e+02
1.245234375000000000e+02
8.678906250000000000e+01
7.143750000000000000e+01
7.039843750000000000e+01
7.323437500000000000e+01
4.243671875000000000e+02
9.882812500000000000e+01
1.391171875000000000e+02
9.014843750000000000e+01
1.101093750000000000e+02
1.715859375000000000e+02
1.023046875000000000e+02
1.317968750000000000e+02
2.352734375000000000e+02
1.120390625000000000e+02
3.685781250000000000e+02
2.172421875000000000e+02
7.592968750000000000e+01
6.835156250000000000e+01
1.730546875000000000e+02
7.680468750000000000e+01
6.578906250000000000e+01
8.727343750000000000e+01
2.350781250000000000e+02
1.127031250000000000e+02
1.166718750000000000e+02
7.258593750000000000e+01
1.451796875000000000e+02
2.969375000000000000e+02
1.106015625000000000e+02
6.650781250000000000e+01
1.497812500000000000e+02
7.367187500000000000e+01
8.162500000000000000e+01
7.586718750000000000e+01
1.180703125000000000e+02
7.844531250000000000e+01
1.432343750000000000e+02
1.776015625000000000e+02
9.168750000000000000e+01
9.513281250000000000e+01
7.158593750000000000e+01
1.138828125000000000e+02
6.772656250000000000e+01
8.376562500000000000e+01
2.875781250000000000e+02
8.986718750000000000e+01
1.023750000000000000e+02
2.483593750000000000e+02
7.955468750000000000e+01
8.502343750000000000e+01
1.079062500000000000e+02
7.006250000000000000e+01
9.598437500000000000e+01
1.203281250000000000e+02
9.344531250000000000e+01
7.348437500000000000e+01
2.188125000000000000e+02
1.091953125000000000e+02
3.364765625000000000e+02
1.410429687500000000e+03
8.453125000000000000e+01
9.289843750000000000e+01
9.696875000000000000e+01
1.798046875000000000e+02
8.757031250000000000e+01
1.310859375000000000e+02
1.031406250000000000e+02
5.682031250000000000e+01
1.694843750000000000e+02
6.600781250000000000e+01
7.748437500000000000e+01
7.120312500000000000e+01
9.348437500000000000e+01
6.657812500000000000e+01
1.540390625000000000e+02
9.296093750000000000e+01
2.210390625000000000e+02
3.096250000000000000e+02
2.500781250000000000e+02
1.195156250000000000e+02
1.777343750000000000e+02
2.735390625000000000e+02
1.312031250000000000e+02
7.796406250000000000e+02
3.695390625000000000e+02
5.701562500000000000e+01
8.867187500000000000e+01
6.274218750000000000e+01
1.042343750000000000e+02
1.592265625000000000e+02
6.028125000000000000e+01
7.630468750000000000e+01
7.144531250000000000e+01
9.532031250000000000e+01
1.170546875000000000e+02
9.285937500000000000e+01
6.724218750000000000e+01
1.070078125000000000e+02
9.270312500000000000e+01
6.917890625000000000e+02
3.684296875000000000e+02
9.400000000000000000e+01
5.404921875000000000e+02
1.658593750000000000e+02
1.241953125000000000e+02
3.032343750000000000e+02
2.263359375000000000e+02
9.042968750000000000e+01
6.649218750000000000e+01
1.897734375000000000e+02
2.960000000000000000e+02
1.033906250000000000e+02
1.403515625000000000e+02
7.227343750000000000e+01
1.827265625000000000e+02
8.972656250000000000e+01
4.915312500000000000e+02
8.231250000000000000e+01
7.725000000000000000e+01
9.967187500000000000e+01
7.010937500000000000e+01
5.797656250000000000e+01
8.692187500000000000e+01
8.739062500000000000e+01
8.938281250000000000e+01
6.446093750000000000e+01
4.808750000000000000e+02
8.570312500000000000e+01
3.727968750000000000e+02
6.942968750000000000e+01
7.545312500000000000e+01
4.092578125000000000e+02
2.644765625000000000e+02
8.363281250000000000e+01
9.454687500000000000e+01
1.131250000000000000e+02
1.600156250000000000e+02
1.038750000000000000e+02
7.550000000000000000e+01
9.032031250000000000e+01
2.602656250000000000e+02
2.062343750000000000e+02
1.292578125000000000e+02
6.193750000000000000e+01
1.104296875000000000e+02
5.964062500000000000e+01
5.935234375000000000e+02
1.213984375000000000e+02
5.440625000000000000e+01
7.000781250000000000e+01
1.711640625000000000e+02
8.579687500000000000e+01
2.650937500000000000e+02
5.935937500000000000e+01
6.432812500000000000e+01
6.603125000000000000e+01
9.678125000000000000e+01
6.663281250000000000e+01
4.199921875000000000e+02
2.239453125000000000e+02
3.274765625000000000e+02
1.131484375000000000e+02
9.520312500000000000e+01
1.388203125000000000e+02
8.921093750000000000e+01
5.779687500000000000e+01
5.642968750000000000e+01
8.287500000000000000e+01
9.478125000000000000e+01
6.628906250000000000e+01
1.004531250000000000e+02
1.268750000000000000e+02
9.504609375000000000e+02
6.879687500000000000e+01
2.120156250000000000e+02
1.212187500000000000e+02
8.851562500000000000e+01
1.307187500000000000e+02
9.439843750000000000e+01
7.071875000000000000e+01
9.946093750000000000e+01
1.631640625000000000e+02
1.138820312500000000e+03
8.891406250000000000e+01
1.247421875000000000e+02
2.875781250000000000e+02
2.510546875000000000e+02
1.297968750000000000e+02
1.444062500000000000e+02
1.745234375000000000e+02
1.589453125000000000e+02
6.266406250000000000e+01
8.979687500000000000e+01
3.132187500000000000e+02
7.351875000000000000e+02
2.813906250000000000e+02
1.017812500000000000e+02
6.353125000000000000e+01
7.600000000000000000e+01
1.279375000000000000e+02
9.725781250000000000e+01
2.282968750000000000e+02
1.497031250000000000e+02
5.753906250000000000e+01
5.625000000000000000e+01
7.409375000000000000e+01
2.033437500000000000e+02
8.047656250000000000e+01
6.352343750000000000e+01
7.731250000000000000e+01
8.503125000000000000e+01
2.355312500000000000e+02
7.214062500000000000e+01
8.573437500000000000e+01
4.275078125000000000e+02
7.475781250000000000e+01
9.050781250000000000e+01
1.039453125000000000e+02
1.151875000000000000e+02
7.802343750000000000e+01
7.338281250000000000e+01
1.572109375000000000e+02
9.775000000000000000e+01
1.004609375000000000e+02
1.144375000000000000e+02
1.528281250000000000e+02
1.377421875000000000e+02
1.048281250000000000e+02
8.007031250000000000e+01
6.994531250000000000e+01
5.728125000000000000e+01
1.287890625000000000e+02
1.006656250000000000e+03
9.203906250000000000e+01
1.933750000000000000e+02
6.372421875000000000e+02
5.285078125000000000e+02
2.683984375000000000e+02
6.824218750000000000e+01
9.862500000000000000e+01
