2.054410000000000000e+05
2.054400000000000000e+05
2.054420000000000000e+05
2.054410000000000000e+05
2.054400000000000000e+05
2.054390000000000000e+05
2.054410000000000000e+05
2.054410000000000000e+05
2.054320000000000000e+05
2.054300000000000000e+05
2.054180000000000000e+05
2.054040000000000000e+05
2.053990000000000000e+05
2.054110000000000000e+05
2.053250000000000000e+05
2.052320000000000000e+05
2.049600000000000000e+05
2.041560000000000000e+05
2.042050000000000000e+05
2.032130000000000000e+05
2.006110000000000000e+05
1.993270000000000000e+05
1.980310000000000000e+05
1.989760000000000000e+05
1.916760000000000000e+05
1.830830000000000000e+05
1.945900000000000000e+05
1.739320000000000000e+05
1.527090000000000000e+05
1.755770000000000000e+05
1.594920000000000000e+05
1.380510000000000000e+05
1.556720000000000000e+05
1.147340000000000000e+05
1.266380000000000000e+05
1.085370000000000000e+05
1.077090000000000000e+05
8.808300000000000000e+04
9.320500000000000000e+04
8.504600000000000000e+04
8.455900000000000000e+04
6.633700000000000000e+04
9.007900000000000000e+04
8.787200000000000000e+04
7.308600000000000000e+04
4.448200000000000000e+04
5.669700000000000000e+04
4.105800000000000000e+04
5.227500000000000000e+04
4.751400000000000000e+04
4.682800000000000000e+04
6.127300000000000000e+04
5.674400000000000000e+04
5.821000000000000000e+04
4.782900000000000000e+04
3.787800000000000000e+04
5.198400000000000000e+04
4.387200000000000000e+04
4.148000000000000000e+04
3.495000000000000000e+04
4.146900000000000000e+04
3.360200000000000000e+04
3.734200000000000000e+04
3.260600000000000000e+04
2.317300000000000000e+04
2.306200000000000000e+04
2.391300000000000000e+04
1.401500000000000000e+04
2.078800000000000000e+04
3.442600000000000000e+04
1.640400000000000000e+04
3.219700000000000000e+04
2.224900000000000000e+04
2.973700000000000000e+04
1.772500000000000000e+04
5.368100000000000000e+04
2.919000000000000000e+04
1.024000000000000000e+04
1.522500000000000000e+04
2.056400000000000000e+04
2.398800000000000000e+04
1.306400000000000000e+04
1.646300000000000000e+04
2.904200000000000000e+04
1.679200000000000000e+04
1.560100000000000000e+04
2.593300000000000000e+04
1.733500000000000000e+04
1.242500000000000000e+04
2.209600000000000000e+04
1.297700000000000000e+04
2.823700000000000000e+04
1.488500000000000000e+04
1.821000000000000000e+04
2.236400000000000000e+04
6.934000000000000000e+03
1.767100000000000000e+04
1.104500000000000000e+04
2.263800000000000000e+04
1.673300000000000000e+04
1.905200000000000000e+04
1.848500000000000000e+04
2.018900000000000000e+04
1.523100000000000000e+04
1.544000000000000000e+04
1.670500000000000000e+04
2.679900000000000000e+04
1.068000000000000000e+04
2.369800000000000000e+04
2.260600000000000000e+04
1.611900000000000000e+04
1.080900000000000000e+04
1.156000000000000000e+04
1.127300000000000000e+04
1.001700000000000000e+04
1.876100000000000000e+04
1.640400000000000000e+04
8.332000000000000000e+03
1.943700000000000000e+04
1.071200000000000000e+04
6.734000000000000000e+03
7.016000000000000000e+03
1.243000000000000000e+04
1.247800000000000000e+04
2.424000000000000000e+04
1.663200000000000000e+04
9.436000000000000000e+03
3.981000000000000000e+03
7.482000000000000000e+03
2.027800000000000000e+04
1.359500000000000000e+04
2.000200000000000000e+04
8.846000000000000000e+03
6.956000000000000000e+03
1.200400000000000000e+04
9.953000000000000000e+03
1.236700000000000000e+04
1.250600000000000000e+04
1.602300000000000000e+04
1.079400000000000000e+04
1.255400000000000000e+04
1.168900000000000000e+04
5.460000000000000000e+03
1.634000000000000000e+04
1.245600000000000000e+04
3.199900000000000000e+04
8.685000000000000000e+03
1.312900000000000000e+04
1.098100000000000000e+04
9.922000000000000000e+03
1.614700000000000000e+04
8.723000000000000000e+03
8.183000000000000000e+03
2.015900000000000000e+04
9.653000000000000000e+03
9.107000000000000000e+03
1.773400000000000000e+04
7.163000000000000000e+03
8.500000000000000000e+03
4.682000000000000000e+03
8.288000000000000000e+03
7.395000000000000000e+03
8.366000000000000000e+03
8.437000000000000000e+03
7.733000000000000000e+03
1.658900000000000000e+04
1.042300000000000000e+04
1.164500000000000000e+04
3.560000000000000000e+03
5.037000000000000000e+03
5.325000000000000000e+03
5.121000000000000000e+03
1.343600000000000000e+04
7.255000000000000000e+03
1.707900000000000000e+04
1.019700000000000000e+04
9.088000000000000000e+03
7.195000000000000000e+03
6.656000000000000000e+03
7.514000000000000000e+03
8.543000000000000000e+03
1.061800000000000000e+04
5.640000000000000000e+03
7.356000000000000000e+03
8.219000000000000000e+03
3.329700000000000000e+04
1.072900000000000000e+04
4.056000000000000000e+03
4.380100000000000000e+04
1.618000000000000000e+04
2.427200000000000000e+04
5.268000000000000000e+03
9.480000000000000000e+03
4.269000000000000000e+03
9.061000000000000000e+03
7.207000000000000000e+03
1.081800000000000000e+04
4.792000000000000000e+03
1.748800000000000000e+04
7.344000000000000000e+03
1.593500000000000000e+04
2.703300000000000000e+04
8.269000000000000000e+03
8.733000000000000000e+03
6.166000000000000000e+03
9.018000000000000000e+03
6.588000000000000000e+03
1.108500000000000000e+04
4.099000000000000000e+03
4.534800000000000000e+04
7.843000000000000000e+03
1.841800000000000000e+04
1.328800000000000000e+04
1.293200000000000000e+04
3.645000000000000000e+03
5.133000000000000000e+03
5.257000000000000000e+03
6.416000000000000000e+03
1.022500000000000000e+04
2.381900000000000000e+04
1.486000000000000000e+04
3.992000000000000000e+03
9.053000000000000000e+03
2.813400000000000000e+04
2.257400000000000000e+04
1.718900000000000000e+04
3.692000000000000000e+03
9.273000000000000000e+03
6.025000000000000000e+03
5.357000000000000000e+03
6.732000000000000000e+03
4.857000000000000000e+03
8.929000000000000000e+03
1.334400000000000000e+04
2.045300000000000000e+04
1.966500000000000000e+04
2.387500000000000000e+04
3.550800000000000000e+04
1.790300000000000000e+04
7.040000000000000000e+03
5.192000000000000000e+03
3.288100000000000000e+04
9.256000000000000000e+03
6.702000000000000000e+03
3.434000000000000000e+03
2.306500000000000000e+04
4.129600000000000000e+04
1.503400000000000000e+04
4.093000000000000000e+03
7.354000000000000000e+03
3.285300000000000000e+04
1.006600000000000000e+04
2.877600000000000000e+04
2.121000000000000000e+03
3.634000000000000000e+04
3.856700000000000000e+04
5.388000000000000000e+03
2.032500000000000000e+04
9.015000000000000000e+03
5.565000000000000000e+03
6.147000000000000000e+03
6.345000000000000000e+03
1.106300000000000000e+04
1.853500000000000000e+04
1.359900000000000000e+04
1.071600000000000000e+04
5.854000000000000000e+03
5.394000000000000000e+03
3.186000000000000000e+04
8.715000000000000000e+03
1.218200000000000000e+04
2.045600000000000000e+04
4.866000000000000000e+03
1.219800000000000000e+04
2.690700000000000000e+04
8.633000000000000000e+03
6.749000000000000000e+03
1.188700000000000000e+04
5.589000000000000000e+03
9.291000000000000000e+03
7.942000000000000000e+03
4.520000000000000000e+03
4.523000000000000000e+03
5.703000000000000000e+03
4.542000000000000000e+03
8.019000000000000000e+03
6.138000000000000000e+03
1.675000000000000000e+04
1.487000000000000000e+04
1.485500000000000000e+04
5.079000000000000000e+03
7.249000000000000000e+03
1.642900000000000000e+04
6.407000000000000000e+03
4.084000000000000000e+03
1.608400000000000000e+04
6.143000000000000000e+03
5.352000000000000000e+03
5.824000000000000000e+03
3.798000000000000000e+03
7.139000000000000000e+03
1.133200000000000000e+04
9.009000000000000000e+03
1.146400000000000000e+04
9.078000000000000000e+03
3.968000000000000000e+03
6.820000000000000000e+03
1.705500000000000000e+04
3.392200000000000000e+04
8.615000000000000000e+03
2.791800000000000000e+04
1.769600000000000000e+04
1.684800000000000000e+04
8.040000000000000000e+03
5.971000000000000000e+03
3.427000000000000000e+03
5.483000000000000000e+03
4.047000000000000000e+03
2.187400000000000000e+04
9.435000000000000000e+03
3.697000000000000000e+03
6.735000000000000000e+03
4.087000000000000000e+03
1.025500000000000000e+04
3.191700000000000000e+04
8.881000000000000000e+03
6.766000000000000000e+03
4.000000000000000000e+03
2.555000000000000000e+03
6.461000000000000000e+03
1.899800000000000000e+04
5.812000000000000000e+03
7.418000000000000000e+03
5.717000000000000000e+03
6.727000000000000000e+03
2.567700000000000000e+04
8.554000000000000000e+03
4.040000000000000000e+03
9.923000000000000000e+03
1.086900000000000000e+04
1.562300000000000000e+04
6.688000000000000000e+03
3.857000000000000000e+03
3.563000000000000000e+03
1.146700000000000000e+04
5.155000000000000000e+03
1.189500000000000000e+04
1.203600000000000000e+04
1.334200000000000000e+04
2.891000000000000000e+03
1.459800000000000000e+04
1.814400000000000000e+04
4.185200000000000000e+04
2.848800000000000000e+04
1.907700000000000000e+04
1.268600000000000000e+04
6.719000000000000000e+03
8.147000000000000000e+03
6.803000000000000000e+03
3.345000000000000000e+03
5.199000000000000000e+03
5.324000000000000000e+03
4.177000000000000000e+03
2.645000000000000000e+03
3.197000000000000000e+03
4.580000000000000000e+03
4.841000000000000000e+03
1.274200000000000000e+04
1.298500000000000000e+04
5.530000000000000000e+03
9.622000000000000000e+03
5.354000000000000000e+03
4.397000000000000000e+03
5.057000000000000000e+03
1.538300000000000000e+04
7.762000000000000000e+03
2.767800000000000000e+04
4.479000000000000000e+03
1.334900000000000000e+04
3.587000000000000000e+03
1.385700000000000000e+04
4.225000000000000000e+03
6.251000000000000000e+03
3.969000000000000000e+03
1.295000000000000000e+04
1.423000000000000000e+04
3.606200000000000000e+04
4.066000000000000000e+03
6.837000000000000000e+03
1.093900000000000000e+04
1.098500000000000000e+04
2.661000000000000000e+03
2.345700000000000000e+04
3.031600000000000000e+04
1.852900000000000000e+04
3.708800000000000000e+04
8.500000000000000000e+03
7.613000000000000000e+03
2.961200000000000000e+04
2.206200000000000000e+04
1.489700000000000000e+04
7.250000000000000000e+03
6.078000000000000000e+03
2.193600000000000000e+04
2.777700000000000000e+04
4.543000000000000000e+03
9.759000000000000000e+03
8.820000000000000000e+03
9.855000000000000000e+03
5.803000000000000000e+03
3.366000000000000000e+03
1.613400000000000000e+04
5.870000000000000000e+03
3.028000000000000000e+04
4.598000000000000000e+03
1.015200000000000000e+04
1.216700000000000000e+04
6.424000000000000000e+03
7.048000000000000000e+03
6.235000000000000000e+03
4.759000000000000000e+03
1.004300000000000000e+04
5.154000000000000000e+03
3.111700000000000000e+04
1.109300000000000000e+04
7.775000000000000000e+03
7.223000000000000000e+03
1.530700000000000000e+04
8.202000000000000000e+03
1.071200000000000000e+04
5.457000000000000000e+03
1.515200000000000000e+04
3.985000000000000000e+03
3.674000000000000000e+03
8.060000000000000000e+03
5.450000000000000000e+03
4.384000000000000000e+03
8.768000000000000000e+03
5.730000000000000000e+03
9.131000000000000000e+03
1.088300000000000000e+04
9.084000000000000000e+03
6.638000000000000000e+03
8.479000000000000000e+03
9.997000000000000000e+03
1.533300000000000000e+04
9.640000000000000000e+03
1.151400000000000000e+04
1.660200000000000000e+04
7.204000000000000000e+03
3.986000000000000000e+03
4.821000000000000000e+03
1.115900000000000000e+04
3.524000000000000000e+03
5.073000000000000000e+03
3.507000000000000000e+03
3.816900000000000000e+04
1.722800000000000000e+04
3.282000000000000000e+03
5.678000000000000000e+03
1.481500000000000000e+04
6.596000000000000000e+03
5.603000000000000000e+03
6.434000000000000000e+03
7.537000000000000000e+03
1.467000000000000000e+04
8.911000000000000000e+03
3.558600000000000000e+04
8.708000000000000000e+03
8.140000000000000000e+03
6.665000000000000000e+03
1.112000000000000000e+04
1.368200000000000000e+04
5.802000000000000000e+03
1.400200000000000000e+04
2.816400000000000000e+04
3.650000000000000000e+03
8.640000000000000000e+03
2.016900000000000000e+04
4.949000000000000000e+03
5.859000000000000000e+03
7.545000000000000000e+03
1.288200000000000000e+04
1.112200000000000000e+04
5.900000000000000000e+03
4.837000000000000000e+03
1.331800000000000000e+04
1.687800000000000000e+04
1.175000000000000000e+04
6.121000000000000000e+03
2.751300000000000000e+04
3.915000000000000000e+03
5.487000000000000000e+03
1.066600000000000000e+04
7.020000000000000000e+03
6.543000000000000000e+03
1.364100000000000000e+04
1.405800000000000000e+04
1.680000000000000000e+04
8.128000000000000000e+03
9.086000000000000000e+03
7.046000000000000000e+03
1.242000000000000000e+04
7.925000000000000000e+03
1.335600000000000000e+04
1.523200000000000000e+04
3.001000000000000000e+03
4.610000000000000000e+03
9.051000000000000000e+03
1.127600000000000000e+04
6.584000000000000000e+03
8.100000000000000000e+03
5.387000000000000000e+03
2.625300000000000000e+04
8.235000000000000000e+03
1.060700000000000000e+04
2.081000000000000000e+04
1.567400000000000000e+04
3.856000000000000000e+03
5.682000000000000000e+03
1.511600000000000000e+04
1.158600000000000000e+04
6.227000000000000000e+03
9.108000000000000000e+03
2.182300000000000000e+04
2.773700000000000000e+04
1.061600000000000000e+04
9.095000000000000000e+03
1.754700000000000000e+04
2.602300000000000000e+04
7.183000000000000000e+03
9.493000000000000000e+03
1.498600000000000000e+04
4.477100000000000000e+04
5.822000000000000000e+03
2.924000000000000000e+03
1.741900000000000000e+04
7.384000000000000000e+03
1.146400000000000000e+04
8.212000000000000000e+03
3.555000000000000000e+03
8.135000000000000000e+03
1.735800000000000000e+04
5.297000000000000000e+03
4.336000000000000000e+03
7.073000000000000000e+03
1.193000000000000000e+04
1.318900000000000000e+04
8.033000000000000000e+03
5.925000000000000000e+03
6.052000000000000000e+03
1.082100000000000000e+04
3.726000000000000000e+03
3.322900000000000000e+04
4.400100000000000000e+04
9.514000000000000000e+03
1.641600000000000000e+04
3.496000000000000000e+03
9.473000000000000000e+03
1.089000000000000000e+04
2.116200000000000000e+04
8.181000000000000000e+03
9.259000000000000000e+03
6.698000000000000000e+03
1.270400000000000000e+04
9.418000000000000000e+03
2.837400000000000000e+04
1.517000000000000000e+04
1.586400000000000000e+04
5.152000000000000000e+03
9.211000000000000000e+03
7.900000000000000000e+03
5.480000000000000000e+03
8.688000000000000000e+03
5.095000000000000000e+03
1.240700000000000000e+04
1.134900000000000000e+04
7.973000000000000000e+03
2.182000000000000000e+03
7.133000000000000000e+03
1.573400000000000000e+04
5.065000000000000000e+03
6.045000000000000000e+03
2.787000000000000000e+03
7.750000000000000000e+03
7.220000000000000000e+03
6.210000000000000000e+03
1.425300000000000000e+04
3.940900000000000000e+04
1.049800000000000000e+04
5.189000000000000000e+03
1.867300000000000000e+04
1.007200000000000000e+04
1.422200000000000000e+04
6.364000000000000000e+03
2.021400000000000000e+04
7.728000000000000000e+03
1.917800000000000000e+04
1.097200000000000000e+04
7.325000000000000000e+03
9.461000000000000000e+03
3.506500000000000000e+04
1.706900000000000000e+04
2.208000000000000000e+04
1.813700000000000000e+04
2.583700000000000000e+04
9.776000000000000000e+03
1.000300000000000000e+04
1.602200000000000000e+04
1.971200000000000000e+04
6.153000000000000000e+03
7.351000000000000000e+03
1.033200000000000000e+04
7.457000000000000000e+03
2.783000000000000000e+03
8.420000000000000000e+03
1.344100000000000000e+04
5.313000000000000000e+03
1.652900000000000000e+04
2.475000000000000000e+03
2.268600000000000000e+04
4.666000000000000000e+03
5.999000000000000000e+03
2.871000000000000000e+03
1.190600000000000000e+04
9.873000000000000000e+03
6.311000000000000000e+03
1.116400000000000000e+04
5.882000000000000000e+03
9.727000000000000000e+03
9.311000000000000000e+03
1.736700000000000000e+04
5.433000000000000000e+03
6.996000000000000000e+03
1.847900000000000000e+04
1.301300000000000000e+04
5.379000000000000000e+03
1.522100000000000000e+04
4.997000000000000000e+03
9.313000000000000000e+03
1.091100000000000000e+04
4.631000000000000000e+03
1.888100000000000000e+04
2.742000000000000000e+04
1.952500000000000000e+04
7.901000000000000000e+03
5.262700000000000000e+04
1.108300000000000000e+04
2.256700000000000000e+04
1.509400000000000000e+04
7.271000000000000000e+03
9.324000000000000000e+03
1.288100000000000000e+04
6.394000000000000000e+03
1.328000000000000000e+04
5.787000000000000000e+03
2.784400000000000000e+04
6.022000000000000000e+03
1.170900000000000000e+04
8.995000000000000000e+03
4.727000000000000000e+03
7.495000000000000000e+03
4.450000000000000000e+03
2.632400000000000000e+04
2.345000000000000000e+03
2.799400000000000000e+04
3.918900000000000000e+04
2.364000000000000000e+04
8.342000000000000000e+03
1.718900000000000000e+04
6.218000000000000000e+03
7.062000000000000000e+03
9.175000000000000000e+03
1.643000000000000000e+04
6.915000000000000000e+03
3.671000000000000000e+03
1.925200000000000000e+04
1.097300000000000000e+04
4.126000000000000000e+03
1.146200000000000000e+04
7.284000000000000000e+03
6.622000000000000000e+03
5.919000000000000000e+03
2.883000000000000000e+04
2.302100000000000000e+04
1.159500000000000000e+04
3.909000000000000000e+03
2.272200000000000000e+04
2.706800000000000000e+04
2.227300000000000000e+04
1.705800000000000000e+04
7.945000000000000000e+03
1.456300000000000000e+04
1.490400000000000000e+04
5.895000000000000000e+03
1.415300000000000000e+04
5.855000000000000000e+03
6.233000000000000000e+03
8.574000000000000000e+03
1.361300000000000000e+04
6.372000000000000000e+03
6.235000000000000000e+03
5.352000000000000000e+03
1.201600000000000000e+04
1.068300000000000000e+04
1.090400000000000000e+04
1.335600000000000000e+04
1.505300000000000000e+04
6.642200000000000000e+04
1.773000000000000000e+03
1.195300000000000000e+04
1.836600000000000000e+04
5.003000000000000000e+03
1.468600000000000000e+04
6.655000000000000000e+03
8.094000000000000000e+03
2.621200000000000000e+04
1.932300000000000000e+04
1.264100000000000000e+04
5.882000000000000000e+03
1.576500000000000000e+04
1.914200000000000000e+04
2.031300000000000000e+04
4.686000000000000000e+03
1.679700000000000000e+04
1.119800000000000000e+04
4.366000000000000000e+03
2.758800000000000000e+04
8.678000000000000000e+03
3.158300000000000000e+04
2.247800000000000000e+04
2.251000000000000000e+04
6.218000000000000000e+03
1.310500000000000000e+04
1.953700000000000000e+04
1.716400000000000000e+04
1.252200000000000000e+04
2.251000000000000000e+04
1.753600000000000000e+04
1.361900000000000000e+04
6.193000000000000000e+03
3.223000000000000000e+03
3.223500000000000000e+04
9.214000000000000000e+03
2.264200000000000000e+04
7.267000000000000000e+03
1.057600000000000000e+04
2.250400000000000000e+04
5.473000000000000000e+03
5.197600000000000000e+04
1.509900000000000000e+04
1.980900000000000000e+04
9.708000000000000000e+03
1.104100000000000000e+04
3.222000000000000000e+03
3.919000000000000000e+03
8.543000000000000000e+03
7.755000000000000000e+03
6.541000000000000000e+03
7.491000000000000000e+03
1.228200000000000000e+04
1.015900000000000000e+04
2.851200000000000000e+04
1.899800000000000000e+04
1.087800000000000000e+04
1.022300000000000000e+04
1.038000000000000000e+04
4.599000000000000000e+03
7.148000000000000000e+03
8.804000000000000000e+03
1.403200000000000000e+04
4.971000000000000000e+03
1.377500000000000000e+04
1.137800000000000000e+04
5.210000000000000000e+03
2.097800000000000000e+04
2.344800000000000000e+04
3.368000000000000000e+03
1.106400000000000000e+04
2.034200000000000000e+04
1.810500000000000000e+04
1.202100000000000000e+04
2.725800000000000000e+04
6.807000000000000000e+03
4.797000000000000000e+03
1.060900000000000000e+04
2.580000000000000000e+04
6.795000000000000000e+03
7.552000000000000000e+03
2.578000000000000000e+03
1.249200000000000000e+04
1.255900000000000000e+04
1.986000000000000000e+03
9.524000000000000000e+03
7.029000000000000000e+03
9.833000000000000000e+03
1.062500000000000000e+04
4.954000000000000000e+03
1.136100000000000000e+04
3.631800000000000000e+04
1.048800000000000000e+04
1.482100000000000000e+04
1.542000000000000000e+04
7.396000000000000000e+03
1.596900000000000000e+04
9.824000000000000000e+03
6.961000000000000000e+03
9.023000000000000000e+03
7.662000000000000000e+03
6.001000000000000000e+03
7.139000000000000000e+03
1.030200000000000000e+04
1.985000000000000000e+04
4.458000000000000000e+03
7.440000000000000000e+03
5.009000000000000000e+03
1.251500000000000000e+04
4.724600000000000000e+04
4.801000000000000000e+03
3.179900000000000000e+04
1.219500000000000000e+04
1.372900000000000000e+04
1.014000000000000000e+04
2.807900000000000000e+04
9.596000000000000000e+03
1.025700000000000000e+04
3.637000000000000000e+03
1.243400000000000000e+04
6.363900000000000000e+04
2.764900000000000000e+04
9.981000000000000000e+03
1.851500000000000000e+04
1.422600000000000000e+04
2.101300000000000000e+04
6.835000000000000000e+03
5.861900000000000000e+04
9.106000000000000000e+03
5.239000000000000000e+03
1.491400000000000000e+04
2.054000000000000000e+04
3.900000000000000000e+03
5.632000000000000000e+03
1.808900000000000000e+04
1.552100000000000000e+04
2.643400000000000000e+04
4.627800000000000000e+04
2.468100000000000000e+04
9.669000000000000000e+03
4.859000000000000000e+03
1.233700000000000000e+04
9.795000000000000000e+03
4.189600000000000000e+04
1.982200000000000000e+04
4.203000000000000000e+03
4.653000000000000000e+03
2.840600000000000000e+04
1.272400000000000000e+04
7.176000000000000000e+03
5.061000000000000000e+03
1.560000000000000000e+04
2.698500000000000000e+04
7.199000000000000000e+03
1.140000000000000000e+04
1.976200000000000000e+04
3.240800000000000000e+04
1.389900000000000000e+04
9.152000000000000000e+03
9.498000000000000000e+03
6.037000000000000000e+03
1.793700000000000000e+04
9.764000000000000000e+03
3.738000000000000000e+03
3.784000000000000000e+03
4.182000000000000000e+03
1.483000000000000000e+03
1.062500000000000000e+04
4.733000000000000000e+03
9.379000000000000000e+03
8.732000000000000000e+03
1.140100000000000000e+04
2.137900000000000000e+04
1.944300000000000000e+04
6.390000000000000000e+03
4.554000000000000000e+03
4.693000000000000000e+03
1.086100000000000000e+04
5.873000000000000000e+03
5.763000000000000000e+03
2.856300000000000000e+04
1.856100000000000000e+04
1.481200000000000000e+04
2.130400000000000000e+04
1.927800000000000000e+04
5.646000000000000000e+03
2.607000000000000000e+03
3.129000000000000000e+04
2.879100000000000000e+04
7.142000000000000000e+03
1.316000000000000000e+04
5.407000000000000000e+03
7.651000000000000000e+03
7.594000000000000000e+03
2.673000000000000000e+03
7.659000000000000000e+03
1.033000000000000000e+04
5.166000000000000000e+03
7.761000000000000000e+03
7.030000000000000000e+03
1.591400000000000000e+04
5.516000000000000000e+03
1.636200000000000000e+04
3.552400000000000000e+04
1.298800000000000000e+04
1.590700000000000000e+04
2.517900000000000000e+04
1.343000000000000000e+04
3.777000000000000000e+03
6.490000000000000000e+03
8.010000000000000000e+03
8.869000000000000000e+03
4.755000000000000000e+04
9.210000000000000000e+03
3.557500000000000000e+04
2.988400000000000000e+04
1.372600000000000000e+04
1.834100000000000000e+04
1.013800000000000000e+04
6.763000000000000000e+03
5.335000000000000000e+03
1.107800000000000000e+04
1.367400000000000000e+04
1.976200000000000000e+04
1.358900000000000000e+04
2.440500000000000000e+04
6.823000000000000000e+03
6.026000000000000000e+03
7.274000000000000000e+03
1.585300000000000000e+04
7.931000000000000000e+03
1.020800000000000000e+04
2.757500000000000000e+04
2.507000000000000000e+03
6.294000000000000000e+03
6.116000000000000000e+03
6.391000000000000000e+03
1.515600000000000000e+04
3.585600000000000000e+04
7.033000000000000000e+03
3.831400000000000000e+04
2.214300000000000000e+04
2.757000000000000000e+03
2.035000000000000000e+04
1.139600000000000000e+04
3.009500000000000000e+04
2.216800000000000000e+04
1.640300000000000000e+04
6.217000000000000000e+03
3.003500000000000000e+04
1.524000000000000000e+03
9.519000000000000000e+03
1.131700000000000000e+04
6.009000000000000000e+03
2.400300000000000000e+04
7.552000000000000000e+03
5.535000000000000000e+03
3.987000000000000000e+03
1.094100000000000000e+04
1.539600000000000000e+04
1.884600000000000000e+04
6.207000000000000000e+03
1.056900000000000000e+04
3.866300000000000000e+04
1.221100000000000000e+04
1.655400000000000000e+04
5.944000000000000000e+03
3.816000000000000000e+03
7.755000000000000000e+03
1.431200000000000000e+04
3.186600000000000000e+04
7.492000000000000000e+03
4.630000000000000000e+03
1.352900000000000000e+04
9.041000000000000000e+03
1.845200000000000000e+04
2.219000000000000000e+03
6.430000000000000000e+03
6.085000000000000000e+03
3.507000000000000000e+03
2.758200000000000000e+04
3.705000000000000000e+03
6.408000000000000000e+04
1.118200000000000000e+04
4.680600000000000000e+04
3.118000000000000000e+03
8.439000000000000000e+03
1.444000000000000000e+04
2.145500000000000000e+04
1.397300000000000000e+04
3.616100000000000000e+04
2.604000000000000000e+03
4.898000000000000000e+03
1.674200000000000000e+04
2.179400000000000000e+04
6.206000000000000000e+03
2.629500000000000000e+04
5.309000000000000000e+03
5.623000000000000000e+03
7.581000000000000000e+03
1.390900000000000000e+04
2.993900000000000000e+04
7.815000000000000000e+03
2.067000000000000000e+03
1.798700000000000000e+04
3.050000000000000000e+03
3.069000000000000000e+03
2.210000000000000000e+04
2.893500000000000000e+04
2.567000000000000000e+03
9.757000000000000000e+03
9.839000000000000000e+03
2.409400000000000000e+04
4.793500000000000000e+04
2.205700000000000000e+04
1.198300000000000000e+04
7.518000000000000000e+03
5.289000000000000000e+03
5.887000000000000000e+03
8.771000000000000000e+03
8.583000000000000000e+03
6.611000000000000000e+03
2.404000000000000000e+03
1.129900000000000000e+04
2.328300000000000000e+04
4.964000000000000000e+03
1.555000000000000000e+03
1.019300000000000000e+04
4.792000000000000000e+03
2.724200000000000000e+04
7.190000000000000000e+03
2.714700000000000000e+04
1.608900000000000000e+04
1.675500000000000000e+04
5.155000000000000000e+03
1.422100000000000000e+04
1.294700000000000000e+04
5.546000000000000000e+03
1.331800000000000000e+04
1.121500000000000000e+04
6.546000000000000000e+03
3.663000000000000000e+03
1.027700000000000000e+04
1.314700000000000000e+04
6.246000000000000000e+03
9.918000000000000000e+03
3.737000000000000000e+03
6.929000000000000000e+03
3.340000000000000000e+03
2.220700000000000000e+04
9.403000000000000000e+03
3.310800000000000000e+04
4.269000000000000000e+03
2.063100000000000000e+04
7.065000000000000000e+03
9.359000000000000000e+03
8.155000000000000000e+03
2.256100000000000000e+04
8.763000000000000000e+03
9.477000000000000000e+03
4.665000000000000000e+03
1.897100000000000000e+04
4.802000000000000000e+03
2.253700000000000000e+04
1.952300000000000000e+04
4.420000000000000000e+03
2.489500000000000000e+04
7.418000000000000000e+03
6.677000000000000000e+03
6.965000000000000000e+03
1.935000000000000000e+04
2.255500000000000000e+04
2.318000000000000000e+04
1.699900000000000000e+04
1.582400000000000000e+04
1.929500000000000000e+04
2.416100000000000000e+04
1.289000000000000000e+04
1.487500000000000000e+04
8.068000000000000000e+03
2.001000000000000000e+03
7.211000000000000000e+03
6.380000000000000000e+03
4.404900000000000000e+04
1.218800000000000000e+04
5.786600000000000000e+04
1.032100000000000000e+04
2.192200000000000000e+04
1.525900000000000000e+04
2.729900000000000000e+04
8.357000000000000000e+03
1.729100000000000000e+04
1.169300000000000000e+04
8.283000000000000000e+03
5.395600000000000000e+04
5.720000000000000000e+03
1.711700000000000000e+04
6.061000000000000000e+03
5.931000000000000000e+03
3.328800000000000000e+04
7.938000000000000000e+03
9.602000000000000000e+03
1.407000000000000000e+04
2.904900000000000000e+04
1.205000000000000000e+04
3.090000000000000000e+03
1.250200000000000000e+04
1.000900000000000000e+04
1.815500000000000000e+04
5.271000000000000000e+03
7.835000000000000000e+03
1.362300000000000000e+04
1.279400000000000000e+04
2.234000000000000000e+03
9.908000000000000000e+03
1.858600000000000000e+04
1.187200000000000000e+04
3.826600000000000000e+04
1.411900000000000000e+04
3.692000000000000000e+03
4.637700000000000000e+04
5.961000000000000000e+03
7.543000000000000000e+03
1.265200000000000000e+04
1.707300000000000000e+04
5.493000000000000000e+03
1.816700000000000000e+04
1.830700000000000000e+04
3.139000000000000000e+03
9.737000000000000000e+03
7.339000000000000000e+03
1.513000000000000000e+03
5.078000000000000000e+03
8.668000000000000000e+03
1.951200000000000000e+04
7.802000000000000000e+03
5.521000000000000000e+03
8.909000000000000000e+03
3.068200000000000000e+04
1.069700000000000000e+04
4.594000000000000000e+03
3.759400000000000000e+04
5.330300000000000000e+04
5.358000000000000000e+03
2.420800000000000000e+04
3.372000000000000000e+03
4.946000000000000000e+03
1.806400000000000000e+04
2.402500000000000000e+04
1.671500000000000000e+04
1.557700000000000000e+04
1.330500000000000000e+04
2.356700000000000000e+04
1.271500000000000000e+04
1.346000000000000000e+04
4.489000000000000000e+03
8.837000000000000000e+03
6.209000000000000000e+03
1.208000000000000000e+04
6.676000000000000000e+03
9.622000000000000000e+03
1.158100000000000000e+04
3.629000000000000000e+03
1.575000000000000000e+03
3.242000000000000000e+03
1.984800000000000000e+04
4.258000000000000000e+03
6.984000000000000000e+03
1.792100000000000000e+04
1.347100000000000000e+04
8.899000000000000000e+03
2.597000000000000000e+03
1.286800000000000000e+04
4.715000000000000000e+03
1.226500000000000000e+04
2.280700000000000000e+04
1.042480000000000000e+05
4.884000000000000000e+03
1.976200000000000000e+04
6.056000000000000000e+03
7.729000000000000000e+03
1.877200000000000000e+04
2.242400000000000000e+04
6.806000000000000000e+03
5.124000000000000000e+03
1.339600000000000000e+04
1.468300000000000000e+04
7.721000000000000000e+03
4.360500000000000000e+04
6.293000000000000000e+03
1.682900000000000000e+04
7.809000000000000000e+03
3.681700000000000000e+04
2.852000000000000000e+03
5.394000000000000000e+03
9.552000000000000000e+03
1.059400000000000000e+04
6.650000000000000000e+03
2.687000000000000000e+03
5.531000000000000000e+03
1.179500000000000000e+04
4.452900000000000000e+04
2.163000000000000000e+03
1.881000000000000000e+03
9.433000000000000000e+03
3.983000000000000000e+03
6.592000000000000000e+03
8.309000000000000000e+03
4.503000000000000000e+03
7.310000000000000000e+03
2.744000000000000000e+03
1.895300000000000000e+04
1.250700000000000000e+04
1.377200000000000000e+04
2.605800000000000000e+04
1.858600000000000000e+04
1.562000000000000000e+04
1.101500000000000000e+04
1.193100000000000000e+04
1.417000000000000000e+03
1.553100000000000000e+04
2.856500000000000000e+04
1.400000000000000000e+04
2.867600000000000000e+04
8.664000000000000000e+03
1.286800000000000000e+04
1.527700000000000000e+04
5.057000000000000000e+03
1.752300000000000000e+04
3.140000000000000000e+03
7.680000000000000000e+03
3.244300000000000000e+04
2.763300000000000000e+04
9.708000000000000000e+03
3.725000000000000000e+03
9.370000000000000000e+03
1.054840000000000000e+05
9.286000000000000000e+03
2.075900000000000000e+04
2.827000000000000000e+03
3.422900000000000000e+04
1.260700000000000000e+04
1.244900000000000000e+04
8.691000000000000000e+03
1.275200000000000000e+04
3.393000000000000000e+03
8.519000000000000000e+03
1.480600000000000000e+04
3.518600000000000000e+04
4.245000000000000000e+03
4.606700000000000000e+04
3.248000000000000000e+03
4.407000000000000000e+03
1.147700000000000000e+04
8.068000000000000000e+03
8.785000000000000000e+03
3.634000000000000000e+04
9.642000000000000000e+03
8.725000000000000000e+03
9.393000000000000000e+03
6.539700000000000000e+04
1.665900000000000000e+04
4.890000000000000000e+03
9.127000000000000000e+03
3.260900000000000000e+04
2.017000000000000000e+04
2.674900000000000000e+04
3.873000000000000000e+04
6.065000000000000000e+03
8.457000000000000000e+03
6.768000000000000000e+03
3.158100000000000000e+04
1.062900000000000000e+04
5.051000000000000000e+03
2.373000000000000000e+03
7.664000000000000000e+03
1.876000000000000000e+04
6.357000000000000000e+03
3.395700000000000000e+04
6.378000000000000000e+03
1.168600000000000000e+04
1.957000000000000000e+03
8.722000000000000000e+03
2.351000000000000000e+03
4.231600000000000000e+04
3.106000000000000000e+03
1.915500000000000000e+04
3.748000000000000000e+03
1.061300000000000000e+04
1.554300000000000000e+04
1.220700000000000000e+04
5.298000000000000000e+03
2.845000000000000000e+03
1.890000000000000000e+03
6.072000000000000000e+03
3.614000000000000000e+03
3.731000000000000000e+03
6.397000000000000000e+03
2.108400000000000000e+04
6.675000000000000000e+03
2.899000000000000000e+03
7.326000000000000000e+03
1.625500000000000000e+04
9.737000000000000000e+03
7.236000000000000000e+03
1.611800000000000000e+04
1.223800000000000000e+04
4.194600000000000000e+04
7.231000000000000000e+03
1.514800000000000000e+04
4.670000000000000000e+03
3.928300000000000000e+04
2.021400000000000000e+04
9.148000000000000000e+03
4.645000000000000000e+03
2.328200000000000000e+04
2.677000000000000000e+03
1.067400000000000000e+04
2.169000000000000000e+03
6.091000000000000000e+03
4.152000000000000000e+03
2.304100000000000000e+04
1.930500000000000000e+04
7.969000000000000000e+03
1.550000000000000000e+04
6.748300000000000000e+04
8.012000000000000000e+03
5.346000000000000000e+03
1.302700000000000000e+04
3.320000000000000000e+03
7.037000000000000000e+03
2.189000000000000000e+03
1.045900000000000000e+04
3.593000000000000000e+04
5.048000000000000000e+03
3.906000000000000000e+03
7.576000000000000000e+03
2.896200000000000000e+04
7.778000000000000000e+03
7.547000000000000000e+03
2.573900000000000000e+04
2.160000000000000000e+04
5.685000000000000000e+03
1.993000000000000000e+04
1.659200000000000000e+04
2.925000000000000000e+03
2.319400000000000000e+04
7.609000000000000000e+03
1.142800000000000000e+04
6.308000000000000000e+03
1.767800000000000000e+04
1.487300000000000000e+04
7.372000000000000000e+03
2.445000000000000000e+03
3.837000000000000000e+03
5.454000000000000000e+03
2.623000000000000000e+03
1.928000000000000000e+03
8.842000000000000000e+03
1.335400000000000000e+04
3.141000000000000000e+03
1.277200000000000000e+04
1.895400000000000000e+04
7.938000000000000000e+03
1.779000000000000000e+03
2.748000000000000000e+03
9.106000000000000000e+03
5.535000000000000000e+03
7.286000000000000000e+03
1.337300000000000000e+04
2.559000000000000000e+04
1.130800000000000000e+04
1.212700000000000000e+04
1.033700000000000000e+04
1.010000000000000000e+04
6.999000000000000000e+03
6.053000000000000000e+03
2.972800000000000000e+04
9.044000000000000000e+03
1.230600000000000000e+04
4.749000000000000000e+03
2.562000000000000000e+03
4.188700000000000000e+04
6.791000000000000000e+03
5.968000000000000000e+03
2.819600000000000000e+04
1.190900000000000000e+04
1.910200000000000000e+04
4.260000000000000000e+04
1.090200000000000000e+04
1.474400000000000000e+04
1.164900000000000000e+04
3.526000000000000000e+03
3.336000000000000000e+03
9.846000000000000000e+03
1.562600000000000000e+04
4.324000000000000000e+03
2.923000000000000000e+04
4.376000000000000000e+04
6.107000000000000000e+03
1.228100000000000000e+04
4.543000000000000000e+03
1.016100000000000000e+04
1.057500000000000000e+04
9.118000000000000000e+03
1.282900000000000000e+04
1.134700000000000000e+04
7.859000000000000000e+03
6.124000000000000000e+03
8.433000000000000000e+03
5.371300000000000000e+04
6.192000000000000000e+03
2.298600000000000000e+04
9.071000000000000000e+03
4.727000000000000000e+03
5.671000000000000000e+03
1.332800000000000000e+04
4.587000000000000000e+03
2.475000000000000000e+03
3.607000000000000000e+03
1.447900000000000000e+04
1.194300000000000000e+04
3.006000000000000000e+03
1.455000000000000000e+03
1.625500000000000000e+04
1.196800000000000000e+04
1.799000000000000000e+03
5.014000000000000000e+03
1.942800000000000000e+04
7.716000000000000000e+03
1.284100000000000000e+04
2.049200000000000000e+04
1.178900000000000000e+04
3.688000000000000000e+03
2.266000000000000000e+03
3.117000000000000000e+03
1.848600000000000000e+04
1.314900000000000000e+04
1.211600000000000000e+04
3.101000000000000000e+03
5.667000000000000000e+03
3.884000000000000000e+03
9.770000000000000000e+03
3.034000000000000000e+03
9.155000000000000000e+03
1.836500000000000000e+04
9.423000000000000000e+03
8.085000000000000000e+03
3.244000000000000000e+03
1.571800000000000000e+04
1.051000000000000000e+04
5.823000000000000000e+03
5.373100000000000000e+04
2.777000000000000000e+03
5.849000000000000000e+03
1.181800000000000000e+04
8.845000000000000000e+03
1.678900000000000000e+04
9.629000000000000000e+03
1.764400000000000000e+04
6.039000000000000000e+03
8.360000000000000000e+03
7.216000000000000000e+03
4.021000000000000000e+03
3.410000000000000000e+03
1.296300000000000000e+04
1.352000000000000000e+04
2.537100000000000000e+04
5.141000000000000000e+03
4.781000000000000000e+03
4.352000000000000000e+03
5.463000000000000000e+03
8.571000000000000000e+03
4.806500000000000000e+04
8.058000000000000000e+03
2.570000000000000000e+03
9.586000000000000000e+03
1.456500000000000000e+04
4.528000000000000000e+03
1.236300000000000000e+04
3.590000000000000000e+03
7.180000000000000000e+03
7.066000000000000000e+03
7.373000000000000000e+03
1.864200000000000000e+04
1.597700000000000000e+04
7.564000000000000000e+03
2.499900000000000000e+04
1.288000000000000000e+04
3.287000000000000000e+03
1.231600000000000000e+04
3.457800000000000000e+04
2.980300000000000000e+04
1.073600000000000000e+04
1.541900000000000000e+04
5.447000000000000000e+03
3.231200000000000000e+04
1.305200000000000000e+04
1.323000000000000000e+03
1.233100000000000000e+04
4.366000000000000000e+03
1.179100000000000000e+04
1.872300000000000000e+04
1.242300000000000000e+04
4.577500000000000000e+04
1.193800000000000000e+04
6.753000000000000000e+03
2.363900000000000000e+04
1.919200000000000000e+04
4.841000000000000000e+03
2.142000000000000000e+03
7.627000000000000000e+03
7.198000000000000000e+03
2.499100000000000000e+04
3.106000000000000000e+03
1.009500000000000000e+04
1.057600000000000000e+04
4.204200000000000000e+04
5.784000000000000000e+03
5.195000000000000000e+03
5.961000000000000000e+03
1.371500000000000000e+04
1.360900000000000000e+04
6.040000000000000000e+03
3.963000000000000000e+03
2.683600000000000000e+04
8.968000000000000000e+03
9.367000000000000000e+03
2.009000000000000000e+03
8.343000000000000000e+03
4.289000000000000000e+03
2.084900000000000000e+04
1.499300000000000000e+04
9.153000000000000000e+03
3.173000000000000000e+03
1.502900000000000000e+04
3.361200000000000000e+04
3.190000000000000000e+03
6.582000000000000000e+03
4.185000000000000000e+03
1.705500000000000000e+04
1.488400000000000000e+04
1.433000000000000000e+03
1.072900000000000000e+04
1.297200000000000000e+04
3.689000000000000000e+03
1.414400000000000000e+04
2.979700000000000000e+04
6.375800000000000000e+04
5.053000000000000000e+03
1.406800000000000000e+04
1.242400000000000000e+04
2.079200000000000000e+04
2.035000000000000000e+03
5.665000000000000000e+03
1.272700000000000000e+04
4.958000000000000000e+03
1.284900000000000000e+04
9.182000000000000000e+03
7.526000000000000000e+03
5.080000000000000000e+03
1.389600000000000000e+04
1.201800000000000000e+04
1.983000000000000000e+03
1.140400000000000000e+04
1.938900000000000000e+04
2.760900000000000000e+04
3.111000000000000000e+03
1.184500000000000000e+04
1.653200000000000000e+04
1.021900000000000000e+04
3.473400000000000000e+04
9.100000000000000000e+03
8.270000000000000000e+03
1.855900000000000000e+04
1.210000000000000000e+03
1.516600000000000000e+04
4.555000000000000000e+03
4.725100000000000000e+04
1.563200000000000000e+04
3.209500000000000000e+04
2.200700000000000000e+04
7.480000000000000000e+03
6.293000000000000000e+03
2.356300000000000000e+04
2.708000000000000000e+03
9.452000000000000000e+03
8.103000000000000000e+03
8.219000000000000000e+03
9.140000000000000000e+03
1.578100000000000000e+04
4.509000000000000000e+03
2.944000000000000000e+03
8.327300000000000000e+04
8.360000000000000000e+03
5.278000000000000000e+03
1.369800000000000000e+04
2.249000000000000000e+03
8.175000000000000000e+03
3.490000000000000000e+03
6.294000000000000000e+03
4.090000000000000000e+03
9.816000000000000000e+03
4.782000000000000000e+03
2.454000000000000000e+03
1.226900000000000000e+04
6.574000000000000000e+03
1.620600000000000000e+04
4.454400000000000000e+04
2.129100000000000000e+04
2.788000000000000000e+03
5.903200000000000000e+04
1.442200000000000000e+04
1.193600000000000000e+04
7.867000000000000000e+03
1.072500000000000000e+04
4.880000000000000000e+03
1.054200000000000000e+04
4.685500000000000000e+04
2.819100000000000000e+04
1.595000000000000000e+03
6.016000000000000000e+03
1.874000000000000000e+03
4.836000000000000000e+03
2.399700000000000000e+04
1.149000000000000000e+04
1.572000000000000000e+03
3.939000000000000000e+03
1.489400000000000000e+04
2.601400000000000000e+04
1.085000000000000000e+04
1.154200000000000000e+04
4.911000000000000000e+03
3.014000000000000000e+03
8.591000000000000000e+03
1.972000000000000000e+03
8.271000000000000000e+03
4.281000000000000000e+03
5.879000000000000000e+03
1.374800000000000000e+04
5.654000000000000000e+03
1.693700000000000000e+04
1.949000000000000000e+03
4.620000000000000000e+03
3.195100000000000000e+04
3.373400000000000000e+04
1.389000000000000000e+03
4.349000000000000000e+03
1.197700000000000000e+04
5.134000000000000000e+03
2.190000000000000000e+04
4.418000000000000000e+03
2.890000000000000000e+03
1.278000000000000000e+03
1.266200000000000000e+04
3.465000000000000000e+03
2.064800000000000000e+04
2.196000000000000000e+03
2.560000000000000000e+03
4.765000000000000000e+03
2.222400000000000000e+04
2.861000000000000000e+03
1.774400000000000000e+04
2.983000000000000000e+03
9.069000000000000000e+03
7.159000000000000000e+03
3.214000000000000000e+03
3.412000000000000000e+03
3.311000000000000000e+03
1.551400000000000000e+04
5.176000000000000000e+03
5.332000000000000000e+03
1.335100000000000000e+04
1.192000000000000000e+03
4.462000000000000000e+03
6.945000000000000000e+03
1.532000000000000000e+04
1.546100000000000000e+04
1.396100000000000000e+04
8.664000000000000000e+03
2.914900000000000000e+04
3.392200000000000000e+04
7.245000000000000000e+03
1.054600000000000000e+04
8.704000000000000000e+03
5.271900000000000000e+04
1.085000000000000000e+04
4.988000000000000000e+03
2.324600000000000000e+04
6.019000000000000000e+03
5.289000000000000000e+03
7.067000000000000000e+03
6.427000000000000000e+03
5.313000000000000000e+03
1.479000000000000000e+03
4.783000000000000000e+03
2.153400000000000000e+04
1.241200000000000000e+04
9.132000000000000000e+03
4.559000000000000000e+03
6.519000000000000000e+03
3.765000000000000000e+03
8.581000000000000000e+03
5.936000000000000000e+03
5.643000000000000000e+03
2.077000000000000000e+03
5.620000000000000000e+03
9.860000000000000000e+03
4.333000000000000000e+03
3.166000000000000000e+03
2.980000000000000000e+03
4.259200000000000000e+04
2.344700000000000000e+04
9.074000000000000000e+03
4.357000000000000000e+04
4.916000000000000000e+03
8.112000000000000000e+03
2.348800000000000000e+04
7.013000000000000000e+03
1.170500000000000000e+04
2.862000000000000000e+03
4.543100000000000000e+04
8.854000000000000000e+03
7.786700000000000000e+04
8.043000000000000000e+03
9.298000000000000000e+03
1.251500000000000000e+04
2.554000000000000000e+03
4.667000000000000000e+03
2.603900000000000000e+04
3.743700000000000000e+04
2.577200000000000000e+04
3.646000000000000000e+03
1.218500000000000000e+04
2.879000000000000000e+03
4.996000000000000000e+03
6.607000000000000000e+03
1.983000000000000000e+03
1.487200000000000000e+04
1.037900000000000000e+04
4.982300000000000000e+04
7.940000000000000000e+03
4.165000000000000000e+03
2.294100000000000000e+04
2.613000000000000000e+03
2.643000000000000000e+03
5.466000000000000000e+03
8.950000000000000000e+03
1.975600000000000000e+04
1.658600000000000000e+04
1.002000000000000000e+04
4.141600000000000000e+04
8.772000000000000000e+03
2.441900000000000000e+04
3.519000000000000000e+03
1.231100000000000000e+04
1.061300000000000000e+04
1.440900000000000000e+04
2.601900000000000000e+04
5.906000000000000000e+03
8.602000000000000000e+03
1.021500000000000000e+04
5.850900000000000000e+04
8.053000000000000000e+03
2.997400000000000000e+04
7.599000000000000000e+03
1.284900000000000000e+04
2.503000000000000000e+03
1.425000000000000000e+03
4.938000000000000000e+03
1.298000000000000000e+03
8.025000000000000000e+03
2.059600000000000000e+04
4.493000000000000000e+03
7.317000000000000000e+03
2.506000000000000000e+03
2.857000000000000000e+03
2.792400000000000000e+04
2.473000000000000000e+03
6.615000000000000000e+03
3.891000000000000000e+03
4.311000000000000000e+03
6.042000000000000000e+03
1.039920000000000000e+05
8.361000000000000000e+03
1.015300000000000000e+04
1.031300000000000000e+04
3.086000000000000000e+03
2.151700000000000000e+04
8.317000000000000000e+03
3.070000000000000000e+03
3.650100000000000000e+04
2.200000000000000000e+04
7.013000000000000000e+03
6.068000000000000000e+03
7.055000000000000000e+03
6.840000000000000000e+03
3.616000000000000000e+03
3.895000000000000000e+03
7.482000000000000000e+03
1.396000000000000000e+04
8.361000000000000000e+03
1.551000000000000000e+03
5.007000000000000000e+03
2.162000000000000000e+03
2.079300000000000000e+04
1.034100000000000000e+04
2.656300000000000000e+04
2.958000000000000000e+03
1.630700000000000000e+04
6.525000000000000000e+03
5.076100000000000000e+04
1.591400000000000000e+04
4.392500000000000000e+04
4.593000000000000000e+03
1.367400000000000000e+04
7.075000000000000000e+03
1.595200000000000000e+04
1.331000000000000000e+03
5.070000000000000000e+03
4.348000000000000000e+03
1.405900000000000000e+04
8.423000000000000000e+03
1.995000000000000000e+03
5.191000000000000000e+03
1.268200000000000000e+04
4.438000000000000000e+03
1.884100000000000000e+04
3.215200000000000000e+04
1.269400000000000000e+04
3.632000000000000000e+03
2.122000000000000000e+03
5.470000000000000000e+03
2.061500000000000000e+04
1.482000000000000000e+03
1.684100000000000000e+04
2.382900000000000000e+04
1.222000000000000000e+03
5.000000000000000000e+03
5.096000000000000000e+03
2.134500000000000000e+04
7.945000000000000000e+03
2.200000000000000000e+04
2.968000000000000000e+03
3.716200000000000000e+04
6.169000000000000000e+03
1.285100000000000000e+04
6.880000000000000000e+03
1.054300000000000000e+04
7.501000000000000000e+03
3.225800000000000000e+04
6.500000000000000000e+03
9.560000000000000000e+03
9.941000000000000000e+03
1.198700000000000000e+04
2.341000000000000000e+03
4.533000000000000000e+03
5.837000000000000000e+03
1.695700000000000000e+04
4.735000000000000000e+03
1.045900000000000000e+04
1.220100000000000000e+04
1.402000000000000000e+03
2.745400000000000000e+04
6.964000000000000000e+03
4.201000000000000000e+03
1.296800000000000000e+04
2.472500000000000000e+04
1.171000000000000000e+03
1.752400000000000000e+04
3.187000000000000000e+03
4.761000000000000000e+03
5.292800000000000000e+04
1.786000000000000000e+03
8.274000000000000000e+03
8.924000000000000000e+03
2.619800000000000000e+04
4.953000000000000000e+03
1.586800000000000000e+04
1.929500000000000000e+04
1.791000000000000000e+03
3.264000000000000000e+03
1.799100000000000000e+04
3.129600000000000000e+04
1.945000000000000000e+03
3.314000000000000000e+03
4.864000000000000000e+03
1.655000000000000000e+03
1.717300000000000000e+04
1.673100000000000000e+04
3.141200000000000000e+04
2.609000000000000000e+03
2.524000000000000000e+03
7.070000000000000000e+03
5.878000000000000000e+03
4.331000000000000000e+03
4.255000000000000000e+03
1.342400000000000000e+04
3.555000000000000000e+03
6.600000000000000000e+03
3.326900000000000000e+04
3.407000000000000000e+03
2.690900000000000000e+04
7.519000000000000000e+03
1.902100000000000000e+04
3.699000000000000000e+03
6.202000000000000000e+03
5.501000000000000000e+03
3.863000000000000000e+03
5.637000000000000000e+03
1.937100000000000000e+04
1.214700000000000000e+04
1.061000000000000000e+04
1.229800000000000000e+04
5.091000000000000000e+03
2.886000000000000000e+03
5.217000000000000000e+03
4.658000000000000000e+03
1.992500000000000000e+04
2.219400000000000000e+04
5.502000000000000000e+03
4.755000000000000000e+03
4.367000000000000000e+03
1.098300000000000000e+04
2.388000000000000000e+03
5.455000000000000000e+03
6.198000000000000000e+03
1.454000000000000000e+03
2.131200000000000000e+04
3.123000000000000000e+03
4.313000000000000000e+03
2.322200000000000000e+04
2.292100000000000000e+04
1.119200000000000000e+04
2.059000000000000000e+03
6.730000000000000000e+03
4.793900000000000000e+04
2.780600000000000000e+04
4.256000000000000000e+03
5.980000000000000000e+03
2.746000000000000000e+03
2.457000000000000000e+03
4.056800000000000000e+04
4.380000000000000000e+03
4.574400000000000000e+04
4.955000000000000000e+03
1.051600000000000000e+04
3.967200000000000000e+04
4.988000000000000000e+03
5.838000000000000000e+03
2.914000000000000000e+03
4.933000000000000000e+03
8.804000000000000000e+03
5.369000000000000000e+03
1.406800000000000000e+04
4.421000000000000000e+03
7.259000000000000000e+03
1.335500000000000000e+04
5.909000000000000000e+03
3.740000000000000000e+03
3.014000000000000000e+03
1.490300000000000000e+04
5.240000000000000000e+03
6.085000000000000000e+03
2.247200000000000000e+04
5.798000000000000000e+03
3.293300000000000000e+04
2.073500000000000000e+04
2.257000000000000000e+03
9.718000000000000000e+03
1.005200000000000000e+04
1.093800000000000000e+04
2.933000000000000000e+03
1.216100000000000000e+04
5.005000000000000000e+03
1.040000000000000000e+04
6.007000000000000000e+03
2.255000000000000000e+03
1.061600000000000000e+04
2.135200000000000000e+04
2.065000000000000000e+04
3.815000000000000000e+03
3.382400000000000000e+04
1.859000000000000000e+03
6.254000000000000000e+03
1.187300000000000000e+04
3.329000000000000000e+03
4.730000000000000000e+03
1.089900000000000000e+04
4.226000000000000000e+03
1.535800000000000000e+04
1.382600000000000000e+04
4.155000000000000000e+03
1.585800000000000000e+04
1.449800000000000000e+04
6.694000000000000000e+03
1.806000000000000000e+04
6.319000000000000000e+03
3.190900000000000000e+04
1.076650000000000000e+05
2.776300000000000000e+04
6.597000000000000000e+03
4.201300000000000000e+04
3.965500000000000000e+04
5.840000000000000000e+03
3.988000000000000000e+03
2.165000000000000000e+03
1.361000000000000000e+03
3.081000000000000000e+03
6.418000000000000000e+03
2.406000000000000000e+03
5.354000000000000000e+03
2.715800000000000000e+04
1.235500000000000000e+04
1.173000000000000000e+03
2.721000000000000000e+03
1.737000000000000000e+03
8.523000000000000000e+03
6.135000000000000000e+03
8.499000000000000000e+03
9.781000000000000000e+03
6.260000000000000000e+03
1.285500000000000000e+04
7.796000000000000000e+03
1.940200000000000000e+04
2.068100000000000000e+04
2.116000000000000000e+03
3.474000000000000000e+03
1.301400000000000000e+04
2.267200000000000000e+04
2.178700000000000000e+04
2.732700000000000000e+04
6.123000000000000000e+03
5.262000000000000000e+03
9.809000000000000000e+03
2.728000000000000000e+03
4.629000000000000000e+03
7.312000000000000000e+03
3.475000000000000000e+03
1.432200000000000000e+04
1.193300000000000000e+04
2.468000000000000000e+03
3.423000000000000000e+03
7.200000000000000000e+03
3.801000000000000000e+03
1.425800000000000000e+04
3.001000000000000000e+03
1.689000000000000000e+03
1.415500000000000000e+04
3.202000000000000000e+03
5.737000000000000000e+03
8.466000000000000000e+03
6.947000000000000000e+03
1.164700000000000000e+04
1.341900000000000000e+04
3.837000000000000000e+03
1.044600000000000000e+04
1.352100000000000000e+04
1.071500000000000000e+04
5.031000000000000000e+03
1.347880000000000000e+05
3.603000000000000000e+03
1.406300000000000000e+04
2.295700000000000000e+04
6.203100000000000000e+04
1.793500000000000000e+04
5.312000000000000000e+03
4.761000000000000000e+03
1.471200000000000000e+04
3.363700000000000000e+04
1.537300000000000000e+04
2.605000000000000000e+03
4.062000000000000000e+03
1.505500000000000000e+04
2.417900000000000000e+04
3.732000000000000000e+03
5.131000000000000000e+03
7.700000000000000000e+03
1.388700000000000000e+04
4.687000000000000000e+03
5.626000000000000000e+03
1.141000000000000000e+03
1.545300000000000000e+04
2.010000000000000000e+03
1.107000000000000000e+03
1.371000000000000000e+03
1.963000000000000000e+03
2.892000000000000000e+03
3.959000000000000000e+03
4.469800000000000000e+04
6.195000000000000000e+03
4.078000000000000000e+03
1.673300000000000000e+04
6.315000000000000000e+03
1.148700000000000000e+04
3.868000000000000000e+03
5.828000000000000000e+03
6.603000000000000000e+03
6.889000000000000000e+03
4.645000000000000000e+03
4.232000000000000000e+03
1.243200000000000000e+04
4.285000000000000000e+03
4.643000000000000000e+03
4.860000000000000000e+03
7.147000000000000000e+03
1.869400000000000000e+04
9.863000000000000000e+03
3.147000000000000000e+03
2.059000000000000000e+03
1.201900000000000000e+04
9.287000000000000000e+03
1.416600000000000000e+04
6.317000000000000000e+03
3.531000000000000000e+03
6.952800000000000000e+04
4.349000000000000000e+03
6.959000000000000000e+03
3.505000000000000000e+03
4.198000000000000000e+03
3.489000000000000000e+03
2.297000000000000000e+03
5.752000000000000000e+03
4.066000000000000000e+03
9.314000000000000000e+03
5.117000000000000000e+03
4.105000000000000000e+03
2.665000000000000000e+03
2.063000000000000000e+04
3.188000000000000000e+03
1.737000000000000000e+03
2.601500000000000000e+04
4.889600000000000000e+04
1.109400000000000000e+04
4.032000000000000000e+03
1.895500000000000000e+04
1.894000000000000000e+03
3.785000000000000000e+03
3.991000000000000000e+03
2.050400000000000000e+04
4.333000000000000000e+03
2.466900000000000000e+04
2.276400000000000000e+04
3.356600000000000000e+04
1.480000000000000000e+03
1.138000000000000000e+03
2.622000000000000000e+03
1.324100000000000000e+04
1.389700000000000000e+04
2.856500000000000000e+04
4.497200000000000000e+04
1.776000000000000000e+03
7.275400000000000000e+04
1.189900000000000000e+04
2.976000000000000000e+03
6.430700000000000000e+04
5.486000000000000000e+03
9.576000000000000000e+03
1.879800000000000000e+04
1.793000000000000000e+03
1.749000000000000000e+04
2.820000000000000000e+03
5.016000000000000000e+03
4.020000000000000000e+03
4.450000000000000000e+03
8.503000000000000000e+03
2.668000000000000000e+03
8.466000000000000000e+03
1.672000000000000000e+03
4.310000000000000000e+03
7.231000000000000000e+03
3.596000000000000000e+03
1.625300000000000000e+04
2.312000000000000000e+03
1.547700000000000000e+04
1.237300000000000000e+04
3.498600000000000000e+04
1.068600000000000000e+05
2.490000000000000000e+03
8.758000000000000000e+03
4.604000000000000000e+03
1.233300000000000000e+04
9.905000000000000000e+03
3.876000000000000000e+03
4.228500000000000000e+04
1.457500000000000000e+04
2.192300000000000000e+04
1.711600000000000000e+04
3.643000000000000000e+03
1.139200000000000000e+04
2.707000000000000000e+03
1.595600000000000000e+04
4.517000000000000000e+03
1.957000000000000000e+03
1.147500000000000000e+04
4.784000000000000000e+03
5.021000000000000000e+03
3.543000000000000000e+03
3.926000000000000000e+03
5.356000000000000000e+03
9.959000000000000000e+03
8.177200000000000000e+04
1.600000000000000000e+04
7.317000000000000000e+03
3.848000000000000000e+03
1.186800000000000000e+04
2.639500000000000000e+04
1.546800000000000000e+04
2.476200000000000000e+04
9.270300000000000000e+04
3.725000000000000000e+03
6.617000000000000000e+03
4.321000000000000000e+03
4.778000000000000000e+03
1.268900000000000000e+04
7.838000000000000000e+03
5.326000000000000000e+03
2.858000000000000000e+03
3.877000000000000000e+03
8.678000000000000000e+03
3.186600000000000000e+04
1.160400000000000000e+04
4.551000000000000000e+03
4.252000000000000000e+03
6.142000000000000000e+03
4.817000000000000000e+03
2.789800000000000000e+04
2.892000000000000000e+03
4.109000000000000000e+03
3.229700000000000000e+04
2.605900000000000000e+04
2.273600000000000000e+04
3.049000000000000000e+03
2.135000000000000000e+03
1.388500000000000000e+04
7.814700000000000000e+04
2.480700000000000000e+04
1.103700000000000000e+04
1.226100000000000000e+04
8.011700000000000000e+04
7.287000000000000000e+03
1.912400000000000000e+04
2.732000000000000000e+03
4.775000000000000000e+03
4.902000000000000000e+03
2.794000000000000000e+03
1.683000000000000000e+03
7.450000000000000000e+03
1.169400000000000000e+04
1.420700000000000000e+04
2.304000000000000000e+03
1.575800000000000000e+04
1.230000000000000000e+03
7.223000000000000000e+03
8.524000000000000000e+03
6.634000000000000000e+03
1.643700000000000000e+04
3.003000000000000000e+03
3.500000000000000000e+03
2.176000000000000000e+03
1.929000000000000000e+03
7.995000000000000000e+03
1.195300000000000000e+04
7.747000000000000000e+03
4.829500000000000000e+04
3.760000000000000000e+03
5.143400000000000000e+04
2.004000000000000000e+03
3.209000000000000000e+03
5.079000000000000000e+03
3.809000000000000000e+03
1.197000000000000000e+03
1.204000000000000000e+03
5.947000000000000000e+03
6.626000000000000000e+03
5.410000000000000000e+04
4.306000000000000000e+03
2.541000000000000000e+03
8.206000000000000000e+03
1.200400000000000000e+04
1.295300000000000000e+04
3.938000000000000000e+03
9.272000000000000000e+03
3.190000000000000000e+03
1.997700000000000000e+04
1.224000000000000000e+03
2.445200000000000000e+04
7.995000000000000000e+03
1.329000000000000000e+04
4.389000000000000000e+03
2.621000000000000000e+03
1.481900000000000000e+04
8.763000000000000000e+03
3.694600000000000000e+04
2.204000000000000000e+03
1.934500000000000000e+04
1.207600000000000000e+04
6.218300000000000000e+04
1.224000000000000000e+03
2.709000000000000000e+04
4.199000000000000000e+03
3.837000000000000000e+03
5.068000000000000000e+03
2.332700000000000000e+04
1.671800000000000000e+04
1.969000000000000000e+04
1.487000000000000000e+03
1.028800000000000000e+04
9.387000000000000000e+03
7.225000000000000000e+03
5.246800000000000000e+04
2.352000000000000000e+03
7.534000000000000000e+03
5.861000000000000000e+03
9.669000000000000000e+03
9.648000000000000000e+03
5.510000000000000000e+03
1.655000000000000000e+03
3.333700000000000000e+04
2.419000000000000000e+03
4.849000000000000000e+03
5.820000000000000000e+03
1.632000000000000000e+03
7.548800000000000000e+04
5.774000000000000000e+03
3.710000000000000000e+03
1.419000000000000000e+03
1.873200000000000000e+04
1.061200000000000000e+04
1.470200000000000000e+04
2.530700000000000000e+04
8.671000000000000000e+03
5.263000000000000000e+03
6.492000000000000000e+03
1.704000000000000000e+03
1.400000000000000000e+03
1.572000000000000000e+03
3.124900000000000000e+04
6.201000000000000000e+03
2.417000000000000000e+03
3.380500000000000000e+04
5.354000000000000000e+03
2.684000000000000000e+03
6.085000000000000000e+03
2.520000000000000000e+03
4.477200000000000000e+04
5.277000000000000000e+03
1.268600000000000000e+04
1.420400000000000000e+04
1.819000000000000000e+03
2.829000000000000000e+03
1.566600000000000000e+04
7.312000000000000000e+03
1.841000000000000000e+03
1.570600000000000000e+04
1.755100000000000000e+04
3.425700000000000000e+04
7.193000000000000000e+03
1.906400000000000000e+04
4.254500000000000000e+04
4.136000000000000000e+03
3.303300000000000000e+04
5.228000000000000000e+03
7.801000000000000000e+03
1.429300000000000000e+04
9.987000000000000000e+03
2.168000000000000000e+03
6.967000000000000000e+03
6.448000000000000000e+03
2.484000000000000000e+03
1.146300000000000000e+04
1.726000000000000000e+03
4.315000000000000000e+04
3.924000000000000000e+03
1.521500000000000000e+04
2.727800000000000000e+04
4.125000000000000000e+03
7.126000000000000000e+03
9.026000000000000000e+03
5.003000000000000000e+03
7.063000000000000000e+03
1.841000000000000000e+03
1.014600000000000000e+04
5.116600000000000000e+04
1.897000000000000000e+03
4.799000000000000000e+03
8.730000000000000000e+03
3.400700000000000000e+04
2.176000000000000000e+03
1.641300000000000000e+04
3.146600000000000000e+04
6.056000000000000000e+03
2.354000000000000000e+03
1.181000000000000000e+03
2.250900000000000000e+04
2.930800000000000000e+04
3.748000000000000000e+03
7.365000000000000000e+03
8.416000000000000000e+03
1.257900000000000000e+04
4.206000000000000000e+03
2.717500000000000000e+04
4.321000000000000000e+03
8.332000000000000000e+03
2.299900000000000000e+04
4.997000000000000000e+03
1.858900000000000000e+04
5.984000000000000000e+03
4.809800000000000000e+04
2.670000000000000000e+03
3.811000000000000000e+03
4.048000000000000000e+03
1.836200000000000000e+04
2.145000000000000000e+03
1.979000000000000000e+03
5.463000000000000000e+03
1.307000000000000000e+04
4.968000000000000000e+03
2.375000000000000000e+03
5.085000000000000000e+03
6.888000000000000000e+03
6.943000000000000000e+03
3.232200000000000000e+04
5.137000000000000000e+03
3.390000000000000000e+03
1.740200000000000000e+04
1.090800000000000000e+04
2.365000000000000000e+03
2.090700000000000000e+04
5.991000000000000000e+03
6.138000000000000000e+03
4.300000000000000000e+03
5.935000000000000000e+03
1.158600000000000000e+04
1.546000000000000000e+03
1.644000000000000000e+03
8.470000000000000000e+03
5.118800000000000000e+04
7.564000000000000000e+03
2.522000000000000000e+03
4.269000000000000000e+03
5.099000000000000000e+03
3.621000000000000000e+03
5.807100000000000000e+04
3.614000000000000000e+03
5.904000000000000000e+03
1.225900000000000000e+04
1.669600000000000000e+04
7.021000000000000000e+03
3.293400000000000000e+04
7.882000000000000000e+03
7.760000000000000000e+03
6.772000000000000000e+03
1.598000000000000000e+03
1.983000000000000000e+03
4.248000000000000000e+03
8.191000000000000000e+03
1.091000000000000000e+03
1.723000000000000000e+04
1.337900000000000000e+04
3.784000000000000000e+03
1.493000000000000000e+03
2.652000000000000000e+04
4.956000000000000000e+03
3.911000000000000000e+03
5.591100000000000000e+04
1.075200000000000000e+04
1.328000000000000000e+03
2.110000000000000000e+03
1.620700000000000000e+04
4.112900000000000000e+04
1.969600000000000000e+04
3.248000000000000000e+03
1.544100000000000000e+04
2.804000000000000000e+03
2.579800000000000000e+04
4.794000000000000000e+03
2.818600000000000000e+04
5.179000000000000000e+03
2.592000000000000000e+03
1.298000000000000000e+03
5.312500000000000000e+04
7.861000000000000000e+03
3.628300000000000000e+04
1.116600000000000000e+04
3.643000000000000000e+03
7.716200000000000000e+04
3.928000000000000000e+03
1.080400000000000000e+04
5.921000000000000000e+03
4.723000000000000000e+03
2.312000000000000000e+03
1.290700000000000000e+04
6.531000000000000000e+03
4.475000000000000000e+03
1.075500000000000000e+04
5.422000000000000000e+03
1.083000000000000000e+03
1.466900000000000000e+04
4.050000000000000000e+03
1.699000000000000000e+03
2.403000000000000000e+03
9.487000000000000000e+03
6.452000000000000000e+03
6.199000000000000000e+03
6.697200000000000000e+04
4.483000000000000000e+03
1.103200000000000000e+04
6.633000000000000000e+03
5.338000000000000000e+03
9.185000000000000000e+03
3.007000000000000000e+03
8.154000000000000000e+03
1.542600000000000000e+04
3.607300000000000000e+04
1.036100000000000000e+04
1.299000000000000000e+03
9.414000000000000000e+03
1.914000000000000000e+03
1.251800000000000000e+04
6.312000000000000000e+03
2.907000000000000000e+03
1.414000000000000000e+03
2.268000000000000000e+03
2.112700000000000000e+04
1.150900000000000000e+04
1.684300000000000000e+04
1.267100000000000000e+04
3.759000000000000000e+03
9.433000000000000000e+03
1.136200000000000000e+04
3.735000000000000000e+03
1.271950000000000000e+05
1.375900000000000000e+04
7.520000000000000000e+03
7.520000000000000000e+03
1.013690000000000000e+05
1.236000000000000000e+03
4.164000000000000000e+03
2.568800000000000000e+04
1.873000000000000000e+03
1.912800000000000000e+04
3.560000000000000000e+03
3.966000000000000000e+03
1.687800000000000000e+04
4.402000000000000000e+03
7.193000000000000000e+03
2.484000000000000000e+03
1.460100000000000000e+05
1.794000000000000000e+03
3.180000000000000000e+03
3.586000000000000000e+03
7.960000000000000000e+03
4.507000000000000000e+03
7.529000000000000000e+03
4.141000000000000000e+03
2.014000000000000000e+03
2.667000000000000000e+03
2.888000000000000000e+04
5.379000000000000000e+03
5.067000000000000000e+03
2.046000000000000000e+03
9.961000000000000000e+03
1.611400000000000000e+04
2.259000000000000000e+03
4.874000000000000000e+03
1.991000000000000000e+03
4.505000000000000000e+03
1.330000000000000000e+03
4.211000000000000000e+03
6.396000000000000000e+03
3.454400000000000000e+04
4.745000000000000000e+03
4.788000000000000000e+03
1.439000000000000000e+03
2.280000000000000000e+03
8.529000000000000000e+03
6.125000000000000000e+03
4.736000000000000000e+03
5.286000000000000000e+03
6.306000000000000000e+03
1.800000000000000000e+03
1.507000000000000000e+03
2.340000000000000000e+03
1.308800000000000000e+04
8.611000000000000000e+03
3.182000000000000000e+03
5.203000000000000000e+03
7.441000000000000000e+03
5.167000000000000000e+03
1.297200000000000000e+04
1.080300000000000000e+04
8.081000000000000000e+03
4.383800000000000000e+04
1.825000000000000000e+03
5.061100000000000000e+04
2.231800000000000000e+04
9.036000000000000000e+03
8.351000000000000000e+03
1.601000000000000000e+03
8.858100000000000000e+04
2.139000000000000000e+03
2.370400000000000000e+04
3.393000000000000000e+03
6.364200000000000000e+04
9.877000000000000000e+03
1.504000000000000000e+03
1.037900000000000000e+04
6.538000000000000000e+03
8.611000000000000000e+03
9.209000000000000000e+03
2.369800000000000000e+04
1.996000000000000000e+03
1.293300000000000000e+04
1.929000000000000000e+03
7.461100000000000000e+04
5.195000000000000000e+03
2.606000000000000000e+03
2.473000000000000000e+03
1.564000000000000000e+03
1.869000000000000000e+03
2.963900000000000000e+04
3.405000000000000000e+03
2.248000000000000000e+03
1.422300000000000000e+04
1.714000000000000000e+03
8.246000000000000000e+03
3.342000000000000000e+03
1.196200000000000000e+04
3.422000000000000000e+03
5.244000000000000000e+04
1.374000000000000000e+03
4.584000000000000000e+03
1.654800000000000000e+04
5.185300000000000000e+04
2.042000000000000000e+03
2.171000000000000000e+03
2.967000000000000000e+03
1.489000000000000000e+03
7.261000000000000000e+03
2.116000000000000000e+03
2.151000000000000000e+03
3.230000000000000000e+03
4.572000000000000000e+03
3.253300000000000000e+04
2.866300000000000000e+04
1.733300000000000000e+04
1.922500000000000000e+04
8.414000000000000000e+03
1.700000000000000000e+03
1.594000000000000000e+03
8.184000000000000000e+03
1.989000000000000000e+03
2.836400000000000000e+04
3.185000000000000000e+03
9.255000000000000000e+03
1.985500000000000000e+04
7.358000000000000000e+03
7.368000000000000000e+03
9.175000000000000000e+03
2.864000000000000000e+03
3.511600000000000000e+04
1.254600000000000000e+04
2.077000000000000000e+03
1.884000000000000000e+03
3.402000000000000000e+04
3.053100000000000000e+04
1.491000000000000000e+03
1.232000000000000000e+04
1.882510000000000000e+05
1.610000000000000000e+03
2.197000000000000000e+03
3.043000000000000000e+03
6.290900000000000000e+04
8.002000000000000000e+03
4.502000000000000000e+03
2.766000000000000000e+03
5.969000000000000000e+03
1.231800000000000000e+04
3.459000000000000000e+03
2.521000000000000000e+03
1.288700000000000000e+04
1.377300000000000000e+04
1.857600000000000000e+04
4.837000000000000000e+03
2.043000000000000000e+03
1.883000000000000000e+03
6.348000000000000000e+03
7.568000000000000000e+03
3.983000000000000000e+03
1.507900000000000000e+04
4.694000000000000000e+03
1.638800000000000000e+04
4.557800000000000000e+04
3.974000000000000000e+03
5.371000000000000000e+03
6.038000000000000000e+03
3.508300000000000000e+04
7.585000000000000000e+03
1.361200000000000000e+04
2.416000000000000000e+03
4.030600000000000000e+04
1.312100000000000000e+04
2.862000000000000000e+03
1.374600000000000000e+04
2.126000000000000000e+04
5.873000000000000000e+03
4.328000000000000000e+03
6.109000000000000000e+03
9.884000000000000000e+03
1.674200000000000000e+04
2.355000000000000000e+03
2.132000000000000000e+03
4.686000000000000000e+03
1.962000000000000000e+03
3.096000000000000000e+03
2.787000000000000000e+03
7.098600000000000000e+04
1.955000000000000000e+03
2.153100000000000000e+04
3.138000000000000000e+03
2.736000000000000000e+03
4.727900000000000000e+04
2.987500000000000000e+04
3.406600000000000000e+04
8.517000000000000000e+03
1.498000000000000000e+03
2.183000000000000000e+03
5.897000000000000000e+03
4.052000000000000000e+03
3.187000000000000000e+03
2.866500000000000000e+04
1.100700000000000000e+04
4.879000000000000000e+03
2.393200000000000000e+04
1.882900000000000000e+04
1.919000000000000000e+03
3.579300000000000000e+04
1.562000000000000000e+03
4.065400000000000000e+04
1.010200000000000000e+04
7.237000000000000000e+03
6.218000000000000000e+03
5.064000000000000000e+03
2.479600000000000000e+04
2.079000000000000000e+03
1.569900000000000000e+04
1.273900000000000000e+04
2.703000000000000000e+03
2.361000000000000000e+03
4.508000000000000000e+03
1.603000000000000000e+03
6.807000000000000000e+03
4.683000000000000000e+03
1.233500000000000000e+04
6.225000000000000000e+03
3.500000000000000000e+03
2.219700000000000000e+04
1.269200000000000000e+04
2.145400000000000000e+04
2.005000000000000000e+03
1.153300000000000000e+04
5.264000000000000000e+03
6.042000000000000000e+03
9.971000000000000000e+03
4.397000000000000000e+03
9.776000000000000000e+03
4.220700000000000000e+04
2.385000000000000000e+03
3.281000000000000000e+04
3.051000000000000000e+03
6.194000000000000000e+03
2.525000000000000000e+03
6.214000000000000000e+03
2.882600000000000000e+04
3.106000000000000000e+03
4.714000000000000000e+03
4.377000000000000000e+03
1.369400000000000000e+04
1.609500000000000000e+04
4.700000000000000000e+03
2.536000000000000000e+03
9.565000000000000000e+03
1.849100000000000000e+04
4.772400000000000000e+04
2.068000000000000000e+04
1.293000000000000000e+03
3.143000000000000000e+03
5.529000000000000000e+03
4.804200000000000000e+04
1.444100000000000000e+04
1.772000000000000000e+03
5.055000000000000000e+03
5.368000000000000000e+03
1.381000000000000000e+03
4.819000000000000000e+03
9.326000000000000000e+03
2.729700000000000000e+04
1.101550000000000000e+05
7.721000000000000000e+03
9.430000000000000000e+03
8.295000000000000000e+03
5.849000000000000000e+03
3.355000000000000000e+03
3.392000000000000000e+03
7.644900000000000000e+04
1.546600000000000000e+04
6.789000000000000000e+03
1.442800000000000000e+04
5.505000000000000000e+03
7.257000000000000000e+03
9.825000000000000000e+03
1.434670000000000000e+05
1.863000000000000000e+04
9.992000000000000000e+03
4.303000000000000000e+03
3.309700000000000000e+04
2.248000000000000000e+03
9.089000000000000000e+03
2.138000000000000000e+03
1.977400000000000000e+04
5.920000000000000000e+03
3.811000000000000000e+03
1.077000000000000000e+03
2.226000000000000000e+03
1.599400000000000000e+04
3.417800000000000000e+04
3.796500000000000000e+04
2.451000000000000000e+03
2.635000000000000000e+03
3.961000000000000000e+03
2.009000000000000000e+03
1.495000000000000000e+03
3.189000000000000000e+03
2.232000000000000000e+04
1.526000000000000000e+04
4.593000000000000000e+03
5.420000000000000000e+03
1.851000000000000000e+03
4.003200000000000000e+04
1.490100000000000000e+04
1.690000000000000000e+03
1.101400000000000000e+04
2.649000000000000000e+03
2.332000000000000000e+04
2.141000000000000000e+03
2.285000000000000000e+03
4.703000000000000000e+03
1.510000000000000000e+03
2.060100000000000000e+04
1.003100000000000000e+04
4.219000000000000000e+03
1.012000000000000000e+04
8.670000000000000000e+02
5.914000000000000000e+03
2.328000000000000000e+03
1.132800000000000000e+04
3.553000000000000000e+03
2.049800000000000000e+04
3.646000000000000000e+03
3.338000000000000000e+03
3.842000000000000000e+03
2.009200000000000000e+04
9.264000000000000000e+03
3.245600000000000000e+04
2.226000000000000000e+03
8.410000000000000000e+02
6.114000000000000000e+03
1.928000000000000000e+03
1.541000000000000000e+03
8.025400000000000000e+04
3.530000000000000000e+03
5.025000000000000000e+03
2.906000000000000000e+03
9.303000000000000000e+03
1.868200000000000000e+04
2.151000000000000000e+03
7.853000000000000000e+03
1.212600000000000000e+04
6.292000000000000000e+03
1.536000000000000000e+03
2.434000000000000000e+03
3.775000000000000000e+03
2.320000000000000000e+03
3.861000000000000000e+03
1.463400000000000000e+04
1.474000000000000000e+03
1.453900000000000000e+04
1.412300000000000000e+04
6.790000000000000000e+03
1.255000000000000000e+03
2.185800000000000000e+04
3.186000000000000000e+03
6.782000000000000000e+03
1.469700000000000000e+04
2.253000000000000000e+03
1.794000000000000000e+03
2.510000000000000000e+03
5.362000000000000000e+03
1.142000000000000000e+03
1.976900000000000000e+04
1.483000000000000000e+03
6.785000000000000000e+03
8.027000000000000000e+03
1.211000000000000000e+03
1.708600000000000000e+04
1.145100000000000000e+04
6.978000000000000000e+03
4.126000000000000000e+03
1.369000000000000000e+03
4.489000000000000000e+03
1.694000000000000000e+03
1.337000000000000000e+03
2.328000000000000000e+03
6.557000000000000000e+04
2.450000000000000000e+03
8.200000000000000000e+03
5.078100000000000000e+04
2.530000000000000000e+03
3.862000000000000000e+03
1.146000000000000000e+04
1.262500000000000000e+04
3.266000000000000000e+03
4.748000000000000000e+03
4.673600000000000000e+04
2.503000000000000000e+03
3.282000000000000000e+03
4.186000000000000000e+03
4.021000000000000000e+03
3.068700000000000000e+04
2.648000000000000000e+03
3.025000000000000000e+03
1.375000000000000000e+03
4.049000000000000000e+03
2.010000000000000000e+04
6.850500000000000000e+04
1.744000000000000000e+03
7.381000000000000000e+03
8.214000000000000000e+03
1.883600000000000000e+04
4.844000000000000000e+03
1.091700000000000000e+04
2.214000000000000000e+03
7.979000000000000000e+03
4.285000000000000000e+03
1.479000000000000000e+03
2.488000000000000000e+03
1.424700000000000000e+04
1.798000000000000000e+03
2.531000000000000000e+03
4.318000000000000000e+03
7.955000000000000000e+03
3.582000000000000000e+03
1.897900000000000000e+04
4.488000000000000000e+03
8.663000000000000000e+03
2.024000000000000000e+03
6.678000000000000000e+03
2.499800000000000000e+04
1.886000000000000000e+03
7.464600000000000000e+04
1.650300000000000000e+04
7.666000000000000000e+03
1.300800000000000000e+04
1.946000000000000000e+03
1.486000000000000000e+03
1.131000000000000000e+03
7.394700000000000000e+04
1.187400000000000000e+04
2.651000000000000000e+03
2.454000000000000000e+03
1.450000000000000000e+03
2.789100000000000000e+04
4.468000000000000000e+03
7.712000000000000000e+03
1.134400000000000000e+04
9.879000000000000000e+03
9.318000000000000000e+03
1.667000000000000000e+03
4.403000000000000000e+03
5.405000000000000000e+03
7.200000000000000000e+03
5.593000000000000000e+03
1.537800000000000000e+04
3.757000000000000000e+03
1.758000000000000000e+03
1.607100000000000000e+04
3.113600000000000000e+04
4.310000000000000000e+03
2.713000000000000000e+03
1.600500000000000000e+04
2.916000000000000000e+03
2.471000000000000000e+03
6.348000000000000000e+03
3.863000000000000000e+03
2.289900000000000000e+04
1.584000000000000000e+03
7.952000000000000000e+03
3.149000000000000000e+03
9.777000000000000000e+03
2.731000000000000000e+03
1.000000000000000000e+04
5.247000000000000000e+03
2.303000000000000000e+03
1.541800000000000000e+04
1.455000000000000000e+03
1.601000000000000000e+03
1.130400000000000000e+04
2.998400000000000000e+04
1.615400000000000000e+04
1.338900000000000000e+04
1.286800000000000000e+04
1.397200000000000000e+04
7.183000000000000000e+03
2.140000000000000000e+03
3.569000000000000000e+03
5.266000000000000000e+03
2.613100000000000000e+04
6.041000000000000000e+03
1.231700000000000000e+04
4.158000000000000000e+03
2.702900000000000000e+04
3.626000000000000000e+03
2.479000000000000000e+03
1.694000000000000000e+03
2.836600000000000000e+04
7.244000000000000000e+04
1.169500000000000000e+04
7.224000000000000000e+03
2.138000000000000000e+03
4.464400000000000000e+04
2.177000000000000000e+03
1.567800000000000000e+04
2.357000000000000000e+03
4.216000000000000000e+03
4.776000000000000000e+03
7.165000000000000000e+03
7.325000000000000000e+03
3.376000000000000000e+03
2.168200000000000000e+04
1.164300000000000000e+04
5.759000000000000000e+03
1.147600000000000000e+04
6.790000000000000000e+03
7.841000000000000000e+03
1.716000000000000000e+04
5.716000000000000000e+03
3.354000000000000000e+03
4.578200000000000000e+04
3.109000000000000000e+03
1.722200000000000000e+04
9.125000000000000000e+03
6.401200000000000000e+04
1.024000000000000000e+04
1.408700000000000000e+04
4.995000000000000000e+03
2.853000000000000000e+03
1.554000000000000000e+03
2.405000000000000000e+03
1.096000000000000000e+03
1.472800000000000000e+04
8.333500000000000000e+04
1.976000000000000000e+03
2.361000000000000000e+03
1.776900000000000000e+04
6.034000000000000000e+03
4.073000000000000000e+03
1.526000000000000000e+03
4.564000000000000000e+03
4.968600000000000000e+04
1.253600000000000000e+04
4.258500000000000000e+04
1.635400000000000000e+04
1.121700000000000000e+04
1.559000000000000000e+04
2.888000000000000000e+03
2.052000000000000000e+03
3.135500000000000000e+04
4.101000000000000000e+03
2.340200000000000000e+04
1.926000000000000000e+03
1.502900000000000000e+04
4.562800000000000000e+04
2.145000000000000000e+04
3.719300000000000000e+04
1.343100000000000000e+04
1.279200000000000000e+04
2.025000000000000000e+03
6.589000000000000000e+03
4.249000000000000000e+03
2.353000000000000000e+03
4.201000000000000000e+03
6.069000000000000000e+03
1.041000000000000000e+03
2.292000000000000000e+03
5.022000000000000000e+03
2.121000000000000000e+03
2.207400000000000000e+04
7.624000000000000000e+03
5.752000000000000000e+03
4.383000000000000000e+03
1.111000000000000000e+04
4.514000000000000000e+03
1.719000000000000000e+03
7.021000000000000000e+03
9.479000000000000000e+03
2.535400000000000000e+04
3.211000000000000000e+03
9.940000000000000000e+02
9.955000000000000000e+03
4.506000000000000000e+03
1.773000000000000000e+03
1.056900000000000000e+04
1.039100000000000000e+04
3.101000000000000000e+03
1.267000000000000000e+03
2.312000000000000000e+03
3.924000000000000000e+03
3.562600000000000000e+04
1.805000000000000000e+03
1.282200000000000000e+04
3.121000000000000000e+04
2.594000000000000000e+03
2.758700000000000000e+04
2.943000000000000000e+03
1.772000000000000000e+03
3.110000000000000000e+03
8.069000000000000000e+03
9.997000000000000000e+03
2.440000000000000000e+03
1.876000000000000000e+03
1.022000000000000000e+03
8.415000000000000000e+03
1.815900000000000000e+04
6.830000000000000000e+03
1.803000000000000000e+03
1.023200000000000000e+04
1.864750000000000000e+05
2.341000000000000000e+03
1.632400000000000000e+04
5.745000000000000000e+03
1.445000000000000000e+03
4.460500000000000000e+04
2.545000000000000000e+03
2.037000000000000000e+03
4.966900000000000000e+04
1.865700000000000000e+04
1.391000000000000000e+03
1.517000000000000000e+03
4.468000000000000000e+03
7.121000000000000000e+03
7.511000000000000000e+03
3.297000000000000000e+03
6.547000000000000000e+03
1.262000000000000000e+03
4.696000000000000000e+03
2.141000000000000000e+04
6.506000000000000000e+03
1.294000000000000000e+03
1.694000000000000000e+03
3.119000000000000000e+03
1.190000000000000000e+03
8.976000000000000000e+03
2.219700000000000000e+04
2.515000000000000000e+03
2.031400000000000000e+04
1.746000000000000000e+03
2.135000000000000000e+03
2.167000000000000000e+03
3.168000000000000000e+03
3.288000000000000000e+03
2.518000000000000000e+03
1.382000000000000000e+03
8.470000000000000000e+03
1.924000000000000000e+03
1.319900000000000000e+04
2.245200000000000000e+04
1.954300000000000000e+04
7.918000000000000000e+03
1.535000000000000000e+03
2.170000000000000000e+03
1.490200000000000000e+04
5.680000000000000000e+03
4.061000000000000000e+03
3.548300000000000000e+04
1.607000000000000000e+04
4.206000000000000000e+03
4.404000000000000000e+03
1.708000000000000000e+03
1.692000000000000000e+04
3.171000000000000000e+03
1.390000000000000000e+03
1.786100000000000000e+04
1.336000000000000000e+03
3.431000000000000000e+03
4.877000000000000000e+03
3.172600000000000000e+04
8.750000000000000000e+02
2.647000000000000000e+03
6.790000000000000000e+03
6.692000000000000000e+03
3.223600000000000000e+04
1.458300000000000000e+04
4.562500000000000000e+04
2.903700000000000000e+04
1.354000000000000000e+03
3.194000000000000000e+03
7.118000000000000000e+03
2.944000000000000000e+03
1.154000000000000000e+03
5.559100000000000000e+04
4.208000000000000000e+03
2.375000000000000000e+03
1.698300000000000000e+04
1.120500000000000000e+04
1.642000000000000000e+03
2.601100000000000000e+04
1.775600000000000000e+04
5.409000000000000000e+03
2.208000000000000000e+04
4.141000000000000000e+03
1.254000000000000000e+03
5.529000000000000000e+03
6.854000000000000000e+03
7.051000000000000000e+03
9.977000000000000000e+03
1.287000000000000000e+03
1.252000000000000000e+03
1.458700000000000000e+04
2.003300000000000000e+04
1.110400000000000000e+04
1.041700000000000000e+04
8.669000000000000000e+03
8.255000000000000000e+03
2.929100000000000000e+04
5.615000000000000000e+03
1.994000000000000000e+03
1.939400000000000000e+04
2.393000000000000000e+03
2.560000000000000000e+03
8.748000000000000000e+03
1.368000000000000000e+03
5.845000000000000000e+03
1.871000000000000000e+03
2.188100000000000000e+04
1.022200000000000000e+04
4.867000000000000000e+03
4.363000000000000000e+03
3.786000000000000000e+03
7.510000000000000000e+03
1.471000000000000000e+03
5.205000000000000000e+03
9.666400000000000000e+04
8.402000000000000000e+03
2.508000000000000000e+03
2.539600000000000000e+04
2.576000000000000000e+03
3.790200000000000000e+04
6.744000000000000000e+03
1.706000000000000000e+04
1.684000000000000000e+03
2.671000000000000000e+03
8.471000000000000000e+03
1.494000000000000000e+03
5.175100000000000000e+04
2.484100000000000000e+04
1.779600000000000000e+04
3.713000000000000000e+03
2.186000000000000000e+03
1.445000000000000000e+03
5.952000000000000000e+03
4.498000000000000000e+03
3.807000000000000000e+03
3.794000000000000000e+04
1.449000000000000000e+03
5.581000000000000000e+03
1.790100000000000000e+04
2.224000000000000000e+03
6.337000000000000000e+03
1.589400000000000000e+04
8.891000000000000000e+03
2.485000000000000000e+03
2.221000000000000000e+03
5.352000000000000000e+03
1.134600000000000000e+04
1.488300000000000000e+04
4.972000000000000000e+03
6.584000000000000000e+03
8.998000000000000000e+03
1.459020000000000000e+05
1.934400000000000000e+04
1.393800000000000000e+04
2.066000000000000000e+03
5.073000000000000000e+03
4.344000000000000000e+03
4.553000000000000000e+03
1.391300000000000000e+04
1.488000000000000000e+03
6.023000000000000000e+03
5.011000000000000000e+03
2.278000000000000000e+03
2.114000000000000000e+03
3.295000000000000000e+03
1.786000000000000000e+03
8.205000000000000000e+03
1.397500000000000000e+04
1.164500000000000000e+04
4.420100000000000000e+04
6.734000000000000000e+03
9.808000000000000000e+03
9.225000000000000000e+03
3.887000000000000000e+03
1.805500000000000000e+04
1.941000000000000000e+03
1.288000000000000000e+03
6.367500000000000000e+04
4.882000000000000000e+03
7.483000000000000000e+03
2.168000000000000000e+03
4.132000000000000000e+03
4.456000000000000000e+03
2.351000000000000000e+04
3.215000000000000000e+03
1.319200000000000000e+04
5.773000000000000000e+03
1.120000000000000000e+04
1.168200000000000000e+04
3.477000000000000000e+03
1.730900000000000000e+04
8.005000000000000000e+03
4.623000000000000000e+04
2.611000000000000000e+03
1.451200000000000000e+04
6.150000000000000000e+03
7.321000000000000000e+03
2.981000000000000000e+03
1.281700000000000000e+04
1.754800000000000000e+04
1.252000000000000000e+03
2.354400000000000000e+04
4.273000000000000000e+03
2.460100000000000000e+04
3.108000000000000000e+03
2.096000000000000000e+03
3.192400000000000000e+04
5.167000000000000000e+03
1.294610000000000000e+05
1.049900000000000000e+04
1.119000000000000000e+04
2.617000000000000000e+03
1.400800000000000000e+04
8.640000000000000000e+03
1.264100000000000000e+04
1.615000000000000000e+03
2.037000000000000000e+03
2.332000000000000000e+03
3.262000000000000000e+03
3.148900000000000000e+04
2.533000000000000000e+03
2.111000000000000000e+03
3.905000000000000000e+03
2.586000000000000000e+03
2.669000000000000000e+03
3.959800000000000000e+04
4.294000000000000000e+03
2.706000000000000000e+03
5.064000000000000000e+03
1.477000000000000000e+04
1.127800000000000000e+04
5.480000000000000000e+03
3.559000000000000000e+03
1.316900000000000000e+04
3.224900000000000000e+04
1.696000000000000000e+03
9.512000000000000000e+03
3.771100000000000000e+04
4.688000000000000000e+03
1.589200000000000000e+04
1.288300000000000000e+04
1.811000000000000000e+03
1.876600000000000000e+04
3.894100000000000000e+04
2.027800000000000000e+04
2.623000000000000000e+03
2.470000000000000000e+03
3.840000000000000000e+03
3.674000000000000000e+03
1.291700000000000000e+04
2.375200000000000000e+04
1.455000000000000000e+03
2.165000000000000000e+03
6.485000000000000000e+03
1.142500000000000000e+04
9.494000000000000000e+03
7.932000000000000000e+03
1.549000000000000000e+04
3.888000000000000000e+03
5.893000000000000000e+03
4.635000000000000000e+03
4.551000000000000000e+03
1.027700000000000000e+04
7.869000000000000000e+03
1.799600000000000000e+04
2.666000000000000000e+03
4.624000000000000000e+03
1.555780000000000000e+05
1.582000000000000000e+03
1.678000000000000000e+03
1.055450000000000000e+05
3.489000000000000000e+03
1.908000000000000000e+03
6.404000000000000000e+03
7.454000000000000000e+03
1.128000000000000000e+03
3.626900000000000000e+04
1.215400000000000000e+04
7.536000000000000000e+03
8.819000000000000000e+03
6.161000000000000000e+03
1.077000000000000000e+03
9.907700000000000000e+04
9.734000000000000000e+03
6.746000000000000000e+03
2.869900000000000000e+04
9.560000000000000000e+02
1.460600000000000000e+04
1.457200000000000000e+04
3.498700000000000000e+04
1.102300000000000000e+04
3.450900000000000000e+04
5.613000000000000000e+03
1.517000000000000000e+03
3.087000000000000000e+03
3.624000000000000000e+03
4.315800000000000000e+04
2.464600000000000000e+04
2.661000000000000000e+03
4.280000000000000000e+03
8.959000000000000000e+04
2.381000000000000000e+03
3.390000000000000000e+03
1.369400000000000000e+04
5.840000000000000000e+03
2.185000000000000000e+03
2.373000000000000000e+03
2.510000000000000000e+03
9.114000000000000000e+03
1.497000000000000000e+03
7.483000000000000000e+03
5.203000000000000000e+03
4.839000000000000000e+03
1.404000000000000000e+03
1.641700000000000000e+04
2.063300000000000000e+04
1.437000000000000000e+03
1.388000000000000000e+03
1.325000000000000000e+03
3.926000000000000000e+03
3.693000000000000000e+03
1.191000000000000000e+03
5.558400000000000000e+04
1.599700000000000000e+04
5.432000000000000000e+03
1.056900000000000000e+04
1.067500000000000000e+04
2.159400000000000000e+04
2.935600000000000000e+04
2.343900000000000000e+04
9.628000000000000000e+03
2.672800000000000000e+04
1.413000000000000000e+03
4.756000000000000000e+03
2.191000000000000000e+03
7.337000000000000000e+03
6.728000000000000000e+03
3.681000000000000000e+03
1.075600000000000000e+04
4.306000000000000000e+03
3.277000000000000000e+03
1.986000000000000000e+03
2.672000000000000000e+03
1.188000000000000000e+03
5.066000000000000000e+03
1.193600000000000000e+04
3.040000000000000000e+03
1.927900000000000000e+04
6.819000000000000000e+03
1.792000000000000000e+03
3.387400000000000000e+04
6.136000000000000000e+03
1.562000000000000000e+03
2.317000000000000000e+03
2.144000000000000000e+03
4.922000000000000000e+03
3.606800000000000000e+04
8.290000000000000000e+02
2.674000000000000000e+03
8.611000000000000000e+03
1.172000000000000000e+03
3.206000000000000000e+03
9.763000000000000000e+03
1.173000000000000000e+03
1.265100000000000000e+04
1.844000000000000000e+03
6.701000000000000000e+03
1.664000000000000000e+03
9.590000000000000000e+02
5.917000000000000000e+03
4.406000000000000000e+03
1.183400000000000000e+04
2.309000000000000000e+03
1.098000000000000000e+03
1.644000000000000000e+03
2.473000000000000000e+03
3.353100000000000000e+04
4.302000000000000000e+03
2.370000000000000000e+03
2.444300000000000000e+04
9.245000000000000000e+03
1.610000000000000000e+03
1.040900000000000000e+04
1.842000000000000000e+03
1.064500000000000000e+04
8.614000000000000000e+03
7.708000000000000000e+03
2.864000000000000000e+03
3.163000000000000000e+03
1.073800000000000000e+04
2.141200000000000000e+04
1.078300000000000000e+04
2.436100000000000000e+04
7.304000000000000000e+03
1.642800000000000000e+04
2.006400000000000000e+04
5.752000000000000000e+03
8.865000000000000000e+03
6.515000000000000000e+03
2.867000000000000000e+03
1.404200000000000000e+04
1.171400000000000000e+04
1.961900000000000000e+04
4.082000000000000000e+03
1.297060000000000000e+05
2.850400000000000000e+04
1.917000000000000000e+03
3.498700000000000000e+04
4.188000000000000000e+03
8.003000000000000000e+03
5.219000000000000000e+03
8.198000000000000000e+03
1.211100000000000000e+04
1.837300000000000000e+04
8.130000000000000000e+03
1.015300000000000000e+04
2.628500000000000000e+04
4.156000000000000000e+03
2.638200000000000000e+04
2.629000000000000000e+03
1.703000000000000000e+03
1.059400000000000000e+04
4.457000000000000000e+03
3.104000000000000000e+03
1.250000000000000000e+03
9.333000000000000000e+03
2.216000000000000000e+03
8.712000000000000000e+03
8.102000000000000000e+03
3.117000000000000000e+03
4.932000000000000000e+03
1.855500000000000000e+04
9.236000000000000000e+03
2.238000000000000000e+03
1.831000000000000000e+03
1.223600000000000000e+04
1.572000000000000000e+03
2.944000000000000000e+03
1.047000000000000000e+03
1.195000000000000000e+03
6.266000000000000000e+03
1.535800000000000000e+04
3.877000000000000000e+03
1.223000000000000000e+03
5.802000000000000000e+03
1.790200000000000000e+04
2.427000000000000000e+03
1.693400000000000000e+04
6.808000000000000000e+03
1.717800000000000000e+04
1.082100000000000000e+04
1.541100000000000000e+04
8.841000000000000000e+03
3.254000000000000000e+03
2.065000000000000000e+03
1.344900000000000000e+04
1.474400000000000000e+04
1.892170000000000000e+05
1.704100000000000000e+04
3.133000000000000000e+03
1.189990000000000000e+05
2.139000000000000000e+03
1.919600000000000000e+04
1.703000000000000000e+03
6.342000000000000000e+03
4.102000000000000000e+03
8.854300000000000000e+04
3.096900000000000000e+04
1.750000000000000000e+04
2.850500000000000000e+04
1.209100000000000000e+04
1.541000000000000000e+03
2.720000000000000000e+03
6.470000000000000000e+03
7.962000000000000000e+03
1.258000000000000000e+03
5.625800000000000000e+04
3.644000000000000000e+03
1.337400000000000000e+04
7.534000000000000000e+03
3.075000000000000000e+03
1.634000000000000000e+03
1.072700000000000000e+04
5.108000000000000000e+03
1.935000000000000000e+03
3.456000000000000000e+03
4.352000000000000000e+03
4.881000000000000000e+03
4.401500000000000000e+04
2.608600000000000000e+04
2.015000000000000000e+03
2.104800000000000000e+04
2.994000000000000000e+03
3.120000000000000000e+03
1.837000000000000000e+03
9.786400000000000000e+04
2.620500000000000000e+04
2.617300000000000000e+04
2.885000000000000000e+03
5.104000000000000000e+03
3.613000000000000000e+03
2.439000000000000000e+03
2.716000000000000000e+03
4.096000000000000000e+03
4.501000000000000000e+03
1.703000000000000000e+03
1.426600000000000000e+04
9.871200000000000000e+04
2.160700000000000000e+04
5.976000000000000000e+03
3.554000000000000000e+03
2.616000000000000000e+03
1.676700000000000000e+04
8.884000000000000000e+03
1.256000000000000000e+03
3.192000000000000000e+03
3.915000000000000000e+03
6.009000000000000000e+03
1.255000000000000000e+03
4.565000000000000000e+03
2.559000000000000000e+03
1.086430000000000000e+05
1.476200000000000000e+04
1.009650000000000000e+05
3.876000000000000000e+03
2.577000000000000000e+03
3.328000000000000000e+03
1.936000000000000000e+03
8.170000000000000000e+03
6.462000000000000000e+03
8.729000000000000000e+03
3.855000000000000000e+03
5.813000000000000000e+03
7.388000000000000000e+03
3.516000000000000000e+03
4.677000000000000000e+03
3.490000000000000000e+03
1.982600000000000000e+04
2.576000000000000000e+03
3.259000000000000000e+03
1.339200000000000000e+04
1.916000000000000000e+03
1.808000000000000000e+03
1.476000000000000000e+03
7.727300000000000000e+04
7.478000000000000000e+03
1.541700000000000000e+04
4.034000000000000000e+03
7.229000000000000000e+03
5.290000000000000000e+03
3.537000000000000000e+03
2.093000000000000000e+03
1.573000000000000000e+03
1.134100000000000000e+04
2.257000000000000000e+03
1.149000000000000000e+03
1.295000000000000000e+03
1.270000000000000000e+03
1.933000000000000000e+03
9.750000000000000000e+02
3.700000000000000000e+03
6.486000000000000000e+03
2.281000000000000000e+03
1.292900000000000000e+04
1.623000000000000000e+03
2.848000000000000000e+03
1.810000000000000000e+03
2.768000000000000000e+03
1.305000000000000000e+03
1.852000000000000000e+03
4.244000000000000000e+03
6.012100000000000000e+04
3.928000000000000000e+03
1.814700000000000000e+04
8.570000000000000000e+03
3.449000000000000000e+03
1.780600000000000000e+04
2.266800000000000000e+04
5.290000000000000000e+03
1.268000000000000000e+03
5.582000000000000000e+03
9.710000000000000000e+02
3.262000000000000000e+03
1.334000000000000000e+03
1.184000000000000000e+03
1.469000000000000000e+03
4.259300000000000000e+04
1.956000000000000000e+03
2.100200000000000000e+04
3.481000000000000000e+03
6.265000000000000000e+03
3.701000000000000000e+03
4.769000000000000000e+03
1.334800000000000000e+04
1.216000000000000000e+03
3.213700000000000000e+04
2.262600000000000000e+04
1.269000000000000000e+03
1.404500000000000000e+04
5.993000000000000000e+03
2.810200000000000000e+04
1.750000000000000000e+03
3.243000000000000000e+03
2.635000000000000000e+03
1.186000000000000000e+03
2.325000000000000000e+03
8.919000000000000000e+03
3.935000000000000000e+03
7.286000000000000000e+03
4.178000000000000000e+03
2.585000000000000000e+03
3.486000000000000000e+03
1.844000000000000000e+03
1.878000000000000000e+03
1.568700000000000000e+04
3.580000000000000000e+03
1.671000000000000000e+03
5.583000000000000000e+03
4.562000000000000000e+03
1.068000000000000000e+03
7.637000000000000000e+03
2.491000000000000000e+03
3.332200000000000000e+04
3.233000000000000000e+03
1.234900000000000000e+04
8.149000000000000000e+03
6.137000000000000000e+03
3.802400000000000000e+04
4.940000000000000000e+03
6.938000000000000000e+03
1.489000000000000000e+03
8.127000000000000000e+03
1.544600000000000000e+04
2.024000000000000000e+03
1.588000000000000000e+03
5.615800000000000000e+04
2.574000000000000000e+03
1.002000000000000000e+03
1.698900000000000000e+04
1.615000000000000000e+03
9.172000000000000000e+03
8.276000000000000000e+03
6.117000000000000000e+03
9.608000000000000000e+03
3.972000000000000000e+03
2.325900000000000000e+04
6.944000000000000000e+03
2.987000000000000000e+03
9.113000000000000000e+03
1.043000000000000000e+03
1.137690000000000000e+05
5.397000000000000000e+03
2.808000000000000000e+03
8.925000000000000000e+03
1.209000000000000000e+03
2.160000000000000000e+03
2.886000000000000000e+03
1.318400000000000000e+04
3.674000000000000000e+03
2.537000000000000000e+03
1.215000000000000000e+03
6.825000000000000000e+03
2.265000000000000000e+03
3.201000000000000000e+03
2.214000000000000000e+03
1.271000000000000000e+04
2.420100000000000000e+04
4.596000000000000000e+03
3.845000000000000000e+03
1.236300000000000000e+04
1.121900000000000000e+04
2.743100000000000000e+04
2.284000000000000000e+03
6.217000000000000000e+03
3.001000000000000000e+03
1.906100000000000000e+04
6.631000000000000000e+03
2.692000000000000000e+03
2.686000000000000000e+03
4.950000000000000000e+03
5.021000000000000000e+03
4.249000000000000000e+03
2.982000000000000000e+03
1.086800000000000000e+04
1.412000000000000000e+03
1.177000000000000000e+03
1.424000000000000000e+03
2.432300000000000000e+04
2.292000000000000000e+03
1.223000000000000000e+03
3.740800000000000000e+04
2.459000000000000000e+03
5.898000000000000000e+03
1.416000000000000000e+03
1.637000000000000000e+03
1.944000000000000000e+03
3.627000000000000000e+03
3.638000000000000000e+03
2.065000000000000000e+03
5.270000000000000000e+03
7.433000000000000000e+03
2.794000000000000000e+03
1.234000000000000000e+03
6.612000000000000000e+03
5.148600000000000000e+04
1.943000000000000000e+03
1.963000000000000000e+03
1.154000000000000000e+03
6.818000000000000000e+03
1.386000000000000000e+03
1.737000000000000000e+03
1.114300000000000000e+04
1.002000000000000000e+03
1.077000000000000000e+03
7.013000000000000000e+03
3.698000000000000000e+03
9.943000000000000000e+03
9.952000000000000000e+03
1.655000000000000000e+03
4.900000000000000000e+03
1.858600000000000000e+04
2.130000000000000000e+03
2.917000000000000000e+03
5.015200000000000000e+04
1.419000000000000000e+03
3.365000000000000000e+03
1.750000000000000000e+03
5.788000000000000000e+03
3.933000000000000000e+03
1.839000000000000000e+03
1.131000000000000000e+03
1.882000000000000000e+03
1.056500000000000000e+04
1.169900000000000000e+04
4.434000000000000000e+03
4.653000000000000000e+03
4.330600000000000000e+04
1.415000000000000000e+03
2.179000000000000000e+03
6.070000000000000000e+03
4.908000000000000000e+03
6.021000000000000000e+03
1.532000000000000000e+03
8.940000000000000000e+02
8.801000000000000000e+03
7.939000000000000000e+03
2.058000000000000000e+03
3.742100000000000000e+04
3.541100000000000000e+04
1.047000000000000000e+03
2.404700000000000000e+04
1.560400000000000000e+04
2.141100000000000000e+04
6.724000000000000000e+03
1.532700000000000000e+04
1.208000000000000000e+03
5.661000000000000000e+03
6.601000000000000000e+03
2.289800000000000000e+04
1.452900000000000000e+04
1.594800000000000000e+04
3.276000000000000000e+03
4.390000000000000000e+03
8.560000000000000000e+03
2.312000000000000000e+03
8.780000000000000000e+03
4.029400000000000000e+04
9.690000000000000000e+02
4.554000000000000000e+03
6.134000000000000000e+03
2.925200000000000000e+04
3.189000000000000000e+03
1.645000000000000000e+03
3.283000000000000000e+03
1.426000000000000000e+03
3.401000000000000000e+03
1.274000000000000000e+03
4.113000000000000000e+03
2.348000000000000000e+03
9.560000000000000000e+02
4.617000000000000000e+03
2.002000000000000000e+03
2.884000000000000000e+03
4.005000000000000000e+03
1.825000000000000000e+03
2.413000000000000000e+03
1.254800000000000000e+04
1.046400000000000000e+04
1.300000000000000000e+03
2.421800000000000000e+04
1.191300000000000000e+04
2.871500000000000000e+04
1.310000000000000000e+03
1.450000000000000000e+03
2.778000000000000000e+03
1.801000000000000000e+03
6.959000000000000000e+03
2.879000000000000000e+03
2.977000000000000000e+03
5.456500000000000000e+04
3.688600000000000000e+04
1.899000000000000000e+03
1.849500000000000000e+04
7.610000000000000000e+03
