3.127022743225097656e+00
2.942627191543579102e+00
2.429884195327758789e+00
-6.589372158050537109e-01
2.296079397201538086e+00
1.486676692962646484e+00
-1.439497470855712891e-01
5.216698646545410156e-01
6.828064918518066406e-01
-1.447634696960449219e-01
-1.074031829833984375e+00
-2.172407627105712891e+00
-2.401914596557617188e-01
-6.131649017333984375e-03
4.128916263580322266e-01
-8.111915588378906250e-01
1.824236392974853516e+00
1.005964279174804688e+00
1.671617269515991211e+00
-3.464765548706054688e+00
1.452706336975097656e+00
6.095237731933593750e-01
-1.445102453231811523e+00
2.533220529556274414e+00
1.259878158569335938e+00
2.196808576583862305e+00
4.579060077667236328e-01
2.018574476242065430e+00
1.634772777557373047e+00
1.875643253326416016e+00
2.710276842117309570e+00
2.799949645996093750e+00
-7.004480361938476562e-01
-5.471506118774414062e-01
-1.096732139587402344e+00
1.551868915557861328e-01
2.476239681243896484e+00
-8.723204135894775391e-01
-6.318635940551757812e-01
2.722007036209106445e+00
2.605619668960571289e+00
1.060040712356567383e+00
-5.551412105560302734e-01
1.055567264556884766e+00
2.442722320556640625e+00
2.590561151504516602e+00
-2.897655963897705078e+00
1.917247772216796875e-01
1.601481199264526367e+00
1.638036966323852539e+00
9.621138572692871094e-01
5.599400997161865234e-01
-2.019941806793212891e-01
2.409105300903320312e-01
2.800262212753295898e+00
5.832989215850830078e-01
1.911529541015625000e+00
2.894723653793334961e+00
1.926247358322143555e+00
2.250574588775634766e+00
2.801556110382080078e+00
-2.161207199096679688e+00
6.335952281951904297e-01
-1.231945753097534180e+00
1.480066061019897461e+00
2.421827793121337891e+00
2.599992036819458008e+00
1.520197153091430664e+00
5.936379432678222656e-01
2.119547367095947266e+00
3.106189489364624023e+00
2.517109155654907227e+00
3.032263040542602539e+00
2.475500583648681641e+00
1.043277978897094727e+00
2.531431674957275391e+00
-1.580986261367797852e+00
3.058384418487548828e+00
1.691179752349853516e+00
3.968660831451416016e-01
1.294690847396850586e+00
-7.635052204132080078e-01
8.787870407104492188e-02
1.904593467712402344e+00
1.142333745956420898e+00
2.895184516906738281e+00
2.320531845092773438e+00
1.239550590515136719e+00
3.069400310516357422e+00
3.019058227539062500e+00
1.846329212188720703e+00
2.671531677246093750e+00
1.674128293991088867e+00
8.724884986877441406e-01
2.892306566238403320e+00
1.319152116775512695e+00
2.351634263992309570e+00
-4.720573425292968750e-01
2.146127939224243164e+00
2.720279216766357422e+00
2.937830209732055664e+00
1.054646015167236328e+00
2.859820365905761719e+00
1.609216928482055664e+00
-9.553637504577636719e-01
3.433496952056884766e-01
-5.036826133728027344e-01
3.202412128448486328e-01
-2.533066272735595703e-01
2.644168376922607422e+00
1.564293146133422852e+00
-4.467859268188476562e-01
2.110959291458129883e+00
-2.436350107192993164e+00
2.456185579299926758e+00
2.992238521575927734e+00
-7.015535831451416016e-01
-1.587629556655883789e+00
1.355535745620727539e+00
2.679347753524780273e+00
3.059195280075073242e+00
2.340161800384521484e+00
3.003185510635375977e+00
2.338229656219482422e+00
-2.889194488525390625e-01
1.534445047378540039e+00
2.237125396728515625e+00
4.652004241943359375e-01
-3.804898262023925781e-02
2.939114570617675781e+00
2.736943244934082031e+00
1.053986549377441406e+00
-2.063121795654296875e-01
9.003710746765136719e-01
1.931531906127929688e+00
2.417374849319458008e+00
1.070706605911254883e+00
1.538329124450683594e-01
3.041663169860839844e+00
1.087539196014404297e+00
5.200598239898681641e-01
2.129910945892333984e+00
1.061667442321777344e+00
3.634448051452636719e-01
1.461926698684692383e+00
2.328564405441284180e+00
1.096078395843505859e+00
-8.713288307189941406e-01
-1.126314878463745117e+00
1.459011554718017578e+00
1.814444303512573242e+00
-2.622365951538085938e-01
1.854862451553344727e+00
-8.514356613159179688e-02
1.743960380554199219e-02
5.330440998077392578e-01
-1.680496215820312500e+00
-9.354157447814941406e-01
2.858953714370727539e+00
2.093405246734619141e+00
-2.497550010681152344e+00
1.568240404129028320e+00
2.797399044036865234e+00
2.711048603057861328e+00
1.625389814376831055e+00
2.340347051620483398e+00
2.750280857086181641e+00
-1.456913232803344727e+00
3.027492523193359375e+00
-1.604900836944580078e+00
1.292095661163330078e+00
1.103311061859130859e+00
8.448584079742431641e-01
-9.150240421295166016e-01
2.986382722854614258e+00
7.220141887664794922e-01
-4.537293910980224609e-01
-3.648278713226318359e-01
-2.996265888214111328e-01
2.803076744079589844e+00
-1.250814676284790039e+00
2.574316978454589844e+00
3.072291851043701172e+00
3.505079746246337891e-01
-1.158670663833618164e+00
1.785576581954956055e+00
-1.573188543319702148e+00
1.423523426055908203e+00
-1.697006464004516602e+00
2.399813890457153320e+00
1.333851575851440430e+00
1.119666099548339844e+00
-1.603525900840759277e+01
2.205100536346435547e+00
2.054453134536743164e+00
-2.387249469757080078e-01
-2.754840850830078125e-01
3.057136774063110352e+00
1.290069580078125000e+00
2.877947568893432617e+00
1.240378618240356445e+00
2.383796215057373047e+00
2.960262298583984375e-01
-9.006586074829101562e-01
9.002134799957275391e-01
3.148285388946533203e+00
8.110234737396240234e-01
2.331064462661743164e+00
2.989647150039672852e+00
2.282583951950073242e+00
3.002181053161621094e+00
2.452359437942504883e+00
9.679143428802490234e-01
2.717966079711914062e+00
-2.927517890930175781e-01
1.641828775405883789e+00
9.455401897430419922e-01
7.007756233215332031e-01
1.660576105117797852e+00
2.000648021697998047e+00
2.624459743499755859e+00
-1.005697488784790039e+00
3.776261806488037109e-01
4.618282318115234375e-01
-1.854589462280273438e+00
1.136883497238159180e+00
2.904400110244750977e+00
-1.222386360168457031e+00
1.541884899139404297e+00
1.885685205459594727e+00
2.544450759887695312e+00
1.488927364349365234e+00
1.240381956100463867e+00
1.838300228118896484e-01
7.935900688171386719e-01
-1.889634847640991211e+00
1.073690176010131836e+00
2.640965700149536133e+00
-2.913514852523803711e+00
1.104445695877075195e+00
2.994863033294677734e+00
-7.760381698608398438e-02
2.959490776062011719e+00
-1.050754308700561523e+00
8.934950828552246094e-01
-1.470905542373657227e+00
-8.001077175140380859e-01
1.936338186264038086e+00
2.309982776641845703e+00
7.412118911743164062e-01
-9.382302761077880859e-01
2.769746780395507812e+00
1.347908496856689453e+00
1.718977928161621094e+00
-9.842364788055419922e-01
1.826400756835937500e-01
4.135837554931640625e-01
7.378432750701904297e-01
2.048099517822265625e+00
2.334022521972656250e+00
4.484467506408691406e-01
2.713455915451049805e+00
2.945636034011840820e+00
-1.261884212493896484e+00
2.233797311782836914e+00
-4.517316818237304688e-03
7.939832210540771484e-01
-6.892943382263183594e-01
4.975721836090087891e-01
1.274120807647705078e+00
2.814446926116943359e+00
2.319284677505493164e+00
2.423792362213134766e+00
2.105287075042724609e+00
-7.745313644409179688e-01
8.677618503570556641e-01
1.839516401290893555e+00
9.720370769500732422e-01
-3.489265441894531250e-01
1.858733415603637695e+00
1.691303253173828125e-01
2.354103088378906250e+00
1.980629920959472656e+00
9.450693130493164062e-01
1.517020702362060547e+00
-2.907335519790649414e+00
-4.237639904022216797e-01
1.855183362960815430e+00
-1.177883386611938477e+00
7.772836685180664062e-01
2.803358554840087891e+00
5.902960300445556641e-01
1.779855489730834961e+00
2.735716819763183594e+00
1.021193265914916992e+00
1.461057186126708984e+00
2.834523916244506836e+00
7.041816711425781250e-01
9.632999897003173828e-01
2.104569435119628906e+00
1.126369953155517578e+00
-1.192646265029907227e+00
3.010345935821533203e+00
1.907262802124023438e+00
5.922870635986328125e-01
-6.551756858825683594e-01
6.180362701416015625e-01
-7.808985710144042969e-01
1.262079715728759766e+00
1.401964902877807617e+00
2.079918861389160156e+00
-1.013971328735351562e+00
3.070526838302612305e+00
7.017500400543212891e-01
2.517241716384887695e+00
-2.074858188629150391e+00
-1.498412609100341797e+00
2.970492362976074219e+00
2.804166078567504883e+00
1.298761367797851562e-02
2.263381004333496094e+00
1.214811325073242188e+00
1.414796590805053711e+00
-3.449671268463134766e-01
1.327033996582031250e+00
2.470632076263427734e+00
5.448997020721435547e-01
1.928504467010498047e+00
4.224503040313720703e-01
4.675197601318359375e-02
3.381955623626708984e-01
7.649846076965332031e-01
4.790134429931640625e-01
1.880677223205566406e+00
1.337975978851318359e+00
-1.363517284393310547e+00
-2.552175998687744141e+00
-2.373661756515502930e+00
1.407405614852905273e+00
9.968061447143554688e-01
-1.348123073577880859e+00
2.485537528991699219e-01
-2.755175590515136719e+00
1.840357780456542969e-01
2.764088392257690430e+00
2.686483621597290039e+00
-4.693403244018554688e-01
2.356655120849609375e+00
2.592122554779052734e+00
2.573674440383911133e+00
5.530409812927246094e-01
-1.422260284423828125e+00
1.413312435150146484e+00
1.572604179382324219e+00
3.015074491500854492e+00
6.248147487640380859e-01
-1.357132911682128906e+00
2.360725879669189453e+00
2.506978034973144531e+00
-9.507369995117187500e-02
2.576594114303588867e+00
-3.433394432067871094e-02
-1.382732391357421875e-01
2.442309617996215820e+00
-6.342825889587402344e-01
1.360298871994018555e+00
2.006792783737182617e+00
-3.473196029663085938e-01
2.912509441375732422e+00
2.736871242523193359e+00
-1.370135307312011719e+00
1.446823596954345703e+00
-1.135992050170898438e+00
-7.314262390136718750e-01
-4.910645484924316406e-01
1.502080202102661133e+00
-3.705158233642578125e-01
1.515182018280029297e+00
2.196184396743774414e+00
1.175770282745361328e+00
5.229132175445556641e-01
-5.471694469451904297e-01
3.610157966613769531e-01
6.803936958312988281e-01
-1.474927449226379395e+01
1.683378696441650391e+00
2.908523321151733398e+00
2.457427978515625000e-01
-3.371870517730712891e-01
1.457452774047851562e-02
2.528250932693481445e+00
2.960497379302978516e+00
1.929141283035278320e+00
2.375657796859741211e+00
1.102581024169921875e+00
7.025575637817382812e-02
-6.001026630401611328e-01
1.869324207305908203e+00
-2.733170986175537109e+00
6.808111667633056641e-01
1.823847532272338867e+00
-3.894432306289672852e+00
2.252502918243408203e+00
2.603632688522338867e+00
1.615481615066528320e+00
2.856822013854980469e+00
3.028663635253906250e+00
7.300720214843750000e-01
-1.276983022689819336e+00
-4.845356941223144531e-01
-2.114720821380615234e+00
2.119749784469604492e+00
2.508086919784545898e+00
2.362599611282348633e+00
8.556523323059082031e-01
2.711436748504638672e+00
-1.554843187332153320e+00
8.345758914947509766e-01
-8.155517578125000000e-01
2.126463890075683594e+00
2.305655241012573242e+00
6.564104557037353516e-01
1.506220102310180664e+00
2.686357021331787109e+00
2.497349023818969727e+00
8.092789649963378906e-01
2.859074831008911133e+00
-1.251949787139892578e+00
2.788416385650634766e+00
-2.905297279357910156e-02
2.237542629241943359e+00
3.021099090576171875e+00
2.114396333694458008e+00
9.787745475769042969e-01
2.635514974594116211e+00
7.445378303527832031e-01
-8.650152683258056641e-01
6.161913871765136719e-01
1.745016813278198242e+00
4.872374534606933594e-01
1.925796985626220703e+00
1.697763442993164062e+00
2.218457460403442383e+00
-2.308377027511596680e+00
7.631413936614990234e-01
-1.169607639312744141e+00
2.632405757904052734e+00
1.117160320281982422e-01
-5.835282802581787109e-01
1.026321172714233398e+00
1.937320709228515625e+00
9.376311302185058594e-02
-5.116782188415527344e-01
2.859708547592163086e+00
1.314525365829467773e+00
5.975069999694824219e-01
2.942237615585327148e+00
2.005468845367431641e+00
2.584237575531005859e+00
1.605278253555297852e+00
6.315619945526123047e-01
2.899724006652832031e+00
2.937659263610839844e+00
7.558748722076416016e-01
4.792399406433105469e-01
1.629739284515380859e+00
2.726150274276733398e+00
1.247926235198974609e+00
-2.071679830551147461e+00
3.007844209671020508e+00
2.170086145401000977e+00
1.518031835556030273e+00
2.048759937286376953e+00
2.774331569671630859e-01
2.505068302154541016e+00
2.916933059692382812e+00
2.768573522567749023e+00
1.950627803802490234e+00
2.949004173278808594e+00
2.667500734329223633e+00
2.159782171249389648e+00
1.686434507369995117e+00
-1.064752340316772461e+00
2.181639671325683594e+00
-1.683733701705932617e+00
-4.183540344238281250e-01
3.019797325134277344e+00
1.719842672348022461e+00
1.661315441131591797e+00
1.284596920013427734e+00
-2.529621124267578125e-02
1.161070108413696289e+00
1.368098497390747070e+00
8.623883724212646484e-01
2.498411893844604492e+00
1.825360536575317383e+00
1.352241277694702148e+00
2.695838212966918945e+00
1.731494903564453125e+00
-5.791635513305664062e-01
3.082679986953735352e+00
2.728379964828491211e+00
1.339343070983886719e+00
2.074438571929931641e+00
-5.412499904632568359e-01
8.148002624511718750e-01
2.630459070205688477e+00
-5.372428894042968750e-02
2.987978458404541016e+00
2.105812072753906250e+00
2.273162841796875000e+00
2.528606176376342773e+00
2.758671760559082031e+00
-1.436522006988525391e-01
1.942678451538085938e+00
-9.132769107818603516e-01
1.595241069793701172e+00
2.357833385467529297e+00
1.056167364120483398e+00
9.407558441162109375e-01
3.005264043807983398e+00
1.341036081314086914e+00
2.196083068847656250e-01
1.853665113449096680e+00
1.447023630142211914e+00
6.576011180877685547e-01
-1.123531103134155273e+00
1.184724569320678711e+00
8.666002750396728516e-01
2.998935222625732422e+00
2.691673994064331055e+00
1.945126056671142578e+00
-4.521517753601074219e-01
2.554441452026367188e+00
2.124208450317382812e+00
3.276591300964355469e-01
2.712405443191528320e+00
1.161298990249633789e+00
-1.516890525817871094e-01
1.891965150833129883e+00
3.199987411499023438e-01
1.486066579818725586e+00
2.967393159866333008e+00
-4.185783863067626953e-01
2.426019668579101562e+00
1.749565601348876953e-01
-1.599892854690551758e+00
2.116094112396240234e+00
1.794722557067871094e+00
2.694845199584960938e-03
3.056862831115722656e+00
-1.418646812438964844e+00
2.774304866790771484e+00
1.033548593521118164e+00
-2.927320003509521484e-01
1.087795972824096680e+00
6.476967334747314453e-01
5.418913364410400391e-01
5.065193176269531250e-01
-6.195178031921386719e-01
8.575325012207031250e-01
1.092964887619018555e+00
-1.090281724929809570e+00
2.634954214096069336e+00
1.055597782135009766e+00
9.728627204895019531e-01
1.264343976974487305e+00
2.734484672546386719e+00
-1.604759693145751953e+00
2.157584905624389648e+00
2.662959098815917969e+00
-1.481952905654907227e+00
2.626378536224365234e-01
-5.157103776931762695e+00
3.033882856369018555e+00
2.622396707534790039e+00
-1.793928909301757812e+01
-2.968835830688476562e-01
-1.777102470397949219e+00
2.861054182052612305e+00
-6.315529346466064453e-01
2.624764442443847656e+00
1.538839340209960938e+00
-3.400752544403076172e-01
2.524330615997314453e-01
-1.710339546203613281e+00
2.623162269592285156e-01
-1.704148292541503906e+00
1.700454235076904297e+00
1.396413326263427734e+00
2.997405767440795898e+00
-1.677558422088623047e-01
-2.501318931579589844e+00
-1.875369787216186523e+00
1.876224994659423828e+00
1.219027757644653320e+00
2.405565023422241211e+00
2.412491798400878906e+00
-1.312122344970703125e-01
-5.048489570617675781e-01
1.413042783737182617e+00
-5.884447097778320312e-01
1.181074619293212891e+00
1.182589530944824219e-01
1.433199405670166016e+00
2.946789026260375977e+00
-7.407212257385253906e-02
-2.098305940628051758e+00
-3.527009487152099609e-01
1.699569940567016602e+00
1.016207456588745117e+00
-2.499865531921386719e+00
2.258310079574584961e+00
5.778527259826660156e-01
2.267940521240234375e+00
1.206790447235107422e+00
2.542640686035156250e+00
1.898212671279907227e+00
-4.029844522476196289e+00
1.945638656616210938e-02
2.715232849121093750e+00
-2.367923736572265625e+00
3.063421010971069336e+00
1.907801628112792969e+00
1.461926937103271484e+00
3.080775022506713867e+00
-1.131408214569091797e-01
-1.280584573745727539e+00
-1.204664707183837891e+00
2.140629053115844727e+00
-3.948521614074707031e-01
2.033125638961791992e+00
2.457960128784179688e+00
6.700437068939208984e-01
1.593427658081054688e-01
2.129813909530639648e+00
-1.071315526962280273e+00
1.045459747314453125e+00
1.751950025558471680e+00
1.197202444076538086e+00
5.588998794555664062e-01
7.135159969329833984e-01
4.832212924957275391e-01
2.004814624786376953e+00
2.370770215988159180e+00
2.679140567779541016e-01
2.915570497512817383e+00
-5.576338768005371094e-01
1.119546413421630859e+00
3.120160102844238281e-01
1.979431867599487305e+00
2.837837934494018555e+00
1.573407649993896484e-01
3.915600776672363281e-01
1.558773517608642578e-01
7.100334167480468750e-01
2.874549865722656250e+00
-7.374961376190185547e-01
2.689622163772583008e+00
1.304378509521484375e+00
1.632429361343383789e+00
1.002752780914306641e-01
1.104357957839965820e+00
2.017074346542358398e+00
2.953084230422973633e+00
-2.188244581222534180e+00
2.271029949188232422e-01
3.009238243103027344e-01
-1.251968383789062500e+00
2.353146791458129883e+00
1.733493804931640625e-02
-6.476697921752929688e-01
-9.490575790405273438e-01
6.309142112731933594e-01
-1.717607736587524414e+00
1.841448068618774414e+00
2.758583784103393555e+00
-5.289974212646484375e-01
5.115041732788085938e-01
2.670481204986572266e+00
2.974361658096313477e+00
2.576707601547241211e+00
1.713694095611572266e+00
2.439086437225341797e-01
-1.180713415145874023e+00
2.873776197433471680e+00
1.830012083053588867e+00
1.261680364608764648e+00
-4.550123214721679688e-01
8.531498908996582031e-01
2.337977647781372070e+00
6.247079372406005859e-01
6.904737949371337891e-01
2.698793411254882812e+00
1.024349451065063477e+00
6.637260913848876953e-01
1.888050079345703125e+00
2.564867258071899414e+00
2.971762895584106445e+00
1.366702556610107422e+00
1.164066553115844727e+00
-4.375107288360595703e-01
2.230813026428222656e+00
2.167341709136962891e-01
1.399108409881591797e+00
-6.841957569122314453e-01
2.275681495666503906e+00
1.395596981048583984e+00
-6.099417209625244141e-01
-6.615121364593505859e-01
2.516754150390625000e+00
1.735598564147949219e+00
-7.639384269714355469e-01
2.535270452499389648e+00
2.133011817932128906e-01
2.120075225830078125e+00
1.307097673416137695e+00
3.034300804138183594e+00
-2.225483417510986328e+00
-4.008121490478515625e-01
2.188014984130859375e+00
1.876530408859252930e+00
1.300179243087768555e+00
2.240858316421508789e+00
3.023684263229370117e+00
-6.907224655151367188e-03
2.033843517303466797e+00
2.828242063522338867e+00
2.280632972717285156e+00
9.519243240356445312e-01
2.491130828857421875e+00
1.457180500030517578e+00
5.956697463989257812e-01
2.471730947494506836e+00
5.370447635650634766e-01
2.780042886734008789e+00
4.212231636047363281e-01
-1.618012666702270508e+00
2.877528429031372070e+00
-3.018102645874023438e-01
-1.234096527099609375e+00
1.943996191024780273e+00
-7.270617485046386719e-01
4.624128341674804688e-03
-2.815993547439575195e+00
-1.686836242675781250e+00
6.976811885833740234e-01
1.127964973449707031e+00
-1.446190834045410156e+00
2.726021766662597656e+00
2.165822505950927734e+00
1.152043342590332031e+00
1.757003545761108398e+00
-3.030681610107421875e-01
1.151000499725341797e+00
5.936629772186279297e-01
1.656719207763671875e+00
1.233714818954467773e+00
-4.164860248565673828e-01
-1.016477346420288086e+00
1.747608661651611328e+00
3.067652463912963867e+00
9.557056427001953125e-01
2.805066347122192383e+00
1.033131122589111328e+00
1.891309738159179688e+00
5.776190757751464844e-02
2.062229633331298828e+00
-1.325947165489196777e+01
3.501238822937011719e-01
9.220790863037109375e-02
-1.184622764587402344e+00
-9.060549736022949219e-01
3.226151466369628906e-01
7.056744098663330078e-01
1.529793739318847656e+00
2.674771785736083984e+00
2.054200649261474609e+00
1.438310146331787109e+00
2.602364540100097656e+00
-6.078014373779296875e-01
1.616193532943725586e+00
-3.790018558502197266e-01
7.675614356994628906e-01
9.047076702117919922e-01
-2.669105529785156250e-01
6.366736888885498047e-01
-9.960794448852539062e-02
-1.292701959609985352e+00
1.698288440704345703e+00
2.096736907958984375e+00
1.017076492309570312e+00
1.684425592422485352e+00
2.119184255599975586e+00
8.880753517150878906e-01
1.366580009460449219e+00
2.288171768188476562e+00
2.014443635940551758e+00
5.958511829376220703e-01
3.263540267944335938e-01
1.397422552108764648e+00
-1.279705286026000977e+00
2.343907356262207031e+00
2.404927015304565430e+00
2.977647542953491211e+00
3.096334695816040039e+00
2.958925485610961914e+00
1.156347990036010742e+00
1.332453250885009766e+00
9.407663345336914062e-01
-2.430222034454345703e-01
1.984233856201171875e+00
2.561267375946044922e+00
3.873639106750488281e-01
-1.777519702911376953e+00
-2.375113487243652344e+00
5.268840789794921875e-01
1.453089952468872070e+00
2.410597562789916992e+00
9.618914127349853516e-01
1.792057752609252930e+00
2.338489770889282227e+00
3.009081602096557617e+00
-8.941605091094970703e-01
8.036940097808837891e-01
-1.265656471252441406e+00
-2.473876476287841797e-01
2.799356460571289062e+00
1.753455877304077148e+00
-1.282646894454956055e+00
-1.111284255981445312e+00
-9.979023933410644531e-01
-7.715473175048828125e-01
2.055929183959960938e+00
9.687786102294921875e-01
1.851430177688598633e+00
1.815049886703491211e+00
-2.427363395690917969e-01
1.185572147369384766e+00
2.913865804672241211e+00
2.283026456832885742e+00
5.091977119445800781e-01
2.207506895065307617e+00
2.822664260864257812e+00
2.583645343780517578e+00
1.707557678222656250e+00
2.632802486419677734e+00
1.860009670257568359e+00
2.999017238616943359e+00
1.437685251235961914e+00
-1.258975982666015625e+00
-2.094148159027099609e+00
-1.135558128356933594e+00
2.530058860778808594e+00
1.176943778991699219e-01
1.499013900756835938e-01
1.477346420288085938e+00
1.043081283569335938e-02
2.749735355377197266e+00
-1.752186536788940430e+00
1.973790407180786133e+00
1.745589256286621094e+00
2.029831647872924805e+00
1.613873243331909180e+00
2.902269363403320312e-03
-1.707246303558349609e-01
2.522206783294677734e+00
-1.220649003982543945e+00
1.065717220306396484e+00
2.466742515563964844e+00
8.678586483001708984e-01
-1.912956237792968750e-01
2.793274879455566406e+00
1.377091407775878906e-01
1.122674942016601562e-01
8.550846576690673828e-01
2.892733335494995117e+00
2.880310535430908203e+00
6.370677947998046875e-01
2.728569030761718750e+00
1.372556447982788086e+00
-8.766834735870361328e-01
2.490296602249145508e+00
3.003193855285644531e+00
3.005360841751098633e+00
5.794763565063476562e-03
2.768208980560302734e+00
1.887106180191040039e+00
1.890067577362060547e+00
1.798853635787963867e+00
2.758312463760375977e+00
7.626724243164062500e-01
8.430886268615722656e-02
2.139732837677001953e-01
6.845498085021972656e-02
1.942776203155517578e+00
-6.571273803710937500e-01
-2.844483852386474609e-01
9.269864559173583984e-01
2.567104339599609375e+00
5.555558204650878906e-02
1.406478166580200195e+00
2.554790019989013672e+00
2.562397480010986328e+00
1.149473190307617188e+00
9.194326400756835938e-01
2.691459894180297852e+00
1.857623100280761719e+00
1.213181972503662109e+00
-1.538139343261718750e+00
2.793391942977905273e+00
1.587681531906127930e+00
1.914829969406127930e+00
1.028540372848510742e+00
-9.650650024414062500e-01
-1.789539098739624023e+00
2.405287742614746094e+00
9.617674350738525391e-01
-2.237329006195068359e+00
-1.034329652786254883e+00
2.413778543472290039e+00
-5.515222549438476562e-01
1.652259111404418945e+00
2.507435798645019531e+00
2.641634464263916016e+00
1.915529966354370117e+00
2.355559110641479492e+00
2.781644582748413086e+00
-1.373059511184692383e+00
6.200323104858398438e-01
1.739620923995971680e+00
7.360713481903076172e-01
2.912829399108886719e+00
2.624242782592773438e+00
9.096212387084960938e-01
-1.296318769454956055e+00
2.404044389724731445e+00
-2.613611221313476562e-01
-6.303024291992187500e-02
-4.087636470794677734e-01
1.625919342041015625e-02
-7.185373306274414062e-01
1.133454799652099609e+00
2.476752996444702148e+00
2.041368484497070312e+00
2.896229982376098633e+00
2.339530944824218750e+00
1.927151441574096680e+00
-9.703941345214843750e-01
2.011886358261108398e+00
1.665509462356567383e+00
2.432937622070312500e+00
2.409991025924682617e+00
2.853674173355102539e+00
2.596631765365600586e+00
1.079289436340332031e+00
1.031007766723632812e-01
1.595919132232666016e+00
2.058786153793334961e+00
1.235292911529541016e+00
-1.304196047782897949e+01
1.407130956649780273e+00
1.652570486068725586e+00
-8.177094459533691406e-01
1.705246925354003906e+00
4.288980960845947266e-01
1.183468580245971680e+00
-1.357574462890625000e-01
2.874288082122802734e+00
2.802122592926025391e+00
1.455991744995117188e+00
2.672577381134033203e+00
8.061504364013671875e-01
7.320880889892578125e-03
2.740370035171508789e+00
9.937934875488281250e-01
2.273341655731201172e+00
-8.958942890167236328e-01
1.490037679672241211e+00
-1.704840660095214844e-01
1.990972280502319336e+00
1.821107387542724609e+00
3.814404010772705078e-01
4.482583999633789062e-01
3.037043571472167969e+00
-1.357253551483154297e+00
2.562525272369384766e-01
2.549207210540771484e-01
2.042634963989257812e+00
1.443424701690673828e+00
1.020236253738403320e+00
1.260125637054443359e-01
2.356657028198242188e+00
9.950172901153564453e-01
9.284114837646484375e-01
2.664743423461914062e+00
7.502610683441162109e-01
2.560627460479736328e+00
-2.049062252044677734e-01
1.521779060363769531e+00
2.031380653381347656e+00
1.600995779037475586e+00
6.318888664245605469e-01
-2.298296213150024414e+00
-1.822641372680664062e+00
1.885514259338378906e+00
1.351863145828247070e+00
1.001411914825439453e+00
-1.431662559509277344e+00
7.622625827789306641e-01
1.622081279754638672e+00
2.187215089797973633e+00
2.026942729949951172e+00
1.353887557983398438e+00
3.167726755142211914e+00
-2.273006439208984375e-01
2.871269941329956055e+00
5.129444599151611328e-01
2.224914550781250000e+00
-2.412946939468383789e+00
8.238499164581298828e-01
2.237687110900878906e-01
-1.054908990859985352e+00
9.944162368774414062e-01
-1.486709117889404297e-01
-1.718230247497558594e-01
7.661602497100830078e-01
-6.709301471710205078e-01
2.327995061874389648e+00
2.027448892593383789e+00
1.789024591445922852e+00
7.545933723449707031e-01
6.866192817687988281e-02
9.383425712585449219e-01
3.454442024230957031e-01
7.266554832458496094e-01
2.181894063949584961e+00
1.568764686584472656e+00
2.089042425155639648e+00
-1.967573404312133789e+00
2.440579414367675781e+00
7.670412063598632812e-01
2.624113082885742188e+00
1.235808134078979492e+00
2.000657796859741211e+00
-1.127667427062988281e+00
1.932693719863891602e+00
1.383059501647949219e+00
-4.269185066223144531e-01
3.046200513839721680e+00
1.863583803176879883e+00
7.842814922332763672e-01
-1.010942459106445312e+00
-5.960490703582763672e-01
2.988781929016113281e+00
1.041118860244750977e+00
-6.145043373107910156e-01
1.680146455764770508e+00
3.704354763031005859e-01
1.584508657455444336e+00
-2.547413825988769531e+00
1.387244462966918945e+00
2.213616371154785156e+00
-4.520130157470703125e-02
1.915714740753173828e+00
-1.052404165267944336e+00
7.437272071838378906e-01
1.135910034179687500e+00
2.329998016357421875e+00
2.294199943542480469e+00
6.234419345855712891e-01
3.013699054718017578e+00
-2.190950393676757812e+00
2.116878271102905273e+00
4.203999042510986328e-01
2.850440740585327148e+00
8.483941555023193359e-01
2.549232244491577148e+00
2.382600784301757812e+00
2.899267673492431641e+00
1.923451423645019531e+00
1.817151308059692383e+00
2.324266672134399414e+00
2.734523773193359375e+00
1.595823526382446289e+00
-1.092190027236938477e+00
1.042645215988159180e+00
1.370877981185913086e+00
2.433838844299316406e+00
-6.947922706604003906e-01
2.396098136901855469e+00
2.543923854827880859e+00
2.138686656951904297e+00
2.955484390258789062e+00
2.425589323043823242e+00
1.281944274902343750e+00
3.827388286590576172e-01
8.118910789489746094e-01
1.052695512771606445e+00
2.921972274780273438e-01
-3.094155788421630859e-01
1.691073179244995117e+00
-9.515805244445800781e-01
2.039252042770385742e+00
1.000906229019165039e+00
-1.436673641204833984e+00
-3.338770151138305664e+00
-1.999791622161865234e+00
2.899100780487060547e+00
7.926940917968750000e-01
2.241062402725219727e+00
4.818873405456542969e-01
2.353233575820922852e+00
3.029218196868896484e+00
-1.742751359939575195e+00
2.893887042999267578e+00
-1.009283304214477539e+00
-9.863362312316894531e-01
2.290102720260620117e+00
5.456075668334960938e-01
-1.686453819274902344e-02
-2.355043888092041016e+00
2.512490034103393555e+00
1.812179088592529297e-01
9.533812999725341797e-01
1.719272613525390625e+00
2.007616043090820312e+00
2.409061670303344727e+00
1.124481201171875000e+00
2.706406831741333008e+00
-1.304127693176269531e+00
-1.447704315185546875e+00
2.519013643264770508e+00
-1.013755798339843750e-02
-4.135353565216064453e-01
2.768746852874755859e+00
3.054876804351806641e+00
1.505665779113769531e-01
2.408814668655395508e+00
7.808237075805664062e-01
-2.588052749633789062e-01
2.539710283279418945e+00
2.889568567276000977e+00
2.330626487731933594e+00
8.487207889556884766e-01
6.144385337829589844e-01
7.142007350921630859e-01
1.855901718139648438e+00
2.446654558181762695e+00
2.947686910629272461e+00
1.997152090072631836e+00
2.623970031738281250e+00
-1.443809533119201660e+01
2.472164869308471680e+00
-3.402392864227294922e-01
7.163169384002685547e-01
2.263141870498657227e+00
3.028688430786132812e+00
1.181092023849487305e+00
1.388890504837036133e+00
-1.069548130035400391e-01
2.467628002166748047e+00
1.022933006286621094e+00
-1.149136781692504883e+00
2.657875299453735352e+00
2.603547334671020508e+00
-2.383982658386230469e+00
5.542323589324951172e-01
1.285192489624023438e+00
2.977135181427001953e+00
3.977153301239013672e-01
5.452420711517333984e-01
7.706332206726074219e-01
1.174176216125488281e+00
-5.848789215087890625e-02
2.639517307281494141e+00
1.762657880783081055e+00
2.070590734481811523e+00
-2.003774404525756836e+00
1.481513023376464844e+00
1.898975372314453125e-01
1.335098981857299805e+00
2.869526863098144531e+00
9.067368507385253906e-01
1.887968301773071289e+00
2.465371131896972656e+00
1.494838476181030273e+00
6.732332706451416016e-01
-4.538002014160156250e-01
1.826733112335205078e+00
3.128793239593505859e-01
3.079935312271118164e+00
1.020606994628906250e+00
9.956862926483154297e-01
1.278872013092041016e+00
-1.842505216598510742e+00
1.290292263031005859e+00
1.468063592910766602e+00
-1.188418865203857422e-01
1.650762557983398438e-02
-9.850714206695556641e-01
6.896784305572509766e-01
-5.255734920501708984e-01
1.564545154571533203e+00
2.739208936691284180e+00
1.411216735839843750e+00
-6.327910423278808594e-01
2.667407751083374023e+00
4.629473686218261719e-01
2.455635309219360352e+00
4.460754394531250000e-01
1.861500978469848633e+00
2.673896789550781250e+00
7.901327610015869141e-01
3.888185024261474609e-01
-8.359344005584716797e-01
1.685968160629272461e+00
2.587024688720703125e+00
9.832322597503662109e-01
1.105538129806518555e+00
-6.312696933746337891e-01
4.274809360504150391e-01
2.657086849212646484e+00
1.478492498397827148e+00
-1.516211748123168945e+00
2.429685831069946289e+00
1.177985429763793945e+00
2.130299329757690430e+00
2.323883295059204102e+00
3.016269445419311523e+00
1.782780647277832031e+00
1.741462707519531250e+00
1.446145296096801758e+00
1.574311017990112305e+00
8.735299110412597656e-01
3.158814907073974609e-01
1.865758419036865234e+00
2.963647842407226562e+00
2.952490568161010742e+00
1.770495653152465820e+00
-1.436317443847656250e+00
-1.701129674911499023e+00
-6.171989440917968750e-02
9.486000537872314453e-01
-1.130563259124755859e+00
-5.245947837829589844e-02
1.752750873565673828e+00
1.952698469161987305e+00
2.401756525039672852e+00
2.613738298416137695e+00
2.516491889953613281e+00
-8.960480690002441406e-01
1.224736928939819336e+00
2.567337274551391602e+00
3.025181055068969727e+00
-6.476485729217529297e-01
2.754879236221313477e+00
1.423114299774169922e+00
7.575623989105224609e-01
-7.207591533660888672e-01
7.772691249847412109e-01
1.269793748855590820e+00
-1.831837654113769531e+00
2.766265869140625000e+00
1.042355775833129883e+00
2.704773187637329102e+00
9.268620014190673828e-01
2.244733810424804688e+00
2.467172384262084961e+00
6.349403858184814453e-01
2.969172954559326172e+00
2.017246007919311523e+00
-2.043019056320190430e+00
9.799232482910156250e-01
1.252927064895629883e+00
4.433062076568603516e-01
4.189326763153076172e-01
2.801979064941406250e+00
1.729591131210327148e+00
-1.946305513381958008e+00
1.750861883163452148e+00
2.232815265655517578e+00
1.837115526199340820e+00
5.339474678039550781e-01
3.078947544097900391e+00
2.650070190429687500e+00
2.195461988449096680e+00
8.952865600585937500e-01
-5.436491966247558594e-01
2.050474882125854492e+00
8.971312046051025391e-01
2.524112224578857422e+00
1.449621915817260742e+00
1.297143459320068359e+00
1.748641490936279297e+00
2.515007972717285156e+00
9.600613117218017578e-01
2.624173164367675781e+00
2.434117794036865234e-01
-8.643386363983154297e-01
2.956700086593627930e+00
1.644539833068847656e-02
2.672410249710083008e+00
2.966442584991455078e+00
9.258778095245361328e-01
4.616019725799560547e-01
2.057955980300903320e+00
2.736108303070068359e+00
2.810551166534423828e+00
-6.908516883850097656e-01
8.406846523284912109e-01
2.708619832992553711e+00
1.574484348297119141e+00
1.367262125015258789e+00
3.966271877288818359e-01
-1.287679672241210938e-01
1.557517290115356445e+00
2.405769586563110352e+00
2.485083341598510742e+00
-1.001488685607910156e+00
2.949271202087402344e+00
6.804287433624267578e-01
2.164693832397460938e+00
1.545839548110961914e+00
1.200363636016845703e-01
2.614455938339233398e+00
1.953794956207275391e+00
2.036821842193603516e-01
2.157528877258300781e+00
1.069932460784912109e+00
8.436357975006103516e-01
2.531212329864501953e+00
2.571787357330322266e+00
1.315075397491455078e+00
2.922356843948364258e+00
2.228474855422973633e+00
2.500102758407592773e+00
1.695351839065551758e+00
2.121559858322143555e+00
2.955518007278442383e+00
2.656649351119995117e+00
2.076935768127441406e-01
3.388476371765136719e-01
-1.845554113388061523e+00
-1.156025290489196777e+01
-1.560885906219482422e-01
1.643230676651000977e+00
2.302405357360839844e+00
1.112010478973388672e+00
2.581684589385986328e-01
1.579210758209228516e+00
-7.189373970031738281e-01
2.677672386169433594e+00
-1.518929004669189453e+00
-6.244978904724121094e-01
1.265883684158325195e+00
1.961328029632568359e+00
1.956930398941040039e+00
2.509427070617675781e-02
-5.149319171905517578e-01
3.025121688842773438e+00
5.889127254486083984e-01
1.043812036514282227e+00
8.184003829956054688e-01
2.694524049758911133e+00
1.486809253692626953e+00
1.946552991867065430e+00
8.005058765411376953e-01
-3.406171798706054688e-01
1.135233879089355469e+00
6.883797645568847656e-01
2.665041685104370117e+00
1.507943868637084961e+00
-1.885976791381835938e+00
9.687705039978027344e-01
1.097874879837036133e+00
1.312172412872314453e+00
8.130428791046142578e-01
2.358387231826782227e+00
1.993286848068237305e+00
1.275712728500366211e+00
2.943289279937744141e-01
2.966331243515014648e+00
-1.322118520736694336e+00
1.103761196136474609e-01
5.742237567901611328e-01
5.898656845092773438e-01
3.008289575576782227e+00
5.194585323333740234e-01
2.430169343948364258e+00
1.562718152999877930e+00
1.399483203887939453e+00
1.522226333618164062e+00
2.346170425415039062e+00
2.811921834945678711e+00
1.584994077682495117e+00
3.505883216857910156e-01
1.858443737030029297e+00
1.480601787567138672e+00
1.654990911483764648e+00
-7.519085407257080078e-01
1.713326454162597656e+00
2.648439407348632812e+00
2.234956502914428711e+00
9.133851528167724609e-01
2.821618795394897461e+00
1.332903385162353516e+00
1.878815650939941406e+00
2.209149122238159180e+00
2.145918369293212891e+00
1.114377021789550781e+00
1.931810379028320312e+00
2.739892244338989258e+00
2.032337427139282227e+00
2.634636640548706055e+00
-4.683065414428710938e-02
2.465645551681518555e+00
5.513620376586914062e-02
1.422112464904785156e+00
1.082317590713500977e+00
1.053133249282836914e+00
2.760254621505737305e+00
3.110076189041137695e+00
1.935974359512329102e+00
2.211130142211914062e+00
2.550579547882080078e+00
1.218438625335693359e+00
-6.152286529541015625e-01
-7.286732196807861328e-01
2.156485557556152344e+00
2.300017833709716797e+00
1.936826467514038086e+00
2.727537631988525391e+00
-1.172501325607299805e+00
2.593064546585083008e+00
3.663094043731689453e-01
1.874722719192504883e+00
-2.011562585830688477e+00
-1.198601484298706055e+00
2.870602607727050781e-01
2.996320724487304688e+00
1.564659357070922852e+00
3.055474996566772461e+00
-2.391173839569091797e-01
9.106628894805908203e-01
-1.110051393508911133e+00
2.370018482208251953e+00
-2.686879634857177734e-01
1.128236770629882812e+00
2.221495389938354492e+00
5.015199184417724609e-01
-3.994266986846923828e-01
-7.607448101043701172e-01
1.368880748748779297e+00
6.490194797515869141e-01
1.578058481216430664e+00
1.284008264541625977e+00
-1.259655952453613281e-01
1.650652647018432617e+00
2.380973815917968750e+00
2.042212009429931641e+00
2.064962863922119141e+00
1.031529903411865234e+00
2.296612262725830078e-01
-2.409201622009277344e+00
1.329994201660156250e-01
2.135910987854003906e+00
1.632552146911621094e-01
-2.344633817672729492e+00
2.732927083969116211e+00
2.238675832748413086e+00
2.045030593872070312e+00
1.506842851638793945e+00
2.974868774414062500e+00
-1.446627616882324219e+00
5.933461189270019531e-01
1.610167980194091797e+00
1.181654214859008789e+00
1.349139690399169922e+00
1.525937557220458984e+00
-3.363425731658935547e-01
2.760812759399414062e+00
2.070832252502441406e+00
5.414581298828125000e-02
7.305209636688232422e-01
1.724727869033813477e+00
1.700164079666137695e+00
-6.456282138824462891e-01
8.423464298248291016e-01
-3.281562328338623047e-01
3.038938522338867188e+00
1.936308383941650391e+00
2.833718538284301758e+00
-3.706827163696289062e-01
2.389172792434692383e+00
2.694852113723754883e+00
-2.020262956619262695e+00
1.228831052780151367e+00
2.983789920806884766e+00
8.665843009948730469e-01
1.674657821655273438e+00
1.408522129058837891e+00
-8.257446289062500000e-01
1.535506010055541992e+00
3.005033493041992188e+00
1.730233907699584961e+00
2.842924594879150391e-01
-2.402987957000732422e+00
2.633980512619018555e+00
9.524469375610351562e-01
6.927518844604492188e-01
8.523385524749755859e-01
1.438723802566528320e+00
2.509528160095214844e+00
7.020809650421142578e-01
-1.767108917236328125e+00
8.863680362701416016e-01
2.452557325363159180e+00
-2.219652891159057617e+00
1.179445266723632812e+00
6.869788169860839844e-01
2.001236915588378906e+00
1.074949741363525391e+00
2.250164031982421875e+00
2.620831727981567383e+00
1.918989419937133789e+00
2.752074956893920898e+00
4.415693283081054688e-01
2.624354362487792969e+00
9.608933925628662109e-01
1.662828922271728516e+00
-1.052706480026245117e+00
6.361880302429199219e-01
9.538435935974121094e-02
1.215871810913085938e+00
1.648387193679809570e+00
-1.696851706504821777e+01
2.240450143814086914e+00
9.909446239471435547e-01
6.809053421020507812e-01
-9.917078018188476562e-01
-6.766262054443359375e-01
2.343528270721435547e+00
1.715158462524414062e+00
1.953509330749511719e+00
8.512394428253173828e-01
2.470025539398193359e+00
2.200975418090820312e-01
2.498862743377685547e-01
2.599096775054931641e+00
2.871266603469848633e+00
2.980601072311401367e+00
2.674438714981079102e+00
2.483116865158081055e+00
2.522195816040039062e+00
4.855310916900634766e-01
2.868094921112060547e+00
-5.169277191162109375e-01
1.122235059738159180e+00
2.572601556777954102e+00
-3.007621765136718750e-01
-9.072461128234863281e-01
6.387171745300292969e-01
-6.625199317932128906e-02
2.329843044281005859e-01
-1.865262031555175781e+00
2.064198970794677734e+00
1.487402200698852539e+00
1.580267429351806641e+00
2.362818717956542969e+00
-1.647042036056518555e+00
-9.880256652832031250e-02
1.404640913009643555e+00
1.206665039062500000e-01
2.000679016113281250e+00
-8.166713714599609375e-01
2.313039779663085938e+00
5.062837600708007812e-01
-6.534223556518554688e-01
2.785718202590942383e+00
2.175393104553222656e+00
-1.392450809478759766e+00
3.873372077941894531e-02
6.712217330932617188e-01
-1.982590913772583008e+00
9.205713272094726562e-01
1.447077989578247070e+00
1.948486566543579102e+00
2.453768014907836914e+00
-3.531982898712158203e-01
2.297897100448608398e+00
-1.060153007507324219e+00
2.833181142807006836e+00
1.826396703720092773e+00
1.262844800949096680e+00
5.406689643859863281e-01
1.110561132431030273e+00
4.416186809539794922e-01
1.882145404815673828e-01
-8.894259929656982422e-01
-4.990425109863281250e-01
2.948328495025634766e+00
2.627015113830566406e-01
1.680971145629882812e+00
2.191713571548461914e+00
1.522027254104614258e+00
6.275928020477294922e-01
1.947574377059936523e+00
2.732337236404418945e+00
9.596140384674072266e-01
6.743309497833251953e-01
2.241568565368652344e+00
-2.810795783996582031e+00
2.404211759567260742e+00
1.182885646820068359e+00
2.773367881774902344e+00
2.857178926467895508e+00
1.288370370864868164e+00
-4.073593616485595703e-01
2.650183916091918945e+00
1.981197595596313477e+00
1.934940338134765625e+00
2.302886247634887695e+00
1.831890106201171875e+00
8.821229934692382812e-01
7.613179683685302734e-01
-5.942337512969970703e-01
2.023403882980346680e+00
-3.475789546966552734e+00
2.702749729156494141e+00
1.844032287597656250e+00
2.019800901412963867e+00
1.693384885787963867e+00
2.921275138854980469e+00
2.754108905792236328e+00
1.607462882995605469e+00
1.974678993225097656e+00
3.879055976867675781e-01
-1.518911361694335938e+00
3.052558422088623047e+00
-7.677237987518310547e-01
6.273376941680908203e-01
5.371778011322021484e-01
8.130154609680175781e-01
2.642707109451293945e+00
2.327813625335693359e+00
2.674358606338500977e+00
3.972697257995605469e-02
2.062628507614135742e+00
1.239871978759765625e-01
-1.750544548034667969e+00
-1.291584968566894531e-02
2.918885231018066406e+00
1.221263647079467773e+00
2.811669349670410156e+00
1.666275978088378906e+00
2.466052770614624023e+00
1.747905492782592773e+00
1.002735853195190430e+00
7.927880287170410156e-01
2.300867795944213867e+00
-4.387378692626953125e-01
1.368582963943481445e+00
6.050550937652587891e-01
1.274657011032104492e+00
1.259467363357543945e+00
1.148693561553955078e-01
1.105314731597900391e+00
2.158316373825073242e+00
2.477280139923095703e+00
2.931582689285278320e+00
5.617489814758300781e-01
-1.470956802368164062e-01
1.522143840789794922e+00
9.342131614685058594e-01
2.295377492904663086e+00
1.116504907608032227e+00
1.456648826599121094e+00
1.546132564544677734e+00
6.383328437805175781e-01
8.481056690216064453e-01
1.639392614364624023e+00
1.697632789611816406e+00
2.823322057723999023e+00
-4.364347457885742188e-02
2.777661800384521484e+00
1.458782434463500977e+00
2.734858274459838867e+00
1.093157291412353516e+00
1.164297342300415039e+00
1.146112442016601562e+00
9.881231784820556641e-01
2.924103975296020508e+00
1.837768554687500000e+00
-1.437628269195556641e-01
8.000874519348144531e-01
1.967896461486816406e+00
-3.496549129486083984e-01
2.533771991729736328e+00
2.779505491256713867e+00
3.430116176605224609e-01
1.441302776336669922e+00
1.323861360549926758e+00
4.007532596588134766e-01
2.851291656494140625e+00
1.263263702392578125e+00
1.793257951736450195e+00
1.794038772583007812e+00
2.424293518066406250e+00
1.237651348114013672e+00
1.689784765243530273e+00
2.812009096145629883e+00
1.082839965820312500e+00
2.096741437911987305e+00
-4.519317150115966797e-01
3.223068714141845703e-01
1.526218175888061523e+00
2.567877769470214844e+00
7.638251781463623047e-01
7.577638626098632812e-01
2.914440155029296875e+00
3.052915811538696289e+00
2.943078517913818359e+00
2.073020935058593750e+00
2.338661670684814453e+00
-5.625798702239990234e-01
6.235384941101074219e-01
1.408813476562500000e+00
-1.306947636604309082e+01
4.801194667816162109e-01
-2.841897726058959961e+00
1.535389661788940430e+00
1.617221355438232422e+00
-3.285929441452026367e+00
1.094340324401855469e+00
1.614132165908813477e+00
2.565261363983154297e+00
6.863529682159423828e-01
2.777938365936279297e+00
9.684655666351318359e-01
9.784324169158935547e-01
1.992964506149291992e+00
1.807289838790893555e+00
-5.986833572387695312e-01
2.071759462356567383e+00
-1.451816797256469727e+00
1.117291212081909180e+00
1.144991159439086914e+00
2.640426635742187500e+00
1.257113695144653320e+00
1.006433963775634766e+00
2.603864669799804688e+00
2.132346868515014648e+00
1.338759183883666992e+00
2.458715438842773438e-02
2.875886678695678711e+00
-4.826161861419677734e-01
2.430031776428222656e+00
1.965044260025024414e+00
3.052396774291992188e-01
2.885810136795043945e+00
-6.191003322601318359e-01
4.416153430938720703e-01
-8.594894409179687500e-02
1.243031740188598633e+00
2.976587295532226562e+00
1.218387126922607422e+00
1.462047815322875977e+00
1.202408790588378906e+00
1.604275226593017578e+00
-1.086822271347045898e+00
3.364078998565673828e-01
2.182655811309814453e+00
2.032682180404663086e+00
3.987314701080322266e-01
2.146121263504028320e+00
8.263194561004638672e-01
-1.073875904083251953e+00
1.773980140686035156e+00
3.246390819549560547e-01
1.335030317306518555e+00
1.243879556655883789e+00
1.542309045791625977e+00
3.309831619262695312e-01
2.276094675064086914e+00
1.985533475875854492e+00
2.889886856079101562e+00
1.138839006423950195e+00
1.786661148071289062e-01
2.871622085571289062e+00
2.599862575531005859e+00
2.475729942321777344e+00
-9.952828884124755859e-01
2.802368640899658203e+00
1.156760931015014648e+00
2.590748548507690430e+00
2.681516647338867188e+00
-7.736403942108154297e-01
5.414404869079589844e-01
2.669041395187377930e+00
1.197914123535156250e+00
-7.446441650390625000e-01
-4.354107379913330078e-01
2.207467555999755859e-01
-2.913592815399169922e+00
1.508428812026977539e+00
1.676399707794189453e-01
2.570526123046875000e+00
4.648656845092773438e-01
-1.882739305496215820e+00
4.671611785888671875e-01
2.151497602462768555e+00
1.798316001892089844e+00
2.026957273483276367e+00
-1.304214000701904297e-01
2.638771295547485352e+00
1.192350387573242188e+00
1.409499645233154297e+00
1.696205615997314453e+00
2.381210803985595703e+00
2.895755529403686523e+00
1.504790782928466797e+00
-5.853960514068603516e-01
1.262862682342529297e+00
5.742144584655761719e-02
2.050744295120239258e+00
1.328234434127807617e+00
1.289283514022827148e+00
1.808737516403198242e+00
2.593529224395751953e+00
2.473599433898925781e+00
4.756295680999755859e-01
-1.531656265258789062e+00
4.569730758666992188e-01
1.655649185180664062e+00
2.883969306945800781e+00
2.191188335418701172e+00
2.653410911560058594e+00
2.322716712951660156e+00
-1.881456613540649414e+00
1.773462772369384766e+00
8.109583854675292969e-01
4.938406944274902344e-01
2.797889471054077148e+00
-7.511787414550781250e-01
2.501099348068237305e+00
2.458843469619750977e+00
9.928631782531738281e-01
1.346557855606079102e+00
-1.236196041107177734e+00
1.968751907348632812e+00
1.513720035552978516e+00
5.645427703857421875e-01
1.769195795059204102e+00
1.570909738540649414e+00
1.916628837585449219e+00
1.889713525772094727e+00
-1.353074789047241211e+00
2.794742107391357422e+00
1.725889682769775391e+00
1.202715873718261719e+00
2.207093000411987305e+00
2.867560386657714844e-01
2.630504131317138672e+00
6.697609424591064453e-01
2.102178812026977539e+00
2.680200576782226562e+00
-2.054021358489990234e-01
-1.069116592407226562e+00
1.171344280242919922e+00
-5.375862121582031250e-03
1.633664846420288086e+00
9.934000968933105469e-01
2.370163917541503906e+00
1.840763092041015625e+00
-4.161286354064941406e-02
1.167806148529052734e+00
2.736561298370361328e+00
1.255422830581665039e+00
2.584519624710083008e+00
1.178321838378906250e+00
2.925240278244018555e+00
2.470911741256713867e+00
2.357085466384887695e+00
3.205687999725341797e-01
5.282800197601318359e-01
1.979811191558837891e+00
2.955378055572509766e+00
1.052740812301635742e+00
1.763918161392211914e+00
-8.301069736480712891e-01
2.198105812072753906e+00
2.154097557067871094e+00
2.825229883193969727e+00
2.184387445449829102e+00
-7.280156612396240234e-01
1.153280735015869141e-01
2.751989603042602539e+00
1.157825469970703125e+00
5.180933475494384766e-01
2.436721563339233398e+00
1.133120775222778320e+00
2.621718645095825195e+00
-1.079457283020019531e+00
2.799619913101196289e+00
-4.141736030578613281e-02
8.370583057403564453e-01
-1.126894950866699219e-01
-1.532266139984130859e+00
6.580865383148193359e-01
-2.270299434661865234e+00
2.481288909912109375e+00
2.574300050735473633e+00
4.051282405853271484e-01
-8.477923870086669922e-01
1.298076868057250977e+00
3.362617492675781250e-01
2.865326166152954102e+00
-3.416824340820312500e-02
-1.739978790283203125e-03
-1.543717026710510254e+01
9.799909591674804688e-02
2.664714336395263672e+00
1.849902868270874023e+00
2.857239484786987305e+00
1.934310197830200195e+00
2.100925207138061523e+00
-1.934696912765502930e+00
2.616281509399414062e+00
-1.694694280624389648e+00
1.278104543685913086e+00
2.617941856384277344e+00
2.453152179718017578e+00
1.334222078323364258e+00
7.267208099365234375e-01
-1.437115192413330078e+00
-1.889927387237548828e-01
1.395640373229980469e+00
6.597063541412353516e-01
2.079582214355468750e-01
3.628249168395996094e-01
3.559589385986328125e-02
5.963969230651855469e-01
1.479771614074707031e+00
1.376330137252807617e+00
1.818879127502441406e+00
2.378931045532226562e+00
1.746934890747070312e+00
1.704769134521484375e+00
2.930045604705810547e+00
8.611373901367187500e-01
1.488890886306762695e+00
2.636008262634277344e-01
-1.768304109573364258e+00
2.372733116149902344e+00
2.170674085617065430e+00
7.208824157714843750e-02
-7.545912265777587891e-01
2.033868551254272461e+00
2.108178138732910156e-01
2.645346164703369141e+00
-2.761980056762695312e+00
2.292460918426513672e+00
-8.604676723480224609e-01
-7.258145809173583984e-01
2.257922410964965820e+00
-9.683072566986083984e-01
1.040076732635498047e+00
2.251337528228759766e+00
1.440009355545043945e+00
1.631542921066284180e+00
6.361136436462402344e-01
2.658408641815185547e+00
1.506170511245727539e+00
2.063140630722045898e+00
8.601427078247070312e-03
1.176754474639892578e+00
5.662631988525390625e-02
2.298740863800048828e+00
1.315693855285644531e+00
6.132240295410156250e-01
1.622188091278076172e-01
-1.185730457305908203e+00
1.505148887634277344e+00
2.419882535934448242e+00
1.127279043197631836e+00
2.281141281127929688e-01
2.719566345214843750e+00
1.799974918365478516e+00
2.514079093933105469e+00
-3.584742546081542969e-02
2.304385185241699219e+00
-1.591426849365234375e+00
2.897747993469238281e+00
2.878624200820922852e+00
2.933085203170776367e+00
2.747128725051879883e+00
2.295369386672973633e+00
6.252996921539306641e-01
4.190216064453125000e-01
1.260347843170166016e+00
7.011749744415283203e-01
2.174587011337280273e+00
-1.533267498016357422e+00
2.803219079971313477e+00
9.762573242187500000e-01
1.793570995330810547e+00
1.901968240737915039e+00
1.294346809387207031e+00
-1.817019701004028320e+00
2.619835853576660156e+00
1.004879951477050781e+00
2.243513822555541992e+00
9.994010925292968750e-01
2.743061542510986328e+00
2.110948801040649414e+00
-2.056225299835205078e+00
2.227900266647338867e+00
6.386406421661376953e-01
2.699636936187744141e+00
1.868664503097534180e+00
2.340466022491455078e+00
2.079766035079956055e+00
1.384002685546875000e+00
2.037320137023925781e-01
2.999732255935668945e+00
1.994023799896240234e+00
1.426131963729858398e+00
1.422986030578613281e+00
2.711197853088378906e+00
2.231840372085571289e+00
1.265756368637084961e+00
1.310958385467529297e+00
2.067082166671752930e+00
2.637269496917724609e-01
-7.501621246337890625e-01
7.884263992309570312e-03
1.419311285018920898e+00
1.223382949829101562e+00
-8.306837081909179688e-01
3.768100738525390625e-01
7.592840194702148438e-01
9.613099098205566406e-01
2.462255954742431641e-01
5.869617462158203125e-01
1.042825698852539062e+00
1.866929054260253906e+00
1.519104242324829102e+00
2.345428943634033203e+00
1.982003211975097656e+00
1.757356166839599609e+00
2.241868972778320312e+00
1.507123470306396484e+00
2.200510025024414062e+00
2.621085643768310547e-01
-7.784969806671142578e-01
9.883556365966796875e-01
2.027734041213989258e+00
1.928789138793945312e+00
4.828393459320068359e-01
1.209690570831298828e+00
5.216650962829589844e-01
2.612473487854003906e+00
1.419237613677978516e+00
2.584614753723144531e-01
2.550745487213134766e+00
-1.413396835327148438e+00
2.869575738906860352e+00
4.713969230651855469e-01
4.282574653625488281e-01
1.501901388168334961e+00
2.445270776748657227e+00
1.732965230941772461e+00
1.071681261062622070e+00
1.618685960769653320e+00
2.209560632705688477e+00
2.522696971893310547e+00
-7.798647880554199219e-02
2.337076425552368164e+00
2.211646080017089844e+00
-7.882115840911865234e-01
2.708247900009155273e+00
2.374717235565185547e+00
1.777896881103515625e-01
4.310123920440673828e-01
7.357990741729736328e-01
-1.257914304733276367e+00
2.772926807403564453e+00
2.756187915802001953e+00
2.062595605850219727e+00
8.589973449707031250e-01
8.243246078491210938e-01
-1.690987825393676758e+00
2.199173927307128906e+00
1.834969043731689453e+00
-6.322798728942871094e-01
2.138378620147705078e+00
8.259940147399902344e-01
2.684024810791015625e+00
2.023733377456665039e+00
5.179736614227294922e-01
1.369575977325439453e+00
5.940546989440917969e-01
2.903378248214721680e+00
-1.527939319610595703e+00
-1.498457670211791992e+00
1.326127052307128906e+00
-7.328248023986816406e-01
1.627890348434448242e+00
3.032763004302978516e+00
3.662366867065429688e-01
-7.558689117431640625e-01
-1.377927422523498535e+01
2.453117609024047852e+00
1.872748851776123047e+00
9.239027500152587891e-01
8.491125106811523438e-01
1.409314632415771484e+00
9.162986278533935547e-01
1.600093126296997070e+00
1.145262718200683594e-01
2.380818367004394531e+00
8.818614482879638672e-01
3.644587993621826172e-01
1.161404609680175781e+00
2.686125993728637695e+00
4.335155487060546875e-01
3.930435180664062500e-01
2.691812276840209961e+00
9.644184112548828125e-01
7.109253406524658203e-01
2.772935390472412109e+00
1.044351339340209961e+00
-5.958611965179443359e-01
1.570799827575683594e+00
2.036299705505371094e-01
2.195977210998535156e+00
2.738848924636840820e+00
1.027302026748657227e+00
1.688638687133789062e+00
-1.193416595458984375e+00
1.554677009582519531e+00
-2.351760864257812500e-03
1.205193996429443359e-01
2.687157869338989258e+00
3.046772003173828125e+00
1.455619096755981445e+00
2.146613359451293945e+00
-1.265075445175170898e+00
-4.664173126220703125e-01
2.654416561126708984e+00
1.541948795318603516e+00
1.272454023361206055e+00
1.622976541519165039e+00
1.629453897476196289e+00
1.529008150100708008e+00
2.164744615554809570e+00
2.534588098526000977e+00
1.616639852523803711e+00
1.755655288696289062e+00
2.700283288955688477e+00
-1.179213523864746094e-01
-1.020883083343505859e+00
1.422913551330566406e+00
2.359564304351806641e+00
2.745030164718627930e+00
2.492388486862182617e+00
2.705042123794555664e+00
1.206519603729248047e+00
2.293858766555786133e+00
2.629199504852294922e+00
1.520233392715454102e+00
1.739353179931640625e+00
1.048315286636352539e+00
2.697602748870849609e+00
2.296721935272216797e+00
1.419595003128051758e+00
1.103004693984985352e+00
1.393863677978515625e+00
2.852919578552246094e+00
3.246665000915527344e-02
-9.653112888336181641e-01
2.405776262283325195e+00
-1.469611644744873047e+00
1.609627962112426758e+00
1.114659547805786133e+00
-6.937141418457031250e-01
6.670730113983154297e-01
1.269125699996948242e+00
1.894854784011840820e+00
1.228161573410034180e+00
-1.452803611755371094e-02
-9.710001945495605469e-02
1.438146352767944336e+00
2.963415384292602539e+00
8.964378833770751953e-01
1.430821657180786133e+00
1.269343614578247070e+00
3.080742359161376953e+00
3.432412147521972656e-01
2.165985107421875000e+00
5.815258026123046875e-01
1.302108764648437500e+00
1.353117227554321289e+00
2.659926652908325195e+00
1.565288543701171875e+00
-4.002833366394042969e-02
2.870954036712646484e+00
1.101899385452270508e+00
2.299547910690307617e+00
3.009977340698242188e-01
3.069917917251586914e+00
2.011333942413330078e+00
2.671490192413330078e+00
2.458112239837646484e+00
2.963580131530761719e+00
1.893069505691528320e+00
8.514657020568847656e-01
-1.964083671569824219e+00
2.037452220916748047e+00
2.424604892730712891e+00
1.400732278823852539e+00
1.009353160858154297e+00
2.893552303314208984e+00
2.501249551773071289e+00
1.456885099411010742e+00
-1.395559072494506836e+00
2.127301931381225586e+00
2.846460103988647461e+00
2.121036529541015625e+00
2.052593231201171875e-02
2.124696969985961914e+00
3.536853790283203125e-01
2.785315513610839844e+00
-1.285684585571289062e+00
2.272072553634643555e+00
2.766211271286010742e+00
2.700595617294311523e+00
2.467664241790771484e+00
1.102823019027709961e+00
-2.340834617614746094e+00
2.693938970565795898e+00
2.088094711303710938e+00
-3.463912010192871094e+00
1.927098512649536133e+00
3.224442005157470703e-01
2.218959808349609375e+00
-6.309871673583984375e-01
2.612469434738159180e+00
5.275142192840576172e-01
1.817645072937011719e+00
-1.102738380432128906e-01
3.023107290267944336e+00
2.136536836624145508e+00
2.991833209991455078e+00
1.564955472946166992e+00
3.010704755783081055e+00
6.564428806304931641e-01
2.965225934982299805e+00
-3.671085834503173828e-01
2.556829214096069336e+00
2.129031896591186523e+00
7.579815387725830078e-01
-1.698477268218994141e-01
6.804103851318359375e-01
2.589685916900634766e-01
2.628672599792480469e+00
7.223911285400390625e-01
2.094980478286743164e+00
3.946709632873535156e-01
1.270691156387329102e+00
2.733024120330810547e+00
2.895812988281250000e+00
5.197241306304931641e-01
8.449282646179199219e-01
-1.778065681457519531e+00
8.507704734802246094e-01
4.632225036621093750e-01
1.197309970855712891e+00
1.218444585800170898e+00
-2.260799169540405273e+00
2.326390743255615234e+00
1.238991260528564453e+00
2.997668266296386719e+00
1.112191915512084961e+00
8.236041069030761719e-01
2.502695798873901367e+00
-3.009836673736572266e-01
1.125689983367919922e+00
2.137818098068237305e+00
3.588306903839111328e-01
2.963984489440917969e+00
1.251089572906494141e+00
2.063221693038940430e+00
8.797256946563720703e-01
7.913341522216796875e-01
2.856719970703125000e+00
-3.256278038024902344e-01
-7.891979217529296875e-01
-4.001777172088623047e-01
2.729275226593017578e-01
1.675461769104003906e+00
1.409739494323730469e+00
4.019715785980224609e-01
-1.804586720466613770e+01
2.202293634414672852e+00
2.981705904006958008e+00
5.025312900543212891e-01
1.577782630920410156e+00
-1.136444330215454102e+00
3.479707241058349609e-01
6.740865707397460938e-01
2.350536584854125977e+00
3.429470062255859375e-01
2.539205551147460938e-01
-2.736549377441406250e-01
3.012984752655029297e+00
2.785110473632812500e+00
3.078636646270751953e+00
1.560304164886474609e-01
-4.061460494995117188e-02
2.875239372253417969e+00
2.742699384689331055e+00
2.957270860671997070e+00
9.399826526641845703e-01
1.260437726974487305e+00
2.806132078170776367e+00
-5.800802707672119141e-01
1.349310874938964844e+00
-2.124750614166259766e+00
-4.186763763427734375e-01
2.976343154907226562e+00
1.965359687805175781e+00
-4.274072647094726562e-01
1.669429779052734375e+00
2.387089490890502930e+00
1.370403766632080078e-01
2.896778821945190430e+00
1.447864055633544922e+00
1.024500370025634766e+00
-2.457809925079345703e+00
2.980250120162963867e+00
3.027549982070922852e+00
2.006872177124023438e+00
8.896498680114746094e-01
-1.087004423141479492e+00
2.514102458953857422e+00
1.354950666427612305e+00
-5.801839828491210938e-01
1.791999340057373047e-01
7.498488426208496094e-01
1.906593561172485352e+00
2.526686668395996094e+00
2.892647027969360352e+00
8.260180950164794922e-01
1.332315206527709961e+00
9.645838737487792969e-01
1.455826997756958008e+00
1.118617296218872070e+00
1.236456394195556641e+00
3.776524066925048828e-01
2.180742740631103516e+00
2.585719585418701172e+00
-2.032586812973022461e+00
1.626430273056030273e+00
4.115040302276611328e-01
2.693333864212036133e+00
7.503519058227539062e-01
3.029407739639282227e+00
9.763388633728027344e-01
2.401887893676757812e+00
-1.237306594848632812e+00
2.755541801452636719e+00
2.643571853637695312e+00
9.267163276672363281e-02
-2.242805957794189453e-01
9.263577461242675781e-01
2.169120550155639648e+00
2.329343795776367188e+00
1.698466062545776367e+00
1.652633190155029297e+00
1.575481414794921875e+00
8.766169548034667969e-01
-5.947642326354980469e-01
2.920072793960571289e+00
-4.331517219543457031e-02
-1.462676763534545898e+00
1.761067628860473633e+00
5.619435310363769531e-01
1.238106012344360352e+00
1.094672679901123047e-01
2.565556049346923828e+00
2.946374893188476562e+00
2.926007986068725586e+00
-2.083635330200195312e-02
9.745175838470458984e-01
2.494638681411743164e+00
-3.286743164062500000e-02
2.995767116546630859e+00
2.953160285949707031e+00
1.108667850494384766e+00
1.023264884948730469e+00
5.982952117919921875e-01
8.762049674987792969e-01
4.156286716461181641e-01
4.034137725830078125e-01
-1.156252145767211914e+00
2.290098667144775391e-01
-1.808317422866821289e+00
2.271140098571777344e+00
1.947751998901367188e+00
2.608882665634155273e+00
-4.155774116516113281e-01
2.689955234527587891e+00
1.698832750320434570e+00
1.484992504119873047e+00
1.927065134048461914e+00
1.921600103378295898e+00
1.590112686157226562e+00
2.291366100311279297e+00
2.269819974899291992e+00
-4.159555435180664062e-01
2.967201471328735352e+00
6.172263622283935547e-01
-9.454607963562011719e-02
2.525398015975952148e+00
1.440032005310058594e+00
2.981691598892211914e+00
1.082404375076293945e+00
1.646064043045043945e+00
2.394345760345458984e+00
8.805065155029296875e-01
8.567309379577636719e-01
2.966444253921508789e+00
-2.574739456176757812e-01
-2.789196968078613281e-01
2.470389366149902344e+00
2.629856109619140625e+00
8.515396118164062500e-01
4.550564289093017578e-01
-1.385276317596435547e-01
1.386067628860473633e+00
-3.903753757476806641e-01
3.354263305664062500e-01
2.545621156692504883e+00
1.759533882141113281e+00
2.867875099182128906e-01
1.575532913208007812e+00
1.701525688171386719e+00
-1.300206184387207031e+00
5.381529331207275391e-01
-1.100823640823364258e+00
-4.553465843200683594e-01
1.074527740478515625e+00
2.647518634796142578e+00
1.395151853561401367e+00
-8.527016639709472656e-02
1.630076646804809570e+00
1.798501253128051758e+00
2.888480663299560547e+00
2.975447654724121094e+00
1.604218482971191406e+00
2.690787315368652344e+00
5.405385494232177734e-01
7.193653583526611328e-01
4.370024204254150391e-01
1.592903852462768555e+00
1.958260536193847656e-01
9.353685379028320312e-01
1.622907876968383789e+00
-1.033918380737304688e+00
1.327837705612182617e+00
3.053410291671752930e+00
6.827745437622070312e-01
2.603450059890747070e+00
2.048931121826171875e+00
1.826279163360595703e-01
2.647611379623413086e+00
9.600582122802734375e-01
2.450325965881347656e+00
2.624213933944702148e+00
2.888695716857910156e+00
-1.492960453033447266e+00
1.688420772552490234e+00
-6.093649864196777344e-01
-2.390027523040771484e+00
-1.885684013366699219e+00
5.009114742279052734e-01
-4.995200634002685547e-01
1.325310707092285156e+00
2.605447530746459961e+00
1.812559604644775391e+00
1.036810636520385742e+00
2.867541551589965820e+00
1.200790166854858398e+00
1.934177160263061523e+00
-1.495991086959838867e+01
4.471817016601562500e-01
1.584963560104370117e+00
2.000975131988525391e+00
-1.843942165374755859e+00
2.582135915756225586e+00
2.694482803344726562e+00
-5.878589153289794922e-01
3.136856555938720703e-01
-6.544408798217773438e-01
1.182940721511840820e+00
7.283532619476318359e-01
6.227755546569824219e-02
-1.868350744247436523e+00
-7.550959587097167969e-01
1.305040359497070312e+00
2.087663650512695312e+00
1.344888210296630859e-01
1.137382268905639648e+00
-9.984347820281982422e-01
1.081088781356811523e+00
6.227176189422607422e-01
1.820106029510498047e+00
1.194027423858642578e+00
1.300682544708251953e+00
1.151863098144531250e+00
1.299746036529541016e-01
-1.301676988601684570e+00
1.929313421249389648e+00
5.084543228149414062e-01
-4.905438423156738281e-02
2.755332946777343750e+00
-1.469846487045288086e+00
2.287453651428222656e+00
2.983006954193115234e+00
2.779455184936523438e+00
2.174391031265258789e+00
2.985451459884643555e+00
2.595049858093261719e+00
2.977889060974121094e+00
1.875603675842285156e+00
2.589617013931274414e+00
1.051837921142578125e+00
2.189844369888305664e+00
2.904597520828247070e+00
1.316073894500732422e+00
4.145684242248535156e-01
1.465498924255371094e+00
-2.415187358856201172e-01
1.881781339645385742e+00
1.267854452133178711e+00
-2.144246339797973633e+00
2.471082925796508789e+00
1.942961215972900391e-01
-1.240396499633789062e-01
1.033013582229614258e+00
8.706078529357910156e-01
2.336388111114501953e+00
2.826954603195190430e+00
2.546801567077636719e-01
-1.758990287780761719e-01
9.640083312988281250e-01
2.296832561492919922e+00
6.918976306915283203e-01
2.783047437667846680e+00
7.699286937713623047e-01
1.907935142517089844e-01
2.581002712249755859e+00
2.814966440200805664e+00
8.217914104461669922e-01
-3.593134880065917969e-02
3.017470836639404297e+00
3.453574180603027344e-01
1.420122385025024414e+00
-7.785956859588623047e-01
2.168607234954833984e+00
2.496966600418090820e+00
2.403913736343383789e+00
6.235475540161132812e-01
2.436878681182861328e+00
2.853837966918945312e+00
1.454099416732788086e+00
7.653832435607910156e-01
-6.576044559478759766e-01
1.499880552291870117e+00
1.425004720687866211e+00
8.074276447296142578e-01
3.925466537475585938e-01
-2.460286617279052734e+00
9.122891426086425781e-01
1.129311561584472656e+00
2.918833732604980469e+00
-7.481472492218017578e-01
-3.645300865173339844e-02
2.739197254180908203e+00
-9.736227989196777344e-02
1.002820730209350586e+00
2.654865980148315430e+00
8.516795635223388672e-01
2.917906999588012695e+00
2.291074991226196289e+00
2.472737789154052734e+00
6.446352005004882812e-01
1.456573009490966797e+00
9.560143947601318359e-01
2.414006471633911133e+00
-5.914759635925292969e-02
5.757706165313720703e-01
2.750396251678466797e+00
2.380368709564208984e-01
1.196059703826904297e+00
-6.546535491943359375e-01
1.386949777603149414e+00
2.763044595718383789e+00
9.759457111358642578e-01
5.578885078430175781e-01
1.775077819824218750e+00
2.856534242630004883e+00
1.021099328994750977e+00
-1.230150699615478516e+00
-9.649710655212402344e-01
6.904277801513671875e-01
3.439164161682128906e-01
1.216278314590454102e+00
1.619153499603271484e+00
-3.839254379272460938e-01
1.774087429046630859e+00
1.618083238601684570e+00
2.077477931976318359e+00
-1.073999404907226562e+00
1.960589885711669922e-01
1.561754703521728516e+00
2.634315013885498047e+00
1.608855247497558594e+00
2.313208103179931641e+00
1.858732700347900391e-01
-1.064980030059814453e-01
1.751561880111694336e+00
-1.707050800323486328e-01
2.321874141693115234e+00
1.299045324325561523e+00
1.054060697555541992e+00
5.539734363555908203e-01
1.570554018020629883e+00
1.218415498733520508e+00
2.834267616271972656e-01
1.772449731826782227e+00
2.971597433090209961e+00
-2.100651264190673828e-01
1.868557691574096680e+00
1.831110477447509766e+00
1.170446157455444336e+00
2.462040662765502930e+00
-8.295259475708007812e-01
6.309242248535156250e-01
-1.057996749877929688e+00
2.042745590209960938e+00
2.233114719390869141e+00
1.256037473678588867e+00
2.326292753219604492e+00
1.199305057525634766e+00
2.600337028503417969e+00
2.611903429031372070e+00
1.632291555404663086e+00
1.516451120376586914e+00
2.043157339096069336e+00
1.121156454086303711e+00
2.708381414413452148e+00
-1.740174531936645508e+00
7.321619987487792969e-01
-1.574025154113769531e-01
2.262539863586425781e+00
8.399636745452880859e-01
3.029579401016235352e+00
2.289307355880737305e+00
-1.069476127624511719e+00
1.599400281906127930e+00
1.124422073364257812e+00
-5.332415103912353516e-01
-1.925163269042968750e-01
-6.551723480224609375e-01
1.823310852050781250e+00
-3.371927499771118164e+00
9.768214225769042969e-01
1.189861059188842773e+00
-1.069380283355712891e+00
5.145475864410400391e-01
1.794035434722900391e+00
2.826706647872924805e+00
8.270373344421386719e-01
2.071552276611328125e-01
2.111225128173828125e+00
-1.470518469810485840e+01
2.607664585113525391e+00
8.592886924743652344e-01
2.530882835388183594e+00
-2.060855865478515625e+00
-5.220043659210205078e-01
-1.621369600296020508e+00
1.407368183135986328e+00
1.698423862457275391e+00
-6.732215881347656250e-01
-5.188632011413574219e-01
-1.679625511169433594e-01
1.141898870468139648e+00
1.936439990997314453e+00
7.308366298675537109e-01
1.458440780639648438e+00
2.592452764511108398e+00
2.789930582046508789e+00
-5.241069793701171875e-01
-8.227281570434570312e-01
1.403813362121582031e+00
2.183153629302978516e-01
7.299611568450927734e-01
2.318603754043579102e+00
2.387409687042236328e+00
-3.557078838348388672e-01
2.718012332916259766e+00
3.083060741424560547e+00
3.025916337966918945e+00
2.881476879119873047e-01
3.740804195404052734e-01
2.881678581237792969e+00
1.143531084060668945e+00
1.005528688430786133e+00
-1.831439971923828125e+00
2.575555562973022461e+00
1.823496580123901367e+00
7.440178394317626953e-01
8.548603057861328125e-01
2.015054225921630859e-01
2.558467626571655273e+00
9.436805248260498047e-01
2.598300457000732422e+00
2.600515365600585938e+00
7.747998237609863281e-01
3.400304317474365234e-01
8.909280300140380859e-01
2.810785055160522461e+00
2.923766374588012695e+00
1.585630893707275391e+00
8.376684188842773438e-01
2.262099742889404297e+00
-1.533024549484252930e+00
2.115000963211059570e+00
-9.826278686523437500e-02
2.979876279830932617e+00
1.860391378402709961e+00
-1.556980609893798828e-01
7.973716259002685547e-01
-4.055514335632324219e-01
9.191377162933349609e-01
1.848871231079101562e+00
2.057626724243164062e+00
-5.257248878479003906e-02
6.367659568786621094e-01
-6.358935832977294922e-01
1.734678506851196289e+00
1.643774271011352539e+00
-1.858792781829833984e+00
2.389298915863037109e+00
1.154098987579345703e+00
1.286909341812133789e+00
-2.536759376525878906e-01
2.736397743225097656e+00
1.445342779159545898e+00
1.900544166564941406e+00
7.701036930084228516e-01
1.429753780364990234e+00
2.938472270965576172e+00
1.235574722290039062e+00
2.052844285964965820e+00
2.614426851272583008e+00
-2.607545852661132812e-01
1.171379089355468750e-01
2.480411529541015625e-02
1.997981071472167969e-01
1.623094081878662109e-01
-4.384560585021972656e-01
1.521792650222778320e+00
1.968662977218627930e+00
-4.509720802307128906e-01
3.039496660232543945e+00
-3.992540836334228516e-01
2.315251827239990234e+00
1.083843469619750977e+00
2.668250322341918945e+00
2.861680269241333008e+00
1.467910051345825195e+00
1.868262767791748047e+00
1.132761240005493164e+00
2.394850254058837891e+00
1.372595071792602539e+00
2.182321071624755859e+00
2.783815383911132812e+00
-4.208254814147949219e-01
2.257157564163208008e+00
-5.037982463836669922e-01
2.153057575225830078e+00
2.934447765350341797e+00
3.399043083190917969e-01
1.319432258605957031e-02
7.218232154846191406e-01
1.516652584075927734e+00
2.827355861663818359e+00
2.776051282882690430e+00
1.001436948776245117e+00
1.230365753173828125e+00
8.657269477844238281e-01
5.695686340332031250e-01
-1.449253082275390625e+00
2.021547555923461914e+00
2.385031461715698242e+00
2.072529792785644531e-01
2.386211395263671875e+00
1.176911830902099609e+00
1.505163431167602539e+00
-2.459497451782226562e+00
1.891755580902099609e+00
1.769656658172607422e+00
4.303932189941406250e-02
1.298644304275512695e+00
3.012985944747924805e+00
-2.589955568313598633e+00
-1.321853160858154297e+00
-5.473184585571289062e-01
6.704852581024169922e-01
1.187236070632934570e+00
1.042363643646240234e+00
7.927191257476806641e-01
1.632665872573852539e+00
1.301392793655395508e+00
2.902982473373413086e+00
2.326573133468627930e+00
2.076817750930786133e+00
9.024217128753662109e-01
1.746185064315795898e+00
9.195065498352050781e-01
8.372044563293457031e-02
-2.842476367950439453e+00
1.165331840515136719e+00
5.261094570159912109e-01
2.169327735900878906e-01
1.345999956130981445e+00
2.955648660659790039e+00
2.503515481948852539e+00
-3.928551673889160156e-01
1.567120552062988281e-01
7.683556079864501953e-01
-3.257359504699707031e+00
2.032539129257202148e+00
6.686460971832275391e-01
1.606321811676025391e+00
1.635520219802856445e+00
2.903335809707641602e+00
-1.298436880111694336e+00
4.695532321929931641e-01
-3.735830783843994141e-01
-6.581985950469970703e-01
-8.555989265441894531e-01
-1.367250204086303711e+00
-1.812257766723632812e-01
3.060992956161499023e+00
2.906430244445800781e+00
1.491198539733886719e+00
1.769630432128906250e+00
1.731436967849731445e+00
-6.415741443634033203e-01
-4.667940139770507812e-01
1.132614612579345703e+00
2.443389177322387695e+00
1.018788814544677734e+00
9.359669685363769531e-02
2.482974767684936523e+00
1.734162330627441406e+00
1.365742206573486328e+00
-1.158348798751831055e+00
1.403555631637573242e+00
1.436191320419311523e+00
-1.730378866195678711e+00
-5.981712341308593750e-01
2.036573648452758789e+00
-3.822994232177734375e-02
-1.563628411293029785e+01
2.853124380111694336e+00
1.372456073760986328e+00
1.590819358825683594e-01
1.879546165466308594e+00
-5.341713428497314453e-01
4.802215099334716797e-01
2.569927453994750977e+00
2.616557359695434570e+00
7.589869499206542969e-01
2.960975170135498047e+00
1.425750970840454102e+00
1.454875230789184570e+00
1.804788827896118164e+00
7.604601383209228516e-01
1.354871034622192383e+00
6.775095462799072266e-01
1.231136798858642578e+00
9.402456283569335938e-01
2.303046226501464844e+00
2.616102457046508789e+00
7.592623233795166016e-01
2.475506305694580078e+00
-1.296576976776123047e+00
2.014700412750244141e+00
1.940138339996337891e+00
1.599690437316894531e+00
7.758030891418457031e-01
-4.049940109252929688e-01
2.789180994033813477e+00
1.890985250473022461e+00
-2.587099075317382812e-01
4.625799655914306641e-01
2.107453584671020508e+00
2.066119670867919922e+00
2.790103197097778320e+00
1.992044210433959961e+00
1.366560220718383789e+00
2.651275873184204102e+00
-7.033843994140625000e-01
1.073610544204711914e+00
1.202810287475585938e+00
7.555012702941894531e-01
5.005161762237548828e-01
3.039662837982177734e+00
1.332420587539672852e+00
-5.024423599243164062e+00
1.467013597488403320e+00
7.330250740051269531e-02
-7.577478885650634766e-01
-3.569350242614746094e-01
1.632022380828857422e+00
1.314449071884155273e+00
2.534453630447387695e+00
-7.217979431152343750e-02
8.515923023223876953e-01
9.744579792022705078e-01
2.705172538757324219e+00
3.495144844055175781e-02
1.931951284408569336e+00
2.457566499710083008e+00
-2.469959259033203125e-01
1.778050661087036133e+00
1.104152441024780273e+00
1.841067790985107422e+00
-6.538381576538085938e-01
1.315085887908935547e-01
2.252430915832519531e+00
1.850965976715087891e+00
1.831249713897705078e+00
2.986407756805419922e+00
1.136938810348510742e+00
1.889806270599365234e+00
2.983877182006835938e+00
2.277937889099121094e+00
2.433983325958251953e+00
6.691358089447021484e-01
1.041612386703491211e+00
8.297812938690185547e-01
7.212917804718017578e-01
5.265173912048339844e-01
1.150923490524291992e+00
2.065826654434204102e+00
1.639610528945922852e+00
-1.015259504318237305e+00
1.810873508453369141e+00
-1.169703483581542969e+00
3.093683481216430664e+00
-2.435405254364013672e+00
5.261898040771484375e-04
2.509922027587890625e+00
-4.079234600067138672e-01
1.741835355758666992e+00
2.661852121353149414e+00
-1.498109102249145508e+00
-8.261620998382568359e-01
2.893262147903442383e+00
2.304754734039306641e+00
-2.782821655273437500e-03
2.752218008041381836e+00
6.725893020629882812e-01
8.960604667663574219e-02
1.511560678482055664e+00
-2.545308828353881836e+00
3.607835769653320312e-01
-4.070956707000732422e-01
1.832862138748168945e+00
-1.834293365478515625e+00
-7.806925773620605469e-01
-8.204841613769531250e-02
1.291254281997680664e+00
2.438096046447753906e+00
1.555911064147949219e+00
8.750953674316406250e-01
1.861596584320068359e+00
1.605971336364746094e+00
1.185318946838378906e+00
-1.145388841629028320e+00
2.754757642745971680e+00
2.017072916030883789e+00
-8.543694019317626953e-01
2.722519636154174805e+00
2.591153621673583984e+00
2.439919948577880859e+00
1.516811132431030273e+00
2.517879486083984375e+00
2.922073364257812500e+00
2.200028657913208008e+00
2.647041320800781250e+00
1.194498062133789062e+00
2.054221630096435547e-01
4.277966022491455078e-01
2.364813327789306641e+00
1.140332937240600586e+00
1.749941587448120117e+00
-9.807605743408203125e-01
-1.784682273864746094e-02
2.505261898040771484e-01
-3.361701965332031250e-02
-3.952682018280029297e-01
2.544982194900512695e+00
2.444648981094360352e+00
-6.013379096984863281e-01
5.114583969116210938e-01
1.375277757644653320e+00
7.555646896362304688e-01
-3.432651042938232422e+00
-4.016137123107910156e-02
1.023294210433959961e+00
6.266720294952392578e-01
-5.170915126800537109e-01
5.744209289550781250e-01
2.060267210006713867e+00
-2.921082496643066406e+00
1.313659429550170898e+00
2.531821489334106445e+00
1.944065093994140625e-03
2.095389842987060547e+00
2.420807838439941406e+00
2.943621158599853516e+00
9.649085998535156250e-01
2.931180238723754883e+00
7.434141635894775391e-01
1.036087989807128906e+00
2.798560142517089844e+00
1.189485073089599609e+00
3.106811761856079102e+00
2.551004886627197266e+00
1.089340925216674805e+00
2.942739725112915039e+00
5.604898929595947266e-01
-3.207015991210937500e-01
2.693371772766113281e-01
-6.726980209350585938e-03
1.097380876541137695e+00
2.770991802215576172e+00
1.274351358413696289e+00
7.445826530456542969e-01
-1.866205215454101562e+00
2.037014245986938477e+00
-1.468685626983642578e+00
1.749903678894042969e+00
2.590537071228027344e+00
1.165087699890136719e+00
4.786677360534667969e-01
1.029829978942871094e+00
2.401371479034423828e+00
2.075994014739990234e-01
2.901158332824707031e-01
3.143370151519775391e-01
-1.963361024856567383e+00
1.916043758392333984e+00
-1.490525269508361816e+01
1.029175043106079102e+00
8.267560005187988281e-01
-1.149821281433105469e-01
1.888058185577392578e+00
2.583923339843750000e+00
-4.483144283294677734e-01
2.469518423080444336e+00
2.956282138824462891e+00
-1.884628772735595703e+00
1.863774061203002930e+00
1.121147155761718750e+00
1.312530994415283203e+00
2.317911386489868164e+00
8.226649761199951172e-01
-4.562950134277343750e-02
-5.400037765502929688e-02
9.254860877990722656e-01
7.843883037567138672e-01
1.490710735321044922e+00
3.107052087783813477e+00
1.422813892364501953e+00
2.490452527999877930e+00
4.022362232208251953e-01
1.496528387069702148e+00
2.173105239868164062e+00
1.018736362457275391e+00
-7.081801891326904297e-01
4.268157482147216797e-01
1.148525238037109375e+00
2.043929100036621094e-01
1.656451702117919922e+00
1.216728925704956055e+00
7.239894866943359375e-01
-8.545980453491210938e-01
1.793749094009399414e+00
1.594274282455444336e+00
2.210032463073730469e+00
2.629007339477539062e+00
-1.028845310211181641e-01
3.122651576995849609e+00
2.789044380187988281e-01
2.098355293273925781e-01
2.821135044097900391e+00
2.570000410079956055e+00
1.954135417938232422e+00
-1.000845909118652344e+00
1.886405944824218750e-01
2.444713115692138672e-01
5.281054973602294922e-01
2.126618146896362305e+00
6.570827960968017578e-01
2.952239513397216797e+00
2.005239486694335938e+00
2.949626684188842773e+00
1.055020332336425781e+00
2.256987810134887695e+00
2.314337253570556641e+00
2.494637250900268555e+00
2.794613599777221680e+00
1.735953092575073242e+00
2.095980882644653320e+00
4.277329444885253906e-01
-1.255480766296386719e+00
3.050434589385986328e+00
1.154708623886108398e+00
-5.992522239685058594e-01
1.678869247436523438e+00
2.195659875869750977e+00
4.412426948547363281e-01
2.808824539184570312e+00
3.000943422317504883e+00
2.935955047607421875e+00
-1.012372970581054688e-01
1.988461971282958984e+00
-3.357501029968261719e-01
5.384788513183593750e-01
2.844172716140747070e+00
4.503998756408691406e-01
3.990685939788818359e-01
2.849020719528198242e+00
2.427942752838134766e+00
4.324102401733398438e-02
-8.198530673980712891e-01
2.867804527282714844e+00
-1.017485380172729492e+00
2.717612504959106445e+00
2.029027700424194336e+00
-2.753841876983642578e-01
2.182280778884887695e+00
-9.217684268951416016e-01
1.738529205322265625e+00
1.741142272949218750e+00
1.456389427185058594e+00
3.035080909729003906e+00
-1.811505317687988281e+00
1.487393140792846680e+00
1.632443666458129883e+00
8.802018165588378906e-01
-2.452837467193603516e+00
1.310505867004394531e+00
1.802275657653808594e+00
-8.561141490936279297e-01
1.477271318435668945e+00
1.973925113677978516e+00
3.012019395828247070e+00
8.285870552062988281e-01
-1.636464595794677734e-01
-5.359554290771484375e-01
2.903067111968994141e+00
2.843521356582641602e+00
1.630277395248413086e+00
2.827136278152465820e+00
1.519029855728149414e+00
-7.374174594879150391e-01
-4.438340663909912109e-01
-2.928001880645751953e-01
-8.696203231811523438e-01
-1.062682628631591797e+00
2.128184318542480469e+00
2.504961490631103516e+00
1.834201574325561523e+00
4.225542545318603516e-01
-1.173237562179565430e+00
1.681868314743041992e+00
2.434278964996337891e+00
1.330776929855346680e+00
-2.489446640014648438e+00
2.912501096725463867e+00
2.187260389328002930e+00
9.471101760864257812e-01
-3.305993080139160156e-01
2.827810049057006836e+00
9.321882724761962891e-01
-1.511383056640625000e-01
1.020828962326049805e+00
2.317908287048339844e+00
2.575502395629882812e-01
1.964191675186157227e+00
5.484254360198974609e-01
1.227145910263061523e+00
2.821671962738037109e-01
-1.976371765136718750e+00
2.854259014129638672e-01
1.396250963211059570e+00
1.323291540145874023e+00
1.567985534667968750e+00
2.514594554901123047e+00
2.970234870910644531e+00
1.756512641906738281e+00
-1.277220726013183594e+00
-3.123631477355957031e-01
1.109726905822753906e+00
-6.304731369018554688e-01
2.926401853561401367e+00
-6.926083564758300781e-02
5.517973899841308594e-01
2.552747726440429688e-01
1.748837471008300781e+00
2.879874706268310547e-01
3.990938663482666016e-01
7.251338958740234375e-01
-3.095078468322753906e-01
-8.003792762756347656e-01
2.066977262496948242e+00
6.074168682098388672e-01
3.665745258331298828e-01
5.162389278411865234e-01
1.595509529113769531e+00
2.369670867919921875e-01
1.811295032501220703e+00
1.846408843994140625e-01
1.542333126068115234e+00
1.898918628692626953e+00
2.154300451278686523e+00
1.985792398452758789e+00
1.444054365158081055e+00
-6.090188026428222656e-02
1.275923490524291992e+00
5.415074825286865234e-01
2.940573692321777344e+00
1.585710048675537109e-01
1.045211791992187500e+00
2.593768835067749023e+00
1.560978174209594727e+00
2.033794403076171875e+00
-1.516783237457275391e-01
2.519631385803222656e+00
6.516132354736328125e-01
-2.684020757675170898e+00
1.393615007400512695e+00
2.471265077590942383e+00
-1.526044821739196777e+01
1.111048221588134766e+00
1.055021524429321289e+00
-2.065264463424682617e+00
1.103317499160766602e+00
4.747641086578369141e-01
9.514856338500976562e-02
2.724474906921386719e+00
1.626659393310546875e+00
1.966405391693115234e+00
-6.320850849151611328e-01
1.711270332336425781e+00
-2.130950927734375000e+00
-1.745083332061767578e-01
1.247367143630981445e+00
2.299767255783081055e+00
2.753747463226318359e+00
2.301467657089233398e+00
2.660501003265380859e+00
3.142564296722412109e-01
2.565531253814697266e+00
-4.231500625610351562e-02
1.315341472625732422e+00
1.391846895217895508e+00
-2.466691017150878906e+00
1.074137687683105469e+00
1.208973884582519531e+00
2.789470195770263672e+00
3.084091901779174805e+00
1.394760370254516602e+00
2.271028041839599609e+00
2.429590702056884766e+00
1.624060153961181641e+00
-2.672195434570312500e-03
8.218657970428466797e-01
2.185183048248291016e+00
2.864414691925048828e+00
-8.795125484466552734e-01
2.937352895736694336e+00
1.570627689361572266e-01
2.959281682968139648e+00
1.486425638198852539e+00
2.378187656402587891e+00
2.922553777694702148e+00
1.318383455276489258e+00
1.672244787216186523e+00
1.666420698165893555e+00
-9.022822380065917969e-01
7.507061958312988281e-01
1.067105531692504883e+00
1.157255887985229492e+00
9.213490486145019531e-01
1.019957542419433594e+00
2.102336883544921875e+00
2.365088939666748047e+00
2.595717191696166992e+00
2.715386152267456055e+00
2.626349449157714844e+00
2.289151191711425781e+00
-5.815820693969726562e-01
-1.421877145767211914e+00
-2.443749189376831055e+00
1.122279405593872070e+00
1.592388153076171875e-01
2.645010471343994141e+00
1.179621696472167969e+00
-7.195019721984863281e-01
-3.056874036788940430e+00
1.560559511184692383e+00
-3.683941364288330078e-01
1.931811332702636719e+00
1.545972585678100586e+00
3.412768840789794922e-01
-7.805290222167968750e-01
2.976940155029296875e+00
9.231631755828857422e-01
-8.542914390563964844e-01
1.477704286575317383e+00
1.222128391265869141e+00
-2.199158668518066406e-01
9.143733978271484375e-02
2.143971920013427734e-01
5.464553833007812500e-01
8.175201416015625000e-01
7.486569881439208984e-01
2.942525863647460938e+00
1.274288177490234375e+00
1.494043350219726562e+00
2.352193593978881836e+00
2.893454074859619141e+00
1.041787624359130859e+00
4.560694694519042969e-01
1.953150033950805664e+00
9.433045387268066406e-01
2.920721769332885742e+00
1.904864788055419922e+00
1.404914379119873047e+00
-1.010578632354736328e+00
8.883783817291259766e-01
8.936841487884521484e-01
7.947261333465576172e-01
2.946334123611450195e+00
2.770907640457153320e+00
-6.661701202392578125e-02
1.452182769775390625e+00
-1.046001434326171875e+00
1.354444026947021484e+00
2.971505165100097656e+00
1.587342023849487305e+00
1.488272905349731445e+00
9.546909332275390625e-01
1.433633327484130859e+00
-2.852602005004882812e-01
2.367505550384521484e+00
1.432708740234375000e+00
1.284735202789306641e+00
-9.797468185424804688e-01
4.097807407379150391e-01
2.169943094253540039e+00
2.475219488143920898e+00
-8.328311443328857422e-01
2.062162876129150391e+00
1.316380739212036133e+00
2.573095321655273438e+00
2.541596651077270508e+00
7.348263263702392578e-01
-7.076327800750732422e-01
6.166121959686279297e-01
-5.113668441772460938e-01
1.733286380767822266e-01
-4.505674839019775391e-01
1.934967994689941406e+00
2.917246341705322266e+00
1.883553981781005859e+00
-3.128922939300537109e+00
1.124112844467163086e+00
1.563706874847412109e+00
1.081849336624145508e+00
1.185874462127685547e+00
2.514219999313354492e+00
1.720595359802246094e-01
-5.690743923187255859e-01
1.205260276794433594e+00
1.174695253372192383e+00
2.115820884704589844e+00
1.713133811950683594e+00
-7.002472877502441406e-02
-4.263436794281005859e-01
1.404265880584716797e+00
2.120358467102050781e+00
-7.714557647705078125e-01
2.763299465179443359e+00
-1.848792314529418945e+00
1.321167945861816406e-01
2.805805206298828125e+00
2.185188531875610352e+00
2.611428737640380859e+00
7.126646041870117188e-01
3.831584453582763672e-01
2.964154720306396484e+00
2.636280298233032227e+00
2.387321949005126953e+00
2.568110466003417969e+00
1.635301828384399414e+00
1.240101099014282227e+00
2.905837297439575195e+00
2.943302869796752930e+00
2.614109516143798828e-01
-5.519020557403564453e-01
1.396028518676757812e+00
3.500428199768066406e-01
1.049813508987426758e+00
3.008704900741577148e+00
1.012871265411376953e+00
2.300288677215576172e+00
-1.913454532623291016e+00
2.810553550720214844e+00
1.525568962097167969e+00
1.731392145156860352e+00
7.164137363433837891e-01
1.200337171554565430e+00
1.037630081176757812e+00
2.764991521835327148e+00
1.183451890945434570e+00
1.179757595062255859e+00
1.496346473693847656e+00
2.937736511230468750e-01
1.189174413681030273e+00
1.773738145828247070e+00
1.370301246643066406e+00
8.474321365356445312e-01
-1.920728683471679688e-01
-1.673999357223510742e+01
5.552957057952880859e-01
5.757434368133544922e-01
2.584554672241210938e+00
9.402568340301513672e-01
1.690414428710937500e+00
2.620846748352050781e+00
3.013284683227539062e+00
2.468986272811889648e+00
1.006990671157836914e+00
9.537315368652343750e-01
1.044476747512817383e+00
2.819114208221435547e+00
1.171612977981567383e+00
5.404489040374755859e-01
-6.687130928039550781e-01
2.376925230026245117e+00
1.365770816802978516e+00
2.696645975112915039e+00
2.955096006393432617e+00
1.907992124557495117e+00
2.189054489135742188e-01
2.548066616058349609e+00
2.067196130752563477e+00
1.787073612213134766e+00
2.705857753753662109e+00
2.503660440444946289e+00
2.105511665344238281e+00
1.329301118850708008e+00
2.281631469726562500e+00
-6.530427932739257812e-01
3.958168029785156250e-01
2.586842298507690430e+00
-9.207668304443359375e-01
2.251468896865844727e+00
3.902175426483154297e-01
2.975926399230957031e+00
1.184823513031005859e-01
-2.391841411590576172e-01
2.864864110946655273e+00
2.955881118774414062e+00
1.342405319213867188e+00
2.948697805404663086e+00
2.188467264175415039e+00
2.164541959762573242e+00
6.934769153594970703e-01
7.290189266204833984e-01
1.612103939056396484e+00
2.877468109130859375e+00
1.156513690948486328e+00
2.232159852981567383e+00
1.874872684478759766e+00
2.404680728912353516e+00
2.083247661590576172e+00
1.826992988586425781e+00
2.511859416961669922e+00
1.078487634658813477e+00
1.678334236145019531e+00
-8.259189128875732422e-01
-5.918655395507812500e-01
2.803724527359008789e+00
1.035630226135253906e+00
7.529201507568359375e-01
1.484796524047851562e+00
1.040305376052856445e+00
2.609739542007446289e+00
2.178282022476196289e+00
4.421246051788330078e-01
1.286018610000610352e+00
-5.880279541015625000e-01
3.050737619400024414e+00
2.800172567367553711e+00
5.560350418090820312e-01
9.900124073028564453e-01
2.342924118041992188e+00
-1.433808803558349609e-01
-4.657983779907226562e-03
9.335722923278808594e-01
2.503286600112915039e+00
5.265097618103027344e-01
2.900530815124511719e+00
2.424024105072021484e+00
2.032448530197143555e+00
1.161228418350219727e+00
7.762253284454345703e-01
2.404280662536621094e+00
1.221896171569824219e+00
5.777587890625000000e-01
2.097048759460449219e+00
8.266744613647460938e-01
7.031130790710449219e-01
-3.730611801147460938e-01
1.170639991760253906e+00
1.839773416519165039e+00
-8.663463592529296875e-02
2.497433662414550781e+00
6.492180824279785156e-01
1.419498920440673828e+00
1.191642045974731445e+00
2.621970891952514648e+00
2.146571636199951172e+00
-3.937451839447021484e-01
-1.909094572067260742e+00
2.433413743972778320e+00
6.824655532836914062e-01
1.271136283874511719e+00
1.736733436584472656e+00
1.718745708465576172e+00
2.145225763320922852e+00
1.376753568649291992e+00
7.182445526123046875e-01
1.496684551239013672e-01
1.852097272872924805e+00
-8.403995037078857422e-01
2.620720624923706055e+00
3.267819881439208984e-01
1.135992527008056641e+00
2.754469633102416992e+00
-5.513761043548583984e-01
2.336195230484008789e+00
-2.281765222549438477e+00
-1.220695018768310547e+00
2.194500684738159180e+00
2.497818231582641602e+00
-9.729430675506591797e-01
2.130081653594970703e+00
1.538197278976440430e+00
1.577405214309692383e+00
-2.544863224029541016e-01
2.551224946975708008e+00
1.280862569808959961e+00
1.920898437500000000e+00
1.695824384689331055e+00
2.527081966400146484e+00
2.027333021163940430e+00
2.193081617355346680e+00
2.256635427474975586e+00
1.616115808486938477e+00
-4.484388828277587891e-01
1.271335363388061523e+00
3.106782913208007812e+00
-2.453445911407470703e+00
9.706063270568847656e-01
-1.003051519393920898e+00
1.590901613235473633e+00
1.863834619522094727e+00
1.546652317047119141e+00
1.205671072006225586e+00
2.530621767044067383e+00
1.455533266067504883e+00
3.002522706985473633e+00
1.019361972808837891e+00
-1.352691650390625000e-01
1.567633390426635742e+00
1.755099773406982422e+00
1.330267190933227539e+00
2.988001108169555664e+00
1.840611696243286133e+00
5.109984874725341797e-01
-1.068034172058105469e-01
-1.845152378082275391e-01
-8.424091339111328125e-02
9.290730953216552734e-01
-3.329725265502929688e-01
-6.179742813110351562e-01
2.373733758926391602e+00
2.460906028747558594e+00
9.477746486663818359e-01
1.681761980056762695e+00
2.931607246398925781e+00
2.363676071166992188e+00
1.039572954177856445e+00
1.731510400772094727e+00
-6.107747554779052734e-01
2.825143337249755859e+00
2.565415382385253906e+00
1.008534908294677734e+00
1.832666397094726562e-01
2.983905792236328125e+00
1.024552583694458008e+00
1.045023679733276367e+00
2.117213726043701172e+00
2.185192108154296875e+00
-2.066890478134155273e+00
9.356577396392822266e-01
-3.490335464477539062e+00
-7.536835670471191406e-01
1.471824645996093750e-01
9.270017147064208984e-01
-7.007060050964355469e-01
3.075509786605834961e+00
1.244288206100463867e+00
-1.652072095870971680e+01
2.327924489974975586e+00
1.941953420639038086e+00
2.291890144348144531e+00
-2.286269664764404297e-01
2.955562114715576172e+00
-1.259239912033081055e+00
2.877808570861816406e+00
2.538244247436523438e+00
-1.303921699523925781e+00
1.672111511230468750e+00
-8.221514225006103516e-01
-6.663122177124023438e-01
4.465355873107910156e-01
1.148484230041503906e+00
1.627168655395507812e-01
-9.064486026763916016e-01
-1.657655477523803711e+00
2.019313573837280273e+00
-2.489907741546630859e-01
2.635590791702270508e+00
2.647923469543457031e+00
2.674216032028198242e+00
5.525834560394287109e-01
1.896819829940795898e+00
6.522736549377441406e-01
5.871758460998535156e-01
5.375185012817382812e-01
2.201482057571411133e+00
2.410616159439086914e+00
1.488836288452148438e+00
1.348514318466186523e+00
1.970753192901611328e+00
-1.801449537277221680e+00
1.497732639312744141e+00
2.707863807678222656e+00
3.007453441619873047e+00
1.822534799575805664e+00
1.794814348220825195e+00
2.449110984802246094e+00
1.206293106079101562e+00
1.417659997940063477e+00
1.003748893737792969e+00
1.613643169403076172e+00
-1.934912204742431641e-01
2.541523218154907227e+00
2.314402341842651367e+00
9.670839309692382812e-01
1.975344181060791016e+00
2.411164760589599609e+00
2.793709993362426758e+00
2.446567773818969727e+00
-9.772324562072753906e-02
-5.234811305999755859e-01
8.633344173431396484e-01
2.649443149566650391e+00
2.063390493392944336e+00
-6.081242561340332031e-01
1.679661512374877930e+00
1.017312288284301758e+00
-8.274574279785156250e-01
8.007774353027343750e-01
5.757946968078613281e-01
5.077342987060546875e-01
2.288560867309570312e+00
1.060700416564941406e+00
-2.374882698059082031e-01
9.228355884552001953e-01
1.214395046234130859e+00
1.730458498001098633e+00
1.175174236297607422e+00
1.741058588027954102e+00
-1.845599174499511719e+00
-4.519538879394531250e-01
1.439595222473144531e-01
1.235721826553344727e+00
1.431726455688476562e+00
2.043778181076049805e+00
9.492516517639160156e-02
9.560198783874511719e-01
2.643654346466064453e+00
-1.201610088348388672e+00
-1.705703735351562500e+00
2.531550407409667969e+00
-1.840466976165771484e+00
1.601662397384643555e+00
-1.350462436676025391e-01
1.011518239974975586e+00
1.502786397933959961e+00
1.272585391998291016e+00
2.962554216384887695e+00
3.951444625854492188e-01
-3.003528118133544922e-01
-4.491069316864013672e-01
1.898088932037353516e+00
2.052254676818847656e-01
-2.671651840209960938e-01
2.313117265701293945e+00
2.279242277145385742e+00
2.453827381134033203e+00
7.716443538665771484e-01
3.384361267089843750e-01
2.907602071762084961e+00
-5.620844364166259766e-01
1.934776306152343750e+00
7.011353969573974609e-01
1.253642559051513672e+00
6.361269950866699219e-01
8.587839603424072266e-01
-7.234268188476562500e-01
2.473666667938232422e-01
2.903040170669555664e+00
2.874781370162963867e+00
1.134295463562011719e+00
5.029139518737792969e-01
1.557161092758178711e+00
-8.308737277984619141e-01
-9.435548782348632812e-01
2.972903490066528320e+00
1.245212078094482422e+00
2.924008846282958984e+00
2.113394737243652344e+00
-1.067603111267089844e+00
6.345105171203613281e-01
-1.241781711578369141e-01
3.039171457290649414e+00
2.656600475311279297e-01
5.982084274291992188e-01
2.910191774368286133e+00
2.019280433654785156e+00
-2.085873603820800781e+00
2.676661968231201172e+00
1.944464921951293945e+00
2.175071239471435547e-01
2.970351219177246094e+00
9.777352809906005859e-01
1.760112047195434570e+00
2.631910800933837891e+00
1.246321678161621094e+00
2.707535028457641602e+00
-6.488773822784423828e-01
2.956374883651733398e+00
2.846970796585083008e+00
2.447732210159301758e+00
3.956482410430908203e-01
1.482383966445922852e+00
4.012465476989746094e-01
2.291784524917602539e+00
2.764797210693359375e+00
1.397484302520751953e+00
6.554689407348632812e-01
2.168293476104736328e+00
1.735402822494506836e+00
7.403173446655273438e-01
1.420083522796630859e+00
2.202668428421020508e+00
1.238987445831298828e+00
-8.553895950317382812e-01
1.429381608963012695e+00
1.835191965103149414e+00
-1.950554132461547852e+00
2.718981742858886719e+00
-1.872138977050781250e+00
5.185587406158447266e-01
-2.294488191604614258e+00
4.112684726715087891e-01
2.044185161590576172e+00
1.732958078384399414e+00
1.467396974563598633e+00
1.319808959960937500e+00
2.890856266021728516e+00
1.508737087249755859e+00
1.558160781860351562e-01
2.850210189819335938e+00
2.763429403305053711e+00
1.398693323135375977e+00
6.148474216461181641e-01
-4.032566308975219727e+00
1.724724769592285156e+00
1.370282888412475586e+00
-6.234323978424072266e-01
8.828878402709960938e-02
8.539493083953857422e-01
-1.288889169692993164e+00
1.169384002685546875e+00
5.185456275939941406e-01
4.710001945495605469e-01
2.291779756546020508e+00
2.198222637176513672e+00
-1.310374259948730469e+00
2.981302499771118164e+00
1.180826187133789062e+00
-1.204610323905944824e+01
7.084879875183105469e-01
8.816816806793212891e-01
3.074007034301757812e+00
2.205333709716796875e+00
1.790637969970703125e-01
3.093348979949951172e+00
3.022445917129516602e+00
1.818738937377929688e+00
2.281785726547241211e+00
-2.742765903472900391e+00
1.913758993148803711e+00
7.989645004272460938e-03
-1.538594007492065430e+00
2.778949737548828125e-01
-1.869833469390869141e-01
2.220539093017578125e+00
2.286491632461547852e+00
2.606796741485595703e+00
6.195366382598876953e-01
4.944489002227783203e-01
2.566271066665649414e+00
-1.235678911209106445e+00
1.836938619613647461e+00
9.123017787933349609e-01
1.438072919845581055e+00
2.409285068511962891e+00
1.857649326324462891e+00
3.038641691207885742e+00
-8.278009891510009766e-01
1.145538330078125000e+00
8.889634609222412109e-01
-1.094210147857666016e-01
2.405461549758911133e+00
2.237320423126220703e+00
1.808841228485107422e+00
-9.315001964569091797e-01
-6.250424385070800781e-01
-1.164425849914550781e+00
2.572098731994628906e+00
4.921603202819824219e-02
5.511341094970703125e-01
1.604592561721801758e+00
2.304142713546752930e+00
1.335871934890747070e+00
3.307342529296875000e-01
-3.272665262222290039e+00
5.059139728546142578e-01
2.718583583831787109e+00
2.373075485229492188e-02
7.978641986846923828e-01
2.931689262390136719e+00
1.977280855178833008e+00
5.710823535919189453e-01
2.678258657455444336e+00
1.059949636459350586e+00
2.154869079589843750e+00
2.979156970977783203e-01
-9.136986732482910156e-02
-5.394630432128906250e-01
2.722866296768188477e+00
1.628452062606811523e+00
1.253625631332397461e+00
-5.363926887512207031e-01
2.211475372314453125e+00
1.373674869537353516e+00
2.266849517822265625e+00
2.860787153244018555e+00
2.685887813568115234e-01
-1.919393301010131836e+00
6.036157608032226562e-01
-1.631937980651855469e+00
-2.578332424163818359e-01
1.837110042572021484e+00
2.059686660766601562e+00
2.552700042724609375e-02
1.292853355407714844e-01
1.857351064682006836e+00
-3.189499378204345703e-01
1.206600427627563477e+00
-2.841186523437500000e-01
1.918327808380126953e+00
-7.575325965881347656e-01
9.269385337829589844e-01
1.446643829345703125e+00
5.096278190612792969e-01
-4.191711425781250000e+00
2.847044229507446289e+00
2.731862068176269531e-01
-2.687797069549560547e+00
7.187223434448242188e-02
1.616112947463989258e+00
2.170643568038940430e+00
7.065877914428710938e-01
2.462700128555297852e+00
1.314916133880615234e+00
-1.796897888183593750e+00
2.875041246414184570e+00
4.601497650146484375e-01
9.023997783660888672e-01
2.930907487869262695e+00
7.548449039459228516e-01
2.449496030807495117e+00
1.135308742523193359e+00
6.276116371154785156e-01
1.422558307647705078e+00
1.827515602111816406e+00
1.809055805206298828e+00
2.433559656143188477e+00
-2.354820013046264648e+00
