3.957587242126464844e+00
2.543956041336059570e+00
2.833539009094238281e+00
4.550714969635009766e+00
2.588091135025024414e+00
1.859333276748657227e+00
9.145197868347167969e-01
2.641905546188354492e+00
3.545060157775878906e+00
2.150800466537475586e+00
2.906308889389038086e+00
2.294986724853515625e+00
4.148034334182739258e+00
4.563674449920654297e+00
2.370452880859375000e+00
5.951936721801757812e+00
9.122889041900634766e-01
2.888082742691040039e+00
3.806888341903686523e+00
9.153482913970947266e-01
9.398717880249023438e-01
1.211591482162475586e+00
1.675575733184814453e+00
2.332103967666625977e+00
2.374998092651367188e+00
9.145774841308593750e-01
9.217262268066406250e-01
3.069990634918212891e+00
2.764571189880371094e+00
4.902270317077636719e+00
2.488749742507934570e+00
4.802597999572753906e+00
2.420465469360351562e+00
1.983048915863037109e+00
9.105193614959716797e-01
1.000992774963378906e+00
1.246889352798461914e+00
5.975120306015014648e+00
5.264072656631469727e+00
3.598722457885742188e+00
8.978486061096191406e-01
3.398557901382446289e+00
9.622759819030761719e-01
3.822360754013061523e+00
2.350464344024658203e+00
3.966411590576171875e+00
8.547713756561279297e-01
2.748546600341796875e+00
2.492104053497314453e+00
8.203148841857910156e-01
9.728198051452636719e-01
4.004817485809326172e+00
4.516117095947265625e+00
7.317700386047363281e+00
9.123623371124267578e-01
7.993061542510986328e-01
5.184866189956665039e+00
2.424071788787841797e+00
2.895149707794189453e+00
3.417599916458129883e+00
8.088281154632568359e-01
4.852780103683471680e+00
2.757810831069946289e+00
2.433221101760864258e+00
3.200419902801513672e+00
2.731376171112060547e+00
2.312896490097045898e+00
1.044015884399414062e+00
7.791881561279296875e-01
7.857096195220947266e-01
1.330672740936279297e+00
1.744888067245483398e+00
3.274465322494506836e+00
5.735674142837524414e+00
7.520084381103515625e-01
1.786783695220947266e+00
1.846062898635864258e+00
1.973538637161254883e+00
1.460895299911499023e+00
2.843093872070312500e+00
2.255697250366210938e+00
2.436565160751342773e+00
3.371135473251342773e+00
2.461987972259521484e+00
1.359453678131103516e+00
1.968822717666625977e+00
1.305485725402832031e+00
7.260146141052246094e-01
4.337625980377197266e+00
4.074425458908081055e+00
2.216515779495239258e+00
2.977004051208496094e+00
1.622708320617675781e+00
2.789880990982055664e+00
3.234103441238403320e+00
7.402210235595703125e-01
7.334287166595458984e-01
2.323187828063964844e+00
2.538044929504394531e+00
1.293363571166992188e+00
2.281376838684082031e+00
4.615057706832885742e+00
1.174141883850097656e+00
3.254008769989013672e+00
1.905213356018066406e+00
5.239477872848510742e+00
2.755956649780273438e+00
1.455952405929565430e+00
1.253079652786254883e+00
1.632822751998901367e+00
3.069176912307739258e+00
7.039277553558349609e-01
3.263227462768554688e+00
2.815352916717529297e+00
3.508153676986694336e+00
1.582829952239990234e+00
4.286947250366210938e+00
1.402591466903686523e+00
2.143559455871582031e+00
2.028751611709594727e+00
8.415687084197998047e-01
3.035080909729003906e+00
3.033544540405273438e+00
4.300977468490600586e+00
2.026857852935791016e+00
2.696017265319824219e+00
2.580805063247680664e+00
1.528303146362304688e+00
2.381905078887939453e+00
1.530272960662841797e+00
4.748934745788574219e+00
1.708114862442016602e+00
7.160768508911132812e-01
7.276835441589355469e-01
4.313710689544677734e+00
2.714583396911621094e+00
7.334005832672119141e-01
4.382473230361938477e+00
2.478947639465332031e+00
1.502740383148193359e+00
6.952166557312011719e-01
1.946388721466064453e+00
2.096334934234619141e+00
1.909455776214599609e+00
2.866473913192749023e+00
1.183422803878784180e+00
3.130414724349975586e+00
2.831640720367431641e+00
1.250185012817382812e+00
1.491506576538085938e+00
1.217043876647949219e+00
4.182894229888916016e+00
2.705152750015258789e+00
4.314273595809936523e+00
7.196869850158691406e-01
8.222239017486572266e-01
1.980243921279907227e+00
1.862670183181762695e+00
1.737187385559082031e+00
3.468127965927124023e+00
2.918529748916625977e+00
2.273985624313354492e+00
7.425830364227294922e-01
2.871086120605468750e+00
1.914975404739379883e+00
2.060958385467529297e+00
3.953106403350830078e+00
2.485131978988647461e+00
1.258505344390869141e+00
4.867008209228515625e+00
9.677507877349853516e-01
2.094680309295654297e+00
2.562797546386718750e+00
2.992553710937500000e+00
2.519250869750976562e+00
7.241172790527343750e-01
9.538896083831787109e-01
9.602174758911132812e-01
5.466902732849121094e+00
2.371693849563598633e+00
4.063946723937988281e+00
9.689793586730957031e-01
3.805407285690307617e+00
3.108265161514282227e+00
7.625067234039306641e-01
2.118122100830078125e+00
2.382723569869995117e+00
2.222535848617553711e+00
5.968713045120239258e+00
1.437873363494873047e+00
7.465333938598632812e-01
3.416904449462890625e+00
1.926817274093627930e+01
1.565551757812500000e+00
2.848775863647460938e+00
2.435308218002319336e+00
1.933930873870849609e+00
2.324552536010742188e+00
2.458909511566162109e+00
3.412979125976562500e+00
7.623679637908935547e-01
1.581357002258300781e+00
2.681103229522705078e+00
3.293121814727783203e+00
1.849723339080810547e+00
4.174410104751586914e+00
2.330728054046630859e+00
2.485701322555541992e+00
1.243647336959838867e+00
1.566207170486450195e+00
4.886214494705200195e+00
7.389917373657226562e-01
7.188928127288818359e-01
1.807557821273803711e+00
1.543894767761230469e+00
7.075381278991699219e-01
6.812367439270019531e-01
2.067794561386108398e+00
5.164403676986694336e+00
7.563810348510742188e-01
3.831712722778320312e+00
2.886570453643798828e+00
6.902647972106933594e+00
5.128969430923461914e+00
6.503691196441650391e+00
1.225386857986450195e+00
8.481488227844238281e-01
2.128051280975341797e+00
7.154316902160644531e-01
6.918036937713623047e-01
3.720346450805664062e+00
2.769747018814086914e+00
9.055056571960449219e-01
7.422018051147460938e-01
2.613637208938598633e+00
7.189335823059082031e-01
3.185619831085205078e+00
1.653553485870361328e+00
2.035185098648071289e+00
2.137576341629028320e+00
3.676745414733886719e+00
1.971293449401855469e+00
2.364221096038818359e+00
1.524716138839721680e+00
1.201159954071044922e+00
1.022526741027832031e+00
4.034040927886962891e+00
2.252895593643188477e+00
3.191745281219482422e+00
1.138622045516967773e+00
1.426851272583007812e+00
3.862452030181884766e+00
4.872696161270141602e+00
1.775285482406616211e+00
2.472993373870849609e+00
2.124982357025146484e+00
8.456952571868896484e-01
2.352978944778442383e+00
1.869190454483032227e+00
4.093500852584838867e+00
2.390273571014404297e+00
3.909843683242797852e+00
2.204348325729370117e+00
2.218054056167602539e+00
1.827552795410156250e+00
4.894579648971557617e+00
2.683636426925659180e+00
3.352935314178466797e+00
1.430176496505737305e+00
1.332003355026245117e+00
7.952096462249755859e-01
2.316655874252319336e+00
7.308826446533203125e-01
1.903093338012695312e+00
4.606807231903076172e+00
3.016222715377807617e+00
3.477342844009399414e+00
3.458868026733398438e+00
2.984898328781127930e+00
1.750159263610839844e+00
2.359511375427246094e+00
3.145647287368774414e+00
2.494436979293823242e+00
1.346098661422729492e+00
6.723701953887939453e-01
5.275998830795288086e+00
1.471876859664916992e+00
2.674146890640258789e+00
1.505039930343627930e+00
1.320545911788940430e+00
7.650616168975830078e-01
3.687199592590332031e+00
2.843128919601440430e+00
3.102206230163574219e+00
3.162068605422973633e+00
1.006299257278442383e+00
3.856194734573364258e+00
1.531434059143066406e+00
3.835716724395751953e+00
3.918372392654418945e+00
3.221229791641235352e+00
7.191631793975830078e-01
2.966280221939086914e+00
6.958713531494140625e-01
5.281254053115844727e+00
3.606049299240112305e+00
4.337763071060180664e+00
2.942569494247436523e+00
1.197327852249145508e+00
3.170437812805175781e+00
3.821612358093261719e+00
4.144015073776245117e+00
7.298250198364257812e-01
3.877831935882568359e+00
3.370224237442016602e+00
1.905659675598144531e+00
1.288181543350219727e+00
2.260192632675170898e+00
4.386451721191406250e+00
3.460188865661621094e+00
8.844332695007324219e-01
2.070662498474121094e+00
7.084724903106689453e-01
2.799591541290283203e+00
1.286143779754638672e+00
2.012337446212768555e+00
4.375679969787597656e+00
1.969278812408447266e+00
4.630960941314697266e+00
1.560479164123535156e+00
2.053097724914550781e+00
7.907009124755859375e-01
1.913139104843139648e+00
1.951058149337768555e+00
2.435905456542968750e+00
4.609701395034790039e+00
8.353383541107177734e-01
2.124301671981811523e+00
2.071040391921997070e+00
1.985115766525268555e+00
3.561921119689941406e+00
1.603043794631958008e+00
6.623108386993408203e-01
6.910693645477294922e-01
3.665170907974243164e+00
7.006103992462158203e-01
1.486643075942993164e+00
3.075126171112060547e+00
2.762035608291625977e+00
3.292818546295166016e+00
2.202946662902832031e+00
1.826211929321289062e+00
3.570014476776123047e+00
3.410076141357421875e+00
5.610027074813842773e+00
2.644583940505981445e+00
1.405173778533935547e+00
4.934742689132690430e+00
1.856775760650634766e+00
5.676248788833618164e+00
2.314905881881713867e+00
2.581153154373168945e+00
1.865564107894897461e+00
6.843349933624267578e-01
4.351517915725708008e+00
1.431542634963989258e+00
2.913344383239746094e+00
2.223384857177734375e+00
4.282682418823242188e+00
3.650923013687133789e+00
2.262947082519531250e+00
3.322557687759399414e+00
3.372804641723632812e+00
4.038853645324707031e+00
5.213596582412719727e+00
1.971149206161499023e+00
7.485003471374511719e-01
2.035222530364990234e+00
2.255608558654785156e+00
2.104717254638671875e+00
7.330374717712402344e-01
1.586204051971435547e+00
3.979248285293579102e+00
2.615594863891601562e+00
2.008730673789978027e+01
4.873099803924560547e+00
3.795331478118896484e+00
1.524420738220214844e+00
1.880934476852416992e+00
8.479316234588623047e-01
1.657055377960205078e+00
1.245948791503906250e+00
4.599781274795532227e+00
1.557897329330444336e+00
2.804558277130126953e+00
2.728207826614379883e+00
7.177474498748779297e-01
4.043578863143920898e+00
4.123132944107055664e+00
1.311819076538085938e+00
2.732281446456909180e+00
1.962749481201171875e+00
3.150625944137573242e+00
2.536620378494262695e+00
2.125932455062866211e+00
1.444221258163452148e+00
7.388522624969482422e-01
7.071018218994140625e-01
5.123543262481689453e+00
7.744095325469970703e-01
5.105841636657714844e+00
2.376796483993530273e+00
3.495645999908447266e+00
6.946929931640625000e+00
3.939075708389282227e+00
2.389600038528442383e+00
3.306881666183471680e+00
3.468353033065795898e+00
3.628357648849487305e+00
2.604658603668212891e+00
2.723231077194213867e+00
3.288062095642089844e+00
6.497083902359008789e+00
2.518792629241943359e+00
2.066812038421630859e+00
3.353170633316040039e+00
3.197788238525390625e+00
3.252408504486083984e+00
3.852040529251098633e+00
9.663980007171630859e-01
7.272038459777832031e-01
3.104993581771850586e+00
4.533343791961669922e+00
4.433233737945556641e+00
2.471594810485839844e+00
9.224262237548828125e-01
1.117256879806518555e+00
2.844562053680419922e+00
1.783949851989746094e+00
3.081814289093017578e+00
3.768523216247558594e+00
1.155969858169555664e+00
1.583353042602539062e+00
2.794519186019897461e+00
3.917008876800537109e+00
3.272072315216064453e+00
7.131590843200683594e-01
5.038093566894531250e+00
1.490896224975585938e+00
1.992223262786865234e+00
5.377222537994384766e+00
1.162119388580322266e+00
2.556707382202148438e+00
2.731750726699829102e+00
1.726594686508178711e+00
2.130709648132324219e+00
1.863889455795288086e+00
2.136420726776123047e+00
1.200248003005981445e+00
7.149062156677246094e-01
8.580148220062255859e-01
5.340853214263916016e+00
2.166988372802734375e+00
6.887640953063964844e-01
6.970052719116210938e-01
1.793607711791992188e+00
1.243868827819824219e+00
7.779223918914794922e-01
3.158307075500488281e+00
1.010945081710815430e+00
2.529639482498168945e+00
7.127270698547363281e-01
2.866092205047607422e+00
1.954835891723632812e+00
3.460315227508544922e+00
4.470386981964111328e+00
2.446920633316040039e+00
1.418900728225708008e+00
1.446807861328125000e+00
3.871979713439941406e+00
1.542055606842041016e+00
6.793811321258544922e-01
2.387024879455566406e+00
6.991546154022216797e-01
2.648316383361816406e+00
3.919559001922607422e+00
7.942707538604736328e-01
5.101100206375122070e+00
7.715396881103515625e-01
1.669854640960693359e+00
1.624638319015502930e+00
1.017977476119995117e+00
2.205914497375488281e+00
3.452573299407958984e+00
2.276099443435668945e+00
6.910471916198730469e-01
3.487589836120605469e+00
2.222414970397949219e+00
1.111420869827270508e+00
4.069160223007202148e+00
2.126811981201171875e+00
9.040195941925048828e-01
5.500933647155761719e+00
7.469000816345214844e-01
2.746785402297973633e+00
3.320559978485107422e+00
2.098593235015869141e+00
6.877050399780273438e-01
4.842572689056396484e+00
4.119578361511230469e+00
2.397627115249633789e+00
3.507054805755615234e+00
2.652435541152954102e+00
7.677817344665527344e-01
3.608439207077026367e+00
2.147382497787475586e+00
8.984603881835937500e-01
4.447525501251220703e+00
2.538295984268188477e+00
1.432400941848754883e+00
7.358577251434326172e-01
2.451109647750854492e+00
5.153197765350341797e+00
7.066688537597656250e-01
1.490360021591186523e+00
3.826541423797607422e+00
3.470774412155151367e+00
3.929603815078735352e+00
3.045244216918945312e+00
2.323350906372070312e+00
8.933348655700683594e-01
1.411358356475830078e+00
4.126893758773803711e+00
4.486089944839477539e+00
2.481552124023437500e+00
1.319242000579833984e+00
2.136649370193481445e+00
2.741421461105346680e+00
3.900195837020874023e+00
2.830875635147094727e+00
2.264194011688232422e+00
1.438793182373046875e+00
1.931750059127807617e+00
8.978512287139892578e-01
2.278867483139038086e+00
8.866968154907226562e-01
8.271474838256835938e-01
7.231826782226562500e-01
4.339159727096557617e+00
5.181692361831665039e+00
1.398786306381225586e+00
2.515908718109130859e+00
1.451154470443725586e+00
1.168860435485839844e+00
4.400398731231689453e+00
7.062530517578125000e-01
9.853599071502685547e-01
7.192993164062500000e-01
3.624640226364135742e+00
2.660325288772583008e+00
2.453357219696044922e+00
7.143368721008300781e-01
3.072030067443847656e+00
6.872782707214355469e-01
2.354510545730590820e+00
3.627048730850219727e+00
3.521987438201904297e+00
1.243316411972045898e+00
3.517434120178222656e+00
3.964457035064697266e+00
3.794363260269165039e+00
4.713326215744018555e+00
2.000826835632324219e+00
3.548018217086791992e+00
1.487206697463989258e+00
2.398863554000854492e+00
2.277338576316833496e+01
2.625699996948242188e+00
1.358319759368896484e+00
1.444785833358764648e+00
5.029764175415039062e+00
1.238253116607666016e+00
2.663876056671142578e+00
1.592607498168945312e+00
4.190385818481445312e+00
3.164954662322998047e+00
1.718461275100708008e+00
2.939842224121093750e+00
2.393665075302124023e+00
5.012526988983154297e+00
3.289921522140502930e+00
2.400298357009887695e+00
1.628621816635131836e+00
2.927471399307250977e+00
3.282902002334594727e+00
3.734252452850341797e+00
2.030719995498657227e+00
3.075750350952148438e+00
1.185876607894897461e+00
2.529427289962768555e+00
2.194286584854125977e+00
2.282406330108642578e+00
1.653501272201538086e+00
7.363946437835693359e-01
4.471429824829101562e+00
7.986218929290771484e-01
5.377832412719726562e+00
2.241398334503173828e+00
1.327924251556396484e+00
1.810943365097045898e+00
2.940715074539184570e+00
4.566224336624145508e+00
3.715658426284790039e+00
4.848199367523193359e+00
3.553222417831420898e+00
2.599027156829833984e+00
3.382959127426147461e+00
2.650059938430786133e+00
3.132769584655761719e+00
6.654744148254394531e-01
2.590875387191772461e+00
5.247714996337890625e+00
1.145198106765747070e+00
1.900100708007812500e+00
1.166708946228027344e+00
5.756761312484741211e+00
5.685365200042724609e+00
2.747933864593505859e+00
2.592695951461791992e+00
2.859108924865722656e+00
4.867907524108886719e+00
1.837541341781616211e+00
1.245267152786254883e+00
1.302575349807739258e+00
4.369531154632568359e+00
2.299342632293701172e+00
7.348206043243408203e-01
3.361274719238281250e+00
2.527156591415405273e+00
2.274336099624633789e+00
1.023376703262329102e+00
1.997577428817749023e+00
8.070280551910400391e-01
2.590806484222412109e+00
1.533415079116821289e+00
2.446195602416992188e+00
3.038859605789184570e+00
4.253104686737060547e+00
3.772425651550292969e+00
2.221277952194213867e+00
2.936314105987548828e+00
5.106223821640014648e+00
2.631976366043090820e+00
2.550832509994506836e+00
1.449107170104980469e+00
7.840507030487060547e-01
2.248395681381225586e+00
3.968460798263549805e+00
3.347060441970825195e+00
3.055902957916259766e+00
2.480150699615478516e+00
1.551874637603759766e+00
7.158081531524658203e-01
1.531493425369262695e+00
3.032720327377319336e+00
3.917861938476562500e+00
1.081244230270385742e+00
4.020624160766601562e+00
1.151648521423339844e+00
1.159312725067138672e+00
2.724648237228393555e+00
2.599012851715087891e+00
3.102900028228759766e+00
2.866795539855957031e+00
2.678258895874023438e+00
3.599502563476562500e+00
4.150681257247924805e+00
5.848073005676269531e+00
4.623277664184570312e+00
2.411609411239624023e+00
3.547871112823486328e+00
2.611491203308105469e+00
2.846105337142944336e+00
5.297612428665161133e+00
5.604055166244506836e+00
1.626468181610107422e+00
5.225946187973022461e+00
6.103651046752929688e+00
4.931686401367187500e+00
7.133582115173339844e+00
5.324976682662963867e+00
2.463927984237670898e+00
5.121010303497314453e+00
3.125526905059814453e+00
3.789828777313232422e+00
1.278291940689086914e+00
1.486702203750610352e+00
1.918131351470947266e+00
3.719605922698974609e+00
2.761907577514648438e+00
1.334431648254394531e+00
7.623946666717529297e-01
2.114300727844238281e+00
3.395003080368041992e+00
2.955390930175781250e+00
1.075745820999145508e+00
3.836818695068359375e+00
1.004072427749633789e+00
1.673334598541259766e+00
4.738640785217285156e+00
1.159994602203369141e+00
2.278515338897705078e+00
3.606991052627563477e+00
9.617390632629394531e-01
1.401478767395019531e+00
3.289043188095092773e+00
7.429869174957275391e-01
8.884899616241455078e-01
2.400387763977050781e+00
2.746724367141723633e+00
3.197881221771240234e+00
3.066296815872192383e+00
2.989148378372192383e+00
1.209418058395385742e+00
1.683865308761596680e+00
2.553107500076293945e+00
2.409503221511840820e+00
4.046740293502807617e+00
3.051301956176757812e+00
2.098814725875854492e+00
2.016660928726196289e+00
1.490968465805053711e+00
1.296404361724853516e+00
3.569716453552246094e+00
7.784473896026611328e-01
1.762141227722167969e+00
2.389994382858276367e+00
1.050012350082397461e+00
3.022321462631225586e+00
3.784566640853881836e+00
5.072258472442626953e+00
4.152232885360717773e+00
2.297474622726440430e+00
3.421761274337768555e+00
1.603435993194580078e+00
5.378055810928344727e+00
1.662804126739501953e+00
5.531271219253540039e+00
4.696711778640747070e+00
1.687287092208862305e+00
3.547852277755737305e+00
5.616036653518676758e+00
3.381545782089233398e+00
1.177242517471313477e+00
1.925756931304931641e+00
2.387145042419433594e+00
2.036456346511840820e+00
3.391117334365844727e+00
2.766100168228149414e+00
2.010820150375366211e+00
1.317088127136230469e+00
2.360020637512207031e+00
2.404793739318847656e+00
1.877375125885009766e+00
2.320115089416503906e+00
5.125757932662963867e+00
4.726515293121337891e+00
7.399351596832275391e-01
1.810047960281372070e+01
3.148377418518066406e+00
2.945170164108276367e+00
2.350767135620117188e+00
2.104881525039672852e+00
4.538541316986083984e+00
1.627271175384521484e+00
2.326485157012939453e+00
1.603282451629638672e+00
2.658222913742065430e+00
4.141406297683715820e+00
9.727854728698730469e-01
2.772489070892333984e+00
2.169004917144775391e+00
4.044986724853515625e+00
2.213790178298950195e+00
7.217183113098144531e-01
5.608712434768676758e+00
1.916993141174316406e+00
5.731764554977416992e+00
2.214021205902099609e+00
7.239487171173095703e-01
1.881245613098144531e+00
3.610944747924804688e+00
1.888409376144409180e+00
2.213263511657714844e+00
3.438901185989379883e+00
1.908498048782348633e+00
2.447066545486450195e+00
2.017508029937744141e+00
1.503526687622070312e+00
4.103020668029785156e+00
4.230581760406494141e+00
2.873399496078491211e+00
7.917463779449462891e-01
4.629161357879638672e+00
3.132251501083374023e+00
7.348954677581787109e-01
1.792391061782836914e+00
1.207928180694580078e+00
1.117502450942993164e+00
6.993811130523681641e-01
2.788652420043945312e+00
7.491414546966552734e-01
2.445870161056518555e+00
2.915333986282348633e+00
3.609188318252563477e+00
5.643890380859375000e+00
2.650752067565917969e+00
1.546541213989257812e+00
6.961257457733154297e-01
3.096571207046508789e+00
3.912064790725708008e+00
1.110488176345825195e+00
7.549810409545898438e-01
3.206891059875488281e+00
1.317313671112060547e+00
3.684104919433593750e+00
2.219875097274780273e+00
6.592064380645751953e+00
2.116429567337036133e+00
8.232715129852294922e-01
2.772528886795043945e+00
2.040019273757934570e+00
4.691600799560546875e+00
2.050968408584594727e+00
1.721371412277221680e+00
3.475912094116210938e+00
2.431357145309448242e+00
4.307928085327148438e+00
4.294891119003295898e+00
3.833597660064697266e+00
3.144350051879882812e+00
1.364920377731323242e+00
3.882637977600097656e+00
1.017331838607788086e+00
4.001587629318237305e+00
2.450675010681152344e+00
1.334866762161254883e+00
1.547837018966674805e+00
2.763208150863647461e+00
7.292451858520507812e-01
3.816315412521362305e+00
1.985454320907592773e+00
4.884675025939941406e+00
1.339647531509399414e+00
5.635323524475097656e+00
4.746975183486938477e+00
3.721229791641235352e+00
2.934085130691528320e+00
1.337514162063598633e+00
4.476321220397949219e+00
3.153369426727294922e+00
4.123956203460693359e+00
2.800171136856079102e+00
2.925585746765136719e+00
2.081576585769653320e+00
3.147057294845581055e+00
2.529996395111083984e+00
6.418392896652221680e+00
6.552188396453857422e+00
4.029726266860961914e+00
3.378150701522827148e+00
1.084373950958251953e+00
3.204192638397216797e+00
4.316890478134155273e+00
4.100708007812500000e+00
2.677608728408813477e+00
2.765501737594604492e+00
4.314697504043579102e+00
7.702150344848632812e-01
1.019021749496459961e+00
2.929998636245727539e+00
3.999513626098632812e+00
1.113588571548461914e+00
1.737297534942626953e+00
2.429828405380249023e+00
2.822351217269897461e+00
1.080073595046997070e+00
3.193166017532348633e+00
1.530506372451782227e+00
3.502105712890625000e+00
5.588518619537353516e+00
8.728730678558349609e-01
4.279299259185791016e+00
4.872770309448242188e+00
3.685516595840454102e+00
2.359747886657714844e+00
1.177227735519409180e+00
2.254481554031372070e+00
7.836313247680664062e-01
3.116374015808105469e+00
7.110230922698974609e-01
1.886913537979125977e+00
4.520410537719726562e+00
2.036943197250366211e+00
2.078137159347534180e+00
2.212814569473266602e+00
6.986641883850097656e-01
8.300564289093017578e-01
2.525091409683227539e+00
2.365269184112548828e+00
3.839075565338134766e+00
3.445746898651123047e+00
1.219048023223876953e+00
6.271188020706176758e+00
2.988034009933471680e+00
2.101207017898559570e+00
2.711577415466308594e+00
2.355508804321289062e+00
6.972396373748779297e-01
1.294154882431030273e+00
3.326611995697021484e+00
1.499777317047119141e+00
2.961340665817260742e+00
2.671788215637207031e+00
1.946814060211181641e+00
2.533906459808349609e+00
1.384708642959594727e+00
3.170470476150512695e+00
7.583098411560058594e-01
1.723487138748168945e+00
2.411119699478149414e+00
2.307367801666259766e+00
3.257354974746704102e+00
2.367979526519775391e+00
4.061717748641967773e+00
2.687300682067871094e+00
4.570254325866699219e+00
7.842495441436767578e-01
8.954730033874511719e-01
1.553071498870849609e+00
3.379843950271606445e+00
4.503794908523559570e+00
3.435173511505126953e+00
7.371411323547363281e-01
2.927736520767211914e+00
1.013290405273437500e+00
9.245913028717041016e-01
7.242166996002197266e-01
1.880951881408691406e+00
1.403233766555786133e+00
1.918859004974365234e+00
3.058976411819458008e+00
3.551640033721923828e+00
3.603490114212036133e+00
5.387062788009643555e+00
4.134606361389160156e+00
1.616448163986206055e+00
8.092741966247558594e-01
3.644970178604125977e+00
1.815526962280273438e+00
2.086328983306884766e+01
2.329270124435424805e+00
3.916093349456787109e+00
7.499315738677978516e-01
4.329096794128417969e+00
3.814337253570556641e+00
1.706559658050537109e+00
2.740718364715576172e+00
1.435354948043823242e+00
1.409468650817871094e+00
3.461287736892700195e+00
3.072408676147460938e+00
3.559354066848754883e+00
3.228028535842895508e+00
2.039736747741699219e+00
6.954917907714843750e-01
2.084034442901611328e+00
3.101907730102539062e+00
7.736637592315673828e-01
6.999020576477050781e-01
1.564410924911499023e+00
4.908323526382446289e+00
1.331322669982910156e+00
1.561251640319824219e+00
4.474792957305908203e+00
3.015275239944458008e+00
2.647177219390869141e+00
2.604640007019042969e+00
2.123420715332031250e+00
1.161157846450805664e+00
3.795437335968017578e+00
1.720665454864501953e+00
1.724021911621093750e+00
1.037981986999511719e+00
2.431222438812255859e+00
2.982344150543212891e+00
2.932542324066162109e+00
3.457002878189086914e+00
2.372220039367675781e+00
1.006537914276123047e+00
1.767652750015258789e+00
5.574413537979125977e+00
7.550237178802490234e-01
2.641283512115478516e+00
3.503176212310791016e+00
7.405998706817626953e-01
5.490921258926391602e+00
7.542471885681152344e-01
2.196973562240600586e+00
2.309665918350219727e+00
3.713218688964843750e+00
7.715973854064941406e-01
1.001268625259399414e+00
4.428573608398437500e+00
3.427566051483154297e+00
4.866529226303100586e+00
1.904547214508056641e+00
1.967103004455566406e+00
3.077019214630126953e+00
3.807245016098022461e+00
1.278659105300903320e+00
5.766748905181884766e+00
1.443873167037963867e+00
7.864489555358886719e-01
3.576860189437866211e+00
3.878647327423095703e+00
2.217848300933837891e+00
2.571692943572998047e+00
7.638397216796875000e-01
2.551794528961181641e+00
1.105527162551879883e+00
3.192748069763183594e+00
1.916058778762817383e+00
5.204680919647216797e+00
9.039146900177001953e-01
3.279773473739624023e+00
2.609383344650268555e+00
8.344221115112304688e-01
5.598766088485717773e+00
5.346782922744750977e+00
3.446861028671264648e+00
1.762015581130981445e+00
2.954650163650512695e+00
1.572062253952026367e+00
7.399127483367919922e-01
2.533837080001831055e+00
3.191564559936523438e+00
2.030701875686645508e+00
2.936822414398193359e+00
2.336903333663940430e+00
7.583417892456054688e-01
2.640628814697265625e+00
1.458349466323852539e+00
3.312072992324829102e+00
2.694975137710571289e+00
4.196089744567871094e+00
1.996621847152709961e+00
2.477989435195922852e+00
1.333738088607788086e+00
7.856113910675048828e-01
4.151622772216796875e+00
2.644324064254760742e+00
3.076812744140625000e+00
2.761452674865722656e+00
1.120867490768432617e+00
2.115379095077514648e+00
3.186972618103027344e+00
1.687537193298339844e+00
7.311458587646484375e-01
3.503389835357666016e+00
7.287662029266357422e-01
1.218562126159667969e+00
7.951991558074951172e-01
1.055012702941894531e+00
4.437614917755126953e+00
2.045816659927368164e+00
1.666137933731079102e+00
1.106193065643310547e+00
2.853344440460205078e+00
1.387723207473754883e+00
5.444417953491210938e+00
2.430362224578857422e+00
1.681083440780639648e+00
2.140892267227172852e+00
1.827458143234252930e+00
2.730150699615478516e+00
5.687179327011108398e+00
5.118427515029907227e+00
6.871604919433593750e-01
7.389652729034423828e-01
4.124104499816894531e+00
3.615123033523559570e+00
1.457921743392944336e+00
1.304813861846923828e+00
5.268369197845458984e+00
7.831678390502929688e-01
2.787859201431274414e+00
3.398564577102661133e+00
1.296859264373779297e+00
2.972749710083007812e+00
4.051592111587524414e+00
2.872722148895263672e+00
3.356420755386352539e+00
8.460733890533447266e-01
5.318040132522583008e+00
2.301957607269287109e+00
7.589576244354248047e-01
4.123989105224609375e+00
4.099565267562866211e+00
7.161343097686767578e-01
2.309271812438964844e+00
2.072980642318725586e+00
1.424754858016967773e+00
1.669078826904296875e+00
2.389962196350097656e+00
2.520259857177734375e+00
2.140259981155395508e+00
7.021408081054687500e-01
1.846068143844604492e+00
2.561672925949096680e+00
8.254363536834716797e-01
3.827797651290893555e+00
3.548788309097290039e+00
3.434947967529296875e+00
8.371536731719970703e-01
7.884619235992431641e-01
2.884682178497314453e+00
1.866150617599487305e+00
1.792593240737915039e+00
1.252088069915771484e+00
1.511072635650634766e+00
6.934044361114501953e-01
1.952937602996826172e+00
3.313506841659545898e+00
1.787994146347045898e+00
2.330982446670532227e+00
3.676565408706665039e+00
2.134158611297607422e+00
1.791983842849731445e+00
2.206400871276855469e+00
2.770429849624633789e+00
4.644608020782470703e+00
5.099087715148925781e+00
2.588308572769165039e+00
2.364183902740478516e+00
7.889597415924072266e-01
1.286503791809082031e+00
1.495252847671508789e+00
2.393113374710083008e+00
2.926059484481811523e+00
8.839914798736572266e-01
3.632803440093994141e+00
2.007551980018615723e+01
1.099027156829833984e+00
7.245070934295654297e-01
1.949780464172363281e+00
2.722420454025268555e+00
2.660301446914672852e+00
1.185461282730102539e+00
7.410140037536621094e-01
6.576709032058715820e+00
4.669439315795898438e+00
2.909088850021362305e+00
5.601848363876342773e+00
3.404732704162597656e+00
1.616839170455932617e+00
8.722517490386962891e-01
1.815141916275024414e+00
3.386202335357666016e+00
1.603477478027343750e+00
1.666421413421630859e+00
2.984929084777832031e+00
2.464987993240356445e+00
4.475532293319702148e+00
7.159545421600341797e-01
3.664412260055541992e+00
1.277887582778930664e+00
4.464375734329223633e+00
1.124094486236572266e+00
2.914354562759399414e+00
3.497359752655029297e+00
3.113768815994262695e+00
3.533826351165771484e+00
7.528660297393798828e-01
1.993332624435424805e+00
3.867291212081909180e+00
4.340140342712402344e+00
4.350688695907592773e+00
3.168293714523315430e+00
1.390257596969604492e+00
7.427062988281250000e-01
1.970586061477661133e+00
1.004202365875244141e+00
1.188182830810546875e+00
1.449390172958374023e+00
7.847821712493896484e-01
5.577404260635375977e+00
3.373765945434570312e+00
4.205448865890502930e+00
3.524254083633422852e+00
2.178349733352661133e+00
1.893362760543823242e+00
7.148556709289550781e-01
7.794802188873291016e-01
3.020760059356689453e+00
1.722513198852539062e+00
6.829967260360717773e+00
2.758733272552490234e+00
8.948154449462890625e-01
3.617964506149291992e+00
2.269507408142089844e+00
3.953326940536499023e+00
2.113452911376953125e+00
9.429059028625488281e-01
4.579388618469238281e+00
1.866279363632202148e+00
2.036414861679077148e+00
1.937612295150756836e+00
1.302290201187133789e+00
1.954307079315185547e+00
8.526914119720458984e-01
5.344769239425659180e+00
5.766503572463989258e+00
1.066372394561767578e+00
2.786932945251464844e+00
2.213920593261718750e+00
2.715705871582031250e+00
6.632299423217773438e-01
2.015326976776123047e+00
1.905273199081420898e+00
3.674396276473999023e+00
1.928311109542846680e+00
8.017182350158691406e-01
1.043327093124389648e+00
2.555696249008178711e+00
4.802954196929931641e+00
5.226803064346313477e+00
7.489502429962158203e-01
8.587548732757568359e-01
2.889257192611694336e+00
8.537726402282714844e-01
3.775083065032958984e+00
4.153852462768554688e+00
1.285842895507812500e+00
2.435908317565917969e+00
6.002943515777587891e+00
1.511654853820800781e+00
9.856641292572021484e-01
1.703495502471923828e+00
2.852081298828125000e+00
7.279820442199707031e-01
9.118025302886962891e-01
3.864812612533569336e+00
1.863620758056640625e+00
2.735832452774047852e+00
2.962700605392456055e+00
2.721746921539306641e+00
2.741449832916259766e+00
2.906028270721435547e+00
7.351403236389160156e-01
4.334927558898925781e+00
2.328360795974731445e+00
9.364502429962158203e-01
7.426714897155761719e-01
2.636963129043579102e+00
9.027285575866699219e-01
1.180787801742553711e+00
3.227008581161499023e+00
1.078602790832519531e+00
7.123234272003173828e-01
2.412353515625000000e+00
2.546937465667724609e+00
2.355682611465454102e+00
1.373353242874145508e+00
7.459700107574462891e-01
2.828796148300170898e+00
2.816099882125854492e+00
8.517241477966308594e-01
3.997346878051757812e+00
3.276189088821411133e+00
1.695823907852172852e+00
5.776134252548217773e+00
1.287647724151611328e+00
7.045500278472900391e-01
1.479407548904418945e+00
1.939007520675659180e+00
2.056388139724731445e+00
2.170759677886962891e+00
4.452655315399169922e+00
7.549760341644287109e-01
3.881789922714233398e+00
2.112392425537109375e+00
2.552975654602050781e+00
2.932324647903442383e+00
1.133796930313110352e+00
4.749808788299560547e+00
4.486517906188964844e+00
9.416184425354003906e-01
7.339017391204833984e-01
9.453835487365722656e-01
2.880559444427490234e+00
3.847948789596557617e+00
3.641977310180664062e+00
3.221467733383178711e+00
2.588678836822509766e+00
1.716971158981323242e+00
8.028941154479980469e-01
2.714314460754394531e+00
4.185864210128784180e+00
4.432099580764770508e+00
4.113105773925781250e+00
7.538733482360839844e-01
1.524012565612792969e+00
3.100449323654174805e+00
8.753666877746582031e-01
1.890615940093994141e+00
2.584798336029052734e+00
1.329663038253784180e+00
1.812419176101684570e+00
7.626783847808837891e-01
1.202838420867919922e+00
3.456372976303100586e+00
1.810832738876342773e+00
1.731418371200561523e+00
2.003479719161987305e+00
7.481126785278320312e-01
2.078189849853515625e+00
5.015509843826293945e+00
2.658632516860961914e+00
2.424612760543823242e+00
2.983113288879394531e+00
1.661275386810302734e+00
1.119832754135131836e+00
2.246180772781372070e+00
4.653815507888793945e+00
5.154172658920288086e+00
9.530844688415527344e-01
5.091041564941406250e+00
2.440867662429809570e+00
2.791594505310058594e+00
2.237319469451904297e+00
1.792414903640747070e+00
2.210717201232910156e+00
3.210458517074584961e+00
1.713691997528076172e+01
2.135840892791748047e+00
1.843190670013427734e+00
3.452853202819824219e+00
1.848237037658691406e+00
8.509948253631591797e-01
2.297465801239013672e+00
1.641742944717407227e+00
1.422098398208618164e+00
1.674285650253295898e+00
4.003883123397827148e+00
1.575948238372802734e+00
4.036225557327270508e+00
6.901619434356689453e-01
1.841947317123413086e+00
7.539613246917724609e-01
3.401032686233520508e+00
1.796608686447143555e+00
1.088806152343750000e+00
2.650500774383544922e+00
4.632491111755371094e+00
2.011700153350830078e+00
4.891654014587402344e+00
2.442418813705444336e+00
4.037474870681762695e+00
2.330751657485961914e+00
2.554239034652709961e+00
2.931528806686401367e+00
6.914851665496826172e-01
4.766857385635375977e+00
7.701847553253173828e-01
1.610930204391479492e+00
1.361962080001831055e+00
8.061504364013671875e-01
4.584531307220458984e+00
2.075715303421020508e+00
1.762888431549072266e+00
9.028885364532470703e-01
1.151741266250610352e+00
2.514029502868652344e+00
1.671182870864868164e+00
3.981917142868041992e+00
9.465811252593994141e-01
3.794472217559814453e+00
2.797800540924072266e+00
6.929161548614501953e-01
9.732120037078857422e-01
8.300855159759521484e-01
3.249183177947998047e+00
8.341600894927978516e-01
1.613196611404418945e+00
4.452095270156860352e+00
2.348797798156738281e+00
2.602850675582885742e+00
1.551768302917480469e+00
1.047553539276123047e+00
1.547512769699096680e+00
9.176917076110839844e-01
3.810452699661254883e+00
3.444485902786254883e+00
2.347110271453857422e+00
2.244602203369140625e+00
3.599635839462280273e+00
1.966650485992431641e+00
4.782111883163452148e+00
4.782959938049316406e+00
8.105261325836181641e-01
2.109031915664672852e+00
1.488648653030395508e+00
7.316803932189941406e-01
3.108354091644287109e+00
7.879159450531005859e-01
4.327978849411010742e+00
2.932382822036743164e+00
7.932343482971191406e-01
3.233214855194091797e+00
3.505059003829956055e+00
3.636355638504028320e+00
4.310941219329833984e+00
1.885896682739257812e+00
2.285134077072143555e+00
3.089488029479980469e+00
7.804234027862548828e-01
3.250772953033447266e+00
7.389783859252929688e-01
3.740420341491699219e+00
2.612624645233154297e+00
3.413289070129394531e+00
1.491322755813598633e+00
3.291707754135131836e+00
3.327229738235473633e+00
2.119527816772460938e+00
3.014969110488891602e+00
8.678777217864990234e-01
2.342855453491210938e+00
1.254309177398681641e+00
1.521227836608886719e+00
4.043853282928466797e+00
4.061899185180664062e+00
1.382526636123657227e+00
7.828128337860107422e-01
7.907419204711914062e-01
1.295356750488281250e+00
2.560704231262207031e+00
1.273491859436035156e+00
3.718364238739013672e+00
2.085147142410278320e+00
2.659919738769531250e+00
4.529421567916870117e+00
2.552845954895019531e+00
1.275486230850219727e+00
1.252344369888305664e+00
4.442839622497558594e+00
4.887580871582031250e+00
3.569529056549072266e+00
3.677868843078613281e+00
8.773150444030761719e-01
2.354314327239990234e+00
2.598726511001586914e+00
7.079315185546875000e-01
2.309673786163330078e+00
4.261633396148681641e+00
1.684084177017211914e+00
5.213635444641113281e+00
2.012731790542602539e+00
3.529562234878540039e+00
3.206519126892089844e+00
7.229471206665039062e-01
9.861805438995361328e-01
2.817326545715332031e+00
4.286278009414672852e+00
2.000747919082641602e+00
7.561910152435302734e-01
1.410819292068481445e+00
1.854735851287841797e+00
1.518896102905273438e+00
4.623899698257446289e+00
4.411628961563110352e+00
2.981169462203979492e+00
1.882326602935791016e+00
7.167868614196777344e-01
1.965875387191772461e+00
3.128178596496582031e+00
2.415467739105224609e+00
1.218575716018676758e+00
3.758455276489257812e+00
1.491230726242065430e+00
7.109131813049316406e-01
4.470354795455932617e+00
5.744628429412841797e+00
5.598545789718627930e+00
3.610323429107666016e+00
1.839729309082031250e+00
2.476814270019531250e+00
3.618529319763183594e+00
5.169466972351074219e+00
1.106244564056396484e+00
4.706547498703002930e+00
7.624266147613525391e-01
4.003639698028564453e+00
1.996558666229248047e+00
4.287257671356201172e+00
2.678908348083496094e+00
3.951607465744018555e+00
2.046075344085693359e+00
1.578817844390869141e+00
1.036775827407836914e+00
5.375839710235595703e+00
7.795703411102294922e-01
1.636942148208618164e+00
4.070069789886474609e+00
7.767014503479003906e-01
2.376019001007080078e+00
1.908983469009399414e+00
2.548824310302734375e+00
7.757132053375244141e-01
2.576466560363769531e+00
3.190070390701293945e+00
3.565813779830932617e+00
8.233659267425537109e-01
8.625535964965820312e-01
3.377452135086059570e+00
1.608411073684692383e+00
9.843890666961669922e-01
3.898477315902709961e+00
3.600208044052124023e+00
1.858974218368530273e+00
3.454918622970581055e+00
4.828714609146118164e+00
3.155663967132568359e+00
7.262976169586181641e-01
3.014647960662841797e+00
2.153250598907470703e+01
3.049145936965942383e+00
1.276139736175537109e+00
3.168483972549438477e+00
3.959333181381225586e+00
2.214496612548828125e+00
7.221086025238037109e-01
5.206357955932617188e+00
3.235096931457519531e+00
5.701173305511474609e+00
3.728993892669677734e+00
4.613078594207763672e+00
8.387043476104736328e-01
2.274344205856323242e+00
3.170483112335205078e+00
4.519284486770629883e+00
4.333444833755493164e+00
3.486324071884155273e+00
2.695500612258911133e+00
8.969271183013916016e-01
1.172806262969970703e+00
9.143393039703369141e-01
2.627604722976684570e+00
2.777541160583496094e+00
2.695343971252441406e+00
2.355212211608886719e+00
4.882972955703735352e+00
2.545427560806274414e+00
6.137292861938476562e+00
2.112909317016601562e+00
4.131458997726440430e+00
2.541429996490478516e+00
2.722424030303955078e+00
7.797389030456542969e-01
1.344309329986572266e+00
4.471235513687133789e+00
2.058586359024047852e+00
2.879778385162353516e+00
2.340312480926513672e+00
1.998502254486083984e+00
1.771579027175903320e+00
9.985122680664062500e-01
2.554379463195800781e+00
4.061981678009033203e+00
1.434957981109619141e+00
4.482799291610717773e+00
3.200557708740234375e+00
2.700765848159790039e+00
3.109696626663208008e+00
2.841929674148559570e+00
3.491469144821166992e+00
1.649290800094604492e+00
4.868084669113159180e+00
2.844945430755615234e+00
1.311081886291503906e+00
2.047750711441040039e+00
3.063574075698852539e+00
3.976825475692749023e+00
3.736320257186889648e+00
2.893461704254150391e+00
3.906633853912353516e+00
7.047243118286132812e-01
2.500505924224853516e+00
3.749161958694458008e+00
4.859210252761840820e+00
4.324916839599609375e+00
1.830849170684814453e+00
3.020121812820434570e+00
2.226361989974975586e+00
2.703602552413940430e+00
2.905779838562011719e+00
7.246375083923339844e-01
4.275167465209960938e+00
2.645748853683471680e+00
2.224392175674438477e+00
1.953182697296142578e+00
5.302796125411987305e+00
2.660598039627075195e+00
1.734920501708984375e+00
3.540455341339111328e+00
2.786851167678833008e+00
3.472707509994506836e+00
6.733167171478271484e-01
8.986315727233886719e-01
7.338140010833740234e-01
8.727843761444091797e-01
1.587240934371948242e+00
2.255962848663330078e+00
2.423156261444091797e+00
1.860470771789550781e+00
3.980005979537963867e+00
4.136042356491088867e+00
2.058814287185668945e+00
2.497668504714965820e+00
1.742049932479858398e+00
5.213554143905639648e+00
3.141487121582031250e+00
7.639296054840087891e-01
1.871111392974853516e+00
6.899442672729492188e-01
4.932073831558227539e+00
4.679772615432739258e+00
9.735822677612304688e-01
2.697457075119018555e+00
2.999888181686401367e+00
5.291920661926269531e+00
3.894680976867675781e+00
1.661698102951049805e+00
1.343943119049072266e+00
2.584106445312500000e+00
7.290942668914794922e-01
4.568717956542968750e+00
3.483569383621215820e+00
4.406553983688354492e+00
3.637981414794921875e+00
2.047331571578979492e+00
7.537236213684082031e-01
2.041671276092529297e+00
2.237446784973144531e+00
2.549103260040283203e+00
2.556531429290771484e+00
7.072885036468505859e-01
1.862380981445312500e+00
1.469866037368774414e+00
7.804236412048339844e-01
1.041400671005249023e+00
8.721513748168945312e-01
2.412402153015136719e+00
4.355390787124633789e+00
3.665123462677001953e+00
2.222949981689453125e+00
1.563001871109008789e+00
7.637867927551269531e-01
3.703882932662963867e+00
7.490844726562500000e-01
3.043372154235839844e+00
1.469679355621337891e+00
2.863221645355224609e+00
3.057961225509643555e+00
1.476966381072998047e+00
7.214422225952148438e-01
1.944068193435668945e+00
7.145497798919677734e-01
1.669115066528320312e+00
3.832645177841186523e+00
2.174409866333007812e+00
7.681639194488525391e-01
1.794365167617797852e+00
2.057847023010253906e+00
8.659529685974121094e-01
2.905653476715087891e+00
1.755461454391479492e+00
8.279900550842285156e-01
1.284242153167724609e+00
7.151153087615966797e-01
1.426311731338500977e+00
1.245823860168457031e+00
3.087113618850708008e+00
2.427949666976928711e+00
7.150220870971679688e-01
1.627738952636718750e+00
3.008185625076293945e+00
2.761422634124755859e+00
2.185270071029663086e+00
2.568963527679443359e+00
1.748908758163452148e+00
8.821506500244140625e-01
7.665610313415527344e-01
1.619305372238159180e+00
1.845530748367309570e+00
7.353167533874511719e-01
1.512302637100219727e+00
1.144830703735351562e+00
1.695120573043823242e+00
1.756231546401977539e+00
2.871290206909179688e+00
1.463601827621459961e+00
2.289508581161499023e+00
3.254009723663330078e+00
7.070116996765136719e-01
5.454909801483154297e+00
3.901207208633422852e+00
1.553421258926391602e+00
5.061657905578613281e+00
1.436758995056152344e+00
2.018305063247680664e+00
5.220884323120117188e+00
1.261004924774169922e+00
1.955535650253295898e+00
4.728574752807617188e+00
3.633277654647827148e+00
2.884284019470214844e+00
1.552612376213073730e+01
8.349430561065673828e-01
2.042815208435058594e+00
3.565485000610351562e+00
1.081955671310424805e+00
3.760456323623657227e+00
4.572555541992187500e+00
3.512137889862060547e+00
2.006767749786376953e+00
2.849638223648071289e+00
2.224164247512817383e+00
3.542977809906005859e+00
7.401823997497558594e-01
2.124907016754150391e+00
1.114807367324829102e+00
1.113549709320068359e+00
1.549212455749511719e+00
4.416348934173583984e+00
5.141129016876220703e+00
2.063641786575317383e+00
1.937378644943237305e+00
1.336649656295776367e+00
2.624524116516113281e+00
2.198931932449340820e+00
9.816513061523437500e-01
3.194758176803588867e+00
8.259527683258056641e-01
2.100438356399536133e+00
4.324354887008666992e+00
2.560669183731079102e+00
3.655922174453735352e+00
3.969068288803100586e+00
2.621757745742797852e+00
9.622619152069091797e-01
7.738761901855468750e-01
3.461629152297973633e+00
4.515972137451171875e+00
4.241144895553588867e+00
8.234570026397705078e-01
4.190547466278076172e+00
2.607707023620605469e+00
1.377210140228271484e+00
2.295834779739379883e+00
7.541272640228271484e-01
7.974126338958740234e-01
8.078598976135253906e-01
2.374104738235473633e+00
1.868142604827880859e+00
7.234692573547363281e-01
8.111436367034912109e-01
6.159643650054931641e+00
1.518976211547851562e+00
1.399984121322631836e+00
2.741838932037353516e+00
7.302532196044921875e-01
1.354197978973388672e+00
3.364498138427734375e+00
7.356033325195312500e-01
2.129762649536132812e+00
1.934305906295776367e+00
2.891701698303222656e+00
1.661970376968383789e+00
1.314946174621582031e+00
1.968509912490844727e+00
3.236732482910156250e+00
2.433759212493896484e+00
1.285717248916625977e+00
6.955866813659667969e-01
2.233880281448364258e+00
4.358035326004028320e+00
9.553816318511962891e-01
4.365667104721069336e+00
3.030898809432983398e+00
7.413456439971923828e-01
1.385292768478393555e+00
5.166218042373657227e+00
2.297189712524414062e+00
9.168992042541503906e-01
6.897962093353271484e-01
3.025651931762695312e+00
7.832782268524169922e-01
1.402541399002075195e+00
1.839020729064941406e+00
9.240152835845947266e-01
1.817042589187622070e+00
2.045246839523315430e+00
1.287889003753662109e+00
3.218860387802124023e+00
2.510014295578002930e+00
7.323944568634033203e-01
3.834656000137329102e+00
2.957901954650878906e+00
4.151334285736083984e+00
1.125647306442260742e+00
3.015548467636108398e+00
3.578907489776611328e+00
2.710321903228759766e+00
2.951635599136352539e+00
1.929666280746459961e+00
2.346379280090332031e+00
8.735597133636474609e-01
2.358782529830932617e+00
2.710506916046142578e+00
1.673493385314941406e+00
1.817766666412353516e+00
3.861535787582397461e+00
2.146104097366333008e+00
1.966443538665771484e+00
2.598469018936157227e+00
3.736456155776977539e+00
3.854292154312133789e+00
4.731202840805053711e+00
4.170892953872680664e+00
1.060437440872192383e+00
2.995644092559814453e+00
2.253961563110351562e+00
2.277803182601928711e+00
1.751149892807006836e+00
4.896054744720458984e+00
8.083326816558837891e-01
2.616303205490112305e+00
3.008957862854003906e+00
2.819589614868164062e+00
3.326107978820800781e+00
1.374825239181518555e+00
6.861877441406250000e-01
3.968673944473266602e+00
4.377511978149414062e+00
1.245412826538085938e+00
6.299290180206298828e+00
3.818364620208740234e+00
7.584557533264160156e-01
1.091341257095336914e+00
3.648045301437377930e+00
1.171763181686401367e+00
1.335687160491943359e+00
4.871430635452270508e+00
7.240774631500244141e-01
1.595013618469238281e+00
3.600689649581909180e+00
1.064633846282958984e+00
1.340498208999633789e+00
4.979365110397338867e+00
9.485337734222412109e-01
7.604627609252929688e-01
2.660243988037109375e+00
4.344930171966552734e+00
7.908515930175781250e-01
4.193001508712768555e+00
2.820389270782470703e+00
3.072686672210693359e+00
2.586157083511352539e+00
1.824581146240234375e+00
9.039270877838134766e-01
3.221660375595092773e+00
1.659002780914306641e+00
3.526803493499755859e+00
2.548890590667724609e+00
7.429656982421875000e-01
3.611258506774902344e+00
2.928464889526367188e+00
7.563376426696777344e-01
1.926752328872680664e+00
3.009286880493164062e+00
1.105958700180053711e+00
1.542032957077026367e+00
4.728858947753906250e+00
1.384337186813354492e+00
6.758314847946166992e+00
1.160518169403076172e+00
1.950820446014404297e+00
3.637300729751586914e+00
7.782399654388427734e-01
7.424001693725585938e-01
9.175140857696533203e-01
2.342314958572387695e+00
2.608455657958984375e+00
2.957115173339843750e+00
1.858563899993896484e+00
1.084199428558349609e+00
2.581503391265869141e+00
3.591382026672363281e+00
3.302495718002319336e+00
8.514320850372314453e-01
1.636313199996948242e+00
1.457362174987792969e+00
6.221403360366821289e+00
4.516439199447631836e+00
4.457016229629516602e+00
9.786720275878906250e-01
5.266370773315429688e+00
3.395290851593017578e+00
1.774228954315185547e+01
7.229325771331787109e-01
3.195679664611816406e+00
1.669469594955444336e+00
4.778801441192626953e+00
4.485975027084350586e+00
1.576672315597534180e+00
7.987082004547119141e-01
1.790139198303222656e+00
4.423013448715209961e+00
7.098555564880371094e-01
1.487246036529541016e+00
1.279440879821777344e+00
2.832648277282714844e+00
2.237642526626586914e+00
2.194237709045410156e+00
4.189049005508422852e+00
3.515280008316040039e+00
3.876654863357543945e+00
4.829998493194580078e+00
7.669875621795654297e-01
3.091142654418945312e+00
3.066773891448974609e+00
1.305155277252197266e+00
1.867594718933105469e+00
2.328224658966064453e+00
3.234071493148803711e+00
7.571697235107421875e-01
1.817304372787475586e+00
2.073927640914916992e+00
1.766458272933959961e+00
6.257555484771728516e+00
2.660022020339965820e+00
5.005175352096557617e+00
8.616116046905517578e-01
1.053611516952514648e+00
3.101203441619873047e+00
8.183200359344482422e-01
1.000708818435668945e+00
2.653011560440063477e+00
2.624982357025146484e+00
1.225247383117675781e+00
3.616850137710571289e+00
3.015405654907226562e+00
3.789215564727783203e+00
1.026211738586425781e+00
6.937372684478759766e-01
1.246896028518676758e+00
7.523663043975830078e-01
2.978248596191406250e+00
7.384545803070068359e-01
1.658793210983276367e+00
7.474195957183837891e-01
1.560632944107055664e+00
9.053590297698974609e-01
1.700510501861572266e+00
3.585477828979492188e+00
7.205295562744140625e-01
1.222950458526611328e+00
2.392339468002319336e+00
3.373972177505493164e+00
5.558740854263305664e+00
2.046125173568725586e+00
4.447705268859863281e+00
3.777318954467773438e+00
5.207881689071655273e+00
8.893861770629882812e-01
5.636951446533203125e+00
2.001339435577392578e+00
2.761769533157348633e+00
2.119782924652099609e+00
3.640380144119262695e+00
6.010739564895629883e+00
2.951475143432617188e+00
1.120499849319458008e+00
3.123712778091430664e+00
3.355227708816528320e+00
4.186306715011596680e+00
3.528597116470336914e+00
1.112443447113037109e+00
4.219666957855224609e+00
9.863197803497314453e-01
1.825789928436279297e+00
1.687414646148681641e+00
4.643873691558837891e+00
4.991946935653686523e+00
1.105834722518920898e+00
5.627873659133911133e+00
2.995720863342285156e+00
7.828302383422851562e-01
3.808713197708129883e+00
4.766590833663940430e+00
2.298482179641723633e+00
2.629622459411621094e+00
3.501569032669067383e+00
2.123092174530029297e+00
4.758285045623779297e+00
2.147505521774291992e+00
9.502730369567871094e-01
1.485465526580810547e+00
2.428599596023559570e+00
1.737653732299804688e+00
1.895787715911865234e+00
2.542898178100585938e+00
2.743101119995117188e+00
4.343375921249389648e+00
2.655690670013427734e+00
2.067990064620971680e+00
3.045913457870483398e+00
3.892192602157592773e+00
2.146126031875610352e+00
9.319400787353515625e-01
4.531311988830566406e+00
7.447412014007568359e-01
1.011847496032714844e+00
6.887257099151611328e-01
2.353188991546630859e+00
2.236803531646728516e+00
1.832581996917724609e+00
2.446129322052001953e+00
3.868309020996093750e+00
3.883173465728759766e+00
4.369697332382202148e+00
3.009202003479003906e+00
3.223086833953857422e+00
1.111500263214111328e+00
1.341678857803344727e+00
1.373224735260009766e+00
7.278230190277099609e-01
1.024598121643066406e+00
1.465051889419555664e+00
4.589624881744384766e+00
2.016918897628784180e+00
2.814866542816162109e+00
1.156036853790283203e+00
1.583873510360717773e+00
3.033059120178222656e+00
3.230478286743164062e+00
1.647723913192749023e+00
1.197263002395629883e+00
1.782546997070312500e+00
3.808070182800292969e+00
4.884332895278930664e+00
7.859442234039306641e-01
3.307001590728759766e+00
3.130427598953247070e+00
1.167078971862792969e+00
1.227840662002563477e+00
1.389787197113037109e+00
1.549415826797485352e+00
2.273150682449340820e+00
1.070681095123291016e+00
8.571064472198486328e-01
9.749984741210937500e-01
3.135654687881469727e+00
7.200119495391845703e-01
5.763586282730102539e+00
8.786964416503906250e-01
2.606879234313964844e+00
2.787855863571166992e+00
7.085967063903808594e-01
3.431982517242431641e+00
1.184153318405151367e+00
3.495084524154663086e+00
7.192950248718261719e-01
2.888545513153076172e+00
7.834198474884033203e-01
4.838329553604125977e+00
4.916625022888183594e+00
1.016907930374145508e+00
4.435803651809692383e+00
1.393855810165405273e+00
9.734528064727783203e-01
1.672972202301025391e+00
6.667788028717041016e-01
2.691088199615478516e+00
1.580763101577758789e+00
3.517426013946533203e+00
2.202140092849731445e+00
2.591522932052612305e+00
7.694618701934814453e-01
1.202475309371948242e+00
8.018331527709960938e-01
4.551649332046508789e+00
2.235539436340332031e+00
2.730888605117797852e+00
8.291800022125244141e-01
7.315969467163085938e-01
1.004182577133178711e+00
1.953180313110351562e+00
2.881991147994995117e+00
3.502427101135253906e+00
1.838673377037048340e+01
1.803233146667480469e+00
1.298032045364379883e+00
2.047724962234497070e+00
2.701829433441162109e+00
1.885182619094848633e+00
2.032663345336914062e+00
5.240592718124389648e+00
2.115416526794433594e+00
2.151370048522949219e+00
1.107378244400024414e+00
1.903765439987182617e+00
7.256214618682861328e-01
3.417702674865722656e+00
1.823098897933959961e+00
5.581763982772827148e+00
2.344472646713256836e+00
9.991188049316406250e-01
4.995342016220092773e+00
7.360048294067382812e-01
1.573960781097412109e+00
3.437468528747558594e+00
7.071309089660644531e-01
2.651889324188232422e+00
9.973187446594238281e-01
2.790919303894042969e+00
4.701658248901367188e+00
7.625102996826171875e-01
1.035887002944946289e+00
3.255445003509521484e+00
4.699723243713378906e+00
1.768847703933715820e+00
9.627242088317871094e-01
4.552677392959594727e+00
1.749896049499511719e+00
7.305452823638916016e-01
1.309008359909057617e+00
4.149923324584960938e+00
3.561302900314331055e+00
3.299198627471923828e+00
3.858650684356689453e+00
2.562290191650390625e+00
1.368664979934692383e+00
1.283230543136596680e+00
3.846601724624633789e+00
3.746045112609863281e+00
1.929206371307373047e+00
1.182151079177856445e+00
4.184176206588745117e+00
2.896568059921264648e+00
3.839897394180297852e+00
1.437920093536376953e+00
2.297338962554931641e+00
2.290858745574951172e+00
1.551651954650878906e+00
3.954598188400268555e+00
8.978331089019775391e-01
9.468142986297607422e-01
7.000772953033447266e-01
4.059780359268188477e+00
7.652611732482910156e-01
9.098603725433349609e-01
1.051881074905395508e+00
3.739065885543823242e+00
1.029076576232910156e+00
8.679070472717285156e-01
3.086539745330810547e+00
2.676502943038940430e+00
1.754093885421752930e+00
4.303821563720703125e+00
3.693446636199951172e+00
3.469847202301025391e+00
3.154011964797973633e+00
3.585290908813476562e+00
9.505274295806884766e-01
3.077911376953125000e+00
5.654710292816162109e+00
7.872362136840820312e-01
9.119567871093750000e-01
8.961443901062011719e-01
2.226133346557617188e+00
1.808120965957641602e+00
8.600437641143798828e-01
1.121750354766845703e+00
1.573220729827880859e+00
8.128724098205566406e-01
1.913707256317138672e+00
3.585697650909423828e+00
7.447972297668457031e-01
2.912457227706909180e+00
3.312039852142333984e+00
3.446939468383789062e+00
3.443229675292968750e+00
1.251451969146728516e+00
1.967636346817016602e+00
7.036938667297363281e-01
3.913488388061523438e+00
2.774653673171997070e+00
9.997999668121337891e-01
3.030617713928222656e+00
2.626076698303222656e+00
2.143325328826904297e+00
2.699928998947143555e+00
4.165464162826538086e+00
1.276728630065917969e+00
3.199124336242675781e+00
1.377802371978759766e+00
3.798445940017700195e+00
9.289262294769287109e-01
1.218991041183471680e+00
5.036942481994628906e+00
7.477829456329345703e-01
1.943947553634643555e+00
1.153854846954345703e+00
3.514143466949462891e+00
1.644929170608520508e+00
4.890877246856689453e+00
7.733664512634277344e-01
1.912627935409545898e+00
1.582081079483032227e+00
9.079351425170898438e-01
3.143606185913085938e+00
1.733196496963500977e+00
1.642992019653320312e+00
2.068711280822753906e+00
4.659911394119262695e+00
4.396128892898559570e+00
3.717303514480590820e+00
4.720999240875244141e+00
1.921083927154541016e+00
3.800858259201049805e+00
2.107124090194702148e+00
7.945983409881591797e-01
2.473325729370117188e+00
2.494557857513427734e+00
3.453615903854370117e+00
7.166004180908203125e-01
4.845205307006835938e+00
2.409967660903930664e+00
3.653829574584960938e+00
2.768356561660766602e+00
7.042288780212402344e-01
3.096941232681274414e+00
1.204499006271362305e+00
7.432267665863037109e-01
3.098696947097778320e+00
8.081123828887939453e-01
2.520631313323974609e+00
1.405685186386108398e+00
1.038007974624633789e+00
4.562279462814331055e+00
5.645115375518798828e+00
2.780915021896362305e+00
5.459698200225830078e+00
2.313033342361450195e+00
1.816638708114624023e+00
8.506479263305664062e-01
1.102462291717529297e+00
2.789855718612670898e+00
1.416622161865234375e+00
2.442147493362426758e+00
1.044305324554443359e+00
5.451262712478637695e+00
2.311792850494384766e+00
2.674395561218261719e+00
3.310986042022705078e+00
4.203315734863281250e+00
2.809224367141723633e+00
3.934510469436645508e+00
3.036615371704101562e+00
1.211001396179199219e+00
3.787341833114624023e+00
1.931049585342407227e+00
3.555459022521972656e+00
1.994174480438232422e+00
3.559206485748291016e+00
1.503506183624267578e+00
1.616180658340454102e+00
4.303684473037719727e+00
3.009833812713623047e+00
5.909789562225341797e+00
3.181841373443603516e+00
7.502746582031250000e-01
1.515621900558471680e+00
8.729209899902343750e-01
1.341054916381835938e+00
7.613589763641357422e-01
2.857490062713623047e+00
3.724844932556152344e+00
8.294842243194580078e-01
1.285168886184692383e+00
1.464892148971557617e+00
2.091142630577087402e+01
2.535793066024780273e+00
1.805024623870849609e+00
7.819881439208984375e-01
8.059234619140625000e-01
1.182008743286132812e+00
1.251534223556518555e+00
5.178387403488159180e+00
7.716717720031738281e-01
3.074942350387573242e+00
1.118246793746948242e+00
3.123109817504882812e+00
2.800735712051391602e+00
2.313624382019042969e+00
3.235370874404907227e+00
3.872560501098632812e+00
4.463897705078125000e+00
1.580462932586669922e+00
3.207288265228271484e+00
4.664129495620727539e+00
4.798544645309448242e+00
7.261302471160888672e-01
3.356766223907470703e+00
6.911947727203369141e-01
3.618983745574951172e+00
3.676638841629028320e+00
2.833662986755371094e+00
3.100319385528564453e+00
2.921321630477905273e+00
2.950743913650512695e+00
8.018581867218017578e-01
5.434890270233154297e+00
1.281119346618652344e+00
9.697246551513671875e-01
4.350101470947265625e+00
2.871429681777954102e+00
1.011234521865844727e+00
1.629990816116333008e+00
2.938436031341552734e+00
3.035846710205078125e+00
3.851309537887573242e+00
5.192569017410278320e+00
8.020162582397460938e-01
4.879232168197631836e+00
2.223608970642089844e+00
2.263976573944091797e+00
1.103247642517089844e+00
3.609525442123413086e+00
4.462463140487670898e+00
1.422105550765991211e+00
2.510015010833740234e+00
7.574393749237060547e-01
5.787180185317993164e+00
9.837195873260498047e-01
2.085772991180419922e+00
3.692899942398071289e+00
4.119766950607299805e+00
2.583058595657348633e+00
2.323703050613403320e+00
3.765415191650390625e+00
6.726587295532226562e+00
5.426030397415161133e+00
4.823100090026855469e+00
1.266664266586303711e+00
3.943860530853271484e+00
7.569203376770019531e-01
1.142535924911499023e+00
2.435054540634155273e+00
3.301949024200439453e+00
1.180975914001464844e+00
8.065805435180664062e-01
8.830204010009765625e-01
1.564851045608520508e+00
2.432841062545776367e+00
1.923110485076904297e+00
4.407731294631958008e+00
3.217614412307739258e+00
2.005756616592407227e+00
1.376586437225341797e+00
3.039644241333007812e+00
4.459541797637939453e+00
2.228164911270141602e+00
8.874788284301757812e-01
3.006489992141723633e+00
7.000291347503662109e-01
4.818592071533203125e+00
7.291297912597656250e-01
3.046885251998901367e+00
6.453118562698364258e+00
1.461591005325317383e+00
2.371573686599731445e+00
2.648412942886352539e+00
3.758548021316528320e+00
1.593471527099609375e+00
1.958471775054931641e+00
2.993579864501953125e+00
2.216927289962768555e+00
2.161596059799194336e+00
1.244299173355102539e+00
1.942358255386352539e+00
5.103406190872192383e+00
4.210996866226196289e+00
1.149149417877197266e+00
2.834221839904785156e+00
4.999149084091186523e+00
3.419422149658203125e+00
2.036978006362915039e+00
3.992799043655395508e+00
1.444607734680175781e+00
3.494581222534179688e+00
7.339475154876708984e-01
1.599467039108276367e+00
2.468370676040649414e+00
2.948046684265136719e+00
1.832982778549194336e+00
1.236308574676513672e+00
3.209025382995605469e+00
2.152285099029541016e+00
1.982278108596801758e+00
4.577698469161987305e+00
1.660742044448852539e+00
2.903985500335693359e+00
2.561650276184082031e+00
1.728136777877807617e+00
2.821490526199340820e+00
7.331433296203613281e-01
2.282989978790283203e+00
2.877100467681884766e+00
2.718215227127075195e+00
3.140119552612304688e+00
3.591267824172973633e+00
7.382724285125732422e-01
3.114092588424682617e+00
1.575592756271362305e+00
1.691349506378173828e+00
1.474897384643554688e+00
9.872252941131591797e-01
2.669300794601440430e+00
2.972577810287475586e+00
6.901061534881591797e-01
4.323836803436279297e+00
5.240016460418701172e+00
1.541740894317626953e+00
1.848220586776733398e+00
3.350079298019409180e+00
7.060306072235107422e-01
1.770068407058715820e+00
7.986314296722412109e-01
6.296780586242675781e+00
1.029265403747558594e+00
3.660461425781250000e+00
9.626033306121826172e-01
3.179142475128173828e+00
6.035868406295776367e+00
7.789068222045898438e-01
2.024478197097778320e+00
3.534440279006958008e+00
4.424724102020263672e+00
3.079250097274780273e+00
1.436061620712280273e+00
2.914920806884765625e+00
9.095995426177978516e-01
7.344360351562500000e-01
4.028377771377563477e+00
2.512325048446655273e+00
2.774345159530639648e+00
1.180291175842285156e+00
2.973327398300170898e+00
1.370656490325927734e+00
3.750225067138671875e+00
2.334192514419555664e+00
2.822043418884277344e+00
1.681361198425292969e+00
2.670626163482666016e+00
1.037321805953979492e+00
2.709716081619262695e+00
2.036005258560180664e+00
2.964399337768554688e+00
2.524498939514160156e+00
5.858290672302246094e+00
2.858990907669067383e+00
7.891156673431396484e-01
2.092160463333129883e+00
3.515924453735351562e+00
2.921176195144653320e+00
8.653259277343750000e-01
5.561826705932617188e+00
5.368716716766357422e+00
2.572288751602172852e+00
4.638418912887573242e+00
2.205883979797363281e+00
2.982884168624877930e+00
1.735787343978881836e+01
2.715101003646850586e+00
1.886887550354003906e+00
4.845763683319091797e+00
1.439253568649291992e+00
1.507183074951171875e+00
1.007238388061523438e+00
2.796448230743408203e+00
3.340312242507934570e+00
4.275029182434082031e+00
2.708499431610107422e+00
3.448765039443969727e+00
2.846455335617065430e+00
2.204051494598388672e+00
1.864414691925048828e+00
1.542807817459106445e+00
2.041436433792114258e+00
4.245755910873413086e+00
3.386514663696289062e+00
3.862151622772216797e+00
7.131507396697998047e-01
2.450634479522705078e+00
7.338445186614990234e-01
2.734711170196533203e+00
7.913966178894042969e-01
1.194283962249755859e+00
8.517520427703857422e-01
5.215710163116455078e+00
4.098812818527221680e+00
1.995244026184082031e+00
7.969691753387451172e-01
9.933362007141113281e-01
7.183475494384765625e-01
4.604571342468261719e+00
1.547703027725219727e+00
1.823882579803466797e+00
1.339330911636352539e+00
2.655523538589477539e+00
1.819373369216918945e+00
2.523825407028198242e+00
1.953044176101684570e+00
2.705121040344238281e+00
9.472148418426513672e-01
1.986697673797607422e+00
6.896886348724365234e+00
8.148977756500244141e-01
2.741721868515014648e+00
9.119722843170166016e-01
2.144989252090454102e+00
2.419606447219848633e+00
1.124228715896606445e+00
7.417201995849609375e-01
2.781458139419555664e+00
1.955055713653564453e+00
6.844944953918457031e-01
2.302964210510253906e+00
1.367182016372680664e+00
1.030309677124023438e+00
3.782922506332397461e+00
6.644434928894042969e-01
3.956382274627685547e+00
1.935025215148925781e+00
1.140088558197021484e+00
6.706540584564208984e-01
2.441459894180297852e+00
2.735072851181030273e+00
5.187234878540039062e+00
7.239538192749023438e+00
3.731709241867065430e+00
1.393495559692382812e+00
2.614859580993652344e+00
3.085861444473266602e+00
7.323634624481201172e-01
2.446893215179443359e+00
9.918315410614013672e-01
2.186663866043090820e+00
2.519801378250122070e+00
6.823680400848388672e-01
2.500057220458984375e+00
2.584295034408569336e+00
2.576026916503906250e+00
8.351397514343261719e-01
2.101645708084106445e+00
3.587301969528198242e+00
6.323011875152587891e+00
2.803810834884643555e+00
4.663646936416625977e+00
2.097719907760620117e+00
2.829461812973022461e+00
5.716221570968627930e+00
4.070775032043457031e+00
6.413180112838745117e+00
4.486098051071166992e+00
3.512805700302124023e+00
5.737281560897827148e+00
7.847800254821777344e-01
1.203591108322143555e+00
2.449509859085083008e+00
1.739259004592895508e+00
9.730634689331054688e-01
3.384678602218627930e+00
1.582316875457763672e+00
2.780259847640991211e+00
9.570541381835937500e-01
2.259182929992675781e+00
5.569809198379516602e+00
1.659951925277709961e+00
2.811409473419189453e+00
1.354025125503540039e+00
5.416852235794067383e+00
1.867646932601928711e+00
1.845454931259155273e+00
4.891403913497924805e+00
4.494544029235839844e+00
2.087678432464599609e+00
2.971178293228149414e+00
8.849403858184814453e-01
2.132694005966186523e+00
7.180497646331787109e-01
2.107326030731201172e+00
1.424638271331787109e+00
1.838973522186279297e+00
2.477258682250976562e+00
1.630269527435302734e+00
2.167993068695068359e+00
1.798837184906005859e+00
1.606509208679199219e+00
3.141446113586425781e+00
9.964225292205810547e-01
1.394457817077636719e+00
2.904908657073974609e+00
3.559750318527221680e+00
2.473385572433471680e+00
2.725793123245239258e+00
1.376989364624023438e+00
1.124767541885375977e+00
9.255111217498779297e-01
2.023241996765136719e+00
3.310461282730102539e+00
6.964554786682128906e-01
2.207547903060913086e+00
1.398871660232543945e+00
2.043879985809326172e+00
1.964536905288696289e+00
1.999308824539184570e+00
3.354628562927246094e+00
1.326794862747192383e+00
1.011217594146728516e+00
1.524032831192016602e+00
4.694708108901977539e+00
7.443196773529052734e-01
2.576893568038940430e+00
2.135010004043579102e+00
1.136887550354003906e+00
2.842167139053344727e+00
8.201673030853271484e-01
2.252486228942871094e+00
1.158556222915649414e+00
4.763913631439208984e+00
2.924072265625000000e+00
4.603859901428222656e+00
5.646633625030517578e+00
3.107947111129760742e+00
1.333402395248413086e+00
2.703886032104492188e+00
1.763232469558715820e+00
6.732988357543945312e-01
8.790993690490722656e-01
2.254049062728881836e+00
1.460207223892211914e+00
2.591894388198852539e+00
2.694825887680053711e+00
1.841391801834106445e+00
4.378015279769897461e+00
9.998517036437988281e-01
3.550214290618896484e+00
1.787309885025024414e+00
5.427543640136718750e+00
1.986544609069824219e+00
2.376362323760986328e+00
1.135099411010742188e+00
1.617410421371459961e+00
1.319140434265136719e+00
1.739844322204589844e+00
7.916595935821533203e-01
3.668485164642333984e+00
1.183716297149658203e+00
1.647972822189331055e+00
5.795034408569335938e+00
2.904559612274169922e+00
1.857302904129028320e+00
1.888472080230712891e+00
1.866038942337036133e+01
2.749413490295410156e+00
3.920633316040039062e+00
2.090471029281616211e+00
1.779972791671752930e+00
1.974081516265869141e+00
2.778454780578613281e+00
7.786550521850585938e-01
2.365486621856689453e+00
3.446704864501953125e+00
7.321970462799072266e-01
4.489559173583984375e+00
7.495033740997314453e-01
1.373089075088500977e+00
4.210964679718017578e+00
1.764942884445190430e+00
1.683942079544067383e+00
1.359974861145019531e+00
8.637843132019042969e-01
2.564765214920043945e+00
2.083581447601318359e+00
3.882631063461303711e+00
1.234985113143920898e+00
3.957642078399658203e+00
1.068675518035888672e+00
8.185741901397705078e-01
2.153603553771972656e+00
4.231237888336181641e+00
1.931653738021850586e+00
8.921892642974853516e-01
2.427288770675659180e+00
3.071256637573242188e+00
5.348420619964599609e+00
2.938356161117553711e+00
7.416117191314697266e-01
3.198247194290161133e+00
3.810853242874145508e+00
6.417423963546752930e+00
2.155107736587524414e+00
4.592016935348510742e+00
4.763969421386718750e+00
3.724198341369628906e+00
7.661538124084472656e-01
2.254675149917602539e+00
2.495966911315917969e+00
4.118620395660400391e+00
2.590215444564819336e+00
4.676422834396362305e+00
6.136433362960815430e+00
4.017537355422973633e+00
8.991746902465820312e-01
3.711912393569946289e+00
8.350954055786132812e-01
3.353525876998901367e+00
1.950050830841064453e+00
1.939838171005249023e+00
2.149615287780761719e+00
2.245043039321899414e+00
1.061828851699829102e+00
3.804504632949829102e+00
1.372666358947753906e+00
4.260626077651977539e+00
1.463477134704589844e+00
9.767675399780273438e-01
3.706873416900634766e+00
4.267347335815429688e+00
1.162361383438110352e+00
2.527786731719970703e+00
3.131643295288085938e+00
1.058381795883178711e+00
1.494009256362915039e+00
2.643186569213867188e+00
3.381420850753784180e+00
7.527241706848144531e-01
2.193358659744262695e+00
1.082242250442504883e+00
4.223101615905761719e+00
7.469375133514404297e-01
3.083034992218017578e+00
1.089545726776123047e+00
3.049098968505859375e+00
7.330217838287353516e+00
2.402140140533447266e+00
2.716338396072387695e+00
6.893851757049560547e-01
2.076284885406494141e+00
2.063983678817749023e+00
5.990941047668457031e+00
1.839589357376098633e+00
2.544388771057128906e+00
2.620390176773071289e+00
4.171446561813354492e+00
9.383685588836669922e-01
2.214411735534667969e+00
8.056304454803466797e-01
4.778354644775390625e+00
4.015320777893066406e+00
4.392519474029541016e+00
5.012108325958251953e+00
2.396164894104003906e+00
4.882676124572753906e+00
2.223468065261840820e+00
1.382560968399047852e+00
3.092850446701049805e+00
4.697468519210815430e+00
1.643085241317749023e+00
3.595536470413208008e+00
1.599439144134521484e+00
3.250753641128540039e+00
8.694317340850830078e-01
3.118629455566406250e+00
3.545314550399780273e+00
2.242333650588989258e+00
2.809983015060424805e+00
2.544685602188110352e+00
4.881072998046875000e+00
8.658585548400878906e-01
7.368426322937011719e-01
3.075685501098632812e+00
3.200659275054931641e+00
2.319697618484497070e+00
2.928587913513183594e+00
1.473309755325317383e+00
1.382895231246948242e+00
4.831138849258422852e+00
1.565027236938476562e+00
3.427859306335449219e+00
2.512413740158081055e+00
4.568858623504638672e+00
2.025445938110351562e+00
4.476030588150024414e+00
6.252850294113159180e+00
4.927202463150024414e+00
4.538702487945556641e+00
8.425371646881103516e-01
9.984602928161621094e-01
3.940580606460571289e+00
3.269837379455566406e+00
3.344900846481323242e+00
2.288656949996948242e+00
7.918400764465332031e-01
1.472105264663696289e+00
7.293369770050048828e-01
7.580657005310058594e-01
1.290294885635375977e+00
3.165564298629760742e+00
7.779731750488281250e-01
4.883260726928710938e+00
6.377523183822631836e+00
1.886282444000244141e+00
2.495042085647583008e+00
7.767949104309082031e-01
3.803447723388671875e+00
1.688082218170166016e+00
1.662814140319824219e+00
2.865478754043579102e+00
5.544587612152099609e+00
4.779484510421752930e+00
3.614373683929443359e+00
1.856441974639892578e+00
1.611181020736694336e+00
1.219381332397460938e+00
7.393481731414794922e-01
8.002882003784179688e-01
1.334693670272827148e+00
2.378548383712768555e+00
3.321733713150024414e+00
7.097630500793457031e-01
2.959602594375610352e+00
1.731962919235229492e+00
3.169371604919433594e+00
7.945520877838134766e-01
6.513282537460327148e+00
2.077371835708618164e+00
1.062212228775024414e+00
2.650292873382568359e+00
4.102251529693603516e+00
1.226735353469848633e+00
9.886245727539062500e-01
3.334082365036010742e+00
1.799921035766601562e+00
2.240328550338745117e+00
2.365476846694946289e+00
4.670599699020385742e+00
1.022943258285522461e+00
4.862807989120483398e+00
6.771318912506103516e-01
4.212567329406738281e+00
1.313362598419189453e+00
8.732826709747314453e-01
3.301244735717773438e+00
7.440528869628906250e-01
1.728516435623168945e+01
2.878606557846069336e+00
1.817259311676025391e+00
1.914076805114746094e+00
1.301486968994140625e+00
1.510069131851196289e+00
8.422427177429199219e-01
1.482082843780517578e+00
2.041996240615844727e+00
1.039657354354858398e+00
1.218124628067016602e+00
1.865576267242431641e+00
2.553974866867065430e+00
4.701894044876098633e+00
5.099129438400268555e+00
3.502320051193237305e+00
7.111377716064453125e-01
2.812936305999755859e+00
6.657660007476806641e-01
3.943998575210571289e+00
1.767672300338745117e+00
6.306906461715698242e+00
1.873476266860961914e+00
2.005381345748901367e+00
2.991179704666137695e+00
2.745991468429565430e+00
1.009694337844848633e+00
7.182855606079101562e-01
4.327382802963256836e+00
1.554615497589111328e+00
1.605524778366088867e+00
3.757280826568603516e+00
1.810718297958374023e+00
8.039994239807128906e-01
1.184307336807250977e+00
3.059383153915405273e+00
9.788339138031005859e-01
4.153898477554321289e+00
3.617014884948730469e+00
2.450314760208129883e+00
3.602353811264038086e+00
5.239852190017700195e+00
2.714778184890747070e+00
1.369796514511108398e+00
2.459395170211791992e+00
1.334200620651245117e+00
4.269678354263305664e+00
2.249700069427490234e+00
2.747821331024169922e+00
1.934580326080322266e+00
4.789951086044311523e+00
3.610354423522949219e+00
3.433080673217773438e+00
2.270933866500854492e+00
2.797729730606079102e+00
3.798590898513793945e+00
3.945583581924438477e+00
1.406338930130004883e+00
1.511369943618774414e+00
7.116880416870117188e-01
7.704350948333740234e-01
1.609029054641723633e+00
2.776648759841918945e+00
4.466434955596923828e+00
3.196047544479370117e+00
3.474241971969604492e+00
2.439456462860107422e+00
1.161244630813598633e+00
3.274469852447509766e+00
2.227003335952758789e+00
1.970566511154174805e+00
1.801269054412841797e+00
2.029830694198608398e+00
8.389534950256347656e-01
2.699801206588745117e+00
1.920319557189941406e+00
3.735158443450927734e+00
3.200600385665893555e+00
5.848033189773559570e+00
3.138288736343383789e+00
3.367239713668823242e+00
1.135587215423583984e+00
3.355814456939697266e+00
3.876705646514892578e+00
3.434226512908935547e+00
9.565954208374023438e-01
7.426574230194091797e-01
1.476341009140014648e+00
1.234160661697387695e+00
4.134545564651489258e+00
1.963574886322021484e+00
7.129817008972167969e-01
2.539288282394409180e+00
3.053969144821166992e+00
2.052545070648193359e+00
1.547585487365722656e+00
2.341235637664794922e+00
1.381622314453125000e+00
3.056847333908081055e+00
6.863307952880859375e-01
3.687693357467651367e+00
2.759859323501586914e+00
7.001757621765136719e-01
3.630115985870361328e+00
5.493219375610351562e+00
1.447606801986694336e+00
3.172791242599487305e+00
3.915897846221923828e+00
3.104446649551391602e+00
7.253382205963134766e-01
7.500009536743164062e-01
7.825880050659179688e-01
1.282164812088012695e+00
9.511449337005615234e-01
2.393389940261840820e+00
7.650170326232910156e-01
2.226486444473266602e+00
1.452685117721557617e+00
2.187904357910156250e+00
2.773924827575683594e+00
1.329627513885498047e+00
9.948103427886962891e-01
2.588454961776733398e+00
1.690817594528198242e+00
4.408752679824829102e+00
3.272618055343627930e+00
2.502890825271606445e+00
5.466775178909301758e+00
1.072309255599975586e+00
4.144993066787719727e+00
1.929957628250122070e+00
2.574840307235717773e+00
7.581744194030761719e-01
8.496551513671875000e-01
2.577892780303955078e+00
3.804823875427246094e+00
4.182088136672973633e+00
4.146654129028320312e+00
3.788773298263549805e+00
7.396109104156494141e-01
2.699757337570190430e+00
3.442682504653930664e+00
7.954654693603515625e-01
7.412331104278564453e-01
7.497148513793945312e-01
7.002408027648925781e+00
3.243779182434082031e+00
2.261904239654541016e+00
4.665584087371826172e+00
3.631976366043090820e+00
2.835770845413208008e+00
2.700478792190551758e+00
2.027551889419555664e+00
4.970326662063598633e+00
1.478529691696166992e+00
1.045629978179931641e+00
3.379130363464355469e+00
4.249595403671264648e+00
9.906196594238281250e-01
3.349639654159545898e+00
2.204183816909790039e+00
2.435661315917968750e+00
1.567666530609130859e+00
4.275902271270751953e+00
1.399354934692382812e+00
3.552952766418457031e+00
3.992208957672119141e+00
2.384629011154174805e+00
7.294201850891113281e-01
1.112340450286865234e+00
2.143770217895507812e+00
8.202912807464599609e-01
3.676909685134887695e+00
1.769995927810668945e+00
2.357208490371704102e+00
2.003334045410156250e+00
2.914868831634521484e+00
2.060944318771362305e+00
7.406082153320312500e-01
3.920014381408691406e+00
2.117624759674072266e+00
2.453249931335449219e+00
6.360812425613403320e+00
1.686361551284790039e+00
3.812493324279785156e+00
3.394017219543457031e+00
2.141975641250610352e+00
2.855019092559814453e+00
1.760980844497680664e+00
8.713049888610839844e-01
2.227886438369750977e+00
7.363464832305908203e-01
1.898005890846252441e+01
3.319021463394165039e+00
2.880846738815307617e+00
2.281195878982543945e+00
2.059164524078369141e+00
3.171693563461303711e+00
2.009970664978027344e+00
1.292706727981567383e+00
2.795311689376831055e+00
7.466316223144531250e-01
8.991463184356689453e-01
5.093504428863525391e+00
3.958281040191650391e+00
9.691085815429687500e-01
2.833297252655029297e+00
2.504412174224853516e+00
1.526199340820312500e+00
1.640241622924804688e+00
1.663392066955566406e+00
6.567767143249511719e+00
2.491516828536987305e+00
2.290694475173950195e+00
1.934745788574218750e+00
2.199102401733398438e+00
3.651132583618164062e+00
3.079922676086425781e+00
3.248961448669433594e+00
7.577342987060546875e-01
1.571193218231201172e+00
7.665519714355468750e-01
3.137095212936401367e+00
1.235273838043212891e+00
5.602051496505737305e+00
1.933425426483154297e+00
7.556107044219970703e-01
2.173530817031860352e+00
3.246232748031616211e+00
3.884761571884155273e+00
3.212951183319091797e+00
4.264695167541503906e+00
2.384734153747558594e+00
4.505385398864746094e+00
3.757740497589111328e+00
1.005711793899536133e+00
3.689444541931152344e+00
1.074308395385742188e+00
7.606005668640136719e-01
1.788788080215454102e+00
7.612004280090332031e-01
3.194851398468017578e+00
2.753239870071411133e+00
6.675033569335937500e-01
1.632027864456176758e+00
1.515349864959716797e+00
3.041749954223632812e+00
4.603474378585815430e+00
2.587227821350097656e+00
3.058984994888305664e+00
2.429123640060424805e+00
3.572983503341674805e+00
9.161286354064941406e-01
9.412655830383300781e-01
2.501353025436401367e+00
1.550524234771728516e+00
8.665659427642822266e-01
2.970338106155395508e+00
7.640125751495361328e-01
1.049946308135986328e+00
2.855180978775024414e+00
9.205381870269775391e-01
1.327506542205810547e+00
1.045822381973266602e+00
3.181528806686401367e+00
1.117405652999877930e+00
9.933538436889648438e-01
3.177617788314819336e+00
8.130214214324951172e-01
4.446073293685913086e+00
5.849158525466918945e+00
3.736662149429321289e+00
2.295428514480590820e+00
1.441506147384643555e+00
2.163531541824340820e+00
2.256329059600830078e+00
1.708146333694458008e+00
1.265771865844726562e+00
3.394857406616210938e+00
6.788282394409179688e-01
2.778250217437744141e+00
1.473463058471679688e+00
3.190023899078369141e+00
1.773170232772827148e+00
8.621337413787841797e-01
4.341122627258300781e+00
2.856248855590820312e+00
7.068052291870117188e-01
2.757249832153320312e+00
1.468526124954223633e+00
2.667284011840820312e+00
4.056432485580444336e+00
1.840458869934082031e+00
4.072146177291870117e+00
2.017368555068969727e+00
2.036512851715087891e+00
3.114237070083618164e+00
3.385144233703613281e+00
1.769262552261352539e+00
9.855794906616210938e-01
2.435179948806762695e+00
1.095575332641601562e+00
1.942440032958984375e+00
1.194059133529663086e+00
1.594674587249755859e+00
2.160138130187988281e+00
2.222747802734375000e+00
6.980016231536865234e-01
4.340874195098876953e+00
4.740740776062011719e+00
7.537429332733154297e-01
8.732275962829589844e-01
7.936885356903076172e-01
1.091998100280761719e+00
3.834986686706542969e+00
3.588393449783325195e+00
1.156815767288208008e+00
7.040710449218750000e-01
1.749330520629882812e+00
3.411932706832885742e+00
1.187606096267700195e+00
4.310487508773803711e+00
8.817572593688964844e-01
2.727235794067382812e+00
4.600720643997192383e+00
2.742287635803222656e+00
1.331385374069213867e+00
9.962108135223388672e-01
2.207679986953735352e+00
8.786489963531494141e-01
2.726439237594604492e+00
1.519684076309204102e+00
3.047398805618286133e+00
1.782731294631958008e+00
7.363607883453369141e-01
4.643841743469238281e+00
4.152650117874145508e+00
3.048996686935424805e+00
1.293630599975585938e+00
8.670976161956787109e-01
3.132364749908447266e+00
7.960946559906005859e-01
1.902559041976928711e+00
1.449632644653320312e+00
8.510894775390625000e-01
3.088627815246582031e+00
2.881173849105834961e+00
1.162209749221801758e+00
2.651550531387329102e+00
6.745858192443847656e-01
1.327075958251953125e+00
1.287773132324218750e+00
1.442512035369873047e+00
1.863453388214111328e+00
2.775658607482910156e+00
3.708863019943237305e+00
1.797238588333129883e+00
1.015282630920410156e+00
1.658531904220581055e+00
2.811710596084594727e+00
2.063413858413696289e+00
2.628835201263427734e+00
2.054476737976074219e+00
9.808919429779052734e-01
2.567272901535034180e+00
2.326608419418334961e+00
1.556094169616699219e+00
7.353596687316894531e-01
1.272645950317382812e+00
7.673623561859130859e-01
4.534659147262573242e+00
1.193256616592407227e+00
3.313726902008056641e+00
3.565387964248657227e+00
6.075723648071289062e+00
7.653210163116455078e-01
2.569519281387329102e+00
2.777534246444702148e+00
7.861759662628173828e-01
3.357908487319946289e+00
1.573889732360839844e+00
3.389417409896850586e+00
1.785715818405151367e+00
2.494028568267822266e+00
1.572502374649047852e+01
1.553348779678344727e+00
7.564105987548828125e-01
8.197469711303710938e-01
1.591372489929199219e+00
2.568963289260864258e+00
2.749624729156494141e+00
1.371973037719726562e+00
1.507491588592529297e+00
1.485009908676147461e+00
3.125041246414184570e+00
2.638259649276733398e+00
1.888651371002197266e+00
1.841871738433837891e+00
2.132456541061401367e+00
2.699409723281860352e+00
1.744439840316772461e+00
4.210087776184082031e+00
3.213605165481567383e+00
7.854111194610595703e-01
3.346326112747192383e+00
1.140027999877929688e+00
3.750107288360595703e+00
5.499216079711914062e+00
1.280435085296630859e+00
3.401753902435302734e+00
7.158052921295166016e-01
3.694614887237548828e+00
6.564961433410644531e+00
2.867159128189086914e+00
3.536239147186279297e+00
6.971819400787353516e-01
9.295506477355957031e-01
3.711454629898071289e+00
5.148019075393676758e+00
8.861625194549560547e-01
1.136502742767333984e+00
1.449965715408325195e+00
2.409293413162231445e+00
1.171710968017578125e+00
7.854926586151123047e-01
2.243189334869384766e+00
2.252273559570312500e+00
1.505316257476806641e+00
1.699495077133178711e+00
3.804167985916137695e+00
8.812582492828369141e-01
2.662710189819335938e+00
1.608281135559082031e+00
4.285050153732299805e+00
1.387767791748046875e+00
1.725296258926391602e+00
3.111297845840454102e+00
8.810331821441650391e-01
4.268302440643310547e+00
2.877587556838989258e+00
7.251269817352294922e-01
1.099376440048217773e+00
2.539064407348632812e+00
2.935851573944091797e+00
1.519703388214111328e+00
4.642886161804199219e+00
5.390521287918090820e+00
2.366823673248291016e+00
3.251158952713012695e+00
4.522952556610107422e+00
3.157264709472656250e+00
2.719114542007446289e+00
1.814472436904907227e+00
6.292315959930419922e+00
7.235691547393798828e-01
3.196884632110595703e+00
7.177069187164306641e-01
7.840282917022705078e-01
8.972299098968505859e-01
2.843114376068115234e+00
2.891887903213500977e+00
3.437572479248046875e+00
3.621639013290405273e+00
1.880163908004760742e+00
1.539963006973266602e+00
4.295510053634643555e+00
2.736903429031372070e+00
2.503668308258056641e+00
1.598085641860961914e+00
5.437529802322387695e+00
3.615577459335327148e+00
9.535393714904785156e-01
2.585939884185791016e+00
1.947960138320922852e+00
2.785788059234619141e+00
5.701444625854492188e+00
7.308444976806640625e-01
2.533138751983642578e+00
2.503840208053588867e+00
1.601382255554199219e+00
4.606533765792846680e+00
8.230004310607910156e-01
2.857472896575927734e+00
1.343280792236328125e+00
7.433123588562011719e-01
8.214116096496582031e-01
1.362233638763427734e+00
4.174918651580810547e+00
2.255596637725830078e+00
7.284328937530517578e-01
2.185635089874267578e+00
8.673067092895507812e-01
3.194798707962036133e+00
3.706664085388183594e+00
3.131270885467529297e+00
2.523069143295288086e+00
2.169880151748657227e+00
1.142524242401123047e+00
3.059588909149169922e+00
2.263069629669189453e+00
8.080322742462158203e-01
1.297548055648803711e+00
8.572151660919189453e-01
4.609687566757202148e+00
3.375711679458618164e+00
3.071278810501098633e+00
1.799188137054443359e+00
7.602319717407226562e-01
2.271458387374877930e+00
1.674445390701293945e+00
8.489253520965576172e-01
4.720859766006469727e+00
7.943589687347412109e-01
5.431425333023071289e+00
2.251897573471069336e+00
4.503733396530151367e+00
8.056013584136962891e-01
1.572729587554931641e+00
3.352719545364379883e+00
9.973263740539550781e-01
3.040052413940429688e+00
1.562007427215576172e+00
1.269252300262451172e+00
2.085274696350097656e+00
2.421708345413208008e+00
2.018519639968872070e+00
7.453737258911132812e-01
7.352490425109863281e-01
2.073240995407104492e+00
8.200085163116455078e-01
1.702746152877807617e+00
1.974592208862304688e+00
1.784781217575073242e+00
1.432593584060668945e+00
3.207934141159057617e+00
1.787423372268676758e+00
2.946524858474731445e+00
7.213606834411621094e-01
1.849620580673217773e+00
7.540276050567626953e-01
4.071624040603637695e+00
6.540014743804931641e-01
3.736753463745117188e+00
3.623525857925415039e+00
2.364646911621093750e+00
1.600012540817260742e+00
2.366416931152343750e+00
3.827095508575439453e+00
2.988138675689697266e+00
7.153735160827636719e-01
4.740107297897338867e+00
2.196441650390625000e+00
2.782007694244384766e+00
4.262640714645385742e+00
5.195337295532226562e+00
1.785139560699462891e+00
1.163190841674804688e+00
3.038053512573242188e+00
1.279809236526489258e+00
2.110571861267089844e+00
1.061696529388427734e+00
2.370341777801513672e+00
3.786611080169677734e+00
7.254538536071777344e-01
2.992009878158569336e+00
4.196841239929199219e+00
1.408721208572387695e+00
6.553030252456665039e+00
2.336572170257568359e+00
8.752863407135009766e-01
1.363324642181396484e+00
6.821563243865966797e-01
7.410860061645507812e-01
2.579905986785888672e+00
9.662561416625976562e-01
1.994013071060180664e+00
1.956990933418273926e+01
8.419141769409179688e-01
7.131617069244384766e-01
1.782590389251708984e+00
2.037140846252441406e+00
1.915307521820068359e+00
2.165090322494506836e+00
1.858335971832275391e+00
3.094338178634643555e+00
3.558299064636230469e+00
1.745297193527221680e+00
1.549030303955078125e+00
5.180148839950561523e+00
1.122729539871215820e+00
1.305567502975463867e+00
2.686177492141723633e+00
8.220264911651611328e-01
1.635084390640258789e+00
4.754789113998413086e+00
2.076742649078369141e+00
2.441837787628173828e+00
3.314700365066528320e+00
1.829669237136840820e+00
3.153024196624755859e+00
4.982749700546264648e+00
1.760838747024536133e+00
2.147564649581909180e+00
7.752270698547363281e-01
2.623352527618408203e+00
1.188064813613891602e+00
2.548303127288818359e+00
1.529369592666625977e+00
3.141513586044311523e+00
2.607480764389038086e+00
9.482350349426269531e-01
6.939561367034912109e-01
1.963297605514526367e+00
1.173937082290649414e+00
4.597525358200073242e+00
7.304160594940185547e-01
2.585536003112792969e+00
1.901277780532836914e+00
2.870224952697753906e+00
2.207443952560424805e+00
1.547945022583007812e+00
2.135426759719848633e+00
1.820073127746582031e+00
4.407421350479125977e+00
3.763396739959716797e+00
7.799570560455322266e-01
1.121748208999633789e+00
2.361327171325683594e+00
7.861921787261962891e-01
2.203242540359497070e+00
1.447128534317016602e+00
4.283700704574584961e+00
5.136914968490600586e+00
4.225232839584350586e+00
7.602939605712890625e-01
2.922227621078491211e+00
5.299595832824707031e+00
4.596766233444213867e+00
3.265199661254882812e+00
1.050763368606567383e+00
4.894124031066894531e+00
1.006906509399414062e+00
8.095750808715820312e-01
1.338735818862915039e+00
3.434243917465209961e+00
8.203322887420654297e-01
2.243501186370849609e+00
1.430553913116455078e+00
7.431974411010742188e-01
2.489345312118530273e+00
2.196679115295410156e+00
2.010575056076049805e+00
4.811272859573364258e+00
1.148086547851562500e+00
4.372054815292358398e+00
1.593199729919433594e+00
1.865846157073974609e+00
1.993690013885498047e+00
2.966169118881225586e+00
7.065117359161376953e-01
3.143522739410400391e+00
7.812902927398681641e-01
1.159481525421142578e+00
1.517441272735595703e+00
6.722226619720458984e+00
4.327793598175048828e+00
1.369700193405151367e+00
1.235458612442016602e+00
2.149997472763061523e+00
6.933741569519042969e-01
4.977971315383911133e+00
1.665379047393798828e+00
4.219742298126220703e+00
9.377815723419189453e-01
4.371307134628295898e+00
2.434098958969116211e+00
2.969719409942626953e+00
3.129293441772460938e+00
4.031073331832885742e+00
2.698171615600585938e+00
2.198789119720458984e+00
1.716592788696289062e+00
1.308610439300537109e+00
1.910044193267822266e+00
8.489389419555664062e-01
1.544721841812133789e+00
2.144523859024047852e+00
2.952715396881103516e+00
1.873911857604980469e+00
1.950830221176147461e+00
2.657148122787475586e+00
2.387625217437744141e+00
2.991383075714111328e+00
6.205601453781127930e+00
2.030024051666259766e+00
2.353848457336425781e+00
5.632578849792480469e+00
7.308268547058105469e-01
1.542268753051757812e+00
1.205874681472778320e+00
4.980432510375976562e+00
3.591954708099365234e+00
2.462034225463867188e+00
8.555986881256103516e-01
2.911456346511840820e+00
6.897280216217041016e-01
1.177746772766113281e+00
2.842818498611450195e+00
2.840395450592041016e+00
1.992809772491455078e+00
2.033840894699096680e+00
1.242399930953979492e+00
4.246225357055664062e+00
2.202350139617919922e+00
3.921847581863403320e+00
3.721321582794189453e+00
5.717634201049804688e+00
8.951900005340576172e-01
1.503227710723876953e+00
3.954565525054931641e+00
2.116875410079956055e+00
4.356660604476928711e+00
4.772458076477050781e+00
4.414253711700439453e+00
3.825569391250610352e+00
2.852248907089233398e+00
1.364317893981933594e+00
2.144179582595825195e+00
3.355756282806396484e+00
3.516231060028076172e+00
2.192117452621459961e+00
1.518570423126220703e+00
1.306268692016601562e+00
3.136939525604248047e+00
1.547733068466186523e+00
2.819684743881225586e+00
1.795062780380249023e+00
1.720611810684204102e+00
3.223260402679443359e+00
1.959979772567749023e+00
7.997362613677978516e-01
3.967732906341552734e+00
1.744529485702514648e+00
3.804707050323486328e+00
4.929656028747558594e+00
3.903506755828857422e+00
2.799300432205200195e+00
2.485468149185180664e+00
4.149282455444335938e+00
1.834356307983398438e+00
2.999782085418701172e+00
2.071538686752319336e+00
1.541511297225952148e+00
8.105945587158203125e-01
2.484187841415405273e+00
1.638509750366210938e+00
4.783210039138793945e+00
1.357084751129150391e+00
2.726667881011962891e+00
7.129197120666503906e-01
5.115231275558471680e+00
2.735137939453125000e+00
9.663612842559814453e-01
8.025038242340087891e-01
4.645346641540527344e+00
1.138980627059936523e+00
3.905309438705444336e+00
2.101550102233886719e+00
1.839719653129577637e+01
1.962053775787353516e+00
1.493590354919433594e+00
2.538895130157470703e+00
2.158137321472167969e+00
1.515437841415405273e+00
2.904840946197509766e+00
9.966349601745605469e-01
7.871985435485839844e-01
7.059364318847656250e-01
7.470049858093261719e-01
5.268372774124145508e+00
2.381432056427001953e+00
1.885107040405273438e+00
9.034302234649658203e-01
7.688117027282714844e-01
8.430454730987548828e-01
4.486292362213134766e+00
7.225983142852783203e-01
3.702050209045410156e+00
1.953863859176635742e+00
4.079032421112060547e+00
1.100448131561279297e+00
2.893947601318359375e+00
3.544446945190429688e+00
6.632463932037353516e-01
3.551384687423706055e+00
4.096804857254028320e+00
2.142217397689819336e+00
3.014855623245239258e+00
1.715726613998413086e+00
1.108014345169067383e+00
3.340294122695922852e+00
4.178003549575805664e+00
6.486311197280883789e+00
4.917936086654663086e+00
2.140949726104736328e+00
2.778351545333862305e+00
3.495279073715209961e+00
4.012117862701416016e+00
4.113062143325805664e+00
3.740839004516601562e+00
1.000935554504394531e+00
4.090769052505493164e+00
6.035132884979248047e+00
3.673862695693969727e+00
3.925590276718139648e+00
4.139981031417846680e+00
5.506331682205200195e+00
3.703686952590942383e+00
4.354483127593994141e+00
1.318396091461181641e+00
1.848055362701416016e+00
2.658921718597412109e+00
4.504904031753540039e+00
1.442394971847534180e+00
4.264241456985473633e+00
9.759414196014404297e-01
2.567943811416625977e+00
7.499539852142333984e-01
4.703286886215209961e+00
9.046058654785156250e-01
8.107309341430664062e-01
2.299714565277099609e+00
3.193887233734130859e+00
3.439078569412231445e+00
2.622814655303955078e+00
4.558965206146240234e+00
3.858054399490356445e+00
4.305418491363525391e+00
1.077669143676757812e+00
2.355764865875244141e+00
2.495355606079101562e+00
1.794598102569580078e+00
7.232193946838378906e-01
2.646992683410644531e+00
5.144200086593627930e+00
1.873553276062011719e+00
2.683699846267700195e+00
2.188365936279296875e+00
5.095731019973754883e+00
4.328454017639160156e+00
3.021229505538940430e+00
6.841995716094970703e-01
3.362429857254028320e+00
4.187696933746337891e+00
1.123364925384521484e+00
1.106904029846191406e+00
2.848955154418945312e+00
3.445170879364013672e+00
2.227111339569091797e+00
1.456731081008911133e+00
1.718378543853759766e+00
4.555208206176757812e+00
3.093443632125854492e+00
5.691528797149658203e+00
7.626330852508544922e-01
6.947536468505859375e-01
3.723301410675048828e+00
2.042677402496337891e+00
9.605998992919921875e-01
1.814159631729125977e+00
2.210322141647338867e+00
8.495082855224609375e-01
8.048427104949951172e-01
3.726385593414306641e+00
3.181140661239624023e+00
2.509139776229858398e+00
1.794862747192382812e+00
8.173408508300781250e-01
2.499074459075927734e+00
2.960843086242675781e+00
1.602656126022338867e+00
4.392565250396728516e+00
1.421403408050537109e+00
1.270867347717285156e+00
2.234803676605224609e+00
3.870123863220214844e+00
2.188565492630004883e+00
7.439901828765869141e-01
3.562106132507324219e+00
1.935709953308105469e+00
4.815240383148193359e+00
4.414149284362792969e+00
4.884557723999023438e+00
2.003410339355468750e+00
5.206490755081176758e+00
2.797631263732910156e+00
4.887964487075805664e+00
7.178132534027099609e-01
3.478073835372924805e+00
4.061014890670776367e+00
6.897530555725097656e-01
1.069292545318603516e+00
1.828440427780151367e+00
2.435395717620849609e+00
1.397679805755615234e+00
6.734261512756347656e-01
2.723751544952392578e+00
1.069379091262817383e+00
2.590713500976562500e+00
1.215644359588623047e+00
1.421152830123901367e+00
1.349087953567504883e+00
1.679602384567260742e+00
2.109518527984619141e+00
1.736005544662475586e+00
6.582343578338623047e-01
1.135349273681640625e+00
2.829953670501708984e+00
6.985998153686523438e-01
2.094801664352416992e+00
9.594411849975585938e-01
2.885900735855102539e+00
2.161611795425415039e+00
2.533123016357421875e+00
4.204618215560913086e+00
2.488755226135253906e+00
1.028689861297607422e+00
1.293666601181030273e+00
1.895234823226928711e+00
2.876401424407958984e+00
2.006993532180786133e+00
4.559914112091064453e+00
2.513407468795776367e+00
1.708984375000000000e+00
1.575512647628784180e+00
1.325546026229858398e+00
2.824279069900512695e+00
4.457396030426025391e+00
3.432087898254394531e+00
1.263341188430786133e+00
2.586576938629150391e+00
2.271318435668945312e+00
7.256667613983154297e-01
2.522732973098754883e+00
2.152441978454589844e+00
8.000516891479492188e-01
1.234837532043457031e+00
7.041432857513427734e-01
1.359004735946655273e+00
2.912215948104858398e+00
3.155117034912109375e+00
6.625053882598876953e-01
7.602930068969726562e-01
3.881432771682739258e+00
1.717010498046875000e+00
2.498017787933349609e+00
2.394170045852661133e+00
3.014687299728393555e+00
3.270452499389648438e+00
7.547962665557861328e-01
1.431347942352294922e+01
2.844790697097778320e+00
4.278878450393676758e+00
2.592659711837768555e+00
1.858123540878295898e+00
2.696510791778564453e+00
1.814747571945190430e+00
4.196968793869018555e+00
1.376326084136962891e+00
1.682055711746215820e+00
1.099265813827514648e+00
1.250538110733032227e+00
7.952919006347656250e-01
4.337137460708618164e+00
2.137153387069702148e+00
6.981413364410400391e-01
2.692747354507446289e+00
8.067378997802734375e-01
1.167260646820068359e+00
3.776129961013793945e+00
4.319306135177612305e+00
1.615895509719848633e+00
7.817173004150390625e-01
2.978179931640625000e+00
3.131753921508789062e+00
6.619089603424072266e+00
7.458469867706298828e-01
3.797246217727661133e+00
1.328336715698242188e+00
1.826687097549438477e+00
2.084933996200561523e+00
1.435766935348510742e+00
3.710981130599975586e+00
2.050879955291748047e+00
8.381559848785400391e-01
1.325533866882324219e+00
2.853708982467651367e+00
3.939857721328735352e+00
2.263642072677612305e+00
2.010617971420288086e+00
2.298971176147460938e+00
2.249172210693359375e+00
3.105569362640380859e+00
2.557195663452148438e+00
5.904081106185913086e+00
1.100480794906616211e+00
4.184283971786499023e+00
1.591283082962036133e+00
3.975230216979980469e+00
3.509950637817382812e+00
2.090838193893432617e+00
2.077800035476684570e+00
3.999581575393676758e+00
9.737117290496826172e-01
1.231923818588256836e+00
5.248675107955932617e+00
5.902397394180297852e+00
1.943661689758300781e+00
2.324836015701293945e+00
3.566873788833618164e+00
2.387941360473632812e+00
1.972558498382568359e+00
1.244786500930786133e+00
2.613260746002197266e+00
8.738493919372558594e-01
4.993363380432128906e+00
1.957187414169311523e+00
4.232530593872070312e+00
2.199467897415161133e+00
3.402354478836059570e+00
2.016095638275146484e+00
3.475811243057250977e+00
5.780050039291381836e+00
4.184259891510009766e+00
6.110543251037597656e+00
9.832656383514404297e-01
2.353518724441528320e+00
3.928653240203857422e+00
3.625733613967895508e+00
4.299404144287109375e+00
2.250210046768188477e+00
1.057798147201538086e+00
1.995002269744873047e+00
1.350274801254272461e+00
3.506918191909790039e+00
1.406449079513549805e+00
2.359225034713745117e+00
7.288594245910644531e-01
7.379176616668701172e-01
3.494160890579223633e+00
7.213103771209716797e-01
7.491993904113769531e-01
1.370088338851928711e+00
4.223714828491210938e+00
2.193223953247070312e+00
1.609780788421630859e+00
2.133452177047729492e+00
3.715134620666503906e+00
1.816257238388061523e+00
3.297984838485717773e+00
2.418818473815917969e+00
2.681488752365112305e+00
1.374801397323608398e+00
3.132435798645019531e+00
2.164952278137207031e+00
9.779417514801025391e-01
9.939944744110107422e-01
2.081274271011352539e+00
1.567022085189819336e+00
1.093641519546508789e+00
