2.159063816070556641e+00
2.101424694061279297e+00
2.061145067214965820e+00
1.998796641826629639e+00
2.038663339614868342e+00
2.037347753842671860e+00
2.111009563718523108e+00
2.122195452451705933e+00
2.157445086373223297e+00
2.157659649848937988e+00
2.209783965891057633e+00
2.262159625689188491e+00
2.297848756496722711e+00
2.324533581733703613e+00
2.345333671569824308e+00
2.379177600145339966e+00
2.407967455246869282e+00
2.447490003373888001e+00
2.478043945212113019e+00
2.516316568851471036e+00
2.554033631370181023e+00
2.588572274554859387e+00
2.624083218367203596e+00
2.644821643829345703e+00
2.690163116455078107e+00
2.726516659443194879e+00
2.746503361949214295e+00
2.771943424429212488e+00
2.804234447150395049e+00
2.832549643516540705e+00
2.863260507583618164e+00
2.891307197511196136e+00
2.919199242736354005e+00
2.938773106126224111e+00
2.960540001732962612e+00
2.982462604840596665e+00
3.007927456417599288e+00
3.020109032329759913e+00
3.030210452202038773e+00
3.036871021986007779e+00
3.043335809940244996e+00
3.053662640707833553e+00
3.058656004972235998e+00
3.067307586019689225e+00
3.083724318610297388e+00
3.096047437709310568e+00
3.106642378137466576e+00
3.108277713259061326e+00
3.110277282948396671e+00
3.116959838867187305e+00
3.127345328237496336e+00
3.132913117225353705e+00
3.142212067010267784e+00
3.145552418850086518e+00
3.153999632055109359e+00
3.158203865800584875e+00
3.163878524512575563e+00
3.169650357345054736e+00
3.171805361569937975e+00
3.177612984180450351e+00
3.181132015634755561e+00
3.181121614671522657e+00
3.181936146721007219e+00
3.186300966888666153e+00
3.186427131065955543e+00
3.184958916721921884e+00
3.190395408601903071e+00
3.193900434409870925e+00
3.195724895035011226e+00
3.192201811926705712e+00
3.195728019929267916e+00
3.196331332127253066e+00
3.195585789745801097e+00
3.200776438455323891e+00
3.200483967463175539e+00
3.202455348090121667e+00
3.202324607155539571e+00
3.203870592973171227e+00
3.204112327551539963e+00
3.201498481631278814e+00
3.202676699485307754e+00
3.203646470860737061e+00
3.205829990915505245e+00
3.208390993731362606e+00
3.210064500920912778e+00
3.211985280347424698e+00
3.210485883142756514e+00
3.211590620604428459e+00
3.212354317140043491e+00
3.216483248604668610e+00
3.216916713085803181e+00
3.219494472379270000e+00
3.217516196671352802e+00
3.218088588816054418e+00
3.219886536347238426e+00
3.221959513922532548e+00
3.221498713050920948e+00
3.222948660655897690e+00
3.224995184426355799e+00
3.226926255226135076e+00
3.227913179019890055e+00
3.228810925109713903e+00
3.228652910121436292e+00
3.226497290226129522e+00
3.225966151555379025e+00
3.225083236424428179e+00
3.222948753945181100e+00
3.220909226823736038e+00
3.220490661236124375e+00
3.219907019355080280e+00
3.219368187156883554e+00
3.220683366060256958e+00
3.220697921989238210e+00
3.221521505138330355e+00
3.222046439544014262e+00
3.221185752030076621e+00
3.219955876342251777e+00
3.219756675978838523e+00
3.218893648195667367e+00
3.220267995198567768e+00
3.222192007648058354e+00
3.221377464591479889e+00
3.219501377121219754e+00
3.221425154516774025e+00
3.220968805313110472e+00
3.221140893678816397e+00
3.218366851956825592e+00
3.219843037426471710e+00
3.217762324237084304e+00
3.216748780470628066e+00
3.216583319292723786e+00
3.218123347470254636e+00
3.216802018029349064e+00
3.216245761558190974e+00
3.216528707080417160e+00
3.214807129958096699e+00
3.214003468952039810e+00
3.216318339541338389e+00
3.218506787320692730e+00
3.218144513879503510e+00
3.216986492170509582e+00
3.215646799181548499e+00
3.215115538843861920e+00
3.214899422393904693e+00
3.216134201247116575e+00
3.216555528444786649e+00
3.216027606912210679e+00
3.214395268543346340e+00
3.214452887541495496e+00
3.214356783231099524e+00
3.214688542662866855e+00
3.214587881376868683e+00
3.213143354927013196e+00
3.210641189055009281e+00
3.210683690347979180e+00
3.208972113254742631e+00
3.209485682712239107e+00
3.208543357969839249e+00
3.207083039313742390e+00
3.206664699316024603e+00
3.205690506822574282e+00
3.203616667676854934e+00
3.202988380303412264e+00
3.201639262641348349e+00
3.201111969803319024e+00
3.200069381530026291e+00
3.199403510122242000e+00
3.199944439388456630e+00
3.200372323481994297e+00
3.200501556957469074e+00
3.201250625632659830e+00
3.201522170111190224e+00
3.201988115476046115e+00
3.201577246874228511e+00
3.200745331900460400e+00
3.200302417982708203e+00
3.199992251261479570e+00
3.199368908164206715e+00
3.198194977957443008e+00
3.196452569961548029e+00
3.195601404042533566e+00
3.194721135464343220e+00
3.194027301392268647e+00
3.193072544491809328e+00
3.190732618280359034e+00
3.190292992899494973e+00
3.189593841685330666e+00
3.188793122768402100e+00
3.188669049550616474e+00
3.187614723255759674e+00
3.187442207835731622e+00
3.185403007039703471e+00
2.885217189788818359e+00
2.863467812538146973e+00
2.939912954966227066e+00
2.963255524635314941e+00
2.953339385986327947e+00
2.958081324895223130e+00
2.944868973323277128e+00
2.958544552326202393e+00
2.983052863015069001e+00
3.003229260444641113e+00
2.997072458267211914e+00
2.987884004910787095e+00
3.012393621297983159e+00
3.019740189824785315e+00
3.042148653666178593e+00
3.038623124361038208e+00
3.037218149970559722e+00
3.042331801520453460e+00
3.046880960464477539e+00
3.035716891288757324e+00
3.029833294096447194e+00
3.021728125485506844e+00
3.017382134561953144e+00
3.015997995932897080e+00
3.029344625473022301e+00
3.030039420494666569e+00
3.037097551204539947e+00
3.040466095720018469e+00
3.041900034608512104e+00
3.041402045885722050e+00
3.036730320222916113e+00
3.028267592191696167e+00
3.027819980274547351e+00
3.022951259332544716e+00
3.017838117054530755e+00
3.009279880258771911e+00
3.004775537026894927e+00
3.005056400048105480e+00
3.000578238413884158e+00
2.997464042901992975e+00
2.999805363213143838e+00
2.992837253071012782e+00
2.994821465292642149e+00
2.988170141523534440e+00
2.983340973324245748e+00
2.979188126066456554e+00
2.973582404725095163e+00
2.970661729574203491e+00
2.969583954129900061e+00
2.966836237907409579e+00
2.969041333479039757e+00
2.968186007096217160e+00
2.967029081200653451e+00
2.966286654825563751e+00
2.968267419121481954e+00
2.968026552881513513e+00
2.966119306129321842e+00
2.964835064164523359e+00
2.965588319099555559e+00
2.966100327173868845e+00
2.959867829182108778e+00
2.961254888965237697e+00
2.961691455235556880e+00
2.960056949406862259e+00
2.961028792307927038e+00
2.956361759792674793e+00
2.956038613817585148e+00
2.954506835516761409e+00
2.952890828035879878e+00
2.949675968715122831e+00
2.948495945460359646e+00
2.947790967093573578e+00
2.946538196851129499e+00
2.945476896054036064e+00
2.944864123662312760e+00
2.941048305285604236e+00
2.941451236799165869e+00
2.942010182600754753e+00
2.938878662978546608e+00
2.937588244676589966e+00
2.938515245178599411e+00
2.936311512458614992e+00
2.932076367987207721e+00
2.932994257836115004e+00
2.932135486602783114e+00
2.928880755291428883e+00
2.929693334404079419e+00
2.929465190930800045e+00
2.932160393575604207e+00
2.931033542421129123e+00
2.929920783409705631e+00
2.929485341776972174e+00
2.928180130579138396e+00
2.929230421147448027e+00
2.926837544692189930e+00
2.925815845529238235e+00
2.926845469425634061e+00
2.926994241013818776e+00
2.926163721566248377e+00
2.924473638534546005e+00
2.922097055038603397e+00
2.920743283103494292e+00
2.918085450107611667e+00
2.916807844088627810e+00
2.917149180457705437e+00
2.913963009726326270e+00
2.912218670978724333e+00
2.911656501116576035e+00
2.911362118677261801e+00
2.911239563335072056e+00
2.908073251311843244e+00
2.907039812632969511e+00
2.906395321398709708e+00
2.905113786981816659e+00
2.902883506857830476e+00
2.901693712020742666e+00
2.901572967186952123e+00
2.899303315049511109e+00
2.900859936946580397e+00
2.899285201231638798e+00
2.897204064140634916e+00
2.896005442885101644e+00
2.894429208786506891e+00
2.894649326801300049e+00
2.892422595977783395e+00
2.890101841517857206e+00
2.887840781624861464e+00
2.888162061572074890e+00
2.885373928750208261e+00
2.883748883467454061e+00
2.883984511135188722e+00
2.881921410560607910e+00
2.881841987595522347e+00
2.881663722778434078e+00
2.881566573955394617e+00
2.879821758059894155e+00
2.876446621261373959e+00
2.875448332316633770e+00
2.874963031398306779e+00
2.873427702699388853e+00
2.873380666083477752e+00
2.872016725405840631e+00
2.869869882410222672e+00
2.869787640041775223e+00
2.869090119723615828e+00
2.869006627226529105e+00
2.866739746664657140e+00
2.867263900267111421e+00
2.866366402414821213e+00
2.865948712031046508e+00
2.864752145792474725e+00
2.863103742662229223e+00
2.862645546595255386e+00
2.860854138027538074e+00
2.860782534076321326e+00
2.861137533799195776e+00
2.858740779244975716e+00
2.858663288852836715e+00
2.857526485275172501e+00
2.854788914322853088e+00
2.852637578241573380e+00
2.851869665546181931e+00
2.851820275827419593e+00
2.849645764362521483e+00
2.848771036032474502e+00
2.847981029246226647e+00
2.847603242554350711e+00
2.846298653455007432e+00
2.843772081228403081e+00
2.842458267772899116e+00
2.841575173606649685e+00
2.841531743836957169e+00
2.840980073620129165e+00
2.840052880089858345e+00
2.838365962164742573e+00
2.840241428125988232e+00
2.839658818002474661e+00
2.839176944132601133e+00
2.837237731038525279e+00
2.835612681176927552e+00
2.835146695869403821e+00
2.834771558478638376e+00
2.834465932324935711e+00
2.833254797303158323e+00
2.832912209227278488e+00
2.832475327676342580e+00
2.830281450149209732e+00
2.828833482366927221e+00
2.827176950595997162e+00
2.826240242154974602e+00
2.825196584481843409e+00
2.824428729225151091e+00
2.558613777160644531e+00
2.517421722412109375e+00
2.501045385996500503e+00
2.522384822368621826e+00
2.544327259063720703e+00
2.559060335159301758e+00
2.564661775316511072e+00
2.556209594011306763e+00
2.550655444463094224e+00
2.531252861022949219e+00
2.536776846105402328e+00
2.551596760749816895e+00
2.550404988802396300e+00
2.558080128261021269e+00
2.566520659128824988e+00
2.565264016389846802e+00
2.571530412225162099e+00
2.564247793621487137e+00
2.556181631590190850e+00
2.542384016513824285e+00
2.537514652524675451e+00
2.530755021355368672e+00
2.526906013488769531e+00
2.536990682284037124e+00
2.528848342895507972e+00
2.532709983678964605e+00
2.547220857055098708e+00
2.548031304563795008e+00
2.553517563589688066e+00
2.554221510887145996e+00
2.558881982680289990e+00
2.559714168310165405e+00
2.560343554525664533e+00
2.558056403608883311e+00
2.554413448061261693e+00
2.549239324198828704e+00
2.547600552842423927e+00
2.551016820104498706e+00
2.548413117726644028e+00
2.545574820041656583e+00
2.548907070625118898e+00
2.550638545127141832e+00
2.550197318542835490e+00
2.548164199699054944e+00
2.548595391379462338e+00
2.547152783559716305e+00
2.538043209846983395e+00
2.537449290355046738e+00
2.538121408345748176e+00
2.538259797096252601e+00
2.536933309891644672e+00
2.539242020020118229e+00
2.535908456118601606e+00
2.530899467291655380e+00
2.530055535923350973e+00
2.526831580059869076e+00
2.524277691255536027e+00
2.526048249211804819e+00
2.523795620869782041e+00
2.522767504056294907e+00
2.523617998498385084e+00
2.521700935979043212e+00
2.521336468439253409e+00
2.521515194326639175e+00
2.518583184022169963e+00
2.515434145927429199e+00
2.514413776682383972e+00
2.513871662756975933e+00
2.513068026390628429e+00
2.509538613046918609e+00
2.507551199953320875e+00
2.506991760598288543e+00
2.500696982422919934e+00
2.500769160889290355e+00
2.501007839838663926e+00
2.496650767953772387e+00
2.493520021438598633e+00
2.495749699763762486e+00
2.494143501112732864e+00
2.491628578305244535e+00
2.492733837645730866e+00
2.490248808046666706e+00
2.488628881523407887e+00
2.488038732891991067e+00
2.484332244536455736e+00
2.485113778779672877e+00
2.481012618404695225e+00
2.479066350243308126e+00
2.478071625313062132e+00
2.477261447906494052e+00
2.477333734323690084e+00
2.477287017780801737e+00
2.476278728054415623e+00
2.475684181172796983e+00
2.477025192662289488e+00
2.474342952171961318e+00
2.472567268253601735e+00
2.470817969769847799e+00
2.469562159644232757e+00
2.470102152824401820e+00
2.470502043714617901e+00
2.466278422112558211e+00
2.466785271190902407e+00
2.463332728697703367e+00
2.461276683353242234e+00
2.462620885866992904e+00
2.460917655552659067e+00
2.459592121618765503e+00
2.460289489238633998e+00
2.461192961172624205e+00
2.460439215909253186e+00
2.458901794893400883e+00
2.457921245456796910e+00
2.456153001701622873e+00
2.452922165912130748e+00
2.452289098295671987e+00
2.451729220202845561e+00
2.450756909483569945e+00
2.448879654667958317e+00
2.449470186233520419e+00
2.448619172592793714e+00
2.447393503345427046e+00
2.446680999383693766e+00
2.443828715432074805e+00
2.442607955932617259e+00
2.441461071135505811e+00
2.440040381874625020e+00
2.437577476724982262e+00
2.436419376107149315e+00
2.435897915179912943e+00
2.435554975771721864e+00
2.433955801255775153e+00
2.432640392977492461e+00
2.432260828231697758e+00
2.431135119332207495e+00
2.432364335831473934e+00
2.431103130326653705e+00
2.429383265799370584e+00
2.429272850640386228e+00
2.429396562916891877e+00
2.428806124004066369e+00
2.428493357040512723e+00
2.428597321877112858e+00
2.427395487825075637e+00
2.426157199925389918e+00
2.425278506866872963e+00
2.424407772466438793e+00
2.422477804325722239e+00
2.422306632035530871e+00
2.420765568415323976e+00
2.419264678134033897e+00
2.419548284066350696e+00
2.418603912677640189e+00
2.416888367046009289e+00
2.416657241698234149e+00
2.416170572623228541e+00
2.414271344045165080e+00
2.413753918454617065e+00
2.412636038642259617e+00
2.412082017958164126e+00
2.411907310071198740e+00
2.411481217101768326e+00
2.410018891644623906e+00
2.409057432558478595e+00
2.407918610717310948e+00
2.406742450702621383e+00
2.406017584715060664e+00
2.405359844366709243e+00
2.403792844016170882e+00
2.401990935381721037e+00
2.400044420309233928e+00
2.399392836315687116e+00
2.397650722823390979e+00
2.397111499446562100e+00
2.394785484586443136e+00
2.393511235713958740e+00
2.392390648523966323e+00
2.391407645150516625e+00
2.390283860307831798e+00
2.390305998590257275e+00
2.390079088632572901e+00
2.388075819382300846e+00
2.387339520324123221e+00
2.384690627455711365e+00
2.384381816838238688e+00
2.384131507847898845e+00
2.382849196699214023e+00
2.380801259837252104e+00
2.380440580151068630e+00
2.379321835542980157e+00
2.378052291445706956e+00
2.376704637531346531e+00
2.160835266113281250e+00
2.080141901969909668e+00
2.117876052856445312e+00
2.099434018135070801e+00
2.094378232955932617e+00
2.104777256647745620e+00
2.100560528891427303e+00
2.097436606884002686e+00
2.093938536114162918e+00
2.116700291633605957e+00
2.110052607276223124e+00
2.121401210625966538e+00
2.125910263795119270e+00
2.125507712364196777e+00
2.127753909428914181e+00
2.127034664154052734e+00
2.130339145660400391e+00
2.118904762797885422e+00
2.117346073451795263e+00
2.120569026470184415e+00
2.113452025822230684e+00
2.111880107359452641e+00
2.114905803099922377e+00
2.110309024651845444e+00
2.110095834732055753e+00
2.125532507896423340e+00
2.124024885672110230e+00
2.122460160936628260e+00
2.120179422970475791e+00
2.115104393164316754e+00
2.110659956932067871e+00
2.112031858414411545e+00
2.110604918364322735e+00
2.110839952440823009e+00
2.109427462305341283e+00
2.105062921841939438e+00
2.103937213485305158e+00
2.104098307458977857e+00
2.102973375564966663e+00
2.102053099870681674e+00
2.101327820522029377e+00
2.101886215664091395e+00
2.103841870330100949e+00
2.104725918986580790e+00
2.106355481677585129e+00
2.107990612154421406e+00
2.106953615837908966e+00
2.107783526182174683e+00
2.107883112771170353e+00
2.106690669059753329e+00
2.106702547447353968e+00
2.105071485042572021e+00
2.108045726452233648e+00
2.111872076988220215e+00
2.107362799210982018e+00
2.107256467853273474e+00
2.106756001188044181e+00
2.106574942325723399e+00
2.106711957414271641e+00
2.107318496704101651e+00
2.105665754099361298e+00
2.103302524935814599e+00
2.104221188832843037e+00
2.102391783148050308e+00
2.101399146593533995e+00
2.099797815987558103e+00
2.097699649298368829e+00
2.097346172613256066e+00
2.100561947062395518e+00
2.101399939400808936e+00
2.100780010223388672e+00
2.100180758370293610e+00
2.100737506396149978e+00
2.100505445454571518e+00
2.102230545679728113e+00
2.101224645187980133e+00
2.100798479922405981e+00
2.098746394499754420e+00
2.098083438752572860e+00
2.095362880825996310e+00
2.095335192150539871e+00
2.093931350766158772e+00
2.091545903539083096e+00
2.090449294873646391e+00
2.090602085169623869e+00
2.090885723746100044e+00
2.088765126535262251e+00
2.088237728584896313e+00
2.089771799826889875e+00
2.091339247756534014e+00
2.094615070374457488e+00
2.094452081815056044e+00
2.091158973273410382e+00
2.088483512401580811e+00
2.088005308101051671e+00
2.089146297425031662e+00
2.089726837639956258e+00
2.088925299595813190e+00
2.088805736917437983e+00
2.088963719606399483e+00
2.089488653853388112e+00
2.086811819497276677e+00
2.085794757870794491e+00
2.084222441682448856e+00
2.082812579472859582e+00
2.080221790187763542e+00
2.080807099832552520e+00
2.080396257064960785e+00
2.080413800860763551e+00
2.080927421829917190e+00
2.080770202585168871e+00
2.078672745398112642e+00
2.078565951997199956e+00
2.077971512811225718e+00
2.078584828584090438e+00
2.077577716317670298e+00
2.075992859326876161e+00
2.076706401372359956e+00
2.075018480044453106e+00
2.071995504697163870e+00
2.070715862857408940e+00
2.069270159377426310e+00
2.068288138242271756e+00
2.066338654487363868e+00
2.065476320266723675e+00
2.063241825217292380e+00
2.062512435312346071e+00
2.061997058801352978e+00
2.061854598134063021e+00
2.059535087988926705e+00
2.058468059729073651e+00
2.059115595889814188e+00
2.058844413972438669e+00
2.059460787630792655e+00
2.057845718772322918e+00
2.055927955928970707e+00
2.053482158340676822e+00
2.052343991355619401e+00
2.050931308766920758e+00
2.050416191135134181e+00
2.048819084539481139e+00
2.047778547649652392e+00
2.048287663426432648e+00
2.046650268965297226e+00
2.046421134882959958e+00
2.045344137982146204e+00
2.044747902422535013e+00
2.043734515035474431e+00
2.042008059136819487e+00
2.041153696378072091e+00
2.039176966180864525e+00
2.038321041747143347e+00
2.036978254131242227e+00
2.036450708067262472e+00
2.035228395462036044e+00
2.033735713897607322e+00
2.034212514853021680e+00
2.032486597193947198e+00
2.030909014198015505e+00
2.028848592191934586e+00
2.027498305954547941e+00
2.026905571237022308e+00
2.025630172776298199e+00
2.024416206813440144e+00
2.024635264367768084e+00
2.024334641824285796e+00
2.023616495960486983e+00
2.023838702411878465e+00
2.022992412719500699e+00
2.022431542592890263e+00
2.021065016239010248e+00
2.020568205173625564e+00
2.019598794810344877e+00
2.018265134301679087e+00
2.017669894354683802e+00
2.017873288555578792e+00
2.018457292836938421e+00
2.019082838229918853e+00
2.018497761401384150e+00
2.017359515031178940e+00
2.016597040450375466e+00
2.016425631858490330e+00
2.015781777804015018e+00
2.014533515857613644e+00
2.013119997849335707e+00
2.012521812351800943e+00
2.010465760282016845e+00
2.009920128482453272e+00
2.008676553529406217e+00
2.008378700833571617e+00
2.008354171408408551e+00
2.006974111466781174e+00
2.032132625579833984e+00
1.923961520195007324e+00
1.932619651158650642e+00
1.975698292255401611e+00
1.934301972389221191e+00
1.912142018477122063e+00
1.888663053512573242e+00
1.878203496336936951e+00
1.870247748163011314e+00
1.877964055538177579e+00
1.874134312976490468e+00
1.878627032041549683e+00
1.877350082764258854e+00
1.871105475085122150e+00
1.853630288441975971e+00
1.858935311436653137e+00
1.869122070424696913e+00
1.879386994573805092e+00
1.872363027773405353e+00
1.870657217502593950e+00
1.870601971944173103e+00
1.874421753666617674e+00
1.870425581932067871e+00
1.869660511612892151e+00
1.866438508033752441e+00
1.856174661562993045e+00
1.859737440391823204e+00
1.859304385525839765e+00
1.853631521093434209e+00
1.854207205772399947e+00
1.860524231387722827e+00
1.860008113086223602e+00
1.857337055784283208e+00
1.856359797365525255e+00
1.853505134582519531e+00
1.855955865648057701e+00
1.856696067629633795e+00
1.852580214801587521e+00
1.851480713257422916e+00
1.849399840831756681e+00
1.847367129674772013e+00
1.847807711079007209e+00
1.842295200325722027e+00
1.839252742854031730e+00
1.842378293143378309e+00
1.834962855214657962e+00
1.834516926014676974e+00
1.830941642324129814e+00
1.831153845300479865e+00
1.830396890640258789e+00
1.830337145749260319e+00
1.828766639416034456e+00
1.824572099829619765e+00
1.821924108046072410e+00
1.818947046453302629e+00
1.824310962642942124e+00
1.824298369257073560e+00
1.824778602041047249e+00
1.822755940889908111e+00
1.819963453213373716e+00
1.823000866858685676e+00
1.818554745566460351e+00
1.815464362265571729e+00
1.814599843695759773e+00
1.818422242311330983e+00
1.818650648449406493e+00
1.819169096092679627e+00
1.818924183354658330e+00
1.818536594294119624e+00
1.819560607842036548e+00
1.821338712329595877e+00
1.821428207887543671e+00
1.822899855979501327e+00
1.821082716052596639e+00
1.817231473922729545e+00
1.815026600109903354e+00
1.814517934601028282e+00
1.814655922926389220e+00
1.815840463095073520e+00
1.815834693610668182e+00
1.815491626292099259e+00
1.815930401406637085e+00
1.817149973777403282e+00
1.816531416915711850e+00
1.817057463702033582e+00
1.817634324694788805e+00
1.815824651170050874e+00
1.817525535821914673e+00
1.816893909754378145e+00
1.815860923131306981e+00
1.813801739242050681e+00
1.813267246536586663e+00
1.814837801840997411e+00
1.812839211301600750e+00
1.811957823602776685e+00
1.812248426179091210e+00
1.813585261708682284e+00
1.812459591700106287e+00
1.814734156685646083e+00
1.814847687482833871e+00
1.814936331003019099e+00
1.816525571486529156e+00
1.816786825078205103e+00
1.817138728040915252e+00
1.816157591910589231e+00
1.813954334214048503e+00
1.812500758705852144e+00
1.811266460904368714e+00
1.811787885263425490e+00
1.813919799978082725e+00
1.812147909456545136e+00
1.811785276447023696e+00
1.813646132967113411e+00
1.812601378089503168e+00
1.813131928443908691e+00
1.811188124377151931e+00
1.811366588641435627e+00
1.810854516797146596e+00
1.810238272202115084e+00
1.809502271811167295e+00
1.809493866833773446e+00
1.807725488162431615e+00
1.808071806178829455e+00
1.806759766993984107e+00
1.804020624160766584e+00
1.802538652268667052e+00
1.801395194736991279e+00
1.800312799401581287e+00
1.800780322200568051e+00
1.799301257500281803e+00
1.798398281781728114e+00
1.796447410727992189e+00
1.794470243884208616e+00
1.794183192858055387e+00
1.793096223583927840e+00
1.792597917072913161e+00
1.791782835104169580e+00
1.792599581289982424e+00
1.792521532490956693e+00
1.792342969349452364e+00
1.791107842262755101e+00
1.789793974916700003e+00
1.788142442703247070e+00
1.788455755346351150e+00
1.786397391352160247e+00
1.784667518040905287e+00
1.783779480019394237e+00
1.783284679457947997e+00
1.782329897752544134e+00
1.781773825486500984e+00
1.781022394729765868e+00
1.779675001376553656e+00
1.778962879399069053e+00
1.777928250950652211e+00
1.777147023908553614e+00
1.775924392235584737e+00
1.774357587668546454e+00
1.773663244669950512e+00
1.772634333784475213e+00
1.771748671680688947e+00
1.771990690912519151e+00
1.770622422665725448e+00
1.770453829706812199e+00
1.770549527755597818e+00
1.769467689774253172e+00
1.769487203603767433e+00
1.770182271917423167e+00
1.769653708452270102e+00
1.767870312611732331e+00
1.767541277408599898e+00
1.767102244304634695e+00
1.766585200331931782e+00
1.766029339994309222e+00
1.765114544451921841e+00
1.764254185812813791e+00
1.763203425840897953e+00
1.762571520724538932e+00
1.761722622292765106e+00
1.760946338403158284e+00
1.759274812539418642e+00
1.757833955037659601e+00
1.758042289660527224e+00
1.757880104044096115e+00
1.758263523811879336e+00
1.756307324203284947e+00
1.755177699750469555e+00
1.755015695796293462e+00
1.754543407166257785e+00
1.754379876076229028e+00
1.754318708495089973e+00
1.754041443944601486e+00
1.752897197838838572e+00
1.833609819412231445e+00
1.626190066337585449e+00
1.691723108291625977e+00
1.659886598587036133e+00
1.635954165458679110e+00
1.632742683092753166e+00
1.641833135059901583e+00
1.637378752231597900e+00
1.621888769997490876e+00
1.613349628448486284e+00
1.604534279216419668e+00
1.615132133165995354e+00
1.612869024276733398e+00
1.605261717523847276e+00
1.601559519767761230e+00
1.603043235838413239e+00
1.600485416019663987e+00
1.594394048055012947e+00
1.594607077146831253e+00
1.605885219573974565e+00
1.607430560248238605e+00
1.608108531345020742e+00
1.609869842943937979e+00
1.606273884574572319e+00
1.605770401954650817e+00
1.612461773248819119e+00
1.614402280913458831e+00
1.614970607416970294e+00
1.619047785627430791e+00
1.620444381237029940e+00
1.626526175006743458e+00
1.626295458525419235e+00
1.620651989272146487e+00
1.622121004497303787e+00
1.618948950086321226e+00
1.619853443569607254e+00
1.613884416786400156e+00
1.613943514071012775e+00
1.618217535507984639e+00
1.613184639811515719e+00
1.614099261237353922e+00
1.613952355725424725e+00
1.615843068721682485e+00
1.613754987716674805e+00
1.610891045464409643e+00
1.617043583289436759e+00
1.618433414621555988e+00
1.616234910984833961e+00
1.616175454490038854e+00
1.614760286808013978e+00
1.612872308375788766e+00
1.616421110354937074e+00
1.617754866492073562e+00
1.618367267979516022e+00
1.617707423730329941e+00
1.619974581258637469e+00
1.618435799029835476e+00
1.617569345852424290e+00
1.617863537901538917e+00
1.617958817879358913e+00
1.615144203920833466e+00
1.613716475425228003e+00
1.613539937942747082e+00
1.612938869744539261e+00
1.613726034531226539e+00
1.612610840436184079e+00
1.611603838294299651e+00
1.611026997075361455e+00
1.608796629352845953e+00
1.609893262386322021e+00
1.610655254041644779e+00
1.615160746706856720e+00
1.616543809028520906e+00
1.614569610840565383e+00
1.615784579912821428e+00
1.614933777796594638e+00
1.613769280446040177e+00
1.613101693300100559e+00
1.609436738340160433e+00
1.610408322513103396e+00
1.608876088519155312e+00
1.610610175423505819e+00
1.608497983001800913e+00
1.607454646201360804e+00
1.605779360322391325e+00
1.603104675925055123e+00
1.601931943290535010e+00
1.603850902481512630e+00
1.603453624114561604e+00
1.602731577555338571e+00
1.603850752442747662e+00
1.603851043659707765e+00
1.601477315348963648e+00
1.600516192456509224e+00
1.600770754563181075e+00
1.600151715179284340e+00
1.596452644190837322e+00
1.596131304088904024e+00
1.594909913612134522e+00
1.595808193683624365e+00
1.593660282616568002e+00
1.592197566640143336e+00
1.590176774460135167e+00
1.588989246350068330e+00
1.587237165087745261e+00
1.585600715763163970e+00
1.583985102510897969e+00
1.583853269064867897e+00
1.583063600260183446e+00
1.583229517936706632e+00
1.583839833199440994e+00
1.583755642175674438e+00
1.583035929013142606e+00
1.583260235033537189e+00
1.584609079360961958e+00
1.585154935203749504e+00
1.583194417831225165e+00
1.581056319050869741e+00
1.580051356003064011e+00
1.577765264113744070e+00
1.577870757126611068e+00
1.576197292961058150e+00
1.575987028881786323e+00
1.576519787311553955e+00
1.577127473831176685e+00
1.577406796198042693e+00
1.575789363365473816e+00
1.575199847109615803e+00
1.574216717897459539e+00
1.573413086854494436e+00
1.571957585465816987e+00
1.570257816350821400e+00
1.570440856137670149e+00
1.571960709877868290e+00
1.570702212828176902e+00
1.569668491097057528e+00
1.569512943281744510e+00
1.569514518198759756e+00
1.569732079403005853e+00
1.568252002341406603e+00
1.569008851727695220e+00
1.566628083376817360e+00
1.566511524307144354e+00
1.566242999500698563e+00
1.566521545936321314e+00
1.565624769419839968e+00
1.564994093512191320e+00
1.565126744476524667e+00
1.564015627707410871e+00
1.563134334087371791e+00
1.562437021179704510e+00
1.562263931883008938e+00
1.561763332560171413e+00
1.562207502978188556e+00
1.562253206006942285e+00
1.561731256735630513e+00
1.560956304999673527e+00
1.560505728178386509e+00
1.560087509875027534e+00
1.559058472514152527e+00
1.558103193407473386e+00
1.557605869240231034e+00
1.556595168230723747e+00
1.556823154775107687e+00
1.556724025986411464e+00
1.556412450520389124e+00
1.554575329055329247e+00
1.554173357429958546e+00
1.553375007838187161e+00
1.552495055338915630e+00
1.552243752089160322e+00
1.552100647327511851e+00
1.552404191452643856e+00
1.551100708287337815e+00
1.552024302482605034e+00
1.552083125168626898e+00
1.550886179767759554e+00
1.550315871667326206e+00
1.550409667984733453e+00
1.549869307544496255e+00
1.548311491038917742e+00
1.548864577497754746e+00
1.548522526449193082e+00
1.547275160965712271e+00
1.546311422296472449e+00
1.545696200222097527e+00
1.546094309837422909e+00
1.546008734626972858e+00
1.545226035294709366e+00
1.544599691190217561e+00
1.544405518401979815e+00
1.544992116906756863e+00
1.574683427810668945e+00
1.571241974830627441e+00
1.524285515149434334e+00
1.554060190916061401e+00
1.513332509994506747e+00
1.490334828694661384e+00
1.473894800458635634e+00
1.483024656772613525e+00
1.490728563732571121e+00
1.490685117244720415e+00
1.485556819222190184e+00
1.480245192845662361e+00
1.467043436490572450e+00
1.462246673447745282e+00
1.460349718729655022e+00
1.463478513062000275e+00
1.461291509516098985e+00
1.455250693692101471e+00
1.450735575274417322e+00
1.450744825601577803e+00
1.445682440485273057e+00
1.443986946886236078e+00
1.446966124617535154e+00
1.446327333648999458e+00
1.441748332977294877e+00
1.440766605047079318e+00
1.438343644142150879e+00
1.430616093533379596e+00
1.434370706821310071e+00
1.431624277432759662e+00
1.426386856263683667e+00
1.424644254148006439e+00
1.416404164198673099e+00
1.415796248351826492e+00
1.410483230863298632e+00
1.411590447028477913e+00
1.411916262394673049e+00
1.412820991716886798e+00
1.409164343124780894e+00
1.406788772344589322e+00
1.411570313500194906e+00
1.409494891053154397e+00
1.409006997596385924e+00
1.407827374610033822e+00
1.410012629297044517e+00
1.411223279393237551e+00
1.408104252307972981e+00
1.403391376137733459e+00
1.403224200618510276e+00
1.402795805931091211e+00
1.400964916921129344e+00
1.402791871474339480e+00
1.403993422130368707e+00
1.405675572377664162e+00
1.406565828756852543e+00
1.407043284603527677e+00
1.406026152142307195e+00
1.404460740500482974e+00
1.405921639022180480e+00
1.407436754306157445e+00
1.405955539375055130e+00
1.408176843197115113e+00
1.412360280279129299e+00
1.410378243774175644e+00
1.410225448241600565e+00
1.411433485421267342e+00
1.413336976250605836e+00
1.413936480003244789e+00
1.414315643517867427e+00
1.411370246750967894e+00
1.409087456447977393e+00
1.409735759099324470e+00
1.407777222868514366e+00
1.408612505809680782e+00
1.406352194150289003e+00
1.408571878546162726e+00
1.409665366271873665e+00
1.408993157056661838e+00
1.407130016556269014e+00
1.405447731912136122e+00
1.405944713839778260e+00
1.405335535363453126e+00
1.406569380358041021e+00
1.406654925573439741e+00
1.405695169112261667e+00
1.405179830484612147e+00
1.404093386112958530e+00
1.402337692000649172e+00
1.400976548034153613e+00
1.402885731061299657e+00
1.402429525668804411e+00
1.402418705432311397e+00
1.400755704090159481e+00
1.401476693914291749e+00
1.403562243361222039e+00
1.402838551749785667e+00
1.401472107651307475e+00
1.404446043530289012e+00
1.402369041635532554e+00
1.400106258392334047e+00
1.401315325557595415e+00
1.401462720889671276e+00
1.400870668077931924e+00
1.401655320937816862e+00
1.400806286221458752e+00
1.401309174186778472e+00
1.401360427107766427e+00
1.400786547749130806e+00
1.398906478094398498e+00
1.398760511658408534e+00
1.399268866659284738e+00
1.399497171597821277e+00
1.398158793955777579e+00
1.396957388049677729e+00
1.397039785592452343e+00
1.396584226139660601e+00
1.394231300068716761e+00
1.393473465563887181e+00
1.392377766240544767e+00
1.393770750363667821e+00
1.393540740998323368e+00
1.392524297120141252e+00
1.392044955152806240e+00
1.392160518515494605e+00
1.391761951446533141e+00
1.390746904744042389e+00
1.389689507446889793e+00
1.389362329617142677e+00
1.388703002486117999e+00
1.387483886572030922e+00
1.386859529800997359e+00
1.386514810901699590e+00
1.386535232228444103e+00
1.385409964554345397e+00
1.385719296667310863e+00
1.384882275672519869e+00
1.385070115110299982e+00
1.383792269057121826e+00
1.383944854461889529e+00
1.384640414374215256e+00
1.384761456902145582e+00
1.384809297575077647e+00
1.384483892600853139e+00
1.383739017777972702e+00
1.383958520560429006e+00
1.384532231174103289e+00
1.385248659419364703e+00
1.384461890201310830e+00
1.383996656277035608e+00
1.383674925963083835e+00
1.383832022054305888e+00
1.383761404376280924e+00
1.382927028182285190e+00
1.382968365372001296e+00
1.383427563790352144e+00
1.382698461795464517e+00
1.383049951996772942e+00
1.382310422160957453e+00
1.381977909016159245e+00
1.381079535186290785e+00
1.380080040197194657e+00
1.378864911603338905e+00
1.377324946087562285e+00
1.378327437290331137e+00
1.378425804773966368e+00
1.377803902310061224e+00
1.377239030278371468e+00
1.376849557672228164e+00
1.376341137660325620e+00
1.375282031648299208e+00
1.375548539105911683e+00
1.375282753345578257e+00
1.373888644179856788e+00
1.372952833942983286e+00
1.372682060514177627e+00
1.371903264387087429e+00
1.371591468988838880e+00
1.370946985282255115e+00
1.370200504137817132e+00
1.370572020610173469e+00
1.370575244255487490e+00
1.369499089298667593e+00
1.368927158293176793e+00
1.368223405402639647e+00
1.367797512621492961e+00
1.367585712863552905e+00
1.367378019394084099e+00
1.366933348965137629e+00
1.367513749334547279e+00
1.367065966129302979e+00
1.365969447565328343e+00
1.364600006973755608e+00
1.290432453155517578e+00
1.243842124938964844e+00
1.294067064921061272e+00
1.287911057472229004e+00
1.264975261688232377e+00
1.265551964441935295e+00
1.281403439385550458e+00
1.269550576806068420e+00
1.282112452718946694e+00
1.275093555450439453e+00
1.291429552164944816e+00
1.296562125285466438e+00
1.291045143054081912e+00
1.300479803766523057e+00
1.299556303024292037e+00
1.286055117845535278e+00
1.290376466863295546e+00
1.290482309129503014e+00
1.286133439917313437e+00
1.290295648574829146e+00
1.289548561686561179e+00
1.283979735591194826e+00
1.283164635948512933e+00
1.277105222145716423e+00
1.277200174331664995e+00
1.277056263043330198e+00
1.285188966327243332e+00
1.289688399859837187e+00
1.287690121552039768e+00
1.290391182899475186e+00
1.286088382044146217e+00
1.284773461520671844e+00
1.283801620656793707e+00
1.277437224107630165e+00
1.280337606157575303e+00
1.282521661784913780e+00
1.280886079813982947e+00
1.279452019616177161e+00
1.277361588600354425e+00
1.278421419858932540e+00
1.280203130187057781e+00
1.280763373488471579e+00
1.282011905381845951e+00
1.280064046382904053e+00
1.277883844905429500e+00
1.277095880197442135e+00
1.272028311770013076e+00
1.274354433019955879e+00
1.275371133064737039e+00
1.275924773216247532e+00
1.277901284834917828e+00
1.279851716298323394e+00
1.280070691738488531e+00
1.281369509520354111e+00
1.282287339730696196e+00
1.282504880002566683e+00
1.283661440799110709e+00
1.282251818426724199e+00
1.281656426898503787e+00
1.281169209877649928e+00
1.276994042709225452e+00
1.275215448871735546e+00
1.274316259792872774e+00
1.270711889490485191e+00
1.267110367921682412e+00
1.268428323846874761e+00
1.266596546813623325e+00
1.266089297392789081e+00
1.265212198962335943e+00
1.266547926834651339e+00
1.264019141734485929e+00
1.265421617362234352e+00
1.265287903890217835e+00
1.266235254906319385e+00
1.265797974268595416e+00
1.266155449967635294e+00
1.265723401849920160e+00
1.264923010116968394e+00
1.264920943899999761e+00
1.266123439371585890e+00
1.264346793845847694e+00
1.265105999097591472e+00
1.264845065323703333e+00
1.263191769520441765e+00
1.264612683127908088e+00
1.265461486439372285e+00
1.265288980527855989e+00
1.266654457558285207e+00
1.267273024226842404e+00
1.268388210402594751e+00
1.267806143551082343e+00
1.268136497424996456e+00
1.267412004932280567e+00
1.266903860771909640e+00
1.266327126402603920e+00
1.265142648170391793e+00
1.265310396853181585e+00
1.265248776698599142e+00
1.265134292419510587e+00
1.266696110963821509e+00
1.266645505876824451e+00
1.266912461495866893e+00
1.266796453485211194e+00
1.266540738252493137e+00
1.267436940329415451e+00
1.266371450334225157e+00
1.265885514633677822e+00
1.263765389168703956e+00
1.263429220663298214e+00
1.264222787727009134e+00
1.264810779073216818e+00
1.264339868511472398e+00
1.265900610822491945e+00
1.265429535455871113e+00
1.265397441905477871e+00
1.265687851042583079e+00
1.265294157541715148e+00
1.264511248822939526e+00
1.263137652092621188e+00
1.263686888416608145e+00
1.262211287317197117e+00
1.262220078804453971e+00
1.261156071492326891e+00
1.261478698061358594e+00
1.261186713218688915e+00
1.260207096735636467e+00
1.260321551420557240e+00
1.260095601901412010e+00
1.258871305820553843e+00
1.257832124600043677e+00
1.257732606116142016e+00
1.256835224953564811e+00
1.256766198272991852e+00
1.255874141828337676e+00
1.254771512526053012e+00
1.255571348702206436e+00
1.255686390138890607e+00
1.256147454614224612e+00
1.256799582097170243e+00
1.256218781641551319e+00
1.254828663582497450e+00
1.254120612648171429e+00
1.254024598148319347e+00
1.253193894194231994e+00
1.252487501604803599e+00
1.251653522661287488e+00
1.251138492506377542e+00
1.250688999085812991e+00
1.250351231370196325e+00
1.250353140036265076e+00
1.249685324580464219e+00
1.249844305609401962e+00
1.248559475724213996e+00
1.248665305701169181e+00
1.247443861346090976e+00
1.246150350723511213e+00
1.245261510466314503e+00
1.244836660880076717e+00
1.244726438942195479e+00
1.244956742227077529e+00
1.244117331060563547e+00
1.243453237009637169e+00
1.242503105497067661e+00
1.241987912393197835e+00
1.241647020253268119e+00
1.242561859538756197e+00
1.241519969380544319e+00
1.240486080447832817e+00
1.239819193732809133e+00
1.239492131682003340e+00
1.239031087585360069e+00
1.238095269646755536e+00
1.237337035250801520e+00
1.236831561587322659e+00
1.236344009808131528e+00
1.236152267591519749e+00
1.236175182849000409e+00
1.236340506692950703e+00
1.235977051644351787e+00
1.235127300024032593e+00
1.234582416260439963e+00
1.233845915113176650e+00
1.233860366982840517e+00
1.233551901967629094e+00
1.233928429758226475e+00
1.234008635884972005e+00
1.233678094206009268e+00
1.233105970824018405e+00
1.232481710494510718e+00
1.232401319553977581e+00
1.232312266739251205e+00
1.231575110873031287e+00
1.115897297859191895e+00
1.117256581783294678e+00
1.175268093744913811e+00
1.169809460639953613e+00
1.184345340728759854e+00
1.200404802958170647e+00
1.198813744953700411e+00
1.191534847021102905e+00
1.201972206433614021e+00
1.194412505626678556e+00
1.194408904422413320e+00
1.189600547154744392e+00
1.193873983163100005e+00
1.193942333970751113e+00
1.190790168444315622e+00
1.198038183152675629e+00
1.205417626044329449e+00
1.199717766708797928e+00
1.197143899767022290e+00
1.191791576147079423e+00
1.188291952723548484e+00
1.188315776261416268e+00
1.194492676983708979e+00
1.193878243366877312e+00
1.201393170356750417e+00
1.199109710179842470e+00
1.193413654963175530e+00
1.191484051091330487e+00
1.189696340725339585e+00
1.187762236595153897e+00
1.186746712653867553e+00
1.183111287653446198e+00
1.181015668493328619e+00
1.181308725300957096e+00
1.182442184856959733e+00
1.181346459521187775e+00
1.180605562957557364e+00
1.180502480582187097e+00
1.182714743491930731e+00
1.181907054781913713e+00
1.181803770181609314e+00
1.180311779181162590e+00
1.179849605227625720e+00
1.180888216603886098e+00
1.179809021949768111e+00
1.178458112737406749e+00
1.179438908049400769e+00
1.176327578723430634e+00
1.175408523909899694e+00
1.175181894302368191e+00
1.175496795598198307e+00
1.173217491461680417e+00
1.170707873578341607e+00
1.169342608363540092e+00
1.171914785558527239e+00
1.170272580214909208e+00
1.168344062671326844e+00
1.169107134999900044e+00
1.172168780181367609e+00
1.169312751293182462e+00
1.169351364745468302e+00
1.167157067406562110e+00
1.166057030359904045e+00
1.164613790810108185e+00
1.161193062708927970e+00
1.161031892805388432e+00
1.159705783004191471e+00
1.159293646321577276e+00
1.163676033849301517e+00
1.165282903398786374e+00
1.163964466309883150e+00
1.164571437570783852e+00
1.163223640559470917e+00
1.162437137719747104e+00
1.161637563705444354e+00
1.159199962490483404e+00
1.157107918293445170e+00
1.156106782265198474e+00
1.155172355567352760e+00
1.156081004440784543e+00
1.154446191257900711e+00
1.154557790698074626e+00
1.154623291578637634e+00
1.156216187136513751e+00
1.157408238859737537e+00
1.155853929907776578e+00
1.157124559084574456e+00
1.158035157756371891e+00
1.158038408568735855e+00
1.156885584195454841e+00
1.156885529612446950e+00
1.156302719012550773e+00
1.156690402697491349e+00
1.155705224960408284e+00
1.155595396694384158e+00
1.153948377817869186e+00
1.153710451322732533e+00
1.153397509029933321e+00
1.151919918830948575e+00
1.152419435977935835e+00
1.151862515081273353e+00
1.151534265162898141e+00
1.151512020999945429e+00
1.152345583989069944e+00
1.151728449548993893e+00
1.150500921708232926e+00
1.149415005033261217e+00
1.149771322806676155e+00
1.149730083045609419e+00
1.149987418001348294e+00
1.148789682903805343e+00
1.148838294403893512e+00
1.147635510537476700e+00
1.147499590589289076e+00
1.146915063650711719e+00
1.145199411901934416e+00
1.145771199821406849e+00
1.144934008687229499e+00
1.144549816596407865e+00
1.143434818585713719e+00
1.142747029785282420e+00
1.142388408301306502e+00
1.142383744076984620e+00
1.141687724859483888e+00
1.140885324478149387e+00
1.139970538162049740e+00
1.140187643644377857e+00
1.139571863226592541e+00
1.139149192691773393e+00
1.138091284495133637e+00
1.137792073133337523e+00
1.138546475858399409e+00
1.137390954602033544e+00
1.136892150142299496e+00
1.136141798672852588e+00
1.135124264832805263e+00
1.134524589472443612e+00
1.133479117915250356e+00
1.133129820978041158e+00
1.132073491811752319e+00
1.131286748757599048e+00
1.132303776035846088e+00
1.131698137396699000e+00
1.131730982826815612e+00
1.131664748849539937e+00
1.131768639773538698e+00
1.131426631187905985e+00
1.130499138622670596e+00
1.130243093775422869e+00
1.129197913010915100e+00
1.129407930847824870e+00
1.129569322655075370e+00
1.128836588921889650e+00
1.128459626204007638e+00
1.127580585787373302e+00
1.127366718573447946e+00
1.127714073582060106e+00
1.127716763110100384e+00
1.127208217884759556e+00
1.127616687864065215e+00
1.128195597518304893e+00
1.127037564177572060e+00
1.126787700536060921e+00
1.126104082276181417e+00
1.125490488428058100e+00
1.124638541635260447e+00
1.124895992393265320e+00
1.124738724458785200e+00
1.125406474051390937e+00
1.124755298390107905e+00
1.125450429860611390e+00
1.124515380623728689e+00
1.124404239861262367e+00
1.124014082653769231e+00
1.123238216468266160e+00
1.123449300161816877e+00
1.122554457457052068e+00
1.121940882353300362e+00
1.122252498592078318e+00
1.122255056103070636e+00
1.122063127999806342e+00
1.121541560023695538e+00
1.120979364778174725e+00
1.119917797329633036e+00
1.120357446734969731e+00
1.119703987593291927e+00
1.120079200535534447e+00
1.119729685656567941e+00
1.119470666956018601e+00
1.118618035943884648e+00
1.118097833313867140e+00
1.117746638538636095e+00
1.007516145706176758e+00
1.034854888916015625e+00
1.057605902353922600e+00
1.031934916973114014e+00
1.023055768013000577e+00
1.000995695590972900e+00
1.014925871576581651e+00
1.011405177414417267e+00
1.026628222730424644e+00
1.032219988107681230e+00
1.035156212069771486e+00
1.031285648544629341e+00
1.026970588243924620e+00
1.031909414700099337e+00
1.034620094299316451e+00
1.036006622016429901e+00
1.034528900595272249e+00
1.036511977513631111e+00
1.036198547011927484e+00
1.036020261049270585e+00
1.039080875260489423e+00
1.037085641514171153e+00
1.031850985858751457e+00
1.035257458686828613e+00
1.034082970619201625e+00
1.031782633983171937e+00
1.032753792073991539e+00
1.037358788507325214e+00
1.041127104183723118e+00
1.046477530399958278e+00
1.045401513576507568e+00
1.046628320589661598e+00
1.045222331177104502e+00
1.043997534934212101e+00
1.046007389681679944e+00
1.043459201852480644e+00
1.041209760549906216e+00
1.043402849059355875e+00
1.043953725924858578e+00
1.043367435038089708e+00
1.043884211924017924e+00
1.043978823082787555e+00
1.043717199979826482e+00
1.042253240942955017e+00
1.039504574404822357e+00
1.038399143063503782e+00
1.036777571160742539e+00
1.035548977553844452e+00
1.034006375439312952e+00
1.035099276304245031e+00
1.033842863989811400e+00
1.036623563904028655e+00
1.036860356915671799e+00
1.039058922617523750e+00
1.037962550466710931e+00
1.038060783275536192e+00
1.036570081585332037e+00
1.034920590704885068e+00
1.033495780775102624e+00
1.033555482824643379e+00
1.030777401611453259e+00
1.031337332340978907e+00
1.032802772900414778e+00
1.034160876646637917e+00
1.035489562841562128e+00
1.034116050510695439e+00
1.034534104724428527e+00
1.033858457908910955e+00
1.035005972869154300e+00
1.035065478086471646e+00
1.034766496906817768e+00
1.035113991134696487e+00
1.037327398176062676e+00
1.034320899763622847e+00
1.035124188264211043e+00
1.034837750227827868e+00
1.034724826162511713e+00
1.034655154515535358e+00
1.033887018885793596e+00
1.033617744594812482e+00
1.033080596982696830e+00
1.032255516546528584e+00
1.032524755920272375e+00
1.032180230532373733e+00
1.029745614528656095e+00
1.028734717258187326e+00
1.027617841616444094e+00
1.026890546083450317e+00
1.028095371267768732e+00
1.027717009517881586e+00
1.026759908094510898e+00
1.026841883426127255e+00
1.025614741027996102e+00
1.026200300835548473e+00
1.025802525093680861e+00
1.025020796184738403e+00
1.024897026646997444e+00
1.024320730749441744e+00
1.023541183182687497e+00
1.022879418134689411e+00
1.021998676923241867e+00
1.021572261464362086e+00
1.021512157708695856e+00
1.021141890149850129e+00
1.018985619999113634e+00
1.018857642164770150e+00
1.019029826761406188e+00
1.019840147760179283e+00
1.019615416679907183e+00
1.020491202852942703e+00
1.021489985891290697e+00
1.021406114633594209e+00
1.019858103937807403e+00
1.019617063957348302e+00
1.020269514166790570e+00
1.020472415562333701e+00
1.021148583827874656e+00
1.020324753502668047e+00
1.019298455795320191e+00
1.018263165652751878e+00
1.018036720673900053e+00
1.018731501747350165e+00
1.017742305751738519e+00
1.017344309918342127e+00
1.016787347316741918e+00
1.016598135232925415e+00
1.016420551172391606e+00
1.015038654208183289e+00
1.014315436976824580e+00
1.014217004409203149e+00
1.014259145460056022e+00
1.013636898813825571e+00
1.011837855765693961e+00
1.011212773287474276e+00
1.011630809748614190e+00
1.011506607427316462e+00
1.011243519121713064e+00
1.011437955109969478e+00
1.011886604398274603e+00
1.011705552254404283e+00
1.011602137105684696e+00
1.012148152774488441e+00
1.011749732744443575e+00
1.011522520747449638e+00
1.011666397390694527e+00
1.010380850262837971e+00
1.010253978424331844e+00
1.009417334521139020e+00
1.009352813631096080e+00
1.008969738880793221e+00
1.008542158351039220e+00
1.008219791478232263e+00
1.007199671922945461e+00
1.007974285971034556e+00
1.007666129066098204e+00
1.007681858463165048e+00
1.007461751722226406e+00
1.007555634537829592e+00
1.006680105092390587e+00
1.006743579730391414e+00
1.006138292528827805e+00
1.005338093748799011e+00
1.005600354057148094e+00
1.005472776729886109e+00
1.005607836535482802e+00
1.004951925880937624e+00
1.005010162998816181e+00
1.005126062603223902e+00
1.004471359873664538e+00
1.003792869343477223e+00
1.004022799040141800e+00
1.003636893144873588e+00
1.003126910311638254e+00
1.002860472462643093e+00
1.002370723656245577e+00
1.002429159188812369e+00
1.002801646283790982e+00
1.002587291296948235e+00
1.002798189331033374e+00
1.002786978416972730e+00
1.002057905025903750e+00
1.001932803746108158e+00
1.001153796748385449e+00
1.000876537807609656e+00
1.000885681526080928e+00
1.000416105472913264e+00
1.000626580919173891e+00
1.000391435432941289e+00
1.000245016087930594e+00
1.000023940989845705e+00
9.994953121814428298e-01
9.995570986874833253e-01
9.717621803283691406e-01
9.660735726356506348e-01
9.351318279902139929e-01
9.582871496677398682e-01
9.626623630523681863e-01
9.458725750446319580e-01
9.577381866318839254e-01
9.470755234360694885e-01
9.507471786604987374e-01
9.477450251579284668e-01
9.426886710253629120e-01
9.393198043107986450e-01
9.319155674714308946e-01
9.321231671742030711e-01
9.347385128339131821e-01
9.409119896590709686e-01
9.430486349498524712e-01
9.484741058614518661e-01
9.417165831515663665e-01
9.461753010749817117e-01
9.497681061426798133e-01
9.486703926866705272e-01
9.502028537833172583e-01
9.528891295194625854e-01
9.570168066024780096e-01
9.566545646924239366e-01
9.546353706607112466e-01
9.559423944779804616e-01
9.489273285043651196e-01
9.456887821356455559e-01
9.479780716280783448e-01
9.522442501038312912e-01
9.550042134342771050e-01
9.533285025288077419e-01
9.543166041374206987e-01
9.550029304292466659e-01
9.546185957418905632e-01
9.585812342794317598e-01
9.555153388243454726e-01
9.574027866125106589e-01
9.538218059190889386e-01
9.530766365073976010e-01
9.550336114195889792e-01
9.529621208255941722e-01
9.500377906693352470e-01
9.502066568188045625e-01
9.487664052780638846e-01
9.495549462735652924e-01
9.518827528369669944e-01
9.560518896579742743e-01
9.564351790091570882e-01
9.579545018764642483e-01
9.564707751544017089e-01
9.569242331716749650e-01
9.537146503275091280e-01
9.531175536768776713e-01
9.517400526163870556e-01
9.495971541980217090e-01
9.488109885636022423e-01
9.478499879439671316e-01
9.480462250162343674e-01
9.476929691530042721e-01
9.484785814133901427e-01
9.486705726012587547e-01
9.480235622479364910e-01
9.470557380806315928e-01
9.467188084303442830e-01
9.464842186254613932e-01
9.470709735068721935e-01
9.462875808988299164e-01
9.469862689434642711e-01
9.470967849095662805e-01
9.471167097352954922e-01
9.469450679985252917e-01
9.462159633636474387e-01
9.441649984372290083e-01
9.437985033183903250e-01
9.422003634465045963e-01
9.425642181046401946e-01
9.429321877658367601e-01
9.410917773658846741e-01
9.400937077475757242e-01
9.408181015267429448e-01
9.411877847853160617e-01
9.403335199636571051e-01
9.394741099934245110e-01
9.385835254329374377e-01
9.392463571645996989e-01
9.391615645269330015e-01
9.381828354464636366e-01
9.395935581280634441e-01
9.407881103132081924e-01
9.401643628715187218e-01
9.398719053319160022e-01
9.405079760049518400e-01
9.389111480365196494e-01
9.393677508708128121e-01
9.405416536087892743e-01
9.391849528659473867e-01
9.386895793676376387e-01
9.382032456964549683e-01
9.378538470642239222e-01
9.373046356497458653e-01
9.366341130091593303e-01
9.358202974001567087e-01
9.352836468309726481e-01
9.354515933544835793e-01
9.335923117619974176e-01
9.332512540554781522e-01
9.317552512342279769e-01
9.314317896559431986e-01
9.308529538767678080e-01
9.305363323836199907e-01
9.315804598624246591e-01
9.310539670612500984e-01
9.307447620506944519e-01
9.301466997872051001e-01
9.294116688986956420e-01
9.290227980172934830e-01
9.293120677272478369e-01
9.288960956344919362e-01
9.281082558827321582e-01
9.286515203917898864e-01
9.290184373817136354e-01
9.300094962120055708e-01
9.294503364298078996e-01
9.288606291680824301e-01
9.284882550127804279e-01
9.283660571704539510e-01
9.278087483002589453e-01
9.268756481527372637e-01
9.265714292273377062e-01
9.256662107948073759e-01
9.258053325005431988e-01
9.250329988974111961e-01
9.258423789459115927e-01
9.257108965059266392e-01
9.248899955680405238e-01
9.249368344279501608e-01
9.243614435195922630e-01
9.242983456199050929e-01
9.239879099416060670e-01
9.237301387153304955e-01
9.238499763111273078e-01
9.231445801669153628e-01
9.227685340463298580e-01
9.223152662621063591e-01
9.218965599665770450e-01
9.214981274316774718e-01
9.208358633518218817e-01
9.206197865751405418e-01
9.207572317437121567e-01
9.209054786395403092e-01
9.203925047601971832e-01
9.194655072304510623e-01
9.199780596372408858e-01
9.194495028750911958e-01
9.190281180641318715e-01
9.188040693600972864e-01
9.179402146488427894e-01
9.178799964626382923e-01
9.177916340621901092e-01
9.177172809290740085e-01
9.170786007875348922e-01
9.170268235784588828e-01
9.171910059739307730e-01
9.170198144313104205e-01
9.175345574816068384e-01
9.177095741915279881e-01
9.174764499944798590e-01
9.179562703210707442e-01
9.174919353668079536e-01
9.176579524326875514e-01
9.172006266555566834e-01
9.168215346336364702e-01
9.164917113428766582e-01
9.168018500010172156e-01
9.167254547054848324e-01
9.160712274759175155e-01
9.166840536726845734e-01
9.163849791769165254e-01
9.160064118249076071e-01
9.161284969804065481e-01
9.156242301282675466e-01
9.154203846647932519e-01
9.158567722125720012e-01
9.158984709550990200e-01
9.152120123518273642e-01
9.145950987225487383e-01
9.146548741742184241e-01
9.141712263616591505e-01
9.137055011222466883e-01
8.761729001998901367e-01
8.605154752731323242e-01
8.375130097071329383e-01
8.539633750915527344e-01
8.524281263351440874e-01
8.541537721951802942e-01
8.604479176657540140e-01
8.652394711971282959e-01
8.589629729588826867e-01
8.621317982673645242e-01
8.700908259911970255e-01
8.644142746925354004e-01
8.608264418748708957e-01
8.668871479375022115e-01
8.648885210355122810e-01
8.683038987219333649e-01
8.629974021631128256e-01
8.631059262487623673e-01
8.623120345567402145e-01
8.665004819631576538e-01
8.624946162814185469e-01
8.560900173404000224e-01
8.574987805407979780e-01
8.521169349551200867e-01
8.504281330108642845e-01
8.510755071273217176e-01
8.492557958320334777e-01
8.522935850279671488e-01
8.517233852682442041e-01
8.527976532777150620e-01
8.528878304266160892e-01
8.526817765086889267e-01
8.560642889051726101e-01
8.593276037889368002e-01
8.619301812989371703e-01
8.608706477615568620e-01
8.602904902922140495e-01
8.612118692774521911e-01
8.621040613223345250e-01
8.637578487396240234e-01
8.601072096243137510e-01
8.587912775221324679e-01
8.608315379120582422e-01
8.574740805409171163e-01
8.566408634185791460e-01
8.585511083188264170e-01
8.601528951462279471e-01
8.587059316535791131e-01
8.573079340311945407e-01
8.572597157955169633e-01
8.543500549652996989e-01
8.541607856750488281e-01
8.519762596994076009e-01
8.569541109932793388e-01
8.570167996666647747e-01
8.557349230561938080e-01
8.562149876042416397e-01
8.578466505839906775e-01
8.580863192930059391e-01
8.579289356867472183e-01
8.559001381279992549e-01
8.554837021135515140e-01
8.533874608221507785e-01
8.527284814044833183e-01
8.525164035650399930e-01
8.547510143482324185e-01
8.532793290579496759e-01
8.524647653102874756e-01
8.522947879805080618e-01
8.532840124198368681e-01
8.541301262210792000e-01
8.538380107945866548e-01
8.537940382957458496e-01
8.537856332353643829e-01
8.528424159685770167e-01
8.520774127621399963e-01
8.498866720633073690e-01
8.475999197898766990e-01
8.487332666976542539e-01
8.495108515024185625e-01
8.483974940982865753e-01
8.483920569826917113e-01
8.487074619316192781e-01
8.483055858384995762e-01
8.479007447467130643e-01
8.470878663451172352e-01
8.478418095358486450e-01
8.487698923457752676e-01
8.495892018414614721e-01
8.495579202969868460e-01
8.489187006111983402e-01
8.476702538521393437e-01
8.474337029200728066e-01
8.467924423674320078e-01
8.469285092855755037e-01
8.482486307621002197e-01
8.496657794283837273e-01
8.501966242887535330e-01
8.510978161686598709e-01
8.509368538856506570e-01
8.509956037644113014e-01
8.497947951157888147e-01
8.495883177785039653e-01
8.493833490289174337e-01
8.491157968839009307e-01
8.496967154853748427e-01
8.484695408945885919e-01
8.484289933134008255e-01
8.481708972825916515e-01
8.483790094202214860e-01
8.479813133274112236e-01
8.475932228778090272e-01
8.477643427595628056e-01
8.479271750701101729e-01
8.482151249180669428e-01
8.480709811736797388e-01
8.474995269734635350e-01
8.471745570837441175e-01
8.470558924835269732e-01
8.469607854882875708e-01
8.457335381468465973e-01
8.466875650843636025e-01
8.464968756931584570e-01
8.464450105544059078e-01
8.466741800308227317e-01
8.466239079596504791e-01
8.460337322527967663e-01
8.455104269087314606e-01
8.457354875498039881e-01
8.447425292088435178e-01
8.442585213493755125e-01
8.430192122856775550e-01
8.433738548056524120e-01
8.426073820733311903e-01
8.427349342240227914e-01
8.423356207854607591e-01
8.425192654567913442e-01
8.419724266598189732e-01
8.422696933471899294e-01
8.423240001712526404e-01
8.431308768319745184e-01
8.426517634324623973e-01
8.413199157147974727e-01
8.420514327784379693e-01
8.419026354263569045e-01
8.416031023410901479e-01
8.415795001042943868e-01
8.413182086235767576e-01
8.409125560882108052e-01
8.408704642454782885e-01
8.406672142199332898e-01
8.396227089198011750e-01
8.396252101542902579e-01
8.392107285462416799e-01
8.393888150492022637e-01
8.392850007766332610e-01
8.380660631094768442e-01
8.382610806935950620e-01
8.375772612649690085e-01
8.373060747981071472e-01
8.368011402047198510e-01
8.362837801744908983e-01
8.361015290570404934e-01
8.358286153979417321e-01
8.356604409940314726e-01
8.358005493520254126e-01
8.349847433095920479e-01
8.353089534101032498e-01
8.349867406681444892e-01
8.351691193440381467e-01
8.356985665901363047e-01
8.360236813855725924e-01
8.362977025825852895e-01
8.364183981528227063e-01
8.361439132690429155e-01
8.362635445188392191e-01
8.363369635942965452e-01
8.360187736120117119e-01
8.357120326111436848e-01
8.358079632123310843e-01
8.350182304066189332e-01
8.350194921860327746e-01
8.349288532642719085e-01
8.348507330469463472e-01
8.348548109466965572e-01
8.343070989013999794e-01
8.337627611058281429e-01
8.336109385845509312e-01
8.330768163872774856e-01
8.333769277522438124e-01
8.327347486431061485e-01
8.321471226421522926e-01
7.936449050903320312e-01
8.334887623786926270e-01
7.967505455017089844e-01
7.778757661581039429e-01
7.741072058677673784e-01
7.984472115834554407e-01
8.091322779655456543e-01
8.075886145234107971e-01
8.047422899140251884e-01
8.094130098819732888e-01
8.161791833964261444e-01
8.094703306754430505e-01
7.974371772546035020e-01
8.007049347673144135e-01
8.027734160423278809e-01
7.955011427402496338e-01
7.890787931049570991e-01
7.853079073958926237e-01
7.831568498360482744e-01
7.880196839570998701e-01
7.931413338297889082e-01
7.893049039623953878e-01
7.917400909506756568e-01
7.931466499964395789e-01
7.932087850570678222e-01
7.910833358764648438e-01
7.920224931504991073e-01
7.922027302639824686e-01
7.942620454163387134e-01
7.929949502150217544e-01
7.975753911079899172e-01
7.960862163454294205e-01
7.970847126209374967e-01
7.976420539266922960e-01
7.987419145447867130e-01
7.988214410013623201e-01
8.019015482954077179e-01
7.985965123302057878e-01
7.977616190910339355e-01
7.973930463194847107e-01
7.944065317875002030e-01
7.962891842637743745e-01
7.956377947053243638e-01
7.951929040930487691e-01
7.952799240748087417e-01
7.943141784356988477e-01
7.939115940256321613e-01
7.941968093315759925e-01
7.917190814504817542e-01
7.893492293357848855e-01
7.886076160505706145e-01
7.877331513624924453e-01
7.880871520852142931e-01
7.905334675753558082e-01
7.912743579257618398e-01
7.903103583625384898e-01
7.896353644237184000e-01
7.892611222020511352e-01
7.883012628151198076e-01
7.875966777404149743e-01
7.853483303648526315e-01
7.854919577798535890e-01
7.850911683506436312e-01
7.866543112322688103e-01
7.847780869557307026e-01
7.860637316198060276e-01
7.856316797768891913e-01
7.861270483802346165e-01
7.858294455901436715e-01
7.867673754692077193e-01
7.857294594737845861e-01
7.840777470005882988e-01
7.847180382846152824e-01
7.844213215080467760e-01
7.847207069396973100e-01
7.842215989765367601e-01
7.842786296621545583e-01
7.832394532668285336e-01
7.826977228816551779e-01
7.822568163275718245e-01
7.826175807434835319e-01
7.822410958569224748e-01
7.827151597264301319e-01
7.819818875619343190e-01
7.815663695335388628e-01
7.802700580552567322e-01
7.792119513983013501e-01
7.789492214267904613e-01
7.791820637295755470e-01
7.782511678006913680e-01
7.796253928771386121e-01
7.788747251033782959e-01
7.788479802429034704e-01
7.790843153253514952e-01
7.790810829714724939e-01
7.783728806922832755e-01
7.775431533449703725e-01
7.767255148109124541e-01
7.751829274977096729e-01
7.756697988510131703e-01
7.758949800293044596e-01
7.756480270741032967e-01
7.758155187356818860e-01
7.757706338396439527e-01
7.748219518434433795e-01
7.751679178678764215e-01
7.750765603279399230e-01
7.734915133979585189e-01
7.736922847021610039e-01
7.744013341990384491e-01
7.745552256300642924e-01
7.738114680562701020e-01
7.734380522660450064e-01
7.736134027179918382e-01
7.739788874335911117e-01
7.750937368335395483e-01
7.760885999752924480e-01
7.757984616998898630e-01
7.752627720351980001e-01
7.753156408667564170e-01
7.758573751804257457e-01
7.752545070452768750e-01
7.751141432824173449e-01
7.743112161274878780e-01
7.751690273284912447e-01
7.756975586452181659e-01
7.756920546058594379e-01
7.752736220136284828e-01
7.750738817592000007e-01
7.751741377206948780e-01
7.760897779282722730e-01
7.753553358894406111e-01
7.751246489080271251e-01
7.745597482617221363e-01
7.737867960223445696e-01
7.740148266448694248e-01
7.739348154868522789e-01
7.732024421726447772e-01
7.725555377898456477e-01
7.719233010496412417e-01
7.719764050017011714e-01
7.722015305304191779e-01
7.723463415265916510e-01
7.715463398231400260e-01
7.715861587688840340e-01
7.713165205635436061e-01
7.714003162319157392e-01
7.710742362447686737e-01
7.702983325759836797e-01
7.707679069042205899e-01
7.712259896543641746e-01
7.717240566485806808e-01
7.713672421336953411e-01
7.711202579659300893e-01
7.712346596102560570e-01
7.711581240097681311e-01
7.710208372705301683e-01
7.710083477859255296e-01
7.709724711921980278e-01
7.703344937413930671e-01
7.702338984293967128e-01
7.698544267519020767e-01
7.699143451415687567e-01
7.692915415618477581e-01
7.692506497556512723e-01
7.693212624773921871e-01
7.692533056893035015e-01
7.685990950890949636e-01
7.694170277499587929e-01
7.685771005995133409e-01
7.685324786699305744e-01
7.684987537389578183e-01
7.684056693418866990e-01
7.682545191940219897e-01
7.681736326217651900e-01
7.691893736747178467e-01
7.689120927772953307e-01
7.688449919223785400e-01
7.686666440031382219e-01
7.683534830808639304e-01
7.679201196570423216e-01
7.681237613106821627e-01
7.677300959988370144e-01
7.675228624240212350e-01
7.673373521985233925e-01
7.679462830225626258e-01
7.674980957240344903e-01
7.673721342010700885e-01
7.673143829618181977e-01
7.668408713842692626e-01
7.669125149387339135e-01
7.673337094708595485e-01
7.765343785285949707e-01
7.533750236034393311e-01
7.091917395591735840e-01
7.106022536754608154e-01
7.051931858062744363e-01
7.084487080574035645e-01
7.070574590138026805e-01
7.002397701144218445e-01
6.998468438784281043e-01
6.944569647312164307e-01
7.033262415365739706e-01
7.117488682270050049e-01
7.023766499299269883e-01
7.043012976646423340e-01
7.023301442464192634e-01
6.948620229959487915e-01
6.978489370907053901e-01
7.019190920723809013e-01
6.991584928412186706e-01
6.947683274745941606e-01
6.934041295732770172e-01
6.907967952164736358e-01
6.935044915779776664e-01
6.964517459273338318e-01
6.997407650947571334e-01
7.017650856421544514e-01
7.025580803553262976e-01
7.009095911468777862e-01
7.018557725281551196e-01
7.022710124651591057e-01
7.032272469612860233e-01
7.063098959624767303e-01
7.058472272121545377e-01
7.038010218564201281e-01
7.080927797726221939e-01
7.103658649656507951e-01
7.115642847241582247e-01
7.096308014894786576e-01
7.084620656111301207e-01
7.090238407254219055e-01
7.079210034230860593e-01
7.076429469244820414e-01
7.083634845046109518e-01
7.066640975800427826e-01
7.074845804108513825e-01
7.068801224231719971e-01
7.121485015179248590e-01
7.134311348199844360e-01
7.154405165691765101e-01
7.172238576412200972e-01
7.146197382141562526e-01
7.141476078675343953e-01
7.126320251878702772e-01
7.101793896268915329e-01
7.120851289142261509e-01
7.109370880893298716e-01
7.095990358737477299e-01
7.072202809925737244e-01
7.079428313142162033e-01
7.084507187207539358e-01
7.098155510230143017e-01
7.110402891712803708e-01
7.107342424846830875e-01
7.100849486887454987e-01
7.104041420496427506e-01
7.108381851152940634e-01
7.104586656413861556e-01
7.115280470427345350e-01
7.109508082486580838e-01
7.108523973396846385e-01
7.099756934273411257e-01
7.097524777054786682e-01
7.087660415531837899e-01
7.093536032212747200e-01
7.075335979461669922e-01
7.070232127842149827e-01
7.067338119853626699e-01
7.063825138104267154e-01
7.059234674972824086e-01
7.054127372801304308e-01
7.046185474336883470e-01
7.052039831149868876e-01
7.046028993215905922e-01
7.030852302199318560e-01
7.036532198681550998e-01
7.036359296288601239e-01
7.037826269522480249e-01
7.035744847221807596e-01
7.036933048387591372e-01
7.023349252012041077e-01
7.023077607154846191e-01
7.019263460584308501e-01
7.010840824855271158e-01
7.008830251845907799e-01
7.003221405179876902e-01
7.002245429903268814e-01
6.997941713972190003e-01
6.999273640768868265e-01
6.988340224882568785e-01
6.985110110044479015e-01
6.984897539167120861e-01
6.990284528218063675e-01
6.992463359554994540e-01
6.990991085767745972e-01
6.984517120179676297e-01
6.985029178970264541e-01
6.989845555519389464e-01
6.990857107771767387e-01
6.986875446564561054e-01
6.979548064145174591e-01
6.993009958181295449e-01
6.990494243800640106e-01
6.993305688410733634e-01
6.993033174882855585e-01
6.994247395059336458e-01
6.991519799520229395e-01
7.000135947496463062e-01
6.994026414418624826e-01
6.991183301981758191e-01
6.988577038049698098e-01
6.982880362794419149e-01
6.995582360713208381e-01
7.002691389099369168e-01
7.003296945364244630e-01
7.008692584037781170e-01
6.997925577655671470e-01
6.988736442693574968e-01
6.984995412640273571e-01
6.988392347513243674e-01
6.985634326934814231e-01
6.985624832961395692e-01
6.988499006538679836e-01
6.987284654961493091e-01
6.993499024590449364e-01
6.989667618716204345e-01
6.996940277955111531e-01
6.996947422514866455e-01
6.991562199765357644e-01
6.987117490322469759e-01
6.983688494988850026e-01
6.984509859524720143e-01
6.979775004823443041e-01
6.976947676051746816e-01
6.976583008137013930e-01
6.974230490881820899e-01
6.977599540801897593e-01
6.978425042969840231e-01
6.972682012899501514e-01
6.972231020863424167e-01
6.967197748025258930e-01
6.963202807287506291e-01
6.966509948435583022e-01
6.964534969111673135e-01
6.962634661755005006e-01
6.965629335372678366e-01
6.969393785947408659e-01
6.975793644880793343e-01
6.980306208133697510e-01
6.973905323436425663e-01
6.968927554786205070e-01
6.968401792626943703e-01
6.960358590255548705e-01
6.958522599167619171e-01
6.955380730512665810e-01
6.956693685416018846e-01
6.952988605901418984e-01
6.953320817319218472e-01
6.952799196754183564e-01
6.948537674881297699e-01
6.946980458848616147e-01
6.946120760594195476e-01
6.946472352327301980e-01
6.944204968524116950e-01
6.939184028526832471e-01
6.933815193176269265e-01
6.927801956507292358e-01
6.926548214955517979e-01
6.924667890821949445e-01
6.923415491034864422e-01
6.928982645273208396e-01
6.926767862304139545e-01
6.930074665572617532e-01
6.933867586115018966e-01
6.928680931096491413e-01
6.926370817261773283e-01
6.925225100850546101e-01
6.921941287377301188e-01
6.917115405518957649e-01
6.914715457845617141e-01
6.912278614546123467e-01
6.912416450640294086e-01
6.905168739873783768e-01
7.677656412124633789e-01
7.415833473205566406e-01
7.236876090367635461e-01
7.284911572933197021e-01
7.125015735626221147e-01
7.033375898996988562e-01
7.099120361464363871e-01
7.048453614115715027e-01
6.878484818670485001e-01
6.889979183673858865e-01
6.831168857487764923e-01
6.784980843464533118e-01
6.778100958237280871e-01
6.783493076051984039e-01
6.728113412857055220e-01
6.739466562867164612e-01
6.826366116018856012e-01
6.808569994237687606e-01
6.860441816480535859e-01
6.874672710895538552e-01
6.908497640064784617e-01
6.858391274105418711e-01
6.856806278228759766e-01
6.821929067373275757e-01
6.799756383895874112e-01
6.797966681993924398e-01
6.766320157934118118e-01
6.765407238687787261e-01
6.743338971302427209e-01
6.777804553508758323e-01
6.794578529173328496e-01
6.749151274561882019e-01
6.728791468071214643e-01
6.701213156475740451e-01
6.701380627495902020e-01
6.685939745770560494e-01
6.687401162611471550e-01
6.682568804213875335e-01
6.673365968924301894e-01
6.660811379551887512e-01
6.656025837107402143e-01
6.641462090469542057e-01
6.659546439037766774e-01
6.633099520748312328e-01
6.603129784266154045e-01
6.621017611545064740e-01
6.617179956841976463e-01
6.609436124563217163e-01
6.605959206211323709e-01
6.584910440444946556e-01
6.578931434481751772e-01
6.584114592808943955e-01
6.580503616692885416e-01
6.568421898064790154e-01
6.587431019002740751e-01
6.588880888053348928e-01
6.593076597180282938e-01
6.607395163897810120e-01
6.605244066755650012e-01
6.596407920122147051e-01
6.586417829404112023e-01
6.591493862290536132e-01
6.582839905269561864e-01
6.584642063826322556e-01
6.574110874762901791e-01
6.558808043147578148e-01
6.563229400720169693e-01
6.555129868142745009e-01
6.529640866362530494e-01
6.529611783368246547e-01
6.521880735813732066e-01
6.524071834153599703e-01
6.523225315629619381e-01
6.528923213481903076e-01
6.517170429229736106e-01
6.525570405156988496e-01
6.525268237312118469e-01
6.526564153341146701e-01
6.523267053350617628e-01
6.523727394640446153e-01
6.497569076808882294e-01
6.508935857109907630e-01
6.504187433116407346e-01
6.500505982410340611e-01
6.503840677878436338e-01
6.499292510886525154e-01
6.487792367222665613e-01
6.491040431640364705e-01
6.475091308690188452e-01
6.484836763805813531e-01
6.470365917289649937e-01
6.465898752212524414e-01
6.461236560216514491e-01
6.456487077347775605e-01
6.448661076395134639e-01
6.454870129625002173e-01
6.444310029757391867e-01
6.446778829000434641e-01
6.437231386550749113e-01
6.433545851707458407e-01
6.438855611451781424e-01
6.442882640689027163e-01
6.440606094101100076e-01
6.437352666488060926e-01
6.448739505949474538e-01
6.443794684590034016e-01
6.446564425931913256e-01
6.436844661279961244e-01
6.439692749889618373e-01
6.437372381036932101e-01
6.433627068459450982e-01
6.431766216244015899e-01
6.435385805315676500e-01
6.441358871627271832e-01
6.440307378768921343e-01
6.435821467432482068e-01
6.437920963662302487e-01
6.428964390593060463e-01
6.429288572623950149e-01
6.422373687227567185e-01
6.425011596403831238e-01
6.422368473693972346e-01
6.418325775037936332e-01
6.423312122783353395e-01
6.428909726142882919e-01
6.428080901267037017e-01
6.427545857241773186e-01
6.431971630081534386e-01
6.436460313870925321e-01
6.435378111325777972e-01
6.433998378178545918e-01
6.421585891282919345e-01
6.409195789269038768e-01
6.409896552117902990e-01
6.409411803439811761e-01
6.414498776635703114e-01
6.406129139618281787e-01
6.403890401124954224e-01
6.405229956554852055e-01
6.408901242273193910e-01
6.406680187012286920e-01
6.404828171075229726e-01
6.407653120431032745e-01
6.400625161412689668e-01
6.407553724173842280e-01
6.406077948743349459e-01
6.407795903228578061e-01
6.408365080888206444e-01
6.409223921747015940e-01
6.419332379102706820e-01
6.416443343588847936e-01
6.412713619831361678e-01
6.414663271576750425e-01
6.413499745842697886e-01
6.421736753755999949e-01
6.419955971531379202e-01
6.413598081488518510e-01
6.415710092722615165e-01
6.415977970983997025e-01
6.415347432717680709e-01
6.416583970096541023e-01
6.403803258766362916e-01
6.395873350599792229e-01
6.394324702460590926e-01
6.387083122224518350e-01
6.383625358702188501e-01
6.380946561248003190e-01
6.376079626026607272e-01
6.378965067440236503e-01
6.375209226327783751e-01
6.374498176992985377e-01
6.375919306694075583e-01
6.370089891328977183e-01
6.372714477708969483e-01
6.367930129596165445e-01
6.364242763004519521e-01
6.358721640150425403e-01
6.357309680976225286e-01
6.347708137674704654e-01
6.348684968219863167e-01
6.349933903190970730e-01
6.352621596920621228e-01
6.352996420664865918e-01
6.348737713111483050e-01
6.349070634390856505e-01
6.346965315200949753e-01
6.341499451966209344e-01
6.338977780430874454e-01
6.341113355109300187e-01
6.336395146031128522e-01
6.333369027569656362e-01
6.328927281186635945e-01
5.829021930694580078e-01
6.012118756771087646e-01
5.946844816207885742e-01
5.934913307428359985e-01
6.134765863418578657e-01
6.360005637009938928e-01
6.353732092039925394e-01
6.511879414319992065e-01
6.457757883601717985e-01
6.340035200119018555e-01
6.267435659061778574e-01
6.192366282145181922e-01
6.168739337187546523e-01
6.118267774581909180e-01
6.059412797292073050e-01
6.140785664319992065e-01
6.174199791515574409e-01
6.119467450512779960e-01
6.070270632442674730e-01
6.116194695234298262e-01
6.127988128435044590e-01
6.164829649708487569e-01
6.152634231940560250e-01
6.114131063222885132e-01
6.102819585800171032e-01
6.089315483203301405e-01
6.075350024082042388e-01
6.065865414483206930e-01
6.083741188049316406e-01
6.071539521217346191e-01
6.068232097933369262e-01
6.065406240522861481e-01
6.062691085266344038e-01
6.023136105607537205e-01
6.022072357790810848e-01
6.017128833466105498e-01
6.042619726142367531e-01
6.019547620886250838e-01
6.018439416701977240e-01
6.017665840685367806e-01
6.001211702823638916e-01
6.004764331238610087e-01
5.996204898800960859e-01
6.014940474521029978e-01
6.012610627545250663e-01
6.019259153500847725e-01
6.043264326897073158e-01
6.033189017325639725e-01
6.038371135993879646e-01
6.036665827035904153e-01
6.046382288138071326e-01
6.058753528274022360e-01
6.052891696399113064e-01
6.065255894705101625e-01
6.071156485514207501e-01
6.059737700436796937e-01
6.083986848069909970e-01
6.078852276349889783e-01
6.081031040619995220e-01
6.065105174978574487e-01
6.067367005543630176e-01
6.074876645880360471e-01
6.065147902284350190e-01
6.059453482739627361e-01
6.052038738360772108e-01
6.041014948577592136e-01
6.038083901156240385e-01
6.035258660421651822e-01
6.035981536775395506e-01
6.043384445565087582e-01
6.032420728408115496e-01
6.020320533878273928e-01
6.020874891379107696e-01
6.022273120847908556e-01
6.005490068594614428e-01
5.996431665200936401e-01
5.986867279975445211e-01
5.971672913202872301e-01
5.964705563044245817e-01
5.971294518560170683e-01
5.971937889670148047e-01
5.973676991898838606e-01
5.964959418199148322e-01
5.961679997188704672e-01
5.947786797495449029e-01
5.949475144924118997e-01
5.944400748302196558e-01
5.950161432000723449e-01
5.943737649515773436e-01
5.936225046714146414e-01
5.940405107461489420e-01
5.941962557642356257e-01
5.938247528768354488e-01
5.937604317639736395e-01
5.927702376717015609e-01
5.929571626087030145e-01
5.941977771287111354e-01
5.950383020907031861e-01
5.947556278922341289e-01
5.946086621284485396e-01
5.952679320137099772e-01
5.949595617313011564e-01
5.948103996156488549e-01
5.956179287571173875e-01
5.945994910739716977e-01
5.941307539085172174e-01
5.951182168220805480e-01
5.946135112532863198e-01
5.956812900140744382e-01
5.958949316631664272e-01
5.970885001861296892e-01
5.967060779886586008e-01
5.976752849806726831e-01
5.972172121206918982e-01
5.977955403535262224e-01
5.976972975607576233e-01
5.977574581773872353e-01
5.973232817851891197e-01
5.970626723866502283e-01
5.968104178706804541e-01
5.966337367522814850e-01
5.959285473237272424e-01
5.967671788804899125e-01
5.966210591216241088e-01
5.961527123451232368e-01
5.962503609203156918e-01
5.961560442691712369e-01
5.964406803250312805e-01
5.959872266118840800e-01
5.960332535780392682e-01
5.962976549417917660e-01
5.964523413867661716e-01
5.960090191740738952e-01
5.960751064677736188e-01
5.960607948126616096e-01
5.961606147534707079e-01
5.950392845773349038e-01
5.953187830206276843e-01
5.946873769485693240e-01
5.939976713487080673e-01
5.931745454774680626e-01
5.927333542158905733e-01
5.924426438091517921e-01
5.925765074789524078e-01
5.925576304567271579e-01
5.924040075034311403e-01
5.920041965789535343e-01
5.923376216276271533e-01
5.921133032581150646e-01
5.921437911192576342e-01
5.923555967034093150e-01
5.919124503668985460e-01
5.906695628088284300e-01
5.910923223603855581e-01
5.910484523542465229e-01
5.909531653309479937e-01
5.905204865203541598e-01
5.903829930326606190e-01
5.898500127987291730e-01
5.897074287757277933e-01
5.893193748056518855e-01
5.890634712981589471e-01
5.887545188146134922e-01
5.884015663731388956e-01
5.881868692961605971e-01
5.884848465043378551e-01
5.886690165111404527e-01
5.879544947473775984e-01
5.871594752785722626e-01
5.872075280722449664e-01
5.869939689747771805e-01
5.866666675307029566e-01
5.870719207504581094e-01
5.868569629630823181e-01
5.872052325521196492e-01
5.875553183934905110e-01
5.874745744769855893e-01
5.871955581595388329e-01
5.869067434492057922e-01
5.865658279922273399e-01
5.864862536198526266e-01
5.862467907942258138e-01
5.859879721057871249e-01
5.853111319567846360e-01
5.849694661191991996e-01
5.854593790987486779e-01
5.849375082528527336e-01
5.850156217496446098e-01
5.849595645432750235e-01
5.853645222751717725e-01
5.851412479478027562e-01
5.855532139000063641e-01
6.124832034111022949e-01
5.466240346431732178e-01
5.318870147069295617e-01
5.283806473016738892e-01
5.263188362121582475e-01
5.231122374534606934e-01
5.200439521244594188e-01
5.255771577358245850e-01
5.199177728758918038e-01
5.213818967342376265e-01
5.229352766817266795e-01
5.340024878581365320e-01
5.334138549291170817e-01
5.343697028500693502e-01
5.367682933807372825e-01
5.432350859045982361e-01
5.417442777577567981e-01
5.439456866847144356e-01
5.461701437046653229e-01
5.488306552171706709e-01
5.499575563839503856e-01
5.547418540174310353e-01
5.572344531183657246e-01
5.557391941547393799e-01
5.536475563049316762e-01
5.533472299575805664e-01
5.507108922357912828e-01
5.547667230878557953e-01
5.540573370867761804e-01
5.515876471996307151e-01
5.507184267044067383e-01
5.497560650110244751e-01
5.504529692909934102e-01
5.477414692149442654e-01
5.497055854116167373e-01
5.511613835891088220e-01
5.503830651979189081e-01
5.492854243830630478e-01
5.492012623028877938e-01
5.488287776708602461e-01
5.495378796647234498e-01
5.487190002486819207e-01
5.480299328648766677e-01
5.487289469350468130e-01
5.460921274291143934e-01
5.482935374197752676e-01
5.462333661444643829e-01
5.468163204689820978e-01
5.463997843314190028e-01
5.446360528469085249e-01
5.462222894032796594e-01
5.468424558639526367e-01
5.486191364954102756e-01
5.484833176489229967e-01
5.485879258676008563e-01
5.486159218209130106e-01
5.477480668770638994e-01
5.473397137789890454e-01
5.459089329687215608e-01
5.456335117419560676e-01
5.450443781790186293e-01
5.443842737905441043e-01
5.460917609078543844e-01
5.459987446665763855e-01
5.441966946308429698e-01
5.436901594653273939e-01
5.448110877577938549e-01
5.447122691308751152e-01
5.455499429633652309e-01
5.467838798250470589e-01
5.460831913310038033e-01
5.456946181754270819e-01
5.448797973867964828e-01
5.448319082324569740e-01
5.463174112637837476e-01
5.476916275526347855e-01
5.469509308988397267e-01
5.480916568866143201e-01
5.486149772813048164e-01
5.487367451190948708e-01
5.499574034302322501e-01
5.499561443561460372e-01
5.504169392298503549e-01
5.497666927320616903e-01
5.479831376496483442e-01
5.472486140423042933e-01
5.481488968449077515e-01
5.479805093597281962e-01
5.478908463140551577e-01
5.469282719824049011e-01
5.475615413634331574e-01
5.476438267075497413e-01
5.475395988392574020e-01
5.479820085332748336e-01
5.479296025476957377e-01
5.487226378172636032e-01
5.484978230958131862e-01
5.479116026236086068e-01
5.469638325951315938e-01
5.468769764900207608e-01
5.466287383938780442e-01
5.466960785435694969e-01
5.460412317109339941e-01
5.467273730498093398e-01
5.464843710263570520e-01
5.463873884587917562e-01
5.460019991776653425e-01
5.457016698740146943e-01
5.450254328753969535e-01
5.455931473862041248e-01
5.459173713718448173e-01
5.460619058992181030e-01
5.455883598960606928e-01
5.457805337613088614e-01
5.449455136838166069e-01
5.442805996742742236e-01
5.435573114798619709e-01
5.437850727368209736e-01
5.436039138741853849e-01
5.442078289886315146e-01
5.433185708916876688e-01
5.429782884531333398e-01
5.422425718326878696e-01
5.421596647750946962e-01
5.420565521717071178e-01
5.420216191855687926e-01
5.421909002337869099e-01
5.426802730653434992e-01
5.432151743145876566e-01
5.432430544724831112e-01
5.435269158760099861e-01
5.436334196816791087e-01
5.434286507000600785e-01
5.434342380335082101e-01
5.429947616877379701e-01
5.418199296383297003e-01
5.412314703864772314e-01
5.413887207058892814e-01
5.409256179126904485e-01
5.416176474520137951e-01
5.411182343959808350e-01
5.403966255171198663e-01
5.396211174401369659e-01
5.397644980500141410e-01
5.397459755683767790e-01
5.397398453460980905e-01
5.398099878612829805e-01
5.394801038342553756e-01
5.388931414024942246e-01
5.389443518718083359e-01
5.390944897339043917e-01
5.389164472488980895e-01
5.390412867848389800e-01
5.384891282815438274e-01
5.380913738281496439e-01
5.384487100900747780e-01
5.381027771409150340e-01
5.383311570445193928e-01
5.382990192317362865e-01
5.380984991788864136e-01
5.378997636877972388e-01
5.385631282388427810e-01
5.385354742682053608e-01
5.410766438013170365e-01
5.407489213076505097e-01
5.412726955241468074e-01
5.416452103032323162e-01
5.421924388834408193e-01
5.421026976856254675e-01
5.418995194575365604e-01
5.422117539316589907e-01
5.417071444004081249e-01
5.422927246272908341e-01
5.419791566914525793e-01
5.419619076592581131e-01
5.415830649435520172e-01
5.412731211064225612e-01
5.415220602174822817e-01
5.417605541937844382e-01
5.417609814140531554e-01
5.420271345923618478e-01
5.420500249653071867e-01
5.415449041486437576e-01
5.412020633078139520e-01
5.409009870645161699e-01
5.410403309650319015e-01
5.405673448414726190e-01
5.407725464790424930e-01
5.404165249968332363e-01
5.402451413242440603e-01
5.400933599908938065e-01
5.401848850002851643e-01
4.303373396396636963e-01
4.591795057058334351e-01
4.703597724437713623e-01
5.010367110371589661e-01
4.922620654106140137e-01
4.939693411191304340e-01
5.031232152666363922e-01
4.988801814615726471e-01
5.029241277111901054e-01
4.973423093557357566e-01
5.011382780291817607e-01
5.051479662458101538e-01
5.082246042214907389e-01
5.029697907822472391e-01
5.021822134653727288e-01
5.053437277674674988e-01
5.054033293443567221e-01
5.092521011829376221e-01
5.061884522438049316e-01
5.111077219247818215e-01
5.104892991838001493e-01
5.055563422766599091e-01
5.075003452922987046e-01
5.048681646585464478e-01
5.041721606254577770e-01
5.019183869545276178e-01
5.001333852608998987e-01
4.989061770694596665e-01
5.015795261695467078e-01
5.009068379799525017e-01
5.002385964316706790e-01
5.017326595261693001e-01
5.034337341785430908e-01
5.013416453319436972e-01
5.050570087773459393e-01
5.046164873573515397e-01
5.024537709919182360e-01
5.013350930653119875e-01
4.990383669351919904e-01
4.997787959873676300e-01
4.993043156658730775e-01
4.978526993876412066e-01
4.993005235527837038e-01
4.991627471013502793e-01
5.013635317484538279e-01
5.012537940688754912e-01
5.003564928440337178e-01
5.031226364274820062e-01
5.026515965559044119e-01
5.029299151897430598e-01
5.035590833308649650e-01
5.026921096902626784e-01
5.038704079277110948e-01
5.052438383852994042e-01
5.061197307976809112e-01
5.068898823644433227e-01
5.067812586039827094e-01
5.055740578421230591e-01
5.050704984341637394e-01
5.051326950391133996e-01
5.048981885441014006e-01
5.046502332533558954e-01
5.038004924380590221e-01
5.035864729434251785e-01
5.042084785608145214e-01
5.041490540359959693e-01
5.042206253578414010e-01
5.038920833783990805e-01
5.041551918223283746e-01
5.044691749981471407e-01
5.056613566170276020e-01
5.056422427296638489e-01
5.051442821548409734e-01
5.056357734106682322e-01
5.050339543819427623e-01
5.060898947872614073e-01
5.066330444503139852e-01
5.053791147776138803e-01
5.039391985422447817e-01
5.042700380086898582e-01
5.039497992874663046e-01
5.043277082646765441e-01
5.047581422041698129e-01
5.041024837465513109e-01
5.025772596106810042e-01
5.025700361922730286e-01
5.011674922773208252e-01
5.006934712556275757e-01
5.000043029195806454e-01
4.995751298136181240e-01
4.992830704201708936e-01
4.983743212145307910e-01
4.979421576505066449e-01
4.977536623148208217e-01
4.973496920184085068e-01
4.972506929188966751e-01
4.972905160225543630e-01
4.974471026537369833e-01
4.966391541741110860e-01
4.968104076385497780e-01
4.963079263078103986e-01
4.961787538201201109e-01
4.972437614376105097e-01
4.969898476623572092e-01
4.964198802198682703e-01
4.969419198778440294e-01
4.975761122235627942e-01
4.978427293675917187e-01
4.988788434671699301e-01
4.989884292537515864e-01
4.990604774908976582e-01
4.992250254643814666e-01
4.998044833145310339e-01
5.003602177950373653e-01
4.998859869397204725e-01
4.995370139849596991e-01
4.994664612488868838e-01
4.994422694889165681e-01
4.995612359347463838e-01
4.991209506988525391e-01
4.994213275672975683e-01
4.992810341178393618e-01
4.997116826414092494e-01
4.988043505337930728e-01
4.989135470390319571e-01
4.991768943885016019e-01
4.982574431914982838e-01
4.980881945230066776e-01
4.978938319886377362e-01
4.974153012037277333e-01
4.972913506376834269e-01
4.970035674897106959e-01
4.978151209372326802e-01
4.980431043390017853e-01
4.991278259842484299e-01
4.995285829200464267e-01
4.991147143997415325e-01
4.990996299446492923e-01
4.988455641612732361e-01
4.989001919116292649e-01
4.987239083077045221e-01
4.991053911581845304e-01
4.988460267757202637e-01
4.990922980424430389e-01
4.996126127654108573e-01
4.990134596416395119e-01
4.992834976335772112e-01
4.996349302095335898e-01
4.991353406202073129e-01
4.985434919595718162e-01
4.984686360848660236e-01
4.983597040960663360e-01
4.981410530657550129e-01
4.977212399244308472e-01
4.973968507782105530e-01
4.973242697425377945e-01
4.976576488868446058e-01
4.974536392130429197e-01
4.977069705162407987e-01
4.973940068855881580e-01
4.971116549850250754e-01
4.965016161218101520e-01
4.958962106997250041e-01
4.964682303550767006e-01
4.960144534255518933e-01
4.954171947327004610e-01
4.958002108656717755e-01
4.952981101260298669e-01
4.954165606456395476e-01
4.954066527240416629e-01
4.956646591250659650e-01
4.953115513158399263e-01
4.958235538763807182e-01
4.959704468305083380e-01
4.961431288719177490e-01
4.960615287788889827e-01
4.960971065496994070e-01
4.955578518382618980e-01
4.956202878299372228e-01
4.955161536733309613e-01
4.950679782675115881e-01
4.949820814551887938e-01
4.946376336076871993e-01
4.944001557710377970e-01
4.939004094214052842e-01
4.944698443656326825e-01
4.943870578538925309e-01
4.939898493442129723e-01
4.933103162144857889e-01
4.930495530366897361e-01
4.931632366167937320e-01
4.930765497720859813e-01
4.643228352069854736e-01
4.855812042951583862e-01
4.934375385443369733e-01
5.037200376391410828e-01
5.106484234333038552e-01
5.020465999841690063e-01
4.907404099191938207e-01
4.893010258674621582e-01
4.776213268438975201e-01
4.790729820728302224e-01
4.773139493031935410e-01
4.750985850890477313e-01
4.749928437746487875e-01
4.829267263412475586e-01
4.840375641981760624e-01
4.816172290593385696e-01
4.879045363734750285e-01
4.846751408444510689e-01
4.892659924532237747e-01
4.933388754725456238e-01
4.957241600468045295e-01
4.953742013736204819e-01
4.919275213842806416e-01
4.905658438801765442e-01
4.844180512428283847e-01
4.831345700300656576e-01
4.811298979653252372e-01
4.847077216420854762e-01
4.839821992249324634e-01
4.824308772881825691e-01
4.795177713517219664e-01
4.817366898059844971e-01
4.822479585806528912e-01
4.814216617275686727e-01
4.814695375306265457e-01
4.813435143894619350e-01
4.809675087799897275e-01
4.838023624922099808e-01
4.824685805883163203e-01
4.812717862427234872e-01
4.806437964846448363e-01
4.818569882994606646e-01
4.817770234374113003e-01
4.815443151376463948e-01
4.811966889434390326e-01
4.794556543878886745e-01
4.795278260048399521e-01
4.786848711470763074e-01
4.790470259530203445e-01
4.803759193420409912e-01
4.782070172768013161e-01
4.790936381771014330e-01
4.784335904526260674e-01
4.762951704087080573e-01
4.770681397481398300e-01
4.756763678576265142e-01
4.760167813091947253e-01
4.765983619566621643e-01
4.763509328082456418e-01
4.746282060941060532e-01
4.743617704657257517e-01
4.740569504999345152e-01
4.736277314405592520e-01
4.732767026871442795e-01
4.715079046212710123e-01
4.717467761400974124e-01
4.726673240092263417e-01
4.724175837986609450e-01
4.731135882329249864e-01
4.735986560583114735e-01
4.724477281872655476e-01
4.726856657200389500e-01
4.727173921180097826e-01
4.718608026568953950e-01
4.713434211413065622e-01
4.704034085336484261e-01
4.692805281707218557e-01
4.707500388224919452e-01
4.720031238054927525e-01
4.714861124753951804e-01
4.714389163770793534e-01
4.722789257037930399e-01
4.725348601140171856e-01
4.724662215227172224e-01
4.712669053498436678e-01
4.713024798520775716e-01
4.718064045769044812e-01
4.712030288170684367e-01
4.708868248409099899e-01
4.712204095390107872e-01
4.707542988625201819e-01
4.705147623367931797e-01
4.699083871097974874e-01
4.704591159490829066e-01
4.706442920785200990e-01
4.712150804698467255e-01
4.715225524509075727e-01
4.708106913128677906e-01
4.697921270071858113e-01
4.692117273807525635e-01
4.699988087805190839e-01
4.695292787224638609e-01
4.688905853669620427e-01
4.685748540438138265e-01
4.703134718395414748e-01
4.702839058525157268e-01
4.711557532025275052e-01
4.712540551468177852e-01
4.705902559494753445e-01
4.704335957765579113e-01
4.703660513366664797e-01
4.707296221916164591e-01
4.704515047832927843e-01
4.702220621861909478e-01
4.695186713467473516e-01
4.693464528897712817e-01
4.697243927890418780e-01
4.708633927975670597e-01
4.706988009084172586e-01
4.702940431733926285e-01
4.704011856031811711e-01
4.704238708879127095e-01
4.705764944475840927e-01
4.700326066344014952e-01
4.699234168529510258e-01
4.701803891904770549e-01
4.698391929855497140e-01
4.701458315830677748e-01
4.696335425210553804e-01
4.697335016268950336e-01
4.697091035715496021e-01
4.701568305943951698e-01
4.699957070494056866e-01
4.701818854951146931e-01
4.695098104300322595e-01
4.691582282676416416e-01
4.690786815472762772e-01
4.690174421538477190e-01
4.683115240052449502e-01
4.685027707900319971e-01
4.688280463641417151e-01
4.682538482085080167e-01
4.686296392570842295e-01
4.689958759893973483e-01
4.689915617992138075e-01
4.690041799251347121e-01
4.689911563380235182e-01
4.689960203863479116e-01
4.685924801250432314e-01
4.683089522520700876e-01
4.676540055811799768e-01
4.672512341486780296e-01
4.674123126307344056e-01
4.671407870270989360e-01
4.674529769728260620e-01
4.674312636638299212e-01
4.680043379212640575e-01
4.678709906867787871e-01
4.675469171700987192e-01
4.674920247867703216e-01
4.670715848481433174e-01
4.671380646802760772e-01
4.669765294329520366e-01
4.671258101376091765e-01
4.669934534665309833e-01
4.670502292104514175e-01
4.669903959342819322e-01
4.670633804940041989e-01
4.666068670312328304e-01
4.665861778399523763e-01
4.668886358277839488e-01
4.670157664737036307e-01
4.671214550216762906e-01
4.668679850539941834e-01
4.664103310448782791e-01
4.663601241667162389e-01
4.661094542950560138e-01
4.663197147042563717e-01
4.660883818924759781e-01
4.659870182474454281e-01
4.656366234984845587e-01
4.657447121955536340e-01
4.653867411483180727e-01
4.656196401818938901e-01
4.647292721915889380e-01
4.645713450767660624e-01
4.641589492081321100e-01
4.643053566204740634e-01
4.644777364831753075e-01
4.644073091055217484e-01
4.647361776591595328e-01
4.646241701085836451e-01
5.157998800277709961e-01
5.002226531505584717e-01
4.883619546890258789e-01
4.843840077519416809e-01
4.846846640110015758e-01
4.780970563491185321e-01
4.791222597871507838e-01
4.723626747727394104e-01
4.620188507768843156e-01
4.553681701421737893e-01
4.641001089052720352e-01
4.573041598002116070e-01
4.536792704692253486e-01
4.489235090357916458e-01
4.499719838301340924e-01
4.550290275365114212e-01
4.613962822100695638e-01
4.596520645750893364e-01
4.568861236697749351e-01
4.599450781941413768e-01
4.604685420081728875e-01
4.579367136413400874e-01
4.538716686808544898e-01
4.558712877333164215e-01
4.551778113842010476e-01
4.561797346060092462e-01
4.560607749002951183e-01
4.581011097346033289e-01
4.543392134123834802e-01
4.568837374448776467e-01
4.544368607382620606e-01
4.534941231831908226e-01
4.543189650232141719e-01
4.519090030123205648e-01
4.548968289579664037e-01
4.578532949090003967e-01
4.563137317025983686e-01
4.550905729594983407e-01
4.528382214216085666e-01
4.517644949257373921e-01
4.535729194559702249e-01
4.538778400137311042e-01
4.521316213663233996e-01
4.501770280978896199e-01
4.491240547762976876e-01
4.481702984675117185e-01
4.475254194533571095e-01
4.471293880293766843e-01
4.456842949195783943e-01
4.451763027906417980e-01
4.430806537469227924e-01
4.436157076404644850e-01
4.438792349032635864e-01
4.429175108671188354e-01
4.447637628425251122e-01
4.443218963486807449e-01
4.449731895798130776e-01
4.452815646755284296e-01
4.446904916884535375e-01
4.440350010991096497e-01
4.438969566196691585e-01
4.447155825553401609e-01
4.441430663305615534e-01
4.435874372720718384e-01
4.427338467194483762e-01
4.431171277255723240e-01
4.419595701480979466e-01
4.411477827850510125e-01
4.405650997507399302e-01
4.405503992523465695e-01
4.398973433064742866e-01
4.392288277546564923e-01
4.409461674624926553e-01
4.399196843843202198e-01
4.404880857467651234e-01
4.396071802628667702e-01
4.385388129717343597e-01
4.379726892862564336e-01
4.381719058073019757e-01
4.370429061353206523e-01
4.369382306381507930e-01
4.371225572213893740e-01
4.365970707801450912e-01
4.373389053202810794e-01
4.373904501690584201e-01
4.372774230879406532e-01
4.371589994293519910e-01
4.377149313010952891e-01
4.378438528334157032e-01
4.375706543525060277e-01
4.371077277503170877e-01
4.369205806566321404e-01
4.363342908120924624e-01
4.365031015365681832e-01
4.366363246189920444e-01
4.368643999720613347e-01
4.365387432968493853e-01
4.363134609801428421e-01
4.367505667185542784e-01
4.362653505802154275e-01
4.358004142742346043e-01
4.349874313555511796e-01
4.350421613859898895e-01
4.350632262917665249e-01
4.352836762155805062e-01
4.355790769716478827e-01
4.353284504369040464e-01
4.349345418590086498e-01
4.358189710236470837e-01
4.355388592589985453e-01
4.355817598265570578e-01
4.347982909530401230e-01
4.343932455619879396e-01
4.348488635661309498e-01
4.349065301210983669e-01
4.350541714450408826e-01
4.353450760882124904e-01
4.350027103545301976e-01
4.355285132632535916e-01
4.355621442198753246e-01
4.350444704047904398e-01
4.343545639612635401e-01
4.346947808091233267e-01
4.351416871913017514e-01
4.347601342201232733e-01
4.347399475555571158e-01
4.346313617360873516e-01
4.349072743207216263e-01
4.348407149776931657e-01
4.345402522728993300e-01
4.349902399623666871e-01
4.349641346118666707e-01
4.347397702977173206e-01
4.341264140250077896e-01
4.337895238841021350e-01
4.334172856281785502e-01
4.334177614128502665e-01
4.334788659344548933e-01
4.333406131473376832e-01
4.328711052026067430e-01
4.324717523781120287e-01
4.324234495280493973e-01
4.322633384824632885e-01
4.318690873268578034e-01
4.310561874817157579e-01
4.314192278336172470e-01
4.315770677968758240e-01
4.318465258221368397e-01
4.323336156022628551e-01
4.327303743362426736e-01
4.321043688729898635e-01
4.329117513016650376e-01
4.326049802350063200e-01
4.322161949300146744e-01
4.319259718541176296e-01
4.322190187298334818e-01
4.325630503475286215e-01
4.325951043563552867e-01
4.323877223632620614e-01
4.317739835008979066e-01
4.320332420908886695e-01
4.321917549327567998e-01
4.319067257313640718e-01
4.324086650115687713e-01
4.330991412654067729e-01
4.329032736370362344e-01
4.326360016882776494e-01
4.331090480443977042e-01
4.331597232606989589e-01
4.328890402527416637e-01
4.324324010756978032e-01
4.326303391609080951e-01
4.325523708941619305e-01
4.325284288189877313e-01
4.322268133504050258e-01
4.321265444159507751e-01
4.320456159990386236e-01
4.319747234328409347e-01
4.318052726750933323e-01
4.313791828023063046e-01
4.310886217744310800e-01
4.314396640101632041e-01
4.316173301694171682e-01
4.307322003271268906e-01
4.310973641034719361e-01
4.311848343700491193e-01
4.309343148999035811e-01
4.310024269717804835e-01
4.310729618741090952e-01
4.307362564300236119e-01
4.302788383049490628e-01
4.303991012401037763e-01
4.337994158267974854e-01
4.298579245805740356e-01
4.326156377792358398e-01
4.244375675916671753e-01
4.225608706474304199e-01
4.227142482995986938e-01
4.187656939029693604e-01
4.132069982588291168e-01
4.176149401399824601e-01
4.191432803869247214e-01
4.221009584990414454e-01
4.242672820885975971e-01
4.203885770761049967e-01
4.153822490147182078e-01
4.166946490605672460e-01
4.157998673617839813e-01
4.163866849506602796e-01
4.282343188921610699e-01
4.255356600410060142e-01
4.230515927076339833e-01
4.224273761113484515e-01
4.269397881898013281e-01
4.247890982938849480e-01
4.223063029348850250e-01
4.183686411380767578e-01
4.226842992580853720e-01
4.236167912130002766e-01
4.214731092963899806e-01
4.213483549397566974e-01
4.226360956827799331e-01
4.218629954322691833e-01
4.221836719661951065e-01
4.217195998538624258e-01
4.228613481802098728e-01
4.227229603699275695e-01
4.197971787717607040e-01
4.175614392435228472e-01
4.167077957015288270e-01
4.157696190552833682e-01
4.152230612933635601e-01
4.175938767630879567e-01
4.169680823882420673e-01
4.171921236570491076e-01
4.173389517448164998e-01
4.176204933060539970e-01
4.159009398325629880e-01
4.163474028414868022e-01
4.154366757720708847e-01
4.149664901957220153e-01
4.143680924177169933e-01
4.136010572022082998e-01
4.139153624956424249e-01
4.122014641761779785e-01
4.127109856517226505e-01
4.108814434571699814e-01
4.101805005754743383e-01
4.089345095450417911e-01
4.085271142680069745e-01
4.087311489097142370e-01
4.094207614660262951e-01
4.096125281247936512e-01
4.078996623716046876e-01
4.084179614271436498e-01
4.080069055780768394e-01
4.078446475359109868e-01
4.075855675971869485e-01
4.074993089063843610e-01
4.081706430982141032e-01
4.081457339335178847e-01
4.083279911960874253e-01
4.085760414600372314e-01
4.098961075974835166e-01
4.107662247468347183e-01
4.100466080614038611e-01
4.094635462760925493e-01
4.088490895534816483e-01
4.084667822757324651e-01
4.081182567737041134e-01
4.074015470245216375e-01
4.069563020020723343e-01
4.071210766280138893e-01
4.067924004502412871e-01
4.066756450268159684e-01
4.068153504104841112e-01
4.063248283722821208e-01
4.057026346062505007e-01
4.057678751561833441e-01
4.059496684507890030e-01
4.059258230616537566e-01
4.056570351123809925e-01
4.048790050731910228e-01
4.043508680618327356e-01
4.048613607883453369e-01
4.055138176425974184e-01
4.059735762445550455e-01
4.056975875670711384e-01
4.059927915174936786e-01
4.052781429217786058e-01
4.059767485266984055e-01
4.063497430086135953e-01
4.061545402106672142e-01
4.063769196178398935e-01
4.063533263877757706e-01
4.058820854585904470e-01
4.060228850160326197e-01
4.053622987472785821e-01
4.058648916048424038e-01
4.058499926770174904e-01
4.058788924589069591e-01
4.057407094673676773e-01
