3.912878125000000000e+04
3.863650781250000000e+04
3.857382031250000000e+04
3.685340625000000000e+04
3.810844531250000000e+04
3.763224218750000000e+04
3.684454687500000000e+04
3.641287500000000000e+04
3.650339843750000000e+04
3.449920312500000000e+04
3.537582031250000000e+04
3.393678125000000000e+04
3.243800781250000000e+04
3.351692187500000000e+04
3.105483593750000000e+04
3.080684375000000000e+04
2.830438281250000000e+04
2.777452343750000000e+04
2.700220312500000000e+04
2.495727343750000000e+04
2.289105468750000000e+04
2.200460937500000000e+04
1.968874218750000000e+04
1.979494531250000000e+04
1.803500781250000000e+04
1.725628125000000000e+04
1.697796093750000000e+04
1.346984375000000000e+04
1.316029687500000000e+04
1.375936718750000000e+04
1.122452343750000000e+04
9.392601562500000000e+03
1.076835156250000000e+04
8.008859375000000000e+03
8.392000000000000000e+03
6.789117187500000000e+03
6.937828125000000000e+03
5.817500000000000000e+03
5.499757812500000000e+03
5.474085937500000000e+03
5.741851562500000000e+03
4.917320312500000000e+03
5.455460937500000000e+03
4.840695312500000000e+03
4.367062500000000000e+03
4.356539062500000000e+03
3.409343750000000000e+03
3.159257812500000000e+03
3.411171875000000000e+03
3.309406250000000000e+03
3.581750000000000000e+03
3.571054687500000000e+03
3.148375000000000000e+03
3.589546875000000000e+03
3.146320312500000000e+03
2.847640625000000000e+03
2.869960937500000000e+03
3.104976562500000000e+03
2.742117187500000000e+03
2.364828125000000000e+03
2.936875000000000000e+03
1.861554687500000000e+03
2.378437500000000000e+03
2.090054687500000000e+03
1.960132812500000000e+03
2.047898437500000000e+03
2.029281250000000000e+03
1.822609375000000000e+03
1.848406250000000000e+03
2.216492187500000000e+03
2.074156250000000000e+03
2.022960937500000000e+03
1.867820312500000000e+03
2.607460937500000000e+03
1.761093750000000000e+03
2.373148437500000000e+03
2.019015625000000000e+03
1.541710937500000000e+03
1.888562500000000000e+03
1.361351562500000000e+03
1.697156250000000000e+03
1.629031250000000000e+03
1.778968750000000000e+03
1.677039062500000000e+03
1.856851562500000000e+03
1.625648437500000000e+03
1.821914062500000000e+03
1.687703125000000000e+03
1.651156250000000000e+03
2.024382812500000000e+03
1.304406250000000000e+03
1.875367187500000000e+03
1.656882812500000000e+03
1.793515625000000000e+03
2.004453125000000000e+03
1.282093750000000000e+03
1.555765625000000000e+03
1.315554687500000000e+03
1.613468750000000000e+03
1.633039062500000000e+03
1.699789062500000000e+03
1.438164062500000000e+03
1.381710937500000000e+03
1.384398437500000000e+03
1.412250000000000000e+03
1.830953125000000000e+03
1.718687500000000000e+03
1.527859375000000000e+03
1.811023437500000000e+03
1.260476562500000000e+03
1.564867187500000000e+03
1.199648437500000000e+03
1.228156250000000000e+03
1.453617187500000000e+03
1.464945312500000000e+03
1.415867187500000000e+03
1.309171875000000000e+03
1.230031250000000000e+03
1.647515625000000000e+03
1.029007812500000000e+03
1.190578125000000000e+03
1.314609375000000000e+03
1.437414062500000000e+03
1.215164062500000000e+03
1.474539062500000000e+03
1.569593750000000000e+03
1.021812500000000000e+03
1.069843750000000000e+03
1.259351562500000000e+03
1.187031250000000000e+03
1.309687500000000000e+03
1.528765625000000000e+03
1.120570312500000000e+03
1.271039062500000000e+03
1.382468750000000000e+03
1.135796875000000000e+03
1.227656250000000000e+03
1.613632812500000000e+03
1.250937500000000000e+03
1.314960937500000000e+03
1.068773437500000000e+03
1.351210937500000000e+03
1.158062500000000000e+03
1.458414062500000000e+03
1.201132812500000000e+03
1.911343750000000000e+03
1.205710937500000000e+03
1.369148437500000000e+03
1.266343750000000000e+03
1.156867187500000000e+03
1.145976562500000000e+03
1.243625000000000000e+03
1.023054687500000000e+03
1.248742187500000000e+03
1.236796875000000000e+03
1.238398437500000000e+03
1.192226562500000000e+03
1.299187500000000000e+03
1.078000000000000000e+03
9.850000000000000000e+02
1.350218750000000000e+03
1.143578125000000000e+03
1.027445312500000000e+03
1.147609375000000000e+03
1.091515625000000000e+03
1.397554687500000000e+03
1.134312500000000000e+03
1.185984375000000000e+03
8.858750000000000000e+02
1.042453125000000000e+03
1.063625000000000000e+03
9.957500000000000000e+02
1.302414062500000000e+03
1.230500000000000000e+03
1.207554687500000000e+03
1.229101562500000000e+03
1.061929687500000000e+03
1.084171875000000000e+03
1.151093750000000000e+03
1.173210937500000000e+03
1.047039062500000000e+03
9.635625000000000000e+02
9.210703125000000000e+02
1.016195312500000000e+03
1.037062500000000000e+03
1.203187500000000000e+03
1.059914062500000000e+03
9.281796875000000000e+02
1.038984375000000000e+03
1.021945312500000000e+03
1.295304687500000000e+03
9.669606299212598515e+02
1.019796875000000000e+03
9.346250000000000000e+02
9.924843750000000000e+02
1.156789062500000000e+03
1.130234375000000000e+03
8.820156250000000000e+02
1.117117187500000000e+03
1.023070312500000000e+03
1.344710937500000000e+03
1.212757812500000000e+03
1.154835937500000000e+03
8.480781250000000000e+02
1.076710937500000000e+03
1.080289062500000000e+03
9.158593750000000000e+02
1.132593750000000000e+03
9.403671875000000000e+02
9.521406250000000000e+02
9.274921875000000000e+02
1.170640625000000000e+03
1.339039062500000000e+03
1.148195312500000000e+03
8.554609375000000000e+02
9.292343750000000000e+02
8.844296875000000000e+02
9.923359375000000000e+02
1.042507812500000000e+03
1.072648437500000000e+03
1.130328125000000000e+03
8.483906250000000000e+02
9.809218750000000000e+02
1.147015625000000000e+03
1.068226562500000000e+03
9.957812500000000000e+02
1.095914062500000000e+03
8.613046875000000000e+02
9.837890625000000000e+02
9.598281250000000000e+02
1.001882812500000000e+03
8.577343750000000000e+02
1.218882812500000000e+03
1.185000000000000000e+03
9.471796875000000000e+02
9.784375000000000000e+02
1.133617187500000000e+03
8.928515625000000000e+02
8.946015625000000000e+02
9.031250000000000000e+02
7.977734375000000000e+02
9.662265625000000000e+02
9.281093750000000000e+02
8.278906250000000000e+02
8.576875000000000000e+02
9.546640625000000000e+02
1.396085937500000000e+03
1.082703125000000000e+03
9.397031250000000000e+02
8.645234375000000000e+02
1.112625000000000000e+03
1.019656250000000000e+03
8.137421875000000000e+02
7.180234375000000000e+02
1.253828125000000000e+03
9.645312500000000000e+02
9.072187500000000000e+02
8.080078125000000000e+02
1.075554687500000000e+03
8.657343750000000000e+02
8.533593750000000000e+02
8.632968750000000000e+02
8.726328125000000000e+02
7.992265625000000000e+02
9.399062500000000000e+02
1.120023437500000000e+03
9.894296875000000000e+02
8.690468750000000000e+02
8.449765625000000000e+02
9.896875000000000000e+02
9.498593750000000000e+02
8.227500000000000000e+02
1.001515625000000000e+03
1.047015625000000000e+03
1.033531250000000000e+03
9.834687500000000000e+02
8.300468750000000000e+02
9.131796875000000000e+02
8.429140625000000000e+02
7.887031250000000000e+02
9.271093750000000000e+02
7.952031250000000000e+02
8.313203125000000000e+02
8.936093750000000000e+02
8.098203125000000000e+02
9.230781250000000000e+02
7.984062500000000000e+02
7.793437500000000000e+02
1.029296875000000000e+03
7.248750000000000000e+02
8.688437500000000000e+02
8.913046875000000000e+02
6.640156250000000000e+02
8.576640625000000000e+02
1.040585937500000000e+03
6.916484375000000000e+02
8.513437500000000000e+02
8.487890625000000000e+02
8.400312500000000000e+02
7.154062500000000000e+02
7.748750000000000000e+02
9.929921875000000000e+02
7.880546875000000000e+02
7.597265625000000000e+02
9.064687500000000000e+02
7.638203125000000000e+02
7.951406250000000000e+02
9.002656250000000000e+02
9.587421875000000000e+02
9.105703125000000000e+02
8.507265625000000000e+02
7.821562500000000000e+02
7.494218750000000000e+02
8.117031250000000000e+02
8.237734375000000000e+02
6.826015625000000000e+02
7.286718750000000000e+02
7.441796875000000000e+02
8.263359375000000000e+02
8.623203125000000000e+02
7.044296875000000000e+02
8.926640625000000000e+02
6.967656250000000000e+02
9.473125000000000000e+02
1.173289062500000000e+03
8.987031250000000000e+02
6.819062500000000000e+02
7.498750000000000000e+02
6.478515625000000000e+02
6.794765625000000000e+02
6.549531250000000000e+02
7.703203125000000000e+02
7.945703125000000000e+02
7.157343750000000000e+02
8.182734375000000000e+02
9.168203125000000000e+02
9.204296875000000000e+02
6.741875000000000000e+02
7.808750000000000000e+02
8.203906250000000000e+02
8.198281250000000000e+02
8.635312500000000000e+02
6.650156250000000000e+02
7.048828125000000000e+02
9.854765625000000000e+02
6.560859375000000000e+02
1.029257812500000000e+03
1.044156250000000000e+03
7.675390625000000000e+02
6.913281250000000000e+02
7.903671875000000000e+02
1.000515625000000000e+03
7.346093750000000000e+02
7.298671875000000000e+02
1.014351562500000000e+03
9.314375000000000000e+02
7.596953125000000000e+02
7.222656250000000000e+02
7.368281250000000000e+02
6.483906250000000000e+02
6.837734375000000000e+02
6.854765625000000000e+02
6.401562500000000000e+02
6.336328125000000000e+02
6.885078125000000000e+02
6.824140625000000000e+02
6.995078125000000000e+02
6.665937500000000000e+02
8.791640625000000000e+02
8.640468750000000000e+02
8.111171875000000000e+02
6.610078125000000000e+02
6.733671875000000000e+02
7.334687500000000000e+02
8.672031250000000000e+02
7.106406250000000000e+02
7.644609375000000000e+02
6.715859375000000000e+02
9.031875000000000000e+02
6.379843750000000000e+02
7.091875000000000000e+02
6.899218750000000000e+02
6.612421875000000000e+02
6.845669291338582525e+02
7.361640625000000000e+02
9.421171875000000000e+02
8.220234375000000000e+02
6.423046875000000000e+02
6.771562500000000000e+02
7.979140625000000000e+02
8.238125000000000000e+02
6.077421875000000000e+02
8.500234375000000000e+02
7.431015625000000000e+02
8.016015625000000000e+02
1.154640625000000000e+03
6.865937500000000000e+02
8.094843750000000000e+02
7.683593750000000000e+02
8.155781250000000000e+02
6.795000000000000000e+02
6.573984375000000000e+02
6.537734375000000000e+02
7.119218750000000000e+02
6.514609375000000000e+02
5.795156250000000000e+02
8.320156250000000000e+02
6.114062500000000000e+02
6.189531250000000000e+02
6.380156250000000000e+02
5.640937500000000000e+02
8.403437500000000000e+02
1.245507812500000000e+03
6.302343750000000000e+02
6.288125000000000000e+02
7.455468750000000000e+02
1.006218750000000000e+03
8.848359375000000000e+02
7.984531250000000000e+02
6.315234375000000000e+02
6.018203125000000000e+02
7.675937500000000000e+02
6.693906250000000000e+02
1.086226562500000000e+03
7.286171875000000000e+02
5.857734375000000000e+02
6.254843750000000000e+02
5.644843750000000000e+02
7.564843750000000000e+02
5.988203125000000000e+02
5.798203125000000000e+02
6.754765625000000000e+02
5.645312500000000000e+02
5.485625000000000000e+02
6.320390625000000000e+02
6.717109375000000000e+02
6.022265625000000000e+02
6.057656250000000000e+02
5.627109375000000000e+02
6.612109375000000000e+02
5.968593750000000000e+02
6.541484375000000000e+02
6.803750000000000000e+02
7.323515625000000000e+02
6.770859375000000000e+02
6.832187500000000000e+02
7.141328125000000000e+02
7.360390625000000000e+02
6.915468750000000000e+02
6.807656250000000000e+02
5.704843750000000000e+02
6.711171875000000000e+02
6.784453125000000000e+02
5.618281250000000000e+02
6.100781250000000000e+02
5.970156250000000000e+02
7.345703125000000000e+02
6.460937500000000000e+02
5.250156250000000000e+02
6.123046875000000000e+02
7.184609375000000000e+02
6.655937500000000000e+02
5.350468750000000000e+02
5.513906250000000000e+02
6.099921875000000000e+02
6.513203125000000000e+02
5.878750000000000000e+02
7.141875000000000000e+02
5.937890625000000000e+02
5.887968750000000000e+02
5.559843750000000000e+02
6.774296875000000000e+02
6.845390625000000000e+02
5.331796875000000000e+02
6.041875000000000000e+02
5.640390625000000000e+02
4.850390625000000000e+02
6.825703125000000000e+02
8.779843750000000000e+02
5.368281250000000000e+02
5.849843750000000000e+02
5.353203125000000000e+02
6.323593750000000000e+02
5.703671875000000000e+02
6.198750000000000000e+02
5.447421875000000000e+02
6.322578125000000000e+02
7.416406250000000000e+02
8.250000000000000000e+02
6.204375000000000000e+02
7.723828125000000000e+02
5.258750000000000000e+02
5.455625000000000000e+02
6.779531250000000000e+02
5.855000000000000000e+02
5.475703125000000000e+02
6.336328125000000000e+02
6.910625000000000000e+02
6.887968750000000000e+02
6.397421875000000000e+02
5.288906250000000000e+02
5.812265625000000000e+02
6.198750000000000000e+02
6.048828125000000000e+02
7.026328125000000000e+02
6.080546875000000000e+02
5.005781250000000000e+02
5.708984375000000000e+02
5.726875000000000000e+02
5.286875000000000000e+02
5.348437500000000000e+02
5.559296875000000000e+02
4.960859375000000000e+02
8.591328125000000000e+02
5.707187500000000000e+02
6.148593750000000000e+02
6.534140625000000000e+02
5.963750000000000000e+02
5.342109375000000000e+02
6.347578125000000000e+02
6.393046875000000000e+02
6.013046875000000000e+02
5.058203125000000000e+02
5.329375000000000000e+02
6.047500000000000000e+02
9.171484375000000000e+02
5.946015625000000000e+02
6.462890625000000000e+02
6.543281250000000000e+02
7.203281250000000000e+02
8.787421875000000000e+02
5.693437500000000000e+02
5.825468750000000000e+02
5.274062500000000000e+02
5.174218750000000000e+02
5.031171875000000000e+02
4.951640625000000000e+02
5.568125000000000000e+02
6.242421875000000000e+02
5.936093750000000000e+02
4.351484375000000000e+02
5.504453125000000000e+02
5.157500000000000000e+02
4.884921875000000000e+02
4.900156250000000000e+02
4.588671875000000000e+02
6.271093750000000000e+02
5.492031250000000000e+02
5.571171875000000000e+02
5.815468750000000000e+02
5.470390625000000000e+02
5.310468750000000000e+02
4.783203125000000000e+02
4.846015625000000000e+02
9.128593750000000000e+02
5.120000000000000000e+02
5.754921875000000000e+02
5.007968750000000000e+02
5.018437500000000000e+02
5.025937500000000000e+02
5.495156250000000000e+02
4.982265625000000000e+02
6.751406250000000000e+02
5.113906250000000000e+02
6.247734375000000000e+02
5.307421875000000000e+02
4.675312500000000000e+02
7.580468750000000000e+02
5.792187500000000000e+02
5.594218750000000000e+02
5.919609375000000000e+02
5.165937500000000000e+02
5.139843750000000000e+02
4.903281250000000000e+02
4.706640625000000000e+02
5.839370078740157624e+02
5.035546875000000000e+02
5.355156250000000000e+02
4.764218750000000000e+02
5.263515625000000000e+02
7.439765625000000000e+02
5.886093750000000000e+02
5.129609375000000000e+02
4.356640625000000000e+02
4.220937500000000000e+02
4.356796875000000000e+02
4.875546875000000000e+02
7.896718750000000000e+02
1.412328125000000000e+03
4.625937500000000000e+02
4.620546875000000000e+02
7.242578125000000000e+02
4.375937500000000000e+02
6.033906250000000000e+02
4.036640625000000000e+02
6.395625000000000000e+02
5.776484375000000000e+02
5.278984375000000000e+02
6.597578125000000000e+02
4.439843750000000000e+02
5.094921875000000000e+02
8.990390625000000000e+02
4.452890625000000000e+02
4.091562500000000000e+02
6.323984375000000000e+02
5.569765625000000000e+02
4.681953125000000000e+02
5.823515625000000000e+02
6.061250000000000000e+02
4.483281250000000000e+02
6.040781250000000000e+02
5.386718750000000000e+02
5.953437500000000000e+02
6.844218750000000000e+02
4.247968750000000000e+02
6.906484375000000000e+02
5.032031250000000000e+02
4.358671875000000000e+02
4.940625000000000000e+02
4.209140625000000000e+02
4.811718750000000000e+02
4.132343750000000000e+02
5.249609375000000000e+02
4.113750000000000000e+02
4.820625000000000000e+02
4.421250000000000000e+02
4.949296875000000000e+02
6.316640625000000000e+02
5.777812500000000000e+02
4.584375000000000000e+02
4.901406250000000000e+02
5.532812500000000000e+02
4.586640625000000000e+02
5.260390625000000000e+02
6.027500000000000000e+02
8.005937500000000000e+02
4.725546875000000000e+02
4.850625000000000000e+02
4.617656250000000000e+02
4.731562500000000000e+02
4.379062500000000000e+02
3.879921875000000000e+02
5.921328125000000000e+02
6.416796875000000000e+02
4.571796875000000000e+02
5.033125000000000000e+02
6.192890625000000000e+02
4.351328125000000000e+02
4.570703125000000000e+02
4.406328125000000000e+02
4.678671875000000000e+02
4.562265625000000000e+02
4.161406250000000000e+02
6.761875000000000000e+02
4.163671875000000000e+02
4.460468750000000000e+02
4.479921875000000000e+02
4.153593750000000000e+02
5.315468750000000000e+02
4.321328125000000000e+02
4.098515625000000000e+02
4.800390625000000000e+02
4.363046875000000000e+02
4.416484375000000000e+02
4.291015625000000000e+02
5.441171875000000000e+02
5.772265625000000000e+02
7.665859375000000000e+02
4.383359375000000000e+02
4.093671875000000000e+02
4.341562500000000000e+02
5.732968750000000000e+02
5.098906250000000000e+02
5.940937500000000000e+02
4.431875000000000000e+02
4.157500000000000000e+02
5.110468750000000000e+02
4.586796875000000000e+02
4.056093750000000000e+02
6.380234375000000000e+02
4.851796875000000000e+02
4.794062500000000000e+02
3.868203125000000000e+02
6.845390625000000000e+02
5.233515625000000000e+02
4.632656250000000000e+02
3.733671875000000000e+02
5.490468750000000000e+02
5.330546875000000000e+02
4.002109375000000000e+02
7.547890625000000000e+02
4.655468750000000000e+02
7.008437500000000000e+02
4.971250000000000000e+02
4.937031250000000000e+02
5.526328125000000000e+02
4.305156250000000000e+02
4.720546875000000000e+02
6.482656250000000000e+02
3.694609375000000000e+02
4.097187500000000000e+02
7.401953125000000000e+02
3.808046875000000000e+02
8.107343750000000000e+02
5.051093750000000000e+02
5.275937500000000000e+02
4.997890625000000000e+02
5.065312500000000000e+02
5.508906250000000000e+02
3.723359375000000000e+02
3.270781250000000000e+02
6.659531250000000000e+02
3.864218750000000000e+02
5.856953125000000000e+02
4.271250000000000000e+02
4.014765625000000000e+02
3.661718750000000000e+02
5.670937500000000000e+02
4.598828125000000000e+02
3.441875000000000000e+02
7.843359375000000000e+02
4.958593750000000000e+02
4.744843750000000000e+02
4.581562500000000000e+02
4.979531250000000000e+02
5.181093750000000000e+02
3.659765625000000000e+02
4.577343750000000000e+02
4.937343750000000000e+02
5.327421875000000000e+02
6.131093750000000000e+02
6.712812500000000000e+02
4.055468750000000000e+02
4.257265625000000000e+02
6.717734375000000000e+02
5.327187500000000000e+02
3.913828125000000000e+02
6.242500000000000000e+02
4.044765625000000000e+02
4.288593750000000000e+02
4.314453125000000000e+02
4.003984375000000000e+02
4.067734375000000000e+02
4.486328125000000000e+02
6.063671875000000000e+02
4.839687500000000000e+02
5.378593750000000000e+02
3.820859375000000000e+02
7.019531250000000000e+02
6.100937500000000000e+02
4.593750000000000000e+02
5.403906250000000000e+02
6.013828125000000000e+02
4.205234375000000000e+02
5.275234375000000000e+02
3.689843750000000000e+02
4.206718750000000000e+02
5.252031250000000000e+02
3.880468750000000000e+02
4.596093750000000000e+02
6.753359375000000000e+02
4.841875000000000000e+02
4.159921875000000000e+02
3.768906250000000000e+02
4.419296875000000000e+02
4.312109375000000000e+02
4.533593750000000000e+02
3.668267716535432896e+02
4.414531250000000000e+02
4.098593750000000000e+02
4.768359375000000000e+02
4.051718750000000000e+02
5.677656250000000000e+02
5.287265625000000000e+02
4.247968750000000000e+02
6.960234375000000000e+02
4.083046875000000000e+02
3.465234375000000000e+02
3.732734375000000000e+02
3.684375000000000000e+02
5.500312500000000000e+02
4.779843750000000000e+02
4.490625000000000000e+02
3.939218750000000000e+02
4.144062500000000000e+02
4.627968750000000000e+02
3.477500000000000000e+02
4.272656250000000000e+02
4.637734375000000000e+02
3.518203125000000000e+02
4.806171875000000000e+02
4.309296875000000000e+02
3.519062500000000000e+02
4.466484375000000000e+02
4.232734375000000000e+02
3.536328125000000000e+02
5.088750000000000000e+02
3.730234375000000000e+02
4.343984375000000000e+02
4.908593750000000000e+02
3.521796875000000000e+02
4.335390625000000000e+02
5.349062500000000000e+02
3.828515625000000000e+02
5.258828125000000000e+02
3.763125000000000000e+02
3.508828125000000000e+02
3.683593750000000000e+02
4.594531250000000000e+02
4.201406250000000000e+02
4.757421875000000000e+02
3.908281250000000000e+02
4.440859375000000000e+02
3.231718750000000000e+02
3.547500000000000000e+02
4.819609375000000000e+02
4.213437500000000000e+02
4.031171875000000000e+02
3.518906250000000000e+02
6.512343750000000000e+02
3.941093750000000000e+02
7.665937500000000000e+02
4.228125000000000000e+02
5.255625000000000000e+02
3.122500000000000000e+02
4.438125000000000000e+02
3.139218750000000000e+02
3.714531250000000000e+02
3.764843750000000000e+02
6.814765625000000000e+02
3.617109375000000000e+02
3.625937500000000000e+02
5.506250000000000000e+02
4.521562500000000000e+02
3.936875000000000000e+02
6.999375000000000000e+02
3.177031250000000000e+02
3.737265625000000000e+02
5.389140625000000000e+02
7.647578125000000000e+02
3.280546875000000000e+02
3.411796875000000000e+02
3.690156250000000000e+02
5.678515625000000000e+02
5.355000000000000000e+02
4.129765625000000000e+02
6.786484375000000000e+02
3.866171875000000000e+02
3.028125000000000000e+02
4.574375000000000000e+02
4.232343750000000000e+02
4.187500000000000000e+02
6.001015625000000000e+02
3.503281250000000000e+02
4.886171875000000000e+02
7.580546875000000000e+02
5.555468750000000000e+02
3.351093750000000000e+02
4.260156250000000000e+02
4.636484375000000000e+02
4.342500000000000000e+02
3.663359375000000000e+02
3.633281250000000000e+02
5.504687500000000000e+02
4.226015625000000000e+02
5.738828125000000000e+02
4.271171875000000000e+02
5.258906250000000000e+02
3.506093750000000000e+02
3.858828125000000000e+02
4.998203125000000000e+02
3.656796875000000000e+02
3.462578125000000000e+02
3.355625000000000000e+02
3.184140625000000000e+02
3.128515625000000000e+02
3.057343750000000000e+02
4.997656250000000000e+02
3.726250000000000000e+02
4.447187500000000000e+02
4.480546875000000000e+02
4.880468750000000000e+02
6.646562500000000000e+02
3.296484375000000000e+02
3.462031250000000000e+02
3.261406250000000000e+02
3.404296875000000000e+02
3.852500000000000000e+02
6.298906250000000000e+02
4.063203125000000000e+02
3.846250000000000000e+02
5.110234375000000000e+02
3.265078125000000000e+02
3.869843750000000000e+02
3.191171875000000000e+02
4.450000000000000000e+02
3.204609375000000000e+02
4.007421875000000000e+02
3.642187500000000000e+02
2.678437500000000000e+02
2.552734375000000000e+02
7.192421875000000000e+02
3.012421875000000000e+02
7.909375000000000000e+02
4.607734375000000000e+02
3.511406250000000000e+02
3.306640625000000000e+02
3.531953125000000000e+02
3.489453125000000000e+02
3.358437500000000000e+02
4.194140625000000000e+02
5.298437500000000000e+02
3.307656250000000000e+02
4.225546875000000000e+02
4.269843750000000000e+02
4.052812500000000000e+02
3.284765625000000000e+02
4.169531250000000000e+02
3.576796875000000000e+02
4.439765625000000000e+02
4.152656250000000000e+02
3.558593750000000000e+02
3.004062500000000000e+02
2.896328125000000000e+02
3.929218750000000000e+02
3.169765625000000000e+02
2.997734375000000000e+02
3.569296875000000000e+02
3.598203125000000000e+02
3.972500000000000000e+02
3.525234375000000000e+02
3.271093750000000000e+02
5.095234375000000000e+02
5.973828125000000000e+02
3.242265625000000000e+02
3.039062500000000000e+02
4.705703125000000000e+02
4.462031250000000000e+02
3.551640625000000000e+02
5.383750000000000000e+02
3.446562500000000000e+02
2.959687500000000000e+02
3.347031250000000000e+02
4.412343750000000000e+02
3.876796875000000000e+02
3.227734375000000000e+02
6.101093750000000000e+02
2.806171875000000000e+02
2.546562500000000000e+02
3.650703125000000000e+02
4.213203125000000000e+02
5.701640625000000000e+02
4.099375000000000000e+02
3.968359375000000000e+02
4.964531250000000000e+02
5.095625000000000000e+02
3.986250000000000000e+02
5.863359375000000000e+02
2.572500000000000000e+02
3.373307086614173045e+02
3.896406250000000000e+02
3.285234375000000000e+02
4.880781250000000000e+02
4.445390625000000000e+02
4.071250000000000000e+02
2.869296875000000000e+02
3.181093750000000000e+02
3.146250000000000000e+02
6.542265625000000000e+02
4.361328125000000000e+02
3.942578125000000000e+02
9.392187500000000000e+02
3.978906250000000000e+02
3.851015625000000000e+02
3.619218750000000000e+02
3.080546875000000000e+02
4.249375000000000000e+02
3.876250000000000000e+02
5.332109375000000000e+02
3.231015625000000000e+02
3.251953125000000000e+02
2.980078125000000000e+02
3.095156250000000000e+02
4.725078125000000000e+02
2.728437500000000000e+02
3.162421875000000000e+02
3.101640625000000000e+02
3.656406250000000000e+02
7.465390625000000000e+02
2.823750000000000000e+02
3.206093750000000000e+02
5.016484375000000000e+02
4.439843750000000000e+02
2.958515625000000000e+02
3.417890625000000000e+02
3.845781250000000000e+02
3.545781250000000000e+02
5.239921875000000000e+02
5.155703125000000000e+02
2.838281250000000000e+02
2.607968750000000000e+02
3.678906250000000000e+02
3.364453125000000000e+02
4.382343750000000000e+02
5.161796875000000000e+02
3.163906250000000000e+02
2.750000000000000000e+02
3.366406250000000000e+02
3.400390625000000000e+02
6.021875000000000000e+02
2.876875000000000000e+02
6.351562500000000000e+02
4.115078125000000000e+02
2.931328125000000000e+02
2.622265625000000000e+02
3.152500000000000000e+02
3.653671875000000000e+02
2.642421875000000000e+02
4.892343750000000000e+02
3.627109375000000000e+02
4.209062500000000000e+02
4.382656250000000000e+02
5.473125000000000000e+02
5.587500000000000000e+02
2.971562500000000000e+02
3.301250000000000000e+02
2.852812500000000000e+02
3.139531250000000000e+02
3.562187500000000000e+02
3.111875000000000000e+02
3.234687500000000000e+02
4.841875000000000000e+02
4.642734375000000000e+02
3.454375000000000000e+02
2.789375000000000000e+02
3.276718750000000000e+02
3.071015625000000000e+02
3.697187500000000000e+02
2.828046875000000000e+02
4.191718750000000000e+02
3.245468750000000000e+02
3.043593750000000000e+02
3.469609375000000000e+02
5.446171875000000000e+02
3.756093750000000000e+02
2.979375000000000000e+02
2.883437500000000000e+02
3.533750000000000000e+02
3.413984375000000000e+02
2.835625000000000000e+02
4.414609375000000000e+02
3.725781250000000000e+02
3.644531250000000000e+02
3.367031250000000000e+02
2.951250000000000000e+02
3.157187500000000000e+02
2.749609375000000000e+02
4.334687500000000000e+02
2.969609375000000000e+02
4.588593750000000000e+02
2.387421875000000000e+02
7.006796875000000000e+02
2.510468750000000000e+02
2.605937500000000000e+02
3.088281250000000000e+02
2.502968750000000000e+02
3.307500000000000000e+02
2.663671875000000000e+02
3.301250000000000000e+02
3.373437500000000000e+02
3.329765625000000000e+02
5.274062500000000000e+02
4.701953125000000000e+02
3.478750000000000000e+02
5.233984375000000000e+02
3.464375000000000000e+02
2.787187500000000000e+02
3.102968750000000000e+02
3.642265625000000000e+02
5.402343750000000000e+02
4.773984375000000000e+02
5.151640625000000000e+02
4.856640625000000000e+02
4.885703125000000000e+02
3.032031250000000000e+02
2.497500000000000000e+02
3.482187500000000000e+02
3.103593750000000000e+02
2.386328125000000000e+02
3.803359375000000000e+02
2.983203125000000000e+02
7.056953125000000000e+02
3.802031250000000000e+02
5.117421875000000000e+02
3.113046875000000000e+02
2.947968750000000000e+02
3.155625000000000000e+02
4.307968750000000000e+02
3.151484375000000000e+02
3.175859375000000000e+02
4.904296875000000000e+02
2.751875000000000000e+02
5.037968750000000000e+02
3.057500000000000000e+02
3.416796875000000000e+02
3.523828125000000000e+02
2.807734375000000000e+02
4.993125000000000000e+02
2.821328125000000000e+02
2.687890625000000000e+02
4.677343750000000000e+02
5.615468750000000000e+02
3.206406250000000000e+02
2.790156250000000000e+02
2.943359375000000000e+02
3.319375000000000000e+02
3.231015625000000000e+02
2.664453125000000000e+02
2.921640625000000000e+02
3.451328125000000000e+02
4.882421875000000000e+02
2.423984375000000000e+02
3.384921875000000000e+02
4.250546875000000000e+02
3.658359375000000000e+02
2.453515625000000000e+02
3.137343750000000000e+02
8.378437500000000000e+02
2.476406250000000000e+02
4.563125000000000000e+02
2.913281250000000000e+02
3.068750000000000000e+02
3.785546875000000000e+02
2.764609375000000000e+02
3.891640625000000000e+02
3.569296875000000000e+02
2.441640625000000000e+02
3.040625000000000000e+02
3.012187500000000000e+02
2.595468750000000000e+02
3.035078125000000000e+02
3.328671875000000000e+02
3.192812500000000000e+02
2.837109375000000000e+02
2.500234375000000000e+02
4.043203125000000000e+02
4.386406250000000000e+02
2.602968750000000000e+02
2.893281250000000000e+02
5.023046875000000000e+02
2.550234375000000000e+02
3.045275590551181040e+02
4.588359375000000000e+02
2.573359375000000000e+02
2.709687500000000000e+02
4.751171875000000000e+02
8.461328125000000000e+02
2.800468750000000000e+02
3.064843750000000000e+02
3.861406250000000000e+02
3.091875000000000000e+02
2.610468750000000000e+02
2.970625000000000000e+02
2.729765625000000000e+02
2.930781250000000000e+02
3.234921875000000000e+02
3.847265625000000000e+02
3.202968750000000000e+02
2.915703125000000000e+02
3.494140625000000000e+02
2.793359375000000000e+02
2.206250000000000000e+02
2.199062500000000000e+02
3.618593750000000000e+02
2.683906250000000000e+02
3.211171875000000000e+02
3.903046875000000000e+02
2.762968750000000000e+02
3.984375000000000000e+02
2.458906250000000000e+02
3.708828125000000000e+02
3.906562500000000000e+02
2.636093750000000000e+02
4.642578125000000000e+02
2.758593750000000000e+02
2.760000000000000000e+02
3.080859375000000000e+02
2.972656250000000000e+02
4.854531250000000000e+02
4.405078125000000000e+02
2.262031250000000000e+02
3.681328125000000000e+02
2.595000000000000000e+02
3.283359375000000000e+02
2.294375000000000000e+02
2.942187500000000000e+02
2.956953125000000000e+02
3.091875000000000000e+02
5.439843750000000000e+02
6.556640625000000000e+02
8.211406250000000000e+02
2.661093750000000000e+02
3.151640625000000000e+02
2.885156250000000000e+02
2.818671875000000000e+02
3.724843750000000000e+02
3.141718750000000000e+02
3.767265625000000000e+02
3.276484375000000000e+02
5.492109375000000000e+02
3.241171875000000000e+02
2.300468750000000000e+02
2.326484375000000000e+02
4.005234375000000000e+02
2.820156250000000000e+02
2.948828125000000000e+02
3.101015625000000000e+02
2.409531250000000000e+02
2.400156250000000000e+02
2.589375000000000000e+02
2.891406250000000000e+02
2.583593750000000000e+02
2.878125000000000000e+02
4.928593750000000000e+02
2.654609375000000000e+02
2.565078125000000000e+02
3.757656250000000000e+02
2.413359375000000000e+02
3.795703125000000000e+02
6.140000000000000000e+02
3.200625000000000000e+02
3.578515625000000000e+02
2.625859375000000000e+02
3.111718750000000000e+02
4.700937500000000000e+02
5.365625000000000000e+02
2.163281250000000000e+02
2.783671875000000000e+02
2.542265625000000000e+02
2.366640625000000000e+02
4.849687500000000000e+02
3.137500000000000000e+02
2.056953125000000000e+02
3.964296875000000000e+02
3.144765625000000000e+02
3.932734375000000000e+02
6.067812500000000000e+02
3.588984375000000000e+02
2.782187500000000000e+02
3.645859375000000000e+02
2.987734375000000000e+02
3.708046875000000000e+02
3.248671875000000000e+02
3.125234375000000000e+02
3.273671875000000000e+02
3.715156250000000000e+02
3.404921875000000000e+02
3.882187500000000000e+02
2.844218750000000000e+02
2.042890625000000000e+02
2.262187500000000000e+02
3.636328125000000000e+02
2.670859375000000000e+02
3.150390625000000000e+02
2.606875000000000000e+02
4.207734375000000000e+02
2.783359375000000000e+02
3.106562500000000000e+02
2.410078125000000000e+02
2.848359375000000000e+02
2.144296875000000000e+02
3.313984375000000000e+02
2.850390625000000000e+02
3.879140625000000000e+02
3.217421875000000000e+02
2.902421875000000000e+02
4.017890625000000000e+02
2.354375000000000000e+02
2.589921875000000000e+02
4.745468750000000000e+02
2.187734375000000000e+02
2.511406250000000000e+02
2.193671875000000000e+02
2.098281250000000000e+02
2.255937500000000000e+02
2.705078125000000000e+02
3.218437500000000000e+02
2.672265625000000000e+02
2.725156250000000000e+02
3.375390625000000000e+02
4.424765625000000000e+02
2.312578125000000000e+02
3.575156250000000000e+02
2.095859375000000000e+02
3.541093750000000000e+02
5.504453125000000000e+02
2.509296875000000000e+02
2.367734375000000000e+02
3.977812500000000000e+02
2.262578125000000000e+02
2.185781250000000000e+02
2.443828125000000000e+02
2.492500000000000000e+02
2.846953125000000000e+02
2.441484375000000000e+02
2.734062500000000000e+02
5.158359375000000000e+02
3.067734375000000000e+02
2.556953125000000000e+02
3.140156250000000000e+02
2.322656250000000000e+02
2.558515625000000000e+02
2.310156250000000000e+02
4.597031250000000000e+02
9.235468750000000000e+02
4.498671875000000000e+02
2.570156250000000000e+02
1.974296875000000000e+02
2.398203125000000000e+02
4.002500000000000000e+02
3.331953125000000000e+02
3.179531250000000000e+02
2.515000000000000000e+02
2.335156250000000000e+02
2.147031250000000000e+02
2.401640625000000000e+02
2.405390625000000000e+02
3.722890625000000000e+02
3.534296875000000000e+02
3.257031250000000000e+02
3.819453125000000000e+02
2.600781250000000000e+02
4.208437500000000000e+02
2.474375000000000000e+02
2.968046875000000000e+02
2.775234375000000000e+02
2.394140625000000000e+02
2.203359375000000000e+02
2.446250000000000000e+02
1.937890625000000000e+02
5.860703125000000000e+02
6.233593750000000000e+02
2.373125000000000000e+02
2.019921259842519703e+02
2.960546875000000000e+02
3.785468750000000000e+02
3.053437500000000000e+02
1.000851562500000000e+03
2.969843750000000000e+02
4.013046875000000000e+02
2.328203125000000000e+02
2.436796875000000000e+02
3.154843750000000000e+02
1.339617187500000000e+03
4.163437500000000000e+02
2.399843750000000000e+02
2.361015625000000000e+02
2.721796875000000000e+02
3.171171875000000000e+02
2.006171875000000000e+02
2.552812500000000000e+02
1.998359375000000000e+02
6.141953125000000000e+02
2.891640625000000000e+02
4.277031250000000000e+02
2.089062500000000000e+02
2.417578125000000000e+02
3.310625000000000000e+02
1.012328125000000000e+03
2.664687500000000000e+02
3.573984375000000000e+02
2.286875000000000000e+02
1.991718750000000000e+02
2.331250000000000000e+02
4.246015625000000000e+02
2.278750000000000000e+02
3.652890625000000000e+02
2.340078125000000000e+02
3.612656250000000000e+02
2.849375000000000000e+02
2.434609375000000000e+02
2.660703125000000000e+02
3.962187500000000000e+02
3.206171875000000000e+02
2.587343750000000000e+02
4.291328125000000000e+02
3.196250000000000000e+02
2.081406250000000000e+02
2.185781250000000000e+02
1.911328125000000000e+02
3.682578125000000000e+02
2.224375000000000000e+02
2.610312500000000000e+02
2.903125000000000000e+02
1.918828125000000000e+02
3.542187500000000000e+02
2.968750000000000000e+02
2.572812500000000000e+02
2.543593750000000000e+02
2.322890625000000000e+02
2.072968750000000000e+02
2.307187500000000000e+02
3.836406250000000000e+02
4.623281250000000000e+02
2.716718750000000000e+02
3.601250000000000000e+02
2.300234375000000000e+02
2.187265625000000000e+02
2.469375000000000000e+02
2.700390625000000000e+02
2.827343750000000000e+02
2.176796875000000000e+02
3.303906250000000000e+02
2.914140625000000000e+02
2.880468750000000000e+02
2.776328125000000000e+02
2.490468750000000000e+02
2.524765625000000000e+02
2.676718750000000000e+02
2.776406250000000000e+02
4.385546875000000000e+02
2.328515625000000000e+02
2.116171875000000000e+02
2.813281250000000000e+02
2.285781250000000000e+02
1.988359375000000000e+02
3.709218750000000000e+02
4.355468750000000000e+02
3.541328125000000000e+02
2.574375000000000000e+02
2.230703125000000000e+02
2.643593750000000000e+02
3.774453125000000000e+02
1.996484375000000000e+02
2.049687500000000000e+02
3.823984375000000000e+02
4.177968750000000000e+02
2.351484375000000000e+02
4.487812500000000000e+02
2.652343750000000000e+02
2.608750000000000000e+02
3.007031250000000000e+02
1.991562500000000000e+02
2.013750000000000000e+02
4.960468750000000000e+02
2.517734375000000000e+02
2.413906250000000000e+02
1.952265625000000000e+02
2.273984375000000000e+02
2.113515625000000000e+02
2.531406250000000000e+02
2.133593750000000000e+02
2.023828125000000000e+02
6.545390625000000000e+02
8.025468750000000000e+02
3.928515625000000000e+02
2.007656250000000000e+02
3.227421875000000000e+02
2.482734375000000000e+02
4.385312500000000000e+02
2.148281250000000000e+02
1.793828125000000000e+02
2.942031250000000000e+02
2.117968750000000000e+02
2.478437500000000000e+02
2.039296875000000000e+02
2.047890625000000000e+02
2.593984375000000000e+02
3.732812500000000000e+02
2.371640625000000000e+02
2.209687500000000000e+02
2.278281250000000000e+02
3.035000000000000000e+02
3.012421875000000000e+02
4.183593750000000000e+02
2.157968750000000000e+02
4.124609375000000000e+02
2.295546875000000000e+02
1.710156250000000000e+02
2.111250000000000000e+02
1.988125000000000000e+02
3.050703125000000000e+02
2.680546875000000000e+02
1.955781250000000000e+02
2.738906250000000000e+02
2.800078125000000000e+02
2.761875000000000000e+02
3.080312500000000000e+02
1.876796875000000000e+02
2.718593750000000000e+02
1.934843750000000000e+02
2.138750000000000000e+02
3.071640625000000000e+02
2.395859375000000000e+02
3.060000000000000000e+02
5.747578125000000000e+02
3.493515625000000000e+02
1.942734375000000000e+02
3.565468750000000000e+02
2.629765625000000000e+02
9.574921875000000000e+02
2.883359375000000000e+02
2.056875000000000000e+02
2.175781250000000000e+02
3.703593750000000000e+02
3.060703125000000000e+02
2.110781250000000000e+02
3.335859375000000000e+02
2.305546875000000000e+02
3.501796875000000000e+02
2.386953125000000000e+02
2.148203125000000000e+02
2.647734375000000000e+02
2.412890625000000000e+02
2.470312500000000000e+02
3.071718750000000000e+02
3.857031250000000000e+02
2.631562500000000000e+02
2.107187500000000000e+02
2.625390625000000000e+02
2.665078125000000000e+02
4.560000000000000000e+02
1.891640625000000000e+02
4.261015625000000000e+02
6.632187500000000000e+02
2.617890625000000000e+02
5.141484375000000000e+02
1.754921875000000000e+02
3.011484375000000000e+02
3.360546875000000000e+02
3.669296875000000000e+02
1.802812500000000000e+02
2.135234375000000000e+02
2.341953125000000000e+02
2.474140625000000000e+02
1.865669291338582809e+02
1.903125000000000000e+02
2.607812500000000000e+02
2.293437500000000000e+02
2.961796875000000000e+02
3.331015625000000000e+02
2.974375000000000000e+02
1.987734375000000000e+02
2.344296875000000000e+02
6.755000000000000000e+02
2.105000000000000000e+02
1.978359375000000000e+02
3.785781250000000000e+02
3.066796875000000000e+02
2.923515625000000000e+02
1.717421875000000000e+02
2.430156250000000000e+02
2.139843750000000000e+02
1.946171875000000000e+02
3.913046875000000000e+02
6.967656250000000000e+02
2.851015625000000000e+02
2.481171875000000000e+02
4.551484375000000000e+02
1.872812500000000000e+02
2.918437500000000000e+02
1.916796875000000000e+02
2.016953125000000000e+02
1.875078125000000000e+02
2.397343750000000000e+02
1.983828125000000000e+02
3.553593750000000000e+02
2.218359375000000000e+02
2.802890625000000000e+02
4.823906250000000000e+02
2.906171875000000000e+02
1.726562500000000000e+02
2.440859375000000000e+02
3.014062500000000000e+02
3.479218750000000000e+02
2.286875000000000000e+02
2.645859375000000000e+02
1.800312500000000000e+02
3.185000000000000000e+02
6.187109375000000000e+02
4.013046875000000000e+02
2.704218750000000000e+02
3.721875000000000000e+02
1.673593750000000000e+02
2.368437500000000000e+02
2.873281250000000000e+02
2.362890625000000000e+02
5.920078125000000000e+02
2.688750000000000000e+02
4.482812500000000000e+02
2.614140625000000000e+02
2.632500000000000000e+02
7.812734375000000000e+02
2.051796875000000000e+02
2.503984375000000000e+02
2.159531250000000000e+02
2.749296875000000000e+02
1.811953125000000000e+02
2.125000000000000000e+02
1.767578125000000000e+02
1.838750000000000000e+02
1.732343750000000000e+02
1.787890625000000000e+02
1.665390625000000000e+02
2.945234375000000000e+02
1.990234375000000000e+02
2.031718750000000000e+02
2.083984375000000000e+02
1.857343750000000000e+02
1.752578125000000000e+02
2.772578125000000000e+02
4.824062500000000000e+02
2.178046875000000000e+02
1.570859375000000000e+02
2.749296875000000000e+02
2.466953125000000000e+02
2.636484375000000000e+02
2.427500000000000000e+02
2.056171875000000000e+02
5.365546875000000000e+02
2.315546875000000000e+02
2.783359375000000000e+02
2.756953125000000000e+02
2.359765625000000000e+02
1.984921875000000000e+02
2.981796875000000000e+02
4.645859375000000000e+02
3.451250000000000000e+02
1.931718750000000000e+02
2.162109375000000000e+02
1.837500000000000000e+02
2.156093750000000000e+02
2.596328125000000000e+02
3.956328125000000000e+02
1.557812500000000000e+02
2.253593750000000000e+02
2.163671875000000000e+02
1.740234375000000000e+02
2.581406250000000000e+02
2.037265625000000000e+02
1.795390625000000000e+02
2.488437500000000000e+02
2.826796875000000000e+02
2.119609375000000000e+02
2.479453125000000000e+02
5.206640625000000000e+02
2.150468750000000000e+02
3.206171875000000000e+02
1.906484375000000000e+02
1.535390625000000000e+02
1.710937500000000000e+02
3.525625000000000000e+02
2.015625000000000000e+02
2.722734375000000000e+02
1.519609375000000000e+02
3.585312500000000000e+02
2.305000000000000000e+02
2.201250000000000000e+02
2.250312500000000000e+02
1.892031250000000000e+02
1.763671875000000000e+02
1.415468750000000000e+02
3.693281250000000000e+02
1.762343750000000000e+02
2.387500000000000000e+02
1.607343750000000000e+02
1.569453125000000000e+02
2.405390625000000000e+02
2.583203125000000000e+02
2.028359375000000000e+02
2.910468750000000000e+02
1.894687500000000000e+02
1.995000000000000000e+02
9.012109375000000000e+02
2.568046875000000000e+02
1.957109375000000000e+02
3.061250000000000000e+02
3.957734375000000000e+02
2.096875000000000000e+02
2.083750000000000000e+02
2.026015625000000000e+02
1.797265625000000000e+02
3.488203125000000000e+02
4.507890625000000000e+02
2.176640625000000000e+02
2.414062500000000000e+02
4.046093750000000000e+02
3.610390625000000000e+02
8.652421875000000000e+02
2.131250000000000000e+02
2.717656250000000000e+02
2.471718750000000000e+02
2.494765625000000000e+02
1.530937500000000000e+02
1.795546875000000000e+02
3.117031250000000000e+02
2.591562500000000000e+02
1.640937500000000000e+02
2.996796875000000000e+02
3.492734375000000000e+02
1.661796875000000000e+02
1.817890625000000000e+02
1.924765625000000000e+02
2.438437500000000000e+02
4.291171875000000000e+02
4.965703125000000000e+02
1.969609375000000000e+02
2.287578125000000000e+02
1.761640625000000000e+02
3.956250000000000000e+02
2.066953125000000000e+02
2.768984375000000000e+02
1.988828125000000000e+02
1.786640625000000000e+02
1.943046875000000000e+02
2.220703125000000000e+02
1.727656250000000000e+02
2.117890625000000000e+02
1.691015625000000000e+02
2.168515625000000000e+02
4.112890625000000000e+02
2.146953125000000000e+02
4.928125000000000000e+02
1.811875000000000000e+02
1.923906250000000000e+02
2.710859375000000000e+02
1.538750000000000000e+02
2.282834645669291262e+02
2.105625000000000000e+02
2.727343750000000000e+02
1.655781250000000000e+02
2.743359375000000000e+02
2.825234375000000000e+02
4.868906250000000000e+02
1.826484375000000000e+02
1.544765625000000000e+02
1.978046875000000000e+02
4.584140625000000000e+02
5.885703125000000000e+02
1.475859375000000000e+02
1.504062500000000000e+02
2.135781250000000000e+02
2.178046875000000000e+02
3.175000000000000000e+02
2.363984375000000000e+02
1.765468750000000000e+02
2.844296875000000000e+02
2.604375000000000000e+02
5.678593750000000000e+02
2.238203125000000000e+02
2.403906250000000000e+02
2.890937500000000000e+02
1.816093750000000000e+02
1.985234375000000000e+02
2.375859375000000000e+02
2.481328125000000000e+02
2.161562500000000000e+02
1.654218750000000000e+02
1.991484375000000000e+02
1.808515625000000000e+02
4.802890625000000000e+02
5.079609375000000000e+02
2.901875000000000000e+02
2.682734375000000000e+02
1.996171875000000000e+02
3.567109375000000000e+02
6.295234375000000000e+02
1.886953125000000000e+02
2.430390625000000000e+02
2.377187500000000000e+02
2.401093750000000000e+02
2.349687500000000000e+02
1.609062500000000000e+02
2.653671875000000000e+02
2.303828125000000000e+02
2.812109375000000000e+02
1.662812500000000000e+02
4.852656250000000000e+02
1.537265625000000000e+02
1.940625000000000000e+02
1.606406250000000000e+02
4.565312500000000000e+02
2.833359375000000000e+02
2.207421875000000000e+02
1.723984375000000000e+02
1.950234375000000000e+02
1.966796875000000000e+02
1.712812500000000000e+02
2.137890625000000000e+02
3.342421875000000000e+02
8.128203125000000000e+02
4.977656250000000000e+02
2.209609375000000000e+02
1.885703125000000000e+02
2.401406250000000000e+02
1.634375000000000000e+02
2.016796875000000000e+02
2.068281250000000000e+02
2.744453125000000000e+02
3.832343750000000000e+02
2.321640625000000000e+02
2.282343750000000000e+02
2.057812500000000000e+02
1.608359375000000000e+02
2.370000000000000000e+02
2.188046875000000000e+02
1.578203125000000000e+02
2.108437500000000000e+02
3.285000000000000000e+02
1.799921875000000000e+02
1.394296875000000000e+02
2.136328125000000000e+02
1.735937500000000000e+02
2.101875000000000000e+02
3.433828125000000000e+02
3.345468750000000000e+02
2.817109375000000000e+02
1.766328125000000000e+02
2.124609375000000000e+02
7.249843750000000000e+02
3.541875000000000000e+02
3.417968750000000000e+02
1.731171875000000000e+02
1.414921875000000000e+02
1.790703125000000000e+02
1.713593750000000000e+02
1.549375000000000000e+02
1.792734375000000000e+02
1.926953125000000000e+02
1.947265625000000000e+02
2.193437500000000000e+02
1.478046875000000000e+02
1.625156250000000000e+02
2.449765625000000000e+02
1.823515625000000000e+02
3.025078125000000000e+02
2.630703125000000000e+02
2.974062500000000000e+02
4.204296875000000000e+02
2.068906250000000000e+02
2.117734375000000000e+02
1.802734375000000000e+02
1.474843750000000000e+02
2.180312500000000000e+02
2.783281250000000000e+02
1.299062500000000000e+02
1.562890625000000000e+02
1.932187500000000000e+02
2.698515625000000000e+02
1.520625000000000000e+02
2.293828125000000000e+02
1.789765625000000000e+02
1.837656250000000000e+02
1.731484375000000000e+02
2.045937500000000000e+02
1.349828125000000000e+03
2.112500000000000000e+02
1.636093750000000000e+02
3.434921875000000000e+02
1.955078125000000000e+02
2.451640625000000000e+02
1.911640625000000000e+02
3.497500000000000000e+02
2.178046875000000000e+02
1.698437500000000000e+02
2.383906250000000000e+02
2.991171875000000000e+02
1.733125000000000000e+02
2.487656250000000000e+02
2.416406250000000000e+02
1.445468750000000000e+02
2.193984375000000000e+02
2.005937500000000000e+02
2.868203125000000000e+02
2.212890625000000000e+02
3.118281250000000000e+02
1.321328125000000000e+02
2.944296875000000000e+02
2.257656250000000000e+02
1.760078125000000000e+02
1.973593750000000000e+02
1.670468750000000000e+02
2.258359375000000000e+02
1.624375000000000000e+02
1.967265625000000000e+02
1.400859375000000000e+02
2.876171875000000000e+02
1.732187500000000000e+02
1.440078125000000000e+02
1.661718750000000000e+02
3.598906250000000000e+02
3.108828125000000000e+02
4.267890625000000000e+02
3.062812500000000000e+02
1.873281250000000000e+02
2.881640625000000000e+02
1.303187500000000000e+03
1.827109375000000000e+02
5.979609375000000000e+02
3.875078125000000000e+02
1.827031250000000000e+02
3.422187500000000000e+02
1.588203125000000000e+02
2.065312500000000000e+02
1.648437500000000000e+02
6.003984375000000000e+02
1.858750000000000000e+02
1.874062500000000000e+02
2.809453125000000000e+02
1.760234375000000000e+02
1.628750000000000000e+02
2.870625000000000000e+02
2.660937500000000000e+02
1.456796875000000000e+02
2.183125000000000000e+02
1.769375000000000000e+02
2.273984375000000000e+02
1.980859375000000000e+02
1.727500000000000000e+02
1.477007874015748143e+02
2.485312500000000000e+02
2.516328125000000000e+02
1.916015625000000000e+02
2.172031250000000000e+02
1.514375000000000000e+02
1.675234375000000000e+02
5.429765625000000000e+02
3.245781250000000000e+02
1.709531250000000000e+02
1.683203125000000000e+02
1.318125000000000000e+02
2.682265625000000000e+02
1.933906250000000000e+02
1.770937500000000000e+02
5.074531250000000000e+02
1.366484375000000000e+02
3.371953125000000000e+02
1.559453125000000000e+02
1.614921875000000000e+02
1.740546875000000000e+02
2.224218750000000000e+02
2.360859375000000000e+02
2.383359375000000000e+02
1.833125000000000000e+02
4.385390625000000000e+02
3.861406250000000000e+02
2.003046875000000000e+02
1.832656250000000000e+02
1.384140625000000000e+02
1.416875000000000000e+02
1.680468750000000000e+02
2.171093750000000000e+02
5.094296875000000000e+02
1.219296875000000000e+02
1.876250000000000000e+02
2.711250000000000000e+02
1.712031250000000000e+02
5.780625000000000000e+02
1.919218750000000000e+02
1.839921875000000000e+02
1.676718750000000000e+02
1.508828125000000000e+02
2.886406250000000000e+02
2.198671875000000000e+02
2.340937500000000000e+02
2.734765625000000000e+02
1.878906250000000000e+02
1.657265625000000000e+02
1.364296875000000000e+02
2.258906250000000000e+02
1.940234375000000000e+02
3.109687500000000000e+02
2.376328125000000000e+02
5.009375000000000000e+02
1.902031250000000000e+02
5.724609375000000000e+02
1.829843750000000000e+02
1.516484375000000000e+02
1.311250000000000000e+02
6.797265625000000000e+02
1.568125000000000000e+02
3.072578125000000000e+02
2.586562500000000000e+02
2.628671875000000000e+02
2.168437500000000000e+02
1.314687500000000000e+02
6.409140625000000000e+02
2.327812500000000000e+02
3.390000000000000000e+02
2.172187500000000000e+02
1.736328125000000000e+02
1.784296875000000000e+02
1.703593750000000000e+02
7.065937500000000000e+02
1.424140625000000000e+02
1.999140625000000000e+02
1.540000000000000000e+02
1.648515625000000000e+02
2.519921875000000000e+02
2.903437500000000000e+02
1.333593750000000000e+02
1.398750000000000000e+02
2.973046875000000000e+02
1.674609375000000000e+02
2.434921875000000000e+02
1.338984375000000000e+02
3.180703125000000000e+02
2.035234375000000000e+02
2.441171875000000000e+02
1.862578125000000000e+02
2.686015625000000000e+02
1.007015625000000000e+03
1.982656250000000000e+02
1.624687500000000000e+02
2.599453125000000000e+02
2.301484375000000000e+02
2.006093750000000000e+02
2.596328125000000000e+02
1.477109375000000000e+02
2.204921875000000000e+02
4.099062500000000000e+02
3.154140625000000000e+02
1.397734375000000000e+02
1.553593750000000000e+02
1.720781250000000000e+02
2.317656250000000000e+02
4.450546875000000000e+02
2.864531250000000000e+02
2.234062500000000000e+02
1.613281250000000000e+02
2.479453125000000000e+02
2.500156250000000000e+02
4.329140625000000000e+02
3.637578125000000000e+02
1.781328125000000000e+02
1.395156250000000000e+02
3.812500000000000000e+02
1.762031250000000000e+02
1.896640625000000000e+02
4.031875000000000000e+02
2.365234375000000000e+02
2.869375000000000000e+02
2.024765625000000000e+02
1.485937500000000000e+02
1.932500000000000000e+02
2.740390625000000000e+02
1.879453125000000000e+02
3.107421875000000000e+02
2.299765625000000000e+02
1.478046875000000000e+02
1.553359375000000000e+02
1.536953125000000000e+02
1.786953125000000000e+02
2.496093750000000000e+02
1.447031250000000000e+02
1.520937500000000000e+02
3.949062500000000000e+02
1.753984375000000000e+02
1.988828125000000000e+02
2.360937500000000000e+02
1.986015625000000000e+02
1.956718750000000000e+02
3.332890625000000000e+02
1.453828125000000000e+02
1.852578125000000000e+02
1.553593750000000000e+02
2.057500000000000000e+02
2.794843750000000000e+02
2.591875000000000000e+02
1.687109375000000000e+02
2.125468750000000000e+02
3.270625000000000000e+02
1.735234375000000000e+02
2.323828125000000000e+02
1.595703125000000000e+02
1.846875000000000000e+02
2.616171875000000000e+02
2.461796875000000000e+02
1.451328125000000000e+02
1.576250000000000000e+02
2.446171875000000000e+02
2.885859375000000000e+02
1.946796875000000000e+02
1.465390625000000000e+02
1.329453125000000000e+02
2.312734375000000000e+02
3.256406250000000000e+02
1.490234375000000000e+02
1.402421875000000000e+02
2.766015625000000000e+02
3.644687500000000000e+02
1.393203125000000000e+02
1.177109375000000000e+02
1.193750000000000000e+02
1.296562500000000000e+02
1.335078125000000000e+02
1.531328125000000000e+02
1.445000000000000000e+02
1.641953125000000000e+02
1.699453125000000000e+02
3.920156250000000000e+02
2.001015625000000000e+02
2.080703125000000000e+02
1.447734375000000000e+02
1.382578125000000000e+02
1.575703125000000000e+02
2.522187500000000000e+02
1.261328125000000000e+02
1.470234375000000000e+02
2.022734375000000000e+02
1.971406250000000000e+02
2.311338582677165334e+02
1.350781250000000000e+02
1.770625000000000000e+02
3.518203125000000000e+02
1.381484375000000000e+02
1.262109375000000000e+02
1.521406250000000000e+02
1.877265625000000000e+02
2.737343750000000000e+02
4.134921875000000000e+02
5.961328125000000000e+02
1.517109375000000000e+02
4.024765625000000000e+02
2.106328125000000000e+02
1.891796875000000000e+02
1.703984375000000000e+02
4.490390625000000000e+02
1.655625000000000000e+02
1.467578125000000000e+02
1.998437500000000000e+02
2.580234375000000000e+02
1.838828125000000000e+02
3.277500000000000000e+02
1.580390625000000000e+02
2.219921875000000000e+02
4.771093750000000000e+02
4.433750000000000000e+02
2.333671875000000000e+02
1.694453125000000000e+02
6.346171875000000000e+02
2.373671875000000000e+02
1.413984375000000000e+02
2.495390625000000000e+02
1.504531250000000000e+02
1.405546875000000000e+02
1.419531250000000000e+02
1.976953125000000000e+02
1.813046875000000000e+02
3.150156250000000000e+02
1.703593750000000000e+02
5.133828125000000000e+02
1.744765625000000000e+02
1.129296875000000000e+02
2.900078125000000000e+02
1.282812500000000000e+02
1.996171875000000000e+02
1.905468750000000000e+02
1.901171875000000000e+02
1.300312500000000000e+02
5.360859375000000000e+02
2.575859375000000000e+02
1.401250000000000000e+02
2.728437500000000000e+02
1.551718750000000000e+02
1.885000000000000000e+02
1.527734375000000000e+02
1.352421875000000000e+02
2.595781250000000000e+02
2.028750000000000000e+02
2.027968750000000000e+02
2.327968750000000000e+02
1.558671875000000000e+02
2.570546875000000000e+02
1.577031250000000000e+02
5.278203125000000000e+02
1.718515625000000000e+02
1.688046875000000000e+02
1.728437500000000000e+02
1.175859375000000000e+02
1.320937500000000000e+02
1.607578125000000000e+02
2.757109375000000000e+02
2.915000000000000000e+02
3.373515625000000000e+02
4.552343750000000000e+02
1.317031250000000000e+02
2.660703125000000000e+02
1.445937500000000000e+02
1.477265625000000000e+02
1.659296875000000000e+02
2.409218750000000000e+02
2.718125000000000000e+02
1.831250000000000000e+02
1.675390625000000000e+02
2.597812500000000000e+02
2.134843750000000000e+02
2.430859375000000000e+02
1.529218750000000000e+02
4.616406250000000000e+02
1.604453125000000000e+02
1.517578125000000000e+02
3.449765625000000000e+02
5.507187500000000000e+02
1.429687500000000000e+02
1.372812500000000000e+02
1.262656250000000000e+02
2.239531250000000000e+02
3.874609375000000000e+02
1.730312500000000000e+02
2.988281250000000000e+02
1.998203125000000000e+02
1.523203125000000000e+02
4.028984375000000000e+02
4.430937500000000000e+02
3.579609375000000000e+02
2.295937500000000000e+02
3.967421875000000000e+02
1.782109375000000000e+02
2.591640625000000000e+02
1.798437500000000000e+02
1.483671875000000000e+02
2.497812500000000000e+02
3.190546875000000000e+02
3.670156250000000000e+02
6.536328125000000000e+02
1.747500000000000000e+02
2.251250000000000000e+02
2.231406250000000000e+02
1.559921875000000000e+02
1.422500000000000000e+02
1.468359375000000000e+02
1.306718750000000000e+02
1.191328125000000000e+02
1.154062500000000000e+02
1.387343750000000000e+02
2.100468750000000000e+02
2.256718750000000000e+02
1.528984375000000000e+02
1.386640625000000000e+02
1.797890625000000000e+02
1.244843750000000000e+02
4.042109375000000000e+02
2.231796875000000000e+02
3.800781250000000000e+02
1.472968750000000000e+02
2.488437500000000000e+02
4.417812500000000000e+02
1.602656250000000000e+02
1.835000000000000000e+02
1.541796875000000000e+02
1.608437500000000000e+02
1.352031250000000000e+02
1.353515625000000000e+02
1.373750000000000000e+02
1.872343750000000000e+02
1.862031250000000000e+02
1.335937500000000000e+02
1.487578125000000000e+02
2.656875000000000000e+02
1.079843750000000000e+02
1.732031250000000000e+02
2.022421875000000000e+02
2.136875000000000000e+02
2.653828125000000000e+02
1.215000000000000000e+02
2.254375000000000000e+02
1.271718750000000000e+02
1.558281250000000000e+02
2.227578125000000000e+02
1.591328125000000000e+02
1.627968750000000000e+02
5.270234375000000000e+02
1.445546875000000000e+02
2.647343750000000000e+02
1.329218750000000000e+02
2.070312500000000000e+02
1.472656250000000000e+02
5.369687500000000000e+02
1.260937500000000000e+02
1.487109375000000000e+02
1.809609375000000000e+02
1.944531250000000000e+02
1.916640625000000000e+02
1.368203125000000000e+02
1.822578125000000000e+02
1.414531250000000000e+02
1.153359375000000000e+02
3.440000000000000000e+02
1.317031250000000000e+02
2.700312500000000000e+02
2.536484375000000000e+02
4.939140625000000000e+02
1.134062500000000000e+02
2.197421875000000000e+02
1.875937500000000000e+02
1.764765625000000000e+02
1.050234375000000000e+02
1.159140625000000000e+02
1.623281250000000000e+02
5.015625000000000000e+02
2.956484375000000000e+02
1.231406250000000000e+02
1.880393700787401485e+02
6.208046875000000000e+02
1.426406250000000000e+02
1.215781250000000000e+02
1.370781250000000000e+02
1.421171875000000000e+02
1.340781250000000000e+02
2.023593750000000000e+02
2.229843750000000000e+02
2.921093750000000000e+02
2.354921875000000000e+02
1.481953125000000000e+02
1.280468750000000000e+02
1.689921875000000000e+02
2.000156250000000000e+02
1.531796875000000000e+02
1.479453125000000000e+02
2.239765625000000000e+02
2.572500000000000000e+02
1.384218750000000000e+02
1.765312500000000000e+02
1.295000000000000000e+02
1.404609375000000000e+02
3.922343750000000000e+02
1.134687500000000000e+02
1.393828125000000000e+02
1.409140625000000000e+02
1.647968750000000000e+02
3.807265625000000000e+02
1.611953125000000000e+02
1.584062500000000000e+02
2.950156250000000000e+02
2.266796875000000000e+02
3.468593750000000000e+02
2.016093750000000000e+02
2.014375000000000000e+02
4.573203125000000000e+02
1.247562500000000000e+03
1.919062500000000000e+02
1.186562500000000000e+02
1.221015625000000000e+02
9.539843750000000000e+01
1.930234375000000000e+02
3.210937500000000000e+02
1.291875000000000000e+02
3.032500000000000000e+02
1.496718750000000000e+02
2.250078125000000000e+02
1.850625000000000000e+02
1.093281250000000000e+02
3.709687500000000000e+02
1.351406250000000000e+02
2.238046875000000000e+02
2.954375000000000000e+02
1.258593750000000000e+02
1.917187500000000000e+02
1.496406250000000000e+02
2.289609375000000000e+02
1.384218750000000000e+02
1.523984375000000000e+02
3.127890625000000000e+02
1.606875000000000000e+02
1.947968750000000000e+02
2.287578125000000000e+02
2.242187500000000000e+02
1.875000000000000000e+02
1.747343750000000000e+02
1.738828125000000000e+02
1.733593750000000000e+02
1.487109375000000000e+02
1.570234375000000000e+02
1.182734375000000000e+02
1.342968750000000000e+02
3.334375000000000000e+02
1.277031250000000000e+02
1.532265625000000000e+02
1.227421875000000000e+02
3.659609375000000000e+02
1.181484375000000000e+02
1.275000000000000000e+02
1.555625000000000000e+02
1.575234375000000000e+02
1.097343750000000000e+02
1.538359375000000000e+02
1.706406250000000000e+02
2.039062500000000000e+02
1.312890625000000000e+02
1.381562500000000000e+02
4.776328125000000000e+02
1.277031250000000000e+02
1.040234375000000000e+02
2.346562500000000000e+02
2.379765625000000000e+02
3.212578125000000000e+02
2.119687500000000000e+02
1.497109375000000000e+02
1.543671875000000000e+02
1.178125000000000000e+02
1.308125000000000000e+02
3.672421875000000000e+02
3.682656250000000000e+02
1.402734375000000000e+02
1.689218750000000000e+02
1.578125000000000000e+02
8.238906250000000000e+02
1.327265625000000000e+02
6.652578125000000000e+02
1.277968750000000000e+02
3.904453125000000000e+02
2.145859375000000000e+02
3.081796875000000000e+02
1.516484375000000000e+02
1.587500000000000000e+02
3.565390625000000000e+02
1.243281250000000000e+02
1.151640625000000000e+02
1.422734375000000000e+02
3.112656250000000000e+02
1.208984375000000000e+02
1.486953125000000000e+02
3.496484375000000000e+02
2.226250000000000000e+02
1.901562500000000000e+02
1.413671875000000000e+02
2.017031250000000000e+02
1.201953125000000000e+02
2.200234375000000000e+02
1.833593750000000000e+02
1.276093750000000000e+02
1.356250000000000000e+02
2.068437500000000000e+02
1.305234375000000000e+02
1.442656250000000000e+02
2.205234375000000000e+02
1.174843750000000000e+02
1.810625000000000000e+02
1.710156250000000000e+02
1.413671875000000000e+02
2.635312500000000000e+02
1.921171875000000000e+02
1.200781250000000000e+02
1.424375000000000000e+02
4.535078125000000000e+02
2.856171875000000000e+02
1.153515625000000000e+02
1.635390625000000000e+02
1.390468750000000000e+02
1.232031250000000000e+02
3.136718750000000000e+02
1.523203125000000000e+02
1.299062500000000000e+02
2.723437500000000000e+02
1.935390625000000000e+02
2.165703125000000000e+02
1.794218750000000000e+02
2.613359375000000000e+02
1.838125000000000000e+02
1.176015625000000000e+02
1.055234375000000000e+02
1.190468750000000000e+02
1.582421875000000000e+02
1.052343750000000000e+02
1.074140625000000000e+02
1.441406250000000000e+02
3.012343750000000000e+02
1.833593750000000000e+02
1.533281250000000000e+02
2.764843750000000000e+02
1.210390625000000000e+02
1.442812500000000000e+02
3.316484375000000000e+02
1.968906250000000000e+02
1.009687500000000000e+02
1.068281250000000000e+02
1.631562500000000000e+02
3.750234375000000000e+02
1.886250000000000000e+02
1.131250000000000000e+02
1.315937500000000000e+02
1.718046875000000000e+02
2.228203125000000000e+02
2.160156250000000000e+02
1.753984375000000000e+02
6.319609375000000000e+02
2.319218750000000000e+02
1.062656250000000000e+02
5.925703125000000000e+02
2.613203125000000000e+02
1.186171875000000000e+02
3.268437500000000000e+02
1.103593750000000000e+02
3.510625000000000000e+02
1.110472440944881924e+02
1.389687500000000000e+02
1.159843750000000000e+02
1.159062500000000000e+02
1.354453125000000000e+02
2.997421875000000000e+02
1.381718750000000000e+02
1.501328125000000000e+02
1.643984375000000000e+02
3.349609375000000000e+02
9.964843750000000000e+01
2.248359375000000000e+02
3.908437500000000000e+02
1.457734375000000000e+02
1.025859375000000000e+02
3.251406250000000000e+02
3.965937500000000000e+02
1.860390625000000000e+02
1.135000000000000000e+02
2.499218750000000000e+02
1.233515625000000000e+02
1.381718750000000000e+02
1.441328125000000000e+02
1.401171875000000000e+02
1.283359375000000000e+02
3.011015625000000000e+02
2.540703125000000000e+02
1.406875000000000000e+02
1.074765625000000000e+02
1.099296875000000000e+02
1.288906250000000000e+02
1.267656250000000000e+02
1.906171875000000000e+02
2.064140625000000000e+02
1.159296875000000000e+02
9.514843750000000000e+01
1.398437500000000000e+02
2.543750000000000000e+02
2.637734375000000000e+02
1.749765625000000000e+02
2.814687500000000000e+02
9.796093750000000000e+01
2.230859375000000000e+02
1.467343750000000000e+02
1.047187500000000000e+02
1.973359375000000000e+02
2.913515625000000000e+02
3.055781250000000000e+02
1.834218750000000000e+02
2.555625000000000000e+02
1.144218750000000000e+02
1.437734375000000000e+02
1.790468750000000000e+02
1.717109375000000000e+02
1.273359375000000000e+02
1.175937500000000000e+02
1.095781250000000000e+02
4.024687500000000000e+02
2.032343750000000000e+02
2.335546875000000000e+02
1.332265625000000000e+02
1.466640625000000000e+02
2.011875000000000000e+02
1.160000000000000000e+02
8.586718750000000000e+01
1.426171875000000000e+02
2.823046875000000000e+02
1.158125000000000000e+02
1.280546875000000000e+02
3.015703125000000000e+02
1.279531250000000000e+02
1.859375000000000000e+02
1.047500000000000000e+02
1.478906250000000000e+02
1.221171875000000000e+02
3.578046875000000000e+02
1.573984375000000000e+02
1.157031250000000000e+02
1.472656250000000000e+02
1.269296875000000000e+02
1.462656250000000000e+02
9.478906250000000000e+01
1.528437500000000000e+02
2.401406250000000000e+02
3.095312500000000000e+02
2.286250000000000000e+02
3.216640625000000000e+02
1.615156250000000000e+02
1.357187500000000000e+02
1.642734375000000000e+02
1.342734375000000000e+02
1.519453125000000000e+02
1.845859375000000000e+02
1.421562500000000000e+02
1.289296875000000000e+02
1.010781250000000000e+02
3.434296875000000000e+02
1.259531250000000000e+02
2.405390625000000000e+02
1.640937500000000000e+02
1.912187500000000000e+02
1.514921875000000000e+02
1.538984375000000000e+02
2.225937500000000000e+02
1.688593750000000000e+02
1.684687500000000000e+02
1.746015625000000000e+02
1.214921875000000000e+02
1.108828125000000000e+02
5.704687500000000000e+02
1.231562500000000000e+02
1.194140625000000000e+02
1.190546875000000000e+02
1.082656250000000000e+02
1.393828125000000000e+02
1.041953125000000000e+02
1.355781250000000000e+02
4.714375000000000000e+02
1.163437500000000000e+02
1.442109375000000000e+02
9.825000000000000000e+01
2.854062500000000000e+02
2.158125000000000000e+02
3.095781250000000000e+02
2.778906250000000000e+02
1.028984375000000000e+02
2.336015625000000000e+02
1.151875000000000000e+02
9.442578125000000000e+02
1.312265625000000000e+02
1.316171875000000000e+02
1.848593750000000000e+02
2.695312500000000000e+02
1.450312500000000000e+02
7.802734375000000000e+02
1.787031250000000000e+02
1.355000000000000000e+02
3.637968750000000000e+02
1.360312500000000000e+02
1.873359375000000000e+02
1.260859375000000000e+02
1.505703125000000000e+02
1.202578125000000000e+02
1.037812500000000000e+02
4.238750000000000000e+02
1.462890625000000000e+02
3.413046875000000000e+02
4.963437500000000000e+02
1.234765625000000000e+02
1.359609375000000000e+02
1.205078125000000000e+02
9.091406250000000000e+01
1.548281250000000000e+02
1.092500000000000000e+02
2.170468750000000000e+02
1.118203125000000000e+02
1.294453125000000000e+02
4.225234375000000000e+02
3.891093750000000000e+02
2.423593750000000000e+02
1.933437500000000000e+02
1.004765625000000000e+02
1.148515625000000000e+02
9.850781250000000000e+01
1.490078125000000000e+02
1.064296875000000000e+02
4.778593750000000000e+02
1.235625000000000000e+02
2.117968750000000000e+02
2.266250000000000000e+02
2.224609375000000000e+02
1.300156250000000000e+02
2.353906250000000000e+02
1.418906250000000000e+02
2.617187500000000000e+02
8.235156250000000000e+01
2.117734375000000000e+02
2.382968750000000000e+02
3.145703125000000000e+02
5.556953125000000000e+02
1.225703125000000000e+02
1.478515625000000000e+02
1.935390625000000000e+02
1.196093750000000000e+02
1.734765625000000000e+02
2.055625000000000000e+02
6.783593750000000000e+02
1.327187500000000000e+02
1.040546875000000000e+02
3.971015625000000000e+02
1.124375000000000000e+02
2.376640625000000000e+02
1.472125984251968589e+02
1.306562500000000000e+02
3.216015625000000000e+02
3.503750000000000000e+02
4.049062500000000000e+02
1.237109375000000000e+02
1.155625000000000000e+02
1.198437500000000000e+02
2.439296875000000000e+02
1.240234375000000000e+02
1.430468750000000000e+02
1.977968750000000000e+02
1.263437500000000000e+02
3.140937500000000000e+02
3.339921875000000000e+02
1.177265625000000000e+02
1.370468750000000000e+02
3.877343750000000000e+02
1.717812500000000000e+02
1.738671875000000000e+02
1.726015625000000000e+02
1.499062500000000000e+02
1.104375000000000000e+02
1.712109375000000000e+02
1.769687500000000000e+02
1.138515625000000000e+02
2.079218750000000000e+02
1.293828125000000000e+02
1.251718750000000000e+02
1.586406250000000000e+02
2.787343750000000000e+02
2.614843750000000000e+02
8.699218750000000000e+01
1.610312500000000000e+02
1.237500000000000000e+02
1.113671875000000000e+02
2.775234375000000000e+02
1.212968750000000000e+02
1.715781250000000000e+02
1.148906250000000000e+02
2.642578125000000000e+02
1.079609375000000000e+02
1.452578125000000000e+02
1.069531250000000000e+02
1.090625000000000000e+02
8.955468750000000000e+01
1.370000000000000000e+02
1.201875000000000000e+02
1.124218750000000000e+02
1.402109375000000000e+02
1.397500000000000000e+02
9.971875000000000000e+01
3.138906250000000000e+02
2.312500000000000000e+02
1.104062500000000000e+02
2.871484375000000000e+02
2.404609375000000000e+02
1.266562500000000000e+02
5.114531250000000000e+02
1.071328125000000000e+02
1.176171875000000000e+02
1.136328125000000000e+02
1.210625000000000000e+02
1.034921875000000000e+02
1.006562500000000000e+02
1.676250000000000000e+02
1.283203125000000000e+02
1.793593750000000000e+02
1.211953125000000000e+02
1.045625000000000000e+02
1.123046875000000000e+02
1.342578125000000000e+02
9.718750000000000000e+01
1.848281250000000000e+02
1.789765625000000000e+02
2.118750000000000000e+02
1.661093750000000000e+02
1.812500000000000000e+02
2.538828125000000000e+02
1.808828125000000000e+02
3.564062500000000000e+02
1.096484375000000000e+02
1.232460937500000000e+03
1.948046875000000000e+02
1.231171875000000000e+02
1.491875000000000000e+02
2.738671875000000000e+02
1.902343750000000000e+02
3.187421875000000000e+02
7.653125000000000000e+01
3.741093750000000000e+02
1.166718750000000000e+02
1.366562500000000000e+02
9.810156250000000000e+01
1.366484375000000000e+02
1.267500000000000000e+02
5.398437500000000000e+02
2.080625000000000000e+02
1.176640625000000000e+02
1.853125000000000000e+02
4.088906250000000000e+02
1.890937500000000000e+02
1.314375000000000000e+02
1.175546875000000000e+02
3.231015625000000000e+02
3.750390625000000000e+02
1.155546875000000000e+02
1.237500000000000000e+02
1.165312500000000000e+02
1.835312500000000000e+02
6.544687500000000000e+02
1.821484375000000000e+02
8.889843750000000000e+01
1.414296875000000000e+02
1.925000000000000000e+02
1.364296875000000000e+02
1.603515625000000000e+02
1.923750000000000000e+02
9.313281250000000000e+01
1.049687500000000000e+02
8.616406250000000000e+01
1.281718750000000000e+02
3.371484375000000000e+02
1.565859375000000000e+02
9.704687500000000000e+01
2.057890625000000000e+02
4.406406250000000000e+02
1.927343750000000000e+02
1.418671875000000000e+02
1.385390625000000000e+02
1.870937500000000000e+02
1.859765625000000000e+02
8.992968750000000000e+01
8.632812500000000000e+01
9.389843750000000000e+01
9.060156250000000000e+01
1.650703125000000000e+02
1.130468750000000000e+02
1.499921875000000000e+02
8.775781250000000000e+01
1.083828125000000000e+02
1.673437500000000000e+02
1.204687500000000000e+02
2.046875000000000000e+02
1.208359375000000000e+02
1.146406250000000000e+02
2.043359375000000000e+02
1.038750000000000000e+02
1.099453125000000000e+02
1.321171875000000000e+02
4.582968750000000000e+02
1.273281250000000000e+02
2.035703125000000000e+02
9.624218750000000000e+01
1.220937500000000000e+02
1.756171875000000000e+02
1.321015625000000000e+02
1.144296875000000000e+02
1.157265625000000000e+02
1.110859375000000000e+02
2.422500000000000000e+02
2.610234375000000000e+02
8.660937500000000000e+01
1.909375000000000000e+02
9.903906250000000000e+01
1.658984375000000000e+02
8.782031250000000000e+01
1.302812500000000000e+02
1.165000000000000000e+02
1.076953125000000000e+02
8.628828125000000000e+02
3.270546875000000000e+02
1.528906250000000000e+02
2.046875000000000000e+02
8.602343750000000000e+01
1.150078125000000000e+02
1.191484375000000000e+02
2.091171875000000000e+02
2.912968750000000000e+02
8.128906250000000000e+01
1.547031250000000000e+02
2.741562500000000000e+02
1.225000000000000000e+02
1.432812500000000000e+02
2.108046875000000000e+02
2.438828125000000000e+02
1.308593750000000000e+02
1.057109375000000000e+02
9.461718750000000000e+01
9.718750000000000000e+01
1.290078125000000000e+02
7.209375000000000000e+02
1.421653543307086522e+02
1.023906250000000000e+02
1.786015625000000000e+02
1.734531250000000000e+02
8.936718750000000000e+01
1.119453125000000000e+02
2.640468750000000000e+02
1.244921875000000000e+02
1.637187500000000000e+02
8.406250000000000000e+01
1.499453125000000000e+02
1.138984375000000000e+02
1.216328125000000000e+02
1.037734375000000000e+02
2.164531250000000000e+02
9.300781250000000000e+01
1.173984375000000000e+02
1.634843750000000000e+02
1.145468750000000000e+02
1.011796875000000000e+02
2.140234375000000000e+02
2.636171875000000000e+02
9.706250000000000000e+01
2.611484375000000000e+02
1.152500000000000000e+02
9.741406250000000000e+01
8.652343750000000000e+01
1.281250000000000000e+02
9.275000000000000000e+01
3.193984375000000000e+02
8.081250000000000000e+01
2.122343750000000000e+02
1.417500000000000000e+02
1.308828125000000000e+02
1.273437500000000000e+02
1.853750000000000000e+02
1.693203125000000000e+02
1.123828125000000000e+02
8.031250000000000000e+01
1.726875000000000000e+02
1.245468750000000000e+02
8.375000000000000000e+01
1.147578125000000000e+02
9.071875000000000000e+01
1.613984375000000000e+02
1.173671875000000000e+02
1.978125000000000000e+02
1.187109375000000000e+02
1.230625000000000000e+02
1.088515625000000000e+02
1.777343750000000000e+02
2.114531250000000000e+02
1.454140625000000000e+02
4.381015625000000000e+02
1.141015625000000000e+02
1.140468750000000000e+02
1.211093750000000000e+02
1.249765625000000000e+02
2.967812500000000000e+02
1.169921875000000000e+02
9.925000000000000000e+01
1.164296875000000000e+02
1.260703125000000000e+02
3.201562500000000000e+02
1.154531250000000000e+02
2.514296875000000000e+02
1.126718750000000000e+02
2.427187500000000000e+02
1.297265625000000000e+02
2.841015625000000000e+02
2.554765625000000000e+02
1.226875000000000000e+02
9.819531250000000000e+01
8.742187500000000000e+01
9.686718750000000000e+01
9.707031250000000000e+01
1.307265625000000000e+02
1.018593750000000000e+02
1.699921875000000000e+02
1.839843750000000000e+02
1.775078125000000000e+02
1.158437500000000000e+02
9.556250000000000000e+01
9.330468750000000000e+01
1.555937500000000000e+02
1.042812500000000000e+02
2.370546875000000000e+02
1.705859375000000000e+02
1.315937500000000000e+02
2.068046875000000000e+02
3.262343750000000000e+02
1.202968750000000000e+02
1.557578125000000000e+02
1.111484375000000000e+02
9.968750000000000000e+01
9.107812500000000000e+01
1.417343750000000000e+02
1.458750000000000000e+02
1.177812500000000000e+02
8.578906250000000000e+01
1.044375000000000000e+02
2.179062500000000000e+02
1.053750000000000000e+02
1.160078125000000000e+02
9.900000000000000000e+01
1.655781250000000000e+02
2.663203125000000000e+02
1.026250000000000000e+02
4.403593750000000000e+02
7.886015625000000000e+02
1.111796875000000000e+02
1.727656250000000000e+02
3.325703125000000000e+02
1.345781250000000000e+02
1.011171875000000000e+02
1.160156250000000000e+02
2.507500000000000000e+02
1.284765625000000000e+02
1.461406250000000000e+02
1.127343750000000000e+02
2.510000000000000000e+02
1.493593750000000000e+02
1.329296875000000000e+02
1.743281250000000000e+02
2.075703125000000000e+02
1.537031250000000000e+02
1.312968750000000000e+02
8.692968750000000000e+01
8.936718750000000000e+01
1.041328125000000000e+02
1.215546875000000000e+02
2.002500000000000000e+02
1.013828125000000000e+02
1.246796875000000000e+02
8.149218750000000000e+01
1.630312500000000000e+02
1.475312500000000000e+02
8.892968750000000000e+01
9.130468750000000000e+01
1.176015625000000000e+02
9.149218750000000000e+01
7.978125000000000000e+01
8.139843750000000000e+01
1.389453125000000000e+02
1.255468750000000000e+02
1.750078125000000000e+02
1.679375000000000000e+02
8.278906250000000000e+01
2.911953125000000000e+02
5.127109375000000000e+02
4.351484375000000000e+02
2.492734375000000000e+02
1.379218750000000000e+02
9.139843750000000000e+01
1.666562500000000000e+02
1.561093750000000000e+02
1.267656250000000000e+02
9.010937500000000000e+01
1.063437500000000000e+02
2.490859375000000000e+02
1.131796875000000000e+02
2.164296875000000000e+02
7.714062500000000000e+01
1.253437500000000000e+02
1.399609375000000000e+02
9.810156250000000000e+01
1.585781250000000000e+02
9.861718750000000000e+01
1.098750000000000000e+02
2.090859375000000000e+02
1.167656250000000000e+02
1.324687500000000000e+02
8.578125000000000000e+01
4.843984375000000000e+02
1.319609375000000000e+02
1.243593750000000000e+02
9.839843750000000000e+01
2.798750000000000000e+02
8.549218750000000000e+01
1.304687500000000000e+02
2.213515625000000000e+02
5.129140625000000000e+02
1.688046875000000000e+02
1.195859375000000000e+02
1.025703125000000000e+02
1.197968750000000000e+02
1.273750000000000000e+02
9.318750000000000000e+01
9.464843750000000000e+01
1.335468750000000000e+02
1.302812500000000000e+02
6.948515625000000000e+02
1.147007874015748001e+02
4.006093750000000000e+02
1.249765625000000000e+02
1.235156250000000000e+02
1.009843750000000000e+02
8.545312500000000000e+01
3.265078125000000000e+02
2.348203125000000000e+02
2.100625000000000000e+02
1.018125000000000000e+02
1.341875000000000000e+02
2.067031250000000000e+02
9.851562500000000000e+01
8.563281250000000000e+01
1.262109375000000000e+02
7.639843750000000000e+01
3.572578125000000000e+02
7.160156250000000000e+01
2.139218750000000000e+02
3.530312500000000000e+02
2.871562500000000000e+02
9.556250000000000000e+01
3.003906250000000000e+02
2.662890625000000000e+02
1.182890625000000000e+02
1.383750000000000000e+02
1.051171875000000000e+02
9.996875000000000000e+01
1.321484375000000000e+02
1.331015625000000000e+02
7.958593750000000000e+01
9.570312500000000000e+01
1.443203125000000000e+02
1.120390625000000000e+02
2.288750000000000000e+02
1.046093750000000000e+02
1.853359375000000000e+02
1.015234375000000000e+02
9.341406250000000000e+01
8.807812500000000000e+01
7.894531250000000000e+01
1.135781250000000000e+02
9.807812500000000000e+01
6.242812500000000000e+02
3.834765625000000000e+02
7.262500000000000000e+01
4.483750000000000000e+02
1.462265625000000000e+02
1.390312500000000000e+02
9.656250000000000000e+01
1.044531250000000000e+02
1.987578125000000000e+02
8.994531250000000000e+01
2.791171875000000000e+02
2.741015625000000000e+02
2.091406250000000000e+02
8.607812500000000000e+01
1.395390625000000000e+02
2.301640625000000000e+02
1.247890625000000000e+02
1.913828125000000000e+02
1.009843750000000000e+02
7.628906250000000000e+01
1.278046875000000000e+02
1.580546875000000000e+02
1.007265625000000000e+02
9.526562500000000000e+01
3.586562500000000000e+02
9.057031250000000000e+01
1.307890625000000000e+02
2.214843750000000000e+02
7.903906250000000000e+01
1.015546875000000000e+02
1.143750000000000000e+02
1.317968750000000000e+02
1.010000000000000000e+02
1.318515625000000000e+02
5.209921875000000000e+02
8.083593750000000000e+01
3.934921875000000000e+02
1.496328125000000000e+02
8.536718750000000000e+01
8.505468750000000000e+01
4.810625000000000000e+02
8.046093750000000000e+01
6.821875000000000000e+01
8.836718750000000000e+01
9.378906250000000000e+01
8.678125000000000000e+01
9.874218750000000000e+01
1.896562500000000000e+02
1.157734375000000000e+02
1.651093750000000000e+02
1.345156250000000000e+02
9.244531250000000000e+01
9.249218750000000000e+01
1.118515625000000000e+02
2.717187500000000000e+02
9.463281250000000000e+01
2.872734375000000000e+02
1.725859375000000000e+02
8.784375000000000000e+01
1.619843750000000000e+02
1.940703125000000000e+02
1.178437500000000000e+02
8.421093750000000000e+01
6.974218750000000000e+01
1.080156250000000000e+02
7.832031250000000000e+01
1.080312500000000000e+02
4.174453125000000000e+02
1.292890625000000000e+02
3.390234375000000000e+02
3.930234375000000000e+02
2.317968750000000000e+02
9.560156250000000000e+01
7.670312500000000000e+01
1.447421875000000000e+02
9.546875000000000000e+01
1.499453125000000000e+02
1.526093750000000000e+02
1.359218750000000000e+02
8.923671875000000000e+02
1.037890625000000000e+02
1.060468750000000000e+02
8.528125000000000000e+01
1.004375000000000000e+02
1.047031250000000000e+02
8.599218750000000000e+01
1.423046875000000000e+02
9.173437500000000000e+01
2.181640625000000000e+02
9.819531250000000000e+01
2.331875000000000000e+02
6.753125000000000000e+01
8.657031250000000000e+01
1.430156250000000000e+02
1.199843750000000000e+02
1.712421875000000000e+02
1.069375000000000000e+02
4.337734375000000000e+02
1.847578125000000000e+02
7.795312500000000000e+01
8.198437500000000000e+01
3.847968750000000000e+02
1.180390625000000000e+02
1.104296875000000000e+02
4.487656250000000000e+02
1.406328125000000000e+02
1.242812500000000000e+02
3.795703125000000000e+02
2.958203125000000000e+02
9.264843750000000000e+01
3.498984375000000000e+02
1.903046875000000000e+02
1.486796875000000000e+02
1.791875000000000000e+02
1.061171875000000000e+02
1.064765625000000000e+02
1.325234375000000000e+02
8.456250000000000000e+01
1.626171875000000000e+02
2.320078125000000000e+02
8.608593750000000000e+01
5.404140625000000000e+02
3.717265625000000000e+02
1.107421875000000000e+02
2.277421875000000000e+02
2.594765625000000000e+02
7.513281250000000000e+01
7.470312500000000000e+01
1.892187500000000000e+02
9.858593750000000000e+01
1.441328125000000000e+02
2.332812500000000000e+02
1.005781250000000000e+02
1.331875000000000000e+02
8.342968750000000000e+01
3.713203125000000000e+02
4.755390625000000000e+02
9.693750000000000000e+01
1.062968750000000000e+02
8.512500000000000000e+01
1.123515625000000000e+02
2.488593750000000000e+02
1.113046875000000000e+02
1.198828125000000000e+02
7.720312500000000000e+01
8.635937500000000000e+01
9.096875000000000000e+01
2.265625000000000000e+02
5.286484375000000000e+02
5.830000000000000000e+02
1.148046875000000000e+02
1.912968750000000000e+02
1.108906250000000000e+02
2.229843750000000000e+02
8.742968750000000000e+01
9.328906250000000000e+01
1.007421875000000000e+02
9.253906250000000000e+01
3.316015625000000000e+02
1.688125000000000000e+02
4.940390625000000000e+02
1.182890625000000000e+02
9.511718750000000000e+01
9.032812500000000000e+01
8.675781250000000000e+01
2.022109375000000000e+02
1.343046875000000000e+02
8.624218750000000000e+01
6.762500000000000000e+01
2.272031250000000000e+02
1.155312500000000000e+02
7.260156250000000000e+01
1.455937500000000000e+02
2.131640625000000000e+02
6.671875000000000000e+01
1.085468750000000000e+02
8.060156250000000000e+01
8.053125000000000000e+01
1.106875000000000000e+02
1.286562500000000000e+02
1.042656250000000000e+02
9.500781250000000000e+01
1.813203125000000000e+02
7.660156250000000000e+01
2.694687500000000000e+02
2.385468750000000000e+02
1.140781250000000000e+02
1.414609375000000000e+02
1.103828125000000000e+02
1.080468750000000000e+02
3.312500000000000000e+02
2.038359375000000000e+02
1.480625000000000000e+02
1.943671875000000000e+02
1.198828125000000000e+02
3.782968750000000000e+02
1.559375000000000000e+02
1.298359375000000000e+02
1.345000000000000000e+02
2.518671875000000000e+02
2.260078125000000000e+02
1.022187500000000000e+02
2.166015625000000000e+02
2.678359375000000000e+02
1.425156250000000000e+02
1.048906250000000000e+02
9.844531250000000000e+01
1.240781250000000000e+02
7.687500000000000000e+01
3.830000000000000000e+02
1.349062500000000000e+02
7.995312500000000000e+01
2.853281250000000000e+02
2.826093750000000000e+02
7.956250000000000000e+01
1.824843750000000000e+02
9.880468750000000000e+01
1.423593750000000000e+02
1.090937500000000000e+02
1.133828125000000000e+02
1.785078125000000000e+02
8.668750000000000000e+01
7.595312500000000000e+01
4.466250000000000000e+02
2.536640625000000000e+02
1.633906250000000000e+02
9.400781250000000000e+01
1.957578125000000000e+02
9.564062500000000000e+01
7.453125000000000000e+01
9.046875000000000000e+01
2.554140625000000000e+02
1.565781250000000000e+02
3.561406250000000000e+02
1.589765625000000000e+02
1.960468750000000000e+02
2.444218750000000000e+02
8.749218750000000000e+01
9.059375000000000000e+01
8.082031250000000000e+01
1.157734375000000000e+02
7.157812500000000000e+01
1.364296875000000000e+02
1.816640625000000000e+02
8.921875000000000000e+01
1.338671875000000000e+02
1.338203125000000000e+02
8.020312500000000000e+01
1.294921875000000000e+02
8.802343750000000000e+01
1.086328125000000000e+02
1.187500000000000000e+02
1.072734375000000000e+02
7.807031250000000000e+01
2.031093750000000000e+02
1.490468750000000000e+02
1.904843750000000000e+02
1.441953125000000000e+02
5.944609375000000000e+02
9.805468750000000000e+01
9.735156250000000000e+01
6.539296875000000000e+02
3.305859375000000000e+02
6.520078125000000000e+02
1.080312500000000000e+02
2.605234375000000000e+02
4.335156250000000000e+02
7.513281250000000000e+01
5.967031250000000000e+02
1.731328125000000000e+02
9.952343750000000000e+01
8.716406250000000000e+01
1.490468750000000000e+02
3.119531250000000000e+02
1.510859375000000000e+02
1.099921875000000000e+02
7.100781250000000000e+01
1.058515625000000000e+02
1.169531250000000000e+02
1.333671875000000000e+02
1.012031250000000000e+02
2.996328125000000000e+02
1.234609375000000000e+02
7.249218750000000000e+01
8.887500000000000000e+01
8.217968750000000000e+01
1.296406250000000000e+02
1.992734375000000000e+02
1.249609375000000000e+02
8.198437500000000000e+01
1.614218750000000000e+02
1.118593750000000000e+02
2.781875000000000000e+02
1.750234375000000000e+02
1.978593750000000000e+02
1.700859375000000000e+02
2.636015625000000000e+02
9.252343750000000000e+01
1.108906250000000000e+02
6.364843750000000000e+01
8.110937500000000000e+01
7.413281250000000000e+01
1.362031250000000000e+02
1.225078125000000000e+02
2.240468750000000000e+02
1.475937500000000000e+02
7.689062500000000000e+01
7.100000000000000000e+01
1.666796875000000000e+02
3.162109375000000000e+02
8.946875000000000000e+01
6.838281250000000000e+01
2.981250000000000000e+02
1.494765625000000000e+02
2.516718750000000000e+02
1.430312500000000000e+02
1.100781250000000000e+02
2.014531250000000000e+02
8.940625000000000000e+01
2.015859375000000000e+02
2.248671875000000000e+02
2.988203125000000000e+02
2.105703125000000000e+02
1.348281250000000000e+02
7.901562500000000000e+01
5.359531250000000000e+02
7.892968750000000000e+01
1.018281250000000000e+02
9.989843750000000000e+01
7.614843750000000000e+01
7.785156250000000000e+01
7.952343750000000000e+01
7.234062500000000000e+02
1.585000000000000000e+02
7.775000000000000000e+01
7.179062500000000000e+02
1.716953125000000000e+02
8.814843750000000000e+01
7.200000000000000000e+01
3.606015625000000000e+02
7.244531250000000000e+01
1.247952755905511850e+02
1.493593750000000000e+02
5.645312500000000000e+02
1.197265625000000000e+02
8.303906250000000000e+01
1.802890625000000000e+02
1.613046875000000000e+02
9.222656250000000000e+01
7.497656250000000000e+01
8.569531250000000000e+01
7.033593750000000000e+01
8.444531250000000000e+01
7.326562500000000000e+01
1.427890625000000000e+02
1.192500000000000000e+02
2.263593750000000000e+02
1.447968750000000000e+02
1.334843750000000000e+02
8.960937500000000000e+01
2.676796875000000000e+02
1.718437500000000000e+02
1.859531250000000000e+02
2.049218750000000000e+02
6.978125000000000000e+01
1.792265625000000000e+02
1.476953125000000000e+02
1.301171875000000000e+02
1.339140625000000000e+02
1.597656250000000000e+02
1.827734375000000000e+02
1.088203125000000000e+02
7.642187500000000000e+01
9.684375000000000000e+01
1.282187500000000000e+02
4.910703125000000000e+02
9.067968750000000000e+01
9.673437500000000000e+01
8.751562500000000000e+01
2.540468750000000000e+02
9.470312500000000000e+01
7.252343750000000000e+01
3.209687500000000000e+02
8.608593750000000000e+01
1.657890625000000000e+02
1.757890625000000000e+02
7.678906250000000000e+01
1.627812500000000000e+02
1.058671875000000000e+02
6.226562500000000000e+01
8.393750000000000000e+01
2.388906250000000000e+02
8.023437500000000000e+01
7.571093750000000000e+01
1.050546875000000000e+02
7.889062500000000000e+01
8.769531250000000000e+01
1.016562500000000000e+02
1.053125000000000000e+02
1.601328125000000000e+02
3.092109375000000000e+02
2.060781250000000000e+02
1.055625000000000000e+02
3.071562500000000000e+02
1.392812500000000000e+02
1.201484375000000000e+02
8.225781250000000000e+01
4.442343750000000000e+02
9.856250000000000000e+01
1.197421875000000000e+02
7.755468750000000000e+01
2.021250000000000000e+02
7.456250000000000000e+01
1.447343750000000000e+02
2.404140625000000000e+02
8.565625000000000000e+01
1.453203125000000000e+02
4.956015625000000000e+02
1.836093750000000000e+02
1.079062500000000000e+02
1.157343750000000000e+02
1.446875000000000000e+02
9.059375000000000000e+01
5.194765625000000000e+02
2.625703125000000000e+02
1.234687500000000000e+02
7.939843750000000000e+01
1.930000000000000000e+02
1.086718750000000000e+02
1.485234375000000000e+02
1.020390625000000000e+02
9.064843750000000000e+01
2.992109375000000000e+02
9.535156250000000000e+01
2.410625000000000000e+02
9.183593750000000000e+01
8.914843750000000000e+01
2.372656250000000000e+02
9.201562500000000000e+01
1.341328125000000000e+02
1.072109375000000000e+02
1.611875000000000000e+02
1.281640625000000000e+02
1.750781250000000000e+02
3.422265625000000000e+02
1.308281250000000000e+02
1.551718750000000000e+02
2.359609375000000000e+02
8.907812500000000000e+01
9.266406250000000000e+01
7.892968750000000000e+01
9.857031250000000000e+01
1.963906250000000000e+02
1.555625000000000000e+02
5.785000000000000000e+02
6.778125000000000000e+01
1.190703125000000000e+02
1.902187500000000000e+02
3.261875000000000000e+02
1.637656250000000000e+02
9.336718750000000000e+01
6.377343750000000000e+01
1.207968750000000000e+02
1.867890625000000000e+02
8.016406250000000000e+01
8.950000000000000000e+01
9.832031250000000000e+01
1.032812500000000000e+02
8.517187500000000000e+01
5.630156250000000000e+02
8.155468750000000000e+01
7.572656250000000000e+01
2.171015625000000000e+02
1.906093750000000000e+02
3.306875000000000000e+02
7.236718750000000000e+01
4.493906250000000000e+02
9.028906250000000000e+01
1.335156250000000000e+02
1.280156250000000000e+02
1.462109375000000000e+02
1.609218750000000000e+02
8.529687500000000000e+01
1.989921875000000000e+02
1.237734375000000000e+02
1.194609375000000000e+02
7.357031250000000000e+01
3.397265625000000000e+02
1.897734375000000000e+02
5.631875000000000000e+02
1.561171875000000000e+02
7.022656250000000000e+01
6.607812500000000000e+01
7.264062500000000000e+01
1.608437500000000000e+02
2.506328125000000000e+02
1.273906250000000000e+02
8.681250000000000000e+01
1.001406250000000000e+02
9.317187500000000000e+01
1.594453125000000000e+02
1.001718750000000000e+02
7.553125000000000000e+01
1.324609375000000000e+02
8.133593750000000000e+01
1.074453125000000000e+02
7.578125000000000000e+01
1.102187500000000000e+02
1.512812500000000000e+02
1.037968750000000000e+02
1.491406250000000000e+02
1.277500000000000000e+02
9.983593750000000000e+01
8.406250000000000000e+01
7.982812500000000000e+01
2.624921875000000000e+02
8.792968750000000000e+01
1.006718750000000000e+02
1.214531250000000000e+02
1.328515625000000000e+02
1.017500000000000000e+02
9.275000000000000000e+01
2.388593750000000000e+02
1.574218750000000000e+02
8.307812500000000000e+01
8.091406250000000000e+01
6.360937500000000000e+01
3.500781250000000000e+02
7.101562500000000000e+01
2.514843750000000000e+02
9.707031250000000000e+01
1.421796875000000000e+02
8.361718750000000000e+01
5.742047244094487723e+02
1.042343750000000000e+02
1.085312500000000000e+02
1.342187500000000000e+02
1.117421875000000000e+02
1.708046875000000000e+02
1.608437500000000000e+02
1.900468750000000000e+02
1.434531250000000000e+02
8.078906250000000000e+01
1.130625000000000000e+02
1.693671875000000000e+02
8.140625000000000000e+01
7.925000000000000000e+01
6.721875000000000000e+01
7.266015625000000000e+02
1.573984375000000000e+02
6.795312500000000000e+01
9.489843750000000000e+01
1.130156250000000000e+02
8.289843750000000000e+01
1.292968750000000000e+02
1.816953125000000000e+02
5.817187500000000000e+01
6.642187500000000000e+01
1.087421875000000000e+02
7.639843750000000000e+01
1.665156250000000000e+02
3.387968750000000000e+02
1.841640625000000000e+02
2.111718750000000000e+02
8.114062500000000000e+01
1.206718750000000000e+02
8.989062500000000000e+01
1.605234375000000000e+02
2.713671875000000000e+02
1.961093750000000000e+02
9.267968750000000000e+01
1.203281250000000000e+02
1.067187500000000000e+02
8.379687500000000000e+01
1.301953125000000000e+02
7.222656250000000000e+01
7.332031250000000000e+01
5.857656250000000000e+02
2.834140625000000000e+02
8.111718750000000000e+01
1.384609375000000000e+02
2.209765625000000000e+02
1.044062500000000000e+02
8.682812500000000000e+01
6.606250000000000000e+01
1.150859375000000000e+02
1.326875000000000000e+02
6.288281250000000000e+01
1.223593750000000000e+02
8.271875000000000000e+01
9.621875000000000000e+01
7.303125000000000000e+01
4.873750000000000000e+02
1.466562500000000000e+02
1.121328125000000000e+02
1.334609375000000000e+02
7.274218750000000000e+01
7.552343750000000000e+01
8.730468750000000000e+01
6.867968750000000000e+01
1.914140625000000000e+02
1.180468750000000000e+02
5.925000000000000000e+01
1.141718750000000000e+02
9.211718750000000000e+01
2.588281250000000000e+02
2.681796875000000000e+02
2.511250000000000000e+02
1.181015625000000000e+02
3.026562500000000000e+02
8.307812500000000000e+01
7.025781250000000000e+01
3.782109375000000000e+02
1.025625000000000000e+02
9.142968750000000000e+01
3.947265625000000000e+02
9.189843750000000000e+01
8.002343750000000000e+01
1.090312500000000000e+02
7.189062500000000000e+01
1.216875000000000000e+02
1.162187500000000000e+02
1.289140625000000000e+02
1.221718750000000000e+02
1.026953125000000000e+02
5.249062500000000000e+02
7.080468750000000000e+01
9.507031250000000000e+01
8.292968750000000000e+01
7.669531250000000000e+01
2.313359375000000000e+02
9.284375000000000000e+01
1.404687500000000000e+02
9.532812500000000000e+01
1.023515625000000000e+02
9.520312500000000000e+01
5.686718750000000000e+01
1.134062500000000000e+02
1.009218750000000000e+02
2.246640625000000000e+02
1.341562500000000000e+02
6.847656250000000000e+01
1.295312500000000000e+02
1.982734375000000000e+02
7.775781250000000000e+01
5.934375000000000000e+01
1.342890625000000000e+02
8.370312500000000000e+01
7.307812500000000000e+01
9.324218750000000000e+01
1.968984375000000000e+02
6.378906250000000000e+01
6.896093750000000000e+01
1.009687500000000000e+02
6.230468750000000000e+01
5.675000000000000000e+01
1.168828125000000000e+02
2.764453125000000000e+02
1.453671875000000000e+02
8.939843750000000000e+01
1.539140625000000000e+02
1.086328125000000000e+02
9.386718750000000000e+01
1.308359375000000000e+02
1.423593750000000000e+02
6.586718750000000000e+01
9.721093750000000000e+01
7.325781250000000000e+01
7.203906250000000000e+01
6.102343750000000000e+01
8.870312500000000000e+01
1.101328125000000000e+02
4.896015625000000000e+02
1.044296875000000000e+02
2.307421875000000000e+02
1.528359375000000000e+02
7.378906250000000000e+01
2.125546875000000000e+02
1.228359375000000000e+02
9.330468750000000000e+01
1.488984375000000000e+02
6.335156250000000000e+01
1.021718750000000000e+02
6.987500000000000000e+01
9.632812500000000000e+01
3.257734375000000000e+02
5.857031250000000000e+01
6.567187500000000000e+01
7.922656250000000000e+01
1.113906250000000000e+02
1.466718750000000000e+02
7.720312500000000000e+01
1.020156250000000000e+02
1.812500000000000000e+02
7.949218750000000000e+01
1.105390625000000000e+02
1.526562500000000000e+02
7.142343750000000000e+02
7.078515625000000000e+02
1.737656250000000000e+02
9.325781250000000000e+01
8.175000000000000000e+01
2.154531250000000000e+02
8.575000000000000000e+01
8.588281250000000000e+01
1.553750000000000000e+02
5.967968750000000000e+01
7.354687500000000000e+01
6.335937500000000000e+01
8.800781250000000000e+01
2.135234375000000000e+02
1.378125000000000000e+02
1.118203125000000000e+02
1.693125000000000000e+02
8.843750000000000000e+01
1.460000000000000000e+02
6.775000000000000000e+01
6.923437500000000000e+01
7.245312500000000000e+01
1.788203125000000000e+02
8.536718750000000000e+01
6.603906250000000000e+01
2.693515625000000000e+02
1.244296875000000000e+02
7.906250000000000000e+01
6.409448818897638489e+01
1.535078125000000000e+02
8.982031250000000000e+01
1.139531250000000000e+02
1.083203125000000000e+02
8.942187500000000000e+01
1.517031250000000000e+02
2.559609375000000000e+02
8.762500000000000000e+01
7.107031250000000000e+01
8.751562500000000000e+01
4.373437500000000000e+02
8.816406250000000000e+01
7.244531250000000000e+01
7.245312500000000000e+01
1.480000000000000000e+02
1.829140625000000000e+02
7.862500000000000000e+01
2.994296875000000000e+02
5.754687500000000000e+01
6.964062500000000000e+01
9.817187500000000000e+01
7.192187500000000000e+01
8.126562500000000000e+01
7.289843750000000000e+01
8.098437500000000000e+01
1.066148437500000000e+03
9.578125000000000000e+01
1.378671875000000000e+02
1.184531250000000000e+02
2.632578125000000000e+02
1.931640625000000000e+02
1.003281250000000000e+02
6.407812500000000000e+01
9.307031250000000000e+01
1.108593750000000000e+02
5.195312500000000000e+01
4.083984375000000000e+02
7.451562500000000000e+01
8.370312500000000000e+01
1.174921875000000000e+02
2.105156250000000000e+02
7.276562500000000000e+01
8.038515625000000000e+02
5.788281250000000000e+01
1.666015625000000000e+02
6.829687500000000000e+01
9.710156250000000000e+01
7.873437500000000000e+01
1.195390625000000000e+02
5.116796875000000000e+02
7.200000000000000000e+01
1.369765625000000000e+02
5.678906250000000000e+01
8.387500000000000000e+01
7.251562500000000000e+01
9.828125000000000000e+01
1.263359375000000000e+02
8.384375000000000000e+01
2.625703125000000000e+02
1.070546875000000000e+02
2.337421875000000000e+02
1.501562500000000000e+02
1.019296875000000000e+02
1.435703125000000000e+02
3.415703125000000000e+02
1.221875000000000000e+02
2.026015625000000000e+02
6.268750000000000000e+01
1.750546875000000000e+02
1.886484375000000000e+02
8.880468750000000000e+01
2.603203125000000000e+02
8.221093750000000000e+01
6.200781250000000000e+01
5.891406250000000000e+01
9.709375000000000000e+01
1.904140625000000000e+02
1.384375000000000000e+02
8.355468750000000000e+01
1.218828125000000000e+02
1.234531250000000000e+02
1.349921875000000000e+02
2.044140625000000000e+02
2.129921875000000000e+02
1.025234375000000000e+02
6.550781250000000000e+01
8.195312500000000000e+01
1.039375000000000000e+02
6.778906250000000000e+01
7.416406250000000000e+01
6.608593750000000000e+01
1.878984375000000000e+02
1.966875000000000000e+02
1.856328125000000000e+02
8.418750000000000000e+01
7.562500000000000000e+01
1.306484375000000000e+02
7.404687500000000000e+01
7.456250000000000000e+01
7.141406250000000000e+01
1.041875000000000000e+02
7.115625000000000000e+01
1.236640625000000000e+02
8.431250000000000000e+01
9.582031250000000000e+01
4.883750000000000000e+02
3.752265625000000000e+02
6.773437500000000000e+01
7.357812500000000000e+01
8.276562500000000000e+01
