0.000000000000000000e+00
0.000000000000000000e+00
0.000000000000000000e+00
0.000000000000000000e+00
4.687499999999999827e-03
5.208333333333333044e-03
1.450892857142857192e-02
2.734375000000000000e-02
3.211805555555555247e-02
4.218750000000000278e-02
4.616477272727272790e-02
5.924479166666666435e-02
6.610576923076923184e-02
7.756696428571428770e-02
8.697916666666666297e-02
9.375000000000000000e-02
1.029411764705882304e-01
1.085069444444444475e-01
1.147203947368421045e-01
1.214843750000000056e-01
1.268601190476190410e-01
1.335227272727272652e-01
1.375679347826087029e-01
1.416015625000000000e-01
1.459374999999999978e-01
1.475360576923076816e-01
1.507523148148148251e-01
1.529017857142857262e-01
1.586745689655172376e-01
1.617187499999999944e-01
1.655745967741935609e-01
1.684570312500000000e-01
1.704545454545454419e-01
1.732536764705882304e-01
1.787946428571428603e-01
1.805555555555555525e-01
1.839104729729729715e-01
1.858552631578947456e-01
1.885016025641025605e-01
1.906249999999999889e-01
1.928353658536585413e-01
1.945684523809523836e-01
1.973110465116278966e-01
1.986860795454545581e-01
1.993055555555555691e-01
2.004076086956521618e-01
2.024601063829787329e-01
2.014973958333333426e-01
2.015306122448979609e-01
2.031250000000000000e-01
2.055759803921568540e-01
2.073317307692307820e-01
2.099056603773584995e-01
2.119502314814814825e-01
2.133522727272727237e-01
2.145647321428571508e-01
2.165570175438596423e-01
2.182112068965517127e-01
2.184851694915254106e-01
2.192708333333333315e-01
2.199026639344262291e-01
2.201360887096774077e-01
2.208581349206349131e-01
2.220458984375000000e-01
2.224759615384615252e-01
2.233664772727272652e-01
2.239972014925373234e-01
2.257582720588235392e-01
2.271286231884057927e-01
2.286830357142857206e-01
2.304137323943661886e-01
2.310112847222222099e-01
2.319135273972602607e-01
2.323690878378378288e-01
2.331249999999999989e-01
2.340666118421052544e-01
2.343750000000000000e-01
2.348758012820512941e-01
2.344738924050632778e-01
2.347656250000000056e-01
2.361111111111111049e-01
2.366615853658536606e-01
2.366340361445783136e-01
2.377232142857142738e-01
2.393382352941176572e-01
2.402797965116278966e-01
2.421875000000000000e-01
2.426313920454545581e-01
2.435042134831460758e-01
2.440972222222222154e-01
2.448489010989010894e-01
2.457540760869565133e-01
2.459677419354838745e-01
2.460106382978723416e-01
2.477796052631578982e-01
2.486165364583333426e-01
2.492751288659793840e-01
2.497608418367346927e-01
2.504734848484848619e-01
2.508593749999999956e-01
2.510055693069306870e-01
2.513020833333333148e-01
2.517445388349514590e-01
2.518028846153846367e-01
2.523809523809523725e-01
2.529481132075471761e-01
2.540887850467289932e-01
2.546296296296296502e-01
2.550888761467889898e-01
2.561079545454545414e-01
2.576013513513513709e-01
2.583705357142856984e-01
2.585038716814159199e-01
2.595257675438596423e-01
2.600543478260869401e-01
2.605738146551724310e-01
2.608840811965811857e-01
2.610566737288135819e-01
2.607668067226890929e-01
2.609374999999999889e-01
2.614927685950413361e-01
2.621670081967212851e-01
2.627667682926829174e-01
2.632308467741935609e-01
2.634374999999999911e-01
2.638888888888888951e-01
2.640255905511810774e-01
2.645874023437500000e-01
2.652616279069767713e-01
2.661057692307692291e-01
2.661617366412213914e-01
2.665127840909091161e-01
2.668585526315789269e-01
2.674906716417910224e-01
2.674768518518518268e-01
2.682100183823529216e-01
2.680770985401459972e-01
2.685122282608695676e-01
2.689973021582733881e-01
2.692522321428571508e-01
2.695035460992907805e-01
2.703014964788732488e-01
2.702141608391608329e-01
2.708875868055555802e-01
2.710129310344827624e-01
2.717786815068493067e-01
2.721619897959183798e-01
2.721178209459459429e-01
2.719693791946308781e-01
2.717187500000000089e-01
2.720405629139072690e-01
2.721011513157894912e-01
2.726205065359477153e-01
2.726258116883116811e-01
2.728830645161290369e-01
2.726362179487179516e-01
2.732882165605095559e-01
2.734375000000000000e-01
2.738797169811320598e-01
2.743652343749999889e-01
2.750873447204968958e-01
2.750771604938271331e-01
2.754984662576687171e-01
2.762480945121951192e-01
2.766571969696969835e-01
2.769672439759036098e-01
2.773671407185628879e-01
2.772972470238095344e-01
2.776904585798816716e-01
2.780330882352941013e-01
2.787828947368420907e-01
2.790697674418604612e-01
2.799855491329479862e-01
2.802622126436781769e-01
2.804910714285714368e-01
2.807173295454545303e-01
2.803672316384180907e-01
2.806355337078651480e-01
2.806826117318435565e-01
2.809027777777777790e-01
2.812931629834254377e-01
2.813358516483516758e-01
2.816769125683060149e-01
2.819718070652174058e-01
2.820523648648648463e-01
2.820480510752688130e-01
2.827957887700534578e-01
2.835771276595744905e-01
2.842261904761904656e-01
2.846628289473684403e-01
2.851357984293193537e-01
2.855340793489318241e-01
3.828125000000000000e-01
3.320312500000000000e-01
3.229166666666666852e-01
3.164062500000000000e-01
2.999999999999999889e-01
3.020833333333333148e-01
3.069196428571428492e-01
3.134765625000000000e-01
3.281250000000000000e-01
3.265624999999999778e-01
3.274147727272727071e-01
3.339843750000000000e-01
3.317307692307692180e-01
3.353794642857143016e-01
3.333333333333333148e-01
3.354492187500000000e-01
3.396139705882352811e-01
3.398437500000000000e-01
3.404605263157894912e-01
3.449218749999999889e-01
3.478422619047619180e-01
3.490767045454545303e-01
3.495244565217391353e-01
3.479817708333333148e-01
3.518749999999999933e-01
3.524639423076922906e-01
3.521412037037037202e-01
3.526785714285714524e-01
3.510237068965517127e-01
3.523437500000000111e-01
3.530745967741935609e-01
3.518066406250000000e-01
3.529829545454545303e-01
3.545496323529411797e-01
3.540178571428571619e-01
3.548177083333333148e-01
3.559966216216216006e-01
3.558799342105263275e-01
3.561698717948718063e-01
3.556640624999999889e-01
3.538490853658536328e-01
3.552827380952380820e-01
3.546511627906976938e-01
3.552911931818181768e-01
3.539930555555555469e-01
3.532608695652174058e-01
3.520611702127659504e-01
3.513997395833333148e-01
3.504464285714285476e-01
3.501562500000000022e-01
3.474264705882352811e-01
3.472055288461538547e-01
3.465507075471698228e-01
3.462094907407407551e-01
3.455965909090908950e-01
3.447265625000000000e-01
3.458059210526315819e-01
3.461745689655172376e-01
3.473252118644067910e-01
3.471354166666666408e-01
3.481045081967212851e-01
3.484122983870967527e-01
3.485863095238095344e-01
3.480224609375000000e-01
3.495192307692307487e-01
3.502604166666666852e-01
3.506296641791044610e-01
3.512178308823529216e-01
3.512228260869565410e-01
3.506696428571428603e-01
3.517825704225351902e-01
3.521050347222222099e-01
3.527397260273972823e-01
3.527238175675675436e-01
3.527083333333333459e-01
3.535156250000000000e-01
3.540990259740259827e-01
3.539663461538461453e-01
3.551226265822785000e-01
3.552734375000000111e-01
3.552276234567900981e-01
3.554687500000000000e-01
3.548569277108433728e-01
3.552827380952380820e-01
3.545955882352941346e-01
3.547420058139534871e-01
3.548850574712643646e-01
3.549360795454545303e-01
3.547226123595505487e-01
3.550347222222222099e-01
3.547390109890110055e-01
3.553838315217391353e-01
3.548387096774193727e-01
3.553856382978723416e-01
3.554276315789473562e-01
3.555501302083333148e-01
3.561533505154639290e-01
3.559470663265306145e-01
3.557449494949495028e-01
3.551562500000000067e-01
3.558168316831682998e-01
3.563112745098039325e-01
3.559617718446602130e-01
3.554687500000000000e-01
3.560267857142856984e-01
3.564268867924528239e-01
3.563814252336448551e-01
3.566261574074073848e-01
3.563646788990825764e-01
3.566761363636363757e-01
3.560670045045045140e-01
3.556082589285714524e-01
3.553650442477875870e-01
3.551260964912280604e-01
3.556385869565217295e-01
3.558054956896551935e-01
3.561698717948718063e-01
3.563294491525423879e-01
3.566176470588235392e-01
3.570963541666666852e-01
3.569860537190082672e-01
3.573898565573770392e-01
3.577870934959349603e-01
3.576108870967741882e-01
3.582500000000000129e-01
3.583209325396825573e-01
3.588213582677165503e-01
3.590087890625000000e-01
3.590116279069767713e-01
3.581730769230769273e-01
3.584804389312977180e-01
3.584280303030302761e-01
3.582001879699248104e-01
3.578008395522387919e-01
3.580439814814814770e-01
3.585133272058823595e-01
3.585196167883211715e-01
3.583559782608695676e-01
3.587005395683453002e-01
3.579241071428571619e-01
3.572695035460992652e-01
3.567891725352112520e-01
3.565887237762238038e-01
3.567708333333333148e-01
3.568965517241379226e-01
3.564854452054794787e-01
3.559204931972789199e-01
3.558910472972973138e-01
3.561241610738254959e-01
3.569791666666666807e-01
3.565293874172185684e-01
3.562397203947368363e-01
3.564644607843137081e-01
3.562804383116883189e-01
3.555947580645161255e-01
3.551181891025640969e-01
3.551453025477707137e-01
3.552215189873417778e-01
3.552967767295597268e-01
3.557617187500000111e-01
3.554444875776397450e-01
3.555169753086419582e-01
3.557802914110429482e-01
3.561833079268292845e-01
3.568181818181818121e-01
3.566453313253011848e-01
3.572698353293413120e-01
3.576078869047619180e-01
3.576183431952662528e-01
3.576746323529411686e-01
3.576845760233918203e-01
3.578306686046511809e-01
3.578395953757225190e-01
3.577137212643677899e-01
3.583482142857142838e-01
3.587535511363636465e-01
3.584480932203389925e-01
3.584971910112359494e-01
3.584584497206703690e-01
3.584635416666666630e-01
3.587707182320442056e-01
3.589886675824175977e-01
3.590761612021857729e-01
3.592051630434782705e-01
3.591216216216216450e-01
3.592069892473118142e-01
3.593332219251336723e-01
3.594581117021276584e-01
3.592923280423280241e-01
3.596628289473683959e-01
3.595795157068062964e-01
3.595930824008138349e-01
3.437500000000000000e-01
3.828125000000000000e-01
4.166666666666666852e-01
4.140625000000000000e-01
4.140625000000000000e-01
4.127604166666666852e-01
3.984375000000000000e-01
4.023437500000000000e-01
4.071180555555555802e-01
4.015624999999999889e-01
4.005681818181818232e-01
4.062500000000000000e-01
4.020432692307692180e-01
3.967633928571428492e-01
3.958333333333333148e-01
3.911132812500000000e-01
3.874080882352941013e-01
3.880208333333333148e-01
3.865131578947368363e-01
3.835937500000000111e-01
3.809523809523809312e-01
3.796164772727272929e-01
3.811141304347825942e-01
3.837890625000000000e-01
3.831249999999999933e-01
3.804086538461538547e-01
3.761574074074073848e-01
3.750000000000000000e-01
3.750000000000000000e-01
3.739583333333333370e-01
3.739919354838709409e-01
3.737792968750000000e-01
3.738162878787879007e-01
3.736213235294117418e-01
3.729910714285714080e-01
3.723958333333333148e-01
3.716216216216216006e-01
3.696546052631579093e-01
3.715945512820512664e-01
3.712890624999999889e-01
3.719512195121951192e-01
3.723958333333333148e-01
3.720930232558139483e-01
3.721590909090908839e-01
3.734374999999999778e-01
3.719429347826087029e-01
3.726728723404255095e-01
3.722330729166666852e-01
3.710140306122449161e-01
3.715625000000000178e-01
3.733149509803921351e-01
3.719951923076922906e-01
3.719044811320754707e-01
3.713831018518518601e-01
3.704545454545454808e-01
3.716517857142856984e-01
3.717105263157894912e-01
3.709590517241379559e-01
3.708951271186440857e-01
3.704427083333333148e-01
3.697489754098360892e-01
3.703377016129032473e-01
3.701636904761904656e-01
3.708496093750000000e-01
3.715144230769230616e-01
3.710937500000000000e-01
3.704524253731343308e-01
3.713235294117647189e-01
3.719429347826087029e-01
3.722098214285714524e-01
3.719190140845070602e-01
3.715277777777777901e-01
3.713613013698630061e-01
3.714104729729729715e-01
3.720833333333333215e-01
3.719161184210526550e-01
3.719561688311688319e-01
3.720953525641025883e-01
3.719343354430380000e-01
3.726562500000000222e-01
3.727816358024691468e-01
3.722370426829268442e-01
3.717055722891566272e-01
3.720238095238095344e-01
3.725183823529411575e-01
3.730014534883721034e-01
3.732040229885057459e-01
3.732244318181818232e-01
3.734199438202246979e-01
3.735243055555555469e-01
3.738839285714285476e-01
3.736413043478261087e-01
3.733198924731182533e-01
3.731715425531915153e-01
3.731907894736842257e-01
3.730468750000000000e-01
3.735502577319587680e-01
3.734056122448979331e-01
3.739741161616161880e-01
3.735937500000000022e-01
3.739944306930693130e-01
3.744638480392156743e-01
3.746207524271844558e-01
3.750751201923077094e-01
3.749255952380952106e-01
3.747788915094339424e-01
3.747809579439252414e-01
3.755063657407407551e-01
3.752866972477064134e-01
3.752130681818181546e-01
3.753519144144144004e-01
3.761858258928571508e-01
3.766592920353982188e-01
3.770559210526315819e-01
3.777853260869565299e-01
3.778960129310344751e-01
3.778044871794871695e-01
3.780455508474576121e-01
3.780199579831932666e-01
3.776041666666666852e-01
3.779054752066115519e-01
3.782018442622950838e-01
3.784298780487804770e-01
3.775831653225806273e-01
3.773124999999999951e-01
3.780381944444444198e-01
3.780757874015748254e-01
3.782348632812500000e-01
3.783309108527131981e-01
3.784254807692307709e-01
3.780415076335877922e-01
3.781368371212120993e-01
3.782894736842105088e-01
3.783815298507462455e-01
3.784722222222222099e-01
3.782169117647058987e-01
3.785355839416058576e-01
3.781136775362318736e-01
3.775854316546762846e-01
3.778459821428571397e-01
3.777149822695035630e-01
3.779159330985915610e-01
3.784418706293706247e-01
3.789062500000000000e-01
3.791487068965517238e-01
3.797089041095890183e-01
3.796768707482993110e-01
3.795396959459459429e-01
3.794043624161073658e-01
3.794270833333333592e-01
3.793460264900662127e-01
3.793688322368420907e-01
3.789828431372548878e-01
3.793120941558441594e-01
3.788306451612903358e-01
3.790064102564102422e-01
3.790306528662420460e-01
3.787084651898734444e-01
3.789799528301887044e-01
3.790039062500000222e-01
3.790275621118012195e-01
3.790509259259259300e-01
3.790740030674846772e-01
3.791920731707317249e-01
3.788825757575757791e-01
3.786709337349397630e-01
3.784618263473054078e-01
3.784412202380952328e-01
3.783746301775147702e-01
3.786305147058823262e-01
3.789747807017543879e-01
3.791787790697674354e-01
3.796965317919074878e-01
3.792654454022988397e-01
3.795089285714285943e-01
3.793945312500000000e-01
3.795903954802259950e-01
3.796084971910112515e-01
3.797573324022346375e-01
3.803819444444444531e-01
3.806111878453038444e-01
3.806662087912087711e-01
3.805071721311475419e-01
3.804347826086956763e-01
3.801942567567567766e-01
3.802923387096774355e-01
3.803058155080213942e-01
3.800698138297872175e-01
3.801669973544973269e-01
3.804276315789473784e-01
3.801128926701570765e-01
3.803865717192268514e-01
4.453125000000000000e-01
4.648437500000000000e-01
4.453125000000000000e-01
4.394531250000000000e-01
4.218750000000000000e-01
4.101562500000000000e-01
4.073660714285714524e-01
4.062500000000000000e-01
4.019097222222222099e-01
3.945312500000000000e-01
3.913352272727272929e-01
3.880208333333333148e-01
3.930288461538461453e-01
3.895089285714285476e-01
3.911458333333333592e-01
3.920898437500000000e-01
3.924632352941176405e-01
3.919270833333333148e-01
3.910361842105263275e-01
3.937499999999999889e-01
3.895089285714285476e-01
3.892045454545454697e-01
3.882472826086956763e-01
3.906250000000000000e-01
3.884374999999999911e-01
3.888221153846153633e-01
3.877314814814814548e-01
3.886718750000000000e-01
3.887392241379310498e-01
3.869791666666666519e-01
3.883568548387096864e-01
3.916015625000000000e-01
3.920454545454545303e-01
3.920036764705882582e-01
3.910714285714285698e-01
3.925781250000000000e-01
3.940033783783783994e-01
3.935032894736842368e-01
3.950320512820512664e-01
3.949218749999999778e-01
3.961509146341463672e-01
3.963913690476190688e-01
3.968023255813953321e-01
3.975497159090908839e-01
3.967013888888888951e-01
3.970788043478261087e-01
3.971077127659574657e-01
3.972981770833333148e-01
3.965242346938775420e-01
3.971875000000000266e-01
3.987438725490196068e-01
3.984375000000000000e-01
3.981426886792452935e-01
3.977141203703703498e-01
3.961647727272727404e-01
3.949497767857143016e-01
3.947368421052631637e-01
3.931842672413793371e-01
3.948622881355932090e-01
3.941406250000000222e-01
3.935706967213114527e-01
3.937752016129032473e-01
3.942212301587301737e-01
3.929443359375000000e-01
3.939903846153846034e-01
3.942945075757575690e-01
3.937733208955223607e-01
3.949908088235294379e-01
3.940217391304347561e-01
3.933035714285714191e-01
3.937059859154929398e-01
3.938802083333333148e-01
3.946917808219178037e-01
3.943201013513513709e-01
3.940624999999999822e-01
3.938116776315789269e-01
3.941761363636363535e-01
3.937299679487179516e-01
3.930973101265822778e-01
3.929687499999999778e-01
3.928433641975308532e-01
3.932926829268292845e-01
3.939194277108433728e-01
3.946242559523809312e-01
3.954963235294117752e-01
3.952579941860465129e-01
3.954741379310344751e-01
3.947088068181818232e-01
3.941362359550562022e-01
3.930555555555555469e-01
3.932864010989011172e-01
3.935971467391304324e-01
3.933971774193548154e-01
3.934507978723404409e-01
3.931743421052631415e-01
3.941243489583333148e-01
3.939271907216495006e-01
3.934948979591836871e-01
3.936237373737373479e-01
3.934374999999999956e-01
3.932549504950494934e-01
3.929227941176470784e-01
3.926729368932038722e-01
3.924278846153846367e-01
3.931547619047618958e-01
3.929097877358490587e-01
3.926693925233644689e-01
3.930844907407407551e-01
3.935636467889908063e-01
3.939630681818181990e-01
3.942145270270270285e-01
3.936941964285714524e-01
3.934596238938052881e-01
3.935032894736842368e-01
3.935461956521739135e-01
3.935883620689655249e-01
3.940972222222222099e-01
3.946636652542372947e-01
3.950892857142856984e-01
3.955078125000000000e-01
3.953383264462809743e-01
3.954918032786885473e-01
3.953887195121951192e-01
3.954763104838709409e-01
3.958125000000000115e-01
3.960193452380952328e-01
3.959153543307086798e-01
3.961791992187500000e-01
3.963783914728682412e-01
3.961538461538461342e-01
3.957538167938931539e-01
3.957741477272727071e-01
3.956179511278195560e-01
3.955223880597014685e-01
3.947916666666666519e-01
3.945886948529411797e-01
3.946167883211678662e-01
3.943048007246376940e-01
3.943345323741007102e-01
3.945312500000000000e-01
3.945035460992907805e-01
3.948063380281690016e-01
3.946131993006993244e-01
3.944769965277777901e-01
3.945581896551724199e-01
3.943707191780821963e-01
3.945046768707483054e-01
3.945312500000000000e-01
3.938758389261745041e-01
3.935937500000000200e-01
3.937810430463576372e-01
3.940172697368420907e-01
3.944035947712418166e-01
3.943283279220779480e-01
3.946572580645161255e-01
3.946314102564102422e-01
3.942078025477707137e-01
3.942840189873417778e-01
3.940153301886792359e-01
3.936523437500000222e-01
3.940702639751552661e-01
3.940489969135802517e-01
3.935486963190183984e-01
3.931021341463414864e-01
3.930397727272727515e-01
3.929781626506024250e-01
3.926833832335329122e-01
3.929501488095238360e-01
3.922892011834319681e-01
3.920496323529411575e-01
3.919956140350877027e-01
3.918968023255813837e-01
3.916636560693641522e-01
3.918372844827586188e-01
3.919196428571428692e-01
3.916015625000000000e-01
3.918167372881355970e-01
3.921172752808989026e-01
3.921525837988826813e-01
3.921440972222222099e-01
3.917904005524862066e-01
3.918269230769230727e-01
3.919057377049180446e-01
3.918987771739130266e-01
3.918918918918918859e-01
3.918850806451613100e-01
3.920872326203208580e-01
3.920794547872340496e-01
3.920304232804232569e-01
3.918996710526315708e-01
3.918520942408377228e-01
3.920244150559511476e-01
3.828125000000000000e-01
3.789062500000000000e-01
3.776041666666666852e-01
3.867187500000000000e-01
3.921875000000000222e-01
4.179687500000000000e-01
4.051339285714285476e-01
4.072265625000000000e-01
4.036458333333333148e-01
3.992187500000000111e-01
3.991477272727272929e-01
4.069010416666666852e-01
4.056490384615384359e-01
4.062500000000000000e-01
4.000000000000000222e-01
3.989257812500000000e-01
4.030330882352941013e-01
4.010416666666666852e-01
4.000822368421052544e-01
4.003906250000000000e-01
4.017857142857143016e-01
4.012784090909091161e-01
4.035326086956521618e-01
4.062500000000000000e-01
4.056250000000000133e-01
4.050480769230769273e-01
4.045138888888888951e-01
4.045758928571428492e-01
4.038254310344827624e-01
4.023437500000000000e-01
4.039818548387096864e-01
4.057617187500000000e-01
4.067234848484848619e-01
4.037224264705882582e-01
4.035714285714285809e-01
4.025607638888888951e-01
4.041385135135134865e-01
4.035773026315789269e-01
4.012419871794871695e-01
3.992187500000000111e-01
4.001524390243902385e-01
4.002976190476190688e-01
4.013444767441860517e-01
4.007457386363636465e-01
4.008680555555555469e-01
4.003057065217391353e-01
3.996010638297872175e-01
3.987630208333333148e-01
3.989158163265306145e-01
3.981250000000000067e-01
3.972120098039215730e-01
3.970853365384615641e-01
3.965212264150943522e-01
3.965567129629629650e-01
3.960227272727272485e-01
3.962053571428571508e-01
3.974780701754385692e-01
3.980334051724138122e-01
3.988347457627118842e-01
3.979166666666666408e-01
3.986936475409836311e-01
3.980594758064516236e-01
3.984375000000000000e-01
3.986816406250000000e-01
3.974759615384615419e-01
3.976089015151514916e-01
3.980876865671642006e-01
3.991268382352941013e-01
3.992300724637681264e-01
3.987723214285714413e-01
3.987676056338028130e-01
3.989800347222222099e-01
3.990796232876712146e-01
3.981207770270270285e-01
3.967708333333333504e-01
3.971011513157894912e-01
3.965097402597402843e-01
3.968349358974359031e-01
3.968552215189873333e-01
3.975585937500000222e-01
3.975694444444444198e-01
3.978658536585366057e-01
3.975903614457831359e-01
3.975074404761904656e-01
3.966911764705882137e-01
3.962572674418604612e-01
3.966415229885057459e-01
3.957741477272727071e-01
3.970330056179775524e-01
3.973090277777777679e-01
3.977506868131868156e-01
3.976732336956521618e-01
3.982694892473118142e-01
3.983543882978723416e-01
3.985197368421052877e-01
3.989257812500000000e-01
3.985180412371134295e-01
3.985172193877550839e-01
3.987531565656565746e-01
3.985937500000000244e-01
3.992110148514851353e-01
3.998927696078431460e-01
4.001820388349514590e-01
4.003155048076922906e-01
3.997767857142857095e-01
4.005011792452830011e-01
4.006279205607476412e-01
4.007523148148148251e-01
4.008744266055045968e-01
4.007102272727272596e-01
4.009712837837837718e-01
4.014369419642856984e-01
4.014103982300885054e-01
4.013843201754385692e-01
4.013586956521739135e-01
4.011314655172413812e-01
4.006410256410256610e-01
4.001588983050847204e-01
3.999474789915966610e-01
3.999348958333333592e-01
4.001162190082644399e-01
3.996542008196721230e-01
3.990091463414633943e-01
3.993825604838709409e-01
3.991250000000000075e-01
3.995535714285714524e-01
3.995447834645669549e-01
3.989257812500000000e-01
3.989219961240310086e-01
3.990985576923076761e-01
3.997495229007633766e-01
3.996212121212120993e-01
3.998472744360902498e-01
4.001282649253731227e-01
4.000000000000000222e-01
3.999310661764705621e-01
4.007185218978102093e-01
4.010416666666666852e-01
4.008543165467625680e-01
4.008928571428571619e-01
4.007092198581560516e-01
4.007482394366196909e-01
4.006774475524475521e-01
4.012044270833333148e-01
4.018318965517241326e-01
4.019156678082191902e-01
4.020514455782313035e-01
4.023437500000000000e-01
4.025796979865771674e-01
4.025000000000000244e-01
4.025248344370860876e-01
4.027549342105263275e-01
4.027777777777777901e-01
4.028003246753246724e-01
4.030241935483870885e-01
4.031951121794871695e-01
4.034633757961783584e-01
4.035304588607595000e-01
4.031544811320754707e-01
4.035644531250000000e-01
4.031444099378881929e-01
4.027777777777777901e-01
4.028949386503067331e-01
4.025342987804877981e-01
4.026515151515151492e-01
4.024849397590361533e-01
4.026478293413173759e-01
4.022972470238095344e-01
4.021819526627218866e-01
4.020680147058823262e-01
4.025036549707602385e-01
4.026162790697674354e-01
4.029082369942196262e-01
4.028376436781609393e-01
4.026785714285714413e-01
4.023437500000000000e-01
4.021451271186440857e-01
4.019048455056180025e-01
4.019727653631284814e-01
4.016059027777778012e-01
4.022790055248618990e-01
4.027300824175824023e-01
4.025358606557377095e-01
4.023862092391304324e-01
4.022804054054053835e-01
4.025117607526881858e-01
4.024481951871657914e-01
4.022190824468084847e-01
4.020750661375661617e-01
4.020559210526316041e-01
4.023642015706806463e-01
4.023194303153611595e-01
4.140625000000000000e-01
4.296875000000000000e-01
4.296875000000000000e-01
4.179687500000000000e-01
4.296875000000000000e-01
4.322916666666666852e-01
4.408482142857143016e-01
4.326171875000000000e-01
4.288194444444444198e-01
4.289062499999999889e-01
4.218750000000000000e-01
4.166666666666666852e-01
4.200721153846153633e-01
4.224330357142856984e-01
4.281249999999999778e-01
4.287109375000000000e-01
4.296875000000000000e-01
4.266493055555555802e-01
4.226973684210526550e-01
4.246093750000000111e-01
4.226190476190476164e-01
4.229403409090908839e-01
4.201766304347825942e-01
4.231770833333333148e-01
4.190625000000000044e-01
4.143629807692307820e-01
4.152199074074073848e-01
4.151785714285714524e-01
4.154094827586206629e-01
4.151041666666666630e-01
4.143145161290322509e-01
4.169921875000000000e-01
4.171401515151514916e-01
4.154411764705882582e-01
4.158482142857142794e-01
4.175347222222222099e-01
4.163851351351351426e-01
4.155016447368420907e-01
4.160657051282051211e-01
4.191406249999999889e-01
4.199695121951219634e-01
4.188988095238095344e-01
4.184229651162790775e-01
4.197443181818181768e-01
4.197916666666666741e-01
4.186480978260869734e-01
4.183843085106382920e-01
4.184570312500000000e-01
4.177295918367346927e-01
4.174999999999999822e-01
4.168198529411764608e-01
4.161658653846153633e-01
4.174528301886792359e-01
4.172453703703703498e-01
4.169034090909091161e-01
4.160156250000000000e-01
4.151589912280701511e-01
4.147359913793103314e-01
4.149894067796610075e-01
4.140625000000000000e-01
4.144467213114754189e-01
4.136844758064516236e-01
4.144345238095238360e-01
4.141845703125000000e-01
4.129807692307692069e-01
4.125236742424242542e-01
4.128964552238805763e-01
4.126838235294117418e-01
4.125905797101449002e-01
4.129464285714285476e-01
4.139524647887323772e-01
4.133029513888888951e-01
4.137414383561643927e-01
4.133234797297297147e-01
4.134375000000000133e-01
4.140625000000000000e-01
4.130478896103896291e-01
4.129607371794871695e-01
4.129746835443037778e-01
4.127929687499999889e-01
4.128086419753086433e-01
4.134908536585366057e-01
4.130271084337349130e-01
4.144345238095238360e-01
4.144301470588235281e-01
4.150617732558139483e-01
4.150502873563218231e-01
4.152166193181818232e-01
4.151158707865168496e-01
4.158854166666666741e-01
4.159512362637362570e-01
4.155910326086956763e-01
4.155745967741935609e-01
4.153091755319148759e-01
4.154605263157894468e-01
4.155273437500000000e-01
4.152706185567010544e-01
4.141422193877550839e-01
4.145359848484848619e-01
4.143749999999999933e-01
4.151454207920792228e-01
4.146752450980392135e-01
4.142141990291262066e-01
4.141376201923077094e-01
4.148809523809524058e-01
4.150206367924528239e-01
4.152307242990654346e-01
4.152922453703703498e-01
4.153526376146788879e-01
4.153409090909090939e-01
4.158220720720720576e-01
4.155970982142856984e-01
4.159292035398229892e-01
4.164610745614035214e-01
4.162364130434782483e-01
4.164870689655172376e-01
4.165998931623931534e-01
4.168432203389830781e-01
4.164915966386554813e-01
4.159505208333333370e-01
4.160640495867768407e-01
4.161116803278688270e-01
4.163490853658536328e-01
4.161416330645161255e-01
4.168749999999999956e-01
4.162946428571428492e-01
4.164616141732283561e-01
4.160766601562500000e-01
4.158793604651162545e-01
4.159254807692307487e-01
4.152552480916030797e-01
4.151870265151514916e-01
4.150610902255639223e-01
4.156366604477612081e-01
4.158564814814814659e-01
4.157284007352941013e-01
4.151459854014598605e-01
4.152513586956521618e-01
4.149055755395683609e-01
4.148437500000000111e-01
4.148936170212765839e-01
4.149977992957746276e-01
4.150458916083916150e-01
4.150390625000000000e-01
4.154633620689655027e-01
4.155607876712328896e-01
4.154974489795918435e-01
4.151182432432432567e-01
4.149538590604026633e-01
4.150520833333333215e-01
4.148903145695364003e-01
4.145764802631579093e-01
4.141135620915032955e-01
4.141132305194805130e-01
4.141129032258064613e-01
4.140124198717948789e-01
4.142117834394904441e-01
4.146064082278481111e-01
4.140625000000000000e-01
4.136230468750000111e-01
4.138684006211180155e-01
4.137731481481481399e-01
4.135352760736196176e-01
4.135861280487804770e-01
4.131628787878787734e-01
4.130741716867469826e-01
4.131268712574850399e-01
4.130394345238095344e-01
4.133690828402367123e-01
4.132352941176470340e-01
4.132401315789473450e-01
4.131540697674418450e-01
4.136109104046242768e-01
4.135686063218390607e-01
4.138839285714285832e-01
4.140181107954545303e-01
4.142831920903954912e-01
4.140625000000000000e-01
4.140625000000000000e-01
4.138888888888888618e-01
4.138898480662983603e-01
4.134615384615384359e-01
4.133367486338797581e-01
4.130859375000000000e-01
4.130912162162161949e-01
4.134744623655913776e-01
4.138953877005347448e-01
4.143118351063829752e-01
4.142691798941798842e-01
4.143092105263158076e-01
4.143897251308900631e-01
4.148524923702950340e-01
4.062500000000000000e-01
3.789062500000000000e-01
3.697916666666666852e-01
3.750000000000000000e-01
3.734374999999999778e-01
3.828125000000000000e-01
3.917410714285714524e-01
3.906250000000000000e-01
3.984375000000000000e-01
4.070312500000000111e-01
4.126420454545454697e-01
4.192708333333333148e-01
4.170673076923077094e-01
4.168526785714285476e-01
4.171874999999999889e-01
4.111328125000000000e-01
4.053308823529411797e-01
4.053819444444444198e-01
4.058388157894736725e-01
4.062500000000000000e-01
4.088541666666666852e-01
4.094460227272727071e-01
4.099864130434782705e-01
4.104817708333333148e-01
4.118749999999999911e-01
4.125600961538461453e-01
4.117476851851851749e-01
4.121093750000000000e-01
4.108297413793103314e-01
4.106770833333333592e-01
4.120463709677419373e-01
4.094238281250000000e-01
4.069602272727272929e-01
4.069393382352941013e-01
4.073660714285714524e-01
4.077690972222222099e-01
4.094172297297297147e-01
4.072779605263157632e-01
4.066506410256410242e-01
4.070312500000000111e-01
4.070121951219511924e-01
4.053199404761904656e-01
4.071584302325581550e-01
4.058948863636363535e-01
4.072916666666666630e-01
4.084578804347825942e-01
4.074135638297872175e-01
4.095052083333333148e-01
4.088010204081632404e-01
4.093749999999999889e-01
4.088541666666666852e-01
4.101562500000000000e-01
4.083136792452830011e-01
4.085648148148148251e-01
4.086647727272727515e-01
4.095982142857143016e-01
4.100877192982456121e-01
4.090786637931034253e-01
4.083686440677966045e-01
4.089843750000000111e-01
4.091956967213114527e-01
4.096522177419354982e-01
4.094742063492063378e-01
4.091796875000000000e-01
4.097355769230769384e-01
4.114583333333333148e-01
4.103311567164178997e-01
4.098115808823529216e-01
4.088541666666666852e-01
4.095982142857143016e-01
4.093309859154929398e-01
4.091796875000000000e-01
4.101027397260273988e-01
4.108952702702702853e-01
4.108333333333333282e-01
4.108758223684210731e-01
4.116274350649350433e-01
4.111578525641025883e-01
4.114912974683544444e-01
4.117187500000000222e-01
4.117476851851851749e-01
4.118711890243902385e-01
4.121799698795180489e-01
4.122023809523809312e-01
4.118566176470588314e-01
4.117005813953488191e-01
4.110093390804597790e-01
4.105113636363636465e-01
4.095856741573033477e-01
4.096354166666666408e-01
4.098557692307692180e-01
4.099014945652174058e-01
4.104502688172043112e-01
4.101562500000000000e-01
4.109375000000000111e-01
4.108886718750000000e-01
4.105992268041236959e-01
4.100765306122449161e-01
4.097222222222222099e-01
4.095312500000000133e-01
4.105816831683168355e-01
4.106158088235294379e-01
4.107251213592232886e-01
4.107572115384615641e-01
4.105654761904761751e-01
4.109669811320754707e-01
4.110689252336448551e-01
4.109519675925926152e-01
4.104787844036697497e-01
4.100852272727272818e-01
4.100506756756756577e-01
4.103655133928571508e-01
4.102599557522124130e-01
4.104303728070175517e-01
4.108016304347826275e-01
4.103582974137930939e-01
4.112580128205128305e-01
4.118776483050847204e-01
4.118960084033613245e-01
4.113932291666666519e-01
4.119318181818181768e-01
4.117571721311475419e-01
4.120299796747967647e-01
4.114163306451613100e-01
4.109999999999999765e-01
4.106522817460317443e-01
4.111712598425196763e-01
4.121704101562500000e-01
4.127906976744186163e-01
4.131610576923077094e-01
4.131083015267175695e-01
4.128196022727272929e-01
4.126527255639097502e-01
4.125466417910447769e-01
4.124999999999999778e-01
4.125689338235294379e-01
4.135492700729926918e-01
4.136662137681159646e-01
4.137252697841726778e-01
4.135602678571428381e-01
4.139516843971631221e-01
4.145026408450704358e-01
4.151005244755244794e-01
4.154730902777777901e-01
4.155711206896551824e-01
4.154537671232876872e-01
4.158163265306122347e-01
4.157516891891891997e-01
4.158452181208053822e-01
4.154687499999999978e-01
4.153042218543046560e-01
4.161698190789473450e-01
4.161049836601307117e-01
4.162439123376623362e-01
4.169354838709677380e-01
4.167668269230769273e-01
4.169486464968152895e-01
4.168809335443037778e-01
4.170106132075471761e-01
4.170410156250000111e-01
4.170225155279503326e-01
4.173418209876543217e-01
4.175134202453987808e-01
4.174923780487804770e-01
4.172821969696969835e-01
4.173098644578313032e-01
4.170565119760479278e-01
4.168061755952380820e-01
4.169286242603550408e-01
4.171415441176470340e-01
4.168951023391813115e-01
4.173782703488372325e-01
4.173139450867052180e-01
4.172503591954023205e-01
4.171874999999999889e-01
4.177468039772727071e-01
4.179908192090395214e-01
4.183198735955055980e-01
4.182524441340781940e-01
4.181857638888888951e-01
4.183787983425414359e-01
4.184838598901098883e-01
4.183316256830600932e-01
4.183084239130434590e-01
4.182010135135135198e-01
4.183887768817204367e-01
4.180731951871657914e-01
4.177609707446808263e-01
4.179067460317460458e-01
4.179276315789473562e-01
4.179073952879581166e-01
4.178636826042726460e-01
4.218750000000000000e-01
4.492187500000000000e-01
4.114583333333333148e-01
4.160156250000000000e-01
4.156250000000000222e-01
4.192708333333333148e-01
4.174107142857143016e-01
4.160156250000000000e-01
4.149305555555555802e-01
4.132812499999999889e-01
4.197443181818181768e-01
4.147135416666666852e-01
4.140625000000000000e-01
4.146205357142856984e-01
4.124999999999999778e-01
4.150390625000000000e-01
4.163602941176470784e-01
4.140625000000000000e-01
4.165296052631579093e-01
4.160156250000000000e-01
4.177827380952380820e-01
4.200994318181818232e-01
4.205163043478261087e-01
4.192708333333333148e-01
4.178124999999999756e-01
4.182692307692307820e-01
4.157986111111111049e-01
4.174107142857143016e-01
4.178340517241379559e-01
4.161458333333333259e-01
4.180947580645161255e-01
4.182128906250000000e-01
4.192708333333333148e-01
4.195772058823529216e-01
4.167410714285714191e-01
4.162326388888888951e-01
4.174408783783783994e-01
4.192023026315789269e-01
4.204727564102563875e-01
4.207031250000000111e-01
4.203506097560975596e-01
4.207589285714285476e-01
4.229651162790697416e-01
4.241832386363636465e-01
4.253472222222222099e-01
4.251019021739130266e-01
4.248670212765957577e-01
4.241536458333333148e-01
4.223533163265306145e-01
4.240625000000000089e-01
4.246323529411764608e-01
4.248798076923077094e-01
4.267393867924528239e-01
4.252025462962962798e-01
4.257102272727272818e-01
4.257812500000000000e-01
4.270833333333333148e-01
4.264547413793103314e-01
4.257150423728813804e-01
4.246093750000000111e-01
4.254610655737705027e-01
4.250252016129032473e-01
4.248511904761904656e-01
4.255371093750000000e-01
4.259615384615384470e-01
4.257812500000000000e-01
4.270055970149253532e-01
4.278492647058823595e-01
4.279891304347825942e-01
4.293526785714285587e-01
4.285871478873239382e-01
4.275173611111111049e-01
4.275470890410958957e-01
4.269425675675675436e-01
4.265625000000000111e-01
4.262952302631579093e-01
4.260349025974026205e-01
4.265825320512820484e-01
4.261273734177215000e-01
4.256835937499999778e-01
4.250578703703703498e-01
4.244474085365853577e-01
4.247929216867469826e-01
4.243861607142856984e-01
4.236213235294117863e-01
4.235101744186046679e-01
4.230423850574712707e-01
4.225852272727272929e-01
4.232794943820224476e-01
4.236979166666666741e-01
4.225618131868131844e-01
4.237432065217391353e-01
4.241431451612903136e-01
4.249501329787234161e-01
4.244243421052631415e-01
4.241536458333333148e-01
4.241301546391752497e-01
4.243463010204081565e-01
4.239267676767676796e-01
4.241406249999999933e-01
4.237314356435643581e-01
4.241727941176470784e-01
4.241504854368932098e-01
4.248046875000000000e-01
4.244047619047618958e-01
4.249705188679245293e-01
4.256717289719625930e-01
4.254195601851851749e-01
4.250286697247706580e-01
4.237926136363636131e-01
4.234234234234234284e-01
4.229910714285714524e-01
4.229811946902654607e-01
4.231085526315789269e-01
4.230978260869565077e-01
4.230199353448275690e-01
4.220753205128205399e-01
4.218750000000000000e-01
4.222032563025210350e-01
4.227213541666666741e-01
4.226497933884297287e-01
4.225794057377049162e-01
4.226371951219511924e-01
4.232610887096774355e-01
4.236249999999999738e-01
4.239831349206349409e-01
4.245201771653543399e-01
4.244384765625000000e-01
4.247214147286821895e-01
4.247596153846153744e-01
4.246183206106870500e-01
4.245975378787879007e-01
4.246358082706767068e-01
4.243236940298507620e-01
4.240162037037036868e-01
4.238855698529411797e-01
4.238138686131386890e-01
4.241961050724637472e-01
4.238983812949640440e-01
4.242187499999999778e-01
4.240913120567376127e-01
4.240206866197183122e-01
4.235139860139859880e-01
4.232855902777777901e-01
4.232758620689655027e-01
4.234803082191780921e-01
4.240008503401360707e-01
4.240920608108108003e-01
4.239198825503355805e-01
4.235416666666666496e-01
4.232201986754967060e-01
4.232113486842105088e-01
4.234579248366013293e-01
4.238534902597402843e-01
4.236895161290322731e-01
4.236278044871794601e-01
4.238654458598726249e-01
4.239022943037974445e-01
4.239386792452830011e-01
4.238769531250000111e-01
4.238645186335403547e-01
4.234182098765432167e-01
4.231211656441717928e-01
4.232088414634146423e-01
4.238162878787878896e-01
4.240869728915662717e-01
4.244011976047903922e-01
4.242466517857143016e-01
4.235392011834319681e-01
4.234834558823529216e-01
4.231542397660818522e-01
4.229651162790697416e-01
4.231846098265896194e-01
4.231321839080459668e-01
4.228124999999999800e-01
4.227183948863636465e-01
4.226253531073446146e-01
4.231917134831460481e-01
4.228351955307262378e-01
4.228298611111110938e-01
4.229540745856353867e-01
4.230339972527472625e-01
4.232838114754098324e-01
4.230638586956521618e-01
4.233530405405405150e-01
4.233030913978494403e-01
4.236296791443850407e-01
4.235372340425531679e-01
4.235697751322751170e-01
4.238486842105262942e-01
4.238383507853403231e-01
4.236826042726347663e-01
4.375000000000000000e-01
4.335937500000000000e-01
4.244791666666666852e-01
4.296875000000000000e-01
4.421875000000000111e-01
4.453125000000000000e-01
4.375000000000000000e-01
4.345703125000000000e-01
4.348958333333333148e-01
4.367187499999999889e-01
4.382102272727272929e-01
4.414062500000000000e-01
4.387019230769230727e-01
4.414062500000000000e-01
4.401041666666666852e-01
4.355468750000000000e-01
4.370404411764705621e-01
4.353298611111111049e-01
4.383223684210526550e-01
4.402343750000000111e-01
4.404761904761904656e-01
4.414062500000000000e-01
4.408967391304347561e-01
4.401041666666666852e-01
4.362500000000000266e-01
4.356971153846153633e-01
4.351851851851851749e-01
4.344308035714285476e-01
4.361530172413793371e-01
4.372395833333333481e-01
4.339717741935483764e-01
4.323730468750000000e-01
4.334753787878787845e-01
4.331341911764705621e-01
4.325892857142857317e-01
4.329427083333333148e-01
4.317989864864865135e-01
4.311266447368420907e-01
4.310897435897436125e-01
4.335937500000000000e-01
4.352134146341463672e-01
4.347098214285714524e-01
4.351380813953488191e-01
4.351917613636363535e-01
4.345486111111110938e-01
4.342730978260869734e-01
4.325132978723404409e-01
4.321289062500000000e-01
4.320790816326530726e-01
4.326562500000000200e-01
4.319852941176470784e-01
4.323918269230769273e-01
4.323408018867924696e-01
4.333043981481481399e-01
4.350852272727272485e-01
4.337332589285714524e-01
4.329769736842105088e-01
4.335937500000000000e-01
4.339247881355932090e-01
4.346354166666666630e-01
4.337858606557377095e-01
4.323336693548386900e-01
4.315476190476190688e-01
4.316406250000000000e-01
4.323317307692307598e-01
4.332386363636363535e-01
4.319029850746268773e-01
4.318704044117647189e-01
4.321784420289855322e-01
4.325892857142857317e-01
4.315580985915493106e-01
4.316406250000000000e-01
4.312928082191780921e-01
4.315878378378378288e-01
4.310416666666666563e-01
4.316406250000000000e-01
4.311079545454545303e-01
4.308894230769230727e-01
4.311708860759493889e-01
4.314453125000000111e-01
4.322916666666666852e-01
4.323551829268292845e-01
4.325112951807228989e-01
4.317336309523809312e-01
4.307904411764705843e-01
4.306867732558139483e-01
4.313936781609195581e-01
4.312855113636363535e-01
4.305653089887640506e-01
4.310763888888888840e-01
4.308894230769230727e-01
4.309612771739130266e-01
4.310315860215053752e-01
4.301030585106382920e-01
4.298519736842105199e-01
4.302571614583333148e-01
4.299291237113402331e-01
4.296077806122449161e-01
4.297664141414141437e-01
4.295312499999999756e-01
4.282178217821782096e-01
4.286151960784313486e-01
4.283222087378640852e-01
4.279597355769230727e-01
4.273809523809523614e-01
4.278449292452830011e-01
4.275700934579439449e-01
4.278067129629629650e-01
4.271788990825687859e-01
4.274857954545454586e-01
4.275760135135134865e-01
4.280133928571428492e-01
4.281664823008849430e-01
4.285224780701754610e-01
4.286684782608695676e-01
4.293507543103448065e-01
4.296207264957264682e-01
4.295550847457627053e-01
4.292279411764705621e-01
4.299479166666666519e-01
4.293001033057851079e-01
4.293032786885245811e-01
4.291158536585366057e-01
4.295614919354838745e-01
4.296875000000000000e-01
4.304935515873015706e-01
4.307947834645669549e-01
4.306030273437500000e-01
4.309593023255813837e-01
4.308293269230769051e-01
4.311784351145038219e-01
4.313446969696969613e-01
4.310385338345864570e-01
4.306203358208955390e-01
4.310763888888888840e-01
4.307215073529411797e-01
4.309990875912408925e-01
4.313292572463768293e-01
4.314298561151079237e-01
4.315290178571428714e-01
4.311281028368794122e-01
4.313930457746478764e-01
4.317635489510489588e-01
4.318576388888888951e-01
4.320581896551723977e-01
4.316138698630136994e-01
4.314944727891156240e-01
4.316934121621621712e-01
4.316799496644295187e-01
4.315625000000000155e-01
4.316018211920529812e-01
4.316920230263157632e-01
4.318831699346405428e-01
4.320211038961038752e-01
4.321572580645161032e-01
4.323918269230769273e-01
4.327726910828025297e-01
4.328520569620253333e-01
4.325864779874213917e-01
4.327148437500000222e-01
4.325989906832298226e-01
4.323398919753086433e-01
4.321319018404907730e-01
4.322122713414633943e-01
4.327651515151514916e-01
4.331701807228915402e-01
4.329154191616766401e-01
4.331752232142856984e-01
4.330621301775147702e-01
4.335937500000000000e-01
4.334338450292397615e-01
4.335483284883721034e-01
4.339776011560693703e-01
4.342223419540229834e-01
4.341964285714285943e-01
4.342151988636363535e-01
4.343661723163841915e-01
4.344276685393258508e-01
4.345321229050279066e-01
4.345920138888889062e-01
4.348670580110497452e-01
4.351390796703296648e-01
4.346823770491803351e-01
4.341457201086956763e-01
4.340371621621621490e-01
4.345598118279569988e-01
4.348679812834224667e-01
4.348404255319148759e-01
4.350198412698412787e-01
4.348684210526315708e-01
4.350458115183246099e-01
4.347100712105798626e-01
4.687500000000000000e-01
4.726562500000000000e-01
4.583333333333333148e-01
4.570312500000000000e-01
4.531250000000000000e-01
4.466145833333333148e-01
4.464285714285714524e-01
4.433593750000000000e-01
4.505208333333333148e-01
4.468750000000000222e-01
4.424715909090908839e-01
4.375000000000000000e-01
4.344951923076922906e-01
4.330357142857143016e-01
4.359374999999999778e-01
4.389648437500000000e-01
4.425551470588235392e-01
4.418402777777777901e-01
4.428453947368420907e-01
4.433593750000000000e-01
4.445684523809523836e-01
4.431818181818181768e-01
4.429347826086956763e-01
4.443359375000000000e-01
4.434374999999999845e-01
4.411057692307692180e-01
4.395254629629629650e-01
4.386160714285714524e-01
4.377693965517241437e-01
4.380208333333333592e-01
4.382560483870967527e-01
4.396972656250000000e-01
4.410511363636363535e-01
4.386488970588235392e-01
4.366071428571428603e-01
4.368489583333333148e-01
4.370777027027026862e-01
4.368832236842105088e-01
4.368990384615384359e-01
4.386718749999999889e-01
4.415015243902439268e-01
4.419642857142856984e-01
4.409520348837209225e-01
4.408735795454545303e-01
4.390625000000000222e-01
4.412364130434782705e-01
4.411569148936170248e-01
4.407552083333333148e-01
4.406887755102040782e-01
4.400000000000000022e-01
4.394914215686274717e-01
4.397536057692307820e-01
4.394162735849056478e-01
4.395254629629629650e-01
4.389204545454545303e-01
4.381975446428571508e-01
4.376370614035087758e-01
4.388469827586206629e-01
4.393538135593220151e-01
4.398437499999999778e-01
4.399334016393442459e-01
4.397681451612903136e-01
4.403521825396825573e-01
4.390869140625000000e-01
4.383413461538461786e-01
4.388020833333333148e-01
4.386660447761194237e-01
4.383042279411764608e-01
4.382925724637681264e-01
4.390625000000000222e-01
4.393705985915493106e-01
4.393446180555555802e-01
4.398544520547945091e-01
4.398226351351351426e-01
4.403124999999999956e-01
4.394531250000000000e-01
4.398336038961038752e-01
4.392027243589743390e-01
4.388844936708860556e-01
4.378906249999999778e-01
4.369212962962962798e-01
4.368330792682926789e-01
4.368411144578313032e-01
4.358258928571428492e-01
4.358455882352941235e-01
4.362281976744186163e-01
4.350754310344827624e-01
4.343927556818181768e-01
4.341643258426966523e-01
4.341145833333333592e-01
4.339800824175824023e-01
4.335088315217391353e-01
4.342237903225806273e-01
4.340924202127659504e-01
4.343750000000000111e-01
4.340006510416666852e-01
4.332313144329896781e-01
4.325573979591836871e-01
4.327651515151514916e-01
4.329687500000000133e-01
4.330136138613861485e-01
4.332107843137255054e-01
4.338592233009708754e-01
4.338191105769230727e-01
4.339285714285714413e-01
4.338148584905660576e-01
4.338492990654205794e-01
4.346788194444444198e-01
4.344180045871559592e-01
4.352272727272727404e-01
4.349662162162162282e-01
4.351981026785714524e-01
4.359789823008849430e-01
4.359923245614035214e-01
4.361413043478261087e-01
4.362203663793103314e-01
4.356303418803418870e-01
4.355137711864406902e-01
4.362526260504201447e-01
4.362630208333333481e-01
4.360149793388429784e-01
4.358350409836065364e-01
4.363567073170731558e-01
4.361139112903225645e-01
4.358750000000000124e-01
4.359499007936508130e-01
4.355314960629921295e-01
4.354248046875000000e-01
4.359253875968992498e-01
4.365985576923077094e-01
4.363668893129771242e-01
4.367305871212120993e-01
4.372650375939849399e-01
4.376166044776119146e-01
4.370370370370370572e-01
4.369255514705882582e-01
4.370437956204379359e-01
4.370471014492753881e-01
4.369379496402877594e-01
4.364397321428571397e-01
4.363364361702127825e-01
4.361245598591549366e-01
4.359702797202797409e-01
4.361979166666666852e-01
4.369612068965517127e-01
4.364297945205479201e-01
4.360119047619047672e-01
4.360219594594594850e-01
4.361891778523490082e-01
4.361458333333333437e-01
4.359478476821191939e-01
4.357010690789473450e-01
4.355085784313725283e-01
4.357244318181818232e-01
4.356350806451612656e-01
4.355468750000000000e-01
4.352109872611464869e-01
4.356704905063291111e-01
4.359276729559748431e-01
4.354980468749999889e-01
4.355590062111800997e-01
4.353780864197530631e-01
4.351514570552147410e-01
4.351657774390244038e-01
4.349905303030303094e-01
4.353821536144578119e-01
4.355351796407185838e-01
4.358723958333333148e-01
4.358820266272189214e-01
4.363970588235294157e-01
4.361750730994152225e-01
4.365007267441860517e-01
4.365065028901733979e-01
4.362877155172413812e-01
4.361607142857142905e-01
4.357688210227272929e-01
4.360875706214689118e-01
4.358760533707864981e-01
4.362779329608938439e-01
4.362413194444444420e-01
4.363777624309392311e-01
4.359117445054945250e-01
4.358350409836065364e-01
4.359290081521738913e-01
4.361486486486486625e-01
4.358198924731182533e-01
4.359542112299465422e-01
4.358793218085106336e-01
4.358052248677248830e-01
4.361430921052631415e-01
4.359865837696335067e-01
4.359308240081383734e-01
4.296875000000000000e-01
4.062500000000000000e-01
4.322916666666666852e-01
4.316406250000000000e-01
4.375000000000000000e-01
4.401041666666666852e-01
4.453125000000000000e-01
4.335937500000000000e-01
4.314236111111111049e-01
4.304687500000000111e-01
4.303977272727272929e-01
4.303385416666666852e-01
4.296875000000000000e-01
4.280133928571428492e-01
4.302083333333333592e-01
4.311523437500000000e-01
4.319852941176470784e-01
4.305555555555555802e-01
4.284539473684210731e-01
4.292968750000000222e-01
4.270833333333333148e-01
4.300426136363636465e-01
4.313858695652174058e-01
4.329427083333333148e-01
4.337500000000000244e-01
4.317908653846153633e-01
4.293981481481481399e-01
4.274553571428571508e-01
4.275323275862069061e-01
4.309895833333333148e-01
4.332157258064516236e-01
4.318847656250000000e-01
4.313446969696969613e-01
4.319852941176470784e-01
4.330357142857143016e-01
4.348958333333333148e-01
4.362331081081081141e-01
4.352384868421052544e-01
4.336939102564102422e-01
4.345703125000000000e-01
4.344512195121951192e-01
4.347098214285714524e-01
4.351380813953488191e-01
4.362571022727272929e-01
4.369791666666666408e-01
4.378396739130434590e-01
4.393284574468084847e-01
4.381510416666666852e-01
4.375000000000000000e-01
4.373437499999999756e-01
4.370404411764705621e-01
4.367487980769230727e-01
4.366155660377358250e-01
4.366319444444444198e-01
4.375000000000000000e-01
4.358258928571428492e-01
4.368146929824561209e-01
4.373653017241379559e-01
4.380296610169491789e-01
4.368489583333333148e-01
4.360911885245901676e-01
4.366179435483871218e-01
4.360119047619047672e-01
4.361572265625000000e-01
4.368990384615384359e-01
4.385653409090908839e-01
4.387826492537313383e-01
4.375000000000000000e-01
4.380661231884058204e-01
4.371651785714285587e-01
4.372799295774648098e-01
4.382595486111111049e-01
4.378210616438356073e-01
4.373944256756756577e-01
4.366666666666666474e-01
4.367804276315789269e-01
4.371956168831168665e-01
4.376001602564102422e-01
4.374011075949367222e-01
4.368164062500000111e-01
4.369212962962962798e-01
4.373094512195122019e-01
4.370293674698795261e-01
4.365699404761904656e-01
4.367647058823529438e-01
4.366824127906976938e-01
4.361530172413793371e-01
4.355468750000000000e-01
4.358321629213482984e-01
4.356770833333333259e-01
4.359546703296703352e-01
4.358016304347825942e-01
4.364919354838709409e-01
4.365026595744680993e-01
4.371710526315789602e-01
4.375000000000000000e-01
4.377416237113402331e-01
4.381377551020408379e-01
4.377367424242424310e-01
4.376562500000000244e-01
4.377320544554455517e-01
4.376531862745098311e-01
4.371207524271844558e-01
4.373497596153846367e-01
4.377976190476190466e-01
4.372788915094339424e-01
4.372809579439252414e-01
4.372829861111111049e-01
4.374283256880733828e-01
4.371448863636363535e-01
4.364442567567567433e-01
4.370117187500000000e-01
4.375000000000000000e-01
4.372944078947368363e-01
4.373641304347826164e-01
4.378367456896551935e-01
4.375667735042735318e-01
4.373675847457627053e-01
4.367778361344537563e-01
4.374348958333333370e-01
4.371126033057851079e-01
4.371798155737705027e-01
4.365472560975609539e-01
4.368069556451613100e-01
4.364374999999999782e-01
4.362599206349206393e-01
4.361466535433070613e-01
4.357910156250000000e-01
4.358042635658914699e-01
4.360576923076923128e-01
4.358301526717557328e-01
4.360203598484848619e-01
4.355028195488721554e-01
4.352845149253731227e-01
4.350694444444444531e-01
4.353170955882352811e-01
4.357322080291970989e-01
4.361413043478261087e-01
4.363758992805755188e-01
4.366071428571428603e-01
4.366688829787234161e-01
4.368397887323943740e-01
4.370629370629370847e-01
4.372287326388888951e-01
4.372844827586206962e-01
4.375000000000000000e-01
4.381909013605442271e-01
4.381334459459459429e-01
4.382340604026845887e-01
4.385937500000000044e-01
4.386382450331126059e-01
4.384251644736842368e-01
4.381638071895425091e-01
4.380580357142856984e-01
4.383064516129032140e-01
4.388020833333333148e-01
4.386445063694267565e-01
4.383405854430380000e-01
4.389249213836478036e-01
4.390625000000000222e-01
4.391013198757763858e-01
4.389949845679012586e-01
4.390337423312883347e-01
4.390720274390244038e-01
4.383049242424242320e-01
4.383471385542168641e-01
4.383888473053892398e-01
4.378720238095238360e-01
4.379622781065088954e-01
4.381433823529412019e-01
4.381396198830409539e-01
4.383630087209302584e-01
4.384483381502889965e-01
4.382183908045976795e-01
4.379464285714285698e-01
4.376331676136363535e-01
4.376765536723163930e-01
4.375438904494381998e-01
4.376745810055865937e-01
4.373697916666666741e-01
4.374568370165745623e-01
4.370707417582417320e-01
4.372865437158470203e-01
4.372877038043478382e-01
4.371199324324324120e-01
4.371219758064516236e-01
4.375000000000000000e-01
4.380817819148936088e-01
4.379133597883597684e-01
4.382401315789473673e-01
4.383180628272251300e-01
4.384130213631739492e-01
3.828125000000000000e-01
4.296875000000000000e-01
4.427083333333333148e-01
4.296875000000000000e-01
4.593749999999999778e-01
4.479166666666666852e-01
4.542410714285714524e-01
4.443359375000000000e-01
4.383680555555555802e-01
4.398437499999999778e-01
4.375000000000000000e-01
4.355468750000000000e-01
4.320913461538461453e-01
4.386160714285714524e-01
4.385416666666666630e-01
4.384765625000000000e-01
4.347426470588235392e-01
4.348958333333333148e-01
4.321546052631579093e-01
4.320312499999999778e-01
4.322916666666666852e-01
4.289772727272727071e-01
4.283288043478261087e-01
4.296875000000000000e-01
4.306249999999999800e-01
4.311899038461538547e-01
4.322916666666666852e-01
4.333147321428571508e-01
4.348060344827586188e-01
4.348958333333333148e-01
4.377520161290322509e-01
4.357910156250000000e-01
4.358428030303030387e-01
4.358915441176470784e-01
4.350446428571428381e-01
4.357638888888888951e-01
4.377111486486486291e-01
4.379111842105263275e-01
4.395032051282051211e-01
4.388671874999999778e-01
4.395960365853658347e-01
4.401041666666666852e-01
4.411337209302325646e-01
4.399857954545454697e-01
4.401041666666666852e-01
4.386888586956521618e-01
4.399933510638298073e-01
4.407552083333333148e-01
4.418048469387755306e-01
4.418750000000000178e-01
4.407169117647058987e-01
4.399038461538461453e-01
4.401533018867924696e-01
4.405381944444444198e-01
4.416193181818181546e-01
4.415457589285714524e-01
4.413377192982456121e-01
4.418103448275861878e-01
4.420021186440677985e-01
4.420572916666666852e-01
4.422387295081967040e-01
4.429183467741935609e-01
4.428323412698412787e-01
4.420166015625000000e-01
4.412259615384615530e-01
4.414062500000000000e-01
4.408815298507462455e-01
4.416360294117647189e-01
4.412364130434782705e-01
4.414062500000000000e-01
4.419014084507042472e-01
4.424913194444444198e-01
4.422089041095890183e-01
4.428842905405405150e-01
4.430208333333333082e-01
4.432565789473684181e-01
4.434862012987013102e-01
4.441105769230769273e-01
4.444224683544303889e-01
4.443359375000000000e-01
4.439621913580246715e-01
4.437881097560975596e-01
4.437123493975903554e-01
4.438244047619047672e-01
4.434742647058823595e-01
4.448582848837209225e-01
4.449533045977011603e-01
4.443359375000000000e-01
4.439957865168539519e-01
4.441840277777777679e-01
4.441105769230769273e-01
4.444633152173912971e-01
4.445564516129032473e-01
4.438996010638298073e-01
4.435032894736842257e-01
4.434407552083333148e-01
4.427351804123711432e-01
4.430803571428571508e-01
4.426294191919191712e-01
4.424218750000000200e-01
4.424504950495049549e-01
4.431678921568627527e-01
4.434921116504854099e-01
4.432842548076922906e-01
4.430803571428571508e-01
4.426591981132075304e-01
4.434871495327102897e-01
4.435040509259259300e-01
4.433056192660550510e-01
4.431818181818181768e-01
4.432010135135134865e-01
4.432896205357143016e-01
4.433766592920354022e-01
4.437362938596491335e-01
4.433423913043478271e-01
4.429552801724138122e-01
4.427751068376068466e-01
4.424655720338983023e-01
4.425551470588235392e-01
4.419270833333333592e-01
4.423424586776859568e-01
4.429431352459016202e-01
4.429623983739837123e-01
4.426663306451613100e-01
4.428124999999999978e-01
4.426463293650793607e-01
4.430364173228346636e-01
4.426269531250000000e-01
4.427688953488372325e-01
4.426081730769230727e-01
4.424499045801526531e-01
4.424124053030302761e-01
4.426104323308270860e-01
4.428638059701492380e-01
4.427662037037037313e-01
4.424402573529411797e-01
4.426322992700729708e-01
4.418025362318840354e-01
4.421650179856115304e-01
4.424665178571428603e-01
4.423758865248226813e-01
4.422315140845070602e-01
4.418706293706293753e-01
4.417317708333333148e-01
4.417025862068965636e-01
4.416738013698630061e-01
4.415922619047619180e-01
4.417229729729729715e-01
4.417470637583892357e-01
4.415625000000000244e-01
4.414838576158940375e-01
4.419202302631579093e-01
4.418913398692810302e-01
4.422179383116883189e-01
4.420866935483870885e-01
4.421073717948718063e-01
4.418789808917197304e-01
4.414062500000000000e-01
4.414308176100629200e-01
4.411621093750000000e-01
4.407511645962732816e-01
4.410204475308642236e-01
4.413822852760735937e-01
4.414538871951219634e-01
4.416193181818181546e-01
4.416886295180723065e-01
4.418974550898203679e-01
4.414527529761904656e-01
4.410595414201183284e-01
4.404871323529411797e-01
4.403782894736842368e-01
4.399981831395348708e-01
4.401643786127167890e-01
4.400592672413793371e-01
4.401785714285714191e-01
4.405184659090908839e-01
4.405455508474576121e-01
4.405723314606741492e-01
4.402060055865921750e-01
4.402343750000000111e-01
4.397444751381215378e-01
4.398179945054945250e-01
4.398053278688524581e-01
4.400050951086956763e-01
4.399070945945945943e-01
4.397261424731182533e-01
4.393800133689839682e-01
4.394531250000000000e-01
4.399801587301587213e-01
4.398437499999999778e-01
4.399950916230366271e-01
4.400813835198372215e-01
4.218750000000000000e-01
4.218750000000000000e-01
4.140625000000000000e-01
4.140625000000000000e-01
4.218750000000000000e-01
4.361979166666666852e-01
4.375000000000000000e-01
4.462890625000000000e-01
4.479166666666666852e-01
4.468750000000000222e-01
4.424715909090908839e-01
4.505208333333333148e-01
4.399038461538461453e-01
4.380580357142856984e-01
4.416666666666666519e-01
4.438476562500000000e-01
4.430147058823529216e-01
4.440104166666666852e-01
4.490131578947368363e-01
4.535156249999999778e-01
4.538690476190476164e-01
4.513494318181818232e-01
4.493885869565217295e-01
4.511718750000000000e-01
4.518750000000000266e-01
4.522235576923077094e-01
4.499421296296296502e-01
4.514508928571428492e-01
4.501616379310344751e-01
4.500000000000000111e-01
4.516129032258064391e-01
4.487304687500000000e-01
4.474431818181818232e-01
4.464613970588235392e-01
4.464285714285714524e-01
4.453125000000000000e-01
4.455236486486486291e-01
4.442845394736842368e-01
4.423076923076922906e-01
4.423828125000000000e-01
4.432164634146341653e-01
4.428943452380952328e-01
4.434956395348837455e-01
4.451349431818181768e-01
4.439236111111111160e-01
4.454823369565217295e-01
4.433178191489361430e-01
4.430338541666666852e-01
4.433992346938775420e-01
4.432812500000000155e-01
4.424019607843137081e-01
4.427584134615384359e-01
4.420695754716981174e-01
4.411168981481481399e-01
4.421875000000000111e-01
4.419642857142856984e-01
4.422971491228070429e-01
4.419450431034482873e-01
4.434586864406779849e-01
4.432291666666666741e-01
4.437756147540983798e-01
4.445564516129032473e-01
4.443204365079365115e-01
4.445800781250000000e-01
4.443509615384615419e-01
4.444839015151514916e-01
4.435634328358208922e-01
4.434742647058823595e-01
4.439538043478261087e-01
4.431919642857142794e-01
4.427816901408450634e-01
4.437934027777777901e-01
4.443493150684931781e-01
4.448902027027026862e-01
4.441666666666666541e-01
4.449013157894736725e-01
4.449066558441558406e-01
4.453125000000000000e-01
4.444224683544303889e-01
4.449218750000000222e-01
4.450231481481481399e-01
4.452172256097560732e-01
4.449359939759036098e-01
4.444754464285714524e-01
4.441176470588235059e-01
4.445857558139534871e-01
4.447737068965517127e-01
4.451349431818181768e-01
4.444346910112359494e-01
4.448784722222222099e-01
4.449690934065934078e-01
4.448029891304347561e-01
4.452284946236559349e-01
4.457280585106382920e-01
4.464638157894736947e-01
4.460449218750000000e-01
4.461179123711340178e-01
4.461894132653061451e-01
4.454703282828282873e-01
4.454687500000000244e-01
4.451577970297029840e-01
4.450061274509803932e-01
4.444781553398058360e-01
4.447866586538461453e-01
4.458333333333333592e-01
4.451650943396226467e-01
4.456775700934579310e-01
4.451678240740740700e-01
4.448824541284403522e-01
4.450284090909090717e-01
4.445382882882882858e-01
4.442661830357143016e-01
4.446902654867256888e-01
4.446957236842105088e-01
4.447010869565217184e-01
4.445043103448275690e-01
4.447783119658119677e-01
4.450476694915254106e-01
4.459033613445378408e-01
4.462890625000000000e-01
4.470557851239669311e-01
4.465292008196721230e-01
4.461382113821138473e-01
4.461945564516128782e-01
4.463750000000000218e-01
4.463045634920634885e-01
4.461737204724409711e-01
4.466552734375000000e-01
4.462814922480620172e-01
4.464543269230769051e-01
4.463859732824427273e-01
4.468513257575757458e-01
4.470747180451127845e-01
4.467117537313433084e-01
4.468171296296296058e-01
4.471507352941176405e-01
4.476505474452554534e-01
4.472939311594202882e-01
4.475044964028777050e-01
4.471540178571428714e-01
4.469193262411347289e-01
4.466329225352112520e-01
4.470607517482517723e-01
4.468858506944444198e-01
4.472521551724137900e-01
4.472388698630136994e-01
4.472257653061224580e-01
4.474239864864865135e-01
4.476719798657717853e-01
4.477083333333333193e-01
4.483133278145695622e-01
4.482935855263157632e-01
4.477124183006536140e-01
4.469866071428571508e-01
4.469758064516128893e-01
4.469651442307692180e-01
4.464072452229299603e-01
4.459553006329113889e-01
4.459021226415094130e-01
4.455566406250000000e-01
4.455065993788819845e-01
4.456983024691357764e-01
4.457438650306748684e-01
4.452648628048780366e-01
4.454071969696969946e-01
4.451242469879518326e-01
4.447511227544910239e-01
4.445219494047619180e-01
4.445728550295858228e-01
4.442095588235294157e-01
4.438048245614035214e-01
4.437681686046511809e-01
4.434609826589595571e-01
4.434267241379310498e-01
4.437499999999999778e-01
4.434925426136363535e-01
4.435028248587570832e-01
4.435568820224718989e-01
4.439158519553072502e-01
4.442708333333333370e-01
4.443629143646408708e-01
4.442822802197802234e-01
4.444159836065573743e-01
4.442510190217391353e-01
4.442567567567567433e-01
4.443044354838709409e-01
4.443933823529411797e-01
4.446891622340425343e-01
4.444857804232804077e-01
4.445723684210526327e-01
4.445762434554973996e-01
4.445167853509664480e-01
4.531250000000000000e-01
4.492187500000000000e-01
4.453125000000000000e-01
4.257812500000000000e-01
4.328124999999999889e-01
4.348958333333333148e-01
4.308035714285714524e-01
4.365234375000000000e-01
4.270833333333333148e-01
4.289062499999999889e-01
4.296875000000000000e-01
4.244791666666666852e-01
4.314903846153846367e-01
4.347098214285714524e-01
4.354166666666666741e-01
4.355468750000000000e-01
4.393382352941176405e-01
4.353298611111111049e-01
4.342105263157894912e-01
4.351562500000000222e-01
4.363839285714285476e-01
4.328835227272727071e-01
4.334239130434782705e-01
4.361979166666666852e-01
4.368750000000000133e-01
4.344951923076922906e-01
4.331597222222222099e-01
4.347098214285714524e-01
4.339978448275861878e-01
4.354166666666666741e-01
4.352318548387096864e-01
4.370117187500000000e-01
4.370265151515151381e-01
4.377297794117647189e-01
4.381696428571428825e-01
4.394531250000000000e-01
4.398226351351351426e-01
4.397615131578947456e-01
4.395032051282051211e-01
4.384765625000000000e-01
4.365472560975609539e-01
4.363839285714285476e-01
4.356831395348837455e-01
4.366122159090908839e-01
4.357638888888888951e-01
4.364809782608695676e-01
4.363364361702127825e-01
4.370117187500000000e-01
4.379783163265306145e-01
4.376562500000000244e-01
4.375000000000000000e-01
4.382512019230769273e-01
4.383844339622641750e-01
4.393807870370370350e-01
4.399147727272727515e-01
4.409877232142856984e-01
4.412006578947368363e-01
4.408674568965517127e-01
4.402807203389830781e-01
4.401041666666666852e-01
4.404456967213114527e-01
4.416582661290322509e-01
4.412202380952380820e-01
4.420166015625000000e-01
4.420673076923076761e-01
4.415246212121212155e-01
4.413479477611940149e-01
4.409466911764705621e-01
4.414628623188405765e-01
4.411830357142856873e-01
4.414612676056338114e-01
4.419487847222222099e-01
4.415667808219178037e-01
4.411951013513513709e-01
4.410416666666666652e-01
4.412006578947368363e-01
4.417613636363636465e-01
4.416065705128205399e-01
4.421479430379746667e-01
4.410156250000000222e-01
4.419367283950617065e-01
4.415967987804877981e-01
4.408885542168674565e-01
4.408482142857143016e-01
4.412683823529411908e-01
4.421329941860465129e-01
4.421695402298850830e-01
4.423828125000000000e-01
4.425912921348314488e-01
4.422743055555555802e-01
4.427369505494505586e-01
4.421705163043478382e-01
4.422043010752688130e-01
4.426529255319148759e-01
4.431743421052631304e-01
4.436035156250000000e-01
4.434600515463917314e-01
4.432397959183673741e-01
4.427083333333333148e-01
4.423437499999999800e-01
4.423731435643564192e-01
4.422487745098039325e-01
4.428853155339805836e-01
4.427584134615384359e-01
4.427083333333333148e-01
4.435436320754717054e-01
4.434141355140187035e-01
4.436487268518518601e-01
4.438790137614678777e-01
4.437499999999999778e-01
4.437640765765765716e-01
4.439871651785714524e-01
4.442063053097345393e-01
4.441474780701754610e-01
4.444293478260869512e-01
4.447737068965517127e-01
4.446447649572649596e-01
4.451138771186440857e-01
4.454438025210084029e-01
4.452473958333333370e-01
4.450542355371900904e-01
4.446080942622950838e-01
4.448043699186992050e-01
4.451234879032258118e-01
4.451875000000000138e-01
4.453125000000000000e-01
4.447588582677165503e-01
4.443359375000000000e-01
4.439801356589147541e-01
4.437499999999999778e-01
4.431059160305343414e-01
4.431226325757575690e-01
4.431978383458646809e-01
4.439132462686566916e-01
4.438078703703703942e-01
4.439338235294117418e-01
4.444571167883211715e-01
4.442934782608695676e-01
4.439073741007193985e-01
4.438058035714285698e-01
4.437056737588652711e-01
4.436069542253521236e-01
4.443837412587412494e-01
4.447699652777777901e-01
4.444504310344827847e-01
4.438677226027397116e-01
4.437181122448979331e-01
4.439400337837837718e-01
4.439492449664429463e-01
4.437499999999999778e-01
4.444846854304635997e-01
4.443359375000000000e-01
4.445976307189542509e-01
4.448559253246753276e-01
4.448084677419354982e-01
4.447115384615384359e-01
4.448646496815286677e-01
4.449663765822785000e-01
4.447720125786163714e-01
4.450683593750000000e-01
4.451184006211180155e-01
4.446855709876543217e-01
4.450728527607362150e-01
4.444550304878048808e-01
4.439867424242424088e-01
4.442300451807228989e-01
4.441897455089820479e-01
4.441964285714285476e-01
4.437407544378698110e-01
4.436580882352941235e-01
4.438048245614035214e-01
4.435864825581395388e-01
4.439125722543352803e-01
4.441451149425287293e-01
4.442857142857142838e-01
4.445134943181818232e-01
4.444738700564971889e-01
4.447419241573033477e-01
4.446141759776536251e-01
4.445746527777778012e-01
4.444924033149171283e-01
4.444969093406593297e-01
4.442879098360655865e-01
4.442085597826087029e-01
4.444256756756757021e-01
4.446824596774193727e-01
4.447276069518716346e-01
4.448138297872340496e-01
4.447751322751322678e-01
4.446546052631579204e-01
4.442490183246073365e-01
4.443133265513733443e-01
4.296875000000000000e-01
4.726562500000000000e-01
4.661458333333333148e-01
4.550781250000000000e-01
4.421875000000000111e-01
4.414062500000000000e-01
4.419642857142856984e-01
4.423828125000000000e-01
4.418402777777777901e-01
4.429687500000000222e-01
4.446022727272727071e-01
4.388020833333333148e-01
4.405048076923077094e-01
4.419642857142856984e-01
4.406249999999999889e-01
4.458007812500000000e-01
4.508272058823529216e-01
4.509548611111111049e-01
4.494243421052631637e-01
4.488281250000000222e-01
4.523809523809523836e-01
4.477982954545454697e-01
4.487092391304347561e-01
4.472656250000000000e-01
4.453125000000000000e-01
4.444110576923077094e-01
4.453125000000000000e-01
4.455915178571428492e-01
4.428879310344827624e-01
4.427083333333333148e-01
4.432963709677419373e-01
4.436035156250000000e-01
4.441287878787879007e-01
4.427849264705882582e-01
4.430803571428571508e-01
4.429253472222222099e-01
4.448902027027026862e-01
4.446957236842105088e-01
4.453125000000000000e-01
4.464843749999999889e-01
4.470274390243902385e-01
4.462425595238095344e-01
4.445857558139534871e-01
4.460227272727272929e-01
4.480902777777777679e-01
4.487092391304347561e-01
4.496343085106382920e-01
4.484049479166666852e-01
4.470663265306122347e-01
4.470312499999999911e-01
4.460784313725490446e-01
4.457632211538461453e-01
4.470813679245282946e-01
4.469039351851851749e-01
4.450284090909090717e-01
4.446149553571428492e-01
4.438048245614035214e-01
4.427532327586206629e-01
4.426641949152542166e-01
4.424479166666666630e-01
4.432633196721311730e-01
4.429183467741935609e-01
4.427083333333333148e-01
4.422607421875000000e-01
4.431490384615384692e-01
4.424715909090908839e-01
4.416977611940298698e-01
4.408318014705882582e-01
4.408967391304347561e-01
4.405133928571428603e-01
4.408010563380281854e-01
4.415147569444444198e-01
4.422089041095890183e-01
4.427787162162162282e-01
4.426041666666666874e-01
4.424342105263157632e-01
4.433847402597402843e-01
4.429086538461538547e-01
4.424446202531645556e-01
4.429687500000000222e-01
4.432870370370370350e-01
4.425495426829268442e-01
4.425828313253011848e-01
4.433593750000000000e-01
4.431066176470588314e-01
4.429505813953488191e-01
4.429777298850574585e-01
4.426491477272727071e-01
4.418890449438201973e-01
4.418402777777777901e-01
4.426510989010988828e-01
4.420006793478261087e-01
4.417842741935483764e-01
4.421542553191489255e-01
4.425164473684210509e-01
4.427083333333333148e-01
4.425740979381443396e-01
4.429209183673469274e-01
4.433396464646464641e-01
4.432812500000000155e-01
4.432240099009900902e-01
4.434742647058823595e-01
4.428853155339805836e-01
4.434344951923077094e-01
4.431547619047618847e-01
4.433225235849056478e-01
4.434141355140187035e-01
4.437210648148148251e-01
4.435923165137614643e-01
4.440340909090909061e-01
4.443271396396396566e-01
4.439871651785714524e-01
4.433766592920354022e-01
4.438733552631579093e-01
4.428668478260869290e-01
4.423491379310344751e-01
4.423076923076922906e-01
4.423331567796610075e-01
4.428834033613445187e-01
4.429036458333333592e-01
4.431172520661156855e-01
4.428790983606557541e-01
4.428353658536585136e-01
4.431073588709677491e-01
4.440000000000000058e-01
4.444444444444444198e-01
4.442052165354330451e-01
4.442749023437500000e-01
4.436773255813953321e-01
4.437499999999999778e-01
4.436426526717557328e-01
4.435369318181818232e-01
4.434328007518796855e-01
4.438549440298507620e-01
4.438657407407407551e-01
4.432444852941176405e-01
4.428033759124087587e-01
4.425951086956521618e-01
4.430080935251798357e-01
4.429687500000000222e-01
4.427637411347517538e-01
4.429467429577464976e-01
4.434003496503496344e-01
4.434678819444444198e-01
4.434806034482758896e-01
4.434931506849315030e-01
4.438775510204081565e-01
4.438872466216216006e-01
4.445784395973154113e-01
4.444791666666666474e-01
4.439673013245032940e-01
4.437191611842105088e-01
4.437295751633986707e-01
4.440949675324675217e-01
4.438508064516129004e-01
4.437099358974359031e-01
4.435210987261146709e-01
4.433840981012658333e-01
4.431996855345912145e-01
4.429199218750000111e-01
4.433715062111800997e-01
4.433352623456789932e-01
4.433473926380367969e-01
4.430735518292682751e-01
4.429450757575757458e-01
4.431005271084337283e-01
4.429266467065868240e-01
4.429408482142856984e-01
4.427699704142011861e-01
4.426011029411764941e-01
4.424798976608186885e-01
4.419967296511627675e-01
4.413836705202311972e-01
4.415409482758620441e-01
4.416517857142857051e-01
4.421164772727272929e-01
4.420903954802259950e-01
4.422401685393258508e-01
4.419081703910614500e-01
4.417534722222222210e-01
4.416868093922651783e-01
4.419642857142856984e-01
4.422814207650273000e-01
4.421280570652174058e-01
4.419763513513513264e-01
4.418682795698924970e-01
4.416360294117647189e-01
4.416555851063829752e-01
4.416335978835979059e-01
4.418996710526315597e-01
4.417539267015706539e-01
4.414649033570701708e-01
5.156250000000000000e-01
4.960937500000000000e-01
4.739583333333333148e-01
4.667968750000000000e-01
4.515624999999999778e-01
4.518229166666666852e-01
4.520089285714285476e-01
4.589843750000000000e-01
4.592013888888888951e-01
4.593749999999999778e-01
4.552556818181818232e-01
4.570312500000000000e-01
4.513221153846153633e-01
4.481026785714285476e-01
4.484374999999999889e-01
4.477539062500000000e-01
4.489889705882352811e-01
4.500868055555555802e-01
4.494243421052631637e-01
4.507812500000000222e-01
4.523809523809523836e-01
4.541903409090908839e-01
4.538043478260869734e-01
4.550781250000000000e-01
4.525000000000000133e-01
4.519230769230769273e-01
4.522569444444444198e-01
4.508928571428571508e-01
4.496228448275861878e-01
4.500000000000000111e-01
4.490927419354838745e-01
4.489746093750000000e-01
4.491003787878787845e-01
4.489889705882352811e-01
4.462053571428571397e-01
4.485677083333333148e-01
4.491131756756756577e-01
4.486019736842105088e-01
4.471153846153846367e-01
4.474609374999999889e-01
4.468368902439024404e-01
4.479166666666666852e-01
4.451308139534883579e-01
4.465553977272727071e-01
4.475694444444444642e-01
4.485394021739130266e-01
4.481382978723404409e-01
4.469401041666666852e-01
4.485012755102040782e-01
4.481249999999999956e-01
4.483762254901960675e-01
4.481670673076922906e-01
4.497346698113207641e-01
4.497974537037037202e-01
4.507102272727272485e-01
4.500558035714285476e-01
4.498355263157894912e-01
4.509698275862069061e-01
4.510063559322033955e-01
4.501302083333333370e-01
4.491547131147540783e-01
4.489667338709677491e-01
4.495287698412698263e-01
4.493408203125000000e-01
4.497596153846153966e-01
4.498106060606060774e-01
4.488106343283582156e-01
4.481847426470588203e-01
4.481431159420289911e-01
4.486607142857143016e-01
4.499339788732394374e-01
4.499782986111111049e-01
4.489511986301369939e-01
4.487964527027026862e-01
4.488541666666666652e-01
4.494243421052631637e-01
4.484577922077921941e-01
4.483173076923077094e-01
4.480814873417721667e-01
4.491210937499999778e-01
4.494598765432099019e-01
4.503620426829268442e-01
4.502070783132530174e-01
4.509858630952380820e-01
4.514705882352941235e-01
4.512172965116278966e-01
4.508800287356322101e-01
4.505504261363636465e-01
4.504037921348314488e-01
4.500000000000000111e-01
4.508928571428571508e-01
4.510020380434782705e-01
4.504368279569892497e-01
4.502160904255319007e-01
4.504934210526315708e-01
4.502766927083333148e-01
4.504671391752577136e-01
4.499362244897959218e-01
4.495738636363636465e-01
4.498437499999999867e-01
4.502629950495049549e-01
4.503676470588235392e-01
4.510012135922329968e-01
4.505709134615384359e-01
4.508184523809523614e-01
4.509139150943396457e-01
4.508615654205607726e-01
4.510995370370370350e-01
4.510464449541284337e-01
4.512073863636363869e-01
4.510838963963963999e-01
4.508928571428571508e-01
4.509126106194690231e-01
4.503837719298245390e-01
4.506114130434782372e-01
4.507004310344827624e-01
4.502537393162392987e-01
4.502780720338983023e-01
4.493828781512604897e-01
4.496744791666666408e-01
4.497675619834710647e-01
4.493468237704917878e-01
4.489964430894308745e-01
4.484627016129032473e-01
4.492499999999999827e-01
4.482266865079365115e-01
4.481422244094488416e-01
4.477539062500000000e-01
4.479166666666666852e-01
4.484374999999999889e-01
4.488907442748091836e-01
4.493963068181818232e-01
4.488956766917293062e-01
4.493353544776119146e-01
4.490162037037037090e-01
4.491613051470588203e-01
4.495323905109488982e-01
4.497282608695652439e-01
4.498651079136690711e-01
4.502790178571428603e-01
4.505208333333333148e-01
4.503741197183098732e-01
4.498470279720279685e-01
4.497612847222222099e-01
4.495689655172414034e-01
4.493792808219178037e-01
4.495642006802720858e-01
4.493771114864865135e-01
4.492973993288590373e-01
4.492708333333333415e-01
4.491928807947019875e-01
4.486019736842105088e-01
4.481719771241829964e-01
4.485085227272727071e-01
4.485383064516129115e-01
4.487680288461538547e-01
4.483976910828025297e-01
4.482298259493671111e-01
4.482606132075471761e-01
4.480468750000000111e-01
4.478357919254658537e-01
4.480131172839506015e-01
4.476131134969325021e-01
4.477419969512195230e-01
4.479166666666666852e-01
4.476656626506024250e-01
4.476515718562874002e-01
4.478701636904761640e-01
4.478088017751479244e-01
4.478400735294117418e-01
4.476882309941520588e-01
4.476744186046511809e-01
4.480220375722543391e-01
4.477819683908045856e-01
4.474107142857142727e-01
4.469992897727272929e-01
4.475194209039548010e-01
4.474631320224718989e-01
4.473638268156424624e-01
4.473524305555555691e-01
4.474274861878452803e-01
4.471583104395604469e-01
4.475751366120218622e-01
4.476052989130434590e-01
4.472550675675675547e-01
4.473706317204301230e-01
4.472342914438502404e-01
4.475149601063829752e-01
4.473792989417989530e-01
4.476562499999999778e-01
4.478075916230366271e-01
4.477314343845371081e-01
4.765625000000000000e-01
4.492187500000000000e-01
4.296875000000000000e-01
4.492187500000000000e-01
4.468750000000000222e-01
4.583333333333333148e-01
4.743303571428571508e-01
4.746093750000000000e-01
4.722222222222222099e-01
4.742187500000000222e-01
4.701704545454545303e-01
4.726562500000000000e-01
4.711538461538461453e-01
4.687500000000000000e-01
4.708333333333333259e-01
4.697265625000000000e-01
4.673713235294117418e-01
4.674479166666666852e-01
4.683388157894736725e-01
4.722656250000000222e-01
4.724702380952380820e-01
4.723011363636363535e-01
4.724864130434782705e-01
4.729817708333333148e-01
4.721874999999999822e-01
4.717548076923077094e-01
4.728009259259259300e-01
4.707031250000000000e-01
4.695581896551724310e-01
4.690104166666666519e-01
4.684979838709677491e-01
4.692382812500000000e-01
4.682765151515151381e-01
4.694393382352941013e-01
4.691964285714285698e-01
4.694010416666666852e-01
4.670608108108108003e-01
4.646381578947368363e-01
4.645432692307692180e-01
4.658203125000000000e-01
4.653201219512195230e-01
4.648437500000000000e-01
4.627543604651162545e-01
4.621803977272727071e-01
4.633680555555555469e-01
4.624660326086956763e-01
4.617686170212765839e-01
4.627278645833333148e-01
4.639668367346938549e-01
4.643749999999999822e-01
4.632352941176470784e-01
4.640925480769230727e-01
4.630011792452830011e-01
4.625289351851851749e-01
4.626420454545454586e-01
4.623325892857143016e-01
4.621710526315789269e-01
4.621497844827586188e-01
4.615995762711864181e-01
4.619791666666666630e-01
4.614497950819672067e-01
4.599294354838709409e-01
4.600694444444444198e-01
4.602050781250000000e-01
4.600961538461538214e-01
4.596354166666666852e-01
4.589552238805970075e-01
4.585248161764705621e-01
4.588994565217391353e-01
4.583705357142857095e-01
4.569762323943661886e-01
4.567057291666666852e-01
4.553724315068493067e-01
4.560810810810810856e-01
4.558333333333333126e-01
4.560032894736842368e-01
4.558644480519480346e-01
4.552283653846153633e-01
4.548061708860759444e-01
4.531250000000000000e-01
4.545717592592592449e-01
4.547446646341463672e-01
4.540662650602409478e-01
4.545200892857143016e-01
4.541360294117647300e-01
4.533066860465116421e-01
4.517780172413793371e-01
4.510830965909091161e-01
4.503160112359550493e-01
4.508680555555555358e-01
4.496909340659340781e-01
4.498980978260869734e-01
4.498487903225806273e-01
4.499667553191489255e-01
4.504934210526315708e-01
4.504394531250000000e-01
4.509503865979381243e-01
4.512117346938775420e-01
4.503630050505050275e-01
4.503906249999999889e-01
4.499535891089108675e-01
4.501378676470588203e-01
4.497876213592232886e-01
4.499699519230769273e-01
4.498511904761904878e-01
4.492187500000000000e-01
4.484521028037383172e-01
4.482060185185185452e-01
4.486811926605504541e-01
4.480113636363636243e-01
4.481278153153153143e-01
4.481724330357143016e-01
4.479397123893805177e-01
4.479166666666666852e-01
4.471467391304347894e-01
4.480738146551724310e-01
4.479166666666666852e-01
4.474311440677966045e-01
4.480042016806722871e-01
4.475911458333333148e-01
4.476368801652892415e-01
4.480020491803278770e-01
4.481072154471544833e-01
4.477066532258064391e-01
4.480624999999999747e-01
4.481026785714285476e-01
4.485728346456692717e-01
4.484252929687500000e-01
4.487039728682170603e-01
4.486177884615384359e-01
4.487714694656488312e-01
4.490411931818181768e-01
4.488369360902255689e-01
4.486940298507462455e-01
4.484374999999999889e-01
4.483570772058823595e-01
4.474224452554744769e-01
4.475203804347825942e-01
4.476731115107913661e-01
4.479352678571428825e-01
4.483045212765957577e-01
4.479533450704225594e-01
4.474431818181818232e-01
4.475911458333333148e-01
4.470905172413793260e-01
4.469713184931506933e-01
4.470663265306122347e-01
4.468961148648648574e-01
4.466757550335570537e-01
4.468229166666666807e-01
4.472785596026490063e-01
4.469572368421052544e-01
4.470486111111111049e-01
4.465807629870129913e-01
4.463709677419354649e-01
4.469150641025640969e-01
4.467555732484076447e-01
4.464497626582278333e-01
4.461477987421383906e-01
4.459960937499999889e-01
4.456036490683230045e-01
4.453125000000000000e-01
4.452166411042944860e-01
4.453125000000000000e-01
4.453125000000000000e-01
4.451242469879518326e-01
4.448914670658682402e-01
4.447079613095238360e-01
4.445728550295858228e-01
4.445772058823529438e-01
4.445358187134502703e-01
4.447220203488372325e-01
4.445899566473988651e-01
4.448186063218390607e-01
4.446875000000000133e-01
4.446022727272727071e-01
4.450476694915254106e-01
4.453125000000000000e-01
4.451379189944134063e-01
4.449218750000000222e-01
4.444924033149171283e-01
4.449690934065934078e-01
4.445440573770491621e-01
4.449728260869565410e-01
4.452280405405405483e-01
4.455225134408601906e-01
4.458138368983957101e-01
4.456449468085106336e-01
4.456845238095238360e-01
4.457236842105263275e-01
4.453534031413612371e-01
4.451271617497457034e-01
5.000000000000000000e-01
5.039062500000000000e-01
4.817708333333333148e-01
5.000000000000000000e-01
4.953124999999999889e-01
4.791666666666666852e-01
4.732142857142856984e-01
4.707031250000000000e-01
4.678819444444444198e-01
4.664062500000000222e-01
4.609375000000000000e-01
4.609375000000000000e-01
4.609375000000000000e-01
4.614955357142856984e-01
4.651041666666666519e-01
4.628906250000000000e-01
4.632352941176470784e-01
4.626736111111111049e-01
4.601151315789473450e-01
4.636718750000000111e-01
4.616815476190476164e-01
4.623579545454545303e-01
4.616168478260869734e-01
4.619140625000000000e-01
4.618749999999999800e-01
4.633413461538461453e-01
4.620949074074073848e-01
4.587053571428571508e-01
4.598599137931034253e-01
4.617187500000000111e-01
4.606854838709677491e-01
4.609375000000000000e-01
4.611742424242424310e-01
4.620863970588235392e-01
4.633928571428571619e-01
4.607204861111111049e-01
4.607263513513513709e-01
4.611430921052631637e-01
4.605368589743589758e-01
4.601562499999999889e-01
4.597942073170731558e-01
4.620535714285714524e-01
4.623909883720930258e-01
4.630681818181818232e-01
4.637152777777777679e-01
4.626358695652174058e-01
4.614361702127659504e-01
4.602864583333333148e-01
4.609375000000000000e-01
4.610937500000000244e-01
4.617034313725490446e-01
4.619891826923077094e-01
4.619693396226415283e-01
4.612268518518518601e-01
4.609375000000000000e-01
4.601004464285714524e-01
4.591557017543859698e-01
4.595905172413793371e-01
4.600105932203389925e-01
4.587239583333333481e-01
4.594006147540983798e-01
4.599294354838709409e-01
4.584573412698412787e-01
4.587402343750000000e-01
4.582932692307692402e-01
4.588068181818181768e-01
4.566231343283582156e-01
4.563419117647058987e-01
4.576539855072463969e-01
4.578125000000000111e-01
4.588468309859154992e-01
4.594184027777777901e-01
4.595462328767123128e-01
4.591427364864865135e-01
4.590624999999999845e-01
4.588815789473684181e-01
4.584009740259740173e-01
4.568309294871794601e-01
4.563884493670886111e-01
4.555664062500000000e-01
4.552469135802469369e-01
4.556021341463414864e-01
4.557605421686746761e-01
4.547991071428571508e-01
4.539522058823529660e-01
4.535792151162790775e-01
4.532147988505746961e-01
4.532137784090908839e-01
4.533005617977527990e-01
4.537326388888888729e-01
4.529532967032967039e-01
4.530400815217391353e-01
4.527889784946236285e-01
4.527925531914893664e-01
4.527960526315789602e-01
4.529622395833333148e-01
4.536082474226804107e-01
4.536033163265306145e-01
4.534406565656565746e-01
4.528125000000000067e-01
4.523514851485148647e-01
4.528186274509803932e-01
4.525940533980582492e-01
4.528996394230769273e-01
4.522321428571428603e-01
4.518720518867924696e-01
4.519567757009345654e-01
4.521846064814814548e-01
4.525516055045871733e-01
4.526278409090909172e-01
4.527730855855855996e-01
4.520089285714285476e-01
4.522262168141593097e-01
4.517543859649122973e-01
4.511548913043478271e-01
4.517106681034482873e-01
4.525240384615384359e-01
4.522643008474576121e-01
4.522715336134453534e-01
4.516276041666666408e-01
4.517045454545454697e-01
4.515881147540983798e-01
4.517276422764227584e-01
4.510458669354838745e-01
4.514374999999999916e-01
4.521949404761904656e-01
4.520792322834645827e-01
4.519653320312500000e-01
4.525799418604651292e-01
4.524639423076923239e-01
4.524093511450381633e-01
4.524147727272727071e-01
4.520089285714285476e-01
4.520172574626865614e-01
4.523148148148148362e-01
4.518612132352941013e-01
4.519844890510948954e-01
4.526154891304347561e-01
4.529001798561150816e-01
4.535714285714285698e-01
4.542331560283687786e-01
4.543904049295774406e-01
4.546000874125873947e-01
4.538845486111111049e-01
4.533943965517241437e-01
4.534460616438356073e-01
4.533375850340136126e-01
4.531777871621621712e-01
4.529677013422818699e-01
4.524479166666666718e-01
4.525041390728476998e-01
4.519428453947368363e-01
4.516952614379085018e-01
4.515523538961038752e-01
4.517137096774193616e-01
4.511718750000000000e-01
4.512340764331210230e-01
4.510482594936708889e-01
4.506191037735848837e-01
4.505859374999999778e-01
4.505531832298136918e-01
4.508584104938271331e-01
4.504888803680981435e-01
4.506002286585366057e-01
4.506155303030303094e-01
4.504894578313253239e-01
4.503648952095808400e-01
4.501953125000000000e-01
4.507673816568047442e-01
4.512408088235294046e-01
4.512061403508771940e-01
4.509447674418604612e-01
4.507315751445086782e-01
4.502514367816091712e-01
4.502232142857142683e-01
4.501065340909091161e-01
4.497263418079096020e-01
4.495259831460673983e-01
4.496770251396647877e-01
4.494357638888888951e-01
4.498014502762430755e-01
4.493904532967032961e-01
4.493254781420765176e-01
4.493461277173912971e-01
4.496621621621621490e-01
4.498487903225806273e-01
4.498663101604278292e-01
4.499251994680851241e-01
4.497354497354497105e-01
4.497532894736842035e-01
4.500981675392670134e-01
4.500101729399796358e-01
3.906250000000000000e-01
4.375000000000000000e-01
4.296875000000000000e-01
4.531250000000000000e-01
4.640624999999999889e-01
4.557291666666666852e-01
4.520089285714285476e-01
4.521484375000000000e-01
4.513888888888888951e-01
4.453125000000000000e-01
4.509943181818181768e-01
4.544270833333333148e-01
4.537259615384615641e-01
4.503348214285714524e-01
4.536458333333333592e-01
4.536132812500000000e-01
4.545036764705882582e-01
4.548611111111111049e-01
4.535361842105263275e-01
4.519531250000000111e-01
4.501488095238095344e-01
4.527698863636363535e-01
4.517663043478261087e-01
4.498697916666666852e-01
4.468750000000000222e-01
4.468149038461538547e-01
4.467592592592592449e-01
4.464285714285714524e-01
4.458512931034482873e-01
4.468750000000000222e-01
4.468245967741935609e-01
4.472656250000000000e-01
4.479166666666666852e-01
4.482996323529411797e-01
4.470982142857142794e-01
4.483506944444444198e-01
4.495354729729729715e-01
4.502467105263157632e-01
4.525240384615384359e-01
4.517578125000000222e-01
4.519817073170731558e-01
4.508928571428571508e-01
4.496729651162790775e-01
4.511718750000000000e-01
4.501736111111110938e-01
4.497282608695652439e-01
4.493018617021276584e-01
4.472656250000000000e-01
4.469068877551020669e-01
4.475000000000000089e-01
4.473039215686274717e-01
4.480168269230769273e-01
4.482606132075471761e-01
4.483506944444444198e-01
4.488636363636363535e-01
4.482421875000000000e-01
4.484649122807017330e-01
4.486799568965517127e-01
4.478283898305084887e-01
4.475260416666666519e-01
4.480020491803278770e-01
4.475806451612903136e-01
4.475446428571428492e-01
4.478759765625000000e-01
4.479567307692307598e-01
4.481534090909091161e-01
4.482276119402985315e-01
4.487591911764705621e-01
4.484827898550724501e-01
4.479910714285714191e-01
4.480633802816901268e-01
4.481336805555555802e-01
4.467037671232876872e-01
4.467905405405405150e-01
4.477083333333333193e-01
4.476768092105263275e-01
4.470373376623376638e-01
4.469150641025640969e-01
4.459058544303797222e-01
4.461914062499999778e-01
4.465663580246913567e-01
4.470274390243902385e-01
4.464420180722891707e-01
4.464285714285714524e-01
4.465992647058823484e-01
4.466751453488372325e-01
4.475574712643677899e-01
4.474431818181818232e-01
4.478581460674157522e-01
4.486979166666666408e-01
4.484890109890110055e-01
4.481148097826087029e-01
4.482526881720430012e-01
4.479720744680851241e-01
4.476973684210526216e-01
4.474283854166666852e-01
4.476481958762886793e-01
4.477838010204081565e-01
4.476010101010101105e-01
4.469531250000000067e-01
4.474009900990099098e-01
4.485294117647058987e-01
4.493325242718446688e-01
4.487680288461538547e-01
4.494791666666666519e-01
4.501031839622641750e-01
4.504964953271027861e-01
4.502314814814814548e-01
4.497563073394495459e-01
4.497159090909090828e-01
4.498170045045045140e-01
4.496372767857143016e-01
4.498755530973451155e-01
4.499040570175438791e-01
4.497961956521739357e-01
4.502289870689655249e-01
4.505876068376068466e-01
4.506091101694915113e-01
4.504989495798319421e-01
4.500651041666666741e-01
4.505423553719008489e-01
4.504994877049180446e-01
4.505843495934959142e-01
4.510458669354838745e-01
4.516249999999999987e-01
4.520089285714285476e-01
4.515871062992126150e-01
4.514770507812500000e-01
4.514898255813953321e-01
4.515624999999999778e-01
4.510973282442747867e-01
4.506983901515151381e-01
4.508341165413533580e-01
4.514925373134328623e-01
4.513888888888888951e-01
4.511144301470588203e-01
4.509010036496350349e-01
4.512001811594202882e-01
4.512702338129496171e-01
4.509486607142856873e-01
4.509640957446808263e-01
4.503741197183098732e-01
4.502294580419580194e-01
4.503580729166666852e-01
4.502693965517241548e-01
4.507705479452054909e-01
4.509991496598639293e-01
4.509607263513513709e-01
4.506082214765100846e-01
4.504687499999999734e-01
4.498654801324503127e-01
4.497327302631579093e-01
4.497549019607843257e-01
4.495738636363636465e-01
4.501512096774193394e-01
4.506710737179487336e-01
4.508359872611464869e-01
4.504054588607595000e-01
4.503242924528301772e-01
4.503417968749999778e-01
4.502620341614906874e-01
4.502797067901234684e-01
4.504888803680981435e-01
4.505525914634146423e-01
4.505208333333333148e-01
4.502541415662650870e-01
4.500842065868263520e-01
4.495442708333333148e-01
4.494267751479290030e-01
4.495863970588235281e-01
4.496984649122807154e-01
4.499909156976744096e-01
4.503703034682081108e-01
4.501616379310344751e-01
4.503571428571428448e-01
4.501065340909091161e-01
4.500794491525423879e-01
4.502282303370786498e-01
4.498079608938547747e-01
4.497829861111111160e-01
4.497151243093922557e-01
4.493904532967032961e-01
4.493681693989071135e-01
4.494735054347825942e-01
4.494087837837837940e-01
4.493447580645161255e-01
4.489889705882352811e-01
4.489694148936170248e-01
4.486607142857143016e-01
4.487664473684210287e-01
4.486256544502617571e-01
4.484231943031536383e-01
5.078125000000000000e-01
4.882812500000000000e-01
4.687500000000000000e-01
4.609375000000000000e-01
4.640624999999999889e-01
4.596354166666666852e-01
4.475446428571428492e-01
4.501953125000000000e-01
4.539930555555555802e-01
4.570312500000000000e-01
4.524147727272727071e-01
4.544270833333333148e-01
4.555288461538461453e-01
4.559151785714285476e-01
4.567708333333333481e-01
4.560546875000000000e-01
4.558823529411764608e-01
4.531250000000000000e-01
4.543585526315789269e-01
4.539062500000000111e-01
4.546130952380952328e-01
4.534801136363636465e-01
4.531250000000000000e-01
4.518229166666666852e-01
4.534374999999999933e-01
4.510216346153846367e-01
4.499421296296296502e-01
4.511718750000000000e-01
4.515086206896551935e-01
4.541666666666666630e-01
4.533770161290322509e-01
4.506835937500000000e-01
4.517045454545454697e-01
4.501378676470588203e-01
4.486607142857143016e-01
4.483506944444444198e-01
4.478462837837837718e-01
4.457236842105263275e-01
4.447115384615384359e-01
4.455078124999999889e-01
4.475990853658536328e-01
4.477306547619047672e-01
4.484011627906976938e-01
4.470880681818181768e-01
4.472222222222222432e-01
4.459918478260869734e-01
4.463098404255319007e-01
4.472656250000000000e-01
4.465880102040816202e-01
4.467187499999999978e-01
4.465379901960784270e-01
4.480168269230769273e-01
4.485554245283018826e-01
4.492187500000000000e-01
4.487215909090909172e-01
4.474051339285714524e-01
4.472313596491228060e-01
4.485452586206896686e-01
4.474311440677966045e-01
4.486979166666666408e-01
4.504354508196721230e-01
4.502268145161290591e-01
4.501488095238095344e-01
4.493408203125000000e-01
4.506009615384615197e-01
4.514678030303030387e-01
4.506763059701492380e-01
4.502527573529411797e-01
4.499547101449275499e-01
4.505580357142857095e-01
4.497139084507042472e-01
4.501953125000000000e-01
4.498073630136986134e-01
4.502744932432432567e-01
4.506249999999999978e-01
4.505550986842105088e-01
4.497767857142856984e-01
4.495192307692307820e-01
4.491693037974683334e-01
4.498046875000000222e-01
4.505208333333333148e-01
4.508384146341463672e-01
4.507718373493975750e-01
4.507998511904761640e-01
4.509191176470588314e-01
4.514898255813953321e-01
4.512392241379310498e-01
4.513494318181818232e-01
4.509304775280899014e-01
4.489583333333333481e-01
4.490899725274725141e-01
4.487092391304347561e-01
4.485047043010752521e-01
4.483876329787234161e-01
4.481907894736842368e-01
4.485677083333333148e-01
4.480509020618556604e-01
4.474649234693877653e-01
4.480744949494949725e-01
4.485156249999999734e-01
4.480971534653465094e-01
4.470741421568627527e-01
4.473604368932038722e-01
4.465144230769230727e-01
4.470238095238095455e-01
4.466391509433962348e-01
4.462616822429906760e-01
4.468315972222222099e-01
4.468893348623853012e-01
4.468039772727272485e-01
4.469313063063062863e-01
4.464285714285714524e-01
4.472483407079645978e-01
4.476425438596491335e-01
4.467391304347825831e-01
4.471982758620689502e-01
4.472489316239316448e-01
4.474311440677966045e-01
4.474133403361344463e-01
4.475260416666666519e-01
4.474431818181818232e-01
4.475537909836065364e-01
4.470909552845528379e-01
4.472026209677419373e-01
4.473750000000000226e-01
4.469866071428571508e-01
4.470349409448818867e-01
4.471435546875000000e-01
4.471899224806201723e-01
4.468149038461538547e-01
4.466245229007633766e-01
4.464962121212120993e-01
4.464873120300751896e-01
4.471198694029850929e-01
4.475694444444444642e-01
4.477826286764705621e-01
4.482208029197080057e-01
4.480865036231884146e-01
4.477293165467625680e-01
4.477678571428571619e-01
4.473625886524822959e-01
4.474581866197183122e-01
4.474431818181818232e-01
4.471028645833333148e-01
4.470905172413793260e-01
4.470783390410958957e-01
4.476509353741496833e-01
4.477934966216216006e-01
4.479865771812080455e-01
4.482812500000000200e-01
4.487789735099337873e-01
4.491159539473684181e-01
4.493464052287581834e-01
4.489143668831168665e-01
4.488911290322580849e-01
4.491185897435897578e-01
4.488953025477707137e-01
4.489220727848101111e-01
4.494398584905660576e-01
4.495605468750000222e-01
4.501649844720496674e-01
4.495563271604938183e-01
4.497220092024539762e-01
4.493140243902439268e-01
4.489583333333333481e-01
4.483245481927710663e-01
4.487743263473054078e-01
4.490792410714285476e-01
4.493343195266272239e-01
4.494485294117647189e-01
4.491045321637426868e-01
4.489007994186046679e-01
4.487897398843930796e-01
4.487248563218390607e-01
4.488839285714285587e-01
4.489968039772727071e-01
4.488435734463276927e-01
4.494820926966291985e-01
4.493278631284916003e-01
4.492187500000000000e-01
4.489813535911602038e-01
4.486177884615384359e-01
4.485997267759562757e-01
4.486667798913043237e-01
4.485641891891891664e-01
4.489247311827956888e-01
4.487383021390374260e-01
4.490525265957446832e-01
4.489087301587301737e-01
4.486842105263157965e-01
4.490755890052355870e-01
4.486266531027466864e-01
4.531250000000000000e-01
4.531250000000000000e-01
4.531250000000000000e-01
4.589843750000000000e-01
4.437499999999999778e-01
4.492187500000000000e-01
4.564732142857143016e-01
4.550781250000000000e-01
4.531250000000000000e-01
4.453125000000000000e-01
4.566761363636363535e-01
4.550781250000000000e-01
4.519230769230769273e-01
4.481026785714285476e-01
4.531250000000000000e-01
4.570312500000000000e-01
4.535845588235294379e-01
4.557291666666666852e-01
4.539473684210526550e-01
4.562499999999999889e-01
4.508928571428571508e-01
4.495738636363636465e-01
4.517663043478261087e-01
4.534505208333333148e-01
4.546875000000000222e-01
4.549278846153846367e-01
4.539930555555555802e-01
4.553571428571428492e-01
4.566271551724138122e-01
4.559895833333333370e-01
4.536290322580645018e-01
4.550781250000000000e-01
4.564393939393939226e-01
4.561121323529411797e-01
4.524553571428571175e-01
4.535590277777777901e-01
4.529138513513513709e-01
4.523026315789473450e-01
4.525240384615384359e-01
4.507812500000000222e-01
4.485518292682926789e-01
4.482886904761904656e-01
4.484011627906976938e-01
4.474431818181818232e-01
4.480902777777777679e-01
4.485394021739130266e-01
4.469747340425531679e-01
4.472656250000000000e-01
4.469068877551020669e-01
4.479687500000000266e-01
4.476102941176470784e-01
4.466646634615384359e-01
4.475235849056603543e-01
4.474826388888888951e-01
4.471590909090908950e-01
4.468470982142856984e-01
4.470942982456140302e-01
4.467941810344827624e-01
4.474311440677966045e-01
4.470052083333333481e-01
4.464651639344262568e-01
4.463205645161290591e-01
4.451884920634920362e-01
4.451904296875000000e-01
4.456730769230769496e-01
4.444839015151514916e-01
4.440298507462686617e-01
4.434742647058823595e-01
4.441802536231884146e-01
4.449776785714285587e-01
4.447623239436619969e-01
4.446614583333333148e-01
4.457405821917808098e-01
4.458403716216216006e-01
4.458333333333333592e-01
4.455180921052631637e-01
4.453125000000000000e-01
4.451121794871794601e-01
4.451147151898734444e-01
4.451171875000000111e-01
4.448302469135802517e-01
4.457888719512195230e-01
4.460655120481927804e-01
4.463355654761904656e-01
4.458639705882352922e-01
4.464026162790697416e-01
4.465696839080459668e-01
4.470880681818181768e-01
4.464536516853932491e-01
4.457465277777777901e-01
4.456559065934065922e-01
4.448029891304347561e-01
4.444724462365591267e-01
4.445644946808510745e-01
4.449013157894736725e-01
4.441731770833333148e-01
4.437016752577319645e-01
4.433195153061224580e-01
4.427872474747474585e-01
4.432031249999999756e-01
4.436107673267326579e-01
4.438572303921568540e-01
4.439472087378640852e-01
4.437349759615384359e-01
4.440476190476190244e-01
4.448702830188679402e-01
4.448014018691588967e-01
4.449508101851851749e-01
4.443090596330275255e-01
4.448863636363636354e-01
