3.266056656837463379e+01
3.162257289886474609e+01
3.123520040512084961e+01
3.076504158973693848e+01
3.112880063056945801e+01
3.263662314414978027e+01
2.921463060379028320e+01
3.108708310127258301e+01
3.000267958641052246e+01
3.199153017997741699e+01
3.379237127304077148e+01
3.384311985969543457e+01
3.229354333877563477e+01
2.978143453598022461e+01
3.194143772125244141e+01
3.104539012908935547e+01
3.179268789291381836e+01
2.789021372795104980e+01
3.242531919479370117e+01
3.285162830352783203e+01
2.988056635856628418e+01
2.907618641853332520e+01
3.022159862518310547e+01
3.134440732002258301e+01
3.408477759361267090e+01
3.135053586959838867e+01
2.984713673591613770e+01
3.104296278953552246e+01
3.135440182685852051e+01
3.088799595832824707e+01
3.191626763343811035e+01
3.063359165191650391e+01
3.240918087959289551e+01
3.354870367050170898e+01
3.019834351539611816e+01
2.844312548637390137e+01
3.102394127845764160e+01
3.175861549377441406e+01
3.236931657791137695e+01
3.037819957733154297e+01
2.925881314277648926e+01
3.386955046653747559e+01
3.298044276237487793e+01
3.465746426582336426e+01
3.050755882263183594e+01
3.098067450523376465e+01
3.255427765846252441e+01
3.217885303497314453e+01
3.326941156387329102e+01
3.197642326354980469e+01
3.296541595458984375e+01
3.233224463462829590e+01
3.006967163085937500e+01
3.202144646644592285e+01
3.141603660583496094e+01
3.041260504722595215e+01
2.992842364311218262e+01
2.920174837112426758e+01
3.041030597686767578e+01
3.184016656875610352e+01
3.305660748481750488e+01
3.093645620346069336e+01
2.917197704315185547e+01
3.160397768020629883e+01
3.006674671173095703e+01
3.157146596908569336e+01
3.221689867973327637e+01
3.111352133750915527e+01
3.108447265625000000e+01
3.059349346160888672e+01
3.094334793090820312e+01
3.084765958786010742e+01
3.194607472419738770e+01
3.165821027755737305e+01
2.969841051101684570e+01
3.056678676605224609e+01
3.167961406707763672e+01
3.228299331665039062e+01
3.020209264755249023e+01
3.301187181472778320e+01
2.972002339363098145e+01
2.982475256919860840e+01
3.254119181632995605e+01
3.077031898498535156e+01
3.101646041870117188e+01
3.056018090248107910e+01
3.260027408599853516e+01
3.101555514335632324e+01
2.983923363685607910e+01
2.941383576393127441e+01
2.834913015365600586e+01
3.076305031776428223e+01
3.171834588050842285e+01
3.285404253005981445e+01
2.812189412117004395e+01
2.954162859916687012e+01
2.996074104309082031e+01
3.089681291580200195e+01
3.154406285285949707e+01
2.957303357124328613e+01
2.682494235038757324e+01
3.279967236518859863e+01
3.096955919265747070e+01
3.032455515861511230e+01
3.045829439163208008e+01
2.952980518341064453e+01
3.288266825675964355e+01
3.112821316719055176e+01
3.298051905632019043e+01
3.065399003028869629e+01
3.192346453666687012e+01
3.177936697006225586e+01
3.009853863716125488e+01
3.279691910743713379e+01
2.894018721580505371e+01
3.139859032630920410e+01
3.173307633399963379e+01
2.995694422721862793e+01
3.099026370048522949e+01
3.033383393287658691e+01
3.143279504776000977e+01
2.992645692825317383e+01
2.931347012519836426e+01
2.982387375831604004e+01
2.994515776634216309e+01
3.010663175582885742e+01
2.973836421966552734e+01
3.171831417083740234e+01
3.206342482566833496e+01
2.758206200599670410e+01
3.236081147193908691e+01
3.026587152481079102e+01
3.198801660537719727e+01
3.114401268959045410e+01
3.250317358970642090e+01
3.100080513954162598e+01
2.898975729942321777e+01
3.144307088851928711e+01
3.018097710609436035e+01
3.262298250198364258e+01
3.207139015197753906e+01
3.132435083389282227e+01
3.314006638526916504e+01
2.938558006286621094e+01
2.944228553771972656e+01
3.147163319587707520e+01
3.184573435783386230e+01
3.214192605018615723e+01
3.117101573944091797e+01
2.877053570747375488e+01
2.974583125114440918e+01
3.099742341041564941e+01
2.912539458274841309e+01
2.724770498275756836e+01
3.275463867187500000e+01
3.128869605064392090e+01
3.057094645500183105e+01
2.952527523040771484e+01
3.014667773246765137e+01
3.196212172508239746e+01
2.982836937904357910e+01
3.013534355163574219e+01
3.216211605072021484e+01
2.632033920288085938e+01
3.017848896980285645e+01
3.150879931449890137e+01
3.161830472946166992e+01
2.970167064666748047e+01
2.962660050392150879e+01
3.341836571693420410e+01
3.094700121879577637e+01
3.215982627868652344e+01
3.311188936233520508e+01
3.188249325752258301e+01
3.156998252868652344e+01
3.060563349723815918e+01
2.721197199821472168e+01
3.279626011848449707e+01
3.093695068359375000e+01
3.146645975112915039e+01
3.087289929389953613e+01
3.076037120819091797e+01
2.981237912178039551e+01
2.963565325736999512e+01
2.949422502517700195e+01
3.142091488838195801e+01
3.043374657630920410e+01
3.074407696723937988e+01
3.338665032386779785e+01
3.161402034759521484e+01
3.211771392822265625e+01
3.003939843177795410e+01
2.802594947814941406e+01
3.196350789070129395e+01
3.074492907524108887e+01
3.128090858459472656e+01
3.200118875503540039e+01
3.119242477416992188e+01
2.874252963066101074e+01
3.111717462539672852e+01
3.070953464508056641e+01
3.142583179473876953e+01
3.194845676422119141e+01
3.038950538635253906e+01
3.147637081146240234e+01
2.936169362068176270e+01
3.186732077598571777e+01
3.027142119407653809e+01
3.102537608146667480e+01
2.991282916069030762e+01
3.134945797920227051e+01
3.141278529167175293e+01
3.092491269111633301e+01
2.927028942108154297e+01
3.215229487419128418e+01
2.931221461296081543e+01
3.056543445587158203e+01
3.127162575721740723e+01
2.926500558853149414e+01
3.102502822875976562e+01
3.140682053565979004e+01
3.345963215827941895e+01
3.408598542213439941e+01
2.939185667037963867e+01
3.311372470855712891e+01
3.193667387962341309e+01
3.001577949523925781e+01
2.921877145767211914e+01
3.054377341270446777e+01
2.907697033882141113e+01
3.251117324829101562e+01
3.024186897277832031e+01
3.252112436294555664e+01
2.922241687774658203e+01
3.247168040275573730e+01
3.242826199531555176e+01
2.872869992256164551e+01
3.090647172927856445e+01
3.216439652442932129e+01
3.129206728935241699e+01
3.045357322692871094e+01
3.150631642341613770e+01
2.713033795356750488e+01
2.988010859489440918e+01
3.116339254379272461e+01
3.167813801765441895e+01
3.133908152580261230e+01
3.095383405685424805e+01
3.007117986679077148e+01
2.728763318061828613e+01
2.870764660835266113e+01
2.701836705207824707e+01
2.908201265335083008e+01
3.050482153892517090e+01
2.851657128334045410e+01
2.864590740203857422e+01
2.897457814216613770e+01
3.018944883346557617e+01
3.211222028732299805e+01
3.102451753616333008e+01
2.922987484931945801e+01
2.949139833450317383e+01
2.985004997253417969e+01
3.186074161529541016e+01
3.030032515525817871e+01
3.001594996452331543e+01
2.913383340835571289e+01
3.009410548210144043e+01
3.055522918701171875e+01
3.181547617912292480e+01
3.015529298782348633e+01
3.026430583000183105e+01
2.954588913917541504e+01
3.172074866294860840e+01
3.057517409324645996e+01
3.074522042274475098e+01
3.245757913589477539e+01
2.918306899070739746e+01
2.969476628303527832e+01
2.868861651420593262e+01
3.249502468109130859e+01
3.183146286010742188e+01
3.028155541419982910e+01
3.017577552795410156e+01
3.113007688522338867e+01
3.228811693191528320e+01
3.138984680175781250e+01
3.062002348899841309e+01
3.228010225296020508e+01
3.038601899147033691e+01
2.833196187019348145e+01
3.028750419616699219e+01
3.129973745346069336e+01
2.853328895568847656e+01
2.993138933181762695e+01
3.078323817253112793e+01
2.987738132476806641e+01
2.857570481300354004e+01
3.011708879470825195e+01
2.968730068206787109e+01
3.253400325775146484e+01
3.081962990760803223e+01
2.955199623107910156e+01
3.155906033515930176e+01
2.895161151885986328e+01
2.840679788589477539e+01
3.094525098800659180e+01
2.978671169281005859e+01
3.063369464874267578e+01
2.953585767745971680e+01
2.931201887130737305e+01
3.082515597343444824e+01
2.979816889762878418e+01
3.054510521888732910e+01
3.059056830406188965e+01
3.166908717155456543e+01
3.154799747467041016e+01
3.085815191268920898e+01
2.861488795280456543e+01
2.971811223030090332e+01
3.051542830467224121e+01
3.075254225730895996e+01
3.104845046997070312e+01
3.108594059944152832e+01
2.784944677352905273e+01
3.099499797821044922e+01
2.957396316528320312e+01
3.139902091026306152e+01
2.792048645019531250e+01
3.232150673866271973e+01
2.862856340408325195e+01
2.997129464149475098e+01
3.117479920387268066e+01
3.191093182563781738e+01
2.931720209121704102e+01
3.145647048950195312e+01
2.866704297065734863e+01
2.955851125717163086e+01
2.831190705299377441e+01
3.163756394386291504e+01
3.020152354240417480e+01
2.833188891410827637e+01
2.942684602737426758e+01
3.124795508384704590e+01
2.818362736701965332e+01
3.036465430259704590e+01
3.125319623947143555e+01
3.028445553779602051e+01
3.026918196678161621e+01
3.135694503784179688e+01
2.923428058624267578e+01
2.912254118919372559e+01
3.129043555259704590e+01
3.153479528427124023e+01
3.165040564537048340e+01
3.091636109352111816e+01
2.925639748573303223e+01
3.147081661224365234e+01
3.267995977401733398e+01
3.047409439086914062e+01
3.085538816452026367e+01
2.964212942123413086e+01
2.879787874221801758e+01
2.963897466659545898e+01
3.107408070564270020e+01
2.765069794654846191e+01
3.313041114807128906e+01
2.837615752220153809e+01
2.956635975837707520e+01
3.190609264373779297e+01
2.942363119125366211e+01
2.954602479934692383e+01
3.101652717590332031e+01
3.003961825370788574e+01
2.999650955200195312e+01
3.008455157279968262e+01
3.110404539108276367e+01
3.128752088546752930e+01
3.128148651123046875e+01
2.798121643066406250e+01
3.015207338333129883e+01
2.915350723266601562e+01
2.800166797637939453e+01
3.011884546279907227e+01
3.070216560363769531e+01
2.894453167915344238e+01
2.975186085700988770e+01
3.168685221672058105e+01
2.968714046478271484e+01
2.931574559211730957e+01
3.013267588615417480e+01
2.847830009460449219e+01
2.926267409324645996e+01
2.906586956977844238e+01
2.935920882225036621e+01
2.787601280212402344e+01
3.167013430595397949e+01
2.732933759689331055e+01
3.132763481140136719e+01
3.094544339179992676e+01
3.193781185150146484e+01
3.108203625679016113e+01
2.794641470909118652e+01
3.007589006423950195e+01
3.029973697662353516e+01
2.984034061431884766e+01
2.992226576805114746e+01
2.952716970443725586e+01
3.237471413612365723e+01
2.950343418121337891e+01
3.021022462844848633e+01
2.772627401351928711e+01
2.861109018325805664e+01
3.052377271652221680e+01
3.076000928878784180e+01
2.923531508445739746e+01
3.048550438880920410e+01
3.179633688926696777e+01
3.189903426170349121e+01
3.103171229362487793e+01
2.906410646438598633e+01
3.129474401473999023e+01
2.865560150146484375e+01
2.910836791992187500e+01
2.882528710365295410e+01
3.203986597061157227e+01
2.964794182777404785e+01
2.932078695297241211e+01
2.829729604721069336e+01
3.100951957702636719e+01
2.848274636268615723e+01
3.085515499114990234e+01
2.976646304130554199e+01
2.804399991035461426e+01
2.874651074409484863e+01
2.977211904525756836e+01
2.852877640724182129e+01
2.980212163925170898e+01
3.092661714553833008e+01
2.819553589820861816e+01
2.743333506584167480e+01
3.065357470512390137e+01
3.094582819938659668e+01
3.162781858444213867e+01
2.866029667854309082e+01
2.984215998649597168e+01
2.787082123756408691e+01
3.032296657562255859e+01
2.840601754188537598e+01
2.942227077484130859e+01
2.705239057540893555e+01
3.105994439125061035e+01
2.917072081565856934e+01
2.915426516532897949e+01
2.819489169120788574e+01
2.971929955482482910e+01
2.977112770080566406e+01
2.993377017974853516e+01
2.889664578437805176e+01
2.886186146736145020e+01
2.932408285140991211e+01
3.037494087219238281e+01
2.787513303756713867e+01
2.920511794090270996e+01
2.798167324066162109e+01
3.010639572143554688e+01
3.135103988647460938e+01
3.033030629158020020e+01
3.086042833328247070e+01
2.825712990760803223e+01
3.010632491111755371e+01
3.048306751251220703e+01
3.210894584655761719e+01
2.899327087402343750e+01
3.133811330795288086e+01
2.911612033843994141e+01
3.167985510826110840e+01
2.962753653526306152e+01
3.005539631843566895e+01
2.923067355155944824e+01
2.874318170547485352e+01
2.805687737464904785e+01
3.083883190155029297e+01
2.815706467628479004e+01
3.096293163299560547e+01
3.056839966773986816e+01
2.935182976722717285e+01
3.119786095619201660e+01
3.061336326599121094e+01
2.955031585693359375e+01
2.819871783256530762e+01
3.028843736648559570e+01
3.110944700241088867e+01
3.197766304016113281e+01
3.054006361961364746e+01
3.087680840492248535e+01
3.025960898399353027e+01
2.828149938583374023e+01
2.992619156837463379e+01
3.233816266059875488e+01
3.041230678558349609e+01
2.914008760452270508e+01
3.098011684417724609e+01
2.859300851821899414e+01
2.806423330307006836e+01
3.195471262931823730e+01
2.826019382476806641e+01
2.909676027297973633e+01
3.039335751533508301e+01
3.125754737854003906e+01
2.942862081527709961e+01
2.892716526985168457e+01
2.877344346046447754e+01
2.787358546257019043e+01
2.869645237922668457e+01
2.773495602607727051e+01
3.161747956275939941e+01
2.870326590538024902e+01
2.873324561119079590e+01
3.120233201980590820e+01
3.086936211585998535e+01
2.837541985511779785e+01
3.053595972061157227e+01
2.826532340049743652e+01
3.034651660919189453e+01
2.982224678993225098e+01
3.141429066658020020e+01
3.002996683120727539e+01
2.846134734153747559e+01
3.005623149871826172e+01
2.756613159179687500e+01
3.055604028701782227e+01
2.874756884574890137e+01
3.118976140022277832e+01
3.038933968544006348e+01
2.872454810142517090e+01
3.157588911056518555e+01
2.990545034408569336e+01
2.950933909416198730e+01
2.891656661033630371e+01
3.183587026596069336e+01
2.986272668838500977e+01
2.937191128730773926e+01
3.089422655105590820e+01
3.145822381973266602e+01
2.824217319488525391e+01
3.137851881980895996e+01
2.909813070297241211e+01
2.948951458930969238e+01
3.003716325759887695e+01
2.830909371376037598e+01
3.094860100746154785e+01
3.103623938560485840e+01
3.215021824836730957e+01
3.043393230438232422e+01
2.676772856712341309e+01
2.772939324378967285e+01
2.870280027389526367e+01
3.141962623596191406e+01
3.104349517822265625e+01
3.061004972457885742e+01
3.177856016159057617e+01
2.882865524291992188e+01
2.879150724411010742e+01
3.084795856475830078e+01
3.134841251373291016e+01
3.060741901397705078e+01
3.157159113883972168e+01
2.877782702445983887e+01
2.975363445281982422e+01
2.864684200286865234e+01
3.187801599502563477e+01
2.910076332092285156e+01
3.142010879516601562e+01
2.941137027740478516e+01
2.821181035041809082e+01
2.971496820449829102e+01
2.987663865089416504e+01
3.086850404739379883e+01
2.903734564781188965e+01
2.789864516258239746e+01
2.822642612457275391e+01
2.658430337905883789e+01
3.044191718101501465e+01
3.037165236473083496e+01
2.670893979072570801e+01
2.694845986366271973e+01
2.911896944046020508e+01
2.914682292938232422e+01
2.618709993362426758e+01
2.825897049903869629e+01
2.750713944435119629e+01
3.067170882225036621e+01
3.028652548789978027e+01
2.926101970672607422e+01
2.900788450241088867e+01
2.999395680427551270e+01
3.023487710952758789e+01
3.188489198684692383e+01
2.897538447380065918e+01
2.862122440338134766e+01
3.034212827682495117e+01
3.023577737808227539e+01
3.228085017204284668e+01
3.086729454994201660e+01
2.946653223037719727e+01
3.010627913475036621e+01
2.654415822029113770e+01
3.043080997467041016e+01
3.043812251091003418e+01
3.040704655647277832e+01
3.250859737396240234e+01
3.046683812141418457e+01
2.916999101638793945e+01
2.810695695877075195e+01
3.156739759445190430e+01
2.968288540840148926e+01
2.883299183845520020e+01
2.997851467132568359e+01
2.734195947647094727e+01
3.098845458030700684e+01
2.858029532432556152e+01
2.856159186363220215e+01
2.637583279609680176e+01
3.120731806755065918e+01
3.078464889526367188e+01
3.008095741271972656e+01
3.112411808967590332e+01
3.020182681083679199e+01
3.045768284797668457e+01
2.886892008781433105e+01
2.933239722251892090e+01
2.761455869674682617e+01
2.900997614860534668e+01
3.099081897735595703e+01
2.984034371376037598e+01
2.872542715072631836e+01
3.240076017379760742e+01
3.046754026412963867e+01
2.900212335586547852e+01
3.017858052253723145e+01
3.013111519813537598e+01
2.931328582763671875e+01
3.115350914001464844e+01
2.831789207458496094e+01
3.051812410354614258e+01
2.781293082237243652e+01
3.086875343322753906e+01
2.998985385894775391e+01
2.829612374305725098e+01
2.847232961654663086e+01
3.030853605270385742e+01
2.833191680908203125e+01
3.077492451667785645e+01
3.163619828224182129e+01
3.163043642044067383e+01
3.084670996665954590e+01
2.890861439704895020e+01
2.839924383163452148e+01
2.994103288650512695e+01
3.086351013183593750e+01
2.995691609382629395e+01
3.173328995704650879e+01
3.063380098342895508e+01
2.742753839492797852e+01
2.613155150413513184e+01
2.973981642723083496e+01
3.076262378692626953e+01
2.729421257972717285e+01
3.050288629531860352e+01
2.895566701889038086e+01
2.890558385848999023e+01
3.091613912582397461e+01
2.867508888244628906e+01
3.021526598930358887e+01
2.994875836372375488e+01
3.046767807006835938e+01
3.080465483665466309e+01
2.808059930801391602e+01
2.948264074325561523e+01
2.920183348655700684e+01
2.687521171569824219e+01
3.032629156112670898e+01
3.001716160774230957e+01
2.767336511611938477e+01
3.104444766044616699e+01
2.894768500328063965e+01
2.927061295509338379e+01
2.800619506835937500e+01
3.046926856040954590e+01
3.097578144073486328e+01
3.043616890907287598e+01
3.223172569274902344e+01
2.982037281990051270e+01
2.940892577171325684e+01
2.541347217559814453e+01
2.950801753997802734e+01
2.986986374855041504e+01
3.115168690681457520e+01
2.872454237937927246e+01
2.886665987968444824e+01
2.979880332946777344e+01
2.807608294486999512e+01
2.915661478042602539e+01
3.016025400161743164e+01
2.917773938179016113e+01
2.918121600151062012e+01
3.124229335784912109e+01
2.695163893699645996e+01
2.958862209320068359e+01
2.951908779144287109e+01
2.992574524879455566e+01
3.151975393295288086e+01
2.666386628150939941e+01
3.133738517761230469e+01
2.956215691566467285e+01
3.060067296028137207e+01
2.819645380973815918e+01
2.960057449340820312e+01
3.086611366271972656e+01
2.915276861190795898e+01
2.993830990791320801e+01
2.911382770538330078e+01
3.031087851524353027e+01
3.102807617187500000e+01
2.800421714782714844e+01
2.936746764183044434e+01
2.929444074630737305e+01
2.895524477958679199e+01
3.035658693313598633e+01
2.925434803962707520e+01
2.952004098892211914e+01
3.011088562011718750e+01
3.014754176139831543e+01
2.594306278228759766e+01
2.866198611259460449e+01
3.107534170150756836e+01
3.096336388587951660e+01
3.004206824302673340e+01
2.987362456321716309e+01
2.862168812751770020e+01
3.004854488372802734e+01
2.975604081153869629e+01
2.866693449020385742e+01
2.944241571426391602e+01
2.864234542846679688e+01
2.814393210411071777e+01
3.027896833419799805e+01
2.969294309616088867e+01
2.632460808753967285e+01
3.133332324028015137e+01
2.764900565147399902e+01
2.753654527664184570e+01
2.977609181404113770e+01
3.029107952117919922e+01
2.664626574516296387e+01
3.042440891265869141e+01
3.009447646141052246e+01
3.049904942512512207e+01
2.976488494873046875e+01
3.064998459815979004e+01
2.860671639442443848e+01
2.796185636520385742e+01
3.108084034919738770e+01
3.125612854957580566e+01
2.808624124526977539e+01
2.969583702087402344e+01
3.186183047294616699e+01
2.688995790481567383e+01
2.930925917625427246e+01
2.680996060371398926e+01
3.027681541442871094e+01
2.796213269233703613e+01
3.017145371437072754e+01
3.027618765830993652e+01
2.926582860946655273e+01
2.872443151473999023e+01
3.012469434738159180e+01
3.132579541206359863e+01
2.952361488342285156e+01
3.122369623184204102e+01
2.954516935348510742e+01
3.169437074661254883e+01
3.010216975212097168e+01
3.070608925819396973e+01
3.124761176109313965e+01
2.662035202980041504e+01
3.096373391151428223e+01
3.192476415634155273e+01
2.903255510330200195e+01
2.890180087089538574e+01
2.902656650543212891e+01
2.840393853187561035e+01
3.034030175209045410e+01
3.122574687004089355e+01
2.728813314437866211e+01
2.988300871849060059e+01
2.974297952651977539e+01
2.899844050407409668e+01
2.714145779609680176e+01
2.795503544807434082e+01
2.999712204933166504e+01
3.039189076423645020e+01
2.960277032852172852e+01
3.016272377967834473e+01
2.917414832115173340e+01
2.803201866149902344e+01
3.083716011047363281e+01
2.825737261772155762e+01
3.029077625274658203e+01
2.896281981468200684e+01
3.024623751640319824e+01
2.965135455131530762e+01
2.721878576278686523e+01
2.924541807174682617e+01
3.147418069839477539e+01
2.926423287391662598e+01
2.769946670532226562e+01
2.868471097946166992e+01
2.670952057838439941e+01
3.046619081497192383e+01
3.154778647422790527e+01
3.046551227569580078e+01
2.866787815093994141e+01
2.886429572105407715e+01
2.852387166023254395e+01
2.955453538894653320e+01
3.032951140403747559e+01
2.559681534767150879e+01
2.820638847351074219e+01
3.097658395767211914e+01
2.878222656250000000e+01
2.539179944992065430e+01
2.821639394760131836e+01
2.868441057205200195e+01
2.907113099098205566e+01
2.599360632896423340e+01
2.680330109596252441e+01
2.971418094635009766e+01
2.908049893379211426e+01
2.888860511779785156e+01
3.052009344100952148e+01
2.886365127563476562e+01
2.726497912406921387e+01
2.961354184150695801e+01
2.940301585197448730e+01
2.622534298896789551e+01
2.859466791152954102e+01
2.954970097541809082e+01
3.004256868362426758e+01
2.950371932983398438e+01
2.992349886894226074e+01
2.869856786727905273e+01
3.074616980552673340e+01
2.717705821990966797e+01
3.162071347236633301e+01
2.902087497711181641e+01
3.105120086669921875e+01
2.609887909889221191e+01
3.096175003051757812e+01
3.259896636009216309e+01
2.672670674324035645e+01
2.918418574333190918e+01
2.984873890876770020e+01
3.137346315383911133e+01
3.069290089607238770e+01
2.979741859436035156e+01
3.171870803833007812e+01
3.010746550559997559e+01
2.957543897628784180e+01
2.823098993301391602e+01
2.869844698905944824e+01
3.011642098426818848e+01
3.044913387298583984e+01
2.977902317047119141e+01
2.973081183433532715e+01
2.840359616279602051e+01
3.047189140319824219e+01
3.174038505554199219e+01
2.881088471412658691e+01
3.190821266174316406e+01
2.948521995544433594e+01
2.612486886978149414e+01
3.017372393608093262e+01
2.795596981048583984e+01
3.085375690460205078e+01
2.741308450698852539e+01
3.047084093093872070e+01
2.969845724105834961e+01
3.082799649238586426e+01
2.841886520385742188e+01
2.922181344032287598e+01
3.037091231346130371e+01
2.989595937728881836e+01
3.269835114479064941e+01
3.058367967605590820e+01
3.123384475708007812e+01
3.010053467750549316e+01
2.949082732200622559e+01
3.094644999504089355e+01
3.173357987403869629e+01
2.929356026649475098e+01
2.944171571731567383e+01
3.040166544914245605e+01
2.996730017662048340e+01
2.952601289749145508e+01
3.027134251594543457e+01
3.088414144515991211e+01
2.763833284378051758e+01
2.765628170967102051e+01
3.034989976882934570e+01
3.176292085647583008e+01
2.986595988273620605e+01
2.784438729286193848e+01
3.211263537406921387e+01
2.789296340942382812e+01
3.065167045593261719e+01
2.540115523338317871e+01
2.821280837059020996e+01
3.099758076667785645e+01
2.852467250823974609e+01
2.914599394798278809e+01
3.095725774765014648e+01
3.104510402679443359e+01
2.904637360572814941e+01
3.018812131881713867e+01
2.844474983215332031e+01
2.879277658462524414e+01
2.876591897010803223e+01
3.101676535606384277e+01
3.043001461029052734e+01
3.053996205329895020e+01
2.955923557281494141e+01
3.056525158882141113e+01
3.118071985244750977e+01
2.993213510513305664e+01
2.714904856681823730e+01
3.015755319595336914e+01
2.795134234428405762e+01
3.120554852485656738e+01
2.919859504699707031e+01
3.039118051528930664e+01
2.694103288650512695e+01
2.971823430061340332e+01
2.865468883514404297e+01
3.000227475166320801e+01
2.603159141540527344e+01
2.885049200057983398e+01
2.735195207595825195e+01
3.123685002326965332e+01
2.998424196243286133e+01
2.895469999313354492e+01
3.055585646629333496e+01
2.979484629631042480e+01
3.220916247367858887e+01
2.762259650230407715e+01
3.118591785430908203e+01
3.066684889793395996e+01
2.945156788825988770e+01
2.930874657630920410e+01
2.979126763343811035e+01
3.081375479698181152e+01
2.996714115142822266e+01
2.953396344184875488e+01
2.875912094116210938e+01
2.829031085968017578e+01
3.113011598587036133e+01
2.921564173698425293e+01
3.052722406387329102e+01
2.977971386909484863e+01
3.167669177055358887e+01
3.082406449317932129e+01
3.089436316490173340e+01
2.751402854919433594e+01
2.937365293502807617e+01
3.026500177383422852e+01
2.861989140510559082e+01
2.767120718955993652e+01
2.841515493392944336e+01
2.783020257949829102e+01
2.912008738517761230e+01
2.844001078605651855e+01
2.944677686691284180e+01
2.785159802436828613e+01
2.852261805534362793e+01
2.984909629821777344e+01
2.955745458602905273e+01
3.087193632125854492e+01
2.999982762336730957e+01
3.165206813812255859e+01
3.092205429077148438e+01
2.925166153907775879e+01
2.835519647598266602e+01
3.018339323997497559e+01
2.897229886054992676e+01
2.916155076026916504e+01
2.878701639175415039e+01
2.818761682510375977e+01
2.639823436737060547e+01
2.945304226875305176e+01
2.931564474105834961e+01
2.869365358352661133e+01
3.022502326965332031e+01
2.805753087997436523e+01
2.680462479591369629e+01
2.865313649177551270e+01
3.107031893730163574e+01
3.005130553245544434e+01
2.952876663208007812e+01
2.754022407531738281e+01
2.874840664863586426e+01
2.946849370002746582e+01
2.840836000442504883e+01
2.965048623085021973e+01
2.743864774703979492e+01
2.916637372970581055e+01
2.981411790847778320e+01
2.967033076286315918e+01
3.043362331390380859e+01
2.979099488258361816e+01
3.049984550476074219e+01
2.919200372695922852e+01
2.856966280937194824e+01
2.769011592864990234e+01
3.143612980842590332e+01
2.922931337356567383e+01
3.037687015533447266e+01
3.082822799682617188e+01
3.100943303108215332e+01
3.189561986923217773e+01
2.672173810005187988e+01
2.861455798149108887e+01
3.118481755256652832e+01
2.895631194114685059e+01
2.794090056419372559e+01
2.704897999763488770e+01
3.003056573867797852e+01
2.907487010955810547e+01
3.058899116516113281e+01
2.823437571525573730e+01
2.938127088546752930e+01
2.877885961532592773e+01
2.924036121368408203e+01
3.015125536918640137e+01
2.957108974456787109e+01
2.867717099189758301e+01
2.714961361885070801e+01
3.051153826713562012e+01
2.967915558815002441e+01
3.018690252304077148e+01
2.776315593719482422e+01
3.045606899261474609e+01
2.612124586105346680e+01
2.956200695037841797e+01
2.818720841407775879e+01
2.910721158981323242e+01
2.929266095161437988e+01
3.117866563796997070e+01
2.800384950637817383e+01
2.763316702842712402e+01
2.693994951248168945e+01
3.046038007736206055e+01
2.991569137573242188e+01
2.990243840217590332e+01
2.760779666900634766e+01
3.074650478363037109e+01
2.796484279632568359e+01
2.854786872863769531e+01
2.668297123908996582e+01
2.857224488258361816e+01
2.641174221038818359e+01
2.924259257316589355e+01
3.018754148483276367e+01
3.017595267295837402e+01
3.105243110656738281e+01
2.849723792076110840e+01
2.840219259262084961e+01
2.935044193267822266e+01
2.627933454513549805e+01
2.843944907188415527e+01
2.740410685539245605e+01
2.948282957077026367e+01
3.079507994651794434e+01
2.929031753540039062e+01
2.947769546508789062e+01
3.086350393295288086e+01
3.006364893913269043e+01
3.005804014205932617e+01
2.779332947731018066e+01
3.076027703285217285e+01
3.072773385047912598e+01
2.988164615631103516e+01
2.868642950057983398e+01
2.961953830718994141e+01
2.843506240844726562e+01
2.909413671493530273e+01
2.994573116302490234e+01
2.821548080444335938e+01
2.832490921020507812e+01
2.980692648887634277e+01
3.043206357955932617e+01
3.286427330970764160e+01
2.824308323860168457e+01
2.967053818702697754e+01
2.869364857673645020e+01
2.944710564613342285e+01
2.815229749679565430e+01
3.092280721664428711e+01
3.009382057189941406e+01
2.735342121124267578e+01
2.833916473388671875e+01
3.106138086318969727e+01
3.023776698112487793e+01
2.714996337890625000e+01
3.097344779968261719e+01
2.954606866836547852e+01
3.162824487686157227e+01
2.913677215576171875e+01
2.867252516746520996e+01
2.868317794799804688e+01
3.003530859947204590e+01
3.072650170326232910e+01
3.027558946609497070e+01
3.181063461303710938e+01
2.866920065879821777e+01
2.870422649383544922e+01
2.832977437973022461e+01
2.967514944076538086e+01
3.164827656745910645e+01
2.922851109504699707e+01
2.830495166778564453e+01
3.112901258468627930e+01
3.087234759330749512e+01
3.126678061485290527e+01
2.828713297843933105e+01
2.941390204429626465e+01
2.749544858932495117e+01
2.915217137336730957e+01
2.772577071189880371e+01
2.939151549339294434e+01
3.058409500122070312e+01
3.043983197212219238e+01
3.051919221878051758e+01
2.946262979507446289e+01
2.767965888977050781e+01
3.073857450485229492e+01
2.721359705924987793e+01
2.830193042755126953e+01
2.850410079956054688e+01
2.962077474594116211e+01
3.146701693534851074e+01
3.090140867233276367e+01
2.835883951187133789e+01
2.664858865737915039e+01
2.997300672531127930e+01
2.955454540252685547e+01
2.907980608940124512e+01
2.957956457138061523e+01
3.100879740715026855e+01
2.718108749389648438e+01
2.924722075462341309e+01
2.875494194030761719e+01
2.801140427589416504e+01
3.115856385231018066e+01
2.673730897903442383e+01
3.161940360069274902e+01
2.975615429878234863e+01
2.778128695487976074e+01
2.944925928115844727e+01
2.842844200134277344e+01
2.984047985076904297e+01
3.042966341972351074e+01
2.791670274734497070e+01
3.162200808525085449e+01
3.189632272720336914e+01
2.916359615325927734e+01
2.693097782135009766e+01
2.956262588500976562e+01
3.199184846878051758e+01
3.010323476791381836e+01
2.935303401947021484e+01
2.862255644798278809e+01
2.927104091644287109e+01
2.660386013984680176e+01
2.896324944496154785e+01
3.119143462181091309e+01
2.780090975761413574e+01
3.048458075523376465e+01
3.000846290588378906e+01
2.671296858787536621e+01
2.908203911781311035e+01
3.042247748374938965e+01
2.710441088676452637e+01
3.081330084800720215e+01
2.817023897171020508e+01
2.700853347778320312e+01
2.986354112625122070e+01
2.810917711257934570e+01
2.949947905540466309e+01
3.104123377799987793e+01
3.091866445541381836e+01
3.001032376289367676e+01
2.904494762420654297e+01
2.886991071701049805e+01
3.020598411560058594e+01
2.933147048950195312e+01
3.089464187622070312e+01
3.065769910812377930e+01
2.922841310501098633e+01
3.017790269851684570e+01
2.723543167114257812e+01
2.965079689025878906e+01
3.005494713783264160e+01
3.134124398231506348e+01
2.868818116188049316e+01
2.665813541412353516e+01
2.733341073989868164e+01
3.002793526649475098e+01
2.899710035324096680e+01
3.062855672836303711e+01
3.077020025253295898e+01
3.075044727325439453e+01
3.013699150085449219e+01
2.988619327545166016e+01
2.894075083732604980e+01
3.006861805915832520e+01
2.899867773056030273e+01
2.695681333541870117e+01
3.016867351531982422e+01
3.015770173072814941e+01
2.906431102752685547e+01
3.195003628730773926e+01
2.846812057495117188e+01
2.796827077865600586e+01
2.979974269866943359e+01
3.001495575904846191e+01
3.064355659484863281e+01
2.728617310523986816e+01
2.859136652946472168e+01
2.999524044990539551e+01
2.915203404426574707e+01
2.644455289840698242e+01
2.995234417915344238e+01
2.959985351562500000e+01
3.062294864654541016e+01
2.958136320114135742e+01
3.030900216102600098e+01
2.858253502845764160e+01
2.878470587730407715e+01
2.735828018188476562e+01
2.937110424041748047e+01
3.004649209976196289e+01
2.914835643768310547e+01
2.923884820938110352e+01
3.001812529563903809e+01
3.007334089279174805e+01
2.804363560676574707e+01
2.860677742958068848e+01
3.053751993179321289e+01
3.052217292785644531e+01
3.215030765533447266e+01
3.006502723693847656e+01
2.908697915077209473e+01
3.005352163314819336e+01
2.774010181427001953e+01
2.974238061904907227e+01
3.051999473571777344e+01
3.042339324951171875e+01
2.989935946464538574e+01
2.613353395462036133e+01
3.080708289146423340e+01
2.819881200790405273e+01
3.104028916358947754e+01
3.068895721435546875e+01
2.866075825691223145e+01
3.096684646606445312e+01
2.743631815910339355e+01
2.813798213005065918e+01
3.154610514640808105e+01
3.073676276206970215e+01
2.906462216377258301e+01
2.672935295104980469e+01
2.992067980766296387e+01
2.856428909301757812e+01
2.822396039962768555e+01
3.034612751007080078e+01
2.908658528327941895e+01
2.836904120445251465e+01
3.262285327911376953e+01
2.778329658508300781e+01
2.772806906700134277e+01
2.920240759849548340e+01
2.860586833953857422e+01
2.819030475616455078e+01
2.943025064468383789e+01
3.165946054458618164e+01
3.073086094856262207e+01
2.903828597068786621e+01
2.919833087921142578e+01
3.094021868705749512e+01
2.879388141632080078e+01
3.016229605674743652e+01
2.802521705627441406e+01
2.962731885910034180e+01
2.913902783393859863e+01
3.017679691314697266e+01
2.951861071586608887e+01
2.741335892677307129e+01
2.893831920623779297e+01
3.065583515167236328e+01
2.906764507293701172e+01
2.933367943763732910e+01
2.876062965393066406e+01
2.980190515518188477e+01
2.892613196372985840e+01
2.635404253005981445e+01
2.944772958755493164e+01
3.063251185417175293e+01
2.929181432723999023e+01
2.981618857383728027e+01
2.978808116912841797e+01
3.164403676986694336e+01
2.993203258514404297e+01
2.970376157760620117e+01
2.947911214828491211e+01
2.970709681510925293e+01
2.844426035881042480e+01
3.209992027282714844e+01
2.831456875801086426e+01
3.029414701461791992e+01
2.918636584281921387e+01
2.932449841499328613e+01
2.879123663902282715e+01
2.847665524482727051e+01
2.975394105911254883e+01
2.882074403762817383e+01
2.847913122177124023e+01
3.032955455780029297e+01
2.750382423400878906e+01
2.900815272331237793e+01
3.077922701835632324e+01
2.774272203445434570e+01
2.800912737846374512e+01
2.831048631668090820e+01
2.879333519935607910e+01
2.886054706573486328e+01
3.076361536979675293e+01
2.912058734893798828e+01
2.727779674530029297e+01
2.576396346092224121e+01
3.044790124893188477e+01
3.095258641242980957e+01
3.118738698959350586e+01
2.800560426712036133e+01
2.654631829261779785e+01
2.940149879455566406e+01
2.984275960922241211e+01
2.886167097091674805e+01
2.965185093879699707e+01
3.144589161872863770e+01
3.087799978256225586e+01
2.898188877105712891e+01
3.030864500999450684e+01
2.941176819801330566e+01
3.137901425361633301e+01
2.731561422348022461e+01
3.065499424934387207e+01
3.008039522171020508e+01
2.867807769775390625e+01
3.045660877227783203e+01
2.984433889389038086e+01
2.763393878936767578e+01
2.756401395797729492e+01
3.022937202453613281e+01
2.900069642066955566e+01
2.689639735221862793e+01
2.899897885322570801e+01
2.945074486732482910e+01
2.871145153045654297e+01
3.177694678306579590e+01
2.894757556915283203e+01
2.943149447441101074e+01
2.829724001884460449e+01
2.843583178520202637e+01
2.988920807838439941e+01
3.017382788658142090e+01
3.224814891815185547e+01
2.800488877296447754e+01
2.697477579116821289e+01
2.978401517868041992e+01
2.874299287796020508e+01
2.685916113853454590e+01
3.036072611808776855e+01
2.612181830406188965e+01
3.056369996070861816e+01
2.866034030914306641e+01
2.981090188026428223e+01
2.991291046142578125e+01
3.199692726135253906e+01
2.949254179000854492e+01
3.043954968452453613e+01
3.055182051658630371e+01
3.034991121292114258e+01
2.825100278854370117e+01
2.712048172950744629e+01
2.858646655082702637e+01
2.868663406372070312e+01
2.757955312728881836e+01
3.095007705688476562e+01
2.930919384956359863e+01
2.989704108238220215e+01
2.852507162094116211e+01
2.956368374824523926e+01
2.884804368019104004e+01
2.757283306121826172e+01
2.901436257362365723e+01
2.967839336395263672e+01
3.093089532852172852e+01
2.799722194671630859e+01
2.973596858978271484e+01
3.029192543029785156e+01
2.727095651626586914e+01
3.062818121910095215e+01
2.964710235595703125e+01
2.922189259529113770e+01
3.002013397216796875e+01
2.700900220870971680e+01
2.979248619079589844e+01
2.844508647918701172e+01
2.858955430984497070e+01
3.018026828765869141e+01
2.816233849525451660e+01
2.967311620712280273e+01
2.696753644943237305e+01
3.010843276977539062e+01
3.152488207817077637e+01
2.874981784820556641e+01
3.141447257995605469e+01
2.916964530944824219e+01
2.744710922241210938e+01
2.966059398651123047e+01
2.913981962203979492e+01
2.909183764457702637e+01
2.973196268081665039e+01
2.929462718963623047e+01
2.943108034133911133e+01
2.871105766296386719e+01
2.783919239044189453e+01
2.856468033790588379e+01
2.864087867736816406e+01
2.758722305297851562e+01
2.849414849281311035e+01
2.844405364990234375e+01
2.914528393745422363e+01
2.772234725952148438e+01
2.929904294013977051e+01
3.077344083786010742e+01
2.684813141822814941e+01
3.008332586288452148e+01
2.584847664833068848e+01
2.891432905197143555e+01
2.878767395019531250e+01
3.053073287010192871e+01
2.797411441802978516e+01
2.958555173873901367e+01
2.868363356590270996e+01
2.864312171936035156e+01
2.893401527404785156e+01
2.932564616203308105e+01
3.041064739227294922e+01
2.987887215614318848e+01
2.996106576919555664e+01
2.787783455848693848e+01
2.887202072143554688e+01
2.928161573410034180e+01
2.828118944168090820e+01
3.020712089538574219e+01
2.989736318588256836e+01
3.007177853584289551e+01
2.924444293975830078e+01
2.977569007873535156e+01
3.026080703735351562e+01
3.051105427742004395e+01
2.876295042037963867e+01
2.639788532257080078e+01
3.029874682426452637e+01
2.993773436546325684e+01
2.938588047027587891e+01
3.041261339187622070e+01
3.044996404647827148e+01
2.945533061027526855e+01
2.991980814933776855e+01
2.996879267692565918e+01
2.978938198089599609e+01
2.936442303657531738e+01
2.878693532943725586e+01
2.954668807983398438e+01
2.904967737197875977e+01
2.860292005538940430e+01
2.908372426033020020e+01
2.732790565490722656e+01
2.965292429924011230e+01
2.747526168823242188e+01
2.866804981231689453e+01
2.960742831230163574e+01
3.057079505920410156e+01
2.861939716339111328e+01
2.826220870018005371e+01
2.851743006706237793e+01
2.995707726478576660e+01
2.819086360931396484e+01
2.941372656822204590e+01
3.044237303733825684e+01
2.993711566925048828e+01
3.048851346969604492e+01
2.986835765838623047e+01
2.785466647148132324e+01
2.893350195884704590e+01
2.760214185714721680e+01
2.694109559059143066e+01
3.067109417915344238e+01
2.749450898170471191e+01
2.967134881019592285e+01
2.604618573188781738e+01
2.810663485527038574e+01
3.106237864494323730e+01
2.792372322082519531e+01
2.978777980804443359e+01
2.973602962493896484e+01
2.822203826904296875e+01
2.940863585472106934e+01
2.692651295661926270e+01
3.188491320610046387e+01
2.634260797500610352e+01
2.991663432121276855e+01
2.971690845489501953e+01
2.728823041915893555e+01
3.122042942047119141e+01
2.907310771942138672e+01
2.755103087425231934e+01
3.110830521583557129e+01
2.932647228240966797e+01
2.958386921882629395e+01
2.952103590965270996e+01
2.952443289756774902e+01
2.901364707946777344e+01
3.131113052368164062e+01
3.169122743606567383e+01
2.942102146148681641e+01
2.838067102432250977e+01
2.832104492187500000e+01
2.991808056831359863e+01
2.818598151206970215e+01
3.126801991462707520e+01
3.040607690811157227e+01
2.923464894294738770e+01
2.989107370376586914e+01
2.708408284187316895e+01
2.934592556953430176e+01
2.990456295013427734e+01
2.986457514762878418e+01
3.056402206420898438e+01
2.919734048843383789e+01
2.793249559402465820e+01
3.106844377517700195e+01
2.984826874732971191e+01
2.985438418388366699e+01
2.784994554519653320e+01
3.017521572113037109e+01
2.723803544044494629e+01
3.181476593017578125e+01
3.191145682334899902e+01
2.868524622917175293e+01
2.918099188804626465e+01
2.948723292350769043e+01
3.005237078666687012e+01
2.859459996223449707e+01
3.134327864646911621e+01
3.017924547195434570e+01
2.866009640693664551e+01
2.856678509712219238e+01
2.765748524665832520e+01
3.109863591194152832e+01
3.032230544090270996e+01
3.076208996772766113e+01
2.831693673133850098e+01
3.060310959815979004e+01
2.873079609870910645e+01
3.096615147590637207e+01
3.002212548255920410e+01
2.969354414939880371e+01
3.002970933914184570e+01
3.084114789962768555e+01
2.884508776664733887e+01
3.054711174964904785e+01
2.998905825614929199e+01
2.739189791679382324e+01
2.695997691154479980e+01
3.073037075996398926e+01
2.982098603248596191e+01
2.868954038619995117e+01
3.064082336425781250e+01
3.056344223022460938e+01
3.048969340324401855e+01
3.058481287956237793e+01
2.669247770309448242e+01
2.933263611793518066e+01
3.010034966468811035e+01
2.754283165931701660e+01
3.044193720817565918e+01
3.158325409889221191e+01
2.805739593505859375e+01
3.158057546615600586e+01
2.866165876388549805e+01
2.837420010566711426e+01
2.603892278671264648e+01
2.896415209770202637e+01
2.871459794044494629e+01
3.014785647392272949e+01
2.931666278839111328e+01
2.934451103210449219e+01
2.813318991661071777e+01
2.882591748237609863e+01
2.904707336425781250e+01
2.781269049644470215e+01
2.988428354263305664e+01
2.688618588447570801e+01
2.973797845840454102e+01
3.059458398818969727e+01
2.687797641754150391e+01
2.874787354469299316e+01
2.712851095199584961e+01
3.022502779960632324e+01
2.855357813835144043e+01
2.612660741806030273e+01
2.918278384208679199e+01
3.001702976226806641e+01
2.963646507263183594e+01
2.724504446983337402e+01
2.886916899681091309e+01
3.115823721885681152e+01
2.715139627456665039e+01
2.773664236068725586e+01
3.077610826492309570e+01
2.793782019615173340e+01
3.040872931480407715e+01
2.998404192924499512e+01
2.900214314460754395e+01
2.889237737655639648e+01
2.716826152801513672e+01
3.178766775131225586e+01
3.032840204238891602e+01
2.947411036491394043e+01
3.019723367691040039e+01
2.950753569602966309e+01
2.789505457878112793e+01
2.677205371856689453e+01
2.858321642875671387e+01
2.972433137893676758e+01
2.999519300460815430e+01
2.990875601768493652e+01
2.972430038452148438e+01
2.983304142951965332e+01
2.812473917007446289e+01
2.826434564590454102e+01
2.854931735992431641e+01
3.117191028594970703e+01
2.972187924385070801e+01
2.571190214157104492e+01
3.067510771751403809e+01
2.945654845237731934e+01
2.892152047157287598e+01
2.808348274230957031e+01
2.857806634902954102e+01
3.124005198478698730e+01
2.803502297401428223e+01
3.055527091026306152e+01
3.040889573097229004e+01
2.720468449592590332e+01
2.747326087951660156e+01
2.862123465538024902e+01
2.568767881393432617e+01
2.859937047958374023e+01
2.907930397987365723e+01
2.727642774581909180e+01
2.773367881774902344e+01
3.023751997947692871e+01
2.846204400062561035e+01
2.848656463623046875e+01
2.905457901954650879e+01
2.943159270286560059e+01
2.885912561416625977e+01
2.773460125923156738e+01
2.895622110366821289e+01
2.916855788230895996e+01
2.924984192848205566e+01
2.977603387832641602e+01
2.946451854705810547e+01
3.034841871261596680e+01
2.740346741676330566e+01
3.030934715270996094e+01
2.850781154632568359e+01
3.071492290496826172e+01
2.894903922080993652e+01
2.930795288085937500e+01
2.576924848556518555e+01
2.859540247917175293e+01
2.817693448066711426e+01
2.816594314575195312e+01
2.769353270530700684e+01
2.907043790817260742e+01
2.742590475082397461e+01
2.818478775024414062e+01
2.586058139801025391e+01
2.954339694976806641e+01
2.931417441368103027e+01
2.874499535560607910e+01
2.839331555366516113e+01
2.957514429092407227e+01
2.806282830238342285e+01
3.014265108108520508e+01
2.767820000648498535e+01
2.839948678016662598e+01
3.038514041900634766e+01
2.750562024116516113e+01
2.789811611175537109e+01
2.955681967735290527e+01
3.016272854804992676e+01
2.808199858665466309e+01
2.972477817535400391e+01
3.048764801025390625e+01
2.867490863800048828e+01
2.829378151893615723e+01
3.191462016105651855e+01
2.848091864585876465e+01
2.969956970214843750e+01
2.849925732612609863e+01
3.046533441543579102e+01
2.926056241989135742e+01
2.914965415000915527e+01
3.043842172622680664e+01
2.903502058982849121e+01
2.928702807426452637e+01
2.854171824455261230e+01
2.974946999549865723e+01
2.999523901939392090e+01
3.083407902717590332e+01
2.857233858108520508e+01
2.875900292396545410e+01
2.850661444664001465e+01
2.880922818183898926e+01
2.649697208404541016e+01
2.859491848945617676e+01
2.931821632385253906e+01
3.006536126136779785e+01
2.748522067070007324e+01
2.784651279449462891e+01
2.764166498184204102e+01
2.862718749046325684e+01
2.860235548019409180e+01
2.846742320060729980e+01
2.920924806594848633e+01
2.962403130531311035e+01
2.972169661521911621e+01
3.086136174201965332e+01
2.987288045883178711e+01
3.112994885444641113e+01
2.867210984230041504e+01
2.659282493591308594e+01
2.937645745277404785e+01
2.550626373291015625e+01
3.007288265228271484e+01
2.862983512878417969e+01
2.828865814208984375e+01
3.034466099739074707e+01
2.918589353561401367e+01
2.844222092628479004e+01
2.866312813758850098e+01
2.827968740463256836e+01
2.770460462570190430e+01
2.877391362190246582e+01
2.772432875633239746e+01
3.054994654655456543e+01
2.750620508193969727e+01
2.840212512016296387e+01
2.771221995353698730e+01
2.959487843513488770e+01
2.931333065032958984e+01
2.909867763519287109e+01
2.890502405166625977e+01
2.744847822189331055e+01
2.937171459197998047e+01
2.872898864746093750e+01
2.833203601837158203e+01
2.639594674110412598e+01
2.924351620674133301e+01
2.906135487556457520e+01
2.763911318778991699e+01
2.918985414505004883e+01
3.008666896820068359e+01
2.849116754531860352e+01
2.679779863357543945e+01
3.033276033401489258e+01
2.802263784408569336e+01
2.988485050201416016e+01
2.969301986694335938e+01
3.008002662658691406e+01
3.045550227165222168e+01
2.593970060348510742e+01
2.668985199928283691e+01
2.717685317993164062e+01
2.652392935752868652e+01
2.797939085960388184e+01
3.001681351661682129e+01
2.890919566154479980e+01
2.743897891044616699e+01
2.771592307090759277e+01
2.624592494964599609e+01
2.995738911628723145e+01
2.967586159706115723e+01
2.859286785125732422e+01
2.998512768745422363e+01
2.610248661041259766e+01
3.022194457054138184e+01
3.104465055465698242e+01
3.099788022041320801e+01
2.914242291450500488e+01
3.007750368118286133e+01
2.899400782585144043e+01
3.022267889976501465e+01
3.070896148681640625e+01
2.889356589317321777e+01
2.567089176177978516e+01
2.930913567543029785e+01
2.708482265472412109e+01
2.679738473892211914e+01
2.910703086853027344e+01
2.741890454292297363e+01
3.050577807426452637e+01
3.005891537666320801e+01
2.769746184349060059e+01
3.077046275138854980e+01
2.986312985420227051e+01
2.951981925964355469e+01
2.824942827224731445e+01
2.764548850059509277e+01
2.932258725166320801e+01
2.937536621093750000e+01
3.165056991577148438e+01
2.766913771629333496e+01
3.041494417190551758e+01
3.016081571578979492e+01
3.018503713607788086e+01
2.841614580154418945e+01
2.948717069625854492e+01
3.016095614433288574e+01
2.792139768600463867e+01
3.048367023468017578e+01
3.027389526367187500e+01
2.884134316444396973e+01
2.949280381202697754e+01
2.918728852272033691e+01
3.004665970802307129e+01
2.844995236396789551e+01
2.923767781257629395e+01
2.784798121452331543e+01
2.879770851135253906e+01
2.894972419738769531e+01
2.912050986289978027e+01
3.017575907707214355e+01
2.866940569877624512e+01
2.835755038261413574e+01
2.993727517127990723e+01
2.924118828773498535e+01
2.751314091682434082e+01
2.950062561035156250e+01
3.047024488449096680e+01
2.946759319305419922e+01
2.859087085723876953e+01
3.117943143844604492e+01
2.851126384735107422e+01
2.985033392906188965e+01
3.000143337249755859e+01
3.044846582412719727e+01
3.086457228660583496e+01
3.072157120704650879e+01
2.944965910911560059e+01
3.102338671684265137e+01
2.857009339332580566e+01
2.846126985549926758e+01
2.994064235687255859e+01
2.912469363212585449e+01
3.031830024719238281e+01
2.936039543151855469e+01
3.060209774971008301e+01
2.858745431900024414e+01
2.861304497718811035e+01
3.010462355613708496e+01
2.915773725509643555e+01
2.958648014068603516e+01
3.033066010475158691e+01
2.677498459815979004e+01
2.890606713294982910e+01
2.641199254989624023e+01
2.928807091712951660e+01
2.998740935325622559e+01
3.035355901718139648e+01
3.075090098381042480e+01
2.909152698516845703e+01
2.810478878021240234e+01
2.940524673461914062e+01
2.647586822509765625e+01
3.032509613037109375e+01
3.006783795356750488e+01
2.891195535659790039e+01
2.798089814186096191e+01
3.044608330726623535e+01
2.960998988151550293e+01
2.924483585357666016e+01
2.764765000343322754e+01
2.611242675781250000e+01
2.689785146713256836e+01
2.771524930000305176e+01
2.865082812309265137e+01
3.047479367256164551e+01
2.908143353462219238e+01
3.046240615844726562e+01
3.013659954071044922e+01
2.942616772651672363e+01
2.993335056304931641e+01
2.872255134582519531e+01
3.121671056747436523e+01
2.876843714714050293e+01
3.054900264739990234e+01
2.979817652702331543e+01
2.711450815200805664e+01
3.026971220970153809e+01
2.950194716453552246e+01
2.934962058067321777e+01
2.691084456443786621e+01
2.893362069129943848e+01
2.701543068885803223e+01
2.921062636375427246e+01
2.816302108764648438e+01
3.054892158508300781e+01
2.970927119255065918e+01
2.830668830871582031e+01
3.014342379570007324e+01
2.928287529945373535e+01
2.944377517700195312e+01
2.929056763648986816e+01
2.779317116737365723e+01
2.957055306434631348e+01
2.960967326164245605e+01
3.105249285697937012e+01
2.738794279098510742e+01
2.753320550918579102e+01
2.972197699546813965e+01
2.989335942268371582e+01
3.015770912170410156e+01
3.015302777290344238e+01
3.044713807106018066e+01
2.781345462799072266e+01
2.837512540817260742e+01
2.690173053741455078e+01
2.677336597442626953e+01
2.660467052459716797e+01
2.986495733261108398e+01
3.067483878135681152e+01
2.850839829444885254e+01
2.962930107116699219e+01
2.998216700553894043e+01
2.548349595069885254e+01
3.016560482978820801e+01
3.006053066253662109e+01
3.051766157150268555e+01
3.044795966148376465e+01
2.864918637275695801e+01
2.993744635581970215e+01
2.831307840347290039e+01
2.847237277030944824e+01
2.976147937774658203e+01
3.015634059906005859e+01
2.840491676330566406e+01
2.861909794807434082e+01
3.022041559219360352e+01
2.777311062812805176e+01
2.730593037605285645e+01
2.937562060356140137e+01
2.885674738883972168e+01
2.761401104927062988e+01
2.782425761222839355e+01
3.082888078689575195e+01
2.973792147636413574e+01
2.926104640960693359e+01
3.003577446937561035e+01
2.973295474052429199e+01
3.031587100028991699e+01
2.844910478591918945e+01
2.975064682960510254e+01
3.077298188209533691e+01
2.687715506553649902e+01
2.749933052062988281e+01
2.932748007774353027e+01
2.856396818161010742e+01
3.037116098403930664e+01
2.938130021095275879e+01
2.760559153556823730e+01
3.108030557632446289e+01
2.747498202323913574e+01
2.745801377296447754e+01
3.154201984405517578e+01
2.998371267318725586e+01
2.908259344100952148e+01
2.932693505287170410e+01
2.972994089126586914e+01
2.766095614433288574e+01
2.791006755828857422e+01
2.822561001777648926e+01
2.827991962432861328e+01
2.806042933464050293e+01
2.864115762710571289e+01
3.018799257278442383e+01
2.568091297149658203e+01
2.885274171829223633e+01
2.903525853157043457e+01
2.900665163993835449e+01
2.935844659805297852e+01
2.798644900321960449e+01
2.943706798553466797e+01
2.666348886489868164e+01
2.903146767616271973e+01
2.965399837493896484e+01
2.991906428337097168e+01
2.963490176200866699e+01
2.959401702880859375e+01
2.944879031181335449e+01
2.855394101142883301e+01
2.838619756698608398e+01
3.024425911903381348e+01
3.088422346115112305e+01
2.710156250000000000e+01
2.783681130409240723e+01
2.968074488639831543e+01
2.921335673332214355e+01
3.066225600242614746e+01
2.771353387832641602e+01
2.950251460075378418e+01
2.948742580413818359e+01
2.910806775093078613e+01
2.950190591812133789e+01
2.871087956428527832e+01
2.777152800559997559e+01
2.935181236267089844e+01
2.815947246551513672e+01
2.898209047317504883e+01
3.001211380958557129e+01
2.882061719894409180e+01
2.746126651763916016e+01
2.939300894737243652e+01
3.065972256660461426e+01
2.961778068542480469e+01
2.928702378273010254e+01
2.732971668243408203e+01
2.894922661781311035e+01
2.578614950180053711e+01
2.908630013465881348e+01
3.074907302856445312e+01
2.881504821777343750e+01
2.792562294006347656e+01
2.869253396987915039e+01
2.580765533447265625e+01
3.047971391677856445e+01
2.991870784759521484e+01
2.769069886207580566e+01
2.934583282470703125e+01
2.824906897544860840e+01
2.828201365470886230e+01
3.014390969276428223e+01
2.984454536437988281e+01
2.965127182006835938e+01
2.946256613731384277e+01
2.919467949867248535e+01
3.063753890991210938e+01
2.830520081520080566e+01
2.828823781013488770e+01
2.986989688873291016e+01
2.979254078865051270e+01
2.936897563934326172e+01
2.965729570388793945e+01
2.824966287612915039e+01
2.926648998260498047e+01
2.955196523666381836e+01
2.903437519073486328e+01
2.719593238830566406e+01
2.717891907691955566e+01
2.992522096633911133e+01
2.964732909202575684e+01
2.647044420242309570e+01
2.770985817909240723e+01
2.955382919311523438e+01
3.003471899032592773e+01
2.784759688377380371e+01
2.960054087638854980e+01
3.055122971534729004e+01
2.724742770195007324e+01
2.944406986236572266e+01
3.056514883041381836e+01
2.889793705940246582e+01
2.887818527221679688e+01
2.860619211196899414e+01
3.040537095069885254e+01
2.631186556816101074e+01
2.757173919677734375e+01
3.132828211784362793e+01
2.952138376235961914e+01
2.903311133384704590e+01
2.787787199020385742e+01
2.648483681678771973e+01
3.016912531852722168e+01
3.138946008682250977e+01
2.772182369232177734e+01
3.135221266746520996e+01
3.057267785072326660e+01
2.725183534622192383e+01
2.991573023796081543e+01
2.925356888771057129e+01
2.713605904579162598e+01
2.833837342262268066e+01
3.013444972038269043e+01
2.974780559539794922e+01
2.693971753120422363e+01
2.992886996269226074e+01
2.847268652915954590e+01
2.913182973861694336e+01
3.135953330993652344e+01
3.012922024726867676e+01
2.964228057861328125e+01
2.982391953468322754e+01
2.729176831245422363e+01
2.776034617424011230e+01
2.763866782188415527e+01
3.033360099792480469e+01
3.067643475532531738e+01
2.608966803550720215e+01
2.985549879074096680e+01
2.626110482215881348e+01
3.012415266036987305e+01
2.902238941192626953e+01
3.011064291000366211e+01
2.779989600181579590e+01
2.955261850357055664e+01
2.735435795783996582e+01
2.929424619674682617e+01
2.924500656127929688e+01
3.067551112174987793e+01
3.045482444763183594e+01
3.065982222557067871e+01
3.118679404258728027e+01
2.831258916854858398e+01
2.680298089981079102e+01
2.692110037803649902e+01
2.829131007194519043e+01
2.662088489532470703e+01
2.929746460914611816e+01
2.970432662963867188e+01
2.746411776542663574e+01
2.822755742073059082e+01
2.997574925422668457e+01
3.069498467445373535e+01
2.764049291610717773e+01
3.019866847991943359e+01
2.878850030899047852e+01
2.912272715568542480e+01
2.879251980781555176e+01
2.816250181198120117e+01
2.563526082038879395e+01
3.074494171142578125e+01
2.938946056365966797e+01
2.704065585136413574e+01
2.661206912994384766e+01
2.957729601860046387e+01
3.048507118225097656e+01
2.938423085212707520e+01
2.590611100196838379e+01
3.076681423187255859e+01
2.851838159561157227e+01
2.877360606193542480e+01
3.124371099472045898e+01
2.900727128982543945e+01
2.735859370231628418e+01
3.002588582038879395e+01
2.941255235671997070e+01
3.070705080032348633e+01
2.791010928153991699e+01
2.891706323623657227e+01
2.984459018707275391e+01
2.966221189498901367e+01
2.981301689147949219e+01
2.878839778900146484e+01
2.789426112174987793e+01
3.005415105819702148e+01
2.811387181282043457e+01
2.793538260459899902e+01
2.858826637268066406e+01
2.813608717918395996e+01
3.039443922042846680e+01
2.931163549423217773e+01
3.000804734230041504e+01
2.978906464576721191e+01
2.974501085281372070e+01
2.912979531288146973e+01
2.982845544815063477e+01
2.990921902656555176e+01
3.004849219322204590e+01
3.115351843833923340e+01
2.874460220336914062e+01
2.840916132926940918e+01
2.904958701133728027e+01
2.927987861633300781e+01
2.900316858291625977e+01
2.919770908355712891e+01
3.094358277320861816e+01
2.815236639976501465e+01
2.957458376884460449e+01
3.017197680473327637e+01
2.691124939918518066e+01
3.015082645416259766e+01
2.887860679626464844e+01
2.690708494186401367e+01
2.676881217956542969e+01
3.041388773918151855e+01
2.957989144325256348e+01
2.910381817817687988e+01
3.125293779373168945e+01
2.947732448577880859e+01
2.731714940071105957e+01
3.060349130630493164e+01
2.563145828247070312e+01
2.943821120262145996e+01
2.949219274520874023e+01
2.881805229187011719e+01
2.826537156105041504e+01
2.823311090469360352e+01
2.670090699195861816e+01
2.953403067588806152e+01
3.055306506156921387e+01
2.973446536064147949e+01
2.676683998107910156e+01
2.900754833221435547e+01
2.952825546264648438e+01
2.545887899398803711e+01
3.085754108428955078e+01
2.888413047790527344e+01
3.077290964126586914e+01
3.093707633018493652e+01
2.877051734924316406e+01
2.706510257720947266e+01
2.908355021476745605e+01
2.900414252281188965e+01
2.697194027900695801e+01
2.731741261482238770e+01
3.191412901878356934e+01
2.804299163818359375e+01
2.883641672134399414e+01
2.810800194740295410e+01
2.714488506317138672e+01
2.934471058845520020e+01
2.627890563011169434e+01
2.830434060096740723e+01
2.976593136787414551e+01
2.951229190826416016e+01
3.036486887931823730e+01
2.799379706382751465e+01
2.984813165664672852e+01
2.929002690315246582e+01
2.924815034866333008e+01
3.044247651100158691e+01
2.968357348442077637e+01
2.966590380668640137e+01
2.715069174766540527e+01
3.113257646560668945e+01
2.939149427413940430e+01
2.932220816612243652e+01
2.894763755798339844e+01
2.761986565589904785e+01
2.989335274696350098e+01
2.798318958282470703e+01
3.012379264831542969e+01
2.841196084022521973e+01
3.081010198593139648e+01
2.922544169425964355e+01
3.115441155433654785e+01
3.184920024871826172e+01
2.718557262420654297e+01
2.786728572845458984e+01
2.744365763664245605e+01
2.827998185157775879e+01
2.931482481956481934e+01
2.968744611740112305e+01
2.889210176467895508e+01
2.922309112548828125e+01
2.682897233963012695e+01
2.760068321228027344e+01
2.930199480056762695e+01
2.651133751869201660e+01
2.795562529563903809e+01
3.008154559135437012e+01
2.961146068572998047e+01
2.765532445907592773e+01
2.781383252143859863e+01
2.853672051429748535e+01
2.772061419486999512e+01
2.878129696846008301e+01
3.052884578704833984e+01
3.020274066925048828e+01
3.024486374855041504e+01
2.918274593353271484e+01
2.620379900932312012e+01
2.950918340682983398e+01
3.027701401710510254e+01
2.763852930068969727e+01
2.922865247726440430e+01
3.024567198753356934e+01
3.153627920150756836e+01
2.864601993560791016e+01
2.930932068824768066e+01
2.940077233314514160e+01
2.942260694503784180e+01
2.993721485137939453e+01
2.990019059181213379e+01
2.912838292121887207e+01
2.844521808624267578e+01
2.960680413246154785e+01
2.971138072013854980e+01
2.758019518852233887e+01
2.743132400512695312e+01
2.975474119186401367e+01
2.706305718421936035e+01
2.773525977134704590e+01
3.033010911941528320e+01
2.749201059341430664e+01
2.989022350311279297e+01
2.911842370033264160e+01
3.009024429321289062e+01
3.050488328933715820e+01
2.932272672653198242e+01
2.959964084625244141e+01
2.923445034027099609e+01
2.827042603492736816e+01
2.973400640487670898e+01
2.978279638290405273e+01
2.769318056106567383e+01
2.668776488304138184e+01
2.855707955360412598e+01
2.955925703048706055e+01
3.063887071609497070e+01
2.887932085990905762e+01
3.009255766868591309e+01
2.880498600006103516e+01
2.870680952072143555e+01
2.973695635795593262e+01
2.991468071937561035e+01
3.045754647254943848e+01
2.965513181686401367e+01
2.633857178688049316e+01
2.825284910202026367e+01
3.021951150894165039e+01
2.836050915718078613e+01
2.810247182846069336e+01
2.965148115158081055e+01
3.017318058013916016e+01
2.985547375679016113e+01
2.944121098518371582e+01
3.031708598136901855e+01
2.959357023239135742e+01
2.987406086921691895e+01
2.862184882164001465e+01
2.782475066184997559e+01
2.686485743522644043e+01
2.963215565681457520e+01
2.925320529937744141e+01
3.045987296104431152e+01
2.789554691314697266e+01
2.479866981506347656e+01
2.954590773582458496e+01
2.977493000030517578e+01
2.894559717178344727e+01
2.993876886367797852e+01
2.890116691589355469e+01
3.079375815391540527e+01
2.800802779197692871e+01
2.767370104789733887e+01
2.852130317687988281e+01
2.677615451812744141e+01
2.879849576950073242e+01
2.979746198654174805e+01
2.877478957176208496e+01
3.036002421379089355e+01
2.953924942016601562e+01
2.673301267623901367e+01
3.081059741973876953e+01
2.833662462234497070e+01
2.827648901939392090e+01
2.965291857719421387e+01
2.763818097114562988e+01
3.046163582801818848e+01
2.630038166046142578e+01
2.868359279632568359e+01
2.866866111755371094e+01
2.956583857536315918e+01
2.464262771606445312e+01
2.906877112388610840e+01
2.872542786598205566e+01
2.732861924171447754e+01
2.808132576942443848e+01
2.865222191810607910e+01
2.762211632728576660e+01
2.583320879936218262e+01
2.694977021217346191e+01
2.764217662811279297e+01
2.999078035354614258e+01
3.007087683677673340e+01
2.936272430419921875e+01
3.000455212593078613e+01
2.791720795631408691e+01
2.980239963531494141e+01
2.808560538291931152e+01
2.972638416290283203e+01
2.907889318466186523e+01
2.842749547958374023e+01
3.058518600463867188e+01
3.032892775535583496e+01
2.949719142913818359e+01
2.926230454444885254e+01
2.742094016075134277e+01
2.740423631668090820e+01
2.875445914268493652e+01
3.115232539176940918e+01
2.907228302955627441e+01
3.010859608650207520e+01
3.083538651466369629e+01
2.829209113121032715e+01
2.824813675880432129e+01
2.678265309333801270e+01
2.991890335083007812e+01
2.619810867309570312e+01
2.893502259254455566e+01
2.960035204887390137e+01
2.846219897270202637e+01
3.122071385383605957e+01
3.001544141769409180e+01
2.892159461975097656e+01
3.000607585906982422e+01
3.062748265266418457e+01
3.065040898323059082e+01
2.682731008529663086e+01
2.939617967605590820e+01
2.856042981147766113e+01
2.984462189674377441e+01
2.759312534332275391e+01
2.825539851188659668e+01
2.735038614273071289e+01
2.991405272483825684e+01
2.718126583099365234e+01
2.712392902374267578e+01
2.939324426651000977e+01
2.873458909988403320e+01
3.144618630409240723e+01
2.838807511329650879e+01
3.098567414283752441e+01
3.106438350677490234e+01
2.943894267082214355e+01
2.789366269111633301e+01
3.056785392761230469e+01
2.925897765159606934e+01
2.896738004684448242e+01
2.761571168899536133e+01
2.681805634498596191e+01
3.084420704841613770e+01
2.877550959587097168e+01
2.912175989151000977e+01
2.843217754364013672e+01
2.847964644432067871e+01
3.057086110115051270e+01
3.106730961799621582e+01
3.115043234825134277e+01
2.738555979728698730e+01
2.832947421073913574e+01
2.895110869407653809e+01
3.084636187553405762e+01
3.110934281349182129e+01
2.773401141166687012e+01
3.039476585388183594e+01
2.829419183731079102e+01
2.771118664741516113e+01
2.665551519393920898e+01
2.593083310127258301e+01
2.947140288352966309e+01
3.079916930198669434e+01
2.716969752311706543e+01
2.857680535316467285e+01
2.976897215843200684e+01
3.020999979972839355e+01
3.069958353042602539e+01
3.170996403694152832e+01
3.016534495353698730e+01
2.842901206016540527e+01
3.020238018035888672e+01
2.836298680305480957e+01
3.066075611114501953e+01
2.794040107727050781e+01
3.014347553253173828e+01
2.982736992835998535e+01
2.639647722244262695e+01
2.706188702583312988e+01
3.060844731330871582e+01
2.819744348526000977e+01
3.019865727424621582e+01
2.941679716110229492e+01
2.749833250045776367e+01
3.023545646667480469e+01
2.924388432502746582e+01
2.945576739311218262e+01
2.899373984336853027e+01
2.947340750694274902e+01
2.874206399917602539e+01
2.572259449958801270e+01
3.069928836822509766e+01
3.065489983558654785e+01
2.689202070236206055e+01
3.022284269332885742e+01
2.921936035156250000e+01
2.780868077278137207e+01
2.536958956718444824e+01
2.944156694412231445e+01
3.004229331016540527e+01
3.002179312705993652e+01
2.772250890731811523e+01
3.025717616081237793e+01
2.886397218704223633e+01
2.914003562927246094e+01
2.933585572242736816e+01
2.973475313186645508e+01
2.900427293777465820e+01
2.693308639526367188e+01
2.925441765785217285e+01
2.834559297561645508e+01
3.010783076286315918e+01
2.718636345863342285e+01
2.926907277107238770e+01
3.129439306259155273e+01
2.564531302452087402e+01
3.001235079765319824e+01
2.989727044105529785e+01
2.863467502593994141e+01
2.650125527381896973e+01
2.934496164321899414e+01
3.072371387481689453e+01
2.946912002563476562e+01
2.914600920677185059e+01
2.872144770622253418e+01
2.951300072669982910e+01
2.670974087715148926e+01
2.749832439422607422e+01
2.828763842582702637e+01
2.895142340660095215e+01
2.703679370880126953e+01
3.007208871841430664e+01
2.784421205520629883e+01
2.753129458427429199e+01
2.751293849945068359e+01
2.942560100555419922e+01
3.033613395690917969e+01
2.955761146545410156e+01
3.047548174858093262e+01
2.985526800155639648e+01
2.970592737197875977e+01
3.114545011520385742e+01
2.933312225341796875e+01
3.041753625869750977e+01
3.167334914207458496e+01
3.077136754989624023e+01
2.832856202125549316e+01
2.966579389572143555e+01
3.100881767272949219e+01
3.021718692779541016e+01
2.713753056526184082e+01
3.040149497985839844e+01
3.017227435111999512e+01
2.813793969154357910e+01
2.866830468177795410e+01
2.814501190185546875e+01
2.850718355178833008e+01
2.820603561401367188e+01
2.664723467826843262e+01
3.052431845664978027e+01
2.750872969627380371e+01
2.949726557731628418e+01
2.866559481620788574e+01
2.655304217338562012e+01
2.986444616317749023e+01
2.852329468727111816e+01
2.950879216194152832e+01
2.926627635955810547e+01
3.090291857719421387e+01
3.013489031791687012e+01
2.651588892936706543e+01
2.841031098365783691e+01
2.970772051811218262e+01
3.069136571884155273e+01
2.937613797187805176e+01
2.871988415718078613e+01
2.735068511962890625e+01
2.655601048469543457e+01
3.174796366691589355e+01
2.988784575462341309e+01
2.789703130722045898e+01
3.134384036064147949e+01
2.907053160667419434e+01
2.969988226890563965e+01
2.640815830230712891e+01
2.788687038421630859e+01
2.979867577552795410e+01
2.717403459548950195e+01
2.941234445571899414e+01
2.986807990074157715e+01
2.878463745117187500e+01
2.925679731369018555e+01
2.777505064010620117e+01
2.756956148147583008e+01
2.941136145591735840e+01
3.025571012496948242e+01
3.078347539901733398e+01
2.982901525497436523e+01
2.825204277038574219e+01
2.921414709091186523e+01
3.051966929435729980e+01
2.982699704170227051e+01
3.070573377609252930e+01
2.828844904899597168e+01
2.540299010276794434e+01
2.583796405792236328e+01
2.885353183746337891e+01
2.829596066474914551e+01
2.945409750938415527e+01
2.909911561012268066e+01
2.826000237464904785e+01
2.746311759948730469e+01
3.126912927627563477e+01
2.992458534240722656e+01
2.813770723342895508e+01
2.973399233818054199e+01
2.860046052932739258e+01
3.043751716613769531e+01
2.956751418113708496e+01
2.973194980621337891e+01
2.792334294319152832e+01
3.016429901123046875e+01
2.598172378540039062e+01
2.821008658409118652e+01
2.870893454551696777e+01
2.677927446365356445e+01
3.068935370445251465e+01
3.004259347915649414e+01
2.684978938102722168e+01
2.939286971092224121e+01
2.926851725578308105e+01
3.032745814323425293e+01
2.880016326904296875e+01
3.015530633926391602e+01
2.919400858879089355e+01
3.092863655090332031e+01
2.981966471672058105e+01
2.915239381790161133e+01
2.820688796043395996e+01
2.807960152626037598e+01
3.068646287918090820e+01
3.031823015213012695e+01
2.885079026222229004e+01
2.635146665573120117e+01
3.104755759239196777e+01
2.939135527610778809e+01
2.750722932815551758e+01
3.058904933929443359e+01
2.798813748359680176e+01
2.933945608139038086e+01
3.043322896957397461e+01
2.902163863182067871e+01
2.859165692329406738e+01
2.580771851539611816e+01
3.013624238967895508e+01
3.106125998497009277e+01
2.966937422752380371e+01
2.734541988372802734e+01
2.769503974914550781e+01
2.712285232543945312e+01
3.072943973541259766e+01
2.833866786956787109e+01
2.989576601982116699e+01
2.912794113159179688e+01
2.625579166412353516e+01
3.012252283096313477e+01
3.010536861419677734e+01
2.571823716163635254e+01
3.129259705543518066e+01
2.936210513114929199e+01
2.949819350242614746e+01
2.903694367408752441e+01
3.100440931320190430e+01
2.950545144081115723e+01
2.923457860946655273e+01
2.810988259315490723e+01
2.950149488449096680e+01
3.039608931541442871e+01
2.912578654289245605e+01
2.902606105804443359e+01
2.906241583824157715e+01
2.807133603096008301e+01
2.814156842231750488e+01
2.842959880828857422e+01
2.897975111007690430e+01
2.807824134826660156e+01
2.970111536979675293e+01
3.030778169631958008e+01
2.856926083564758301e+01
2.818327307701110840e+01
2.774333143234252930e+01
2.750943040847778320e+01
2.974610638618469238e+01
2.955528378486633301e+01
2.637335824966430664e+01
2.784154224395751953e+01
3.075917387008666992e+01
2.659482717514038086e+01
3.029848361015319824e+01
2.818693661689758301e+01
2.780686211585998535e+01
3.061310577392578125e+01
3.001327872276306152e+01
2.934816932678222656e+01
2.904414081573486328e+01
2.855118536949157715e+01
3.114163565635681152e+01
2.656363177299499512e+01
3.074340319633483887e+01
2.916762614250183105e+01
2.964951610565185547e+01
3.007458162307739258e+01
2.816801619529724121e+01
2.873263406753540039e+01
3.103729367256164551e+01
2.663429880142211914e+01
3.057961225509643555e+01
3.021901011466979980e+01
2.896381187438964844e+01
3.062298822402954102e+01
2.927852535247802734e+01
3.072962498664855957e+01
2.945190000534057617e+01
3.019386243820190430e+01
3.011709833145141602e+01
2.936587691307067871e+01
2.875883007049560547e+01
2.855102491378784180e+01
3.022064328193664551e+01
2.915824532508850098e+01
3.021252965927124023e+01
3.023847913742065430e+01
2.914975666999816895e+01
2.924230527877807617e+01
2.716001939773559570e+01
3.070001649856567383e+01
2.896960997581481934e+01
2.995672464370727539e+01
2.741675281524658203e+01
2.829988431930541992e+01
2.950922179222106934e+01
2.832914900779724121e+01
2.803056287765502930e+01
2.847647714614868164e+01
2.843188834190368652e+01
2.807017159461975098e+01
2.813479208946228027e+01
3.034769678115844727e+01
2.858836460113525391e+01
3.144342184066772461e+01
2.861211705207824707e+01
2.930391192436218262e+01
2.946655178070068359e+01
3.093867588043212891e+01
2.802959084510803223e+01
2.760752415657043457e+01
2.782112932205200195e+01
2.894588184356689453e+01
3.007580327987670898e+01
2.881323528289794922e+01
3.062866497039794922e+01
3.060008192062377930e+01
2.660940480232238770e+01
2.984703707695007324e+01
3.014908194541931152e+01
2.839497494697570801e+01
2.875228595733642578e+01
2.909864068031311035e+01
2.843434047698974609e+01
2.807655191421508789e+01
2.946529459953308105e+01
2.729654526710510254e+01
2.926909160614013672e+01
2.921863579750061035e+01
2.857868051528930664e+01
2.958417344093322754e+01
2.721857237815856934e+01
2.984223055839538574e+01
2.962650322914123535e+01
2.877773618698120117e+01
2.893181133270263672e+01
2.976189064979553223e+01
3.063930940628051758e+01
2.988819146156311035e+01
3.064531755447387695e+01
2.652761197090148926e+01
2.591896653175354004e+01
2.711902356147766113e+01
2.708129549026489258e+01
2.992658829689025879e+01
3.025613093376159668e+01
2.901492786407470703e+01
2.903592419624328613e+01
2.750697755813598633e+01
2.796753215789794922e+01
2.932560276985168457e+01
3.062819981575012207e+01
3.092800998687744141e+01
2.813306999206542969e+01
3.197863554954528809e+01
2.966857028007507324e+01
2.839806962013244629e+01
2.964614415168762207e+01
2.848552060127258301e+01
2.870550298690795898e+01
2.772804331779479980e+01
2.867984008789062500e+01
2.741755199432373047e+01
3.113707160949707031e+01
2.858130621910095215e+01
2.946188616752624512e+01
2.997294235229492188e+01
2.954408383369445801e+01
2.642256307601928711e+01
2.892657947540283203e+01
2.812253022193908691e+01
3.021605014801025391e+01
3.031145286560058594e+01
3.018372416496276855e+01
2.955450177192687988e+01
2.793356609344482422e+01
2.605774331092834473e+01
2.689546537399291992e+01
2.799366211891174316e+01
2.972907710075378418e+01
2.751292729377746582e+01
2.933116173744201660e+01
2.973780560493469238e+01
2.819412207603454590e+01
2.797832393646240234e+01
2.703120422363281250e+01
2.800467014312744141e+01
2.995346045494079590e+01
2.950705599784851074e+01
2.939279007911682129e+01
3.020254802703857422e+01
3.002145767211914062e+01
2.827566146850585938e+01
2.822273516654968262e+01
2.720021462440490723e+01
2.881190276145935059e+01
3.100314760208129883e+01
2.759065008163452148e+01
2.605924963951110840e+01
2.965938019752502441e+01
2.867811322212219238e+01
2.801235175132751465e+01
2.868241810798645020e+01
3.041455245018005371e+01
3.011223721504211426e+01
2.831654787063598633e+01
3.051534223556518555e+01
2.996959447860717773e+01
2.808253908157348633e+01
3.093060255050659180e+01
2.832587218284606934e+01
3.010793519020080566e+01
3.056696844100952148e+01
2.901090145111083984e+01
2.901071667671203613e+01
2.799686884880065918e+01
2.824805736541748047e+01
2.695076870918273926e+01
2.821405291557312012e+01
3.058405566215515137e+01
2.960583186149597168e+01
2.921261286735534668e+01
3.082278585433959961e+01
2.876249814033508301e+01
3.116642522811889648e+01
2.721270346641540527e+01
2.907948017120361328e+01
2.677979540824890137e+01
2.961160826683044434e+01
2.867412829399108887e+01
2.980730056762695312e+01
2.908291196823120117e+01
3.041181445121765137e+01
2.811572527885437012e+01
2.799294972419738770e+01
3.073658204078674316e+01
3.010024023056030273e+01
2.941807198524475098e+01
3.081173300743103027e+01
2.937657499313354492e+01
2.904047107696533203e+01
2.616964387893676758e+01
2.918500256538391113e+01
2.564948010444641113e+01
2.805015969276428223e+01
3.103569436073303223e+01
2.781601166725158691e+01
2.856756448745727539e+01
2.640853786468505859e+01
3.006726360321044922e+01
2.892974972724914551e+01
2.937084984779357910e+01
2.971106076240539551e+01
2.813234853744506836e+01
2.507455086708068848e+01
2.863383650779724121e+01
2.925742459297180176e+01
3.008500552177429199e+01
2.722629284858703613e+01
2.947011804580688477e+01
2.966829013824462891e+01
2.989995884895324707e+01
2.719499444961547852e+01
3.040987920761108398e+01
2.988419294357299805e+01
2.783502745628356934e+01
2.981035923957824707e+01
3.050303387641906738e+01
2.958665466308593750e+01
3.073892116546630859e+01
3.016924142837524414e+01
2.792232298851013184e+01
2.576173830032348633e+01
3.041192340850830078e+01
2.820983910560607910e+01
2.866734766960144043e+01
3.007641911506652832e+01
2.897109603881835938e+01
3.022986030578613281e+01
2.979312276840209961e+01
2.889463877677917480e+01
2.642885112762451172e+01
3.145609235763549805e+01
2.766387510299682617e+01
2.985235571861267090e+01
2.919491791725158691e+01
2.993624353408813477e+01
3.076220154762268066e+01
2.773714780807495117e+01
2.870774364471435547e+01
2.930036306381225586e+01
2.777883458137512207e+01
3.093883442878723145e+01
3.010446810722351074e+01
2.784432959556579590e+01
3.040508413314819336e+01
2.968184614181518555e+01
2.644039106369018555e+01
2.769427943229675293e+01
3.038379716873168945e+01
2.928381276130676270e+01
2.747154498100280762e+01
2.766806054115295410e+01
2.930127239227294922e+01
2.836816310882568359e+01
2.993652892112731934e+01
3.022541093826293945e+01
2.801296305656433105e+01
2.976326394081115723e+01
2.875957298278808594e+01
2.813555884361267090e+01
2.942117857933044434e+01
3.028271222114562988e+01
3.033460116386413574e+01
3.083503937721252441e+01
2.937784433364868164e+01
2.736955189704895020e+01
3.039167261123657227e+01
2.841437625885009766e+01
2.595187044143676758e+01
3.086243844032287598e+01
3.067254543304443359e+01
2.997776389122009277e+01
2.848048543930053711e+01
2.557805848121643066e+01
3.166989564895629883e+01
2.881666016578674316e+01
2.638886380195617676e+01
2.991821217536926270e+01
2.582397198677062988e+01
2.630803990364074707e+01
2.666547226905822754e+01
2.980073189735412598e+01
2.869091987609863281e+01
2.909260129928588867e+01
2.585686087608337402e+01
2.575500679016113281e+01
2.877823972702026367e+01
3.137939143180847168e+01
2.711958646774291992e+01
2.911853671073913574e+01
2.952514243125915527e+01
2.963985157012939453e+01
2.692241787910461426e+01
3.015432929992675781e+01
3.068488144874572754e+01
3.022369742393493652e+01
2.730764317512512207e+01
2.525119328498840332e+01
2.980881047248840332e+01
2.649615216255187988e+01
2.742598795890808105e+01
2.858114051818847656e+01
2.993390655517578125e+01
2.801085066795349121e+01
2.990180158615112305e+01
2.994313144683837891e+01
2.737871050834655762e+01
3.028761005401611328e+01
2.991633105278015137e+01
3.102947974205017090e+01
3.053189086914062500e+01
2.966452503204345703e+01
3.028978204727172852e+01
2.964277338981628418e+01
2.973488450050354004e+01
2.835126185417175293e+01
2.938740086555480957e+01
2.936815977096557617e+01
2.854113817214965820e+01
2.939472270011901855e+01
3.059764838218688965e+01
2.785382533073425293e+01
2.818872189521789551e+01
2.844250059127807617e+01
2.766177201271057129e+01
2.635949873924255371e+01
2.850965666770935059e+01
2.731844305992126465e+01
3.017427039146423340e+01
3.181858777999877930e+01
2.884283995628356934e+01
2.928565526008605957e+01
2.697339677810668945e+01
2.940513467788696289e+01
2.765166711807250977e+01
2.935866641998291016e+01
3.004299569129943848e+01
2.725539088249206543e+01
2.903770303726196289e+01
2.824671745300292969e+01
3.128068399429321289e+01
3.007985925674438477e+01
2.975540256500244141e+01
2.798756098747253418e+01
2.892056488990783691e+01
3.054271578788757324e+01
2.790823841094970703e+01
2.798928093910217285e+01
2.850445079803466797e+01
2.905620837211608887e+01
2.922786021232604980e+01
2.759555459022521973e+01
2.786522459983825684e+01
2.764153981208801270e+01
2.897054123878479004e+01
2.741052746772766113e+01
3.095806741714477539e+01
3.136384224891662598e+01
2.943180680274963379e+01
3.002058601379394531e+01
3.032036066055297852e+01
2.834443044662475586e+01
2.769045972824096680e+01
3.007569360733032227e+01
3.067078447341918945e+01
3.168860435485839844e+01
2.937658810615539551e+01
3.152006673812866211e+01
2.837842535972595215e+01
2.922601222991943359e+01
2.706856107711791992e+01
2.805446553230285645e+01
2.938260054588317871e+01
3.059639120101928711e+01
3.014446496963500977e+01
2.455771541595458984e+01
2.821228098869323730e+01
2.981822729110717773e+01
2.831341743469238281e+01
2.902948188781738281e+01
2.938214278221130371e+01
3.117127156257629395e+01
2.481629395484924316e+01
3.060880064964294434e+01
2.837280082702636719e+01
2.928256106376647949e+01
2.887180614471435547e+01
2.636877799034118652e+01
3.014853334426879883e+01
2.971323108673095703e+01
2.691513204574584961e+01
2.685904359817504883e+01
2.724558401107788086e+01
2.899842071533203125e+01
3.013085913658142090e+01
2.947449302673339844e+01
2.794183492660522461e+01
2.871672677993774414e+01
2.593289732933044434e+01
2.978516840934753418e+01
2.697019743919372559e+01
3.014643073081970215e+01
3.117170500755310059e+01
2.758100533485412598e+01
3.011183166503906250e+01
2.824036359786987305e+01
2.729633283615112305e+01
2.636224794387817383e+01
2.993277430534362793e+01
2.915693736076354980e+01
2.922712659835815430e+01
2.966174817085266113e+01
2.891666460037231445e+01
2.749110817909240723e+01
2.940264844894409180e+01
2.845904016494750977e+01
3.014444947242736816e+01
3.100524377822875977e+01
2.647303009033203125e+01
2.901923990249633789e+01
2.890885043144226074e+01
3.135280680656433105e+01
3.032747459411621094e+01
2.677900123596191406e+01
3.028688383102416992e+01
2.955852484703063965e+01
2.680802941322326660e+01
3.067868542671203613e+01
2.819056081771850586e+01
2.898089265823364258e+01
2.900250768661499023e+01
2.820188307762145996e+01
3.080263519287109375e+01
2.935629820823669434e+01
3.064420938491821289e+01
2.994338226318359375e+01
3.066901683807373047e+01
2.701257038116455078e+01
2.915756416320800781e+01
2.889214992523193359e+01
2.710889816284179688e+01
2.787320971488952637e+01
2.745130896568298340e+01
3.007506799697875977e+01
2.962250375747680664e+01
2.917782783508300781e+01
2.825436258316040039e+01
2.954949665069580078e+01
2.803123641014099121e+01
2.925560545921325684e+01
2.761879014968872070e+01
2.974414110183715820e+01
2.757577967643737793e+01
2.824334597587585449e+01
2.854419612884521484e+01
2.876230573654174805e+01
2.710588979721069336e+01
2.748118233680725098e+01
2.810948085784912109e+01
2.931966781616210938e+01
2.873543429374694824e+01
2.958107113838195801e+01
3.153104305267333984e+01
2.652111482620239258e+01
2.931931376457214355e+01
2.969840002059936523e+01
2.962277507781982422e+01
3.037787294387817383e+01
3.078209304809570312e+01
2.916600561141967773e+01
2.796766638755798340e+01
2.854925584793090820e+01
3.094054341316223145e+01
3.004473280906677246e+01
3.007496857643127441e+01
2.712737536430358887e+01
2.956844186782836914e+01
2.796394777297973633e+01
2.627376008033752441e+01
2.764770317077636719e+01
2.878362417221069336e+01
3.055568504333496094e+01
2.646866703033447266e+01
2.668204975128173828e+01
2.802414059638977051e+01
2.683175754547119141e+01
2.813037180900573730e+01
3.011703634262084961e+01
2.781077885627746582e+01
3.025005817413330078e+01
3.023454189300537109e+01
2.863161015510559082e+01
3.119815206527709961e+01
2.719918417930603027e+01
2.770051980018615723e+01
3.051022505760192871e+01
2.882270002365112305e+01
2.964265942573547363e+01
3.015231657028198242e+01
2.872886371612548828e+01
2.895772933959960938e+01
3.016037821769714355e+01
2.918333840370178223e+01
2.850241994857788086e+01
3.013571667671203613e+01
2.806887483596801758e+01
2.930075573921203613e+01
2.874330353736877441e+01
2.961687588691711426e+01
2.814302468299865723e+01
2.923921370506286621e+01
3.076599454879760742e+01
3.079705238342285156e+01
2.985695934295654297e+01
3.066678953170776367e+01
2.858523082733154297e+01
2.896268081665039062e+01
2.653151226043701172e+01
2.930181765556335449e+01
3.021431183815002441e+01
2.752425193786621094e+01
2.996433806419372559e+01
2.719455003738403320e+01
3.059659790992736816e+01
2.983557677268981934e+01
2.857174897193908691e+01
2.903988575935363770e+01
2.994551253318786621e+01
2.903921413421630859e+01
2.947598266601562500e+01
2.913492631912231445e+01
2.852398109436035156e+01
3.061229586601257324e+01
2.622645282745361328e+01
2.651076006889343262e+01
3.082375144958496094e+01
2.946921873092651367e+01
2.543393826484680176e+01
3.059604382514953613e+01
3.000451755523681641e+01
2.966690635681152344e+01
2.754238438606262207e+01
2.958228993415832520e+01
2.933706879615783691e+01
2.991829347610473633e+01
2.819397735595703125e+01
2.953167724609375000e+01
3.015830492973327637e+01
2.993284678459167480e+01
3.007686591148376465e+01
2.914051508903503418e+01
2.614335131645202637e+01
2.889786291122436523e+01
3.046898722648620605e+01
3.037840938568115234e+01
2.692987418174743652e+01
2.639051532745361328e+01
2.983458328247070312e+01
2.774440813064575195e+01
3.115988898277282715e+01
3.088304948806762695e+01
2.815652728080749512e+01
3.035187602043151855e+01
2.708145022392272949e+01
2.798263788223266602e+01
2.894966030120849609e+01
2.969887042045593262e+01
3.052093029022216797e+01
2.921828055381774902e+01
3.021480202674865723e+01
3.042548894882202148e+01
3.045303273200988770e+01
2.991616582870483398e+01
3.233808994293212891e+01
3.121631002426147461e+01
3.181121134757995605e+01
3.073019647598266602e+01
3.057585239410400391e+01
3.024512839317321777e+01
3.032915735244750977e+01
3.026693725585937500e+01
2.976516127586364746e+01
3.013387012481689453e+01
2.790168428421020508e+01
3.000214672088623047e+01
3.072020483016967773e+01
2.803278875350952148e+01
2.807000231742858887e+01
2.771912312507629395e+01
2.750141167640686035e+01
3.049001479148864746e+01
2.970547890663146973e+01
2.841899156570434570e+01
3.021858239173889160e+01
2.800180554389953613e+01
2.904602718353271484e+01
2.660372424125671387e+01
2.828252840042114258e+01
2.827305936813354492e+01
3.047748422622680664e+01
2.899357318878173828e+01
2.792041254043579102e+01
2.759533166885375977e+01
2.840887737274169922e+01
2.679508733749389648e+01
2.983723664283752441e+01
3.098923158645629883e+01
3.092651534080505371e+01
2.755642533302307129e+01
2.987422370910644531e+01
2.916097140312194824e+01
2.925286364555358887e+01
2.917903971672058105e+01
2.856182718276977539e+01
2.915108990669250488e+01
2.872648644447326660e+01
2.971477937698364258e+01
3.004439616203308105e+01
2.862980246543884277e+01
2.919458675384521484e+01
2.788394618034362793e+01
3.009232091903686523e+01
2.899647831916809082e+01
3.096684956550598145e+01
2.962528753280639648e+01
2.833025431632995605e+01
2.920587968826293945e+01
3.185133337974548340e+01
2.831399202346801758e+01
2.589421844482421875e+01
2.961532163619995117e+01
2.818008756637573242e+01
2.943730401992797852e+01
2.852799677848815918e+01
3.037834668159484863e+01
2.746445178985595703e+01
2.912146615982055664e+01
2.911019992828369141e+01
2.776916861534118652e+01
3.026565146446228027e+01
2.861260724067687988e+01
2.831030106544494629e+01
2.991991519927978516e+01
2.706842827796936035e+01
2.789759039878845215e+01
2.873466944694519043e+01
2.954327726364135742e+01
2.826190423965454102e+01
2.574146604537963867e+01
2.792252850532531738e+01
3.168711113929748535e+01
2.980802917480468750e+01
2.976429700851440430e+01
3.117576551437377930e+01
2.936231613159179688e+01
3.000832462310791016e+01
2.959304952621459961e+01
2.845576596260070801e+01
2.775600242614746094e+01
2.684236812591552734e+01
2.727132081985473633e+01
3.120409703254699707e+01
3.135576081275939941e+01
2.474345111846923828e+01
3.027511620521545410e+01
3.106003236770629883e+01
2.912223458290100098e+01
3.023891448974609375e+01
2.868995833396911621e+01
3.067807841300964355e+01
2.821150732040405273e+01
2.905347037315368652e+01
2.948752713203430176e+01
2.741362595558166504e+01
2.840747499465942383e+01
2.755003952980041504e+01
2.634838652610778809e+01
2.802501893043518066e+01
2.857365274429321289e+01
2.929372620582580566e+01
2.768487358093261719e+01
3.101655197143554688e+01
3.073751664161682129e+01
3.021856665611267090e+01
2.830382132530212402e+01
2.623965191841125488e+01
2.885306358337402344e+01
2.714293813705444336e+01
2.863107395172119141e+01
2.880770897865295410e+01
2.916258859634399414e+01
2.867658162117004395e+01
2.775593423843383789e+01
2.743786835670471191e+01
3.006903743743896484e+01
2.791448211669921875e+01
3.026924419403076172e+01
2.851109719276428223e+01
2.774626779556274414e+01
3.170835185050964355e+01
2.966132020950317383e+01
2.744004750251770020e+01
2.883224248886108398e+01
2.694567131996154785e+01
2.736901044845581055e+01
2.944912099838256836e+01
2.807115578651428223e+01
2.939577102661132812e+01
2.975131988525390625e+01
2.983797597885131836e+01
2.994863343238830566e+01
2.802059698104858398e+01
2.852980566024780273e+01
2.950320625305175781e+01
2.975315833091735840e+01
2.669996309280395508e+01
2.891795873641967773e+01
2.728714466094970703e+01
2.844759678840637207e+01
2.850704383850097656e+01
2.970412278175354004e+01
2.998480248451232910e+01
2.852761745452880859e+01
2.856857514381408691e+01
2.904419064521789551e+01
3.024335432052612305e+01
2.775253963470458984e+01
2.986462616920471191e+01
2.705065917968750000e+01
2.804683947563171387e+01
2.755111527442932129e+01
2.937344264984130859e+01
2.838014435768127441e+01
2.803078103065490723e+01
2.912064170837402344e+01
2.928349995613098145e+01
2.764723324775695801e+01
2.902518653869628906e+01
2.988042616844177246e+01
2.923343396186828613e+01
3.119438672065734863e+01
2.940629243850708008e+01
2.831457543373107910e+01
2.722832155227661133e+01
2.991437792778015137e+01
2.798589372634887695e+01
2.667391276359558105e+01
3.044059920310974121e+01
2.766633653640747070e+01
3.069427394866943359e+01
2.553966593742370605e+01
2.858255982398986816e+01
2.624822854995727539e+01
3.008491563796997070e+01
2.823071932792663574e+01
2.988633608818054199e+01
2.957584667205810547e+01
2.942584037780761719e+01
2.978624558448791504e+01
2.861267042160034180e+01
2.684242296218872070e+01
2.872109866142272949e+01
2.983014559745788574e+01
2.939510989189147949e+01
2.885077643394470215e+01
3.030827116966247559e+01
2.596736383438110352e+01
2.896739363670349121e+01
3.096435213088989258e+01
2.976782941818237305e+01
2.820952153205871582e+01
2.836681938171386719e+01
2.915828919410705566e+01
2.601872253417968750e+01
3.082936787605285645e+01
2.925618743896484375e+01
2.756694149971008301e+01
2.763749575614929199e+01
3.060600829124450684e+01
2.822353649139404297e+01
2.899239683151245117e+01
3.041443634033203125e+01
3.100978040695190430e+01
2.798268294334411621e+01
2.535682463645935059e+01
2.829882860183715820e+01
2.880439352989196777e+01
2.893019080162048340e+01
2.699584531784057617e+01
2.840553021430969238e+01
2.829853463172912598e+01
2.765383911132812500e+01
3.032866358757019043e+01
2.841257953643798828e+01
2.825361943244934082e+01
2.714878416061401367e+01
2.845779967308044434e+01
2.837795448303222656e+01
2.817923069000244141e+01
3.045531177520751953e+01
2.820568108558654785e+01
2.801174545288085938e+01
2.736579060554504395e+01
2.895907855033874512e+01
2.637126421928405762e+01
2.780888223648071289e+01
2.935201930999755859e+01
2.785195755958557129e+01
3.001413798332214355e+01
3.045955109596252441e+01
2.860893487930297852e+01
2.982922124862670898e+01
3.011100554466247559e+01
3.021002745628356934e+01
2.976592898368835449e+01
2.993928766250610352e+01
2.928922891616821289e+01
2.897889852523803711e+01
2.810520887374877930e+01
3.004097867012023926e+01
2.960902214050292969e+01
3.032468080520629883e+01
2.867415380477905273e+01
3.145736265182495117e+01
2.701206803321838379e+01
2.960969352722167969e+01
2.860681438446044922e+01
2.993797588348388672e+01
2.936605858802795410e+01
2.782612919807434082e+01
2.667389011383056641e+01
2.786510014533996582e+01
2.849773788452148438e+01
2.845036673545837402e+01
2.656185030937194824e+01
2.822014904022216797e+01
3.055470514297485352e+01
3.021620965003967285e+01
2.892418360710144043e+01
2.999533271789550781e+01
3.024987053871154785e+01
2.992953062057495117e+01
2.773636126518249512e+01
3.248371315002441406e+01
2.921019744873046875e+01
2.940756821632385254e+01
2.667172884941101074e+01
2.995486378669738770e+01
2.976357603073120117e+01
2.804469847679138184e+01
2.921028351783752441e+01
2.935902023315429688e+01
2.975078272819519043e+01
2.704905962944030762e+01
2.717202854156494141e+01
2.702419996261596680e+01
2.795645022392272949e+01
2.952178025245666504e+01
2.939036822319030762e+01
2.944073367118835449e+01
3.062776899337768555e+01
2.952336835861206055e+01
2.690696811676025391e+01
2.948562121391296387e+01
2.988238930702209473e+01
2.895102190971374512e+01
2.882420253753662109e+01
2.992006206512451172e+01
2.772449898719787598e+01
2.875698208808898926e+01
2.798606514930725098e+01
2.972236013412475586e+01
2.946967005729675293e+01
2.850815057754516602e+01
2.836454415321350098e+01
3.062361955642700195e+01
2.670373845100402832e+01
2.950016474723815918e+01
2.847269630432128906e+01
2.905454230308532715e+01
2.992553520202636719e+01
2.743931555747985840e+01
2.742654085159301758e+01
3.020653867721557617e+01
2.909978580474853516e+01
2.834679174423217773e+01
2.798776531219482422e+01
3.003179955482482910e+01
3.080709457397460938e+01
2.939811301231384277e+01
2.882443118095397949e+01
2.681261944770812988e+01
2.943336892127990723e+01
3.033328557014465332e+01
2.970351123809814453e+01
2.893433570861816406e+01
2.867414140701293945e+01
2.786492800712585449e+01
2.642177009582519531e+01
2.899579381942749023e+01
2.521522474288940430e+01
2.740737390518188477e+01
2.827079296112060547e+01
2.854582905769348145e+01
2.707330393791198730e+01
2.871735048294067383e+01
2.961672353744506836e+01
3.010035300254821777e+01
3.192452645301818848e+01
2.770059132575988770e+01
2.765768074989318848e+01
2.973539400100708008e+01
2.680369067192077637e+01
3.115578675270080566e+01
2.949430680274963379e+01
2.826701736450195312e+01
2.937139868736267090e+01
2.977123785018920898e+01
3.009682297706604004e+01
3.049896931648254395e+01
2.537215495109558105e+01
3.000800514221191406e+01
2.597109317779541016e+01
2.778745722770690918e+01
2.589089751243591309e+01
2.852674031257629395e+01
2.689508962631225586e+01
3.073431825637817383e+01
2.906634378433227539e+01
2.863500475883483887e+01
2.847063469886779785e+01
2.740905165672302246e+01
3.029311919212341309e+01
3.023265337944030762e+01
2.800502705574035645e+01
2.941315650939941406e+01
2.868733549118041992e+01
2.602067613601684570e+01
2.950051474571228027e+01
2.814232349395751953e+01
2.976942849159240723e+01
2.814989233016967773e+01
2.850046610832214355e+01
2.627476096153259277e+01
3.045502996444702148e+01
2.899465131759643555e+01
2.914055252075195312e+01
3.045871186256408691e+01
3.131495070457458496e+01
2.704264235496520996e+01
2.997901725769042969e+01
2.917695689201354980e+01
2.852805972099304199e+01
2.785954189300537109e+01
2.907483983039855957e+01
2.694829201698303223e+01
3.110702109336853027e+01
3.021269369125366211e+01
2.913670611381530762e+01
2.861338329315185547e+01
2.837398290634155273e+01
2.776572966575622559e+01
2.523173880577087402e+01
2.904783892631530762e+01
3.002068734169006348e+01
2.813006305694580078e+01
2.718894147872924805e+01
3.064069509506225586e+01
2.829369783401489258e+01
2.924578285217285156e+01
2.909487771987915039e+01
2.956602525711059570e+01
2.763858604431152344e+01
3.024894952774047852e+01
2.859478282928466797e+01
2.834840679168701172e+01
2.994898247718811035e+01
2.992560601234436035e+01
2.964902663230895996e+01
2.956934142112731934e+01
2.715367698669433594e+01
3.055297684669494629e+01
3.074469137191772461e+01
2.861870670318603516e+01
3.076415181159973145e+01
2.936312723159790039e+01
2.792712807655334473e+01
2.648365449905395508e+01
2.732775235176086426e+01
2.886968374252319336e+01
2.721788096427917480e+01
2.901862430572509766e+01
3.067383074760437012e+01
3.011796760559082031e+01
2.715768671035766602e+01
2.643005251884460449e+01
2.667444992065429688e+01
2.998214817047119141e+01
2.556634616851806641e+01
2.801891851425170898e+01
2.933299422264099121e+01
2.938944530487060547e+01
3.099644470214843750e+01
3.052029728889465332e+01
3.102902555465698242e+01
2.649987530708312988e+01
2.887694048881530762e+01
3.122088575363159180e+01
2.937675666809082031e+01
2.861707139015197754e+01
2.990771460533142090e+01
3.126863455772399902e+01
3.058514475822448730e+01
2.688363409042358398e+01
2.874272823333740234e+01
3.092545747756958008e+01
2.899413347244262695e+01
2.966883659362792969e+01
2.823183536529541016e+01
2.978852057456970215e+01
2.867397570610046387e+01
2.733861112594604492e+01
2.975733542442321777e+01
2.922262477874755859e+01
2.777278661727905273e+01
3.075149393081665039e+01
2.863489770889282227e+01
2.981077265739440918e+01
3.036832046508789062e+01
3.049227547645568848e+01
2.936367774009704590e+01
2.998570299148559570e+01
2.991073799133300781e+01
2.795662593841552734e+01
2.984062433242797852e+01
2.843067455291748047e+01
3.001954913139343262e+01
3.087856841087341309e+01
2.866994142532348633e+01
2.953608083724975586e+01
3.031525516510009766e+01
2.920649409294128418e+01
2.927414536476135254e+01
2.749583077430725098e+01
2.881930065155029297e+01
2.972768831253051758e+01
2.719508099555969238e+01
2.821102094650268555e+01
2.742445015907287598e+01
2.766079092025756836e+01
2.954070758819580078e+01
3.058135557174682617e+01
2.466661119461059570e+01
2.898673987388610840e+01
2.776895618438720703e+01
2.898555970191955566e+01
2.594154238700866699e+01
2.951298570632934570e+01
2.946388769149780273e+01
3.035835504531860352e+01
2.925079250335693359e+01
2.904100561141967773e+01
2.836379313468933105e+01
2.916415381431579590e+01
2.801877737045288086e+01
2.727829098701477051e+01
3.023842096328735352e+01
2.720209217071533203e+01
2.701336359977722168e+01
2.896229410171508789e+01
2.995711612701416016e+01
2.968774127960205078e+01
2.734728145599365234e+01
2.909590554237365723e+01
2.616586828231811523e+01
2.904925346374511719e+01
2.968470788002014160e+01
3.061710834503173828e+01
2.976629471778869629e+01
3.012169003486633301e+01
2.850054812431335449e+01
2.631956601142883301e+01
2.857959127426147461e+01
2.689259219169616699e+01
3.016511559486389160e+01
2.721661567687988281e+01
3.095914387702941895e+01
2.846306991577148438e+01
2.797852206230163574e+01
2.588051533699035645e+01
2.920538258552551270e+01
2.854126238822937012e+01
2.876280045509338379e+01
2.526049017906188965e+01
2.788284063339233398e+01
2.837304115295410156e+01
2.956153941154479980e+01
3.107333707809448242e+01
2.923231124877929688e+01
3.024084663391113281e+01
3.101918649673461914e+01
3.007085371017456055e+01
2.892202663421630859e+01
2.782610344886779785e+01
3.012561583518981934e+01
2.995394778251647949e+01
2.943655228614807129e+01
2.885497760772705078e+01
2.860361957550048828e+01
2.847806191444396973e+01
2.998770928382873535e+01
3.004996204376220703e+01
2.935765767097473145e+01
3.006057620048522949e+01
2.814291644096374512e+01
2.968887448310852051e+01
2.851739454269409180e+01
2.854422307014465332e+01
2.919457316398620605e+01
2.756973505020141602e+01
3.210584259033203125e+01
2.892936706542968750e+01
3.111973667144775391e+01
2.722028398513793945e+01
2.877269625663757324e+01
2.835383439064025879e+01
2.912679934501647949e+01
2.962512755393981934e+01
3.020507836341857910e+01
2.962100863456726074e+01
3.083986735343933105e+01
2.932569146156311035e+01
2.671141576766967773e+01
2.782251572608947754e+01
2.735753822326660156e+01
3.053408741950988770e+01
2.914545655250549316e+01
3.001154875755310059e+01
2.829094290733337402e+01
2.894537258148193359e+01
3.012644052505493164e+01
2.823799204826354980e+01
3.114841628074645996e+01
2.830233335494995117e+01
2.763300585746765137e+01
2.889184713363647461e+01
2.889680099487304688e+01
2.764148354530334473e+01
2.839437222480773926e+01
3.030669760704040527e+01
2.789714026451110840e+01
2.902873229980468750e+01
2.985599207878112793e+01
2.959982848167419434e+01
2.627355504035949707e+01
3.040324807167053223e+01
2.994946002960205078e+01
2.925351238250732422e+01
2.973542141914367676e+01
2.689214706420898438e+01
3.056988215446472168e+01
2.910500478744506836e+01
2.864620852470397949e+01
2.801887989044189453e+01
2.912984180450439453e+01
3.001118731498718262e+01
2.881137752532958984e+01
2.831336259841918945e+01
2.888004946708679199e+01
2.985761642456054688e+01
2.893543553352355957e+01
2.981903767585754395e+01
2.995135712623596191e+01
3.017627358436584473e+01
3.121462798118591309e+01
2.877208018302917480e+01
3.074847841262817383e+01
3.035936045646667480e+01
2.949053788185119629e+01
2.985996055603027344e+01
2.871664452552795410e+01
2.686611270904541016e+01
2.920335745811462402e+01
2.747429943084716797e+01
3.090059375762939453e+01
2.950263309478759766e+01
3.098254442214965820e+01
3.050335192680358887e+01
2.886077809333801270e+01
2.962236380577087402e+01
2.941084027290344238e+01
3.063967990875244141e+01
2.857628273963928223e+01
2.892898106575012207e+01
2.975668311119079590e+01
2.965841293334960938e+01
3.051055192947387695e+01
2.883557081222534180e+01
2.774477791786193848e+01
2.824793529510498047e+01
3.064271688461303711e+01
2.987153077125549316e+01
3.029380393028259277e+01
2.599415397644042969e+01
2.876002717018127441e+01
2.853445005416870117e+01
3.134172296524047852e+01
2.905583405494689941e+01
3.168883156776428223e+01
2.907817745208740234e+01
2.740853166580200195e+01
2.917689800262451172e+01
2.926812696456909180e+01
2.841151523590087891e+01
2.985210895538330078e+01
3.106503987312316895e+01
2.927764463424682617e+01
