2.819316387176513672e+00
9.528374671936035156e-02
9.586930274963378906e-02
7.475781440734863281e-02
8.345484733581542969e-02
8.909964561462402344e-02
8.175587654113769531e-02
7.367968559265136719e-02
1.247606277465820312e-01
1.139395236968994141e-01
1.225266456604003906e-01
8.516621589660644531e-02
7.505369186401367188e-02
8.689928054809570312e-02
9.020900726318359375e-02
9.071731567382812500e-02
1.030535697937011719e-01
8.493065834045410156e-02
9.151339530944824219e-02
1.102766990661621094e-01
1.177625656127929688e-01
1.106977462768554688e-01
9.100723266601562500e-02
1.116487979888916016e-01
1.078474521636962891e-01
9.488940238952636719e-02
8.002185821533203125e-02
9.316515922546386719e-02
1.216855049133300781e-01
1.180005073547363281e-01
1.199216842651367188e-01
1.140668392181396484e-01
8.171963691711425781e-02
1.215145587921142578e-01
7.337760925292968750e-02
8.598971366882324219e-02
1.089355945587158203e-01
1.023221015930175781e-01
8.267903327941894531e-02
1.138939857482910156e-01
7.556033134460449219e-02
1.049916744232177734e-01
8.855199813842773438e-02
1.112682819366455078e-01
1.152739524841308594e-01
1.052258014678955078e-01
8.238720893859863281e-02
8.043122291564941406e-02
8.020234107971191406e-02
9.789776802062988281e-02
2.712539672851562500e+00
9.310507774353027344e-02
1.015467643737792969e-01
8.097386360168457031e-02
7.961916923522949219e-02
9.978222846984863281e-02
9.638381004333496094e-02
1.020424365997314453e-01
8.112835884094238281e-02
7.817411422729492188e-02
9.338808059692382812e-02
8.075666427612304688e-02
7.051539421081542969e-02
7.996773719787597656e-02
6.818985939025878906e-02
6.312584877014160156e-02
6.299901008605957031e-02
6.608104705810546875e-02
1.046292781829833984e-01
1.053149700164794922e-01
9.093642234802246094e-02
9.507274627685546875e-02
1.064109802246093750e-01
1.014685630798339844e-01
1.030688285827636719e-01
1.109364032745361328e-01
9.639096260070800781e-02
9.140419960021972656e-02
1.208577156066894531e-01
8.873462677001953125e-02
1.031646728515625000e-01
1.070225238800048828e-01
7.703828811645507812e-02
7.232093811035156250e-02
8.044385910034179688e-02
7.815861701965332031e-02
7.417249679565429688e-02
7.986569404602050781e-02
8.178949356079101562e-02
6.842947006225585938e-02
7.281041145324707031e-02
6.273913383483886719e-02
6.362152099609375000e-02
1.171388626098632812e-01
9.450769424438476562e-02
9.356307983398437500e-02
9.645986557006835938e-02
6.338262557983398438e-02
6.824421882629394531e-02
1.033089160919189453e-01
2.673852682113647461e+00
5.653309822082519531e-02
1.273033618927001953e-01
1.221356391906738281e-01
8.979845046997070312e-02
6.696176528930664062e-02
8.046603202819824219e-02
7.659697532653808594e-02
9.518480300903320312e-02
6.589198112487792969e-02
6.523156166076660156e-02
6.991958618164062500e-02
1.140887737274169922e-01
6.419205665588378906e-02
7.320213317871093750e-02
9.678769111633300781e-02
8.740878105163574219e-02
6.695055961608886719e-02
8.326816558837890625e-02
8.913350105285644531e-02
1.193902492523193359e-01
8.407068252563476562e-02
1.013462543487548828e-01
1.510357856750488281e-01
1.092824935913085938e-01
8.133745193481445312e-02
1.044483184814453125e-01
6.412410736083984375e-02
9.994864463806152344e-02
1.421699523925781250e-01
7.529997825622558594e-02
9.137797355651855469e-02
7.570552825927734375e-02
6.746625900268554688e-02
7.167148590087890625e-02
9.577941894531250000e-02
6.319236755371093750e-02
7.777929306030273438e-02
8.651089668273925781e-02
6.188583374023437500e-02
8.815193176269531250e-02
9.509372711181640625e-02
9.417033195495605469e-02
6.063914299011230469e-02
8.808422088623046875e-02
9.649515151977539062e-02
9.522461891174316406e-02
5.857133865356445312e-02
9.273505210876464844e-02
8.769917488098144531e-02
2.560151815414428711e+00
8.579397201538085938e-02
5.503773689270019531e-02
8.322262763977050781e-02
8.900451660156250000e-02
8.542561531066894531e-02
1.014842987060546875e-01
9.089517593383789062e-02
8.470392227172851562e-02
5.383968353271484375e-02
9.576463699340820312e-02
5.549812316894531250e-02
7.426190376281738281e-02
9.067797660827636719e-02
8.791518211364746094e-02
9.308385848999023438e-02
6.897139549255371094e-02
5.755257606506347656e-02
6.490039825439453125e-02
5.864691734313964844e-02
7.175827026367187500e-02
6.586670875549316406e-02
6.471395492553710938e-02
8.730816841125488281e-02
7.601928710937500000e-02
9.124898910522460938e-02
7.381629943847656250e-02
7.502961158752441406e-02
1.000008583068847656e-01
5.773067474365234375e-02
9.261298179626464844e-02
7.096457481384277344e-02
6.154584884643554688e-02
7.100057601928710938e-02
7.012128829956054688e-02
8.369326591491699219e-02
6.293988227844238281e-02
6.639289855957031250e-02
9.931135177612304688e-02
8.648252487182617188e-02
7.115030288696289062e-02
1.096045970916748047e-01
6.559348106384277344e-02
6.656813621520996094e-02
8.378291130065917969e-02
6.891942024230957031e-02
8.393096923828125000e-02
1.017074584960937500e-01
7.664251327514648438e-02
6.084823608398437500e-02
2.325864553451538086e+00
9.419369697570800781e-02
8.463430404663085938e-02
8.624124526977539062e-02
7.508206367492675781e-02
7.830977439880371094e-02
5.629253387451171875e-02
5.233383178710937500e-02
6.306529045104980469e-02
6.974101066589355469e-02
1.102228164672851562e-01
7.599520683288574219e-02
8.412671089172363281e-02
7.525610923767089844e-02
8.643794059753417969e-02
7.574415206909179688e-02
8.952164649963378906e-02
8.439373970031738281e-02
1.207284927368164062e-01
7.641530036926269531e-02
9.649395942687988281e-02
8.747148513793945312e-02
9.319615364074707031e-02
8.849954605102539062e-02
8.782482147216796875e-02
5.985140800476074219e-02
5.544161796569824219e-02
5.304074287414550781e-02
5.254125595092773438e-02
8.993411064147949219e-02
6.478214263916015625e-02
8.155059814453125000e-02
8.251428604125976562e-02
7.668232917785644531e-02
8.588695526123046875e-02
8.400368690490722656e-02
6.579136848449707031e-02
8.463931083679199219e-02
7.231283187866210938e-02
8.934545516967773438e-02
8.007240295410156250e-02
6.059193611145019531e-02
7.644939422607421875e-02
8.467459678649902344e-02
7.315659523010253906e-02
6.457328796386718750e-02
7.984590530395507812e-02
6.491589546203613281e-02
6.056189537048339844e-02
4.817008972167968750e-02
2.935762166976928711e+00
7.878398895263671875e-02
8.283185958862304688e-02
9.075474739074707031e-02
5.322051048278808594e-02
8.312916755676269531e-02
9.739804267883300781e-02
8.757185935974121094e-02
6.111335754394531250e-02
9.078264236450195312e-02
1.002159118652343750e-01
6.595587730407714844e-02
7.659745216369628906e-02
8.537817001342773438e-02
8.838987350463867188e-02
1.090240478515625000e-01
1.229074001312255859e-01
8.254098892211914062e-02
1.018447875976562500e-01
8.765149116516113281e-02
7.606148719787597656e-02
1.284258365631103516e-01
8.549070358276367188e-02
8.303332328796386719e-02
5.572867393493652344e-02
9.272313117980957031e-02
8.150362968444824219e-02
9.392237663269042969e-02
7.173895835876464844e-02
6.747984886169433594e-02
5.839586257934570312e-02
9.003424644470214844e-02
6.087064743041992188e-02
5.782580375671386719e-02
5.767679214477539062e-02
5.570840835571289062e-02
5.796885490417480469e-02
5.580091476440429688e-02
9.050965309143066406e-02
7.697129249572753906e-02
8.029890060424804688e-02
7.685804367065429688e-02
8.716940879821777344e-02
7.652068138122558594e-02
5.027484893798828125e-02
9.070467948913574219e-02
8.663773536682128906e-02
8.993768692016601562e-02
9.021997451782226562e-02
5.254769325256347656e-02
2.603021621704101562e+00
8.175492286682128906e-02
8.015823364257812500e-02
1.003122329711914062e-01
6.518697738647460938e-02
7.683634757995605469e-02
5.252552032470703125e-02
5.450129508972167969e-02
6.012415885925292969e-02
6.364440917968750000e-02
5.440139770507812500e-02
6.161618232727050781e-02
5.303454399108886719e-02
5.850529670715332031e-02
7.324838638305664062e-02
5.720949172973632812e-02
5.690717697143554688e-02
7.839751243591308594e-02
8.098793029785156250e-02
7.237553596496582031e-02
8.633255958557128906e-02
6.993293762207031250e-02
8.149719238281250000e-02
1.172482967376708984e-01
8.511114120483398438e-02
5.541396141052246094e-02
6.491565704345703125e-02
7.309627532958984375e-02
5.128359794616699219e-02
5.364775657653808594e-02
1.069633960723876953e-01
8.737969398498535156e-02
4.414749145507812500e-02
1.011381149291992188e-01
5.821681022644042969e-02
5.775856971740722656e-02
5.335068702697753906e-02
7.427144050598144531e-02
5.408120155334472656e-02
7.937264442443847656e-02
4.640221595764160156e-02
8.197307586669921875e-02
8.873558044433593750e-02
4.995560646057128906e-02
6.535935401916503906e-02
9.328198432922363281e-02
6.594371795654296875e-02
8.745145797729492188e-02
6.722664833068847656e-02
5.159211158752441406e-02
2.695803642272949219e+00
8.750677108764648438e-02
9.125280380249023438e-02
8.494639396667480469e-02
7.114124298095703125e-02
5.543470382690429688e-02
8.176064491271972656e-02
7.488417625427246094e-02
7.504558563232421875e-02
6.864762306213378906e-02
8.094024658203125000e-02
7.417058944702148438e-02
7.411074638366699219e-02
5.297756195068359375e-02
4.886150360107421875e-02
7.815074920654296875e-02
5.651998519897460938e-02
6.217694282531738281e-02
7.100439071655273438e-02
5.649137496948242188e-02
7.831716537475585938e-02
5.412960052490234375e-02
9.080743789672851562e-02
