6.297746093750000000e+04
5.610702343750000000e+04
6.624344531250000000e+04
5.327582031250000000e+04
5.435790625000000000e+04
4.278882812500000000e+04
4.979006250000000000e+04
3.680008593750000000e+04
3.410997656250000000e+04
3.450836718750000000e+04
2.258239062500000000e+04
2.205957031250000000e+04
1.559175781250000000e+04
1.446974218750000000e+04
2.446643750000000000e+04
9.052929687500000000e+03
8.688335937500000000e+03
7.055070312500000000e+03
8.111460937500000000e+03
5.603562500000000000e+03
5.407335937500000000e+03
5.923679687500000000e+03
3.975890625000000000e+03
2.600015625000000000e+03
1.853007812500000000e+03
1.058046875000000000e+03
3.131546875000000000e+03
1.926101562500000000e+03
1.012828125000000000e+03
1.818296875000000000e+03
1.470953125000000000e+03
2.137554687500000000e+03
8.760312500000000000e+02
2.246085937500000000e+03
1.854445312500000000e+03
1.759968750000000000e+03
6.179765625000000000e+02
1.328171875000000000e+03
8.512656250000000000e+02
8.299453125000000000e+02
8.413515625000000000e+02
1.092125000000000000e+03
9.862890625000000000e+02
9.596015625000000000e+02
9.350625000000000000e+02
6.150390625000000000e+02
1.084289062500000000e+03
6.425390625000000000e+02
7.815468750000000000e+02
1.125562500000000000e+03
1.288492187500000000e+03
7.055156250000000000e+02
9.273984375000000000e+02
8.037265625000000000e+02
6.147968750000000000e+02
1.041195312500000000e+03
8.320000000000000000e+02
6.275156250000000000e+02
9.701640625000000000e+02
8.377812500000000000e+02
7.100390625000000000e+02
7.019296875000000000e+02
6.704531250000000000e+02
6.938984375000000000e+02
6.367812500000000000e+02
1.010976562500000000e+03
8.686718750000000000e+02
8.169140625000000000e+02
6.383750000000000000e+02
6.103984375000000000e+02
5.909531250000000000e+02
6.637812500000000000e+02
6.920781250000000000e+02
5.005781250000000000e+02
8.059843750000000000e+02
1.180312500000000000e+03
5.386875000000000000e+02
6.640781250000000000e+02
7.098437500000000000e+02
1.295984375000000000e+03
6.250156250000000000e+02
7.395234375000000000e+02
1.102890625000000000e+03
5.744062500000000000e+02
9.447890625000000000e+02
6.771796875000000000e+02
6.910390625000000000e+02
6.962265625000000000e+02
8.172578125000000000e+02
6.586015625000000000e+02
5.342109375000000000e+02
5.582734375000000000e+02
9.373437500000000000e+02
9.326875000000000000e+02
1.141726562500000000e+03
6.514453125000000000e+02
7.220468750000000000e+02
5.516328125000000000e+02
6.557500000000000000e+02
8.559843750000000000e+02
6.033984375000000000e+02
6.390859375000000000e+02
8.093359375000000000e+02
5.767968750000000000e+02
6.059062500000000000e+02
5.541093750000000000e+02
7.481406250000000000e+02
5.633750000000000000e+02
6.761171875000000000e+02
6.387187500000000000e+02
8.754921875000000000e+02
6.806484375000000000e+02
6.949921875000000000e+02
1.010750000000000000e+03
8.181093750000000000e+02
5.490937500000000000e+02
1.082664062500000000e+03
7.926718750000000000e+02
6.571640625000000000e+02
5.957812500000000000e+02
5.982500000000000000e+02
1.075742187500000000e+03
7.151640625000000000e+02
6.242812500000000000e+02
5.322734375000000000e+02
1.214812500000000000e+03
9.121562500000000000e+02
9.793828125000000000e+02
7.262109375000000000e+02
6.526250000000000000e+02
8.181171875000000000e+02
7.844062500000000000e+02
8.807656250000000000e+02
5.655937500000000000e+02
1.068546875000000000e+03
5.951875000000000000e+02
6.129687500000000000e+02
7.340625000000000000e+02
6.680234375000000000e+02
7.295703125000000000e+02
5.575234375000000000e+02
7.272031250000000000e+02
6.486171875000000000e+02
7.671406250000000000e+02
7.399218750000000000e+02
6.983515625000000000e+02
7.480078125000000000e+02
6.052968750000000000e+02
1.068179687500000000e+03
6.308984375000000000e+02
8.973828125000000000e+02
8.251015625000000000e+02
7.509843750000000000e+02
6.198984375000000000e+02
7.001718750000000000e+02
7.603750000000000000e+02
5.626406250000000000e+02
8.676875000000000000e+02
5.954296875000000000e+02
5.785703125000000000e+02
7.549843750000000000e+02
9.377187500000000000e+02
1.042414062500000000e+03
5.752968750000000000e+02
5.972578125000000000e+02
6.305546875000000000e+02
6.146953125000000000e+02
7.104140625000000000e+02
7.039921875000000000e+02
6.598593750000000000e+02
6.448671875000000000e+02
6.103515625000000000e+02
6.657421875000000000e+02
5.715078125000000000e+02
6.101640625000000000e+02
6.596796875000000000e+02
5.886093750000000000e+02
5.766875000000000000e+02
9.362812500000000000e+02
5.787968750000000000e+02
6.516406250000000000e+02
5.292890625000000000e+02
8.168984375000000000e+02
5.981953125000000000e+02
6.358984375000000000e+02
1.113687500000000000e+03
6.205546875000000000e+02
5.493515625000000000e+02
6.177890625000000000e+02
6.820781250000000000e+02
7.388437500000000000e+02
6.230393700787401485e+02
6.678828125000000000e+02
6.229140625000000000e+02
5.931015625000000000e+02
6.407500000000000000e+02
6.452109375000000000e+02
7.694609375000000000e+02
6.665390625000000000e+02
6.140546875000000000e+02
5.998046875000000000e+02
5.656640625000000000e+02
5.417031250000000000e+02
5.708984375000000000e+02
5.667968750000000000e+02
5.402734375000000000e+02
8.041484375000000000e+02
6.460390625000000000e+02
5.966250000000000000e+02
5.866406250000000000e+02
6.775937500000000000e+02
5.220078125000000000e+02
5.500468750000000000e+02
6.306250000000000000e+02
5.378906250000000000e+02
6.561718750000000000e+02
7.246406250000000000e+02
5.831953125000000000e+02
5.564609375000000000e+02
5.142031250000000000e+02
5.902578125000000000e+02
1.829078125000000000e+03
5.890234375000000000e+02
5.761250000000000000e+02
5.426718750000000000e+02
9.407890625000000000e+02
5.128593750000000000e+02
5.357968750000000000e+02
4.956406250000000000e+02
5.338203125000000000e+02
5.510078125000000000e+02
6.082968750000000000e+02
7.664375000000000000e+02
6.442890625000000000e+02
9.233671875000000000e+02
5.759062500000000000e+02
5.657968750000000000e+02
5.289609375000000000e+02
9.024843750000000000e+02
6.110625000000000000e+02
5.399218750000000000e+02
5.238828125000000000e+02
5.130546875000000000e+02
5.512890625000000000e+02
5.846953125000000000e+02
6.100468750000000000e+02
6.326328125000000000e+02
7.084062500000000000e+02
5.179609375000000000e+02
5.073281250000000000e+02
9.082500000000000000e+02
5.728203125000000000e+02
5.704140625000000000e+02
5.494218750000000000e+02
5.392500000000000000e+02
6.072890625000000000e+02
5.216250000000000000e+02
5.075312500000000000e+02
5.271171875000000000e+02
5.460703125000000000e+02
6.703046875000000000e+02
5.928593750000000000e+02
6.916406250000000000e+02
5.174843750000000000e+02
1.233664062500000000e+03
6.201562500000000000e+02
5.228359375000000000e+02
5.721171875000000000e+02
6.254296875000000000e+02
5.036250000000000000e+02
5.574921875000000000e+02
5.733046875000000000e+02
4.927812500000000000e+02
5.167734375000000000e+02
5.362656250000000000e+02
5.094375000000000000e+02
1.583328125000000000e+03
5.349062500000000000e+02
5.658359375000000000e+02
4.958750000000000000e+02
7.445625000000000000e+02
4.811796875000000000e+02
5.084843750000000000e+02
5.142968750000000000e+02
6.296328125000000000e+02
6.525312500000000000e+02
5.343906250000000000e+02
5.410859375000000000e+02
5.590703125000000000e+02
4.869765625000000000e+02
5.200781250000000000e+02
5.038828125000000000e+02
4.701562500000000000e+02
5.211484375000000000e+02
4.703281250000000000e+02
5.952421875000000000e+02
4.998750000000000000e+02
4.887890625000000000e+02
4.967265625000000000e+02
8.632968750000000000e+02
6.073671875000000000e+02
5.309062500000000000e+02
6.990156250000000000e+02
5.089687500000000000e+02
5.035937500000000000e+02
5.531250000000000000e+02
4.659609375000000000e+02
5.511171875000000000e+02
4.748359375000000000e+02
5.311953125000000000e+02
5.106718750000000000e+02
1.045937500000000000e+03
5.030546875000000000e+02
4.877578125000000000e+02
1.005812500000000000e+03
4.846718750000000000e+02
6.093359375000000000e+02
4.999609375000000000e+02
5.040859375000000000e+02
6.795625000000000000e+02
4.704531250000000000e+02
4.699140625000000000e+02
4.771484375000000000e+02
5.579921875000000000e+02
4.733750000000000000e+02
7.204921875000000000e+02
4.780390625000000000e+02
5.462656250000000000e+02
5.025703125000000000e+02
6.422500000000000000e+02
5.069843750000000000e+02
4.601093750000000000e+02
4.514296875000000000e+02
5.692812500000000000e+02
5.237812500000000000e+02
4.458046875000000000e+02
4.526015625000000000e+02
5.453437500000000000e+02
4.768046875000000000e+02
5.710546875000000000e+02
4.581875000000000000e+02
4.608671875000000000e+02
4.569218750000000000e+02
4.843593750000000000e+02
4.738750000000000000e+02
4.648750000000000000e+02
5.023359375000000000e+02
4.749296875000000000e+02
5.380156250000000000e+02
5.403750000000000000e+02
4.405703125000000000e+02
5.580859375000000000e+02
4.542265625000000000e+02
1.015296875000000000e+03
4.742500000000000000e+02
4.963515625000000000e+02
4.378359375000000000e+02
5.646718750000000000e+02
4.585703125000000000e+02
5.420312500000000000e+02
5.192265625000000000e+02
4.766015625000000000e+02
4.705468750000000000e+02
5.211484375000000000e+02
5.576484375000000000e+02
6.019687500000000000e+02
4.864921875000000000e+02
4.517812500000000000e+02
4.680312500000000000e+02
4.608203125000000000e+02
4.196406250000000000e+02
4.179296875000000000e+02
7.127343750000000000e+02
4.441093750000000000e+02
4.562656250000000000e+02
4.491875000000000000e+02
4.777890625000000000e+02
4.185859375000000000e+02
4.390390625000000000e+02
6.774531250000000000e+02
4.448359375000000000e+02
5.416875000000000000e+02
4.495703125000000000e+02
4.183070866141732154e+02
5.727421875000000000e+02
4.436796875000000000e+02
4.210000000000000000e+02
4.639531250000000000e+02
4.654296875000000000e+02
4.128281250000000000e+02
4.189062500000000000e+02
4.388828125000000000e+02
7.279218750000000000e+02
6.032968750000000000e+02
4.330312500000000000e+02
4.320312500000000000e+02
4.737031250000000000e+02
4.347500000000000000e+02
4.448593750000000000e+02
4.890703125000000000e+02
4.303906250000000000e+02
5.161796875000000000e+02
4.228125000000000000e+02
4.354921875000000000e+02
4.444453125000000000e+02
4.467187500000000000e+02
4.253203125000000000e+02
6.363281250000000000e+02
4.215781250000000000e+02
4.934218750000000000e+02
3.972265625000000000e+02
4.323203125000000000e+02
3.876562500000000000e+02
3.882500000000000000e+02
4.608437500000000000e+02
4.568437500000000000e+02
4.223281250000000000e+02
5.808281250000000000e+02
5.058984375000000000e+02
6.210625000000000000e+02
3.964687500000000000e+02
4.659843750000000000e+02
6.604765625000000000e+02
4.166328125000000000e+02
4.198750000000000000e+02
4.472890625000000000e+02
5.644609375000000000e+02
3.986406250000000000e+02
4.494609375000000000e+02
4.243203125000000000e+02
6.135625000000000000e+02
4.314140625000000000e+02
4.320390625000000000e+02
4.065390625000000000e+02
4.242421875000000000e+02
4.155625000000000000e+02
4.048593750000000000e+02
4.618984375000000000e+02
3.823671875000000000e+02
4.637890625000000000e+02
4.015781250000000000e+02
5.948203125000000000e+02
4.111328125000000000e+02
4.322109375000000000e+02
4.574531250000000000e+02
3.843437500000000000e+02
4.220468750000000000e+02
4.653906250000000000e+02
3.844921875000000000e+02
4.409375000000000000e+02
4.867343750000000000e+02
4.328671875000000000e+02
4.066796875000000000e+02
4.000625000000000000e+02
4.131015625000000000e+02
4.294609375000000000e+02
4.189140625000000000e+02
4.540781250000000000e+02
3.861953125000000000e+02
4.582578125000000000e+02
5.728359375000000000e+02
4.254531250000000000e+02
4.578203125000000000e+02
3.805781250000000000e+02
3.897656250000000000e+02
4.741718750000000000e+02
3.631484375000000000e+02
4.176171875000000000e+02
3.998281250000000000e+02
4.266484375000000000e+02
4.520390625000000000e+02
3.656171875000000000e+02
4.334218750000000000e+02
3.821718750000000000e+02
3.540390625000000000e+02
4.396328125000000000e+02
3.806093750000000000e+02
3.758593750000000000e+02
3.775390625000000000e+02
3.869609375000000000e+02
3.505234375000000000e+02
3.825625000000000000e+02
3.646718750000000000e+02
3.816250000000000000e+02
4.806406250000000000e+02
4.116250000000000000e+02
4.098515625000000000e+02
3.905781250000000000e+02
3.991328125000000000e+02
4.114765625000000000e+02
3.961328125000000000e+02
3.742265625000000000e+02
6.202343750000000000e+02
3.759375000000000000e+02
3.824140625000000000e+02
3.616875000000000000e+02
4.022656250000000000e+02
3.910390625000000000e+02
3.660390625000000000e+02
3.962500000000000000e+02
4.090234375000000000e+02
3.453984375000000000e+02
3.893046875000000000e+02
3.702968750000000000e+02
3.921406250000000000e+02
3.897421875000000000e+02
3.802500000000000000e+02
3.693046875000000000e+02
4.953593750000000000e+02
3.630000000000000000e+02
4.397968750000000000e+02
6.396015625000000000e+02
4.384531250000000000e+02
3.988828125000000000e+02
4.811171875000000000e+02
3.659921875000000000e+02
4.763593750000000000e+02
3.817734375000000000e+02
3.586406250000000000e+02
3.709921875000000000e+02
4.038750000000000000e+02
5.269218750000000000e+02
3.550390625000000000e+02
3.557031250000000000e+02
3.586484375000000000e+02
3.953593750000000000e+02
3.383828125000000000e+02
3.880078125000000000e+02
3.607734375000000000e+02
3.856640625000000000e+02
4.053671875000000000e+02
7.067578125000000000e+02
3.550156250000000000e+02
3.667343750000000000e+02
3.912968750000000000e+02
3.699843750000000000e+02
3.939218750000000000e+02
3.309296875000000000e+02
3.676796875000000000e+02
3.716015625000000000e+02
3.892656250000000000e+02
3.291796875000000000e+02
3.420703125000000000e+02
3.530078125000000000e+02
4.479375000000000000e+02
3.595000000000000000e+02
3.859531250000000000e+02
5.817500000000000000e+02
4.062578125000000000e+02
3.376640625000000000e+02
3.837031250000000000e+02
4.154531250000000000e+02
3.749843750000000000e+02
3.279687500000000000e+02
3.180234375000000000e+02
3.525937500000000000e+02
3.348906250000000000e+02
4.466562500000000000e+02
3.759921875000000000e+02
3.304843750000000000e+02
3.846093750000000000e+02
3.835468750000000000e+02
3.593671875000000000e+02
3.303828125000000000e+02
4.300703125000000000e+02
3.695859375000000000e+02
4.334609375000000000e+02
4.946406250000000000e+02
3.464375000000000000e+02
3.573359375000000000e+02
3.153046875000000000e+02
3.542031250000000000e+02
3.663437500000000000e+02
3.578437500000000000e+02
3.621562500000000000e+02
4.790314960629921188e+02
4.045546875000000000e+02
3.667812500000000000e+02
4.598046875000000000e+02
3.186328125000000000e+02
3.533515625000000000e+02
4.265546875000000000e+02
4.437187500000000000e+02
3.668593750000000000e+02
3.845859375000000000e+02
3.249687500000000000e+02
3.408203125000000000e+02
3.332500000000000000e+02
3.794140625000000000e+02
3.605468750000000000e+02
3.913984375000000000e+02
2.966718750000000000e+02
3.448359375000000000e+02
3.848984375000000000e+02
3.291171875000000000e+02
3.719296875000000000e+02
3.605312500000000000e+02
3.038515625000000000e+02
3.312656250000000000e+02
3.334921875000000000e+02
3.604218750000000000e+02
3.250703125000000000e+02
3.427421875000000000e+02
3.036718750000000000e+02
3.076953125000000000e+02
3.997734375000000000e+02
3.292343750000000000e+02
3.442968750000000000e+02
3.204609375000000000e+02
3.960937500000000000e+02
3.349609375000000000e+02
3.304296875000000000e+02
3.478515625000000000e+02
3.631875000000000000e+02
3.142500000000000000e+02
3.254218750000000000e+02
3.785078125000000000e+02
3.208281250000000000e+02
3.147187500000000000e+02
4.283906250000000000e+02
3.397421875000000000e+02
3.184062500000000000e+02
3.412187500000000000e+02
3.323515625000000000e+02
3.142890625000000000e+02
3.270468750000000000e+02
3.364843750000000000e+02
3.931953125000000000e+02
2.888359375000000000e+02
3.610468750000000000e+02
3.655546875000000000e+02
3.074453125000000000e+02
3.135937500000000000e+02
3.161328125000000000e+02
3.244531250000000000e+02
3.125703125000000000e+02
3.908281250000000000e+02
2.833671875000000000e+02
3.184296875000000000e+02
3.934531250000000000e+02
2.989765625000000000e+02
3.075781250000000000e+02
3.401015625000000000e+02
3.088984375000000000e+02
3.794843750000000000e+02
3.459218750000000000e+02
4.134921875000000000e+02
3.281093750000000000e+02
3.264375000000000000e+02
3.074531250000000000e+02
3.235156250000000000e+02
4.308437500000000000e+02
3.848906250000000000e+02
3.562343750000000000e+02
3.359140625000000000e+02
3.548515625000000000e+02
3.613203125000000000e+02
3.130468750000000000e+02
4.180078125000000000e+02
6.481640625000000000e+02
3.178750000000000000e+02
3.786406250000000000e+02
3.010703125000000000e+02
2.999375000000000000e+02
3.257109375000000000e+02
3.266328125000000000e+02
3.025468750000000000e+02
3.221640625000000000e+02
2.873750000000000000e+02
3.500859375000000000e+02
3.095781250000000000e+02
3.465156250000000000e+02
3.455156250000000000e+02
3.334453125000000000e+02
2.876015625000000000e+02
3.292109375000000000e+02
3.108671875000000000e+02
3.278046875000000000e+02
3.386718750000000000e+02
3.745078125000000000e+02
3.504453125000000000e+02
3.024062500000000000e+02
2.965234375000000000e+02
3.209531250000000000e+02
2.935703125000000000e+02
4.069375000000000000e+02
2.914296875000000000e+02
3.374062500000000000e+02
2.956484375000000000e+02
3.044062500000000000e+02
3.075703125000000000e+02
3.020000000000000000e+02
3.045859375000000000e+02
3.206171875000000000e+02
3.007734375000000000e+02
3.457656250000000000e+02
3.260937500000000000e+02
3.010859375000000000e+02
2.763359375000000000e+02
4.827265625000000000e+02
2.997500000000000000e+02
4.303125000000000000e+02
2.682421875000000000e+02
2.758437500000000000e+02
3.704843750000000000e+02
3.686796875000000000e+02
2.822421875000000000e+02
3.007343750000000000e+02
2.904609375000000000e+02
3.058125000000000000e+02
2.845312500000000000e+02
3.184375000000000000e+02
2.905703125000000000e+02
3.190234375000000000e+02
3.027812500000000000e+02
3.043828125000000000e+02
2.873515625000000000e+02
3.676562500000000000e+02
3.263515625000000000e+02
3.178437500000000000e+02
3.056718750000000000e+02
3.471562500000000000e+02
3.154843750000000000e+02
3.180859375000000000e+02
3.256015625000000000e+02
3.539218750000000000e+02
3.536093750000000000e+02
3.529062500000000000e+02
3.139765625000000000e+02
2.971875000000000000e+02
3.363125000000000000e+02
2.545312500000000000e+02
3.185625000000000000e+02
2.940703125000000000e+02
3.047187500000000000e+02
3.523203125000000000e+02
2.779687500000000000e+02
2.882109375000000000e+02
3.798671875000000000e+02
2.755000000000000000e+02
7.660546875000000000e+02
3.569296875000000000e+02
3.181796875000000000e+02
2.957890625000000000e+02
3.653359375000000000e+02
3.283984375000000000e+02
3.095390625000000000e+02
2.976328125000000000e+02
2.713984375000000000e+02
2.861953125000000000e+02
3.251953125000000000e+02
3.145937500000000000e+02
3.070781250000000000e+02
2.773750000000000000e+02
2.786328125000000000e+02
3.124843750000000000e+02
3.249609375000000000e+02
3.044765625000000000e+02
3.176953125000000000e+02
3.262578125000000000e+02
2.952968750000000000e+02
2.876250000000000000e+02
4.352421875000000000e+02
2.877265625000000000e+02
3.266406250000000000e+02
4.191640625000000000e+02
2.606875000000000000e+02
2.558031496062992005e+02
2.975156250000000000e+02
2.869453125000000000e+02
2.987187500000000000e+02
3.164921875000000000e+02
2.923203125000000000e+02
3.182968750000000000e+02
2.872578125000000000e+02
3.288828125000000000e+02
2.615156250000000000e+02
2.940234375000000000e+02
3.129921875000000000e+02
2.799453125000000000e+02
2.771875000000000000e+02
2.686875000000000000e+02
2.883671875000000000e+02
2.995625000000000000e+02
2.779062500000000000e+02
2.819218750000000000e+02
3.050781250000000000e+02
3.558125000000000000e+02
4.068046875000000000e+02
2.893359375000000000e+02
2.845468750000000000e+02
2.942187500000000000e+02
2.946484375000000000e+02
2.895000000000000000e+02
3.848125000000000000e+02
2.949687500000000000e+02
3.418203125000000000e+02
3.162109375000000000e+02
2.909687500000000000e+02
2.951796875000000000e+02
2.839765625000000000e+02
3.691015625000000000e+02
3.168671875000000000e+02
2.702578125000000000e+02
4.149140625000000000e+02
2.730000000000000000e+02
2.695546875000000000e+02
3.179375000000000000e+02
3.170859375000000000e+02
3.083281250000000000e+02
5.859140625000000000e+02
2.847734375000000000e+02
3.131406250000000000e+02
2.556875000000000000e+02
2.663593750000000000e+02
3.251640625000000000e+02
2.807031250000000000e+02
2.505625000000000000e+02
3.389453125000000000e+02
3.247890625000000000e+02
3.024921875000000000e+02
3.503437500000000000e+02
2.585625000000000000e+02
3.123671875000000000e+02
2.687500000000000000e+02
2.814921875000000000e+02
2.667109375000000000e+02
2.998671875000000000e+02
2.866250000000000000e+02
2.697421875000000000e+02
3.716562500000000000e+02
2.743515625000000000e+02
2.885312500000000000e+02
2.851015625000000000e+02
2.800859375000000000e+02
3.115625000000000000e+02
2.727421875000000000e+02
3.455781250000000000e+02
2.780000000000000000e+02
3.029375000000000000e+02
2.948437500000000000e+02
2.508359375000000000e+02
2.958906250000000000e+02
2.681250000000000000e+02
2.760078125000000000e+02
2.767265625000000000e+02
2.794609375000000000e+02
2.651093750000000000e+02
3.404687500000000000e+02
2.782656250000000000e+02
2.662734375000000000e+02
4.999140625000000000e+02
2.946093750000000000e+02
2.533359375000000000e+02
2.627109375000000000e+02
3.219375000000000000e+02
2.888828125000000000e+02
2.708906250000000000e+02
2.624765625000000000e+02
2.728906250000000000e+02
2.477890625000000000e+02
2.727265625000000000e+02
2.835859375000000000e+02
2.725312500000000000e+02
2.831328125000000000e+02
3.048671875000000000e+02
3.296015625000000000e+02
3.032500000000000000e+02
2.854296875000000000e+02
3.195468750000000000e+02
2.586953125000000000e+02
2.658515625000000000e+02
2.848671875000000000e+02
2.851406250000000000e+02
2.697187500000000000e+02
2.718281250000000000e+02
3.077968750000000000e+02
2.906015625000000000e+02
2.637734375000000000e+02
3.498671875000000000e+02
2.842187500000000000e+02
2.718984375000000000e+02
2.621015625000000000e+02
3.027421875000000000e+02
3.348828125000000000e+02
2.591796875000000000e+02
2.716875000000000000e+02
2.491484375000000000e+02
2.758593750000000000e+02
2.687734375000000000e+02
2.553984375000000000e+02
2.783359375000000000e+02
2.523046875000000000e+02
2.617109375000000000e+02
2.552265625000000000e+02
2.751562500000000000e+02
2.310312500000000000e+02
2.669921875000000000e+02
2.656875000000000000e+02
2.571875000000000000e+02
3.162031250000000000e+02
2.531328125000000000e+02
2.948203125000000000e+02
2.665234375000000000e+02
2.588671875000000000e+02
2.681953125000000000e+02
2.760859375000000000e+02
2.604531250000000000e+02
2.676875000000000000e+02
2.632812500000000000e+02
2.484218750000000000e+02
3.302656250000000000e+02
3.139140625000000000e+02
2.472656250000000000e+02
2.803984375000000000e+02
2.868906250000000000e+02
2.618515625000000000e+02
3.069218750000000000e+02
2.671015625000000000e+02
2.680390625000000000e+02
2.436328125000000000e+02
2.488906250000000000e+02
2.508828125000000000e+02
2.664218750000000000e+02
2.431328125000000000e+02
2.520703125000000000e+02
2.433046875000000000e+02
3.003515625000000000e+02
2.566328125000000000e+02
2.480078125000000000e+02
2.571406250000000000e+02
2.672031250000000000e+02
2.703984375000000000e+02
2.758359375000000000e+02
2.569375000000000000e+02
2.630312500000000000e+02
2.641250000000000000e+02
2.677265625000000000e+02
2.471250000000000000e+02
2.469375000000000000e+02
2.811875000000000000e+02
2.426640625000000000e+02
2.603203125000000000e+02
2.701875000000000000e+02
3.193671875000000000e+02
2.570312500000000000e+02
2.953671875000000000e+02
2.255703125000000000e+02
6.433046875000000000e+02
2.438437500000000000e+02
3.410078125000000000e+02
2.680703125000000000e+02
2.751796875000000000e+02
2.622109375000000000e+02
2.679843750000000000e+02
2.424609375000000000e+02
2.769765625000000000e+02
2.972890625000000000e+02
2.628906250000000000e+02
3.024330708661417475e+02
2.728906250000000000e+02
2.665546875000000000e+02
2.657109375000000000e+02
2.287343750000000000e+02
2.810468750000000000e+02
2.707578125000000000e+02
2.535390625000000000e+02
2.434765625000000000e+02
2.712031250000000000e+02
2.484609375000000000e+02
2.721484375000000000e+02
2.893906250000000000e+02
2.478437500000000000e+02
3.145937500000000000e+02
3.011875000000000000e+02
2.409062500000000000e+02
2.662812500000000000e+02
2.937031250000000000e+02
2.631406250000000000e+02
2.812187500000000000e+02
6.594296875000000000e+02
2.759531250000000000e+02
2.586015625000000000e+02
2.621250000000000000e+02
2.423906250000000000e+02
2.664218750000000000e+02
2.180468750000000000e+02
3.132968750000000000e+02
2.544218750000000000e+02
2.870546875000000000e+02
2.597343750000000000e+02
2.525312500000000000e+02
3.130468750000000000e+02
2.769843750000000000e+02
2.635468750000000000e+02
2.819765625000000000e+02
2.684140625000000000e+02
2.369296875000000000e+02
2.558046875000000000e+02
2.741718750000000000e+02
2.541796875000000000e+02
2.526484375000000000e+02
2.463984375000000000e+02
2.527109375000000000e+02
2.542968750000000000e+02
2.452890625000000000e+02
2.212734375000000000e+02
2.779531250000000000e+02
2.831328125000000000e+02
2.469687500000000000e+02
2.521093750000000000e+02
2.530234375000000000e+02
2.279843750000000000e+02
2.254453125000000000e+02
2.562578125000000000e+02
2.426718750000000000e+02
2.909687500000000000e+02
2.625703125000000000e+02
2.326093750000000000e+02
5.395546875000000000e+02
2.312656250000000000e+02
3.171562500000000000e+02
2.556484375000000000e+02
2.577500000000000000e+02
2.644609375000000000e+02
2.374218750000000000e+02
2.849218750000000000e+02
2.452578125000000000e+02
2.263515625000000000e+02
2.739140625000000000e+02
2.931953125000000000e+02
2.710859375000000000e+02
2.694218750000000000e+02
2.891875000000000000e+02
2.600312500000000000e+02
2.566875000000000000e+02
2.490234375000000000e+02
2.588828125000000000e+02
2.447578125000000000e+02
2.541250000000000000e+02
2.264687500000000000e+02
2.444687500000000000e+02
2.591406250000000000e+02
2.287265625000000000e+02
2.777343750000000000e+02
2.658281250000000000e+02
2.308515625000000000e+02
2.655937500000000000e+02
2.634296875000000000e+02
2.718984375000000000e+02
2.349375000000000000e+02
2.689765625000000000e+02
2.960937500000000000e+02
2.487031250000000000e+02
2.449609375000000000e+02
2.386171875000000000e+02
2.405625000000000000e+02
2.198437500000000000e+02
2.297500000000000000e+02
2.316640625000000000e+02
2.337500000000000000e+02
2.363046875000000000e+02
2.773828125000000000e+02
2.661562500000000000e+02
2.424843750000000000e+02
2.472734375000000000e+02
2.557343750000000000e+02
2.455156250000000000e+02
2.229218750000000000e+02
2.954296875000000000e+02
2.796250000000000000e+02
2.212734375000000000e+02
2.348281250000000000e+02
3.124296875000000000e+02
3.171484375000000000e+02
2.281718750000000000e+02
2.569765625000000000e+02
2.283671875000000000e+02
2.289140625000000000e+02
2.409375000000000000e+02
2.366640625000000000e+02
2.464218750000000000e+02
2.469062500000000000e+02
2.766875000000000000e+02
2.468750000000000000e+02
2.545312500000000000e+02
2.825468750000000000e+02
8.330234375000000000e+02
2.379687500000000000e+02
2.516718750000000000e+02
2.263281250000000000e+02
2.229296875000000000e+02
2.264531250000000000e+02
2.246015625000000000e+02
2.462968750000000000e+02
2.741640625000000000e+02
2.685625000000000000e+02
2.730546875000000000e+02
2.641718750000000000e+02
2.389609375000000000e+02
2.544843750000000000e+02
2.370156250000000000e+02
2.393750000000000000e+02
2.227578125000000000e+02
2.503359375000000000e+02
2.642734375000000000e+02
2.629218750000000000e+02
5.308359375000000000e+02
2.400234375000000000e+02
2.255156250000000000e+02
2.343593750000000000e+02
2.304609375000000000e+02
2.342421875000000000e+02
2.530078125000000000e+02
2.133203125000000000e+02
2.585859375000000000e+02
2.652031250000000000e+02
2.562656250000000000e+02
2.212265625000000000e+02
2.805390625000000000e+02
2.346093750000000000e+02
2.227734375000000000e+02
2.402500000000000000e+02
2.335859375000000000e+02
2.346015625000000000e+02
2.203828125000000000e+02
2.472890625000000000e+02
2.588750000000000000e+02
2.327734375000000000e+02
2.186718750000000000e+02
2.342968750000000000e+02
2.381484375000000000e+02
2.460078125000000000e+02
2.301406250000000000e+02
2.215468750000000000e+02
3.036640625000000000e+02
2.378046875000000000e+02
2.413046875000000000e+02
2.394843750000000000e+02
2.422968750000000000e+02
2.277656250000000000e+02
3.234765625000000000e+02
2.906953125000000000e+02
2.646093750000000000e+02
2.095000000000000000e+02
2.607031250000000000e+02
2.238359375000000000e+02
2.593359375000000000e+02
2.767500000000000000e+02
2.191328125000000000e+02
2.363281250000000000e+02
2.443070866141732154e+02
2.709609375000000000e+02
2.408359375000000000e+02
2.352421875000000000e+02
2.353671875000000000e+02
2.398046875000000000e+02
2.326796875000000000e+02
2.340781250000000000e+02
2.435703125000000000e+02
2.283671875000000000e+02
2.523593750000000000e+02
2.867890625000000000e+02
2.079687500000000000e+02
2.167109375000000000e+02
2.219453125000000000e+02
2.359140625000000000e+02
2.652656250000000000e+02
2.026718750000000000e+02
2.332265625000000000e+02
2.645000000000000000e+02
2.138203125000000000e+02
2.809296875000000000e+02
2.317031250000000000e+02
2.243671875000000000e+02
2.746250000000000000e+02
2.087109375000000000e+02
2.441250000000000000e+02
2.409765625000000000e+02
2.595781250000000000e+02
2.200937500000000000e+02
2.678046875000000000e+02
2.112578125000000000e+02
2.421093750000000000e+02
2.321484375000000000e+02
2.593203125000000000e+02
2.420546875000000000e+02
2.330156250000000000e+02
2.529453125000000000e+02
2.284843750000000000e+02
2.411796875000000000e+02
2.059921875000000000e+02
2.237109375000000000e+02
2.436406250000000000e+02
2.642812500000000000e+02
2.437187500000000000e+02
2.136484375000000000e+02
2.210234375000000000e+02
2.087890625000000000e+02
2.278359375000000000e+02
2.338125000000000000e+02
2.426953125000000000e+02
2.583359375000000000e+02
2.663671875000000000e+02
2.183515625000000000e+02
2.198593750000000000e+02
2.518671875000000000e+02
2.136875000000000000e+02
2.659453125000000000e+02
2.497656250000000000e+02
2.184609375000000000e+02
2.353515625000000000e+02
2.407500000000000000e+02
2.464296875000000000e+02
3.073046875000000000e+02
2.418671875000000000e+02
2.652031250000000000e+02
2.343593750000000000e+02
2.227890625000000000e+02
2.226953125000000000e+02
2.258203125000000000e+02
2.258437500000000000e+02
8.640000000000000000e+02
2.418828125000000000e+02
2.522187500000000000e+02
2.316796875000000000e+02
2.137343750000000000e+02
2.303906250000000000e+02
2.364765625000000000e+02
2.309453125000000000e+02
2.914531250000000000e+02
2.430390625000000000e+02
2.253984375000000000e+02
2.245078125000000000e+02
2.439921875000000000e+02
2.430625000000000000e+02
2.228281250000000000e+02
2.710625000000000000e+02
2.240000000000000000e+02
2.158125000000000000e+02
2.197343750000000000e+02
2.210234375000000000e+02
2.026953125000000000e+02
2.188437500000000000e+02
2.782656250000000000e+02
2.436640625000000000e+02
2.204296875000000000e+02
2.137968750000000000e+02
2.191640625000000000e+02
2.237421875000000000e+02
2.203984375000000000e+02
2.182187500000000000e+02
2.034609375000000000e+02
2.715000000000000000e+02
2.129843750000000000e+02
2.733203125000000000e+02
2.428593750000000000e+02
1.999140625000000000e+02
2.176718750000000000e+02
2.223671875000000000e+02
2.255937500000000000e+02
2.477890625000000000e+02
2.120390625000000000e+02
2.219453125000000000e+02
2.200625000000000000e+02
2.154921875000000000e+02
2.351484375000000000e+02
2.080859375000000000e+02
2.555156250000000000e+02
2.275468750000000000e+02
2.058125000000000000e+02
2.309453125000000000e+02
2.258984375000000000e+02
2.297187500000000000e+02
2.281875000000000000e+02
2.132265625000000000e+02
2.288828125000000000e+02
2.042343750000000000e+02
2.360468750000000000e+02
2.355781250000000000e+02
2.434687500000000000e+02
2.626953125000000000e+02
2.250468750000000000e+02
2.172109375000000000e+02
2.182656250000000000e+02
2.428125000000000000e+02
2.075937500000000000e+02
2.403515625000000000e+02
2.125390625000000000e+02
2.233984375000000000e+02
2.591250000000000000e+02
2.576875000000000000e+02
2.043359375000000000e+02
2.324218750000000000e+02
2.385234375000000000e+02
2.358203125000000000e+02
2.016093750000000000e+02
2.369140625000000000e+02
2.221250000000000000e+02
2.031484375000000000e+02
2.303203125000000000e+02
2.171562500000000000e+02
2.566484375000000000e+02
2.175390625000000000e+02
2.100000000000000000e+02
2.135859375000000000e+02
2.545000000000000000e+02
2.095781250000000000e+02
2.506250000000000000e+02
2.434687500000000000e+02
2.428125000000000000e+02
2.259921875000000000e+02
2.513046875000000000e+02
2.120078125000000000e+02
2.252812500000000000e+02
2.394531250000000000e+02
4.780546875000000000e+02
2.355859375000000000e+02
2.311015625000000000e+02
2.327578125000000000e+02
2.450937500000000000e+02
2.594218750000000000e+02
2.500156250000000000e+02
1.974453125000000000e+02
2.002578125000000000e+02
2.172890625000000000e+02
2.317109375000000000e+02
2.353671875000000000e+02
2.255625000000000000e+02
2.297734375000000000e+02
2.259921875000000000e+02
2.194843750000000000e+02
2.148906250000000000e+02
2.489062500000000000e+02
2.332500000000000000e+02
2.378593750000000000e+02
2.044062500000000000e+02
2.500390625000000000e+02
2.288750000000000000e+02
2.197187500000000000e+02
2.154843750000000000e+02
2.074296875000000000e+02
2.002578125000000000e+02
2.185118110236220446e+02
2.061406250000000000e+02
2.036953125000000000e+02
2.137890625000000000e+02
1.948515625000000000e+02
2.147031250000000000e+02
2.301171875000000000e+02
2.092890625000000000e+02
2.057812500000000000e+02
2.349687500000000000e+02
2.337500000000000000e+02
2.465781250000000000e+02
2.192500000000000000e+02
2.184062500000000000e+02
1.825156250000000000e+02
2.336640625000000000e+02
3.954062500000000000e+02
2.183125000000000000e+02
2.399062500000000000e+02
2.482343750000000000e+02
2.291171875000000000e+02
3.653046875000000000e+02
2.550000000000000000e+02
2.109921875000000000e+02
2.098203125000000000e+02
2.150468750000000000e+02
2.038984375000000000e+02
2.895312500000000000e+02
2.217578125000000000e+02
2.452187500000000000e+02
2.638203125000000000e+02
2.362500000000000000e+02
1.944531250000000000e+02
2.186718750000000000e+02
2.113593750000000000e+02
2.046875000000000000e+02
3.204453125000000000e+02
2.040468750000000000e+02
2.020390625000000000e+02
2.136250000000000000e+02
3.027343750000000000e+02
2.009765625000000000e+02
2.040390625000000000e+02
2.043515625000000000e+02
1.934375000000000000e+02
2.121093750000000000e+02
2.115859375000000000e+02
2.113593750000000000e+02
2.389453125000000000e+02
2.714218750000000000e+02
2.232812500000000000e+02
2.300390625000000000e+02
2.784687500000000000e+02
2.073203125000000000e+02
1.941093750000000000e+02
2.057734375000000000e+02
2.196640625000000000e+02
2.309375000000000000e+02
2.018515625000000000e+02
2.481250000000000000e+02
2.141875000000000000e+02
2.203046875000000000e+02
2.286953125000000000e+02
2.878437500000000000e+02
2.288046875000000000e+02
2.157500000000000000e+02
2.175312500000000000e+02
1.988984375000000000e+02
2.452812500000000000e+02
2.035781250000000000e+02
2.505234375000000000e+02
1.940468750000000000e+02
2.446640625000000000e+02
2.216015625000000000e+02
2.358828125000000000e+02
1.985703125000000000e+02
2.114687500000000000e+02
1.922265625000000000e+02
2.333515625000000000e+02
2.093984375000000000e+02
2.564609375000000000e+02
1.998750000000000000e+02
2.255312500000000000e+02
2.116875000000000000e+02
2.383515625000000000e+02
2.303281250000000000e+02
1.993125000000000000e+02
1.914453125000000000e+02
2.594765625000000000e+02
2.143906250000000000e+02
2.392109375000000000e+02
1.900781250000000000e+02
2.172109375000000000e+02
2.222343750000000000e+02
2.078671875000000000e+02
2.165546875000000000e+02
2.143906250000000000e+02
2.147812500000000000e+02
2.039062500000000000e+02
1.992421875000000000e+02
2.257734375000000000e+02
2.348984375000000000e+02
1.913906250000000000e+02
2.278437500000000000e+02
2.079609375000000000e+02
2.394531250000000000e+02
2.381406250000000000e+02
2.083046875000000000e+02
2.448828125000000000e+02
2.222578125000000000e+02
1.964296875000000000e+02
2.255312500000000000e+02
2.401562500000000000e+02
2.377109375000000000e+02
2.089296875000000000e+02
2.141093750000000000e+02
2.680781250000000000e+02
2.310703125000000000e+02
2.045078125000000000e+02
2.034531250000000000e+02
1.975468750000000000e+02
2.208203125000000000e+02
2.136875000000000000e+02
2.029921875000000000e+02
1.983281250000000000e+02
2.073359375000000000e+02
2.463437500000000000e+02
2.281328125000000000e+02
2.130703125000000000e+02
1.996875000000000000e+02
2.083906250000000000e+02
2.162968750000000000e+02
2.076484375000000000e+02
2.923281250000000000e+02
2.776640625000000000e+02
2.079062500000000000e+02
2.142031250000000000e+02
2.178984375000000000e+02
2.162968750000000000e+02
2.050312500000000000e+02
2.145312500000000000e+02
2.299453125000000000e+02
2.241093750000000000e+02
2.208750000000000000e+02
1.986406250000000000e+02
2.082734375000000000e+02
2.462109375000000000e+02
2.270156250000000000e+02
2.060468750000000000e+02
2.071953125000000000e+02
1.982187500000000000e+02
2.078046875000000000e+02
2.166328125000000000e+02
1.960625000000000000e+02
2.143671875000000000e+02
1.904531250000000000e+02
2.012343750000000000e+02
1.997578125000000000e+02
2.010937500000000000e+02
2.000390625000000000e+02
2.068125000000000000e+02
2.267500000000000000e+02
2.164921875000000000e+02
1.990781250000000000e+02
2.256328125000000000e+02
1.990468750000000000e+02
1.997109375000000000e+02
2.410156250000000000e+02
2.330859375000000000e+02
2.460078125000000000e+02
2.014296875000000000e+02
2.025000000000000000e+02
1.870937500000000000e+02
1.958125000000000000e+02
2.693828125000000000e+02
2.111406250000000000e+02
2.294765625000000000e+02
2.084765625000000000e+02
1.994921875000000000e+02
1.968984375000000000e+02
2.371484375000000000e+02
2.319921875000000000e+02
1.978671875000000000e+02
2.189531250000000000e+02
1.955000000000000000e+02
2.167890625000000000e+02
1.989843750000000000e+02
2.055234375000000000e+02
2.993437500000000000e+02
2.338125000000000000e+02
2.545078125000000000e+02
1.968984375000000000e+02
4.481811023622047401e+02
2.295234375000000000e+02
2.200156250000000000e+02
2.638281250000000000e+02
2.050000000000000000e+02
2.118359375000000000e+02
1.792421875000000000e+02
3.144453125000000000e+02
1.937031250000000000e+02
2.041484375000000000e+02
1.852500000000000000e+02
2.096875000000000000e+02
2.371250000000000000e+02
4.325625000000000000e+02
1.857812500000000000e+02
1.925390625000000000e+02
2.182734375000000000e+02
2.221093750000000000e+02
2.106250000000000000e+02
2.009843750000000000e+02
2.243750000000000000e+02
2.005937500000000000e+02
2.214843750000000000e+02
1.953671875000000000e+02
1.969531250000000000e+02
2.169765625000000000e+02
2.256484375000000000e+02
2.045859375000000000e+02
2.121640625000000000e+02
2.402031250000000000e+02
1.953437500000000000e+02
2.222265625000000000e+02
3.923515625000000000e+02
2.332500000000000000e+02
1.972265625000000000e+02
1.974687500000000000e+02
2.139687500000000000e+02
1.934921875000000000e+02
2.014843750000000000e+02
2.176796875000000000e+02
2.066406250000000000e+02
2.195234375000000000e+02
2.072656250000000000e+02
4.047578125000000000e+02
2.234765625000000000e+02
2.290234375000000000e+02
1.886562500000000000e+02
2.243593750000000000e+02
1.997031250000000000e+02
1.973281250000000000e+02
2.075078125000000000e+02
2.226562500000000000e+02
1.973906250000000000e+02
2.355000000000000000e+02
2.075468750000000000e+02
2.297421875000000000e+02
1.872421875000000000e+02
1.939296875000000000e+02
1.952656250000000000e+02
2.252343750000000000e+02
2.028828125000000000e+02
1.878750000000000000e+02
2.103046875000000000e+02
2.475703125000000000e+02
2.190859375000000000e+02
1.858515625000000000e+02
2.046093750000000000e+02
1.953125000000000000e+02
2.079921875000000000e+02
2.009531250000000000e+02
1.751953125000000000e+02
1.994921875000000000e+02
1.911406250000000000e+02
2.023046875000000000e+02
2.421015625000000000e+02
2.062109375000000000e+02
1.916406250000000000e+02
1.992031250000000000e+02
2.274140625000000000e+02
1.918828125000000000e+02
2.276015625000000000e+02
2.155859375000000000e+02
1.870156250000000000e+02
2.381093750000000000e+02
1.815859375000000000e+02
9.974921875000000000e+02
2.010390625000000000e+02
2.967187500000000000e+02
2.295703125000000000e+02
1.854453125000000000e+02
2.488046875000000000e+02
2.175937500000000000e+02
2.110078125000000000e+02
2.026875000000000000e+02
1.809453125000000000e+02
2.073437500000000000e+02
2.051562500000000000e+02
3.118515625000000000e+02
2.071015625000000000e+02
2.514531250000000000e+02
1.940781250000000000e+02
1.871796875000000000e+02
2.024062500000000000e+02
1.902890625000000000e+02
1.773281250000000000e+02
2.179296875000000000e+02
2.323750000000000000e+02
1.903125000000000000e+02
2.005312500000000000e+02
2.058437500000000000e+02
1.834843750000000000e+02
1.812500000000000000e+02
1.927890625000000000e+02
1.931562500000000000e+02
1.717734375000000000e+02
2.205546875000000000e+02
2.049531250000000000e+02
2.346953125000000000e+02
1.948359375000000000e+02
2.275078125000000000e+02
2.341171875000000000e+02
2.118906250000000000e+02
1.881015625000000000e+02
2.081875000000000000e+02
4.829453125000000000e+02
2.526796875000000000e+02
1.895546875000000000e+02
2.050781250000000000e+02
1.923750000000000000e+02
2.074453125000000000e+02
1.985937500000000000e+02
2.570781250000000000e+02
1.818203125000000000e+02
2.363906250000000000e+02
1.908046875000000000e+02
1.928046875000000000e+02
2.254218750000000000e+02
2.269375000000000000e+02
2.534296875000000000e+02
3.127109375000000000e+02
1.940781250000000000e+02
1.992578125000000000e+02
1.934296875000000000e+02
2.024062500000000000e+02
1.944453125000000000e+02
1.958828125000000000e+02
2.197734375000000000e+02
1.993203125000000000e+02
2.322421875000000000e+02
2.023281250000000000e+02
1.832500000000000000e+02
2.278281250000000000e+02
1.827500000000000000e+02
2.213203125000000000e+02
1.743203125000000000e+02
2.194843750000000000e+02
3.023750000000000000e+02
1.934531250000000000e+02
1.900000000000000000e+02
2.115468750000000000e+02
2.506718750000000000e+02
2.107968750000000000e+02
1.878515625000000000e+02
1.803671875000000000e+02
2.029531250000000000e+02
2.369218750000000000e+02
2.000781250000000000e+02
2.136328125000000000e+02
2.435625000000000000e+02
2.012421875000000000e+02
1.847656250000000000e+02
2.298359375000000000e+02
1.785781250000000000e+02
2.083671875000000000e+02
2.202031250000000000e+02
2.172343750000000000e+02
2.210546875000000000e+02
2.172500000000000000e+02
1.978437500000000000e+02
1.976718750000000000e+02
1.725390625000000000e+02
1.848281250000000000e+02
2.196640625000000000e+02
2.335781250000000000e+02
1.934687500000000000e+02
1.828515625000000000e+02
2.054531250000000000e+02
2.027578125000000000e+02
2.093593750000000000e+02
2.075078125000000000e+02
2.208281250000000000e+02
2.113984375000000000e+02
1.972913385826771560e+02
2.188984375000000000e+02
2.167734375000000000e+02
2.038671875000000000e+02
2.109296875000000000e+02
1.885703125000000000e+02
1.784609375000000000e+02
2.203203125000000000e+02
2.115703125000000000e+02
2.015937500000000000e+02
2.114765625000000000e+02
2.276093750000000000e+02
3.182187500000000000e+02
6.526718750000000000e+02
1.993828125000000000e+02
1.761796875000000000e+02
2.279609375000000000e+02
3.145390625000000000e+02
2.180781250000000000e+02
2.140156250000000000e+02
2.427734375000000000e+02
2.107812500000000000e+02
2.124453125000000000e+02
2.188515625000000000e+02
2.023984375000000000e+02
2.101562500000000000e+02
2.276953125000000000e+02
2.123281250000000000e+02
2.089453125000000000e+02
2.103125000000000000e+02
1.898906250000000000e+02
1.972890625000000000e+02
1.983906250000000000e+02
2.069687500000000000e+02
1.964375000000000000e+02
1.987968750000000000e+02
1.948359375000000000e+02
2.290078125000000000e+02
2.231796875000000000e+02
2.018671875000000000e+02
1.928046875000000000e+02
2.279218750000000000e+02
2.193750000000000000e+02
2.064843750000000000e+02
1.895937500000000000e+02
1.980937500000000000e+02
2.162031250000000000e+02
2.208359375000000000e+02
2.451484375000000000e+02
3.821484375000000000e+02
2.252890625000000000e+02
2.269921875000000000e+02
2.229609375000000000e+02
1.953515625000000000e+02
1.926015625000000000e+02
2.191171875000000000e+02
2.148359375000000000e+02
1.841796875000000000e+02
2.083515625000000000e+02
2.020546875000000000e+02
1.917265625000000000e+02
2.398203125000000000e+02
1.964687500000000000e+02
2.329687500000000000e+02
2.009453125000000000e+02
1.936875000000000000e+02
2.357343750000000000e+02
1.991328125000000000e+02
2.050078125000000000e+02
2.193515625000000000e+02
4.136250000000000000e+02
1.786562500000000000e+02
2.173437500000000000e+02
2.197343750000000000e+02
1.897734375000000000e+02
2.000859375000000000e+02
2.275234375000000000e+02
2.282578125000000000e+02
1.788046875000000000e+02
2.437500000000000000e+02
2.277968750000000000e+02
1.972890625000000000e+02
1.771718750000000000e+02
1.841171875000000000e+02
1.906718750000000000e+02
1.874218750000000000e+02
2.273671875000000000e+02
1.973593750000000000e+02
1.954765625000000000e+02
1.925234375000000000e+02
1.965000000000000000e+02
1.956875000000000000e+02
1.731718750000000000e+02
2.076250000000000000e+02
1.958281250000000000e+02
2.124765625000000000e+02
2.156953125000000000e+02
1.865937500000000000e+02
1.875703125000000000e+02
1.926328125000000000e+02
1.758593750000000000e+02
2.110859375000000000e+02
2.007031250000000000e+02
1.836718750000000000e+02
2.024531250000000000e+02
1.758906250000000000e+02
2.055156250000000000e+02
2.393984375000000000e+02
1.907578125000000000e+02
2.104921875000000000e+02
2.202421875000000000e+02
1.869453125000000000e+02
1.937812500000000000e+02
1.892968750000000000e+02
1.820859375000000000e+02
2.071875000000000000e+02
1.787812500000000000e+02
2.038593750000000000e+02
2.271093750000000000e+02
2.128750000000000000e+02
1.962187500000000000e+02
1.992734375000000000e+02
2.067421875000000000e+02
1.840234375000000000e+02
2.018828125000000000e+02
1.985234375000000000e+02
1.852734375000000000e+02
2.301640625000000000e+02
1.972421875000000000e+02
1.996718750000000000e+02
1.975625000000000000e+02
2.192890625000000000e+02
1.795078125000000000e+02
2.255703125000000000e+02
1.968281250000000000e+02
2.060468750000000000e+02
2.203750000000000000e+02
2.225625000000000000e+02
2.009531250000000000e+02
2.114921875000000000e+02
2.141796875000000000e+02
1.909687500000000000e+02
2.269765625000000000e+02
1.845546875000000000e+02
1.751718750000000000e+02
1.816328125000000000e+02
1.894453125000000000e+02
1.949218750000000000e+02
1.900312500000000000e+02
1.990078125000000000e+02
2.286484375000000000e+02
1.932578125000000000e+02
2.003437500000000000e+02
2.078828125000000000e+02
1.996953125000000000e+02
1.957343750000000000e+02
2.316093750000000000e+02
2.013750000000000000e+02
1.691406250000000000e+02
1.889687500000000000e+02
1.971093750000000000e+02
2.220390625000000000e+02
1.756171875000000000e+02
2.172812500000000000e+02
1.959140625000000000e+02
1.826093750000000000e+02
1.806015625000000000e+02
2.019218750000000000e+02
2.009375000000000000e+02
1.938203125000000000e+02
1.934140625000000000e+02
2.269531250000000000e+02
2.077734375000000000e+02
3.100312500000000000e+02
2.095546875000000000e+02
1.957968750000000000e+02
2.474609375000000000e+02
1.940234375000000000e+02
1.904062500000000000e+02
1.902031250000000000e+02
1.827343750000000000e+02
2.811640625000000000e+02
1.897343750000000000e+02
1.908359375000000000e+02
1.908125000000000000e+02
2.003046875000000000e+02
2.068125000000000000e+02
2.180937500000000000e+02
2.091171875000000000e+02
2.346406250000000000e+02
2.184921875000000000e+02
2.130078125000000000e+02
1.766299212598425186e+02
1.741796875000000000e+02
2.868906250000000000e+02
1.929375000000000000e+02
1.919921875000000000e+02
1.910390625000000000e+02
1.997343750000000000e+02
1.790937500000000000e+02
2.172578125000000000e+02
1.903125000000000000e+02
2.108828125000000000e+02
2.042734375000000000e+02
1.957578125000000000e+02
1.815937500000000000e+02
1.939921875000000000e+02
1.820078125000000000e+02
2.247109375000000000e+02
1.785703125000000000e+02
1.728203125000000000e+02
1.744687500000000000e+02
1.656796875000000000e+02
1.908984375000000000e+02
2.212343750000000000e+02
1.928359375000000000e+02
2.022109375000000000e+02
1.933125000000000000e+02
1.943750000000000000e+02
2.130546875000000000e+02
1.839843750000000000e+02
2.127500000000000000e+02
1.959609375000000000e+02
2.057656250000000000e+02
1.939843750000000000e+02
2.381718750000000000e+02
2.081406250000000000e+02
2.008359375000000000e+02
2.246953125000000000e+02
1.944921875000000000e+02
2.059375000000000000e+02
1.863437500000000000e+02
1.899218750000000000e+02
1.800468750000000000e+02
1.800312500000000000e+02
3.044062500000000000e+02
2.022578125000000000e+02
1.884687500000000000e+02
1.780781250000000000e+02
1.942109375000000000e+02
1.962031250000000000e+02
1.952890625000000000e+02
2.071328125000000000e+02
2.299921875000000000e+02
2.145468750000000000e+02
1.816875000000000000e+02
1.892343750000000000e+02
1.686250000000000000e+02
2.100468750000000000e+02
1.856796875000000000e+02
2.057187500000000000e+02
1.987343750000000000e+02
2.096796875000000000e+02
2.146953125000000000e+02
2.100234375000000000e+02
2.219375000000000000e+02
2.023515625000000000e+02
2.228437500000000000e+02
1.783515625000000000e+02
2.080390625000000000e+02
2.122656250000000000e+02
2.084843750000000000e+02
1.776093750000000000e+02
1.882343750000000000e+02
1.934218750000000000e+02
1.896093750000000000e+02
1.930078125000000000e+02
1.907421875000000000e+02
2.004375000000000000e+02
1.845234375000000000e+02
1.559453125000000000e+02
1.888906250000000000e+02
1.777031250000000000e+02
1.708984375000000000e+02
2.006015625000000000e+02
2.097812500000000000e+02
2.008359375000000000e+02
2.004218750000000000e+02
1.810234375000000000e+02
2.473984375000000000e+02
2.556640625000000000e+02
2.007734375000000000e+02
1.876640625000000000e+02
2.001875000000000000e+02
1.933984375000000000e+02
1.869843750000000000e+02
1.891718750000000000e+02
2.086953125000000000e+02
2.015625000000000000e+02
1.980625000000000000e+02
2.011406250000000000e+02
1.944453125000000000e+02
1.928906250000000000e+02
1.802734375000000000e+02
1.978359375000000000e+02
1.968828125000000000e+02
1.971250000000000000e+02
2.000937500000000000e+02
1.694453125000000000e+02
1.627265625000000000e+02
1.700078125000000000e+02
1.841171875000000000e+02
1.937500000000000000e+02
1.939921875000000000e+02
1.870312500000000000e+02
1.974609375000000000e+02
1.968828125000000000e+02
1.820937500000000000e+02
1.944531250000000000e+02
1.976171875000000000e+02
2.025937500000000000e+02
1.924687500000000000e+02
1.891562500000000000e+02
1.986562500000000000e+02
2.003359375000000000e+02
2.014375000000000000e+02
2.000000000000000000e+02
1.988750000000000000e+02
2.084843750000000000e+02
1.812656250000000000e+02
1.858359375000000000e+02
2.030156250000000000e+02
1.970078125000000000e+02
1.803593750000000000e+02
2.000546875000000000e+02
2.029062500000000000e+02
2.123359375000000000e+02
2.413046875000000000e+02
1.920703125000000000e+02
1.956171875000000000e+02
1.796953125000000000e+02
1.803046875000000000e+02
1.916093750000000000e+02
2.067734375000000000e+02
2.106093750000000000e+02
1.778671875000000000e+02
1.937265625000000000e+02
1.819921875000000000e+02
1.833984375000000000e+02
2.058203125000000000e+02
2.091953125000000000e+02
1.890000000000000000e+02
2.058046875000000000e+02
1.898359375000000000e+02
1.911718750000000000e+02
2.186250000000000000e+02
1.891093750000000000e+02
1.778828125000000000e+02
1.624921875000000000e+02
1.986484375000000000e+02
2.561093750000000000e+02
1.635312500000000000e+02
2.158750000000000000e+02
2.133437500000000000e+02
2.019531250000000000e+02
1.686328125000000000e+02
2.442265625000000000e+02
1.717187500000000000e+02
1.798515625000000000e+02
1.933046875000000000e+02
1.874218750000000000e+02
1.885937500000000000e+02
2.055546875000000000e+02
1.912968750000000000e+02
1.752656250000000000e+02
1.910859375000000000e+02
1.594843750000000000e+02
1.622968750000000000e+02
1.955078125000000000e+02
2.510703125000000000e+02
1.810000000000000000e+02
1.766171875000000000e+02
2.365937500000000000e+02
1.810000000000000000e+02
1.782734375000000000e+02
1.889609375000000000e+02
1.825468750000000000e+02
2.096171875000000000e+02
1.817421875000000000e+02
1.713281250000000000e+02
2.220468750000000000e+02
1.662734375000000000e+02
1.866171875000000000e+02
1.999765625000000000e+02
1.881102362204724443e+02
1.801015625000000000e+02
1.986718750000000000e+02
1.992968750000000000e+02
1.913281250000000000e+02
1.790312500000000000e+02
2.141796875000000000e+02
2.063437500000000000e+02
1.931406250000000000e+02
1.936015625000000000e+02
1.985390625000000000e+02
1.851484375000000000e+02
1.856328125000000000e+02
1.843203125000000000e+02
1.954062500000000000e+02
2.316093750000000000e+02
1.768671875000000000e+02
1.771953125000000000e+02
1.912343750000000000e+02
1.734843750000000000e+02
1.773437500000000000e+02
1.752734375000000000e+02
1.862421875000000000e+02
1.797812500000000000e+02
1.942421875000000000e+02
1.913828125000000000e+02
1.770234375000000000e+02
1.925937500000000000e+02
1.838828125000000000e+02
2.110859375000000000e+02
1.766250000000000000e+02
2.358046875000000000e+02
2.404062500000000000e+02
1.830546875000000000e+02
1.742890625000000000e+02
2.767968750000000000e+02
1.830234375000000000e+02
1.797734375000000000e+02
1.831796875000000000e+02
2.129453125000000000e+02
1.810546875000000000e+02
1.745078125000000000e+02
1.919453125000000000e+02
2.549296875000000000e+02
2.131562500000000000e+02
2.004375000000000000e+02
1.901093750000000000e+02
1.946718750000000000e+02
1.636171875000000000e+02
1.601328125000000000e+02
1.872343750000000000e+02
5.345000000000000000e+02
1.683046875000000000e+02
1.952890625000000000e+02
2.006406250000000000e+02
1.686406250000000000e+02
1.946406250000000000e+02
2.117109375000000000e+02
1.770859375000000000e+02
1.940312500000000000e+02
1.696328125000000000e+02
2.074218750000000000e+02
1.930234375000000000e+02
1.926875000000000000e+02
1.060679687500000000e+03
1.938984375000000000e+02
1.789140625000000000e+02
1.690156250000000000e+02
1.803437500000000000e+02
2.014296875000000000e+02
1.671796875000000000e+02
1.855234375000000000e+02
1.829609375000000000e+02
1.850468750000000000e+02
1.825312500000000000e+02
1.719921875000000000e+02
1.822031250000000000e+02
1.935000000000000000e+02
1.773750000000000000e+02
1.750156250000000000e+02
1.796328125000000000e+02
2.029218750000000000e+02
1.765078125000000000e+02
1.636640625000000000e+02
1.694062500000000000e+02
2.049375000000000000e+02
2.142265625000000000e+02
1.762343750000000000e+02
1.917890625000000000e+02
1.816562500000000000e+02
1.513593750000000000e+02
1.799140625000000000e+02
2.113593750000000000e+02
1.691562500000000000e+02
1.832578125000000000e+02
1.718203125000000000e+02
1.882500000000000000e+02
1.947656250000000000e+02
1.542031250000000000e+02
1.991640625000000000e+02
1.725000000000000000e+02
2.277343750000000000e+02
1.663671875000000000e+02
1.793125000000000000e+02
2.042734375000000000e+02
1.758984375000000000e+02
2.082578125000000000e+02
1.586484375000000000e+02
2.367734375000000000e+02
2.055234375000000000e+02
1.802656250000000000e+02
1.682968750000000000e+02
1.749765625000000000e+02
1.730781250000000000e+02
1.803828125000000000e+02
1.843046875000000000e+02
1.544921875000000000e+02
1.860937500000000000e+02
1.955703125000000000e+02
2.582265625000000000e+02
3.191171875000000000e+02
1.815859375000000000e+02
1.869765625000000000e+02
3.088906250000000000e+02
2.232890625000000000e+02
1.972656250000000000e+02
1.920468750000000000e+02
1.754062500000000000e+02
1.908125000000000000e+02
1.745546875000000000e+02
1.793046875000000000e+02
2.094218750000000000e+02
1.858437500000000000e+02
2.005937500000000000e+02
1.740703125000000000e+02
1.906406250000000000e+02
1.537187500000000000e+02
1.603125000000000000e+02
2.617265625000000000e+02
1.776484375000000000e+02
1.503906250000000000e+02
1.638281250000000000e+02
1.700703125000000000e+02
1.960468750000000000e+02
1.763515625000000000e+02
1.663437500000000000e+02
1.964531250000000000e+02
1.923671875000000000e+02
2.220156250000000000e+02
1.750937500000000000e+02
1.778593750000000000e+02
1.822578125000000000e+02
1.736484375000000000e+02
1.754531250000000000e+02
1.782890625000000000e+02
1.956562500000000000e+02
1.781406250000000000e+02
1.805625000000000000e+02
1.977578125000000000e+02
1.675546875000000000e+02
1.751328125000000000e+02
1.701250000000000000e+02
1.676171875000000000e+02
1.956328125000000000e+02
1.644921875000000000e+02
2.588125000000000000e+02
1.669296875000000000e+02
1.808281250000000000e+02
2.025937500000000000e+02
1.823437500000000000e+02
1.878281250000000000e+02
1.640390625000000000e+02
1.910937500000000000e+02
1.756015625000000000e+02
1.950703125000000000e+02
1.961015625000000000e+02
5.129765625000000000e+02
1.986328125000000000e+02
1.977343750000000000e+02
1.651718750000000000e+02
1.556718750000000000e+02
2.089062500000000000e+02
1.910546875000000000e+02
1.966953125000000000e+02
1.806953125000000000e+02
1.830937500000000000e+02
1.668671875000000000e+02
1.741953125000000000e+02
1.832421875000000000e+02
1.972031250000000000e+02
1.983281250000000000e+02
1.746093750000000000e+02
1.716535433070866077e+02
1.781953125000000000e+02
1.937812500000000000e+02
2.157734375000000000e+02
1.831015625000000000e+02
1.833828125000000000e+02
1.766093750000000000e+02
2.176328125000000000e+02
1.964843750000000000e+02
1.976250000000000000e+02
1.616171875000000000e+02
1.925000000000000000e+02
1.877500000000000000e+02
2.066562500000000000e+02
1.866250000000000000e+02
1.696640625000000000e+02
2.158984375000000000e+02
2.408671875000000000e+02
2.006250000000000000e+02
1.806796875000000000e+02
1.821093750000000000e+02
1.823671875000000000e+02
1.712109375000000000e+02
2.151328125000000000e+02
2.013281250000000000e+02
1.673281250000000000e+02
1.870000000000000000e+02
1.776328125000000000e+02
2.198750000000000000e+02
1.849296875000000000e+02
1.697343750000000000e+02
1.744140625000000000e+02
1.795703125000000000e+02
2.023281250000000000e+02
2.011406250000000000e+02
1.922890625000000000e+02
1.756796875000000000e+02
1.640859375000000000e+02
1.726484375000000000e+02
1.759062500000000000e+02
1.595390625000000000e+02
1.795234375000000000e+02
1.842812500000000000e+02
2.185546875000000000e+02
9.540468750000000000e+02
1.755312500000000000e+02
1.605703125000000000e+02
1.780546875000000000e+02
2.201640625000000000e+02
1.752187500000000000e+02
2.125937500000000000e+02
1.976953125000000000e+02
1.664062500000000000e+02
2.122343750000000000e+02
2.302187500000000000e+02
1.903125000000000000e+02
1.763828125000000000e+02
1.620234375000000000e+02
1.988671875000000000e+02
2.192031250000000000e+02
1.895546875000000000e+02
1.660859375000000000e+02
2.001562500000000000e+02
1.772890625000000000e+02
1.877343750000000000e+02
1.767109375000000000e+02
1.721875000000000000e+02
1.903828125000000000e+02
1.952265625000000000e+02
1.811796875000000000e+02
1.821015625000000000e+02
1.700937500000000000e+02
1.994765625000000000e+02
1.823593750000000000e+02
1.760312500000000000e+02
1.691562500000000000e+02
1.858046875000000000e+02
1.802187500000000000e+02
2.090078125000000000e+02
1.516015625000000000e+02
1.742734375000000000e+02
1.768671875000000000e+02
1.854062500000000000e+02
2.022109375000000000e+02
1.862578125000000000e+02
1.841484375000000000e+02
1.802109375000000000e+02
1.827343750000000000e+02
2.147343750000000000e+02
1.926953125000000000e+02
1.850703125000000000e+02
1.950625000000000000e+02
1.976796875000000000e+02
1.765781250000000000e+02
1.656171875000000000e+02
1.938359375000000000e+02
2.318125000000000000e+02
2.307734375000000000e+02
1.863203125000000000e+02
1.843359375000000000e+02
2.009062500000000000e+02
1.821328125000000000e+02
1.538437500000000000e+02
1.658359375000000000e+02
2.300078125000000000e+02
