2.339350938796997070e+01
2.439933156967163086e+01
2.402337121963500977e+01
2.211033821105957031e+01
2.335676717758178711e+01
2.146822118759155273e+01
2.363107681274414062e+01
2.380446934700012207e+01
2.308426523208618164e+01
2.341718649864196777e+01
2.294916868209838867e+01
2.332469105720520020e+01
2.285829114913940430e+01
2.306793665885925293e+01
2.335901427268981934e+01
2.159520936012268066e+01
2.321168255805969238e+01
2.328049850463867188e+01
2.203458833694458008e+01
2.286782932281494141e+01
2.257513952255249023e+01
2.274295520782470703e+01
2.379453349113464355e+01
2.232252597808837891e+01
2.207555222511291504e+01
2.187687420845031738e+01
2.088721823692321777e+01
2.203011059761047363e+01
2.145246648788452148e+01
2.297223901748657227e+01
2.092550826072692871e+01
2.092449378967285156e+01
2.162035417556762695e+01
2.086797714233398438e+01
2.075869059562683105e+01
2.010547566413879395e+01
2.200938200950622559e+01
2.110841894149780273e+01
2.196397376060485840e+01
2.072257852554321289e+01
2.191249895095825195e+01
2.199969267845153809e+01
2.140144491195678711e+01
2.222428917884826660e+01
1.992560148239135742e+01
2.151119852066040039e+01
1.990884613990783691e+01
2.052693080902099609e+01
2.092916750907897949e+01
2.099462962150573730e+01
1.990768980979919434e+01
2.092211842536926270e+01
2.120346570014953613e+01
2.069138097763061523e+01
2.121988105773925781e+01
2.211415433883666992e+01
2.133889698982238770e+01
2.086468410491943359e+01
2.222532725334167480e+01
2.144922876358032227e+01
2.054842233657836914e+01
2.201253366470336914e+01
2.126677680015563965e+01
2.192206549644470215e+01
2.229266166687011719e+01
2.193448877334594727e+01
2.012305188179016113e+01
2.246113300323486328e+01
2.126166939735412598e+01
1.959615206718444824e+01
2.142827701568603516e+01
2.201994514465332031e+01
2.175107026100158691e+01
2.083890485763549805e+01
2.039629554748535156e+01
2.052977490425109863e+01
2.167614841461181641e+01
2.169007396697998047e+01
2.175189185142517090e+01
2.155149316787719727e+01
2.020077490806579590e+01
2.182944393157958984e+01
2.200779318809509277e+01
2.142748022079467773e+01
2.060317420959472656e+01
2.125845241546630859e+01
2.172012376785278320e+01
1.993537378311157227e+01
2.054520249366760254e+01
2.141536545753479004e+01
2.142304468154907227e+01
2.146483564376831055e+01
2.154576754570007324e+01
2.113301277160644531e+01
2.165624499320983887e+01
2.130029702186584473e+01
2.227925467491149902e+01
2.203474378585815430e+01
2.170203375816345215e+01
2.097305703163146973e+01
2.063687157630920410e+01
2.208029055595397949e+01
2.035888767242431641e+01
2.108141899108886719e+01
1.977414727210998535e+01
2.056152606010437012e+01
2.178815150260925293e+01
2.045246076583862305e+01
2.124492001533508301e+01
2.029799222946166992e+01
2.134572839736938477e+01
1.909828162193298340e+01
2.042217397689819336e+01
2.159485411643981934e+01
2.136079788208007812e+01
2.155583643913269043e+01
2.194358730316162109e+01
2.116276979446411133e+01
2.242413115501403809e+01
2.191476750373840332e+01
2.137926340103149414e+01
2.041344237327575684e+01
2.026426577568054199e+01
2.192342066764831543e+01
2.121012544631958008e+01
2.150511384010314941e+01
2.106244254112243652e+01
2.119712948799133301e+01
2.124034667015075684e+01
2.169139504432678223e+01
2.030686879158020020e+01
2.188683438301086426e+01
2.112491655349731445e+01
2.104133749008178711e+01
2.096966052055358887e+01
2.190893888473510742e+01
2.093818211555480957e+01
2.177694606781005859e+01
2.164832878112792969e+01
2.116110062599182129e+01
2.093942117691040039e+01
2.083293890953063965e+01
1.936566901206970215e+01
2.139271807670593262e+01
2.151641845703125000e+01
2.097502017021179199e+01
2.047299242019653320e+01
2.151505494117736816e+01
2.144146013259887695e+01
2.019778704643249512e+01
2.186321854591369629e+01
2.008046078681945801e+01
2.125722455978393555e+01
2.051330137252807617e+01
2.102633309364318848e+01
2.149720382690429688e+01
2.160282278060913086e+01
2.154521942138671875e+01
2.034021711349487305e+01
2.125953888893127441e+01
2.042190313339233398e+01
2.112288665771484375e+01
1.910426878929138184e+01
2.155093836784362793e+01
2.123074817657470703e+01
2.092954325675964355e+01
2.079749274253845215e+01
2.149251794815063477e+01
2.116440296173095703e+01
2.163542866706848145e+01
2.067626428604125977e+01
2.210895752906799316e+01
2.098747682571411133e+01
2.112426710128784180e+01
2.026457047462463379e+01
2.119921565055847168e+01
2.157248711585998535e+01
1.992220759391784668e+01
2.043868255615234375e+01
2.042224574089050293e+01
2.126748037338256836e+01
1.976104664802551270e+01
2.082484984397888184e+01
2.182035732269287109e+01
2.035785770416259766e+01
1.983054900169372559e+01
2.135046529769897461e+01
2.026490330696105957e+01
2.210602021217346191e+01
2.110139489173889160e+01
2.016479206085205078e+01
2.057471108436584473e+01
2.163386034965515137e+01
2.027682089805603027e+01
2.213319802284240723e+01
1.888338398933410645e+01
2.193869638442993164e+01
2.014631581306457520e+01
2.091416287422180176e+01
2.096521091461181641e+01
2.186207842826843262e+01
2.052429580688476562e+01
2.149284625053405762e+01
2.044872069358825684e+01
2.143120932579040527e+01
2.177286338806152344e+01
2.028169679641723633e+01
2.207810664176940918e+01
2.202732419967651367e+01
2.166700839996337891e+01
2.006027078628540039e+01
2.180972313880920410e+01
2.068217611312866211e+01
2.195408010482788086e+01
2.059999012947082520e+01
1.975968170166015625e+01
2.112613749504089355e+01
2.129908657073974609e+01
2.107237553596496582e+01
1.982882452011108398e+01
2.075223779678344727e+01
2.104585981369018555e+01
2.067560076713562012e+01
1.837202572822570801e+01
2.119451451301574707e+01
2.057823085784912109e+01
2.129864001274108887e+01
2.153157210350036621e+01
2.156292581558227539e+01
2.018655204772949219e+01
2.180938529968261719e+01
2.117615461349487305e+01
2.017949938774108887e+01
1.952632975578308105e+01
2.119610333442687988e+01
2.108073282241821289e+01
2.121613216400146484e+01
2.133450055122375488e+01
2.063330936431884766e+01
2.090429139137268066e+01
2.028361225128173828e+01
2.116016983985900879e+01
2.154286789894104004e+01
2.038197112083435059e+01
2.100103211402893066e+01
2.073228740692138672e+01
2.123855423927307129e+01
2.156740188598632812e+01
2.063592696189880371e+01
2.058168959617614746e+01
1.865123224258422852e+01
2.110859560966491699e+01
2.101675248146057129e+01
2.096191740036010742e+01
2.165655755996704102e+01
2.087973165512084961e+01
2.235454058647155762e+01
2.115437698364257812e+01
2.118731141090393066e+01
2.078329110145568848e+01
1.916328477859497070e+01
2.090343093872070312e+01
2.087751078605651855e+01
2.150198435783386230e+01
2.050637102127075195e+01
1.984424281120300293e+01
2.061428546905517578e+01
2.089959931373596191e+01
2.020732402801513672e+01
2.031099057197570801e+01
2.170203948020935059e+01
2.170770955085754395e+01
2.087046480178833008e+01
2.167775964736938477e+01
2.056743216514587402e+01
2.239053773880004883e+01
2.069346499443054199e+01
2.150095963478088379e+01
2.007736635208129883e+01
2.150262641906738281e+01
2.040151119232177734e+01
2.131827425956726074e+01
2.091334891319274902e+01
2.095631217956542969e+01
2.154187154769897461e+01
2.057323718070983887e+01
2.005513477325439453e+01
2.154828548431396484e+01
2.026048064231872559e+01
2.027130770683288574e+01
2.141062903404235840e+01
2.013164424896240234e+01
2.106513810157775879e+01
2.139651679992675781e+01
2.120526313781738281e+01
2.137941384315490723e+01
2.004369068145751953e+01
2.154128050804138184e+01
2.158372783660888672e+01
2.028448891639709473e+01
1.993937158584594727e+01
2.200034117698669434e+01
2.091737580299377441e+01
2.102715468406677246e+01
2.033029103279113770e+01
1.960358500480651855e+01
2.022376275062561035e+01
2.072045207023620605e+01
2.039562773704528809e+01
2.088792133331298828e+01
2.166047739982604980e+01
2.046506881713867188e+01
2.100981521606445312e+01
1.900372385978698730e+01
2.143231129646301270e+01
2.166121029853820801e+01
2.008862781524658203e+01
2.082598614692687988e+01
2.094243597984313965e+01
2.120561242103576660e+01
2.120714950561523438e+01
1.986955094337463379e+01
2.195751404762268066e+01
2.079608631134033203e+01
2.076260995864868164e+01
2.067529106140136719e+01
2.078775262832641602e+01
2.039142251014709473e+01
2.121350812911987305e+01
2.126686120033264160e+01
1.996255588531494141e+01
2.076832032203674316e+01
1.958527684211730957e+01
2.167591834068298340e+01
2.003962802886962891e+01
2.071585083007812500e+01
2.034686255455017090e+01
2.155140757560729980e+01
2.025327396392822266e+01
2.109622359275817871e+01
2.088853073120117188e+01
2.070311450958251953e+01
2.082692909240722656e+01
2.107924962043762207e+01
1.977450942993164062e+01
2.031880617141723633e+01
2.178242325782775879e+01
2.127862167358398438e+01
1.988036561012268066e+01
1.954444837570190430e+01
2.063815593719482422e+01
2.115394711494445801e+01
2.102272033691406250e+01
2.115310382843017578e+01
2.128246426582336426e+01
2.064279580116271973e+01
2.145258378982543945e+01
2.071797990798950195e+01
2.043721771240234375e+01
2.014128589630126953e+01
1.995353579521179199e+01
2.016072750091552734e+01
2.168086576461791992e+01
2.096188044548034668e+01
2.172062540054321289e+01
2.093391132354736328e+01
2.017829942703247070e+01
1.929172801971435547e+01
2.107034873962402344e+01
2.121657204627990723e+01
2.082321071624755859e+01
2.050600934028625488e+01
2.094894051551818848e+01
2.210410714149475098e+01
1.915478467941284180e+01
1.980493068695068359e+01
2.103341293334960938e+01
2.085403776168823242e+01
2.047176456451416016e+01
2.083150434494018555e+01
2.089299988746643066e+01
2.127416300773620605e+01
2.125226402282714844e+01
1.992633175849914551e+01
2.031202864646911621e+01
2.114976716041564941e+01
2.063062477111816406e+01
2.121343255043029785e+01
2.198443055152893066e+01
2.081399416923522949e+01
2.142261195182800293e+01
2.126552581787109375e+01
2.022856330871582031e+01
2.049059987068176270e+01
2.056864833831787109e+01
2.052485203742980957e+01
2.156495666503906250e+01
2.172319149971008301e+01
2.118423938751220703e+01
2.061854624748229980e+01
2.254649853706359863e+01
2.047565841674804688e+01
2.046388626098632812e+01
2.074402379989624023e+01
2.060028195381164551e+01
2.112356472015380859e+01
2.044967079162597656e+01
2.055564212799072266e+01
2.181670069694519043e+01
2.161150646209716797e+01
2.049217748641967773e+01
2.124408817291259766e+01
2.130906343460083008e+01
2.135849308967590332e+01
2.048493862152099609e+01
2.010625362396240234e+01
2.172684955596923828e+01
2.049709296226501465e+01
2.125173950195312500e+01
2.028507280349731445e+01
2.163346719741821289e+01
2.085361456871032715e+01
2.167502593994140625e+01
2.069881272315979004e+01
2.006279754638671875e+01
2.044169211387634277e+01
2.128354930877685547e+01
2.046142005920410156e+01
2.100704240798950195e+01
2.044802999496459961e+01
2.005384802818298340e+01
1.977124238014221191e+01
1.973755168914794922e+01
2.043270921707153320e+01
1.942876100540161133e+01
2.009568810462951660e+01
2.139408850669860840e+01
2.195451807975769043e+01
2.130185103416442871e+01
2.055644702911376953e+01
2.172753357887268066e+01
2.127187681198120117e+01
2.101781940460205078e+01
2.153313064575195312e+01
2.108026194572448730e+01
1.876222276687622070e+01
2.050609636306762695e+01
2.145245194435119629e+01
1.957328557968139648e+01
2.052473306655883789e+01
2.032984232902526855e+01
2.119091629981994629e+01
2.071813011169433594e+01
2.099739670753479004e+01
2.086849093437194824e+01
2.116777920722961426e+01
2.111321616172790527e+01
2.058293652534484863e+01
2.050601291656494141e+01
2.078110218048095703e+01
2.035431051254272461e+01
2.098708176612854004e+01
2.102891612052917480e+01
2.079813504219055176e+01
2.166278791427612305e+01
2.105180621147155762e+01
2.097223758697509766e+01
2.137576603889465332e+01
2.074930167198181152e+01
2.120722842216491699e+01
2.170550823211669922e+01
2.148434519767761230e+01
2.198814368247985840e+01
2.135262370109558105e+01
2.121203708648681641e+01
2.146522951126098633e+01
2.059478783607482910e+01
2.119691991806030273e+01
2.024088811874389648e+01
2.107964134216308594e+01
2.055730676651000977e+01
2.149062299728393555e+01
2.102371096611022949e+01
2.077372765541076660e+01
2.124939155578613281e+01
2.080013704299926758e+01
2.108601307868957520e+01
2.019900822639465332e+01
2.080771255493164062e+01
2.034328031539916992e+01
2.171907734870910645e+01
2.177489089965820312e+01
2.114552736282348633e+01
2.111377549171447754e+01
2.016935014724731445e+01
2.062050747871398926e+01
1.915454053878784180e+01
2.148296833038330078e+01
2.014926123619079590e+01
2.194352173805236816e+01
2.012851905822753906e+01
2.163874292373657227e+01
2.147581505775451660e+01
2.125744938850402832e+01
2.073716521263122559e+01
2.115006828308105469e+01
2.056019258499145508e+01
2.103574299812316895e+01
2.158218026161193848e+01
1.955110263824462891e+01
2.148709607124328613e+01
2.120189619064331055e+01
2.005770468711853027e+01
2.110354256629943848e+01
2.148977684974670410e+01
1.908996987342834473e+01
2.031052756309509277e+01
2.141067719459533691e+01
2.036777281761169434e+01
2.048205208778381348e+01
2.116757631301879883e+01
2.114218568801879883e+01
2.072142362594604492e+01
2.031201243400573730e+01
2.116463279724121094e+01
2.081973338127136230e+01
2.146847629547119141e+01
2.131394982337951660e+01
2.062745738029479980e+01
2.037574172019958496e+01
2.082212305068969727e+01
2.020650243759155273e+01
2.091303372383117676e+01
2.075133228302001953e+01
2.123499011993408203e+01
2.078959178924560547e+01
2.050245285034179688e+01
2.150966000556945801e+01
2.124492692947387695e+01
2.180231547355651855e+01
2.092222642898559570e+01
2.075762891769409180e+01
2.109607362747192383e+01
1.981542229652404785e+01
2.140875816345214844e+01
2.135320329666137695e+01
2.063078188896179199e+01
2.009567427635192871e+01
2.033667659759521484e+01
2.097903442382812500e+01
2.037542009353637695e+01
2.200441193580627441e+01
2.071867704391479492e+01
1.983928346633911133e+01
2.147848939895629883e+01
2.089651846885681152e+01
2.002358627319335938e+01
2.005710697174072266e+01
2.031939458847045898e+01
2.063985180854797363e+01
2.200949907302856445e+01
2.111051011085510254e+01
1.956569266319274902e+01
2.057081866264343262e+01
2.064400005340576172e+01
2.206456613540649414e+01
2.068859815597534180e+01
2.073105883598327637e+01
2.099513673782348633e+01
2.096802306175231934e+01
1.861332464218139648e+01
2.185887336730957031e+01
2.021490502357482910e+01
2.042242169380187988e+01
1.918624329566955566e+01
2.104152154922485352e+01
2.074173688888549805e+01
2.077224397659301758e+01
2.105650210380554199e+01
2.238219952583312988e+01
2.074243712425231934e+01
2.034370231628417969e+01
2.002722239494323730e+01
1.893948888778686523e+01
2.068998169898986816e+01
2.089842987060546875e+01
1.971474885940551758e+01
1.837303352355957031e+01
2.105548477172851562e+01
2.020620250701904297e+01
2.177727627754211426e+01
2.070574092864990234e+01
1.968471574783325195e+01
2.045104765892028809e+01
1.950536751747131348e+01
2.096884346008300781e+01
2.223021769523620605e+01
2.070281839370727539e+01
2.132033109664916992e+01
2.144497513771057129e+01
2.111485719680786133e+01
2.040792369842529297e+01
2.082113862037658691e+01
2.003363895416259766e+01
2.025152969360351562e+01
2.086850523948669434e+01
2.110007381439208984e+01
1.899972414970397949e+01
2.093512129783630371e+01
2.047912502288818359e+01
2.078441810607910156e+01
2.087843465805053711e+01
2.082368636131286621e+01
2.204125332832336426e+01
2.091066813468933105e+01
2.114159917831420898e+01
2.176201224327087402e+01
2.161133575439453125e+01
1.994475102424621582e+01
2.071645617485046387e+01
2.024300837516784668e+01
2.090449881553649902e+01
2.086647820472717285e+01
1.933608126640319824e+01
1.968703699111938477e+01
2.035966014862060547e+01
2.163210201263427734e+01
2.024613595008850098e+01
2.056380009651184082e+01
2.197127318382263184e+01
2.161143732070922852e+01
2.042391943931579590e+01
2.033008217811584473e+01
1.958886480331420898e+01
1.972168731689453125e+01
2.164754700660705566e+01
2.038597774505615234e+01
2.010233879089355469e+01
1.831379342079162598e+01
1.901707124710083008e+01
2.138436388969421387e+01
2.055632042884826660e+01
2.030876755714416504e+01
2.039038729667663574e+01
2.012552881240844727e+01
2.092867708206176758e+01
2.166388916969299316e+01
2.041017866134643555e+01
2.077713942527770996e+01
1.996758341789245605e+01
2.005739569664001465e+01
2.072962903976440430e+01
1.968116736412048340e+01
2.107863450050354004e+01
2.172373199462890625e+01
2.024953842163085938e+01
2.130990672111511230e+01
2.061736822128295898e+01
2.120606756210327148e+01
2.187432050704956055e+01
2.052150392532348633e+01
2.115914058685302734e+01
2.058698534965515137e+01
2.163293862342834473e+01
1.954206299781799316e+01
2.044137072563171387e+01
1.900875520706176758e+01
2.057301664352416992e+01
2.047561502456665039e+01
2.097178149223327637e+01
2.182623624801635742e+01
2.021208119392395020e+01
2.024972128868103027e+01
2.070922422409057617e+01
2.053190350532531738e+01
2.097241091728210449e+01
2.059810996055603027e+01
1.957826566696166992e+01
2.125884199142456055e+01
1.941453456878662109e+01
2.049641251564025879e+01
2.014488458633422852e+01
2.103997731208801270e+01
2.050338339805603027e+01
2.105009007453918457e+01
2.051329851150512695e+01
2.113283538818359375e+01
1.882979607582092285e+01
2.045089530944824219e+01
2.091528725624084473e+01
2.054660415649414062e+01
2.096018433570861816e+01
2.093047380447387695e+01
2.214832949638366699e+01
2.033310222625732422e+01
2.051043987274169922e+01
2.068100786209106445e+01
2.035947036743164062e+01
2.069230413436889648e+01
1.932193922996520996e+01
2.092790770530700684e+01
2.103696799278259277e+01
2.076337146759033203e+01
2.089456629753112793e+01
2.123581862449645996e+01
1.940730214118957520e+01
2.091259026527404785e+01
2.034261107444763184e+01
1.960230255126953125e+01
2.128822731971740723e+01
2.154011130332946777e+01
1.986229848861694336e+01
1.984554433822631836e+01
2.103418874740600586e+01
2.175552558898925781e+01
2.004050612449645996e+01
2.061509346961975098e+01
2.111237430572509766e+01
2.104882431030273438e+01
2.092445349693298340e+01
2.127263927459716797e+01
2.155370473861694336e+01
2.159246158599853516e+01
1.907677888870239258e+01
2.008488392829895020e+01
1.973301863670349121e+01
2.117686033248901367e+01
1.860609316825866699e+01
2.137767314910888672e+01
2.172796130180358887e+01
2.040681123733520508e+01
2.148150038719177246e+01
2.059163141250610352e+01
2.135294985771179199e+01
2.086985492706298828e+01
2.101262760162353516e+01
1.982425260543823242e+01
2.021515631675720215e+01
2.044327974319458008e+01
2.045120501518249512e+01
1.984420728683471680e+01
2.146755671501159668e+01
2.093314957618713379e+01
2.168217349052429199e+01
2.073497462272644043e+01
1.960819053649902344e+01
2.109756565093994141e+01
2.037739992141723633e+01
2.161617016792297363e+01
2.146039414405822754e+01
2.004348206520080566e+01
2.081748867034912109e+01
2.035611534118652344e+01
2.074021959304809570e+01
2.152183866500854492e+01
2.175513935089111328e+01
2.099437737464904785e+01
2.097897458076477051e+01
2.178773522377014160e+01
1.850584840774536133e+01
2.052645778656005859e+01
1.942039942741394043e+01
2.099027800559997559e+01
2.049996852874755859e+01
1.954131221771240234e+01
1.901875281333923340e+01
2.096101617813110352e+01
2.057666683197021484e+01
2.114455652236938477e+01
2.095187783241271973e+01
2.064016079902648926e+01
1.991934680938720703e+01
2.090844798088073730e+01
2.142658805847167969e+01
2.106634187698364258e+01
2.050952029228210449e+01
2.137190604209899902e+01
2.112971520423889160e+01
2.072051215171813965e+01
1.884802603721618652e+01
2.174425530433654785e+01
2.035860109329223633e+01
1.983450579643249512e+01
2.069898962974548340e+01
2.122983241081237793e+01
2.075284671783447266e+01
2.121701502799987793e+01
2.076572966575622559e+01
2.042732620239257812e+01
2.124823927879333496e+01
1.949475669860839844e+01
2.133164572715759277e+01
2.068624830245971680e+01
2.052177143096923828e+01
2.025204420089721680e+01
2.065977931022644043e+01
2.006332015991210938e+01
2.002007246017456055e+01
2.072732281684875488e+01
1.968916106224060059e+01
2.002184700965881348e+01
2.044023370742797852e+01
2.007624316215515137e+01
2.036718606948852539e+01
2.082618260383605957e+01
2.047695755958557129e+01
2.097434782981872559e+01
1.922824954986572266e+01
2.163222789764404297e+01
2.116805672645568848e+01
2.034512519836425781e+01
2.052955889701843262e+01
2.085549521446228027e+01
2.082987356185913086e+01
2.111518287658691406e+01
2.003876614570617676e+01
2.139438581466674805e+01
2.076820826530456543e+01
2.046004414558410645e+01
2.072054076194763184e+01
2.036133384704589844e+01
2.103140664100646973e+01
1.962955212593078613e+01
2.096709394454956055e+01
1.914085698127746582e+01
2.090694117546081543e+01
2.068616390228271484e+01
1.949449348449707031e+01
2.018539905548095703e+01
2.111375308036804199e+01
2.053381919860839844e+01
2.074793076515197754e+01
2.121982860565185547e+01
2.141578006744384766e+01
2.124191832542419434e+01
1.985761594772338867e+01
1.984186148643493652e+01
2.085228776931762695e+01
2.029947996139526367e+01
2.083897757530212402e+01
1.969848394393920898e+01
2.043905186653137207e+01
2.031575369834899902e+01
2.057968330383300781e+01
2.131477308273315430e+01
2.087882375717163086e+01
2.105097842216491699e+01
2.151104879379272461e+01
2.152931332588195801e+01
2.058818531036376953e+01
1.972227311134338379e+01
2.123828029632568359e+01
1.926716971397399902e+01
2.088625192642211914e+01
2.084329390525817871e+01
2.046586155891418457e+01
2.117781782150268555e+01
1.961290049552917480e+01
2.047599792480468750e+01
1.892008256912231445e+01
2.036268925666809082e+01
2.035306715965270996e+01
2.098910117149353027e+01
2.149653816223144531e+01
2.094249868392944336e+01
2.046196699142456055e+01
2.231243038177490234e+01
1.987636399269104004e+01
1.980342388153076172e+01
2.033497238159179688e+01
2.008465886116027832e+01
2.091374230384826660e+01
2.043063545227050781e+01
2.064380574226379395e+01
2.066412091255187988e+01
1.912204146385192871e+01
2.036901593208312988e+01
2.158266830444335938e+01
1.954491662979125977e+01
2.040865278244018555e+01
2.078947091102600098e+01
2.089809417724609375e+01
2.156966328620910645e+01
2.091157197952270508e+01
2.153329873085021973e+01
2.054581713676452637e+01
1.956018733978271484e+01
2.090467476844787598e+01
2.176688528060913086e+01
2.030140686035156250e+01
2.030975747108459473e+01
2.023319959640502930e+01
2.087063026428222656e+01
2.104481768608093262e+01
2.135464334487915039e+01
2.177818584442138672e+01
1.944199299812316895e+01
2.093225264549255371e+01
2.023216438293457031e+01
2.107570981979370117e+01
2.068070960044860840e+01
2.106726622581481934e+01
2.076140260696411133e+01
2.035225200653076172e+01
2.109014344215393066e+01
2.127954697608947754e+01
2.089290452003479004e+01
2.179053831100463867e+01
2.104477715492248535e+01
2.030903744697570801e+01
2.164273214340209961e+01
2.063931035995483398e+01
1.981938457489013672e+01
2.219356036186218262e+01
2.146644997596740723e+01
2.017422223091125488e+01
2.161248278617858887e+01
2.066538071632385254e+01
2.045829963684082031e+01
2.097735071182250977e+01
2.103684544563293457e+01
2.011251115798950195e+01
2.093539023399353027e+01
1.990631222724914551e+01
1.970871686935424805e+01
2.083064579963684082e+01
2.049266004562377930e+01
1.989199399948120117e+01
2.080891513824462891e+01
2.112285304069519043e+01
2.043104982376098633e+01
2.032725501060485840e+01
1.935307335853576660e+01
1.966887593269348145e+01
2.147284269332885742e+01
2.113513469696044922e+01
1.992839789390563965e+01
2.077364230155944824e+01
2.171191000938415527e+01
2.124682068824768066e+01
2.225739836692810059e+01
2.123405599594116211e+01
2.131809973716735840e+01
2.092695474624633789e+01
2.006251907348632812e+01
2.045892882347106934e+01
2.079347872734069824e+01
2.141901206970214844e+01
2.079122042655944824e+01
2.142741036415100098e+01
2.095333337783813477e+01
2.094980168342590332e+01
2.024708342552185059e+01
2.078609132766723633e+01
2.084456491470336914e+01
2.134258913993835449e+01
2.090373373031616211e+01
2.137636232376098633e+01
2.007063531875610352e+01
2.078990268707275391e+01
2.018641734123229980e+01
1.960530853271484375e+01
2.203018212318420410e+01
2.114637517929077148e+01
2.046957898139953613e+01
1.989344334602355957e+01
2.125205755233764648e+01
2.116395258903503418e+01
2.168311500549316406e+01
2.080063343048095703e+01
2.064848875999450684e+01
1.968655872344970703e+01
2.112690973281860352e+01
2.079855632781982422e+01
2.002921843528747559e+01
2.158356642723083496e+01
2.014110732078552246e+01
2.213870143890380859e+01
2.092365002632141113e+01
2.009431290626525879e+01
2.154327464103698730e+01
2.014702510833740234e+01
1.968839764595031738e+01
2.093537330627441406e+01
2.178579378128051758e+01
2.044406366348266602e+01
2.123229241371154785e+01
2.054336118698120117e+01
1.964461135864257812e+01
2.102071046829223633e+01
1.982455277442932129e+01
2.139012646675109863e+01
2.223421931266784668e+01
1.916119766235351562e+01
2.024787640571594238e+01
2.084818625450134277e+01
2.094421601295471191e+01
2.152709531784057617e+01
2.171110296249389648e+01
2.172106099128723145e+01
2.077939629554748535e+01
2.061142802238464355e+01
2.117070293426513672e+01
2.056604552268981934e+01
2.118943190574645996e+01
2.007012057304382324e+01
2.054152321815490723e+01
1.971651673316955566e+01
1.981753730773925781e+01
2.182119226455688477e+01
2.002266836166381836e+01
2.064480972290039062e+01
2.062347579002380371e+01
2.061346435546875000e+01
2.063312983512878418e+01
2.119806146621704102e+01
2.092694735527038574e+01
2.048716568946838379e+01
2.051873111724853516e+01
2.007971549034118652e+01
2.101721906661987305e+01
2.155182242393493652e+01
2.086745572090148926e+01
2.158394074440002441e+01
2.068333601951599121e+01
2.097420263290405273e+01
2.068978047370910645e+01
2.025153875350952148e+01
2.128906869888305664e+01
2.067189455032348633e+01
2.071900844573974609e+01
1.964659690856933594e+01
2.035852980613708496e+01
2.004060196876525879e+01
2.060339069366455078e+01
2.073574161529541016e+01
2.086947989463806152e+01
2.125480866432189941e+01
1.926732516288757324e+01
1.964844727516174316e+01
1.952883505821228027e+01
2.085843706130981445e+01
2.050503373146057129e+01
2.151285219192504883e+01
2.169157505035400391e+01
2.032932424545288086e+01
1.850952076911926270e+01
2.154565215110778809e+01
2.181011319160461426e+01
2.001973485946655273e+01
1.997238636016845703e+01
2.034978461265563965e+01
2.119639563560485840e+01
2.184288215637207031e+01
2.161145830154418945e+01
2.130324482917785645e+01
1.979665136337280273e+01
2.113535118103027344e+01
2.037799525260925293e+01
2.005290460586547852e+01
2.091073870658874512e+01
2.016359162330627441e+01
2.179987478256225586e+01
2.048453688621520996e+01
1.923523759841918945e+01
2.077011585235595703e+01
2.109855580329895020e+01
1.974294066429138184e+01
2.016373610496520996e+01
1.981319975852966309e+01
2.107957482337951660e+01
2.023615264892578125e+01
2.201727890968322754e+01
1.949932456016540527e+01
1.899294090270996094e+01
2.068489575386047363e+01
2.059330463409423828e+01
2.129321479797363281e+01
2.057534527778625488e+01
1.971799969673156738e+01
2.055812215805053711e+01
2.117142534255981445e+01
2.073542213439941406e+01
1.904024672508239746e+01
2.116791057586669922e+01
2.116085052490234375e+01
2.019078922271728516e+01
2.037109756469726562e+01
2.077368950843811035e+01
2.106225800514221191e+01
2.038339376449584961e+01
1.956098699569702148e+01
1.958481073379516602e+01
2.092611217498779297e+01
1.956509876251220703e+01
1.992887425422668457e+01
2.085762071609497070e+01
2.047267270088195801e+01
2.147607445716857910e+01
1.984876418113708496e+01
2.031290864944458008e+01
1.892261600494384766e+01
2.129444098472595215e+01
2.021191096305847168e+01
2.053257870674133301e+01
2.002252864837646484e+01
2.049350500106811523e+01
1.977663445472717285e+01
2.008574461936950684e+01
1.999578666687011719e+01
2.032830715179443359e+01
2.117036962509155273e+01
2.160262870788574219e+01
1.964053153991699219e+01
2.063204646110534668e+01
2.087677025794982910e+01
2.097649741172790527e+01
2.055051183700561523e+01
2.048619604110717773e+01
1.998104572296142578e+01
2.072877454757690430e+01
2.100290679931640625e+01
2.059521746635437012e+01
2.015233922004699707e+01
2.086650013923645020e+01
2.052455830574035645e+01
2.029663038253784180e+01
2.083057260513305664e+01
2.096272206306457520e+01
2.062242007255554199e+01
2.027791476249694824e+01
2.080164265632629395e+01
2.049734663963317871e+01
2.019449377059936523e+01
2.129192543029785156e+01
1.969481730461120605e+01
1.992595410346984863e+01
2.037192940711975098e+01
1.842539310455322266e+01
2.145571041107177734e+01
2.070451807975769043e+01
1.916858005523681641e+01
2.103520870208740234e+01
1.982406425476074219e+01
2.093572115898132324e+01
2.156762528419494629e+01
2.098347640037536621e+01
2.095657825469970703e+01
2.023587465286254883e+01
2.047866201400756836e+01
2.019019579887390137e+01
1.950641822814941406e+01
2.206315493583679199e+01
1.922135543823242188e+01
2.045397329330444336e+01
2.095793151855468750e+01
2.181768989562988281e+01
2.122794675827026367e+01
2.079605269432067871e+01
2.106701564788818359e+01
2.099460482597351074e+01
2.063605737686157227e+01
1.993848395347595215e+01
2.106612133979797363e+01
2.059378933906555176e+01
2.081820178031921387e+01
1.947069430351257324e+01
2.125608277320861816e+01
1.982905697822570801e+01
2.139533638954162598e+01
2.069241237640380859e+01
2.039261794090270996e+01
2.213042807579040527e+01
2.036881828308105469e+01
2.143483829498291016e+01
2.001973748207092285e+01
2.044375944137573242e+01
2.009151339530944824e+01
2.010534048080444336e+01
2.024948358535766602e+01
2.132327580451965332e+01
2.117649269104003906e+01
2.081529736518859863e+01
2.014266085624694824e+01
2.111218786239624023e+01
1.965474343299865723e+01
2.177217555046081543e+01
2.088897705078125000e+01
2.087302780151367188e+01
2.104793047904968262e+01
2.048682737350463867e+01
2.081036067008972168e+01
2.112078499794006348e+01
1.987293481826782227e+01
2.177663922309875488e+01
2.024798369407653809e+01
1.900010347366333008e+01
2.084178996086120605e+01
2.055213284492492676e+01
1.944368147850036621e+01
2.014261102676391602e+01
2.146646308898925781e+01
2.106192708015441895e+01
2.125304555892944336e+01
2.061392164230346680e+01
2.105189514160156250e+01
2.120049142837524414e+01
1.971667361259460449e+01
2.071452760696411133e+01
2.038081765174865723e+01
1.987372279167175293e+01
2.083500814437866211e+01
1.975632452964782715e+01
2.159002494812011719e+01
2.128086566925048828e+01
1.996521186828613281e+01
2.116756415367126465e+01
2.071298766136169434e+01
2.083338737487792969e+01
2.085808157920837402e+01
1.990338301658630371e+01
2.077844619750976562e+01
2.024685096740722656e+01
1.953111696243286133e+01
2.176871919631958008e+01
2.132895565032958984e+01
2.035867643356323242e+01
2.068551135063171387e+01
1.983682823181152344e+01
2.057493019104003906e+01
1.915346264839172363e+01
1.966767048835754395e+01
2.042411422729492188e+01
2.081833696365356445e+01
2.000426173210144043e+01
2.143614697456359863e+01
2.016305279731750488e+01
2.013245868682861328e+01
2.068572258949279785e+01
2.063142585754394531e+01
2.090560054779052734e+01
2.131076908111572266e+01
1.957326769828796387e+01
2.111448931694030762e+01
2.043911290168762207e+01
2.082694745063781738e+01
2.088274025917053223e+01
2.048867702484130859e+01
2.004454731941223145e+01
2.084034729003906250e+01
2.134649085998535156e+01
2.030224323272705078e+01
2.137102890014648438e+01
2.086975884437561035e+01
2.154308009147644043e+01
2.058038496971130371e+01
2.010559058189392090e+01
1.954325366020202637e+01
2.135358309745788574e+01
2.131266975402832031e+01
2.095395684242248535e+01
1.999042582511901855e+01
2.115094232559204102e+01
2.071785426139831543e+01
1.950665044784545898e+01
1.895414686203002930e+01
2.051390886306762695e+01
2.017577672004699707e+01
2.103516602516174316e+01
2.066740775108337402e+01
1.969596409797668457e+01
2.202965569496154785e+01
2.063239407539367676e+01
2.036834692955017090e+01
1.982190179824829102e+01
1.982062792778015137e+01
2.049205374717712402e+01
2.044355392456054688e+01
2.069203925132751465e+01
2.052534508705139160e+01
2.102921700477600098e+01
2.045536446571350098e+01
2.010170888900756836e+01
1.988098287582397461e+01
2.198663544654846191e+01
2.055397725105285645e+01
2.037299036979675293e+01
2.022979354858398438e+01
2.086240530014038086e+01
2.011443209648132324e+01
2.057527947425842285e+01
2.142190504074096680e+01
2.168002200126647949e+01
2.017969179153442383e+01
2.078018593788146973e+01
2.078528952598571777e+01
1.927104282379150391e+01
2.022732114791870117e+01
2.108365511894226074e+01
1.935414791107177734e+01
2.041049194335937500e+01
2.080044555664062500e+01
2.075373172760009766e+01
2.019739913940429688e+01
2.085655403137207031e+01
2.086302924156188965e+01
2.064914631843566895e+01
2.058631038665771484e+01
2.118811440467834473e+01
1.944863700866699219e+01
1.824940586090087891e+01
1.962209868431091309e+01
2.082349610328674316e+01
2.030704975128173828e+01
2.165984439849853516e+01
2.068122720718383789e+01
2.049005913734436035e+01
2.045380234718322754e+01
1.997608280181884766e+01
2.002686786651611328e+01
2.085476160049438477e+01
2.102510118484497070e+01
2.079062652587890625e+01
2.002550339698791504e+01
2.026327443122863770e+01
1.994779443740844727e+01
1.907586526870727539e+01
2.009727263450622559e+01
2.071762442588806152e+01
2.219702196121215820e+01
2.121108865737915039e+01
2.063908553123474121e+01
2.008455610275268555e+01
2.029472255706787109e+01
2.028193044662475586e+01
2.187546753883361816e+01
2.035796928405761719e+01
2.038554191589355469e+01
2.075277256965637207e+01
2.165275597572326660e+01
2.145795392990112305e+01
1.952817511558532715e+01
2.128278708457946777e+01
2.120288944244384766e+01
2.190870928764343262e+01
2.093639278411865234e+01
2.141319894790649414e+01
2.121296930313110352e+01
2.083263397216796875e+01
1.904151797294616699e+01
1.988773798942565918e+01
2.159748196601867676e+01
2.091177105903625488e+01
2.091436600685119629e+01
2.142064690589904785e+01
2.106667995452880859e+01
2.020750904083251953e+01
2.196586251258850098e+01
1.958754634857177734e+01
2.064961385726928711e+01
2.046714472770690918e+01
1.921337914466857910e+01
2.011460661888122559e+01
2.127139544486999512e+01
2.098518538475036621e+01
2.095738339424133301e+01
2.019961309432983398e+01
2.018889737129211426e+01
1.967907786369323730e+01
2.095040583610534668e+01
1.895975232124328613e+01
2.076525282859802246e+01
2.211201310157775879e+01
1.994443273544311523e+01
2.078268027305603027e+01
2.141260170936584473e+01
2.015834212303161621e+01
2.037829113006591797e+01
2.124001264572143555e+01
2.102556180953979492e+01
2.093347787857055664e+01
2.091579699516296387e+01
2.028829360008239746e+01
2.131210970878601074e+01
2.009199261665344238e+01
2.152262830734252930e+01
1.976719665527343750e+01
2.012528085708618164e+01
2.064308667182922363e+01
2.073444008827209473e+01
2.010619473457336426e+01
2.027659177780151367e+01
2.004945659637451172e+01
2.076380109786987305e+01
2.146349000930786133e+01
1.991595077514648438e+01
1.978496146202087402e+01
2.101792764663696289e+01
2.034675788879394531e+01
2.066357779502868652e+01
2.025549030303955078e+01
2.034241104125976562e+01
2.114248108863830566e+01
2.017769908905029297e+01
2.089660048484802246e+01
2.058853006362915039e+01
1.865984034538269043e+01
1.994038391113281250e+01
1.995695066452026367e+01
1.935692906379699707e+01
2.002871799468994141e+01
2.151103901863098145e+01
2.127873206138610840e+01
2.181539058685302734e+01
2.004265022277832031e+01
2.073073291778564453e+01
2.155816459655761719e+01
2.049058794975280762e+01
2.141242885589599609e+01
2.042381572723388672e+01
1.889053606986999512e+01
2.112422728538513184e+01
1.983680057525634766e+01
2.120248770713806152e+01
1.954337382316589355e+01
2.001491641998291016e+01
1.915000867843627930e+01
2.113724803924560547e+01
2.015453100204467773e+01
2.030849099159240723e+01
2.076244640350341797e+01
2.071581339836120605e+01
2.139743375778198242e+01
1.977912759780883789e+01
2.042112660408020020e+01
2.064043998718261719e+01
2.090338230133056641e+01
2.025437855720520020e+01
2.001600503921508789e+01
2.045556902885437012e+01
2.109750509262084961e+01
1.968556451797485352e+01
2.147131633758544922e+01
1.959523463249206543e+01
2.061613297462463379e+01
1.968001174926757812e+01
2.064478087425231934e+01
2.042788791656494141e+01
1.979790782928466797e+01
2.096556878089904785e+01
1.999230957031250000e+01
2.231445908546447754e+01
2.078182482719421387e+01
2.079018831253051758e+01
2.122823810577392578e+01
2.112298893928527832e+01
2.099518799781799316e+01
2.068210363388061523e+01
2.045537924766540527e+01
2.010244822502136230e+01
2.113732457160949707e+01
1.961955761909484863e+01
1.881588244438171387e+01
1.953882241249084473e+01
2.109094810485839844e+01
2.005135178565979004e+01
2.134588408470153809e+01
2.050332784652709961e+01
2.037505197525024414e+01
2.023197817802429199e+01
2.111505389213562012e+01
2.059054136276245117e+01
2.144235014915466309e+01
2.100007319450378418e+01
2.052397990226745605e+01
1.914906501770019531e+01
2.127195644378662109e+01
1.933702754974365234e+01
2.114030861854553223e+01
2.146401739120483398e+01
2.098745441436767578e+01
2.088173913955688477e+01
2.051723122596740723e+01
2.032141327857971191e+01
2.058870792388916016e+01
2.147930359840393066e+01
2.020735025405883789e+01
2.149286079406738281e+01
2.115291047096252441e+01
1.977893662452697754e+01
2.148155999183654785e+01
2.144160962104797363e+01
1.914049530029296875e+01
2.069191884994506836e+01
1.967160534858703613e+01
2.145051121711730957e+01
2.107416319847106934e+01
2.033702039718627930e+01
2.162701654434204102e+01
2.105831432342529297e+01
2.167243242263793945e+01
2.059134793281555176e+01
2.103622937202453613e+01
2.120255470275878906e+01
2.095190024375915527e+01
2.015883636474609375e+01
2.179437208175659180e+01
2.096643114089965820e+01
2.096100568771362305e+01
2.001918196678161621e+01
2.026405668258666992e+01
2.110920214653015137e+01
2.048817276954650879e+01
2.075780177116394043e+01
2.108736729621887207e+01
2.003393197059631348e+01
2.121043062210083008e+01
2.062984704971313477e+01
2.143214750289916992e+01
1.950684690475463867e+01
1.939612269401550293e+01
1.944331216812133789e+01
1.948716115951538086e+01
2.085429930686950684e+01
2.037542295455932617e+01
1.972451591491699219e+01
1.985296201705932617e+01
2.083199691772460938e+01
2.038156199455261230e+01
2.073803949356079102e+01
2.065183281898498535e+01
1.995043897628784180e+01
2.109516644477844238e+01
2.229657816886901855e+01
2.240718698501586914e+01
2.031654572486877441e+01
2.042340707778930664e+01
1.967855477333068848e+01
2.134371781349182129e+01
2.062158250808715820e+01
2.143834304809570312e+01
2.104209399223327637e+01
1.959021067619323730e+01
1.946524310111999512e+01
1.949723839759826660e+01
2.020141029357910156e+01
2.092518663406372070e+01
1.994738698005676270e+01
2.154600834846496582e+01
2.107228612899780273e+01
2.095431160926818848e+01
2.149750256538391113e+01
2.001992654800415039e+01
2.084675765037536621e+01
2.178628849983215332e+01
2.213774585723876953e+01
1.976600146293640137e+01
2.033347272872924805e+01
2.118597555160522461e+01
2.121980142593383789e+01
2.011766314506530762e+01
2.081676340103149414e+01
2.144040942192077637e+01
2.130510640144348145e+01
2.012558221817016602e+01
2.044763088226318359e+01
2.129516315460205078e+01
2.114289379119873047e+01
2.081783246994018555e+01
2.069316411018371582e+01
2.067919182777404785e+01
2.078096246719360352e+01
2.038158655166625977e+01
2.095431089401245117e+01
1.952194356918334961e+01
2.126638126373291016e+01
2.036138367652893066e+01
2.052597188949584961e+01
2.074286818504333496e+01
2.063172316551208496e+01
2.087517428398132324e+01
2.160152626037597656e+01
2.042968106269836426e+01
2.097140097618103027e+01
1.928444433212280273e+01
2.157517361640930176e+01
2.043105220794677734e+01
2.078478670120239258e+01
1.911655187606811523e+01
2.158527064323425293e+01
2.158388066291809082e+01
1.917457032203674316e+01
2.110981845855712891e+01
1.981463003158569336e+01
1.845587444305419922e+01
2.026343059539794922e+01
1.979291462898254395e+01
2.027916979789733887e+01
2.095631957054138184e+01
2.113830661773681641e+01
2.002936077117919922e+01
2.019834709167480469e+01
2.132971930503845215e+01
1.988846516609191895e+01
2.111392211914062500e+01
2.069262266159057617e+01
2.077669501304626465e+01
2.128675031661987305e+01
2.188350987434387207e+01
2.052432227134704590e+01
1.943097925186157227e+01
2.086985278129577637e+01
2.082622408866882324e+01
2.029494118690490723e+01
2.039918351173400879e+01
2.055734562873840332e+01
2.068399477005004883e+01
2.184213376045227051e+01
2.028620386123657227e+01
2.103928375244140625e+01
2.036047124862670898e+01
1.899989795684814453e+01
1.963064861297607422e+01
2.039470982551574707e+01
2.049757027626037598e+01
1.952129173278808594e+01
1.951495504379272461e+01
2.101172113418579102e+01
2.065435743331909180e+01
2.040952253341674805e+01
1.962867546081542969e+01
2.038342356681823730e+01
1.966680407524108887e+01
2.077606987953186035e+01
1.992662334442138672e+01
2.090323352813720703e+01
2.155283880233764648e+01
2.023079276084899902e+01
1.871245002746582031e+01
2.118006134033203125e+01
2.186013746261596680e+01
2.128316688537597656e+01
2.022959208488464355e+01
2.000380730628967285e+01
2.135858964920043945e+01
2.063329434394836426e+01
2.070683503150939941e+01
2.074906086921691895e+01
2.050402116775512695e+01
2.095606708526611328e+01
1.960671353340148926e+01
2.054828834533691406e+01
2.037833809852600098e+01
2.099953436851501465e+01
2.025149083137512207e+01
2.089374446868896484e+01
2.030026006698608398e+01
2.058736562728881836e+01
2.072841572761535645e+01
1.981582546234130859e+01
2.083735656738281250e+01
1.924236035346984863e+01
2.048404240608215332e+01
2.070282506942749023e+01
2.128345489501953125e+01
1.966047501564025879e+01
2.076371049880981445e+01
2.084200334548950195e+01
2.060098147392272949e+01
2.000744605064392090e+01
2.085162544250488281e+01
2.061475419998168945e+01
2.108418726921081543e+01
2.065657711029052734e+01
2.016365790367126465e+01
2.056510329246520996e+01
1.825532007217407227e+01
2.001021957397460938e+01
2.069074511528015137e+01
2.041460371017456055e+01
2.211897587776184082e+01
2.068892884254455566e+01
2.033427667617797852e+01
2.068975377082824707e+01
2.113342165946960449e+01
2.070601987838745117e+01
2.034146213531494141e+01
2.040828013420104980e+01
2.156802725791931152e+01
2.129954290390014648e+01
2.055822372436523438e+01
2.035133528709411621e+01
1.996169900894165039e+01
2.088035631179809570e+01
2.068061590194702148e+01
2.122082424163818359e+01
2.016494369506835938e+01
2.029361724853515625e+01
2.016303801536560059e+01
2.042699790000915527e+01
2.094999480247497559e+01
2.068875479698181152e+01
2.014994096755981445e+01
2.023765182495117188e+01
2.140344762802124023e+01
2.113482737541198730e+01
2.042311573028564453e+01
1.950035738945007324e+01
1.979753708839416504e+01
1.970897150039672852e+01
1.987735748291015625e+01
2.064136004447937012e+01
2.067066478729248047e+01
2.085416150093078613e+01
2.001798415184020996e+01
2.014698410034179688e+01
2.076497745513916016e+01
2.073914909362792969e+01
2.137967419624328613e+01
2.054420280456542969e+01
1.885111761093139648e+01
2.004564547538757324e+01
2.157638669013977051e+01
2.000823569297790527e+01
2.056088805198669434e+01
2.023693108558654785e+01
2.070486712455749512e+01
2.150023341178894043e+01
2.094993519783020020e+01
1.995874547958374023e+01
2.092178678512573242e+01
2.075335550308227539e+01
2.067326712608337402e+01
1.983743262290954590e+01
2.017947864532470703e+01
2.004726362228393555e+01
1.865350794792175293e+01
2.048286628723144531e+01
2.042707109451293945e+01
2.059467792510986328e+01
2.025768327713012695e+01
2.049550414085388184e+01
2.087794756889343262e+01
1.991487908363342285e+01
2.063763141632080078e+01
2.106242966651916504e+01
2.115812397003173828e+01
2.010740709304809570e+01
2.017047524452209473e+01
2.046554803848266602e+01
2.033704829216003418e+01
2.061215448379516602e+01
2.042128038406372070e+01
2.052228403091430664e+01
1.991609144210815430e+01
1.926011991500854492e+01
2.122048234939575195e+01
2.108560776710510254e+01
2.145494437217712402e+01
2.066194915771484375e+01
2.053957748413085938e+01
2.105538558959960938e+01
2.016235542297363281e+01
2.049354124069213867e+01
2.121408677101135254e+01
1.974835443496704102e+01
2.087861371040344238e+01
2.023621559143066406e+01
2.082008814811706543e+01
2.028624200820922852e+01
2.071540951728820801e+01
1.991657447814941406e+01
2.129323196411132812e+01
2.029921126365661621e+01
1.984983205795288086e+01
1.933828520774841309e+01
2.068158674240112305e+01
2.113636112213134766e+01
1.901113891601562500e+01
2.121294045448303223e+01
2.156452918052673340e+01
2.121225571632385254e+01
2.174180746078491211e+01
2.007568216323852539e+01
2.033360338211059570e+01
2.085086154937744141e+01
2.059456682205200195e+01
2.086313199996948242e+01
1.933624982833862305e+01
1.969213771820068359e+01
1.969064617156982422e+01
2.127093076705932617e+01
2.005271363258361816e+01
1.988230967521667480e+01
2.077944231033325195e+01
1.971718573570251465e+01
2.101158022880554199e+01
1.917732572555541992e+01
2.120953774452209473e+01
2.107012915611267090e+01
2.070913434028625488e+01
2.120713686943054199e+01
2.064944577217102051e+01
2.170547175407409668e+01
2.134777832031250000e+01
2.007889628410339355e+01
2.027425527572631836e+01
2.057708120346069336e+01
2.125247406959533691e+01
2.072635221481323242e+01
2.061877179145812988e+01
2.115441918373107910e+01
2.078512954711914062e+01
2.063138961791992188e+01
2.131457328796386719e+01
2.166933155059814453e+01
1.984689164161682129e+01
1.992986726760864258e+01
2.177188444137573242e+01
2.078612875938415527e+01
2.102904152870178223e+01
2.073254919052124023e+01
2.094226408004760742e+01
2.012215423583984375e+01
2.081922316551208496e+01
2.154698371887207031e+01
2.169495105743408203e+01
2.114778876304626465e+01
2.067787456512451172e+01
1.964214348793029785e+01
1.956189203262329102e+01
2.010233139991760254e+01
2.120146727561950684e+01
2.047662973403930664e+01
2.018784356117248535e+01
2.071661305427551270e+01
2.039069938659667969e+01
2.073846101760864258e+01
2.049134349822998047e+01
2.065735888481140137e+01
2.108080863952636719e+01
2.108138585090637207e+01
2.159554815292358398e+01
1.865127158164978027e+01
2.066706418991088867e+01
2.003005981445312500e+01
2.119827198982238770e+01
2.005606913566589355e+01
1.743851566314697266e+01
1.948180961608886719e+01
1.889380073547363281e+01
2.132315158843994141e+01
2.023167109489440918e+01
2.128207921981811523e+01
2.177484416961669922e+01
2.005840134620666504e+01
2.044107007980346680e+01
2.024070191383361816e+01
2.093506836891174316e+01
2.073897147178649902e+01
2.006758737564086914e+01
2.056825971603393555e+01
1.993004822731018066e+01
2.055402827262878418e+01
2.039429831504821777e+01
2.059476804733276367e+01
2.090685200691223145e+01
2.088267350196838379e+01
1.968221259117126465e+01
2.068713140487670898e+01
2.019459247589111328e+01
2.145167779922485352e+01
2.133628511428833008e+01
2.008356904983520508e+01
2.093489456176757812e+01
2.055382537841796875e+01
2.072918510437011719e+01
2.122518348693847656e+01
2.068710541725158691e+01
2.088816690444946289e+01
1.908389806747436523e+01
2.147249341011047363e+01
2.131722950935363770e+01
2.095948982238769531e+01
2.090699505805969238e+01
2.029855227470397949e+01
1.866070032119750977e+01
1.976442813873291016e+01
2.034323859214782715e+01
2.081940150260925293e+01
2.054236268997192383e+01
2.198338413238525391e+01
2.080818200111389160e+01
2.054881238937377930e+01
2.151018977165222168e+01
2.101717710494995117e+01
2.001348996162414551e+01
2.118203687667846680e+01
2.172056365013122559e+01
2.118324232101440430e+01
2.123346948623657227e+01
2.018550276756286621e+01
2.109752655029296875e+01
2.158564519882202148e+01
2.012729787826538086e+01
2.038755774497985840e+01
2.065732932090759277e+01
2.033772945404052734e+01
2.090235686302185059e+01
2.020495033264160156e+01
2.102133703231811523e+01
2.068736791610717773e+01
2.096543169021606445e+01
2.026873445510864258e+01
2.110601568222045898e+01
2.077018785476684570e+01
1.959918856620788574e+01
2.018457698822021484e+01
2.108580040931701660e+01
1.908893299102783203e+01
2.105992102622985840e+01
1.968821644783020020e+01
1.887709474563598633e+01
2.056507754325866699e+01
2.099484872817993164e+01
2.055536127090454102e+01
1.949918198585510254e+01
2.020592141151428223e+01
1.985511612892150879e+01
1.979001188278198242e+01
2.073115563392639160e+01
2.031164979934692383e+01
2.060999584197998047e+01
2.143612289428710938e+01
2.069628548622131348e+01
1.929246568679809570e+01
2.044094014167785645e+01
1.956227397918701172e+01
2.071001887321472168e+01
2.132885479927062988e+01
2.030756402015686035e+01
2.054120874404907227e+01
2.064984226226806641e+01
1.975170612335205078e+01
2.043537545204162598e+01
2.191104888916015625e+01
2.145568323135375977e+01
1.998483014106750488e+01
2.014645814895629883e+01
2.132155823707580566e+01
2.103357338905334473e+01
2.002332758903503418e+01
2.067341709136962891e+01
1.954499936103820801e+01
2.012151861190795898e+01
2.026170277595520020e+01
2.054128956794738770e+01
1.895039463043212891e+01
2.178849577903747559e+01
1.880531358718872070e+01
2.061751699447631836e+01
2.078302574157714844e+01
2.037612056732177734e+01
2.121958374977111816e+01
2.015748190879821777e+01
1.967365145683288574e+01
2.106180429458618164e+01
2.095837616920471191e+01
2.019205498695373535e+01
2.045083522796630859e+01
2.069813585281372070e+01
2.088137650489807129e+01
1.773719382286071777e+01
2.027145886421203613e+01
2.073243927955627441e+01
1.987423968315124512e+01
2.134877896308898926e+01
2.163894677162170410e+01
2.159193086624145508e+01
1.987576985359191895e+01
2.117697787284851074e+01
2.076753401756286621e+01
1.940270972251892090e+01
2.048695492744445801e+01
2.046521139144897461e+01
2.009377479553222656e+01
2.070466899871826172e+01
1.893477892875671387e+01
2.063108086585998535e+01
2.058982729911804199e+01
2.052436542510986328e+01
1.986023855209350586e+01
2.045132279396057129e+01
1.989467501640319824e+01
2.112205862998962402e+01
1.945344614982604980e+01
2.127752828598022461e+01
2.005140852928161621e+01
2.092231702804565430e+01
2.099202346801757812e+01
2.125429701805114746e+01
2.041084456443786621e+01
2.141406798362731934e+01
2.087331247329711914e+01
2.116877436637878418e+01
2.057950806617736816e+01
2.066683650016784668e+01
2.054770517349243164e+01
2.050846672058105469e+01
2.137211632728576660e+01
2.067016577720642090e+01
1.889767217636108398e+01
2.066828155517578125e+01
2.051585125923156738e+01
2.073752188682556152e+01
2.076905965805053711e+01
1.970094990730285645e+01
2.163150668144226074e+01
2.137274789810180664e+01
1.932818913459777832e+01
2.083504509925842285e+01
2.007873392105102539e+01
2.004029035568237305e+01
2.105945920944213867e+01
2.032123351097106934e+01
2.052160811424255371e+01
2.027668595314025879e+01
2.069766736030578613e+01
1.986633753776550293e+01
2.044860553741455078e+01
2.097088193893432617e+01
1.870074248313903809e+01
1.895314073562622070e+01
2.067935037612915039e+01
2.104150748252868652e+01
2.043224573135375977e+01
2.123952865600585938e+01
2.153289198875427246e+01
2.085643839836120605e+01
2.019598412513732910e+01
1.929726576805114746e+01
1.946758794784545898e+01
2.100237536430358887e+01
2.032880282402038574e+01
1.948619723320007324e+01
2.010385203361511230e+01
1.997081470489501953e+01
2.086568975448608398e+01
2.073157811164855957e+01
2.194572377204895020e+01
2.078911757469177246e+01
1.850092983245849609e+01
2.105506658554077148e+01
2.094892740249633789e+01
2.036831259727478027e+01
1.962452340126037598e+01
2.053873229026794434e+01
2.145387601852416992e+01
1.994085288047790527e+01
2.130890488624572754e+01
2.018453431129455566e+01
2.051491355895996094e+01
2.072511744499206543e+01
2.128807234764099121e+01
1.992820191383361816e+01
2.217776870727539062e+01
2.099298858642578125e+01
1.995944237709045410e+01
1.961048579216003418e+01
2.049656939506530762e+01
1.881806683540344238e+01
2.137637233734130859e+01
2.106519603729248047e+01
1.988573217391967773e+01
2.011079192161560059e+01
2.071507549285888672e+01
2.046702456474304199e+01
2.055330467224121094e+01
2.028892540931701660e+01
1.992615723609924316e+01
2.026498341560363770e+01
2.063432526588439941e+01
1.991689276695251465e+01
2.120747709274291992e+01
1.977123284339904785e+01
2.045842862129211426e+01
2.171054863929748535e+01
2.035893940925598145e+01
2.193923568725585938e+01
2.177122259140014648e+01
2.037736606597900391e+01
2.043745470046997070e+01
2.091915130615234375e+01
2.073820710182189941e+01
2.127007555961608887e+01
1.925478529930114746e+01
2.157032990455627441e+01
1.979123711585998535e+01
1.944975280761718750e+01
2.080809497833251953e+01
2.044715285301208496e+01
2.100557255744934082e+01
2.109000968933105469e+01
1.976128554344177246e+01
2.125752592086791992e+01
2.063274431228637695e+01
1.988696956634521484e+01
1.958133506774902344e+01
2.116625356674194336e+01
2.087414407730102539e+01
2.004654788970947266e+01
2.062595319747924805e+01
2.029414010047912598e+01
2.053069639205932617e+01
2.096862936019897461e+01
2.091930007934570312e+01
1.976046133041381836e+01
2.042979264259338379e+01
1.949715042114257812e+01
2.048931908607482910e+01
2.188988399505615234e+01
1.882250165939331055e+01
2.072228264808654785e+01
2.012664175033569336e+01
1.969345188140869141e+01
2.042185068130493164e+01
2.113849020004272461e+01
2.018788027763366699e+01
2.085001730918884277e+01
2.075826096534729004e+01
2.040020728111267090e+01
1.998459196090698242e+01
2.056282591819763184e+01
2.145387554168701172e+01
2.146793389320373535e+01
2.109747910499572754e+01
2.137804913520812988e+01
2.112149238586425781e+01
2.058607244491577148e+01
2.037826418876647949e+01
2.155345511436462402e+01
2.111533617973327637e+01
1.950119853019714355e+01
2.038649058341979980e+01
2.026522350311279297e+01
1.926106834411621094e+01
2.110637140274047852e+01
1.981825780868530273e+01
2.063568496704101562e+01
1.945888066291809082e+01
2.122683024406433105e+01
2.042333149909973145e+01
2.181637454032897949e+01
2.162308764457702637e+01
2.056667971611022949e+01
2.035600495338439941e+01
2.073332118988037109e+01
2.130224347114562988e+01
2.220277547836303711e+01
2.051090097427368164e+01
1.897572326660156250e+01
2.081967878341674805e+01
2.180289840698242188e+01
2.125466442108154297e+01
2.124016499519348145e+01
2.245974969863891602e+01
2.108949613571166992e+01
2.011515212059020996e+01
2.152144050598144531e+01
2.050581336021423340e+01
2.128425765037536621e+01
2.026711297035217285e+01
2.081631922721862793e+01
1.797759103775024414e+01
2.030479311943054199e+01
2.058453321456909180e+01
1.970750141143798828e+01
1.931029629707336426e+01
2.043303132057189941e+01
2.082693052291870117e+01
2.058054113388061523e+01
2.017461419105529785e+01
2.092832422256469727e+01
2.055100417137145996e+01
2.077190351486206055e+01
2.103954029083251953e+01
1.863346600532531738e+01
2.017753314971923828e+01
2.015068054199218750e+01
2.057368302345275879e+01
2.025958085060119629e+01
2.139546990394592285e+01
2.131683373451232910e+01
1.977593016624450684e+01
2.065945625305175781e+01
1.866387534141540527e+01
2.033818554878234863e+01
2.052693223953247070e+01
2.014315533638000488e+01
2.064391160011291504e+01
2.005416226387023926e+01
1.901468014717102051e+01
2.188309216499328613e+01
1.994439125061035156e+01
2.157332372665405273e+01
1.904184365272521973e+01
2.065710186958312988e+01
2.106862783432006836e+01
2.047743320465087891e+01
2.068929386138916016e+01
2.100778746604919434e+01
2.162368679046630859e+01
2.017848420143127441e+01
2.132712221145629883e+01
2.025534915924072266e+01
1.985449862480163574e+01
2.099272513389587402e+01
1.988221192359924316e+01
2.072915530204772949e+01
1.982012510299682617e+01
2.017687559127807617e+01
2.051850247383117676e+01
2.132392263412475586e+01
2.119837641716003418e+01
1.965694952011108398e+01
2.040217781066894531e+01
2.123889136314392090e+01
2.135699391365051270e+01
2.078482627868652344e+01
2.069224119186401367e+01
2.002722883224487305e+01
2.005906891822814941e+01
2.070918989181518555e+01
2.084984230995178223e+01
2.043975973129272461e+01
2.106101202964782715e+01
2.106381654739379883e+01
2.214152550697326660e+01
1.941510534286499023e+01
2.018196225166320801e+01
2.128519701957702637e+01
2.015068078041076660e+01
2.084286761283874512e+01
2.010927891731262207e+01
2.038741612434387207e+01
2.020938563346862793e+01
2.069419479370117188e+01
2.049655652046203613e+01
2.170638823509216309e+01
2.126063895225524902e+01
2.038445353507995605e+01
2.029602670669555664e+01
2.098789167404174805e+01
2.114647269248962402e+01
1.916165494918823242e+01
2.056092453002929688e+01
1.929377245903015137e+01
2.002784514427185059e+01
2.099187469482421875e+01
1.937160325050354004e+01
1.994865369796752930e+01
2.084417223930358887e+01
2.174249219894409180e+01
2.009159731864929199e+01
2.166673755645751953e+01
2.017954254150390625e+01
2.055825185775756836e+01
2.033093476295471191e+01
2.098404669761657715e+01
2.141065692901611328e+01
1.995116019248962402e+01
1.951261448860168457e+01
2.098009586334228516e+01
2.182695794105529785e+01
1.980629086494445801e+01
2.070153784751892090e+01
2.110084748268127441e+01
2.172389197349548340e+01
2.095253229141235352e+01
2.211368870735168457e+01
1.885833382606506348e+01
1.723257112503051758e+01
2.057059931755065918e+01
2.144638633728027344e+01
2.109618759155273438e+01
2.156778240203857422e+01
2.110772657394409180e+01
2.114056897163391113e+01
2.060784149169921875e+01
1.999352598190307617e+01
2.051787209510803223e+01
2.055424809455871582e+01
2.022860312461853027e+01
2.059155321121215820e+01
2.035136318206787109e+01
2.098716378211975098e+01
2.085633635520935059e+01
2.062337493896484375e+01
2.119451260566711426e+01
2.066115641593933105e+01
1.896383023262023926e+01
2.059092450141906738e+01
1.997794032096862793e+01
2.021502923965454102e+01
2.055435013771057129e+01
2.099593067169189453e+01
1.986504316329956055e+01
2.012808299064636230e+01
2.059490489959716797e+01
2.070472836494445801e+01
1.920729637145996094e+01
1.951190423965454102e+01
1.918915700912475586e+01
2.221510171890258789e+01
2.087037181854248047e+01
1.918901944160461426e+01
2.021684145927429199e+01
2.017204356193542480e+01
1.895209455490112305e+01
2.109303236007690430e+01
2.083470010757446289e+01
2.040813994407653809e+01
2.153061079978942871e+01
1.888550353050231934e+01
2.145633125305175781e+01
2.049945473670959473e+01
1.997024393081665039e+01
1.974540066719055176e+01
1.929810929298400879e+01
2.043345665931701660e+01
2.123685455322265625e+01
2.091129446029663086e+01
2.159191799163818359e+01
2.131543707847595215e+01
2.065192317962646484e+01
2.014738345146179199e+01
2.039098453521728516e+01
1.822431755065917969e+01
1.981960797309875488e+01
2.092321133613586426e+01
1.959569478034973145e+01
2.002906990051269531e+01
2.035153889656066895e+01
1.962792921066284180e+01
2.145407891273498535e+01
2.089063405990600586e+01
2.099282836914062500e+01
2.167559337615966797e+01
2.184357142448425293e+01
2.070036673545837402e+01
2.155169248580932617e+01
1.904224610328674316e+01
1.984969019889831543e+01
1.897096228599548340e+01
2.024642133712768555e+01
2.049764919281005859e+01
2.093053984642028809e+01
1.962058973312377930e+01
1.927710771560668945e+01
2.078810000419616699e+01
1.956592130661010742e+01
2.093129777908325195e+01
2.076228976249694824e+01
2.091048860549926758e+01
2.084924149513244629e+01
2.033925485610961914e+01
2.125209307670593262e+01
1.985300922393798828e+01
2.031719875335693359e+01
2.005843925476074219e+01
2.011143207550048828e+01
2.179936480522155762e+01
1.923568415641784668e+01
2.022684669494628906e+01
2.099092411994934082e+01
2.010047507286071777e+01
2.059415745735168457e+01
2.082946062088012695e+01
2.113371992111206055e+01
2.072236871719360352e+01
1.998576521873474121e+01
1.909682750701904297e+01
2.055594110488891602e+01
1.999784588813781738e+01
2.023042750358581543e+01
2.144521760940551758e+01
2.121309423446655273e+01
2.136239266395568848e+01
2.126238083839416504e+01
2.020810961723327637e+01
2.070831251144409180e+01
2.128658366203308105e+01
1.962759304046630859e+01
2.129882740974426270e+01
1.967119550704956055e+01
1.992502832412719727e+01
2.169215178489685059e+01
1.993375015258789062e+01
2.002040171623229980e+01
2.027739715576171875e+01
1.976282691955566406e+01
2.079693436622619629e+01
2.076175689697265625e+01
2.006451916694641113e+01
2.030094790458679199e+01
2.099688243865966797e+01
2.069460272789001465e+01
2.009010791778564453e+01
